[2024-07-06T16:08:35.212+0700] {processor.py:161} INFO - Started process (PID=51010) to work on /home/acer/Documents/coding/Python/airflow/custom_airflow/dags/rocket_dag.py
[2024-07-06T16:08:35.213+0700] {processor.py:830} INFO - Processing file /home/acer/Documents/coding/Python/airflow/custom_airflow/dags/rocket_dag.py for tasks to queue
[2024-07-06T16:08:35.215+0700] {logging_mixin.py:188} INFO - [2024-07-06T16:08:35.214+0700] {dagbag.py:545} INFO - Filling up the DagBag from /home/acer/Documents/coding/Python/airflow/custom_airflow/dags/rocket_dag.py
[2024-07-06T16:08:35.226+0700] {processor.py:840} INFO - DAG(s) 'download_rocket_launches' retrieved from /home/acer/Documents/coding/Python/airflow/custom_airflow/dags/rocket_dag.py
[2024-07-06T16:08:35.343+0700] {logging_mixin.py:188} INFO - [2024-07-06T16:08:35.343+0700] {override.py:1847} INFO - Created Permission View: can delete on DAG:download_rocket_launches
[2024-07-06T16:08:35.355+0700] {logging_mixin.py:188} INFO - [2024-07-06T16:08:35.354+0700] {override.py:1847} INFO - Created Permission View: can edit on DAG:download_rocket_launches
[2024-07-06T16:08:35.363+0700] {logging_mixin.py:188} INFO - [2024-07-06T16:08:35.363+0700] {override.py:1847} INFO - Created Permission View: can read on DAG:download_rocket_launches
[2024-07-06T16:08:35.363+0700] {logging_mixin.py:188} INFO - [2024-07-06T16:08:35.363+0700] {dag.py:3096} INFO - Sync 1 DAGs
[2024-07-06T16:08:35.374+0700] {logging_mixin.py:188} INFO - [2024-07-06T16:08:35.374+0700] {dag.py:3118} INFO - Creating ORM DAG for download_rocket_launches
[2024-07-06T16:08:35.375+0700] {logging_mixin.py:188} INFO - [2024-07-06T16:08:35.374+0700] {dag.py:3954} INFO - Setting next_dagrun for download_rocket_launches to None, run_after=None
[2024-07-06T16:08:35.397+0700] {processor.py:183} INFO - Processing /home/acer/Documents/coding/Python/airflow/custom_airflow/dags/rocket_dag.py took 0.191 seconds
[2024-07-06T16:09:38.293+0700] {processor.py:161} INFO - Started process (PID=51511) to work on /home/acer/Documents/coding/Python/airflow/custom_airflow/dags/rocket_dag.py
[2024-07-06T16:09:38.296+0700] {processor.py:830} INFO - Processing file /home/acer/Documents/coding/Python/airflow/custom_airflow/dags/rocket_dag.py for tasks to queue
[2024-07-06T16:09:38.300+0700] {logging_mixin.py:188} INFO - [2024-07-06T16:09:38.299+0700] {dagbag.py:545} INFO - Filling up the DagBag from /home/acer/Documents/coding/Python/airflow/custom_airflow/dags/rocket_dag.py
[2024-07-06T16:09:38.310+0700] {processor.py:840} INFO - DAG(s) 'download_rocket_launches' retrieved from /home/acer/Documents/coding/Python/airflow/custom_airflow/dags/rocket_dag.py
[2024-07-06T16:09:38.326+0700] {logging_mixin.py:188} INFO - [2024-07-06T16:09:38.326+0700] {dag.py:3096} INFO - Sync 1 DAGs
[2024-07-06T16:09:38.339+0700] {logging_mixin.py:188} INFO - [2024-07-06T16:09:38.338+0700] {dag.py:3954} INFO - Setting next_dagrun for download_rocket_launches to None, run_after=None
[2024-07-06T16:09:38.368+0700] {processor.py:183} INFO - Processing /home/acer/Documents/coding/Python/airflow/custom_airflow/dags/rocket_dag.py took 0.092 seconds
[2024-07-06T16:10:29.408+0700] {processor.py:161} INFO - Started process (PID=51886) to work on /home/acer/Documents/coding/Python/airflow/custom_airflow/dags/rocket_dag.py
[2024-07-06T16:10:29.408+0700] {processor.py:830} INFO - Processing file /home/acer/Documents/coding/Python/airflow/custom_airflow/dags/rocket_dag.py for tasks to queue
[2024-07-06T16:10:29.410+0700] {logging_mixin.py:188} INFO - [2024-07-06T16:10:29.409+0700] {dagbag.py:545} INFO - Filling up the DagBag from /home/acer/Documents/coding/Python/airflow/custom_airflow/dags/rocket_dag.py
[2024-07-06T16:10:29.421+0700] {processor.py:840} INFO - DAG(s) 'download_rocket_launches' retrieved from /home/acer/Documents/coding/Python/airflow/custom_airflow/dags/rocket_dag.py
[2024-07-06T16:10:29.445+0700] {logging_mixin.py:188} INFO - [2024-07-06T16:10:29.445+0700] {dag.py:3096} INFO - Sync 1 DAGs
[2024-07-06T16:10:29.457+0700] {logging_mixin.py:188} INFO - [2024-07-06T16:10:29.457+0700] {dag.py:3954} INFO - Setting next_dagrun for download_rocket_launches to None, run_after=None
[2024-07-06T16:10:29.483+0700] {processor.py:183} INFO - Processing /home/acer/Documents/coding/Python/airflow/custom_airflow/dags/rocket_dag.py took 0.080 seconds
[2024-07-06T16:11:26.023+0700] {processor.py:161} INFO - Started process (PID=52448) to work on /home/acer/Documents/coding/Python/airflow/custom_airflow/dags/rocket_dag.py
[2024-07-06T16:11:26.024+0700] {processor.py:830} INFO - Processing file /home/acer/Documents/coding/Python/airflow/custom_airflow/dags/rocket_dag.py for tasks to queue
[2024-07-06T16:11:26.025+0700] {logging_mixin.py:188} INFO - [2024-07-06T16:11:26.024+0700] {dagbag.py:545} INFO - Filling up the DagBag from /home/acer/Documents/coding/Python/airflow/custom_airflow/dags/rocket_dag.py
[2024-07-06T16:11:26.034+0700] {processor.py:840} INFO - DAG(s) 'download_rocket_launches' retrieved from /home/acer/Documents/coding/Python/airflow/custom_airflow/dags/rocket_dag.py
[2024-07-06T16:11:26.052+0700] {logging_mixin.py:188} INFO - [2024-07-06T16:11:26.051+0700] {dag.py:3096} INFO - Sync 1 DAGs
[2024-07-06T16:11:26.066+0700] {logging_mixin.py:188} INFO - [2024-07-06T16:11:26.066+0700] {dag.py:3954} INFO - Setting next_dagrun for download_rocket_launches to None, run_after=None
[2024-07-06T16:11:26.089+0700] {processor.py:183} INFO - Processing /home/acer/Documents/coding/Python/airflow/custom_airflow/dags/rocket_dag.py took 0.072 seconds
[2024-07-06T16:15:25.036+0700] {processor.py:161} INFO - Started process (PID=54459) to work on /home/acer/Documents/coding/Python/airflow/custom_airflow/dags/rocket_dag.py
[2024-07-06T16:15:25.037+0700] {processor.py:830} INFO - Processing file /home/acer/Documents/coding/Python/airflow/custom_airflow/dags/rocket_dag.py for tasks to queue
[2024-07-06T16:15:25.039+0700] {logging_mixin.py:188} INFO - [2024-07-06T16:15:25.039+0700] {dagbag.py:545} INFO - Filling up the DagBag from /home/acer/Documents/coding/Python/airflow/custom_airflow/dags/rocket_dag.py
[2024-07-06T16:15:25.052+0700] {processor.py:840} INFO - DAG(s) 'download_rocket_launches' retrieved from /home/acer/Documents/coding/Python/airflow/custom_airflow/dags/rocket_dag.py
[2024-07-06T16:15:25.165+0700] {logging_mixin.py:188} INFO - [2024-07-06T16:15:25.165+0700] {dag.py:3096} INFO - Sync 1 DAGs
[2024-07-06T16:15:25.175+0700] {logging_mixin.py:188} INFO - [2024-07-06T16:15:25.174+0700] {dag.py:3954} INFO - Setting next_dagrun for download_rocket_launches to None, run_after=None
[2024-07-06T16:15:25.195+0700] {processor.py:183} INFO - Processing /home/acer/Documents/coding/Python/airflow/custom_airflow/dags/rocket_dag.py took 0.164 seconds
[2024-07-06T16:16:27.549+0700] {processor.py:161} INFO - Started process (PID=55195) to work on /home/acer/Documents/coding/Python/airflow/custom_airflow/dags/rocket_dag.py
[2024-07-06T16:16:27.550+0700] {processor.py:830} INFO - Processing file /home/acer/Documents/coding/Python/airflow/custom_airflow/dags/rocket_dag.py for tasks to queue
[2024-07-06T16:16:27.552+0700] {logging_mixin.py:188} INFO - [2024-07-06T16:16:27.552+0700] {dagbag.py:545} INFO - Filling up the DagBag from /home/acer/Documents/coding/Python/airflow/custom_airflow/dags/rocket_dag.py
[2024-07-06T16:16:27.559+0700] {processor.py:840} INFO - DAG(s) 'download_rocket_launches' retrieved from /home/acer/Documents/coding/Python/airflow/custom_airflow/dags/rocket_dag.py
[2024-07-06T16:16:27.579+0700] {logging_mixin.py:188} INFO - [2024-07-06T16:16:27.578+0700] {dag.py:3096} INFO - Sync 1 DAGs
[2024-07-06T16:16:27.594+0700] {logging_mixin.py:188} INFO - [2024-07-06T16:16:27.594+0700] {dag.py:3954} INFO - Setting next_dagrun for download_rocket_launches to None, run_after=None
[2024-07-06T16:16:27.623+0700] {processor.py:183} INFO - Processing /home/acer/Documents/coding/Python/airflow/custom_airflow/dags/rocket_dag.py took 0.085 seconds
[2024-07-06T16:17:21.787+0700] {processor.py:161} INFO - Started process (PID=55664) to work on /home/acer/Documents/coding/Python/airflow/custom_airflow/dags/rocket_dag.py
[2024-07-06T16:17:21.788+0700] {processor.py:830} INFO - Processing file /home/acer/Documents/coding/Python/airflow/custom_airflow/dags/rocket_dag.py for tasks to queue
[2024-07-06T16:17:21.791+0700] {logging_mixin.py:188} INFO - [2024-07-06T16:17:21.790+0700] {dagbag.py:545} INFO - Filling up the DagBag from /home/acer/Documents/coding/Python/airflow/custom_airflow/dags/rocket_dag.py
[2024-07-06T16:17:21.798+0700] {processor.py:840} INFO - DAG(s) 'download_rocket_launches' retrieved from /home/acer/Documents/coding/Python/airflow/custom_airflow/dags/rocket_dag.py
[2024-07-06T16:17:21.816+0700] {logging_mixin.py:188} INFO - [2024-07-06T16:17:21.816+0700] {dag.py:3096} INFO - Sync 1 DAGs
[2024-07-06T16:17:21.835+0700] {logging_mixin.py:188} INFO - [2024-07-06T16:17:21.834+0700] {dag.py:3954} INFO - Setting next_dagrun for download_rocket_launches to None, run_after=None
[2024-07-06T16:17:21.860+0700] {processor.py:183} INFO - Processing /home/acer/Documents/coding/Python/airflow/custom_airflow/dags/rocket_dag.py took 0.080 seconds
[2024-07-06T16:18:09.165+0700] {processor.py:161} INFO - Started process (PID=55915) to work on /home/acer/Documents/coding/Python/airflow/custom_airflow/dags/rocket_dag.py
[2024-07-06T16:18:09.166+0700] {processor.py:830} INFO - Processing file /home/acer/Documents/coding/Python/airflow/custom_airflow/dags/rocket_dag.py for tasks to queue
[2024-07-06T16:18:09.168+0700] {logging_mixin.py:188} INFO - [2024-07-06T16:18:09.168+0700] {dagbag.py:545} INFO - Filling up the DagBag from /home/acer/Documents/coding/Python/airflow/custom_airflow/dags/rocket_dag.py
[2024-07-06T16:18:09.175+0700] {processor.py:840} INFO - DAG(s) 'download_rocket_launches' retrieved from /home/acer/Documents/coding/Python/airflow/custom_airflow/dags/rocket_dag.py
[2024-07-06T16:18:09.191+0700] {logging_mixin.py:188} INFO - [2024-07-06T16:18:09.191+0700] {dag.py:3096} INFO - Sync 1 DAGs
[2024-07-06T16:18:09.203+0700] {logging_mixin.py:188} INFO - [2024-07-06T16:18:09.203+0700] {dag.py:3954} INFO - Setting next_dagrun for download_rocket_launches to None, run_after=None
[2024-07-06T16:18:09.223+0700] {processor.py:183} INFO - Processing /home/acer/Documents/coding/Python/airflow/custom_airflow/dags/rocket_dag.py took 0.064 seconds
[2024-07-06T16:18:56.325+0700] {processor.py:161} INFO - Started process (PID=56141) to work on /home/acer/Documents/coding/Python/airflow/custom_airflow/dags/rocket_dag.py
[2024-07-06T16:18:56.326+0700] {processor.py:830} INFO - Processing file /home/acer/Documents/coding/Python/airflow/custom_airflow/dags/rocket_dag.py for tasks to queue
[2024-07-06T16:18:56.328+0700] {logging_mixin.py:188} INFO - [2024-07-06T16:18:56.328+0700] {dagbag.py:545} INFO - Filling up the DagBag from /home/acer/Documents/coding/Python/airflow/custom_airflow/dags/rocket_dag.py
[2024-07-06T16:18:56.335+0700] {processor.py:840} INFO - DAG(s) 'download_rocket_launches' retrieved from /home/acer/Documents/coding/Python/airflow/custom_airflow/dags/rocket_dag.py
[2024-07-06T16:18:56.439+0700] {logging_mixin.py:188} INFO - [2024-07-06T16:18:56.439+0700] {dag.py:3096} INFO - Sync 1 DAGs
[2024-07-06T16:18:56.457+0700] {logging_mixin.py:188} INFO - [2024-07-06T16:18:56.456+0700] {dag.py:3954} INFO - Setting next_dagrun for download_rocket_launches to None, run_after=None
[2024-07-06T16:18:56.482+0700] {processor.py:183} INFO - Processing /home/acer/Documents/coding/Python/airflow/custom_airflow/dags/rocket_dag.py took 0.165 seconds
[2024-07-06T16:19:55.310+0700] {processor.py:161} INFO - Started process (PID=56822) to work on /home/acer/Documents/coding/Python/airflow/custom_airflow/dags/rocket_dag.py
[2024-07-06T16:19:55.312+0700] {processor.py:830} INFO - Processing file /home/acer/Documents/coding/Python/airflow/custom_airflow/dags/rocket_dag.py for tasks to queue
[2024-07-06T16:19:55.318+0700] {logging_mixin.py:188} INFO - [2024-07-06T16:19:55.317+0700] {dagbag.py:545} INFO - Filling up the DagBag from /home/acer/Documents/coding/Python/airflow/custom_airflow/dags/rocket_dag.py
[2024-07-06T16:19:55.328+0700] {processor.py:840} INFO - DAG(s) 'download_rocket_launches' retrieved from /home/acer/Documents/coding/Python/airflow/custom_airflow/dags/rocket_dag.py
[2024-07-06T16:19:55.348+0700] {logging_mixin.py:188} INFO - [2024-07-06T16:19:55.347+0700] {dag.py:3096} INFO - Sync 1 DAGs
[2024-07-06T16:19:55.362+0700] {logging_mixin.py:188} INFO - [2024-07-06T16:19:55.362+0700] {dag.py:3954} INFO - Setting next_dagrun for download_rocket_launches to None, run_after=None
[2024-07-06T16:19:55.399+0700] {processor.py:183} INFO - Processing /home/acer/Documents/coding/Python/airflow/custom_airflow/dags/rocket_dag.py took 0.112 seconds
[2024-07-06T16:20:27.099+0700] {processor.py:161} INFO - Started process (PID=57088) to work on /home/acer/Documents/coding/Python/airflow/custom_airflow/dags/rocket_dag.py
[2024-07-06T16:20:27.100+0700] {processor.py:830} INFO - Processing file /home/acer/Documents/coding/Python/airflow/custom_airflow/dags/rocket_dag.py for tasks to queue
[2024-07-06T16:20:27.103+0700] {logging_mixin.py:188} INFO - [2024-07-06T16:20:27.102+0700] {dagbag.py:545} INFO - Filling up the DagBag from /home/acer/Documents/coding/Python/airflow/custom_airflow/dags/rocket_dag.py
[2024-07-06T16:20:27.112+0700] {processor.py:840} INFO - DAG(s) 'download_rocket_launches' retrieved from /home/acer/Documents/coding/Python/airflow/custom_airflow/dags/rocket_dag.py
[2024-07-06T16:20:27.129+0700] {logging_mixin.py:188} INFO - [2024-07-06T16:20:27.129+0700] {dag.py:3096} INFO - Sync 1 DAGs
[2024-07-06T16:20:27.141+0700] {logging_mixin.py:188} INFO - [2024-07-06T16:20:27.141+0700] {dag.py:3954} INFO - Setting next_dagrun for download_rocket_launches to None, run_after=None
[2024-07-06T16:20:27.167+0700] {processor.py:183} INFO - Processing /home/acer/Documents/coding/Python/airflow/custom_airflow/dags/rocket_dag.py took 0.076 seconds
[2024-07-06T16:20:53.478+0700] {processor.py:161} INFO - Started process (PID=57322) to work on /home/acer/Documents/coding/Python/airflow/custom_airflow/dags/rocket_dag.py
[2024-07-06T16:20:53.483+0700] {processor.py:830} INFO - Processing file /home/acer/Documents/coding/Python/airflow/custom_airflow/dags/rocket_dag.py for tasks to queue
[2024-07-06T16:20:53.491+0700] {logging_mixin.py:188} INFO - [2024-07-06T16:20:53.489+0700] {dagbag.py:545} INFO - Filling up the DagBag from /home/acer/Documents/coding/Python/airflow/custom_airflow/dags/rocket_dag.py
[2024-07-06T16:20:53.526+0700] {processor.py:840} INFO - DAG(s) 'download_rocket_launches' retrieved from /home/acer/Documents/coding/Python/airflow/custom_airflow/dags/rocket_dag.py
[2024-07-06T16:20:53.662+0700] {logging_mixin.py:188} INFO - [2024-07-06T16:20:53.661+0700] {dag.py:3096} INFO - Sync 1 DAGs
[2024-07-06T16:20:53.671+0700] {logging_mixin.py:188} INFO - [2024-07-06T16:20:53.671+0700] {dag.py:3954} INFO - Setting next_dagrun for download_rocket_launches to None, run_after=None
[2024-07-06T16:20:53.693+0700] {processor.py:183} INFO - Processing /home/acer/Documents/coding/Python/airflow/custom_airflow/dags/rocket_dag.py took 0.245 seconds
[2024-07-06T16:21:43.730+0700] {processor.py:161} INFO - Started process (PID=57644) to work on /home/acer/Documents/coding/Python/airflow/custom_airflow/dags/rocket_dag.py
[2024-07-06T16:21:43.732+0700] {processor.py:830} INFO - Processing file /home/acer/Documents/coding/Python/airflow/custom_airflow/dags/rocket_dag.py for tasks to queue
[2024-07-06T16:21:43.736+0700] {logging_mixin.py:188} INFO - [2024-07-06T16:21:43.735+0700] {dagbag.py:545} INFO - Filling up the DagBag from /home/acer/Documents/coding/Python/airflow/custom_airflow/dags/rocket_dag.py
[2024-07-06T16:21:43.747+0700] {processor.py:840} INFO - DAG(s) 'download_rocket_launches' retrieved from /home/acer/Documents/coding/Python/airflow/custom_airflow/dags/rocket_dag.py
[2024-07-06T16:21:43.869+0700] {logging_mixin.py:188} INFO - [2024-07-06T16:21:43.869+0700] {dag.py:3096} INFO - Sync 1 DAGs
[2024-07-06T16:21:43.881+0700] {logging_mixin.py:188} INFO - [2024-07-06T16:21:43.881+0700] {dag.py:3954} INFO - Setting next_dagrun for download_rocket_launches to None, run_after=None
[2024-07-06T16:21:43.909+0700] {processor.py:183} INFO - Processing /home/acer/Documents/coding/Python/airflow/custom_airflow/dags/rocket_dag.py took 0.192 seconds
[2024-07-06T16:22:31.257+0700] {processor.py:161} INFO - Started process (PID=57968) to work on /home/acer/Documents/coding/Python/airflow/custom_airflow/dags/rocket_dag.py
[2024-07-06T16:22:31.259+0700] {processor.py:830} INFO - Processing file /home/acer/Documents/coding/Python/airflow/custom_airflow/dags/rocket_dag.py for tasks to queue
[2024-07-06T16:22:31.263+0700] {logging_mixin.py:188} INFO - [2024-07-06T16:22:31.262+0700] {dagbag.py:545} INFO - Filling up the DagBag from /home/acer/Documents/coding/Python/airflow/custom_airflow/dags/rocket_dag.py
[2024-07-06T16:22:31.271+0700] {processor.py:840} INFO - DAG(s) 'download_rocket_launches' retrieved from /home/acer/Documents/coding/Python/airflow/custom_airflow/dags/rocket_dag.py
[2024-07-06T16:22:31.286+0700] {logging_mixin.py:188} INFO - [2024-07-06T16:22:31.286+0700] {dag.py:3096} INFO - Sync 1 DAGs
[2024-07-06T16:22:31.298+0700] {logging_mixin.py:188} INFO - [2024-07-06T16:22:31.298+0700] {dag.py:3954} INFO - Setting next_dagrun for download_rocket_launches to None, run_after=None
[2024-07-06T16:22:31.328+0700] {processor.py:183} INFO - Processing /home/acer/Documents/coding/Python/airflow/custom_airflow/dags/rocket_dag.py took 0.091 seconds
[2024-07-06T16:22:55.526+0700] {processor.py:161} INFO - Started process (PID=58094) to work on /home/acer/Documents/coding/Python/airflow/custom_airflow/dags/rocket_dag.py
[2024-07-06T16:22:55.528+0700] {processor.py:830} INFO - Processing file /home/acer/Documents/coding/Python/airflow/custom_airflow/dags/rocket_dag.py for tasks to queue
[2024-07-06T16:22:55.531+0700] {logging_mixin.py:188} INFO - [2024-07-06T16:22:55.530+0700] {dagbag.py:545} INFO - Filling up the DagBag from /home/acer/Documents/coding/Python/airflow/custom_airflow/dags/rocket_dag.py
[2024-07-06T16:22:55.540+0700] {processor.py:840} INFO - DAG(s) 'download_rocket_launches' retrieved from /home/acer/Documents/coding/Python/airflow/custom_airflow/dags/rocket_dag.py
[2024-07-06T16:22:55.655+0700] {logging_mixin.py:188} INFO - [2024-07-06T16:22:55.655+0700] {dag.py:3096} INFO - Sync 1 DAGs
[2024-07-06T16:22:55.666+0700] {logging_mixin.py:188} INFO - [2024-07-06T16:22:55.666+0700] {dag.py:3954} INFO - Setting next_dagrun for download_rocket_launches to None, run_after=None
[2024-07-06T16:22:55.725+0700] {processor.py:183} INFO - Processing /home/acer/Documents/coding/Python/airflow/custom_airflow/dags/rocket_dag.py took 0.218 seconds
[2024-07-06T16:23:53.906+0700] {processor.py:161} INFO - Started process (PID=58857) to work on /home/acer/Documents/coding/Python/airflow/custom_airflow/dags/rocket_dag.py
[2024-07-06T16:23:53.907+0700] {processor.py:830} INFO - Processing file /home/acer/Documents/coding/Python/airflow/custom_airflow/dags/rocket_dag.py for tasks to queue
[2024-07-06T16:23:53.909+0700] {logging_mixin.py:188} INFO - [2024-07-06T16:23:53.909+0700] {dagbag.py:545} INFO - Filling up the DagBag from /home/acer/Documents/coding/Python/airflow/custom_airflow/dags/rocket_dag.py
[2024-07-06T16:23:53.917+0700] {processor.py:840} INFO - DAG(s) 'download_rocket_launches' retrieved from /home/acer/Documents/coding/Python/airflow/custom_airflow/dags/rocket_dag.py
[2024-07-06T16:23:53.934+0700] {logging_mixin.py:188} INFO - [2024-07-06T16:23:53.933+0700] {dag.py:3096} INFO - Sync 1 DAGs
[2024-07-06T16:23:53.948+0700] {logging_mixin.py:188} INFO - [2024-07-06T16:23:53.947+0700] {dag.py:3954} INFO - Setting next_dagrun for download_rocket_launches to None, run_after=None
[2024-07-06T16:23:53.977+0700] {processor.py:183} INFO - Processing /home/acer/Documents/coding/Python/airflow/custom_airflow/dags/rocket_dag.py took 0.077 seconds
[2024-07-06T16:24:51.964+0700] {processor.py:161} INFO - Started process (PID=59443) to work on /home/acer/Documents/coding/Python/airflow/custom_airflow/dags/rocket_dag.py
[2024-07-06T16:24:51.966+0700] {processor.py:830} INFO - Processing file /home/acer/Documents/coding/Python/airflow/custom_airflow/dags/rocket_dag.py for tasks to queue
[2024-07-06T16:24:51.971+0700] {logging_mixin.py:188} INFO - [2024-07-06T16:24:51.970+0700] {dagbag.py:545} INFO - Filling up the DagBag from /home/acer/Documents/coding/Python/airflow/custom_airflow/dags/rocket_dag.py
[2024-07-06T16:24:51.982+0700] {processor.py:840} INFO - DAG(s) 'download_rocket_launches' retrieved from /home/acer/Documents/coding/Python/airflow/custom_airflow/dags/rocket_dag.py
[2024-07-06T16:24:51.999+0700] {logging_mixin.py:188} INFO - [2024-07-06T16:24:51.999+0700] {dag.py:3096} INFO - Sync 1 DAGs
[2024-07-06T16:24:52.012+0700] {logging_mixin.py:188} INFO - [2024-07-06T16:24:52.012+0700] {dag.py:3954} INFO - Setting next_dagrun for download_rocket_launches to None, run_after=None
[2024-07-06T16:24:52.040+0700] {processor.py:183} INFO - Processing /home/acer/Documents/coding/Python/airflow/custom_airflow/dags/rocket_dag.py took 0.095 seconds
[2024-07-06T16:25:42.723+0700] {processor.py:161} INFO - Started process (PID=59879) to work on /home/acer/Documents/coding/Python/airflow/custom_airflow/dags/rocket_dag.py
[2024-07-06T16:25:42.724+0700] {processor.py:830} INFO - Processing file /home/acer/Documents/coding/Python/airflow/custom_airflow/dags/rocket_dag.py for tasks to queue
[2024-07-06T16:25:42.728+0700] {logging_mixin.py:188} INFO - [2024-07-06T16:25:42.727+0700] {dagbag.py:545} INFO - Filling up the DagBag from /home/acer/Documents/coding/Python/airflow/custom_airflow/dags/rocket_dag.py
[2024-07-06T16:25:42.739+0700] {processor.py:840} INFO - DAG(s) 'download_rocket_launches' retrieved from /home/acer/Documents/coding/Python/airflow/custom_airflow/dags/rocket_dag.py
[2024-07-06T16:25:42.755+0700] {logging_mixin.py:188} INFO - [2024-07-06T16:25:42.755+0700] {dag.py:3096} INFO - Sync 1 DAGs
[2024-07-06T16:25:42.768+0700] {logging_mixin.py:188} INFO - [2024-07-06T16:25:42.767+0700] {dag.py:3954} INFO - Setting next_dagrun for download_rocket_launches to None, run_after=None
[2024-07-06T16:25:42.793+0700] {processor.py:183} INFO - Processing /home/acer/Documents/coding/Python/airflow/custom_airflow/dags/rocket_dag.py took 0.080 seconds
[2024-07-06T16:26:34.282+0700] {processor.py:161} INFO - Started process (PID=60148) to work on /home/acer/Documents/coding/Python/airflow/custom_airflow/dags/rocket_dag.py
[2024-07-06T16:26:34.284+0700] {processor.py:830} INFO - Processing file /home/acer/Documents/coding/Python/airflow/custom_airflow/dags/rocket_dag.py for tasks to queue
[2024-07-06T16:26:34.288+0700] {logging_mixin.py:188} INFO - [2024-07-06T16:26:34.287+0700] {dagbag.py:545} INFO - Filling up the DagBag from /home/acer/Documents/coding/Python/airflow/custom_airflow/dags/rocket_dag.py
[2024-07-06T16:26:34.298+0700] {processor.py:840} INFO - DAG(s) 'download_rocket_launches' retrieved from /home/acer/Documents/coding/Python/airflow/custom_airflow/dags/rocket_dag.py
[2024-07-06T16:26:34.314+0700] {logging_mixin.py:188} INFO - [2024-07-06T16:26:34.314+0700] {dag.py:3096} INFO - Sync 1 DAGs
[2024-07-06T16:26:34.326+0700] {logging_mixin.py:188} INFO - [2024-07-06T16:26:34.326+0700] {dag.py:3954} INFO - Setting next_dagrun for download_rocket_launches to None, run_after=None
[2024-07-06T16:26:34.347+0700] {processor.py:183} INFO - Processing /home/acer/Documents/coding/Python/airflow/custom_airflow/dags/rocket_dag.py took 0.083 seconds
[2024-07-06T16:27:22.472+0700] {processor.py:161} INFO - Started process (PID=60394) to work on /home/acer/Documents/coding/Python/airflow/custom_airflow/dags/rocket_dag.py
[2024-07-06T16:27:22.474+0700] {processor.py:830} INFO - Processing file /home/acer/Documents/coding/Python/airflow/custom_airflow/dags/rocket_dag.py for tasks to queue
[2024-07-06T16:27:22.478+0700] {logging_mixin.py:188} INFO - [2024-07-06T16:27:22.477+0700] {dagbag.py:545} INFO - Filling up the DagBag from /home/acer/Documents/coding/Python/airflow/custom_airflow/dags/rocket_dag.py
[2024-07-06T16:27:22.488+0700] {processor.py:840} INFO - DAG(s) 'download_rocket_launches' retrieved from /home/acer/Documents/coding/Python/airflow/custom_airflow/dags/rocket_dag.py
[2024-07-06T16:27:22.504+0700] {logging_mixin.py:188} INFO - [2024-07-06T16:27:22.504+0700] {dag.py:3096} INFO - Sync 1 DAGs
[2024-07-06T16:27:22.517+0700] {logging_mixin.py:188} INFO - [2024-07-06T16:27:22.517+0700] {dag.py:3954} INFO - Setting next_dagrun for download_rocket_launches to None, run_after=None
[2024-07-06T16:27:22.540+0700] {processor.py:183} INFO - Processing /home/acer/Documents/coding/Python/airflow/custom_airflow/dags/rocket_dag.py took 0.087 seconds
[2024-07-06T16:28:07.836+0700] {processor.py:161} INFO - Started process (PID=60636) to work on /home/acer/Documents/coding/Python/airflow/custom_airflow/dags/rocket_dag.py
[2024-07-06T16:28:07.838+0700] {processor.py:830} INFO - Processing file /home/acer/Documents/coding/Python/airflow/custom_airflow/dags/rocket_dag.py for tasks to queue
[2024-07-06T16:28:07.842+0700] {logging_mixin.py:188} INFO - [2024-07-06T16:28:07.842+0700] {dagbag.py:545} INFO - Filling up the DagBag from /home/acer/Documents/coding/Python/airflow/custom_airflow/dags/rocket_dag.py
[2024-07-06T16:28:07.853+0700] {processor.py:840} INFO - DAG(s) 'download_rocket_launches' retrieved from /home/acer/Documents/coding/Python/airflow/custom_airflow/dags/rocket_dag.py
[2024-07-06T16:28:07.869+0700] {logging_mixin.py:188} INFO - [2024-07-06T16:28:07.868+0700] {dag.py:3096} INFO - Sync 1 DAGs
[2024-07-06T16:28:07.881+0700] {logging_mixin.py:188} INFO - [2024-07-06T16:28:07.880+0700] {dag.py:3954} INFO - Setting next_dagrun for download_rocket_launches to None, run_after=None
[2024-07-06T16:28:07.911+0700] {processor.py:183} INFO - Processing /home/acer/Documents/coding/Python/airflow/custom_airflow/dags/rocket_dag.py took 0.096 seconds
[2024-07-06T16:28:52.340+0700] {processor.py:161} INFO - Started process (PID=60849) to work on /home/acer/Documents/coding/Python/airflow/custom_airflow/dags/rocket_dag.py
[2024-07-06T16:28:52.343+0700] {processor.py:830} INFO - Processing file /home/acer/Documents/coding/Python/airflow/custom_airflow/dags/rocket_dag.py for tasks to queue
[2024-07-06T16:28:52.347+0700] {logging_mixin.py:188} INFO - [2024-07-06T16:28:52.346+0700] {dagbag.py:545} INFO - Filling up the DagBag from /home/acer/Documents/coding/Python/airflow/custom_airflow/dags/rocket_dag.py
[2024-07-06T16:28:52.357+0700] {processor.py:840} INFO - DAG(s) 'download_rocket_launches' retrieved from /home/acer/Documents/coding/Python/airflow/custom_airflow/dags/rocket_dag.py
[2024-07-06T16:28:52.374+0700] {logging_mixin.py:188} INFO - [2024-07-06T16:28:52.373+0700] {dag.py:3096} INFO - Sync 1 DAGs
[2024-07-06T16:28:52.386+0700] {logging_mixin.py:188} INFO - [2024-07-06T16:28:52.385+0700] {dag.py:3954} INFO - Setting next_dagrun for download_rocket_launches to None, run_after=None
[2024-07-06T16:28:52.407+0700] {processor.py:183} INFO - Processing /home/acer/Documents/coding/Python/airflow/custom_airflow/dags/rocket_dag.py took 0.086 seconds
[2024-07-06T16:29:40.846+0700] {processor.py:161} INFO - Started process (PID=61091) to work on /home/acer/Documents/coding/Python/airflow/custom_airflow/dags/rocket_dag.py
[2024-07-06T16:29:40.847+0700] {processor.py:830} INFO - Processing file /home/acer/Documents/coding/Python/airflow/custom_airflow/dags/rocket_dag.py for tasks to queue
[2024-07-06T16:29:40.849+0700] {logging_mixin.py:188} INFO - [2024-07-06T16:29:40.848+0700] {dagbag.py:545} INFO - Filling up the DagBag from /home/acer/Documents/coding/Python/airflow/custom_airflow/dags/rocket_dag.py
[2024-07-06T16:29:40.855+0700] {processor.py:840} INFO - DAG(s) 'download_rocket_launches' retrieved from /home/acer/Documents/coding/Python/airflow/custom_airflow/dags/rocket_dag.py
[2024-07-06T16:29:40.870+0700] {logging_mixin.py:188} INFO - [2024-07-06T16:29:40.870+0700] {dag.py:3096} INFO - Sync 1 DAGs
[2024-07-06T16:29:40.882+0700] {logging_mixin.py:188} INFO - [2024-07-06T16:29:40.882+0700] {dag.py:3954} INFO - Setting next_dagrun for download_rocket_launches to None, run_after=None
[2024-07-06T16:29:40.902+0700] {processor.py:183} INFO - Processing /home/acer/Documents/coding/Python/airflow/custom_airflow/dags/rocket_dag.py took 0.063 seconds
[2024-07-06T16:30:25.428+0700] {processor.py:161} INFO - Started process (PID=61313) to work on /home/acer/Documents/coding/Python/airflow/custom_airflow/dags/rocket_dag.py
[2024-07-06T16:30:25.429+0700] {processor.py:830} INFO - Processing file /home/acer/Documents/coding/Python/airflow/custom_airflow/dags/rocket_dag.py for tasks to queue
[2024-07-06T16:30:25.431+0700] {logging_mixin.py:188} INFO - [2024-07-06T16:30:25.431+0700] {dagbag.py:545} INFO - Filling up the DagBag from /home/acer/Documents/coding/Python/airflow/custom_airflow/dags/rocket_dag.py
[2024-07-06T16:30:25.438+0700] {processor.py:840} INFO - DAG(s) 'download_rocket_launches' retrieved from /home/acer/Documents/coding/Python/airflow/custom_airflow/dags/rocket_dag.py
[2024-07-06T16:30:25.452+0700] {logging_mixin.py:188} INFO - [2024-07-06T16:30:25.452+0700] {dag.py:3096} INFO - Sync 1 DAGs
[2024-07-06T16:30:25.464+0700] {logging_mixin.py:188} INFO - [2024-07-06T16:30:25.464+0700] {dag.py:3954} INFO - Setting next_dagrun for download_rocket_launches to None, run_after=None
[2024-07-06T16:30:25.485+0700] {processor.py:183} INFO - Processing /home/acer/Documents/coding/Python/airflow/custom_airflow/dags/rocket_dag.py took 0.062 seconds
[2024-07-06T16:31:10.654+0700] {processor.py:161} INFO - Started process (PID=61575) to work on /home/acer/Documents/coding/Python/airflow/custom_airflow/dags/rocket_dag.py
[2024-07-06T16:31:10.657+0700] {processor.py:830} INFO - Processing file /home/acer/Documents/coding/Python/airflow/custom_airflow/dags/rocket_dag.py for tasks to queue
[2024-07-06T16:31:10.662+0700] {logging_mixin.py:188} INFO - [2024-07-06T16:31:10.661+0700] {dagbag.py:545} INFO - Filling up the DagBag from /home/acer/Documents/coding/Python/airflow/custom_airflow/dags/rocket_dag.py
[2024-07-06T16:31:10.673+0700] {processor.py:840} INFO - DAG(s) 'download_rocket_launches' retrieved from /home/acer/Documents/coding/Python/airflow/custom_airflow/dags/rocket_dag.py
[2024-07-06T16:31:10.689+0700] {logging_mixin.py:188} INFO - [2024-07-06T16:31:10.689+0700] {dag.py:3096} INFO - Sync 1 DAGs
[2024-07-06T16:31:10.701+0700] {logging_mixin.py:188} INFO - [2024-07-06T16:31:10.701+0700] {dag.py:3954} INFO - Setting next_dagrun for download_rocket_launches to None, run_after=None
[2024-07-06T16:31:10.723+0700] {processor.py:183} INFO - Processing /home/acer/Documents/coding/Python/airflow/custom_airflow/dags/rocket_dag.py took 0.087 seconds
[2024-07-06T16:31:54.927+0700] {processor.py:161} INFO - Started process (PID=61800) to work on /home/acer/Documents/coding/Python/airflow/custom_airflow/dags/rocket_dag.py
[2024-07-06T16:31:54.929+0700] {processor.py:830} INFO - Processing file /home/acer/Documents/coding/Python/airflow/custom_airflow/dags/rocket_dag.py for tasks to queue
[2024-07-06T16:31:54.933+0700] {logging_mixin.py:188} INFO - [2024-07-06T16:31:54.932+0700] {dagbag.py:545} INFO - Filling up the DagBag from /home/acer/Documents/coding/Python/airflow/custom_airflow/dags/rocket_dag.py
[2024-07-06T16:31:54.945+0700] {processor.py:840} INFO - DAG(s) 'download_rocket_launches' retrieved from /home/acer/Documents/coding/Python/airflow/custom_airflow/dags/rocket_dag.py
[2024-07-06T16:31:54.962+0700] {logging_mixin.py:188} INFO - [2024-07-06T16:31:54.962+0700] {dag.py:3096} INFO - Sync 1 DAGs
[2024-07-06T16:31:54.974+0700] {logging_mixin.py:188} INFO - [2024-07-06T16:31:54.974+0700] {dag.py:3954} INFO - Setting next_dagrun for download_rocket_launches to None, run_after=None
[2024-07-06T16:31:54.995+0700] {processor.py:183} INFO - Processing /home/acer/Documents/coding/Python/airflow/custom_airflow/dags/rocket_dag.py took 0.080 seconds
[2024-07-06T16:32:44.160+0700] {processor.py:161} INFO - Started process (PID=62039) to work on /home/acer/Documents/coding/Python/airflow/custom_airflow/dags/rocket_dag.py
[2024-07-06T16:32:44.161+0700] {processor.py:830} INFO - Processing file /home/acer/Documents/coding/Python/airflow/custom_airflow/dags/rocket_dag.py for tasks to queue
[2024-07-06T16:32:44.163+0700] {logging_mixin.py:188} INFO - [2024-07-06T16:32:44.162+0700] {dagbag.py:545} INFO - Filling up the DagBag from /home/acer/Documents/coding/Python/airflow/custom_airflow/dags/rocket_dag.py
[2024-07-06T16:32:44.169+0700] {processor.py:840} INFO - DAG(s) 'download_rocket_launches' retrieved from /home/acer/Documents/coding/Python/airflow/custom_airflow/dags/rocket_dag.py
[2024-07-06T16:32:44.183+0700] {logging_mixin.py:188} INFO - [2024-07-06T16:32:44.183+0700] {dag.py:3096} INFO - Sync 1 DAGs
[2024-07-06T16:32:44.196+0700] {logging_mixin.py:188} INFO - [2024-07-06T16:32:44.195+0700] {dag.py:3954} INFO - Setting next_dagrun for download_rocket_launches to None, run_after=None
[2024-07-06T16:32:44.216+0700] {processor.py:183} INFO - Processing /home/acer/Documents/coding/Python/airflow/custom_airflow/dags/rocket_dag.py took 0.062 seconds
[2024-07-06T16:33:31.770+0700] {processor.py:161} INFO - Started process (PID=62299) to work on /home/acer/Documents/coding/Python/airflow/custom_airflow/dags/rocket_dag.py
[2024-07-06T16:33:31.771+0700] {processor.py:830} INFO - Processing file /home/acer/Documents/coding/Python/airflow/custom_airflow/dags/rocket_dag.py for tasks to queue
[2024-07-06T16:33:31.772+0700] {logging_mixin.py:188} INFO - [2024-07-06T16:33:31.772+0700] {dagbag.py:545} INFO - Filling up the DagBag from /home/acer/Documents/coding/Python/airflow/custom_airflow/dags/rocket_dag.py
[2024-07-06T16:33:31.779+0700] {processor.py:840} INFO - DAG(s) 'download_rocket_launches' retrieved from /home/acer/Documents/coding/Python/airflow/custom_airflow/dags/rocket_dag.py
[2024-07-06T16:33:31.794+0700] {logging_mixin.py:188} INFO - [2024-07-06T16:33:31.793+0700] {dag.py:3096} INFO - Sync 1 DAGs
[2024-07-06T16:33:31.805+0700] {logging_mixin.py:188} INFO - [2024-07-06T16:33:31.805+0700] {dag.py:3954} INFO - Setting next_dagrun for download_rocket_launches to None, run_after=None
[2024-07-06T16:33:31.836+0700] {processor.py:183} INFO - Processing /home/acer/Documents/coding/Python/airflow/custom_airflow/dags/rocket_dag.py took 0.072 seconds
[2024-07-06T16:34:17.668+0700] {processor.py:161} INFO - Started process (PID=62515) to work on /home/acer/Documents/coding/Python/airflow/custom_airflow/dags/rocket_dag.py
[2024-07-06T16:34:17.670+0700] {processor.py:830} INFO - Processing file /home/acer/Documents/coding/Python/airflow/custom_airflow/dags/rocket_dag.py for tasks to queue
[2024-07-06T16:34:17.673+0700] {logging_mixin.py:188} INFO - [2024-07-06T16:34:17.672+0700] {dagbag.py:545} INFO - Filling up the DagBag from /home/acer/Documents/coding/Python/airflow/custom_airflow/dags/rocket_dag.py
[2024-07-06T16:34:17.683+0700] {processor.py:840} INFO - DAG(s) 'download_rocket_launches' retrieved from /home/acer/Documents/coding/Python/airflow/custom_airflow/dags/rocket_dag.py
[2024-07-06T16:34:17.699+0700] {logging_mixin.py:188} INFO - [2024-07-06T16:34:17.699+0700] {dag.py:3096} INFO - Sync 1 DAGs
[2024-07-06T16:34:17.714+0700] {logging_mixin.py:188} INFO - [2024-07-06T16:34:17.714+0700] {dag.py:3954} INFO - Setting next_dagrun for download_rocket_launches to None, run_after=None
[2024-07-06T16:34:17.736+0700] {processor.py:183} INFO - Processing /home/acer/Documents/coding/Python/airflow/custom_airflow/dags/rocket_dag.py took 0.087 seconds
[2024-07-06T16:35:06.774+0700] {processor.py:161} INFO - Started process (PID=62767) to work on /home/acer/Documents/coding/Python/airflow/custom_airflow/dags/rocket_dag.py
[2024-07-06T16:35:06.777+0700] {processor.py:830} INFO - Processing file /home/acer/Documents/coding/Python/airflow/custom_airflow/dags/rocket_dag.py for tasks to queue
[2024-07-06T16:35:06.782+0700] {logging_mixin.py:188} INFO - [2024-07-06T16:35:06.781+0700] {dagbag.py:545} INFO - Filling up the DagBag from /home/acer/Documents/coding/Python/airflow/custom_airflow/dags/rocket_dag.py
[2024-07-06T16:35:06.793+0700] {processor.py:840} INFO - DAG(s) 'download_rocket_launches' retrieved from /home/acer/Documents/coding/Python/airflow/custom_airflow/dags/rocket_dag.py
[2024-07-06T16:35:06.810+0700] {logging_mixin.py:188} INFO - [2024-07-06T16:35:06.810+0700] {dag.py:3096} INFO - Sync 1 DAGs
[2024-07-06T16:35:06.822+0700] {logging_mixin.py:188} INFO - [2024-07-06T16:35:06.822+0700] {dag.py:3954} INFO - Setting next_dagrun for download_rocket_launches to None, run_after=None
[2024-07-06T16:35:06.845+0700] {processor.py:183} INFO - Processing /home/acer/Documents/coding/Python/airflow/custom_airflow/dags/rocket_dag.py took 0.083 seconds
[2024-07-06T16:35:54.721+0700] {processor.py:161} INFO - Started process (PID=63032) to work on /home/acer/Documents/coding/Python/airflow/custom_airflow/dags/rocket_dag.py
[2024-07-06T16:35:54.721+0700] {processor.py:830} INFO - Processing file /home/acer/Documents/coding/Python/airflow/custom_airflow/dags/rocket_dag.py for tasks to queue
[2024-07-06T16:35:54.724+0700] {logging_mixin.py:188} INFO - [2024-07-06T16:35:54.723+0700] {dagbag.py:545} INFO - Filling up the DagBag from /home/acer/Documents/coding/Python/airflow/custom_airflow/dags/rocket_dag.py
[2024-07-06T16:35:54.730+0700] {processor.py:840} INFO - DAG(s) 'download_rocket_launches' retrieved from /home/acer/Documents/coding/Python/airflow/custom_airflow/dags/rocket_dag.py
[2024-07-06T16:35:54.745+0700] {logging_mixin.py:188} INFO - [2024-07-06T16:35:54.744+0700] {dag.py:3096} INFO - Sync 1 DAGs
[2024-07-06T16:35:54.757+0700] {logging_mixin.py:188} INFO - [2024-07-06T16:35:54.756+0700] {dag.py:3954} INFO - Setting next_dagrun for download_rocket_launches to None, run_after=None
[2024-07-06T16:35:54.777+0700] {processor.py:183} INFO - Processing /home/acer/Documents/coding/Python/airflow/custom_airflow/dags/rocket_dag.py took 0.062 seconds
[2024-07-06T21:54:10.540+0700] {processor.py:161} INFO - Started process (PID=11078) to work on /home/acer/Documents/coding/Python/airflow/custom_airflow/dags/rocket_dag.py
[2024-07-06T21:54:10.542+0700] {processor.py:830} INFO - Processing file /home/acer/Documents/coding/Python/airflow/custom_airflow/dags/rocket_dag.py for tasks to queue
[2024-07-06T21:54:10.543+0700] {logging_mixin.py:188} INFO - [2024-07-06T21:54:10.543+0700] {dagbag.py:545} INFO - Filling up the DagBag from /home/acer/Documents/coding/Python/airflow/custom_airflow/dags/rocket_dag.py
[2024-07-06T21:54:10.556+0700] {processor.py:840} INFO - DAG(s) 'download_rocket_launches' retrieved from /home/acer/Documents/coding/Python/airflow/custom_airflow/dags/rocket_dag.py
[2024-07-06T21:54:10.586+0700] {logging_mixin.py:188} INFO - [2024-07-06T21:54:10.586+0700] {dag.py:3096} INFO - Sync 1 DAGs
[2024-07-06T21:54:10.599+0700] {logging_mixin.py:188} INFO - [2024-07-06T21:54:10.598+0700] {dag.py:3954} INFO - Setting next_dagrun for download_rocket_launches to None, run_after=None
[2024-07-06T21:54:10.631+0700] {processor.py:183} INFO - Processing /home/acer/Documents/coding/Python/airflow/custom_airflow/dags/rocket_dag.py took 0.095 seconds
[2024-07-06T21:55:07.535+0700] {processor.py:161} INFO - Started process (PID=12107) to work on /home/acer/Documents/coding/Python/airflow/custom_airflow/dags/rocket_dag.py
[2024-07-06T21:55:07.536+0700] {processor.py:830} INFO - Processing file /home/acer/Documents/coding/Python/airflow/custom_airflow/dags/rocket_dag.py for tasks to queue
[2024-07-06T21:55:07.538+0700] {logging_mixin.py:188} INFO - [2024-07-06T21:55:07.538+0700] {dagbag.py:545} INFO - Filling up the DagBag from /home/acer/Documents/coding/Python/airflow/custom_airflow/dags/rocket_dag.py
[2024-07-06T21:55:07.545+0700] {processor.py:840} INFO - DAG(s) 'download_rocket_launches' retrieved from /home/acer/Documents/coding/Python/airflow/custom_airflow/dags/rocket_dag.py
[2024-07-06T21:55:07.559+0700] {logging_mixin.py:188} INFO - [2024-07-06T21:55:07.559+0700] {dag.py:3096} INFO - Sync 1 DAGs
[2024-07-06T21:55:07.572+0700] {logging_mixin.py:188} INFO - [2024-07-06T21:55:07.572+0700] {dag.py:3954} INFO - Setting next_dagrun for download_rocket_launches to None, run_after=None
[2024-07-06T21:55:07.594+0700] {processor.py:183} INFO - Processing /home/acer/Documents/coding/Python/airflow/custom_airflow/dags/rocket_dag.py took 0.064 seconds
[2024-07-06T21:55:58.054+0700] {processor.py:161} INFO - Started process (PID=12951) to work on /home/acer/Documents/coding/Python/airflow/custom_airflow/dags/rocket_dag.py
[2024-07-06T21:55:58.055+0700] {processor.py:830} INFO - Processing file /home/acer/Documents/coding/Python/airflow/custom_airflow/dags/rocket_dag.py for tasks to queue
[2024-07-06T21:55:58.057+0700] {logging_mixin.py:188} INFO - [2024-07-06T21:55:58.056+0700] {dagbag.py:545} INFO - Filling up the DagBag from /home/acer/Documents/coding/Python/airflow/custom_airflow/dags/rocket_dag.py
[2024-07-06T21:55:58.063+0700] {processor.py:840} INFO - DAG(s) 'download_rocket_launches' retrieved from /home/acer/Documents/coding/Python/airflow/custom_airflow/dags/rocket_dag.py
[2024-07-06T21:55:58.080+0700] {logging_mixin.py:188} INFO - [2024-07-06T21:55:58.079+0700] {dag.py:3096} INFO - Sync 1 DAGs
[2024-07-06T21:55:58.093+0700] {logging_mixin.py:188} INFO - [2024-07-06T21:55:58.092+0700] {dag.py:3954} INFO - Setting next_dagrun for download_rocket_launches to None, run_after=None
[2024-07-06T21:55:58.115+0700] {processor.py:183} INFO - Processing /home/acer/Documents/coding/Python/airflow/custom_airflow/dags/rocket_dag.py took 0.069 seconds
[2024-07-06T21:56:47.042+0700] {processor.py:161} INFO - Started process (PID=13401) to work on /home/acer/Documents/coding/Python/airflow/custom_airflow/dags/rocket_dag.py
[2024-07-06T21:56:47.043+0700] {processor.py:830} INFO - Processing file /home/acer/Documents/coding/Python/airflow/custom_airflow/dags/rocket_dag.py for tasks to queue
[2024-07-06T21:56:47.045+0700] {logging_mixin.py:188} INFO - [2024-07-06T21:56:47.045+0700] {dagbag.py:545} INFO - Filling up the DagBag from /home/acer/Documents/coding/Python/airflow/custom_airflow/dags/rocket_dag.py
[2024-07-06T21:56:47.053+0700] {processor.py:840} INFO - DAG(s) 'download_rocket_launches' retrieved from /home/acer/Documents/coding/Python/airflow/custom_airflow/dags/rocket_dag.py
[2024-07-06T21:56:47.070+0700] {logging_mixin.py:188} INFO - [2024-07-06T21:56:47.070+0700] {dag.py:3096} INFO - Sync 1 DAGs
[2024-07-06T21:56:47.085+0700] {logging_mixin.py:188} INFO - [2024-07-06T21:56:47.085+0700] {dag.py:3954} INFO - Setting next_dagrun for download_rocket_launches to None, run_after=None
[2024-07-06T21:56:47.107+0700] {processor.py:183} INFO - Processing /home/acer/Documents/coding/Python/airflow/custom_airflow/dags/rocket_dag.py took 0.074 seconds
[2024-07-06T21:57:38.259+0700] {processor.py:161} INFO - Started process (PID=13892) to work on /home/acer/Documents/coding/Python/airflow/custom_airflow/dags/rocket_dag.py
[2024-07-06T21:57:38.262+0700] {processor.py:830} INFO - Processing file /home/acer/Documents/coding/Python/airflow/custom_airflow/dags/rocket_dag.py for tasks to queue
[2024-07-06T21:57:38.268+0700] {logging_mixin.py:188} INFO - [2024-07-06T21:57:38.267+0700] {dagbag.py:545} INFO - Filling up the DagBag from /home/acer/Documents/coding/Python/airflow/custom_airflow/dags/rocket_dag.py
[2024-07-06T21:57:38.284+0700] {processor.py:840} INFO - DAG(s) 'download_rocket_launches' retrieved from /home/acer/Documents/coding/Python/airflow/custom_airflow/dags/rocket_dag.py
[2024-07-06T21:57:38.301+0700] {logging_mixin.py:188} INFO - [2024-07-06T21:57:38.301+0700] {dag.py:3096} INFO - Sync 1 DAGs
[2024-07-06T21:57:38.315+0700] {logging_mixin.py:188} INFO - [2024-07-06T21:57:38.315+0700] {dag.py:3954} INFO - Setting next_dagrun for download_rocket_launches to None, run_after=None
[2024-07-06T21:57:38.335+0700] {processor.py:183} INFO - Processing /home/acer/Documents/coding/Python/airflow/custom_airflow/dags/rocket_dag.py took 0.095 seconds
[2024-07-06T21:58:32.774+0700] {processor.py:161} INFO - Started process (PID=14225) to work on /home/acer/Documents/coding/Python/airflow/custom_airflow/dags/rocket_dag.py
[2024-07-06T21:58:32.776+0700] {processor.py:830} INFO - Processing file /home/acer/Documents/coding/Python/airflow/custom_airflow/dags/rocket_dag.py for tasks to queue
[2024-07-06T21:58:32.779+0700] {logging_mixin.py:188} INFO - [2024-07-06T21:58:32.778+0700] {dagbag.py:545} INFO - Filling up the DagBag from /home/acer/Documents/coding/Python/airflow/custom_airflow/dags/rocket_dag.py
[2024-07-06T21:58:32.788+0700] {processor.py:840} INFO - DAG(s) 'download_rocket_launches' retrieved from /home/acer/Documents/coding/Python/airflow/custom_airflow/dags/rocket_dag.py
[2024-07-06T21:58:32.805+0700] {logging_mixin.py:188} INFO - [2024-07-06T21:58:32.804+0700] {dag.py:3096} INFO - Sync 1 DAGs
[2024-07-06T21:58:32.821+0700] {logging_mixin.py:188} INFO - [2024-07-06T21:58:32.821+0700] {dag.py:3954} INFO - Setting next_dagrun for download_rocket_launches to None, run_after=None
[2024-07-06T21:58:32.869+0700] {processor.py:183} INFO - Processing /home/acer/Documents/coding/Python/airflow/custom_airflow/dags/rocket_dag.py took 0.106 seconds
[2024-07-06T21:59:20.756+0700] {processor.py:161} INFO - Started process (PID=14478) to work on /home/acer/Documents/coding/Python/airflow/custom_airflow/dags/rocket_dag.py
[2024-07-06T21:59:20.758+0700] {processor.py:830} INFO - Processing file /home/acer/Documents/coding/Python/airflow/custom_airflow/dags/rocket_dag.py for tasks to queue
[2024-07-06T21:59:20.764+0700] {logging_mixin.py:188} INFO - [2024-07-06T21:59:20.763+0700] {dagbag.py:545} INFO - Filling up the DagBag from /home/acer/Documents/coding/Python/airflow/custom_airflow/dags/rocket_dag.py
[2024-07-06T21:59:20.781+0700] {processor.py:840} INFO - DAG(s) 'download_rocket_launches' retrieved from /home/acer/Documents/coding/Python/airflow/custom_airflow/dags/rocket_dag.py
[2024-07-06T21:59:20.801+0700] {logging_mixin.py:188} INFO - [2024-07-06T21:59:20.801+0700] {dag.py:3096} INFO - Sync 1 DAGs
[2024-07-06T21:59:20.813+0700] {logging_mixin.py:188} INFO - [2024-07-06T21:59:20.813+0700] {dag.py:3954} INFO - Setting next_dagrun for download_rocket_launches to None, run_after=None
[2024-07-06T21:59:20.834+0700] {processor.py:183} INFO - Processing /home/acer/Documents/coding/Python/airflow/custom_airflow/dags/rocket_dag.py took 0.095 seconds
[2024-07-06T22:00:12.317+0700] {processor.py:161} INFO - Started process (PID=14816) to work on /home/acer/Documents/coding/Python/airflow/custom_airflow/dags/rocket_dag.py
[2024-07-06T22:00:12.320+0700] {processor.py:830} INFO - Processing file /home/acer/Documents/coding/Python/airflow/custom_airflow/dags/rocket_dag.py for tasks to queue
[2024-07-06T22:00:12.323+0700] {logging_mixin.py:188} INFO - [2024-07-06T22:00:12.323+0700] {dagbag.py:545} INFO - Filling up the DagBag from /home/acer/Documents/coding/Python/airflow/custom_airflow/dags/rocket_dag.py
[2024-07-06T22:00:12.334+0700] {processor.py:840} INFO - DAG(s) 'download_rocket_launches' retrieved from /home/acer/Documents/coding/Python/airflow/custom_airflow/dags/rocket_dag.py
[2024-07-06T22:00:12.352+0700] {logging_mixin.py:188} INFO - [2024-07-06T22:00:12.351+0700] {dag.py:3096} INFO - Sync 1 DAGs
[2024-07-06T22:00:12.371+0700] {logging_mixin.py:188} INFO - [2024-07-06T22:00:12.370+0700] {dag.py:3954} INFO - Setting next_dagrun for download_rocket_launches to None, run_after=None
[2024-07-06T22:00:12.411+0700] {processor.py:183} INFO - Processing /home/acer/Documents/coding/Python/airflow/custom_airflow/dags/rocket_dag.py took 0.121 seconds
[2024-07-06T22:01:05.128+0700] {processor.py:161} INFO - Started process (PID=15096) to work on /home/acer/Documents/coding/Python/airflow/custom_airflow/dags/rocket_dag.py
[2024-07-06T22:01:05.129+0700] {processor.py:830} INFO - Processing file /home/acer/Documents/coding/Python/airflow/custom_airflow/dags/rocket_dag.py for tasks to queue
[2024-07-06T22:01:05.132+0700] {logging_mixin.py:188} INFO - [2024-07-06T22:01:05.131+0700] {dagbag.py:545} INFO - Filling up the DagBag from /home/acer/Documents/coding/Python/airflow/custom_airflow/dags/rocket_dag.py
[2024-07-06T22:01:05.140+0700] {processor.py:840} INFO - DAG(s) 'download_rocket_launches' retrieved from /home/acer/Documents/coding/Python/airflow/custom_airflow/dags/rocket_dag.py
[2024-07-06T22:01:05.155+0700] {logging_mixin.py:188} INFO - [2024-07-06T22:01:05.155+0700] {dag.py:3096} INFO - Sync 1 DAGs
[2024-07-06T22:01:05.167+0700] {logging_mixin.py:188} INFO - [2024-07-06T22:01:05.167+0700] {dag.py:3954} INFO - Setting next_dagrun for download_rocket_launches to None, run_after=None
[2024-07-06T22:01:05.188+0700] {processor.py:183} INFO - Processing /home/acer/Documents/coding/Python/airflow/custom_airflow/dags/rocket_dag.py took 0.066 seconds
[2024-07-06T22:02:06.858+0700] {processor.py:161} INFO - Started process (PID=15985) to work on /home/acer/Documents/coding/Python/airflow/custom_airflow/dags/rocket_dag.py
[2024-07-06T22:02:06.859+0700] {processor.py:830} INFO - Processing file /home/acer/Documents/coding/Python/airflow/custom_airflow/dags/rocket_dag.py for tasks to queue
[2024-07-06T22:02:06.860+0700] {logging_mixin.py:188} INFO - [2024-07-06T22:02:06.860+0700] {dagbag.py:545} INFO - Filling up the DagBag from /home/acer/Documents/coding/Python/airflow/custom_airflow/dags/rocket_dag.py
[2024-07-06T22:02:06.867+0700] {processor.py:840} INFO - DAG(s) 'download_rocket_launches' retrieved from /home/acer/Documents/coding/Python/airflow/custom_airflow/dags/rocket_dag.py
[2024-07-06T22:02:06.883+0700] {logging_mixin.py:188} INFO - [2024-07-06T22:02:06.883+0700] {dag.py:3096} INFO - Sync 1 DAGs
[2024-07-06T22:02:06.897+0700] {logging_mixin.py:188} INFO - [2024-07-06T22:02:06.897+0700] {dag.py:3954} INFO - Setting next_dagrun for download_rocket_launches to None, run_after=None
[2024-07-06T22:02:06.920+0700] {processor.py:183} INFO - Processing /home/acer/Documents/coding/Python/airflow/custom_airflow/dags/rocket_dag.py took 0.067 seconds
[2024-07-06T22:02:42.040+0700] {processor.py:161} INFO - Started process (PID=16254) to work on /home/acer/Documents/coding/Python/airflow/custom_airflow/dags/rocket_dag.py
[2024-07-06T22:02:42.042+0700] {processor.py:830} INFO - Processing file /home/acer/Documents/coding/Python/airflow/custom_airflow/dags/rocket_dag.py for tasks to queue
[2024-07-06T22:02:42.046+0700] {logging_mixin.py:188} INFO - [2024-07-06T22:02:42.045+0700] {dagbag.py:545} INFO - Filling up the DagBag from /home/acer/Documents/coding/Python/airflow/custom_airflow/dags/rocket_dag.py
[2024-07-06T22:02:42.056+0700] {processor.py:840} INFO - DAG(s) 'download_rocket_launches' retrieved from /home/acer/Documents/coding/Python/airflow/custom_airflow/dags/rocket_dag.py
[2024-07-06T22:02:42.071+0700] {logging_mixin.py:188} INFO - [2024-07-06T22:02:42.071+0700] {dag.py:3096} INFO - Sync 1 DAGs
[2024-07-06T22:02:42.083+0700] {logging_mixin.py:188} INFO - [2024-07-06T22:02:42.083+0700] {dag.py:3954} INFO - Setting next_dagrun for download_rocket_launches to None, run_after=None
[2024-07-06T22:02:42.104+0700] {processor.py:183} INFO - Processing /home/acer/Documents/coding/Python/airflow/custom_airflow/dags/rocket_dag.py took 0.084 seconds
[2024-07-06T22:03:32.686+0700] {processor.py:161} INFO - Started process (PID=16498) to work on /home/acer/Documents/coding/Python/airflow/custom_airflow/dags/rocket_dag.py
[2024-07-06T22:03:32.687+0700] {processor.py:830} INFO - Processing file /home/acer/Documents/coding/Python/airflow/custom_airflow/dags/rocket_dag.py for tasks to queue
[2024-07-06T22:03:32.689+0700] {logging_mixin.py:188} INFO - [2024-07-06T22:03:32.689+0700] {dagbag.py:545} INFO - Filling up the DagBag from /home/acer/Documents/coding/Python/airflow/custom_airflow/dags/rocket_dag.py
[2024-07-06T22:03:32.696+0700] {processor.py:840} INFO - DAG(s) 'download_rocket_launches' retrieved from /home/acer/Documents/coding/Python/airflow/custom_airflow/dags/rocket_dag.py
[2024-07-06T22:03:32.713+0700] {logging_mixin.py:188} INFO - [2024-07-06T22:03:32.713+0700] {dag.py:3096} INFO - Sync 1 DAGs
[2024-07-06T22:03:32.725+0700] {logging_mixin.py:188} INFO - [2024-07-06T22:03:32.725+0700] {dag.py:3954} INFO - Setting next_dagrun for download_rocket_launches to None, run_after=None
[2024-07-06T22:03:32.745+0700] {processor.py:183} INFO - Processing /home/acer/Documents/coding/Python/airflow/custom_airflow/dags/rocket_dag.py took 0.066 seconds
[2024-07-06T22:05:00.111+0700] {processor.py:161} INFO - Started process (PID=17488) to work on /home/acer/Documents/coding/Python/airflow/custom_airflow/dags/rocket_dag.py
[2024-07-06T22:05:00.115+0700] {processor.py:830} INFO - Processing file /home/acer/Documents/coding/Python/airflow/custom_airflow/dags/rocket_dag.py for tasks to queue
[2024-07-06T22:05:00.121+0700] {logging_mixin.py:188} INFO - [2024-07-06T22:05:00.120+0700] {dagbag.py:545} INFO - Filling up the DagBag from /home/acer/Documents/coding/Python/airflow/custom_airflow/dags/rocket_dag.py
[2024-07-06T22:05:00.140+0700] {processor.py:840} INFO - DAG(s) 'download_rocket_launches' retrieved from /home/acer/Documents/coding/Python/airflow/custom_airflow/dags/rocket_dag.py
[2024-07-06T22:05:00.164+0700] {logging_mixin.py:188} INFO - [2024-07-06T22:05:00.164+0700] {dag.py:3096} INFO - Sync 1 DAGs
[2024-07-06T22:05:00.180+0700] {logging_mixin.py:188} INFO - [2024-07-06T22:05:00.180+0700] {dag.py:3954} INFO - Setting next_dagrun for download_rocket_launches to None, run_after=None
[2024-07-06T22:05:00.202+0700] {processor.py:183} INFO - Processing /home/acer/Documents/coding/Python/airflow/custom_airflow/dags/rocket_dag.py took 0.118 seconds
[2024-07-06T22:05:53.931+0700] {processor.py:161} INFO - Started process (PID=17805) to work on /home/acer/Documents/coding/Python/airflow/custom_airflow/dags/rocket_dag.py
[2024-07-06T22:05:53.932+0700] {processor.py:830} INFO - Processing file /home/acer/Documents/coding/Python/airflow/custom_airflow/dags/rocket_dag.py for tasks to queue
[2024-07-06T22:05:53.933+0700] {logging_mixin.py:188} INFO - [2024-07-06T22:05:53.933+0700] {dagbag.py:545} INFO - Filling up the DagBag from /home/acer/Documents/coding/Python/airflow/custom_airflow/dags/rocket_dag.py
[2024-07-06T22:05:53.940+0700] {processor.py:840} INFO - DAG(s) 'download_rocket_launches' retrieved from /home/acer/Documents/coding/Python/airflow/custom_airflow/dags/rocket_dag.py
[2024-07-06T22:05:53.954+0700] {logging_mixin.py:188} INFO - [2024-07-06T22:05:53.954+0700] {dag.py:3096} INFO - Sync 1 DAGs
[2024-07-06T22:05:53.966+0700] {logging_mixin.py:188} INFO - [2024-07-06T22:05:53.966+0700] {dag.py:3954} INFO - Setting next_dagrun for download_rocket_launches to None, run_after=None
[2024-07-06T22:05:53.987+0700] {processor.py:183} INFO - Processing /home/acer/Documents/coding/Python/airflow/custom_airflow/dags/rocket_dag.py took 0.062 seconds
[2024-07-06T22:06:40.189+0700] {processor.py:161} INFO - Started process (PID=18195) to work on /home/acer/Documents/coding/Python/airflow/custom_airflow/dags/rocket_dag.py
[2024-07-06T22:06:40.190+0700] {processor.py:830} INFO - Processing file /home/acer/Documents/coding/Python/airflow/custom_airflow/dags/rocket_dag.py for tasks to queue
[2024-07-06T22:06:40.192+0700] {logging_mixin.py:188} INFO - [2024-07-06T22:06:40.192+0700] {dagbag.py:545} INFO - Filling up the DagBag from /home/acer/Documents/coding/Python/airflow/custom_airflow/dags/rocket_dag.py
[2024-07-06T22:06:40.200+0700] {processor.py:840} INFO - DAG(s) 'download_rocket_launches' retrieved from /home/acer/Documents/coding/Python/airflow/custom_airflow/dags/rocket_dag.py
[2024-07-06T22:06:40.216+0700] {logging_mixin.py:188} INFO - [2024-07-06T22:06:40.216+0700] {dag.py:3096} INFO - Sync 1 DAGs
[2024-07-06T22:06:40.228+0700] {logging_mixin.py:188} INFO - [2024-07-06T22:06:40.228+0700] {dag.py:3954} INFO - Setting next_dagrun for download_rocket_launches to None, run_after=None
[2024-07-06T22:06:40.251+0700] {processor.py:183} INFO - Processing /home/acer/Documents/coding/Python/airflow/custom_airflow/dags/rocket_dag.py took 0.068 seconds
[2024-07-06T22:07:34.673+0700] {processor.py:161} INFO - Started process (PID=18599) to work on /home/acer/Documents/coding/Python/airflow/custom_airflow/dags/rocket_dag.py
[2024-07-06T22:07:34.676+0700] {processor.py:830} INFO - Processing file /home/acer/Documents/coding/Python/airflow/custom_airflow/dags/rocket_dag.py for tasks to queue
[2024-07-06T22:07:34.680+0700] {logging_mixin.py:188} INFO - [2024-07-06T22:07:34.679+0700] {dagbag.py:545} INFO - Filling up the DagBag from /home/acer/Documents/coding/Python/airflow/custom_airflow/dags/rocket_dag.py
[2024-07-06T22:07:34.692+0700] {processor.py:840} INFO - DAG(s) 'download_rocket_launches' retrieved from /home/acer/Documents/coding/Python/airflow/custom_airflow/dags/rocket_dag.py
[2024-07-06T22:07:34.716+0700] {logging_mixin.py:188} INFO - [2024-07-06T22:07:34.716+0700] {dag.py:3096} INFO - Sync 1 DAGs
[2024-07-06T22:07:34.735+0700] {logging_mixin.py:188} INFO - [2024-07-06T22:07:34.734+0700] {dag.py:3954} INFO - Setting next_dagrun for download_rocket_launches to None, run_after=None
[2024-07-06T22:07:34.769+0700] {processor.py:183} INFO - Processing /home/acer/Documents/coding/Python/airflow/custom_airflow/dags/rocket_dag.py took 0.107 seconds
[2024-07-06T22:08:31.434+0700] {processor.py:161} INFO - Started process (PID=18896) to work on /home/acer/Documents/coding/Python/airflow/custom_airflow/dags/rocket_dag.py
[2024-07-06T22:08:31.435+0700] {processor.py:830} INFO - Processing file /home/acer/Documents/coding/Python/airflow/custom_airflow/dags/rocket_dag.py for tasks to queue
[2024-07-06T22:08:31.437+0700] {logging_mixin.py:188} INFO - [2024-07-06T22:08:31.437+0700] {dagbag.py:545} INFO - Filling up the DagBag from /home/acer/Documents/coding/Python/airflow/custom_airflow/dags/rocket_dag.py
[2024-07-06T22:08:31.444+0700] {processor.py:840} INFO - DAG(s) 'download_rocket_launches' retrieved from /home/acer/Documents/coding/Python/airflow/custom_airflow/dags/rocket_dag.py
[2024-07-06T22:08:31.458+0700] {logging_mixin.py:188} INFO - [2024-07-06T22:08:31.458+0700] {dag.py:3096} INFO - Sync 1 DAGs
[2024-07-06T22:08:31.474+0700] {logging_mixin.py:188} INFO - [2024-07-06T22:08:31.473+0700] {dag.py:3954} INFO - Setting next_dagrun for download_rocket_launches to None, run_after=None
[2024-07-06T22:08:31.517+0700] {processor.py:183} INFO - Processing /home/acer/Documents/coding/Python/airflow/custom_airflow/dags/rocket_dag.py took 0.088 seconds
[2024-07-06T22:09:26.079+0700] {processor.py:161} INFO - Started process (PID=19191) to work on /home/acer/Documents/coding/Python/airflow/custom_airflow/dags/rocket_dag.py
[2024-07-06T22:09:26.081+0700] {processor.py:830} INFO - Processing file /home/acer/Documents/coding/Python/airflow/custom_airflow/dags/rocket_dag.py for tasks to queue
[2024-07-06T22:09:26.083+0700] {logging_mixin.py:188} INFO - [2024-07-06T22:09:26.083+0700] {dagbag.py:545} INFO - Filling up the DagBag from /home/acer/Documents/coding/Python/airflow/custom_airflow/dags/rocket_dag.py
[2024-07-06T22:09:26.092+0700] {processor.py:840} INFO - DAG(s) 'download_rocket_launches' retrieved from /home/acer/Documents/coding/Python/airflow/custom_airflow/dags/rocket_dag.py
[2024-07-06T22:09:26.113+0700] {logging_mixin.py:188} INFO - [2024-07-06T22:09:26.112+0700] {dag.py:3096} INFO - Sync 1 DAGs
[2024-07-06T22:09:26.129+0700] {logging_mixin.py:188} INFO - [2024-07-06T22:09:26.128+0700] {dag.py:3954} INFO - Setting next_dagrun for download_rocket_launches to None, run_after=None
[2024-07-06T22:09:26.158+0700] {processor.py:183} INFO - Processing /home/acer/Documents/coding/Python/airflow/custom_airflow/dags/rocket_dag.py took 0.090 seconds
[2024-07-06T22:09:57.187+0700] {processor.py:161} INFO - Started process (PID=19342) to work on /home/acer/Documents/coding/Python/airflow/custom_airflow/dags/rocket_dag.py
[2024-07-06T22:09:57.188+0700] {processor.py:830} INFO - Processing file /home/acer/Documents/coding/Python/airflow/custom_airflow/dags/rocket_dag.py for tasks to queue
[2024-07-06T22:09:57.191+0700] {logging_mixin.py:188} INFO - [2024-07-06T22:09:57.190+0700] {dagbag.py:545} INFO - Filling up the DagBag from /home/acer/Documents/coding/Python/airflow/custom_airflow/dags/rocket_dag.py
[2024-07-06T22:09:57.200+0700] {processor.py:840} INFO - DAG(s) 'download_rocket_launches' retrieved from /home/acer/Documents/coding/Python/airflow/custom_airflow/dags/rocket_dag.py
[2024-07-06T22:09:57.226+0700] {logging_mixin.py:188} INFO - [2024-07-06T22:09:57.225+0700] {dag.py:3096} INFO - Sync 1 DAGs
[2024-07-06T22:09:57.246+0700] {logging_mixin.py:188} INFO - [2024-07-06T22:09:57.245+0700] {dag.py:3954} INFO - Setting next_dagrun for download_rocket_launches to None, run_after=None
[2024-07-06T22:09:57.277+0700] {processor.py:183} INFO - Processing /home/acer/Documents/coding/Python/airflow/custom_airflow/dags/rocket_dag.py took 0.100 seconds
[2024-07-06T22:10:29.901+0700] {processor.py:161} INFO - Started process (PID=19553) to work on /home/acer/Documents/coding/Python/airflow/custom_airflow/dags/rocket_dag.py
[2024-07-06T22:10:29.902+0700] {processor.py:830} INFO - Processing file /home/acer/Documents/coding/Python/airflow/custom_airflow/dags/rocket_dag.py for tasks to queue
[2024-07-06T22:10:29.904+0700] {logging_mixin.py:188} INFO - [2024-07-06T22:10:29.903+0700] {dagbag.py:545} INFO - Filling up the DagBag from /home/acer/Documents/coding/Python/airflow/custom_airflow/dags/rocket_dag.py
[2024-07-06T22:10:29.911+0700] {processor.py:840} INFO - DAG(s) 'download_rocket_launches' retrieved from /home/acer/Documents/coding/Python/airflow/custom_airflow/dags/rocket_dag.py
[2024-07-06T22:10:29.927+0700] {logging_mixin.py:188} INFO - [2024-07-06T22:10:29.926+0700] {dag.py:3096} INFO - Sync 1 DAGs
[2024-07-06T22:10:29.942+0700] {logging_mixin.py:188} INFO - [2024-07-06T22:10:29.942+0700] {dag.py:3954} INFO - Setting next_dagrun for download_rocket_launches to None, run_after=None
[2024-07-06T22:10:29.973+0700] {processor.py:183} INFO - Processing /home/acer/Documents/coding/Python/airflow/custom_airflow/dags/rocket_dag.py took 0.077 seconds
[2024-07-06T22:11:01.559+0700] {processor.py:161} INFO - Started process (PID=19751) to work on /home/acer/Documents/coding/Python/airflow/custom_airflow/dags/rocket_dag.py
[2024-07-06T22:11:01.561+0700] {processor.py:830} INFO - Processing file /home/acer/Documents/coding/Python/airflow/custom_airflow/dags/rocket_dag.py for tasks to queue
[2024-07-06T22:11:01.565+0700] {logging_mixin.py:188} INFO - [2024-07-06T22:11:01.564+0700] {dagbag.py:545} INFO - Filling up the DagBag from /home/acer/Documents/coding/Python/airflow/custom_airflow/dags/rocket_dag.py
[2024-07-06T22:11:01.584+0700] {processor.py:840} INFO - DAG(s) 'download_rocket_launches' retrieved from /home/acer/Documents/coding/Python/airflow/custom_airflow/dags/rocket_dag.py
[2024-07-06T22:11:01.618+0700] {logging_mixin.py:188} INFO - [2024-07-06T22:11:01.617+0700] {dag.py:3096} INFO - Sync 1 DAGs
[2024-07-06T22:11:01.648+0700] {logging_mixin.py:188} INFO - [2024-07-06T22:11:01.647+0700] {dag.py:3954} INFO - Setting next_dagrun for download_rocket_launches to None, run_after=None
[2024-07-06T22:11:01.680+0700] {processor.py:183} INFO - Processing /home/acer/Documents/coding/Python/airflow/custom_airflow/dags/rocket_dag.py took 0.137 seconds
[2024-07-06T22:11:33.402+0700] {processor.py:161} INFO - Started process (PID=19900) to work on /home/acer/Documents/coding/Python/airflow/custom_airflow/dags/rocket_dag.py
[2024-07-06T22:11:33.408+0700] {processor.py:830} INFO - Processing file /home/acer/Documents/coding/Python/airflow/custom_airflow/dags/rocket_dag.py for tasks to queue
[2024-07-06T22:11:33.413+0700] {logging_mixin.py:188} INFO - [2024-07-06T22:11:33.412+0700] {dagbag.py:545} INFO - Filling up the DagBag from /home/acer/Documents/coding/Python/airflow/custom_airflow/dags/rocket_dag.py
[2024-07-06T22:11:33.423+0700] {processor.py:840} INFO - DAG(s) 'download_rocket_launches' retrieved from /home/acer/Documents/coding/Python/airflow/custom_airflow/dags/rocket_dag.py
[2024-07-06T22:11:33.442+0700] {logging_mixin.py:188} INFO - [2024-07-06T22:11:33.441+0700] {dag.py:3096} INFO - Sync 1 DAGs
[2024-07-06T22:11:33.457+0700] {logging_mixin.py:188} INFO - [2024-07-06T22:11:33.456+0700] {dag.py:3954} INFO - Setting next_dagrun for download_rocket_launches to None, run_after=None
[2024-07-06T22:11:33.486+0700] {processor.py:183} INFO - Processing /home/acer/Documents/coding/Python/airflow/custom_airflow/dags/rocket_dag.py took 0.097 seconds
[2024-07-06T22:12:04.681+0700] {processor.py:161} INFO - Started process (PID=20061) to work on /home/acer/Documents/coding/Python/airflow/custom_airflow/dags/rocket_dag.py
[2024-07-06T22:12:04.687+0700] {processor.py:830} INFO - Processing file /home/acer/Documents/coding/Python/airflow/custom_airflow/dags/rocket_dag.py for tasks to queue
[2024-07-06T22:12:04.692+0700] {logging_mixin.py:188} INFO - [2024-07-06T22:12:04.690+0700] {dagbag.py:545} INFO - Filling up the DagBag from /home/acer/Documents/coding/Python/airflow/custom_airflow/dags/rocket_dag.py
[2024-07-06T22:12:04.704+0700] {processor.py:840} INFO - DAG(s) 'download_rocket_launches' retrieved from /home/acer/Documents/coding/Python/airflow/custom_airflow/dags/rocket_dag.py
[2024-07-06T22:12:04.738+0700] {logging_mixin.py:188} INFO - [2024-07-06T22:12:04.737+0700] {dag.py:3096} INFO - Sync 1 DAGs
[2024-07-06T22:12:04.754+0700] {logging_mixin.py:188} INFO - [2024-07-06T22:12:04.754+0700] {dag.py:3954} INFO - Setting next_dagrun for download_rocket_launches to None, run_after=None
[2024-07-06T22:12:04.783+0700] {processor.py:183} INFO - Processing /home/acer/Documents/coding/Python/airflow/custom_airflow/dags/rocket_dag.py took 0.117 seconds
[2024-07-06T22:13:03.642+0700] {processor.py:161} INFO - Started process (PID=20403) to work on /home/acer/Documents/coding/Python/airflow/custom_airflow/dags/rocket_dag.py
[2024-07-06T22:13:03.646+0700] {processor.py:830} INFO - Processing file /home/acer/Documents/coding/Python/airflow/custom_airflow/dags/rocket_dag.py for tasks to queue
[2024-07-06T22:13:03.650+0700] {logging_mixin.py:188} INFO - [2024-07-06T22:13:03.650+0700] {dagbag.py:545} INFO - Filling up the DagBag from /home/acer/Documents/coding/Python/airflow/custom_airflow/dags/rocket_dag.py
[2024-07-06T22:13:03.667+0700] {processor.py:840} INFO - DAG(s) 'download_rocket_launches' retrieved from /home/acer/Documents/coding/Python/airflow/custom_airflow/dags/rocket_dag.py
[2024-07-06T22:13:03.691+0700] {logging_mixin.py:188} INFO - [2024-07-06T22:13:03.691+0700] {dag.py:3096} INFO - Sync 1 DAGs
[2024-07-06T22:13:03.714+0700] {logging_mixin.py:188} INFO - [2024-07-06T22:13:03.714+0700] {dag.py:3954} INFO - Setting next_dagrun for download_rocket_launches to None, run_after=None
[2024-07-06T22:13:03.750+0700] {processor.py:183} INFO - Processing /home/acer/Documents/coding/Python/airflow/custom_airflow/dags/rocket_dag.py took 0.115 seconds
[2024-07-06T22:14:03.217+0700] {processor.py:161} INFO - Started process (PID=20747) to work on /home/acer/Documents/coding/Python/airflow/custom_airflow/dags/rocket_dag.py
[2024-07-06T22:14:03.219+0700] {processor.py:830} INFO - Processing file /home/acer/Documents/coding/Python/airflow/custom_airflow/dags/rocket_dag.py for tasks to queue
[2024-07-06T22:14:03.222+0700] {logging_mixin.py:188} INFO - [2024-07-06T22:14:03.221+0700] {dagbag.py:545} INFO - Filling up the DagBag from /home/acer/Documents/coding/Python/airflow/custom_airflow/dags/rocket_dag.py
[2024-07-06T22:14:03.235+0700] {processor.py:840} INFO - DAG(s) 'download_rocket_launches' retrieved from /home/acer/Documents/coding/Python/airflow/custom_airflow/dags/rocket_dag.py
[2024-07-06T22:14:03.264+0700] {logging_mixin.py:188} INFO - [2024-07-06T22:14:03.263+0700] {dag.py:3096} INFO - Sync 1 DAGs
[2024-07-06T22:14:03.283+0700] {logging_mixin.py:188} INFO - [2024-07-06T22:14:03.283+0700] {dag.py:3954} INFO - Setting next_dagrun for download_rocket_launches to None, run_after=None
[2024-07-06T22:14:03.307+0700] {processor.py:183} INFO - Processing /home/acer/Documents/coding/Python/airflow/custom_airflow/dags/rocket_dag.py took 0.103 seconds
[2024-07-06T22:15:04.138+0700] {processor.py:161} INFO - Started process (PID=21088) to work on /home/acer/Documents/coding/Python/airflow/custom_airflow/dags/rocket_dag.py
[2024-07-06T22:15:04.140+0700] {processor.py:830} INFO - Processing file /home/acer/Documents/coding/Python/airflow/custom_airflow/dags/rocket_dag.py for tasks to queue
[2024-07-06T22:15:04.144+0700] {logging_mixin.py:188} INFO - [2024-07-06T22:15:04.144+0700] {dagbag.py:545} INFO - Filling up the DagBag from /home/acer/Documents/coding/Python/airflow/custom_airflow/dags/rocket_dag.py
[2024-07-06T22:15:04.157+0700] {processor.py:840} INFO - DAG(s) 'download_rocket_launches' retrieved from /home/acer/Documents/coding/Python/airflow/custom_airflow/dags/rocket_dag.py
[2024-07-06T22:15:04.184+0700] {logging_mixin.py:188} INFO - [2024-07-06T22:15:04.183+0700] {dag.py:3096} INFO - Sync 1 DAGs
[2024-07-06T22:15:04.200+0700] {logging_mixin.py:188} INFO - [2024-07-06T22:15:04.200+0700] {dag.py:3954} INFO - Setting next_dagrun for download_rocket_launches to None, run_after=None
[2024-07-06T22:15:04.234+0700] {processor.py:183} INFO - Processing /home/acer/Documents/coding/Python/airflow/custom_airflow/dags/rocket_dag.py took 0.113 seconds
[2024-07-06T22:15:36.525+0700] {processor.py:161} INFO - Started process (PID=21330) to work on /home/acer/Documents/coding/Python/airflow/custom_airflow/dags/rocket_dag.py
[2024-07-06T22:15:36.526+0700] {processor.py:830} INFO - Processing file /home/acer/Documents/coding/Python/airflow/custom_airflow/dags/rocket_dag.py for tasks to queue
[2024-07-06T22:15:36.529+0700] {logging_mixin.py:188} INFO - [2024-07-06T22:15:36.528+0700] {dagbag.py:545} INFO - Filling up the DagBag from /home/acer/Documents/coding/Python/airflow/custom_airflow/dags/rocket_dag.py
[2024-07-06T22:15:36.549+0700] {processor.py:840} INFO - DAG(s) 'download_rocket_launches' retrieved from /home/acer/Documents/coding/Python/airflow/custom_airflow/dags/rocket_dag.py
[2024-07-06T22:15:36.568+0700] {logging_mixin.py:188} INFO - [2024-07-06T22:15:36.567+0700] {dag.py:3096} INFO - Sync 1 DAGs
[2024-07-06T22:15:36.585+0700] {logging_mixin.py:188} INFO - [2024-07-06T22:15:36.584+0700] {dag.py:3954} INFO - Setting next_dagrun for download_rocket_launches to None, run_after=None
[2024-07-06T22:15:36.612+0700] {processor.py:183} INFO - Processing /home/acer/Documents/coding/Python/airflow/custom_airflow/dags/rocket_dag.py took 0.103 seconds
[2024-07-06T22:16:06.898+0700] {processor.py:161} INFO - Started process (PID=21483) to work on /home/acer/Documents/coding/Python/airflow/custom_airflow/dags/rocket_dag.py
[2024-07-06T22:16:06.911+0700] {processor.py:830} INFO - Processing file /home/acer/Documents/coding/Python/airflow/custom_airflow/dags/rocket_dag.py for tasks to queue
[2024-07-06T22:16:06.914+0700] {logging_mixin.py:188} INFO - [2024-07-06T22:16:06.913+0700] {dagbag.py:545} INFO - Filling up the DagBag from /home/acer/Documents/coding/Python/airflow/custom_airflow/dags/rocket_dag.py
[2024-07-06T22:16:06.925+0700] {processor.py:840} INFO - DAG(s) 'download_rocket_launches' retrieved from /home/acer/Documents/coding/Python/airflow/custom_airflow/dags/rocket_dag.py
[2024-07-06T22:16:06.954+0700] {logging_mixin.py:188} INFO - [2024-07-06T22:16:06.953+0700] {dag.py:3096} INFO - Sync 1 DAGs
[2024-07-06T22:16:06.971+0700] {logging_mixin.py:188} INFO - [2024-07-06T22:16:06.970+0700] {dag.py:3954} INFO - Setting next_dagrun for download_rocket_launches to None, run_after=None
[2024-07-06T22:16:07.000+0700] {processor.py:183} INFO - Processing /home/acer/Documents/coding/Python/airflow/custom_airflow/dags/rocket_dag.py took 0.116 seconds
[2024-07-06T22:17:00.531+0700] {processor.py:161} INFO - Started process (PID=21760) to work on /home/acer/Documents/coding/Python/airflow/custom_airflow/dags/rocket_dag.py
[2024-07-06T22:17:00.538+0700] {processor.py:830} INFO - Processing file /home/acer/Documents/coding/Python/airflow/custom_airflow/dags/rocket_dag.py for tasks to queue
[2024-07-06T22:17:00.546+0700] {logging_mixin.py:188} INFO - [2024-07-06T22:17:00.544+0700] {dagbag.py:545} INFO - Filling up the DagBag from /home/acer/Documents/coding/Python/airflow/custom_airflow/dags/rocket_dag.py
[2024-07-06T22:17:00.572+0700] {processor.py:840} INFO - DAG(s) 'download_rocket_launches' retrieved from /home/acer/Documents/coding/Python/airflow/custom_airflow/dags/rocket_dag.py
[2024-07-06T22:17:00.597+0700] {logging_mixin.py:188} INFO - [2024-07-06T22:17:00.597+0700] {dag.py:3096} INFO - Sync 1 DAGs
[2024-07-06T22:17:00.614+0700] {logging_mixin.py:188} INFO - [2024-07-06T22:17:00.614+0700] {dag.py:3954} INFO - Setting next_dagrun for download_rocket_launches to None, run_after=None
[2024-07-06T22:17:00.638+0700] {processor.py:183} INFO - Processing /home/acer/Documents/coding/Python/airflow/custom_airflow/dags/rocket_dag.py took 0.127 seconds
[2024-07-06T22:18:00.873+0700] {processor.py:161} INFO - Started process (PID=22099) to work on /home/acer/Documents/coding/Python/airflow/custom_airflow/dags/rocket_dag.py
[2024-07-06T22:18:00.874+0700] {processor.py:830} INFO - Processing file /home/acer/Documents/coding/Python/airflow/custom_airflow/dags/rocket_dag.py for tasks to queue
[2024-07-06T22:18:00.876+0700] {logging_mixin.py:188} INFO - [2024-07-06T22:18:00.876+0700] {dagbag.py:545} INFO - Filling up the DagBag from /home/acer/Documents/coding/Python/airflow/custom_airflow/dags/rocket_dag.py
[2024-07-06T22:18:00.887+0700] {processor.py:840} INFO - DAG(s) 'download_rocket_launches' retrieved from /home/acer/Documents/coding/Python/airflow/custom_airflow/dags/rocket_dag.py
[2024-07-06T22:18:00.912+0700] {logging_mixin.py:188} INFO - [2024-07-06T22:18:00.911+0700] {dag.py:3096} INFO - Sync 1 DAGs
[2024-07-06T22:18:00.932+0700] {logging_mixin.py:188} INFO - [2024-07-06T22:18:00.931+0700] {dag.py:3954} INFO - Setting next_dagrun for download_rocket_launches to None, run_after=None
[2024-07-06T22:18:00.963+0700] {processor.py:183} INFO - Processing /home/acer/Documents/coding/Python/airflow/custom_airflow/dags/rocket_dag.py took 0.101 seconds
[2024-07-06T22:18:33.466+0700] {processor.py:161} INFO - Started process (PID=22258) to work on /home/acer/Documents/coding/Python/airflow/custom_airflow/dags/rocket_dag.py
[2024-07-06T22:18:33.468+0700] {processor.py:830} INFO - Processing file /home/acer/Documents/coding/Python/airflow/custom_airflow/dags/rocket_dag.py for tasks to queue
[2024-07-06T22:18:33.472+0700] {logging_mixin.py:188} INFO - [2024-07-06T22:18:33.471+0700] {dagbag.py:545} INFO - Filling up the DagBag from /home/acer/Documents/coding/Python/airflow/custom_airflow/dags/rocket_dag.py
[2024-07-06T22:18:33.486+0700] {processor.py:840} INFO - DAG(s) 'download_rocket_launches' retrieved from /home/acer/Documents/coding/Python/airflow/custom_airflow/dags/rocket_dag.py
[2024-07-06T22:18:33.526+0700] {logging_mixin.py:188} INFO - [2024-07-06T22:18:33.526+0700] {dag.py:3096} INFO - Sync 1 DAGs
[2024-07-06T22:18:33.550+0700] {logging_mixin.py:188} INFO - [2024-07-06T22:18:33.550+0700] {dag.py:3954} INFO - Setting next_dagrun for download_rocket_launches to None, run_after=None
[2024-07-06T22:18:33.582+0700] {processor.py:183} INFO - Processing /home/acer/Documents/coding/Python/airflow/custom_airflow/dags/rocket_dag.py took 0.134 seconds
[2024-07-06T22:19:05.130+0700] {processor.py:161} INFO - Started process (PID=22426) to work on /home/acer/Documents/coding/Python/airflow/custom_airflow/dags/rocket_dag.py
[2024-07-06T22:19:05.132+0700] {processor.py:830} INFO - Processing file /home/acer/Documents/coding/Python/airflow/custom_airflow/dags/rocket_dag.py for tasks to queue
[2024-07-06T22:19:05.137+0700] {logging_mixin.py:188} INFO - [2024-07-06T22:19:05.136+0700] {dagbag.py:545} INFO - Filling up the DagBag from /home/acer/Documents/coding/Python/airflow/custom_airflow/dags/rocket_dag.py
[2024-07-06T22:19:05.160+0700] {processor.py:840} INFO - DAG(s) 'download_rocket_launches' retrieved from /home/acer/Documents/coding/Python/airflow/custom_airflow/dags/rocket_dag.py
[2024-07-06T22:19:05.190+0700] {logging_mixin.py:188} INFO - [2024-07-06T22:19:05.189+0700] {dag.py:3096} INFO - Sync 1 DAGs
[2024-07-06T22:19:05.205+0700] {logging_mixin.py:188} INFO - [2024-07-06T22:19:05.205+0700] {dag.py:3954} INFO - Setting next_dagrun for download_rocket_launches to None, run_after=None
[2024-07-06T22:19:05.233+0700] {processor.py:183} INFO - Processing /home/acer/Documents/coding/Python/airflow/custom_airflow/dags/rocket_dag.py took 0.125 seconds
[2024-07-06T22:20:06.158+0700] {processor.py:161} INFO - Started process (PID=22760) to work on /home/acer/Documents/coding/Python/airflow/custom_airflow/dags/rocket_dag.py
[2024-07-06T22:20:06.160+0700] {processor.py:830} INFO - Processing file /home/acer/Documents/coding/Python/airflow/custom_airflow/dags/rocket_dag.py for tasks to queue
[2024-07-06T22:20:06.163+0700] {logging_mixin.py:188} INFO - [2024-07-06T22:20:06.162+0700] {dagbag.py:545} INFO - Filling up the DagBag from /home/acer/Documents/coding/Python/airflow/custom_airflow/dags/rocket_dag.py
[2024-07-06T22:20:06.176+0700] {processor.py:840} INFO - DAG(s) 'download_rocket_launches' retrieved from /home/acer/Documents/coding/Python/airflow/custom_airflow/dags/rocket_dag.py
[2024-07-06T22:20:06.201+0700] {logging_mixin.py:188} INFO - [2024-07-06T22:20:06.201+0700] {dag.py:3096} INFO - Sync 1 DAGs
[2024-07-06T22:20:06.219+0700] {logging_mixin.py:188} INFO - [2024-07-06T22:20:06.219+0700] {dag.py:3954} INFO - Setting next_dagrun for download_rocket_launches to None, run_after=None
[2024-07-06T22:20:06.245+0700] {processor.py:183} INFO - Processing /home/acer/Documents/coding/Python/airflow/custom_airflow/dags/rocket_dag.py took 0.102 seconds
[2024-07-06T22:21:07.270+0700] {processor.py:161} INFO - Started process (PID=23076) to work on /home/acer/Documents/coding/Python/airflow/custom_airflow/dags/rocket_dag.py
[2024-07-06T22:21:07.271+0700] {processor.py:830} INFO - Processing file /home/acer/Documents/coding/Python/airflow/custom_airflow/dags/rocket_dag.py for tasks to queue
[2024-07-06T22:21:07.275+0700] {logging_mixin.py:188} INFO - [2024-07-06T22:21:07.274+0700] {dagbag.py:545} INFO - Filling up the DagBag from /home/acer/Documents/coding/Python/airflow/custom_airflow/dags/rocket_dag.py
[2024-07-06T22:21:07.284+0700] {processor.py:840} INFO - DAG(s) 'download_rocket_launches' retrieved from /home/acer/Documents/coding/Python/airflow/custom_airflow/dags/rocket_dag.py
[2024-07-06T22:21:07.303+0700] {logging_mixin.py:188} INFO - [2024-07-06T22:21:07.302+0700] {dag.py:3096} INFO - Sync 1 DAGs
[2024-07-06T22:21:07.318+0700] {logging_mixin.py:188} INFO - [2024-07-06T22:21:07.317+0700] {dag.py:3954} INFO - Setting next_dagrun for download_rocket_launches to None, run_after=None
[2024-07-06T22:21:07.338+0700] {processor.py:183} INFO - Processing /home/acer/Documents/coding/Python/airflow/custom_airflow/dags/rocket_dag.py took 0.079 seconds
