[2024-07-06T16:08:40.015+0700] {processor.py:161} INFO - Started process (PID=51053) to work on /home/acer/.local/share/virtualenvs/custom_airflow-E5ZHcY_K/lib/python3.12/site-packages/airflow/example_dags/plugins/event_listener.py
[2024-07-06T16:08:40.017+0700] {processor.py:830} INFO - Processing file /home/acer/.local/share/virtualenvs/custom_airflow-E5ZHcY_K/lib/python3.12/site-packages/airflow/example_dags/plugins/event_listener.py for tasks to queue
[2024-07-06T16:08:40.019+0700] {logging_mixin.py:188} INFO - [2024-07-06T16:08:40.019+0700] {dagbag.py:545} INFO - Filling up the DagBag from /home/acer/.local/share/virtualenvs/custom_airflow-E5ZHcY_K/lib/python3.12/site-packages/airflow/example_dags/plugins/event_listener.py
[2024-07-06T16:08:40.023+0700] {processor.py:842} WARNING - No viable dags retrieved from /home/acer/.local/share/virtualenvs/custom_airflow-E5ZHcY_K/lib/python3.12/site-packages/airflow/example_dags/plugins/event_listener.py
[2024-07-06T16:08:40.036+0700] {processor.py:183} INFO - Processing /home/acer/.local/share/virtualenvs/custom_airflow-E5ZHcY_K/lib/python3.12/site-packages/airflow/example_dags/plugins/event_listener.py took 0.031 seconds
[2024-07-06T16:09:42.522+0700] {processor.py:161} INFO - Started process (PID=51539) to work on /home/acer/.local/share/virtualenvs/custom_airflow-E5ZHcY_K/lib/python3.12/site-packages/airflow/example_dags/plugins/event_listener.py
[2024-07-06T16:09:42.525+0700] {processor.py:830} INFO - Processing file /home/acer/.local/share/virtualenvs/custom_airflow-E5ZHcY_K/lib/python3.12/site-packages/airflow/example_dags/plugins/event_listener.py for tasks to queue
[2024-07-06T16:09:42.528+0700] {logging_mixin.py:188} INFO - [2024-07-06T16:09:42.527+0700] {dagbag.py:545} INFO - Filling up the DagBag from /home/acer/.local/share/virtualenvs/custom_airflow-E5ZHcY_K/lib/python3.12/site-packages/airflow/example_dags/plugins/event_listener.py
[2024-07-06T16:09:42.532+0700] {processor.py:842} WARNING - No viable dags retrieved from /home/acer/.local/share/virtualenvs/custom_airflow-E5ZHcY_K/lib/python3.12/site-packages/airflow/example_dags/plugins/event_listener.py
[2024-07-06T16:09:42.545+0700] {processor.py:183} INFO - Processing /home/acer/.local/share/virtualenvs/custom_airflow-E5ZHcY_K/lib/python3.12/site-packages/airflow/example_dags/plugins/event_listener.py took 0.043 seconds
[2024-07-06T16:10:34.170+0700] {processor.py:161} INFO - Started process (PID=51958) to work on /home/acer/.local/share/virtualenvs/custom_airflow-E5ZHcY_K/lib/python3.12/site-packages/airflow/example_dags/plugins/event_listener.py
[2024-07-06T16:10:34.173+0700] {processor.py:830} INFO - Processing file /home/acer/.local/share/virtualenvs/custom_airflow-E5ZHcY_K/lib/python3.12/site-packages/airflow/example_dags/plugins/event_listener.py for tasks to queue
[2024-07-06T16:10:34.177+0700] {logging_mixin.py:188} INFO - [2024-07-06T16:10:34.175+0700] {dagbag.py:545} INFO - Filling up the DagBag from /home/acer/.local/share/virtualenvs/custom_airflow-E5ZHcY_K/lib/python3.12/site-packages/airflow/example_dags/plugins/event_listener.py
[2024-07-06T16:10:34.182+0700] {processor.py:842} WARNING - No viable dags retrieved from /home/acer/.local/share/virtualenvs/custom_airflow-E5ZHcY_K/lib/python3.12/site-packages/airflow/example_dags/plugins/event_listener.py
[2024-07-06T16:10:34.198+0700] {processor.py:183} INFO - Processing /home/acer/.local/share/virtualenvs/custom_airflow-E5ZHcY_K/lib/python3.12/site-packages/airflow/example_dags/plugins/event_listener.py took 0.048 seconds
[2024-07-06T16:11:30.210+0700] {processor.py:161} INFO - Started process (PID=52465) to work on /home/acer/.local/share/virtualenvs/custom_airflow-E5ZHcY_K/lib/python3.12/site-packages/airflow/example_dags/plugins/event_listener.py
[2024-07-06T16:11:30.212+0700] {processor.py:830} INFO - Processing file /home/acer/.local/share/virtualenvs/custom_airflow-E5ZHcY_K/lib/python3.12/site-packages/airflow/example_dags/plugins/event_listener.py for tasks to queue
[2024-07-06T16:11:30.213+0700] {logging_mixin.py:188} INFO - [2024-07-06T16:11:30.212+0700] {dagbag.py:545} INFO - Filling up the DagBag from /home/acer/.local/share/virtualenvs/custom_airflow-E5ZHcY_K/lib/python3.12/site-packages/airflow/example_dags/plugins/event_listener.py
[2024-07-06T16:11:30.215+0700] {processor.py:842} WARNING - No viable dags retrieved from /home/acer/.local/share/virtualenvs/custom_airflow-E5ZHcY_K/lib/python3.12/site-packages/airflow/example_dags/plugins/event_listener.py
[2024-07-06T16:11:30.226+0700] {processor.py:183} INFO - Processing /home/acer/.local/share/virtualenvs/custom_airflow-E5ZHcY_K/lib/python3.12/site-packages/airflow/example_dags/plugins/event_listener.py took 0.024 seconds
[2024-07-06T16:15:29.800+0700] {processor.py:161} INFO - Started process (PID=54488) to work on /home/acer/.local/share/virtualenvs/custom_airflow-E5ZHcY_K/lib/python3.12/site-packages/airflow/example_dags/plugins/event_listener.py
[2024-07-06T16:15:29.801+0700] {processor.py:830} INFO - Processing file /home/acer/.local/share/virtualenvs/custom_airflow-E5ZHcY_K/lib/python3.12/site-packages/airflow/example_dags/plugins/event_listener.py for tasks to queue
[2024-07-06T16:15:29.802+0700] {logging_mixin.py:188} INFO - [2024-07-06T16:15:29.802+0700] {dagbag.py:545} INFO - Filling up the DagBag from /home/acer/.local/share/virtualenvs/custom_airflow-E5ZHcY_K/lib/python3.12/site-packages/airflow/example_dags/plugins/event_listener.py
[2024-07-06T16:15:29.804+0700] {processor.py:842} WARNING - No viable dags retrieved from /home/acer/.local/share/virtualenvs/custom_airflow-E5ZHcY_K/lib/python3.12/site-packages/airflow/example_dags/plugins/event_listener.py
[2024-07-06T16:15:29.813+0700] {processor.py:183} INFO - Processing /home/acer/.local/share/virtualenvs/custom_airflow-E5ZHcY_K/lib/python3.12/site-packages/airflow/example_dags/plugins/event_listener.py took 0.019 seconds
[2024-07-06T16:16:32.210+0700] {processor.py:161} INFO - Started process (PID=55236) to work on /home/acer/.local/share/virtualenvs/custom_airflow-E5ZHcY_K/lib/python3.12/site-packages/airflow/example_dags/plugins/event_listener.py
[2024-07-06T16:16:32.211+0700] {processor.py:830} INFO - Processing file /home/acer/.local/share/virtualenvs/custom_airflow-E5ZHcY_K/lib/python3.12/site-packages/airflow/example_dags/plugins/event_listener.py for tasks to queue
[2024-07-06T16:16:32.213+0700] {logging_mixin.py:188} INFO - [2024-07-06T16:16:32.213+0700] {dagbag.py:545} INFO - Filling up the DagBag from /home/acer/.local/share/virtualenvs/custom_airflow-E5ZHcY_K/lib/python3.12/site-packages/airflow/example_dags/plugins/event_listener.py
[2024-07-06T16:16:32.215+0700] {processor.py:842} WARNING - No viable dags retrieved from /home/acer/.local/share/virtualenvs/custom_airflow-E5ZHcY_K/lib/python3.12/site-packages/airflow/example_dags/plugins/event_listener.py
[2024-07-06T16:16:32.224+0700] {processor.py:183} INFO - Processing /home/acer/.local/share/virtualenvs/custom_airflow-E5ZHcY_K/lib/python3.12/site-packages/airflow/example_dags/plugins/event_listener.py took 0.019 seconds
[2024-07-06T16:17:24.946+0700] {processor.py:161} INFO - Started process (PID=55686) to work on /home/acer/.local/share/virtualenvs/custom_airflow-E5ZHcY_K/lib/python3.12/site-packages/airflow/example_dags/plugins/event_listener.py
[2024-07-06T16:17:24.947+0700] {processor.py:830} INFO - Processing file /home/acer/.local/share/virtualenvs/custom_airflow-E5ZHcY_K/lib/python3.12/site-packages/airflow/example_dags/plugins/event_listener.py for tasks to queue
[2024-07-06T16:17:24.950+0700] {logging_mixin.py:188} INFO - [2024-07-06T16:17:24.949+0700] {dagbag.py:545} INFO - Filling up the DagBag from /home/acer/.local/share/virtualenvs/custom_airflow-E5ZHcY_K/lib/python3.12/site-packages/airflow/example_dags/plugins/event_listener.py
[2024-07-06T16:17:24.954+0700] {processor.py:842} WARNING - No viable dags retrieved from /home/acer/.local/share/virtualenvs/custom_airflow-E5ZHcY_K/lib/python3.12/site-packages/airflow/example_dags/plugins/event_listener.py
[2024-07-06T16:17:24.967+0700] {processor.py:183} INFO - Processing /home/acer/.local/share/virtualenvs/custom_airflow-E5ZHcY_K/lib/python3.12/site-packages/airflow/example_dags/plugins/event_listener.py took 0.028 seconds
[2024-07-06T16:18:12.008+0700] {processor.py:161} INFO - Started process (PID=55925) to work on /home/acer/.local/share/virtualenvs/custom_airflow-E5ZHcY_K/lib/python3.12/site-packages/airflow/example_dags/plugins/event_listener.py
[2024-07-06T16:18:12.009+0700] {processor.py:830} INFO - Processing file /home/acer/.local/share/virtualenvs/custom_airflow-E5ZHcY_K/lib/python3.12/site-packages/airflow/example_dags/plugins/event_listener.py for tasks to queue
[2024-07-06T16:18:12.011+0700] {logging_mixin.py:188} INFO - [2024-07-06T16:18:12.010+0700] {dagbag.py:545} INFO - Filling up the DagBag from /home/acer/.local/share/virtualenvs/custom_airflow-E5ZHcY_K/lib/python3.12/site-packages/airflow/example_dags/plugins/event_listener.py
[2024-07-06T16:18:12.013+0700] {processor.py:842} WARNING - No viable dags retrieved from /home/acer/.local/share/virtualenvs/custom_airflow-E5ZHcY_K/lib/python3.12/site-packages/airflow/example_dags/plugins/event_listener.py
[2024-07-06T16:18:12.023+0700] {processor.py:183} INFO - Processing /home/acer/.local/share/virtualenvs/custom_airflow-E5ZHcY_K/lib/python3.12/site-packages/airflow/example_dags/plugins/event_listener.py took 0.022 seconds
[2024-07-06T16:19:00.338+0700] {processor.py:161} INFO - Started process (PID=56164) to work on /home/acer/.local/share/virtualenvs/custom_airflow-E5ZHcY_K/lib/python3.12/site-packages/airflow/example_dags/plugins/event_listener.py
[2024-07-06T16:19:00.339+0700] {processor.py:830} INFO - Processing file /home/acer/.local/share/virtualenvs/custom_airflow-E5ZHcY_K/lib/python3.12/site-packages/airflow/example_dags/plugins/event_listener.py for tasks to queue
[2024-07-06T16:19:00.341+0700] {logging_mixin.py:188} INFO - [2024-07-06T16:19:00.341+0700] {dagbag.py:545} INFO - Filling up the DagBag from /home/acer/.local/share/virtualenvs/custom_airflow-E5ZHcY_K/lib/python3.12/site-packages/airflow/example_dags/plugins/event_listener.py
[2024-07-06T16:19:00.344+0700] {processor.py:842} WARNING - No viable dags retrieved from /home/acer/.local/share/virtualenvs/custom_airflow-E5ZHcY_K/lib/python3.12/site-packages/airflow/example_dags/plugins/event_listener.py
[2024-07-06T16:19:00.356+0700] {processor.py:183} INFO - Processing /home/acer/.local/share/virtualenvs/custom_airflow-E5ZHcY_K/lib/python3.12/site-packages/airflow/example_dags/plugins/event_listener.py took 0.027 seconds
[2024-07-06T16:20:00.062+0700] {processor.py:161} INFO - Started process (PID=56880) to work on /home/acer/.local/share/virtualenvs/custom_airflow-E5ZHcY_K/lib/python3.12/site-packages/airflow/example_dags/plugins/event_listener.py
[2024-07-06T16:20:00.064+0700] {processor.py:830} INFO - Processing file /home/acer/.local/share/virtualenvs/custom_airflow-E5ZHcY_K/lib/python3.12/site-packages/airflow/example_dags/plugins/event_listener.py for tasks to queue
[2024-07-06T16:20:00.067+0700] {logging_mixin.py:188} INFO - [2024-07-06T16:20:00.066+0700] {dagbag.py:545} INFO - Filling up the DagBag from /home/acer/.local/share/virtualenvs/custom_airflow-E5ZHcY_K/lib/python3.12/site-packages/airflow/example_dags/plugins/event_listener.py
[2024-07-06T16:20:00.070+0700] {processor.py:842} WARNING - No viable dags retrieved from /home/acer/.local/share/virtualenvs/custom_airflow-E5ZHcY_K/lib/python3.12/site-packages/airflow/example_dags/plugins/event_listener.py
[2024-07-06T16:20:00.083+0700] {processor.py:183} INFO - Processing /home/acer/.local/share/virtualenvs/custom_airflow-E5ZHcY_K/lib/python3.12/site-packages/airflow/example_dags/plugins/event_listener.py took 0.038 seconds
[2024-07-06T16:20:57.213+0700] {processor.py:161} INFO - Started process (PID=57339) to work on /home/acer/.local/share/virtualenvs/custom_airflow-E5ZHcY_K/lib/python3.12/site-packages/airflow/example_dags/plugins/event_listener.py
[2024-07-06T16:20:57.215+0700] {processor.py:830} INFO - Processing file /home/acer/.local/share/virtualenvs/custom_airflow-E5ZHcY_K/lib/python3.12/site-packages/airflow/example_dags/plugins/event_listener.py for tasks to queue
[2024-07-06T16:20:57.220+0700] {logging_mixin.py:188} INFO - [2024-07-06T16:20:57.219+0700] {dagbag.py:545} INFO - Filling up the DagBag from /home/acer/.local/share/virtualenvs/custom_airflow-E5ZHcY_K/lib/python3.12/site-packages/airflow/example_dags/plugins/event_listener.py
[2024-07-06T16:20:57.224+0700] {processor.py:842} WARNING - No viable dags retrieved from /home/acer/.local/share/virtualenvs/custom_airflow-E5ZHcY_K/lib/python3.12/site-packages/airflow/example_dags/plugins/event_listener.py
[2024-07-06T16:20:57.236+0700] {processor.py:183} INFO - Processing /home/acer/.local/share/virtualenvs/custom_airflow-E5ZHcY_K/lib/python3.12/site-packages/airflow/example_dags/plugins/event_listener.py took 0.049 seconds
[2024-07-06T16:21:46.476+0700] {processor.py:161} INFO - Started process (PID=57676) to work on /home/acer/.local/share/virtualenvs/custom_airflow-E5ZHcY_K/lib/python3.12/site-packages/airflow/example_dags/plugins/event_listener.py
[2024-07-06T16:21:46.479+0700] {processor.py:830} INFO - Processing file /home/acer/.local/share/virtualenvs/custom_airflow-E5ZHcY_K/lib/python3.12/site-packages/airflow/example_dags/plugins/event_listener.py for tasks to queue
[2024-07-06T16:21:46.484+0700] {logging_mixin.py:188} INFO - [2024-07-06T16:21:46.483+0700] {dagbag.py:545} INFO - Filling up the DagBag from /home/acer/.local/share/virtualenvs/custom_airflow-E5ZHcY_K/lib/python3.12/site-packages/airflow/example_dags/plugins/event_listener.py
[2024-07-06T16:21:46.490+0700] {processor.py:842} WARNING - No viable dags retrieved from /home/acer/.local/share/virtualenvs/custom_airflow-E5ZHcY_K/lib/python3.12/site-packages/airflow/example_dags/plugins/event_listener.py
[2024-07-06T16:21:46.515+0700] {processor.py:183} INFO - Processing /home/acer/.local/share/virtualenvs/custom_airflow-E5ZHcY_K/lib/python3.12/site-packages/airflow/example_dags/plugins/event_listener.py took 0.057 seconds
[2024-07-06T16:22:34.593+0700] {processor.py:161} INFO - Started process (PID=57978) to work on /home/acer/.local/share/virtualenvs/custom_airflow-E5ZHcY_K/lib/python3.12/site-packages/airflow/example_dags/plugins/event_listener.py
[2024-07-06T16:22:34.594+0700] {processor.py:830} INFO - Processing file /home/acer/.local/share/virtualenvs/custom_airflow-E5ZHcY_K/lib/python3.12/site-packages/airflow/example_dags/plugins/event_listener.py for tasks to queue
[2024-07-06T16:22:34.597+0700] {logging_mixin.py:188} INFO - [2024-07-06T16:22:34.597+0700] {dagbag.py:545} INFO - Filling up the DagBag from /home/acer/.local/share/virtualenvs/custom_airflow-E5ZHcY_K/lib/python3.12/site-packages/airflow/example_dags/plugins/event_listener.py
[2024-07-06T16:22:34.601+0700] {processor.py:842} WARNING - No viable dags retrieved from /home/acer/.local/share/virtualenvs/custom_airflow-E5ZHcY_K/lib/python3.12/site-packages/airflow/example_dags/plugins/event_listener.py
[2024-07-06T16:22:34.615+0700] {processor.py:183} INFO - Processing /home/acer/.local/share/virtualenvs/custom_airflow-E5ZHcY_K/lib/python3.12/site-packages/airflow/example_dags/plugins/event_listener.py took 0.040 seconds
[2024-07-06T16:24:00.114+0700] {processor.py:161} INFO - Started process (PID=58976) to work on /home/acer/.local/share/virtualenvs/custom_airflow-E5ZHcY_K/lib/python3.12/site-packages/airflow/example_dags/plugins/event_listener.py
[2024-07-06T16:24:00.116+0700] {processor.py:830} INFO - Processing file /home/acer/.local/share/virtualenvs/custom_airflow-E5ZHcY_K/lib/python3.12/site-packages/airflow/example_dags/plugins/event_listener.py for tasks to queue
[2024-07-06T16:24:00.120+0700] {logging_mixin.py:188} INFO - [2024-07-06T16:24:00.119+0700] {dagbag.py:545} INFO - Filling up the DagBag from /home/acer/.local/share/virtualenvs/custom_airflow-E5ZHcY_K/lib/python3.12/site-packages/airflow/example_dags/plugins/event_listener.py
[2024-07-06T16:24:00.123+0700] {processor.py:842} WARNING - No viable dags retrieved from /home/acer/.local/share/virtualenvs/custom_airflow-E5ZHcY_K/lib/python3.12/site-packages/airflow/example_dags/plugins/event_listener.py
[2024-07-06T16:24:00.136+0700] {processor.py:183} INFO - Processing /home/acer/.local/share/virtualenvs/custom_airflow-E5ZHcY_K/lib/python3.12/site-packages/airflow/example_dags/plugins/event_listener.py took 0.039 seconds
[2024-07-06T16:24:55.807+0700] {processor.py:161} INFO - Started process (PID=59472) to work on /home/acer/.local/share/virtualenvs/custom_airflow-E5ZHcY_K/lib/python3.12/site-packages/airflow/example_dags/plugins/event_listener.py
[2024-07-06T16:24:55.809+0700] {processor.py:830} INFO - Processing file /home/acer/.local/share/virtualenvs/custom_airflow-E5ZHcY_K/lib/python3.12/site-packages/airflow/example_dags/plugins/event_listener.py for tasks to queue
[2024-07-06T16:24:55.813+0700] {logging_mixin.py:188} INFO - [2024-07-06T16:24:55.812+0700] {dagbag.py:545} INFO - Filling up the DagBag from /home/acer/.local/share/virtualenvs/custom_airflow-E5ZHcY_K/lib/python3.12/site-packages/airflow/example_dags/plugins/event_listener.py
[2024-07-06T16:24:55.817+0700] {processor.py:842} WARNING - No viable dags retrieved from /home/acer/.local/share/virtualenvs/custom_airflow-E5ZHcY_K/lib/python3.12/site-packages/airflow/example_dags/plugins/event_listener.py
[2024-07-06T16:24:55.843+0700] {processor.py:183} INFO - Processing /home/acer/.local/share/virtualenvs/custom_airflow-E5ZHcY_K/lib/python3.12/site-packages/airflow/example_dags/plugins/event_listener.py took 0.048 seconds
[2024-07-06T16:25:46.890+0700] {processor.py:161} INFO - Started process (PID=59921) to work on /home/acer/.local/share/virtualenvs/custom_airflow-E5ZHcY_K/lib/python3.12/site-packages/airflow/example_dags/plugins/event_listener.py
[2024-07-06T16:25:46.891+0700] {processor.py:830} INFO - Processing file /home/acer/.local/share/virtualenvs/custom_airflow-E5ZHcY_K/lib/python3.12/site-packages/airflow/example_dags/plugins/event_listener.py for tasks to queue
[2024-07-06T16:25:46.893+0700] {logging_mixin.py:188} INFO - [2024-07-06T16:25:46.893+0700] {dagbag.py:545} INFO - Filling up the DagBag from /home/acer/.local/share/virtualenvs/custom_airflow-E5ZHcY_K/lib/python3.12/site-packages/airflow/example_dags/plugins/event_listener.py
[2024-07-06T16:25:46.896+0700] {processor.py:842} WARNING - No viable dags retrieved from /home/acer/.local/share/virtualenvs/custom_airflow-E5ZHcY_K/lib/python3.12/site-packages/airflow/example_dags/plugins/event_listener.py
[2024-07-06T16:25:46.905+0700] {processor.py:183} INFO - Processing /home/acer/.local/share/virtualenvs/custom_airflow-E5ZHcY_K/lib/python3.12/site-packages/airflow/example_dags/plugins/event_listener.py took 0.020 seconds
[2024-07-06T16:26:38.953+0700] {processor.py:161} INFO - Started process (PID=60164) to work on /home/acer/.local/share/virtualenvs/custom_airflow-E5ZHcY_K/lib/python3.12/site-packages/airflow/example_dags/plugins/event_listener.py
[2024-07-06T16:26:38.954+0700] {processor.py:830} INFO - Processing file /home/acer/.local/share/virtualenvs/custom_airflow-E5ZHcY_K/lib/python3.12/site-packages/airflow/example_dags/plugins/event_listener.py for tasks to queue
[2024-07-06T16:26:38.956+0700] {logging_mixin.py:188} INFO - [2024-07-06T16:26:38.955+0700] {dagbag.py:545} INFO - Filling up the DagBag from /home/acer/.local/share/virtualenvs/custom_airflow-E5ZHcY_K/lib/python3.12/site-packages/airflow/example_dags/plugins/event_listener.py
[2024-07-06T16:26:38.958+0700] {processor.py:842} WARNING - No viable dags retrieved from /home/acer/.local/share/virtualenvs/custom_airflow-E5ZHcY_K/lib/python3.12/site-packages/airflow/example_dags/plugins/event_listener.py
[2024-07-06T16:26:38.967+0700] {processor.py:183} INFO - Processing /home/acer/.local/share/virtualenvs/custom_airflow-E5ZHcY_K/lib/python3.12/site-packages/airflow/example_dags/plugins/event_listener.py took 0.020 seconds
[2024-07-06T16:27:26.449+0700] {processor.py:161} INFO - Started process (PID=60427) to work on /home/acer/.local/share/virtualenvs/custom_airflow-E5ZHcY_K/lib/python3.12/site-packages/airflow/example_dags/plugins/event_listener.py
[2024-07-06T16:27:26.450+0700] {processor.py:830} INFO - Processing file /home/acer/.local/share/virtualenvs/custom_airflow-E5ZHcY_K/lib/python3.12/site-packages/airflow/example_dags/plugins/event_listener.py for tasks to queue
[2024-07-06T16:27:26.452+0700] {logging_mixin.py:188} INFO - [2024-07-06T16:27:26.451+0700] {dagbag.py:545} INFO - Filling up the DagBag from /home/acer/.local/share/virtualenvs/custom_airflow-E5ZHcY_K/lib/python3.12/site-packages/airflow/example_dags/plugins/event_listener.py
[2024-07-06T16:27:26.454+0700] {processor.py:842} WARNING - No viable dags retrieved from /home/acer/.local/share/virtualenvs/custom_airflow-E5ZHcY_K/lib/python3.12/site-packages/airflow/example_dags/plugins/event_listener.py
[2024-07-06T16:27:26.463+0700] {processor.py:183} INFO - Processing /home/acer/.local/share/virtualenvs/custom_airflow-E5ZHcY_K/lib/python3.12/site-packages/airflow/example_dags/plugins/event_listener.py took 0.019 seconds
[2024-07-06T16:28:11.806+0700] {processor.py:161} INFO - Started process (PID=60653) to work on /home/acer/.local/share/virtualenvs/custom_airflow-E5ZHcY_K/lib/python3.12/site-packages/airflow/example_dags/plugins/event_listener.py
[2024-07-06T16:28:11.808+0700] {processor.py:830} INFO - Processing file /home/acer/.local/share/virtualenvs/custom_airflow-E5ZHcY_K/lib/python3.12/site-packages/airflow/example_dags/plugins/event_listener.py for tasks to queue
[2024-07-06T16:28:11.812+0700] {logging_mixin.py:188} INFO - [2024-07-06T16:28:11.811+0700] {dagbag.py:545} INFO - Filling up the DagBag from /home/acer/.local/share/virtualenvs/custom_airflow-E5ZHcY_K/lib/python3.12/site-packages/airflow/example_dags/plugins/event_listener.py
[2024-07-06T16:28:11.817+0700] {processor.py:842} WARNING - No viable dags retrieved from /home/acer/.local/share/virtualenvs/custom_airflow-E5ZHcY_K/lib/python3.12/site-packages/airflow/example_dags/plugins/event_listener.py
[2024-07-06T16:28:11.830+0700] {processor.py:183} INFO - Processing /home/acer/.local/share/virtualenvs/custom_airflow-E5ZHcY_K/lib/python3.12/site-packages/airflow/example_dags/plugins/event_listener.py took 0.037 seconds
[2024-07-06T16:28:56.229+0700] {processor.py:161} INFO - Started process (PID=60876) to work on /home/acer/.local/share/virtualenvs/custom_airflow-E5ZHcY_K/lib/python3.12/site-packages/airflow/example_dags/plugins/event_listener.py
[2024-07-06T16:28:56.231+0700] {processor.py:830} INFO - Processing file /home/acer/.local/share/virtualenvs/custom_airflow-E5ZHcY_K/lib/python3.12/site-packages/airflow/example_dags/plugins/event_listener.py for tasks to queue
[2024-07-06T16:28:56.234+0700] {logging_mixin.py:188} INFO - [2024-07-06T16:28:56.233+0700] {dagbag.py:545} INFO - Filling up the DagBag from /home/acer/.local/share/virtualenvs/custom_airflow-E5ZHcY_K/lib/python3.12/site-packages/airflow/example_dags/plugins/event_listener.py
[2024-07-06T16:28:56.238+0700] {processor.py:842} WARNING - No viable dags retrieved from /home/acer/.local/share/virtualenvs/custom_airflow-E5ZHcY_K/lib/python3.12/site-packages/airflow/example_dags/plugins/event_listener.py
[2024-07-06T16:28:56.252+0700] {processor.py:183} INFO - Processing /home/acer/.local/share/virtualenvs/custom_airflow-E5ZHcY_K/lib/python3.12/site-packages/airflow/example_dags/plugins/event_listener.py took 0.033 seconds
[2024-07-06T16:29:44.922+0700] {processor.py:161} INFO - Started process (PID=61108) to work on /home/acer/.local/share/virtualenvs/custom_airflow-E5ZHcY_K/lib/python3.12/site-packages/airflow/example_dags/plugins/event_listener.py
[2024-07-06T16:29:44.923+0700] {processor.py:830} INFO - Processing file /home/acer/.local/share/virtualenvs/custom_airflow-E5ZHcY_K/lib/python3.12/site-packages/airflow/example_dags/plugins/event_listener.py for tasks to queue
[2024-07-06T16:29:44.925+0700] {logging_mixin.py:188} INFO - [2024-07-06T16:29:44.925+0700] {dagbag.py:545} INFO - Filling up the DagBag from /home/acer/.local/share/virtualenvs/custom_airflow-E5ZHcY_K/lib/python3.12/site-packages/airflow/example_dags/plugins/event_listener.py
[2024-07-06T16:29:44.927+0700] {processor.py:842} WARNING - No viable dags retrieved from /home/acer/.local/share/virtualenvs/custom_airflow-E5ZHcY_K/lib/python3.12/site-packages/airflow/example_dags/plugins/event_listener.py
[2024-07-06T16:29:44.937+0700] {processor.py:183} INFO - Processing /home/acer/.local/share/virtualenvs/custom_airflow-E5ZHcY_K/lib/python3.12/site-packages/airflow/example_dags/plugins/event_listener.py took 0.023 seconds
[2024-07-06T16:30:29.169+0700] {processor.py:161} INFO - Started process (PID=61365) to work on /home/acer/.local/share/virtualenvs/custom_airflow-E5ZHcY_K/lib/python3.12/site-packages/airflow/example_dags/plugins/event_listener.py
[2024-07-06T16:30:29.171+0700] {processor.py:830} INFO - Processing file /home/acer/.local/share/virtualenvs/custom_airflow-E5ZHcY_K/lib/python3.12/site-packages/airflow/example_dags/plugins/event_listener.py for tasks to queue
[2024-07-06T16:30:29.175+0700] {logging_mixin.py:188} INFO - [2024-07-06T16:30:29.174+0700] {dagbag.py:545} INFO - Filling up the DagBag from /home/acer/.local/share/virtualenvs/custom_airflow-E5ZHcY_K/lib/python3.12/site-packages/airflow/example_dags/plugins/event_listener.py
[2024-07-06T16:30:29.180+0700] {processor.py:842} WARNING - No viable dags retrieved from /home/acer/.local/share/virtualenvs/custom_airflow-E5ZHcY_K/lib/python3.12/site-packages/airflow/example_dags/plugins/event_listener.py
[2024-07-06T16:30:29.194+0700] {processor.py:183} INFO - Processing /home/acer/.local/share/virtualenvs/custom_airflow-E5ZHcY_K/lib/python3.12/site-packages/airflow/example_dags/plugins/event_listener.py took 0.037 seconds
[2024-07-06T16:31:14.621+0700] {processor.py:161} INFO - Started process (PID=61597) to work on /home/acer/.local/share/virtualenvs/custom_airflow-E5ZHcY_K/lib/python3.12/site-packages/airflow/example_dags/plugins/event_listener.py
[2024-07-06T16:31:14.622+0700] {processor.py:830} INFO - Processing file /home/acer/.local/share/virtualenvs/custom_airflow-E5ZHcY_K/lib/python3.12/site-packages/airflow/example_dags/plugins/event_listener.py for tasks to queue
[2024-07-06T16:31:14.624+0700] {logging_mixin.py:188} INFO - [2024-07-06T16:31:14.624+0700] {dagbag.py:545} INFO - Filling up the DagBag from /home/acer/.local/share/virtualenvs/custom_airflow-E5ZHcY_K/lib/python3.12/site-packages/airflow/example_dags/plugins/event_listener.py
[2024-07-06T16:31:14.626+0700] {processor.py:842} WARNING - No viable dags retrieved from /home/acer/.local/share/virtualenvs/custom_airflow-E5ZHcY_K/lib/python3.12/site-packages/airflow/example_dags/plugins/event_listener.py
[2024-07-06T16:31:14.636+0700] {processor.py:183} INFO - Processing /home/acer/.local/share/virtualenvs/custom_airflow-E5ZHcY_K/lib/python3.12/site-packages/airflow/example_dags/plugins/event_listener.py took 0.020 seconds
[2024-07-06T16:31:59.533+0700] {processor.py:161} INFO - Started process (PID=61823) to work on /home/acer/.local/share/virtualenvs/custom_airflow-E5ZHcY_K/lib/python3.12/site-packages/airflow/example_dags/plugins/event_listener.py
[2024-07-06T16:31:59.535+0700] {processor.py:830} INFO - Processing file /home/acer/.local/share/virtualenvs/custom_airflow-E5ZHcY_K/lib/python3.12/site-packages/airflow/example_dags/plugins/event_listener.py for tasks to queue
[2024-07-06T16:31:59.539+0700] {logging_mixin.py:188} INFO - [2024-07-06T16:31:59.538+0700] {dagbag.py:545} INFO - Filling up the DagBag from /home/acer/.local/share/virtualenvs/custom_airflow-E5ZHcY_K/lib/python3.12/site-packages/airflow/example_dags/plugins/event_listener.py
[2024-07-06T16:31:59.543+0700] {processor.py:842} WARNING - No viable dags retrieved from /home/acer/.local/share/virtualenvs/custom_airflow-E5ZHcY_K/lib/python3.12/site-packages/airflow/example_dags/plugins/event_listener.py
[2024-07-06T16:31:59.555+0700] {processor.py:183} INFO - Processing /home/acer/.local/share/virtualenvs/custom_airflow-E5ZHcY_K/lib/python3.12/site-packages/airflow/example_dags/plugins/event_listener.py took 0.041 seconds
[2024-07-06T16:32:47.858+0700] {processor.py:161} INFO - Started process (PID=62050) to work on /home/acer/.local/share/virtualenvs/custom_airflow-E5ZHcY_K/lib/python3.12/site-packages/airflow/example_dags/plugins/event_listener.py
[2024-07-06T16:32:47.859+0700] {processor.py:830} INFO - Processing file /home/acer/.local/share/virtualenvs/custom_airflow-E5ZHcY_K/lib/python3.12/site-packages/airflow/example_dags/plugins/event_listener.py for tasks to queue
[2024-07-06T16:32:47.861+0700] {logging_mixin.py:188} INFO - [2024-07-06T16:32:47.861+0700] {dagbag.py:545} INFO - Filling up the DagBag from /home/acer/.local/share/virtualenvs/custom_airflow-E5ZHcY_K/lib/python3.12/site-packages/airflow/example_dags/plugins/event_listener.py
[2024-07-06T16:32:47.863+0700] {processor.py:842} WARNING - No viable dags retrieved from /home/acer/.local/share/virtualenvs/custom_airflow-E5ZHcY_K/lib/python3.12/site-packages/airflow/example_dags/plugins/event_listener.py
[2024-07-06T16:32:47.872+0700] {processor.py:183} INFO - Processing /home/acer/.local/share/virtualenvs/custom_airflow-E5ZHcY_K/lib/python3.12/site-packages/airflow/example_dags/plugins/event_listener.py took 0.019 seconds
[2024-07-06T16:33:35.576+0700] {processor.py:161} INFO - Started process (PID=62315) to work on /home/acer/.local/share/virtualenvs/custom_airflow-E5ZHcY_K/lib/python3.12/site-packages/airflow/example_dags/plugins/event_listener.py
[2024-07-06T16:33:35.577+0700] {processor.py:830} INFO - Processing file /home/acer/.local/share/virtualenvs/custom_airflow-E5ZHcY_K/lib/python3.12/site-packages/airflow/example_dags/plugins/event_listener.py for tasks to queue
[2024-07-06T16:33:35.579+0700] {logging_mixin.py:188} INFO - [2024-07-06T16:33:35.578+0700] {dagbag.py:545} INFO - Filling up the DagBag from /home/acer/.local/share/virtualenvs/custom_airflow-E5ZHcY_K/lib/python3.12/site-packages/airflow/example_dags/plugins/event_listener.py
[2024-07-06T16:33:35.581+0700] {processor.py:842} WARNING - No viable dags retrieved from /home/acer/.local/share/virtualenvs/custom_airflow-E5ZHcY_K/lib/python3.12/site-packages/airflow/example_dags/plugins/event_listener.py
[2024-07-06T16:33:35.590+0700] {processor.py:183} INFO - Processing /home/acer/.local/share/virtualenvs/custom_airflow-E5ZHcY_K/lib/python3.12/site-packages/airflow/example_dags/plugins/event_listener.py took 0.019 seconds
[2024-07-06T16:34:22.314+0700] {processor.py:161} INFO - Started process (PID=62539) to work on /home/acer/.local/share/virtualenvs/custom_airflow-E5ZHcY_K/lib/python3.12/site-packages/airflow/example_dags/plugins/event_listener.py
[2024-07-06T16:34:22.315+0700] {processor.py:830} INFO - Processing file /home/acer/.local/share/virtualenvs/custom_airflow-E5ZHcY_K/lib/python3.12/site-packages/airflow/example_dags/plugins/event_listener.py for tasks to queue
[2024-07-06T16:34:22.318+0700] {logging_mixin.py:188} INFO - [2024-07-06T16:34:22.317+0700] {dagbag.py:545} INFO - Filling up the DagBag from /home/acer/.local/share/virtualenvs/custom_airflow-E5ZHcY_K/lib/python3.12/site-packages/airflow/example_dags/plugins/event_listener.py
[2024-07-06T16:34:22.320+0700] {processor.py:842} WARNING - No viable dags retrieved from /home/acer/.local/share/virtualenvs/custom_airflow-E5ZHcY_K/lib/python3.12/site-packages/airflow/example_dags/plugins/event_listener.py
[2024-07-06T16:34:22.331+0700] {processor.py:183} INFO - Processing /home/acer/.local/share/virtualenvs/custom_airflow-E5ZHcY_K/lib/python3.12/site-packages/airflow/example_dags/plugins/event_listener.py took 0.023 seconds
[2024-07-06T16:35:11.416+0700] {processor.py:161} INFO - Started process (PID=62783) to work on /home/acer/.local/share/virtualenvs/custom_airflow-E5ZHcY_K/lib/python3.12/site-packages/airflow/example_dags/plugins/event_listener.py
[2024-07-06T16:35:11.417+0700] {processor.py:830} INFO - Processing file /home/acer/.local/share/virtualenvs/custom_airflow-E5ZHcY_K/lib/python3.12/site-packages/airflow/example_dags/plugins/event_listener.py for tasks to queue
[2024-07-06T16:35:11.419+0700] {logging_mixin.py:188} INFO - [2024-07-06T16:35:11.418+0700] {dagbag.py:545} INFO - Filling up the DagBag from /home/acer/.local/share/virtualenvs/custom_airflow-E5ZHcY_K/lib/python3.12/site-packages/airflow/example_dags/plugins/event_listener.py
[2024-07-06T16:35:11.421+0700] {processor.py:842} WARNING - No viable dags retrieved from /home/acer/.local/share/virtualenvs/custom_airflow-E5ZHcY_K/lib/python3.12/site-packages/airflow/example_dags/plugins/event_listener.py
[2024-07-06T16:35:11.430+0700] {processor.py:183} INFO - Processing /home/acer/.local/share/virtualenvs/custom_airflow-E5ZHcY_K/lib/python3.12/site-packages/airflow/example_dags/plugins/event_listener.py took 0.019 seconds
[2024-07-06T16:35:56.638+0700] {processor.py:161} INFO - Started process (PID=63048) to work on /home/acer/.local/share/virtualenvs/custom_airflow-E5ZHcY_K/lib/python3.12/site-packages/airflow/example_dags/plugins/event_listener.py
[2024-07-06T16:35:56.638+0700] {processor.py:830} INFO - Processing file /home/acer/.local/share/virtualenvs/custom_airflow-E5ZHcY_K/lib/python3.12/site-packages/airflow/example_dags/plugins/event_listener.py for tasks to queue
[2024-07-06T16:35:56.640+0700] {logging_mixin.py:188} INFO - [2024-07-06T16:35:56.640+0700] {dagbag.py:545} INFO - Filling up the DagBag from /home/acer/.local/share/virtualenvs/custom_airflow-E5ZHcY_K/lib/python3.12/site-packages/airflow/example_dags/plugins/event_listener.py
[2024-07-06T16:35:56.642+0700] {processor.py:842} WARNING - No viable dags retrieved from /home/acer/.local/share/virtualenvs/custom_airflow-E5ZHcY_K/lib/python3.12/site-packages/airflow/example_dags/plugins/event_listener.py
[2024-07-06T16:35:56.651+0700] {processor.py:183} INFO - Processing /home/acer/.local/share/virtualenvs/custom_airflow-E5ZHcY_K/lib/python3.12/site-packages/airflow/example_dags/plugins/event_listener.py took 0.019 seconds
[2024-07-06T21:54:15.260+0700] {processor.py:161} INFO - Started process (PID=11139) to work on /home/acer/.local/share/virtualenvs/custom_airflow-E5ZHcY_K/lib/python3.12/site-packages/airflow/example_dags/plugins/event_listener.py
[2024-07-06T21:54:15.263+0700] {processor.py:830} INFO - Processing file /home/acer/.local/share/virtualenvs/custom_airflow-E5ZHcY_K/lib/python3.12/site-packages/airflow/example_dags/plugins/event_listener.py for tasks to queue
[2024-07-06T21:54:15.269+0700] {logging_mixin.py:188} INFO - [2024-07-06T21:54:15.267+0700] {dagbag.py:545} INFO - Filling up the DagBag from /home/acer/.local/share/virtualenvs/custom_airflow-E5ZHcY_K/lib/python3.12/site-packages/airflow/example_dags/plugins/event_listener.py
[2024-07-06T21:54:15.276+0700] {processor.py:842} WARNING - No viable dags retrieved from /home/acer/.local/share/virtualenvs/custom_airflow-E5ZHcY_K/lib/python3.12/site-packages/airflow/example_dags/plugins/event_listener.py
[2024-07-06T21:54:15.295+0700] {processor.py:183} INFO - Processing /home/acer/.local/share/virtualenvs/custom_airflow-E5ZHcY_K/lib/python3.12/site-packages/airflow/example_dags/plugins/event_listener.py took 0.057 seconds
[2024-07-06T21:55:11.287+0700] {processor.py:161} INFO - Started process (PID=12354) to work on /home/acer/.local/share/virtualenvs/custom_airflow-E5ZHcY_K/lib/python3.12/site-packages/airflow/example_dags/plugins/event_listener.py
[2024-07-06T21:55:11.298+0700] {processor.py:830} INFO - Processing file /home/acer/.local/share/virtualenvs/custom_airflow-E5ZHcY_K/lib/python3.12/site-packages/airflow/example_dags/plugins/event_listener.py for tasks to queue
[2024-07-06T21:55:11.306+0700] {logging_mixin.py:188} INFO - [2024-07-06T21:55:11.305+0700] {dagbag.py:545} INFO - Filling up the DagBag from /home/acer/.local/share/virtualenvs/custom_airflow-E5ZHcY_K/lib/python3.12/site-packages/airflow/example_dags/plugins/event_listener.py
[2024-07-06T21:55:11.309+0700] {processor.py:842} WARNING - No viable dags retrieved from /home/acer/.local/share/virtualenvs/custom_airflow-E5ZHcY_K/lib/python3.12/site-packages/airflow/example_dags/plugins/event_listener.py
[2024-07-06T21:55:11.337+0700] {processor.py:183} INFO - Processing /home/acer/.local/share/virtualenvs/custom_airflow-E5ZHcY_K/lib/python3.12/site-packages/airflow/example_dags/plugins/event_listener.py took 0.066 seconds
[2024-07-06T21:56:02.491+0700] {processor.py:161} INFO - Started process (PID=12989) to work on /home/acer/.local/share/virtualenvs/custom_airflow-E5ZHcY_K/lib/python3.12/site-packages/airflow/example_dags/plugins/event_listener.py
[2024-07-06T21:56:02.494+0700] {processor.py:830} INFO - Processing file /home/acer/.local/share/virtualenvs/custom_airflow-E5ZHcY_K/lib/python3.12/site-packages/airflow/example_dags/plugins/event_listener.py for tasks to queue
[2024-07-06T21:56:02.499+0700] {logging_mixin.py:188} INFO - [2024-07-06T21:56:02.498+0700] {dagbag.py:545} INFO - Filling up the DagBag from /home/acer/.local/share/virtualenvs/custom_airflow-E5ZHcY_K/lib/python3.12/site-packages/airflow/example_dags/plugins/event_listener.py
[2024-07-06T21:56:02.506+0700] {processor.py:842} WARNING - No viable dags retrieved from /home/acer/.local/share/virtualenvs/custom_airflow-E5ZHcY_K/lib/python3.12/site-packages/airflow/example_dags/plugins/event_listener.py
[2024-07-06T21:56:02.531+0700] {processor.py:183} INFO - Processing /home/acer/.local/share/virtualenvs/custom_airflow-E5ZHcY_K/lib/python3.12/site-packages/airflow/example_dags/plugins/event_listener.py took 0.061 seconds
[2024-07-06T21:56:51.697+0700] {processor.py:161} INFO - Started process (PID=13462) to work on /home/acer/.local/share/virtualenvs/custom_airflow-E5ZHcY_K/lib/python3.12/site-packages/airflow/example_dags/plugins/event_listener.py
[2024-07-06T21:56:51.699+0700] {processor.py:830} INFO - Processing file /home/acer/.local/share/virtualenvs/custom_airflow-E5ZHcY_K/lib/python3.12/site-packages/airflow/example_dags/plugins/event_listener.py for tasks to queue
[2024-07-06T21:56:51.704+0700] {logging_mixin.py:188} INFO - [2024-07-06T21:56:51.703+0700] {dagbag.py:545} INFO - Filling up the DagBag from /home/acer/.local/share/virtualenvs/custom_airflow-E5ZHcY_K/lib/python3.12/site-packages/airflow/example_dags/plugins/event_listener.py
[2024-07-06T21:56:51.707+0700] {processor.py:842} WARNING - No viable dags retrieved from /home/acer/.local/share/virtualenvs/custom_airflow-E5ZHcY_K/lib/python3.12/site-packages/airflow/example_dags/plugins/event_listener.py
[2024-07-06T21:56:51.722+0700] {processor.py:183} INFO - Processing /home/acer/.local/share/virtualenvs/custom_airflow-E5ZHcY_K/lib/python3.12/site-packages/airflow/example_dags/plugins/event_listener.py took 0.038 seconds
[2024-07-06T21:57:42.367+0700] {processor.py:161} INFO - Started process (PID=13947) to work on /home/acer/.local/share/virtualenvs/custom_airflow-E5ZHcY_K/lib/python3.12/site-packages/airflow/example_dags/plugins/event_listener.py
[2024-07-06T21:57:42.369+0700] {processor.py:830} INFO - Processing file /home/acer/.local/share/virtualenvs/custom_airflow-E5ZHcY_K/lib/python3.12/site-packages/airflow/example_dags/plugins/event_listener.py for tasks to queue
[2024-07-06T21:57:42.373+0700] {logging_mixin.py:188} INFO - [2024-07-06T21:57:42.372+0700] {dagbag.py:545} INFO - Filling up the DagBag from /home/acer/.local/share/virtualenvs/custom_airflow-E5ZHcY_K/lib/python3.12/site-packages/airflow/example_dags/plugins/event_listener.py
[2024-07-06T21:57:42.377+0700] {processor.py:842} WARNING - No viable dags retrieved from /home/acer/.local/share/virtualenvs/custom_airflow-E5ZHcY_K/lib/python3.12/site-packages/airflow/example_dags/plugins/event_listener.py
[2024-07-06T21:57:42.390+0700] {processor.py:183} INFO - Processing /home/acer/.local/share/virtualenvs/custom_airflow-E5ZHcY_K/lib/python3.12/site-packages/airflow/example_dags/plugins/event_listener.py took 0.036 seconds
[2024-07-06T21:58:36.780+0700] {processor.py:161} INFO - Started process (PID=14241) to work on /home/acer/.local/share/virtualenvs/custom_airflow-E5ZHcY_K/lib/python3.12/site-packages/airflow/example_dags/plugins/event_listener.py
[2024-07-06T21:58:36.782+0700] {processor.py:830} INFO - Processing file /home/acer/.local/share/virtualenvs/custom_airflow-E5ZHcY_K/lib/python3.12/site-packages/airflow/example_dags/plugins/event_listener.py for tasks to queue
[2024-07-06T21:58:36.787+0700] {logging_mixin.py:188} INFO - [2024-07-06T21:58:36.785+0700] {dagbag.py:545} INFO - Filling up the DagBag from /home/acer/.local/share/virtualenvs/custom_airflow-E5ZHcY_K/lib/python3.12/site-packages/airflow/example_dags/plugins/event_listener.py
[2024-07-06T21:58:36.791+0700] {processor.py:842} WARNING - No viable dags retrieved from /home/acer/.local/share/virtualenvs/custom_airflow-E5ZHcY_K/lib/python3.12/site-packages/airflow/example_dags/plugins/event_listener.py
[2024-07-06T21:58:36.805+0700] {processor.py:183} INFO - Processing /home/acer/.local/share/virtualenvs/custom_airflow-E5ZHcY_K/lib/python3.12/site-packages/airflow/example_dags/plugins/event_listener.py took 0.038 seconds
[2024-07-06T21:59:24.774+0700] {processor.py:161} INFO - Started process (PID=14501) to work on /home/acer/.local/share/virtualenvs/custom_airflow-E5ZHcY_K/lib/python3.12/site-packages/airflow/example_dags/plugins/event_listener.py
[2024-07-06T21:59:24.776+0700] {processor.py:830} INFO - Processing file /home/acer/.local/share/virtualenvs/custom_airflow-E5ZHcY_K/lib/python3.12/site-packages/airflow/example_dags/plugins/event_listener.py for tasks to queue
[2024-07-06T21:59:24.782+0700] {logging_mixin.py:188} INFO - [2024-07-06T21:59:24.781+0700] {dagbag.py:545} INFO - Filling up the DagBag from /home/acer/.local/share/virtualenvs/custom_airflow-E5ZHcY_K/lib/python3.12/site-packages/airflow/example_dags/plugins/event_listener.py
[2024-07-06T21:59:24.786+0700] {processor.py:842} WARNING - No viable dags retrieved from /home/acer/.local/share/virtualenvs/custom_airflow-E5ZHcY_K/lib/python3.12/site-packages/airflow/example_dags/plugins/event_listener.py
[2024-07-06T21:59:24.800+0700] {processor.py:183} INFO - Processing /home/acer/.local/share/virtualenvs/custom_airflow-E5ZHcY_K/lib/python3.12/site-packages/airflow/example_dags/plugins/event_listener.py took 0.039 seconds
[2024-07-06T22:00:16.707+0700] {processor.py:161} INFO - Started process (PID=14879) to work on /home/acer/.local/share/virtualenvs/custom_airflow-E5ZHcY_K/lib/python3.12/site-packages/airflow/example_dags/plugins/event_listener.py
[2024-07-06T22:00:16.710+0700] {processor.py:830} INFO - Processing file /home/acer/.local/share/virtualenvs/custom_airflow-E5ZHcY_K/lib/python3.12/site-packages/airflow/example_dags/plugins/event_listener.py for tasks to queue
[2024-07-06T22:00:16.714+0700] {logging_mixin.py:188} INFO - [2024-07-06T22:00:16.713+0700] {dagbag.py:545} INFO - Filling up the DagBag from /home/acer/.local/share/virtualenvs/custom_airflow-E5ZHcY_K/lib/python3.12/site-packages/airflow/example_dags/plugins/event_listener.py
[2024-07-06T22:00:16.718+0700] {processor.py:842} WARNING - No viable dags retrieved from /home/acer/.local/share/virtualenvs/custom_airflow-E5ZHcY_K/lib/python3.12/site-packages/airflow/example_dags/plugins/event_listener.py
[2024-07-06T22:00:16.730+0700] {processor.py:183} INFO - Processing /home/acer/.local/share/virtualenvs/custom_airflow-E5ZHcY_K/lib/python3.12/site-packages/airflow/example_dags/plugins/event_listener.py took 0.040 seconds
[2024-07-06T22:01:08.767+0700] {processor.py:161} INFO - Started process (PID=15132) to work on /home/acer/.local/share/virtualenvs/custom_airflow-E5ZHcY_K/lib/python3.12/site-packages/airflow/example_dags/plugins/event_listener.py
[2024-07-06T22:01:08.770+0700] {processor.py:830} INFO - Processing file /home/acer/.local/share/virtualenvs/custom_airflow-E5ZHcY_K/lib/python3.12/site-packages/airflow/example_dags/plugins/event_listener.py for tasks to queue
[2024-07-06T22:01:08.778+0700] {logging_mixin.py:188} INFO - [2024-07-06T22:01:08.776+0700] {dagbag.py:545} INFO - Filling up the DagBag from /home/acer/.local/share/virtualenvs/custom_airflow-E5ZHcY_K/lib/python3.12/site-packages/airflow/example_dags/plugins/event_listener.py
[2024-07-06T22:01:08.785+0700] {processor.py:842} WARNING - No viable dags retrieved from /home/acer/.local/share/virtualenvs/custom_airflow-E5ZHcY_K/lib/python3.12/site-packages/airflow/example_dags/plugins/event_listener.py
[2024-07-06T22:01:08.810+0700] {processor.py:183} INFO - Processing /home/acer/.local/share/virtualenvs/custom_airflow-E5ZHcY_K/lib/python3.12/site-packages/airflow/example_dags/plugins/event_listener.py took 0.065 seconds
[2024-07-06T22:02:10.933+0700] {processor.py:161} INFO - Started process (PID=16007) to work on /home/acer/.local/share/virtualenvs/custom_airflow-E5ZHcY_K/lib/python3.12/site-packages/airflow/example_dags/plugins/event_listener.py
[2024-07-06T22:02:10.934+0700] {processor.py:830} INFO - Processing file /home/acer/.local/share/virtualenvs/custom_airflow-E5ZHcY_K/lib/python3.12/site-packages/airflow/example_dags/plugins/event_listener.py for tasks to queue
[2024-07-06T22:02:10.936+0700] {logging_mixin.py:188} INFO - [2024-07-06T22:02:10.936+0700] {dagbag.py:545} INFO - Filling up the DagBag from /home/acer/.local/share/virtualenvs/custom_airflow-E5ZHcY_K/lib/python3.12/site-packages/airflow/example_dags/plugins/event_listener.py
[2024-07-06T22:02:10.939+0700] {processor.py:842} WARNING - No viable dags retrieved from /home/acer/.local/share/virtualenvs/custom_airflow-E5ZHcY_K/lib/python3.12/site-packages/airflow/example_dags/plugins/event_listener.py
[2024-07-06T22:02:10.949+0700] {processor.py:183} INFO - Processing /home/acer/.local/share/virtualenvs/custom_airflow-E5ZHcY_K/lib/python3.12/site-packages/airflow/example_dags/plugins/event_listener.py took 0.023 seconds
[2024-07-06T22:02:45.202+0700] {processor.py:161} INFO - Started process (PID=16274) to work on /home/acer/.local/share/virtualenvs/custom_airflow-E5ZHcY_K/lib/python3.12/site-packages/airflow/example_dags/plugins/event_listener.py
[2024-07-06T22:02:45.204+0700] {processor.py:830} INFO - Processing file /home/acer/.local/share/virtualenvs/custom_airflow-E5ZHcY_K/lib/python3.12/site-packages/airflow/example_dags/plugins/event_listener.py for tasks to queue
[2024-07-06T22:02:45.207+0700] {logging_mixin.py:188} INFO - [2024-07-06T22:02:45.207+0700] {dagbag.py:545} INFO - Filling up the DagBag from /home/acer/.local/share/virtualenvs/custom_airflow-E5ZHcY_K/lib/python3.12/site-packages/airflow/example_dags/plugins/event_listener.py
[2024-07-06T22:02:45.212+0700] {processor.py:842} WARNING - No viable dags retrieved from /home/acer/.local/share/virtualenvs/custom_airflow-E5ZHcY_K/lib/python3.12/site-packages/airflow/example_dags/plugins/event_listener.py
[2024-07-06T22:02:45.226+0700] {processor.py:183} INFO - Processing /home/acer/.local/share/virtualenvs/custom_airflow-E5ZHcY_K/lib/python3.12/site-packages/airflow/example_dags/plugins/event_listener.py took 0.037 seconds
[2024-07-06T22:03:37.295+0700] {processor.py:161} INFO - Started process (PID=16527) to work on /home/acer/.local/share/virtualenvs/custom_airflow-E5ZHcY_K/lib/python3.12/site-packages/airflow/example_dags/plugins/event_listener.py
[2024-07-06T22:03:37.296+0700] {processor.py:830} INFO - Processing file /home/acer/.local/share/virtualenvs/custom_airflow-E5ZHcY_K/lib/python3.12/site-packages/airflow/example_dags/plugins/event_listener.py for tasks to queue
[2024-07-06T22:03:37.298+0700] {logging_mixin.py:188} INFO - [2024-07-06T22:03:37.297+0700] {dagbag.py:545} INFO - Filling up the DagBag from /home/acer/.local/share/virtualenvs/custom_airflow-E5ZHcY_K/lib/python3.12/site-packages/airflow/example_dags/plugins/event_listener.py
[2024-07-06T22:03:37.300+0700] {processor.py:842} WARNING - No viable dags retrieved from /home/acer/.local/share/virtualenvs/custom_airflow-E5ZHcY_K/lib/python3.12/site-packages/airflow/example_dags/plugins/event_listener.py
[2024-07-06T22:03:37.309+0700] {processor.py:183} INFO - Processing /home/acer/.local/share/virtualenvs/custom_airflow-E5ZHcY_K/lib/python3.12/site-packages/airflow/example_dags/plugins/event_listener.py took 0.019 seconds
[2024-07-06T22:05:04.088+0700] {processor.py:161} INFO - Started process (PID=17547) to work on /home/acer/.local/share/virtualenvs/custom_airflow-E5ZHcY_K/lib/python3.12/site-packages/airflow/example_dags/plugins/event_listener.py
[2024-07-06T22:05:04.090+0700] {processor.py:830} INFO - Processing file /home/acer/.local/share/virtualenvs/custom_airflow-E5ZHcY_K/lib/python3.12/site-packages/airflow/example_dags/plugins/event_listener.py for tasks to queue
[2024-07-06T22:05:04.093+0700] {logging_mixin.py:188} INFO - [2024-07-06T22:05:04.092+0700] {dagbag.py:545} INFO - Filling up the DagBag from /home/acer/.local/share/virtualenvs/custom_airflow-E5ZHcY_K/lib/python3.12/site-packages/airflow/example_dags/plugins/event_listener.py
[2024-07-06T22:05:04.098+0700] {processor.py:842} WARNING - No viable dags retrieved from /home/acer/.local/share/virtualenvs/custom_airflow-E5ZHcY_K/lib/python3.12/site-packages/airflow/example_dags/plugins/event_listener.py
[2024-07-06T22:05:04.112+0700] {processor.py:183} INFO - Processing /home/acer/.local/share/virtualenvs/custom_airflow-E5ZHcY_K/lib/python3.12/site-packages/airflow/example_dags/plugins/event_listener.py took 0.037 seconds
[2024-07-06T22:05:56.470+0700] {processor.py:161} INFO - Started process (PID=17829) to work on /home/acer/.local/share/virtualenvs/custom_airflow-E5ZHcY_K/lib/python3.12/site-packages/airflow/example_dags/plugins/event_listener.py
[2024-07-06T22:05:56.472+0700] {processor.py:830} INFO - Processing file /home/acer/.local/share/virtualenvs/custom_airflow-E5ZHcY_K/lib/python3.12/site-packages/airflow/example_dags/plugins/event_listener.py for tasks to queue
[2024-07-06T22:05:56.474+0700] {logging_mixin.py:188} INFO - [2024-07-06T22:05:56.473+0700] {dagbag.py:545} INFO - Filling up the DagBag from /home/acer/.local/share/virtualenvs/custom_airflow-E5ZHcY_K/lib/python3.12/site-packages/airflow/example_dags/plugins/event_listener.py
[2024-07-06T22:05:56.476+0700] {processor.py:842} WARNING - No viable dags retrieved from /home/acer/.local/share/virtualenvs/custom_airflow-E5ZHcY_K/lib/python3.12/site-packages/airflow/example_dags/plugins/event_listener.py
[2024-07-06T22:05:56.485+0700] {processor.py:183} INFO - Processing /home/acer/.local/share/virtualenvs/custom_airflow-E5ZHcY_K/lib/python3.12/site-packages/airflow/example_dags/plugins/event_listener.py took 0.022 seconds
[2024-07-06T22:06:44.910+0700] {processor.py:161} INFO - Started process (PID=18221) to work on /home/acer/.local/share/virtualenvs/custom_airflow-E5ZHcY_K/lib/python3.12/site-packages/airflow/example_dags/plugins/event_listener.py
[2024-07-06T22:06:44.911+0700] {processor.py:830} INFO - Processing file /home/acer/.local/share/virtualenvs/custom_airflow-E5ZHcY_K/lib/python3.12/site-packages/airflow/example_dags/plugins/event_listener.py for tasks to queue
[2024-07-06T22:06:44.914+0700] {logging_mixin.py:188} INFO - [2024-07-06T22:06:44.914+0700] {dagbag.py:545} INFO - Filling up the DagBag from /home/acer/.local/share/virtualenvs/custom_airflow-E5ZHcY_K/lib/python3.12/site-packages/airflow/example_dags/plugins/event_listener.py
[2024-07-06T22:06:44.918+0700] {processor.py:842} WARNING - No viable dags retrieved from /home/acer/.local/share/virtualenvs/custom_airflow-E5ZHcY_K/lib/python3.12/site-packages/airflow/example_dags/plugins/event_listener.py
[2024-07-06T22:06:44.930+0700] {processor.py:183} INFO - Processing /home/acer/.local/share/virtualenvs/custom_airflow-E5ZHcY_K/lib/python3.12/site-packages/airflow/example_dags/plugins/event_listener.py took 0.029 seconds
[2024-07-06T22:07:38.951+0700] {processor.py:161} INFO - Started process (PID=18621) to work on /home/acer/.local/share/virtualenvs/custom_airflow-E5ZHcY_K/lib/python3.12/site-packages/airflow/example_dags/plugins/event_listener.py
[2024-07-06T22:07:38.952+0700] {processor.py:830} INFO - Processing file /home/acer/.local/share/virtualenvs/custom_airflow-E5ZHcY_K/lib/python3.12/site-packages/airflow/example_dags/plugins/event_listener.py for tasks to queue
[2024-07-06T22:07:38.956+0700] {logging_mixin.py:188} INFO - [2024-07-06T22:07:38.955+0700] {dagbag.py:545} INFO - Filling up the DagBag from /home/acer/.local/share/virtualenvs/custom_airflow-E5ZHcY_K/lib/python3.12/site-packages/airflow/example_dags/plugins/event_listener.py
[2024-07-06T22:07:38.962+0700] {processor.py:842} WARNING - No viable dags retrieved from /home/acer/.local/share/virtualenvs/custom_airflow-E5ZHcY_K/lib/python3.12/site-packages/airflow/example_dags/plugins/event_listener.py
[2024-07-06T22:07:38.976+0700] {processor.py:183} INFO - Processing /home/acer/.local/share/virtualenvs/custom_airflow-E5ZHcY_K/lib/python3.12/site-packages/airflow/example_dags/plugins/event_listener.py took 0.036 seconds
[2024-07-06T22:08:35.145+0700] {processor.py:161} INFO - Started process (PID=18906) to work on /home/acer/.local/share/virtualenvs/custom_airflow-E5ZHcY_K/lib/python3.12/site-packages/airflow/example_dags/plugins/event_listener.py
[2024-07-06T22:08:35.147+0700] {processor.py:830} INFO - Processing file /home/acer/.local/share/virtualenvs/custom_airflow-E5ZHcY_K/lib/python3.12/site-packages/airflow/example_dags/plugins/event_listener.py for tasks to queue
[2024-07-06T22:08:35.152+0700] {logging_mixin.py:188} INFO - [2024-07-06T22:08:35.151+0700] {dagbag.py:545} INFO - Filling up the DagBag from /home/acer/.local/share/virtualenvs/custom_airflow-E5ZHcY_K/lib/python3.12/site-packages/airflow/example_dags/plugins/event_listener.py
[2024-07-06T22:08:35.156+0700] {processor.py:842} WARNING - No viable dags retrieved from /home/acer/.local/share/virtualenvs/custom_airflow-E5ZHcY_K/lib/python3.12/site-packages/airflow/example_dags/plugins/event_listener.py
[2024-07-06T22:08:35.178+0700] {processor.py:183} INFO - Processing /home/acer/.local/share/virtualenvs/custom_airflow-E5ZHcY_K/lib/python3.12/site-packages/airflow/example_dags/plugins/event_listener.py took 0.045 seconds
[2024-07-06T22:09:29.004+0700] {processor.py:161} INFO - Started process (PID=19207) to work on /home/acer/.local/share/virtualenvs/custom_airflow-E5ZHcY_K/lib/python3.12/site-packages/airflow/example_dags/plugins/event_listener.py
[2024-07-06T22:09:29.006+0700] {processor.py:830} INFO - Processing file /home/acer/.local/share/virtualenvs/custom_airflow-E5ZHcY_K/lib/python3.12/site-packages/airflow/example_dags/plugins/event_listener.py for tasks to queue
[2024-07-06T22:09:29.011+0700] {logging_mixin.py:188} INFO - [2024-07-06T22:09:29.010+0700] {dagbag.py:545} INFO - Filling up the DagBag from /home/acer/.local/share/virtualenvs/custom_airflow-E5ZHcY_K/lib/python3.12/site-packages/airflow/example_dags/plugins/event_listener.py
[2024-07-06T22:09:29.020+0700] {processor.py:842} WARNING - No viable dags retrieved from /home/acer/.local/share/virtualenvs/custom_airflow-E5ZHcY_K/lib/python3.12/site-packages/airflow/example_dags/plugins/event_listener.py
[2024-07-06T22:09:29.043+0700] {processor.py:183} INFO - Processing /home/acer/.local/share/virtualenvs/custom_airflow-E5ZHcY_K/lib/python3.12/site-packages/airflow/example_dags/plugins/event_listener.py took 0.053 seconds
[2024-07-06T22:10:34.373+0700] {processor.py:161} INFO - Started process (PID=19595) to work on /home/acer/.local/share/virtualenvs/custom_airflow-E5ZHcY_K/lib/python3.12/site-packages/airflow/example_dags/plugins/event_listener.py
[2024-07-06T22:10:34.375+0700] {processor.py:830} INFO - Processing file /home/acer/.local/share/virtualenvs/custom_airflow-E5ZHcY_K/lib/python3.12/site-packages/airflow/example_dags/plugins/event_listener.py for tasks to queue
[2024-07-06T22:10:34.380+0700] {logging_mixin.py:188} INFO - [2024-07-06T22:10:34.380+0700] {dagbag.py:545} INFO - Filling up the DagBag from /home/acer/.local/share/virtualenvs/custom_airflow-E5ZHcY_K/lib/python3.12/site-packages/airflow/example_dags/plugins/event_listener.py
[2024-07-06T22:10:34.385+0700] {processor.py:842} WARNING - No viable dags retrieved from /home/acer/.local/share/virtualenvs/custom_airflow-E5ZHcY_K/lib/python3.12/site-packages/airflow/example_dags/plugins/event_listener.py
[2024-07-06T22:10:34.402+0700] {processor.py:183} INFO - Processing /home/acer/.local/share/virtualenvs/custom_airflow-E5ZHcY_K/lib/python3.12/site-packages/airflow/example_dags/plugins/event_listener.py took 0.040 seconds
[2024-07-06T22:11:37.632+0700] {processor.py:161} INFO - Started process (PID=19924) to work on /home/acer/.local/share/virtualenvs/custom_airflow-E5ZHcY_K/lib/python3.12/site-packages/airflow/example_dags/plugins/event_listener.py
[2024-07-06T22:11:37.635+0700] {processor.py:830} INFO - Processing file /home/acer/.local/share/virtualenvs/custom_airflow-E5ZHcY_K/lib/python3.12/site-packages/airflow/example_dags/plugins/event_listener.py for tasks to queue
[2024-07-06T22:11:37.637+0700] {logging_mixin.py:188} INFO - [2024-07-06T22:11:37.637+0700] {dagbag.py:545} INFO - Filling up the DagBag from /home/acer/.local/share/virtualenvs/custom_airflow-E5ZHcY_K/lib/python3.12/site-packages/airflow/example_dags/plugins/event_listener.py
[2024-07-06T22:11:37.640+0700] {processor.py:842} WARNING - No viable dags retrieved from /home/acer/.local/share/virtualenvs/custom_airflow-E5ZHcY_K/lib/python3.12/site-packages/airflow/example_dags/plugins/event_listener.py
[2024-07-06T22:11:37.652+0700] {processor.py:183} INFO - Processing /home/acer/.local/share/virtualenvs/custom_airflow-E5ZHcY_K/lib/python3.12/site-packages/airflow/example_dags/plugins/event_listener.py took 0.029 seconds
[2024-07-06T22:12:37.705+0700] {processor.py:161} INFO - Started process (PID=20238) to work on /home/acer/.local/share/virtualenvs/custom_airflow-E5ZHcY_K/lib/python3.12/site-packages/airflow/example_dags/plugins/event_listener.py
[2024-07-06T22:12:37.708+0700] {processor.py:830} INFO - Processing file /home/acer/.local/share/virtualenvs/custom_airflow-E5ZHcY_K/lib/python3.12/site-packages/airflow/example_dags/plugins/event_listener.py for tasks to queue
[2024-07-06T22:12:37.716+0700] {logging_mixin.py:188} INFO - [2024-07-06T22:12:37.713+0700] {dagbag.py:545} INFO - Filling up the DagBag from /home/acer/.local/share/virtualenvs/custom_airflow-E5ZHcY_K/lib/python3.12/site-packages/airflow/example_dags/plugins/event_listener.py
[2024-07-06T22:12:37.720+0700] {processor.py:842} WARNING - No viable dags retrieved from /home/acer/.local/share/virtualenvs/custom_airflow-E5ZHcY_K/lib/python3.12/site-packages/airflow/example_dags/plugins/event_listener.py
[2024-07-06T22:12:37.737+0700] {processor.py:183} INFO - Processing /home/acer/.local/share/virtualenvs/custom_airflow-E5ZHcY_K/lib/python3.12/site-packages/airflow/example_dags/plugins/event_listener.py took 0.046 seconds
[2024-07-06T22:13:35.666+0700] {processor.py:161} INFO - Started process (PID=20617) to work on /home/acer/.local/share/virtualenvs/custom_airflow-E5ZHcY_K/lib/python3.12/site-packages/airflow/example_dags/plugins/event_listener.py
[2024-07-06T22:13:35.669+0700] {processor.py:830} INFO - Processing file /home/acer/.local/share/virtualenvs/custom_airflow-E5ZHcY_K/lib/python3.12/site-packages/airflow/example_dags/plugins/event_listener.py for tasks to queue
[2024-07-06T22:13:35.673+0700] {logging_mixin.py:188} INFO - [2024-07-06T22:13:35.672+0700] {dagbag.py:545} INFO - Filling up the DagBag from /home/acer/.local/share/virtualenvs/custom_airflow-E5ZHcY_K/lib/python3.12/site-packages/airflow/example_dags/plugins/event_listener.py
[2024-07-06T22:13:35.677+0700] {processor.py:842} WARNING - No viable dags retrieved from /home/acer/.local/share/virtualenvs/custom_airflow-E5ZHcY_K/lib/python3.12/site-packages/airflow/example_dags/plugins/event_listener.py
[2024-07-06T22:13:35.694+0700] {processor.py:183} INFO - Processing /home/acer/.local/share/virtualenvs/custom_airflow-E5ZHcY_K/lib/python3.12/site-packages/airflow/example_dags/plugins/event_listener.py took 0.057 seconds
[2024-07-06T22:14:34.184+0700] {processor.py:161} INFO - Started process (PID=20944) to work on /home/acer/.local/share/virtualenvs/custom_airflow-E5ZHcY_K/lib/python3.12/site-packages/airflow/example_dags/plugins/event_listener.py
[2024-07-06T22:14:34.185+0700] {processor.py:830} INFO - Processing file /home/acer/.local/share/virtualenvs/custom_airflow-E5ZHcY_K/lib/python3.12/site-packages/airflow/example_dags/plugins/event_listener.py for tasks to queue
[2024-07-06T22:14:34.188+0700] {logging_mixin.py:188} INFO - [2024-07-06T22:14:34.187+0700] {dagbag.py:545} INFO - Filling up the DagBag from /home/acer/.local/share/virtualenvs/custom_airflow-E5ZHcY_K/lib/python3.12/site-packages/airflow/example_dags/plugins/event_listener.py
[2024-07-06T22:14:34.192+0700] {processor.py:842} WARNING - No viable dags retrieved from /home/acer/.local/share/virtualenvs/custom_airflow-E5ZHcY_K/lib/python3.12/site-packages/airflow/example_dags/plugins/event_listener.py
[2024-07-06T22:14:34.205+0700] {processor.py:183} INFO - Processing /home/acer/.local/share/virtualenvs/custom_airflow-E5ZHcY_K/lib/python3.12/site-packages/airflow/example_dags/plugins/event_listener.py took 0.031 seconds
[2024-07-06T22:15:40.238+0700] {processor.py:161} INFO - Started process (PID=21348) to work on /home/acer/.local/share/virtualenvs/custom_airflow-E5ZHcY_K/lib/python3.12/site-packages/airflow/example_dags/plugins/event_listener.py
[2024-07-06T22:15:40.239+0700] {processor.py:830} INFO - Processing file /home/acer/.local/share/virtualenvs/custom_airflow-E5ZHcY_K/lib/python3.12/site-packages/airflow/example_dags/plugins/event_listener.py for tasks to queue
[2024-07-06T22:15:40.241+0700] {logging_mixin.py:188} INFO - [2024-07-06T22:15:40.241+0700] {dagbag.py:545} INFO - Filling up the DagBag from /home/acer/.local/share/virtualenvs/custom_airflow-E5ZHcY_K/lib/python3.12/site-packages/airflow/example_dags/plugins/event_listener.py
[2024-07-06T22:15:40.244+0700] {processor.py:842} WARNING - No viable dags retrieved from /home/acer/.local/share/virtualenvs/custom_airflow-E5ZHcY_K/lib/python3.12/site-packages/airflow/example_dags/plugins/event_listener.py
[2024-07-06T22:15:40.258+0700] {processor.py:183} INFO - Processing /home/acer/.local/share/virtualenvs/custom_airflow-E5ZHcY_K/lib/python3.12/site-packages/airflow/example_dags/plugins/event_listener.py took 0.030 seconds
[2024-07-06T22:16:36.864+0700] {processor.py:161} INFO - Started process (PID=21636) to work on /home/acer/.local/share/virtualenvs/custom_airflow-E5ZHcY_K/lib/python3.12/site-packages/airflow/example_dags/plugins/event_listener.py
[2024-07-06T22:16:36.865+0700] {processor.py:830} INFO - Processing file /home/acer/.local/share/virtualenvs/custom_airflow-E5ZHcY_K/lib/python3.12/site-packages/airflow/example_dags/plugins/event_listener.py for tasks to queue
[2024-07-06T22:16:36.868+0700] {logging_mixin.py:188} INFO - [2024-07-06T22:16:36.867+0700] {dagbag.py:545} INFO - Filling up the DagBag from /home/acer/.local/share/virtualenvs/custom_airflow-E5ZHcY_K/lib/python3.12/site-packages/airflow/example_dags/plugins/event_listener.py
[2024-07-06T22:16:36.871+0700] {processor.py:842} WARNING - No viable dags retrieved from /home/acer/.local/share/virtualenvs/custom_airflow-E5ZHcY_K/lib/python3.12/site-packages/airflow/example_dags/plugins/event_listener.py
[2024-07-06T22:16:36.888+0700] {processor.py:183} INFO - Processing /home/acer/.local/share/virtualenvs/custom_airflow-E5ZHcY_K/lib/python3.12/site-packages/airflow/example_dags/plugins/event_listener.py took 0.033 seconds
[2024-07-06T22:17:30.034+0700] {processor.py:161} INFO - Started process (PID=21930) to work on /home/acer/.local/share/virtualenvs/custom_airflow-E5ZHcY_K/lib/python3.12/site-packages/airflow/example_dags/plugins/event_listener.py
[2024-07-06T22:17:30.037+0700] {processor.py:830} INFO - Processing file /home/acer/.local/share/virtualenvs/custom_airflow-E5ZHcY_K/lib/python3.12/site-packages/airflow/example_dags/plugins/event_listener.py for tasks to queue
[2024-07-06T22:17:30.047+0700] {logging_mixin.py:188} INFO - [2024-07-06T22:17:30.044+0700] {dagbag.py:545} INFO - Filling up the DagBag from /home/acer/.local/share/virtualenvs/custom_airflow-E5ZHcY_K/lib/python3.12/site-packages/airflow/example_dags/plugins/event_listener.py
[2024-07-06T22:17:30.054+0700] {processor.py:842} WARNING - No viable dags retrieved from /home/acer/.local/share/virtualenvs/custom_airflow-E5ZHcY_K/lib/python3.12/site-packages/airflow/example_dags/plugins/event_listener.py
[2024-07-06T22:17:30.072+0700] {processor.py:183} INFO - Processing /home/acer/.local/share/virtualenvs/custom_airflow-E5ZHcY_K/lib/python3.12/site-packages/airflow/example_dags/plugins/event_listener.py took 0.049 seconds
[2024-07-06T22:18:05.630+0700] {processor.py:161} INFO - Started process (PID=22121) to work on /home/acer/.local/share/virtualenvs/custom_airflow-E5ZHcY_K/lib/python3.12/site-packages/airflow/example_dags/plugins/event_listener.py
[2024-07-06T22:18:05.632+0700] {processor.py:830} INFO - Processing file /home/acer/.local/share/virtualenvs/custom_airflow-E5ZHcY_K/lib/python3.12/site-packages/airflow/example_dags/plugins/event_listener.py for tasks to queue
[2024-07-06T22:18:05.635+0700] {logging_mixin.py:188} INFO - [2024-07-06T22:18:05.635+0700] {dagbag.py:545} INFO - Filling up the DagBag from /home/acer/.local/share/virtualenvs/custom_airflow-E5ZHcY_K/lib/python3.12/site-packages/airflow/example_dags/plugins/event_listener.py
[2024-07-06T22:18:05.638+0700] {processor.py:842} WARNING - No viable dags retrieved from /home/acer/.local/share/virtualenvs/custom_airflow-E5ZHcY_K/lib/python3.12/site-packages/airflow/example_dags/plugins/event_listener.py
[2024-07-06T22:18:05.648+0700] {processor.py:183} INFO - Processing /home/acer/.local/share/virtualenvs/custom_airflow-E5ZHcY_K/lib/python3.12/site-packages/airflow/example_dags/plugins/event_listener.py took 0.026 seconds
[2024-07-06T22:19:07.873+0700] {processor.py:161} INFO - Started process (PID=22435) to work on /home/acer/.local/share/virtualenvs/custom_airflow-E5ZHcY_K/lib/python3.12/site-packages/airflow/example_dags/plugins/event_listener.py
[2024-07-06T22:19:07.875+0700] {processor.py:830} INFO - Processing file /home/acer/.local/share/virtualenvs/custom_airflow-E5ZHcY_K/lib/python3.12/site-packages/airflow/example_dags/plugins/event_listener.py for tasks to queue
[2024-07-06T22:19:07.878+0700] {logging_mixin.py:188} INFO - [2024-07-06T22:19:07.877+0700] {dagbag.py:545} INFO - Filling up the DagBag from /home/acer/.local/share/virtualenvs/custom_airflow-E5ZHcY_K/lib/python3.12/site-packages/airflow/example_dags/plugins/event_listener.py
[2024-07-06T22:19:07.881+0700] {processor.py:842} WARNING - No viable dags retrieved from /home/acer/.local/share/virtualenvs/custom_airflow-E5ZHcY_K/lib/python3.12/site-packages/airflow/example_dags/plugins/event_listener.py
[2024-07-06T22:19:07.894+0700] {processor.py:183} INFO - Processing /home/acer/.local/share/virtualenvs/custom_airflow-E5ZHcY_K/lib/python3.12/site-packages/airflow/example_dags/plugins/event_listener.py took 0.034 seconds
[2024-07-06T22:20:10.147+0700] {processor.py:161} INFO - Started process (PID=22781) to work on /home/acer/.local/share/virtualenvs/custom_airflow-E5ZHcY_K/lib/python3.12/site-packages/airflow/example_dags/plugins/event_listener.py
[2024-07-06T22:20:10.150+0700] {processor.py:830} INFO - Processing file /home/acer/.local/share/virtualenvs/custom_airflow-E5ZHcY_K/lib/python3.12/site-packages/airflow/example_dags/plugins/event_listener.py for tasks to queue
[2024-07-06T22:20:10.156+0700] {logging_mixin.py:188} INFO - [2024-07-06T22:20:10.154+0700] {dagbag.py:545} INFO - Filling up the DagBag from /home/acer/.local/share/virtualenvs/custom_airflow-E5ZHcY_K/lib/python3.12/site-packages/airflow/example_dags/plugins/event_listener.py
[2024-07-06T22:20:10.162+0700] {processor.py:842} WARNING - No viable dags retrieved from /home/acer/.local/share/virtualenvs/custom_airflow-E5ZHcY_K/lib/python3.12/site-packages/airflow/example_dags/plugins/event_listener.py
[2024-07-06T22:20:10.184+0700] {processor.py:183} INFO - Processing /home/acer/.local/share/virtualenvs/custom_airflow-E5ZHcY_K/lib/python3.12/site-packages/airflow/example_dags/plugins/event_listener.py took 0.056 seconds
[2024-07-06T22:21:10.493+0700] {processor.py:161} INFO - Started process (PID=23111) to work on /home/acer/.local/share/virtualenvs/custom_airflow-E5ZHcY_K/lib/python3.12/site-packages/airflow/example_dags/plugins/event_listener.py
[2024-07-06T22:21:10.494+0700] {processor.py:830} INFO - Processing file /home/acer/.local/share/virtualenvs/custom_airflow-E5ZHcY_K/lib/python3.12/site-packages/airflow/example_dags/plugins/event_listener.py for tasks to queue
[2024-07-06T22:21:10.496+0700] {logging_mixin.py:188} INFO - [2024-07-06T22:21:10.495+0700] {dagbag.py:545} INFO - Filling up the DagBag from /home/acer/.local/share/virtualenvs/custom_airflow-E5ZHcY_K/lib/python3.12/site-packages/airflow/example_dags/plugins/event_listener.py
[2024-07-06T22:21:10.499+0700] {processor.py:842} WARNING - No viable dags retrieved from /home/acer/.local/share/virtualenvs/custom_airflow-E5ZHcY_K/lib/python3.12/site-packages/airflow/example_dags/plugins/event_listener.py
[2024-07-06T22:21:10.510+0700] {processor.py:183} INFO - Processing /home/acer/.local/share/virtualenvs/custom_airflow-E5ZHcY_K/lib/python3.12/site-packages/airflow/example_dags/plugins/event_listener.py took 0.024 seconds
