[2024-07-06T16:08:37.706+0700] {processor.py:161} INFO - Started process (PID=51038) to work on /home/acer/.local/share/virtualenvs/custom_airflow-E5ZHcY_K/lib/python3.12/site-packages/airflow/example_dags/plugins/listener_plugin.py
[2024-07-06T16:08:37.708+0700] {processor.py:830} INFO - Processing file /home/acer/.local/share/virtualenvs/custom_airflow-E5ZHcY_K/lib/python3.12/site-packages/airflow/example_dags/plugins/listener_plugin.py for tasks to queue
[2024-07-06T16:08:37.711+0700] {logging_mixin.py:188} INFO - [2024-07-06T16:08:37.710+0700] {dagbag.py:545} INFO - Filling up the DagBag from /home/acer/.local/share/virtualenvs/custom_airflow-E5ZHcY_K/lib/python3.12/site-packages/airflow/example_dags/plugins/listener_plugin.py
[2024-07-06T16:08:37.716+0700] {processor.py:842} WARNING - No viable dags retrieved from /home/acer/.local/share/virtualenvs/custom_airflow-E5ZHcY_K/lib/python3.12/site-packages/airflow/example_dags/plugins/listener_plugin.py
[2024-07-06T16:08:37.728+0700] {processor.py:183} INFO - Processing /home/acer/.local/share/virtualenvs/custom_airflow-E5ZHcY_K/lib/python3.12/site-packages/airflow/example_dags/plugins/listener_plugin.py took 0.044 seconds
[2024-07-06T16:09:40.196+0700] {processor.py:161} INFO - Started process (PID=51521) to work on /home/acer/.local/share/virtualenvs/custom_airflow-E5ZHcY_K/lib/python3.12/site-packages/airflow/example_dags/plugins/listener_plugin.py
[2024-07-06T16:09:40.198+0700] {processor.py:830} INFO - Processing file /home/acer/.local/share/virtualenvs/custom_airflow-E5ZHcY_K/lib/python3.12/site-packages/airflow/example_dags/plugins/listener_plugin.py for tasks to queue
[2024-07-06T16:09:40.205+0700] {logging_mixin.py:188} INFO - [2024-07-06T16:09:40.203+0700] {dagbag.py:545} INFO - Filling up the DagBag from /home/acer/.local/share/virtualenvs/custom_airflow-E5ZHcY_K/lib/python3.12/site-packages/airflow/example_dags/plugins/listener_plugin.py
[2024-07-06T16:09:40.215+0700] {processor.py:842} WARNING - No viable dags retrieved from /home/acer/.local/share/virtualenvs/custom_airflow-E5ZHcY_K/lib/python3.12/site-packages/airflow/example_dags/plugins/listener_plugin.py
[2024-07-06T16:09:40.253+0700] {processor.py:183} INFO - Processing /home/acer/.local/share/virtualenvs/custom_airflow-E5ZHcY_K/lib/python3.12/site-packages/airflow/example_dags/plugins/listener_plugin.py took 0.075 seconds
[2024-07-06T16:10:31.772+0700] {processor.py:161} INFO - Started process (PID=51928) to work on /home/acer/.local/share/virtualenvs/custom_airflow-E5ZHcY_K/lib/python3.12/site-packages/airflow/example_dags/plugins/listener_plugin.py
[2024-07-06T16:10:31.773+0700] {processor.py:830} INFO - Processing file /home/acer/.local/share/virtualenvs/custom_airflow-E5ZHcY_K/lib/python3.12/site-packages/airflow/example_dags/plugins/listener_plugin.py for tasks to queue
[2024-07-06T16:10:31.775+0700] {logging_mixin.py:188} INFO - [2024-07-06T16:10:31.774+0700] {dagbag.py:545} INFO - Filling up the DagBag from /home/acer/.local/share/virtualenvs/custom_airflow-E5ZHcY_K/lib/python3.12/site-packages/airflow/example_dags/plugins/listener_plugin.py
[2024-07-06T16:10:31.778+0700] {processor.py:842} WARNING - No viable dags retrieved from /home/acer/.local/share/virtualenvs/custom_airflow-E5ZHcY_K/lib/python3.12/site-packages/airflow/example_dags/plugins/listener_plugin.py
[2024-07-06T16:10:31.791+0700] {processor.py:183} INFO - Processing /home/acer/.local/share/virtualenvs/custom_airflow-E5ZHcY_K/lib/python3.12/site-packages/airflow/example_dags/plugins/listener_plugin.py took 0.026 seconds
[2024-07-06T16:11:28.379+0700] {processor.py:161} INFO - Started process (PID=52457) to work on /home/acer/.local/share/virtualenvs/custom_airflow-E5ZHcY_K/lib/python3.12/site-packages/airflow/example_dags/plugins/listener_plugin.py
[2024-07-06T16:11:28.381+0700] {processor.py:830} INFO - Processing file /home/acer/.local/share/virtualenvs/custom_airflow-E5ZHcY_K/lib/python3.12/site-packages/airflow/example_dags/plugins/listener_plugin.py for tasks to queue
[2024-07-06T16:11:28.383+0700] {logging_mixin.py:188} INFO - [2024-07-06T16:11:28.382+0700] {dagbag.py:545} INFO - Filling up the DagBag from /home/acer/.local/share/virtualenvs/custom_airflow-E5ZHcY_K/lib/python3.12/site-packages/airflow/example_dags/plugins/listener_plugin.py
[2024-07-06T16:11:28.387+0700] {processor.py:842} WARNING - No viable dags retrieved from /home/acer/.local/share/virtualenvs/custom_airflow-E5ZHcY_K/lib/python3.12/site-packages/airflow/example_dags/plugins/listener_plugin.py
[2024-07-06T16:11:28.401+0700] {processor.py:183} INFO - Processing /home/acer/.local/share/virtualenvs/custom_airflow-E5ZHcY_K/lib/python3.12/site-packages/airflow/example_dags/plugins/listener_plugin.py took 0.033 seconds
[2024-07-06T16:15:27.533+0700] {processor.py:161} INFO - Started process (PID=54480) to work on /home/acer/.local/share/virtualenvs/custom_airflow-E5ZHcY_K/lib/python3.12/site-packages/airflow/example_dags/plugins/listener_plugin.py
[2024-07-06T16:15:27.536+0700] {processor.py:830} INFO - Processing file /home/acer/.local/share/virtualenvs/custom_airflow-E5ZHcY_K/lib/python3.12/site-packages/airflow/example_dags/plugins/listener_plugin.py for tasks to queue
[2024-07-06T16:15:27.540+0700] {logging_mixin.py:188} INFO - [2024-07-06T16:15:27.539+0700] {dagbag.py:545} INFO - Filling up the DagBag from /home/acer/.local/share/virtualenvs/custom_airflow-E5ZHcY_K/lib/python3.12/site-packages/airflow/example_dags/plugins/listener_plugin.py
[2024-07-06T16:15:27.545+0700] {processor.py:842} WARNING - No viable dags retrieved from /home/acer/.local/share/virtualenvs/custom_airflow-E5ZHcY_K/lib/python3.12/site-packages/airflow/example_dags/plugins/listener_plugin.py
[2024-07-06T16:15:27.561+0700] {processor.py:183} INFO - Processing /home/acer/.local/share/virtualenvs/custom_airflow-E5ZHcY_K/lib/python3.12/site-packages/airflow/example_dags/plugins/listener_plugin.py took 0.046 seconds
[2024-07-06T16:16:29.881+0700] {processor.py:161} INFO - Started process (PID=55228) to work on /home/acer/.local/share/virtualenvs/custom_airflow-E5ZHcY_K/lib/python3.12/site-packages/airflow/example_dags/plugins/listener_plugin.py
[2024-07-06T16:16:29.882+0700] {processor.py:830} INFO - Processing file /home/acer/.local/share/virtualenvs/custom_airflow-E5ZHcY_K/lib/python3.12/site-packages/airflow/example_dags/plugins/listener_plugin.py for tasks to queue
[2024-07-06T16:16:29.884+0700] {logging_mixin.py:188} INFO - [2024-07-06T16:16:29.884+0700] {dagbag.py:545} INFO - Filling up the DagBag from /home/acer/.local/share/virtualenvs/custom_airflow-E5ZHcY_K/lib/python3.12/site-packages/airflow/example_dags/plugins/listener_plugin.py
[2024-07-06T16:16:29.888+0700] {processor.py:842} WARNING - No viable dags retrieved from /home/acer/.local/share/virtualenvs/custom_airflow-E5ZHcY_K/lib/python3.12/site-packages/airflow/example_dags/plugins/listener_plugin.py
[2024-07-06T16:16:29.899+0700] {processor.py:183} INFO - Processing /home/acer/.local/share/virtualenvs/custom_airflow-E5ZHcY_K/lib/python3.12/site-packages/airflow/example_dags/plugins/listener_plugin.py took 0.032 seconds
[2024-07-06T16:17:24.135+0700] {processor.py:161} INFO - Started process (PID=55683) to work on /home/acer/.local/share/virtualenvs/custom_airflow-E5ZHcY_K/lib/python3.12/site-packages/airflow/example_dags/plugins/listener_plugin.py
[2024-07-06T16:17:24.137+0700] {processor.py:830} INFO - Processing file /home/acer/.local/share/virtualenvs/custom_airflow-E5ZHcY_K/lib/python3.12/site-packages/airflow/example_dags/plugins/listener_plugin.py for tasks to queue
[2024-07-06T16:17:24.142+0700] {logging_mixin.py:188} INFO - [2024-07-06T16:17:24.141+0700] {dagbag.py:545} INFO - Filling up the DagBag from /home/acer/.local/share/virtualenvs/custom_airflow-E5ZHcY_K/lib/python3.12/site-packages/airflow/example_dags/plugins/listener_plugin.py
[2024-07-06T16:17:24.147+0700] {processor.py:842} WARNING - No viable dags retrieved from /home/acer/.local/share/virtualenvs/custom_airflow-E5ZHcY_K/lib/python3.12/site-packages/airflow/example_dags/plugins/listener_plugin.py
[2024-07-06T16:17:24.162+0700] {processor.py:183} INFO - Processing /home/acer/.local/share/virtualenvs/custom_airflow-E5ZHcY_K/lib/python3.12/site-packages/airflow/example_dags/plugins/listener_plugin.py took 0.051 seconds
[2024-07-06T16:18:10.660+0700] {processor.py:161} INFO - Started process (PID=55917) to work on /home/acer/.local/share/virtualenvs/custom_airflow-E5ZHcY_K/lib/python3.12/site-packages/airflow/example_dags/plugins/listener_plugin.py
[2024-07-06T16:18:10.661+0700] {processor.py:830} INFO - Processing file /home/acer/.local/share/virtualenvs/custom_airflow-E5ZHcY_K/lib/python3.12/site-packages/airflow/example_dags/plugins/listener_plugin.py for tasks to queue
[2024-07-06T16:18:10.663+0700] {logging_mixin.py:188} INFO - [2024-07-06T16:18:10.662+0700] {dagbag.py:545} INFO - Filling up the DagBag from /home/acer/.local/share/virtualenvs/custom_airflow-E5ZHcY_K/lib/python3.12/site-packages/airflow/example_dags/plugins/listener_plugin.py
[2024-07-06T16:18:10.666+0700] {processor.py:842} WARNING - No viable dags retrieved from /home/acer/.local/share/virtualenvs/custom_airflow-E5ZHcY_K/lib/python3.12/site-packages/airflow/example_dags/plugins/listener_plugin.py
[2024-07-06T16:18:10.676+0700] {processor.py:183} INFO - Processing /home/acer/.local/share/virtualenvs/custom_airflow-E5ZHcY_K/lib/python3.12/site-packages/airflow/example_dags/plugins/listener_plugin.py took 0.025 seconds
[2024-07-06T16:18:58.100+0700] {processor.py:161} INFO - Started process (PID=56149) to work on /home/acer/.local/share/virtualenvs/custom_airflow-E5ZHcY_K/lib/python3.12/site-packages/airflow/example_dags/plugins/listener_plugin.py
[2024-07-06T16:18:58.101+0700] {processor.py:830} INFO - Processing file /home/acer/.local/share/virtualenvs/custom_airflow-E5ZHcY_K/lib/python3.12/site-packages/airflow/example_dags/plugins/listener_plugin.py for tasks to queue
[2024-07-06T16:18:58.104+0700] {logging_mixin.py:188} INFO - [2024-07-06T16:18:58.104+0700] {dagbag.py:545} INFO - Filling up the DagBag from /home/acer/.local/share/virtualenvs/custom_airflow-E5ZHcY_K/lib/python3.12/site-packages/airflow/example_dags/plugins/listener_plugin.py
[2024-07-06T16:18:58.108+0700] {processor.py:842} WARNING - No viable dags retrieved from /home/acer/.local/share/virtualenvs/custom_airflow-E5ZHcY_K/lib/python3.12/site-packages/airflow/example_dags/plugins/listener_plugin.py
[2024-07-06T16:18:58.122+0700] {processor.py:183} INFO - Processing /home/acer/.local/share/virtualenvs/custom_airflow-E5ZHcY_K/lib/python3.12/site-packages/airflow/example_dags/plugins/listener_plugin.py took 0.029 seconds
[2024-07-06T16:19:57.788+0700] {processor.py:161} INFO - Started process (PID=56867) to work on /home/acer/.local/share/virtualenvs/custom_airflow-E5ZHcY_K/lib/python3.12/site-packages/airflow/example_dags/plugins/listener_plugin.py
[2024-07-06T16:19:57.790+0700] {processor.py:830} INFO - Processing file /home/acer/.local/share/virtualenvs/custom_airflow-E5ZHcY_K/lib/python3.12/site-packages/airflow/example_dags/plugins/listener_plugin.py for tasks to queue
[2024-07-06T16:19:57.793+0700] {logging_mixin.py:188} INFO - [2024-07-06T16:19:57.793+0700] {dagbag.py:545} INFO - Filling up the DagBag from /home/acer/.local/share/virtualenvs/custom_airflow-E5ZHcY_K/lib/python3.12/site-packages/airflow/example_dags/plugins/listener_plugin.py
[2024-07-06T16:19:57.799+0700] {processor.py:842} WARNING - No viable dags retrieved from /home/acer/.local/share/virtualenvs/custom_airflow-E5ZHcY_K/lib/python3.12/site-packages/airflow/example_dags/plugins/listener_plugin.py
[2024-07-06T16:19:57.812+0700] {processor.py:183} INFO - Processing /home/acer/.local/share/virtualenvs/custom_airflow-E5ZHcY_K/lib/python3.12/site-packages/airflow/example_dags/plugins/listener_plugin.py took 0.052 seconds
[2024-07-06T16:20:54.845+0700] {processor.py:161} INFO - Started process (PID=57331) to work on /home/acer/.local/share/virtualenvs/custom_airflow-E5ZHcY_K/lib/python3.12/site-packages/airflow/example_dags/plugins/listener_plugin.py
[2024-07-06T16:20:54.848+0700] {processor.py:830} INFO - Processing file /home/acer/.local/share/virtualenvs/custom_airflow-E5ZHcY_K/lib/python3.12/site-packages/airflow/example_dags/plugins/listener_plugin.py for tasks to queue
[2024-07-06T16:20:54.856+0700] {logging_mixin.py:188} INFO - [2024-07-06T16:20:54.854+0700] {dagbag.py:545} INFO - Filling up the DagBag from /home/acer/.local/share/virtualenvs/custom_airflow-E5ZHcY_K/lib/python3.12/site-packages/airflow/example_dags/plugins/listener_plugin.py
[2024-07-06T16:20:54.862+0700] {processor.py:842} WARNING - No viable dags retrieved from /home/acer/.local/share/virtualenvs/custom_airflow-E5ZHcY_K/lib/python3.12/site-packages/airflow/example_dags/plugins/listener_plugin.py
[2024-07-06T16:20:54.877+0700] {processor.py:183} INFO - Processing /home/acer/.local/share/virtualenvs/custom_airflow-E5ZHcY_K/lib/python3.12/site-packages/airflow/example_dags/plugins/listener_plugin.py took 0.054 seconds
[2024-07-06T16:21:44.965+0700] {processor.py:161} INFO - Started process (PID=57645) to work on /home/acer/.local/share/virtualenvs/custom_airflow-E5ZHcY_K/lib/python3.12/site-packages/airflow/example_dags/plugins/listener_plugin.py
[2024-07-06T16:21:44.966+0700] {processor.py:830} INFO - Processing file /home/acer/.local/share/virtualenvs/custom_airflow-E5ZHcY_K/lib/python3.12/site-packages/airflow/example_dags/plugins/listener_plugin.py for tasks to queue
[2024-07-06T16:21:44.968+0700] {logging_mixin.py:188} INFO - [2024-07-06T16:21:44.967+0700] {dagbag.py:545} INFO - Filling up the DagBag from /home/acer/.local/share/virtualenvs/custom_airflow-E5ZHcY_K/lib/python3.12/site-packages/airflow/example_dags/plugins/listener_plugin.py
[2024-07-06T16:21:44.971+0700] {processor.py:842} WARNING - No viable dags retrieved from /home/acer/.local/share/virtualenvs/custom_airflow-E5ZHcY_K/lib/python3.12/site-packages/airflow/example_dags/plugins/listener_plugin.py
[2024-07-06T16:21:44.982+0700] {processor.py:183} INFO - Processing /home/acer/.local/share/virtualenvs/custom_airflow-E5ZHcY_K/lib/python3.12/site-packages/airflow/example_dags/plugins/listener_plugin.py took 0.023 seconds
[2024-07-06T16:22:32.584+0700] {processor.py:161} INFO - Started process (PID=57969) to work on /home/acer/.local/share/virtualenvs/custom_airflow-E5ZHcY_K/lib/python3.12/site-packages/airflow/example_dags/plugins/listener_plugin.py
[2024-07-06T16:22:32.586+0700] {processor.py:830} INFO - Processing file /home/acer/.local/share/virtualenvs/custom_airflow-E5ZHcY_K/lib/python3.12/site-packages/airflow/example_dags/plugins/listener_plugin.py for tasks to queue
[2024-07-06T16:22:32.589+0700] {logging_mixin.py:188} INFO - [2024-07-06T16:22:32.588+0700] {dagbag.py:545} INFO - Filling up the DagBag from /home/acer/.local/share/virtualenvs/custom_airflow-E5ZHcY_K/lib/python3.12/site-packages/airflow/example_dags/plugins/listener_plugin.py
[2024-07-06T16:22:32.594+0700] {processor.py:842} WARNING - No viable dags retrieved from /home/acer/.local/share/virtualenvs/custom_airflow-E5ZHcY_K/lib/python3.12/site-packages/airflow/example_dags/plugins/listener_plugin.py
[2024-07-06T16:22:32.610+0700] {processor.py:183} INFO - Processing /home/acer/.local/share/virtualenvs/custom_airflow-E5ZHcY_K/lib/python3.12/site-packages/airflow/example_dags/plugins/listener_plugin.py took 0.049 seconds
[2024-07-06T16:23:58.735+0700] {processor.py:161} INFO - Started process (PID=58952) to work on /home/acer/.local/share/virtualenvs/custom_airflow-E5ZHcY_K/lib/python3.12/site-packages/airflow/example_dags/plugins/listener_plugin.py
[2024-07-06T16:23:58.737+0700] {processor.py:830} INFO - Processing file /home/acer/.local/share/virtualenvs/custom_airflow-E5ZHcY_K/lib/python3.12/site-packages/airflow/example_dags/plugins/listener_plugin.py for tasks to queue
[2024-07-06T16:23:58.742+0700] {logging_mixin.py:188} INFO - [2024-07-06T16:23:58.741+0700] {dagbag.py:545} INFO - Filling up the DagBag from /home/acer/.local/share/virtualenvs/custom_airflow-E5ZHcY_K/lib/python3.12/site-packages/airflow/example_dags/plugins/listener_plugin.py
[2024-07-06T16:23:58.748+0700] {processor.py:842} WARNING - No viable dags retrieved from /home/acer/.local/share/virtualenvs/custom_airflow-E5ZHcY_K/lib/python3.12/site-packages/airflow/example_dags/plugins/listener_plugin.py
[2024-07-06T16:23:58.766+0700] {processor.py:183} INFO - Processing /home/acer/.local/share/virtualenvs/custom_airflow-E5ZHcY_K/lib/python3.12/site-packages/airflow/example_dags/plugins/listener_plugin.py took 0.047 seconds
[2024-07-06T16:24:53.926+0700] {processor.py:161} INFO - Started process (PID=59451) to work on /home/acer/.local/share/virtualenvs/custom_airflow-E5ZHcY_K/lib/python3.12/site-packages/airflow/example_dags/plugins/listener_plugin.py
[2024-07-06T16:24:53.928+0700] {processor.py:830} INFO - Processing file /home/acer/.local/share/virtualenvs/custom_airflow-E5ZHcY_K/lib/python3.12/site-packages/airflow/example_dags/plugins/listener_plugin.py for tasks to queue
[2024-07-06T16:24:53.935+0700] {logging_mixin.py:188} INFO - [2024-07-06T16:24:53.931+0700] {dagbag.py:545} INFO - Filling up the DagBag from /home/acer/.local/share/virtualenvs/custom_airflow-E5ZHcY_K/lib/python3.12/site-packages/airflow/example_dags/plugins/listener_plugin.py
[2024-07-06T16:24:53.940+0700] {processor.py:842} WARNING - No viable dags retrieved from /home/acer/.local/share/virtualenvs/custom_airflow-E5ZHcY_K/lib/python3.12/site-packages/airflow/example_dags/plugins/listener_plugin.py
[2024-07-06T16:24:53.953+0700] {processor.py:183} INFO - Processing /home/acer/.local/share/virtualenvs/custom_airflow-E5ZHcY_K/lib/python3.12/site-packages/airflow/example_dags/plugins/listener_plugin.py took 0.045 seconds
[2024-07-06T16:25:45.071+0700] {processor.py:161} INFO - Started process (PID=59912) to work on /home/acer/.local/share/virtualenvs/custom_airflow-E5ZHcY_K/lib/python3.12/site-packages/airflow/example_dags/plugins/listener_plugin.py
[2024-07-06T16:25:45.072+0700] {processor.py:830} INFO - Processing file /home/acer/.local/share/virtualenvs/custom_airflow-E5ZHcY_K/lib/python3.12/site-packages/airflow/example_dags/plugins/listener_plugin.py for tasks to queue
[2024-07-06T16:25:45.075+0700] {logging_mixin.py:188} INFO - [2024-07-06T16:25:45.074+0700] {dagbag.py:545} INFO - Filling up the DagBag from /home/acer/.local/share/virtualenvs/custom_airflow-E5ZHcY_K/lib/python3.12/site-packages/airflow/example_dags/plugins/listener_plugin.py
[2024-07-06T16:25:45.078+0700] {processor.py:842} WARNING - No viable dags retrieved from /home/acer/.local/share/virtualenvs/custom_airflow-E5ZHcY_K/lib/python3.12/site-packages/airflow/example_dags/plugins/listener_plugin.py
[2024-07-06T16:25:45.088+0700] {processor.py:183} INFO - Processing /home/acer/.local/share/virtualenvs/custom_airflow-E5ZHcY_K/lib/python3.12/site-packages/airflow/example_dags/plugins/listener_plugin.py took 0.027 seconds
[2024-07-06T16:26:36.584+0700] {processor.py:161} INFO - Started process (PID=60156) to work on /home/acer/.local/share/virtualenvs/custom_airflow-E5ZHcY_K/lib/python3.12/site-packages/airflow/example_dags/plugins/listener_plugin.py
[2024-07-06T16:26:36.585+0700] {processor.py:830} INFO - Processing file /home/acer/.local/share/virtualenvs/custom_airflow-E5ZHcY_K/lib/python3.12/site-packages/airflow/example_dags/plugins/listener_plugin.py for tasks to queue
[2024-07-06T16:26:36.587+0700] {logging_mixin.py:188} INFO - [2024-07-06T16:26:36.586+0700] {dagbag.py:545} INFO - Filling up the DagBag from /home/acer/.local/share/virtualenvs/custom_airflow-E5ZHcY_K/lib/python3.12/site-packages/airflow/example_dags/plugins/listener_plugin.py
[2024-07-06T16:26:36.589+0700] {processor.py:842} WARNING - No viable dags retrieved from /home/acer/.local/share/virtualenvs/custom_airflow-E5ZHcY_K/lib/python3.12/site-packages/airflow/example_dags/plugins/listener_plugin.py
[2024-07-06T16:26:36.599+0700] {processor.py:183} INFO - Processing /home/acer/.local/share/virtualenvs/custom_airflow-E5ZHcY_K/lib/python3.12/site-packages/airflow/example_dags/plugins/listener_plugin.py took 0.020 seconds
[2024-07-06T16:27:24.799+0700] {processor.py:161} INFO - Started process (PID=60425) to work on /home/acer/.local/share/virtualenvs/custom_airflow-E5ZHcY_K/lib/python3.12/site-packages/airflow/example_dags/plugins/listener_plugin.py
[2024-07-06T16:27:24.801+0700] {processor.py:830} INFO - Processing file /home/acer/.local/share/virtualenvs/custom_airflow-E5ZHcY_K/lib/python3.12/site-packages/airflow/example_dags/plugins/listener_plugin.py for tasks to queue
[2024-07-06T16:27:24.804+0700] {logging_mixin.py:188} INFO - [2024-07-06T16:27:24.804+0700] {dagbag.py:545} INFO - Filling up the DagBag from /home/acer/.local/share/virtualenvs/custom_airflow-E5ZHcY_K/lib/python3.12/site-packages/airflow/example_dags/plugins/listener_plugin.py
[2024-07-06T16:27:24.808+0700] {processor.py:842} WARNING - No viable dags retrieved from /home/acer/.local/share/virtualenvs/custom_airflow-E5ZHcY_K/lib/python3.12/site-packages/airflow/example_dags/plugins/listener_plugin.py
[2024-07-06T16:27:24.820+0700] {processor.py:183} INFO - Processing /home/acer/.local/share/virtualenvs/custom_airflow-E5ZHcY_K/lib/python3.12/site-packages/airflow/example_dags/plugins/listener_plugin.py took 0.040 seconds
[2024-07-06T16:28:09.434+0700] {processor.py:161} INFO - Started process (PID=60639) to work on /home/acer/.local/share/virtualenvs/custom_airflow-E5ZHcY_K/lib/python3.12/site-packages/airflow/example_dags/plugins/listener_plugin.py
[2024-07-06T16:28:09.435+0700] {processor.py:830} INFO - Processing file /home/acer/.local/share/virtualenvs/custom_airflow-E5ZHcY_K/lib/python3.12/site-packages/airflow/example_dags/plugins/listener_plugin.py for tasks to queue
[2024-07-06T16:28:09.437+0700] {logging_mixin.py:188} INFO - [2024-07-06T16:28:09.437+0700] {dagbag.py:545} INFO - Filling up the DagBag from /home/acer/.local/share/virtualenvs/custom_airflow-E5ZHcY_K/lib/python3.12/site-packages/airflow/example_dags/plugins/listener_plugin.py
[2024-07-06T16:28:09.440+0700] {processor.py:842} WARNING - No viable dags retrieved from /home/acer/.local/share/virtualenvs/custom_airflow-E5ZHcY_K/lib/python3.12/site-packages/airflow/example_dags/plugins/listener_plugin.py
[2024-07-06T16:28:09.449+0700] {processor.py:183} INFO - Processing /home/acer/.local/share/virtualenvs/custom_airflow-E5ZHcY_K/lib/python3.12/site-packages/airflow/example_dags/plugins/listener_plugin.py took 0.023 seconds
[2024-07-06T16:28:54.438+0700] {processor.py:161} INFO - Started process (PID=60868) to work on /home/acer/.local/share/virtualenvs/custom_airflow-E5ZHcY_K/lib/python3.12/site-packages/airflow/example_dags/plugins/listener_plugin.py
[2024-07-06T16:28:54.439+0700] {processor.py:830} INFO - Processing file /home/acer/.local/share/virtualenvs/custom_airflow-E5ZHcY_K/lib/python3.12/site-packages/airflow/example_dags/plugins/listener_plugin.py for tasks to queue
[2024-07-06T16:28:54.441+0700] {logging_mixin.py:188} INFO - [2024-07-06T16:28:54.440+0700] {dagbag.py:545} INFO - Filling up the DagBag from /home/acer/.local/share/virtualenvs/custom_airflow-E5ZHcY_K/lib/python3.12/site-packages/airflow/example_dags/plugins/listener_plugin.py
[2024-07-06T16:28:54.443+0700] {processor.py:842} WARNING - No viable dags retrieved from /home/acer/.local/share/virtualenvs/custom_airflow-E5ZHcY_K/lib/python3.12/site-packages/airflow/example_dags/plugins/listener_plugin.py
[2024-07-06T16:28:54.454+0700] {processor.py:183} INFO - Processing /home/acer/.local/share/virtualenvs/custom_airflow-E5ZHcY_K/lib/python3.12/site-packages/airflow/example_dags/plugins/listener_plugin.py took 0.021 seconds
[2024-07-06T16:29:42.600+0700] {processor.py:161} INFO - Started process (PID=61093) to work on /home/acer/.local/share/virtualenvs/custom_airflow-E5ZHcY_K/lib/python3.12/site-packages/airflow/example_dags/plugins/listener_plugin.py
[2024-07-06T16:29:42.601+0700] {processor.py:830} INFO - Processing file /home/acer/.local/share/virtualenvs/custom_airflow-E5ZHcY_K/lib/python3.12/site-packages/airflow/example_dags/plugins/listener_plugin.py for tasks to queue
[2024-07-06T16:29:42.602+0700] {logging_mixin.py:188} INFO - [2024-07-06T16:29:42.602+0700] {dagbag.py:545} INFO - Filling up the DagBag from /home/acer/.local/share/virtualenvs/custom_airflow-E5ZHcY_K/lib/python3.12/site-packages/airflow/example_dags/plugins/listener_plugin.py
[2024-07-06T16:29:42.605+0700] {processor.py:842} WARNING - No viable dags retrieved from /home/acer/.local/share/virtualenvs/custom_airflow-E5ZHcY_K/lib/python3.12/site-packages/airflow/example_dags/plugins/listener_plugin.py
[2024-07-06T16:29:42.617+0700] {processor.py:183} INFO - Processing /home/acer/.local/share/virtualenvs/custom_airflow-E5ZHcY_K/lib/python3.12/site-packages/airflow/example_dags/plugins/listener_plugin.py took 0.023 seconds
[2024-07-06T16:30:27.815+0700] {processor.py:161} INFO - Started process (PID=61362) to work on /home/acer/.local/share/virtualenvs/custom_airflow-E5ZHcY_K/lib/python3.12/site-packages/airflow/example_dags/plugins/listener_plugin.py
[2024-07-06T16:30:27.817+0700] {processor.py:830} INFO - Processing file /home/acer/.local/share/virtualenvs/custom_airflow-E5ZHcY_K/lib/python3.12/site-packages/airflow/example_dags/plugins/listener_plugin.py for tasks to queue
[2024-07-06T16:30:27.820+0700] {logging_mixin.py:188} INFO - [2024-07-06T16:30:27.819+0700] {dagbag.py:545} INFO - Filling up the DagBag from /home/acer/.local/share/virtualenvs/custom_airflow-E5ZHcY_K/lib/python3.12/site-packages/airflow/example_dags/plugins/listener_plugin.py
[2024-07-06T16:30:27.824+0700] {processor.py:842} WARNING - No viable dags retrieved from /home/acer/.local/share/virtualenvs/custom_airflow-E5ZHcY_K/lib/python3.12/site-packages/airflow/example_dags/plugins/listener_plugin.py
[2024-07-06T16:30:27.838+0700] {processor.py:183} INFO - Processing /home/acer/.local/share/virtualenvs/custom_airflow-E5ZHcY_K/lib/python3.12/site-packages/airflow/example_dags/plugins/listener_plugin.py took 0.042 seconds
[2024-07-06T16:31:12.380+0700] {processor.py:161} INFO - Started process (PID=61583) to work on /home/acer/.local/share/virtualenvs/custom_airflow-E5ZHcY_K/lib/python3.12/site-packages/airflow/example_dags/plugins/listener_plugin.py
[2024-07-06T16:31:12.381+0700] {processor.py:830} INFO - Processing file /home/acer/.local/share/virtualenvs/custom_airflow-E5ZHcY_K/lib/python3.12/site-packages/airflow/example_dags/plugins/listener_plugin.py for tasks to queue
[2024-07-06T16:31:12.383+0700] {logging_mixin.py:188} INFO - [2024-07-06T16:31:12.382+0700] {dagbag.py:545} INFO - Filling up the DagBag from /home/acer/.local/share/virtualenvs/custom_airflow-E5ZHcY_K/lib/python3.12/site-packages/airflow/example_dags/plugins/listener_plugin.py
[2024-07-06T16:31:12.385+0700] {processor.py:842} WARNING - No viable dags retrieved from /home/acer/.local/share/virtualenvs/custom_airflow-E5ZHcY_K/lib/python3.12/site-packages/airflow/example_dags/plugins/listener_plugin.py
[2024-07-06T16:31:12.395+0700] {processor.py:183} INFO - Processing /home/acer/.local/share/virtualenvs/custom_airflow-E5ZHcY_K/lib/python3.12/site-packages/airflow/example_dags/plugins/listener_plugin.py took 0.020 seconds
[2024-07-06T16:31:57.138+0700] {processor.py:161} INFO - Started process (PID=61809) to work on /home/acer/.local/share/virtualenvs/custom_airflow-E5ZHcY_K/lib/python3.12/site-packages/airflow/example_dags/plugins/listener_plugin.py
[2024-07-06T16:31:57.139+0700] {processor.py:830} INFO - Processing file /home/acer/.local/share/virtualenvs/custom_airflow-E5ZHcY_K/lib/python3.12/site-packages/airflow/example_dags/plugins/listener_plugin.py for tasks to queue
[2024-07-06T16:31:57.141+0700] {logging_mixin.py:188} INFO - [2024-07-06T16:31:57.140+0700] {dagbag.py:545} INFO - Filling up the DagBag from /home/acer/.local/share/virtualenvs/custom_airflow-E5ZHcY_K/lib/python3.12/site-packages/airflow/example_dags/plugins/listener_plugin.py
[2024-07-06T16:31:57.143+0700] {processor.py:842} WARNING - No viable dags retrieved from /home/acer/.local/share/virtualenvs/custom_airflow-E5ZHcY_K/lib/python3.12/site-packages/airflow/example_dags/plugins/listener_plugin.py
[2024-07-06T16:31:57.153+0700] {processor.py:183} INFO - Processing /home/acer/.local/share/virtualenvs/custom_airflow-E5ZHcY_K/lib/python3.12/site-packages/airflow/example_dags/plugins/listener_plugin.py took 0.020 seconds
[2024-07-06T16:32:46.171+0700] {processor.py:161} INFO - Started process (PID=62043) to work on /home/acer/.local/share/virtualenvs/custom_airflow-E5ZHcY_K/lib/python3.12/site-packages/airflow/example_dags/plugins/listener_plugin.py
[2024-07-06T16:32:46.172+0700] {processor.py:830} INFO - Processing file /home/acer/.local/share/virtualenvs/custom_airflow-E5ZHcY_K/lib/python3.12/site-packages/airflow/example_dags/plugins/listener_plugin.py for tasks to queue
[2024-07-06T16:32:46.174+0700] {logging_mixin.py:188} INFO - [2024-07-06T16:32:46.174+0700] {dagbag.py:545} INFO - Filling up the DagBag from /home/acer/.local/share/virtualenvs/custom_airflow-E5ZHcY_K/lib/python3.12/site-packages/airflow/example_dags/plugins/listener_plugin.py
[2024-07-06T16:32:46.177+0700] {processor.py:842} WARNING - No viable dags retrieved from /home/acer/.local/share/virtualenvs/custom_airflow-E5ZHcY_K/lib/python3.12/site-packages/airflow/example_dags/plugins/listener_plugin.py
[2024-07-06T16:32:46.186+0700] {processor.py:183} INFO - Processing /home/acer/.local/share/virtualenvs/custom_airflow-E5ZHcY_K/lib/python3.12/site-packages/airflow/example_dags/plugins/listener_plugin.py took 0.023 seconds
[2024-07-06T16:33:33.633+0700] {processor.py:161} INFO - Started process (PID=62307) to work on /home/acer/.local/share/virtualenvs/custom_airflow-E5ZHcY_K/lib/python3.12/site-packages/airflow/example_dags/plugins/listener_plugin.py
[2024-07-06T16:33:33.633+0700] {processor.py:830} INFO - Processing file /home/acer/.local/share/virtualenvs/custom_airflow-E5ZHcY_K/lib/python3.12/site-packages/airflow/example_dags/plugins/listener_plugin.py for tasks to queue
[2024-07-06T16:33:33.635+0700] {logging_mixin.py:188} INFO - [2024-07-06T16:33:33.635+0700] {dagbag.py:545} INFO - Filling up the DagBag from /home/acer/.local/share/virtualenvs/custom_airflow-E5ZHcY_K/lib/python3.12/site-packages/airflow/example_dags/plugins/listener_plugin.py
[2024-07-06T16:33:33.638+0700] {processor.py:842} WARNING - No viable dags retrieved from /home/acer/.local/share/virtualenvs/custom_airflow-E5ZHcY_K/lib/python3.12/site-packages/airflow/example_dags/plugins/listener_plugin.py
[2024-07-06T16:33:33.648+0700] {processor.py:183} INFO - Processing /home/acer/.local/share/virtualenvs/custom_airflow-E5ZHcY_K/lib/python3.12/site-packages/airflow/example_dags/plugins/listener_plugin.py took 0.020 seconds
[2024-07-06T16:34:20.008+0700] {processor.py:161} INFO - Started process (PID=62531) to work on /home/acer/.local/share/virtualenvs/custom_airflow-E5ZHcY_K/lib/python3.12/site-packages/airflow/example_dags/plugins/listener_plugin.py
[2024-07-06T16:34:20.010+0700] {processor.py:830} INFO - Processing file /home/acer/.local/share/virtualenvs/custom_airflow-E5ZHcY_K/lib/python3.12/site-packages/airflow/example_dags/plugins/listener_plugin.py for tasks to queue
[2024-07-06T16:34:20.014+0700] {logging_mixin.py:188} INFO - [2024-07-06T16:34:20.013+0700] {dagbag.py:545} INFO - Filling up the DagBag from /home/acer/.local/share/virtualenvs/custom_airflow-E5ZHcY_K/lib/python3.12/site-packages/airflow/example_dags/plugins/listener_plugin.py
[2024-07-06T16:34:20.018+0700] {processor.py:842} WARNING - No viable dags retrieved from /home/acer/.local/share/virtualenvs/custom_airflow-E5ZHcY_K/lib/python3.12/site-packages/airflow/example_dags/plugins/listener_plugin.py
[2024-07-06T16:34:20.031+0700] {processor.py:183} INFO - Processing /home/acer/.local/share/virtualenvs/custom_airflow-E5ZHcY_K/lib/python3.12/site-packages/airflow/example_dags/plugins/listener_plugin.py took 0.042 seconds
[2024-07-06T16:35:09.067+0700] {processor.py:161} INFO - Started process (PID=62775) to work on /home/acer/.local/share/virtualenvs/custom_airflow-E5ZHcY_K/lib/python3.12/site-packages/airflow/example_dags/plugins/listener_plugin.py
[2024-07-06T16:35:09.068+0700] {processor.py:830} INFO - Processing file /home/acer/.local/share/virtualenvs/custom_airflow-E5ZHcY_K/lib/python3.12/site-packages/airflow/example_dags/plugins/listener_plugin.py for tasks to queue
[2024-07-06T16:35:09.070+0700] {logging_mixin.py:188} INFO - [2024-07-06T16:35:09.070+0700] {dagbag.py:545} INFO - Filling up the DagBag from /home/acer/.local/share/virtualenvs/custom_airflow-E5ZHcY_K/lib/python3.12/site-packages/airflow/example_dags/plugins/listener_plugin.py
[2024-07-06T16:35:09.073+0700] {processor.py:842} WARNING - No viable dags retrieved from /home/acer/.local/share/virtualenvs/custom_airflow-E5ZHcY_K/lib/python3.12/site-packages/airflow/example_dags/plugins/listener_plugin.py
[2024-07-06T16:35:09.083+0700] {processor.py:183} INFO - Processing /home/acer/.local/share/virtualenvs/custom_airflow-E5ZHcY_K/lib/python3.12/site-packages/airflow/example_dags/plugins/listener_plugin.py took 0.021 seconds
[2024-07-06T16:35:55.193+0700] {processor.py:161} INFO - Started process (PID=63036) to work on /home/acer/.local/share/virtualenvs/custom_airflow-E5ZHcY_K/lib/python3.12/site-packages/airflow/example_dags/plugins/listener_plugin.py
[2024-07-06T16:35:55.194+0700] {processor.py:830} INFO - Processing file /home/acer/.local/share/virtualenvs/custom_airflow-E5ZHcY_K/lib/python3.12/site-packages/airflow/example_dags/plugins/listener_plugin.py for tasks to queue
[2024-07-06T16:35:55.198+0700] {logging_mixin.py:188} INFO - [2024-07-06T16:35:55.197+0700] {dagbag.py:545} INFO - Filling up the DagBag from /home/acer/.local/share/virtualenvs/custom_airflow-E5ZHcY_K/lib/python3.12/site-packages/airflow/example_dags/plugins/listener_plugin.py
[2024-07-06T16:35:55.204+0700] {processor.py:842} WARNING - No viable dags retrieved from /home/acer/.local/share/virtualenvs/custom_airflow-E5ZHcY_K/lib/python3.12/site-packages/airflow/example_dags/plugins/listener_plugin.py
[2024-07-06T16:35:55.221+0700] {processor.py:183} INFO - Processing /home/acer/.local/share/virtualenvs/custom_airflow-E5ZHcY_K/lib/python3.12/site-packages/airflow/example_dags/plugins/listener_plugin.py took 0.040 seconds
[2024-07-06T21:54:12.877+0700] {processor.py:161} INFO - Started process (PID=11103) to work on /home/acer/.local/share/virtualenvs/custom_airflow-E5ZHcY_K/lib/python3.12/site-packages/airflow/example_dags/plugins/listener_plugin.py
[2024-07-06T21:54:12.879+0700] {processor.py:830} INFO - Processing file /home/acer/.local/share/virtualenvs/custom_airflow-E5ZHcY_K/lib/python3.12/site-packages/airflow/example_dags/plugins/listener_plugin.py for tasks to queue
[2024-07-06T21:54:12.881+0700] {logging_mixin.py:188} INFO - [2024-07-06T21:54:12.880+0700] {dagbag.py:545} INFO - Filling up the DagBag from /home/acer/.local/share/virtualenvs/custom_airflow-E5ZHcY_K/lib/python3.12/site-packages/airflow/example_dags/plugins/listener_plugin.py
[2024-07-06T21:54:12.883+0700] {processor.py:842} WARNING - No viable dags retrieved from /home/acer/.local/share/virtualenvs/custom_airflow-E5ZHcY_K/lib/python3.12/site-packages/airflow/example_dags/plugins/listener_plugin.py
[2024-07-06T21:54:12.897+0700] {processor.py:183} INFO - Processing /home/acer/.local/share/virtualenvs/custom_airflow-E5ZHcY_K/lib/python3.12/site-packages/airflow/example_dags/plugins/listener_plugin.py took 0.026 seconds
[2024-07-06T21:55:09.863+0700] {processor.py:161} INFO - Started process (PID=12341) to work on /home/acer/.local/share/virtualenvs/custom_airflow-E5ZHcY_K/lib/python3.12/site-packages/airflow/example_dags/plugins/listener_plugin.py
[2024-07-06T21:55:09.864+0700] {processor.py:830} INFO - Processing file /home/acer/.local/share/virtualenvs/custom_airflow-E5ZHcY_K/lib/python3.12/site-packages/airflow/example_dags/plugins/listener_plugin.py for tasks to queue
[2024-07-06T21:55:09.866+0700] {logging_mixin.py:188} INFO - [2024-07-06T21:55:09.866+0700] {dagbag.py:545} INFO - Filling up the DagBag from /home/acer/.local/share/virtualenvs/custom_airflow-E5ZHcY_K/lib/python3.12/site-packages/airflow/example_dags/plugins/listener_plugin.py
[2024-07-06T21:55:09.869+0700] {processor.py:842} WARNING - No viable dags retrieved from /home/acer/.local/share/virtualenvs/custom_airflow-E5ZHcY_K/lib/python3.12/site-packages/airflow/example_dags/plugins/listener_plugin.py
[2024-07-06T21:55:09.878+0700] {processor.py:183} INFO - Processing /home/acer/.local/share/virtualenvs/custom_airflow-E5ZHcY_K/lib/python3.12/site-packages/airflow/example_dags/plugins/listener_plugin.py took 0.020 seconds
[2024-07-06T21:56:00.199+0700] {processor.py:161} INFO - Started process (PID=12980) to work on /home/acer/.local/share/virtualenvs/custom_airflow-E5ZHcY_K/lib/python3.12/site-packages/airflow/example_dags/plugins/listener_plugin.py
[2024-07-06T21:56:00.200+0700] {processor.py:830} INFO - Processing file /home/acer/.local/share/virtualenvs/custom_airflow-E5ZHcY_K/lib/python3.12/site-packages/airflow/example_dags/plugins/listener_plugin.py for tasks to queue
[2024-07-06T21:56:00.203+0700] {logging_mixin.py:188} INFO - [2024-07-06T21:56:00.203+0700] {dagbag.py:545} INFO - Filling up the DagBag from /home/acer/.local/share/virtualenvs/custom_airflow-E5ZHcY_K/lib/python3.12/site-packages/airflow/example_dags/plugins/listener_plugin.py
[2024-07-06T21:56:00.207+0700] {processor.py:842} WARNING - No viable dags retrieved from /home/acer/.local/share/virtualenvs/custom_airflow-E5ZHcY_K/lib/python3.12/site-packages/airflow/example_dags/plugins/listener_plugin.py
[2024-07-06T21:56:00.218+0700] {processor.py:183} INFO - Processing /home/acer/.local/share/virtualenvs/custom_airflow-E5ZHcY_K/lib/python3.12/site-packages/airflow/example_dags/plugins/listener_plugin.py took 0.032 seconds
[2024-07-06T21:56:49.359+0700] {processor.py:161} INFO - Started process (PID=13454) to work on /home/acer/.local/share/virtualenvs/custom_airflow-E5ZHcY_K/lib/python3.12/site-packages/airflow/example_dags/plugins/listener_plugin.py
[2024-07-06T21:56:49.361+0700] {processor.py:830} INFO - Processing file /home/acer/.local/share/virtualenvs/custom_airflow-E5ZHcY_K/lib/python3.12/site-packages/airflow/example_dags/plugins/listener_plugin.py for tasks to queue
[2024-07-06T21:56:49.365+0700] {logging_mixin.py:188} INFO - [2024-07-06T21:56:49.364+0700] {dagbag.py:545} INFO - Filling up the DagBag from /home/acer/.local/share/virtualenvs/custom_airflow-E5ZHcY_K/lib/python3.12/site-packages/airflow/example_dags/plugins/listener_plugin.py
[2024-07-06T21:56:49.368+0700] {processor.py:842} WARNING - No viable dags retrieved from /home/acer/.local/share/virtualenvs/custom_airflow-E5ZHcY_K/lib/python3.12/site-packages/airflow/example_dags/plugins/listener_plugin.py
[2024-07-06T21:56:49.382+0700] {processor.py:183} INFO - Processing /home/acer/.local/share/virtualenvs/custom_airflow-E5ZHcY_K/lib/python3.12/site-packages/airflow/example_dags/plugins/listener_plugin.py took 0.032 seconds
[2024-07-06T21:57:39.975+0700] {processor.py:161} INFO - Started process (PID=13918) to work on /home/acer/.local/share/virtualenvs/custom_airflow-E5ZHcY_K/lib/python3.12/site-packages/airflow/example_dags/plugins/listener_plugin.py
[2024-07-06T21:57:39.976+0700] {processor.py:830} INFO - Processing file /home/acer/.local/share/virtualenvs/custom_airflow-E5ZHcY_K/lib/python3.12/site-packages/airflow/example_dags/plugins/listener_plugin.py for tasks to queue
[2024-07-06T21:57:39.979+0700] {logging_mixin.py:188} INFO - [2024-07-06T21:57:39.978+0700] {dagbag.py:545} INFO - Filling up the DagBag from /home/acer/.local/share/virtualenvs/custom_airflow-E5ZHcY_K/lib/python3.12/site-packages/airflow/example_dags/plugins/listener_plugin.py
[2024-07-06T21:57:39.982+0700] {processor.py:842} WARNING - No viable dags retrieved from /home/acer/.local/share/virtualenvs/custom_airflow-E5ZHcY_K/lib/python3.12/site-packages/airflow/example_dags/plugins/listener_plugin.py
[2024-07-06T21:57:39.993+0700] {processor.py:183} INFO - Processing /home/acer/.local/share/virtualenvs/custom_airflow-E5ZHcY_K/lib/python3.12/site-packages/airflow/example_dags/plugins/listener_plugin.py took 0.024 seconds
[2024-07-06T21:58:35.199+0700] {processor.py:161} INFO - Started process (PID=14233) to work on /home/acer/.local/share/virtualenvs/custom_airflow-E5ZHcY_K/lib/python3.12/site-packages/airflow/example_dags/plugins/listener_plugin.py
[2024-07-06T21:58:35.204+0700] {processor.py:830} INFO - Processing file /home/acer/.local/share/virtualenvs/custom_airflow-E5ZHcY_K/lib/python3.12/site-packages/airflow/example_dags/plugins/listener_plugin.py for tasks to queue
[2024-07-06T21:58:35.212+0700] {logging_mixin.py:188} INFO - [2024-07-06T21:58:35.210+0700] {dagbag.py:545} INFO - Filling up the DagBag from /home/acer/.local/share/virtualenvs/custom_airflow-E5ZHcY_K/lib/python3.12/site-packages/airflow/example_dags/plugins/listener_plugin.py
[2024-07-06T21:58:35.227+0700] {processor.py:842} WARNING - No viable dags retrieved from /home/acer/.local/share/virtualenvs/custom_airflow-E5ZHcY_K/lib/python3.12/site-packages/airflow/example_dags/plugins/listener_plugin.py
[2024-07-06T21:58:35.270+0700] {processor.py:183} INFO - Processing /home/acer/.local/share/virtualenvs/custom_airflow-E5ZHcY_K/lib/python3.12/site-packages/airflow/example_dags/plugins/listener_plugin.py took 0.093 seconds
[2024-07-06T21:59:23.188+0700] {processor.py:161} INFO - Started process (PID=14493) to work on /home/acer/.local/share/virtualenvs/custom_airflow-E5ZHcY_K/lib/python3.12/site-packages/airflow/example_dags/plugins/listener_plugin.py
[2024-07-06T21:59:23.190+0700] {processor.py:830} INFO - Processing file /home/acer/.local/share/virtualenvs/custom_airflow-E5ZHcY_K/lib/python3.12/site-packages/airflow/example_dags/plugins/listener_plugin.py for tasks to queue
[2024-07-06T21:59:23.194+0700] {logging_mixin.py:188} INFO - [2024-07-06T21:59:23.193+0700] {dagbag.py:545} INFO - Filling up the DagBag from /home/acer/.local/share/virtualenvs/custom_airflow-E5ZHcY_K/lib/python3.12/site-packages/airflow/example_dags/plugins/listener_plugin.py
[2024-07-06T21:59:23.198+0700] {processor.py:842} WARNING - No viable dags retrieved from /home/acer/.local/share/virtualenvs/custom_airflow-E5ZHcY_K/lib/python3.12/site-packages/airflow/example_dags/plugins/listener_plugin.py
[2024-07-06T21:59:23.211+0700] {processor.py:183} INFO - Processing /home/acer/.local/share/virtualenvs/custom_airflow-E5ZHcY_K/lib/python3.12/site-packages/airflow/example_dags/plugins/listener_plugin.py took 0.042 seconds
[2024-07-06T22:00:14.658+0700] {processor.py:161} INFO - Started process (PID=14853) to work on /home/acer/.local/share/virtualenvs/custom_airflow-E5ZHcY_K/lib/python3.12/site-packages/airflow/example_dags/plugins/listener_plugin.py
[2024-07-06T22:00:14.659+0700] {processor.py:830} INFO - Processing file /home/acer/.local/share/virtualenvs/custom_airflow-E5ZHcY_K/lib/python3.12/site-packages/airflow/example_dags/plugins/listener_plugin.py for tasks to queue
[2024-07-06T22:00:14.662+0700] {logging_mixin.py:188} INFO - [2024-07-06T22:00:14.661+0700] {dagbag.py:545} INFO - Filling up the DagBag from /home/acer/.local/share/virtualenvs/custom_airflow-E5ZHcY_K/lib/python3.12/site-packages/airflow/example_dags/plugins/listener_plugin.py
[2024-07-06T22:00:14.664+0700] {processor.py:842} WARNING - No viable dags retrieved from /home/acer/.local/share/virtualenvs/custom_airflow-E5ZHcY_K/lib/python3.12/site-packages/airflow/example_dags/plugins/listener_plugin.py
[2024-07-06T22:00:14.674+0700] {processor.py:183} INFO - Processing /home/acer/.local/share/virtualenvs/custom_airflow-E5ZHcY_K/lib/python3.12/site-packages/airflow/example_dags/plugins/listener_plugin.py took 0.024 seconds
[2024-07-06T22:01:07.438+0700] {processor.py:161} INFO - Started process (PID=15112) to work on /home/acer/.local/share/virtualenvs/custom_airflow-E5ZHcY_K/lib/python3.12/site-packages/airflow/example_dags/plugins/listener_plugin.py
[2024-07-06T22:01:07.440+0700] {processor.py:830} INFO - Processing file /home/acer/.local/share/virtualenvs/custom_airflow-E5ZHcY_K/lib/python3.12/site-packages/airflow/example_dags/plugins/listener_plugin.py for tasks to queue
[2024-07-06T22:01:07.442+0700] {logging_mixin.py:188} INFO - [2024-07-06T22:01:07.442+0700] {dagbag.py:545} INFO - Filling up the DagBag from /home/acer/.local/share/virtualenvs/custom_airflow-E5ZHcY_K/lib/python3.12/site-packages/airflow/example_dags/plugins/listener_plugin.py
[2024-07-06T22:01:07.446+0700] {processor.py:842} WARNING - No viable dags retrieved from /home/acer/.local/share/virtualenvs/custom_airflow-E5ZHcY_K/lib/python3.12/site-packages/airflow/example_dags/plugins/listener_plugin.py
[2024-07-06T22:01:07.463+0700] {processor.py:183} INFO - Processing /home/acer/.local/share/virtualenvs/custom_airflow-E5ZHcY_K/lib/python3.12/site-packages/airflow/example_dags/plugins/listener_plugin.py took 0.034 seconds
[2024-07-06T22:02:09.203+0700] {processor.py:161} INFO - Started process (PID=16005) to work on /home/acer/.local/share/virtualenvs/custom_airflow-E5ZHcY_K/lib/python3.12/site-packages/airflow/example_dags/plugins/listener_plugin.py
[2024-07-06T22:02:09.206+0700] {processor.py:830} INFO - Processing file /home/acer/.local/share/virtualenvs/custom_airflow-E5ZHcY_K/lib/python3.12/site-packages/airflow/example_dags/plugins/listener_plugin.py for tasks to queue
[2024-07-06T22:02:09.211+0700] {logging_mixin.py:188} INFO - [2024-07-06T22:02:09.210+0700] {dagbag.py:545} INFO - Filling up the DagBag from /home/acer/.local/share/virtualenvs/custom_airflow-E5ZHcY_K/lib/python3.12/site-packages/airflow/example_dags/plugins/listener_plugin.py
[2024-07-06T22:02:09.215+0700] {processor.py:842} WARNING - No viable dags retrieved from /home/acer/.local/share/virtualenvs/custom_airflow-E5ZHcY_K/lib/python3.12/site-packages/airflow/example_dags/plugins/listener_plugin.py
[2024-07-06T22:02:09.228+0700] {processor.py:183} INFO - Processing /home/acer/.local/share/virtualenvs/custom_airflow-E5ZHcY_K/lib/python3.12/site-packages/airflow/example_dags/plugins/listener_plugin.py took 0.044 seconds
[2024-07-06T22:02:44.335+0700] {processor.py:161} INFO - Started process (PID=16272) to work on /home/acer/.local/share/virtualenvs/custom_airflow-E5ZHcY_K/lib/python3.12/site-packages/airflow/example_dags/plugins/listener_plugin.py
[2024-07-06T22:02:44.337+0700] {processor.py:830} INFO - Processing file /home/acer/.local/share/virtualenvs/custom_airflow-E5ZHcY_K/lib/python3.12/site-packages/airflow/example_dags/plugins/listener_plugin.py for tasks to queue
[2024-07-06T22:02:44.340+0700] {logging_mixin.py:188} INFO - [2024-07-06T22:02:44.339+0700] {dagbag.py:545} INFO - Filling up the DagBag from /home/acer/.local/share/virtualenvs/custom_airflow-E5ZHcY_K/lib/python3.12/site-packages/airflow/example_dags/plugins/listener_plugin.py
[2024-07-06T22:02:44.344+0700] {processor.py:842} WARNING - No viable dags retrieved from /home/acer/.local/share/virtualenvs/custom_airflow-E5ZHcY_K/lib/python3.12/site-packages/airflow/example_dags/plugins/listener_plugin.py
[2024-07-06T22:02:44.355+0700] {processor.py:183} INFO - Processing /home/acer/.local/share/virtualenvs/custom_airflow-E5ZHcY_K/lib/python3.12/site-packages/airflow/example_dags/plugins/listener_plugin.py took 0.028 seconds
[2024-07-06T22:03:35.054+0700] {processor.py:161} INFO - Started process (PID=16514) to work on /home/acer/.local/share/virtualenvs/custom_airflow-E5ZHcY_K/lib/python3.12/site-packages/airflow/example_dags/plugins/listener_plugin.py
[2024-07-06T22:03:35.056+0700] {processor.py:830} INFO - Processing file /home/acer/.local/share/virtualenvs/custom_airflow-E5ZHcY_K/lib/python3.12/site-packages/airflow/example_dags/plugins/listener_plugin.py for tasks to queue
[2024-07-06T22:03:35.059+0700] {logging_mixin.py:188} INFO - [2024-07-06T22:03:35.058+0700] {dagbag.py:545} INFO - Filling up the DagBag from /home/acer/.local/share/virtualenvs/custom_airflow-E5ZHcY_K/lib/python3.12/site-packages/airflow/example_dags/plugins/listener_plugin.py
[2024-07-06T22:03:35.063+0700] {processor.py:842} WARNING - No viable dags retrieved from /home/acer/.local/share/virtualenvs/custom_airflow-E5ZHcY_K/lib/python3.12/site-packages/airflow/example_dags/plugins/listener_plugin.py
[2024-07-06T22:03:35.078+0700] {processor.py:183} INFO - Processing /home/acer/.local/share/virtualenvs/custom_airflow-E5ZHcY_K/lib/python3.12/site-packages/airflow/example_dags/plugins/listener_plugin.py took 0.046 seconds
[2024-07-06T22:05:02.514+0700] {processor.py:161} INFO - Started process (PID=17516) to work on /home/acer/.local/share/virtualenvs/custom_airflow-E5ZHcY_K/lib/python3.12/site-packages/airflow/example_dags/plugins/listener_plugin.py
[2024-07-06T22:05:02.516+0700] {processor.py:830} INFO - Processing file /home/acer/.local/share/virtualenvs/custom_airflow-E5ZHcY_K/lib/python3.12/site-packages/airflow/example_dags/plugins/listener_plugin.py for tasks to queue
[2024-07-06T22:05:02.521+0700] {logging_mixin.py:188} INFO - [2024-07-06T22:05:02.520+0700] {dagbag.py:545} INFO - Filling up the DagBag from /home/acer/.local/share/virtualenvs/custom_airflow-E5ZHcY_K/lib/python3.12/site-packages/airflow/example_dags/plugins/listener_plugin.py
[2024-07-06T22:05:02.526+0700] {processor.py:842} WARNING - No viable dags retrieved from /home/acer/.local/share/virtualenvs/custom_airflow-E5ZHcY_K/lib/python3.12/site-packages/airflow/example_dags/plugins/listener_plugin.py
[2024-07-06T22:05:02.539+0700] {processor.py:183} INFO - Processing /home/acer/.local/share/virtualenvs/custom_airflow-E5ZHcY_K/lib/python3.12/site-packages/airflow/example_dags/plugins/listener_plugin.py took 0.041 seconds
[2024-07-06T22:05:54.666+0700] {processor.py:161} INFO - Started process (PID=17814) to work on /home/acer/.local/share/virtualenvs/custom_airflow-E5ZHcY_K/lib/python3.12/site-packages/airflow/example_dags/plugins/listener_plugin.py
[2024-07-06T22:05:54.668+0700] {processor.py:830} INFO - Processing file /home/acer/.local/share/virtualenvs/custom_airflow-E5ZHcY_K/lib/python3.12/site-packages/airflow/example_dags/plugins/listener_plugin.py for tasks to queue
[2024-07-06T22:05:54.670+0700] {logging_mixin.py:188} INFO - [2024-07-06T22:05:54.669+0700] {dagbag.py:545} INFO - Filling up the DagBag from /home/acer/.local/share/virtualenvs/custom_airflow-E5ZHcY_K/lib/python3.12/site-packages/airflow/example_dags/plugins/listener_plugin.py
[2024-07-06T22:05:54.672+0700] {processor.py:842} WARNING - No viable dags retrieved from /home/acer/.local/share/virtualenvs/custom_airflow-E5ZHcY_K/lib/python3.12/site-packages/airflow/example_dags/plugins/listener_plugin.py
[2024-07-06T22:05:54.682+0700] {processor.py:183} INFO - Processing /home/acer/.local/share/virtualenvs/custom_airflow-E5ZHcY_K/lib/python3.12/site-packages/airflow/example_dags/plugins/listener_plugin.py took 0.024 seconds
[2024-07-06T22:06:42.562+0700] {processor.py:161} INFO - Started process (PID=18209) to work on /home/acer/.local/share/virtualenvs/custom_airflow-E5ZHcY_K/lib/python3.12/site-packages/airflow/example_dags/plugins/listener_plugin.py
[2024-07-06T22:06:42.564+0700] {processor.py:830} INFO - Processing file /home/acer/.local/share/virtualenvs/custom_airflow-E5ZHcY_K/lib/python3.12/site-packages/airflow/example_dags/plugins/listener_plugin.py for tasks to queue
[2024-07-06T22:06:42.568+0700] {logging_mixin.py:188} INFO - [2024-07-06T22:06:42.568+0700] {dagbag.py:545} INFO - Filling up the DagBag from /home/acer/.local/share/virtualenvs/custom_airflow-E5ZHcY_K/lib/python3.12/site-packages/airflow/example_dags/plugins/listener_plugin.py
[2024-07-06T22:06:42.573+0700] {processor.py:842} WARNING - No viable dags retrieved from /home/acer/.local/share/virtualenvs/custom_airflow-E5ZHcY_K/lib/python3.12/site-packages/airflow/example_dags/plugins/listener_plugin.py
[2024-07-06T22:06:42.584+0700] {processor.py:183} INFO - Processing /home/acer/.local/share/virtualenvs/custom_airflow-E5ZHcY_K/lib/python3.12/site-packages/airflow/example_dags/plugins/listener_plugin.py took 0.032 seconds
[2024-07-06T22:07:36.570+0700] {processor.py:161} INFO - Started process (PID=18613) to work on /home/acer/.local/share/virtualenvs/custom_airflow-E5ZHcY_K/lib/python3.12/site-packages/airflow/example_dags/plugins/listener_plugin.py
[2024-07-06T22:07:36.572+0700] {processor.py:830} INFO - Processing file /home/acer/.local/share/virtualenvs/custom_airflow-E5ZHcY_K/lib/python3.12/site-packages/airflow/example_dags/plugins/listener_plugin.py for tasks to queue
[2024-07-06T22:07:36.575+0700] {logging_mixin.py:188} INFO - [2024-07-06T22:07:36.574+0700] {dagbag.py:545} INFO - Filling up the DagBag from /home/acer/.local/share/virtualenvs/custom_airflow-E5ZHcY_K/lib/python3.12/site-packages/airflow/example_dags/plugins/listener_plugin.py
[2024-07-06T22:07:36.579+0700] {processor.py:842} WARNING - No viable dags retrieved from /home/acer/.local/share/virtualenvs/custom_airflow-E5ZHcY_K/lib/python3.12/site-packages/airflow/example_dags/plugins/listener_plugin.py
[2024-07-06T22:07:36.592+0700] {processor.py:183} INFO - Processing /home/acer/.local/share/virtualenvs/custom_airflow-E5ZHcY_K/lib/python3.12/site-packages/airflow/example_dags/plugins/listener_plugin.py took 0.032 seconds
[2024-07-06T22:08:33.806+0700] {processor.py:161} INFO - Started process (PID=18904) to work on /home/acer/.local/share/virtualenvs/custom_airflow-E5ZHcY_K/lib/python3.12/site-packages/airflow/example_dags/plugins/listener_plugin.py
[2024-07-06T22:08:33.810+0700] {processor.py:830} INFO - Processing file /home/acer/.local/share/virtualenvs/custom_airflow-E5ZHcY_K/lib/python3.12/site-packages/airflow/example_dags/plugins/listener_plugin.py for tasks to queue
[2024-07-06T22:08:33.817+0700] {logging_mixin.py:188} INFO - [2024-07-06T22:08:33.816+0700] {dagbag.py:545} INFO - Filling up the DagBag from /home/acer/.local/share/virtualenvs/custom_airflow-E5ZHcY_K/lib/python3.12/site-packages/airflow/example_dags/plugins/listener_plugin.py
[2024-07-06T22:08:33.825+0700] {processor.py:842} WARNING - No viable dags retrieved from /home/acer/.local/share/virtualenvs/custom_airflow-E5ZHcY_K/lib/python3.12/site-packages/airflow/example_dags/plugins/listener_plugin.py
[2024-07-06T22:08:33.839+0700] {processor.py:183} INFO - Processing /home/acer/.local/share/virtualenvs/custom_airflow-E5ZHcY_K/lib/python3.12/site-packages/airflow/example_dags/plugins/listener_plugin.py took 0.065 seconds
[2024-07-06T22:09:27.445+0700] {processor.py:161} INFO - Started process (PID=19199) to work on /home/acer/.local/share/virtualenvs/custom_airflow-E5ZHcY_K/lib/python3.12/site-packages/airflow/example_dags/plugins/listener_plugin.py
[2024-07-06T22:09:27.446+0700] {processor.py:830} INFO - Processing file /home/acer/.local/share/virtualenvs/custom_airflow-E5ZHcY_K/lib/python3.12/site-packages/airflow/example_dags/plugins/listener_plugin.py for tasks to queue
[2024-07-06T22:09:27.450+0700] {logging_mixin.py:188} INFO - [2024-07-06T22:09:27.449+0700] {dagbag.py:545} INFO - Filling up the DagBag from /home/acer/.local/share/virtualenvs/custom_airflow-E5ZHcY_K/lib/python3.12/site-packages/airflow/example_dags/plugins/listener_plugin.py
[2024-07-06T22:09:27.455+0700] {processor.py:842} WARNING - No viable dags retrieved from /home/acer/.local/share/virtualenvs/custom_airflow-E5ZHcY_K/lib/python3.12/site-packages/airflow/example_dags/plugins/listener_plugin.py
[2024-07-06T22:09:27.470+0700] {processor.py:183} INFO - Processing /home/acer/.local/share/virtualenvs/custom_airflow-E5ZHcY_K/lib/python3.12/site-packages/airflow/example_dags/plugins/listener_plugin.py took 0.041 seconds
[2024-07-06T22:10:32.034+0700] {processor.py:161} INFO - Started process (PID=19571) to work on /home/acer/.local/share/virtualenvs/custom_airflow-E5ZHcY_K/lib/python3.12/site-packages/airflow/example_dags/plugins/listener_plugin.py
[2024-07-06T22:10:32.037+0700] {processor.py:830} INFO - Processing file /home/acer/.local/share/virtualenvs/custom_airflow-E5ZHcY_K/lib/python3.12/site-packages/airflow/example_dags/plugins/listener_plugin.py for tasks to queue
[2024-07-06T22:10:32.040+0700] {logging_mixin.py:188} INFO - [2024-07-06T22:10:32.039+0700] {dagbag.py:545} INFO - Filling up the DagBag from /home/acer/.local/share/virtualenvs/custom_airflow-E5ZHcY_K/lib/python3.12/site-packages/airflow/example_dags/plugins/listener_plugin.py
[2024-07-06T22:10:32.044+0700] {processor.py:842} WARNING - No viable dags retrieved from /home/acer/.local/share/virtualenvs/custom_airflow-E5ZHcY_K/lib/python3.12/site-packages/airflow/example_dags/plugins/listener_plugin.py
[2024-07-06T22:10:32.061+0700] {processor.py:183} INFO - Processing /home/acer/.local/share/virtualenvs/custom_airflow-E5ZHcY_K/lib/python3.12/site-packages/airflow/example_dags/plugins/listener_plugin.py took 0.036 seconds
[2024-07-06T22:11:35.275+0700] {processor.py:161} INFO - Started process (PID=19916) to work on /home/acer/.local/share/virtualenvs/custom_airflow-E5ZHcY_K/lib/python3.12/site-packages/airflow/example_dags/plugins/listener_plugin.py
[2024-07-06T22:11:35.277+0700] {processor.py:830} INFO - Processing file /home/acer/.local/share/virtualenvs/custom_airflow-E5ZHcY_K/lib/python3.12/site-packages/airflow/example_dags/plugins/listener_plugin.py for tasks to queue
[2024-07-06T22:11:35.280+0700] {logging_mixin.py:188} INFO - [2024-07-06T22:11:35.279+0700] {dagbag.py:545} INFO - Filling up the DagBag from /home/acer/.local/share/virtualenvs/custom_airflow-E5ZHcY_K/lib/python3.12/site-packages/airflow/example_dags/plugins/listener_plugin.py
[2024-07-06T22:11:35.284+0700] {processor.py:842} WARNING - No viable dags retrieved from /home/acer/.local/share/virtualenvs/custom_airflow-E5ZHcY_K/lib/python3.12/site-packages/airflow/example_dags/plugins/listener_plugin.py
[2024-07-06T22:11:35.302+0700] {processor.py:183} INFO - Processing /home/acer/.local/share/virtualenvs/custom_airflow-E5ZHcY_K/lib/python3.12/site-packages/airflow/example_dags/plugins/listener_plugin.py took 0.032 seconds
[2024-07-06T22:12:35.236+0700] {processor.py:161} INFO - Started process (PID=20229) to work on /home/acer/.local/share/virtualenvs/custom_airflow-E5ZHcY_K/lib/python3.12/site-packages/airflow/example_dags/plugins/listener_plugin.py
[2024-07-06T22:12:35.237+0700] {processor.py:830} INFO - Processing file /home/acer/.local/share/virtualenvs/custom_airflow-E5ZHcY_K/lib/python3.12/site-packages/airflow/example_dags/plugins/listener_plugin.py for tasks to queue
[2024-07-06T22:12:35.240+0700] {logging_mixin.py:188} INFO - [2024-07-06T22:12:35.239+0700] {dagbag.py:545} INFO - Filling up the DagBag from /home/acer/.local/share/virtualenvs/custom_airflow-E5ZHcY_K/lib/python3.12/site-packages/airflow/example_dags/plugins/listener_plugin.py
[2024-07-06T22:12:35.243+0700] {processor.py:842} WARNING - No viable dags retrieved from /home/acer/.local/share/virtualenvs/custom_airflow-E5ZHcY_K/lib/python3.12/site-packages/airflow/example_dags/plugins/listener_plugin.py
[2024-07-06T22:12:35.254+0700] {processor.py:183} INFO - Processing /home/acer/.local/share/virtualenvs/custom_airflow-E5ZHcY_K/lib/python3.12/site-packages/airflow/example_dags/plugins/listener_plugin.py took 0.027 seconds
[2024-07-06T22:13:33.810+0700] {processor.py:161} INFO - Started process (PID=20609) to work on /home/acer/.local/share/virtualenvs/custom_airflow-E5ZHcY_K/lib/python3.12/site-packages/airflow/example_dags/plugins/listener_plugin.py
[2024-07-06T22:13:33.811+0700] {processor.py:830} INFO - Processing file /home/acer/.local/share/virtualenvs/custom_airflow-E5ZHcY_K/lib/python3.12/site-packages/airflow/example_dags/plugins/listener_plugin.py for tasks to queue
[2024-07-06T22:13:33.816+0700] {logging_mixin.py:188} INFO - [2024-07-06T22:13:33.815+0700] {dagbag.py:545} INFO - Filling up the DagBag from /home/acer/.local/share/virtualenvs/custom_airflow-E5ZHcY_K/lib/python3.12/site-packages/airflow/example_dags/plugins/listener_plugin.py
[2024-07-06T22:13:33.822+0700] {processor.py:842} WARNING - No viable dags retrieved from /home/acer/.local/share/virtualenvs/custom_airflow-E5ZHcY_K/lib/python3.12/site-packages/airflow/example_dags/plugins/listener_plugin.py
[2024-07-06T22:13:33.846+0700] {processor.py:183} INFO - Processing /home/acer/.local/share/virtualenvs/custom_airflow-E5ZHcY_K/lib/python3.12/site-packages/airflow/example_dags/plugins/listener_plugin.py took 0.052 seconds
[2024-07-06T22:14:32.478+0700] {processor.py:161} INFO - Started process (PID=20942) to work on /home/acer/.local/share/virtualenvs/custom_airflow-E5ZHcY_K/lib/python3.12/site-packages/airflow/example_dags/plugins/listener_plugin.py
[2024-07-06T22:14:32.480+0700] {processor.py:830} INFO - Processing file /home/acer/.local/share/virtualenvs/custom_airflow-E5ZHcY_K/lib/python3.12/site-packages/airflow/example_dags/plugins/listener_plugin.py for tasks to queue
[2024-07-06T22:14:32.483+0700] {logging_mixin.py:188} INFO - [2024-07-06T22:14:32.482+0700] {dagbag.py:545} INFO - Filling up the DagBag from /home/acer/.local/share/virtualenvs/custom_airflow-E5ZHcY_K/lib/python3.12/site-packages/airflow/example_dags/plugins/listener_plugin.py
[2024-07-06T22:14:32.486+0700] {processor.py:842} WARNING - No viable dags retrieved from /home/acer/.local/share/virtualenvs/custom_airflow-E5ZHcY_K/lib/python3.12/site-packages/airflow/example_dags/plugins/listener_plugin.py
[2024-07-06T22:14:32.499+0700] {processor.py:183} INFO - Processing /home/acer/.local/share/virtualenvs/custom_airflow-E5ZHcY_K/lib/python3.12/site-packages/airflow/example_dags/plugins/listener_plugin.py took 0.031 seconds
[2024-07-06T22:15:06.277+0700] {processor.py:161} INFO - Started process (PID=21096) to work on /home/acer/.local/share/virtualenvs/custom_airflow-E5ZHcY_K/lib/python3.12/site-packages/airflow/example_dags/plugins/listener_plugin.py
[2024-07-06T22:15:06.278+0700] {processor.py:830} INFO - Processing file /home/acer/.local/share/virtualenvs/custom_airflow-E5ZHcY_K/lib/python3.12/site-packages/airflow/example_dags/plugins/listener_plugin.py for tasks to queue
[2024-07-06T22:15:06.280+0700] {logging_mixin.py:188} INFO - [2024-07-06T22:15:06.280+0700] {dagbag.py:545} INFO - Filling up the DagBag from /home/acer/.local/share/virtualenvs/custom_airflow-E5ZHcY_K/lib/python3.12/site-packages/airflow/example_dags/plugins/listener_plugin.py
[2024-07-06T22:15:06.283+0700] {processor.py:842} WARNING - No viable dags retrieved from /home/acer/.local/share/virtualenvs/custom_airflow-E5ZHcY_K/lib/python3.12/site-packages/airflow/example_dags/plugins/listener_plugin.py
[2024-07-06T22:15:06.297+0700] {processor.py:183} INFO - Processing /home/acer/.local/share/virtualenvs/custom_airflow-E5ZHcY_K/lib/python3.12/site-packages/airflow/example_dags/plugins/listener_plugin.py took 0.031 seconds
[2024-07-06T22:15:39.051+0700] {processor.py:161} INFO - Started process (PID=21340) to work on /home/acer/.local/share/virtualenvs/custom_airflow-E5ZHcY_K/lib/python3.12/site-packages/airflow/example_dags/plugins/listener_plugin.py
[2024-07-06T22:15:39.054+0700] {processor.py:830} INFO - Processing file /home/acer/.local/share/virtualenvs/custom_airflow-E5ZHcY_K/lib/python3.12/site-packages/airflow/example_dags/plugins/listener_plugin.py for tasks to queue
[2024-07-06T22:15:39.058+0700] {logging_mixin.py:188} INFO - [2024-07-06T22:15:39.057+0700] {dagbag.py:545} INFO - Filling up the DagBag from /home/acer/.local/share/virtualenvs/custom_airflow-E5ZHcY_K/lib/python3.12/site-packages/airflow/example_dags/plugins/listener_plugin.py
[2024-07-06T22:15:39.063+0700] {processor.py:842} WARNING - No viable dags retrieved from /home/acer/.local/share/virtualenvs/custom_airflow-E5ZHcY_K/lib/python3.12/site-packages/airflow/example_dags/plugins/listener_plugin.py
[2024-07-06T22:15:39.078+0700] {processor.py:183} INFO - Processing /home/acer/.local/share/virtualenvs/custom_airflow-E5ZHcY_K/lib/python3.12/site-packages/airflow/example_dags/plugins/listener_plugin.py took 0.050 seconds
[2024-07-06T22:16:35.705+0700] {processor.py:161} INFO - Started process (PID=21635) to work on /home/acer/.local/share/virtualenvs/custom_airflow-E5ZHcY_K/lib/python3.12/site-packages/airflow/example_dags/plugins/listener_plugin.py
[2024-07-06T22:16:35.706+0700] {processor.py:830} INFO - Processing file /home/acer/.local/share/virtualenvs/custom_airflow-E5ZHcY_K/lib/python3.12/site-packages/airflow/example_dags/plugins/listener_plugin.py for tasks to queue
[2024-07-06T22:16:35.709+0700] {logging_mixin.py:188} INFO - [2024-07-06T22:16:35.708+0700] {dagbag.py:545} INFO - Filling up the DagBag from /home/acer/.local/share/virtualenvs/custom_airflow-E5ZHcY_K/lib/python3.12/site-packages/airflow/example_dags/plugins/listener_plugin.py
[2024-07-06T22:16:35.713+0700] {processor.py:842} WARNING - No viable dags retrieved from /home/acer/.local/share/virtualenvs/custom_airflow-E5ZHcY_K/lib/python3.12/site-packages/airflow/example_dags/plugins/listener_plugin.py
[2024-07-06T22:16:35.723+0700] {processor.py:183} INFO - Processing /home/acer/.local/share/virtualenvs/custom_airflow-E5ZHcY_K/lib/python3.12/site-packages/airflow/example_dags/plugins/listener_plugin.py took 0.024 seconds
[2024-07-06T22:17:29.744+0700] {processor.py:161} INFO - Started process (PID=21929) to work on /home/acer/.local/share/virtualenvs/custom_airflow-E5ZHcY_K/lib/python3.12/site-packages/airflow/example_dags/plugins/listener_plugin.py
[2024-07-06T22:17:29.746+0700] {processor.py:830} INFO - Processing file /home/acer/.local/share/virtualenvs/custom_airflow-E5ZHcY_K/lib/python3.12/site-packages/airflow/example_dags/plugins/listener_plugin.py for tasks to queue
[2024-07-06T22:17:29.748+0700] {logging_mixin.py:188} INFO - [2024-07-06T22:17:29.747+0700] {dagbag.py:545} INFO - Filling up the DagBag from /home/acer/.local/share/virtualenvs/custom_airflow-E5ZHcY_K/lib/python3.12/site-packages/airflow/example_dags/plugins/listener_plugin.py
[2024-07-06T22:17:29.751+0700] {processor.py:842} WARNING - No viable dags retrieved from /home/acer/.local/share/virtualenvs/custom_airflow-E5ZHcY_K/lib/python3.12/site-packages/airflow/example_dags/plugins/listener_plugin.py
[2024-07-06T22:17:29.766+0700] {processor.py:183} INFO - Processing /home/acer/.local/share/virtualenvs/custom_airflow-E5ZHcY_K/lib/python3.12/site-packages/airflow/example_dags/plugins/listener_plugin.py took 0.029 seconds
[2024-07-06T22:18:03.346+0700] {processor.py:161} INFO - Started process (PID=22107) to work on /home/acer/.local/share/virtualenvs/custom_airflow-E5ZHcY_K/lib/python3.12/site-packages/airflow/example_dags/plugins/listener_plugin.py
[2024-07-06T22:18:03.357+0700] {processor.py:830} INFO - Processing file /home/acer/.local/share/virtualenvs/custom_airflow-E5ZHcY_K/lib/python3.12/site-packages/airflow/example_dags/plugins/listener_plugin.py for tasks to queue
[2024-07-06T22:18:03.360+0700] {logging_mixin.py:188} INFO - [2024-07-06T22:18:03.359+0700] {dagbag.py:545} INFO - Filling up the DagBag from /home/acer/.local/share/virtualenvs/custom_airflow-E5ZHcY_K/lib/python3.12/site-packages/airflow/example_dags/plugins/listener_plugin.py
[2024-07-06T22:18:03.364+0700] {processor.py:842} WARNING - No viable dags retrieved from /home/acer/.local/share/virtualenvs/custom_airflow-E5ZHcY_K/lib/python3.12/site-packages/airflow/example_dags/plugins/listener_plugin.py
[2024-07-06T22:18:03.379+0700] {processor.py:183} INFO - Processing /home/acer/.local/share/virtualenvs/custom_airflow-E5ZHcY_K/lib/python3.12/site-packages/airflow/example_dags/plugins/listener_plugin.py took 0.071 seconds
[2024-07-06T22:18:35.862+0700] {processor.py:161} INFO - Started process (PID=22268) to work on /home/acer/.local/share/virtualenvs/custom_airflow-E5ZHcY_K/lib/python3.12/site-packages/airflow/example_dags/plugins/listener_plugin.py
[2024-07-06T22:18:35.863+0700] {processor.py:830} INFO - Processing file /home/acer/.local/share/virtualenvs/custom_airflow-E5ZHcY_K/lib/python3.12/site-packages/airflow/example_dags/plugins/listener_plugin.py for tasks to queue
[2024-07-06T22:18:35.865+0700] {logging_mixin.py:188} INFO - [2024-07-06T22:18:35.865+0700] {dagbag.py:545} INFO - Filling up the DagBag from /home/acer/.local/share/virtualenvs/custom_airflow-E5ZHcY_K/lib/python3.12/site-packages/airflow/example_dags/plugins/listener_plugin.py
[2024-07-06T22:18:35.869+0700] {processor.py:842} WARNING - No viable dags retrieved from /home/acer/.local/share/virtualenvs/custom_airflow-E5ZHcY_K/lib/python3.12/site-packages/airflow/example_dags/plugins/listener_plugin.py
[2024-07-06T22:18:35.880+0700] {processor.py:183} INFO - Processing /home/acer/.local/share/virtualenvs/custom_airflow-E5ZHcY_K/lib/python3.12/site-packages/airflow/example_dags/plugins/listener_plugin.py took 0.025 seconds
[2024-07-06T22:19:35.303+0700] {processor.py:161} INFO - Started process (PID=22608) to work on /home/acer/.local/share/virtualenvs/custom_airflow-E5ZHcY_K/lib/python3.12/site-packages/airflow/example_dags/plugins/listener_plugin.py
[2024-07-06T22:19:35.305+0700] {processor.py:830} INFO - Processing file /home/acer/.local/share/virtualenvs/custom_airflow-E5ZHcY_K/lib/python3.12/site-packages/airflow/example_dags/plugins/listener_plugin.py for tasks to queue
[2024-07-06T22:19:35.309+0700] {logging_mixin.py:188} INFO - [2024-07-06T22:19:35.308+0700] {dagbag.py:545} INFO - Filling up the DagBag from /home/acer/.local/share/virtualenvs/custom_airflow-E5ZHcY_K/lib/python3.12/site-packages/airflow/example_dags/plugins/listener_plugin.py
[2024-07-06T22:19:35.313+0700] {processor.py:842} WARNING - No viable dags retrieved from /home/acer/.local/share/virtualenvs/custom_airflow-E5ZHcY_K/lib/python3.12/site-packages/airflow/example_dags/plugins/listener_plugin.py
[2024-07-06T22:19:35.331+0700] {processor.py:183} INFO - Processing /home/acer/.local/share/virtualenvs/custom_airflow-E5ZHcY_K/lib/python3.12/site-packages/airflow/example_dags/plugins/listener_plugin.py took 0.038 seconds
[2024-07-06T22:20:08.338+0700] {processor.py:161} INFO - Started process (PID=22779) to work on /home/acer/.local/share/virtualenvs/custom_airflow-E5ZHcY_K/lib/python3.12/site-packages/airflow/example_dags/plugins/listener_plugin.py
[2024-07-06T22:20:08.340+0700] {processor.py:830} INFO - Processing file /home/acer/.local/share/virtualenvs/custom_airflow-E5ZHcY_K/lib/python3.12/site-packages/airflow/example_dags/plugins/listener_plugin.py for tasks to queue
[2024-07-06T22:20:08.343+0700] {logging_mixin.py:188} INFO - [2024-07-06T22:20:08.342+0700] {dagbag.py:545} INFO - Filling up the DagBag from /home/acer/.local/share/virtualenvs/custom_airflow-E5ZHcY_K/lib/python3.12/site-packages/airflow/example_dags/plugins/listener_plugin.py
[2024-07-06T22:20:08.348+0700] {processor.py:842} WARNING - No viable dags retrieved from /home/acer/.local/share/virtualenvs/custom_airflow-E5ZHcY_K/lib/python3.12/site-packages/airflow/example_dags/plugins/listener_plugin.py
[2024-07-06T22:20:08.362+0700] {processor.py:183} INFO - Processing /home/acer/.local/share/virtualenvs/custom_airflow-E5ZHcY_K/lib/python3.12/site-packages/airflow/example_dags/plugins/listener_plugin.py took 0.042 seconds
[2024-07-06T22:21:08.770+0700] {processor.py:161} INFO - Started process (PID=23085) to work on /home/acer/.local/share/virtualenvs/custom_airflow-E5ZHcY_K/lib/python3.12/site-packages/airflow/example_dags/plugins/listener_plugin.py
[2024-07-06T22:21:08.771+0700] {processor.py:830} INFO - Processing file /home/acer/.local/share/virtualenvs/custom_airflow-E5ZHcY_K/lib/python3.12/site-packages/airflow/example_dags/plugins/listener_plugin.py for tasks to queue
[2024-07-06T22:21:08.774+0700] {logging_mixin.py:188} INFO - [2024-07-06T22:21:08.773+0700] {dagbag.py:545} INFO - Filling up the DagBag from /home/acer/.local/share/virtualenvs/custom_airflow-E5ZHcY_K/lib/python3.12/site-packages/airflow/example_dags/plugins/listener_plugin.py
[2024-07-06T22:21:08.779+0700] {processor.py:842} WARNING - No viable dags retrieved from /home/acer/.local/share/virtualenvs/custom_airflow-E5ZHcY_K/lib/python3.12/site-packages/airflow/example_dags/plugins/listener_plugin.py
[2024-07-06T22:21:08.790+0700] {processor.py:183} INFO - Processing /home/acer/.local/share/virtualenvs/custom_airflow-E5ZHcY_K/lib/python3.12/site-packages/airflow/example_dags/plugins/listener_plugin.py took 0.035 seconds
