[2024-07-06T16:08:38.843+0700] {processor.py:161} INFO - Started process (PID=51039) to work on /home/acer/.local/share/virtualenvs/custom_airflow-E5ZHcY_K/lib/python3.12/site-packages/airflow/example_dags/plugins/workday.py
[2024-07-06T16:08:38.844+0700] {processor.py:830} INFO - Processing file /home/acer/.local/share/virtualenvs/custom_airflow-E5ZHcY_K/lib/python3.12/site-packages/airflow/example_dags/plugins/workday.py for tasks to queue
[2024-07-06T16:08:38.846+0700] {logging_mixin.py:188} INFO - [2024-07-06T16:08:38.846+0700] {dagbag.py:545} INFO - Filling up the DagBag from /home/acer/.local/share/virtualenvs/custom_airflow-E5ZHcY_K/lib/python3.12/site-packages/airflow/example_dags/plugins/workday.py
[2024-07-06T16:08:38.850+0700] {logging_mixin.py:188} INFO - [2024-07-06T16:08:38.849+0700] {workday.py:41} WARNING - Could not import pandas. Holidays will not be considered.
[2024-07-06T16:08:38.850+0700] {processor.py:842} WARNING - No viable dags retrieved from /home/acer/.local/share/virtualenvs/custom_airflow-E5ZHcY_K/lib/python3.12/site-packages/airflow/example_dags/plugins/workday.py
[2024-07-06T16:08:38.859+0700] {processor.py:183} INFO - Processing /home/acer/.local/share/virtualenvs/custom_airflow-E5ZHcY_K/lib/python3.12/site-packages/airflow/example_dags/plugins/workday.py took 0.024 seconds
[2024-07-06T16:09:41.361+0700] {processor.py:161} INFO - Started process (PID=51538) to work on /home/acer/.local/share/virtualenvs/custom_airflow-E5ZHcY_K/lib/python3.12/site-packages/airflow/example_dags/plugins/workday.py
[2024-07-06T16:09:41.363+0700] {processor.py:830} INFO - Processing file /home/acer/.local/share/virtualenvs/custom_airflow-E5ZHcY_K/lib/python3.12/site-packages/airflow/example_dags/plugins/workday.py for tasks to queue
[2024-07-06T16:09:41.368+0700] {logging_mixin.py:188} INFO - [2024-07-06T16:09:41.367+0700] {dagbag.py:545} INFO - Filling up the DagBag from /home/acer/.local/share/virtualenvs/custom_airflow-E5ZHcY_K/lib/python3.12/site-packages/airflow/example_dags/plugins/workday.py
[2024-07-06T16:09:41.372+0700] {logging_mixin.py:188} INFO - [2024-07-06T16:09:41.372+0700] {workday.py:41} WARNING - Could not import pandas. Holidays will not be considered.
[2024-07-06T16:09:41.373+0700] {processor.py:842} WARNING - No viable dags retrieved from /home/acer/.local/share/virtualenvs/custom_airflow-E5ZHcY_K/lib/python3.12/site-packages/airflow/example_dags/plugins/workday.py
[2024-07-06T16:09:41.385+0700] {processor.py:183} INFO - Processing /home/acer/.local/share/virtualenvs/custom_airflow-E5ZHcY_K/lib/python3.12/site-packages/airflow/example_dags/plugins/workday.py took 0.042 seconds
[2024-07-06T16:10:33.020+0700] {processor.py:161} INFO - Started process (PID=51934) to work on /home/acer/.local/share/virtualenvs/custom_airflow-E5ZHcY_K/lib/python3.12/site-packages/airflow/example_dags/plugins/workday.py
[2024-07-06T16:10:33.025+0700] {processor.py:830} INFO - Processing file /home/acer/.local/share/virtualenvs/custom_airflow-E5ZHcY_K/lib/python3.12/site-packages/airflow/example_dags/plugins/workday.py for tasks to queue
[2024-07-06T16:10:33.032+0700] {logging_mixin.py:188} INFO - [2024-07-06T16:10:33.029+0700] {dagbag.py:545} INFO - Filling up the DagBag from /home/acer/.local/share/virtualenvs/custom_airflow-E5ZHcY_K/lib/python3.12/site-packages/airflow/example_dags/plugins/workday.py
[2024-07-06T16:10:33.042+0700] {logging_mixin.py:188} INFO - [2024-07-06T16:10:33.042+0700] {workday.py:41} WARNING - Could not import pandas. Holidays will not be considered.
[2024-07-06T16:10:33.044+0700] {processor.py:842} WARNING - No viable dags retrieved from /home/acer/.local/share/virtualenvs/custom_airflow-E5ZHcY_K/lib/python3.12/site-packages/airflow/example_dags/plugins/workday.py
[2024-07-06T16:10:33.062+0700] {processor.py:183} INFO - Processing /home/acer/.local/share/virtualenvs/custom_airflow-E5ZHcY_K/lib/python3.12/site-packages/airflow/example_dags/plugins/workday.py took 0.072 seconds
[2024-07-06T16:11:29.314+0700] {processor.py:161} INFO - Started process (PID=52464) to work on /home/acer/.local/share/virtualenvs/custom_airflow-E5ZHcY_K/lib/python3.12/site-packages/airflow/example_dags/plugins/workday.py
[2024-07-06T16:11:29.315+0700] {processor.py:830} INFO - Processing file /home/acer/.local/share/virtualenvs/custom_airflow-E5ZHcY_K/lib/python3.12/site-packages/airflow/example_dags/plugins/workday.py for tasks to queue
[2024-07-06T16:11:29.316+0700] {logging_mixin.py:188} INFO - [2024-07-06T16:11:29.315+0700] {dagbag.py:545} INFO - Filling up the DagBag from /home/acer/.local/share/virtualenvs/custom_airflow-E5ZHcY_K/lib/python3.12/site-packages/airflow/example_dags/plugins/workday.py
[2024-07-06T16:11:29.318+0700] {logging_mixin.py:188} INFO - [2024-07-06T16:11:29.318+0700] {workday.py:41} WARNING - Could not import pandas. Holidays will not be considered.
[2024-07-06T16:11:29.319+0700] {processor.py:842} WARNING - No viable dags retrieved from /home/acer/.local/share/virtualenvs/custom_airflow-E5ZHcY_K/lib/python3.12/site-packages/airflow/example_dags/plugins/workday.py
[2024-07-06T16:11:29.332+0700] {processor.py:183} INFO - Processing /home/acer/.local/share/virtualenvs/custom_airflow-E5ZHcY_K/lib/python3.12/site-packages/airflow/example_dags/plugins/workday.py took 0.025 seconds
[2024-07-06T16:15:28.660+0700] {processor.py:161} INFO - Started process (PID=54481) to work on /home/acer/.local/share/virtualenvs/custom_airflow-E5ZHcY_K/lib/python3.12/site-packages/airflow/example_dags/plugins/workday.py
[2024-07-06T16:15:28.661+0700] {processor.py:830} INFO - Processing file /home/acer/.local/share/virtualenvs/custom_airflow-E5ZHcY_K/lib/python3.12/site-packages/airflow/example_dags/plugins/workday.py for tasks to queue
[2024-07-06T16:15:28.663+0700] {logging_mixin.py:188} INFO - [2024-07-06T16:15:28.663+0700] {dagbag.py:545} INFO - Filling up the DagBag from /home/acer/.local/share/virtualenvs/custom_airflow-E5ZHcY_K/lib/python3.12/site-packages/airflow/example_dags/plugins/workday.py
[2024-07-06T16:15:28.666+0700] {logging_mixin.py:188} INFO - [2024-07-06T16:15:28.665+0700] {workday.py:41} WARNING - Could not import pandas. Holidays will not be considered.
[2024-07-06T16:15:28.666+0700] {processor.py:842} WARNING - No viable dags retrieved from /home/acer/.local/share/virtualenvs/custom_airflow-E5ZHcY_K/lib/python3.12/site-packages/airflow/example_dags/plugins/workday.py
[2024-07-06T16:15:28.680+0700] {processor.py:183} INFO - Processing /home/acer/.local/share/virtualenvs/custom_airflow-E5ZHcY_K/lib/python3.12/site-packages/airflow/example_dags/plugins/workday.py took 0.025 seconds
[2024-07-06T16:16:31.051+0700] {processor.py:161} INFO - Started process (PID=55235) to work on /home/acer/.local/share/virtualenvs/custom_airflow-E5ZHcY_K/lib/python3.12/site-packages/airflow/example_dags/plugins/workday.py
[2024-07-06T16:16:31.052+0700] {processor.py:830} INFO - Processing file /home/acer/.local/share/virtualenvs/custom_airflow-E5ZHcY_K/lib/python3.12/site-packages/airflow/example_dags/plugins/workday.py for tasks to queue
[2024-07-06T16:16:31.054+0700] {logging_mixin.py:188} INFO - [2024-07-06T16:16:31.054+0700] {dagbag.py:545} INFO - Filling up the DagBag from /home/acer/.local/share/virtualenvs/custom_airflow-E5ZHcY_K/lib/python3.12/site-packages/airflow/example_dags/plugins/workday.py
[2024-07-06T16:16:31.057+0700] {logging_mixin.py:188} INFO - [2024-07-06T16:16:31.057+0700] {workday.py:41} WARNING - Could not import pandas. Holidays will not be considered.
[2024-07-06T16:16:31.058+0700] {processor.py:842} WARNING - No viable dags retrieved from /home/acer/.local/share/virtualenvs/custom_airflow-E5ZHcY_K/lib/python3.12/site-packages/airflow/example_dags/plugins/workday.py
[2024-07-06T16:16:31.067+0700] {processor.py:183} INFO - Processing /home/acer/.local/share/virtualenvs/custom_airflow-E5ZHcY_K/lib/python3.12/site-packages/airflow/example_dags/plugins/workday.py took 0.025 seconds
[2024-07-06T16:17:24.512+0700] {processor.py:161} INFO - Started process (PID=55685) to work on /home/acer/.local/share/virtualenvs/custom_airflow-E5ZHcY_K/lib/python3.12/site-packages/airflow/example_dags/plugins/workday.py
[2024-07-06T16:17:24.514+0700] {processor.py:830} INFO - Processing file /home/acer/.local/share/virtualenvs/custom_airflow-E5ZHcY_K/lib/python3.12/site-packages/airflow/example_dags/plugins/workday.py for tasks to queue
[2024-07-06T16:17:24.517+0700] {logging_mixin.py:188} INFO - [2024-07-06T16:17:24.516+0700] {dagbag.py:545} INFO - Filling up the DagBag from /home/acer/.local/share/virtualenvs/custom_airflow-E5ZHcY_K/lib/python3.12/site-packages/airflow/example_dags/plugins/workday.py
[2024-07-06T16:17:24.520+0700] {logging_mixin.py:188} INFO - [2024-07-06T16:17:24.520+0700] {workday.py:41} WARNING - Could not import pandas. Holidays will not be considered.
[2024-07-06T16:17:24.521+0700] {processor.py:842} WARNING - No viable dags retrieved from /home/acer/.local/share/virtualenvs/custom_airflow-E5ZHcY_K/lib/python3.12/site-packages/airflow/example_dags/plugins/workday.py
[2024-07-06T16:17:24.531+0700] {processor.py:183} INFO - Processing /home/acer/.local/share/virtualenvs/custom_airflow-E5ZHcY_K/lib/python3.12/site-packages/airflow/example_dags/plugins/workday.py took 0.028 seconds
[2024-07-06T16:18:11.794+0700] {processor.py:161} INFO - Started process (PID=55924) to work on /home/acer/.local/share/virtualenvs/custom_airflow-E5ZHcY_K/lib/python3.12/site-packages/airflow/example_dags/plugins/workday.py
[2024-07-06T16:18:11.795+0700] {processor.py:830} INFO - Processing file /home/acer/.local/share/virtualenvs/custom_airflow-E5ZHcY_K/lib/python3.12/site-packages/airflow/example_dags/plugins/workday.py for tasks to queue
[2024-07-06T16:18:11.797+0700] {logging_mixin.py:188} INFO - [2024-07-06T16:18:11.797+0700] {dagbag.py:545} INFO - Filling up the DagBag from /home/acer/.local/share/virtualenvs/custom_airflow-E5ZHcY_K/lib/python3.12/site-packages/airflow/example_dags/plugins/workday.py
[2024-07-06T16:18:11.800+0700] {logging_mixin.py:188} INFO - [2024-07-06T16:18:11.800+0700] {workday.py:41} WARNING - Could not import pandas. Holidays will not be considered.
[2024-07-06T16:18:11.801+0700] {processor.py:842} WARNING - No viable dags retrieved from /home/acer/.local/share/virtualenvs/custom_airflow-E5ZHcY_K/lib/python3.12/site-packages/airflow/example_dags/plugins/workday.py
[2024-07-06T16:18:11.812+0700] {processor.py:183} INFO - Processing /home/acer/.local/share/virtualenvs/custom_airflow-E5ZHcY_K/lib/python3.12/site-packages/airflow/example_dags/plugins/workday.py took 0.025 seconds
[2024-07-06T16:18:59.172+0700] {processor.py:161} INFO - Started process (PID=56150) to work on /home/acer/.local/share/virtualenvs/custom_airflow-E5ZHcY_K/lib/python3.12/site-packages/airflow/example_dags/plugins/workday.py
[2024-07-06T16:18:59.173+0700] {processor.py:830} INFO - Processing file /home/acer/.local/share/virtualenvs/custom_airflow-E5ZHcY_K/lib/python3.12/site-packages/airflow/example_dags/plugins/workday.py for tasks to queue
[2024-07-06T16:18:59.175+0700] {logging_mixin.py:188} INFO - [2024-07-06T16:18:59.174+0700] {dagbag.py:545} INFO - Filling up the DagBag from /home/acer/.local/share/virtualenvs/custom_airflow-E5ZHcY_K/lib/python3.12/site-packages/airflow/example_dags/plugins/workday.py
[2024-07-06T16:18:59.177+0700] {logging_mixin.py:188} INFO - [2024-07-06T16:18:59.177+0700] {workday.py:41} WARNING - Could not import pandas. Holidays will not be considered.
[2024-07-06T16:18:59.177+0700] {processor.py:842} WARNING - No viable dags retrieved from /home/acer/.local/share/virtualenvs/custom_airflow-E5ZHcY_K/lib/python3.12/site-packages/airflow/example_dags/plugins/workday.py
[2024-07-06T16:18:59.186+0700] {processor.py:183} INFO - Processing /home/acer/.local/share/virtualenvs/custom_airflow-E5ZHcY_K/lib/python3.12/site-packages/airflow/example_dags/plugins/workday.py took 0.020 seconds
[2024-07-06T16:19:58.885+0700] {processor.py:161} INFO - Started process (PID=56873) to work on /home/acer/.local/share/virtualenvs/custom_airflow-E5ZHcY_K/lib/python3.12/site-packages/airflow/example_dags/plugins/workday.py
[2024-07-06T16:19:58.888+0700] {processor.py:830} INFO - Processing file /home/acer/.local/share/virtualenvs/custom_airflow-E5ZHcY_K/lib/python3.12/site-packages/airflow/example_dags/plugins/workday.py for tasks to queue
[2024-07-06T16:19:58.894+0700] {logging_mixin.py:188} INFO - [2024-07-06T16:19:58.892+0700] {dagbag.py:545} INFO - Filling up the DagBag from /home/acer/.local/share/virtualenvs/custom_airflow-E5ZHcY_K/lib/python3.12/site-packages/airflow/example_dags/plugins/workday.py
[2024-07-06T16:19:58.904+0700] {logging_mixin.py:188} INFO - [2024-07-06T16:19:58.904+0700] {workday.py:41} WARNING - Could not import pandas. Holidays will not be considered.
[2024-07-06T16:19:58.905+0700] {processor.py:842} WARNING - No viable dags retrieved from /home/acer/.local/share/virtualenvs/custom_airflow-E5ZHcY_K/lib/python3.12/site-packages/airflow/example_dags/plugins/workday.py
[2024-07-06T16:19:58.922+0700] {processor.py:183} INFO - Processing /home/acer/.local/share/virtualenvs/custom_airflow-E5ZHcY_K/lib/python3.12/site-packages/airflow/example_dags/plugins/workday.py took 0.062 seconds
[2024-07-06T16:20:55.986+0700] {processor.py:161} INFO - Started process (PID=57332) to work on /home/acer/.local/share/virtualenvs/custom_airflow-E5ZHcY_K/lib/python3.12/site-packages/airflow/example_dags/plugins/workday.py
[2024-07-06T16:20:55.987+0700] {processor.py:830} INFO - Processing file /home/acer/.local/share/virtualenvs/custom_airflow-E5ZHcY_K/lib/python3.12/site-packages/airflow/example_dags/plugins/workday.py for tasks to queue
[2024-07-06T16:20:55.990+0700] {logging_mixin.py:188} INFO - [2024-07-06T16:20:55.989+0700] {dagbag.py:545} INFO - Filling up the DagBag from /home/acer/.local/share/virtualenvs/custom_airflow-E5ZHcY_K/lib/python3.12/site-packages/airflow/example_dags/plugins/workday.py
[2024-07-06T16:20:55.993+0700] {logging_mixin.py:188} INFO - [2024-07-06T16:20:55.993+0700] {workday.py:41} WARNING - Could not import pandas. Holidays will not be considered.
[2024-07-06T16:20:55.994+0700] {processor.py:842} WARNING - No viable dags retrieved from /home/acer/.local/share/virtualenvs/custom_airflow-E5ZHcY_K/lib/python3.12/site-packages/airflow/example_dags/plugins/workday.py
[2024-07-06T16:20:56.006+0700] {processor.py:183} INFO - Processing /home/acer/.local/share/virtualenvs/custom_airflow-E5ZHcY_K/lib/python3.12/site-packages/airflow/example_dags/plugins/workday.py took 0.028 seconds
[2024-07-06T16:21:45.551+0700] {processor.py:161} INFO - Started process (PID=57652) to work on /home/acer/.local/share/virtualenvs/custom_airflow-E5ZHcY_K/lib/python3.12/site-packages/airflow/example_dags/plugins/workday.py
[2024-07-06T16:21:45.553+0700] {processor.py:830} INFO - Processing file /home/acer/.local/share/virtualenvs/custom_airflow-E5ZHcY_K/lib/python3.12/site-packages/airflow/example_dags/plugins/workday.py for tasks to queue
[2024-07-06T16:21:45.559+0700] {logging_mixin.py:188} INFO - [2024-07-06T16:21:45.558+0700] {dagbag.py:545} INFO - Filling up the DagBag from /home/acer/.local/share/virtualenvs/custom_airflow-E5ZHcY_K/lib/python3.12/site-packages/airflow/example_dags/plugins/workday.py
[2024-07-06T16:21:45.567+0700] {logging_mixin.py:188} INFO - [2024-07-06T16:21:45.566+0700] {workday.py:41} WARNING - Could not import pandas. Holidays will not be considered.
[2024-07-06T16:21:45.570+0700] {processor.py:842} WARNING - No viable dags retrieved from /home/acer/.local/share/virtualenvs/custom_airflow-E5ZHcY_K/lib/python3.12/site-packages/airflow/example_dags/plugins/workday.py
[2024-07-06T16:21:45.600+0700] {processor.py:183} INFO - Processing /home/acer/.local/share/virtualenvs/custom_airflow-E5ZHcY_K/lib/python3.12/site-packages/airflow/example_dags/plugins/workday.py took 0.068 seconds
[2024-07-06T16:22:33.370+0700] {processor.py:161} INFO - Started process (PID=57977) to work on /home/acer/.local/share/virtualenvs/custom_airflow-E5ZHcY_K/lib/python3.12/site-packages/airflow/example_dags/plugins/workday.py
[2024-07-06T16:22:33.373+0700] {processor.py:830} INFO - Processing file /home/acer/.local/share/virtualenvs/custom_airflow-E5ZHcY_K/lib/python3.12/site-packages/airflow/example_dags/plugins/workday.py for tasks to queue
[2024-07-06T16:22:33.379+0700] {logging_mixin.py:188} INFO - [2024-07-06T16:22:33.377+0700] {dagbag.py:545} INFO - Filling up the DagBag from /home/acer/.local/share/virtualenvs/custom_airflow-E5ZHcY_K/lib/python3.12/site-packages/airflow/example_dags/plugins/workday.py
[2024-07-06T16:22:33.388+0700] {logging_mixin.py:188} INFO - [2024-07-06T16:22:33.387+0700] {workday.py:41} WARNING - Could not import pandas. Holidays will not be considered.
[2024-07-06T16:22:33.390+0700] {processor.py:842} WARNING - No viable dags retrieved from /home/acer/.local/share/virtualenvs/custom_airflow-E5ZHcY_K/lib/python3.12/site-packages/airflow/example_dags/plugins/workday.py
[2024-07-06T16:22:33.432+0700] {processor.py:183} INFO - Processing /home/acer/.local/share/virtualenvs/custom_airflow-E5ZHcY_K/lib/python3.12/site-packages/airflow/example_dags/plugins/workday.py took 0.084 seconds
[2024-07-06T16:23:58.915+0700] {processor.py:161} INFO - Started process (PID=58959) to work on /home/acer/.local/share/virtualenvs/custom_airflow-E5ZHcY_K/lib/python3.12/site-packages/airflow/example_dags/plugins/workday.py
[2024-07-06T16:23:58.917+0700] {processor.py:830} INFO - Processing file /home/acer/.local/share/virtualenvs/custom_airflow-E5ZHcY_K/lib/python3.12/site-packages/airflow/example_dags/plugins/workday.py for tasks to queue
[2024-07-06T16:23:58.920+0700] {logging_mixin.py:188} INFO - [2024-07-06T16:23:58.919+0700] {dagbag.py:545} INFO - Filling up the DagBag from /home/acer/.local/share/virtualenvs/custom_airflow-E5ZHcY_K/lib/python3.12/site-packages/airflow/example_dags/plugins/workday.py
[2024-07-06T16:23:58.924+0700] {logging_mixin.py:188} INFO - [2024-07-06T16:23:58.923+0700] {workday.py:41} WARNING - Could not import pandas. Holidays will not be considered.
[2024-07-06T16:23:58.924+0700] {processor.py:842} WARNING - No viable dags retrieved from /home/acer/.local/share/virtualenvs/custom_airflow-E5ZHcY_K/lib/python3.12/site-packages/airflow/example_dags/plugins/workday.py
[2024-07-06T16:23:58.935+0700] {processor.py:183} INFO - Processing /home/acer/.local/share/virtualenvs/custom_airflow-E5ZHcY_K/lib/python3.12/site-packages/airflow/example_dags/plugins/workday.py took 0.031 seconds
[2024-07-06T16:24:54.659+0700] {processor.py:161} INFO - Started process (PID=59467) to work on /home/acer/.local/share/virtualenvs/custom_airflow-E5ZHcY_K/lib/python3.12/site-packages/airflow/example_dags/plugins/workday.py
[2024-07-06T16:24:54.663+0700] {processor.py:830} INFO - Processing file /home/acer/.local/share/virtualenvs/custom_airflow-E5ZHcY_K/lib/python3.12/site-packages/airflow/example_dags/plugins/workday.py for tasks to queue
[2024-07-06T16:24:54.672+0700] {logging_mixin.py:188} INFO - [2024-07-06T16:24:54.670+0700] {dagbag.py:545} INFO - Filling up the DagBag from /home/acer/.local/share/virtualenvs/custom_airflow-E5ZHcY_K/lib/python3.12/site-packages/airflow/example_dags/plugins/workday.py
[2024-07-06T16:24:54.679+0700] {logging_mixin.py:188} INFO - [2024-07-06T16:24:54.679+0700] {workday.py:41} WARNING - Could not import pandas. Holidays will not be considered.
[2024-07-06T16:24:54.681+0700] {processor.py:842} WARNING - No viable dags retrieved from /home/acer/.local/share/virtualenvs/custom_airflow-E5ZHcY_K/lib/python3.12/site-packages/airflow/example_dags/plugins/workday.py
[2024-07-06T16:24:54.697+0700] {processor.py:183} INFO - Processing /home/acer/.local/share/virtualenvs/custom_airflow-E5ZHcY_K/lib/python3.12/site-packages/airflow/example_dags/plugins/workday.py took 0.068 seconds
[2024-07-06T16:25:45.711+0700] {processor.py:161} INFO - Started process (PID=59913) to work on /home/acer/.local/share/virtualenvs/custom_airflow-E5ZHcY_K/lib/python3.12/site-packages/airflow/example_dags/plugins/workday.py
[2024-07-06T16:25:45.712+0700] {processor.py:830} INFO - Processing file /home/acer/.local/share/virtualenvs/custom_airflow-E5ZHcY_K/lib/python3.12/site-packages/airflow/example_dags/plugins/workday.py for tasks to queue
[2024-07-06T16:25:45.714+0700] {logging_mixin.py:188} INFO - [2024-07-06T16:25:45.713+0700] {dagbag.py:545} INFO - Filling up the DagBag from /home/acer/.local/share/virtualenvs/custom_airflow-E5ZHcY_K/lib/python3.12/site-packages/airflow/example_dags/plugins/workday.py
[2024-07-06T16:25:45.716+0700] {logging_mixin.py:188} INFO - [2024-07-06T16:25:45.716+0700] {workday.py:41} WARNING - Could not import pandas. Holidays will not be considered.
[2024-07-06T16:25:45.716+0700] {processor.py:842} WARNING - No viable dags retrieved from /home/acer/.local/share/virtualenvs/custom_airflow-E5ZHcY_K/lib/python3.12/site-packages/airflow/example_dags/plugins/workday.py
[2024-07-06T16:25:45.726+0700] {processor.py:183} INFO - Processing /home/acer/.local/share/virtualenvs/custom_airflow-E5ZHcY_K/lib/python3.12/site-packages/airflow/example_dags/plugins/workday.py took 0.020 seconds
[2024-07-06T16:26:37.778+0700] {processor.py:161} INFO - Started process (PID=60157) to work on /home/acer/.local/share/virtualenvs/custom_airflow-E5ZHcY_K/lib/python3.12/site-packages/airflow/example_dags/plugins/workday.py
[2024-07-06T16:26:37.779+0700] {processor.py:830} INFO - Processing file /home/acer/.local/share/virtualenvs/custom_airflow-E5ZHcY_K/lib/python3.12/site-packages/airflow/example_dags/plugins/workday.py for tasks to queue
[2024-07-06T16:26:37.783+0700] {logging_mixin.py:188} INFO - [2024-07-06T16:26:37.782+0700] {dagbag.py:545} INFO - Filling up the DagBag from /home/acer/.local/share/virtualenvs/custom_airflow-E5ZHcY_K/lib/python3.12/site-packages/airflow/example_dags/plugins/workday.py
[2024-07-06T16:26:37.789+0700] {logging_mixin.py:188} INFO - [2024-07-06T16:26:37.788+0700] {workday.py:41} WARNING - Could not import pandas. Holidays will not be considered.
[2024-07-06T16:26:37.790+0700] {processor.py:842} WARNING - No viable dags retrieved from /home/acer/.local/share/virtualenvs/custom_airflow-E5ZHcY_K/lib/python3.12/site-packages/airflow/example_dags/plugins/workday.py
[2024-07-06T16:26:37.803+0700] {processor.py:183} INFO - Processing /home/acer/.local/share/virtualenvs/custom_airflow-E5ZHcY_K/lib/python3.12/site-packages/airflow/example_dags/plugins/workday.py took 0.038 seconds
[2024-07-06T16:27:25.979+0700] {processor.py:161} INFO - Started process (PID=60426) to work on /home/acer/.local/share/virtualenvs/custom_airflow-E5ZHcY_K/lib/python3.12/site-packages/airflow/example_dags/plugins/workday.py
[2024-07-06T16:27:25.980+0700] {processor.py:830} INFO - Processing file /home/acer/.local/share/virtualenvs/custom_airflow-E5ZHcY_K/lib/python3.12/site-packages/airflow/example_dags/plugins/workday.py for tasks to queue
[2024-07-06T16:27:25.984+0700] {logging_mixin.py:188} INFO - [2024-07-06T16:27:25.983+0700] {dagbag.py:545} INFO - Filling up the DagBag from /home/acer/.local/share/virtualenvs/custom_airflow-E5ZHcY_K/lib/python3.12/site-packages/airflow/example_dags/plugins/workday.py
[2024-07-06T16:27:25.990+0700] {logging_mixin.py:188} INFO - [2024-07-06T16:27:25.990+0700] {workday.py:41} WARNING - Could not import pandas. Holidays will not be considered.
[2024-07-06T16:27:25.991+0700] {processor.py:842} WARNING - No viable dags retrieved from /home/acer/.local/share/virtualenvs/custom_airflow-E5ZHcY_K/lib/python3.12/site-packages/airflow/example_dags/plugins/workday.py
[2024-07-06T16:27:26.004+0700] {processor.py:183} INFO - Processing /home/acer/.local/share/virtualenvs/custom_airflow-E5ZHcY_K/lib/python3.12/site-packages/airflow/example_dags/plugins/workday.py took 0.039 seconds
[2024-07-06T16:28:10.598+0700] {processor.py:161} INFO - Started process (PID=60646) to work on /home/acer/.local/share/virtualenvs/custom_airflow-E5ZHcY_K/lib/python3.12/site-packages/airflow/example_dags/plugins/workday.py
[2024-07-06T16:28:10.599+0700] {processor.py:830} INFO - Processing file /home/acer/.local/share/virtualenvs/custom_airflow-E5ZHcY_K/lib/python3.12/site-packages/airflow/example_dags/plugins/workday.py for tasks to queue
[2024-07-06T16:28:10.600+0700] {logging_mixin.py:188} INFO - [2024-07-06T16:28:10.600+0700] {dagbag.py:545} INFO - Filling up the DagBag from /home/acer/.local/share/virtualenvs/custom_airflow-E5ZHcY_K/lib/python3.12/site-packages/airflow/example_dags/plugins/workday.py
[2024-07-06T16:28:10.603+0700] {logging_mixin.py:188} INFO - [2024-07-06T16:28:10.603+0700] {workday.py:41} WARNING - Could not import pandas. Holidays will not be considered.
[2024-07-06T16:28:10.603+0700] {processor.py:842} WARNING - No viable dags retrieved from /home/acer/.local/share/virtualenvs/custom_airflow-E5ZHcY_K/lib/python3.12/site-packages/airflow/example_dags/plugins/workday.py
[2024-07-06T16:28:10.612+0700] {processor.py:183} INFO - Processing /home/acer/.local/share/virtualenvs/custom_airflow-E5ZHcY_K/lib/python3.12/site-packages/airflow/example_dags/plugins/workday.py took 0.020 seconds
[2024-07-06T16:28:55.079+0700] {processor.py:161} INFO - Started process (PID=60869) to work on /home/acer/.local/share/virtualenvs/custom_airflow-E5ZHcY_K/lib/python3.12/site-packages/airflow/example_dags/plugins/workday.py
[2024-07-06T16:28:55.082+0700] {processor.py:830} INFO - Processing file /home/acer/.local/share/virtualenvs/custom_airflow-E5ZHcY_K/lib/python3.12/site-packages/airflow/example_dags/plugins/workday.py for tasks to queue
[2024-07-06T16:28:55.086+0700] {logging_mixin.py:188} INFO - [2024-07-06T16:28:55.085+0700] {dagbag.py:545} INFO - Filling up the DagBag from /home/acer/.local/share/virtualenvs/custom_airflow-E5ZHcY_K/lib/python3.12/site-packages/airflow/example_dags/plugins/workday.py
[2024-07-06T16:28:55.091+0700] {logging_mixin.py:188} INFO - [2024-07-06T16:28:55.090+0700] {workday.py:41} WARNING - Could not import pandas. Holidays will not be considered.
[2024-07-06T16:28:55.091+0700] {processor.py:842} WARNING - No viable dags retrieved from /home/acer/.local/share/virtualenvs/custom_airflow-E5ZHcY_K/lib/python3.12/site-packages/airflow/example_dags/plugins/workday.py
[2024-07-06T16:28:55.104+0700] {processor.py:183} INFO - Processing /home/acer/.local/share/virtualenvs/custom_airflow-E5ZHcY_K/lib/python3.12/site-packages/airflow/example_dags/plugins/workday.py took 0.044 seconds
[2024-07-06T16:29:43.725+0700] {processor.py:161} INFO - Started process (PID=61100) to work on /home/acer/.local/share/virtualenvs/custom_airflow-E5ZHcY_K/lib/python3.12/site-packages/airflow/example_dags/plugins/workday.py
[2024-07-06T16:29:43.726+0700] {processor.py:830} INFO - Processing file /home/acer/.local/share/virtualenvs/custom_airflow-E5ZHcY_K/lib/python3.12/site-packages/airflow/example_dags/plugins/workday.py for tasks to queue
[2024-07-06T16:29:43.728+0700] {logging_mixin.py:188} INFO - [2024-07-06T16:29:43.728+0700] {dagbag.py:545} INFO - Filling up the DagBag from /home/acer/.local/share/virtualenvs/custom_airflow-E5ZHcY_K/lib/python3.12/site-packages/airflow/example_dags/plugins/workday.py
[2024-07-06T16:29:43.730+0700] {logging_mixin.py:188} INFO - [2024-07-06T16:29:43.730+0700] {workday.py:41} WARNING - Could not import pandas. Holidays will not be considered.
[2024-07-06T16:29:43.731+0700] {processor.py:842} WARNING - No viable dags retrieved from /home/acer/.local/share/virtualenvs/custom_airflow-E5ZHcY_K/lib/python3.12/site-packages/airflow/example_dags/plugins/workday.py
[2024-07-06T16:29:43.740+0700] {processor.py:183} INFO - Processing /home/acer/.local/share/virtualenvs/custom_airflow-E5ZHcY_K/lib/python3.12/site-packages/airflow/example_dags/plugins/workday.py took 0.020 seconds
[2024-07-06T16:30:27.989+0700] {processor.py:161} INFO - Started process (PID=61363) to work on /home/acer/.local/share/virtualenvs/custom_airflow-E5ZHcY_K/lib/python3.12/site-packages/airflow/example_dags/plugins/workday.py
[2024-07-06T16:30:27.990+0700] {processor.py:830} INFO - Processing file /home/acer/.local/share/virtualenvs/custom_airflow-E5ZHcY_K/lib/python3.12/site-packages/airflow/example_dags/plugins/workday.py for tasks to queue
[2024-07-06T16:30:27.993+0700] {logging_mixin.py:188} INFO - [2024-07-06T16:30:27.992+0700] {dagbag.py:545} INFO - Filling up the DagBag from /home/acer/.local/share/virtualenvs/custom_airflow-E5ZHcY_K/lib/python3.12/site-packages/airflow/example_dags/plugins/workday.py
[2024-07-06T16:30:27.997+0700] {logging_mixin.py:188} INFO - [2024-07-06T16:30:27.997+0700] {workday.py:41} WARNING - Could not import pandas. Holidays will not be considered.
[2024-07-06T16:30:27.998+0700] {processor.py:842} WARNING - No viable dags retrieved from /home/acer/.local/share/virtualenvs/custom_airflow-E5ZHcY_K/lib/python3.12/site-packages/airflow/example_dags/plugins/workday.py
[2024-07-06T16:30:28.010+0700] {processor.py:183} INFO - Processing /home/acer/.local/share/virtualenvs/custom_airflow-E5ZHcY_K/lib/python3.12/site-packages/airflow/example_dags/plugins/workday.py took 0.031 seconds
[2024-07-06T16:31:13.540+0700] {processor.py:161} INFO - Started process (PID=61590) to work on /home/acer/.local/share/virtualenvs/custom_airflow-E5ZHcY_K/lib/python3.12/site-packages/airflow/example_dags/plugins/workday.py
[2024-07-06T16:31:13.540+0700] {processor.py:830} INFO - Processing file /home/acer/.local/share/virtualenvs/custom_airflow-E5ZHcY_K/lib/python3.12/site-packages/airflow/example_dags/plugins/workday.py for tasks to queue
[2024-07-06T16:31:13.542+0700] {logging_mixin.py:188} INFO - [2024-07-06T16:31:13.542+0700] {dagbag.py:545} INFO - Filling up the DagBag from /home/acer/.local/share/virtualenvs/custom_airflow-E5ZHcY_K/lib/python3.12/site-packages/airflow/example_dags/plugins/workday.py
[2024-07-06T16:31:13.545+0700] {logging_mixin.py:188} INFO - [2024-07-06T16:31:13.544+0700] {workday.py:41} WARNING - Could not import pandas. Holidays will not be considered.
[2024-07-06T16:31:13.545+0700] {processor.py:842} WARNING - No viable dags retrieved from /home/acer/.local/share/virtualenvs/custom_airflow-E5ZHcY_K/lib/python3.12/site-packages/airflow/example_dags/plugins/workday.py
[2024-07-06T16:31:13.554+0700] {processor.py:183} INFO - Processing /home/acer/.local/share/virtualenvs/custom_airflow-E5ZHcY_K/lib/python3.12/site-packages/airflow/example_dags/plugins/workday.py took 0.020 seconds
[2024-07-06T16:31:58.316+0700] {processor.py:161} INFO - Started process (PID=61816) to work on /home/acer/.local/share/virtualenvs/custom_airflow-E5ZHcY_K/lib/python3.12/site-packages/airflow/example_dags/plugins/workday.py
[2024-07-06T16:31:58.317+0700] {processor.py:830} INFO - Processing file /home/acer/.local/share/virtualenvs/custom_airflow-E5ZHcY_K/lib/python3.12/site-packages/airflow/example_dags/plugins/workday.py for tasks to queue
[2024-07-06T16:31:58.319+0700] {logging_mixin.py:188} INFO - [2024-07-06T16:31:58.319+0700] {dagbag.py:545} INFO - Filling up the DagBag from /home/acer/.local/share/virtualenvs/custom_airflow-E5ZHcY_K/lib/python3.12/site-packages/airflow/example_dags/plugins/workday.py
[2024-07-06T16:31:58.322+0700] {logging_mixin.py:188} INFO - [2024-07-06T16:31:58.322+0700] {workday.py:41} WARNING - Could not import pandas. Holidays will not be considered.
[2024-07-06T16:31:58.323+0700] {processor.py:842} WARNING - No viable dags retrieved from /home/acer/.local/share/virtualenvs/custom_airflow-E5ZHcY_K/lib/python3.12/site-packages/airflow/example_dags/plugins/workday.py
[2024-07-06T16:31:58.333+0700] {processor.py:183} INFO - Processing /home/acer/.local/share/virtualenvs/custom_airflow-E5ZHcY_K/lib/python3.12/site-packages/airflow/example_dags/plugins/workday.py took 0.022 seconds
[2024-07-06T16:32:47.325+0700] {processor.py:161} INFO - Started process (PID=62049) to work on /home/acer/.local/share/virtualenvs/custom_airflow-E5ZHcY_K/lib/python3.12/site-packages/airflow/example_dags/plugins/workday.py
[2024-07-06T16:32:47.326+0700] {processor.py:830} INFO - Processing file /home/acer/.local/share/virtualenvs/custom_airflow-E5ZHcY_K/lib/python3.12/site-packages/airflow/example_dags/plugins/workday.py for tasks to queue
[2024-07-06T16:32:47.328+0700] {logging_mixin.py:188} INFO - [2024-07-06T16:32:47.327+0700] {dagbag.py:545} INFO - Filling up the DagBag from /home/acer/.local/share/virtualenvs/custom_airflow-E5ZHcY_K/lib/python3.12/site-packages/airflow/example_dags/plugins/workday.py
[2024-07-06T16:32:47.330+0700] {logging_mixin.py:188} INFO - [2024-07-06T16:32:47.330+0700] {workday.py:41} WARNING - Could not import pandas. Holidays will not be considered.
[2024-07-06T16:32:47.331+0700] {processor.py:842} WARNING - No viable dags retrieved from /home/acer/.local/share/virtualenvs/custom_airflow-E5ZHcY_K/lib/python3.12/site-packages/airflow/example_dags/plugins/workday.py
[2024-07-06T16:32:47.342+0700] {processor.py:183} INFO - Processing /home/acer/.local/share/virtualenvs/custom_airflow-E5ZHcY_K/lib/python3.12/site-packages/airflow/example_dags/plugins/workday.py took 0.023 seconds
[2024-07-06T16:33:34.394+0700] {processor.py:161} INFO - Started process (PID=62308) to work on /home/acer/.local/share/virtualenvs/custom_airflow-E5ZHcY_K/lib/python3.12/site-packages/airflow/example_dags/plugins/workday.py
[2024-07-06T16:33:34.395+0700] {processor.py:830} INFO - Processing file /home/acer/.local/share/virtualenvs/custom_airflow-E5ZHcY_K/lib/python3.12/site-packages/airflow/example_dags/plugins/workday.py for tasks to queue
[2024-07-06T16:33:34.397+0700] {logging_mixin.py:188} INFO - [2024-07-06T16:33:34.397+0700] {dagbag.py:545} INFO - Filling up the DagBag from /home/acer/.local/share/virtualenvs/custom_airflow-E5ZHcY_K/lib/python3.12/site-packages/airflow/example_dags/plugins/workday.py
[2024-07-06T16:33:34.400+0700] {logging_mixin.py:188} INFO - [2024-07-06T16:33:34.400+0700] {workday.py:41} WARNING - Could not import pandas. Holidays will not be considered.
[2024-07-06T16:33:34.400+0700] {processor.py:842} WARNING - No viable dags retrieved from /home/acer/.local/share/virtualenvs/custom_airflow-E5ZHcY_K/lib/python3.12/site-packages/airflow/example_dags/plugins/workday.py
[2024-07-06T16:33:34.410+0700] {processor.py:183} INFO - Processing /home/acer/.local/share/virtualenvs/custom_airflow-E5ZHcY_K/lib/python3.12/site-packages/airflow/example_dags/plugins/workday.py took 0.021 seconds
[2024-07-06T16:34:21.133+0700] {processor.py:161} INFO - Started process (PID=62532) to work on /home/acer/.local/share/virtualenvs/custom_airflow-E5ZHcY_K/lib/python3.12/site-packages/airflow/example_dags/plugins/workday.py
[2024-07-06T16:34:21.134+0700] {processor.py:830} INFO - Processing file /home/acer/.local/share/virtualenvs/custom_airflow-E5ZHcY_K/lib/python3.12/site-packages/airflow/example_dags/plugins/workday.py for tasks to queue
[2024-07-06T16:34:21.135+0700] {logging_mixin.py:188} INFO - [2024-07-06T16:34:21.135+0700] {dagbag.py:545} INFO - Filling up the DagBag from /home/acer/.local/share/virtualenvs/custom_airflow-E5ZHcY_K/lib/python3.12/site-packages/airflow/example_dags/plugins/workday.py
[2024-07-06T16:34:21.138+0700] {logging_mixin.py:188} INFO - [2024-07-06T16:34:21.137+0700] {workday.py:41} WARNING - Could not import pandas. Holidays will not be considered.
[2024-07-06T16:34:21.138+0700] {processor.py:842} WARNING - No viable dags retrieved from /home/acer/.local/share/virtualenvs/custom_airflow-E5ZHcY_K/lib/python3.12/site-packages/airflow/example_dags/plugins/workday.py
[2024-07-06T16:34:21.147+0700] {processor.py:183} INFO - Processing /home/acer/.local/share/virtualenvs/custom_airflow-E5ZHcY_K/lib/python3.12/site-packages/airflow/example_dags/plugins/workday.py took 0.020 seconds
[2024-07-06T16:35:10.241+0700] {processor.py:161} INFO - Started process (PID=62776) to work on /home/acer/.local/share/virtualenvs/custom_airflow-E5ZHcY_K/lib/python3.12/site-packages/airflow/example_dags/plugins/workday.py
[2024-07-06T16:35:10.242+0700] {processor.py:830} INFO - Processing file /home/acer/.local/share/virtualenvs/custom_airflow-E5ZHcY_K/lib/python3.12/site-packages/airflow/example_dags/plugins/workday.py for tasks to queue
[2024-07-06T16:35:10.244+0700] {logging_mixin.py:188} INFO - [2024-07-06T16:35:10.243+0700] {dagbag.py:545} INFO - Filling up the DagBag from /home/acer/.local/share/virtualenvs/custom_airflow-E5ZHcY_K/lib/python3.12/site-packages/airflow/example_dags/plugins/workday.py
[2024-07-06T16:35:10.247+0700] {logging_mixin.py:188} INFO - [2024-07-06T16:35:10.246+0700] {workday.py:41} WARNING - Could not import pandas. Holidays will not be considered.
[2024-07-06T16:35:10.247+0700] {processor.py:842} WARNING - No viable dags retrieved from /home/acer/.local/share/virtualenvs/custom_airflow-E5ZHcY_K/lib/python3.12/site-packages/airflow/example_dags/plugins/workday.py
[2024-07-06T16:35:10.257+0700] {processor.py:183} INFO - Processing /home/acer/.local/share/virtualenvs/custom_airflow-E5ZHcY_K/lib/python3.12/site-packages/airflow/example_dags/plugins/workday.py took 0.022 seconds
[2024-07-06T16:35:55.651+0700] {processor.py:161} INFO - Started process (PID=63047) to work on /home/acer/.local/share/virtualenvs/custom_airflow-E5ZHcY_K/lib/python3.12/site-packages/airflow/example_dags/plugins/workday.py
[2024-07-06T16:35:55.653+0700] {processor.py:830} INFO - Processing file /home/acer/.local/share/virtualenvs/custom_airflow-E5ZHcY_K/lib/python3.12/site-packages/airflow/example_dags/plugins/workday.py for tasks to queue
[2024-07-06T16:35:55.656+0700] {logging_mixin.py:188} INFO - [2024-07-06T16:35:55.655+0700] {dagbag.py:545} INFO - Filling up the DagBag from /home/acer/.local/share/virtualenvs/custom_airflow-E5ZHcY_K/lib/python3.12/site-packages/airflow/example_dags/plugins/workday.py
[2024-07-06T16:35:55.662+0700] {logging_mixin.py:188} INFO - [2024-07-06T16:35:55.661+0700] {workday.py:41} WARNING - Could not import pandas. Holidays will not be considered.
[2024-07-06T16:35:55.663+0700] {processor.py:842} WARNING - No viable dags retrieved from /home/acer/.local/share/virtualenvs/custom_airflow-E5ZHcY_K/lib/python3.12/site-packages/airflow/example_dags/plugins/workday.py
[2024-07-06T16:35:55.676+0700] {processor.py:183} INFO - Processing /home/acer/.local/share/virtualenvs/custom_airflow-E5ZHcY_K/lib/python3.12/site-packages/airflow/example_dags/plugins/workday.py took 0.038 seconds
[2024-07-06T21:54:14.050+0700] {processor.py:161} INFO - Started process (PID=11104) to work on /home/acer/.local/share/virtualenvs/custom_airflow-E5ZHcY_K/lib/python3.12/site-packages/airflow/example_dags/plugins/workday.py
[2024-07-06T21:54:14.051+0700] {processor.py:830} INFO - Processing file /home/acer/.local/share/virtualenvs/custom_airflow-E5ZHcY_K/lib/python3.12/site-packages/airflow/example_dags/plugins/workday.py for tasks to queue
[2024-07-06T21:54:14.054+0700] {logging_mixin.py:188} INFO - [2024-07-06T21:54:14.053+0700] {dagbag.py:545} INFO - Filling up the DagBag from /home/acer/.local/share/virtualenvs/custom_airflow-E5ZHcY_K/lib/python3.12/site-packages/airflow/example_dags/plugins/workday.py
[2024-07-06T21:54:14.057+0700] {logging_mixin.py:188} INFO - [2024-07-06T21:54:14.057+0700] {workday.py:41} WARNING - Could not import pandas. Holidays will not be considered.
[2024-07-06T21:54:14.058+0700] {processor.py:842} WARNING - No viable dags retrieved from /home/acer/.local/share/virtualenvs/custom_airflow-E5ZHcY_K/lib/python3.12/site-packages/airflow/example_dags/plugins/workday.py
[2024-07-06T21:54:14.075+0700] {processor.py:183} INFO - Processing /home/acer/.local/share/virtualenvs/custom_airflow-E5ZHcY_K/lib/python3.12/site-packages/airflow/example_dags/plugins/workday.py took 0.031 seconds
[2024-07-06T21:55:10.458+0700] {processor.py:161} INFO - Started process (PID=12342) to work on /home/acer/.local/share/virtualenvs/custom_airflow-E5ZHcY_K/lib/python3.12/site-packages/airflow/example_dags/plugins/workday.py
[2024-07-06T21:55:10.460+0700] {processor.py:830} INFO - Processing file /home/acer/.local/share/virtualenvs/custom_airflow-E5ZHcY_K/lib/python3.12/site-packages/airflow/example_dags/plugins/workday.py for tasks to queue
[2024-07-06T21:55:10.467+0700] {logging_mixin.py:188} INFO - [2024-07-06T21:55:10.466+0700] {dagbag.py:545} INFO - Filling up the DagBag from /home/acer/.local/share/virtualenvs/custom_airflow-E5ZHcY_K/lib/python3.12/site-packages/airflow/example_dags/plugins/workday.py
[2024-07-06T21:55:10.479+0700] {logging_mixin.py:188} INFO - [2024-07-06T21:55:10.477+0700] {workday.py:41} WARNING - Could not import pandas. Holidays will not be considered.
[2024-07-06T21:55:10.481+0700] {processor.py:842} WARNING - No viable dags retrieved from /home/acer/.local/share/virtualenvs/custom_airflow-E5ZHcY_K/lib/python3.12/site-packages/airflow/example_dags/plugins/workday.py
[2024-07-06T21:55:10.509+0700] {processor.py:183} INFO - Processing /home/acer/.local/share/virtualenvs/custom_airflow-E5ZHcY_K/lib/python3.12/site-packages/airflow/example_dags/plugins/workday.py took 0.067 seconds
[2024-07-06T21:56:01.420+0700] {processor.py:161} INFO - Started process (PID=12987) to work on /home/acer/.local/share/virtualenvs/custom_airflow-E5ZHcY_K/lib/python3.12/site-packages/airflow/example_dags/plugins/workday.py
[2024-07-06T21:56:01.421+0700] {processor.py:830} INFO - Processing file /home/acer/.local/share/virtualenvs/custom_airflow-E5ZHcY_K/lib/python3.12/site-packages/airflow/example_dags/plugins/workday.py for tasks to queue
[2024-07-06T21:56:01.424+0700] {logging_mixin.py:188} INFO - [2024-07-06T21:56:01.424+0700] {dagbag.py:545} INFO - Filling up the DagBag from /home/acer/.local/share/virtualenvs/custom_airflow-E5ZHcY_K/lib/python3.12/site-packages/airflow/example_dags/plugins/workday.py
[2024-07-06T21:56:01.428+0700] {logging_mixin.py:188} INFO - [2024-07-06T21:56:01.428+0700] {workday.py:41} WARNING - Could not import pandas. Holidays will not be considered.
[2024-07-06T21:56:01.428+0700] {processor.py:842} WARNING - No viable dags retrieved from /home/acer/.local/share/virtualenvs/custom_airflow-E5ZHcY_K/lib/python3.12/site-packages/airflow/example_dags/plugins/workday.py
[2024-07-06T21:56:01.442+0700] {processor.py:183} INFO - Processing /home/acer/.local/share/virtualenvs/custom_airflow-E5ZHcY_K/lib/python3.12/site-packages/airflow/example_dags/plugins/workday.py took 0.038 seconds
[2024-07-06T21:56:50.546+0700] {processor.py:161} INFO - Started process (PID=13461) to work on /home/acer/.local/share/virtualenvs/custom_airflow-E5ZHcY_K/lib/python3.12/site-packages/airflow/example_dags/plugins/workday.py
[2024-07-06T21:56:50.548+0700] {processor.py:830} INFO - Processing file /home/acer/.local/share/virtualenvs/custom_airflow-E5ZHcY_K/lib/python3.12/site-packages/airflow/example_dags/plugins/workday.py for tasks to queue
[2024-07-06T21:56:50.552+0700] {logging_mixin.py:188} INFO - [2024-07-06T21:56:50.551+0700] {dagbag.py:545} INFO - Filling up the DagBag from /home/acer/.local/share/virtualenvs/custom_airflow-E5ZHcY_K/lib/python3.12/site-packages/airflow/example_dags/plugins/workday.py
[2024-07-06T21:56:50.557+0700] {logging_mixin.py:188} INFO - [2024-07-06T21:56:50.556+0700] {workday.py:41} WARNING - Could not import pandas. Holidays will not be considered.
[2024-07-06T21:56:50.557+0700] {processor.py:842} WARNING - No viable dags retrieved from /home/acer/.local/share/virtualenvs/custom_airflow-E5ZHcY_K/lib/python3.12/site-packages/airflow/example_dags/plugins/workday.py
[2024-07-06T21:56:50.570+0700] {processor.py:183} INFO - Processing /home/acer/.local/share/virtualenvs/custom_airflow-E5ZHcY_K/lib/python3.12/site-packages/airflow/example_dags/plugins/workday.py took 0.043 seconds
[2024-07-06T21:57:41.221+0700] {processor.py:161} INFO - Started process (PID=13946) to work on /home/acer/.local/share/virtualenvs/custom_airflow-E5ZHcY_K/lib/python3.12/site-packages/airflow/example_dags/plugins/workday.py
[2024-07-06T21:57:41.223+0700] {processor.py:830} INFO - Processing file /home/acer/.local/share/virtualenvs/custom_airflow-E5ZHcY_K/lib/python3.12/site-packages/airflow/example_dags/plugins/workday.py for tasks to queue
[2024-07-06T21:57:41.228+0700] {logging_mixin.py:188} INFO - [2024-07-06T21:57:41.227+0700] {dagbag.py:545} INFO - Filling up the DagBag from /home/acer/.local/share/virtualenvs/custom_airflow-E5ZHcY_K/lib/python3.12/site-packages/airflow/example_dags/plugins/workday.py
[2024-07-06T21:57:41.233+0700] {logging_mixin.py:188} INFO - [2024-07-06T21:57:41.232+0700] {workday.py:41} WARNING - Could not import pandas. Holidays will not be considered.
[2024-07-06T21:57:41.234+0700] {processor.py:842} WARNING - No viable dags retrieved from /home/acer/.local/share/virtualenvs/custom_airflow-E5ZHcY_K/lib/python3.12/site-packages/airflow/example_dags/plugins/workday.py
[2024-07-06T21:57:41.248+0700] {processor.py:183} INFO - Processing /home/acer/.local/share/virtualenvs/custom_airflow-E5ZHcY_K/lib/python3.12/site-packages/airflow/example_dags/plugins/workday.py took 0.049 seconds
[2024-07-06T21:58:36.525+0700] {processor.py:161} INFO - Started process (PID=14240) to work on /home/acer/.local/share/virtualenvs/custom_airflow-E5ZHcY_K/lib/python3.12/site-packages/airflow/example_dags/plugins/workday.py
[2024-07-06T21:58:36.527+0700] {processor.py:830} INFO - Processing file /home/acer/.local/share/virtualenvs/custom_airflow-E5ZHcY_K/lib/python3.12/site-packages/airflow/example_dags/plugins/workday.py for tasks to queue
[2024-07-06T21:58:36.531+0700] {logging_mixin.py:188} INFO - [2024-07-06T21:58:36.530+0700] {dagbag.py:545} INFO - Filling up the DagBag from /home/acer/.local/share/virtualenvs/custom_airflow-E5ZHcY_K/lib/python3.12/site-packages/airflow/example_dags/plugins/workday.py
[2024-07-06T21:58:36.537+0700] {logging_mixin.py:188} INFO - [2024-07-06T21:58:36.536+0700] {workday.py:41} WARNING - Could not import pandas. Holidays will not be considered.
[2024-07-06T21:58:36.539+0700] {processor.py:842} WARNING - No viable dags retrieved from /home/acer/.local/share/virtualenvs/custom_airflow-E5ZHcY_K/lib/python3.12/site-packages/airflow/example_dags/plugins/workday.py
[2024-07-06T21:58:36.560+0700] {processor.py:183} INFO - Processing /home/acer/.local/share/virtualenvs/custom_airflow-E5ZHcY_K/lib/python3.12/site-packages/airflow/example_dags/plugins/workday.py took 0.047 seconds
[2024-07-06T21:59:23.565+0700] {processor.py:161} INFO - Started process (PID=14500) to work on /home/acer/.local/share/virtualenvs/custom_airflow-E5ZHcY_K/lib/python3.12/site-packages/airflow/example_dags/plugins/workday.py
[2024-07-06T21:59:23.566+0700] {processor.py:830} INFO - Processing file /home/acer/.local/share/virtualenvs/custom_airflow-E5ZHcY_K/lib/python3.12/site-packages/airflow/example_dags/plugins/workday.py for tasks to queue
[2024-07-06T21:59:23.568+0700] {logging_mixin.py:188} INFO - [2024-07-06T21:59:23.568+0700] {dagbag.py:545} INFO - Filling up the DagBag from /home/acer/.local/share/virtualenvs/custom_airflow-E5ZHcY_K/lib/python3.12/site-packages/airflow/example_dags/plugins/workday.py
[2024-07-06T21:59:23.571+0700] {logging_mixin.py:188} INFO - [2024-07-06T21:59:23.571+0700] {workday.py:41} WARNING - Could not import pandas. Holidays will not be considered.
[2024-07-06T21:59:23.572+0700] {processor.py:842} WARNING - No viable dags retrieved from /home/acer/.local/share/virtualenvs/custom_airflow-E5ZHcY_K/lib/python3.12/site-packages/airflow/example_dags/plugins/workday.py
[2024-07-06T21:59:23.581+0700] {processor.py:183} INFO - Processing /home/acer/.local/share/virtualenvs/custom_airflow-E5ZHcY_K/lib/python3.12/site-packages/airflow/example_dags/plugins/workday.py took 0.021 seconds
[2024-07-06T22:00:15.856+0700] {processor.py:161} INFO - Started process (PID=14865) to work on /home/acer/.local/share/virtualenvs/custom_airflow-E5ZHcY_K/lib/python3.12/site-packages/airflow/example_dags/plugins/workday.py
[2024-07-06T22:00:15.857+0700] {processor.py:830} INFO - Processing file /home/acer/.local/share/virtualenvs/custom_airflow-E5ZHcY_K/lib/python3.12/site-packages/airflow/example_dags/plugins/workday.py for tasks to queue
[2024-07-06T22:00:15.860+0700] {logging_mixin.py:188} INFO - [2024-07-06T22:00:15.859+0700] {dagbag.py:545} INFO - Filling up the DagBag from /home/acer/.local/share/virtualenvs/custom_airflow-E5ZHcY_K/lib/python3.12/site-packages/airflow/example_dags/plugins/workday.py
[2024-07-06T22:00:15.863+0700] {logging_mixin.py:188} INFO - [2024-07-06T22:00:15.863+0700] {workday.py:41} WARNING - Could not import pandas. Holidays will not be considered.
[2024-07-06T22:00:15.864+0700] {processor.py:842} WARNING - No viable dags retrieved from /home/acer/.local/share/virtualenvs/custom_airflow-E5ZHcY_K/lib/python3.12/site-packages/airflow/example_dags/plugins/workday.py
[2024-07-06T22:00:15.883+0700] {processor.py:183} INFO - Processing /home/acer/.local/share/virtualenvs/custom_airflow-E5ZHcY_K/lib/python3.12/site-packages/airflow/example_dags/plugins/workday.py took 0.034 seconds
[2024-07-06T22:01:07.658+0700] {processor.py:161} INFO - Started process (PID=15113) to work on /home/acer/.local/share/virtualenvs/custom_airflow-E5ZHcY_K/lib/python3.12/site-packages/airflow/example_dags/plugins/workday.py
[2024-07-06T22:01:07.660+0700] {processor.py:830} INFO - Processing file /home/acer/.local/share/virtualenvs/custom_airflow-E5ZHcY_K/lib/python3.12/site-packages/airflow/example_dags/plugins/workday.py for tasks to queue
[2024-07-06T22:01:07.662+0700] {logging_mixin.py:188} INFO - [2024-07-06T22:01:07.661+0700] {dagbag.py:545} INFO - Filling up the DagBag from /home/acer/.local/share/virtualenvs/custom_airflow-E5ZHcY_K/lib/python3.12/site-packages/airflow/example_dags/plugins/workday.py
[2024-07-06T22:01:07.666+0700] {logging_mixin.py:188} INFO - [2024-07-06T22:01:07.666+0700] {workday.py:41} WARNING - Could not import pandas. Holidays will not be considered.
[2024-07-06T22:01:07.667+0700] {processor.py:842} WARNING - No viable dags retrieved from /home/acer/.local/share/virtualenvs/custom_airflow-E5ZHcY_K/lib/python3.12/site-packages/airflow/example_dags/plugins/workday.py
[2024-07-06T22:01:07.681+0700] {processor.py:183} INFO - Processing /home/acer/.local/share/virtualenvs/custom_airflow-E5ZHcY_K/lib/python3.12/site-packages/airflow/example_dags/plugins/workday.py took 0.030 seconds
[2024-07-06T22:02:09.736+0700] {processor.py:161} INFO - Started process (PID=16006) to work on /home/acer/.local/share/virtualenvs/custom_airflow-E5ZHcY_K/lib/python3.12/site-packages/airflow/example_dags/plugins/workday.py
[2024-07-06T22:02:09.736+0700] {processor.py:830} INFO - Processing file /home/acer/.local/share/virtualenvs/custom_airflow-E5ZHcY_K/lib/python3.12/site-packages/airflow/example_dags/plugins/workday.py for tasks to queue
[2024-07-06T22:02:09.738+0700] {logging_mixin.py:188} INFO - [2024-07-06T22:02:09.738+0700] {dagbag.py:545} INFO - Filling up the DagBag from /home/acer/.local/share/virtualenvs/custom_airflow-E5ZHcY_K/lib/python3.12/site-packages/airflow/example_dags/plugins/workday.py
[2024-07-06T22:02:09.741+0700] {logging_mixin.py:188} INFO - [2024-07-06T22:02:09.740+0700] {workday.py:41} WARNING - Could not import pandas. Holidays will not be considered.
[2024-07-06T22:02:09.741+0700] {processor.py:842} WARNING - No viable dags retrieved from /home/acer/.local/share/virtualenvs/custom_airflow-E5ZHcY_K/lib/python3.12/site-packages/airflow/example_dags/plugins/workday.py
[2024-07-06T22:02:09.750+0700] {processor.py:183} INFO - Processing /home/acer/.local/share/virtualenvs/custom_airflow-E5ZHcY_K/lib/python3.12/site-packages/airflow/example_dags/plugins/workday.py took 0.020 seconds
[2024-07-06T22:02:44.926+0700] {processor.py:161} INFO - Started process (PID=16273) to work on /home/acer/.local/share/virtualenvs/custom_airflow-E5ZHcY_K/lib/python3.12/site-packages/airflow/example_dags/plugins/workday.py
[2024-07-06T22:02:44.927+0700] {processor.py:830} INFO - Processing file /home/acer/.local/share/virtualenvs/custom_airflow-E5ZHcY_K/lib/python3.12/site-packages/airflow/example_dags/plugins/workday.py for tasks to queue
[2024-07-06T22:02:44.930+0700] {logging_mixin.py:188} INFO - [2024-07-06T22:02:44.929+0700] {dagbag.py:545} INFO - Filling up the DagBag from /home/acer/.local/share/virtualenvs/custom_airflow-E5ZHcY_K/lib/python3.12/site-packages/airflow/example_dags/plugins/workday.py
[2024-07-06T22:02:44.934+0700] {logging_mixin.py:188} INFO - [2024-07-06T22:02:44.933+0700] {workday.py:41} WARNING - Could not import pandas. Holidays will not be considered.
[2024-07-06T22:02:44.934+0700] {processor.py:842} WARNING - No viable dags retrieved from /home/acer/.local/share/virtualenvs/custom_airflow-E5ZHcY_K/lib/python3.12/site-packages/airflow/example_dags/plugins/workday.py
[2024-07-06T22:02:44.945+0700] {processor.py:183} INFO - Processing /home/acer/.local/share/virtualenvs/custom_airflow-E5ZHcY_K/lib/python3.12/site-packages/airflow/example_dags/plugins/workday.py took 0.028 seconds
[2024-07-06T22:03:36.104+0700] {processor.py:161} INFO - Started process (PID=16520) to work on /home/acer/.local/share/virtualenvs/custom_airflow-E5ZHcY_K/lib/python3.12/site-packages/airflow/example_dags/plugins/workday.py
[2024-07-06T22:03:36.105+0700] {processor.py:830} INFO - Processing file /home/acer/.local/share/virtualenvs/custom_airflow-E5ZHcY_K/lib/python3.12/site-packages/airflow/example_dags/plugins/workday.py for tasks to queue
[2024-07-06T22:03:36.107+0700] {logging_mixin.py:188} INFO - [2024-07-06T22:03:36.107+0700] {dagbag.py:545} INFO - Filling up the DagBag from /home/acer/.local/share/virtualenvs/custom_airflow-E5ZHcY_K/lib/python3.12/site-packages/airflow/example_dags/plugins/workday.py
[2024-07-06T22:03:36.110+0700] {logging_mixin.py:188} INFO - [2024-07-06T22:03:36.109+0700] {workday.py:41} WARNING - Could not import pandas. Holidays will not be considered.
[2024-07-06T22:03:36.110+0700] {processor.py:842} WARNING - No viable dags retrieved from /home/acer/.local/share/virtualenvs/custom_airflow-E5ZHcY_K/lib/python3.12/site-packages/airflow/example_dags/plugins/workday.py
[2024-07-06T22:03:36.119+0700] {processor.py:183} INFO - Processing /home/acer/.local/share/virtualenvs/custom_airflow-E5ZHcY_K/lib/python3.12/site-packages/airflow/example_dags/plugins/workday.py took 0.020 seconds
[2024-07-06T22:05:03.681+0700] {processor.py:161} INFO - Started process (PID=17546) to work on /home/acer/.local/share/virtualenvs/custom_airflow-E5ZHcY_K/lib/python3.12/site-packages/airflow/example_dags/plugins/workday.py
[2024-07-06T22:05:03.683+0700] {processor.py:830} INFO - Processing file /home/acer/.local/share/virtualenvs/custom_airflow-E5ZHcY_K/lib/python3.12/site-packages/airflow/example_dags/plugins/workday.py for tasks to queue
[2024-07-06T22:05:03.687+0700] {logging_mixin.py:188} INFO - [2024-07-06T22:05:03.686+0700] {dagbag.py:545} INFO - Filling up the DagBag from /home/acer/.local/share/virtualenvs/custom_airflow-E5ZHcY_K/lib/python3.12/site-packages/airflow/example_dags/plugins/workday.py
[2024-07-06T22:05:03.692+0700] {logging_mixin.py:188} INFO - [2024-07-06T22:05:03.691+0700] {workday.py:41} WARNING - Could not import pandas. Holidays will not be considered.
[2024-07-06T22:05:03.692+0700] {processor.py:842} WARNING - No viable dags retrieved from /home/acer/.local/share/virtualenvs/custom_airflow-E5ZHcY_K/lib/python3.12/site-packages/airflow/example_dags/plugins/workday.py
[2024-07-06T22:05:03.704+0700] {processor.py:183} INFO - Processing /home/acer/.local/share/virtualenvs/custom_airflow-E5ZHcY_K/lib/python3.12/site-packages/airflow/example_dags/plugins/workday.py took 0.041 seconds
[2024-07-06T22:05:55.833+0700] {processor.py:161} INFO - Started process (PID=17816) to work on /home/acer/.local/share/virtualenvs/custom_airflow-E5ZHcY_K/lib/python3.12/site-packages/airflow/example_dags/plugins/workday.py
[2024-07-06T22:05:55.834+0700] {processor.py:830} INFO - Processing file /home/acer/.local/share/virtualenvs/custom_airflow-E5ZHcY_K/lib/python3.12/site-packages/airflow/example_dags/plugins/workday.py for tasks to queue
[2024-07-06T22:05:55.835+0700] {logging_mixin.py:188} INFO - [2024-07-06T22:05:55.835+0700] {dagbag.py:545} INFO - Filling up the DagBag from /home/acer/.local/share/virtualenvs/custom_airflow-E5ZHcY_K/lib/python3.12/site-packages/airflow/example_dags/plugins/workday.py
[2024-07-06T22:05:55.838+0700] {logging_mixin.py:188} INFO - [2024-07-06T22:05:55.838+0700] {workday.py:41} WARNING - Could not import pandas. Holidays will not be considered.
[2024-07-06T22:05:55.838+0700] {processor.py:842} WARNING - No viable dags retrieved from /home/acer/.local/share/virtualenvs/custom_airflow-E5ZHcY_K/lib/python3.12/site-packages/airflow/example_dags/plugins/workday.py
[2024-07-06T22:05:55.847+0700] {processor.py:183} INFO - Processing /home/acer/.local/share/virtualenvs/custom_airflow-E5ZHcY_K/lib/python3.12/site-packages/airflow/example_dags/plugins/workday.py took 0.020 seconds
[2024-07-06T22:06:43.651+0700] {processor.py:161} INFO - Started process (PID=18216) to work on /home/acer/.local/share/virtualenvs/custom_airflow-E5ZHcY_K/lib/python3.12/site-packages/airflow/example_dags/plugins/workday.py
[2024-07-06T22:06:43.652+0700] {processor.py:830} INFO - Processing file /home/acer/.local/share/virtualenvs/custom_airflow-E5ZHcY_K/lib/python3.12/site-packages/airflow/example_dags/plugins/workday.py for tasks to queue
[2024-07-06T22:06:43.654+0700] {logging_mixin.py:188} INFO - [2024-07-06T22:06:43.654+0700] {dagbag.py:545} INFO - Filling up the DagBag from /home/acer/.local/share/virtualenvs/custom_airflow-E5ZHcY_K/lib/python3.12/site-packages/airflow/example_dags/plugins/workday.py
[2024-07-06T22:06:43.658+0700] {logging_mixin.py:188} INFO - [2024-07-06T22:06:43.657+0700] {workday.py:41} WARNING - Could not import pandas. Holidays will not be considered.
[2024-07-06T22:06:43.658+0700] {processor.py:842} WARNING - No viable dags retrieved from /home/acer/.local/share/virtualenvs/custom_airflow-E5ZHcY_K/lib/python3.12/site-packages/airflow/example_dags/plugins/workday.py
[2024-07-06T22:06:43.673+0700] {processor.py:183} INFO - Processing /home/acer/.local/share/virtualenvs/custom_airflow-E5ZHcY_K/lib/python3.12/site-packages/airflow/example_dags/plugins/workday.py took 0.031 seconds
[2024-07-06T22:07:37.784+0700] {processor.py:161} INFO - Started process (PID=18614) to work on /home/acer/.local/share/virtualenvs/custom_airflow-E5ZHcY_K/lib/python3.12/site-packages/airflow/example_dags/plugins/workday.py
[2024-07-06T22:07:37.786+0700] {processor.py:830} INFO - Processing file /home/acer/.local/share/virtualenvs/custom_airflow-E5ZHcY_K/lib/python3.12/site-packages/airflow/example_dags/plugins/workday.py for tasks to queue
[2024-07-06T22:07:37.791+0700] {logging_mixin.py:188} INFO - [2024-07-06T22:07:37.790+0700] {dagbag.py:545} INFO - Filling up the DagBag from /home/acer/.local/share/virtualenvs/custom_airflow-E5ZHcY_K/lib/python3.12/site-packages/airflow/example_dags/plugins/workday.py
[2024-07-06T22:07:37.796+0700] {logging_mixin.py:188} INFO - [2024-07-06T22:07:37.796+0700] {workday.py:41} WARNING - Could not import pandas. Holidays will not be considered.
[2024-07-06T22:07:37.797+0700] {processor.py:842} WARNING - No viable dags retrieved from /home/acer/.local/share/virtualenvs/custom_airflow-E5ZHcY_K/lib/python3.12/site-packages/airflow/example_dags/plugins/workday.py
[2024-07-06T22:07:37.811+0700] {processor.py:183} INFO - Processing /home/acer/.local/share/virtualenvs/custom_airflow-E5ZHcY_K/lib/python3.12/site-packages/airflow/example_dags/plugins/workday.py took 0.044 seconds
[2024-07-06T22:08:33.994+0700] {processor.py:161} INFO - Started process (PID=18905) to work on /home/acer/.local/share/virtualenvs/custom_airflow-E5ZHcY_K/lib/python3.12/site-packages/airflow/example_dags/plugins/workday.py
[2024-07-06T22:08:33.998+0700] {processor.py:830} INFO - Processing file /home/acer/.local/share/virtualenvs/custom_airflow-E5ZHcY_K/lib/python3.12/site-packages/airflow/example_dags/plugins/workday.py for tasks to queue
[2024-07-06T22:08:34.004+0700] {logging_mixin.py:188} INFO - [2024-07-06T22:08:34.003+0700] {dagbag.py:545} INFO - Filling up the DagBag from /home/acer/.local/share/virtualenvs/custom_airflow-E5ZHcY_K/lib/python3.12/site-packages/airflow/example_dags/plugins/workday.py
[2024-07-06T22:08:34.015+0700] {logging_mixin.py:188} INFO - [2024-07-06T22:08:34.014+0700] {workday.py:41} WARNING - Could not import pandas. Holidays will not be considered.
[2024-07-06T22:08:34.017+0700] {processor.py:842} WARNING - No viable dags retrieved from /home/acer/.local/share/virtualenvs/custom_airflow-E5ZHcY_K/lib/python3.12/site-packages/airflow/example_dags/plugins/workday.py
[2024-07-06T22:08:34.047+0700] {processor.py:183} INFO - Processing /home/acer/.local/share/virtualenvs/custom_airflow-E5ZHcY_K/lib/python3.12/site-packages/airflow/example_dags/plugins/workday.py took 0.072 seconds
[2024-07-06T22:09:27.922+0700] {processor.py:161} INFO - Started process (PID=19200) to work on /home/acer/.local/share/virtualenvs/custom_airflow-E5ZHcY_K/lib/python3.12/site-packages/airflow/example_dags/plugins/workday.py
[2024-07-06T22:09:27.924+0700] {processor.py:830} INFO - Processing file /home/acer/.local/share/virtualenvs/custom_airflow-E5ZHcY_K/lib/python3.12/site-packages/airflow/example_dags/plugins/workday.py for tasks to queue
[2024-07-06T22:09:27.927+0700] {logging_mixin.py:188} INFO - [2024-07-06T22:09:27.927+0700] {dagbag.py:545} INFO - Filling up the DagBag from /home/acer/.local/share/virtualenvs/custom_airflow-E5ZHcY_K/lib/python3.12/site-packages/airflow/example_dags/plugins/workday.py
[2024-07-06T22:09:27.932+0700] {logging_mixin.py:188} INFO - [2024-07-06T22:09:27.932+0700] {workday.py:41} WARNING - Could not import pandas. Holidays will not be considered.
[2024-07-06T22:09:27.933+0700] {processor.py:842} WARNING - No viable dags retrieved from /home/acer/.local/share/virtualenvs/custom_airflow-E5ZHcY_K/lib/python3.12/site-packages/airflow/example_dags/plugins/workday.py
[2024-07-06T22:09:27.952+0700] {processor.py:183} INFO - Processing /home/acer/.local/share/virtualenvs/custom_airflow-E5ZHcY_K/lib/python3.12/site-packages/airflow/example_dags/plugins/workday.py took 0.039 seconds
[2024-07-06T22:10:33.214+0700] {processor.py:161} INFO - Started process (PID=19578) to work on /home/acer/.local/share/virtualenvs/custom_airflow-E5ZHcY_K/lib/python3.12/site-packages/airflow/example_dags/plugins/workday.py
[2024-07-06T22:10:33.216+0700] {processor.py:830} INFO - Processing file /home/acer/.local/share/virtualenvs/custom_airflow-E5ZHcY_K/lib/python3.12/site-packages/airflow/example_dags/plugins/workday.py for tasks to queue
[2024-07-06T22:10:33.220+0700] {logging_mixin.py:188} INFO - [2024-07-06T22:10:33.219+0700] {dagbag.py:545} INFO - Filling up the DagBag from /home/acer/.local/share/virtualenvs/custom_airflow-E5ZHcY_K/lib/python3.12/site-packages/airflow/example_dags/plugins/workday.py
[2024-07-06T22:10:33.224+0700] {logging_mixin.py:188} INFO - [2024-07-06T22:10:33.224+0700] {workday.py:41} WARNING - Could not import pandas. Holidays will not be considered.
[2024-07-06T22:10:33.225+0700] {processor.py:842} WARNING - No viable dags retrieved from /home/acer/.local/share/virtualenvs/custom_airflow-E5ZHcY_K/lib/python3.12/site-packages/airflow/example_dags/plugins/workday.py
[2024-07-06T22:10:33.236+0700] {processor.py:183} INFO - Processing /home/acer/.local/share/virtualenvs/custom_airflow-E5ZHcY_K/lib/python3.12/site-packages/airflow/example_dags/plugins/workday.py took 0.038 seconds
[2024-07-06T22:11:36.491+0700] {processor.py:161} INFO - Started process (PID=19923) to work on /home/acer/.local/share/virtualenvs/custom_airflow-E5ZHcY_K/lib/python3.12/site-packages/airflow/example_dags/plugins/workday.py
[2024-07-06T22:11:36.493+0700] {processor.py:830} INFO - Processing file /home/acer/.local/share/virtualenvs/custom_airflow-E5ZHcY_K/lib/python3.12/site-packages/airflow/example_dags/plugins/workday.py for tasks to queue
[2024-07-06T22:11:36.496+0700] {logging_mixin.py:188} INFO - [2024-07-06T22:11:36.495+0700] {dagbag.py:545} INFO - Filling up the DagBag from /home/acer/.local/share/virtualenvs/custom_airflow-E5ZHcY_K/lib/python3.12/site-packages/airflow/example_dags/plugins/workday.py
[2024-07-06T22:11:36.501+0700] {logging_mixin.py:188} INFO - [2024-07-06T22:11:36.500+0700] {workday.py:41} WARNING - Could not import pandas. Holidays will not be considered.
[2024-07-06T22:11:36.501+0700] {processor.py:842} WARNING - No viable dags retrieved from /home/acer/.local/share/virtualenvs/custom_airflow-E5ZHcY_K/lib/python3.12/site-packages/airflow/example_dags/plugins/workday.py
[2024-07-06T22:11:36.529+0700] {processor.py:183} INFO - Processing /home/acer/.local/share/virtualenvs/custom_airflow-E5ZHcY_K/lib/python3.12/site-packages/airflow/example_dags/plugins/workday.py took 0.047 seconds
[2024-07-06T22:12:36.518+0700] {processor.py:161} INFO - Started process (PID=20236) to work on /home/acer/.local/share/virtualenvs/custom_airflow-E5ZHcY_K/lib/python3.12/site-packages/airflow/example_dags/plugins/workday.py
[2024-07-06T22:12:36.519+0700] {processor.py:830} INFO - Processing file /home/acer/.local/share/virtualenvs/custom_airflow-E5ZHcY_K/lib/python3.12/site-packages/airflow/example_dags/plugins/workday.py for tasks to queue
[2024-07-06T22:12:36.521+0700] {logging_mixin.py:188} INFO - [2024-07-06T22:12:36.521+0700] {dagbag.py:545} INFO - Filling up the DagBag from /home/acer/.local/share/virtualenvs/custom_airflow-E5ZHcY_K/lib/python3.12/site-packages/airflow/example_dags/plugins/workday.py
[2024-07-06T22:12:36.526+0700] {logging_mixin.py:188} INFO - [2024-07-06T22:12:36.526+0700] {workday.py:41} WARNING - Could not import pandas. Holidays will not be considered.
[2024-07-06T22:12:36.527+0700] {processor.py:842} WARNING - No viable dags retrieved from /home/acer/.local/share/virtualenvs/custom_airflow-E5ZHcY_K/lib/python3.12/site-packages/airflow/example_dags/plugins/workday.py
[2024-07-06T22:12:36.538+0700] {processor.py:183} INFO - Processing /home/acer/.local/share/virtualenvs/custom_airflow-E5ZHcY_K/lib/python3.12/site-packages/airflow/example_dags/plugins/workday.py took 0.028 seconds
[2024-07-06T22:13:34.971+0700] {processor.py:161} INFO - Started process (PID=20610) to work on /home/acer/.local/share/virtualenvs/custom_airflow-E5ZHcY_K/lib/python3.12/site-packages/airflow/example_dags/plugins/workday.py
[2024-07-06T22:13:34.973+0700] {processor.py:830} INFO - Processing file /home/acer/.local/share/virtualenvs/custom_airflow-E5ZHcY_K/lib/python3.12/site-packages/airflow/example_dags/plugins/workday.py for tasks to queue
[2024-07-06T22:13:34.975+0700] {logging_mixin.py:188} INFO - [2024-07-06T22:13:34.975+0700] {dagbag.py:545} INFO - Filling up the DagBag from /home/acer/.local/share/virtualenvs/custom_airflow-E5ZHcY_K/lib/python3.12/site-packages/airflow/example_dags/plugins/workday.py
[2024-07-06T22:13:34.979+0700] {logging_mixin.py:188} INFO - [2024-07-06T22:13:34.979+0700] {workday.py:41} WARNING - Could not import pandas. Holidays will not be considered.
[2024-07-06T22:13:34.981+0700] {processor.py:842} WARNING - No viable dags retrieved from /home/acer/.local/share/virtualenvs/custom_airflow-E5ZHcY_K/lib/python3.12/site-packages/airflow/example_dags/plugins/workday.py
[2024-07-06T22:13:35.001+0700] {processor.py:183} INFO - Processing /home/acer/.local/share/virtualenvs/custom_airflow-E5ZHcY_K/lib/python3.12/site-packages/airflow/example_dags/plugins/workday.py took 0.041 seconds
[2024-07-06T22:14:33.656+0700] {processor.py:161} INFO - Started process (PID=20943) to work on /home/acer/.local/share/virtualenvs/custom_airflow-E5ZHcY_K/lib/python3.12/site-packages/airflow/example_dags/plugins/workday.py
[2024-07-06T22:14:33.659+0700] {processor.py:830} INFO - Processing file /home/acer/.local/share/virtualenvs/custom_airflow-E5ZHcY_K/lib/python3.12/site-packages/airflow/example_dags/plugins/workday.py for tasks to queue
[2024-07-06T22:14:33.662+0700] {logging_mixin.py:188} INFO - [2024-07-06T22:14:33.661+0700] {dagbag.py:545} INFO - Filling up the DagBag from /home/acer/.local/share/virtualenvs/custom_airflow-E5ZHcY_K/lib/python3.12/site-packages/airflow/example_dags/plugins/workday.py
[2024-07-06T22:14:33.666+0700] {logging_mixin.py:188} INFO - [2024-07-06T22:14:33.665+0700] {workday.py:41} WARNING - Could not import pandas. Holidays will not be considered.
[2024-07-06T22:14:33.667+0700] {processor.py:842} WARNING - No viable dags retrieved from /home/acer/.local/share/virtualenvs/custom_airflow-E5ZHcY_K/lib/python3.12/site-packages/airflow/example_dags/plugins/workday.py
[2024-07-06T22:14:33.681+0700] {processor.py:183} INFO - Processing /home/acer/.local/share/virtualenvs/custom_airflow-E5ZHcY_K/lib/python3.12/site-packages/airflow/example_dags/plugins/workday.py took 0.031 seconds
[2024-07-06T22:15:07.435+0700] {processor.py:161} INFO - Started process (PID=21104) to work on /home/acer/.local/share/virtualenvs/custom_airflow-E5ZHcY_K/lib/python3.12/site-packages/airflow/example_dags/plugins/workday.py
[2024-07-06T22:15:07.437+0700] {processor.py:830} INFO - Processing file /home/acer/.local/share/virtualenvs/custom_airflow-E5ZHcY_K/lib/python3.12/site-packages/airflow/example_dags/plugins/workday.py for tasks to queue
[2024-07-06T22:15:07.441+0700] {logging_mixin.py:188} INFO - [2024-07-06T22:15:07.440+0700] {dagbag.py:545} INFO - Filling up the DagBag from /home/acer/.local/share/virtualenvs/custom_airflow-E5ZHcY_K/lib/python3.12/site-packages/airflow/example_dags/plugins/workday.py
[2024-07-06T22:15:07.447+0700] {logging_mixin.py:188} INFO - [2024-07-06T22:15:07.446+0700] {workday.py:41} WARNING - Could not import pandas. Holidays will not be considered.
[2024-07-06T22:15:07.448+0700] {processor.py:842} WARNING - No viable dags retrieved from /home/acer/.local/share/virtualenvs/custom_airflow-E5ZHcY_K/lib/python3.12/site-packages/airflow/example_dags/plugins/workday.py
[2024-07-06T22:15:07.467+0700] {processor.py:183} INFO - Processing /home/acer/.local/share/virtualenvs/custom_airflow-E5ZHcY_K/lib/python3.12/site-packages/airflow/example_dags/plugins/workday.py took 0.042 seconds
[2024-07-06T22:16:07.976+0700] {processor.py:161} INFO - Started process (PID=21484) to work on /home/acer/.local/share/virtualenvs/custom_airflow-E5ZHcY_K/lib/python3.12/site-packages/airflow/example_dags/plugins/workday.py
[2024-07-06T22:16:07.977+0700] {processor.py:830} INFO - Processing file /home/acer/.local/share/virtualenvs/custom_airflow-E5ZHcY_K/lib/python3.12/site-packages/airflow/example_dags/plugins/workday.py for tasks to queue
[2024-07-06T22:16:07.981+0700] {logging_mixin.py:188} INFO - [2024-07-06T22:16:07.980+0700] {dagbag.py:545} INFO - Filling up the DagBag from /home/acer/.local/share/virtualenvs/custom_airflow-E5ZHcY_K/lib/python3.12/site-packages/airflow/example_dags/plugins/workday.py
[2024-07-06T22:16:07.986+0700] {logging_mixin.py:188} INFO - [2024-07-06T22:16:07.986+0700] {workday.py:41} WARNING - Could not import pandas. Holidays will not be considered.
[2024-07-06T22:16:07.988+0700] {processor.py:842} WARNING - No viable dags retrieved from /home/acer/.local/share/virtualenvs/custom_airflow-E5ZHcY_K/lib/python3.12/site-packages/airflow/example_dags/plugins/workday.py
[2024-07-06T22:16:08.002+0700] {processor.py:183} INFO - Processing /home/acer/.local/share/virtualenvs/custom_airflow-E5ZHcY_K/lib/python3.12/site-packages/airflow/example_dags/plugins/workday.py took 0.034 seconds
[2024-07-06T22:17:01.877+0700] {processor.py:161} INFO - Started process (PID=21769) to work on /home/acer/.local/share/virtualenvs/custom_airflow-E5ZHcY_K/lib/python3.12/site-packages/airflow/example_dags/plugins/workday.py
[2024-07-06T22:17:01.881+0700] {processor.py:830} INFO - Processing file /home/acer/.local/share/virtualenvs/custom_airflow-E5ZHcY_K/lib/python3.12/site-packages/airflow/example_dags/plugins/workday.py for tasks to queue
[2024-07-06T22:17:01.885+0700] {logging_mixin.py:188} INFO - [2024-07-06T22:17:01.884+0700] {dagbag.py:545} INFO - Filling up the DagBag from /home/acer/.local/share/virtualenvs/custom_airflow-E5ZHcY_K/lib/python3.12/site-packages/airflow/example_dags/plugins/workday.py
[2024-07-06T22:17:01.891+0700] {logging_mixin.py:188} INFO - [2024-07-06T22:17:01.891+0700] {workday.py:41} WARNING - Could not import pandas. Holidays will not be considered.
[2024-07-06T22:17:01.892+0700] {processor.py:842} WARNING - No viable dags retrieved from /home/acer/.local/share/virtualenvs/custom_airflow-E5ZHcY_K/lib/python3.12/site-packages/airflow/example_dags/plugins/workday.py
[2024-07-06T22:17:01.907+0700] {processor.py:183} INFO - Processing /home/acer/.local/share/virtualenvs/custom_airflow-E5ZHcY_K/lib/python3.12/site-packages/airflow/example_dags/plugins/workday.py took 0.055 seconds
[2024-07-06T22:18:04.467+0700] {processor.py:161} INFO - Started process (PID=22114) to work on /home/acer/.local/share/virtualenvs/custom_airflow-E5ZHcY_K/lib/python3.12/site-packages/airflow/example_dags/plugins/workday.py
[2024-07-06T22:18:04.469+0700] {processor.py:830} INFO - Processing file /home/acer/.local/share/virtualenvs/custom_airflow-E5ZHcY_K/lib/python3.12/site-packages/airflow/example_dags/plugins/workday.py for tasks to queue
[2024-07-06T22:18:04.471+0700] {logging_mixin.py:188} INFO - [2024-07-06T22:18:04.470+0700] {dagbag.py:545} INFO - Filling up the DagBag from /home/acer/.local/share/virtualenvs/custom_airflow-E5ZHcY_K/lib/python3.12/site-packages/airflow/example_dags/plugins/workday.py
[2024-07-06T22:18:04.474+0700] {logging_mixin.py:188} INFO - [2024-07-06T22:18:04.474+0700] {workday.py:41} WARNING - Could not import pandas. Holidays will not be considered.
[2024-07-06T22:18:04.475+0700] {processor.py:842} WARNING - No viable dags retrieved from /home/acer/.local/share/virtualenvs/custom_airflow-E5ZHcY_K/lib/python3.12/site-packages/airflow/example_dags/plugins/workday.py
[2024-07-06T22:18:04.486+0700] {processor.py:183} INFO - Processing /home/acer/.local/share/virtualenvs/custom_airflow-E5ZHcY_K/lib/python3.12/site-packages/airflow/example_dags/plugins/workday.py took 0.028 seconds
[2024-07-06T22:19:07.330+0700] {processor.py:161} INFO - Started process (PID=22434) to work on /home/acer/.local/share/virtualenvs/custom_airflow-E5ZHcY_K/lib/python3.12/site-packages/airflow/example_dags/plugins/workday.py
[2024-07-06T22:19:07.332+0700] {processor.py:830} INFO - Processing file /home/acer/.local/share/virtualenvs/custom_airflow-E5ZHcY_K/lib/python3.12/site-packages/airflow/example_dags/plugins/workday.py for tasks to queue
[2024-07-06T22:19:07.334+0700] {logging_mixin.py:188} INFO - [2024-07-06T22:19:07.334+0700] {dagbag.py:545} INFO - Filling up the DagBag from /home/acer/.local/share/virtualenvs/custom_airflow-E5ZHcY_K/lib/python3.12/site-packages/airflow/example_dags/plugins/workday.py
[2024-07-06T22:19:07.337+0700] {logging_mixin.py:188} INFO - [2024-07-06T22:19:07.337+0700] {workday.py:41} WARNING - Could not import pandas. Holidays will not be considered.
[2024-07-06T22:19:07.338+0700] {processor.py:842} WARNING - No viable dags retrieved from /home/acer/.local/share/virtualenvs/custom_airflow-E5ZHcY_K/lib/python3.12/site-packages/airflow/example_dags/plugins/workday.py
[2024-07-06T22:19:07.351+0700] {processor.py:183} INFO - Processing /home/acer/.local/share/virtualenvs/custom_airflow-E5ZHcY_K/lib/python3.12/site-packages/airflow/example_dags/plugins/workday.py took 0.033 seconds
[2024-07-06T22:20:09.487+0700] {processor.py:161} INFO - Started process (PID=22780) to work on /home/acer/.local/share/virtualenvs/custom_airflow-E5ZHcY_K/lib/python3.12/site-packages/airflow/example_dags/plugins/workday.py
[2024-07-06T22:20:09.488+0700] {processor.py:830} INFO - Processing file /home/acer/.local/share/virtualenvs/custom_airflow-E5ZHcY_K/lib/python3.12/site-packages/airflow/example_dags/plugins/workday.py for tasks to queue
[2024-07-06T22:20:09.490+0700] {logging_mixin.py:188} INFO - [2024-07-06T22:20:09.490+0700] {dagbag.py:545} INFO - Filling up the DagBag from /home/acer/.local/share/virtualenvs/custom_airflow-E5ZHcY_K/lib/python3.12/site-packages/airflow/example_dags/plugins/workday.py
[2024-07-06T22:20:09.494+0700] {logging_mixin.py:188} INFO - [2024-07-06T22:20:09.493+0700] {workday.py:41} WARNING - Could not import pandas. Holidays will not be considered.
[2024-07-06T22:20:09.494+0700] {processor.py:842} WARNING - No viable dags retrieved from /home/acer/.local/share/virtualenvs/custom_airflow-E5ZHcY_K/lib/python3.12/site-packages/airflow/example_dags/plugins/workday.py
[2024-07-06T22:20:09.506+0700] {processor.py:183} INFO - Processing /home/acer/.local/share/virtualenvs/custom_airflow-E5ZHcY_K/lib/python3.12/site-packages/airflow/example_dags/plugins/workday.py took 0.030 seconds
[2024-07-06T22:21:09.343+0700] {processor.py:161} INFO - Started process (PID=23087) to work on /home/acer/.local/share/virtualenvs/custom_airflow-E5ZHcY_K/lib/python3.12/site-packages/airflow/example_dags/plugins/workday.py
[2024-07-06T22:21:09.345+0700] {processor.py:830} INFO - Processing file /home/acer/.local/share/virtualenvs/custom_airflow-E5ZHcY_K/lib/python3.12/site-packages/airflow/example_dags/plugins/workday.py for tasks to queue
[2024-07-06T22:21:09.347+0700] {logging_mixin.py:188} INFO - [2024-07-06T22:21:09.347+0700] {dagbag.py:545} INFO - Filling up the DagBag from /home/acer/.local/share/virtualenvs/custom_airflow-E5ZHcY_K/lib/python3.12/site-packages/airflow/example_dags/plugins/workday.py
[2024-07-06T22:21:09.350+0700] {logging_mixin.py:188} INFO - [2024-07-06T22:21:09.350+0700] {workday.py:41} WARNING - Could not import pandas. Holidays will not be considered.
[2024-07-06T22:21:09.350+0700] {processor.py:842} WARNING - No viable dags retrieved from /home/acer/.local/share/virtualenvs/custom_airflow-E5ZHcY_K/lib/python3.12/site-packages/airflow/example_dags/plugins/workday.py
[2024-07-06T22:21:09.362+0700] {processor.py:183} INFO - Processing /home/acer/.local/share/virtualenvs/custom_airflow-E5ZHcY_K/lib/python3.12/site-packages/airflow/example_dags/plugins/workday.py took 0.027 seconds
