[2024-07-06T16:08:36.498+0700] {processor.py:161} INFO - Started process (PID=51020) to work on /home/acer/.local/share/virtualenvs/custom_airflow-E5ZHcY_K/lib/python3.12/site-packages/airflow/example_dags/subdags/subdag.py
[2024-07-06T16:08:36.498+0700] {processor.py:830} INFO - Processing file /home/acer/.local/share/virtualenvs/custom_airflow-E5ZHcY_K/lib/python3.12/site-packages/airflow/example_dags/subdags/subdag.py for tasks to queue
[2024-07-06T16:08:36.500+0700] {logging_mixin.py:188} INFO - [2024-07-06T16:08:36.500+0700] {dagbag.py:545} INFO - Filling up the DagBag from /home/acer/.local/share/virtualenvs/custom_airflow-E5ZHcY_K/lib/python3.12/site-packages/airflow/example_dags/subdags/subdag.py
[2024-07-06T16:08:36.503+0700] {processor.py:842} WARNING - No viable dags retrieved from /home/acer/.local/share/virtualenvs/custom_airflow-E5ZHcY_K/lib/python3.12/site-packages/airflow/example_dags/subdags/subdag.py
[2024-07-06T16:08:36.516+0700] {processor.py:183} INFO - Processing /home/acer/.local/share/virtualenvs/custom_airflow-E5ZHcY_K/lib/python3.12/site-packages/airflow/example_dags/subdags/subdag.py took 0.024 seconds
[2024-07-06T16:09:39.021+0700] {processor.py:161} INFO - Started process (PID=51520) to work on /home/acer/.local/share/virtualenvs/custom_airflow-E5ZHcY_K/lib/python3.12/site-packages/airflow/example_dags/subdags/subdag.py
[2024-07-06T16:09:39.024+0700] {processor.py:830} INFO - Processing file /home/acer/.local/share/virtualenvs/custom_airflow-E5ZHcY_K/lib/python3.12/site-packages/airflow/example_dags/subdags/subdag.py for tasks to queue
[2024-07-06T16:09:39.031+0700] {logging_mixin.py:188} INFO - [2024-07-06T16:09:39.029+0700] {dagbag.py:545} INFO - Filling up the DagBag from /home/acer/.local/share/virtualenvs/custom_airflow-E5ZHcY_K/lib/python3.12/site-packages/airflow/example_dags/subdags/subdag.py
[2024-07-06T16:09:39.036+0700] {processor.py:842} WARNING - No viable dags retrieved from /home/acer/.local/share/virtualenvs/custom_airflow-E5ZHcY_K/lib/python3.12/site-packages/airflow/example_dags/subdags/subdag.py
[2024-07-06T16:09:39.050+0700] {processor.py:183} INFO - Processing /home/acer/.local/share/virtualenvs/custom_airflow-E5ZHcY_K/lib/python3.12/site-packages/airflow/example_dags/subdags/subdag.py took 0.048 seconds
[2024-07-06T16:10:30.605+0700] {processor.py:161} INFO - Started process (PID=51920) to work on /home/acer/.local/share/virtualenvs/custom_airflow-E5ZHcY_K/lib/python3.12/site-packages/airflow/example_dags/subdags/subdag.py
[2024-07-06T16:10:30.606+0700] {processor.py:830} INFO - Processing file /home/acer/.local/share/virtualenvs/custom_airflow-E5ZHcY_K/lib/python3.12/site-packages/airflow/example_dags/subdags/subdag.py for tasks to queue
[2024-07-06T16:10:30.607+0700] {logging_mixin.py:188} INFO - [2024-07-06T16:10:30.607+0700] {dagbag.py:545} INFO - Filling up the DagBag from /home/acer/.local/share/virtualenvs/custom_airflow-E5ZHcY_K/lib/python3.12/site-packages/airflow/example_dags/subdags/subdag.py
[2024-07-06T16:10:30.610+0700] {processor.py:842} WARNING - No viable dags retrieved from /home/acer/.local/share/virtualenvs/custom_airflow-E5ZHcY_K/lib/python3.12/site-packages/airflow/example_dags/subdags/subdag.py
[2024-07-06T16:10:30.623+0700] {processor.py:183} INFO - Processing /home/acer/.local/share/virtualenvs/custom_airflow-E5ZHcY_K/lib/python3.12/site-packages/airflow/example_dags/subdags/subdag.py took 0.026 seconds
[2024-07-06T16:11:27.177+0700] {processor.py:161} INFO - Started process (PID=52455) to work on /home/acer/.local/share/virtualenvs/custom_airflow-E5ZHcY_K/lib/python3.12/site-packages/airflow/example_dags/subdags/subdag.py
[2024-07-06T16:11:27.178+0700] {processor.py:830} INFO - Processing file /home/acer/.local/share/virtualenvs/custom_airflow-E5ZHcY_K/lib/python3.12/site-packages/airflow/example_dags/subdags/subdag.py for tasks to queue
[2024-07-06T16:11:27.179+0700] {logging_mixin.py:188} INFO - [2024-07-06T16:11:27.179+0700] {dagbag.py:545} INFO - Filling up the DagBag from /home/acer/.local/share/virtualenvs/custom_airflow-E5ZHcY_K/lib/python3.12/site-packages/airflow/example_dags/subdags/subdag.py
[2024-07-06T16:11:27.181+0700] {processor.py:842} WARNING - No viable dags retrieved from /home/acer/.local/share/virtualenvs/custom_airflow-E5ZHcY_K/lib/python3.12/site-packages/airflow/example_dags/subdags/subdag.py
[2024-07-06T16:11:27.191+0700] {processor.py:183} INFO - Processing /home/acer/.local/share/virtualenvs/custom_airflow-E5ZHcY_K/lib/python3.12/site-packages/airflow/example_dags/subdags/subdag.py took 0.018 seconds
[2024-07-06T16:15:26.347+0700] {processor.py:161} INFO - Started process (PID=54473) to work on /home/acer/.local/share/virtualenvs/custom_airflow-E5ZHcY_K/lib/python3.12/site-packages/airflow/example_dags/subdags/subdag.py
[2024-07-06T16:15:26.349+0700] {processor.py:830} INFO - Processing file /home/acer/.local/share/virtualenvs/custom_airflow-E5ZHcY_K/lib/python3.12/site-packages/airflow/example_dags/subdags/subdag.py for tasks to queue
[2024-07-06T16:15:26.352+0700] {logging_mixin.py:188} INFO - [2024-07-06T16:15:26.351+0700] {dagbag.py:545} INFO - Filling up the DagBag from /home/acer/.local/share/virtualenvs/custom_airflow-E5ZHcY_K/lib/python3.12/site-packages/airflow/example_dags/subdags/subdag.py
[2024-07-06T16:15:26.356+0700] {processor.py:842} WARNING - No viable dags retrieved from /home/acer/.local/share/virtualenvs/custom_airflow-E5ZHcY_K/lib/python3.12/site-packages/airflow/example_dags/subdags/subdag.py
[2024-07-06T16:15:26.368+0700] {processor.py:183} INFO - Processing /home/acer/.local/share/virtualenvs/custom_airflow-E5ZHcY_K/lib/python3.12/site-packages/airflow/example_dags/subdags/subdag.py took 0.034 seconds
[2024-07-06T16:16:28.745+0700] {processor.py:161} INFO - Started process (PID=55227) to work on /home/acer/.local/share/virtualenvs/custom_airflow-E5ZHcY_K/lib/python3.12/site-packages/airflow/example_dags/subdags/subdag.py
[2024-07-06T16:16:28.748+0700] {processor.py:830} INFO - Processing file /home/acer/.local/share/virtualenvs/custom_airflow-E5ZHcY_K/lib/python3.12/site-packages/airflow/example_dags/subdags/subdag.py for tasks to queue
[2024-07-06T16:16:28.751+0700] {logging_mixin.py:188} INFO - [2024-07-06T16:16:28.750+0700] {dagbag.py:545} INFO - Filling up the DagBag from /home/acer/.local/share/virtualenvs/custom_airflow-E5ZHcY_K/lib/python3.12/site-packages/airflow/example_dags/subdags/subdag.py
[2024-07-06T16:16:28.756+0700] {processor.py:842} WARNING - No viable dags retrieved from /home/acer/.local/share/virtualenvs/custom_airflow-E5ZHcY_K/lib/python3.12/site-packages/airflow/example_dags/subdags/subdag.py
[2024-07-06T16:16:28.774+0700] {processor.py:183} INFO - Processing /home/acer/.local/share/virtualenvs/custom_airflow-E5ZHcY_K/lib/python3.12/site-packages/airflow/example_dags/subdags/subdag.py took 0.050 seconds
[2024-07-06T16:17:22.962+0700] {processor.py:161} INFO - Started process (PID=55676) to work on /home/acer/.local/share/virtualenvs/custom_airflow-E5ZHcY_K/lib/python3.12/site-packages/airflow/example_dags/subdags/subdag.py
[2024-07-06T16:17:22.965+0700] {processor.py:830} INFO - Processing file /home/acer/.local/share/virtualenvs/custom_airflow-E5ZHcY_K/lib/python3.12/site-packages/airflow/example_dags/subdags/subdag.py for tasks to queue
[2024-07-06T16:17:22.969+0700] {logging_mixin.py:188} INFO - [2024-07-06T16:17:22.968+0700] {dagbag.py:545} INFO - Filling up the DagBag from /home/acer/.local/share/virtualenvs/custom_airflow-E5ZHcY_K/lib/python3.12/site-packages/airflow/example_dags/subdags/subdag.py
[2024-07-06T16:17:22.973+0700] {processor.py:842} WARNING - No viable dags retrieved from /home/acer/.local/share/virtualenvs/custom_airflow-E5ZHcY_K/lib/python3.12/site-packages/airflow/example_dags/subdags/subdag.py
[2024-07-06T16:17:22.987+0700] {processor.py:183} INFO - Processing /home/acer/.local/share/virtualenvs/custom_airflow-E5ZHcY_K/lib/python3.12/site-packages/airflow/example_dags/subdags/subdag.py took 0.044 seconds
[2024-07-06T16:18:09.475+0700] {processor.py:161} INFO - Started process (PID=55916) to work on /home/acer/.local/share/virtualenvs/custom_airflow-E5ZHcY_K/lib/python3.12/site-packages/airflow/example_dags/subdags/subdag.py
[2024-07-06T16:18:09.476+0700] {processor.py:830} INFO - Processing file /home/acer/.local/share/virtualenvs/custom_airflow-E5ZHcY_K/lib/python3.12/site-packages/airflow/example_dags/subdags/subdag.py for tasks to queue
[2024-07-06T16:18:09.478+0700] {logging_mixin.py:188} INFO - [2024-07-06T16:18:09.477+0700] {dagbag.py:545} INFO - Filling up the DagBag from /home/acer/.local/share/virtualenvs/custom_airflow-E5ZHcY_K/lib/python3.12/site-packages/airflow/example_dags/subdags/subdag.py
[2024-07-06T16:18:09.480+0700] {processor.py:842} WARNING - No viable dags retrieved from /home/acer/.local/share/virtualenvs/custom_airflow-E5ZHcY_K/lib/python3.12/site-packages/airflow/example_dags/subdags/subdag.py
[2024-07-06T16:18:09.490+0700] {processor.py:183} INFO - Processing /home/acer/.local/share/virtualenvs/custom_airflow-E5ZHcY_K/lib/python3.12/site-packages/airflow/example_dags/subdags/subdag.py took 0.024 seconds
[2024-07-06T16:18:57.601+0700] {processor.py:161} INFO - Started process (PID=56142) to work on /home/acer/.local/share/virtualenvs/custom_airflow-E5ZHcY_K/lib/python3.12/site-packages/airflow/example_dags/subdags/subdag.py
[2024-07-06T16:18:57.603+0700] {processor.py:830} INFO - Processing file /home/acer/.local/share/virtualenvs/custom_airflow-E5ZHcY_K/lib/python3.12/site-packages/airflow/example_dags/subdags/subdag.py for tasks to queue
[2024-07-06T16:18:57.606+0700] {logging_mixin.py:188} INFO - [2024-07-06T16:18:57.606+0700] {dagbag.py:545} INFO - Filling up the DagBag from /home/acer/.local/share/virtualenvs/custom_airflow-E5ZHcY_K/lib/python3.12/site-packages/airflow/example_dags/subdags/subdag.py
[2024-07-06T16:18:57.610+0700] {processor.py:842} WARNING - No viable dags retrieved from /home/acer/.local/share/virtualenvs/custom_airflow-E5ZHcY_K/lib/python3.12/site-packages/airflow/example_dags/subdags/subdag.py
[2024-07-06T16:18:57.622+0700] {processor.py:183} INFO - Processing /home/acer/.local/share/virtualenvs/custom_airflow-E5ZHcY_K/lib/python3.12/site-packages/airflow/example_dags/subdags/subdag.py took 0.040 seconds
[2024-07-06T16:19:56.573+0700] {processor.py:161} INFO - Started process (PID=56859) to work on /home/acer/.local/share/virtualenvs/custom_airflow-E5ZHcY_K/lib/python3.12/site-packages/airflow/example_dags/subdags/subdag.py
[2024-07-06T16:19:56.574+0700] {processor.py:830} INFO - Processing file /home/acer/.local/share/virtualenvs/custom_airflow-E5ZHcY_K/lib/python3.12/site-packages/airflow/example_dags/subdags/subdag.py for tasks to queue
[2024-07-06T16:19:56.576+0700] {logging_mixin.py:188} INFO - [2024-07-06T16:19:56.576+0700] {dagbag.py:545} INFO - Filling up the DagBag from /home/acer/.local/share/virtualenvs/custom_airflow-E5ZHcY_K/lib/python3.12/site-packages/airflow/example_dags/subdags/subdag.py
[2024-07-06T16:19:56.579+0700] {processor.py:842} WARNING - No viable dags retrieved from /home/acer/.local/share/virtualenvs/custom_airflow-E5ZHcY_K/lib/python3.12/site-packages/airflow/example_dags/subdags/subdag.py
[2024-07-06T16:19:56.591+0700] {processor.py:183} INFO - Processing /home/acer/.local/share/virtualenvs/custom_airflow-E5ZHcY_K/lib/python3.12/site-packages/airflow/example_dags/subdags/subdag.py took 0.030 seconds
[2024-07-06T16:20:27.574+0700] {processor.py:161} INFO - Started process (PID=57106) to work on /home/acer/.local/share/virtualenvs/custom_airflow-E5ZHcY_K/lib/python3.12/site-packages/airflow/example_dags/subdags/subdag.py
[2024-07-06T16:20:27.576+0700] {processor.py:830} INFO - Processing file /home/acer/.local/share/virtualenvs/custom_airflow-E5ZHcY_K/lib/python3.12/site-packages/airflow/example_dags/subdags/subdag.py for tasks to queue
[2024-07-06T16:20:27.581+0700] {logging_mixin.py:188} INFO - [2024-07-06T16:20:27.580+0700] {dagbag.py:545} INFO - Filling up the DagBag from /home/acer/.local/share/virtualenvs/custom_airflow-E5ZHcY_K/lib/python3.12/site-packages/airflow/example_dags/subdags/subdag.py
[2024-07-06T16:20:27.584+0700] {processor.py:842} WARNING - No viable dags retrieved from /home/acer/.local/share/virtualenvs/custom_airflow-E5ZHcY_K/lib/python3.12/site-packages/airflow/example_dags/subdags/subdag.py
[2024-07-06T16:20:27.598+0700] {processor.py:183} INFO - Processing /home/acer/.local/share/virtualenvs/custom_airflow-E5ZHcY_K/lib/python3.12/site-packages/airflow/example_dags/subdags/subdag.py took 0.039 seconds
[2024-07-06T16:21:19.914+0700] {processor.py:161} INFO - Started process (PID=57523) to work on /home/acer/.local/share/virtualenvs/custom_airflow-E5ZHcY_K/lib/python3.12/site-packages/airflow/example_dags/subdags/subdag.py
[2024-07-06T16:21:19.917+0700] {processor.py:830} INFO - Processing file /home/acer/.local/share/virtualenvs/custom_airflow-E5ZHcY_K/lib/python3.12/site-packages/airflow/example_dags/subdags/subdag.py for tasks to queue
[2024-07-06T16:21:19.922+0700] {logging_mixin.py:188} INFO - [2024-07-06T16:21:19.921+0700] {dagbag.py:545} INFO - Filling up the DagBag from /home/acer/.local/share/virtualenvs/custom_airflow-E5ZHcY_K/lib/python3.12/site-packages/airflow/example_dags/subdags/subdag.py
[2024-07-06T16:21:19.926+0700] {processor.py:842} WARNING - No viable dags retrieved from /home/acer/.local/share/virtualenvs/custom_airflow-E5ZHcY_K/lib/python3.12/site-packages/airflow/example_dags/subdags/subdag.py
[2024-07-06T16:21:19.940+0700] {processor.py:183} INFO - Processing /home/acer/.local/share/virtualenvs/custom_airflow-E5ZHcY_K/lib/python3.12/site-packages/airflow/example_dags/subdags/subdag.py took 0.045 seconds
[2024-07-06T16:22:07.228+0700] {processor.py:161} INFO - Started process (PID=57825) to work on /home/acer/.local/share/virtualenvs/custom_airflow-E5ZHcY_K/lib/python3.12/site-packages/airflow/example_dags/subdags/subdag.py
[2024-07-06T16:22:07.229+0700] {processor.py:830} INFO - Processing file /home/acer/.local/share/virtualenvs/custom_airflow-E5ZHcY_K/lib/python3.12/site-packages/airflow/example_dags/subdags/subdag.py for tasks to queue
[2024-07-06T16:22:07.231+0700] {logging_mixin.py:188} INFO - [2024-07-06T16:22:07.231+0700] {dagbag.py:545} INFO - Filling up the DagBag from /home/acer/.local/share/virtualenvs/custom_airflow-E5ZHcY_K/lib/python3.12/site-packages/airflow/example_dags/subdags/subdag.py
[2024-07-06T16:22:07.233+0700] {processor.py:842} WARNING - No viable dags retrieved from /home/acer/.local/share/virtualenvs/custom_airflow-E5ZHcY_K/lib/python3.12/site-packages/airflow/example_dags/subdags/subdag.py
[2024-07-06T16:22:07.243+0700] {processor.py:183} INFO - Processing /home/acer/.local/share/virtualenvs/custom_airflow-E5ZHcY_K/lib/python3.12/site-packages/airflow/example_dags/subdags/subdag.py took 0.023 seconds
[2024-07-06T16:22:56.872+0700] {processor.py:161} INFO - Started process (PID=58095) to work on /home/acer/.local/share/virtualenvs/custom_airflow-E5ZHcY_K/lib/python3.12/site-packages/airflow/example_dags/subdags/subdag.py
[2024-07-06T16:22:56.873+0700] {processor.py:830} INFO - Processing file /home/acer/.local/share/virtualenvs/custom_airflow-E5ZHcY_K/lib/python3.12/site-packages/airflow/example_dags/subdags/subdag.py for tasks to queue
[2024-07-06T16:22:56.877+0700] {logging_mixin.py:188} INFO - [2024-07-06T16:22:56.876+0700] {dagbag.py:545} INFO - Filling up the DagBag from /home/acer/.local/share/virtualenvs/custom_airflow-E5ZHcY_K/lib/python3.12/site-packages/airflow/example_dags/subdags/subdag.py
[2024-07-06T16:22:56.881+0700] {processor.py:842} WARNING - No viable dags retrieved from /home/acer/.local/share/virtualenvs/custom_airflow-E5ZHcY_K/lib/python3.12/site-packages/airflow/example_dags/subdags/subdag.py
[2024-07-06T16:22:56.896+0700] {processor.py:183} INFO - Processing /home/acer/.local/share/virtualenvs/custom_airflow-E5ZHcY_K/lib/python3.12/site-packages/airflow/example_dags/subdags/subdag.py took 0.034 seconds
[2024-07-06T16:23:57.533+0700] {processor.py:161} INFO - Started process (PID=58932) to work on /home/acer/.local/share/virtualenvs/custom_airflow-E5ZHcY_K/lib/python3.12/site-packages/airflow/example_dags/subdags/subdag.py
[2024-07-06T16:23:57.534+0700] {processor.py:830} INFO - Processing file /home/acer/.local/share/virtualenvs/custom_airflow-E5ZHcY_K/lib/python3.12/site-packages/airflow/example_dags/subdags/subdag.py for tasks to queue
[2024-07-06T16:23:57.537+0700] {logging_mixin.py:188} INFO - [2024-07-06T16:23:57.536+0700] {dagbag.py:545} INFO - Filling up the DagBag from /home/acer/.local/share/virtualenvs/custom_airflow-E5ZHcY_K/lib/python3.12/site-packages/airflow/example_dags/subdags/subdag.py
[2024-07-06T16:23:57.539+0700] {processor.py:842} WARNING - No viable dags retrieved from /home/acer/.local/share/virtualenvs/custom_airflow-E5ZHcY_K/lib/python3.12/site-packages/airflow/example_dags/subdags/subdag.py
[2024-07-06T16:23:57.549+0700] {processor.py:183} INFO - Processing /home/acer/.local/share/virtualenvs/custom_airflow-E5ZHcY_K/lib/python3.12/site-packages/airflow/example_dags/subdags/subdag.py took 0.021 seconds
[2024-07-06T16:24:53.219+0700] {processor.py:161} INFO - Started process (PID=59450) to work on /home/acer/.local/share/virtualenvs/custom_airflow-E5ZHcY_K/lib/python3.12/site-packages/airflow/example_dags/subdags/subdag.py
[2024-07-06T16:24:53.221+0700] {processor.py:830} INFO - Processing file /home/acer/.local/share/virtualenvs/custom_airflow-E5ZHcY_K/lib/python3.12/site-packages/airflow/example_dags/subdags/subdag.py for tasks to queue
[2024-07-06T16:24:53.224+0700] {logging_mixin.py:188} INFO - [2024-07-06T16:24:53.223+0700] {dagbag.py:545} INFO - Filling up the DagBag from /home/acer/.local/share/virtualenvs/custom_airflow-E5ZHcY_K/lib/python3.12/site-packages/airflow/example_dags/subdags/subdag.py
[2024-07-06T16:24:53.226+0700] {processor.py:842} WARNING - No viable dags retrieved from /home/acer/.local/share/virtualenvs/custom_airflow-E5ZHcY_K/lib/python3.12/site-packages/airflow/example_dags/subdags/subdag.py
[2024-07-06T16:24:53.237+0700] {processor.py:183} INFO - Processing /home/acer/.local/share/virtualenvs/custom_airflow-E5ZHcY_K/lib/python3.12/site-packages/airflow/example_dags/subdags/subdag.py took 0.026 seconds
[2024-07-06T16:25:43.903+0700] {processor.py:161} INFO - Started process (PID=59905) to work on /home/acer/.local/share/virtualenvs/custom_airflow-E5ZHcY_K/lib/python3.12/site-packages/airflow/example_dags/subdags/subdag.py
[2024-07-06T16:25:43.905+0700] {processor.py:830} INFO - Processing file /home/acer/.local/share/virtualenvs/custom_airflow-E5ZHcY_K/lib/python3.12/site-packages/airflow/example_dags/subdags/subdag.py for tasks to queue
[2024-07-06T16:25:43.909+0700] {logging_mixin.py:188} INFO - [2024-07-06T16:25:43.908+0700] {dagbag.py:545} INFO - Filling up the DagBag from /home/acer/.local/share/virtualenvs/custom_airflow-E5ZHcY_K/lib/python3.12/site-packages/airflow/example_dags/subdags/subdag.py
[2024-07-06T16:25:43.914+0700] {processor.py:842} WARNING - No viable dags retrieved from /home/acer/.local/share/virtualenvs/custom_airflow-E5ZHcY_K/lib/python3.12/site-packages/airflow/example_dags/subdags/subdag.py
[2024-07-06T16:25:43.928+0700] {processor.py:183} INFO - Processing /home/acer/.local/share/virtualenvs/custom_airflow-E5ZHcY_K/lib/python3.12/site-packages/airflow/example_dags/subdags/subdag.py took 0.037 seconds
[2024-07-06T16:26:35.433+0700] {processor.py:161} INFO - Started process (PID=60149) to work on /home/acer/.local/share/virtualenvs/custom_airflow-E5ZHcY_K/lib/python3.12/site-packages/airflow/example_dags/subdags/subdag.py
[2024-07-06T16:26:35.434+0700] {processor.py:830} INFO - Processing file /home/acer/.local/share/virtualenvs/custom_airflow-E5ZHcY_K/lib/python3.12/site-packages/airflow/example_dags/subdags/subdag.py for tasks to queue
[2024-07-06T16:26:35.436+0700] {logging_mixin.py:188} INFO - [2024-07-06T16:26:35.435+0700] {dagbag.py:545} INFO - Filling up the DagBag from /home/acer/.local/share/virtualenvs/custom_airflow-E5ZHcY_K/lib/python3.12/site-packages/airflow/example_dags/subdags/subdag.py
[2024-07-06T16:26:35.437+0700] {processor.py:842} WARNING - No viable dags retrieved from /home/acer/.local/share/virtualenvs/custom_airflow-E5ZHcY_K/lib/python3.12/site-packages/airflow/example_dags/subdags/subdag.py
[2024-07-06T16:26:35.447+0700] {processor.py:183} INFO - Processing /home/acer/.local/share/virtualenvs/custom_airflow-E5ZHcY_K/lib/python3.12/site-packages/airflow/example_dags/subdags/subdag.py took 0.019 seconds
[2024-07-06T16:27:23.591+0700] {processor.py:161} INFO - Started process (PID=60413) to work on /home/acer/.local/share/virtualenvs/custom_airflow-E5ZHcY_K/lib/python3.12/site-packages/airflow/example_dags/subdags/subdag.py
[2024-07-06T16:27:23.591+0700] {processor.py:830} INFO - Processing file /home/acer/.local/share/virtualenvs/custom_airflow-E5ZHcY_K/lib/python3.12/site-packages/airflow/example_dags/subdags/subdag.py for tasks to queue
[2024-07-06T16:27:23.593+0700] {logging_mixin.py:188} INFO - [2024-07-06T16:27:23.593+0700] {dagbag.py:545} INFO - Filling up the DagBag from /home/acer/.local/share/virtualenvs/custom_airflow-E5ZHcY_K/lib/python3.12/site-packages/airflow/example_dags/subdags/subdag.py
[2024-07-06T16:27:23.595+0700] {processor.py:842} WARNING - No viable dags retrieved from /home/acer/.local/share/virtualenvs/custom_airflow-E5ZHcY_K/lib/python3.12/site-packages/airflow/example_dags/subdags/subdag.py
[2024-07-06T16:27:23.606+0700] {processor.py:183} INFO - Processing /home/acer/.local/share/virtualenvs/custom_airflow-E5ZHcY_K/lib/python3.12/site-packages/airflow/example_dags/subdags/subdag.py took 0.020 seconds
[2024-07-06T16:28:08.248+0700] {processor.py:161} INFO - Started process (PID=60637) to work on /home/acer/.local/share/virtualenvs/custom_airflow-E5ZHcY_K/lib/python3.12/site-packages/airflow/example_dags/subdags/subdag.py
[2024-07-06T16:28:08.249+0700] {processor.py:830} INFO - Processing file /home/acer/.local/share/virtualenvs/custom_airflow-E5ZHcY_K/lib/python3.12/site-packages/airflow/example_dags/subdags/subdag.py for tasks to queue
[2024-07-06T16:28:08.251+0700] {logging_mixin.py:188} INFO - [2024-07-06T16:28:08.250+0700] {dagbag.py:545} INFO - Filling up the DagBag from /home/acer/.local/share/virtualenvs/custom_airflow-E5ZHcY_K/lib/python3.12/site-packages/airflow/example_dags/subdags/subdag.py
[2024-07-06T16:28:08.253+0700] {processor.py:842} WARNING - No viable dags retrieved from /home/acer/.local/share/virtualenvs/custom_airflow-E5ZHcY_K/lib/python3.12/site-packages/airflow/example_dags/subdags/subdag.py
[2024-07-06T16:28:08.264+0700] {processor.py:183} INFO - Processing /home/acer/.local/share/virtualenvs/custom_airflow-E5ZHcY_K/lib/python3.12/site-packages/airflow/example_dags/subdags/subdag.py took 0.022 seconds
[2024-07-06T16:28:53.459+0700] {processor.py:161} INFO - Started process (PID=60861) to work on /home/acer/.local/share/virtualenvs/custom_airflow-E5ZHcY_K/lib/python3.12/site-packages/airflow/example_dags/subdags/subdag.py
[2024-07-06T16:28:53.459+0700] {processor.py:830} INFO - Processing file /home/acer/.local/share/virtualenvs/custom_airflow-E5ZHcY_K/lib/python3.12/site-packages/airflow/example_dags/subdags/subdag.py for tasks to queue
[2024-07-06T16:28:53.461+0700] {logging_mixin.py:188} INFO - [2024-07-06T16:28:53.461+0700] {dagbag.py:545} INFO - Filling up the DagBag from /home/acer/.local/share/virtualenvs/custom_airflow-E5ZHcY_K/lib/python3.12/site-packages/airflow/example_dags/subdags/subdag.py
[2024-07-06T16:28:53.463+0700] {processor.py:842} WARNING - No viable dags retrieved from /home/acer/.local/share/virtualenvs/custom_airflow-E5ZHcY_K/lib/python3.12/site-packages/airflow/example_dags/subdags/subdag.py
[2024-07-06T16:28:53.472+0700] {processor.py:183} INFO - Processing /home/acer/.local/share/virtualenvs/custom_airflow-E5ZHcY_K/lib/python3.12/site-packages/airflow/example_dags/subdags/subdag.py took 0.019 seconds
[2024-07-06T16:29:41.436+0700] {processor.py:161} INFO - Started process (PID=61092) to work on /home/acer/.local/share/virtualenvs/custom_airflow-E5ZHcY_K/lib/python3.12/site-packages/airflow/example_dags/subdags/subdag.py
[2024-07-06T16:29:41.437+0700] {processor.py:830} INFO - Processing file /home/acer/.local/share/virtualenvs/custom_airflow-E5ZHcY_K/lib/python3.12/site-packages/airflow/example_dags/subdags/subdag.py for tasks to queue
[2024-07-06T16:29:41.439+0700] {logging_mixin.py:188} INFO - [2024-07-06T16:29:41.439+0700] {dagbag.py:545} INFO - Filling up the DagBag from /home/acer/.local/share/virtualenvs/custom_airflow-E5ZHcY_K/lib/python3.12/site-packages/airflow/example_dags/subdags/subdag.py
[2024-07-06T16:29:41.441+0700] {processor.py:842} WARNING - No viable dags retrieved from /home/acer/.local/share/virtualenvs/custom_airflow-E5ZHcY_K/lib/python3.12/site-packages/airflow/example_dags/subdags/subdag.py
[2024-07-06T16:29:41.451+0700] {processor.py:183} INFO - Processing /home/acer/.local/share/virtualenvs/custom_airflow-E5ZHcY_K/lib/python3.12/site-packages/airflow/example_dags/subdags/subdag.py took 0.020 seconds
[2024-07-06T16:30:26.607+0700] {processor.py:161} INFO - Started process (PID=61337) to work on /home/acer/.local/share/virtualenvs/custom_airflow-E5ZHcY_K/lib/python3.12/site-packages/airflow/example_dags/subdags/subdag.py
[2024-07-06T16:30:26.608+0700] {processor.py:830} INFO - Processing file /home/acer/.local/share/virtualenvs/custom_airflow-E5ZHcY_K/lib/python3.12/site-packages/airflow/example_dags/subdags/subdag.py for tasks to queue
[2024-07-06T16:30:26.610+0700] {logging_mixin.py:188} INFO - [2024-07-06T16:30:26.609+0700] {dagbag.py:545} INFO - Filling up the DagBag from /home/acer/.local/share/virtualenvs/custom_airflow-E5ZHcY_K/lib/python3.12/site-packages/airflow/example_dags/subdags/subdag.py
[2024-07-06T16:30:26.612+0700] {processor.py:842} WARNING - No viable dags retrieved from /home/acer/.local/share/virtualenvs/custom_airflow-E5ZHcY_K/lib/python3.12/site-packages/airflow/example_dags/subdags/subdag.py
[2024-07-06T16:30:26.621+0700] {processor.py:183} INFO - Processing /home/acer/.local/share/virtualenvs/custom_airflow-E5ZHcY_K/lib/python3.12/site-packages/airflow/example_dags/subdags/subdag.py took 0.019 seconds
[2024-07-06T16:31:11.234+0700] {processor.py:161} INFO - Started process (PID=61577) to work on /home/acer/.local/share/virtualenvs/custom_airflow-E5ZHcY_K/lib/python3.12/site-packages/airflow/example_dags/subdags/subdag.py
[2024-07-06T16:31:11.237+0700] {processor.py:830} INFO - Processing file /home/acer/.local/share/virtualenvs/custom_airflow-E5ZHcY_K/lib/python3.12/site-packages/airflow/example_dags/subdags/subdag.py for tasks to queue
[2024-07-06T16:31:11.242+0700] {logging_mixin.py:188} INFO - [2024-07-06T16:31:11.241+0700] {dagbag.py:545} INFO - Filling up the DagBag from /home/acer/.local/share/virtualenvs/custom_airflow-E5ZHcY_K/lib/python3.12/site-packages/airflow/example_dags/subdags/subdag.py
[2024-07-06T16:31:11.245+0700] {processor.py:842} WARNING - No viable dags retrieved from /home/acer/.local/share/virtualenvs/custom_airflow-E5ZHcY_K/lib/python3.12/site-packages/airflow/example_dags/subdags/subdag.py
[2024-07-06T16:31:11.258+0700] {processor.py:183} INFO - Processing /home/acer/.local/share/virtualenvs/custom_airflow-E5ZHcY_K/lib/python3.12/site-packages/airflow/example_dags/subdags/subdag.py took 0.043 seconds
[2024-07-06T16:31:56.008+0700] {processor.py:161} INFO - Started process (PID=61807) to work on /home/acer/.local/share/virtualenvs/custom_airflow-E5ZHcY_K/lib/python3.12/site-packages/airflow/example_dags/subdags/subdag.py
[2024-07-06T16:31:56.010+0700] {processor.py:830} INFO - Processing file /home/acer/.local/share/virtualenvs/custom_airflow-E5ZHcY_K/lib/python3.12/site-packages/airflow/example_dags/subdags/subdag.py for tasks to queue
[2024-07-06T16:31:56.014+0700] {logging_mixin.py:188} INFO - [2024-07-06T16:31:56.013+0700] {dagbag.py:545} INFO - Filling up the DagBag from /home/acer/.local/share/virtualenvs/custom_airflow-E5ZHcY_K/lib/python3.12/site-packages/airflow/example_dags/subdags/subdag.py
[2024-07-06T16:31:56.017+0700] {processor.py:842} WARNING - No viable dags retrieved from /home/acer/.local/share/virtualenvs/custom_airflow-E5ZHcY_K/lib/python3.12/site-packages/airflow/example_dags/subdags/subdag.py
[2024-07-06T16:31:56.030+0700] {processor.py:183} INFO - Processing /home/acer/.local/share/virtualenvs/custom_airflow-E5ZHcY_K/lib/python3.12/site-packages/airflow/example_dags/subdags/subdag.py took 0.042 seconds
[2024-07-06T16:32:45.318+0700] {processor.py:161} INFO - Started process (PID=62041) to work on /home/acer/.local/share/virtualenvs/custom_airflow-E5ZHcY_K/lib/python3.12/site-packages/airflow/example_dags/subdags/subdag.py
[2024-07-06T16:32:45.318+0700] {processor.py:830} INFO - Processing file /home/acer/.local/share/virtualenvs/custom_airflow-E5ZHcY_K/lib/python3.12/site-packages/airflow/example_dags/subdags/subdag.py for tasks to queue
[2024-07-06T16:32:45.320+0700] {logging_mixin.py:188} INFO - [2024-07-06T16:32:45.320+0700] {dagbag.py:545} INFO - Filling up the DagBag from /home/acer/.local/share/virtualenvs/custom_airflow-E5ZHcY_K/lib/python3.12/site-packages/airflow/example_dags/subdags/subdag.py
[2024-07-06T16:32:45.322+0700] {processor.py:842} WARNING - No viable dags retrieved from /home/acer/.local/share/virtualenvs/custom_airflow-E5ZHcY_K/lib/python3.12/site-packages/airflow/example_dags/subdags/subdag.py
[2024-07-06T16:32:45.331+0700] {processor.py:183} INFO - Processing /home/acer/.local/share/virtualenvs/custom_airflow-E5ZHcY_K/lib/python3.12/site-packages/airflow/example_dags/subdags/subdag.py took 0.019 seconds
[2024-07-06T16:33:32.957+0700] {processor.py:161} INFO - Started process (PID=62300) to work on /home/acer/.local/share/virtualenvs/custom_airflow-E5ZHcY_K/lib/python3.12/site-packages/airflow/example_dags/subdags/subdag.py
[2024-07-06T16:33:32.959+0700] {processor.py:830} INFO - Processing file /home/acer/.local/share/virtualenvs/custom_airflow-E5ZHcY_K/lib/python3.12/site-packages/airflow/example_dags/subdags/subdag.py for tasks to queue
[2024-07-06T16:33:32.963+0700] {logging_mixin.py:188} INFO - [2024-07-06T16:33:32.962+0700] {dagbag.py:545} INFO - Filling up the DagBag from /home/acer/.local/share/virtualenvs/custom_airflow-E5ZHcY_K/lib/python3.12/site-packages/airflow/example_dags/subdags/subdag.py
[2024-07-06T16:33:32.966+0700] {processor.py:842} WARNING - No viable dags retrieved from /home/acer/.local/share/virtualenvs/custom_airflow-E5ZHcY_K/lib/python3.12/site-packages/airflow/example_dags/subdags/subdag.py
[2024-07-06T16:33:32.978+0700] {processor.py:183} INFO - Processing /home/acer/.local/share/virtualenvs/custom_airflow-E5ZHcY_K/lib/python3.12/site-packages/airflow/example_dags/subdags/subdag.py took 0.045 seconds
[2024-07-06T16:34:18.807+0700] {processor.py:161} INFO - Started process (PID=62524) to work on /home/acer/.local/share/virtualenvs/custom_airflow-E5ZHcY_K/lib/python3.12/site-packages/airflow/example_dags/subdags/subdag.py
[2024-07-06T16:34:18.807+0700] {processor.py:830} INFO - Processing file /home/acer/.local/share/virtualenvs/custom_airflow-E5ZHcY_K/lib/python3.12/site-packages/airflow/example_dags/subdags/subdag.py for tasks to queue
[2024-07-06T16:34:18.809+0700] {logging_mixin.py:188} INFO - [2024-07-06T16:34:18.809+0700] {dagbag.py:545} INFO - Filling up the DagBag from /home/acer/.local/share/virtualenvs/custom_airflow-E5ZHcY_K/lib/python3.12/site-packages/airflow/example_dags/subdags/subdag.py
[2024-07-06T16:34:18.811+0700] {processor.py:842} WARNING - No viable dags retrieved from /home/acer/.local/share/virtualenvs/custom_airflow-E5ZHcY_K/lib/python3.12/site-packages/airflow/example_dags/subdags/subdag.py
[2024-07-06T16:34:18.820+0700] {processor.py:183} INFO - Processing /home/acer/.local/share/virtualenvs/custom_airflow-E5ZHcY_K/lib/python3.12/site-packages/airflow/example_dags/subdags/subdag.py took 0.019 seconds
[2024-07-06T16:35:07.923+0700] {processor.py:161} INFO - Started process (PID=62768) to work on /home/acer/.local/share/virtualenvs/custom_airflow-E5ZHcY_K/lib/python3.12/site-packages/airflow/example_dags/subdags/subdag.py
[2024-07-06T16:35:07.926+0700] {processor.py:830} INFO - Processing file /home/acer/.local/share/virtualenvs/custom_airflow-E5ZHcY_K/lib/python3.12/site-packages/airflow/example_dags/subdags/subdag.py for tasks to queue
[2024-07-06T16:35:07.931+0700] {logging_mixin.py:188} INFO - [2024-07-06T16:35:07.930+0700] {dagbag.py:545} INFO - Filling up the DagBag from /home/acer/.local/share/virtualenvs/custom_airflow-E5ZHcY_K/lib/python3.12/site-packages/airflow/example_dags/subdags/subdag.py
[2024-07-06T16:35:07.935+0700] {processor.py:842} WARNING - No viable dags retrieved from /home/acer/.local/share/virtualenvs/custom_airflow-E5ZHcY_K/lib/python3.12/site-packages/airflow/example_dags/subdags/subdag.py
[2024-07-06T16:35:07.949+0700] {processor.py:183} INFO - Processing /home/acer/.local/share/virtualenvs/custom_airflow-E5ZHcY_K/lib/python3.12/site-packages/airflow/example_dags/subdags/subdag.py took 0.038 seconds
[2024-07-06T16:35:55.043+0700] {processor.py:161} INFO - Started process (PID=63033) to work on /home/acer/.local/share/virtualenvs/custom_airflow-E5ZHcY_K/lib/python3.12/site-packages/airflow/example_dags/subdags/subdag.py
[2024-07-06T16:35:55.046+0700] {processor.py:830} INFO - Processing file /home/acer/.local/share/virtualenvs/custom_airflow-E5ZHcY_K/lib/python3.12/site-packages/airflow/example_dags/subdags/subdag.py for tasks to queue
[2024-07-06T16:35:55.050+0700] {logging_mixin.py:188} INFO - [2024-07-06T16:35:55.049+0700] {dagbag.py:545} INFO - Filling up the DagBag from /home/acer/.local/share/virtualenvs/custom_airflow-E5ZHcY_K/lib/python3.12/site-packages/airflow/example_dags/subdags/subdag.py
[2024-07-06T16:35:55.053+0700] {processor.py:842} WARNING - No viable dags retrieved from /home/acer/.local/share/virtualenvs/custom_airflow-E5ZHcY_K/lib/python3.12/site-packages/airflow/example_dags/subdags/subdag.py
[2024-07-06T16:35:55.064+0700] {processor.py:183} INFO - Processing /home/acer/.local/share/virtualenvs/custom_airflow-E5ZHcY_K/lib/python3.12/site-packages/airflow/example_dags/subdags/subdag.py took 0.046 seconds
[2024-07-06T21:54:11.726+0700] {processor.py:161} INFO - Started process (PID=11096) to work on /home/acer/.local/share/virtualenvs/custom_airflow-E5ZHcY_K/lib/python3.12/site-packages/airflow/example_dags/subdags/subdag.py
[2024-07-06T21:54:11.727+0700] {processor.py:830} INFO - Processing file /home/acer/.local/share/virtualenvs/custom_airflow-E5ZHcY_K/lib/python3.12/site-packages/airflow/example_dags/subdags/subdag.py for tasks to queue
[2024-07-06T21:54:11.729+0700] {logging_mixin.py:188} INFO - [2024-07-06T21:54:11.728+0700] {dagbag.py:545} INFO - Filling up the DagBag from /home/acer/.local/share/virtualenvs/custom_airflow-E5ZHcY_K/lib/python3.12/site-packages/airflow/example_dags/subdags/subdag.py
[2024-07-06T21:54:11.730+0700] {processor.py:842} WARNING - No viable dags retrieved from /home/acer/.local/share/virtualenvs/custom_airflow-E5ZHcY_K/lib/python3.12/site-packages/airflow/example_dags/subdags/subdag.py
[2024-07-06T21:54:11.741+0700] {processor.py:183} INFO - Processing /home/acer/.local/share/virtualenvs/custom_airflow-E5ZHcY_K/lib/python3.12/site-packages/airflow/example_dags/subdags/subdag.py took 0.023 seconds
[2024-07-06T21:55:08.710+0700] {processor.py:161} INFO - Started process (PID=12289) to work on /home/acer/.local/share/virtualenvs/custom_airflow-E5ZHcY_K/lib/python3.12/site-packages/airflow/example_dags/subdags/subdag.py
[2024-07-06T21:55:08.724+0700] {processor.py:830} INFO - Processing file /home/acer/.local/share/virtualenvs/custom_airflow-E5ZHcY_K/lib/python3.12/site-packages/airflow/example_dags/subdags/subdag.py for tasks to queue
[2024-07-06T21:55:08.727+0700] {logging_mixin.py:188} INFO - [2024-07-06T21:55:08.727+0700] {dagbag.py:545} INFO - Filling up the DagBag from /home/acer/.local/share/virtualenvs/custom_airflow-E5ZHcY_K/lib/python3.12/site-packages/airflow/example_dags/subdags/subdag.py
[2024-07-06T21:55:08.739+0700] {processor.py:842} WARNING - No viable dags retrieved from /home/acer/.local/share/virtualenvs/custom_airflow-E5ZHcY_K/lib/python3.12/site-packages/airflow/example_dags/subdags/subdag.py
[2024-07-06T21:55:08.759+0700] {processor.py:183} INFO - Processing /home/acer/.local/share/virtualenvs/custom_airflow-E5ZHcY_K/lib/python3.12/site-packages/airflow/example_dags/subdags/subdag.py took 0.060 seconds
[2024-07-06T21:55:59.226+0700] {processor.py:161} INFO - Started process (PID=12979) to work on /home/acer/.local/share/virtualenvs/custom_airflow-E5ZHcY_K/lib/python3.12/site-packages/airflow/example_dags/subdags/subdag.py
[2024-07-06T21:55:59.229+0700] {processor.py:830} INFO - Processing file /home/acer/.local/share/virtualenvs/custom_airflow-E5ZHcY_K/lib/python3.12/site-packages/airflow/example_dags/subdags/subdag.py for tasks to queue
[2024-07-06T21:55:59.235+0700] {logging_mixin.py:188} INFO - [2024-07-06T21:55:59.234+0700] {dagbag.py:545} INFO - Filling up the DagBag from /home/acer/.local/share/virtualenvs/custom_airflow-E5ZHcY_K/lib/python3.12/site-packages/airflow/example_dags/subdags/subdag.py
[2024-07-06T21:55:59.242+0700] {processor.py:842} WARNING - No viable dags retrieved from /home/acer/.local/share/virtualenvs/custom_airflow-E5ZHcY_K/lib/python3.12/site-packages/airflow/example_dags/subdags/subdag.py
[2024-07-06T21:55:59.260+0700] {processor.py:183} INFO - Processing /home/acer/.local/share/virtualenvs/custom_airflow-E5ZHcY_K/lib/python3.12/site-packages/airflow/example_dags/subdags/subdag.py took 0.053 seconds
[2024-07-06T21:56:48.202+0700] {processor.py:161} INFO - Started process (PID=13427) to work on /home/acer/.local/share/virtualenvs/custom_airflow-E5ZHcY_K/lib/python3.12/site-packages/airflow/example_dags/subdags/subdag.py
[2024-07-06T21:56:48.204+0700] {processor.py:830} INFO - Processing file /home/acer/.local/share/virtualenvs/custom_airflow-E5ZHcY_K/lib/python3.12/site-packages/airflow/example_dags/subdags/subdag.py for tasks to queue
[2024-07-06T21:56:48.208+0700] {logging_mixin.py:188} INFO - [2024-07-06T21:56:48.207+0700] {dagbag.py:545} INFO - Filling up the DagBag from /home/acer/.local/share/virtualenvs/custom_airflow-E5ZHcY_K/lib/python3.12/site-packages/airflow/example_dags/subdags/subdag.py
[2024-07-06T21:56:48.214+0700] {processor.py:842} WARNING - No viable dags retrieved from /home/acer/.local/share/virtualenvs/custom_airflow-E5ZHcY_K/lib/python3.12/site-packages/airflow/example_dags/subdags/subdag.py
[2024-07-06T21:56:48.240+0700] {processor.py:183} INFO - Processing /home/acer/.local/share/virtualenvs/custom_airflow-E5ZHcY_K/lib/python3.12/site-packages/airflow/example_dags/subdags/subdag.py took 0.055 seconds
[2024-07-06T21:57:38.765+0700] {processor.py:161} INFO - Started process (PID=13893) to work on /home/acer/.local/share/virtualenvs/custom_airflow-E5ZHcY_K/lib/python3.12/site-packages/airflow/example_dags/subdags/subdag.py
[2024-07-06T21:57:38.766+0700] {processor.py:830} INFO - Processing file /home/acer/.local/share/virtualenvs/custom_airflow-E5ZHcY_K/lib/python3.12/site-packages/airflow/example_dags/subdags/subdag.py for tasks to queue
[2024-07-06T21:57:38.769+0700] {logging_mixin.py:188} INFO - [2024-07-06T21:57:38.768+0700] {dagbag.py:545} INFO - Filling up the DagBag from /home/acer/.local/share/virtualenvs/custom_airflow-E5ZHcY_K/lib/python3.12/site-packages/airflow/example_dags/subdags/subdag.py
[2024-07-06T21:57:38.772+0700] {processor.py:842} WARNING - No viable dags retrieved from /home/acer/.local/share/virtualenvs/custom_airflow-E5ZHcY_K/lib/python3.12/site-packages/airflow/example_dags/subdags/subdag.py
[2024-07-06T21:57:38.785+0700] {processor.py:183} INFO - Processing /home/acer/.local/share/virtualenvs/custom_airflow-E5ZHcY_K/lib/python3.12/site-packages/airflow/example_dags/subdags/subdag.py took 0.025 seconds
[2024-07-06T21:58:34.025+0700] {processor.py:161} INFO - Started process (PID=14226) to work on /home/acer/.local/share/virtualenvs/custom_airflow-E5ZHcY_K/lib/python3.12/site-packages/airflow/example_dags/subdags/subdag.py
[2024-07-06T21:58:34.027+0700] {processor.py:830} INFO - Processing file /home/acer/.local/share/virtualenvs/custom_airflow-E5ZHcY_K/lib/python3.12/site-packages/airflow/example_dags/subdags/subdag.py for tasks to queue
[2024-07-06T21:58:34.029+0700] {logging_mixin.py:188} INFO - [2024-07-06T21:58:34.029+0700] {dagbag.py:545} INFO - Filling up the DagBag from /home/acer/.local/share/virtualenvs/custom_airflow-E5ZHcY_K/lib/python3.12/site-packages/airflow/example_dags/subdags/subdag.py
[2024-07-06T21:58:34.032+0700] {processor.py:842} WARNING - No viable dags retrieved from /home/acer/.local/share/virtualenvs/custom_airflow-E5ZHcY_K/lib/python3.12/site-packages/airflow/example_dags/subdags/subdag.py
[2024-07-06T21:58:34.045+0700] {processor.py:183} INFO - Processing /home/acer/.local/share/virtualenvs/custom_airflow-E5ZHcY_K/lib/python3.12/site-packages/airflow/example_dags/subdags/subdag.py took 0.029 seconds
[2024-07-06T21:59:22.006+0700] {processor.py:161} INFO - Started process (PID=14487) to work on /home/acer/.local/share/virtualenvs/custom_airflow-E5ZHcY_K/lib/python3.12/site-packages/airflow/example_dags/subdags/subdag.py
[2024-07-06T21:59:22.007+0700] {processor.py:830} INFO - Processing file /home/acer/.local/share/virtualenvs/custom_airflow-E5ZHcY_K/lib/python3.12/site-packages/airflow/example_dags/subdags/subdag.py for tasks to queue
[2024-07-06T21:59:22.009+0700] {logging_mixin.py:188} INFO - [2024-07-06T21:59:22.009+0700] {dagbag.py:545} INFO - Filling up the DagBag from /home/acer/.local/share/virtualenvs/custom_airflow-E5ZHcY_K/lib/python3.12/site-packages/airflow/example_dags/subdags/subdag.py
[2024-07-06T21:59:22.011+0700] {processor.py:842} WARNING - No viable dags retrieved from /home/acer/.local/share/virtualenvs/custom_airflow-E5ZHcY_K/lib/python3.12/site-packages/airflow/example_dags/subdags/subdag.py
[2024-07-06T21:59:22.024+0700] {processor.py:183} INFO - Processing /home/acer/.local/share/virtualenvs/custom_airflow-E5ZHcY_K/lib/python3.12/site-packages/airflow/example_dags/subdags/subdag.py took 0.027 seconds
[2024-07-06T22:00:13.517+0700] {processor.py:161} INFO - Started process (PID=14835) to work on /home/acer/.local/share/virtualenvs/custom_airflow-E5ZHcY_K/lib/python3.12/site-packages/airflow/example_dags/subdags/subdag.py
[2024-07-06T22:00:13.520+0700] {processor.py:830} INFO - Processing file /home/acer/.local/share/virtualenvs/custom_airflow-E5ZHcY_K/lib/python3.12/site-packages/airflow/example_dags/subdags/subdag.py for tasks to queue
[2024-07-06T22:00:13.523+0700] {logging_mixin.py:188} INFO - [2024-07-06T22:00:13.522+0700] {dagbag.py:545} INFO - Filling up the DagBag from /home/acer/.local/share/virtualenvs/custom_airflow-E5ZHcY_K/lib/python3.12/site-packages/airflow/example_dags/subdags/subdag.py
[2024-07-06T22:00:13.527+0700] {processor.py:842} WARNING - No viable dags retrieved from /home/acer/.local/share/virtualenvs/custom_airflow-E5ZHcY_K/lib/python3.12/site-packages/airflow/example_dags/subdags/subdag.py
[2024-07-06T22:00:13.542+0700] {processor.py:183} INFO - Processing /home/acer/.local/share/virtualenvs/custom_airflow-E5ZHcY_K/lib/python3.12/site-packages/airflow/example_dags/subdags/subdag.py took 0.033 seconds
[2024-07-06T22:01:06.263+0700] {processor.py:161} INFO - Started process (PID=15104) to work on /home/acer/.local/share/virtualenvs/custom_airflow-E5ZHcY_K/lib/python3.12/site-packages/airflow/example_dags/subdags/subdag.py
[2024-07-06T22:01:06.264+0700] {processor.py:830} INFO - Processing file /home/acer/.local/share/virtualenvs/custom_airflow-E5ZHcY_K/lib/python3.12/site-packages/airflow/example_dags/subdags/subdag.py for tasks to queue
[2024-07-06T22:01:06.266+0700] {logging_mixin.py:188} INFO - [2024-07-06T22:01:06.265+0700] {dagbag.py:545} INFO - Filling up the DagBag from /home/acer/.local/share/virtualenvs/custom_airflow-E5ZHcY_K/lib/python3.12/site-packages/airflow/example_dags/subdags/subdag.py
[2024-07-06T22:01:06.268+0700] {processor.py:842} WARNING - No viable dags retrieved from /home/acer/.local/share/virtualenvs/custom_airflow-E5ZHcY_K/lib/python3.12/site-packages/airflow/example_dags/subdags/subdag.py
[2024-07-06T22:01:06.280+0700] {processor.py:183} INFO - Processing /home/acer/.local/share/virtualenvs/custom_airflow-E5ZHcY_K/lib/python3.12/site-packages/airflow/example_dags/subdags/subdag.py took 0.023 seconds
[2024-07-06T22:02:08.002+0700] {processor.py:161} INFO - Started process (PID=15997) to work on /home/acer/.local/share/virtualenvs/custom_airflow-E5ZHcY_K/lib/python3.12/site-packages/airflow/example_dags/subdags/subdag.py
[2024-07-06T22:02:08.003+0700] {processor.py:830} INFO - Processing file /home/acer/.local/share/virtualenvs/custom_airflow-E5ZHcY_K/lib/python3.12/site-packages/airflow/example_dags/subdags/subdag.py for tasks to queue
[2024-07-06T22:02:08.006+0700] {logging_mixin.py:188} INFO - [2024-07-06T22:02:08.005+0700] {dagbag.py:545} INFO - Filling up the DagBag from /home/acer/.local/share/virtualenvs/custom_airflow-E5ZHcY_K/lib/python3.12/site-packages/airflow/example_dags/subdags/subdag.py
[2024-07-06T22:02:08.008+0700] {processor.py:842} WARNING - No viable dags retrieved from /home/acer/.local/share/virtualenvs/custom_airflow-E5ZHcY_K/lib/python3.12/site-packages/airflow/example_dags/subdags/subdag.py
[2024-07-06T22:02:08.017+0700] {processor.py:183} INFO - Processing /home/acer/.local/share/virtualenvs/custom_airflow-E5ZHcY_K/lib/python3.12/site-packages/airflow/example_dags/subdags/subdag.py took 0.020 seconds
[2024-07-06T22:02:43.196+0700] {processor.py:161} INFO - Started process (PID=16265) to work on /home/acer/.local/share/virtualenvs/custom_airflow-E5ZHcY_K/lib/python3.12/site-packages/airflow/example_dags/subdags/subdag.py
[2024-07-06T22:02:43.199+0700] {processor.py:830} INFO - Processing file /home/acer/.local/share/virtualenvs/custom_airflow-E5ZHcY_K/lib/python3.12/site-packages/airflow/example_dags/subdags/subdag.py for tasks to queue
[2024-07-06T22:02:43.203+0700] {logging_mixin.py:188} INFO - [2024-07-06T22:02:43.202+0700] {dagbag.py:545} INFO - Filling up the DagBag from /home/acer/.local/share/virtualenvs/custom_airflow-E5ZHcY_K/lib/python3.12/site-packages/airflow/example_dags/subdags/subdag.py
[2024-07-06T22:02:43.207+0700] {processor.py:842} WARNING - No viable dags retrieved from /home/acer/.local/share/virtualenvs/custom_airflow-E5ZHcY_K/lib/python3.12/site-packages/airflow/example_dags/subdags/subdag.py
[2024-07-06T22:02:43.219+0700] {processor.py:183} INFO - Processing /home/acer/.local/share/virtualenvs/custom_airflow-E5ZHcY_K/lib/python3.12/site-packages/airflow/example_dags/subdags/subdag.py took 0.044 seconds
[2024-07-06T22:03:33.886+0700] {processor.py:161} INFO - Started process (PID=16506) to work on /home/acer/.local/share/virtualenvs/custom_airflow-E5ZHcY_K/lib/python3.12/site-packages/airflow/example_dags/subdags/subdag.py
[2024-07-06T22:03:33.892+0700] {processor.py:830} INFO - Processing file /home/acer/.local/share/virtualenvs/custom_airflow-E5ZHcY_K/lib/python3.12/site-packages/airflow/example_dags/subdags/subdag.py for tasks to queue
[2024-07-06T22:03:33.903+0700] {logging_mixin.py:188} INFO - [2024-07-06T22:03:33.900+0700] {dagbag.py:545} INFO - Filling up the DagBag from /home/acer/.local/share/virtualenvs/custom_airflow-E5ZHcY_K/lib/python3.12/site-packages/airflow/example_dags/subdags/subdag.py
[2024-07-06T22:03:33.915+0700] {processor.py:842} WARNING - No viable dags retrieved from /home/acer/.local/share/virtualenvs/custom_airflow-E5ZHcY_K/lib/python3.12/site-packages/airflow/example_dags/subdags/subdag.py
[2024-07-06T22:03:33.943+0700] {processor.py:183} INFO - Processing /home/acer/.local/share/virtualenvs/custom_airflow-E5ZHcY_K/lib/python3.12/site-packages/airflow/example_dags/subdags/subdag.py took 0.084 seconds
[2024-07-06T22:05:01.359+0700] {processor.py:161} INFO - Started process (PID=17514) to work on /home/acer/.local/share/virtualenvs/custom_airflow-E5ZHcY_K/lib/python3.12/site-packages/airflow/example_dags/subdags/subdag.py
[2024-07-06T22:05:01.362+0700] {processor.py:830} INFO - Processing file /home/acer/.local/share/virtualenvs/custom_airflow-E5ZHcY_K/lib/python3.12/site-packages/airflow/example_dags/subdags/subdag.py for tasks to queue
[2024-07-06T22:05:01.368+0700] {logging_mixin.py:188} INFO - [2024-07-06T22:05:01.367+0700] {dagbag.py:545} INFO - Filling up the DagBag from /home/acer/.local/share/virtualenvs/custom_airflow-E5ZHcY_K/lib/python3.12/site-packages/airflow/example_dags/subdags/subdag.py
[2024-07-06T22:05:01.374+0700] {processor.py:842} WARNING - No viable dags retrieved from /home/acer/.local/share/virtualenvs/custom_airflow-E5ZHcY_K/lib/python3.12/site-packages/airflow/example_dags/subdags/subdag.py
[2024-07-06T22:05:01.404+0700] {processor.py:183} INFO - Processing /home/acer/.local/share/virtualenvs/custom_airflow-E5ZHcY_K/lib/python3.12/site-packages/airflow/example_dags/subdags/subdag.py took 0.061 seconds
[2024-07-06T22:05:54.335+0700] {processor.py:161} INFO - Started process (PID=17813) to work on /home/acer/.local/share/virtualenvs/custom_airflow-E5ZHcY_K/lib/python3.12/site-packages/airflow/example_dags/subdags/subdag.py
[2024-07-06T22:05:54.336+0700] {processor.py:830} INFO - Processing file /home/acer/.local/share/virtualenvs/custom_airflow-E5ZHcY_K/lib/python3.12/site-packages/airflow/example_dags/subdags/subdag.py for tasks to queue
[2024-07-06T22:05:54.338+0700] {logging_mixin.py:188} INFO - [2024-07-06T22:05:54.338+0700] {dagbag.py:545} INFO - Filling up the DagBag from /home/acer/.local/share/virtualenvs/custom_airflow-E5ZHcY_K/lib/python3.12/site-packages/airflow/example_dags/subdags/subdag.py
[2024-07-06T22:05:54.340+0700] {processor.py:842} WARNING - No viable dags retrieved from /home/acer/.local/share/virtualenvs/custom_airflow-E5ZHcY_K/lib/python3.12/site-packages/airflow/example_dags/subdags/subdag.py
[2024-07-06T22:05:54.350+0700] {processor.py:183} INFO - Processing /home/acer/.local/share/virtualenvs/custom_airflow-E5ZHcY_K/lib/python3.12/site-packages/airflow/example_dags/subdags/subdag.py took 0.021 seconds
[2024-07-06T22:06:41.377+0700] {processor.py:161} INFO - Started process (PID=18208) to work on /home/acer/.local/share/virtualenvs/custom_airflow-E5ZHcY_K/lib/python3.12/site-packages/airflow/example_dags/subdags/subdag.py
[2024-07-06T22:06:41.379+0700] {processor.py:830} INFO - Processing file /home/acer/.local/share/virtualenvs/custom_airflow-E5ZHcY_K/lib/python3.12/site-packages/airflow/example_dags/subdags/subdag.py for tasks to queue
[2024-07-06T22:06:41.381+0700] {logging_mixin.py:188} INFO - [2024-07-06T22:06:41.380+0700] {dagbag.py:545} INFO - Filling up the DagBag from /home/acer/.local/share/virtualenvs/custom_airflow-E5ZHcY_K/lib/python3.12/site-packages/airflow/example_dags/subdags/subdag.py
[2024-07-06T22:06:41.383+0700] {processor.py:842} WARNING - No viable dags retrieved from /home/acer/.local/share/virtualenvs/custom_airflow-E5ZHcY_K/lib/python3.12/site-packages/airflow/example_dags/subdags/subdag.py
[2024-07-06T22:06:41.393+0700] {processor.py:183} INFO - Processing /home/acer/.local/share/virtualenvs/custom_airflow-E5ZHcY_K/lib/python3.12/site-packages/airflow/example_dags/subdags/subdag.py took 0.023 seconds
[2024-07-06T22:07:35.963+0700] {processor.py:161} INFO - Started process (PID=18601) to work on /home/acer/.local/share/virtualenvs/custom_airflow-E5ZHcY_K/lib/python3.12/site-packages/airflow/example_dags/subdags/subdag.py
[2024-07-06T22:07:35.965+0700] {processor.py:830} INFO - Processing file /home/acer/.local/share/virtualenvs/custom_airflow-E5ZHcY_K/lib/python3.12/site-packages/airflow/example_dags/subdags/subdag.py for tasks to queue
[2024-07-06T22:07:35.967+0700] {logging_mixin.py:188} INFO - [2024-07-06T22:07:35.967+0700] {dagbag.py:545} INFO - Filling up the DagBag from /home/acer/.local/share/virtualenvs/custom_airflow-E5ZHcY_K/lib/python3.12/site-packages/airflow/example_dags/subdags/subdag.py
[2024-07-06T22:07:35.971+0700] {processor.py:842} WARNING - No viable dags retrieved from /home/acer/.local/share/virtualenvs/custom_airflow-E5ZHcY_K/lib/python3.12/site-packages/airflow/example_dags/subdags/subdag.py
[2024-07-06T22:07:35.983+0700] {processor.py:183} INFO - Processing /home/acer/.local/share/virtualenvs/custom_airflow-E5ZHcY_K/lib/python3.12/site-packages/airflow/example_dags/subdags/subdag.py took 0.035 seconds
[2024-07-06T22:08:32.573+0700] {processor.py:161} INFO - Started process (PID=18897) to work on /home/acer/.local/share/virtualenvs/custom_airflow-E5ZHcY_K/lib/python3.12/site-packages/airflow/example_dags/subdags/subdag.py
[2024-07-06T22:08:32.574+0700] {processor.py:830} INFO - Processing file /home/acer/.local/share/virtualenvs/custom_airflow-E5ZHcY_K/lib/python3.12/site-packages/airflow/example_dags/subdags/subdag.py for tasks to queue
[2024-07-06T22:08:32.576+0700] {logging_mixin.py:188} INFO - [2024-07-06T22:08:32.576+0700] {dagbag.py:545} INFO - Filling up the DagBag from /home/acer/.local/share/virtualenvs/custom_airflow-E5ZHcY_K/lib/python3.12/site-packages/airflow/example_dags/subdags/subdag.py
[2024-07-06T22:08:32.578+0700] {processor.py:842} WARNING - No viable dags retrieved from /home/acer/.local/share/virtualenvs/custom_airflow-E5ZHcY_K/lib/python3.12/site-packages/airflow/example_dags/subdags/subdag.py
[2024-07-06T22:08:32.588+0700] {processor.py:183} INFO - Processing /home/acer/.local/share/virtualenvs/custom_airflow-E5ZHcY_K/lib/python3.12/site-packages/airflow/example_dags/subdags/subdag.py took 0.020 seconds
[2024-07-06T22:09:26.241+0700] {processor.py:161} INFO - Started process (PID=19192) to work on /home/acer/.local/share/virtualenvs/custom_airflow-E5ZHcY_K/lib/python3.12/site-packages/airflow/example_dags/subdags/subdag.py
[2024-07-06T22:09:26.243+0700] {processor.py:830} INFO - Processing file /home/acer/.local/share/virtualenvs/custom_airflow-E5ZHcY_K/lib/python3.12/site-packages/airflow/example_dags/subdags/subdag.py for tasks to queue
[2024-07-06T22:09:26.245+0700] {logging_mixin.py:188} INFO - [2024-07-06T22:09:26.245+0700] {dagbag.py:545} INFO - Filling up the DagBag from /home/acer/.local/share/virtualenvs/custom_airflow-E5ZHcY_K/lib/python3.12/site-packages/airflow/example_dags/subdags/subdag.py
[2024-07-06T22:09:26.248+0700] {processor.py:842} WARNING - No viable dags retrieved from /home/acer/.local/share/virtualenvs/custom_airflow-E5ZHcY_K/lib/python3.12/site-packages/airflow/example_dags/subdags/subdag.py
[2024-07-06T22:09:26.261+0700] {processor.py:183} INFO - Processing /home/acer/.local/share/virtualenvs/custom_airflow-E5ZHcY_K/lib/python3.12/site-packages/airflow/example_dags/subdags/subdag.py took 0.026 seconds
[2024-07-06T22:09:58.192+0700] {processor.py:161} INFO - Started process (PID=19350) to work on /home/acer/.local/share/virtualenvs/custom_airflow-E5ZHcY_K/lib/python3.12/site-packages/airflow/example_dags/subdags/subdag.py
[2024-07-06T22:09:58.195+0700] {processor.py:830} INFO - Processing file /home/acer/.local/share/virtualenvs/custom_airflow-E5ZHcY_K/lib/python3.12/site-packages/airflow/example_dags/subdags/subdag.py for tasks to queue
[2024-07-06T22:09:58.197+0700] {logging_mixin.py:188} INFO - [2024-07-06T22:09:58.197+0700] {dagbag.py:545} INFO - Filling up the DagBag from /home/acer/.local/share/virtualenvs/custom_airflow-E5ZHcY_K/lib/python3.12/site-packages/airflow/example_dags/subdags/subdag.py
[2024-07-06T22:09:58.200+0700] {processor.py:842} WARNING - No viable dags retrieved from /home/acer/.local/share/virtualenvs/custom_airflow-E5ZHcY_K/lib/python3.12/site-packages/airflow/example_dags/subdags/subdag.py
[2024-07-06T22:09:58.218+0700] {processor.py:183} INFO - Processing /home/acer/.local/share/virtualenvs/custom_airflow-E5ZHcY_K/lib/python3.12/site-packages/airflow/example_dags/subdags/subdag.py took 0.042 seconds
[2024-07-06T22:10:30.904+0700] {processor.py:161} INFO - Started process (PID=19560) to work on /home/acer/.local/share/virtualenvs/custom_airflow-E5ZHcY_K/lib/python3.12/site-packages/airflow/example_dags/subdags/subdag.py
[2024-07-06T22:10:30.907+0700] {processor.py:830} INFO - Processing file /home/acer/.local/share/virtualenvs/custom_airflow-E5ZHcY_K/lib/python3.12/site-packages/airflow/example_dags/subdags/subdag.py for tasks to queue
[2024-07-06T22:10:30.915+0700] {logging_mixin.py:188} INFO - [2024-07-06T22:10:30.913+0700] {dagbag.py:545} INFO - Filling up the DagBag from /home/acer/.local/share/virtualenvs/custom_airflow-E5ZHcY_K/lib/python3.12/site-packages/airflow/example_dags/subdags/subdag.py
[2024-07-06T22:10:30.924+0700] {processor.py:842} WARNING - No viable dags retrieved from /home/acer/.local/share/virtualenvs/custom_airflow-E5ZHcY_K/lib/python3.12/site-packages/airflow/example_dags/subdags/subdag.py
[2024-07-06T22:10:30.949+0700] {processor.py:183} INFO - Processing /home/acer/.local/share/virtualenvs/custom_airflow-E5ZHcY_K/lib/python3.12/site-packages/airflow/example_dags/subdags/subdag.py took 0.070 seconds
[2024-07-06T22:11:02.862+0700] {processor.py:161} INFO - Started process (PID=19752) to work on /home/acer/.local/share/virtualenvs/custom_airflow-E5ZHcY_K/lib/python3.12/site-packages/airflow/example_dags/subdags/subdag.py
[2024-07-06T22:11:02.868+0700] {processor.py:830} INFO - Processing file /home/acer/.local/share/virtualenvs/custom_airflow-E5ZHcY_K/lib/python3.12/site-packages/airflow/example_dags/subdags/subdag.py for tasks to queue
[2024-07-06T22:11:02.871+0700] {logging_mixin.py:188} INFO - [2024-07-06T22:11:02.871+0700] {dagbag.py:545} INFO - Filling up the DagBag from /home/acer/.local/share/virtualenvs/custom_airflow-E5ZHcY_K/lib/python3.12/site-packages/airflow/example_dags/subdags/subdag.py
[2024-07-06T22:11:02.875+0700] {processor.py:842} WARNING - No viable dags retrieved from /home/acer/.local/share/virtualenvs/custom_airflow-E5ZHcY_K/lib/python3.12/site-packages/airflow/example_dags/subdags/subdag.py
[2024-07-06T22:11:02.891+0700] {processor.py:183} INFO - Processing /home/acer/.local/share/virtualenvs/custom_airflow-E5ZHcY_K/lib/python3.12/site-packages/airflow/example_dags/subdags/subdag.py took 0.042 seconds
[2024-07-06T22:11:34.715+0700] {processor.py:161} INFO - Started process (PID=19907) to work on /home/acer/.local/share/virtualenvs/custom_airflow-E5ZHcY_K/lib/python3.12/site-packages/airflow/example_dags/subdags/subdag.py
[2024-07-06T22:11:34.716+0700] {processor.py:830} INFO - Processing file /home/acer/.local/share/virtualenvs/custom_airflow-E5ZHcY_K/lib/python3.12/site-packages/airflow/example_dags/subdags/subdag.py for tasks to queue
[2024-07-06T22:11:34.719+0700] {logging_mixin.py:188} INFO - [2024-07-06T22:11:34.719+0700] {dagbag.py:545} INFO - Filling up the DagBag from /home/acer/.local/share/virtualenvs/custom_airflow-E5ZHcY_K/lib/python3.12/site-packages/airflow/example_dags/subdags/subdag.py
[2024-07-06T22:11:34.723+0700] {processor.py:842} WARNING - No viable dags retrieved from /home/acer/.local/share/virtualenvs/custom_airflow-E5ZHcY_K/lib/python3.12/site-packages/airflow/example_dags/subdags/subdag.py
[2024-07-06T22:11:34.739+0700] {processor.py:183} INFO - Processing /home/acer/.local/share/virtualenvs/custom_airflow-E5ZHcY_K/lib/python3.12/site-packages/airflow/example_dags/subdags/subdag.py took 0.035 seconds
[2024-07-06T22:12:34.068+0700] {processor.py:161} INFO - Started process (PID=20228) to work on /home/acer/.local/share/virtualenvs/custom_airflow-E5ZHcY_K/lib/python3.12/site-packages/airflow/example_dags/subdags/subdag.py
[2024-07-06T22:12:34.069+0700] {processor.py:830} INFO - Processing file /home/acer/.local/share/virtualenvs/custom_airflow-E5ZHcY_K/lib/python3.12/site-packages/airflow/example_dags/subdags/subdag.py for tasks to queue
[2024-07-06T22:12:34.074+0700] {logging_mixin.py:188} INFO - [2024-07-06T22:12:34.073+0700] {dagbag.py:545} INFO - Filling up the DagBag from /home/acer/.local/share/virtualenvs/custom_airflow-E5ZHcY_K/lib/python3.12/site-packages/airflow/example_dags/subdags/subdag.py
[2024-07-06T22:12:34.078+0700] {processor.py:842} WARNING - No viable dags retrieved from /home/acer/.local/share/virtualenvs/custom_airflow-E5ZHcY_K/lib/python3.12/site-packages/airflow/example_dags/subdags/subdag.py
[2024-07-06T22:12:34.091+0700] {processor.py:183} INFO - Processing /home/acer/.local/share/virtualenvs/custom_airflow-E5ZHcY_K/lib/python3.12/site-packages/airflow/example_dags/subdags/subdag.py took 0.031 seconds
[2024-07-06T22:13:32.645+0700] {processor.py:161} INFO - Started process (PID=20596) to work on /home/acer/.local/share/virtualenvs/custom_airflow-E5ZHcY_K/lib/python3.12/site-packages/airflow/example_dags/subdags/subdag.py
[2024-07-06T22:13:32.646+0700] {processor.py:830} INFO - Processing file /home/acer/.local/share/virtualenvs/custom_airflow-E5ZHcY_K/lib/python3.12/site-packages/airflow/example_dags/subdags/subdag.py for tasks to queue
[2024-07-06T22:13:32.649+0700] {logging_mixin.py:188} INFO - [2024-07-06T22:13:32.648+0700] {dagbag.py:545} INFO - Filling up the DagBag from /home/acer/.local/share/virtualenvs/custom_airflow-E5ZHcY_K/lib/python3.12/site-packages/airflow/example_dags/subdags/subdag.py
[2024-07-06T22:13:32.652+0700] {processor.py:842} WARNING - No viable dags retrieved from /home/acer/.local/share/virtualenvs/custom_airflow-E5ZHcY_K/lib/python3.12/site-packages/airflow/example_dags/subdags/subdag.py
[2024-07-06T22:13:32.663+0700] {processor.py:183} INFO - Processing /home/acer/.local/share/virtualenvs/custom_airflow-E5ZHcY_K/lib/python3.12/site-packages/airflow/example_dags/subdags/subdag.py took 0.025 seconds
[2024-07-06T22:14:04.477+0700] {processor.py:161} INFO - Started process (PID=20754) to work on /home/acer/.local/share/virtualenvs/custom_airflow-E5ZHcY_K/lib/python3.12/site-packages/airflow/example_dags/subdags/subdag.py
[2024-07-06T22:14:04.479+0700] {processor.py:830} INFO - Processing file /home/acer/.local/share/virtualenvs/custom_airflow-E5ZHcY_K/lib/python3.12/site-packages/airflow/example_dags/subdags/subdag.py for tasks to queue
[2024-07-06T22:14:04.482+0700] {logging_mixin.py:188} INFO - [2024-07-06T22:14:04.481+0700] {dagbag.py:545} INFO - Filling up the DagBag from /home/acer/.local/share/virtualenvs/custom_airflow-E5ZHcY_K/lib/python3.12/site-packages/airflow/example_dags/subdags/subdag.py
[2024-07-06T22:14:04.486+0700] {processor.py:842} WARNING - No viable dags retrieved from /home/acer/.local/share/virtualenvs/custom_airflow-E5ZHcY_K/lib/python3.12/site-packages/airflow/example_dags/subdags/subdag.py
[2024-07-06T22:14:04.503+0700] {processor.py:183} INFO - Processing /home/acer/.local/share/virtualenvs/custom_airflow-E5ZHcY_K/lib/python3.12/site-packages/airflow/example_dags/subdags/subdag.py took 0.038 seconds
[2024-07-06T22:15:05.120+0700] {processor.py:161} INFO - Started process (PID=21095) to work on /home/acer/.local/share/virtualenvs/custom_airflow-E5ZHcY_K/lib/python3.12/site-packages/airflow/example_dags/subdags/subdag.py
[2024-07-06T22:15:05.122+0700] {processor.py:830} INFO - Processing file /home/acer/.local/share/virtualenvs/custom_airflow-E5ZHcY_K/lib/python3.12/site-packages/airflow/example_dags/subdags/subdag.py for tasks to queue
[2024-07-06T22:15:05.126+0700] {logging_mixin.py:188} INFO - [2024-07-06T22:15:05.125+0700] {dagbag.py:545} INFO - Filling up the DagBag from /home/acer/.local/share/virtualenvs/custom_airflow-E5ZHcY_K/lib/python3.12/site-packages/airflow/example_dags/subdags/subdag.py
[2024-07-06T22:15:05.129+0700] {processor.py:842} WARNING - No viable dags retrieved from /home/acer/.local/share/virtualenvs/custom_airflow-E5ZHcY_K/lib/python3.12/site-packages/airflow/example_dags/subdags/subdag.py
[2024-07-06T22:15:05.142+0700] {processor.py:183} INFO - Processing /home/acer/.local/share/virtualenvs/custom_airflow-E5ZHcY_K/lib/python3.12/site-packages/airflow/example_dags/subdags/subdag.py took 0.032 seconds
[2024-07-06T22:15:37.858+0700] {processor.py:161} INFO - Started process (PID=21332) to work on /home/acer/.local/share/virtualenvs/custom_airflow-E5ZHcY_K/lib/python3.12/site-packages/airflow/example_dags/subdags/subdag.py
[2024-07-06T22:15:37.860+0700] {processor.py:830} INFO - Processing file /home/acer/.local/share/virtualenvs/custom_airflow-E5ZHcY_K/lib/python3.12/site-packages/airflow/example_dags/subdags/subdag.py for tasks to queue
[2024-07-06T22:15:37.864+0700] {logging_mixin.py:188} INFO - [2024-07-06T22:15:37.863+0700] {dagbag.py:545} INFO - Filling up the DagBag from /home/acer/.local/share/virtualenvs/custom_airflow-E5ZHcY_K/lib/python3.12/site-packages/airflow/example_dags/subdags/subdag.py
[2024-07-06T22:15:37.869+0700] {processor.py:842} WARNING - No viable dags retrieved from /home/acer/.local/share/virtualenvs/custom_airflow-E5ZHcY_K/lib/python3.12/site-packages/airflow/example_dags/subdags/subdag.py
[2024-07-06T22:15:37.885+0700] {processor.py:183} INFO - Processing /home/acer/.local/share/virtualenvs/custom_airflow-E5ZHcY_K/lib/python3.12/site-packages/airflow/example_dags/subdags/subdag.py took 0.044 seconds
[2024-07-06T22:16:34.544+0700] {processor.py:161} INFO - Started process (PID=21628) to work on /home/acer/.local/share/virtualenvs/custom_airflow-E5ZHcY_K/lib/python3.12/site-packages/airflow/example_dags/subdags/subdag.py
[2024-07-06T22:16:34.546+0700] {processor.py:830} INFO - Processing file /home/acer/.local/share/virtualenvs/custom_airflow-E5ZHcY_K/lib/python3.12/site-packages/airflow/example_dags/subdags/subdag.py for tasks to queue
[2024-07-06T22:16:34.548+0700] {logging_mixin.py:188} INFO - [2024-07-06T22:16:34.547+0700] {dagbag.py:545} INFO - Filling up the DagBag from /home/acer/.local/share/virtualenvs/custom_airflow-E5ZHcY_K/lib/python3.12/site-packages/airflow/example_dags/subdags/subdag.py
[2024-07-06T22:16:34.552+0700] {processor.py:842} WARNING - No viable dags retrieved from /home/acer/.local/share/virtualenvs/custom_airflow-E5ZHcY_K/lib/python3.12/site-packages/airflow/example_dags/subdags/subdag.py
[2024-07-06T22:16:34.568+0700] {processor.py:183} INFO - Processing /home/acer/.local/share/virtualenvs/custom_airflow-E5ZHcY_K/lib/python3.12/site-packages/airflow/example_dags/subdags/subdag.py took 0.031 seconds
[2024-07-06T22:17:28.598+0700] {processor.py:161} INFO - Started process (PID=21917) to work on /home/acer/.local/share/virtualenvs/custom_airflow-E5ZHcY_K/lib/python3.12/site-packages/airflow/example_dags/subdags/subdag.py
[2024-07-06T22:17:28.601+0700] {processor.py:830} INFO - Processing file /home/acer/.local/share/virtualenvs/custom_airflow-E5ZHcY_K/lib/python3.12/site-packages/airflow/example_dags/subdags/subdag.py for tasks to queue
[2024-07-06T22:17:28.606+0700] {logging_mixin.py:188} INFO - [2024-07-06T22:17:28.605+0700] {dagbag.py:545} INFO - Filling up the DagBag from /home/acer/.local/share/virtualenvs/custom_airflow-E5ZHcY_K/lib/python3.12/site-packages/airflow/example_dags/subdags/subdag.py
[2024-07-06T22:17:28.612+0700] {processor.py:842} WARNING - No viable dags retrieved from /home/acer/.local/share/virtualenvs/custom_airflow-E5ZHcY_K/lib/python3.12/site-packages/airflow/example_dags/subdags/subdag.py
[2024-07-06T22:17:28.632+0700] {processor.py:183} INFO - Processing /home/acer/.local/share/virtualenvs/custom_airflow-E5ZHcY_K/lib/python3.12/site-packages/airflow/example_dags/subdags/subdag.py took 0.050 seconds
[2024-07-06T22:18:02.124+0700] {processor.py:161} INFO - Started process (PID=22106) to work on /home/acer/.local/share/virtualenvs/custom_airflow-E5ZHcY_K/lib/python3.12/site-packages/airflow/example_dags/subdags/subdag.py
[2024-07-06T22:18:02.126+0700] {processor.py:830} INFO - Processing file /home/acer/.local/share/virtualenvs/custom_airflow-E5ZHcY_K/lib/python3.12/site-packages/airflow/example_dags/subdags/subdag.py for tasks to queue
[2024-07-06T22:18:02.128+0700] {logging_mixin.py:188} INFO - [2024-07-06T22:18:02.128+0700] {dagbag.py:545} INFO - Filling up the DagBag from /home/acer/.local/share/virtualenvs/custom_airflow-E5ZHcY_K/lib/python3.12/site-packages/airflow/example_dags/subdags/subdag.py
[2024-07-06T22:18:02.133+0700] {processor.py:842} WARNING - No viable dags retrieved from /home/acer/.local/share/virtualenvs/custom_airflow-E5ZHcY_K/lib/python3.12/site-packages/airflow/example_dags/subdags/subdag.py
[2024-07-06T22:18:02.150+0700] {processor.py:183} INFO - Processing /home/acer/.local/share/virtualenvs/custom_airflow-E5ZHcY_K/lib/python3.12/site-packages/airflow/example_dags/subdags/subdag.py took 0.035 seconds
[2024-07-06T22:18:34.722+0700] {processor.py:161} INFO - Started process (PID=22266) to work on /home/acer/.local/share/virtualenvs/custom_airflow-E5ZHcY_K/lib/python3.12/site-packages/airflow/example_dags/subdags/subdag.py
[2024-07-06T22:18:34.723+0700] {processor.py:830} INFO - Processing file /home/acer/.local/share/virtualenvs/custom_airflow-E5ZHcY_K/lib/python3.12/site-packages/airflow/example_dags/subdags/subdag.py for tasks to queue
[2024-07-06T22:18:34.725+0700] {logging_mixin.py:188} INFO - [2024-07-06T22:18:34.725+0700] {dagbag.py:545} INFO - Filling up the DagBag from /home/acer/.local/share/virtualenvs/custom_airflow-E5ZHcY_K/lib/python3.12/site-packages/airflow/example_dags/subdags/subdag.py
[2024-07-06T22:18:34.728+0700] {processor.py:842} WARNING - No viable dags retrieved from /home/acer/.local/share/virtualenvs/custom_airflow-E5ZHcY_K/lib/python3.12/site-packages/airflow/example_dags/subdags/subdag.py
[2024-07-06T22:18:34.741+0700] {processor.py:183} INFO - Processing /home/acer/.local/share/virtualenvs/custom_airflow-E5ZHcY_K/lib/python3.12/site-packages/airflow/example_dags/subdags/subdag.py took 0.030 seconds
[2024-07-06T22:19:06.412+0700] {processor.py:161} INFO - Started process (PID=22427) to work on /home/acer/.local/share/virtualenvs/custom_airflow-E5ZHcY_K/lib/python3.12/site-packages/airflow/example_dags/subdags/subdag.py
[2024-07-06T22:19:06.418+0700] {processor.py:830} INFO - Processing file /home/acer/.local/share/virtualenvs/custom_airflow-E5ZHcY_K/lib/python3.12/site-packages/airflow/example_dags/subdags/subdag.py for tasks to queue
[2024-07-06T22:19:06.424+0700] {logging_mixin.py:188} INFO - [2024-07-06T22:19:06.423+0700] {dagbag.py:545} INFO - Filling up the DagBag from /home/acer/.local/share/virtualenvs/custom_airflow-E5ZHcY_K/lib/python3.12/site-packages/airflow/example_dags/subdags/subdag.py
[2024-07-06T22:19:06.431+0700] {processor.py:842} WARNING - No viable dags retrieved from /home/acer/.local/share/virtualenvs/custom_airflow-E5ZHcY_K/lib/python3.12/site-packages/airflow/example_dags/subdags/subdag.py
[2024-07-06T22:19:06.449+0700] {processor.py:183} INFO - Processing /home/acer/.local/share/virtualenvs/custom_airflow-E5ZHcY_K/lib/python3.12/site-packages/airflow/example_dags/subdags/subdag.py took 0.065 seconds
[2024-07-06T22:20:07.426+0700] {processor.py:161} INFO - Started process (PID=22772) to work on /home/acer/.local/share/virtualenvs/custom_airflow-E5ZHcY_K/lib/python3.12/site-packages/airflow/example_dags/subdags/subdag.py
[2024-07-06T22:20:07.428+0700] {processor.py:830} INFO - Processing file /home/acer/.local/share/virtualenvs/custom_airflow-E5ZHcY_K/lib/python3.12/site-packages/airflow/example_dags/subdags/subdag.py for tasks to queue
[2024-07-06T22:20:07.430+0700] {logging_mixin.py:188} INFO - [2024-07-06T22:20:07.429+0700] {dagbag.py:545} INFO - Filling up the DagBag from /home/acer/.local/share/virtualenvs/custom_airflow-E5ZHcY_K/lib/python3.12/site-packages/airflow/example_dags/subdags/subdag.py
[2024-07-06T22:20:07.432+0700] {processor.py:842} WARNING - No viable dags retrieved from /home/acer/.local/share/virtualenvs/custom_airflow-E5ZHcY_K/lib/python3.12/site-packages/airflow/example_dags/subdags/subdag.py
[2024-07-06T22:20:07.445+0700] {processor.py:183} INFO - Processing /home/acer/.local/share/virtualenvs/custom_airflow-E5ZHcY_K/lib/python3.12/site-packages/airflow/example_dags/subdags/subdag.py took 0.028 seconds
[2024-07-06T22:21:07.562+0700] {processor.py:161} INFO - Started process (PID=23077) to work on /home/acer/.local/share/virtualenvs/custom_airflow-E5ZHcY_K/lib/python3.12/site-packages/airflow/example_dags/subdags/subdag.py
[2024-07-06T22:21:07.563+0700] {processor.py:830} INFO - Processing file /home/acer/.local/share/virtualenvs/custom_airflow-E5ZHcY_K/lib/python3.12/site-packages/airflow/example_dags/subdags/subdag.py for tasks to queue
[2024-07-06T22:21:07.565+0700] {logging_mixin.py:188} INFO - [2024-07-06T22:21:07.565+0700] {dagbag.py:545} INFO - Filling up the DagBag from /home/acer/.local/share/virtualenvs/custom_airflow-E5ZHcY_K/lib/python3.12/site-packages/airflow/example_dags/subdags/subdag.py
[2024-07-06T22:21:07.568+0700] {processor.py:842} WARNING - No viable dags retrieved from /home/acer/.local/share/virtualenvs/custom_airflow-E5ZHcY_K/lib/python3.12/site-packages/airflow/example_dags/subdags/subdag.py
[2024-07-06T22:21:07.577+0700] {processor.py:183} INFO - Processing /home/acer/.local/share/virtualenvs/custom_airflow-E5ZHcY_K/lib/python3.12/site-packages/airflow/example_dags/subdags/subdag.py took 0.024 seconds
