[2024-07-06T22:01:47.211+0700] {local_task_job_runner.py:120} INFO - ::group::Pre task execution logs
[2024-07-06T22:01:47.230+0700] {taskinstance.py:2076} INFO - Dependencies all met for dep_context=non-requeueable deps ti=<TaskInstance: download_rocket_launches.notify manual__2024-07-06T15:01:07.360224+00:00 [queued]>
[2024-07-06T22:01:47.238+0700] {taskinstance.py:2076} INFO - Dependencies all met for dep_context=requeueable deps ti=<TaskInstance: download_rocket_launches.notify manual__2024-07-06T15:01:07.360224+00:00 [queued]>
[2024-07-06T22:01:47.238+0700] {taskinstance.py:2306} INFO - Starting attempt 1 of 1
[2024-07-06T22:01:47.252+0700] {taskinstance.py:2330} INFO - Executing <Task(BashOperator): notify> on 2024-07-06 15:01:07.360224+00:00
[2024-07-06T22:01:47.255+0700] {standard_task_runner.py:63} INFO - Started process 15743 to run task
[2024-07-06T22:01:47.258+0700] {standard_task_runner.py:90} INFO - Running: ['airflow', 'tasks', 'run', 'download_rocket_launches', 'notify', 'manual__2024-07-06T15:01:07.360224+00:00', '--job-id', '11', '--raw', '--subdir', 'DAGS_FOLDER/rocket_dag.py', '--cfg-path', '/tmp/tmpfr32o2n9']
[2024-07-06T22:01:47.258+0700] {standard_task_runner.py:91} INFO - Job 11: Subtask notify
[2024-07-06T22:01:47.290+0700] {task_command.py:426} INFO - Running <TaskInstance: download_rocket_launches.notify manual__2024-07-06T15:01:07.360224+00:00 [running]> on host acer
[2024-07-06T22:01:47.357+0700] {taskinstance.py:2648} INFO - Exporting env vars: AIRFLOW_CTX_DAG_OWNER='airflow' AIRFLOW_CTX_DAG_ID='download_rocket_launches' AIRFLOW_CTX_TASK_ID='notify' AIRFLOW_CTX_EXECUTION_DATE='2024-07-06T15:01:07.360224+00:00' AIRFLOW_CTX_TRY_NUMBER='1' AIRFLOW_CTX_DAG_RUN_ID='manual__2024-07-06T15:01:07.360224+00:00'
[2024-07-06T22:01:47.358+0700] {taskinstance.py:430} INFO - ::endgroup::
[2024-07-06T22:01:47.359+0700] {subprocess.py:63} INFO - Tmp dir root location: /tmp
[2024-07-06T22:01:47.360+0700] {subprocess.py:75} INFO - Running command: ['/usr/bin/bash', '-c', 'echo "There are now $(ls /tmp/images/ | wc -l) images."']
[2024-07-06T22:01:47.368+0700] {subprocess.py:86} INFO - Output:
[2024-07-06T22:01:47.371+0700] {subprocess.py:93} INFO - There are now 5 images.
[2024-07-06T22:01:47.372+0700] {subprocess.py:97} INFO - Command exited with return code 0
[2024-07-06T22:01:47.372+0700] {taskinstance.py:441} INFO - ::group::Post task execution logs
[2024-07-06T22:01:47.390+0700] {taskinstance.py:1206} INFO - Marking task as SUCCESS. dag_id=download_rocket_launches, task_id=notify, run_id=manual__2024-07-06T15:01:07.360224+00:00, execution_date=20240706T150107, start_date=20240706T150147, end_date=20240706T150147
[2024-07-06T22:01:47.430+0700] {local_task_job_runner.py:240} INFO - Task exited with return code 0
[2024-07-06T22:01:47.443+0700] {taskinstance.py:3503} INFO - 0 downstream tasks scheduled from follow-on schedule check
[2024-07-06T22:01:47.444+0700] {local_task_job_runner.py:222} INFO - ::endgroup::
