[2024-07-06T16:23:26.246+0700] {local_task_job_runner.py:120} INFO - ::group::Pre task execution logs
[2024-07-06T16:23:26.278+0700] {taskinstance.py:2076} INFO - Dependencies all met for dep_context=non-requeueable deps ti=<TaskInstance: download_rocket_launches.get_pictures manual__2024-07-06T09:23:16.278923+00:00 [queued]>
[2024-07-06T16:23:26.286+0700] {taskinstance.py:2076} INFO - Dependencies all met for dep_context=requeueable deps ti=<TaskInstance: download_rocket_launches.get_pictures manual__2024-07-06T09:23:16.278923+00:00 [queued]>
[2024-07-06T16:23:26.287+0700] {taskinstance.py:2306} INFO - Starting attempt 1 of 1
[2024-07-06T16:23:26.300+0700] {taskinstance.py:2330} INFO - Executing <Task(PythonOperator): get_pictures> on 2024-07-06 09:23:16.278923+00:00
[2024-07-06T16:23:26.304+0700] {standard_task_runner.py:63} INFO - Started process 58492 to run task
[2024-07-06T16:23:26.307+0700] {standard_task_runner.py:90} INFO - Running: ['airflow', 'tasks', 'run', 'download_rocket_launches', 'get_pictures', 'manual__2024-07-06T09:23:16.278923+00:00', '--job-id', '6', '--raw', '--subdir', 'DAGS_FOLDER/rocket_dag.py', '--cfg-path', '/tmp/tmpy0prk9t1']
[2024-07-06T16:23:26.308+0700] {standard_task_runner.py:91} INFO - Job 6: Subtask get_pictures
[2024-07-06T16:23:26.369+0700] {task_command.py:426} INFO - Running <TaskInstance: download_rocket_launches.get_pictures manual__2024-07-06T09:23:16.278923+00:00 [running]> on host acer
[2024-07-06T16:23:26.442+0700] {taskinstance.py:2648} INFO - Exporting env vars: AIRFLOW_CTX_DAG_OWNER='airflow' AIRFLOW_CTX_DAG_ID='download_rocket_launches' AIRFLOW_CTX_TASK_ID='get_pictures' AIRFLOW_CTX_EXECUTION_DATE='2024-07-06T09:23:16.278923+00:00' AIRFLOW_CTX_TRY_NUMBER='1' AIRFLOW_CTX_DAG_RUN_ID='manual__2024-07-06T09:23:16.278923+00:00'
[2024-07-06T16:23:26.443+0700] {taskinstance.py:430} INFO - ::endgroup::
[2024-07-06T16:23:29.558+0700] {logging_mixin.py:188} INFO - Downloaded https://spacelaunchnow-prod-east.nyc3.digitaloceanspaces.com/media/images/falcon_9_image_20230807133459.jpeg to /tmp/images/falcon_9_image_20230807133459.jpeg
[2024-07-06T16:23:32.324+0700] {logging_mixin.py:188} INFO - Downloaded https://spacelaunchnow-prod-east.nyc3.digitaloceanspaces.com/media/images/falcon2520925_image_20221009234147.png to /tmp/images/falcon2520925_image_20221009234147.png
[2024-07-06T16:23:34.170+0700] {logging_mixin.py:188} INFO - Downloaded https://spacelaunchnow-prod-east.nyc3.digitaloceanspaces.com/media/images/ariane252062_image_20190224012339.jpeg to /tmp/images/ariane252062_image_20190224012339.jpeg
[2024-07-06T16:23:36.629+0700] {logging_mixin.py:188} INFO - Downloaded https://spacelaunchnow-prod-east.nyc3.digitaloceanspaces.com/media/images/falcon_9_image_20230807133459.jpeg to /tmp/images/falcon_9_image_20230807133459.jpeg
[2024-07-06T16:23:39.087+0700] {logging_mixin.py:188} INFO - Downloaded https://spacelaunchnow-prod-east.nyc3.digitaloceanspaces.com/media/images/falcon_9_image_20230807133459.jpeg to /tmp/images/falcon_9_image_20230807133459.jpeg
[2024-07-06T16:23:41.851+0700] {logging_mixin.py:188} INFO - Downloaded https://spacelaunchnow-prod-east.nyc3.digitaloceanspaces.com/media/images/atlas2520v2520551_image_20190224012316.jpeg to /tmp/images/atlas2520v2520551_image_20190224012316.jpeg
[2024-07-06T16:23:44.310+0700] {logging_mixin.py:188} INFO - Downloaded https://spacelaunchnow-prod-east.nyc3.digitaloceanspaces.com/media/images/falcon2520925_image_20221009234147.png to /tmp/images/falcon2520925_image_20221009234147.png
[2024-07-06T16:23:47.073+0700] {logging_mixin.py:188} INFO - Downloaded https://spacelaunchnow-prod-east.nyc3.digitaloceanspaces.com/media/images/falcon2520925_image_20221009234147.png to /tmp/images/falcon2520925_image_20221009234147.png
[2024-07-06T16:23:51.072+0700] {logging_mixin.py:188} INFO - Downloaded https://spacelaunchnow-prod-east.nyc3.digitaloceanspaces.com/media/images/hyperbola-1_image_20230403194326.png to /tmp/images/hyperbola-1_image_20230403194326.png
[2024-07-06T16:23:53.218+0700] {logging_mixin.py:188} INFO - Downloaded https://spacelaunchnow-prod-east.nyc3.digitaloceanspaces.com/media/images/falcon2520925_image_20221009234147.png to /tmp/images/falcon2520925_image_20221009234147.png
[2024-07-06T16:23:53.223+0700] {python.py:237} INFO - Done. Returned value was: None
[2024-07-06T16:23:53.224+0700] {taskinstance.py:441} INFO - ::group::Post task execution logs
[2024-07-06T16:23:53.244+0700] {taskinstance.py:1206} INFO - Marking task as SUCCESS. dag_id=download_rocket_launches, task_id=get_pictures, run_id=manual__2024-07-06T09:23:16.278923+00:00, execution_date=20240706T092316, start_date=20240706T092326, end_date=20240706T092353
[2024-07-06T16:23:53.323+0700] {local_task_job_runner.py:240} INFO - Task exited with return code 0
[2024-07-06T16:23:53.358+0700] {taskinstance.py:3503} INFO - 1 downstream tasks scheduled from follow-on schedule check
[2024-07-06T16:23:53.362+0700] {local_task_job_runner.py:222} INFO - ::endgroup::
