[2024-07-06T22:04:21.771+0700] {local_task_job_runner.py:120} INFO - ::group::Pre task execution logs
[2024-07-06T22:04:21.796+0700] {taskinstance.py:2076} INFO - Dependencies all met for dep_context=non-requeueable deps ti=<TaskInstance: download_rocket_launches.download_launches manual__2024-07-06T09:19:29.407839+00:00 [queued]>
[2024-07-06T22:04:21.805+0700] {taskinstance.py:2076} INFO - Dependencies all met for dep_context=requeueable deps ti=<TaskInstance: download_rocket_launches.download_launches manual__2024-07-06T09:19:29.407839+00:00 [queued]>
[2024-07-06T22:04:21.805+0700] {taskinstance.py:2306} INFO - Starting attempt 2 of 2
[2024-07-06T22:04:21.820+0700] {taskinstance.py:2330} INFO - Executing <Task(BashOperator): download_launches> on 2024-07-06 09:19:29.407839+00:00
[2024-07-06T22:04:21.823+0700] {standard_task_runner.py:63} INFO - Started process 16896 to run task
[2024-07-06T22:04:21.826+0700] {standard_task_runner.py:90} INFO - Running: ['airflow', 'tasks', 'run', 'download_rocket_launches', 'download_launches', 'manual__2024-07-06T09:19:29.407839+00:00', '--job-id', '12', '--raw', '--subdir', 'DAGS_FOLDER/rocket_dag.py', '--cfg-path', '/tmp/tmpf0rapvi4']
[2024-07-06T22:04:21.827+0700] {standard_task_runner.py:91} INFO - Job 12: Subtask download_launches
[2024-07-06T22:04:21.867+0700] {task_command.py:426} INFO - Running <TaskInstance: download_rocket_launches.download_launches manual__2024-07-06T09:19:29.407839+00:00 [running]> on host acer
[2024-07-06T22:04:21.939+0700] {taskinstance.py:2648} INFO - Exporting env vars: AIRFLOW_CTX_DAG_OWNER='airflow' AIRFLOW_CTX_DAG_ID='download_rocket_launches' AIRFLOW_CTX_TASK_ID='download_launches' AIRFLOW_CTX_EXECUTION_DATE='2024-07-06T09:19:29.407839+00:00' AIRFLOW_CTX_TRY_NUMBER='2' AIRFLOW_CTX_DAG_RUN_ID='manual__2024-07-06T09:19:29.407839+00:00'
[2024-07-06T22:04:21.940+0700] {taskinstance.py:430} INFO - ::endgroup::
[2024-07-06T22:04:21.941+0700] {subprocess.py:63} INFO - Tmp dir root location: /tmp
[2024-07-06T22:04:21.942+0700] {subprocess.py:75} INFO - Running command: ['/usr/bin/bash', '-c', "curl -o /tmp/launches.json -L 'https://ll.thespacedevs.com/2.0.0/launch/upcoming'"]
[2024-07-06T22:04:21.952+0700] {subprocess.py:86} INFO - Output:
[2024-07-06T22:04:21.959+0700] {subprocess.py:93} INFO -   % Total    % Received % Xferd  Average Speed   Time    Time     Time  Current
[2024-07-06T22:04:21.959+0700] {subprocess.py:93} INFO -                                  Dload  Upload   Total   Spent    Left  Speed
[2024-07-06T22:04:22.915+0700] {subprocess.py:93} INFO -   0     0    0     0    0     0      0      0 --:--:-- --:--:-- --:--:--     0  0     0    0     0    0     0      0      0 --:--:-- --:--:-- --:--:--     0  0     0    0     0    0     0      0      0 --:--:-- --:--:-- --:--:--     0
[2024-07-06T22:04:23.529+0700] {subprocess.py:93} INFO - 100 23320  100 23320    0     0  14856      0  0:00:01  0:00:01 --:--:-- 14856
[2024-07-06T22:04:23.533+0700] {subprocess.py:97} INFO - Command exited with return code 0
[2024-07-06T22:04:23.534+0700] {taskinstance.py:441} INFO - ::group::Post task execution logs
[2024-07-06T22:04:23.559+0700] {taskinstance.py:1206} INFO - Marking task as SUCCESS. dag_id=download_rocket_launches, task_id=download_launches, run_id=manual__2024-07-06T09:19:29.407839+00:00, execution_date=20240706T091929, start_date=20240706T150421, end_date=20240706T150423
[2024-07-06T22:04:23.605+0700] {local_task_job_runner.py:240} INFO - Task exited with return code 0
[2024-07-06T22:04:23.643+0700] {taskinstance.py:3503} INFO - 1 downstream tasks scheduled from follow-on schedule check
[2024-07-06T22:04:23.648+0700] {local_task_job_runner.py:222} INFO - ::endgroup::
