[2024-07-06T16:09:36.823+0700] {processor.py:161} INFO - Started process (PID=51510) to work on /home/acer/.local/share/virtualenvs/custom_airflow-E5ZHcY_K/lib/python3.12/site-packages/airflow/example_dags/example_bash_decorator.py
[2024-07-06T16:09:36.825+0700] {processor.py:830} INFO - Processing file /home/acer/.local/share/virtualenvs/custom_airflow-E5ZHcY_K/lib/python3.12/site-packages/airflow/example_dags/example_bash_decorator.py for tasks to queue
[2024-07-06T16:09:36.831+0700] {logging_mixin.py:188} INFO - [2024-07-06T16:09:36.829+0700] {dagbag.py:545} INFO - Filling up the DagBag from /home/acer/.local/share/virtualenvs/custom_airflow-E5ZHcY_K/lib/python3.12/site-packages/airflow/example_dags/example_bash_decorator.py
[2024-07-06T16:09:36.877+0700] {processor.py:840} INFO - DAG(s) 'example_bash_decorator' retrieved from /home/acer/.local/share/virtualenvs/custom_airflow-E5ZHcY_K/lib/python3.12/site-packages/airflow/example_dags/example_bash_decorator.py
[2024-07-06T16:09:37.005+0700] {logging_mixin.py:188} INFO - [2024-07-06T16:09:37.004+0700] {override.py:1847} INFO - Created Permission View: can delete on DAG:example_bash_decorator
[2024-07-06T16:09:37.018+0700] {logging_mixin.py:188} INFO - [2024-07-06T16:09:37.017+0700] {override.py:1847} INFO - Created Permission View: can edit on DAG:example_bash_decorator
[2024-07-06T16:09:37.033+0700] {logging_mixin.py:188} INFO - [2024-07-06T16:09:37.032+0700] {override.py:1847} INFO - Created Permission View: can read on DAG:example_bash_decorator
[2024-07-06T16:09:37.033+0700] {logging_mixin.py:188} INFO - [2024-07-06T16:09:37.033+0700] {dag.py:3096} INFO - Sync 1 DAGs
[2024-07-06T16:09:37.055+0700] {logging_mixin.py:188} INFO - [2024-07-06T16:09:37.054+0700] {dag.py:3118} INFO - Creating ORM DAG for example_bash_decorator
[2024-07-06T16:09:37.056+0700] {logging_mixin.py:188} INFO - [2024-07-06T16:09:37.056+0700] {dag.py:3954} INFO - Setting next_dagrun for example_bash_decorator to None, run_after=None
[2024-07-06T16:09:37.088+0700] {processor.py:183} INFO - Processing /home/acer/.local/share/virtualenvs/custom_airflow-E5ZHcY_K/lib/python3.12/site-packages/airflow/example_dags/example_bash_decorator.py took 0.295 seconds
[2024-07-06T16:11:24.791+0700] {processor.py:161} INFO - Started process (PID=52431) to work on /home/acer/.local/share/virtualenvs/custom_airflow-E5ZHcY_K/lib/python3.12/site-packages/airflow/example_dags/example_bash_decorator.py
[2024-07-06T16:11:24.793+0700] {processor.py:830} INFO - Processing file /home/acer/.local/share/virtualenvs/custom_airflow-E5ZHcY_K/lib/python3.12/site-packages/airflow/example_dags/example_bash_decorator.py for tasks to queue
[2024-07-06T16:11:24.794+0700] {logging_mixin.py:188} INFO - [2024-07-06T16:11:24.794+0700] {dagbag.py:545} INFO - Filling up the DagBag from /home/acer/.local/share/virtualenvs/custom_airflow-E5ZHcY_K/lib/python3.12/site-packages/airflow/example_dags/example_bash_decorator.py
[2024-07-06T16:11:24.814+0700] {processor.py:840} INFO - DAG(s) 'example_bash_decorator' retrieved from /home/acer/.local/share/virtualenvs/custom_airflow-E5ZHcY_K/lib/python3.12/site-packages/airflow/example_dags/example_bash_decorator.py
[2024-07-06T16:11:24.922+0700] {logging_mixin.py:188} INFO - [2024-07-06T16:11:24.921+0700] {dag.py:3096} INFO - Sync 1 DAGs
[2024-07-06T16:11:24.932+0700] {logging_mixin.py:188} INFO - [2024-07-06T16:11:24.932+0700] {dag.py:3954} INFO - Setting next_dagrun for example_bash_decorator to None, run_after=None
[2024-07-06T16:11:24.957+0700] {processor.py:183} INFO - Processing /home/acer/.local/share/virtualenvs/custom_airflow-E5ZHcY_K/lib/python3.12/site-packages/airflow/example_dags/example_bash_decorator.py took 0.175 seconds
[2024-07-06T16:16:26.641+0700] {processor.py:161} INFO - Started process (PID=55176) to work on /home/acer/.local/share/virtualenvs/custom_airflow-E5ZHcY_K/lib/python3.12/site-packages/airflow/example_dags/example_bash_decorator.py
[2024-07-06T16:16:26.642+0700] {processor.py:830} INFO - Processing file /home/acer/.local/share/virtualenvs/custom_airflow-E5ZHcY_K/lib/python3.12/site-packages/airflow/example_dags/example_bash_decorator.py for tasks to queue
[2024-07-06T16:16:26.644+0700] {logging_mixin.py:188} INFO - [2024-07-06T16:16:26.643+0700] {dagbag.py:545} INFO - Filling up the DagBag from /home/acer/.local/share/virtualenvs/custom_airflow-E5ZHcY_K/lib/python3.12/site-packages/airflow/example_dags/example_bash_decorator.py
[2024-07-06T16:16:26.658+0700] {processor.py:840} INFO - DAG(s) 'example_bash_decorator' retrieved from /home/acer/.local/share/virtualenvs/custom_airflow-E5ZHcY_K/lib/python3.12/site-packages/airflow/example_dags/example_bash_decorator.py
[2024-07-06T16:16:26.777+0700] {logging_mixin.py:188} INFO - [2024-07-06T16:16:26.777+0700] {dag.py:3096} INFO - Sync 1 DAGs
[2024-07-06T16:16:26.788+0700] {logging_mixin.py:188} INFO - [2024-07-06T16:16:26.788+0700] {dag.py:3954} INFO - Setting next_dagrun for example_bash_decorator to None, run_after=None
[2024-07-06T16:16:26.810+0700] {processor.py:183} INFO - Processing /home/acer/.local/share/virtualenvs/custom_airflow-E5ZHcY_K/lib/python3.12/site-packages/airflow/example_dags/example_bash_decorator.py took 0.176 seconds
[2024-07-06T16:17:44.648+0700] {processor.py:161} INFO - Started process (PID=55794) to work on /home/acer/.local/share/virtualenvs/custom_airflow-E5ZHcY_K/lib/python3.12/site-packages/airflow/example_dags/example_bash_decorator.py
[2024-07-06T16:17:44.650+0700] {processor.py:830} INFO - Processing file /home/acer/.local/share/virtualenvs/custom_airflow-E5ZHcY_K/lib/python3.12/site-packages/airflow/example_dags/example_bash_decorator.py for tasks to queue
[2024-07-06T16:17:44.652+0700] {logging_mixin.py:188} INFO - [2024-07-06T16:17:44.651+0700] {dagbag.py:545} INFO - Filling up the DagBag from /home/acer/.local/share/virtualenvs/custom_airflow-E5ZHcY_K/lib/python3.12/site-packages/airflow/example_dags/example_bash_decorator.py
[2024-07-06T16:17:44.666+0700] {processor.py:840} INFO - DAG(s) 'example_bash_decorator' retrieved from /home/acer/.local/share/virtualenvs/custom_airflow-E5ZHcY_K/lib/python3.12/site-packages/airflow/example_dags/example_bash_decorator.py
[2024-07-06T16:17:44.687+0700] {logging_mixin.py:188} INFO - [2024-07-06T16:17:44.687+0700] {dag.py:3096} INFO - Sync 1 DAGs
[2024-07-06T16:17:44.699+0700] {logging_mixin.py:188} INFO - [2024-07-06T16:17:44.699+0700] {dag.py:3954} INFO - Setting next_dagrun for example_bash_decorator to None, run_after=None
[2024-07-06T16:17:44.720+0700] {processor.py:183} INFO - Processing /home/acer/.local/share/virtualenvs/custom_airflow-E5ZHcY_K/lib/python3.12/site-packages/airflow/example_dags/example_bash_decorator.py took 0.081 seconds
[2024-07-06T16:18:55.162+0700] {processor.py:161} INFO - Started process (PID=56134) to work on /home/acer/.local/share/virtualenvs/custom_airflow-E5ZHcY_K/lib/python3.12/site-packages/airflow/example_dags/example_bash_decorator.py
[2024-07-06T16:18:55.163+0700] {processor.py:830} INFO - Processing file /home/acer/.local/share/virtualenvs/custom_airflow-E5ZHcY_K/lib/python3.12/site-packages/airflow/example_dags/example_bash_decorator.py for tasks to queue
[2024-07-06T16:18:55.167+0700] {logging_mixin.py:188} INFO - [2024-07-06T16:18:55.166+0700] {dagbag.py:545} INFO - Filling up the DagBag from /home/acer/.local/share/virtualenvs/custom_airflow-E5ZHcY_K/lib/python3.12/site-packages/airflow/example_dags/example_bash_decorator.py
[2024-07-06T16:18:55.188+0700] {processor.py:840} INFO - DAG(s) 'example_bash_decorator' retrieved from /home/acer/.local/share/virtualenvs/custom_airflow-E5ZHcY_K/lib/python3.12/site-packages/airflow/example_dags/example_bash_decorator.py
[2024-07-06T16:18:55.208+0700] {logging_mixin.py:188} INFO - [2024-07-06T16:18:55.208+0700] {dag.py:3096} INFO - Sync 1 DAGs
[2024-07-06T16:18:55.220+0700] {logging_mixin.py:188} INFO - [2024-07-06T16:18:55.220+0700] {dag.py:3954} INFO - Setting next_dagrun for example_bash_decorator to None, run_after=None
[2024-07-06T16:18:55.241+0700] {processor.py:183} INFO - Processing /home/acer/.local/share/virtualenvs/custom_airflow-E5ZHcY_K/lib/python3.12/site-packages/airflow/example_dags/example_bash_decorator.py took 0.088 seconds
[2024-07-06T16:20:26.006+0700] {processor.py:161} INFO - Started process (PID=57071) to work on /home/acer/.local/share/virtualenvs/custom_airflow-E5ZHcY_K/lib/python3.12/site-packages/airflow/example_dags/example_bash_decorator.py
[2024-07-06T16:20:26.007+0700] {processor.py:830} INFO - Processing file /home/acer/.local/share/virtualenvs/custom_airflow-E5ZHcY_K/lib/python3.12/site-packages/airflow/example_dags/example_bash_decorator.py for tasks to queue
[2024-07-06T16:20:26.008+0700] {logging_mixin.py:188} INFO - [2024-07-06T16:20:26.008+0700] {dagbag.py:545} INFO - Filling up the DagBag from /home/acer/.local/share/virtualenvs/custom_airflow-E5ZHcY_K/lib/python3.12/site-packages/airflow/example_dags/example_bash_decorator.py
[2024-07-06T16:20:26.022+0700] {processor.py:840} INFO - DAG(s) 'example_bash_decorator' retrieved from /home/acer/.local/share/virtualenvs/custom_airflow-E5ZHcY_K/lib/python3.12/site-packages/airflow/example_dags/example_bash_decorator.py
[2024-07-06T16:20:26.042+0700] {logging_mixin.py:188} INFO - [2024-07-06T16:20:26.042+0700] {dag.py:3096} INFO - Sync 1 DAGs
[2024-07-06T16:20:26.062+0700] {logging_mixin.py:188} INFO - [2024-07-06T16:20:26.061+0700] {dag.py:3954} INFO - Setting next_dagrun for example_bash_decorator to None, run_after=None
[2024-07-06T16:20:26.087+0700] {processor.py:183} INFO - Processing /home/acer/.local/share/virtualenvs/custom_airflow-E5ZHcY_K/lib/python3.12/site-packages/airflow/example_dags/example_bash_decorator.py took 0.086 seconds
[2024-07-06T16:21:42.485+0700] {processor.py:161} INFO - Started process (PID=57637) to work on /home/acer/.local/share/virtualenvs/custom_airflow-E5ZHcY_K/lib/python3.12/site-packages/airflow/example_dags/example_bash_decorator.py
[2024-07-06T16:21:42.488+0700] {processor.py:830} INFO - Processing file /home/acer/.local/share/virtualenvs/custom_airflow-E5ZHcY_K/lib/python3.12/site-packages/airflow/example_dags/example_bash_decorator.py for tasks to queue
[2024-07-06T16:21:42.494+0700] {logging_mixin.py:188} INFO - [2024-07-06T16:21:42.493+0700] {dagbag.py:545} INFO - Filling up the DagBag from /home/acer/.local/share/virtualenvs/custom_airflow-E5ZHcY_K/lib/python3.12/site-packages/airflow/example_dags/example_bash_decorator.py
[2024-07-06T16:21:42.528+0700] {processor.py:840} INFO - DAG(s) 'example_bash_decorator' retrieved from /home/acer/.local/share/virtualenvs/custom_airflow-E5ZHcY_K/lib/python3.12/site-packages/airflow/example_dags/example_bash_decorator.py
[2024-07-06T16:21:42.552+0700] {logging_mixin.py:188} INFO - [2024-07-06T16:21:42.552+0700] {dag.py:3096} INFO - Sync 1 DAGs
[2024-07-06T16:21:42.568+0700] {logging_mixin.py:188} INFO - [2024-07-06T16:21:42.567+0700] {dag.py:3954} INFO - Setting next_dagrun for example_bash_decorator to None, run_after=None
[2024-07-06T16:21:42.596+0700] {processor.py:183} INFO - Processing /home/acer/.local/share/virtualenvs/custom_airflow-E5ZHcY_K/lib/python3.12/site-packages/airflow/example_dags/example_bash_decorator.py took 0.134 seconds
[2024-07-06T16:22:54.329+0700] {processor.py:161} INFO - Started process (PID=58087) to work on /home/acer/.local/share/virtualenvs/custom_airflow-E5ZHcY_K/lib/python3.12/site-packages/airflow/example_dags/example_bash_decorator.py
[2024-07-06T16:22:54.329+0700] {processor.py:830} INFO - Processing file /home/acer/.local/share/virtualenvs/custom_airflow-E5ZHcY_K/lib/python3.12/site-packages/airflow/example_dags/example_bash_decorator.py for tasks to queue
[2024-07-06T16:22:54.331+0700] {logging_mixin.py:188} INFO - [2024-07-06T16:22:54.331+0700] {dagbag.py:545} INFO - Filling up the DagBag from /home/acer/.local/share/virtualenvs/custom_airflow-E5ZHcY_K/lib/python3.12/site-packages/airflow/example_dags/example_bash_decorator.py
[2024-07-06T16:22:54.349+0700] {processor.py:840} INFO - DAG(s) 'example_bash_decorator' retrieved from /home/acer/.local/share/virtualenvs/custom_airflow-E5ZHcY_K/lib/python3.12/site-packages/airflow/example_dags/example_bash_decorator.py
[2024-07-06T16:22:54.372+0700] {logging_mixin.py:188} INFO - [2024-07-06T16:22:54.372+0700] {dag.py:3096} INFO - Sync 1 DAGs
[2024-07-06T16:22:54.386+0700] {logging_mixin.py:188} INFO - [2024-07-06T16:22:54.386+0700] {dag.py:3954} INFO - Setting next_dagrun for example_bash_decorator to None, run_after=None
[2024-07-06T16:22:54.415+0700] {processor.py:183} INFO - Processing /home/acer/.local/share/virtualenvs/custom_airflow-E5ZHcY_K/lib/python3.12/site-packages/airflow/example_dags/example_bash_decorator.py took 0.094 seconds
[2024-07-06T16:24:50.782+0700] {processor.py:161} INFO - Started process (PID=59436) to work on /home/acer/.local/share/virtualenvs/custom_airflow-E5ZHcY_K/lib/python3.12/site-packages/airflow/example_dags/example_bash_decorator.py
[2024-07-06T16:24:50.783+0700] {processor.py:830} INFO - Processing file /home/acer/.local/share/virtualenvs/custom_airflow-E5ZHcY_K/lib/python3.12/site-packages/airflow/example_dags/example_bash_decorator.py for tasks to queue
[2024-07-06T16:24:50.786+0700] {logging_mixin.py:188} INFO - [2024-07-06T16:24:50.785+0700] {dagbag.py:545} INFO - Filling up the DagBag from /home/acer/.local/share/virtualenvs/custom_airflow-E5ZHcY_K/lib/python3.12/site-packages/airflow/example_dags/example_bash_decorator.py
[2024-07-06T16:24:50.804+0700] {processor.py:840} INFO - DAG(s) 'example_bash_decorator' retrieved from /home/acer/.local/share/virtualenvs/custom_airflow-E5ZHcY_K/lib/python3.12/site-packages/airflow/example_dags/example_bash_decorator.py
[2024-07-06T16:24:50.825+0700] {logging_mixin.py:188} INFO - [2024-07-06T16:24:50.824+0700] {dag.py:3096} INFO - Sync 1 DAGs
[2024-07-06T16:24:50.840+0700] {logging_mixin.py:188} INFO - [2024-07-06T16:24:50.840+0700] {dag.py:3954} INFO - Setting next_dagrun for example_bash_decorator to None, run_after=None
[2024-07-06T16:24:50.865+0700] {processor.py:183} INFO - Processing /home/acer/.local/share/virtualenvs/custom_airflow-E5ZHcY_K/lib/python3.12/site-packages/airflow/example_dags/example_bash_decorator.py took 0.091 seconds
[2024-07-06T16:26:08.577+0700] {processor.py:161} INFO - Started process (PID=60021) to work on /home/acer/.local/share/virtualenvs/custom_airflow-E5ZHcY_K/lib/python3.12/site-packages/airflow/example_dags/example_bash_decorator.py
[2024-07-06T16:26:08.578+0700] {processor.py:830} INFO - Processing file /home/acer/.local/share/virtualenvs/custom_airflow-E5ZHcY_K/lib/python3.12/site-packages/airflow/example_dags/example_bash_decorator.py for tasks to queue
[2024-07-06T16:26:08.580+0700] {logging_mixin.py:188} INFO - [2024-07-06T16:26:08.580+0700] {dagbag.py:545} INFO - Filling up the DagBag from /home/acer/.local/share/virtualenvs/custom_airflow-E5ZHcY_K/lib/python3.12/site-packages/airflow/example_dags/example_bash_decorator.py
[2024-07-06T16:26:08.594+0700] {processor.py:840} INFO - DAG(s) 'example_bash_decorator' retrieved from /home/acer/.local/share/virtualenvs/custom_airflow-E5ZHcY_K/lib/python3.12/site-packages/airflow/example_dags/example_bash_decorator.py
[2024-07-06T16:26:08.614+0700] {logging_mixin.py:188} INFO - [2024-07-06T16:26:08.613+0700] {dag.py:3096} INFO - Sync 1 DAGs
[2024-07-06T16:26:08.626+0700] {logging_mixin.py:188} INFO - [2024-07-06T16:26:08.626+0700] {dag.py:3954} INFO - Setting next_dagrun for example_bash_decorator to None, run_after=None
[2024-07-06T16:26:08.646+0700] {processor.py:183} INFO - Processing /home/acer/.local/share/virtualenvs/custom_airflow-E5ZHcY_K/lib/python3.12/site-packages/airflow/example_dags/example_bash_decorator.py took 0.074 seconds
[2024-07-06T16:27:21.267+0700] {processor.py:161} INFO - Started process (PID=60393) to work on /home/acer/.local/share/virtualenvs/custom_airflow-E5ZHcY_K/lib/python3.12/site-packages/airflow/example_dags/example_bash_decorator.py
[2024-07-06T16:27:21.268+0700] {processor.py:830} INFO - Processing file /home/acer/.local/share/virtualenvs/custom_airflow-E5ZHcY_K/lib/python3.12/site-packages/airflow/example_dags/example_bash_decorator.py for tasks to queue
[2024-07-06T16:27:21.270+0700] {logging_mixin.py:188} INFO - [2024-07-06T16:27:21.270+0700] {dagbag.py:545} INFO - Filling up the DagBag from /home/acer/.local/share/virtualenvs/custom_airflow-E5ZHcY_K/lib/python3.12/site-packages/airflow/example_dags/example_bash_decorator.py
[2024-07-06T16:27:21.284+0700] {processor.py:840} INFO - DAG(s) 'example_bash_decorator' retrieved from /home/acer/.local/share/virtualenvs/custom_airflow-E5ZHcY_K/lib/python3.12/site-packages/airflow/example_dags/example_bash_decorator.py
[2024-07-06T16:27:21.303+0700] {logging_mixin.py:188} INFO - [2024-07-06T16:27:21.303+0700] {dag.py:3096} INFO - Sync 1 DAGs
[2024-07-06T16:27:21.316+0700] {logging_mixin.py:188} INFO - [2024-07-06T16:27:21.316+0700] {dag.py:3954} INFO - Setting next_dagrun for example_bash_decorator to None, run_after=None
[2024-07-06T16:27:21.337+0700] {processor.py:183} INFO - Processing /home/acer/.local/share/virtualenvs/custom_airflow-E5ZHcY_K/lib/python3.12/site-packages/airflow/example_dags/example_bash_decorator.py took 0.075 seconds
[2024-07-06T16:28:28.589+0700] {processor.py:161} INFO - Started process (PID=60741) to work on /home/acer/.local/share/virtualenvs/custom_airflow-E5ZHcY_K/lib/python3.12/site-packages/airflow/example_dags/example_bash_decorator.py
[2024-07-06T16:28:28.590+0700] {processor.py:830} INFO - Processing file /home/acer/.local/share/virtualenvs/custom_airflow-E5ZHcY_K/lib/python3.12/site-packages/airflow/example_dags/example_bash_decorator.py for tasks to queue
[2024-07-06T16:28:28.592+0700] {logging_mixin.py:188} INFO - [2024-07-06T16:28:28.591+0700] {dagbag.py:545} INFO - Filling up the DagBag from /home/acer/.local/share/virtualenvs/custom_airflow-E5ZHcY_K/lib/python3.12/site-packages/airflow/example_dags/example_bash_decorator.py
[2024-07-06T16:28:28.608+0700] {processor.py:840} INFO - DAG(s) 'example_bash_decorator' retrieved from /home/acer/.local/share/virtualenvs/custom_airflow-E5ZHcY_K/lib/python3.12/site-packages/airflow/example_dags/example_bash_decorator.py
[2024-07-06T16:28:28.629+0700] {logging_mixin.py:188} INFO - [2024-07-06T16:28:28.628+0700] {dag.py:3096} INFO - Sync 1 DAGs
[2024-07-06T16:28:28.640+0700] {logging_mixin.py:188} INFO - [2024-07-06T16:28:28.640+0700] {dag.py:3954} INFO - Setting next_dagrun for example_bash_decorator to None, run_after=None
[2024-07-06T16:28:28.663+0700] {processor.py:183} INFO - Processing /home/acer/.local/share/virtualenvs/custom_airflow-E5ZHcY_K/lib/python3.12/site-packages/airflow/example_dags/example_bash_decorator.py took 0.080 seconds
[2024-07-06T16:29:39.703+0700] {processor.py:161} INFO - Started process (PID=61084) to work on /home/acer/.local/share/virtualenvs/custom_airflow-E5ZHcY_K/lib/python3.12/site-packages/airflow/example_dags/example_bash_decorator.py
[2024-07-06T16:29:39.704+0700] {processor.py:830} INFO - Processing file /home/acer/.local/share/virtualenvs/custom_airflow-E5ZHcY_K/lib/python3.12/site-packages/airflow/example_dags/example_bash_decorator.py for tasks to queue
[2024-07-06T16:29:39.707+0700] {logging_mixin.py:188} INFO - [2024-07-06T16:29:39.706+0700] {dagbag.py:545} INFO - Filling up the DagBag from /home/acer/.local/share/virtualenvs/custom_airflow-E5ZHcY_K/lib/python3.12/site-packages/airflow/example_dags/example_bash_decorator.py
[2024-07-06T16:29:39.722+0700] {processor.py:840} INFO - DAG(s) 'example_bash_decorator' retrieved from /home/acer/.local/share/virtualenvs/custom_airflow-E5ZHcY_K/lib/python3.12/site-packages/airflow/example_dags/example_bash_decorator.py
[2024-07-06T16:29:39.743+0700] {logging_mixin.py:188} INFO - [2024-07-06T16:29:39.743+0700] {dag.py:3096} INFO - Sync 1 DAGs
[2024-07-06T16:29:39.755+0700] {logging_mixin.py:188} INFO - [2024-07-06T16:29:39.755+0700] {dag.py:3954} INFO - Setting next_dagrun for example_bash_decorator to None, run_after=None
[2024-07-06T16:29:39.776+0700] {processor.py:183} INFO - Processing /home/acer/.local/share/virtualenvs/custom_airflow-E5ZHcY_K/lib/python3.12/site-packages/airflow/example_dags/example_bash_decorator.py took 0.078 seconds
[2024-07-06T16:30:47.116+0700] {processor.py:161} INFO - Started process (PID=61450) to work on /home/acer/.local/share/virtualenvs/custom_airflow-E5ZHcY_K/lib/python3.12/site-packages/airflow/example_dags/example_bash_decorator.py
[2024-07-06T16:30:47.119+0700] {processor.py:830} INFO - Processing file /home/acer/.local/share/virtualenvs/custom_airflow-E5ZHcY_K/lib/python3.12/site-packages/airflow/example_dags/example_bash_decorator.py for tasks to queue
[2024-07-06T16:30:47.123+0700] {logging_mixin.py:188} INFO - [2024-07-06T16:30:47.122+0700] {dagbag.py:545} INFO - Filling up the DagBag from /home/acer/.local/share/virtualenvs/custom_airflow-E5ZHcY_K/lib/python3.12/site-packages/airflow/example_dags/example_bash_decorator.py
[2024-07-06T16:30:47.143+0700] {processor.py:840} INFO - DAG(s) 'example_bash_decorator' retrieved from /home/acer/.local/share/virtualenvs/custom_airflow-E5ZHcY_K/lib/python3.12/site-packages/airflow/example_dags/example_bash_decorator.py
[2024-07-06T16:30:47.162+0700] {logging_mixin.py:188} INFO - [2024-07-06T16:30:47.162+0700] {dag.py:3096} INFO - Sync 1 DAGs
[2024-07-06T16:30:47.174+0700] {logging_mixin.py:188} INFO - [2024-07-06T16:30:47.174+0700] {dag.py:3954} INFO - Setting next_dagrun for example_bash_decorator to None, run_after=None
[2024-07-06T16:30:47.195+0700] {processor.py:183} INFO - Processing /home/acer/.local/share/virtualenvs/custom_airflow-E5ZHcY_K/lib/python3.12/site-packages/airflow/example_dags/example_bash_decorator.py took 0.096 seconds
[2024-07-06T16:31:54.574+0700] {processor.py:161} INFO - Started process (PID=61794) to work on /home/acer/.local/share/virtualenvs/custom_airflow-E5ZHcY_K/lib/python3.12/site-packages/airflow/example_dags/example_bash_decorator.py
[2024-07-06T16:31:54.575+0700] {processor.py:830} INFO - Processing file /home/acer/.local/share/virtualenvs/custom_airflow-E5ZHcY_K/lib/python3.12/site-packages/airflow/example_dags/example_bash_decorator.py for tasks to queue
[2024-07-06T16:31:54.577+0700] {logging_mixin.py:188} INFO - [2024-07-06T16:31:54.577+0700] {dagbag.py:545} INFO - Filling up the DagBag from /home/acer/.local/share/virtualenvs/custom_airflow-E5ZHcY_K/lib/python3.12/site-packages/airflow/example_dags/example_bash_decorator.py
[2024-07-06T16:31:54.591+0700] {processor.py:840} INFO - DAG(s) 'example_bash_decorator' retrieved from /home/acer/.local/share/virtualenvs/custom_airflow-E5ZHcY_K/lib/python3.12/site-packages/airflow/example_dags/example_bash_decorator.py
[2024-07-06T16:31:54.610+0700] {logging_mixin.py:188} INFO - [2024-07-06T16:31:54.610+0700] {dag.py:3096} INFO - Sync 1 DAGs
[2024-07-06T16:31:54.622+0700] {logging_mixin.py:188} INFO - [2024-07-06T16:31:54.621+0700] {dag.py:3954} INFO - Setting next_dagrun for example_bash_decorator to None, run_after=None
[2024-07-06T16:31:54.642+0700] {processor.py:183} INFO - Processing /home/acer/.local/share/virtualenvs/custom_airflow-E5ZHcY_K/lib/python3.12/site-packages/airflow/example_dags/example_bash_decorator.py took 0.073 seconds
[2024-07-06T16:33:07.375+0700] {processor.py:161} INFO - Started process (PID=62152) to work on /home/acer/.local/share/virtualenvs/custom_airflow-E5ZHcY_K/lib/python3.12/site-packages/airflow/example_dags/example_bash_decorator.py
[2024-07-06T16:33:07.376+0700] {processor.py:830} INFO - Processing file /home/acer/.local/share/virtualenvs/custom_airflow-E5ZHcY_K/lib/python3.12/site-packages/airflow/example_dags/example_bash_decorator.py for tasks to queue
[2024-07-06T16:33:07.378+0700] {logging_mixin.py:188} INFO - [2024-07-06T16:33:07.377+0700] {dagbag.py:545} INFO - Filling up the DagBag from /home/acer/.local/share/virtualenvs/custom_airflow-E5ZHcY_K/lib/python3.12/site-packages/airflow/example_dags/example_bash_decorator.py
[2024-07-06T16:33:07.392+0700] {processor.py:840} INFO - DAG(s) 'example_bash_decorator' retrieved from /home/acer/.local/share/virtualenvs/custom_airflow-E5ZHcY_K/lib/python3.12/site-packages/airflow/example_dags/example_bash_decorator.py
[2024-07-06T16:33:07.411+0700] {logging_mixin.py:188} INFO - [2024-07-06T16:33:07.411+0700] {dag.py:3096} INFO - Sync 1 DAGs
[2024-07-06T16:33:07.423+0700] {logging_mixin.py:188} INFO - [2024-07-06T16:33:07.423+0700] {dag.py:3954} INFO - Setting next_dagrun for example_bash_decorator to None, run_after=None
[2024-07-06T16:33:07.470+0700] {processor.py:183} INFO - Processing /home/acer/.local/share/virtualenvs/custom_airflow-E5ZHcY_K/lib/python3.12/site-packages/airflow/example_dags/example_bash_decorator.py took 0.100 seconds
[2024-07-06T16:34:17.269+0700] {processor.py:161} INFO - Started process (PID=62514) to work on /home/acer/.local/share/virtualenvs/custom_airflow-E5ZHcY_K/lib/python3.12/site-packages/airflow/example_dags/example_bash_decorator.py
[2024-07-06T16:34:17.270+0700] {processor.py:830} INFO - Processing file /home/acer/.local/share/virtualenvs/custom_airflow-E5ZHcY_K/lib/python3.12/site-packages/airflow/example_dags/example_bash_decorator.py for tasks to queue
[2024-07-06T16:34:17.274+0700] {logging_mixin.py:188} INFO - [2024-07-06T16:34:17.273+0700] {dagbag.py:545} INFO - Filling up the DagBag from /home/acer/.local/share/virtualenvs/custom_airflow-E5ZHcY_K/lib/python3.12/site-packages/airflow/example_dags/example_bash_decorator.py
[2024-07-06T16:34:17.295+0700] {processor.py:840} INFO - DAG(s) 'example_bash_decorator' retrieved from /home/acer/.local/share/virtualenvs/custom_airflow-E5ZHcY_K/lib/python3.12/site-packages/airflow/example_dags/example_bash_decorator.py
[2024-07-06T16:34:17.315+0700] {logging_mixin.py:188} INFO - [2024-07-06T16:34:17.315+0700] {dag.py:3096} INFO - Sync 1 DAGs
[2024-07-06T16:34:17.327+0700] {logging_mixin.py:188} INFO - [2024-07-06T16:34:17.327+0700] {dag.py:3954} INFO - Setting next_dagrun for example_bash_decorator to None, run_after=None
[2024-07-06T16:34:17.348+0700] {processor.py:183} INFO - Processing /home/acer/.local/share/virtualenvs/custom_airflow-E5ZHcY_K/lib/python3.12/site-packages/airflow/example_dags/example_bash_decorator.py took 0.093 seconds
[2024-07-06T16:35:30.459+0700] {processor.py:161} INFO - Started process (PID=62913) to work on /home/acer/.local/share/virtualenvs/custom_airflow-E5ZHcY_K/lib/python3.12/site-packages/airflow/example_dags/example_bash_decorator.py
[2024-07-06T16:35:30.460+0700] {processor.py:830} INFO - Processing file /home/acer/.local/share/virtualenvs/custom_airflow-E5ZHcY_K/lib/python3.12/site-packages/airflow/example_dags/example_bash_decorator.py for tasks to queue
[2024-07-06T16:35:30.462+0700] {logging_mixin.py:188} INFO - [2024-07-06T16:35:30.461+0700] {dagbag.py:545} INFO - Filling up the DagBag from /home/acer/.local/share/virtualenvs/custom_airflow-E5ZHcY_K/lib/python3.12/site-packages/airflow/example_dags/example_bash_decorator.py
[2024-07-06T16:35:30.477+0700] {processor.py:840} INFO - DAG(s) 'example_bash_decorator' retrieved from /home/acer/.local/share/virtualenvs/custom_airflow-E5ZHcY_K/lib/python3.12/site-packages/airflow/example_dags/example_bash_decorator.py
[2024-07-06T16:35:30.497+0700] {logging_mixin.py:188} INFO - [2024-07-06T16:35:30.496+0700] {dag.py:3096} INFO - Sync 1 DAGs
[2024-07-06T16:35:30.508+0700] {logging_mixin.py:188} INFO - [2024-07-06T16:35:30.508+0700] {dag.py:3954} INFO - Setting next_dagrun for example_bash_decorator to None, run_after=None
[2024-07-06T16:35:30.529+0700] {processor.py:183} INFO - Processing /home/acer/.local/share/virtualenvs/custom_airflow-E5ZHcY_K/lib/python3.12/site-packages/airflow/example_dags/example_bash_decorator.py took 0.075 seconds
[2024-07-06T21:55:06.310+0700] {processor.py:161} INFO - Started process (PID=12106) to work on /home/acer/.local/share/virtualenvs/custom_airflow-E5ZHcY_K/lib/python3.12/site-packages/airflow/example_dags/example_bash_decorator.py
[2024-07-06T21:55:06.312+0700] {processor.py:830} INFO - Processing file /home/acer/.local/share/virtualenvs/custom_airflow-E5ZHcY_K/lib/python3.12/site-packages/airflow/example_dags/example_bash_decorator.py for tasks to queue
[2024-07-06T21:55:06.315+0700] {logging_mixin.py:188} INFO - [2024-07-06T21:55:06.314+0700] {dagbag.py:545} INFO - Filling up the DagBag from /home/acer/.local/share/virtualenvs/custom_airflow-E5ZHcY_K/lib/python3.12/site-packages/airflow/example_dags/example_bash_decorator.py
[2024-07-06T21:55:06.332+0700] {processor.py:840} INFO - DAG(s) 'example_bash_decorator' retrieved from /home/acer/.local/share/virtualenvs/custom_airflow-E5ZHcY_K/lib/python3.12/site-packages/airflow/example_dags/example_bash_decorator.py
[2024-07-06T21:55:06.449+0700] {logging_mixin.py:188} INFO - [2024-07-06T21:55:06.449+0700] {dag.py:3096} INFO - Sync 1 DAGs
[2024-07-06T21:55:06.460+0700] {logging_mixin.py:188} INFO - [2024-07-06T21:55:06.460+0700] {dag.py:3954} INFO - Setting next_dagrun for example_bash_decorator to None, run_after=None
[2024-07-06T21:55:06.482+0700] {processor.py:183} INFO - Processing /home/acer/.local/share/virtualenvs/custom_airflow-E5ZHcY_K/lib/python3.12/site-packages/airflow/example_dags/example_bash_decorator.py took 0.181 seconds
[2024-07-06T21:56:21.029+0700] {processor.py:161} INFO - Started process (PID=13118) to work on /home/acer/.local/share/virtualenvs/custom_airflow-E5ZHcY_K/lib/python3.12/site-packages/airflow/example_dags/example_bash_decorator.py
[2024-07-06T21:56:21.032+0700] {processor.py:830} INFO - Processing file /home/acer/.local/share/virtualenvs/custom_airflow-E5ZHcY_K/lib/python3.12/site-packages/airflow/example_dags/example_bash_decorator.py for tasks to queue
[2024-07-06T21:56:21.035+0700] {logging_mixin.py:188} INFO - [2024-07-06T21:56:21.034+0700] {dagbag.py:545} INFO - Filling up the DagBag from /home/acer/.local/share/virtualenvs/custom_airflow-E5ZHcY_K/lib/python3.12/site-packages/airflow/example_dags/example_bash_decorator.py
[2024-07-06T21:56:21.055+0700] {processor.py:840} INFO - DAG(s) 'example_bash_decorator' retrieved from /home/acer/.local/share/virtualenvs/custom_airflow-E5ZHcY_K/lib/python3.12/site-packages/airflow/example_dags/example_bash_decorator.py
[2024-07-06T21:56:21.076+0700] {logging_mixin.py:188} INFO - [2024-07-06T21:56:21.075+0700] {dag.py:3096} INFO - Sync 1 DAGs
[2024-07-06T21:56:21.090+0700] {logging_mixin.py:188} INFO - [2024-07-06T21:56:21.090+0700] {dag.py:3954} INFO - Setting next_dagrun for example_bash_decorator to None, run_after=None
[2024-07-06T21:56:21.113+0700] {processor.py:183} INFO - Processing /home/acer/.local/share/virtualenvs/custom_airflow-E5ZHcY_K/lib/python3.12/site-packages/airflow/example_dags/example_bash_decorator.py took 0.094 seconds
[2024-07-06T21:57:36.984+0700] {processor.py:161} INFO - Started process (PID=13891) to work on /home/acer/.local/share/virtualenvs/custom_airflow-E5ZHcY_K/lib/python3.12/site-packages/airflow/example_dags/example_bash_decorator.py
[2024-07-06T21:57:36.985+0700] {processor.py:830} INFO - Processing file /home/acer/.local/share/virtualenvs/custom_airflow-E5ZHcY_K/lib/python3.12/site-packages/airflow/example_dags/example_bash_decorator.py for tasks to queue
[2024-07-06T21:57:36.988+0700] {logging_mixin.py:188} INFO - [2024-07-06T21:57:36.988+0700] {dagbag.py:545} INFO - Filling up the DagBag from /home/acer/.local/share/virtualenvs/custom_airflow-E5ZHcY_K/lib/python3.12/site-packages/airflow/example_dags/example_bash_decorator.py
[2024-07-06T21:57:37.019+0700] {processor.py:840} INFO - DAG(s) 'example_bash_decorator' retrieved from /home/acer/.local/share/virtualenvs/custom_airflow-E5ZHcY_K/lib/python3.12/site-packages/airflow/example_dags/example_bash_decorator.py
[2024-07-06T21:57:37.051+0700] {logging_mixin.py:188} INFO - [2024-07-06T21:57:37.051+0700] {dag.py:3096} INFO - Sync 1 DAGs
[2024-07-06T21:57:37.068+0700] {logging_mixin.py:188} INFO - [2024-07-06T21:57:37.068+0700] {dag.py:3954} INFO - Setting next_dagrun for example_bash_decorator to None, run_after=None
[2024-07-06T21:57:37.095+0700] {processor.py:183} INFO - Processing /home/acer/.local/share/virtualenvs/custom_airflow-E5ZHcY_K/lib/python3.12/site-packages/airflow/example_dags/example_bash_decorator.py took 0.123 seconds
[2024-07-06T21:58:56.989+0700] {processor.py:161} INFO - Started process (PID=14337) to work on /home/acer/.local/share/virtualenvs/custom_airflow-E5ZHcY_K/lib/python3.12/site-packages/airflow/example_dags/example_bash_decorator.py
[2024-07-06T21:58:56.991+0700] {processor.py:830} INFO - Processing file /home/acer/.local/share/virtualenvs/custom_airflow-E5ZHcY_K/lib/python3.12/site-packages/airflow/example_dags/example_bash_decorator.py for tasks to queue
[2024-07-06T21:58:56.994+0700] {logging_mixin.py:188} INFO - [2024-07-06T21:58:56.993+0700] {dagbag.py:545} INFO - Filling up the DagBag from /home/acer/.local/share/virtualenvs/custom_airflow-E5ZHcY_K/lib/python3.12/site-packages/airflow/example_dags/example_bash_decorator.py
[2024-07-06T21:58:57.015+0700] {processor.py:840} INFO - DAG(s) 'example_bash_decorator' retrieved from /home/acer/.local/share/virtualenvs/custom_airflow-E5ZHcY_K/lib/python3.12/site-packages/airflow/example_dags/example_bash_decorator.py
[2024-07-06T21:58:57.041+0700] {logging_mixin.py:188} INFO - [2024-07-06T21:58:57.041+0700] {dag.py:3096} INFO - Sync 1 DAGs
[2024-07-06T21:58:57.057+0700] {logging_mixin.py:188} INFO - [2024-07-06T21:58:57.057+0700] {dag.py:3954} INFO - Setting next_dagrun for example_bash_decorator to None, run_after=None
[2024-07-06T21:58:57.080+0700] {processor.py:183} INFO - Processing /home/acer/.local/share/virtualenvs/custom_airflow-E5ZHcY_K/lib/python3.12/site-packages/airflow/example_dags/example_bash_decorator.py took 0.115 seconds
[2024-07-06T22:00:11.060+0700] {processor.py:161} INFO - Started process (PID=14815) to work on /home/acer/.local/share/virtualenvs/custom_airflow-E5ZHcY_K/lib/python3.12/site-packages/airflow/example_dags/example_bash_decorator.py
[2024-07-06T22:00:11.061+0700] {processor.py:830} INFO - Processing file /home/acer/.local/share/virtualenvs/custom_airflow-E5ZHcY_K/lib/python3.12/site-packages/airflow/example_dags/example_bash_decorator.py for tasks to queue
[2024-07-06T22:00:11.063+0700] {logging_mixin.py:188} INFO - [2024-07-06T22:00:11.063+0700] {dagbag.py:545} INFO - Filling up the DagBag from /home/acer/.local/share/virtualenvs/custom_airflow-E5ZHcY_K/lib/python3.12/site-packages/airflow/example_dags/example_bash_decorator.py
[2024-07-06T22:00:11.078+0700] {processor.py:840} INFO - DAG(s) 'example_bash_decorator' retrieved from /home/acer/.local/share/virtualenvs/custom_airflow-E5ZHcY_K/lib/python3.12/site-packages/airflow/example_dags/example_bash_decorator.py
[2024-07-06T22:00:11.097+0700] {logging_mixin.py:188} INFO - [2024-07-06T22:00:11.097+0700] {dag.py:3096} INFO - Sync 1 DAGs
[2024-07-06T22:00:11.110+0700] {logging_mixin.py:188} INFO - [2024-07-06T22:00:11.110+0700] {dag.py:3954} INFO - Setting next_dagrun for example_bash_decorator to None, run_after=None
[2024-07-06T22:00:11.136+0700] {processor.py:183} INFO - Processing /home/acer/.local/share/virtualenvs/custom_airflow-E5ZHcY_K/lib/python3.12/site-packages/airflow/example_dags/example_bash_decorator.py took 0.081 seconds
[2024-07-06T22:02:05.716+0700] {processor.py:161} INFO - Started process (PID=15983) to work on /home/acer/.local/share/virtualenvs/custom_airflow-E5ZHcY_K/lib/python3.12/site-packages/airflow/example_dags/example_bash_decorator.py
[2024-07-06T22:02:05.717+0700] {processor.py:830} INFO - Processing file /home/acer/.local/share/virtualenvs/custom_airflow-E5ZHcY_K/lib/python3.12/site-packages/airflow/example_dags/example_bash_decorator.py for tasks to queue
[2024-07-06T22:02:05.719+0700] {logging_mixin.py:188} INFO - [2024-07-06T22:02:05.719+0700] {dagbag.py:545} INFO - Filling up the DagBag from /home/acer/.local/share/virtualenvs/custom_airflow-E5ZHcY_K/lib/python3.12/site-packages/airflow/example_dags/example_bash_decorator.py
[2024-07-06T22:02:05.734+0700] {processor.py:840} INFO - DAG(s) 'example_bash_decorator' retrieved from /home/acer/.local/share/virtualenvs/custom_airflow-E5ZHcY_K/lib/python3.12/site-packages/airflow/example_dags/example_bash_decorator.py
[2024-07-06T22:02:05.755+0700] {logging_mixin.py:188} INFO - [2024-07-06T22:02:05.754+0700] {dag.py:3096} INFO - Sync 1 DAGs
[2024-07-06T22:02:05.767+0700] {logging_mixin.py:188} INFO - [2024-07-06T22:02:05.767+0700] {dag.py:3954} INFO - Setting next_dagrun for example_bash_decorator to None, run_after=None
[2024-07-06T22:02:05.788+0700] {processor.py:183} INFO - Processing /home/acer/.local/share/virtualenvs/custom_airflow-E5ZHcY_K/lib/python3.12/site-packages/airflow/example_dags/example_bash_decorator.py took 0.077 seconds
[2024-07-06T22:03:05.646+0700] {processor.py:161} INFO - Started process (PID=16369) to work on /home/acer/.local/share/virtualenvs/custom_airflow-E5ZHcY_K/lib/python3.12/site-packages/airflow/example_dags/example_bash_decorator.py
[2024-07-06T22:03:05.648+0700] {processor.py:830} INFO - Processing file /home/acer/.local/share/virtualenvs/custom_airflow-E5ZHcY_K/lib/python3.12/site-packages/airflow/example_dags/example_bash_decorator.py for tasks to queue
[2024-07-06T22:03:05.652+0700] {logging_mixin.py:188} INFO - [2024-07-06T22:03:05.651+0700] {dagbag.py:545} INFO - Filling up the DagBag from /home/acer/.local/share/virtualenvs/custom_airflow-E5ZHcY_K/lib/python3.12/site-packages/airflow/example_dags/example_bash_decorator.py
[2024-07-06T22:03:05.673+0700] {processor.py:840} INFO - DAG(s) 'example_bash_decorator' retrieved from /home/acer/.local/share/virtualenvs/custom_airflow-E5ZHcY_K/lib/python3.12/site-packages/airflow/example_dags/example_bash_decorator.py
[2024-07-06T22:03:05.692+0700] {logging_mixin.py:188} INFO - [2024-07-06T22:03:05.692+0700] {dag.py:3096} INFO - Sync 1 DAGs
[2024-07-06T22:03:05.704+0700] {logging_mixin.py:188} INFO - [2024-07-06T22:03:05.704+0700] {dag.py:3954} INFO - Setting next_dagrun for example_bash_decorator to None, run_after=None
[2024-07-06T22:03:05.725+0700] {processor.py:183} INFO - Processing /home/acer/.local/share/virtualenvs/custom_airflow-E5ZHcY_K/lib/python3.12/site-packages/airflow/example_dags/example_bash_decorator.py took 0.092 seconds
[2024-07-06T22:04:58.801+0700] {processor.py:161} INFO - Started process (PID=17441) to work on /home/acer/.local/share/virtualenvs/custom_airflow-E5ZHcY_K/lib/python3.12/site-packages/airflow/example_dags/example_bash_decorator.py
[2024-07-06T22:04:58.803+0700] {processor.py:830} INFO - Processing file /home/acer/.local/share/virtualenvs/custom_airflow-E5ZHcY_K/lib/python3.12/site-packages/airflow/example_dags/example_bash_decorator.py for tasks to queue
[2024-07-06T22:04:58.806+0700] {logging_mixin.py:188} INFO - [2024-07-06T22:04:58.805+0700] {dagbag.py:545} INFO - Filling up the DagBag from /home/acer/.local/share/virtualenvs/custom_airflow-E5ZHcY_K/lib/python3.12/site-packages/airflow/example_dags/example_bash_decorator.py
[2024-07-06T22:04:58.832+0700] {processor.py:840} INFO - DAG(s) 'example_bash_decorator' retrieved from /home/acer/.local/share/virtualenvs/custom_airflow-E5ZHcY_K/lib/python3.12/site-packages/airflow/example_dags/example_bash_decorator.py
[2024-07-06T22:04:58.856+0700] {logging_mixin.py:188} INFO - [2024-07-06T22:04:58.856+0700] {dag.py:3096} INFO - Sync 1 DAGs
[2024-07-06T22:04:58.874+0700] {logging_mixin.py:188} INFO - [2024-07-06T22:04:58.874+0700] {dag.py:3954} INFO - Setting next_dagrun for example_bash_decorator to None, run_after=None
[2024-07-06T22:04:58.906+0700] {processor.py:183} INFO - Processing /home/acer/.local/share/virtualenvs/custom_airflow-E5ZHcY_K/lib/python3.12/site-packages/airflow/example_dags/example_bash_decorator.py took 0.125 seconds
[2024-07-06T22:06:16.363+0700] {processor.py:161} INFO - Started process (PID=17920) to work on /home/acer/.local/share/virtualenvs/custom_airflow-E5ZHcY_K/lib/python3.12/site-packages/airflow/example_dags/example_bash_decorator.py
[2024-07-06T22:06:16.365+0700] {processor.py:830} INFO - Processing file /home/acer/.local/share/virtualenvs/custom_airflow-E5ZHcY_K/lib/python3.12/site-packages/airflow/example_dags/example_bash_decorator.py for tasks to queue
[2024-07-06T22:06:16.368+0700] {logging_mixin.py:188} INFO - [2024-07-06T22:06:16.367+0700] {dagbag.py:545} INFO - Filling up the DagBag from /home/acer/.local/share/virtualenvs/custom_airflow-E5ZHcY_K/lib/python3.12/site-packages/airflow/example_dags/example_bash_decorator.py
[2024-07-06T22:06:16.391+0700] {processor.py:840} INFO - DAG(s) 'example_bash_decorator' retrieved from /home/acer/.local/share/virtualenvs/custom_airflow-E5ZHcY_K/lib/python3.12/site-packages/airflow/example_dags/example_bash_decorator.py
[2024-07-06T22:06:16.411+0700] {logging_mixin.py:188} INFO - [2024-07-06T22:06:16.411+0700] {dag.py:3096} INFO - Sync 1 DAGs
[2024-07-06T22:06:16.423+0700] {logging_mixin.py:188} INFO - [2024-07-06T22:06:16.423+0700] {dag.py:3954} INFO - Setting next_dagrun for example_bash_decorator to None, run_after=None
[2024-07-06T22:06:16.443+0700] {processor.py:183} INFO - Processing /home/acer/.local/share/virtualenvs/custom_airflow-E5ZHcY_K/lib/python3.12/site-packages/airflow/example_dags/example_bash_decorator.py took 0.090 seconds
[2024-07-06T22:07:33.378+0700] {processor.py:161} INFO - Started process (PID=18591) to work on /home/acer/.local/share/virtualenvs/custom_airflow-E5ZHcY_K/lib/python3.12/site-packages/airflow/example_dags/example_bash_decorator.py
[2024-07-06T22:07:33.379+0700] {processor.py:830} INFO - Processing file /home/acer/.local/share/virtualenvs/custom_airflow-E5ZHcY_K/lib/python3.12/site-packages/airflow/example_dags/example_bash_decorator.py for tasks to queue
[2024-07-06T22:07:33.382+0700] {logging_mixin.py:188} INFO - [2024-07-06T22:07:33.381+0700] {dagbag.py:545} INFO - Filling up the DagBag from /home/acer/.local/share/virtualenvs/custom_airflow-E5ZHcY_K/lib/python3.12/site-packages/airflow/example_dags/example_bash_decorator.py
[2024-07-06T22:07:33.403+0700] {processor.py:840} INFO - DAG(s) 'example_bash_decorator' retrieved from /home/acer/.local/share/virtualenvs/custom_airflow-E5ZHcY_K/lib/python3.12/site-packages/airflow/example_dags/example_bash_decorator.py
[2024-07-06T22:07:33.431+0700] {logging_mixin.py:188} INFO - [2024-07-06T22:07:33.431+0700] {dag.py:3096} INFO - Sync 1 DAGs
[2024-07-06T22:07:33.447+0700] {logging_mixin.py:188} INFO - [2024-07-06T22:07:33.447+0700] {dag.py:3954} INFO - Setting next_dagrun for example_bash_decorator to None, run_after=None
[2024-07-06T22:07:33.478+0700] {processor.py:183} INFO - Processing /home/acer/.local/share/virtualenvs/custom_airflow-E5ZHcY_K/lib/python3.12/site-packages/airflow/example_dags/example_bash_decorator.py took 0.109 seconds
[2024-07-06T22:08:57.384+0700] {processor.py:161} INFO - Started process (PID=19011) to work on /home/acer/.local/share/virtualenvs/custom_airflow-E5ZHcY_K/lib/python3.12/site-packages/airflow/example_dags/example_bash_decorator.py
[2024-07-06T22:08:57.387+0700] {processor.py:830} INFO - Processing file /home/acer/.local/share/virtualenvs/custom_airflow-E5ZHcY_K/lib/python3.12/site-packages/airflow/example_dags/example_bash_decorator.py for tasks to queue
[2024-07-06T22:08:57.391+0700] {logging_mixin.py:188} INFO - [2024-07-06T22:08:57.390+0700] {dagbag.py:545} INFO - Filling up the DagBag from /home/acer/.local/share/virtualenvs/custom_airflow-E5ZHcY_K/lib/python3.12/site-packages/airflow/example_dags/example_bash_decorator.py
[2024-07-06T22:08:57.439+0700] {processor.py:840} INFO - DAG(s) 'example_bash_decorator' retrieved from /home/acer/.local/share/virtualenvs/custom_airflow-E5ZHcY_K/lib/python3.12/site-packages/airflow/example_dags/example_bash_decorator.py
[2024-07-06T22:08:57.482+0700] {logging_mixin.py:188} INFO - [2024-07-06T22:08:57.481+0700] {dag.py:3096} INFO - Sync 1 DAGs
[2024-07-06T22:08:57.498+0700] {logging_mixin.py:188} INFO - [2024-07-06T22:08:57.498+0700] {dag.py:3954} INFO - Setting next_dagrun for example_bash_decorator to None, run_after=None
[2024-07-06T22:08:57.525+0700] {processor.py:183} INFO - Processing /home/acer/.local/share/virtualenvs/custom_airflow-E5ZHcY_K/lib/python3.12/site-packages/airflow/example_dags/example_bash_decorator.py took 0.157 seconds
[2024-07-06T22:10:28.641+0700] {processor.py:161} INFO - Started process (PID=19545) to work on /home/acer/.local/share/virtualenvs/custom_airflow-E5ZHcY_K/lib/python3.12/site-packages/airflow/example_dags/example_bash_decorator.py
[2024-07-06T22:10:28.642+0700] {processor.py:830} INFO - Processing file /home/acer/.local/share/virtualenvs/custom_airflow-E5ZHcY_K/lib/python3.12/site-packages/airflow/example_dags/example_bash_decorator.py for tasks to queue
[2024-07-06T22:10:28.645+0700] {logging_mixin.py:188} INFO - [2024-07-06T22:10:28.644+0700] {dagbag.py:545} INFO - Filling up the DagBag from /home/acer/.local/share/virtualenvs/custom_airflow-E5ZHcY_K/lib/python3.12/site-packages/airflow/example_dags/example_bash_decorator.py
[2024-07-06T22:10:28.667+0700] {processor.py:840} INFO - DAG(s) 'example_bash_decorator' retrieved from /home/acer/.local/share/virtualenvs/custom_airflow-E5ZHcY_K/lib/python3.12/site-packages/airflow/example_dags/example_bash_decorator.py
[2024-07-06T22:10:28.708+0700] {logging_mixin.py:188} INFO - [2024-07-06T22:10:28.708+0700] {dag.py:3096} INFO - Sync 1 DAGs
[2024-07-06T22:10:28.733+0700] {logging_mixin.py:188} INFO - [2024-07-06T22:10:28.733+0700] {dag.py:3954} INFO - Setting next_dagrun for example_bash_decorator to None, run_after=None
[2024-07-06T22:10:28.779+0700] {processor.py:183} INFO - Processing /home/acer/.local/share/virtualenvs/custom_airflow-E5ZHcY_K/lib/python3.12/site-packages/airflow/example_dags/example_bash_decorator.py took 0.149 seconds
[2024-07-06T22:11:32.088+0700] {processor.py:161} INFO - Started process (PID=19897) to work on /home/acer/.local/share/virtualenvs/custom_airflow-E5ZHcY_K/lib/python3.12/site-packages/airflow/example_dags/example_bash_decorator.py
[2024-07-06T22:11:32.089+0700] {processor.py:830} INFO - Processing file /home/acer/.local/share/virtualenvs/custom_airflow-E5ZHcY_K/lib/python3.12/site-packages/airflow/example_dags/example_bash_decorator.py for tasks to queue
[2024-07-06T22:11:32.091+0700] {logging_mixin.py:188} INFO - [2024-07-06T22:11:32.091+0700] {dagbag.py:545} INFO - Filling up the DagBag from /home/acer/.local/share/virtualenvs/custom_airflow-E5ZHcY_K/lib/python3.12/site-packages/airflow/example_dags/example_bash_decorator.py
[2024-07-06T22:11:32.108+0700] {processor.py:840} INFO - DAG(s) 'example_bash_decorator' retrieved from /home/acer/.local/share/virtualenvs/custom_airflow-E5ZHcY_K/lib/python3.12/site-packages/airflow/example_dags/example_bash_decorator.py
[2024-07-06T22:11:32.140+0700] {logging_mixin.py:188} INFO - [2024-07-06T22:11:32.140+0700] {dag.py:3096} INFO - Sync 1 DAGs
[2024-07-06T22:11:32.158+0700] {logging_mixin.py:188} INFO - [2024-07-06T22:11:32.158+0700] {dag.py:3954} INFO - Setting next_dagrun for example_bash_decorator to None, run_after=None
[2024-07-06T22:11:32.203+0700] {processor.py:183} INFO - Processing /home/acer/.local/share/virtualenvs/custom_airflow-E5ZHcY_K/lib/python3.12/site-packages/airflow/example_dags/example_bash_decorator.py took 0.120 seconds
[2024-07-06T22:12:32.767+0700] {processor.py:161} INFO - Started process (PID=20220) to work on /home/acer/.local/share/virtualenvs/custom_airflow-E5ZHcY_K/lib/python3.12/site-packages/airflow/example_dags/example_bash_decorator.py
[2024-07-06T22:12:32.769+0700] {processor.py:830} INFO - Processing file /home/acer/.local/share/virtualenvs/custom_airflow-E5ZHcY_K/lib/python3.12/site-packages/airflow/example_dags/example_bash_decorator.py for tasks to queue
[2024-07-06T22:12:32.772+0700] {logging_mixin.py:188} INFO - [2024-07-06T22:12:32.772+0700] {dagbag.py:545} INFO - Filling up the DagBag from /home/acer/.local/share/virtualenvs/custom_airflow-E5ZHcY_K/lib/python3.12/site-packages/airflow/example_dags/example_bash_decorator.py
[2024-07-06T22:12:32.795+0700] {processor.py:840} INFO - DAG(s) 'example_bash_decorator' retrieved from /home/acer/.local/share/virtualenvs/custom_airflow-E5ZHcY_K/lib/python3.12/site-packages/airflow/example_dags/example_bash_decorator.py
[2024-07-06T22:12:32.820+0700] {logging_mixin.py:188} INFO - [2024-07-06T22:12:32.819+0700] {dag.py:3096} INFO - Sync 1 DAGs
[2024-07-06T22:12:32.841+0700] {logging_mixin.py:188} INFO - [2024-07-06T22:12:32.840+0700] {dag.py:3954} INFO - Setting next_dagrun for example_bash_decorator to None, run_after=None
[2024-07-06T22:12:32.866+0700] {processor.py:183} INFO - Processing /home/acer/.local/share/virtualenvs/custom_airflow-E5ZHcY_K/lib/python3.12/site-packages/airflow/example_dags/example_bash_decorator.py took 0.113 seconds
[2024-07-06T22:13:31.387+0700] {processor.py:161} INFO - Started process (PID=20594) to work on /home/acer/.local/share/virtualenvs/custom_airflow-E5ZHcY_K/lib/python3.12/site-packages/airflow/example_dags/example_bash_decorator.py
[2024-07-06T22:13:31.389+0700] {processor.py:830} INFO - Processing file /home/acer/.local/share/virtualenvs/custom_airflow-E5ZHcY_K/lib/python3.12/site-packages/airflow/example_dags/example_bash_decorator.py for tasks to queue
[2024-07-06T22:13:31.393+0700] {logging_mixin.py:188} INFO - [2024-07-06T22:13:31.392+0700] {dagbag.py:545} INFO - Filling up the DagBag from /home/acer/.local/share/virtualenvs/custom_airflow-E5ZHcY_K/lib/python3.12/site-packages/airflow/example_dags/example_bash_decorator.py
[2024-07-06T22:13:31.423+0700] {processor.py:840} INFO - DAG(s) 'example_bash_decorator' retrieved from /home/acer/.local/share/virtualenvs/custom_airflow-E5ZHcY_K/lib/python3.12/site-packages/airflow/example_dags/example_bash_decorator.py
[2024-07-06T22:13:31.459+0700] {logging_mixin.py:188} INFO - [2024-07-06T22:13:31.458+0700] {dag.py:3096} INFO - Sync 1 DAGs
[2024-07-06T22:13:31.477+0700] {logging_mixin.py:188} INFO - [2024-07-06T22:13:31.476+0700] {dag.py:3954} INFO - Setting next_dagrun for example_bash_decorator to None, run_after=None
[2024-07-06T22:13:31.511+0700] {processor.py:183} INFO - Processing /home/acer/.local/share/virtualenvs/custom_airflow-E5ZHcY_K/lib/python3.12/site-packages/airflow/example_dags/example_bash_decorator.py took 0.135 seconds
[2024-07-06T22:14:31.549+0700] {processor.py:161} INFO - Started process (PID=20934) to work on /home/acer/.local/share/virtualenvs/custom_airflow-E5ZHcY_K/lib/python3.12/site-packages/airflow/example_dags/example_bash_decorator.py
[2024-07-06T22:14:31.551+0700] {processor.py:830} INFO - Processing file /home/acer/.local/share/virtualenvs/custom_airflow-E5ZHcY_K/lib/python3.12/site-packages/airflow/example_dags/example_bash_decorator.py for tasks to queue
[2024-07-06T22:14:31.555+0700] {logging_mixin.py:188} INFO - [2024-07-06T22:14:31.554+0700] {dagbag.py:545} INFO - Filling up the DagBag from /home/acer/.local/share/virtualenvs/custom_airflow-E5ZHcY_K/lib/python3.12/site-packages/airflow/example_dags/example_bash_decorator.py
[2024-07-06T22:14:31.600+0700] {processor.py:840} INFO - DAG(s) 'example_bash_decorator' retrieved from /home/acer/.local/share/virtualenvs/custom_airflow-E5ZHcY_K/lib/python3.12/site-packages/airflow/example_dags/example_bash_decorator.py
[2024-07-06T22:14:31.639+0700] {logging_mixin.py:188} INFO - [2024-07-06T22:14:31.639+0700] {dag.py:3096} INFO - Sync 1 DAGs
[2024-07-06T22:14:31.656+0700] {logging_mixin.py:188} INFO - [2024-07-06T22:14:31.656+0700] {dag.py:3954} INFO - Setting next_dagrun for example_bash_decorator to None, run_after=None
[2024-07-06T22:14:31.690+0700] {processor.py:183} INFO - Processing /home/acer/.local/share/virtualenvs/custom_airflow-E5ZHcY_K/lib/python3.12/site-packages/airflow/example_dags/example_bash_decorator.py took 0.156 seconds
[2024-07-06T22:15:35.949+0700] {processor.py:161} INFO - Started process (PID=21329) to work on /home/acer/.local/share/virtualenvs/custom_airflow-E5ZHcY_K/lib/python3.12/site-packages/airflow/example_dags/example_bash_decorator.py
[2024-07-06T22:15:35.950+0700] {processor.py:830} INFO - Processing file /home/acer/.local/share/virtualenvs/custom_airflow-E5ZHcY_K/lib/python3.12/site-packages/airflow/example_dags/example_bash_decorator.py for tasks to queue
[2024-07-06T22:15:35.953+0700] {logging_mixin.py:188} INFO - [2024-07-06T22:15:35.952+0700] {dagbag.py:545} INFO - Filling up the DagBag from /home/acer/.local/share/virtualenvs/custom_airflow-E5ZHcY_K/lib/python3.12/site-packages/airflow/example_dags/example_bash_decorator.py
[2024-07-06T22:15:35.974+0700] {processor.py:840} INFO - DAG(s) 'example_bash_decorator' retrieved from /home/acer/.local/share/virtualenvs/custom_airflow-E5ZHcY_K/lib/python3.12/site-packages/airflow/example_dags/example_bash_decorator.py
[2024-07-06T22:15:36.002+0700] {logging_mixin.py:188} INFO - [2024-07-06T22:15:36.002+0700] {dag.py:3096} INFO - Sync 1 DAGs
[2024-07-06T22:15:36.019+0700] {logging_mixin.py:188} INFO - [2024-07-06T22:15:36.018+0700] {dag.py:3954} INFO - Setting next_dagrun for example_bash_decorator to None, run_after=None
[2024-07-06T22:15:36.064+0700] {processor.py:183} INFO - Processing /home/acer/.local/share/virtualenvs/custom_airflow-E5ZHcY_K/lib/python3.12/site-packages/airflow/example_dags/example_bash_decorator.py took 0.139 seconds
[2024-07-06T22:16:34.153+0700] {processor.py:161} INFO - Started process (PID=21626) to work on /home/acer/.local/share/virtualenvs/custom_airflow-E5ZHcY_K/lib/python3.12/site-packages/airflow/example_dags/example_bash_decorator.py
[2024-07-06T22:16:34.154+0700] {processor.py:830} INFO - Processing file /home/acer/.local/share/virtualenvs/custom_airflow-E5ZHcY_K/lib/python3.12/site-packages/airflow/example_dags/example_bash_decorator.py for tasks to queue
[2024-07-06T22:16:34.157+0700] {logging_mixin.py:188} INFO - [2024-07-06T22:16:34.156+0700] {dagbag.py:545} INFO - Filling up the DagBag from /home/acer/.local/share/virtualenvs/custom_airflow-E5ZHcY_K/lib/python3.12/site-packages/airflow/example_dags/example_bash_decorator.py
[2024-07-06T22:16:34.180+0700] {processor.py:840} INFO - DAG(s) 'example_bash_decorator' retrieved from /home/acer/.local/share/virtualenvs/custom_airflow-E5ZHcY_K/lib/python3.12/site-packages/airflow/example_dags/example_bash_decorator.py
[2024-07-06T22:16:34.206+0700] {logging_mixin.py:188} INFO - [2024-07-06T22:16:34.205+0700] {dag.py:3096} INFO - Sync 1 DAGs
[2024-07-06T22:16:34.222+0700] {logging_mixin.py:188} INFO - [2024-07-06T22:16:34.222+0700] {dag.py:3954} INFO - Setting next_dagrun for example_bash_decorator to None, run_after=None
[2024-07-06T22:16:34.256+0700] {processor.py:183} INFO - Processing /home/acer/.local/share/virtualenvs/custom_airflow-E5ZHcY_K/lib/python3.12/site-packages/airflow/example_dags/example_bash_decorator.py took 0.109 seconds
[2024-07-06T22:18:00.517+0700] {processor.py:161} INFO - Started process (PID=22098) to work on /home/acer/.local/share/virtualenvs/custom_airflow-E5ZHcY_K/lib/python3.12/site-packages/airflow/example_dags/example_bash_decorator.py
[2024-07-06T22:18:00.522+0700] {processor.py:830} INFO - Processing file /home/acer/.local/share/virtualenvs/custom_airflow-E5ZHcY_K/lib/python3.12/site-packages/airflow/example_dags/example_bash_decorator.py for tasks to queue
[2024-07-06T22:18:00.525+0700] {logging_mixin.py:188} INFO - [2024-07-06T22:18:00.524+0700] {dagbag.py:545} INFO - Filling up the DagBag from /home/acer/.local/share/virtualenvs/custom_airflow-E5ZHcY_K/lib/python3.12/site-packages/airflow/example_dags/example_bash_decorator.py
[2024-07-06T22:18:00.547+0700] {processor.py:840} INFO - DAG(s) 'example_bash_decorator' retrieved from /home/acer/.local/share/virtualenvs/custom_airflow-E5ZHcY_K/lib/python3.12/site-packages/airflow/example_dags/example_bash_decorator.py
[2024-07-06T22:18:00.578+0700] {logging_mixin.py:188} INFO - [2024-07-06T22:18:00.577+0700] {dag.py:3096} INFO - Sync 1 DAGs
[2024-07-06T22:18:00.593+0700] {logging_mixin.py:188} INFO - [2024-07-06T22:18:00.593+0700] {dag.py:3954} INFO - Setting next_dagrun for example_bash_decorator to None, run_after=None
[2024-07-06T22:18:00.621+0700] {processor.py:183} INFO - Processing /home/acer/.local/share/virtualenvs/custom_airflow-E5ZHcY_K/lib/python3.12/site-packages/airflow/example_dags/example_bash_decorator.py took 0.120 seconds
[2024-07-06T22:19:03.829+0700] {processor.py:161} INFO - Started process (PID=22419) to work on /home/acer/.local/share/virtualenvs/custom_airflow-E5ZHcY_K/lib/python3.12/site-packages/airflow/example_dags/example_bash_decorator.py
[2024-07-06T22:19:03.830+0700] {processor.py:830} INFO - Processing file /home/acer/.local/share/virtualenvs/custom_airflow-E5ZHcY_K/lib/python3.12/site-packages/airflow/example_dags/example_bash_decorator.py for tasks to queue
[2024-07-06T22:19:03.832+0700] {logging_mixin.py:188} INFO - [2024-07-06T22:19:03.832+0700] {dagbag.py:545} INFO - Filling up the DagBag from /home/acer/.local/share/virtualenvs/custom_airflow-E5ZHcY_K/lib/python3.12/site-packages/airflow/example_dags/example_bash_decorator.py
[2024-07-06T22:19:03.852+0700] {processor.py:840} INFO - DAG(s) 'example_bash_decorator' retrieved from /home/acer/.local/share/virtualenvs/custom_airflow-E5ZHcY_K/lib/python3.12/site-packages/airflow/example_dags/example_bash_decorator.py
[2024-07-06T22:19:03.888+0700] {logging_mixin.py:188} INFO - [2024-07-06T22:19:03.888+0700] {dag.py:3096} INFO - Sync 1 DAGs
[2024-07-06T22:19:03.906+0700] {logging_mixin.py:188} INFO - [2024-07-06T22:19:03.906+0700] {dag.py:3954} INFO - Setting next_dagrun for example_bash_decorator to None, run_after=None
[2024-07-06T22:19:03.939+0700] {processor.py:183} INFO - Processing /home/acer/.local/share/virtualenvs/custom_airflow-E5ZHcY_K/lib/python3.12/site-packages/airflow/example_dags/example_bash_decorator.py took 0.120 seconds
[2024-07-06T22:20:04.877+0700] {processor.py:161} INFO - Started process (PID=22758) to work on /home/acer/.local/share/virtualenvs/custom_airflow-E5ZHcY_K/lib/python3.12/site-packages/airflow/example_dags/example_bash_decorator.py
[2024-07-06T22:20:04.879+0700] {processor.py:830} INFO - Processing file /home/acer/.local/share/virtualenvs/custom_airflow-E5ZHcY_K/lib/python3.12/site-packages/airflow/example_dags/example_bash_decorator.py for tasks to queue
[2024-07-06T22:20:04.883+0700] {logging_mixin.py:188} INFO - [2024-07-06T22:20:04.882+0700] {dagbag.py:545} INFO - Filling up the DagBag from /home/acer/.local/share/virtualenvs/custom_airflow-E5ZHcY_K/lib/python3.12/site-packages/airflow/example_dags/example_bash_decorator.py
[2024-07-06T22:20:04.905+0700] {processor.py:840} INFO - DAG(s) 'example_bash_decorator' retrieved from /home/acer/.local/share/virtualenvs/custom_airflow-E5ZHcY_K/lib/python3.12/site-packages/airflow/example_dags/example_bash_decorator.py
[2024-07-06T22:20:04.929+0700] {logging_mixin.py:188} INFO - [2024-07-06T22:20:04.929+0700] {dag.py:3096} INFO - Sync 1 DAGs
[2024-07-06T22:20:04.948+0700] {logging_mixin.py:188} INFO - [2024-07-06T22:20:04.948+0700] {dag.py:3954} INFO - Setting next_dagrun for example_bash_decorator to None, run_after=None
[2024-07-06T22:20:04.979+0700] {processor.py:183} INFO - Processing /home/acer/.local/share/virtualenvs/custom_airflow-E5ZHcY_K/lib/python3.12/site-packages/airflow/example_dags/example_bash_decorator.py took 0.120 seconds
[2024-07-06T22:21:06.020+0700] {processor.py:161} INFO - Started process (PID=23075) to work on /home/acer/.local/share/virtualenvs/custom_airflow-E5ZHcY_K/lib/python3.12/site-packages/airflow/example_dags/example_bash_decorator.py
[2024-07-06T22:21:06.022+0700] {processor.py:830} INFO - Processing file /home/acer/.local/share/virtualenvs/custom_airflow-E5ZHcY_K/lib/python3.12/site-packages/airflow/example_dags/example_bash_decorator.py for tasks to queue
[2024-07-06T22:21:06.026+0700] {logging_mixin.py:188} INFO - [2024-07-06T22:21:06.025+0700] {dagbag.py:545} INFO - Filling up the DagBag from /home/acer/.local/share/virtualenvs/custom_airflow-E5ZHcY_K/lib/python3.12/site-packages/airflow/example_dags/example_bash_decorator.py
[2024-07-06T22:21:06.052+0700] {processor.py:840} INFO - DAG(s) 'example_bash_decorator' retrieved from /home/acer/.local/share/virtualenvs/custom_airflow-E5ZHcY_K/lib/python3.12/site-packages/airflow/example_dags/example_bash_decorator.py
[2024-07-06T22:21:06.074+0700] {logging_mixin.py:188} INFO - [2024-07-06T22:21:06.073+0700] {dag.py:3096} INFO - Sync 1 DAGs
[2024-07-06T22:21:06.089+0700] {logging_mixin.py:188} INFO - [2024-07-06T22:21:06.089+0700] {dag.py:3954} INFO - Setting next_dagrun for example_bash_decorator to None, run_after=None
[2024-07-06T22:21:06.113+0700] {processor.py:183} INFO - Processing /home/acer/.local/share/virtualenvs/custom_airflow-E5ZHcY_K/lib/python3.12/site-packages/airflow/example_dags/example_bash_decorator.py took 0.113 seconds
