[2024-07-06T16:09:24.256+0700] {processor.py:161} INFO - Started process (PID=51443) to work on /home/acer/.local/share/virtualenvs/custom_airflow-E5ZHcY_K/lib/python3.12/site-packages/airflow/example_dags/example_display_name.py
[2024-07-06T16:09:24.257+0700] {processor.py:830} INFO - Processing file /home/acer/.local/share/virtualenvs/custom_airflow-E5ZHcY_K/lib/python3.12/site-packages/airflow/example_dags/example_display_name.py for tasks to queue
[2024-07-06T16:09:24.259+0700] {logging_mixin.py:188} INFO - [2024-07-06T16:09:24.258+0700] {dagbag.py:545} INFO - Filling up the DagBag from /home/acer/.local/share/virtualenvs/custom_airflow-E5ZHcY_K/lib/python3.12/site-packages/airflow/example_dags/example_display_name.py
[2024-07-06T16:09:24.266+0700] {processor.py:840} INFO - DAG(s) 'example_display_name' retrieved from /home/acer/.local/share/virtualenvs/custom_airflow-E5ZHcY_K/lib/python3.12/site-packages/airflow/example_dags/example_display_name.py
[2024-07-06T16:09:24.391+0700] {logging_mixin.py:188} INFO - [2024-07-06T16:09:24.391+0700] {override.py:1847} INFO - Created Permission View: can delete on DAG:example_display_name
[2024-07-06T16:09:24.403+0700] {logging_mixin.py:188} INFO - [2024-07-06T16:09:24.402+0700] {override.py:1847} INFO - Created Permission View: can edit on DAG:example_display_name
[2024-07-06T16:09:24.411+0700] {logging_mixin.py:188} INFO - [2024-07-06T16:09:24.410+0700] {override.py:1847} INFO - Created Permission View: can read on DAG:example_display_name
[2024-07-06T16:09:24.411+0700] {logging_mixin.py:188} INFO - [2024-07-06T16:09:24.411+0700] {dag.py:3096} INFO - Sync 1 DAGs
[2024-07-06T16:09:24.422+0700] {logging_mixin.py:188} INFO - [2024-07-06T16:09:24.422+0700] {dag.py:3118} INFO - Creating ORM DAG for example_display_name
[2024-07-06T16:09:24.422+0700] {logging_mixin.py:188} INFO - [2024-07-06T16:09:24.422+0700] {dag.py:3954} INFO - Setting next_dagrun for example_display_name to None, run_after=None
[2024-07-06T16:09:24.447+0700] {processor.py:183} INFO - Processing /home/acer/.local/share/virtualenvs/custom_airflow-E5ZHcY_K/lib/python3.12/site-packages/airflow/example_dags/example_display_name.py took 0.197 seconds
[2024-07-06T16:11:12.802+0700] {processor.py:161} INFO - Started process (PID=52376) to work on /home/acer/.local/share/virtualenvs/custom_airflow-E5ZHcY_K/lib/python3.12/site-packages/airflow/example_dags/example_display_name.py
[2024-07-06T16:11:12.805+0700] {processor.py:830} INFO - Processing file /home/acer/.local/share/virtualenvs/custom_airflow-E5ZHcY_K/lib/python3.12/site-packages/airflow/example_dags/example_display_name.py for tasks to queue
[2024-07-06T16:11:12.807+0700] {logging_mixin.py:188} INFO - [2024-07-06T16:11:12.806+0700] {dagbag.py:545} INFO - Filling up the DagBag from /home/acer/.local/share/virtualenvs/custom_airflow-E5ZHcY_K/lib/python3.12/site-packages/airflow/example_dags/example_display_name.py
[2024-07-06T16:11:12.817+0700] {processor.py:840} INFO - DAG(s) 'example_display_name' retrieved from /home/acer/.local/share/virtualenvs/custom_airflow-E5ZHcY_K/lib/python3.12/site-packages/airflow/example_dags/example_display_name.py
[2024-07-06T16:11:12.834+0700] {logging_mixin.py:188} INFO - [2024-07-06T16:11:12.834+0700] {dag.py:3096} INFO - Sync 1 DAGs
[2024-07-06T16:11:12.847+0700] {logging_mixin.py:188} INFO - [2024-07-06T16:11:12.847+0700] {dag.py:3954} INFO - Setting next_dagrun for example_display_name to None, run_after=None
[2024-07-06T16:11:12.894+0700] {processor.py:183} INFO - Processing /home/acer/.local/share/virtualenvs/custom_airflow-E5ZHcY_K/lib/python3.12/site-packages/airflow/example_dags/example_display_name.py took 0.111 seconds
[2024-07-06T16:16:14.098+0700] {processor.py:161} INFO - Started process (PID=55043) to work on /home/acer/.local/share/virtualenvs/custom_airflow-E5ZHcY_K/lib/python3.12/site-packages/airflow/example_dags/example_display_name.py
[2024-07-06T16:16:14.100+0700] {processor.py:830} INFO - Processing file /home/acer/.local/share/virtualenvs/custom_airflow-E5ZHcY_K/lib/python3.12/site-packages/airflow/example_dags/example_display_name.py for tasks to queue
[2024-07-06T16:16:14.104+0700] {logging_mixin.py:188} INFO - [2024-07-06T16:16:14.104+0700] {dagbag.py:545} INFO - Filling up the DagBag from /home/acer/.local/share/virtualenvs/custom_airflow-E5ZHcY_K/lib/python3.12/site-packages/airflow/example_dags/example_display_name.py
[2024-07-06T16:16:14.114+0700] {processor.py:840} INFO - DAG(s) 'example_display_name' retrieved from /home/acer/.local/share/virtualenvs/custom_airflow-E5ZHcY_K/lib/python3.12/site-packages/airflow/example_dags/example_display_name.py
[2024-07-06T16:16:14.235+0700] {logging_mixin.py:188} INFO - [2024-07-06T16:16:14.235+0700] {dag.py:3096} INFO - Sync 1 DAGs
[2024-07-06T16:16:14.246+0700] {logging_mixin.py:188} INFO - [2024-07-06T16:16:14.246+0700] {dag.py:3954} INFO - Setting next_dagrun for example_display_name to None, run_after=None
[2024-07-06T16:16:14.269+0700] {processor.py:183} INFO - Processing /home/acer/.local/share/virtualenvs/custom_airflow-E5ZHcY_K/lib/python3.12/site-packages/airflow/example_dags/example_display_name.py took 0.191 seconds
[2024-07-06T16:17:11.328+0700] {processor.py:161} INFO - Started process (PID=55562) to work on /home/acer/.local/share/virtualenvs/custom_airflow-E5ZHcY_K/lib/python3.12/site-packages/airflow/example_dags/example_display_name.py
[2024-07-06T16:17:11.329+0700] {processor.py:830} INFO - Processing file /home/acer/.local/share/virtualenvs/custom_airflow-E5ZHcY_K/lib/python3.12/site-packages/airflow/example_dags/example_display_name.py for tasks to queue
[2024-07-06T16:17:11.331+0700] {logging_mixin.py:188} INFO - [2024-07-06T16:17:11.330+0700] {dagbag.py:545} INFO - Filling up the DagBag from /home/acer/.local/share/virtualenvs/custom_airflow-E5ZHcY_K/lib/python3.12/site-packages/airflow/example_dags/example_display_name.py
[2024-07-06T16:17:11.337+0700] {processor.py:840} INFO - DAG(s) 'example_display_name' retrieved from /home/acer/.local/share/virtualenvs/custom_airflow-E5ZHcY_K/lib/python3.12/site-packages/airflow/example_dags/example_display_name.py
[2024-07-06T16:17:11.351+0700] {logging_mixin.py:188} INFO - [2024-07-06T16:17:11.351+0700] {dag.py:3096} INFO - Sync 1 DAGs
[2024-07-06T16:17:11.363+0700] {logging_mixin.py:188} INFO - [2024-07-06T16:17:11.363+0700] {dag.py:3954} INFO - Setting next_dagrun for example_display_name to None, run_after=None
[2024-07-06T16:17:11.384+0700] {processor.py:183} INFO - Processing /home/acer/.local/share/virtualenvs/custom_airflow-E5ZHcY_K/lib/python3.12/site-packages/airflow/example_dags/example_display_name.py took 0.061 seconds
[2024-07-06T16:18:04.019+0700] {processor.py:161} INFO - Started process (PID=55875) to work on /home/acer/.local/share/virtualenvs/custom_airflow-E5ZHcY_K/lib/python3.12/site-packages/airflow/example_dags/example_display_name.py
[2024-07-06T16:18:04.021+0700] {processor.py:830} INFO - Processing file /home/acer/.local/share/virtualenvs/custom_airflow-E5ZHcY_K/lib/python3.12/site-packages/airflow/example_dags/example_display_name.py for tasks to queue
[2024-07-06T16:18:04.023+0700] {logging_mixin.py:188} INFO - [2024-07-06T16:18:04.022+0700] {dagbag.py:545} INFO - Filling up the DagBag from /home/acer/.local/share/virtualenvs/custom_airflow-E5ZHcY_K/lib/python3.12/site-packages/airflow/example_dags/example_display_name.py
[2024-07-06T16:18:04.032+0700] {processor.py:840} INFO - DAG(s) 'example_display_name' retrieved from /home/acer/.local/share/virtualenvs/custom_airflow-E5ZHcY_K/lib/python3.12/site-packages/airflow/example_dags/example_display_name.py
[2024-07-06T16:18:04.047+0700] {logging_mixin.py:188} INFO - [2024-07-06T16:18:04.047+0700] {dag.py:3096} INFO - Sync 1 DAGs
[2024-07-06T16:18:04.061+0700] {logging_mixin.py:188} INFO - [2024-07-06T16:18:04.061+0700] {dag.py:3954} INFO - Setting next_dagrun for example_display_name to None, run_after=None
[2024-07-06T16:18:04.083+0700] {processor.py:183} INFO - Processing /home/acer/.local/share/virtualenvs/custom_airflow-E5ZHcY_K/lib/python3.12/site-packages/airflow/example_dags/example_display_name.py took 0.072 seconds
[2024-07-06T16:19:17.089+0700] {processor.py:161} INFO - Started process (PID=56283) to work on /home/acer/.local/share/virtualenvs/custom_airflow-E5ZHcY_K/lib/python3.12/site-packages/airflow/example_dags/example_display_name.py
[2024-07-06T16:19:17.092+0700] {processor.py:830} INFO - Processing file /home/acer/.local/share/virtualenvs/custom_airflow-E5ZHcY_K/lib/python3.12/site-packages/airflow/example_dags/example_display_name.py for tasks to queue
[2024-07-06T16:19:17.101+0700] {logging_mixin.py:188} INFO - [2024-07-06T16:19:17.099+0700] {dagbag.py:545} INFO - Filling up the DagBag from /home/acer/.local/share/virtualenvs/custom_airflow-E5ZHcY_K/lib/python3.12/site-packages/airflow/example_dags/example_display_name.py
[2024-07-06T16:19:17.122+0700] {processor.py:840} INFO - DAG(s) 'example_display_name' retrieved from /home/acer/.local/share/virtualenvs/custom_airflow-E5ZHcY_K/lib/python3.12/site-packages/airflow/example_dags/example_display_name.py
[2024-07-06T16:19:17.154+0700] {logging_mixin.py:188} INFO - [2024-07-06T16:19:17.154+0700] {dag.py:3096} INFO - Sync 1 DAGs
[2024-07-06T16:19:17.171+0700] {logging_mixin.py:188} INFO - [2024-07-06T16:19:17.170+0700] {dag.py:3954} INFO - Setting next_dagrun for example_display_name to None, run_after=None
[2024-07-06T16:19:17.196+0700] {processor.py:183} INFO - Processing /home/acer/.local/share/virtualenvs/custom_airflow-E5ZHcY_K/lib/python3.12/site-packages/airflow/example_dags/example_display_name.py took 0.128 seconds
[2024-07-06T16:20:19.538+0700] {processor.py:161} INFO - Started process (PID=57041) to work on /home/acer/.local/share/virtualenvs/custom_airflow-E5ZHcY_K/lib/python3.12/site-packages/airflow/example_dags/example_display_name.py
[2024-07-06T16:20:19.539+0700] {processor.py:830} INFO - Processing file /home/acer/.local/share/virtualenvs/custom_airflow-E5ZHcY_K/lib/python3.12/site-packages/airflow/example_dags/example_display_name.py for tasks to queue
[2024-07-06T16:20:19.541+0700] {logging_mixin.py:188} INFO - [2024-07-06T16:20:19.541+0700] {dagbag.py:545} INFO - Filling up the DagBag from /home/acer/.local/share/virtualenvs/custom_airflow-E5ZHcY_K/lib/python3.12/site-packages/airflow/example_dags/example_display_name.py
[2024-07-06T16:20:19.550+0700] {processor.py:840} INFO - DAG(s) 'example_display_name' retrieved from /home/acer/.local/share/virtualenvs/custom_airflow-E5ZHcY_K/lib/python3.12/site-packages/airflow/example_dags/example_display_name.py
[2024-07-06T16:20:19.570+0700] {logging_mixin.py:188} INFO - [2024-07-06T16:20:19.570+0700] {dag.py:3096} INFO - Sync 1 DAGs
[2024-07-06T16:20:19.587+0700] {logging_mixin.py:188} INFO - [2024-07-06T16:20:19.587+0700] {dag.py:3954} INFO - Setting next_dagrun for example_display_name to None, run_after=None
[2024-07-06T16:20:19.619+0700] {processor.py:183} INFO - Processing /home/acer/.local/share/virtualenvs/custom_airflow-E5ZHcY_K/lib/python3.12/site-packages/airflow/example_dags/example_display_name.py took 0.092 seconds
[2024-07-06T16:21:16.404+0700] {processor.py:161} INFO - Started process (PID=57504) to work on /home/acer/.local/share/virtualenvs/custom_airflow-E5ZHcY_K/lib/python3.12/site-packages/airflow/example_dags/example_display_name.py
[2024-07-06T16:21:16.407+0700] {processor.py:830} INFO - Processing file /home/acer/.local/share/virtualenvs/custom_airflow-E5ZHcY_K/lib/python3.12/site-packages/airflow/example_dags/example_display_name.py for tasks to queue
[2024-07-06T16:21:16.416+0700] {logging_mixin.py:188} INFO - [2024-07-06T16:21:16.414+0700] {dagbag.py:545} INFO - Filling up the DagBag from /home/acer/.local/share/virtualenvs/custom_airflow-E5ZHcY_K/lib/python3.12/site-packages/airflow/example_dags/example_display_name.py
[2024-07-06T16:21:16.434+0700] {processor.py:840} INFO - DAG(s) 'example_display_name' retrieved from /home/acer/.local/share/virtualenvs/custom_airflow-E5ZHcY_K/lib/python3.12/site-packages/airflow/example_dags/example_display_name.py
[2024-07-06T16:21:16.499+0700] {logging_mixin.py:188} INFO - [2024-07-06T16:21:16.499+0700] {dag.py:3096} INFO - Sync 1 DAGs
[2024-07-06T16:21:16.520+0700] {logging_mixin.py:188} INFO - [2024-07-06T16:21:16.519+0700] {dag.py:3954} INFO - Setting next_dagrun for example_display_name to None, run_after=None
[2024-07-06T16:21:16.547+0700] {processor.py:183} INFO - Processing /home/acer/.local/share/virtualenvs/custom_airflow-E5ZHcY_K/lib/python3.12/site-packages/airflow/example_dags/example_display_name.py took 0.175 seconds
[2024-07-06T16:22:28.090+0700] {processor.py:161} INFO - Started process (PID=57946) to work on /home/acer/.local/share/virtualenvs/custom_airflow-E5ZHcY_K/lib/python3.12/site-packages/airflow/example_dags/example_display_name.py
[2024-07-06T16:22:28.093+0700] {processor.py:830} INFO - Processing file /home/acer/.local/share/virtualenvs/custom_airflow-E5ZHcY_K/lib/python3.12/site-packages/airflow/example_dags/example_display_name.py for tasks to queue
[2024-07-06T16:22:28.097+0700] {logging_mixin.py:188} INFO - [2024-07-06T16:22:28.096+0700] {dagbag.py:545} INFO - Filling up the DagBag from /home/acer/.local/share/virtualenvs/custom_airflow-E5ZHcY_K/lib/python3.12/site-packages/airflow/example_dags/example_display_name.py
[2024-07-06T16:22:28.109+0700] {processor.py:840} INFO - DAG(s) 'example_display_name' retrieved from /home/acer/.local/share/virtualenvs/custom_airflow-E5ZHcY_K/lib/python3.12/site-packages/airflow/example_dags/example_display_name.py
[2024-07-06T16:22:28.134+0700] {logging_mixin.py:188} INFO - [2024-07-06T16:22:28.133+0700] {dag.py:3096} INFO - Sync 1 DAGs
[2024-07-06T16:22:28.147+0700] {logging_mixin.py:188} INFO - [2024-07-06T16:22:28.147+0700] {dag.py:3954} INFO - Setting next_dagrun for example_display_name to None, run_after=None
[2024-07-06T16:22:28.180+0700] {processor.py:183} INFO - Processing /home/acer/.local/share/virtualenvs/custom_airflow-E5ZHcY_K/lib/python3.12/site-packages/airflow/example_dags/example_display_name.py took 0.110 seconds
[2024-07-06T16:24:37.802+0700] {processor.py:161} INFO - Started process (PID=59382) to work on /home/acer/.local/share/virtualenvs/custom_airflow-E5ZHcY_K/lib/python3.12/site-packages/airflow/example_dags/example_display_name.py
[2024-07-06T16:24:37.803+0700] {processor.py:830} INFO - Processing file /home/acer/.local/share/virtualenvs/custom_airflow-E5ZHcY_K/lib/python3.12/site-packages/airflow/example_dags/example_display_name.py for tasks to queue
[2024-07-06T16:24:37.806+0700] {logging_mixin.py:188} INFO - [2024-07-06T16:24:37.805+0700] {dagbag.py:545} INFO - Filling up the DagBag from /home/acer/.local/share/virtualenvs/custom_airflow-E5ZHcY_K/lib/python3.12/site-packages/airflow/example_dags/example_display_name.py
[2024-07-06T16:24:37.812+0700] {processor.py:840} INFO - DAG(s) 'example_display_name' retrieved from /home/acer/.local/share/virtualenvs/custom_airflow-E5ZHcY_K/lib/python3.12/site-packages/airflow/example_dags/example_display_name.py
[2024-07-06T16:24:37.826+0700] {logging_mixin.py:188} INFO - [2024-07-06T16:24:37.826+0700] {dag.py:3096} INFO - Sync 1 DAGs
[2024-07-06T16:24:37.842+0700] {logging_mixin.py:188} INFO - [2024-07-06T16:24:37.842+0700] {dag.py:3954} INFO - Setting next_dagrun for example_display_name to None, run_after=None
[2024-07-06T16:24:37.865+0700] {processor.py:183} INFO - Processing /home/acer/.local/share/virtualenvs/custom_airflow-E5ZHcY_K/lib/python3.12/site-packages/airflow/example_dags/example_display_name.py took 0.070 seconds
[2024-07-06T16:25:33.418+0700] {processor.py:161} INFO - Started process (PID=59787) to work on /home/acer/.local/share/virtualenvs/custom_airflow-E5ZHcY_K/lib/python3.12/site-packages/airflow/example_dags/example_display_name.py
[2024-07-06T16:25:33.419+0700] {processor.py:830} INFO - Processing file /home/acer/.local/share/virtualenvs/custom_airflow-E5ZHcY_K/lib/python3.12/site-packages/airflow/example_dags/example_display_name.py for tasks to queue
[2024-07-06T16:25:33.421+0700] {logging_mixin.py:188} INFO - [2024-07-06T16:25:33.420+0700] {dagbag.py:545} INFO - Filling up the DagBag from /home/acer/.local/share/virtualenvs/custom_airflow-E5ZHcY_K/lib/python3.12/site-packages/airflow/example_dags/example_display_name.py
[2024-07-06T16:25:33.426+0700] {processor.py:840} INFO - DAG(s) 'example_display_name' retrieved from /home/acer/.local/share/virtualenvs/custom_airflow-E5ZHcY_K/lib/python3.12/site-packages/airflow/example_dags/example_display_name.py
[2024-07-06T16:25:33.440+0700] {logging_mixin.py:188} INFO - [2024-07-06T16:25:33.440+0700] {dag.py:3096} INFO - Sync 1 DAGs
[2024-07-06T16:25:33.453+0700] {logging_mixin.py:188} INFO - [2024-07-06T16:25:33.452+0700] {dag.py:3954} INFO - Setting next_dagrun for example_display_name to None, run_after=None
[2024-07-06T16:25:33.473+0700] {processor.py:183} INFO - Processing /home/acer/.local/share/virtualenvs/custom_airflow-E5ZHcY_K/lib/python3.12/site-packages/airflow/example_dags/example_display_name.py took 0.061 seconds
[2024-07-06T16:26:28.721+0700] {processor.py:161} INFO - Started process (PID=60117) to work on /home/acer/.local/share/virtualenvs/custom_airflow-E5ZHcY_K/lib/python3.12/site-packages/airflow/example_dags/example_display_name.py
[2024-07-06T16:26:28.722+0700] {processor.py:830} INFO - Processing file /home/acer/.local/share/virtualenvs/custom_airflow-E5ZHcY_K/lib/python3.12/site-packages/airflow/example_dags/example_display_name.py for tasks to queue
[2024-07-06T16:26:28.723+0700] {logging_mixin.py:188} INFO - [2024-07-06T16:26:28.723+0700] {dagbag.py:545} INFO - Filling up the DagBag from /home/acer/.local/share/virtualenvs/custom_airflow-E5ZHcY_K/lib/python3.12/site-packages/airflow/example_dags/example_display_name.py
[2024-07-06T16:26:28.728+0700] {processor.py:840} INFO - DAG(s) 'example_display_name' retrieved from /home/acer/.local/share/virtualenvs/custom_airflow-E5ZHcY_K/lib/python3.12/site-packages/airflow/example_dags/example_display_name.py
[2024-07-06T16:26:28.743+0700] {logging_mixin.py:188} INFO - [2024-07-06T16:26:28.743+0700] {dag.py:3096} INFO - Sync 1 DAGs
[2024-07-06T16:26:28.755+0700] {logging_mixin.py:188} INFO - [2024-07-06T16:26:28.755+0700] {dag.py:3954} INFO - Setting next_dagrun for example_display_name to None, run_after=None
[2024-07-06T16:26:28.785+0700] {processor.py:183} INFO - Processing /home/acer/.local/share/virtualenvs/custom_airflow-E5ZHcY_K/lib/python3.12/site-packages/airflow/example_dags/example_display_name.py took 0.070 seconds
[2024-07-06T16:27:39.996+0700] {processor.py:161} INFO - Started process (PID=60491) to work on /home/acer/.local/share/virtualenvs/custom_airflow-E5ZHcY_K/lib/python3.12/site-packages/airflow/example_dags/example_display_name.py
[2024-07-06T16:27:39.997+0700] {processor.py:830} INFO - Processing file /home/acer/.local/share/virtualenvs/custom_airflow-E5ZHcY_K/lib/python3.12/site-packages/airflow/example_dags/example_display_name.py for tasks to queue
[2024-07-06T16:27:39.998+0700] {logging_mixin.py:188} INFO - [2024-07-06T16:27:39.998+0700] {dagbag.py:545} INFO - Filling up the DagBag from /home/acer/.local/share/virtualenvs/custom_airflow-E5ZHcY_K/lib/python3.12/site-packages/airflow/example_dags/example_display_name.py
[2024-07-06T16:27:40.004+0700] {processor.py:840} INFO - DAG(s) 'example_display_name' retrieved from /home/acer/.local/share/virtualenvs/custom_airflow-E5ZHcY_K/lib/python3.12/site-packages/airflow/example_dags/example_display_name.py
[2024-07-06T16:27:40.018+0700] {logging_mixin.py:188} INFO - [2024-07-06T16:27:40.018+0700] {dag.py:3096} INFO - Sync 1 DAGs
[2024-07-06T16:27:40.031+0700] {logging_mixin.py:188} INFO - [2024-07-06T16:27:40.030+0700] {dag.py:3954} INFO - Setting next_dagrun for example_display_name to None, run_after=None
[2024-07-06T16:27:40.052+0700] {processor.py:183} INFO - Processing /home/acer/.local/share/virtualenvs/custom_airflow-E5ZHcY_K/lib/python3.12/site-packages/airflow/example_dags/example_display_name.py took 0.061 seconds
[2024-07-06T16:28:45.902+0700] {processor.py:161} INFO - Started process (PID=60812) to work on /home/acer/.local/share/virtualenvs/custom_airflow-E5ZHcY_K/lib/python3.12/site-packages/airflow/example_dags/example_display_name.py
[2024-07-06T16:28:45.904+0700] {processor.py:830} INFO - Processing file /home/acer/.local/share/virtualenvs/custom_airflow-E5ZHcY_K/lib/python3.12/site-packages/airflow/example_dags/example_display_name.py for tasks to queue
[2024-07-06T16:28:45.908+0700] {logging_mixin.py:188} INFO - [2024-07-06T16:28:45.908+0700] {dagbag.py:545} INFO - Filling up the DagBag from /home/acer/.local/share/virtualenvs/custom_airflow-E5ZHcY_K/lib/python3.12/site-packages/airflow/example_dags/example_display_name.py
[2024-07-06T16:28:45.917+0700] {processor.py:840} INFO - DAG(s) 'example_display_name' retrieved from /home/acer/.local/share/virtualenvs/custom_airflow-E5ZHcY_K/lib/python3.12/site-packages/airflow/example_dags/example_display_name.py
[2024-07-06T16:28:45.933+0700] {logging_mixin.py:188} INFO - [2024-07-06T16:28:45.932+0700] {dag.py:3096} INFO - Sync 1 DAGs
[2024-07-06T16:28:45.945+0700] {logging_mixin.py:188} INFO - [2024-07-06T16:28:45.945+0700] {dag.py:3954} INFO - Setting next_dagrun for example_display_name to None, run_after=None
[2024-07-06T16:28:45.966+0700] {processor.py:183} INFO - Processing /home/acer/.local/share/virtualenvs/custom_airflow-E5ZHcY_K/lib/python3.12/site-packages/airflow/example_dags/example_display_name.py took 0.077 seconds
[2024-07-06T16:29:36.310+0700] {processor.py:161} INFO - Started process (PID=61069) to work on /home/acer/.local/share/virtualenvs/custom_airflow-E5ZHcY_K/lib/python3.12/site-packages/airflow/example_dags/example_display_name.py
[2024-07-06T16:29:36.313+0700] {processor.py:830} INFO - Processing file /home/acer/.local/share/virtualenvs/custom_airflow-E5ZHcY_K/lib/python3.12/site-packages/airflow/example_dags/example_display_name.py for tasks to queue
[2024-07-06T16:29:36.317+0700] {logging_mixin.py:188} INFO - [2024-07-06T16:29:36.316+0700] {dagbag.py:545} INFO - Filling up the DagBag from /home/acer/.local/share/virtualenvs/custom_airflow-E5ZHcY_K/lib/python3.12/site-packages/airflow/example_dags/example_display_name.py
[2024-07-06T16:29:36.326+0700] {processor.py:840} INFO - DAG(s) 'example_display_name' retrieved from /home/acer/.local/share/virtualenvs/custom_airflow-E5ZHcY_K/lib/python3.12/site-packages/airflow/example_dags/example_display_name.py
[2024-07-06T16:29:36.343+0700] {logging_mixin.py:188} INFO - [2024-07-06T16:29:36.343+0700] {dag.py:3096} INFO - Sync 1 DAGs
[2024-07-06T16:29:36.355+0700] {logging_mixin.py:188} INFO - [2024-07-06T16:29:36.355+0700] {dag.py:3954} INFO - Setting next_dagrun for example_display_name to None, run_after=None
[2024-07-06T16:29:36.377+0700] {processor.py:183} INFO - Processing /home/acer/.local/share/virtualenvs/custom_airflow-E5ZHcY_K/lib/python3.12/site-packages/airflow/example_dags/example_display_name.py took 0.086 seconds
[2024-07-06T16:30:43.580+0700] {processor.py:161} INFO - Started process (PID=61433) to work on /home/acer/.local/share/virtualenvs/custom_airflow-E5ZHcY_K/lib/python3.12/site-packages/airflow/example_dags/example_display_name.py
[2024-07-06T16:30:43.581+0700] {processor.py:830} INFO - Processing file /home/acer/.local/share/virtualenvs/custom_airflow-E5ZHcY_K/lib/python3.12/site-packages/airflow/example_dags/example_display_name.py for tasks to queue
[2024-07-06T16:30:43.583+0700] {logging_mixin.py:188} INFO - [2024-07-06T16:30:43.583+0700] {dagbag.py:545} INFO - Filling up the DagBag from /home/acer/.local/share/virtualenvs/custom_airflow-E5ZHcY_K/lib/python3.12/site-packages/airflow/example_dags/example_display_name.py
[2024-07-06T16:30:43.589+0700] {processor.py:840} INFO - DAG(s) 'example_display_name' retrieved from /home/acer/.local/share/virtualenvs/custom_airflow-E5ZHcY_K/lib/python3.12/site-packages/airflow/example_dags/example_display_name.py
[2024-07-06T16:30:43.604+0700] {logging_mixin.py:188} INFO - [2024-07-06T16:30:43.604+0700] {dag.py:3096} INFO - Sync 1 DAGs
[2024-07-06T16:30:43.616+0700] {logging_mixin.py:188} INFO - [2024-07-06T16:30:43.616+0700] {dag.py:3954} INFO - Setting next_dagrun for example_display_name to None, run_after=None
[2024-07-06T16:30:43.636+0700] {processor.py:183} INFO - Processing /home/acer/.local/share/virtualenvs/custom_airflow-E5ZHcY_K/lib/python3.12/site-packages/airflow/example_dags/example_display_name.py took 0.062 seconds
[2024-07-06T16:31:50.852+0700] {processor.py:161} INFO - Started process (PID=61765) to work on /home/acer/.local/share/virtualenvs/custom_airflow-E5ZHcY_K/lib/python3.12/site-packages/airflow/example_dags/example_display_name.py
[2024-07-06T16:31:50.854+0700] {processor.py:830} INFO - Processing file /home/acer/.local/share/virtualenvs/custom_airflow-E5ZHcY_K/lib/python3.12/site-packages/airflow/example_dags/example_display_name.py for tasks to queue
[2024-07-06T16:31:50.858+0700] {logging_mixin.py:188} INFO - [2024-07-06T16:31:50.857+0700] {dagbag.py:545} INFO - Filling up the DagBag from /home/acer/.local/share/virtualenvs/custom_airflow-E5ZHcY_K/lib/python3.12/site-packages/airflow/example_dags/example_display_name.py
[2024-07-06T16:31:50.866+0700] {processor.py:840} INFO - DAG(s) 'example_display_name' retrieved from /home/acer/.local/share/virtualenvs/custom_airflow-E5ZHcY_K/lib/python3.12/site-packages/airflow/example_dags/example_display_name.py
[2024-07-06T16:31:50.881+0700] {logging_mixin.py:188} INFO - [2024-07-06T16:31:50.881+0700] {dag.py:3096} INFO - Sync 1 DAGs
[2024-07-06T16:31:50.893+0700] {logging_mixin.py:188} INFO - [2024-07-06T16:31:50.893+0700] {dag.py:3954} INFO - Setting next_dagrun for example_display_name to None, run_after=None
[2024-07-06T16:31:50.914+0700] {processor.py:183} INFO - Processing /home/acer/.local/share/virtualenvs/custom_airflow-E5ZHcY_K/lib/python3.12/site-packages/airflow/example_dags/example_display_name.py took 0.088 seconds
[2024-07-06T16:33:03.204+0700] {processor.py:161} INFO - Started process (PID=62135) to work on /home/acer/.local/share/virtualenvs/custom_airflow-E5ZHcY_K/lib/python3.12/site-packages/airflow/example_dags/example_display_name.py
[2024-07-06T16:33:03.205+0700] {processor.py:830} INFO - Processing file /home/acer/.local/share/virtualenvs/custom_airflow-E5ZHcY_K/lib/python3.12/site-packages/airflow/example_dags/example_display_name.py for tasks to queue
[2024-07-06T16:33:03.207+0700] {logging_mixin.py:188} INFO - [2024-07-06T16:33:03.207+0700] {dagbag.py:545} INFO - Filling up the DagBag from /home/acer/.local/share/virtualenvs/custom_airflow-E5ZHcY_K/lib/python3.12/site-packages/airflow/example_dags/example_display_name.py
[2024-07-06T16:33:03.213+0700] {processor.py:840} INFO - DAG(s) 'example_display_name' retrieved from /home/acer/.local/share/virtualenvs/custom_airflow-E5ZHcY_K/lib/python3.12/site-packages/airflow/example_dags/example_display_name.py
[2024-07-06T16:33:03.228+0700] {logging_mixin.py:188} INFO - [2024-07-06T16:33:03.227+0700] {dag.py:3096} INFO - Sync 1 DAGs
[2024-07-06T16:33:03.240+0700] {logging_mixin.py:188} INFO - [2024-07-06T16:33:03.240+0700] {dag.py:3954} INFO - Setting next_dagrun for example_display_name to None, run_after=None
[2024-07-06T16:33:03.261+0700] {processor.py:183} INFO - Processing /home/acer/.local/share/virtualenvs/custom_airflow-E5ZHcY_K/lib/python3.12/site-packages/airflow/example_dags/example_display_name.py took 0.064 seconds
[2024-07-06T16:34:12.989+0700] {processor.py:161} INFO - Started process (PID=62492) to work on /home/acer/.local/share/virtualenvs/custom_airflow-E5ZHcY_K/lib/python3.12/site-packages/airflow/example_dags/example_display_name.py
[2024-07-06T16:34:12.989+0700] {processor.py:830} INFO - Processing file /home/acer/.local/share/virtualenvs/custom_airflow-E5ZHcY_K/lib/python3.12/site-packages/airflow/example_dags/example_display_name.py for tasks to queue
[2024-07-06T16:34:12.991+0700] {logging_mixin.py:188} INFO - [2024-07-06T16:34:12.991+0700] {dagbag.py:545} INFO - Filling up the DagBag from /home/acer/.local/share/virtualenvs/custom_airflow-E5ZHcY_K/lib/python3.12/site-packages/airflow/example_dags/example_display_name.py
[2024-07-06T16:34:12.997+0700] {processor.py:840} INFO - DAG(s) 'example_display_name' retrieved from /home/acer/.local/share/virtualenvs/custom_airflow-E5ZHcY_K/lib/python3.12/site-packages/airflow/example_dags/example_display_name.py
[2024-07-06T16:34:13.012+0700] {logging_mixin.py:188} INFO - [2024-07-06T16:34:13.011+0700] {dag.py:3096} INFO - Sync 1 DAGs
[2024-07-06T16:34:13.024+0700] {logging_mixin.py:188} INFO - [2024-07-06T16:34:13.024+0700] {dag.py:3954} INFO - Setting next_dagrun for example_display_name to None, run_after=None
[2024-07-06T16:34:13.045+0700] {processor.py:183} INFO - Processing /home/acer/.local/share/virtualenvs/custom_airflow-E5ZHcY_K/lib/python3.12/site-packages/airflow/example_dags/example_display_name.py took 0.061 seconds
[2024-07-06T16:35:25.932+0700] {processor.py:161} INFO - Started process (PID=62864) to work on /home/acer/.local/share/virtualenvs/custom_airflow-E5ZHcY_K/lib/python3.12/site-packages/airflow/example_dags/example_display_name.py
[2024-07-06T16:35:25.934+0700] {processor.py:830} INFO - Processing file /home/acer/.local/share/virtualenvs/custom_airflow-E5ZHcY_K/lib/python3.12/site-packages/airflow/example_dags/example_display_name.py for tasks to queue
[2024-07-06T16:35:25.938+0700] {logging_mixin.py:188} INFO - [2024-07-06T16:35:25.937+0700] {dagbag.py:545} INFO - Filling up the DagBag from /home/acer/.local/share/virtualenvs/custom_airflow-E5ZHcY_K/lib/python3.12/site-packages/airflow/example_dags/example_display_name.py
[2024-07-06T16:35:25.947+0700] {processor.py:840} INFO - DAG(s) 'example_display_name' retrieved from /home/acer/.local/share/virtualenvs/custom_airflow-E5ZHcY_K/lib/python3.12/site-packages/airflow/example_dags/example_display_name.py
[2024-07-06T16:35:25.963+0700] {logging_mixin.py:188} INFO - [2024-07-06T16:35:25.962+0700] {dag.py:3096} INFO - Sync 1 DAGs
[2024-07-06T16:35:25.975+0700] {logging_mixin.py:188} INFO - [2024-07-06T16:35:25.974+0700] {dag.py:3954} INFO - Setting next_dagrun for example_display_name to None, run_after=None
[2024-07-06T16:35:25.996+0700] {processor.py:183} INFO - Processing /home/acer/.local/share/virtualenvs/custom_airflow-E5ZHcY_K/lib/python3.12/site-packages/airflow/example_dags/example_display_name.py took 0.083 seconds
[2024-07-06T21:54:54.443+0700] {processor.py:161} INFO - Started process (PID=12052) to work on /home/acer/.local/share/virtualenvs/custom_airflow-E5ZHcY_K/lib/python3.12/site-packages/airflow/example_dags/example_display_name.py
[2024-07-06T21:54:54.444+0700] {processor.py:830} INFO - Processing file /home/acer/.local/share/virtualenvs/custom_airflow-E5ZHcY_K/lib/python3.12/site-packages/airflow/example_dags/example_display_name.py for tasks to queue
[2024-07-06T21:54:54.448+0700] {logging_mixin.py:188} INFO - [2024-07-06T21:54:54.447+0700] {dagbag.py:545} INFO - Filling up the DagBag from /home/acer/.local/share/virtualenvs/custom_airflow-E5ZHcY_K/lib/python3.12/site-packages/airflow/example_dags/example_display_name.py
[2024-07-06T21:54:54.458+0700] {processor.py:840} INFO - DAG(s) 'example_display_name' retrieved from /home/acer/.local/share/virtualenvs/custom_airflow-E5ZHcY_K/lib/python3.12/site-packages/airflow/example_dags/example_display_name.py
[2024-07-06T21:54:54.475+0700] {logging_mixin.py:188} INFO - [2024-07-06T21:54:54.475+0700] {dag.py:3096} INFO - Sync 1 DAGs
[2024-07-06T21:54:54.487+0700] {logging_mixin.py:188} INFO - [2024-07-06T21:54:54.487+0700] {dag.py:3954} INFO - Setting next_dagrun for example_display_name to None, run_after=None
[2024-07-06T21:54:54.508+0700] {processor.py:183} INFO - Processing /home/acer/.local/share/virtualenvs/custom_airflow-E5ZHcY_K/lib/python3.12/site-packages/airflow/example_dags/example_display_name.py took 0.075 seconds
[2024-07-06T21:55:49.283+0700] {processor.py:161} INFO - Started process (PID=12849) to work on /home/acer/.local/share/virtualenvs/custom_airflow-E5ZHcY_K/lib/python3.12/site-packages/airflow/example_dags/example_display_name.py
[2024-07-06T21:55:49.284+0700] {processor.py:830} INFO - Processing file /home/acer/.local/share/virtualenvs/custom_airflow-E5ZHcY_K/lib/python3.12/site-packages/airflow/example_dags/example_display_name.py for tasks to queue
[2024-07-06T21:55:49.286+0700] {logging_mixin.py:188} INFO - [2024-07-06T21:55:49.285+0700] {dagbag.py:545} INFO - Filling up the DagBag from /home/acer/.local/share/virtualenvs/custom_airflow-E5ZHcY_K/lib/python3.12/site-packages/airflow/example_dags/example_display_name.py
[2024-07-06T21:55:49.291+0700] {processor.py:840} INFO - DAG(s) 'example_display_name' retrieved from /home/acer/.local/share/virtualenvs/custom_airflow-E5ZHcY_K/lib/python3.12/site-packages/airflow/example_dags/example_display_name.py
[2024-07-06T21:55:49.305+0700] {logging_mixin.py:188} INFO - [2024-07-06T21:55:49.305+0700] {dag.py:3096} INFO - Sync 1 DAGs
[2024-07-06T21:55:49.317+0700] {logging_mixin.py:188} INFO - [2024-07-06T21:55:49.317+0700] {dag.py:3954} INFO - Setting next_dagrun for example_display_name to None, run_after=None
[2024-07-06T21:55:49.339+0700] {processor.py:183} INFO - Processing /home/acer/.local/share/virtualenvs/custom_airflow-E5ZHcY_K/lib/python3.12/site-packages/airflow/example_dags/example_display_name.py took 0.062 seconds
[2024-07-06T21:56:43.288+0700] {processor.py:161} INFO - Started process (PID=13365) to work on /home/acer/.local/share/virtualenvs/custom_airflow-E5ZHcY_K/lib/python3.12/site-packages/airflow/example_dags/example_display_name.py
[2024-07-06T21:56:43.290+0700] {processor.py:830} INFO - Processing file /home/acer/.local/share/virtualenvs/custom_airflow-E5ZHcY_K/lib/python3.12/site-packages/airflow/example_dags/example_display_name.py for tasks to queue
[2024-07-06T21:56:43.294+0700] {logging_mixin.py:188} INFO - [2024-07-06T21:56:43.293+0700] {dagbag.py:545} INFO - Filling up the DagBag from /home/acer/.local/share/virtualenvs/custom_airflow-E5ZHcY_K/lib/python3.12/site-packages/airflow/example_dags/example_display_name.py
[2024-07-06T21:56:43.305+0700] {processor.py:840} INFO - DAG(s) 'example_display_name' retrieved from /home/acer/.local/share/virtualenvs/custom_airflow-E5ZHcY_K/lib/python3.12/site-packages/airflow/example_dags/example_display_name.py
[2024-07-06T21:56:43.327+0700] {logging_mixin.py:188} INFO - [2024-07-06T21:56:43.327+0700] {dag.py:3096} INFO - Sync 1 DAGs
[2024-07-06T21:56:43.348+0700] {logging_mixin.py:188} INFO - [2024-07-06T21:56:43.348+0700] {dag.py:3954} INFO - Setting next_dagrun for example_display_name to None, run_after=None
[2024-07-06T21:56:43.375+0700] {processor.py:183} INFO - Processing /home/acer/.local/share/virtualenvs/custom_airflow-E5ZHcY_K/lib/python3.12/site-packages/airflow/example_dags/example_display_name.py took 0.112 seconds
[2024-07-06T21:57:59.809+0700] {processor.py:161} INFO - Started process (PID=14073) to work on /home/acer/.local/share/virtualenvs/custom_airflow-E5ZHcY_K/lib/python3.12/site-packages/airflow/example_dags/example_display_name.py
[2024-07-06T21:57:59.813+0700] {processor.py:830} INFO - Processing file /home/acer/.local/share/virtualenvs/custom_airflow-E5ZHcY_K/lib/python3.12/site-packages/airflow/example_dags/example_display_name.py for tasks to queue
[2024-07-06T21:57:59.820+0700] {logging_mixin.py:188} INFO - [2024-07-06T21:57:59.819+0700] {dagbag.py:545} INFO - Filling up the DagBag from /home/acer/.local/share/virtualenvs/custom_airflow-E5ZHcY_K/lib/python3.12/site-packages/airflow/example_dags/example_display_name.py
[2024-07-06T21:57:59.832+0700] {processor.py:840} INFO - DAG(s) 'example_display_name' retrieved from /home/acer/.local/share/virtualenvs/custom_airflow-E5ZHcY_K/lib/python3.12/site-packages/airflow/example_dags/example_display_name.py
[2024-07-06T21:57:59.853+0700] {logging_mixin.py:188} INFO - [2024-07-06T21:57:59.852+0700] {dag.py:3096} INFO - Sync 1 DAGs
[2024-07-06T21:57:59.867+0700] {logging_mixin.py:188} INFO - [2024-07-06T21:57:59.867+0700] {dag.py:3954} INFO - Setting next_dagrun for example_display_name to None, run_after=None
[2024-07-06T21:57:59.892+0700] {processor.py:183} INFO - Processing /home/acer/.local/share/virtualenvs/custom_airflow-E5ZHcY_K/lib/python3.12/site-packages/airflow/example_dags/example_display_name.py took 0.113 seconds
[2024-07-06T21:58:53.575+0700] {processor.py:161} INFO - Started process (PID=14322) to work on /home/acer/.local/share/virtualenvs/custom_airflow-E5ZHcY_K/lib/python3.12/site-packages/airflow/example_dags/example_display_name.py
[2024-07-06T21:58:53.578+0700] {processor.py:830} INFO - Processing file /home/acer/.local/share/virtualenvs/custom_airflow-E5ZHcY_K/lib/python3.12/site-packages/airflow/example_dags/example_display_name.py for tasks to queue
[2024-07-06T21:58:53.583+0700] {logging_mixin.py:188} INFO - [2024-07-06T21:58:53.582+0700] {dagbag.py:545} INFO - Filling up the DagBag from /home/acer/.local/share/virtualenvs/custom_airflow-E5ZHcY_K/lib/python3.12/site-packages/airflow/example_dags/example_display_name.py
[2024-07-06T21:58:53.594+0700] {processor.py:840} INFO - DAG(s) 'example_display_name' retrieved from /home/acer/.local/share/virtualenvs/custom_airflow-E5ZHcY_K/lib/python3.12/site-packages/airflow/example_dags/example_display_name.py
[2024-07-06T21:58:53.613+0700] {logging_mixin.py:188} INFO - [2024-07-06T21:58:53.613+0700] {dag.py:3096} INFO - Sync 1 DAGs
[2024-07-06T21:58:53.629+0700] {logging_mixin.py:188} INFO - [2024-07-06T21:58:53.629+0700] {dag.py:3954} INFO - Setting next_dagrun for example_display_name to None, run_after=None
[2024-07-06T21:58:53.656+0700] {processor.py:183} INFO - Processing /home/acer/.local/share/virtualenvs/custom_airflow-E5ZHcY_K/lib/python3.12/site-packages/airflow/example_dags/example_display_name.py took 0.105 seconds
[2024-07-06T22:00:08.447+0700] {processor.py:161} INFO - Started process (PID=14805) to work on /home/acer/.local/share/virtualenvs/custom_airflow-E5ZHcY_K/lib/python3.12/site-packages/airflow/example_dags/example_display_name.py
[2024-07-06T22:00:08.449+0700] {processor.py:830} INFO - Processing file /home/acer/.local/share/virtualenvs/custom_airflow-E5ZHcY_K/lib/python3.12/site-packages/airflow/example_dags/example_display_name.py for tasks to queue
[2024-07-06T22:00:08.453+0700] {logging_mixin.py:188} INFO - [2024-07-06T22:00:08.452+0700] {dagbag.py:545} INFO - Filling up the DagBag from /home/acer/.local/share/virtualenvs/custom_airflow-E5ZHcY_K/lib/python3.12/site-packages/airflow/example_dags/example_display_name.py
[2024-07-06T22:00:08.461+0700] {processor.py:840} INFO - DAG(s) 'example_display_name' retrieved from /home/acer/.local/share/virtualenvs/custom_airflow-E5ZHcY_K/lib/python3.12/site-packages/airflow/example_dags/example_display_name.py
[2024-07-06T22:00:08.486+0700] {logging_mixin.py:188} INFO - [2024-07-06T22:00:08.485+0700] {dag.py:3096} INFO - Sync 1 DAGs
[2024-07-06T22:00:08.501+0700] {logging_mixin.py:188} INFO - [2024-07-06T22:00:08.500+0700] {dag.py:3954} INFO - Setting next_dagrun for example_display_name to None, run_after=None
[2024-07-06T22:00:08.523+0700] {processor.py:183} INFO - Processing /home/acer/.local/share/virtualenvs/custom_airflow-E5ZHcY_K/lib/python3.12/site-packages/airflow/example_dags/example_display_name.py took 0.085 seconds
[2024-07-06T22:01:02.061+0700] {processor.py:161} INFO - Started process (PID=15086) to work on /home/acer/.local/share/virtualenvs/custom_airflow-E5ZHcY_K/lib/python3.12/site-packages/airflow/example_dags/example_display_name.py
[2024-07-06T22:01:02.062+0700] {processor.py:830} INFO - Processing file /home/acer/.local/share/virtualenvs/custom_airflow-E5ZHcY_K/lib/python3.12/site-packages/airflow/example_dags/example_display_name.py for tasks to queue
[2024-07-06T22:01:02.064+0700] {logging_mixin.py:188} INFO - [2024-07-06T22:01:02.063+0700] {dagbag.py:545} INFO - Filling up the DagBag from /home/acer/.local/share/virtualenvs/custom_airflow-E5ZHcY_K/lib/python3.12/site-packages/airflow/example_dags/example_display_name.py
[2024-07-06T22:01:02.069+0700] {processor.py:840} INFO - DAG(s) 'example_display_name' retrieved from /home/acer/.local/share/virtualenvs/custom_airflow-E5ZHcY_K/lib/python3.12/site-packages/airflow/example_dags/example_display_name.py
[2024-07-06T22:01:02.085+0700] {logging_mixin.py:188} INFO - [2024-07-06T22:01:02.085+0700] {dag.py:3096} INFO - Sync 1 DAGs
[2024-07-06T22:01:02.099+0700] {logging_mixin.py:188} INFO - [2024-07-06T22:01:02.099+0700] {dag.py:3954} INFO - Setting next_dagrun for example_display_name to None, run_after=None
[2024-07-06T22:01:02.126+0700] {processor.py:183} INFO - Processing /home/acer/.local/share/virtualenvs/custom_airflow-E5ZHcY_K/lib/python3.12/site-packages/airflow/example_dags/example_display_name.py took 0.074 seconds
[2024-07-06T22:02:35.053+0700] {processor.py:161} INFO - Started process (PID=16217) to work on /home/acer/.local/share/virtualenvs/custom_airflow-E5ZHcY_K/lib/python3.12/site-packages/airflow/example_dags/example_display_name.py
[2024-07-06T22:02:35.055+0700] {processor.py:830} INFO - Processing file /home/acer/.local/share/virtualenvs/custom_airflow-E5ZHcY_K/lib/python3.12/site-packages/airflow/example_dags/example_display_name.py for tasks to queue
[2024-07-06T22:02:35.059+0700] {logging_mixin.py:188} INFO - [2024-07-06T22:02:35.058+0700] {dagbag.py:545} INFO - Filling up the DagBag from /home/acer/.local/share/virtualenvs/custom_airflow-E5ZHcY_K/lib/python3.12/site-packages/airflow/example_dags/example_display_name.py
[2024-07-06T22:02:35.067+0700] {processor.py:840} INFO - DAG(s) 'example_display_name' retrieved from /home/acer/.local/share/virtualenvs/custom_airflow-E5ZHcY_K/lib/python3.12/site-packages/airflow/example_dags/example_display_name.py
[2024-07-06T22:02:35.083+0700] {logging_mixin.py:188} INFO - [2024-07-06T22:02:35.083+0700] {dag.py:3096} INFO - Sync 1 DAGs
[2024-07-06T22:02:35.096+0700] {logging_mixin.py:188} INFO - [2024-07-06T22:02:35.095+0700] {dag.py:3954} INFO - Setting next_dagrun for example_display_name to None, run_after=None
[2024-07-06T22:02:35.116+0700] {processor.py:183} INFO - Processing /home/acer/.local/share/virtualenvs/custom_airflow-E5ZHcY_K/lib/python3.12/site-packages/airflow/example_dags/example_display_name.py took 0.082 seconds
[2024-07-06T22:03:30.408+0700] {processor.py:161} INFO - Started process (PID=16490) to work on /home/acer/.local/share/virtualenvs/custom_airflow-E5ZHcY_K/lib/python3.12/site-packages/airflow/example_dags/example_display_name.py
[2024-07-06T22:03:30.409+0700] {processor.py:830} INFO - Processing file /home/acer/.local/share/virtualenvs/custom_airflow-E5ZHcY_K/lib/python3.12/site-packages/airflow/example_dags/example_display_name.py for tasks to queue
[2024-07-06T22:03:30.411+0700] {logging_mixin.py:188} INFO - [2024-07-06T22:03:30.411+0700] {dagbag.py:545} INFO - Filling up the DagBag from /home/acer/.local/share/virtualenvs/custom_airflow-E5ZHcY_K/lib/python3.12/site-packages/airflow/example_dags/example_display_name.py
[2024-07-06T22:03:30.416+0700] {processor.py:840} INFO - DAG(s) 'example_display_name' retrieved from /home/acer/.local/share/virtualenvs/custom_airflow-E5ZHcY_K/lib/python3.12/site-packages/airflow/example_dags/example_display_name.py
[2024-07-06T22:03:30.431+0700] {logging_mixin.py:188} INFO - [2024-07-06T22:03:30.430+0700] {dag.py:3096} INFO - Sync 1 DAGs
[2024-07-06T22:03:30.443+0700] {logging_mixin.py:188} INFO - [2024-07-06T22:03:30.443+0700] {dag.py:3954} INFO - Setting next_dagrun for example_display_name to None, run_after=None
[2024-07-06T22:03:30.464+0700] {processor.py:183} INFO - Processing /home/acer/.local/share/virtualenvs/custom_airflow-E5ZHcY_K/lib/python3.12/site-packages/airflow/example_dags/example_display_name.py took 0.061 seconds
[2024-07-06T22:05:44.213+0700] {processor.py:161} INFO - Started process (PID=17765) to work on /home/acer/.local/share/virtualenvs/custom_airflow-E5ZHcY_K/lib/python3.12/site-packages/airflow/example_dags/example_display_name.py
[2024-07-06T22:05:44.216+0700] {processor.py:830} INFO - Processing file /home/acer/.local/share/virtualenvs/custom_airflow-E5ZHcY_K/lib/python3.12/site-packages/airflow/example_dags/example_display_name.py for tasks to queue
[2024-07-06T22:05:44.220+0700] {logging_mixin.py:188} INFO - [2024-07-06T22:05:44.219+0700] {dagbag.py:545} INFO - Filling up the DagBag from /home/acer/.local/share/virtualenvs/custom_airflow-E5ZHcY_K/lib/python3.12/site-packages/airflow/example_dags/example_display_name.py
[2024-07-06T22:05:44.229+0700] {processor.py:840} INFO - DAG(s) 'example_display_name' retrieved from /home/acer/.local/share/virtualenvs/custom_airflow-E5ZHcY_K/lib/python3.12/site-packages/airflow/example_dags/example_display_name.py
[2024-07-06T22:05:44.246+0700] {logging_mixin.py:188} INFO - [2024-07-06T22:05:44.245+0700] {dag.py:3096} INFO - Sync 1 DAGs
[2024-07-06T22:05:44.258+0700] {logging_mixin.py:188} INFO - [2024-07-06T22:05:44.258+0700] {dag.py:3954} INFO - Setting next_dagrun for example_display_name to None, run_after=None
[2024-07-06T22:05:44.279+0700] {processor.py:183} INFO - Processing /home/acer/.local/share/virtualenvs/custom_airflow-E5ZHcY_K/lib/python3.12/site-packages/airflow/example_dags/example_display_name.py took 0.085 seconds
[2024-07-06T22:06:37.480+0700] {processor.py:161} INFO - Started process (PID=18180) to work on /home/acer/.local/share/virtualenvs/custom_airflow-E5ZHcY_K/lib/python3.12/site-packages/airflow/example_dags/example_display_name.py
[2024-07-06T22:06:37.481+0700] {processor.py:830} INFO - Processing file /home/acer/.local/share/virtualenvs/custom_airflow-E5ZHcY_K/lib/python3.12/site-packages/airflow/example_dags/example_display_name.py for tasks to queue
[2024-07-06T22:06:37.483+0700] {logging_mixin.py:188} INFO - [2024-07-06T22:06:37.483+0700] {dagbag.py:545} INFO - Filling up the DagBag from /home/acer/.local/share/virtualenvs/custom_airflow-E5ZHcY_K/lib/python3.12/site-packages/airflow/example_dags/example_display_name.py
[2024-07-06T22:06:37.489+0700] {processor.py:840} INFO - DAG(s) 'example_display_name' retrieved from /home/acer/.local/share/virtualenvs/custom_airflow-E5ZHcY_K/lib/python3.12/site-packages/airflow/example_dags/example_display_name.py
[2024-07-06T22:06:37.504+0700] {logging_mixin.py:188} INFO - [2024-07-06T22:06:37.504+0700] {dag.py:3096} INFO - Sync 1 DAGs
[2024-07-06T22:06:37.516+0700] {logging_mixin.py:188} INFO - [2024-07-06T22:06:37.516+0700] {dag.py:3954} INFO - Setting next_dagrun for example_display_name to None, run_after=None
[2024-07-06T22:06:37.537+0700] {processor.py:183} INFO - Processing /home/acer/.local/share/virtualenvs/custom_airflow-E5ZHcY_K/lib/python3.12/site-packages/airflow/example_dags/example_display_name.py took 0.062 seconds
[2024-07-06T22:07:55.354+0700] {processor.py:161} INFO - Started process (PID=18694) to work on /home/acer/.local/share/virtualenvs/custom_airflow-E5ZHcY_K/lib/python3.12/site-packages/airflow/example_dags/example_display_name.py
[2024-07-06T22:07:55.357+0700] {processor.py:830} INFO - Processing file /home/acer/.local/share/virtualenvs/custom_airflow-E5ZHcY_K/lib/python3.12/site-packages/airflow/example_dags/example_display_name.py for tasks to queue
[2024-07-06T22:07:55.361+0700] {logging_mixin.py:188} INFO - [2024-07-06T22:07:55.360+0700] {dagbag.py:545} INFO - Filling up the DagBag from /home/acer/.local/share/virtualenvs/custom_airflow-E5ZHcY_K/lib/python3.12/site-packages/airflow/example_dags/example_display_name.py
[2024-07-06T22:07:55.374+0700] {processor.py:840} INFO - DAG(s) 'example_display_name' retrieved from /home/acer/.local/share/virtualenvs/custom_airflow-E5ZHcY_K/lib/python3.12/site-packages/airflow/example_dags/example_display_name.py
[2024-07-06T22:07:55.396+0700] {logging_mixin.py:188} INFO - [2024-07-06T22:07:55.396+0700] {dag.py:3096} INFO - Sync 1 DAGs
[2024-07-06T22:07:55.416+0700] {logging_mixin.py:188} INFO - [2024-07-06T22:07:55.416+0700] {dag.py:3954} INFO - Setting next_dagrun for example_display_name to None, run_after=None
[2024-07-06T22:07:55.444+0700] {processor.py:183} INFO - Processing /home/acer/.local/share/virtualenvs/custom_airflow-E5ZHcY_K/lib/python3.12/site-packages/airflow/example_dags/example_display_name.py took 0.129 seconds
[2024-07-06T22:08:49.630+0700] {processor.py:161} INFO - Started process (PID=18979) to work on /home/acer/.local/share/virtualenvs/custom_airflow-E5ZHcY_K/lib/python3.12/site-packages/airflow/example_dags/example_display_name.py
[2024-07-06T22:08:49.632+0700] {processor.py:830} INFO - Processing file /home/acer/.local/share/virtualenvs/custom_airflow-E5ZHcY_K/lib/python3.12/site-packages/airflow/example_dags/example_display_name.py for tasks to queue
[2024-07-06T22:08:49.636+0700] {logging_mixin.py:188} INFO - [2024-07-06T22:08:49.635+0700] {dagbag.py:545} INFO - Filling up the DagBag from /home/acer/.local/share/virtualenvs/custom_airflow-E5ZHcY_K/lib/python3.12/site-packages/airflow/example_dags/example_display_name.py
[2024-07-06T22:08:49.649+0700] {processor.py:840} INFO - DAG(s) 'example_display_name' retrieved from /home/acer/.local/share/virtualenvs/custom_airflow-E5ZHcY_K/lib/python3.12/site-packages/airflow/example_dags/example_display_name.py
[2024-07-06T22:08:49.684+0700] {logging_mixin.py:188} INFO - [2024-07-06T22:08:49.683+0700] {dag.py:3096} INFO - Sync 1 DAGs
[2024-07-06T22:08:49.707+0700] {logging_mixin.py:188} INFO - [2024-07-06T22:08:49.707+0700] {dag.py:3954} INFO - Setting next_dagrun for example_display_name to None, run_after=None
[2024-07-06T22:08:49.740+0700] {processor.py:183} INFO - Processing /home/acer/.local/share/virtualenvs/custom_airflow-E5ZHcY_K/lib/python3.12/site-packages/airflow/example_dags/example_display_name.py took 0.121 seconds
[2024-07-06T22:09:46.788+0700] {processor.py:161} INFO - Started process (PID=19297) to work on /home/acer/.local/share/virtualenvs/custom_airflow-E5ZHcY_K/lib/python3.12/site-packages/airflow/example_dags/example_display_name.py
[2024-07-06T22:09:46.795+0700] {processor.py:830} INFO - Processing file /home/acer/.local/share/virtualenvs/custom_airflow-E5ZHcY_K/lib/python3.12/site-packages/airflow/example_dags/example_display_name.py for tasks to queue
[2024-07-06T22:09:46.801+0700] {logging_mixin.py:188} INFO - [2024-07-06T22:09:46.798+0700] {dagbag.py:545} INFO - Filling up the DagBag from /home/acer/.local/share/virtualenvs/custom_airflow-E5ZHcY_K/lib/python3.12/site-packages/airflow/example_dags/example_display_name.py
[2024-07-06T22:09:46.813+0700] {processor.py:840} INFO - DAG(s) 'example_display_name' retrieved from /home/acer/.local/share/virtualenvs/custom_airflow-E5ZHcY_K/lib/python3.12/site-packages/airflow/example_dags/example_display_name.py
[2024-07-06T22:09:46.835+0700] {logging_mixin.py:188} INFO - [2024-07-06T22:09:46.835+0700] {dag.py:3096} INFO - Sync 1 DAGs
[2024-07-06T22:09:46.850+0700] {logging_mixin.py:188} INFO - [2024-07-06T22:09:46.850+0700] {dag.py:3954} INFO - Setting next_dagrun for example_display_name to None, run_after=None
[2024-07-06T22:09:46.880+0700] {processor.py:183} INFO - Processing /home/acer/.local/share/virtualenvs/custom_airflow-E5ZHcY_K/lib/python3.12/site-packages/airflow/example_dags/example_display_name.py took 0.118 seconds
[2024-07-06T22:10:51.209+0700] {processor.py:161} INFO - Started process (PID=19706) to work on /home/acer/.local/share/virtualenvs/custom_airflow-E5ZHcY_K/lib/python3.12/site-packages/airflow/example_dags/example_display_name.py
[2024-07-06T22:10:51.210+0700] {processor.py:830} INFO - Processing file /home/acer/.local/share/virtualenvs/custom_airflow-E5ZHcY_K/lib/python3.12/site-packages/airflow/example_dags/example_display_name.py for tasks to queue
[2024-07-06T22:10:51.213+0700] {logging_mixin.py:188} INFO - [2024-07-06T22:10:51.212+0700] {dagbag.py:545} INFO - Filling up the DagBag from /home/acer/.local/share/virtualenvs/custom_airflow-E5ZHcY_K/lib/python3.12/site-packages/airflow/example_dags/example_display_name.py
[2024-07-06T22:10:51.223+0700] {processor.py:840} INFO - DAG(s) 'example_display_name' retrieved from /home/acer/.local/share/virtualenvs/custom_airflow-E5ZHcY_K/lib/python3.12/site-packages/airflow/example_dags/example_display_name.py
[2024-07-06T22:10:51.247+0700] {logging_mixin.py:188} INFO - [2024-07-06T22:10:51.246+0700] {dag.py:3096} INFO - Sync 1 DAGs
[2024-07-06T22:10:51.271+0700] {logging_mixin.py:188} INFO - [2024-07-06T22:10:51.271+0700] {dag.py:3954} INFO - Setting next_dagrun for example_display_name to None, run_after=None
[2024-07-06T22:10:51.298+0700] {processor.py:183} INFO - Processing /home/acer/.local/share/virtualenvs/custom_airflow-E5ZHcY_K/lib/python3.12/site-packages/airflow/example_dags/example_display_name.py took 0.096 seconds
[2024-07-06T22:11:55.265+0700] {processor.py:161} INFO - Started process (PID=20022) to work on /home/acer/.local/share/virtualenvs/custom_airflow-E5ZHcY_K/lib/python3.12/site-packages/airflow/example_dags/example_display_name.py
[2024-07-06T22:11:55.267+0700] {processor.py:830} INFO - Processing file /home/acer/.local/share/virtualenvs/custom_airflow-E5ZHcY_K/lib/python3.12/site-packages/airflow/example_dags/example_display_name.py for tasks to queue
[2024-07-06T22:11:55.270+0700] {logging_mixin.py:188} INFO - [2024-07-06T22:11:55.269+0700] {dagbag.py:545} INFO - Filling up the DagBag from /home/acer/.local/share/virtualenvs/custom_airflow-E5ZHcY_K/lib/python3.12/site-packages/airflow/example_dags/example_display_name.py
[2024-07-06T22:11:55.280+0700] {processor.py:840} INFO - DAG(s) 'example_display_name' retrieved from /home/acer/.local/share/virtualenvs/custom_airflow-E5ZHcY_K/lib/python3.12/site-packages/airflow/example_dags/example_display_name.py
[2024-07-06T22:11:55.300+0700] {logging_mixin.py:188} INFO - [2024-07-06T22:11:55.300+0700] {dag.py:3096} INFO - Sync 1 DAGs
[2024-07-06T22:11:55.320+0700] {logging_mixin.py:188} INFO - [2024-07-06T22:11:55.320+0700] {dag.py:3954} INFO - Setting next_dagrun for example_display_name to None, run_after=None
[2024-07-06T22:11:55.349+0700] {processor.py:183} INFO - Processing /home/acer/.local/share/virtualenvs/custom_airflow-E5ZHcY_K/lib/python3.12/site-packages/airflow/example_dags/example_display_name.py took 0.090 seconds
[2024-07-06T22:12:54.586+0700] {processor.py:161} INFO - Started process (PID=20336) to work on /home/acer/.local/share/virtualenvs/custom_airflow-E5ZHcY_K/lib/python3.12/site-packages/airflow/example_dags/example_display_name.py
[2024-07-06T22:12:54.590+0700] {processor.py:830} INFO - Processing file /home/acer/.local/share/virtualenvs/custom_airflow-E5ZHcY_K/lib/python3.12/site-packages/airflow/example_dags/example_display_name.py for tasks to queue
[2024-07-06T22:12:54.596+0700] {logging_mixin.py:188} INFO - [2024-07-06T22:12:54.594+0700] {dagbag.py:545} INFO - Filling up the DagBag from /home/acer/.local/share/virtualenvs/custom_airflow-E5ZHcY_K/lib/python3.12/site-packages/airflow/example_dags/example_display_name.py
[2024-07-06T22:12:54.615+0700] {processor.py:840} INFO - DAG(s) 'example_display_name' retrieved from /home/acer/.local/share/virtualenvs/custom_airflow-E5ZHcY_K/lib/python3.12/site-packages/airflow/example_dags/example_display_name.py
[2024-07-06T22:12:54.662+0700] {logging_mixin.py:188} INFO - [2024-07-06T22:12:54.662+0700] {dag.py:3096} INFO - Sync 1 DAGs
[2024-07-06T22:12:54.683+0700] {logging_mixin.py:188} INFO - [2024-07-06T22:12:54.683+0700] {dag.py:3954} INFO - Setting next_dagrun for example_display_name to None, run_after=None
[2024-07-06T22:12:54.714+0700] {processor.py:183} INFO - Processing /home/acer/.local/share/virtualenvs/custom_airflow-E5ZHcY_K/lib/python3.12/site-packages/airflow/example_dags/example_display_name.py took 0.143 seconds
[2024-07-06T22:13:53.834+0700] {processor.py:161} INFO - Started process (PID=20709) to work on /home/acer/.local/share/virtualenvs/custom_airflow-E5ZHcY_K/lib/python3.12/site-packages/airflow/example_dags/example_display_name.py
[2024-07-06T22:13:53.836+0700] {processor.py:830} INFO - Processing file /home/acer/.local/share/virtualenvs/custom_airflow-E5ZHcY_K/lib/python3.12/site-packages/airflow/example_dags/example_display_name.py for tasks to queue
[2024-07-06T22:13:53.839+0700] {logging_mixin.py:188} INFO - [2024-07-06T22:13:53.838+0700] {dagbag.py:545} INFO - Filling up the DagBag from /home/acer/.local/share/virtualenvs/custom_airflow-E5ZHcY_K/lib/python3.12/site-packages/airflow/example_dags/example_display_name.py
[2024-07-06T22:13:53.858+0700] {processor.py:840} INFO - DAG(s) 'example_display_name' retrieved from /home/acer/.local/share/virtualenvs/custom_airflow-E5ZHcY_K/lib/python3.12/site-packages/airflow/example_dags/example_display_name.py
[2024-07-06T22:13:53.884+0700] {logging_mixin.py:188} INFO - [2024-07-06T22:13:53.884+0700] {dag.py:3096} INFO - Sync 1 DAGs
[2024-07-06T22:13:53.902+0700] {logging_mixin.py:188} INFO - [2024-07-06T22:13:53.902+0700] {dag.py:3954} INFO - Setting next_dagrun for example_display_name to None, run_after=None
[2024-07-06T22:13:53.930+0700] {processor.py:183} INFO - Processing /home/acer/.local/share/virtualenvs/custom_airflow-E5ZHcY_K/lib/python3.12/site-packages/airflow/example_dags/example_display_name.py took 0.117 seconds
[2024-07-06T22:14:53.578+0700] {processor.py:161} INFO - Started process (PID=21043) to work on /home/acer/.local/share/virtualenvs/custom_airflow-E5ZHcY_K/lib/python3.12/site-packages/airflow/example_dags/example_display_name.py
[2024-07-06T22:14:53.580+0700] {processor.py:830} INFO - Processing file /home/acer/.local/share/virtualenvs/custom_airflow-E5ZHcY_K/lib/python3.12/site-packages/airflow/example_dags/example_display_name.py for tasks to queue
[2024-07-06T22:14:53.582+0700] {logging_mixin.py:188} INFO - [2024-07-06T22:14:53.581+0700] {dagbag.py:545} INFO - Filling up the DagBag from /home/acer/.local/share/virtualenvs/custom_airflow-E5ZHcY_K/lib/python3.12/site-packages/airflow/example_dags/example_display_name.py
[2024-07-06T22:14:53.588+0700] {processor.py:840} INFO - DAG(s) 'example_display_name' retrieved from /home/acer/.local/share/virtualenvs/custom_airflow-E5ZHcY_K/lib/python3.12/site-packages/airflow/example_dags/example_display_name.py
[2024-07-06T22:14:53.607+0700] {logging_mixin.py:188} INFO - [2024-07-06T22:14:53.606+0700] {dag.py:3096} INFO - Sync 1 DAGs
[2024-07-06T22:14:53.626+0700] {logging_mixin.py:188} INFO - [2024-07-06T22:14:53.625+0700] {dag.py:3954} INFO - Setting next_dagrun for example_display_name to None, run_after=None
[2024-07-06T22:14:53.656+0700] {processor.py:183} INFO - Processing /home/acer/.local/share/virtualenvs/custom_airflow-E5ZHcY_K/lib/python3.12/site-packages/airflow/example_dags/example_display_name.py took 0.086 seconds
[2024-07-06T22:15:57.449+0700] {processor.py:161} INFO - Started process (PID=21438) to work on /home/acer/.local/share/virtualenvs/custom_airflow-E5ZHcY_K/lib/python3.12/site-packages/airflow/example_dags/example_display_name.py
[2024-07-06T22:15:57.451+0700] {processor.py:830} INFO - Processing file /home/acer/.local/share/virtualenvs/custom_airflow-E5ZHcY_K/lib/python3.12/site-packages/airflow/example_dags/example_display_name.py for tasks to queue
[2024-07-06T22:15:57.453+0700] {logging_mixin.py:188} INFO - [2024-07-06T22:15:57.453+0700] {dagbag.py:545} INFO - Filling up the DagBag from /home/acer/.local/share/virtualenvs/custom_airflow-E5ZHcY_K/lib/python3.12/site-packages/airflow/example_dags/example_display_name.py
[2024-07-06T22:15:57.460+0700] {processor.py:840} INFO - DAG(s) 'example_display_name' retrieved from /home/acer/.local/share/virtualenvs/custom_airflow-E5ZHcY_K/lib/python3.12/site-packages/airflow/example_dags/example_display_name.py
[2024-07-06T22:15:57.482+0700] {logging_mixin.py:188} INFO - [2024-07-06T22:15:57.481+0700] {dag.py:3096} INFO - Sync 1 DAGs
[2024-07-06T22:15:57.496+0700] {logging_mixin.py:188} INFO - [2024-07-06T22:15:57.495+0700] {dag.py:3954} INFO - Setting next_dagrun for example_display_name to None, run_after=None
[2024-07-06T22:15:57.525+0700] {processor.py:183} INFO - Processing /home/acer/.local/share/virtualenvs/custom_airflow-E5ZHcY_K/lib/python3.12/site-packages/airflow/example_dags/example_display_name.py took 0.082 seconds
[2024-07-06T22:16:52.585+0700] {processor.py:161} INFO - Started process (PID=21716) to work on /home/acer/.local/share/virtualenvs/custom_airflow-E5ZHcY_K/lib/python3.12/site-packages/airflow/example_dags/example_display_name.py
[2024-07-06T22:16:52.587+0700] {processor.py:830} INFO - Processing file /home/acer/.local/share/virtualenvs/custom_airflow-E5ZHcY_K/lib/python3.12/site-packages/airflow/example_dags/example_display_name.py for tasks to queue
[2024-07-06T22:16:52.590+0700] {logging_mixin.py:188} INFO - [2024-07-06T22:16:52.589+0700] {dagbag.py:545} INFO - Filling up the DagBag from /home/acer/.local/share/virtualenvs/custom_airflow-E5ZHcY_K/lib/python3.12/site-packages/airflow/example_dags/example_display_name.py
[2024-07-06T22:16:52.600+0700] {processor.py:840} INFO - DAG(s) 'example_display_name' retrieved from /home/acer/.local/share/virtualenvs/custom_airflow-E5ZHcY_K/lib/python3.12/site-packages/airflow/example_dags/example_display_name.py
[2024-07-06T22:16:52.622+0700] {logging_mixin.py:188} INFO - [2024-07-06T22:16:52.622+0700] {dag.py:3096} INFO - Sync 1 DAGs
[2024-07-06T22:16:52.637+0700] {logging_mixin.py:188} INFO - [2024-07-06T22:16:52.637+0700] {dag.py:3954} INFO - Setting next_dagrun for example_display_name to None, run_after=None
[2024-07-06T22:16:52.668+0700] {processor.py:183} INFO - Processing /home/acer/.local/share/virtualenvs/custom_airflow-E5ZHcY_K/lib/python3.12/site-packages/airflow/example_dags/example_display_name.py took 0.093 seconds
[2024-07-06T22:17:49.854+0700] {processor.py:161} INFO - Started process (PID=22029) to work on /home/acer/.local/share/virtualenvs/custom_airflow-E5ZHcY_K/lib/python3.12/site-packages/airflow/example_dags/example_display_name.py
[2024-07-06T22:17:49.860+0700] {processor.py:830} INFO - Processing file /home/acer/.local/share/virtualenvs/custom_airflow-E5ZHcY_K/lib/python3.12/site-packages/airflow/example_dags/example_display_name.py for tasks to queue
[2024-07-06T22:17:49.863+0700] {logging_mixin.py:188} INFO - [2024-07-06T22:17:49.862+0700] {dagbag.py:545} INFO - Filling up the DagBag from /home/acer/.local/share/virtualenvs/custom_airflow-E5ZHcY_K/lib/python3.12/site-packages/airflow/example_dags/example_display_name.py
[2024-07-06T22:17:49.871+0700] {processor.py:840} INFO - DAG(s) 'example_display_name' retrieved from /home/acer/.local/share/virtualenvs/custom_airflow-E5ZHcY_K/lib/python3.12/site-packages/airflow/example_dags/example_display_name.py
[2024-07-06T22:17:49.889+0700] {logging_mixin.py:188} INFO - [2024-07-06T22:17:49.889+0700] {dag.py:3096} INFO - Sync 1 DAGs
[2024-07-06T22:17:49.909+0700] {logging_mixin.py:188} INFO - [2024-07-06T22:17:49.909+0700] {dag.py:3954} INFO - Setting next_dagrun for example_display_name to None, run_after=None
[2024-07-06T22:17:49.946+0700] {processor.py:183} INFO - Processing /home/acer/.local/share/virtualenvs/custom_airflow-E5ZHcY_K/lib/python3.12/site-packages/airflow/example_dags/example_display_name.py took 0.101 seconds
[2024-07-06T22:18:52.605+0700] {processor.py:161} INFO - Started process (PID=22374) to work on /home/acer/.local/share/virtualenvs/custom_airflow-E5ZHcY_K/lib/python3.12/site-packages/airflow/example_dags/example_display_name.py
[2024-07-06T22:18:52.606+0700] {processor.py:830} INFO - Processing file /home/acer/.local/share/virtualenvs/custom_airflow-E5ZHcY_K/lib/python3.12/site-packages/airflow/example_dags/example_display_name.py for tasks to queue
[2024-07-06T22:18:52.609+0700] {logging_mixin.py:188} INFO - [2024-07-06T22:18:52.608+0700] {dagbag.py:545} INFO - Filling up the DagBag from /home/acer/.local/share/virtualenvs/custom_airflow-E5ZHcY_K/lib/python3.12/site-packages/airflow/example_dags/example_display_name.py
[2024-07-06T22:18:52.617+0700] {processor.py:840} INFO - DAG(s) 'example_display_name' retrieved from /home/acer/.local/share/virtualenvs/custom_airflow-E5ZHcY_K/lib/python3.12/site-packages/airflow/example_dags/example_display_name.py
[2024-07-06T22:18:52.637+0700] {logging_mixin.py:188} INFO - [2024-07-06T22:18:52.637+0700] {dag.py:3096} INFO - Sync 1 DAGs
[2024-07-06T22:18:52.653+0700] {logging_mixin.py:188} INFO - [2024-07-06T22:18:52.652+0700] {dag.py:3954} INFO - Setting next_dagrun for example_display_name to None, run_after=None
[2024-07-06T22:18:52.681+0700] {processor.py:183} INFO - Processing /home/acer/.local/share/virtualenvs/custom_airflow-E5ZHcY_K/lib/python3.12/site-packages/airflow/example_dags/example_display_name.py took 0.082 seconds
[2024-07-06T22:19:54.288+0700] {processor.py:161} INFO - Started process (PID=22707) to work on /home/acer/.local/share/virtualenvs/custom_airflow-E5ZHcY_K/lib/python3.12/site-packages/airflow/example_dags/example_display_name.py
[2024-07-06T22:19:54.289+0700] {processor.py:830} INFO - Processing file /home/acer/.local/share/virtualenvs/custom_airflow-E5ZHcY_K/lib/python3.12/site-packages/airflow/example_dags/example_display_name.py for tasks to queue
[2024-07-06T22:19:54.292+0700] {logging_mixin.py:188} INFO - [2024-07-06T22:19:54.292+0700] {dagbag.py:545} INFO - Filling up the DagBag from /home/acer/.local/share/virtualenvs/custom_airflow-E5ZHcY_K/lib/python3.12/site-packages/airflow/example_dags/example_display_name.py
[2024-07-06T22:19:54.305+0700] {processor.py:840} INFO - DAG(s) 'example_display_name' retrieved from /home/acer/.local/share/virtualenvs/custom_airflow-E5ZHcY_K/lib/python3.12/site-packages/airflow/example_dags/example_display_name.py
[2024-07-06T22:19:54.330+0700] {logging_mixin.py:188} INFO - [2024-07-06T22:19:54.330+0700] {dag.py:3096} INFO - Sync 1 DAGs
[2024-07-06T22:19:54.349+0700] {logging_mixin.py:188} INFO - [2024-07-06T22:19:54.349+0700] {dag.py:3954} INFO - Setting next_dagrun for example_display_name to None, run_after=None
[2024-07-06T22:19:54.379+0700] {processor.py:183} INFO - Processing /home/acer/.local/share/virtualenvs/custom_airflow-E5ZHcY_K/lib/python3.12/site-packages/airflow/example_dags/example_display_name.py took 0.102 seconds
[2024-07-06T22:20:55.339+0700] {processor.py:161} INFO - Started process (PID=23007) to work on /home/acer/.local/share/virtualenvs/custom_airflow-E5ZHcY_K/lib/python3.12/site-packages/airflow/example_dags/example_display_name.py
[2024-07-06T22:20:55.340+0700] {processor.py:830} INFO - Processing file /home/acer/.local/share/virtualenvs/custom_airflow-E5ZHcY_K/lib/python3.12/site-packages/airflow/example_dags/example_display_name.py for tasks to queue
[2024-07-06T22:20:55.342+0700] {logging_mixin.py:188} INFO - [2024-07-06T22:20:55.342+0700] {dagbag.py:545} INFO - Filling up the DagBag from /home/acer/.local/share/virtualenvs/custom_airflow-E5ZHcY_K/lib/python3.12/site-packages/airflow/example_dags/example_display_name.py
[2024-07-06T22:20:55.351+0700] {processor.py:840} INFO - DAG(s) 'example_display_name' retrieved from /home/acer/.local/share/virtualenvs/custom_airflow-E5ZHcY_K/lib/python3.12/site-packages/airflow/example_dags/example_display_name.py
[2024-07-06T22:20:55.372+0700] {logging_mixin.py:188} INFO - [2024-07-06T22:20:55.372+0700] {dag.py:3096} INFO - Sync 1 DAGs
[2024-07-06T22:20:55.501+0700] {logging_mixin.py:188} INFO - [2024-07-06T22:20:55.500+0700] {dag.py:3954} INFO - Setting next_dagrun for example_display_name to None, run_after=None
[2024-07-06T22:20:55.530+0700] {processor.py:183} INFO - Processing /home/acer/.local/share/virtualenvs/custom_airflow-E5ZHcY_K/lib/python3.12/site-packages/airflow/example_dags/example_display_name.py took 0.196 seconds
