[2024-07-06T16:09:05.975+0700] {processor.py:161} INFO - Started process (PID=51256) to work on /home/acer/.local/share/virtualenvs/custom_airflow-E5ZHcY_K/lib/python3.12/site-packages/airflow/example_dags/example_sensor_decorator.py
[2024-07-06T16:09:05.977+0700] {processor.py:830} INFO - Processing file /home/acer/.local/share/virtualenvs/custom_airflow-E5ZHcY_K/lib/python3.12/site-packages/airflow/example_dags/example_sensor_decorator.py for tasks to queue
[2024-07-06T16:09:05.981+0700] {logging_mixin.py:188} INFO - [2024-07-06T16:09:05.980+0700] {dagbag.py:545} INFO - Filling up the DagBag from /home/acer/.local/share/virtualenvs/custom_airflow-E5ZHcY_K/lib/python3.12/site-packages/airflow/example_dags/example_sensor_decorator.py
[2024-07-06T16:09:05.991+0700] {processor.py:840} INFO - DAG(s) 'example_sensor_decorator' retrieved from /home/acer/.local/share/virtualenvs/custom_airflow-E5ZHcY_K/lib/python3.12/site-packages/airflow/example_dags/example_sensor_decorator.py
[2024-07-06T16:09:06.113+0700] {logging_mixin.py:188} INFO - [2024-07-06T16:09:06.112+0700] {override.py:1847} INFO - Created Permission View: can delete on DAG:example_sensor_decorator
[2024-07-06T16:09:06.126+0700] {logging_mixin.py:188} INFO - [2024-07-06T16:09:06.126+0700] {override.py:1847} INFO - Created Permission View: can edit on DAG:example_sensor_decorator
[2024-07-06T16:09:06.134+0700] {logging_mixin.py:188} INFO - [2024-07-06T16:09:06.134+0700] {override.py:1847} INFO - Created Permission View: can read on DAG:example_sensor_decorator
[2024-07-06T16:09:06.135+0700] {logging_mixin.py:188} INFO - [2024-07-06T16:09:06.135+0700] {dag.py:3096} INFO - Sync 1 DAGs
[2024-07-06T16:09:06.145+0700] {logging_mixin.py:188} INFO - [2024-07-06T16:09:06.145+0700] {dag.py:3118} INFO - Creating ORM DAG for example_sensor_decorator
[2024-07-06T16:09:06.146+0700] {logging_mixin.py:188} INFO - [2024-07-06T16:09:06.146+0700] {dag.py:3954} INFO - Setting next_dagrun for example_sensor_decorator to None, run_after=None
[2024-07-06T16:09:06.174+0700] {processor.py:183} INFO - Processing /home/acer/.local/share/virtualenvs/custom_airflow-E5ZHcY_K/lib/python3.12/site-packages/airflow/example_dags/example_sensor_decorator.py took 0.208 seconds
[2024-07-06T16:10:04.797+0700] {processor.py:161} INFO - Started process (PID=51642) to work on /home/acer/.local/share/virtualenvs/custom_airflow-E5ZHcY_K/lib/python3.12/site-packages/airflow/example_dags/example_sensor_decorator.py
[2024-07-06T16:10:04.798+0700] {processor.py:830} INFO - Processing file /home/acer/.local/share/virtualenvs/custom_airflow-E5ZHcY_K/lib/python3.12/site-packages/airflow/example_dags/example_sensor_decorator.py for tasks to queue
[2024-07-06T16:10:04.801+0700] {logging_mixin.py:188} INFO - [2024-07-06T16:10:04.800+0700] {dagbag.py:545} INFO - Filling up the DagBag from /home/acer/.local/share/virtualenvs/custom_airflow-E5ZHcY_K/lib/python3.12/site-packages/airflow/example_dags/example_sensor_decorator.py
[2024-07-06T16:10:04.807+0700] {processor.py:840} INFO - DAG(s) 'example_sensor_decorator' retrieved from /home/acer/.local/share/virtualenvs/custom_airflow-E5ZHcY_K/lib/python3.12/site-packages/airflow/example_dags/example_sensor_decorator.py
[2024-07-06T16:10:04.823+0700] {logging_mixin.py:188} INFO - [2024-07-06T16:10:04.822+0700] {dag.py:3096} INFO - Sync 1 DAGs
[2024-07-06T16:10:04.835+0700] {logging_mixin.py:188} INFO - [2024-07-06T16:10:04.835+0700] {dag.py:3954} INFO - Setting next_dagrun for example_sensor_decorator to None, run_after=None
[2024-07-06T16:10:04.857+0700] {processor.py:183} INFO - Processing /home/acer/.local/share/virtualenvs/custom_airflow-E5ZHcY_K/lib/python3.12/site-packages/airflow/example_dags/example_sensor_decorator.py took 0.065 seconds
[2024-07-06T16:10:57.252+0700] {processor.py:161} INFO - Started process (PID=52259) to work on /home/acer/.local/share/virtualenvs/custom_airflow-E5ZHcY_K/lib/python3.12/site-packages/airflow/example_dags/example_sensor_decorator.py
[2024-07-06T16:10:57.253+0700] {processor.py:830} INFO - Processing file /home/acer/.local/share/virtualenvs/custom_airflow-E5ZHcY_K/lib/python3.12/site-packages/airflow/example_dags/example_sensor_decorator.py for tasks to queue
[2024-07-06T16:10:57.254+0700] {logging_mixin.py:188} INFO - [2024-07-06T16:10:57.254+0700] {dagbag.py:545} INFO - Filling up the DagBag from /home/acer/.local/share/virtualenvs/custom_airflow-E5ZHcY_K/lib/python3.12/site-packages/airflow/example_dags/example_sensor_decorator.py
[2024-07-06T16:10:57.260+0700] {processor.py:840} INFO - DAG(s) 'example_sensor_decorator' retrieved from /home/acer/.local/share/virtualenvs/custom_airflow-E5ZHcY_K/lib/python3.12/site-packages/airflow/example_dags/example_sensor_decorator.py
[2024-07-06T16:10:57.277+0700] {logging_mixin.py:188} INFO - [2024-07-06T16:10:57.277+0700] {dag.py:3096} INFO - Sync 1 DAGs
[2024-07-06T16:10:57.291+0700] {logging_mixin.py:188} INFO - [2024-07-06T16:10:57.291+0700] {dag.py:3954} INFO - Setting next_dagrun for example_sensor_decorator to None, run_after=None
[2024-07-06T16:10:57.323+0700] {processor.py:183} INFO - Processing /home/acer/.local/share/virtualenvs/custom_airflow-E5ZHcY_K/lib/python3.12/site-packages/airflow/example_dags/example_sensor_decorator.py took 0.077 seconds
[2024-07-06T16:11:52.098+0700] {processor.py:161} INFO - Started process (PID=52581) to work on /home/acer/.local/share/virtualenvs/custom_airflow-E5ZHcY_K/lib/python3.12/site-packages/airflow/example_dags/example_sensor_decorator.py
[2024-07-06T16:11:52.099+0700] {processor.py:830} INFO - Processing file /home/acer/.local/share/virtualenvs/custom_airflow-E5ZHcY_K/lib/python3.12/site-packages/airflow/example_dags/example_sensor_decorator.py for tasks to queue
[2024-07-06T16:11:52.100+0700] {logging_mixin.py:188} INFO - [2024-07-06T16:11:52.100+0700] {dagbag.py:545} INFO - Filling up the DagBag from /home/acer/.local/share/virtualenvs/custom_airflow-E5ZHcY_K/lib/python3.12/site-packages/airflow/example_dags/example_sensor_decorator.py
[2024-07-06T16:11:52.107+0700] {processor.py:840} INFO - DAG(s) 'example_sensor_decorator' retrieved from /home/acer/.local/share/virtualenvs/custom_airflow-E5ZHcY_K/lib/python3.12/site-packages/airflow/example_dags/example_sensor_decorator.py
[2024-07-06T16:11:52.122+0700] {logging_mixin.py:188} INFO - [2024-07-06T16:11:52.121+0700] {dag.py:3096} INFO - Sync 1 DAGs
[2024-07-06T16:11:52.134+0700] {logging_mixin.py:188} INFO - [2024-07-06T16:11:52.134+0700] {dag.py:3954} INFO - Setting next_dagrun for example_sensor_decorator to None, run_after=None
[2024-07-06T16:11:52.157+0700] {processor.py:183} INFO - Processing /home/acer/.local/share/virtualenvs/custom_airflow-E5ZHcY_K/lib/python3.12/site-packages/airflow/example_dags/example_sensor_decorator.py took 0.064 seconds
[2024-07-06T16:15:57.044+0700] {processor.py:161} INFO - Started process (PID=54863) to work on /home/acer/.local/share/virtualenvs/custom_airflow-E5ZHcY_K/lib/python3.12/site-packages/airflow/example_dags/example_sensor_decorator.py
[2024-07-06T16:15:57.045+0700] {processor.py:830} INFO - Processing file /home/acer/.local/share/virtualenvs/custom_airflow-E5ZHcY_K/lib/python3.12/site-packages/airflow/example_dags/example_sensor_decorator.py for tasks to queue
[2024-07-06T16:15:57.048+0700] {logging_mixin.py:188} INFO - [2024-07-06T16:15:57.047+0700] {dagbag.py:545} INFO - Filling up the DagBag from /home/acer/.local/share/virtualenvs/custom_airflow-E5ZHcY_K/lib/python3.12/site-packages/airflow/example_dags/example_sensor_decorator.py
[2024-07-06T16:15:57.054+0700] {processor.py:840} INFO - DAG(s) 'example_sensor_decorator' retrieved from /home/acer/.local/share/virtualenvs/custom_airflow-E5ZHcY_K/lib/python3.12/site-packages/airflow/example_dags/example_sensor_decorator.py
[2024-07-06T16:15:57.165+0700] {logging_mixin.py:188} INFO - [2024-07-06T16:15:57.165+0700] {dag.py:3096} INFO - Sync 1 DAGs
[2024-07-06T16:15:57.175+0700] {logging_mixin.py:188} INFO - [2024-07-06T16:15:57.175+0700] {dag.py:3954} INFO - Setting next_dagrun for example_sensor_decorator to None, run_after=None
[2024-07-06T16:15:57.199+0700] {processor.py:183} INFO - Processing /home/acer/.local/share/virtualenvs/custom_airflow-E5ZHcY_K/lib/python3.12/site-packages/airflow/example_dags/example_sensor_decorator.py took 0.163 seconds
[2024-07-06T16:16:54.723+0700] {processor.py:161} INFO - Started process (PID=55392) to work on /home/acer/.local/share/virtualenvs/custom_airflow-E5ZHcY_K/lib/python3.12/site-packages/airflow/example_dags/example_sensor_decorator.py
[2024-07-06T16:16:54.726+0700] {processor.py:830} INFO - Processing file /home/acer/.local/share/virtualenvs/custom_airflow-E5ZHcY_K/lib/python3.12/site-packages/airflow/example_dags/example_sensor_decorator.py for tasks to queue
[2024-07-06T16:16:54.729+0700] {logging_mixin.py:188} INFO - [2024-07-06T16:16:54.728+0700] {dagbag.py:545} INFO - Filling up the DagBag from /home/acer/.local/share/virtualenvs/custom_airflow-E5ZHcY_K/lib/python3.12/site-packages/airflow/example_dags/example_sensor_decorator.py
[2024-07-06T16:16:54.737+0700] {processor.py:840} INFO - DAG(s) 'example_sensor_decorator' retrieved from /home/acer/.local/share/virtualenvs/custom_airflow-E5ZHcY_K/lib/python3.12/site-packages/airflow/example_dags/example_sensor_decorator.py
[2024-07-06T16:16:54.754+0700] {logging_mixin.py:188} INFO - [2024-07-06T16:16:54.753+0700] {dag.py:3096} INFO - Sync 1 DAGs
[2024-07-06T16:16:54.766+0700] {logging_mixin.py:188} INFO - [2024-07-06T16:16:54.766+0700] {dag.py:3954} INFO - Setting next_dagrun for example_sensor_decorator to None, run_after=None
[2024-07-06T16:16:54.788+0700] {processor.py:183} INFO - Processing /home/acer/.local/share/virtualenvs/custom_airflow-E5ZHcY_K/lib/python3.12/site-packages/airflow/example_dags/example_sensor_decorator.py took 0.073 seconds
[2024-07-06T16:17:48.703+0700] {processor.py:161} INFO - Started process (PID=55810) to work on /home/acer/.local/share/virtualenvs/custom_airflow-E5ZHcY_K/lib/python3.12/site-packages/airflow/example_dags/example_sensor_decorator.py
[2024-07-06T16:17:48.704+0700] {processor.py:830} INFO - Processing file /home/acer/.local/share/virtualenvs/custom_airflow-E5ZHcY_K/lib/python3.12/site-packages/airflow/example_dags/example_sensor_decorator.py for tasks to queue
[2024-07-06T16:17:48.706+0700] {logging_mixin.py:188} INFO - [2024-07-06T16:17:48.705+0700] {dagbag.py:545} INFO - Filling up the DagBag from /home/acer/.local/share/virtualenvs/custom_airflow-E5ZHcY_K/lib/python3.12/site-packages/airflow/example_dags/example_sensor_decorator.py
[2024-07-06T16:17:48.712+0700] {processor.py:840} INFO - DAG(s) 'example_sensor_decorator' retrieved from /home/acer/.local/share/virtualenvs/custom_airflow-E5ZHcY_K/lib/python3.12/site-packages/airflow/example_dags/example_sensor_decorator.py
[2024-07-06T16:17:48.727+0700] {logging_mixin.py:188} INFO - [2024-07-06T16:17:48.727+0700] {dag.py:3096} INFO - Sync 1 DAGs
[2024-07-06T16:17:48.740+0700] {logging_mixin.py:188} INFO - [2024-07-06T16:17:48.739+0700] {dag.py:3954} INFO - Setting next_dagrun for example_sensor_decorator to None, run_after=None
[2024-07-06T16:17:48.761+0700] {processor.py:183} INFO - Processing /home/acer/.local/share/virtualenvs/custom_airflow-E5ZHcY_K/lib/python3.12/site-packages/airflow/example_dags/example_sensor_decorator.py took 0.065 seconds
[2024-07-06T16:18:40.101+0700] {processor.py:161} INFO - Started process (PID=56068) to work on /home/acer/.local/share/virtualenvs/custom_airflow-E5ZHcY_K/lib/python3.12/site-packages/airflow/example_dags/example_sensor_decorator.py
[2024-07-06T16:18:40.103+0700] {processor.py:830} INFO - Processing file /home/acer/.local/share/virtualenvs/custom_airflow-E5ZHcY_K/lib/python3.12/site-packages/airflow/example_dags/example_sensor_decorator.py for tasks to queue
[2024-07-06T16:18:40.107+0700] {logging_mixin.py:188} INFO - [2024-07-06T16:18:40.106+0700] {dagbag.py:545} INFO - Filling up the DagBag from /home/acer/.local/share/virtualenvs/custom_airflow-E5ZHcY_K/lib/python3.12/site-packages/airflow/example_dags/example_sensor_decorator.py
[2024-07-06T16:18:40.114+0700] {processor.py:840} INFO - DAG(s) 'example_sensor_decorator' retrieved from /home/acer/.local/share/virtualenvs/custom_airflow-E5ZHcY_K/lib/python3.12/site-packages/airflow/example_dags/example_sensor_decorator.py
[2024-07-06T16:18:40.131+0700] {logging_mixin.py:188} INFO - [2024-07-06T16:18:40.130+0700] {dag.py:3096} INFO - Sync 1 DAGs
[2024-07-06T16:18:40.145+0700] {logging_mixin.py:188} INFO - [2024-07-06T16:18:40.145+0700] {dag.py:3954} INFO - Setting next_dagrun for example_sensor_decorator to None, run_after=None
[2024-07-06T16:18:40.167+0700] {processor.py:183} INFO - Processing /home/acer/.local/share/virtualenvs/custom_airflow-E5ZHcY_K/lib/python3.12/site-packages/airflow/example_dags/example_sensor_decorator.py took 0.085 seconds
[2024-07-06T16:19:29.678+0700] {processor.py:161} INFO - Started process (PID=56461) to work on /home/acer/.local/share/virtualenvs/custom_airflow-E5ZHcY_K/lib/python3.12/site-packages/airflow/example_dags/example_sensor_decorator.py
[2024-07-06T16:19:29.680+0700] {processor.py:830} INFO - Processing file /home/acer/.local/share/virtualenvs/custom_airflow-E5ZHcY_K/lib/python3.12/site-packages/airflow/example_dags/example_sensor_decorator.py for tasks to queue
[2024-07-06T16:19:29.683+0700] {logging_mixin.py:188} INFO - [2024-07-06T16:19:29.682+0700] {dagbag.py:545} INFO - Filling up the DagBag from /home/acer/.local/share/virtualenvs/custom_airflow-E5ZHcY_K/lib/python3.12/site-packages/airflow/example_dags/example_sensor_decorator.py
[2024-07-06T16:19:29.690+0700] {processor.py:840} INFO - DAG(s) 'example_sensor_decorator' retrieved from /home/acer/.local/share/virtualenvs/custom_airflow-E5ZHcY_K/lib/python3.12/site-packages/airflow/example_dags/example_sensor_decorator.py
[2024-07-06T16:19:29.713+0700] {logging_mixin.py:188} INFO - [2024-07-06T16:19:29.712+0700] {dag.py:3096} INFO - Sync 1 DAGs
[2024-07-06T16:19:29.739+0700] {logging_mixin.py:188} INFO - [2024-07-06T16:19:29.739+0700] {dag.py:3954} INFO - Setting next_dagrun for example_sensor_decorator to None, run_after=None
[2024-07-06T16:19:29.780+0700] {processor.py:183} INFO - Processing /home/acer/.local/share/virtualenvs/custom_airflow-E5ZHcY_K/lib/python3.12/site-packages/airflow/example_dags/example_sensor_decorator.py took 0.111 seconds
[2024-07-06T16:20:32.783+0700] {processor.py:161} INFO - Started process (PID=57146) to work on /home/acer/.local/share/virtualenvs/custom_airflow-E5ZHcY_K/lib/python3.12/site-packages/airflow/example_dags/example_sensor_decorator.py
[2024-07-06T16:20:32.786+0700] {processor.py:830} INFO - Processing file /home/acer/.local/share/virtualenvs/custom_airflow-E5ZHcY_K/lib/python3.12/site-packages/airflow/example_dags/example_sensor_decorator.py for tasks to queue
[2024-07-06T16:20:32.793+0700] {logging_mixin.py:188} INFO - [2024-07-06T16:20:32.791+0700] {dagbag.py:545} INFO - Filling up the DagBag from /home/acer/.local/share/virtualenvs/custom_airflow-E5ZHcY_K/lib/python3.12/site-packages/airflow/example_dags/example_sensor_decorator.py
[2024-07-06T16:20:32.811+0700] {processor.py:840} INFO - DAG(s) 'example_sensor_decorator' retrieved from /home/acer/.local/share/virtualenvs/custom_airflow-E5ZHcY_K/lib/python3.12/site-packages/airflow/example_dags/example_sensor_decorator.py
[2024-07-06T16:20:32.832+0700] {logging_mixin.py:188} INFO - [2024-07-06T16:20:32.832+0700] {dag.py:3096} INFO - Sync 1 DAGs
[2024-07-06T16:20:32.846+0700] {logging_mixin.py:188} INFO - [2024-07-06T16:20:32.845+0700] {dag.py:3954} INFO - Setting next_dagrun for example_sensor_decorator to None, run_after=None
[2024-07-06T16:20:32.868+0700] {processor.py:183} INFO - Processing /home/acer/.local/share/virtualenvs/custom_airflow-E5ZHcY_K/lib/python3.12/site-packages/airflow/example_dags/example_sensor_decorator.py took 0.106 seconds
[2024-07-06T16:21:25.054+0700] {processor.py:161} INFO - Started process (PID=57554) to work on /home/acer/.local/share/virtualenvs/custom_airflow-E5ZHcY_K/lib/python3.12/site-packages/airflow/example_dags/example_sensor_decorator.py
[2024-07-06T16:21:25.055+0700] {processor.py:830} INFO - Processing file /home/acer/.local/share/virtualenvs/custom_airflow-E5ZHcY_K/lib/python3.12/site-packages/airflow/example_dags/example_sensor_decorator.py for tasks to queue
[2024-07-06T16:21:25.056+0700] {logging_mixin.py:188} INFO - [2024-07-06T16:21:25.056+0700] {dagbag.py:545} INFO - Filling up the DagBag from /home/acer/.local/share/virtualenvs/custom_airflow-E5ZHcY_K/lib/python3.12/site-packages/airflow/example_dags/example_sensor_decorator.py
[2024-07-06T16:21:25.062+0700] {processor.py:840} INFO - DAG(s) 'example_sensor_decorator' retrieved from /home/acer/.local/share/virtualenvs/custom_airflow-E5ZHcY_K/lib/python3.12/site-packages/airflow/example_dags/example_sensor_decorator.py
[2024-07-06T16:21:25.077+0700] {logging_mixin.py:188} INFO - [2024-07-06T16:21:25.076+0700] {dag.py:3096} INFO - Sync 1 DAGs
[2024-07-06T16:21:25.089+0700] {logging_mixin.py:188} INFO - [2024-07-06T16:21:25.089+0700] {dag.py:3954} INFO - Setting next_dagrun for example_sensor_decorator to None, run_after=None
[2024-07-06T16:21:25.110+0700] {processor.py:183} INFO - Processing /home/acer/.local/share/virtualenvs/custom_airflow-E5ZHcY_K/lib/python3.12/site-packages/airflow/example_dags/example_sensor_decorator.py took 0.063 seconds
[2024-07-06T16:22:13.555+0700] {processor.py:161} INFO - Started process (PID=57849) to work on /home/acer/.local/share/virtualenvs/custom_airflow-E5ZHcY_K/lib/python3.12/site-packages/airflow/example_dags/example_sensor_decorator.py
[2024-07-06T16:22:13.556+0700] {processor.py:830} INFO - Processing file /home/acer/.local/share/virtualenvs/custom_airflow-E5ZHcY_K/lib/python3.12/site-packages/airflow/example_dags/example_sensor_decorator.py for tasks to queue
[2024-07-06T16:22:13.558+0700] {logging_mixin.py:188} INFO - [2024-07-06T16:22:13.557+0700] {dagbag.py:545} INFO - Filling up the DagBag from /home/acer/.local/share/virtualenvs/custom_airflow-E5ZHcY_K/lib/python3.12/site-packages/airflow/example_dags/example_sensor_decorator.py
[2024-07-06T16:22:13.563+0700] {processor.py:840} INFO - DAG(s) 'example_sensor_decorator' retrieved from /home/acer/.local/share/virtualenvs/custom_airflow-E5ZHcY_K/lib/python3.12/site-packages/airflow/example_dags/example_sensor_decorator.py
[2024-07-06T16:22:13.578+0700] {logging_mixin.py:188} INFO - [2024-07-06T16:22:13.578+0700] {dag.py:3096} INFO - Sync 1 DAGs
[2024-07-06T16:22:13.590+0700] {logging_mixin.py:188} INFO - [2024-07-06T16:22:13.590+0700] {dag.py:3954} INFO - Setting next_dagrun for example_sensor_decorator to None, run_after=None
[2024-07-06T16:22:13.611+0700] {processor.py:183} INFO - Processing /home/acer/.local/share/virtualenvs/custom_airflow-E5ZHcY_K/lib/python3.12/site-packages/airflow/example_dags/example_sensor_decorator.py took 0.061 seconds
[2024-07-06T16:23:04.648+0700] {processor.py:161} INFO - Started process (PID=58169) to work on /home/acer/.local/share/virtualenvs/custom_airflow-E5ZHcY_K/lib/python3.12/site-packages/airflow/example_dags/example_sensor_decorator.py
[2024-07-06T16:23:04.650+0700] {processor.py:830} INFO - Processing file /home/acer/.local/share/virtualenvs/custom_airflow-E5ZHcY_K/lib/python3.12/site-packages/airflow/example_dags/example_sensor_decorator.py for tasks to queue
[2024-07-06T16:23:04.654+0700] {logging_mixin.py:188} INFO - [2024-07-06T16:23:04.653+0700] {dagbag.py:545} INFO - Filling up the DagBag from /home/acer/.local/share/virtualenvs/custom_airflow-E5ZHcY_K/lib/python3.12/site-packages/airflow/example_dags/example_sensor_decorator.py
[2024-07-06T16:23:04.663+0700] {processor.py:840} INFO - DAG(s) 'example_sensor_decorator' retrieved from /home/acer/.local/share/virtualenvs/custom_airflow-E5ZHcY_K/lib/python3.12/site-packages/airflow/example_dags/example_sensor_decorator.py
[2024-07-06T16:23:04.679+0700] {logging_mixin.py:188} INFO - [2024-07-06T16:23:04.679+0700] {dag.py:3096} INFO - Sync 1 DAGs
[2024-07-06T16:23:04.692+0700] {logging_mixin.py:188} INFO - [2024-07-06T16:23:04.691+0700] {dag.py:3954} INFO - Setting next_dagrun for example_sensor_decorator to None, run_after=None
[2024-07-06T16:23:04.713+0700] {processor.py:183} INFO - Processing /home/acer/.local/share/virtualenvs/custom_airflow-E5ZHcY_K/lib/python3.12/site-packages/airflow/example_dags/example_sensor_decorator.py took 0.083 seconds
[2024-07-06T16:24:22.236+0700] {processor.py:161} INFO - Started process (PID=59240) to work on /home/acer/.local/share/virtualenvs/custom_airflow-E5ZHcY_K/lib/python3.12/site-packages/airflow/example_dags/example_sensor_decorator.py
[2024-07-06T16:24:22.239+0700] {processor.py:830} INFO - Processing file /home/acer/.local/share/virtualenvs/custom_airflow-E5ZHcY_K/lib/python3.12/site-packages/airflow/example_dags/example_sensor_decorator.py for tasks to queue
[2024-07-06T16:24:22.244+0700] {logging_mixin.py:188} INFO - [2024-07-06T16:24:22.243+0700] {dagbag.py:545} INFO - Filling up the DagBag from /home/acer/.local/share/virtualenvs/custom_airflow-E5ZHcY_K/lib/python3.12/site-packages/airflow/example_dags/example_sensor_decorator.py
[2024-07-06T16:24:22.253+0700] {processor.py:840} INFO - DAG(s) 'example_sensor_decorator' retrieved from /home/acer/.local/share/virtualenvs/custom_airflow-E5ZHcY_K/lib/python3.12/site-packages/airflow/example_dags/example_sensor_decorator.py
[2024-07-06T16:24:22.270+0700] {logging_mixin.py:188} INFO - [2024-07-06T16:24:22.270+0700] {dag.py:3096} INFO - Sync 1 DAGs
[2024-07-06T16:24:22.282+0700] {logging_mixin.py:188} INFO - [2024-07-06T16:24:22.282+0700] {dag.py:3954} INFO - Setting next_dagrun for example_sensor_decorator to None, run_after=None
[2024-07-06T16:24:22.303+0700] {processor.py:183} INFO - Processing /home/acer/.local/share/virtualenvs/custom_airflow-E5ZHcY_K/lib/python3.12/site-packages/airflow/example_dags/example_sensor_decorator.py took 0.086 seconds
[2024-07-06T16:25:17.863+0700] {processor.py:161} INFO - Started process (PID=59574) to work on /home/acer/.local/share/virtualenvs/custom_airflow-E5ZHcY_K/lib/python3.12/site-packages/airflow/example_dags/example_sensor_decorator.py
[2024-07-06T16:25:17.864+0700] {processor.py:830} INFO - Processing file /home/acer/.local/share/virtualenvs/custom_airflow-E5ZHcY_K/lib/python3.12/site-packages/airflow/example_dags/example_sensor_decorator.py for tasks to queue
[2024-07-06T16:25:17.866+0700] {logging_mixin.py:188} INFO - [2024-07-06T16:25:17.866+0700] {dagbag.py:545} INFO - Filling up the DagBag from /home/acer/.local/share/virtualenvs/custom_airflow-E5ZHcY_K/lib/python3.12/site-packages/airflow/example_dags/example_sensor_decorator.py
[2024-07-06T16:25:17.874+0700] {processor.py:840} INFO - DAG(s) 'example_sensor_decorator' retrieved from /home/acer/.local/share/virtualenvs/custom_airflow-E5ZHcY_K/lib/python3.12/site-packages/airflow/example_dags/example_sensor_decorator.py
[2024-07-06T16:25:17.893+0700] {logging_mixin.py:188} INFO - [2024-07-06T16:25:17.893+0700] {dag.py:3096} INFO - Sync 1 DAGs
[2024-07-06T16:25:17.909+0700] {logging_mixin.py:188} INFO - [2024-07-06T16:25:17.909+0700] {dag.py:3954} INFO - Setting next_dagrun for example_sensor_decorator to None, run_after=None
[2024-07-06T16:25:17.933+0700] {processor.py:183} INFO - Processing /home/acer/.local/share/virtualenvs/custom_airflow-E5ZHcY_K/lib/python3.12/site-packages/airflow/example_dags/example_sensor_decorator.py took 0.079 seconds
[2024-07-06T16:26:13.760+0700] {processor.py:161} INFO - Started process (PID=60045) to work on /home/acer/.local/share/virtualenvs/custom_airflow-E5ZHcY_K/lib/python3.12/site-packages/airflow/example_dags/example_sensor_decorator.py
[2024-07-06T16:26:13.762+0700] {processor.py:830} INFO - Processing file /home/acer/.local/share/virtualenvs/custom_airflow-E5ZHcY_K/lib/python3.12/site-packages/airflow/example_dags/example_sensor_decorator.py for tasks to queue
[2024-07-06T16:26:13.766+0700] {logging_mixin.py:188} INFO - [2024-07-06T16:26:13.765+0700] {dagbag.py:545} INFO - Filling up the DagBag from /home/acer/.local/share/virtualenvs/custom_airflow-E5ZHcY_K/lib/python3.12/site-packages/airflow/example_dags/example_sensor_decorator.py
[2024-07-06T16:26:13.777+0700] {processor.py:840} INFO - DAG(s) 'example_sensor_decorator' retrieved from /home/acer/.local/share/virtualenvs/custom_airflow-E5ZHcY_K/lib/python3.12/site-packages/airflow/example_dags/example_sensor_decorator.py
[2024-07-06T16:26:13.794+0700] {logging_mixin.py:188} INFO - [2024-07-06T16:26:13.793+0700] {dag.py:3096} INFO - Sync 1 DAGs
[2024-07-06T16:26:13.806+0700] {logging_mixin.py:188} INFO - [2024-07-06T16:26:13.806+0700] {dag.py:3954} INFO - Setting next_dagrun for example_sensor_decorator to None, run_after=None
[2024-07-06T16:26:13.830+0700] {processor.py:183} INFO - Processing /home/acer/.local/share/virtualenvs/custom_airflow-E5ZHcY_K/lib/python3.12/site-packages/airflow/example_dags/example_sensor_decorator.py took 0.083 seconds
[2024-07-06T16:27:03.722+0700] {processor.py:161} INFO - Started process (PID=60295) to work on /home/acer/.local/share/virtualenvs/custom_airflow-E5ZHcY_K/lib/python3.12/site-packages/airflow/example_dags/example_sensor_decorator.py
[2024-07-06T16:27:03.723+0700] {processor.py:830} INFO - Processing file /home/acer/.local/share/virtualenvs/custom_airflow-E5ZHcY_K/lib/python3.12/site-packages/airflow/example_dags/example_sensor_decorator.py for tasks to queue
[2024-07-06T16:27:03.725+0700] {logging_mixin.py:188} INFO - [2024-07-06T16:27:03.724+0700] {dagbag.py:545} INFO - Filling up the DagBag from /home/acer/.local/share/virtualenvs/custom_airflow-E5ZHcY_K/lib/python3.12/site-packages/airflow/example_dags/example_sensor_decorator.py
[2024-07-06T16:27:03.730+0700] {processor.py:840} INFO - DAG(s) 'example_sensor_decorator' retrieved from /home/acer/.local/share/virtualenvs/custom_airflow-E5ZHcY_K/lib/python3.12/site-packages/airflow/example_dags/example_sensor_decorator.py
[2024-07-06T16:27:03.745+0700] {logging_mixin.py:188} INFO - [2024-07-06T16:27:03.745+0700] {dag.py:3096} INFO - Sync 1 DAGs
[2024-07-06T16:27:03.757+0700] {logging_mixin.py:188} INFO - [2024-07-06T16:27:03.757+0700] {dag.py:3954} INFO - Setting next_dagrun for example_sensor_decorator to None, run_after=None
[2024-07-06T16:27:03.778+0700] {processor.py:183} INFO - Processing /home/acer/.local/share/virtualenvs/custom_airflow-E5ZHcY_K/lib/python3.12/site-packages/airflow/example_dags/example_sensor_decorator.py took 0.061 seconds
[2024-07-06T16:27:53.545+0700] {processor.py:161} INFO - Started process (PID=60565) to work on /home/acer/.local/share/virtualenvs/custom_airflow-E5ZHcY_K/lib/python3.12/site-packages/airflow/example_dags/example_sensor_decorator.py
[2024-07-06T16:27:53.546+0700] {processor.py:830} INFO - Processing file /home/acer/.local/share/virtualenvs/custom_airflow-E5ZHcY_K/lib/python3.12/site-packages/airflow/example_dags/example_sensor_decorator.py for tasks to queue
[2024-07-06T16:27:53.548+0700] {logging_mixin.py:188} INFO - [2024-07-06T16:27:53.547+0700] {dagbag.py:545} INFO - Filling up the DagBag from /home/acer/.local/share/virtualenvs/custom_airflow-E5ZHcY_K/lib/python3.12/site-packages/airflow/example_dags/example_sensor_decorator.py
[2024-07-06T16:27:53.554+0700] {processor.py:840} INFO - DAG(s) 'example_sensor_decorator' retrieved from /home/acer/.local/share/virtualenvs/custom_airflow-E5ZHcY_K/lib/python3.12/site-packages/airflow/example_dags/example_sensor_decorator.py
[2024-07-06T16:27:53.572+0700] {logging_mixin.py:188} INFO - [2024-07-06T16:27:53.572+0700] {dag.py:3096} INFO - Sync 1 DAGs
[2024-07-06T16:27:53.584+0700] {logging_mixin.py:188} INFO - [2024-07-06T16:27:53.584+0700] {dag.py:3954} INFO - Setting next_dagrun for example_sensor_decorator to None, run_after=None
[2024-07-06T16:27:53.605+0700] {processor.py:183} INFO - Processing /home/acer/.local/share/virtualenvs/custom_airflow-E5ZHcY_K/lib/python3.12/site-packages/airflow/example_dags/example_sensor_decorator.py took 0.066 seconds
[2024-07-06T16:28:38.730+0700] {processor.py:161} INFO - Started process (PID=60782) to work on /home/acer/.local/share/virtualenvs/custom_airflow-E5ZHcY_K/lib/python3.12/site-packages/airflow/example_dags/example_sensor_decorator.py
[2024-07-06T16:28:38.731+0700] {processor.py:830} INFO - Processing file /home/acer/.local/share/virtualenvs/custom_airflow-E5ZHcY_K/lib/python3.12/site-packages/airflow/example_dags/example_sensor_decorator.py for tasks to queue
[2024-07-06T16:28:38.733+0700] {logging_mixin.py:188} INFO - [2024-07-06T16:28:38.732+0700] {dagbag.py:545} INFO - Filling up the DagBag from /home/acer/.local/share/virtualenvs/custom_airflow-E5ZHcY_K/lib/python3.12/site-packages/airflow/example_dags/example_sensor_decorator.py
[2024-07-06T16:28:38.739+0700] {processor.py:840} INFO - DAG(s) 'example_sensor_decorator' retrieved from /home/acer/.local/share/virtualenvs/custom_airflow-E5ZHcY_K/lib/python3.12/site-packages/airflow/example_dags/example_sensor_decorator.py
[2024-07-06T16:28:38.754+0700] {logging_mixin.py:188} INFO - [2024-07-06T16:28:38.753+0700] {dag.py:3096} INFO - Sync 1 DAGs
[2024-07-06T16:28:38.766+0700] {logging_mixin.py:188} INFO - [2024-07-06T16:28:38.766+0700] {dag.py:3954} INFO - Setting next_dagrun for example_sensor_decorator to None, run_after=None
[2024-07-06T16:28:38.787+0700] {processor.py:183} INFO - Processing /home/acer/.local/share/virtualenvs/custom_airflow-E5ZHcY_K/lib/python3.12/site-packages/airflow/example_dags/example_sensor_decorator.py took 0.062 seconds
[2024-07-06T16:29:27.021+0700] {processor.py:161} INFO - Started process (PID=61027) to work on /home/acer/.local/share/virtualenvs/custom_airflow-E5ZHcY_K/lib/python3.12/site-packages/airflow/example_dags/example_sensor_decorator.py
[2024-07-06T16:29:27.022+0700] {processor.py:830} INFO - Processing file /home/acer/.local/share/virtualenvs/custom_airflow-E5ZHcY_K/lib/python3.12/site-packages/airflow/example_dags/example_sensor_decorator.py for tasks to queue
[2024-07-06T16:29:27.024+0700] {logging_mixin.py:188} INFO - [2024-07-06T16:29:27.024+0700] {dagbag.py:545} INFO - Filling up the DagBag from /home/acer/.local/share/virtualenvs/custom_airflow-E5ZHcY_K/lib/python3.12/site-packages/airflow/example_dags/example_sensor_decorator.py
[2024-07-06T16:29:27.030+0700] {processor.py:840} INFO - DAG(s) 'example_sensor_decorator' retrieved from /home/acer/.local/share/virtualenvs/custom_airflow-E5ZHcY_K/lib/python3.12/site-packages/airflow/example_dags/example_sensor_decorator.py
[2024-07-06T16:29:27.045+0700] {logging_mixin.py:188} INFO - [2024-07-06T16:29:27.044+0700] {dag.py:3096} INFO - Sync 1 DAGs
[2024-07-06T16:29:27.057+0700] {logging_mixin.py:188} INFO - [2024-07-06T16:29:27.057+0700] {dag.py:3954} INFO - Setting next_dagrun for example_sensor_decorator to None, run_after=None
[2024-07-06T16:29:27.078+0700] {processor.py:183} INFO - Processing /home/acer/.local/share/virtualenvs/custom_airflow-E5ZHcY_K/lib/python3.12/site-packages/airflow/example_dags/example_sensor_decorator.py took 0.063 seconds
[2024-07-06T16:30:13.591+0700] {processor.py:161} INFO - Started process (PID=61252) to work on /home/acer/.local/share/virtualenvs/custom_airflow-E5ZHcY_K/lib/python3.12/site-packages/airflow/example_dags/example_sensor_decorator.py
[2024-07-06T16:30:13.593+0700] {processor.py:830} INFO - Processing file /home/acer/.local/share/virtualenvs/custom_airflow-E5ZHcY_K/lib/python3.12/site-packages/airflow/example_dags/example_sensor_decorator.py for tasks to queue
[2024-07-06T16:30:13.598+0700] {logging_mixin.py:188} INFO - [2024-07-06T16:30:13.597+0700] {dagbag.py:545} INFO - Filling up the DagBag from /home/acer/.local/share/virtualenvs/custom_airflow-E5ZHcY_K/lib/python3.12/site-packages/airflow/example_dags/example_sensor_decorator.py
[2024-07-06T16:30:13.607+0700] {processor.py:840} INFO - DAG(s) 'example_sensor_decorator' retrieved from /home/acer/.local/share/virtualenvs/custom_airflow-E5ZHcY_K/lib/python3.12/site-packages/airflow/example_dags/example_sensor_decorator.py
[2024-07-06T16:30:13.623+0700] {logging_mixin.py:188} INFO - [2024-07-06T16:30:13.622+0700] {dag.py:3096} INFO - Sync 1 DAGs
[2024-07-06T16:30:13.635+0700] {logging_mixin.py:188} INFO - [2024-07-06T16:30:13.634+0700] {dag.py:3954} INFO - Setting next_dagrun for example_sensor_decorator to None, run_after=None
[2024-07-06T16:30:13.669+0700] {processor.py:183} INFO - Processing /home/acer/.local/share/virtualenvs/custom_airflow-E5ZHcY_K/lib/python3.12/site-packages/airflow/example_dags/example_sensor_decorator.py took 0.097 seconds
[2024-07-06T16:30:58.245+0700] {processor.py:161} INFO - Started process (PID=61511) to work on /home/acer/.local/share/virtualenvs/custom_airflow-E5ZHcY_K/lib/python3.12/site-packages/airflow/example_dags/example_sensor_decorator.py
[2024-07-06T16:30:58.246+0700] {processor.py:830} INFO - Processing file /home/acer/.local/share/virtualenvs/custom_airflow-E5ZHcY_K/lib/python3.12/site-packages/airflow/example_dags/example_sensor_decorator.py for tasks to queue
[2024-07-06T16:30:58.248+0700] {logging_mixin.py:188} INFO - [2024-07-06T16:30:58.247+0700] {dagbag.py:545} INFO - Filling up the DagBag from /home/acer/.local/share/virtualenvs/custom_airflow-E5ZHcY_K/lib/python3.12/site-packages/airflow/example_dags/example_sensor_decorator.py
[2024-07-06T16:30:58.254+0700] {processor.py:840} INFO - DAG(s) 'example_sensor_decorator' retrieved from /home/acer/.local/share/virtualenvs/custom_airflow-E5ZHcY_K/lib/python3.12/site-packages/airflow/example_dags/example_sensor_decorator.py
[2024-07-06T16:30:58.270+0700] {logging_mixin.py:188} INFO - [2024-07-06T16:30:58.270+0700] {dag.py:3096} INFO - Sync 1 DAGs
[2024-07-06T16:30:58.282+0700] {logging_mixin.py:188} INFO - [2024-07-06T16:30:58.282+0700] {dag.py:3954} INFO - Setting next_dagrun for example_sensor_decorator to None, run_after=None
[2024-07-06T16:30:58.312+0700] {processor.py:183} INFO - Processing /home/acer/.local/share/virtualenvs/custom_airflow-E5ZHcY_K/lib/python3.12/site-packages/airflow/example_dags/example_sensor_decorator.py took 0.072 seconds
[2024-07-06T16:31:43.088+0700] {processor.py:161} INFO - Started process (PID=61734) to work on /home/acer/.local/share/virtualenvs/custom_airflow-E5ZHcY_K/lib/python3.12/site-packages/airflow/example_dags/example_sensor_decorator.py
[2024-07-06T16:31:43.089+0700] {processor.py:830} INFO - Processing file /home/acer/.local/share/virtualenvs/custom_airflow-E5ZHcY_K/lib/python3.12/site-packages/airflow/example_dags/example_sensor_decorator.py for tasks to queue
[2024-07-06T16:31:43.091+0700] {logging_mixin.py:188} INFO - [2024-07-06T16:31:43.091+0700] {dagbag.py:545} INFO - Filling up the DagBag from /home/acer/.local/share/virtualenvs/custom_airflow-E5ZHcY_K/lib/python3.12/site-packages/airflow/example_dags/example_sensor_decorator.py
[2024-07-06T16:31:43.097+0700] {processor.py:840} INFO - DAG(s) 'example_sensor_decorator' retrieved from /home/acer/.local/share/virtualenvs/custom_airflow-E5ZHcY_K/lib/python3.12/site-packages/airflow/example_dags/example_sensor_decorator.py
[2024-07-06T16:31:43.112+0700] {logging_mixin.py:188} INFO - [2024-07-06T16:31:43.111+0700] {dag.py:3096} INFO - Sync 1 DAGs
[2024-07-06T16:31:43.123+0700] {logging_mixin.py:188} INFO - [2024-07-06T16:31:43.123+0700] {dag.py:3954} INFO - Setting next_dagrun for example_sensor_decorator to None, run_after=None
[2024-07-06T16:31:43.144+0700] {processor.py:183} INFO - Processing /home/acer/.local/share/virtualenvs/custom_airflow-E5ZHcY_K/lib/python3.12/site-packages/airflow/example_dags/example_sensor_decorator.py took 0.062 seconds
[2024-07-06T16:32:30.427+0700] {processor.py:161} INFO - Started process (PID=61976) to work on /home/acer/.local/share/virtualenvs/custom_airflow-E5ZHcY_K/lib/python3.12/site-packages/airflow/example_dags/example_sensor_decorator.py
[2024-07-06T16:32:30.428+0700] {processor.py:830} INFO - Processing file /home/acer/.local/share/virtualenvs/custom_airflow-E5ZHcY_K/lib/python3.12/site-packages/airflow/example_dags/example_sensor_decorator.py for tasks to queue
[2024-07-06T16:32:30.430+0700] {logging_mixin.py:188} INFO - [2024-07-06T16:32:30.429+0700] {dagbag.py:545} INFO - Filling up the DagBag from /home/acer/.local/share/virtualenvs/custom_airflow-E5ZHcY_K/lib/python3.12/site-packages/airflow/example_dags/example_sensor_decorator.py
[2024-07-06T16:32:30.437+0700] {processor.py:840} INFO - DAG(s) 'example_sensor_decorator' retrieved from /home/acer/.local/share/virtualenvs/custom_airflow-E5ZHcY_K/lib/python3.12/site-packages/airflow/example_dags/example_sensor_decorator.py
[2024-07-06T16:32:30.454+0700] {logging_mixin.py:188} INFO - [2024-07-06T16:32:30.454+0700] {dag.py:3096} INFO - Sync 1 DAGs
[2024-07-06T16:32:30.466+0700] {logging_mixin.py:188} INFO - [2024-07-06T16:32:30.466+0700] {dag.py:3954} INFO - Setting next_dagrun for example_sensor_decorator to None, run_after=None
[2024-07-06T16:32:30.487+0700] {processor.py:183} INFO - Processing /home/acer/.local/share/virtualenvs/custom_airflow-E5ZHcY_K/lib/python3.12/site-packages/airflow/example_dags/example_sensor_decorator.py took 0.065 seconds
[2024-07-06T16:33:20.118+0700] {processor.py:161} INFO - Started process (PID=62230) to work on /home/acer/.local/share/virtualenvs/custom_airflow-E5ZHcY_K/lib/python3.12/site-packages/airflow/example_dags/example_sensor_decorator.py
[2024-07-06T16:33:20.120+0700] {processor.py:830} INFO - Processing file /home/acer/.local/share/virtualenvs/custom_airflow-E5ZHcY_K/lib/python3.12/site-packages/airflow/example_dags/example_sensor_decorator.py for tasks to queue
[2024-07-06T16:33:20.124+0700] {logging_mixin.py:188} INFO - [2024-07-06T16:33:20.123+0700] {dagbag.py:545} INFO - Filling up the DagBag from /home/acer/.local/share/virtualenvs/custom_airflow-E5ZHcY_K/lib/python3.12/site-packages/airflow/example_dags/example_sensor_decorator.py
[2024-07-06T16:33:20.134+0700] {processor.py:840} INFO - DAG(s) 'example_sensor_decorator' retrieved from /home/acer/.local/share/virtualenvs/custom_airflow-E5ZHcY_K/lib/python3.12/site-packages/airflow/example_dags/example_sensor_decorator.py
[2024-07-06T16:33:20.151+0700] {logging_mixin.py:188} INFO - [2024-07-06T16:33:20.151+0700] {dag.py:3096} INFO - Sync 1 DAGs
[2024-07-06T16:33:20.163+0700] {logging_mixin.py:188} INFO - [2024-07-06T16:33:20.163+0700] {dag.py:3954} INFO - Setting next_dagrun for example_sensor_decorator to None, run_after=None
[2024-07-06T16:33:20.183+0700] {processor.py:183} INFO - Processing /home/acer/.local/share/virtualenvs/custom_airflow-E5ZHcY_K/lib/python3.12/site-packages/airflow/example_dags/example_sensor_decorator.py took 0.079 seconds
[2024-07-06T16:34:06.642+0700] {processor.py:161} INFO - Started process (PID=62467) to work on /home/acer/.local/share/virtualenvs/custom_airflow-E5ZHcY_K/lib/python3.12/site-packages/airflow/example_dags/example_sensor_decorator.py
[2024-07-06T16:34:06.643+0700] {processor.py:830} INFO - Processing file /home/acer/.local/share/virtualenvs/custom_airflow-E5ZHcY_K/lib/python3.12/site-packages/airflow/example_dags/example_sensor_decorator.py for tasks to queue
[2024-07-06T16:34:06.644+0700] {logging_mixin.py:188} INFO - [2024-07-06T16:34:06.644+0700] {dagbag.py:545} INFO - Filling up the DagBag from /home/acer/.local/share/virtualenvs/custom_airflow-E5ZHcY_K/lib/python3.12/site-packages/airflow/example_dags/example_sensor_decorator.py
[2024-07-06T16:34:06.650+0700] {processor.py:840} INFO - DAG(s) 'example_sensor_decorator' retrieved from /home/acer/.local/share/virtualenvs/custom_airflow-E5ZHcY_K/lib/python3.12/site-packages/airflow/example_dags/example_sensor_decorator.py
[2024-07-06T16:34:06.664+0700] {logging_mixin.py:188} INFO - [2024-07-06T16:34:06.664+0700] {dag.py:3096} INFO - Sync 1 DAGs
[2024-07-06T16:34:06.677+0700] {logging_mixin.py:188} INFO - [2024-07-06T16:34:06.676+0700] {dag.py:3954} INFO - Setting next_dagrun for example_sensor_decorator to None, run_after=None
[2024-07-06T16:34:06.700+0700] {processor.py:183} INFO - Processing /home/acer/.local/share/virtualenvs/custom_airflow-E5ZHcY_K/lib/python3.12/site-packages/airflow/example_dags/example_sensor_decorator.py took 0.064 seconds
[2024-07-06T16:34:53.434+0700] {processor.py:161} INFO - Started process (PID=62694) to work on /home/acer/.local/share/virtualenvs/custom_airflow-E5ZHcY_K/lib/python3.12/site-packages/airflow/example_dags/example_sensor_decorator.py
[2024-07-06T16:34:53.435+0700] {processor.py:830} INFO - Processing file /home/acer/.local/share/virtualenvs/custom_airflow-E5ZHcY_K/lib/python3.12/site-packages/airflow/example_dags/example_sensor_decorator.py for tasks to queue
[2024-07-06T16:34:53.437+0700] {logging_mixin.py:188} INFO - [2024-07-06T16:34:53.437+0700] {dagbag.py:545} INFO - Filling up the DagBag from /home/acer/.local/share/virtualenvs/custom_airflow-E5ZHcY_K/lib/python3.12/site-packages/airflow/example_dags/example_sensor_decorator.py
[2024-07-06T16:34:53.443+0700] {processor.py:840} INFO - DAG(s) 'example_sensor_decorator' retrieved from /home/acer/.local/share/virtualenvs/custom_airflow-E5ZHcY_K/lib/python3.12/site-packages/airflow/example_dags/example_sensor_decorator.py
[2024-07-06T16:34:53.458+0700] {logging_mixin.py:188} INFO - [2024-07-06T16:34:53.457+0700] {dag.py:3096} INFO - Sync 1 DAGs
[2024-07-06T16:34:53.470+0700] {logging_mixin.py:188} INFO - [2024-07-06T16:34:53.469+0700] {dag.py:3954} INFO - Setting next_dagrun for example_sensor_decorator to None, run_after=None
[2024-07-06T16:34:53.490+0700] {processor.py:183} INFO - Processing /home/acer/.local/share/virtualenvs/custom_airflow-E5ZHcY_K/lib/python3.12/site-packages/airflow/example_dags/example_sensor_decorator.py took 0.061 seconds
[2024-07-06T16:35:43.073+0700] {processor.py:161} INFO - Started process (PID=62968) to work on /home/acer/.local/share/virtualenvs/custom_airflow-E5ZHcY_K/lib/python3.12/site-packages/airflow/example_dags/example_sensor_decorator.py
[2024-07-06T16:35:43.075+0700] {processor.py:830} INFO - Processing file /home/acer/.local/share/virtualenvs/custom_airflow-E5ZHcY_K/lib/python3.12/site-packages/airflow/example_dags/example_sensor_decorator.py for tasks to queue
[2024-07-06T16:35:43.080+0700] {logging_mixin.py:188} INFO - [2024-07-06T16:35:43.079+0700] {dagbag.py:545} INFO - Filling up the DagBag from /home/acer/.local/share/virtualenvs/custom_airflow-E5ZHcY_K/lib/python3.12/site-packages/airflow/example_dags/example_sensor_decorator.py
[2024-07-06T16:35:43.091+0700] {processor.py:840} INFO - DAG(s) 'example_sensor_decorator' retrieved from /home/acer/.local/share/virtualenvs/custom_airflow-E5ZHcY_K/lib/python3.12/site-packages/airflow/example_dags/example_sensor_decorator.py
[2024-07-06T16:35:43.108+0700] {logging_mixin.py:188} INFO - [2024-07-06T16:35:43.108+0700] {dag.py:3096} INFO - Sync 1 DAGs
[2024-07-06T16:35:43.120+0700] {logging_mixin.py:188} INFO - [2024-07-06T16:35:43.120+0700] {dag.py:3954} INFO - Setting next_dagrun for example_sensor_decorator to None, run_after=None
[2024-07-06T16:35:43.141+0700] {processor.py:183} INFO - Processing /home/acer/.local/share/virtualenvs/custom_airflow-E5ZHcY_K/lib/python3.12/site-packages/airflow/example_dags/example_sensor_decorator.py took 0.081 seconds
[2024-07-06T16:36:30.975+0700] {processor.py:161} INFO - Started process (PID=63292) to work on /home/acer/.local/share/virtualenvs/custom_airflow-E5ZHcY_K/lib/python3.12/site-packages/airflow/example_dags/example_sensor_decorator.py
[2024-07-06T16:36:30.977+0700] {processor.py:830} INFO - Processing file /home/acer/.local/share/virtualenvs/custom_airflow-E5ZHcY_K/lib/python3.12/site-packages/airflow/example_dags/example_sensor_decorator.py for tasks to queue
[2024-07-06T16:36:30.981+0700] {logging_mixin.py:188} INFO - [2024-07-06T16:36:30.979+0700] {dagbag.py:545} INFO - Filling up the DagBag from /home/acer/.local/share/virtualenvs/custom_airflow-E5ZHcY_K/lib/python3.12/site-packages/airflow/example_dags/example_sensor_decorator.py
[2024-07-06T16:36:30.992+0700] {processor.py:840} INFO - DAG(s) 'example_sensor_decorator' retrieved from /home/acer/.local/share/virtualenvs/custom_airflow-E5ZHcY_K/lib/python3.12/site-packages/airflow/example_dags/example_sensor_decorator.py
[2024-07-06T16:36:31.017+0700] {logging_mixin.py:188} INFO - [2024-07-06T16:36:31.017+0700] {dag.py:3096} INFO - Sync 1 DAGs
[2024-07-06T16:36:31.035+0700] {logging_mixin.py:188} INFO - [2024-07-06T16:36:31.035+0700] {dag.py:3954} INFO - Setting next_dagrun for example_sensor_decorator to None, run_after=None
[2024-07-06T16:36:31.056+0700] {processor.py:183} INFO - Processing /home/acer/.local/share/virtualenvs/custom_airflow-E5ZHcY_K/lib/python3.12/site-packages/airflow/example_dags/example_sensor_decorator.py took 0.095 seconds
[2024-07-06T21:54:37.644+0700] {processor.py:161} INFO - Started process (PID=11976) to work on /home/acer/.local/share/virtualenvs/custom_airflow-E5ZHcY_K/lib/python3.12/site-packages/airflow/example_dags/example_sensor_decorator.py
[2024-07-06T21:54:37.645+0700] {processor.py:830} INFO - Processing file /home/acer/.local/share/virtualenvs/custom_airflow-E5ZHcY_K/lib/python3.12/site-packages/airflow/example_dags/example_sensor_decorator.py for tasks to queue
[2024-07-06T21:54:37.647+0700] {logging_mixin.py:188} INFO - [2024-07-06T21:54:37.646+0700] {dagbag.py:545} INFO - Filling up the DagBag from /home/acer/.local/share/virtualenvs/custom_airflow-E5ZHcY_K/lib/python3.12/site-packages/airflow/example_dags/example_sensor_decorator.py
[2024-07-06T21:54:37.653+0700] {processor.py:840} INFO - DAG(s) 'example_sensor_decorator' retrieved from /home/acer/.local/share/virtualenvs/custom_airflow-E5ZHcY_K/lib/python3.12/site-packages/airflow/example_dags/example_sensor_decorator.py
[2024-07-06T21:54:37.670+0700] {logging_mixin.py:188} INFO - [2024-07-06T21:54:37.670+0700] {dag.py:3096} INFO - Sync 1 DAGs
[2024-07-06T21:54:37.682+0700] {logging_mixin.py:188} INFO - [2024-07-06T21:54:37.682+0700] {dag.py:3954} INFO - Setting next_dagrun for example_sensor_decorator to None, run_after=None
[2024-07-06T21:54:37.705+0700] {processor.py:183} INFO - Processing /home/acer/.local/share/virtualenvs/custom_airflow-E5ZHcY_K/lib/python3.12/site-packages/airflow/example_dags/example_sensor_decorator.py took 0.066 seconds
[2024-07-06T21:55:33.506+0700] {processor.py:161} INFO - Started process (PID=12661) to work on /home/acer/.local/share/virtualenvs/custom_airflow-E5ZHcY_K/lib/python3.12/site-packages/airflow/example_dags/example_sensor_decorator.py
[2024-07-06T21:55:33.507+0700] {processor.py:830} INFO - Processing file /home/acer/.local/share/virtualenvs/custom_airflow-E5ZHcY_K/lib/python3.12/site-packages/airflow/example_dags/example_sensor_decorator.py for tasks to queue
[2024-07-06T21:55:33.511+0700] {logging_mixin.py:188} INFO - [2024-07-06T21:55:33.510+0700] {dagbag.py:545} INFO - Filling up the DagBag from /home/acer/.local/share/virtualenvs/custom_airflow-E5ZHcY_K/lib/python3.12/site-packages/airflow/example_dags/example_sensor_decorator.py
[2024-07-06T21:55:33.523+0700] {processor.py:840} INFO - DAG(s) 'example_sensor_decorator' retrieved from /home/acer/.local/share/virtualenvs/custom_airflow-E5ZHcY_K/lib/python3.12/site-packages/airflow/example_dags/example_sensor_decorator.py
[2024-07-06T21:55:33.560+0700] {logging_mixin.py:188} INFO - [2024-07-06T21:55:33.560+0700] {dag.py:3096} INFO - Sync 1 DAGs
[2024-07-06T21:55:33.581+0700] {logging_mixin.py:188} INFO - [2024-07-06T21:55:33.580+0700] {dag.py:3954} INFO - Setting next_dagrun for example_sensor_decorator to None, run_after=None
[2024-07-06T21:55:33.612+0700] {processor.py:183} INFO - Processing /home/acer/.local/share/virtualenvs/custom_airflow-E5ZHcY_K/lib/python3.12/site-packages/airflow/example_dags/example_sensor_decorator.py took 0.117 seconds
[2024-07-06T21:56:28.450+0700] {processor.py:161} INFO - Started process (PID=13195) to work on /home/acer/.local/share/virtualenvs/custom_airflow-E5ZHcY_K/lib/python3.12/site-packages/airflow/example_dags/example_sensor_decorator.py
[2024-07-06T21:56:28.452+0700] {processor.py:830} INFO - Processing file /home/acer/.local/share/virtualenvs/custom_airflow-E5ZHcY_K/lib/python3.12/site-packages/airflow/example_dags/example_sensor_decorator.py for tasks to queue
[2024-07-06T21:56:28.454+0700] {logging_mixin.py:188} INFO - [2024-07-06T21:56:28.454+0700] {dagbag.py:545} INFO - Filling up the DagBag from /home/acer/.local/share/virtualenvs/custom_airflow-E5ZHcY_K/lib/python3.12/site-packages/airflow/example_dags/example_sensor_decorator.py
[2024-07-06T21:56:28.466+0700] {processor.py:840} INFO - DAG(s) 'example_sensor_decorator' retrieved from /home/acer/.local/share/virtualenvs/custom_airflow-E5ZHcY_K/lib/python3.12/site-packages/airflow/example_dags/example_sensor_decorator.py
[2024-07-06T21:56:28.500+0700] {logging_mixin.py:188} INFO - [2024-07-06T21:56:28.499+0700] {dag.py:3096} INFO - Sync 1 DAGs
[2024-07-06T21:56:28.527+0700] {logging_mixin.py:188} INFO - [2024-07-06T21:56:28.526+0700] {dag.py:3954} INFO - Setting next_dagrun for example_sensor_decorator to None, run_after=None
[2024-07-06T21:56:28.578+0700] {processor.py:183} INFO - Processing /home/acer/.local/share/virtualenvs/custom_airflow-E5ZHcY_K/lib/python3.12/site-packages/airflow/example_dags/example_sensor_decorator.py took 0.139 seconds
[2024-07-06T21:57:19.438+0700] {processor.py:161} INFO - Started process (PID=13768) to work on /home/acer/.local/share/virtualenvs/custom_airflow-E5ZHcY_K/lib/python3.12/site-packages/airflow/example_dags/example_sensor_decorator.py
[2024-07-06T21:57:19.451+0700] {processor.py:830} INFO - Processing file /home/acer/.local/share/virtualenvs/custom_airflow-E5ZHcY_K/lib/python3.12/site-packages/airflow/example_dags/example_sensor_decorator.py for tasks to queue
[2024-07-06T21:57:19.454+0700] {logging_mixin.py:188} INFO - [2024-07-06T21:57:19.453+0700] {dagbag.py:545} INFO - Filling up the DagBag from /home/acer/.local/share/virtualenvs/custom_airflow-E5ZHcY_K/lib/python3.12/site-packages/airflow/example_dags/example_sensor_decorator.py
[2024-07-06T21:57:19.465+0700] {processor.py:840} INFO - DAG(s) 'example_sensor_decorator' retrieved from /home/acer/.local/share/virtualenvs/custom_airflow-E5ZHcY_K/lib/python3.12/site-packages/airflow/example_dags/example_sensor_decorator.py
[2024-07-06T21:57:19.523+0700] {logging_mixin.py:188} INFO - [2024-07-06T21:57:19.522+0700] {dag.py:3096} INFO - Sync 1 DAGs
[2024-07-06T21:57:19.551+0700] {logging_mixin.py:188} INFO - [2024-07-06T21:57:19.551+0700] {dag.py:3954} INFO - Setting next_dagrun for example_sensor_decorator to None, run_after=None
[2024-07-06T21:57:19.588+0700] {processor.py:183} INFO - Processing /home/acer/.local/share/virtualenvs/custom_airflow-E5ZHcY_K/lib/python3.12/site-packages/airflow/example_dags/example_sensor_decorator.py took 0.159 seconds
[2024-07-06T21:58:13.195+0700] {processor.py:161} INFO - Started process (PID=14131) to work on /home/acer/.local/share/virtualenvs/custom_airflow-E5ZHcY_K/lib/python3.12/site-packages/airflow/example_dags/example_sensor_decorator.py
[2024-07-06T21:58:13.197+0700] {processor.py:830} INFO - Processing file /home/acer/.local/share/virtualenvs/custom_airflow-E5ZHcY_K/lib/python3.12/site-packages/airflow/example_dags/example_sensor_decorator.py for tasks to queue
[2024-07-06T21:58:13.199+0700] {logging_mixin.py:188} INFO - [2024-07-06T21:58:13.199+0700] {dagbag.py:545} INFO - Filling up the DagBag from /home/acer/.local/share/virtualenvs/custom_airflow-E5ZHcY_K/lib/python3.12/site-packages/airflow/example_dags/example_sensor_decorator.py
[2024-07-06T21:58:13.209+0700] {processor.py:840} INFO - DAG(s) 'example_sensor_decorator' retrieved from /home/acer/.local/share/virtualenvs/custom_airflow-E5ZHcY_K/lib/python3.12/site-packages/airflow/example_dags/example_sensor_decorator.py
[2024-07-06T21:58:13.229+0700] {logging_mixin.py:188} INFO - [2024-07-06T21:58:13.229+0700] {dag.py:3096} INFO - Sync 1 DAGs
[2024-07-06T21:58:13.245+0700] {logging_mixin.py:188} INFO - [2024-07-06T21:58:13.245+0700] {dag.py:3954} INFO - Setting next_dagrun for example_sensor_decorator to None, run_after=None
[2024-07-06T21:58:13.267+0700] {processor.py:183} INFO - Processing /home/acer/.local/share/virtualenvs/custom_airflow-E5ZHcY_K/lib/python3.12/site-packages/airflow/example_dags/example_sensor_decorator.py took 0.092 seconds
[2024-07-06T21:59:05.392+0700] {processor.py:161} INFO - Started process (PID=14377) to work on /home/acer/.local/share/virtualenvs/custom_airflow-E5ZHcY_K/lib/python3.12/site-packages/airflow/example_dags/example_sensor_decorator.py
[2024-07-06T21:59:05.396+0700] {processor.py:830} INFO - Processing file /home/acer/.local/share/virtualenvs/custom_airflow-E5ZHcY_K/lib/python3.12/site-packages/airflow/example_dags/example_sensor_decorator.py for tasks to queue
[2024-07-06T21:59:05.402+0700] {logging_mixin.py:188} INFO - [2024-07-06T21:59:05.400+0700] {dagbag.py:545} INFO - Filling up the DagBag from /home/acer/.local/share/virtualenvs/custom_airflow-E5ZHcY_K/lib/python3.12/site-packages/airflow/example_dags/example_sensor_decorator.py
[2024-07-06T21:59:05.417+0700] {processor.py:840} INFO - DAG(s) 'example_sensor_decorator' retrieved from /home/acer/.local/share/virtualenvs/custom_airflow-E5ZHcY_K/lib/python3.12/site-packages/airflow/example_dags/example_sensor_decorator.py
[2024-07-06T21:59:05.436+0700] {logging_mixin.py:188} INFO - [2024-07-06T21:59:05.435+0700] {dag.py:3096} INFO - Sync 1 DAGs
[2024-07-06T21:59:05.448+0700] {logging_mixin.py:188} INFO - [2024-07-06T21:59:05.447+0700] {dag.py:3954} INFO - Setting next_dagrun for example_sensor_decorator to None, run_after=None
[2024-07-06T21:59:05.482+0700] {processor.py:183} INFO - Processing /home/acer/.local/share/virtualenvs/custom_airflow-E5ZHcY_K/lib/python3.12/site-packages/airflow/example_dags/example_sensor_decorator.py took 0.108 seconds
[2024-07-06T21:59:54.676+0700] {processor.py:161} INFO - Started process (PID=14743) to work on /home/acer/.local/share/virtualenvs/custom_airflow-E5ZHcY_K/lib/python3.12/site-packages/airflow/example_dags/example_sensor_decorator.py
[2024-07-06T21:59:54.677+0700] {processor.py:830} INFO - Processing file /home/acer/.local/share/virtualenvs/custom_airflow-E5ZHcY_K/lib/python3.12/site-packages/airflow/example_dags/example_sensor_decorator.py for tasks to queue
[2024-07-06T21:59:54.679+0700] {logging_mixin.py:188} INFO - [2024-07-06T21:59:54.679+0700] {dagbag.py:545} INFO - Filling up the DagBag from /home/acer/.local/share/virtualenvs/custom_airflow-E5ZHcY_K/lib/python3.12/site-packages/airflow/example_dags/example_sensor_decorator.py
[2024-07-06T21:59:54.685+0700] {processor.py:840} INFO - DAG(s) 'example_sensor_decorator' retrieved from /home/acer/.local/share/virtualenvs/custom_airflow-E5ZHcY_K/lib/python3.12/site-packages/airflow/example_dags/example_sensor_decorator.py
[2024-07-06T21:59:54.700+0700] {logging_mixin.py:188} INFO - [2024-07-06T21:59:54.699+0700] {dag.py:3096} INFO - Sync 1 DAGs
[2024-07-06T21:59:54.712+0700] {logging_mixin.py:188} INFO - [2024-07-06T21:59:54.711+0700] {dag.py:3954} INFO - Setting next_dagrun for example_sensor_decorator to None, run_after=None
[2024-07-06T21:59:54.735+0700] {processor.py:183} INFO - Processing /home/acer/.local/share/virtualenvs/custom_airflow-E5ZHcY_K/lib/python3.12/site-packages/airflow/example_dags/example_sensor_decorator.py took 0.063 seconds
[2024-07-06T22:00:46.891+0700] {processor.py:161} INFO - Started process (PID=15011) to work on /home/acer/.local/share/virtualenvs/custom_airflow-E5ZHcY_K/lib/python3.12/site-packages/airflow/example_dags/example_sensor_decorator.py
[2024-07-06T22:00:46.893+0700] {processor.py:830} INFO - Processing file /home/acer/.local/share/virtualenvs/custom_airflow-E5ZHcY_K/lib/python3.12/site-packages/airflow/example_dags/example_sensor_decorator.py for tasks to queue
[2024-07-06T22:00:46.895+0700] {logging_mixin.py:188} INFO - [2024-07-06T22:00:46.895+0700] {dagbag.py:545} INFO - Filling up the DagBag from /home/acer/.local/share/virtualenvs/custom_airflow-E5ZHcY_K/lib/python3.12/site-packages/airflow/example_dags/example_sensor_decorator.py
[2024-07-06T22:00:46.902+0700] {processor.py:840} INFO - DAG(s) 'example_sensor_decorator' retrieved from /home/acer/.local/share/virtualenvs/custom_airflow-E5ZHcY_K/lib/python3.12/site-packages/airflow/example_dags/example_sensor_decorator.py
[2024-07-06T22:00:46.919+0700] {logging_mixin.py:188} INFO - [2024-07-06T22:00:46.919+0700] {dag.py:3096} INFO - Sync 1 DAGs
[2024-07-06T22:00:46.932+0700] {logging_mixin.py:188} INFO - [2024-07-06T22:00:46.932+0700] {dag.py:3954} INFO - Setting next_dagrun for example_sensor_decorator to None, run_after=None
[2024-07-06T22:00:46.962+0700] {processor.py:183} INFO - Processing /home/acer/.local/share/virtualenvs/custom_airflow-E5ZHcY_K/lib/python3.12/site-packages/airflow/example_dags/example_sensor_decorator.py took 0.076 seconds
[2024-07-06T22:02:21.263+0700] {processor.py:161} INFO - Started process (PID=16157) to work on /home/acer/.local/share/virtualenvs/custom_airflow-E5ZHcY_K/lib/python3.12/site-packages/airflow/example_dags/example_sensor_decorator.py
[2024-07-06T22:02:21.264+0700] {processor.py:830} INFO - Processing file /home/acer/.local/share/virtualenvs/custom_airflow-E5ZHcY_K/lib/python3.12/site-packages/airflow/example_dags/example_sensor_decorator.py for tasks to queue
[2024-07-06T22:02:21.266+0700] {logging_mixin.py:188} INFO - [2024-07-06T22:02:21.266+0700] {dagbag.py:545} INFO - Filling up the DagBag from /home/acer/.local/share/virtualenvs/custom_airflow-E5ZHcY_K/lib/python3.12/site-packages/airflow/example_dags/example_sensor_decorator.py
[2024-07-06T22:02:21.272+0700] {processor.py:840} INFO - DAG(s) 'example_sensor_decorator' retrieved from /home/acer/.local/share/virtualenvs/custom_airflow-E5ZHcY_K/lib/python3.12/site-packages/airflow/example_dags/example_sensor_decorator.py
[2024-07-06T22:02:21.286+0700] {logging_mixin.py:188} INFO - [2024-07-06T22:02:21.286+0700] {dag.py:3096} INFO - Sync 1 DAGs
[2024-07-06T22:02:21.298+0700] {logging_mixin.py:188} INFO - [2024-07-06T22:02:21.298+0700] {dag.py:3954} INFO - Setting next_dagrun for example_sensor_decorator to None, run_after=None
[2024-07-06T22:02:21.319+0700] {processor.py:183} INFO - Processing /home/acer/.local/share/virtualenvs/custom_airflow-E5ZHcY_K/lib/python3.12/site-packages/airflow/example_dags/example_sensor_decorator.py took 0.063 seconds
[2024-07-06T22:03:15.798+0700] {processor.py:161} INFO - Started process (PID=16427) to work on /home/acer/.local/share/virtualenvs/custom_airflow-E5ZHcY_K/lib/python3.12/site-packages/airflow/example_dags/example_sensor_decorator.py
[2024-07-06T22:03:15.800+0700] {processor.py:830} INFO - Processing file /home/acer/.local/share/virtualenvs/custom_airflow-E5ZHcY_K/lib/python3.12/site-packages/airflow/example_dags/example_sensor_decorator.py for tasks to queue
[2024-07-06T22:03:15.803+0700] {logging_mixin.py:188} INFO - [2024-07-06T22:03:15.802+0700] {dagbag.py:545} INFO - Filling up the DagBag from /home/acer/.local/share/virtualenvs/custom_airflow-E5ZHcY_K/lib/python3.12/site-packages/airflow/example_dags/example_sensor_decorator.py
[2024-07-06T22:03:15.813+0700] {processor.py:840} INFO - DAG(s) 'example_sensor_decorator' retrieved from /home/acer/.local/share/virtualenvs/custom_airflow-E5ZHcY_K/lib/python3.12/site-packages/airflow/example_dags/example_sensor_decorator.py
[2024-07-06T22:03:15.830+0700] {logging_mixin.py:188} INFO - [2024-07-06T22:03:15.830+0700] {dag.py:3096} INFO - Sync 1 DAGs
[2024-07-06T22:03:15.843+0700] {logging_mixin.py:188} INFO - [2024-07-06T22:03:15.842+0700] {dag.py:3954} INFO - Setting next_dagrun for example_sensor_decorator to None, run_after=None
[2024-07-06T22:03:15.863+0700] {processor.py:183} INFO - Processing /home/acer/.local/share/virtualenvs/custom_airflow-E5ZHcY_K/lib/python3.12/site-packages/airflow/example_dags/example_sensor_decorator.py took 0.075 seconds
[2024-07-06T22:04:07.027+0700] {processor.py:161} INFO - Started process (PID=16656) to work on /home/acer/.local/share/virtualenvs/custom_airflow-E5ZHcY_K/lib/python3.12/site-packages/airflow/example_dags/example_sensor_decorator.py
[2024-07-06T22:04:07.029+0700] {processor.py:830} INFO - Processing file /home/acer/.local/share/virtualenvs/custom_airflow-E5ZHcY_K/lib/python3.12/site-packages/airflow/example_dags/example_sensor_decorator.py for tasks to queue
[2024-07-06T22:04:07.034+0700] {logging_mixin.py:188} INFO - [2024-07-06T22:04:07.032+0700] {dagbag.py:545} INFO - Filling up the DagBag from /home/acer/.local/share/virtualenvs/custom_airflow-E5ZHcY_K/lib/python3.12/site-packages/airflow/example_dags/example_sensor_decorator.py
[2024-07-06T22:04:07.045+0700] {processor.py:840} INFO - DAG(s) 'example_sensor_decorator' retrieved from /home/acer/.local/share/virtualenvs/custom_airflow-E5ZHcY_K/lib/python3.12/site-packages/airflow/example_dags/example_sensor_decorator.py
[2024-07-06T22:04:07.062+0700] {logging_mixin.py:188} INFO - [2024-07-06T22:04:07.061+0700] {dag.py:3096} INFO - Sync 1 DAGs
[2024-07-06T22:04:07.076+0700] {logging_mixin.py:188} INFO - [2024-07-06T22:04:07.076+0700] {dag.py:3954} INFO - Setting next_dagrun for example_sensor_decorator to None, run_after=None
[2024-07-06T22:04:07.105+0700] {processor.py:183} INFO - Processing /home/acer/.local/share/virtualenvs/custom_airflow-E5ZHcY_K/lib/python3.12/site-packages/airflow/example_dags/example_sensor_decorator.py took 0.088 seconds
[2024-07-06T22:05:27.203+0700] {processor.py:161} INFO - Started process (PID=17682) to work on /home/acer/.local/share/virtualenvs/custom_airflow-E5ZHcY_K/lib/python3.12/site-packages/airflow/example_dags/example_sensor_decorator.py
[2024-07-06T22:05:27.204+0700] {processor.py:830} INFO - Processing file /home/acer/.local/share/virtualenvs/custom_airflow-E5ZHcY_K/lib/python3.12/site-packages/airflow/example_dags/example_sensor_decorator.py for tasks to queue
[2024-07-06T22:05:27.207+0700] {logging_mixin.py:188} INFO - [2024-07-06T22:05:27.206+0700] {dagbag.py:545} INFO - Filling up the DagBag from /home/acer/.local/share/virtualenvs/custom_airflow-E5ZHcY_K/lib/python3.12/site-packages/airflow/example_dags/example_sensor_decorator.py
[2024-07-06T22:05:27.214+0700] {processor.py:840} INFO - DAG(s) 'example_sensor_decorator' retrieved from /home/acer/.local/share/virtualenvs/custom_airflow-E5ZHcY_K/lib/python3.12/site-packages/airflow/example_dags/example_sensor_decorator.py
[2024-07-06T22:05:27.231+0700] {logging_mixin.py:188} INFO - [2024-07-06T22:05:27.231+0700] {dag.py:3096} INFO - Sync 1 DAGs
[2024-07-06T22:05:27.244+0700] {logging_mixin.py:188} INFO - [2024-07-06T22:05:27.244+0700] {dag.py:3954} INFO - Setting next_dagrun for example_sensor_decorator to None, run_after=None
[2024-07-06T22:05:27.265+0700] {processor.py:183} INFO - Processing /home/acer/.local/share/virtualenvs/custom_airflow-E5ZHcY_K/lib/python3.12/site-packages/airflow/example_dags/example_sensor_decorator.py took 0.067 seconds
[2024-07-06T22:06:21.014+0700] {processor.py:161} INFO - Started process (PID=17994) to work on /home/acer/.local/share/virtualenvs/custom_airflow-E5ZHcY_K/lib/python3.12/site-packages/airflow/example_dags/example_sensor_decorator.py
[2024-07-06T22:06:21.016+0700] {processor.py:830} INFO - Processing file /home/acer/.local/share/virtualenvs/custom_airflow-E5ZHcY_K/lib/python3.12/site-packages/airflow/example_dags/example_sensor_decorator.py for tasks to queue
[2024-07-06T22:06:21.019+0700] {logging_mixin.py:188} INFO - [2024-07-06T22:06:21.018+0700] {dagbag.py:545} INFO - Filling up the DagBag from /home/acer/.local/share/virtualenvs/custom_airflow-E5ZHcY_K/lib/python3.12/site-packages/airflow/example_dags/example_sensor_decorator.py
[2024-07-06T22:06:21.032+0700] {processor.py:840} INFO - DAG(s) 'example_sensor_decorator' retrieved from /home/acer/.local/share/virtualenvs/custom_airflow-E5ZHcY_K/lib/python3.12/site-packages/airflow/example_dags/example_sensor_decorator.py
[2024-07-06T22:06:21.057+0700] {logging_mixin.py:188} INFO - [2024-07-06T22:06:21.057+0700] {dag.py:3096} INFO - Sync 1 DAGs
[2024-07-06T22:06:21.076+0700] {logging_mixin.py:188} INFO - [2024-07-06T22:06:21.076+0700] {dag.py:3954} INFO - Setting next_dagrun for example_sensor_decorator to None, run_after=None
[2024-07-06T22:06:21.117+0700] {processor.py:183} INFO - Processing /home/acer/.local/share/virtualenvs/custom_airflow-E5ZHcY_K/lib/python3.12/site-packages/airflow/example_dags/example_sensor_decorator.py took 0.122 seconds
[2024-07-06T22:07:15.402+0700] {processor.py:161} INFO - Started process (PID=18437) to work on /home/acer/.local/share/virtualenvs/custom_airflow-E5ZHcY_K/lib/python3.12/site-packages/airflow/example_dags/example_sensor_decorator.py
[2024-07-06T22:07:15.403+0700] {processor.py:830} INFO - Processing file /home/acer/.local/share/virtualenvs/custom_airflow-E5ZHcY_K/lib/python3.12/site-packages/airflow/example_dags/example_sensor_decorator.py for tasks to queue
[2024-07-06T22:07:15.406+0700] {logging_mixin.py:188} INFO - [2024-07-06T22:07:15.405+0700] {dagbag.py:545} INFO - Filling up the DagBag from /home/acer/.local/share/virtualenvs/custom_airflow-E5ZHcY_K/lib/python3.12/site-packages/airflow/example_dags/example_sensor_decorator.py
[2024-07-06T22:07:15.418+0700] {processor.py:840} INFO - DAG(s) 'example_sensor_decorator' retrieved from /home/acer/.local/share/virtualenvs/custom_airflow-E5ZHcY_K/lib/python3.12/site-packages/airflow/example_dags/example_sensor_decorator.py
[2024-07-06T22:07:15.445+0700] {logging_mixin.py:188} INFO - [2024-07-06T22:07:15.445+0700] {dag.py:3096} INFO - Sync 1 DAGs
[2024-07-06T22:07:15.470+0700] {logging_mixin.py:188} INFO - [2024-07-06T22:07:15.469+0700] {dag.py:3954} INFO - Setting next_dagrun for example_sensor_decorator to None, run_after=None
[2024-07-06T22:07:15.508+0700] {processor.py:183} INFO - Processing /home/acer/.local/share/virtualenvs/custom_airflow-E5ZHcY_K/lib/python3.12/site-packages/airflow/example_dags/example_sensor_decorator.py took 0.120 seconds
[2024-07-06T22:08:11.589+0700] {processor.py:161} INFO - Started process (PID=18786) to work on /home/acer/.local/share/virtualenvs/custom_airflow-E5ZHcY_K/lib/python3.12/site-packages/airflow/example_dags/example_sensor_decorator.py
[2024-07-06T22:08:11.591+0700] {processor.py:830} INFO - Processing file /home/acer/.local/share/virtualenvs/custom_airflow-E5ZHcY_K/lib/python3.12/site-packages/airflow/example_dags/example_sensor_decorator.py for tasks to queue
[2024-07-06T22:08:11.593+0700] {logging_mixin.py:188} INFO - [2024-07-06T22:08:11.592+0700] {dagbag.py:545} INFO - Filling up the DagBag from /home/acer/.local/share/virtualenvs/custom_airflow-E5ZHcY_K/lib/python3.12/site-packages/airflow/example_dags/example_sensor_decorator.py
[2024-07-06T22:08:11.602+0700] {processor.py:840} INFO - DAG(s) 'example_sensor_decorator' retrieved from /home/acer/.local/share/virtualenvs/custom_airflow-E5ZHcY_K/lib/python3.12/site-packages/airflow/example_dags/example_sensor_decorator.py
[2024-07-06T22:08:11.636+0700] {logging_mixin.py:188} INFO - [2024-07-06T22:08:11.635+0700] {dag.py:3096} INFO - Sync 1 DAGs
[2024-07-06T22:08:11.661+0700] {logging_mixin.py:188} INFO - [2024-07-06T22:08:11.661+0700] {dag.py:3954} INFO - Setting next_dagrun for example_sensor_decorator to None, run_after=None
[2024-07-06T22:08:11.693+0700] {processor.py:183} INFO - Processing /home/acer/.local/share/virtualenvs/custom_airflow-E5ZHcY_K/lib/python3.12/site-packages/airflow/example_dags/example_sensor_decorator.py took 0.111 seconds
[2024-07-06T22:09:07.674+0700] {processor.py:161} INFO - Started process (PID=19070) to work on /home/acer/.local/share/virtualenvs/custom_airflow-E5ZHcY_K/lib/python3.12/site-packages/airflow/example_dags/example_sensor_decorator.py
[2024-07-06T22:09:07.676+0700] {processor.py:830} INFO - Processing file /home/acer/.local/share/virtualenvs/custom_airflow-E5ZHcY_K/lib/python3.12/site-packages/airflow/example_dags/example_sensor_decorator.py for tasks to queue
[2024-07-06T22:09:07.681+0700] {logging_mixin.py:188} INFO - [2024-07-06T22:09:07.680+0700] {dagbag.py:545} INFO - Filling up the DagBag from /home/acer/.local/share/virtualenvs/custom_airflow-E5ZHcY_K/lib/python3.12/site-packages/airflow/example_dags/example_sensor_decorator.py
[2024-07-06T22:09:07.691+0700] {processor.py:840} INFO - DAG(s) 'example_sensor_decorator' retrieved from /home/acer/.local/share/virtualenvs/custom_airflow-E5ZHcY_K/lib/python3.12/site-packages/airflow/example_dags/example_sensor_decorator.py
[2024-07-06T22:09:07.714+0700] {logging_mixin.py:188} INFO - [2024-07-06T22:09:07.713+0700] {dag.py:3096} INFO - Sync 1 DAGs
[2024-07-06T22:09:07.729+0700] {logging_mixin.py:188} INFO - [2024-07-06T22:09:07.728+0700] {dag.py:3954} INFO - Setting next_dagrun for example_sensor_decorator to None, run_after=None
[2024-07-06T22:09:07.758+0700] {processor.py:183} INFO - Processing /home/acer/.local/share/virtualenvs/custom_airflow-E5ZHcY_K/lib/python3.12/site-packages/airflow/example_dags/example_sensor_decorator.py took 0.106 seconds
[2024-07-06T22:10:08.692+0700] {processor.py:161} INFO - Started process (PID=19406) to work on /home/acer/.local/share/virtualenvs/custom_airflow-E5ZHcY_K/lib/python3.12/site-packages/airflow/example_dags/example_sensor_decorator.py
[2024-07-06T22:10:08.694+0700] {processor.py:830} INFO - Processing file /home/acer/.local/share/virtualenvs/custom_airflow-E5ZHcY_K/lib/python3.12/site-packages/airflow/example_dags/example_sensor_decorator.py for tasks to queue
[2024-07-06T22:10:08.697+0700] {logging_mixin.py:188} INFO - [2024-07-06T22:10:08.696+0700] {dagbag.py:545} INFO - Filling up the DagBag from /home/acer/.local/share/virtualenvs/custom_airflow-E5ZHcY_K/lib/python3.12/site-packages/airflow/example_dags/example_sensor_decorator.py
[2024-07-06T22:10:08.706+0700] {processor.py:840} INFO - DAG(s) 'example_sensor_decorator' retrieved from /home/acer/.local/share/virtualenvs/custom_airflow-E5ZHcY_K/lib/python3.12/site-packages/airflow/example_dags/example_sensor_decorator.py
[2024-07-06T22:10:08.724+0700] {logging_mixin.py:188} INFO - [2024-07-06T22:10:08.724+0700] {dag.py:3096} INFO - Sync 1 DAGs
[2024-07-06T22:10:08.740+0700] {logging_mixin.py:188} INFO - [2024-07-06T22:10:08.740+0700] {dag.py:3954} INFO - Setting next_dagrun for example_sensor_decorator to None, run_after=None
[2024-07-06T22:10:08.766+0700] {processor.py:183} INFO - Processing /home/acer/.local/share/virtualenvs/custom_airflow-E5ZHcY_K/lib/python3.12/site-packages/airflow/example_dags/example_sensor_decorator.py took 0.084 seconds
[2024-07-06T22:11:11.727+0700] {processor.py:161} INFO - Started process (PID=19795) to work on /home/acer/.local/share/virtualenvs/custom_airflow-E5ZHcY_K/lib/python3.12/site-packages/airflow/example_dags/example_sensor_decorator.py
[2024-07-06T22:11:11.732+0700] {processor.py:830} INFO - Processing file /home/acer/.local/share/virtualenvs/custom_airflow-E5ZHcY_K/lib/python3.12/site-packages/airflow/example_dags/example_sensor_decorator.py for tasks to queue
[2024-07-06T22:11:11.742+0700] {logging_mixin.py:188} INFO - [2024-07-06T22:11:11.739+0700] {dagbag.py:545} INFO - Filling up the DagBag from /home/acer/.local/share/virtualenvs/custom_airflow-E5ZHcY_K/lib/python3.12/site-packages/airflow/example_dags/example_sensor_decorator.py
[2024-07-06T22:11:11.770+0700] {processor.py:840} INFO - DAG(s) 'example_sensor_decorator' retrieved from /home/acer/.local/share/virtualenvs/custom_airflow-E5ZHcY_K/lib/python3.12/site-packages/airflow/example_dags/example_sensor_decorator.py
[2024-07-06T22:11:11.805+0700] {logging_mixin.py:188} INFO - [2024-07-06T22:11:11.804+0700] {dag.py:3096} INFO - Sync 1 DAGs
[2024-07-06T22:11:11.830+0700] {logging_mixin.py:188} INFO - [2024-07-06T22:11:11.829+0700] {dag.py:3954} INFO - Setting next_dagrun for example_sensor_decorator to None, run_after=None
[2024-07-06T22:11:11.864+0700] {processor.py:183} INFO - Processing /home/acer/.local/share/virtualenvs/custom_airflow-E5ZHcY_K/lib/python3.12/site-packages/airflow/example_dags/example_sensor_decorator.py took 0.169 seconds
[2024-07-06T22:12:12.104+0700] {processor.py:161} INFO - Started process (PID=20094) to work on /home/acer/.local/share/virtualenvs/custom_airflow-E5ZHcY_K/lib/python3.12/site-packages/airflow/example_dags/example_sensor_decorator.py
[2024-07-06T22:12:12.106+0700] {processor.py:830} INFO - Processing file /home/acer/.local/share/virtualenvs/custom_airflow-E5ZHcY_K/lib/python3.12/site-packages/airflow/example_dags/example_sensor_decorator.py for tasks to queue
[2024-07-06T22:12:12.109+0700] {logging_mixin.py:188} INFO - [2024-07-06T22:12:12.108+0700] {dagbag.py:545} INFO - Filling up the DagBag from /home/acer/.local/share/virtualenvs/custom_airflow-E5ZHcY_K/lib/python3.12/site-packages/airflow/example_dags/example_sensor_decorator.py
[2024-07-06T22:12:12.121+0700] {processor.py:840} INFO - DAG(s) 'example_sensor_decorator' retrieved from /home/acer/.local/share/virtualenvs/custom_airflow-E5ZHcY_K/lib/python3.12/site-packages/airflow/example_dags/example_sensor_decorator.py
[2024-07-06T22:12:12.145+0700] {logging_mixin.py:188} INFO - [2024-07-06T22:12:12.145+0700] {dag.py:3096} INFO - Sync 1 DAGs
[2024-07-06T22:12:12.168+0700] {logging_mixin.py:188} INFO - [2024-07-06T22:12:12.168+0700] {dag.py:3954} INFO - Setting next_dagrun for example_sensor_decorator to None, run_after=None
[2024-07-06T22:12:12.201+0700] {processor.py:183} INFO - Processing /home/acer/.local/share/virtualenvs/custom_airflow-E5ZHcY_K/lib/python3.12/site-packages/airflow/example_dags/example_sensor_decorator.py took 0.104 seconds
[2024-07-06T22:13:10.821+0700] {processor.py:161} INFO - Started process (PID=20491) to work on /home/acer/.local/share/virtualenvs/custom_airflow-E5ZHcY_K/lib/python3.12/site-packages/airflow/example_dags/example_sensor_decorator.py
[2024-07-06T22:13:10.824+0700] {processor.py:830} INFO - Processing file /home/acer/.local/share/virtualenvs/custom_airflow-E5ZHcY_K/lib/python3.12/site-packages/airflow/example_dags/example_sensor_decorator.py for tasks to queue
[2024-07-06T22:13:10.827+0700] {logging_mixin.py:188} INFO - [2024-07-06T22:13:10.826+0700] {dagbag.py:545} INFO - Filling up the DagBag from /home/acer/.local/share/virtualenvs/custom_airflow-E5ZHcY_K/lib/python3.12/site-packages/airflow/example_dags/example_sensor_decorator.py
[2024-07-06T22:13:10.838+0700] {processor.py:840} INFO - DAG(s) 'example_sensor_decorator' retrieved from /home/acer/.local/share/virtualenvs/custom_airflow-E5ZHcY_K/lib/python3.12/site-packages/airflow/example_dags/example_sensor_decorator.py
[2024-07-06T22:13:10.864+0700] {logging_mixin.py:188} INFO - [2024-07-06T22:13:10.864+0700] {dag.py:3096} INFO - Sync 1 DAGs
[2024-07-06T22:13:10.886+0700] {logging_mixin.py:188} INFO - [2024-07-06T22:13:10.886+0700] {dag.py:3954} INFO - Setting next_dagrun for example_sensor_decorator to None, run_after=None
[2024-07-06T22:13:10.932+0700] {processor.py:183} INFO - Processing /home/acer/.local/share/virtualenvs/custom_airflow-E5ZHcY_K/lib/python3.12/site-packages/airflow/example_dags/example_sensor_decorator.py took 0.121 seconds
[2024-07-06T22:14:12.178+0700] {processor.py:161} INFO - Started process (PID=20811) to work on /home/acer/.local/share/virtualenvs/custom_airflow-E5ZHcY_K/lib/python3.12/site-packages/airflow/example_dags/example_sensor_decorator.py
[2024-07-06T22:14:12.180+0700] {processor.py:830} INFO - Processing file /home/acer/.local/share/virtualenvs/custom_airflow-E5ZHcY_K/lib/python3.12/site-packages/airflow/example_dags/example_sensor_decorator.py for tasks to queue
[2024-07-06T22:14:12.183+0700] {logging_mixin.py:188} INFO - [2024-07-06T22:14:12.182+0700] {dagbag.py:545} INFO - Filling up the DagBag from /home/acer/.local/share/virtualenvs/custom_airflow-E5ZHcY_K/lib/python3.12/site-packages/airflow/example_dags/example_sensor_decorator.py
[2024-07-06T22:14:12.190+0700] {processor.py:840} INFO - DAG(s) 'example_sensor_decorator' retrieved from /home/acer/.local/share/virtualenvs/custom_airflow-E5ZHcY_K/lib/python3.12/site-packages/airflow/example_dags/example_sensor_decorator.py
[2024-07-06T22:14:12.211+0700] {logging_mixin.py:188} INFO - [2024-07-06T22:14:12.211+0700] {dag.py:3096} INFO - Sync 1 DAGs
[2024-07-06T22:14:12.229+0700] {logging_mixin.py:188} INFO - [2024-07-06T22:14:12.229+0700] {dag.py:3954} INFO - Setting next_dagrun for example_sensor_decorator to None, run_after=None
[2024-07-06T22:14:12.259+0700] {processor.py:183} INFO - Processing /home/acer/.local/share/virtualenvs/custom_airflow-E5ZHcY_K/lib/python3.12/site-packages/airflow/example_dags/example_sensor_decorator.py took 0.091 seconds
[2024-07-06T22:15:15.360+0700] {processor.py:161} INFO - Started process (PID=21189) to work on /home/acer/.local/share/virtualenvs/custom_airflow-E5ZHcY_K/lib/python3.12/site-packages/airflow/example_dags/example_sensor_decorator.py
[2024-07-06T22:15:15.362+0700] {processor.py:830} INFO - Processing file /home/acer/.local/share/virtualenvs/custom_airflow-E5ZHcY_K/lib/python3.12/site-packages/airflow/example_dags/example_sensor_decorator.py for tasks to queue
[2024-07-06T22:15:15.365+0700] {logging_mixin.py:188} INFO - [2024-07-06T22:15:15.364+0700] {dagbag.py:545} INFO - Filling up the DagBag from /home/acer/.local/share/virtualenvs/custom_airflow-E5ZHcY_K/lib/python3.12/site-packages/airflow/example_dags/example_sensor_decorator.py
[2024-07-06T22:15:15.374+0700] {processor.py:840} INFO - DAG(s) 'example_sensor_decorator' retrieved from /home/acer/.local/share/virtualenvs/custom_airflow-E5ZHcY_K/lib/python3.12/site-packages/airflow/example_dags/example_sensor_decorator.py
[2024-07-06T22:15:15.397+0700] {logging_mixin.py:188} INFO - [2024-07-06T22:15:15.397+0700] {dag.py:3096} INFO - Sync 1 DAGs
[2024-07-06T22:15:15.420+0700] {logging_mixin.py:188} INFO - [2024-07-06T22:15:15.420+0700] {dag.py:3954} INFO - Setting next_dagrun for example_sensor_decorator to None, run_after=None
[2024-07-06T22:15:15.453+0700] {processor.py:183} INFO - Processing /home/acer/.local/share/virtualenvs/custom_airflow-E5ZHcY_K/lib/python3.12/site-packages/airflow/example_dags/example_sensor_decorator.py took 0.103 seconds
[2024-07-06T22:16:14.427+0700] {processor.py:161} INFO - Started process (PID=21513) to work on /home/acer/.local/share/virtualenvs/custom_airflow-E5ZHcY_K/lib/python3.12/site-packages/airflow/example_dags/example_sensor_decorator.py
[2024-07-06T22:16:14.428+0700] {processor.py:830} INFO - Processing file /home/acer/.local/share/virtualenvs/custom_airflow-E5ZHcY_K/lib/python3.12/site-packages/airflow/example_dags/example_sensor_decorator.py for tasks to queue
[2024-07-06T22:16:14.430+0700] {logging_mixin.py:188} INFO - [2024-07-06T22:16:14.429+0700] {dagbag.py:545} INFO - Filling up the DagBag from /home/acer/.local/share/virtualenvs/custom_airflow-E5ZHcY_K/lib/python3.12/site-packages/airflow/example_dags/example_sensor_decorator.py
[2024-07-06T22:16:14.438+0700] {processor.py:840} INFO - DAG(s) 'example_sensor_decorator' retrieved from /home/acer/.local/share/virtualenvs/custom_airflow-E5ZHcY_K/lib/python3.12/site-packages/airflow/example_dags/example_sensor_decorator.py
[2024-07-06T22:16:14.460+0700] {logging_mixin.py:188} INFO - [2024-07-06T22:16:14.459+0700] {dag.py:3096} INFO - Sync 1 DAGs
[2024-07-06T22:16:14.478+0700] {logging_mixin.py:188} INFO - [2024-07-06T22:16:14.478+0700] {dag.py:3954} INFO - Setting next_dagrun for example_sensor_decorator to None, run_after=None
[2024-07-06T22:16:14.507+0700] {processor.py:183} INFO - Processing /home/acer/.local/share/virtualenvs/custom_airflow-E5ZHcY_K/lib/python3.12/site-packages/airflow/example_dags/example_sensor_decorator.py took 0.087 seconds
[2024-07-06T22:17:09.511+0700] {processor.py:161} INFO - Started process (PID=21801) to work on /home/acer/.local/share/virtualenvs/custom_airflow-E5ZHcY_K/lib/python3.12/site-packages/airflow/example_dags/example_sensor_decorator.py
[2024-07-06T22:17:09.513+0700] {processor.py:830} INFO - Processing file /home/acer/.local/share/virtualenvs/custom_airflow-E5ZHcY_K/lib/python3.12/site-packages/airflow/example_dags/example_sensor_decorator.py for tasks to queue
[2024-07-06T22:17:09.517+0700] {logging_mixin.py:188} INFO - [2024-07-06T22:17:09.516+0700] {dagbag.py:545} INFO - Filling up the DagBag from /home/acer/.local/share/virtualenvs/custom_airflow-E5ZHcY_K/lib/python3.12/site-packages/airflow/example_dags/example_sensor_decorator.py
[2024-07-06T22:17:09.538+0700] {processor.py:840} INFO - DAG(s) 'example_sensor_decorator' retrieved from /home/acer/.local/share/virtualenvs/custom_airflow-E5ZHcY_K/lib/python3.12/site-packages/airflow/example_dags/example_sensor_decorator.py
[2024-07-06T22:17:09.581+0700] {logging_mixin.py:188} INFO - [2024-07-06T22:17:09.581+0700] {dag.py:3096} INFO - Sync 1 DAGs
[2024-07-06T22:17:09.598+0700] {logging_mixin.py:188} INFO - [2024-07-06T22:17:09.598+0700] {dag.py:3954} INFO - Setting next_dagrun for example_sensor_decorator to None, run_after=None
[2024-07-06T22:17:09.628+0700] {processor.py:183} INFO - Processing /home/acer/.local/share/virtualenvs/custom_airflow-E5ZHcY_K/lib/python3.12/site-packages/airflow/example_dags/example_sensor_decorator.py took 0.133 seconds
[2024-07-06T22:18:13.170+0700] {processor.py:161} INFO - Started process (PID=22153) to work on /home/acer/.local/share/virtualenvs/custom_airflow-E5ZHcY_K/lib/python3.12/site-packages/airflow/example_dags/example_sensor_decorator.py
[2024-07-06T22:18:13.175+0700] {processor.py:830} INFO - Processing file /home/acer/.local/share/virtualenvs/custom_airflow-E5ZHcY_K/lib/python3.12/site-packages/airflow/example_dags/example_sensor_decorator.py for tasks to queue
[2024-07-06T22:18:13.184+0700] {logging_mixin.py:188} INFO - [2024-07-06T22:18:13.177+0700] {dagbag.py:545} INFO - Filling up the DagBag from /home/acer/.local/share/virtualenvs/custom_airflow-E5ZHcY_K/lib/python3.12/site-packages/airflow/example_dags/example_sensor_decorator.py
[2024-07-06T22:18:13.194+0700] {processor.py:840} INFO - DAG(s) 'example_sensor_decorator' retrieved from /home/acer/.local/share/virtualenvs/custom_airflow-E5ZHcY_K/lib/python3.12/site-packages/airflow/example_dags/example_sensor_decorator.py
[2024-07-06T22:18:13.234+0700] {logging_mixin.py:188} INFO - [2024-07-06T22:18:13.234+0700] {dag.py:3096} INFO - Sync 1 DAGs
[2024-07-06T22:18:13.260+0700] {logging_mixin.py:188} INFO - [2024-07-06T22:18:13.260+0700] {dag.py:3954} INFO - Setting next_dagrun for example_sensor_decorator to None, run_after=None
[2024-07-06T22:18:13.301+0700] {processor.py:183} INFO - Processing /home/acer/.local/share/virtualenvs/custom_airflow-E5ZHcY_K/lib/python3.12/site-packages/airflow/example_dags/example_sensor_decorator.py took 0.144 seconds
[2024-07-06T22:19:15.827+0700] {processor.py:161} INFO - Started process (PID=22509) to work on /home/acer/.local/share/virtualenvs/custom_airflow-E5ZHcY_K/lib/python3.12/site-packages/airflow/example_dags/example_sensor_decorator.py
[2024-07-06T22:19:15.830+0700] {processor.py:830} INFO - Processing file /home/acer/.local/share/virtualenvs/custom_airflow-E5ZHcY_K/lib/python3.12/site-packages/airflow/example_dags/example_sensor_decorator.py for tasks to queue
[2024-07-06T22:19:15.834+0700] {logging_mixin.py:188} INFO - [2024-07-06T22:19:15.833+0700] {dagbag.py:545} INFO - Filling up the DagBag from /home/acer/.local/share/virtualenvs/custom_airflow-E5ZHcY_K/lib/python3.12/site-packages/airflow/example_dags/example_sensor_decorator.py
[2024-07-06T22:19:15.848+0700] {processor.py:840} INFO - DAG(s) 'example_sensor_decorator' retrieved from /home/acer/.local/share/virtualenvs/custom_airflow-E5ZHcY_K/lib/python3.12/site-packages/airflow/example_dags/example_sensor_decorator.py
[2024-07-06T22:19:15.875+0700] {logging_mixin.py:188} INFO - [2024-07-06T22:19:15.875+0700] {dag.py:3096} INFO - Sync 1 DAGs
[2024-07-06T22:19:15.893+0700] {logging_mixin.py:188} INFO - [2024-07-06T22:19:15.893+0700] {dag.py:3954} INFO - Setting next_dagrun for example_sensor_decorator to None, run_after=None
[2024-07-06T22:19:16.022+0700] {processor.py:183} INFO - Processing /home/acer/.local/share/virtualenvs/custom_airflow-E5ZHcY_K/lib/python3.12/site-packages/airflow/example_dags/example_sensor_decorator.py took 0.223 seconds
[2024-07-06T22:20:17.676+0700] {processor.py:161} INFO - Started process (PID=22814) to work on /home/acer/.local/share/virtualenvs/custom_airflow-E5ZHcY_K/lib/python3.12/site-packages/airflow/example_dags/example_sensor_decorator.py
[2024-07-06T22:20:17.677+0700] {processor.py:830} INFO - Processing file /home/acer/.local/share/virtualenvs/custom_airflow-E5ZHcY_K/lib/python3.12/site-packages/airflow/example_dags/example_sensor_decorator.py for tasks to queue
[2024-07-06T22:20:17.679+0700] {logging_mixin.py:188} INFO - [2024-07-06T22:20:17.679+0700] {dagbag.py:545} INFO - Filling up the DagBag from /home/acer/.local/share/virtualenvs/custom_airflow-E5ZHcY_K/lib/python3.12/site-packages/airflow/example_dags/example_sensor_decorator.py
[2024-07-06T22:20:17.687+0700] {processor.py:840} INFO - DAG(s) 'example_sensor_decorator' retrieved from /home/acer/.local/share/virtualenvs/custom_airflow-E5ZHcY_K/lib/python3.12/site-packages/airflow/example_dags/example_sensor_decorator.py
[2024-07-06T22:20:17.706+0700] {logging_mixin.py:188} INFO - [2024-07-06T22:20:17.706+0700] {dag.py:3096} INFO - Sync 1 DAGs
[2024-07-06T22:20:17.722+0700] {logging_mixin.py:188} INFO - [2024-07-06T22:20:17.721+0700] {dag.py:3954} INFO - Setting next_dagrun for example_sensor_decorator to None, run_after=None
[2024-07-06T22:20:17.746+0700] {processor.py:183} INFO - Processing /home/acer/.local/share/virtualenvs/custom_airflow-E5ZHcY_K/lib/python3.12/site-packages/airflow/example_dags/example_sensor_decorator.py took 0.078 seconds
