[2024-07-06T16:09:26.413+0700] {processor.py:161} INFO - Started process (PID=51458) to work on /home/acer/.local/share/virtualenvs/custom_airflow-E5ZHcY_K/lib/python3.12/site-packages/airflow/example_dags/example_branch_operator.py
[2024-07-06T16:09:26.414+0700] {processor.py:830} INFO - Processing file /home/acer/.local/share/virtualenvs/custom_airflow-E5ZHcY_K/lib/python3.12/site-packages/airflow/example_dags/example_branch_operator.py for tasks to queue
[2024-07-06T16:09:26.416+0700] {logging_mixin.py:188} INFO - [2024-07-06T16:09:26.415+0700] {dagbag.py:545} INFO - Filling up the DagBag from /home/acer/.local/share/virtualenvs/custom_airflow-E5ZHcY_K/lib/python3.12/site-packages/airflow/example_dags/example_branch_operator.py
[2024-07-06T16:09:26.434+0700] {processor.py:840} INFO - DAG(s) 'example_branch_operator' retrieved from /home/acer/.local/share/virtualenvs/custom_airflow-E5ZHcY_K/lib/python3.12/site-packages/airflow/example_dags/example_branch_operator.py
[2024-07-06T16:09:26.564+0700] {logging_mixin.py:188} INFO - [2024-07-06T16:09:26.564+0700] {override.py:1847} INFO - Created Permission View: can delete on DAG:example_branch_operator
[2024-07-06T16:09:26.576+0700] {logging_mixin.py:188} INFO - [2024-07-06T16:09:26.575+0700] {override.py:1847} INFO - Created Permission View: can edit on DAG:example_branch_operator
[2024-07-06T16:09:26.583+0700] {logging_mixin.py:188} INFO - [2024-07-06T16:09:26.583+0700] {override.py:1847} INFO - Created Permission View: can read on DAG:example_branch_operator
[2024-07-06T16:09:26.584+0700] {logging_mixin.py:188} INFO - [2024-07-06T16:09:26.584+0700] {dag.py:3096} INFO - Sync 1 DAGs
[2024-07-06T16:09:26.595+0700] {logging_mixin.py:188} INFO - [2024-07-06T16:09:26.594+0700] {dag.py:3118} INFO - Creating ORM DAG for example_branch_operator
[2024-07-06T16:09:26.605+0700] {logging_mixin.py:188} INFO - [2024-07-06T16:09:26.605+0700] {dag.py:3954} INFO - Setting next_dagrun for example_branch_operator to 2024-07-05 00:00:00+00:00, run_after=2024-07-06 00:00:00+00:00
[2024-07-06T16:09:26.637+0700] {processor.py:183} INFO - Processing /home/acer/.local/share/virtualenvs/custom_airflow-E5ZHcY_K/lib/python3.12/site-packages/airflow/example_dags/example_branch_operator.py took 0.232 seconds
[2024-07-06T16:11:14.845+0700] {processor.py:161} INFO - Started process (PID=52390) to work on /home/acer/.local/share/virtualenvs/custom_airflow-E5ZHcY_K/lib/python3.12/site-packages/airflow/example_dags/example_branch_operator.py
[2024-07-06T16:11:14.846+0700] {processor.py:830} INFO - Processing file /home/acer/.local/share/virtualenvs/custom_airflow-E5ZHcY_K/lib/python3.12/site-packages/airflow/example_dags/example_branch_operator.py for tasks to queue
[2024-07-06T16:11:14.847+0700] {logging_mixin.py:188} INFO - [2024-07-06T16:11:14.847+0700] {dagbag.py:545} INFO - Filling up the DagBag from /home/acer/.local/share/virtualenvs/custom_airflow-E5ZHcY_K/lib/python3.12/site-packages/airflow/example_dags/example_branch_operator.py
[2024-07-06T16:11:14.867+0700] {processor.py:840} INFO - DAG(s) 'example_branch_operator' retrieved from /home/acer/.local/share/virtualenvs/custom_airflow-E5ZHcY_K/lib/python3.12/site-packages/airflow/example_dags/example_branch_operator.py
[2024-07-06T16:11:14.999+0700] {logging_mixin.py:188} INFO - [2024-07-06T16:11:14.999+0700] {dag.py:3096} INFO - Sync 1 DAGs
[2024-07-06T16:11:15.018+0700] {logging_mixin.py:188} INFO - [2024-07-06T16:11:15.018+0700] {dag.py:3954} INFO - Setting next_dagrun for example_branch_operator to 2024-07-05 00:00:00+00:00, run_after=2024-07-06 00:00:00+00:00
[2024-07-06T16:11:15.044+0700] {processor.py:183} INFO - Processing /home/acer/.local/share/virtualenvs/custom_airflow-E5ZHcY_K/lib/python3.12/site-packages/airflow/example_dags/example_branch_operator.py took 0.206 seconds
[2024-07-06T16:16:16.318+0700] {processor.py:161} INFO - Started process (PID=55059) to work on /home/acer/.local/share/virtualenvs/custom_airflow-E5ZHcY_K/lib/python3.12/site-packages/airflow/example_dags/example_branch_operator.py
[2024-07-06T16:16:16.322+0700] {processor.py:830} INFO - Processing file /home/acer/.local/share/virtualenvs/custom_airflow-E5ZHcY_K/lib/python3.12/site-packages/airflow/example_dags/example_branch_operator.py for tasks to queue
[2024-07-06T16:16:16.326+0700] {logging_mixin.py:188} INFO - [2024-07-06T16:16:16.325+0700] {dagbag.py:545} INFO - Filling up the DagBag from /home/acer/.local/share/virtualenvs/custom_airflow-E5ZHcY_K/lib/python3.12/site-packages/airflow/example_dags/example_branch_operator.py
[2024-07-06T16:16:16.359+0700] {processor.py:840} INFO - DAG(s) 'example_branch_operator' retrieved from /home/acer/.local/share/virtualenvs/custom_airflow-E5ZHcY_K/lib/python3.12/site-packages/airflow/example_dags/example_branch_operator.py
[2024-07-06T16:16:16.492+0700] {logging_mixin.py:188} INFO - [2024-07-06T16:16:16.491+0700] {dag.py:3096} INFO - Sync 1 DAGs
[2024-07-06T16:16:16.515+0700] {logging_mixin.py:188} INFO - [2024-07-06T16:16:16.515+0700] {dag.py:3954} INFO - Setting next_dagrun for example_branch_operator to 2024-07-05 00:00:00+00:00, run_after=2024-07-06 00:00:00+00:00
[2024-07-06T16:16:16.549+0700] {processor.py:183} INFO - Processing /home/acer/.local/share/virtualenvs/custom_airflow-E5ZHcY_K/lib/python3.12/site-packages/airflow/example_dags/example_branch_operator.py took 0.260 seconds
[2024-07-06T16:17:12.939+0700] {processor.py:161} INFO - Started process (PID=55606) to work on /home/acer/.local/share/virtualenvs/custom_airflow-E5ZHcY_K/lib/python3.12/site-packages/airflow/example_dags/example_branch_operator.py
[2024-07-06T16:17:12.940+0700] {processor.py:830} INFO - Processing file /home/acer/.local/share/virtualenvs/custom_airflow-E5ZHcY_K/lib/python3.12/site-packages/airflow/example_dags/example_branch_operator.py for tasks to queue
[2024-07-06T16:17:12.942+0700] {logging_mixin.py:188} INFO - [2024-07-06T16:17:12.942+0700] {dagbag.py:545} INFO - Filling up the DagBag from /home/acer/.local/share/virtualenvs/custom_airflow-E5ZHcY_K/lib/python3.12/site-packages/airflow/example_dags/example_branch_operator.py
[2024-07-06T16:17:12.983+0700] {processor.py:840} INFO - DAG(s) 'example_branch_operator' retrieved from /home/acer/.local/share/virtualenvs/custom_airflow-E5ZHcY_K/lib/python3.12/site-packages/airflow/example_dags/example_branch_operator.py
[2024-07-06T16:17:13.022+0700] {logging_mixin.py:188} INFO - [2024-07-06T16:17:13.022+0700] {dag.py:3096} INFO - Sync 1 DAGs
[2024-07-06T16:17:13.053+0700] {logging_mixin.py:188} INFO - [2024-07-06T16:17:13.053+0700] {dag.py:3954} INFO - Setting next_dagrun for example_branch_operator to 2024-07-05 00:00:00+00:00, run_after=2024-07-06 00:00:00+00:00
[2024-07-06T16:17:13.086+0700] {processor.py:183} INFO - Processing /home/acer/.local/share/virtualenvs/custom_airflow-E5ZHcY_K/lib/python3.12/site-packages/airflow/example_dags/example_branch_operator.py took 0.156 seconds
[2024-07-06T16:18:06.461+0700] {processor.py:161} INFO - Started process (PID=55889) to work on /home/acer/.local/share/virtualenvs/custom_airflow-E5ZHcY_K/lib/python3.12/site-packages/airflow/example_dags/example_branch_operator.py
[2024-07-06T16:18:06.463+0700] {processor.py:830} INFO - Processing file /home/acer/.local/share/virtualenvs/custom_airflow-E5ZHcY_K/lib/python3.12/site-packages/airflow/example_dags/example_branch_operator.py for tasks to queue
[2024-07-06T16:18:06.467+0700] {logging_mixin.py:188} INFO - [2024-07-06T16:18:06.466+0700] {dagbag.py:545} INFO - Filling up the DagBag from /home/acer/.local/share/virtualenvs/custom_airflow-E5ZHcY_K/lib/python3.12/site-packages/airflow/example_dags/example_branch_operator.py
[2024-07-06T16:18:06.496+0700] {processor.py:840} INFO - DAG(s) 'example_branch_operator' retrieved from /home/acer/.local/share/virtualenvs/custom_airflow-E5ZHcY_K/lib/python3.12/site-packages/airflow/example_dags/example_branch_operator.py
[2024-07-06T16:18:06.524+0700] {logging_mixin.py:188} INFO - [2024-07-06T16:18:06.523+0700] {dag.py:3096} INFO - Sync 1 DAGs
[2024-07-06T16:18:06.545+0700] {logging_mixin.py:188} INFO - [2024-07-06T16:18:06.545+0700] {dag.py:3954} INFO - Setting next_dagrun for example_branch_operator to 2024-07-05 00:00:00+00:00, run_after=2024-07-06 00:00:00+00:00
[2024-07-06T16:18:06.566+0700] {processor.py:183} INFO - Processing /home/acer/.local/share/virtualenvs/custom_airflow-E5ZHcY_K/lib/python3.12/site-packages/airflow/example_dags/example_branch_operator.py took 0.116 seconds
[2024-07-06T16:19:19.583+0700] {processor.py:161} INFO - Started process (PID=56323) to work on /home/acer/.local/share/virtualenvs/custom_airflow-E5ZHcY_K/lib/python3.12/site-packages/airflow/example_dags/example_branch_operator.py
[2024-07-06T16:19:19.584+0700] {processor.py:830} INFO - Processing file /home/acer/.local/share/virtualenvs/custom_airflow-E5ZHcY_K/lib/python3.12/site-packages/airflow/example_dags/example_branch_operator.py for tasks to queue
[2024-07-06T16:19:19.586+0700] {logging_mixin.py:188} INFO - [2024-07-06T16:19:19.585+0700] {dagbag.py:545} INFO - Filling up the DagBag from /home/acer/.local/share/virtualenvs/custom_airflow-E5ZHcY_K/lib/python3.12/site-packages/airflow/example_dags/example_branch_operator.py
[2024-07-06T16:19:19.605+0700] {processor.py:840} INFO - DAG(s) 'example_branch_operator' retrieved from /home/acer/.local/share/virtualenvs/custom_airflow-E5ZHcY_K/lib/python3.12/site-packages/airflow/example_dags/example_branch_operator.py
[2024-07-06T16:19:19.632+0700] {logging_mixin.py:188} INFO - [2024-07-06T16:19:19.631+0700] {dag.py:3096} INFO - Sync 1 DAGs
[2024-07-06T16:19:19.653+0700] {logging_mixin.py:188} INFO - [2024-07-06T16:19:19.653+0700] {dag.py:3954} INFO - Setting next_dagrun for example_branch_operator to 2024-07-05 00:00:00+00:00, run_after=2024-07-06 00:00:00+00:00
[2024-07-06T16:19:19.674+0700] {processor.py:183} INFO - Processing /home/acer/.local/share/virtualenvs/custom_airflow-E5ZHcY_K/lib/python3.12/site-packages/airflow/example_dags/example_branch_operator.py took 0.096 seconds
[2024-07-06T16:20:21.967+0700] {processor.py:161} INFO - Started process (PID=57055) to work on /home/acer/.local/share/virtualenvs/custom_airflow-E5ZHcY_K/lib/python3.12/site-packages/airflow/example_dags/example_branch_operator.py
[2024-07-06T16:20:21.969+0700] {processor.py:830} INFO - Processing file /home/acer/.local/share/virtualenvs/custom_airflow-E5ZHcY_K/lib/python3.12/site-packages/airflow/example_dags/example_branch_operator.py for tasks to queue
[2024-07-06T16:20:21.972+0700] {logging_mixin.py:188} INFO - [2024-07-06T16:20:21.971+0700] {dagbag.py:545} INFO - Filling up the DagBag from /home/acer/.local/share/virtualenvs/custom_airflow-E5ZHcY_K/lib/python3.12/site-packages/airflow/example_dags/example_branch_operator.py
[2024-07-06T16:20:21.995+0700] {processor.py:840} INFO - DAG(s) 'example_branch_operator' retrieved from /home/acer/.local/share/virtualenvs/custom_airflow-E5ZHcY_K/lib/python3.12/site-packages/airflow/example_dags/example_branch_operator.py
[2024-07-06T16:20:22.021+0700] {logging_mixin.py:188} INFO - [2024-07-06T16:20:22.021+0700] {dag.py:3096} INFO - Sync 1 DAGs
[2024-07-06T16:20:22.049+0700] {logging_mixin.py:188} INFO - [2024-07-06T16:20:22.049+0700] {dag.py:3954} INFO - Setting next_dagrun for example_branch_operator to 2024-07-05 00:00:00+00:00, run_after=2024-07-06 00:00:00+00:00
[2024-07-06T16:20:22.077+0700] {processor.py:183} INFO - Processing /home/acer/.local/share/virtualenvs/custom_airflow-E5ZHcY_K/lib/python3.12/site-packages/airflow/example_dags/example_branch_operator.py took 0.120 seconds
[2024-07-06T16:21:18.084+0700] {processor.py:161} INFO - Started process (PID=57513) to work on /home/acer/.local/share/virtualenvs/custom_airflow-E5ZHcY_K/lib/python3.12/site-packages/airflow/example_dags/example_branch_operator.py
[2024-07-06T16:21:18.086+0700] {processor.py:830} INFO - Processing file /home/acer/.local/share/virtualenvs/custom_airflow-E5ZHcY_K/lib/python3.12/site-packages/airflow/example_dags/example_branch_operator.py for tasks to queue
[2024-07-06T16:21:18.090+0700] {logging_mixin.py:188} INFO - [2024-07-06T16:21:18.089+0700] {dagbag.py:545} INFO - Filling up the DagBag from /home/acer/.local/share/virtualenvs/custom_airflow-E5ZHcY_K/lib/python3.12/site-packages/airflow/example_dags/example_branch_operator.py
[2024-07-06T16:21:18.112+0700] {processor.py:840} INFO - DAG(s) 'example_branch_operator' retrieved from /home/acer/.local/share/virtualenvs/custom_airflow-E5ZHcY_K/lib/python3.12/site-packages/airflow/example_dags/example_branch_operator.py
[2024-07-06T16:21:18.139+0700] {logging_mixin.py:188} INFO - [2024-07-06T16:21:18.139+0700] {dag.py:3096} INFO - Sync 1 DAGs
[2024-07-06T16:21:18.161+0700] {logging_mixin.py:188} INFO - [2024-07-06T16:21:18.160+0700] {dag.py:3954} INFO - Setting next_dagrun for example_branch_operator to 2024-07-05 00:00:00+00:00, run_after=2024-07-06 00:00:00+00:00
[2024-07-06T16:21:18.189+0700] {processor.py:183} INFO - Processing /home/acer/.local/share/virtualenvs/custom_airflow-E5ZHcY_K/lib/python3.12/site-packages/airflow/example_dags/example_branch_operator.py took 0.118 seconds
[2024-07-06T16:22:29.510+0700] {processor.py:161} INFO - Started process (PID=57960) to work on /home/acer/.local/share/virtualenvs/custom_airflow-E5ZHcY_K/lib/python3.12/site-packages/airflow/example_dags/example_branch_operator.py
[2024-07-06T16:22:29.510+0700] {processor.py:830} INFO - Processing file /home/acer/.local/share/virtualenvs/custom_airflow-E5ZHcY_K/lib/python3.12/site-packages/airflow/example_dags/example_branch_operator.py for tasks to queue
[2024-07-06T16:22:29.512+0700] {logging_mixin.py:188} INFO - [2024-07-06T16:22:29.512+0700] {dagbag.py:545} INFO - Filling up the DagBag from /home/acer/.local/share/virtualenvs/custom_airflow-E5ZHcY_K/lib/python3.12/site-packages/airflow/example_dags/example_branch_operator.py
[2024-07-06T16:22:29.531+0700] {processor.py:840} INFO - DAG(s) 'example_branch_operator' retrieved from /home/acer/.local/share/virtualenvs/custom_airflow-E5ZHcY_K/lib/python3.12/site-packages/airflow/example_dags/example_branch_operator.py
[2024-07-06T16:22:29.560+0700] {logging_mixin.py:188} INFO - [2024-07-06T16:22:29.560+0700] {dag.py:3096} INFO - Sync 1 DAGs
[2024-07-06T16:22:29.586+0700] {logging_mixin.py:188} INFO - [2024-07-06T16:22:29.586+0700] {dag.py:3954} INFO - Setting next_dagrun for example_branch_operator to 2024-07-05 00:00:00+00:00, run_after=2024-07-06 00:00:00+00:00
[2024-07-06T16:22:29.608+0700] {processor.py:183} INFO - Processing /home/acer/.local/share/virtualenvs/custom_airflow-E5ZHcY_K/lib/python3.12/site-packages/airflow/example_dags/example_branch_operator.py took 0.104 seconds
[2024-07-06T16:24:39.334+0700] {processor.py:161} INFO - Started process (PID=59385) to work on /home/acer/.local/share/virtualenvs/custom_airflow-E5ZHcY_K/lib/python3.12/site-packages/airflow/example_dags/example_branch_operator.py
[2024-07-06T16:24:39.337+0700] {processor.py:830} INFO - Processing file /home/acer/.local/share/virtualenvs/custom_airflow-E5ZHcY_K/lib/python3.12/site-packages/airflow/example_dags/example_branch_operator.py for tasks to queue
[2024-07-06T16:24:39.339+0700] {logging_mixin.py:188} INFO - [2024-07-06T16:24:39.339+0700] {dagbag.py:545} INFO - Filling up the DagBag from /home/acer/.local/share/virtualenvs/custom_airflow-E5ZHcY_K/lib/python3.12/site-packages/airflow/example_dags/example_branch_operator.py
[2024-07-06T16:24:39.358+0700] {processor.py:840} INFO - DAG(s) 'example_branch_operator' retrieved from /home/acer/.local/share/virtualenvs/custom_airflow-E5ZHcY_K/lib/python3.12/site-packages/airflow/example_dags/example_branch_operator.py
[2024-07-06T16:24:39.385+0700] {logging_mixin.py:188} INFO - [2024-07-06T16:24:39.385+0700] {dag.py:3096} INFO - Sync 1 DAGs
[2024-07-06T16:24:39.407+0700] {logging_mixin.py:188} INFO - [2024-07-06T16:24:39.407+0700] {dag.py:3954} INFO - Setting next_dagrun for example_branch_operator to 2024-07-05 00:00:00+00:00, run_after=2024-07-06 00:00:00+00:00
[2024-07-06T16:24:39.428+0700] {processor.py:183} INFO - Processing /home/acer/.local/share/virtualenvs/custom_airflow-E5ZHcY_K/lib/python3.12/site-packages/airflow/example_dags/example_branch_operator.py took 0.104 seconds
[2024-07-06T16:25:35.459+0700] {processor.py:161} INFO - Started process (PID=59796) to work on /home/acer/.local/share/virtualenvs/custom_airflow-E5ZHcY_K/lib/python3.12/site-packages/airflow/example_dags/example_branch_operator.py
[2024-07-06T16:25:35.460+0700] {processor.py:830} INFO - Processing file /home/acer/.local/share/virtualenvs/custom_airflow-E5ZHcY_K/lib/python3.12/site-packages/airflow/example_dags/example_branch_operator.py for tasks to queue
[2024-07-06T16:25:35.463+0700] {logging_mixin.py:188} INFO - [2024-07-06T16:25:35.462+0700] {dagbag.py:545} INFO - Filling up the DagBag from /home/acer/.local/share/virtualenvs/custom_airflow-E5ZHcY_K/lib/python3.12/site-packages/airflow/example_dags/example_branch_operator.py
[2024-07-06T16:25:35.486+0700] {processor.py:840} INFO - DAG(s) 'example_branch_operator' retrieved from /home/acer/.local/share/virtualenvs/custom_airflow-E5ZHcY_K/lib/python3.12/site-packages/airflow/example_dags/example_branch_operator.py
[2024-07-06T16:25:35.519+0700] {logging_mixin.py:188} INFO - [2024-07-06T16:25:35.518+0700] {dag.py:3096} INFO - Sync 1 DAGs
[2024-07-06T16:25:35.548+0700] {logging_mixin.py:188} INFO - [2024-07-06T16:25:35.548+0700] {dag.py:3954} INFO - Setting next_dagrun for example_branch_operator to 2024-07-05 00:00:00+00:00, run_after=2024-07-06 00:00:00+00:00
[2024-07-06T16:25:35.578+0700] {processor.py:183} INFO - Processing /home/acer/.local/share/virtualenvs/custom_airflow-E5ZHcY_K/lib/python3.12/site-packages/airflow/example_dags/example_branch_operator.py took 0.127 seconds
[2024-07-06T16:26:30.245+0700] {processor.py:161} INFO - Started process (PID=60131) to work on /home/acer/.local/share/virtualenvs/custom_airflow-E5ZHcY_K/lib/python3.12/site-packages/airflow/example_dags/example_branch_operator.py
[2024-07-06T16:26:30.246+0700] {processor.py:830} INFO - Processing file /home/acer/.local/share/virtualenvs/custom_airflow-E5ZHcY_K/lib/python3.12/site-packages/airflow/example_dags/example_branch_operator.py for tasks to queue
[2024-07-06T16:26:30.248+0700] {logging_mixin.py:188} INFO - [2024-07-06T16:26:30.247+0700] {dagbag.py:545} INFO - Filling up the DagBag from /home/acer/.local/share/virtualenvs/custom_airflow-E5ZHcY_K/lib/python3.12/site-packages/airflow/example_dags/example_branch_operator.py
[2024-07-06T16:26:30.267+0700] {processor.py:840} INFO - DAG(s) 'example_branch_operator' retrieved from /home/acer/.local/share/virtualenvs/custom_airflow-E5ZHcY_K/lib/python3.12/site-packages/airflow/example_dags/example_branch_operator.py
[2024-07-06T16:26:30.293+0700] {logging_mixin.py:188} INFO - [2024-07-06T16:26:30.293+0700] {dag.py:3096} INFO - Sync 1 DAGs
[2024-07-06T16:26:30.316+0700] {logging_mixin.py:188} INFO - [2024-07-06T16:26:30.315+0700] {dag.py:3954} INFO - Setting next_dagrun for example_branch_operator to 2024-07-05 00:00:00+00:00, run_after=2024-07-06 00:00:00+00:00
[2024-07-06T16:26:30.346+0700] {processor.py:183} INFO - Processing /home/acer/.local/share/virtualenvs/custom_airflow-E5ZHcY_K/lib/python3.12/site-packages/airflow/example_dags/example_branch_operator.py took 0.106 seconds
[2024-07-06T16:27:41.947+0700] {processor.py:161} INFO - Started process (PID=60499) to work on /home/acer/.local/share/virtualenvs/custom_airflow-E5ZHcY_K/lib/python3.12/site-packages/airflow/example_dags/example_branch_operator.py
[2024-07-06T16:27:41.947+0700] {processor.py:830} INFO - Processing file /home/acer/.local/share/virtualenvs/custom_airflow-E5ZHcY_K/lib/python3.12/site-packages/airflow/example_dags/example_branch_operator.py for tasks to queue
[2024-07-06T16:27:41.949+0700] {logging_mixin.py:188} INFO - [2024-07-06T16:27:41.949+0700] {dagbag.py:545} INFO - Filling up the DagBag from /home/acer/.local/share/virtualenvs/custom_airflow-E5ZHcY_K/lib/python3.12/site-packages/airflow/example_dags/example_branch_operator.py
[2024-07-06T16:27:41.967+0700] {processor.py:840} INFO - DAG(s) 'example_branch_operator' retrieved from /home/acer/.local/share/virtualenvs/custom_airflow-E5ZHcY_K/lib/python3.12/site-packages/airflow/example_dags/example_branch_operator.py
[2024-07-06T16:27:41.993+0700] {logging_mixin.py:188} INFO - [2024-07-06T16:27:41.993+0700] {dag.py:3096} INFO - Sync 1 DAGs
[2024-07-06T16:27:42.014+0700] {logging_mixin.py:188} INFO - [2024-07-06T16:27:42.014+0700] {dag.py:3954} INFO - Setting next_dagrun for example_branch_operator to 2024-07-05 00:00:00+00:00, run_after=2024-07-06 00:00:00+00:00
[2024-07-06T16:27:42.036+0700] {processor.py:183} INFO - Processing /home/acer/.local/share/virtualenvs/custom_airflow-E5ZHcY_K/lib/python3.12/site-packages/airflow/example_dags/example_branch_operator.py took 0.095 seconds
[2024-07-06T16:28:48.233+0700] {processor.py:161} INFO - Started process (PID=60826) to work on /home/acer/.local/share/virtualenvs/custom_airflow-E5ZHcY_K/lib/python3.12/site-packages/airflow/example_dags/example_branch_operator.py
[2024-07-06T16:28:48.236+0700] {processor.py:830} INFO - Processing file /home/acer/.local/share/virtualenvs/custom_airflow-E5ZHcY_K/lib/python3.12/site-packages/airflow/example_dags/example_branch_operator.py for tasks to queue
[2024-07-06T16:28:48.239+0700] {logging_mixin.py:188} INFO - [2024-07-06T16:28:48.238+0700] {dagbag.py:545} INFO - Filling up the DagBag from /home/acer/.local/share/virtualenvs/custom_airflow-E5ZHcY_K/lib/python3.12/site-packages/airflow/example_dags/example_branch_operator.py
[2024-07-06T16:28:48.263+0700] {processor.py:840} INFO - DAG(s) 'example_branch_operator' retrieved from /home/acer/.local/share/virtualenvs/custom_airflow-E5ZHcY_K/lib/python3.12/site-packages/airflow/example_dags/example_branch_operator.py
[2024-07-06T16:28:48.289+0700] {logging_mixin.py:188} INFO - [2024-07-06T16:28:48.288+0700] {dag.py:3096} INFO - Sync 1 DAGs
[2024-07-06T16:28:48.310+0700] {logging_mixin.py:188} INFO - [2024-07-06T16:28:48.310+0700] {dag.py:3954} INFO - Setting next_dagrun for example_branch_operator to 2024-07-05 00:00:00+00:00, run_after=2024-07-06 00:00:00+00:00
[2024-07-06T16:28:48.331+0700] {processor.py:183} INFO - Processing /home/acer/.local/share/virtualenvs/custom_airflow-E5ZHcY_K/lib/python3.12/site-packages/airflow/example_dags/example_branch_operator.py took 0.117 seconds
[2024-07-06T16:29:58.919+0700] {processor.py:161} INFO - Started process (PID=61182) to work on /home/acer/.local/share/virtualenvs/custom_airflow-E5ZHcY_K/lib/python3.12/site-packages/airflow/example_dags/example_branch_operator.py
[2024-07-06T16:29:58.920+0700] {processor.py:830} INFO - Processing file /home/acer/.local/share/virtualenvs/custom_airflow-E5ZHcY_K/lib/python3.12/site-packages/airflow/example_dags/example_branch_operator.py for tasks to queue
[2024-07-06T16:29:58.921+0700] {logging_mixin.py:188} INFO - [2024-07-06T16:29:58.921+0700] {dagbag.py:545} INFO - Filling up the DagBag from /home/acer/.local/share/virtualenvs/custom_airflow-E5ZHcY_K/lib/python3.12/site-packages/airflow/example_dags/example_branch_operator.py
[2024-07-06T16:29:58.939+0700] {processor.py:840} INFO - DAG(s) 'example_branch_operator' retrieved from /home/acer/.local/share/virtualenvs/custom_airflow-E5ZHcY_K/lib/python3.12/site-packages/airflow/example_dags/example_branch_operator.py
[2024-07-06T16:29:58.965+0700] {logging_mixin.py:188} INFO - [2024-07-06T16:29:58.964+0700] {dag.py:3096} INFO - Sync 1 DAGs
[2024-07-06T16:29:58.987+0700] {logging_mixin.py:188} INFO - [2024-07-06T16:29:58.987+0700] {dag.py:3954} INFO - Setting next_dagrun for example_branch_operator to 2024-07-05 00:00:00+00:00, run_after=2024-07-06 00:00:00+00:00
[2024-07-06T16:29:59.008+0700] {processor.py:183} INFO - Processing /home/acer/.local/share/virtualenvs/custom_airflow-E5ZHcY_K/lib/python3.12/site-packages/airflow/example_dags/example_branch_operator.py took 0.094 seconds
[2024-07-06T16:31:06.647+0700] {processor.py:161} INFO - Started process (PID=61559) to work on /home/acer/.local/share/virtualenvs/custom_airflow-E5ZHcY_K/lib/python3.12/site-packages/airflow/example_dags/example_branch_operator.py
[2024-07-06T16:31:06.648+0700] {processor.py:830} INFO - Processing file /home/acer/.local/share/virtualenvs/custom_airflow-E5ZHcY_K/lib/python3.12/site-packages/airflow/example_dags/example_branch_operator.py for tasks to queue
[2024-07-06T16:31:06.650+0700] {logging_mixin.py:188} INFO - [2024-07-06T16:31:06.650+0700] {dagbag.py:545} INFO - Filling up the DagBag from /home/acer/.local/share/virtualenvs/custom_airflow-E5ZHcY_K/lib/python3.12/site-packages/airflow/example_dags/example_branch_operator.py
[2024-07-06T16:31:06.668+0700] {processor.py:840} INFO - DAG(s) 'example_branch_operator' retrieved from /home/acer/.local/share/virtualenvs/custom_airflow-E5ZHcY_K/lib/python3.12/site-packages/airflow/example_dags/example_branch_operator.py
[2024-07-06T16:31:06.694+0700] {logging_mixin.py:188} INFO - [2024-07-06T16:31:06.694+0700] {dag.py:3096} INFO - Sync 1 DAGs
[2024-07-06T16:31:06.717+0700] {logging_mixin.py:188} INFO - [2024-07-06T16:31:06.716+0700] {dag.py:3954} INFO - Setting next_dagrun for example_branch_operator to 2024-07-05 00:00:00+00:00, run_after=2024-07-06 00:00:00+00:00
[2024-07-06T16:31:06.737+0700] {processor.py:183} INFO - Processing /home/acer/.local/share/virtualenvs/custom_airflow-E5ZHcY_K/lib/python3.12/site-packages/airflow/example_dags/example_branch_operator.py took 0.095 seconds
[2024-07-06T16:32:14.587+0700] {processor.py:161} INFO - Started process (PID=61888) to work on /home/acer/.local/share/virtualenvs/custom_airflow-E5ZHcY_K/lib/python3.12/site-packages/airflow/example_dags/example_branch_operator.py
[2024-07-06T16:32:14.588+0700] {processor.py:830} INFO - Processing file /home/acer/.local/share/virtualenvs/custom_airflow-E5ZHcY_K/lib/python3.12/site-packages/airflow/example_dags/example_branch_operator.py for tasks to queue
[2024-07-06T16:32:14.590+0700] {logging_mixin.py:188} INFO - [2024-07-06T16:32:14.590+0700] {dagbag.py:545} INFO - Filling up the DagBag from /home/acer/.local/share/virtualenvs/custom_airflow-E5ZHcY_K/lib/python3.12/site-packages/airflow/example_dags/example_branch_operator.py
[2024-07-06T16:32:14.609+0700] {processor.py:840} INFO - DAG(s) 'example_branch_operator' retrieved from /home/acer/.local/share/virtualenvs/custom_airflow-E5ZHcY_K/lib/python3.12/site-packages/airflow/example_dags/example_branch_operator.py
[2024-07-06T16:32:14.646+0700] {logging_mixin.py:188} INFO - [2024-07-06T16:32:14.645+0700] {dag.py:3096} INFO - Sync 1 DAGs
[2024-07-06T16:32:14.674+0700] {logging_mixin.py:188} INFO - [2024-07-06T16:32:14.674+0700] {dag.py:3954} INFO - Setting next_dagrun for example_branch_operator to 2024-07-05 00:00:00+00:00, run_after=2024-07-06 00:00:00+00:00
[2024-07-06T16:32:14.708+0700] {processor.py:183} INFO - Processing /home/acer/.local/share/virtualenvs/custom_airflow-E5ZHcY_K/lib/python3.12/site-packages/airflow/example_dags/example_branch_operator.py took 0.126 seconds
[2024-07-06T16:33:28.696+0700] {processor.py:161} INFO - Started process (PID=62277) to work on /home/acer/.local/share/virtualenvs/custom_airflow-E5ZHcY_K/lib/python3.12/site-packages/airflow/example_dags/example_branch_operator.py
[2024-07-06T16:33:28.697+0700] {processor.py:830} INFO - Processing file /home/acer/.local/share/virtualenvs/custom_airflow-E5ZHcY_K/lib/python3.12/site-packages/airflow/example_dags/example_branch_operator.py for tasks to queue
[2024-07-06T16:33:28.698+0700] {logging_mixin.py:188} INFO - [2024-07-06T16:33:28.698+0700] {dagbag.py:545} INFO - Filling up the DagBag from /home/acer/.local/share/virtualenvs/custom_airflow-E5ZHcY_K/lib/python3.12/site-packages/airflow/example_dags/example_branch_operator.py
[2024-07-06T16:33:28.716+0700] {processor.py:840} INFO - DAG(s) 'example_branch_operator' retrieved from /home/acer/.local/share/virtualenvs/custom_airflow-E5ZHcY_K/lib/python3.12/site-packages/airflow/example_dags/example_branch_operator.py
[2024-07-06T16:33:28.743+0700] {logging_mixin.py:188} INFO - [2024-07-06T16:33:28.742+0700] {dag.py:3096} INFO - Sync 1 DAGs
[2024-07-06T16:33:28.764+0700] {logging_mixin.py:188} INFO - [2024-07-06T16:33:28.764+0700] {dag.py:3954} INFO - Setting next_dagrun for example_branch_operator to 2024-07-05 00:00:00+00:00, run_after=2024-07-06 00:00:00+00:00
[2024-07-06T16:33:28.785+0700] {processor.py:183} INFO - Processing /home/acer/.local/share/virtualenvs/custom_airflow-E5ZHcY_K/lib/python3.12/site-packages/airflow/example_dags/example_branch_operator.py took 0.095 seconds
[2024-07-06T16:34:37.818+0700] {processor.py:161} INFO - Started process (PID=62616) to work on /home/acer/.local/share/virtualenvs/custom_airflow-E5ZHcY_K/lib/python3.12/site-packages/airflow/example_dags/example_branch_operator.py
[2024-07-06T16:34:37.819+0700] {processor.py:830} INFO - Processing file /home/acer/.local/share/virtualenvs/custom_airflow-E5ZHcY_K/lib/python3.12/site-packages/airflow/example_dags/example_branch_operator.py for tasks to queue
[2024-07-06T16:34:37.820+0700] {logging_mixin.py:188} INFO - [2024-07-06T16:34:37.820+0700] {dagbag.py:545} INFO - Filling up the DagBag from /home/acer/.local/share/virtualenvs/custom_airflow-E5ZHcY_K/lib/python3.12/site-packages/airflow/example_dags/example_branch_operator.py
[2024-07-06T16:34:37.843+0700] {processor.py:840} INFO - DAG(s) 'example_branch_operator' retrieved from /home/acer/.local/share/virtualenvs/custom_airflow-E5ZHcY_K/lib/python3.12/site-packages/airflow/example_dags/example_branch_operator.py
[2024-07-06T16:34:37.870+0700] {logging_mixin.py:188} INFO - [2024-07-06T16:34:37.870+0700] {dag.py:3096} INFO - Sync 1 DAGs
[2024-07-06T16:34:37.892+0700] {logging_mixin.py:188} INFO - [2024-07-06T16:34:37.892+0700] {dag.py:3954} INFO - Setting next_dagrun for example_branch_operator to 2024-07-05 00:00:00+00:00, run_after=2024-07-06 00:00:00+00:00
[2024-07-06T16:34:37.913+0700] {processor.py:183} INFO - Processing /home/acer/.local/share/virtualenvs/custom_airflow-E5ZHcY_K/lib/python3.12/site-packages/airflow/example_dags/example_branch_operator.py took 0.101 seconds
[2024-07-06T16:35:50.034+0700] {processor.py:161} INFO - Started process (PID=63005) to work on /home/acer/.local/share/virtualenvs/custom_airflow-E5ZHcY_K/lib/python3.12/site-packages/airflow/example_dags/example_branch_operator.py
[2024-07-06T16:35:50.035+0700] {processor.py:830} INFO - Processing file /home/acer/.local/share/virtualenvs/custom_airflow-E5ZHcY_K/lib/python3.12/site-packages/airflow/example_dags/example_branch_operator.py for tasks to queue
[2024-07-06T16:35:50.037+0700] {logging_mixin.py:188} INFO - [2024-07-06T16:35:50.036+0700] {dagbag.py:545} INFO - Filling up the DagBag from /home/acer/.local/share/virtualenvs/custom_airflow-E5ZHcY_K/lib/python3.12/site-packages/airflow/example_dags/example_branch_operator.py
[2024-07-06T16:35:50.055+0700] {processor.py:840} INFO - DAG(s) 'example_branch_operator' retrieved from /home/acer/.local/share/virtualenvs/custom_airflow-E5ZHcY_K/lib/python3.12/site-packages/airflow/example_dags/example_branch_operator.py
[2024-07-06T16:35:50.081+0700] {logging_mixin.py:188} INFO - [2024-07-06T16:35:50.081+0700] {dag.py:3096} INFO - Sync 1 DAGs
[2024-07-06T16:35:50.102+0700] {logging_mixin.py:188} INFO - [2024-07-06T16:35:50.102+0700] {dag.py:3954} INFO - Setting next_dagrun for example_branch_operator to 2024-07-05 00:00:00+00:00, run_after=2024-07-06 00:00:00+00:00
[2024-07-06T16:35:50.124+0700] {processor.py:183} INFO - Processing /home/acer/.local/share/virtualenvs/custom_airflow-E5ZHcY_K/lib/python3.12/site-packages/airflow/example_dags/example_branch_operator.py took 0.096 seconds
[2024-07-06T21:54:55.899+0700] {processor.py:161} INFO - Started process (PID=12060) to work on /home/acer/.local/share/virtualenvs/custom_airflow-E5ZHcY_K/lib/python3.12/site-packages/airflow/example_dags/example_branch_operator.py
[2024-07-06T21:54:55.902+0700] {processor.py:830} INFO - Processing file /home/acer/.local/share/virtualenvs/custom_airflow-E5ZHcY_K/lib/python3.12/site-packages/airflow/example_dags/example_branch_operator.py for tasks to queue
[2024-07-06T21:54:55.906+0700] {logging_mixin.py:188} INFO - [2024-07-06T21:54:55.905+0700] {dagbag.py:545} INFO - Filling up the DagBag from /home/acer/.local/share/virtualenvs/custom_airflow-E5ZHcY_K/lib/python3.12/site-packages/airflow/example_dags/example_branch_operator.py
[2024-07-06T21:54:55.931+0700] {processor.py:840} INFO - DAG(s) 'example_branch_operator' retrieved from /home/acer/.local/share/virtualenvs/custom_airflow-E5ZHcY_K/lib/python3.12/site-packages/airflow/example_dags/example_branch_operator.py
[2024-07-06T21:54:56.048+0700] {logging_mixin.py:188} INFO - [2024-07-06T21:54:56.048+0700] {dag.py:3096} INFO - Sync 1 DAGs
[2024-07-06T21:54:56.079+0700] {logging_mixin.py:188} INFO - [2024-07-06T21:54:56.079+0700] {dag.py:3954} INFO - Setting next_dagrun for example_branch_operator to 2024-07-05 00:00:00+00:00, run_after=2024-07-06 00:00:00+00:00
[2024-07-06T21:54:56.105+0700] {processor.py:183} INFO - Processing /home/acer/.local/share/virtualenvs/custom_airflow-E5ZHcY_K/lib/python3.12/site-packages/airflow/example_dags/example_branch_operator.py took 0.218 seconds
[2024-07-06T21:55:50.910+0700] {processor.py:161} INFO - Started process (PID=12857) to work on /home/acer/.local/share/virtualenvs/custom_airflow-E5ZHcY_K/lib/python3.12/site-packages/airflow/example_dags/example_branch_operator.py
[2024-07-06T21:55:50.912+0700] {processor.py:830} INFO - Processing file /home/acer/.local/share/virtualenvs/custom_airflow-E5ZHcY_K/lib/python3.12/site-packages/airflow/example_dags/example_branch_operator.py for tasks to queue
[2024-07-06T21:55:50.914+0700] {logging_mixin.py:188} INFO - [2024-07-06T21:55:50.914+0700] {dagbag.py:545} INFO - Filling up the DagBag from /home/acer/.local/share/virtualenvs/custom_airflow-E5ZHcY_K/lib/python3.12/site-packages/airflow/example_dags/example_branch_operator.py
[2024-07-06T21:55:50.933+0700] {processor.py:840} INFO - DAG(s) 'example_branch_operator' retrieved from /home/acer/.local/share/virtualenvs/custom_airflow-E5ZHcY_K/lib/python3.12/site-packages/airflow/example_dags/example_branch_operator.py
[2024-07-06T21:55:50.960+0700] {logging_mixin.py:188} INFO - [2024-07-06T21:55:50.959+0700] {dag.py:3096} INFO - Sync 1 DAGs
[2024-07-06T21:55:50.984+0700] {logging_mixin.py:188} INFO - [2024-07-06T21:55:50.984+0700] {dag.py:3954} INFO - Setting next_dagrun for example_branch_operator to 2024-07-05 00:00:00+00:00, run_after=2024-07-06 00:00:00+00:00
[2024-07-06T21:55:51.009+0700] {processor.py:183} INFO - Processing /home/acer/.local/share/virtualenvs/custom_airflow-E5ZHcY_K/lib/python3.12/site-packages/airflow/example_dags/example_branch_operator.py took 0.106 seconds
[2024-07-06T21:56:45.847+0700] {processor.py:161} INFO - Started process (PID=13400) to work on /home/acer/.local/share/virtualenvs/custom_airflow-E5ZHcY_K/lib/python3.12/site-packages/airflow/example_dags/example_branch_operator.py
[2024-07-06T21:56:45.850+0700] {processor.py:830} INFO - Processing file /home/acer/.local/share/virtualenvs/custom_airflow-E5ZHcY_K/lib/python3.12/site-packages/airflow/example_dags/example_branch_operator.py for tasks to queue
[2024-07-06T21:56:45.854+0700] {logging_mixin.py:188} INFO - [2024-07-06T21:56:45.853+0700] {dagbag.py:545} INFO - Filling up the DagBag from /home/acer/.local/share/virtualenvs/custom_airflow-E5ZHcY_K/lib/python3.12/site-packages/airflow/example_dags/example_branch_operator.py
[2024-07-06T21:56:45.877+0700] {processor.py:840} INFO - DAG(s) 'example_branch_operator' retrieved from /home/acer/.local/share/virtualenvs/custom_airflow-E5ZHcY_K/lib/python3.12/site-packages/airflow/example_dags/example_branch_operator.py
[2024-07-06T21:56:45.903+0700] {logging_mixin.py:188} INFO - [2024-07-06T21:56:45.903+0700] {dag.py:3096} INFO - Sync 1 DAGs
[2024-07-06T21:56:45.925+0700] {logging_mixin.py:188} INFO - [2024-07-06T21:56:45.925+0700] {dag.py:3954} INFO - Setting next_dagrun for example_branch_operator to 2024-07-05 00:00:00+00:00, run_after=2024-07-06 00:00:00+00:00
[2024-07-06T21:56:45.956+0700] {processor.py:183} INFO - Processing /home/acer/.local/share/virtualenvs/custom_airflow-E5ZHcY_K/lib/python3.12/site-packages/airflow/example_dags/example_branch_operator.py took 0.127 seconds
[2024-07-06T21:58:02.324+0700] {processor.py:161} INFO - Started process (PID=14082) to work on /home/acer/.local/share/virtualenvs/custom_airflow-E5ZHcY_K/lib/python3.12/site-packages/airflow/example_dags/example_branch_operator.py
[2024-07-06T21:58:02.329+0700] {processor.py:830} INFO - Processing file /home/acer/.local/share/virtualenvs/custom_airflow-E5ZHcY_K/lib/python3.12/site-packages/airflow/example_dags/example_branch_operator.py for tasks to queue
[2024-07-06T21:58:02.333+0700] {logging_mixin.py:188} INFO - [2024-07-06T21:58:02.332+0700] {dagbag.py:545} INFO - Filling up the DagBag from /home/acer/.local/share/virtualenvs/custom_airflow-E5ZHcY_K/lib/python3.12/site-packages/airflow/example_dags/example_branch_operator.py
[2024-07-06T21:58:02.365+0700] {processor.py:840} INFO - DAG(s) 'example_branch_operator' retrieved from /home/acer/.local/share/virtualenvs/custom_airflow-E5ZHcY_K/lib/python3.12/site-packages/airflow/example_dags/example_branch_operator.py
[2024-07-06T21:58:02.399+0700] {logging_mixin.py:188} INFO - [2024-07-06T21:58:02.399+0700] {dag.py:3096} INFO - Sync 1 DAGs
[2024-07-06T21:58:02.427+0700] {logging_mixin.py:188} INFO - [2024-07-06T21:58:02.426+0700] {dag.py:3954} INFO - Setting next_dagrun for example_branch_operator to 2024-07-05 00:00:00+00:00, run_after=2024-07-06 00:00:00+00:00
[2024-07-06T21:58:02.450+0700] {processor.py:183} INFO - Processing /home/acer/.local/share/virtualenvs/custom_airflow-E5ZHcY_K/lib/python3.12/site-packages/airflow/example_dags/example_branch_operator.py took 0.148 seconds
[2024-07-06T21:58:55.675+0700] {processor.py:161} INFO - Started process (PID=14330) to work on /home/acer/.local/share/virtualenvs/custom_airflow-E5ZHcY_K/lib/python3.12/site-packages/airflow/example_dags/example_branch_operator.py
[2024-07-06T21:58:55.677+0700] {processor.py:830} INFO - Processing file /home/acer/.local/share/virtualenvs/custom_airflow-E5ZHcY_K/lib/python3.12/site-packages/airflow/example_dags/example_branch_operator.py for tasks to queue
[2024-07-06T21:58:55.679+0700] {logging_mixin.py:188} INFO - [2024-07-06T21:58:55.679+0700] {dagbag.py:545} INFO - Filling up the DagBag from /home/acer/.local/share/virtualenvs/custom_airflow-E5ZHcY_K/lib/python3.12/site-packages/airflow/example_dags/example_branch_operator.py
[2024-07-06T21:58:55.710+0700] {processor.py:840} INFO - DAG(s) 'example_branch_operator' retrieved from /home/acer/.local/share/virtualenvs/custom_airflow-E5ZHcY_K/lib/python3.12/site-packages/airflow/example_dags/example_branch_operator.py
[2024-07-06T21:58:55.743+0700] {logging_mixin.py:188} INFO - [2024-07-06T21:58:55.743+0700] {dag.py:3096} INFO - Sync 1 DAGs
[2024-07-06T21:58:55.768+0700] {logging_mixin.py:188} INFO - [2024-07-06T21:58:55.767+0700] {dag.py:3954} INFO - Setting next_dagrun for example_branch_operator to 2024-07-05 00:00:00+00:00, run_after=2024-07-06 00:00:00+00:00
[2024-07-06T21:58:55.794+0700] {processor.py:183} INFO - Processing /home/acer/.local/share/virtualenvs/custom_airflow-E5ZHcY_K/lib/python3.12/site-packages/airflow/example_dags/example_branch_operator.py took 0.130 seconds
[2024-07-06T22:00:10.685+0700] {processor.py:161} INFO - Started process (PID=14813) to work on /home/acer/.local/share/virtualenvs/custom_airflow-E5ZHcY_K/lib/python3.12/site-packages/airflow/example_dags/example_branch_operator.py
[2024-07-06T22:00:10.689+0700] {processor.py:830} INFO - Processing file /home/acer/.local/share/virtualenvs/custom_airflow-E5ZHcY_K/lib/python3.12/site-packages/airflow/example_dags/example_branch_operator.py for tasks to queue
[2024-07-06T22:00:10.692+0700] {logging_mixin.py:188} INFO - [2024-07-06T22:00:10.691+0700] {dagbag.py:545} INFO - Filling up the DagBag from /home/acer/.local/share/virtualenvs/custom_airflow-E5ZHcY_K/lib/python3.12/site-packages/airflow/example_dags/example_branch_operator.py
[2024-07-06T22:00:10.716+0700] {processor.py:840} INFO - DAG(s) 'example_branch_operator' retrieved from /home/acer/.local/share/virtualenvs/custom_airflow-E5ZHcY_K/lib/python3.12/site-packages/airflow/example_dags/example_branch_operator.py
[2024-07-06T22:00:10.744+0700] {logging_mixin.py:188} INFO - [2024-07-06T22:00:10.744+0700] {dag.py:3096} INFO - Sync 1 DAGs
[2024-07-06T22:00:10.771+0700] {logging_mixin.py:188} INFO - [2024-07-06T22:00:10.771+0700] {dag.py:3954} INFO - Setting next_dagrun for example_branch_operator to 2024-07-05 00:00:00+00:00, run_after=2024-07-06 00:00:00+00:00
[2024-07-06T22:00:10.795+0700] {processor.py:183} INFO - Processing /home/acer/.local/share/virtualenvs/custom_airflow-E5ZHcY_K/lib/python3.12/site-packages/airflow/example_dags/example_branch_operator.py took 0.124 seconds
[2024-07-06T22:02:01.720+0700] {processor.py:161} INFO - Started process (PID=15966) to work on /home/acer/.local/share/virtualenvs/custom_airflow-E5ZHcY_K/lib/python3.12/site-packages/airflow/example_dags/example_branch_operator.py
[2024-07-06T22:02:01.721+0700] {processor.py:830} INFO - Processing file /home/acer/.local/share/virtualenvs/custom_airflow-E5ZHcY_K/lib/python3.12/site-packages/airflow/example_dags/example_branch_operator.py for tasks to queue
[2024-07-06T22:02:01.723+0700] {logging_mixin.py:188} INFO - [2024-07-06T22:02:01.723+0700] {dagbag.py:545} INFO - Filling up the DagBag from /home/acer/.local/share/virtualenvs/custom_airflow-E5ZHcY_K/lib/python3.12/site-packages/airflow/example_dags/example_branch_operator.py
[2024-07-06T22:02:01.745+0700] {processor.py:840} INFO - DAG(s) 'example_branch_operator' retrieved from /home/acer/.local/share/virtualenvs/custom_airflow-E5ZHcY_K/lib/python3.12/site-packages/airflow/example_dags/example_branch_operator.py
[2024-07-06T22:02:01.776+0700] {logging_mixin.py:188} INFO - [2024-07-06T22:02:01.776+0700] {dag.py:3096} INFO - Sync 1 DAGs
[2024-07-06T22:02:01.803+0700] {logging_mixin.py:188} INFO - [2024-07-06T22:02:01.802+0700] {dag.py:3954} INFO - Setting next_dagrun for example_branch_operator to 2024-07-05 00:00:00+00:00, run_after=2024-07-06 00:00:00+00:00
[2024-07-06T22:02:01.826+0700] {processor.py:183} INFO - Processing /home/acer/.local/share/virtualenvs/custom_airflow-E5ZHcY_K/lib/python3.12/site-packages/airflow/example_dags/example_branch_operator.py took 0.114 seconds
[2024-07-06T22:03:01.279+0700] {processor.py:161} INFO - Started process (PID=16346) to work on /home/acer/.local/share/virtualenvs/custom_airflow-E5ZHcY_K/lib/python3.12/site-packages/airflow/example_dags/example_branch_operator.py
[2024-07-06T22:03:01.280+0700] {processor.py:830} INFO - Processing file /home/acer/.local/share/virtualenvs/custom_airflow-E5ZHcY_K/lib/python3.12/site-packages/airflow/example_dags/example_branch_operator.py for tasks to queue
[2024-07-06T22:03:01.284+0700] {logging_mixin.py:188} INFO - [2024-07-06T22:03:01.283+0700] {dagbag.py:545} INFO - Filling up the DagBag from /home/acer/.local/share/virtualenvs/custom_airflow-E5ZHcY_K/lib/python3.12/site-packages/airflow/example_dags/example_branch_operator.py
[2024-07-06T22:03:01.307+0700] {processor.py:840} INFO - DAG(s) 'example_branch_operator' retrieved from /home/acer/.local/share/virtualenvs/custom_airflow-E5ZHcY_K/lib/python3.12/site-packages/airflow/example_dags/example_branch_operator.py
[2024-07-06T22:03:01.335+0700] {logging_mixin.py:188} INFO - [2024-07-06T22:03:01.335+0700] {dag.py:3096} INFO - Sync 1 DAGs
[2024-07-06T22:03:01.358+0700] {logging_mixin.py:188} INFO - [2024-07-06T22:03:01.358+0700] {dag.py:3954} INFO - Setting next_dagrun for example_branch_operator to 2024-07-05 00:00:00+00:00, run_after=2024-07-06 00:00:00+00:00
[2024-07-06T22:03:01.379+0700] {processor.py:183} INFO - Processing /home/acer/.local/share/virtualenvs/custom_airflow-E5ZHcY_K/lib/python3.12/site-packages/airflow/example_dags/example_branch_operator.py took 0.110 seconds
[2024-07-06T22:03:52.973+0700] {processor.py:161} INFO - Started process (PID=16592) to work on /home/acer/.local/share/virtualenvs/custom_airflow-E5ZHcY_K/lib/python3.12/site-packages/airflow/example_dags/example_branch_operator.py
[2024-07-06T22:03:52.974+0700] {processor.py:830} INFO - Processing file /home/acer/.local/share/virtualenvs/custom_airflow-E5ZHcY_K/lib/python3.12/site-packages/airflow/example_dags/example_branch_operator.py for tasks to queue
[2024-07-06T22:03:52.977+0700] {logging_mixin.py:188} INFO - [2024-07-06T22:03:52.976+0700] {dagbag.py:545} INFO - Filling up the DagBag from /home/acer/.local/share/virtualenvs/custom_airflow-E5ZHcY_K/lib/python3.12/site-packages/airflow/example_dags/example_branch_operator.py
[2024-07-06T22:03:52.997+0700] {processor.py:840} INFO - DAG(s) 'example_branch_operator' retrieved from /home/acer/.local/share/virtualenvs/custom_airflow-E5ZHcY_K/lib/python3.12/site-packages/airflow/example_dags/example_branch_operator.py
[2024-07-06T22:03:53.024+0700] {logging_mixin.py:188} INFO - [2024-07-06T22:03:53.024+0700] {dag.py:3096} INFO - Sync 1 DAGs
[2024-07-06T22:03:53.050+0700] {logging_mixin.py:188} INFO - [2024-07-06T22:03:53.049+0700] {dag.py:3954} INFO - Setting next_dagrun for example_branch_operator to 2024-07-05 00:00:00+00:00, run_after=2024-07-06 00:00:00+00:00
[2024-07-06T22:03:53.073+0700] {processor.py:183} INFO - Processing /home/acer/.local/share/virtualenvs/custom_airflow-E5ZHcY_K/lib/python3.12/site-packages/airflow/example_dags/example_branch_operator.py took 0.109 seconds
[2024-07-06T22:05:45.930+0700] {processor.py:161} INFO - Started process (PID=17772) to work on /home/acer/.local/share/virtualenvs/custom_airflow-E5ZHcY_K/lib/python3.12/site-packages/airflow/example_dags/example_branch_operator.py
[2024-07-06T22:05:45.931+0700] {processor.py:830} INFO - Processing file /home/acer/.local/share/virtualenvs/custom_airflow-E5ZHcY_K/lib/python3.12/site-packages/airflow/example_dags/example_branch_operator.py for tasks to queue
[2024-07-06T22:05:45.934+0700] {logging_mixin.py:188} INFO - [2024-07-06T22:05:45.933+0700] {dagbag.py:545} INFO - Filling up the DagBag from /home/acer/.local/share/virtualenvs/custom_airflow-E5ZHcY_K/lib/python3.12/site-packages/airflow/example_dags/example_branch_operator.py
[2024-07-06T22:05:45.956+0700] {processor.py:840} INFO - DAG(s) 'example_branch_operator' retrieved from /home/acer/.local/share/virtualenvs/custom_airflow-E5ZHcY_K/lib/python3.12/site-packages/airflow/example_dags/example_branch_operator.py
[2024-07-06T22:05:45.983+0700] {logging_mixin.py:188} INFO - [2024-07-06T22:05:45.982+0700] {dag.py:3096} INFO - Sync 1 DAGs
[2024-07-06T22:05:46.005+0700] {logging_mixin.py:188} INFO - [2024-07-06T22:05:46.005+0700] {dag.py:3954} INFO - Setting next_dagrun for example_branch_operator to 2024-07-05 00:00:00+00:00, run_after=2024-07-06 00:00:00+00:00
[2024-07-06T22:05:46.026+0700] {processor.py:183} INFO - Processing /home/acer/.local/share/virtualenvs/custom_airflow-E5ZHcY_K/lib/python3.12/site-packages/airflow/example_dags/example_branch_operator.py took 0.101 seconds
[2024-07-06T22:06:39.664+0700] {processor.py:161} INFO - Started process (PID=18193) to work on /home/acer/.local/share/virtualenvs/custom_airflow-E5ZHcY_K/lib/python3.12/site-packages/airflow/example_dags/example_branch_operator.py
[2024-07-06T22:06:39.665+0700] {processor.py:830} INFO - Processing file /home/acer/.local/share/virtualenvs/custom_airflow-E5ZHcY_K/lib/python3.12/site-packages/airflow/example_dags/example_branch_operator.py for tasks to queue
[2024-07-06T22:06:39.668+0700] {logging_mixin.py:188} INFO - [2024-07-06T22:06:39.668+0700] {dagbag.py:545} INFO - Filling up the DagBag from /home/acer/.local/share/virtualenvs/custom_airflow-E5ZHcY_K/lib/python3.12/site-packages/airflow/example_dags/example_branch_operator.py
[2024-07-06T22:06:39.693+0700] {processor.py:840} INFO - DAG(s) 'example_branch_operator' retrieved from /home/acer/.local/share/virtualenvs/custom_airflow-E5ZHcY_K/lib/python3.12/site-packages/airflow/example_dags/example_branch_operator.py
[2024-07-06T22:06:39.726+0700] {logging_mixin.py:188} INFO - [2024-07-06T22:06:39.726+0700] {dag.py:3096} INFO - Sync 1 DAGs
[2024-07-06T22:06:39.752+0700] {logging_mixin.py:188} INFO - [2024-07-06T22:06:39.751+0700] {dag.py:3954} INFO - Setting next_dagrun for example_branch_operator to 2024-07-05 00:00:00+00:00, run_after=2024-07-06 00:00:00+00:00
[2024-07-06T22:06:39.775+0700] {processor.py:183} INFO - Processing /home/acer/.local/share/virtualenvs/custom_airflow-E5ZHcY_K/lib/python3.12/site-packages/airflow/example_dags/example_branch_operator.py took 0.120 seconds
[2024-07-06T22:07:56.839+0700] {processor.py:161} INFO - Started process (PID=18703) to work on /home/acer/.local/share/virtualenvs/custom_airflow-E5ZHcY_K/lib/python3.12/site-packages/airflow/example_dags/example_branch_operator.py
[2024-07-06T22:07:56.843+0700] {processor.py:830} INFO - Processing file /home/acer/.local/share/virtualenvs/custom_airflow-E5ZHcY_K/lib/python3.12/site-packages/airflow/example_dags/example_branch_operator.py for tasks to queue
[2024-07-06T22:07:56.846+0700] {logging_mixin.py:188} INFO - [2024-07-06T22:07:56.845+0700] {dagbag.py:545} INFO - Filling up the DagBag from /home/acer/.local/share/virtualenvs/custom_airflow-E5ZHcY_K/lib/python3.12/site-packages/airflow/example_dags/example_branch_operator.py
[2024-07-06T22:07:56.897+0700] {processor.py:840} INFO - DAG(s) 'example_branch_operator' retrieved from /home/acer/.local/share/virtualenvs/custom_airflow-E5ZHcY_K/lib/python3.12/site-packages/airflow/example_dags/example_branch_operator.py
[2024-07-06T22:07:56.939+0700] {logging_mixin.py:188} INFO - [2024-07-06T22:07:56.939+0700] {dag.py:3096} INFO - Sync 1 DAGs
[2024-07-06T22:07:56.964+0700] {logging_mixin.py:188} INFO - [2024-07-06T22:07:56.964+0700] {dag.py:3954} INFO - Setting next_dagrun for example_branch_operator to 2024-07-05 00:00:00+00:00, run_after=2024-07-06 00:00:00+00:00
[2024-07-06T22:07:56.995+0700] {processor.py:183} INFO - Processing /home/acer/.local/share/virtualenvs/custom_airflow-E5ZHcY_K/lib/python3.12/site-packages/airflow/example_dags/example_branch_operator.py took 0.176 seconds
[2024-07-06T22:08:52.170+0700] {processor.py:161} INFO - Started process (PID=18994) to work on /home/acer/.local/share/virtualenvs/custom_airflow-E5ZHcY_K/lib/python3.12/site-packages/airflow/example_dags/example_branch_operator.py
[2024-07-06T22:08:52.172+0700] {processor.py:830} INFO - Processing file /home/acer/.local/share/virtualenvs/custom_airflow-E5ZHcY_K/lib/python3.12/site-packages/airflow/example_dags/example_branch_operator.py for tasks to queue
[2024-07-06T22:08:52.176+0700] {logging_mixin.py:188} INFO - [2024-07-06T22:08:52.175+0700] {dagbag.py:545} INFO - Filling up the DagBag from /home/acer/.local/share/virtualenvs/custom_airflow-E5ZHcY_K/lib/python3.12/site-packages/airflow/example_dags/example_branch_operator.py
[2024-07-06T22:08:52.220+0700] {processor.py:840} INFO - DAG(s) 'example_branch_operator' retrieved from /home/acer/.local/share/virtualenvs/custom_airflow-E5ZHcY_K/lib/python3.12/site-packages/airflow/example_dags/example_branch_operator.py
[2024-07-06T22:08:52.266+0700] {logging_mixin.py:188} INFO - [2024-07-06T22:08:52.265+0700] {dag.py:3096} INFO - Sync 1 DAGs
[2024-07-06T22:08:52.293+0700] {logging_mixin.py:188} INFO - [2024-07-06T22:08:52.293+0700] {dag.py:3954} INFO - Setting next_dagrun for example_branch_operator to 2024-07-05 00:00:00+00:00, run_after=2024-07-06 00:00:00+00:00
[2024-07-06T22:08:52.322+0700] {processor.py:183} INFO - Processing /home/acer/.local/share/virtualenvs/custom_airflow-E5ZHcY_K/lib/python3.12/site-packages/airflow/example_dags/example_branch_operator.py took 0.166 seconds
[2024-07-06T22:09:49.342+0700] {processor.py:161} INFO - Started process (PID=19305) to work on /home/acer/.local/share/virtualenvs/custom_airflow-E5ZHcY_K/lib/python3.12/site-packages/airflow/example_dags/example_branch_operator.py
[2024-07-06T22:09:49.345+0700] {processor.py:830} INFO - Processing file /home/acer/.local/share/virtualenvs/custom_airflow-E5ZHcY_K/lib/python3.12/site-packages/airflow/example_dags/example_branch_operator.py for tasks to queue
[2024-07-06T22:09:49.354+0700] {logging_mixin.py:188} INFO - [2024-07-06T22:09:49.349+0700] {dagbag.py:545} INFO - Filling up the DagBag from /home/acer/.local/share/virtualenvs/custom_airflow-E5ZHcY_K/lib/python3.12/site-packages/airflow/example_dags/example_branch_operator.py
[2024-07-06T22:09:49.392+0700] {processor.py:840} INFO - DAG(s) 'example_branch_operator' retrieved from /home/acer/.local/share/virtualenvs/custom_airflow-E5ZHcY_K/lib/python3.12/site-packages/airflow/example_dags/example_branch_operator.py
[2024-07-06T22:09:49.432+0700] {logging_mixin.py:188} INFO - [2024-07-06T22:09:49.431+0700] {dag.py:3096} INFO - Sync 1 DAGs
[2024-07-06T22:09:49.466+0700] {logging_mixin.py:188} INFO - [2024-07-06T22:09:49.466+0700] {dag.py:3954} INFO - Setting next_dagrun for example_branch_operator to 2024-07-05 00:00:00+00:00, run_after=2024-07-06 00:00:00+00:00
[2024-07-06T22:09:49.515+0700] {processor.py:183} INFO - Processing /home/acer/.local/share/virtualenvs/custom_airflow-E5ZHcY_K/lib/python3.12/site-packages/airflow/example_dags/example_branch_operator.py took 0.208 seconds
[2024-07-06T22:10:53.903+0700] {processor.py:161} INFO - Started process (PID=19715) to work on /home/acer/.local/share/virtualenvs/custom_airflow-E5ZHcY_K/lib/python3.12/site-packages/airflow/example_dags/example_branch_operator.py
[2024-07-06T22:10:53.909+0700] {processor.py:830} INFO - Processing file /home/acer/.local/share/virtualenvs/custom_airflow-E5ZHcY_K/lib/python3.12/site-packages/airflow/example_dags/example_branch_operator.py for tasks to queue
[2024-07-06T22:10:53.915+0700] {logging_mixin.py:188} INFO - [2024-07-06T22:10:53.914+0700] {dagbag.py:545} INFO - Filling up the DagBag from /home/acer/.local/share/virtualenvs/custom_airflow-E5ZHcY_K/lib/python3.12/site-packages/airflow/example_dags/example_branch_operator.py
[2024-07-06T22:10:53.942+0700] {processor.py:840} INFO - DAG(s) 'example_branch_operator' retrieved from /home/acer/.local/share/virtualenvs/custom_airflow-E5ZHcY_K/lib/python3.12/site-packages/airflow/example_dags/example_branch_operator.py
[2024-07-06T22:10:53.980+0700] {logging_mixin.py:188} INFO - [2024-07-06T22:10:53.980+0700] {dag.py:3096} INFO - Sync 1 DAGs
[2024-07-06T22:10:54.007+0700] {logging_mixin.py:188} INFO - [2024-07-06T22:10:54.007+0700] {dag.py:3954} INFO - Setting next_dagrun for example_branch_operator to 2024-07-05 00:00:00+00:00, run_after=2024-07-06 00:00:00+00:00
[2024-07-06T22:10:54.037+0700] {processor.py:183} INFO - Processing /home/acer/.local/share/virtualenvs/custom_airflow-E5ZHcY_K/lib/python3.12/site-packages/airflow/example_dags/example_branch_operator.py took 0.152 seconds
[2024-07-06T22:11:57.290+0700] {processor.py:161} INFO - Started process (PID=20030) to work on /home/acer/.local/share/virtualenvs/custom_airflow-E5ZHcY_K/lib/python3.12/site-packages/airflow/example_dags/example_branch_operator.py
[2024-07-06T22:11:57.295+0700] {processor.py:830} INFO - Processing file /home/acer/.local/share/virtualenvs/custom_airflow-E5ZHcY_K/lib/python3.12/site-packages/airflow/example_dags/example_branch_operator.py for tasks to queue
[2024-07-06T22:11:57.300+0700] {logging_mixin.py:188} INFO - [2024-07-06T22:11:57.299+0700] {dagbag.py:545} INFO - Filling up the DagBag from /home/acer/.local/share/virtualenvs/custom_airflow-E5ZHcY_K/lib/python3.12/site-packages/airflow/example_dags/example_branch_operator.py
[2024-07-06T22:11:57.335+0700] {processor.py:840} INFO - DAG(s) 'example_branch_operator' retrieved from /home/acer/.local/share/virtualenvs/custom_airflow-E5ZHcY_K/lib/python3.12/site-packages/airflow/example_dags/example_branch_operator.py
[2024-07-06T22:11:57.367+0700] {logging_mixin.py:188} INFO - [2024-07-06T22:11:57.366+0700] {dag.py:3096} INFO - Sync 1 DAGs
[2024-07-06T22:11:57.396+0700] {logging_mixin.py:188} INFO - [2024-07-06T22:11:57.396+0700] {dag.py:3954} INFO - Setting next_dagrun for example_branch_operator to 2024-07-05 00:00:00+00:00, run_after=2024-07-06 00:00:00+00:00
[2024-07-06T22:11:57.421+0700] {processor.py:183} INFO - Processing /home/acer/.local/share/virtualenvs/custom_airflow-E5ZHcY_K/lib/python3.12/site-packages/airflow/example_dags/example_branch_operator.py took 0.146 seconds
[2024-07-06T22:12:57.093+0700] {processor.py:161} INFO - Started process (PID=20345) to work on /home/acer/.local/share/virtualenvs/custom_airflow-E5ZHcY_K/lib/python3.12/site-packages/airflow/example_dags/example_branch_operator.py
[2024-07-06T22:12:57.094+0700] {processor.py:830} INFO - Processing file /home/acer/.local/share/virtualenvs/custom_airflow-E5ZHcY_K/lib/python3.12/site-packages/airflow/example_dags/example_branch_operator.py for tasks to queue
[2024-07-06T22:12:57.096+0700] {logging_mixin.py:188} INFO - [2024-07-06T22:12:57.096+0700] {dagbag.py:545} INFO - Filling up the DagBag from /home/acer/.local/share/virtualenvs/custom_airflow-E5ZHcY_K/lib/python3.12/site-packages/airflow/example_dags/example_branch_operator.py
[2024-07-06T22:12:57.137+0700] {processor.py:840} INFO - DAG(s) 'example_branch_operator' retrieved from /home/acer/.local/share/virtualenvs/custom_airflow-E5ZHcY_K/lib/python3.12/site-packages/airflow/example_dags/example_branch_operator.py
[2024-07-06T22:12:57.178+0700] {logging_mixin.py:188} INFO - [2024-07-06T22:12:57.178+0700] {dag.py:3096} INFO - Sync 1 DAGs
[2024-07-06T22:12:57.210+0700] {logging_mixin.py:188} INFO - [2024-07-06T22:12:57.210+0700] {dag.py:3954} INFO - Setting next_dagrun for example_branch_operator to 2024-07-05 00:00:00+00:00, run_after=2024-07-06 00:00:00+00:00
[2024-07-06T22:12:57.236+0700] {processor.py:183} INFO - Processing /home/acer/.local/share/virtualenvs/custom_airflow-E5ZHcY_K/lib/python3.12/site-packages/airflow/example_dags/example_branch_operator.py took 0.150 seconds
[2024-07-06T22:13:56.087+0700] {processor.py:161} INFO - Started process (PID=20723) to work on /home/acer/.local/share/virtualenvs/custom_airflow-E5ZHcY_K/lib/python3.12/site-packages/airflow/example_dags/example_branch_operator.py
[2024-07-06T22:13:56.088+0700] {processor.py:830} INFO - Processing file /home/acer/.local/share/virtualenvs/custom_airflow-E5ZHcY_K/lib/python3.12/site-packages/airflow/example_dags/example_branch_operator.py for tasks to queue
[2024-07-06T22:13:56.090+0700] {logging_mixin.py:188} INFO - [2024-07-06T22:13:56.090+0700] {dagbag.py:545} INFO - Filling up the DagBag from /home/acer/.local/share/virtualenvs/custom_airflow-E5ZHcY_K/lib/python3.12/site-packages/airflow/example_dags/example_branch_operator.py
[2024-07-06T22:13:56.122+0700] {processor.py:840} INFO - DAG(s) 'example_branch_operator' retrieved from /home/acer/.local/share/virtualenvs/custom_airflow-E5ZHcY_K/lib/python3.12/site-packages/airflow/example_dags/example_branch_operator.py
[2024-07-06T22:13:56.171+0700] {logging_mixin.py:188} INFO - [2024-07-06T22:13:56.171+0700] {dag.py:3096} INFO - Sync 1 DAGs
[2024-07-06T22:13:56.204+0700] {logging_mixin.py:188} INFO - [2024-07-06T22:13:56.204+0700] {dag.py:3954} INFO - Setting next_dagrun for example_branch_operator to 2024-07-05 00:00:00+00:00, run_after=2024-07-06 00:00:00+00:00
[2024-07-06T22:13:56.233+0700] {processor.py:183} INFO - Processing /home/acer/.local/share/virtualenvs/custom_airflow-E5ZHcY_K/lib/python3.12/site-packages/airflow/example_dags/example_branch_operator.py took 0.155 seconds
[2024-07-06T22:14:56.129+0700] {processor.py:161} INFO - Started process (PID=21051) to work on /home/acer/.local/share/virtualenvs/custom_airflow-E5ZHcY_K/lib/python3.12/site-packages/airflow/example_dags/example_branch_operator.py
[2024-07-06T22:14:56.131+0700] {processor.py:830} INFO - Processing file /home/acer/.local/share/virtualenvs/custom_airflow-E5ZHcY_K/lib/python3.12/site-packages/airflow/example_dags/example_branch_operator.py for tasks to queue
[2024-07-06T22:14:56.134+0700] {logging_mixin.py:188} INFO - [2024-07-06T22:14:56.133+0700] {dagbag.py:545} INFO - Filling up the DagBag from /home/acer/.local/share/virtualenvs/custom_airflow-E5ZHcY_K/lib/python3.12/site-packages/airflow/example_dags/example_branch_operator.py
[2024-07-06T22:14:56.171+0700] {processor.py:840} INFO - DAG(s) 'example_branch_operator' retrieved from /home/acer/.local/share/virtualenvs/custom_airflow-E5ZHcY_K/lib/python3.12/site-packages/airflow/example_dags/example_branch_operator.py
[2024-07-06T22:14:56.211+0700] {logging_mixin.py:188} INFO - [2024-07-06T22:14:56.211+0700] {dag.py:3096} INFO - Sync 1 DAGs
[2024-07-06T22:14:56.246+0700] {logging_mixin.py:188} INFO - [2024-07-06T22:14:56.246+0700] {dag.py:3954} INFO - Setting next_dagrun for example_branch_operator to 2024-07-05 00:00:00+00:00, run_after=2024-07-06 00:00:00+00:00
[2024-07-06T22:14:56.278+0700] {processor.py:183} INFO - Processing /home/acer/.local/share/virtualenvs/custom_airflow-E5ZHcY_K/lib/python3.12/site-packages/airflow/example_dags/example_branch_operator.py took 0.163 seconds
[2024-07-06T22:15:59.439+0700] {processor.py:161} INFO - Started process (PID=21446) to work on /home/acer/.local/share/virtualenvs/custom_airflow-E5ZHcY_K/lib/python3.12/site-packages/airflow/example_dags/example_branch_operator.py
[2024-07-06T22:15:59.440+0700] {processor.py:830} INFO - Processing file /home/acer/.local/share/virtualenvs/custom_airflow-E5ZHcY_K/lib/python3.12/site-packages/airflow/example_dags/example_branch_operator.py for tasks to queue
[2024-07-06T22:15:59.443+0700] {logging_mixin.py:188} INFO - [2024-07-06T22:15:59.443+0700] {dagbag.py:545} INFO - Filling up the DagBag from /home/acer/.local/share/virtualenvs/custom_airflow-E5ZHcY_K/lib/python3.12/site-packages/airflow/example_dags/example_branch_operator.py
[2024-07-06T22:15:59.472+0700] {processor.py:840} INFO - DAG(s) 'example_branch_operator' retrieved from /home/acer/.local/share/virtualenvs/custom_airflow-E5ZHcY_K/lib/python3.12/site-packages/airflow/example_dags/example_branch_operator.py
[2024-07-06T22:15:59.522+0700] {logging_mixin.py:188} INFO - [2024-07-06T22:15:59.521+0700] {dag.py:3096} INFO - Sync 1 DAGs
[2024-07-06T22:15:59.548+0700] {logging_mixin.py:188} INFO - [2024-07-06T22:15:59.547+0700] {dag.py:3954} INFO - Setting next_dagrun for example_branch_operator to 2024-07-05 00:00:00+00:00, run_after=2024-07-06 00:00:00+00:00
[2024-07-06T22:15:59.581+0700] {processor.py:183} INFO - Processing /home/acer/.local/share/virtualenvs/custom_airflow-E5ZHcY_K/lib/python3.12/site-packages/airflow/example_dags/example_branch_operator.py took 0.154 seconds
[2024-07-06T22:16:55.029+0700] {processor.py:161} INFO - Started process (PID=21724) to work on /home/acer/.local/share/virtualenvs/custom_airflow-E5ZHcY_K/lib/python3.12/site-packages/airflow/example_dags/example_branch_operator.py
[2024-07-06T22:16:55.030+0700] {processor.py:830} INFO - Processing file /home/acer/.local/share/virtualenvs/custom_airflow-E5ZHcY_K/lib/python3.12/site-packages/airflow/example_dags/example_branch_operator.py for tasks to queue
[2024-07-06T22:16:55.033+0700] {logging_mixin.py:188} INFO - [2024-07-06T22:16:55.032+0700] {dagbag.py:545} INFO - Filling up the DagBag from /home/acer/.local/share/virtualenvs/custom_airflow-E5ZHcY_K/lib/python3.12/site-packages/airflow/example_dags/example_branch_operator.py
[2024-07-06T22:16:55.057+0700] {processor.py:840} INFO - DAG(s) 'example_branch_operator' retrieved from /home/acer/.local/share/virtualenvs/custom_airflow-E5ZHcY_K/lib/python3.12/site-packages/airflow/example_dags/example_branch_operator.py
[2024-07-06T22:16:55.091+0700] {logging_mixin.py:188} INFO - [2024-07-06T22:16:55.091+0700] {dag.py:3096} INFO - Sync 1 DAGs
[2024-07-06T22:16:55.118+0700] {logging_mixin.py:188} INFO - [2024-07-06T22:16:55.118+0700] {dag.py:3954} INFO - Setting next_dagrun for example_branch_operator to 2024-07-05 00:00:00+00:00, run_after=2024-07-06 00:00:00+00:00
[2024-07-06T22:16:55.149+0700] {processor.py:183} INFO - Processing /home/acer/.local/share/virtualenvs/custom_airflow-E5ZHcY_K/lib/python3.12/site-packages/airflow/example_dags/example_branch_operator.py took 0.131 seconds
[2024-07-06T22:17:51.874+0700] {processor.py:161} INFO - Started process (PID=22042) to work on /home/acer/.local/share/virtualenvs/custom_airflow-E5ZHcY_K/lib/python3.12/site-packages/airflow/example_dags/example_branch_operator.py
[2024-07-06T22:17:51.876+0700] {processor.py:830} INFO - Processing file /home/acer/.local/share/virtualenvs/custom_airflow-E5ZHcY_K/lib/python3.12/site-packages/airflow/example_dags/example_branch_operator.py for tasks to queue
[2024-07-06T22:17:51.878+0700] {logging_mixin.py:188} INFO - [2024-07-06T22:17:51.878+0700] {dagbag.py:545} INFO - Filling up the DagBag from /home/acer/.local/share/virtualenvs/custom_airflow-E5ZHcY_K/lib/python3.12/site-packages/airflow/example_dags/example_branch_operator.py
[2024-07-06T22:17:51.905+0700] {processor.py:840} INFO - DAG(s) 'example_branch_operator' retrieved from /home/acer/.local/share/virtualenvs/custom_airflow-E5ZHcY_K/lib/python3.12/site-packages/airflow/example_dags/example_branch_operator.py
[2024-07-06T22:17:51.945+0700] {logging_mixin.py:188} INFO - [2024-07-06T22:17:51.945+0700] {dag.py:3096} INFO - Sync 1 DAGs
[2024-07-06T22:17:52.090+0700] {logging_mixin.py:188} INFO - [2024-07-06T22:17:52.089+0700] {dag.py:3954} INFO - Setting next_dagrun for example_branch_operator to 2024-07-05 00:00:00+00:00, run_after=2024-07-06 00:00:00+00:00
[2024-07-06T22:17:52.115+0700] {processor.py:183} INFO - Processing /home/acer/.local/share/virtualenvs/custom_airflow-E5ZHcY_K/lib/python3.12/site-packages/airflow/example_dags/example_branch_operator.py took 0.250 seconds
[2024-07-06T22:18:55.079+0700] {processor.py:161} INFO - Started process (PID=22382) to work on /home/acer/.local/share/virtualenvs/custom_airflow-E5ZHcY_K/lib/python3.12/site-packages/airflow/example_dags/example_branch_operator.py
[2024-07-06T22:18:55.081+0700] {processor.py:830} INFO - Processing file /home/acer/.local/share/virtualenvs/custom_airflow-E5ZHcY_K/lib/python3.12/site-packages/airflow/example_dags/example_branch_operator.py for tasks to queue
[2024-07-06T22:18:55.084+0700] {logging_mixin.py:188} INFO - [2024-07-06T22:18:55.083+0700] {dagbag.py:545} INFO - Filling up the DagBag from /home/acer/.local/share/virtualenvs/custom_airflow-E5ZHcY_K/lib/python3.12/site-packages/airflow/example_dags/example_branch_operator.py
[2024-07-06T22:18:55.113+0700] {processor.py:840} INFO - DAG(s) 'example_branch_operator' retrieved from /home/acer/.local/share/virtualenvs/custom_airflow-E5ZHcY_K/lib/python3.12/site-packages/airflow/example_dags/example_branch_operator.py
[2024-07-06T22:18:55.148+0700] {logging_mixin.py:188} INFO - [2024-07-06T22:18:55.147+0700] {dag.py:3096} INFO - Sync 1 DAGs
[2024-07-06T22:18:55.175+0700] {logging_mixin.py:188} INFO - [2024-07-06T22:18:55.175+0700] {dag.py:3954} INFO - Setting next_dagrun for example_branch_operator to 2024-07-05 00:00:00+00:00, run_after=2024-07-06 00:00:00+00:00
[2024-07-06T22:18:55.203+0700] {processor.py:183} INFO - Processing /home/acer/.local/share/virtualenvs/custom_airflow-E5ZHcY_K/lib/python3.12/site-packages/airflow/example_dags/example_branch_operator.py took 0.136 seconds
[2024-07-06T22:19:55.915+0700] {processor.py:161} INFO - Started process (PID=22709) to work on /home/acer/.local/share/virtualenvs/custom_airflow-E5ZHcY_K/lib/python3.12/site-packages/airflow/example_dags/example_branch_operator.py
[2024-07-06T22:19:55.916+0700] {processor.py:830} INFO - Processing file /home/acer/.local/share/virtualenvs/custom_airflow-E5ZHcY_K/lib/python3.12/site-packages/airflow/example_dags/example_branch_operator.py for tasks to queue
[2024-07-06T22:19:55.920+0700] {logging_mixin.py:188} INFO - [2024-07-06T22:19:55.919+0700] {dagbag.py:545} INFO - Filling up the DagBag from /home/acer/.local/share/virtualenvs/custom_airflow-E5ZHcY_K/lib/python3.12/site-packages/airflow/example_dags/example_branch_operator.py
[2024-07-06T22:19:55.949+0700] {processor.py:840} INFO - DAG(s) 'example_branch_operator' retrieved from /home/acer/.local/share/virtualenvs/custom_airflow-E5ZHcY_K/lib/python3.12/site-packages/airflow/example_dags/example_branch_operator.py
[2024-07-06T22:19:55.985+0700] {logging_mixin.py:188} INFO - [2024-07-06T22:19:55.984+0700] {dag.py:3096} INFO - Sync 1 DAGs
[2024-07-06T22:19:56.012+0700] {logging_mixin.py:188} INFO - [2024-07-06T22:19:56.012+0700] {dag.py:3954} INFO - Setting next_dagrun for example_branch_operator to 2024-07-05 00:00:00+00:00, run_after=2024-07-06 00:00:00+00:00
[2024-07-06T22:19:56.046+0700] {processor.py:183} INFO - Processing /home/acer/.local/share/virtualenvs/custom_airflow-E5ZHcY_K/lib/python3.12/site-packages/airflow/example_dags/example_branch_operator.py took 0.149 seconds
[2024-07-06T22:20:57.232+0700] {processor.py:161} INFO - Started process (PID=23015) to work on /home/acer/.local/share/virtualenvs/custom_airflow-E5ZHcY_K/lib/python3.12/site-packages/airflow/example_dags/example_branch_operator.py
[2024-07-06T22:20:57.234+0700] {processor.py:830} INFO - Processing file /home/acer/.local/share/virtualenvs/custom_airflow-E5ZHcY_K/lib/python3.12/site-packages/airflow/example_dags/example_branch_operator.py for tasks to queue
[2024-07-06T22:20:57.237+0700] {logging_mixin.py:188} INFO - [2024-07-06T22:20:57.236+0700] {dagbag.py:545} INFO - Filling up the DagBag from /home/acer/.local/share/virtualenvs/custom_airflow-E5ZHcY_K/lib/python3.12/site-packages/airflow/example_dags/example_branch_operator.py
[2024-07-06T22:20:57.277+0700] {processor.py:840} INFO - DAG(s) 'example_branch_operator' retrieved from /home/acer/.local/share/virtualenvs/custom_airflow-E5ZHcY_K/lib/python3.12/site-packages/airflow/example_dags/example_branch_operator.py
[2024-07-06T22:20:57.317+0700] {logging_mixin.py:188} INFO - [2024-07-06T22:20:57.317+0700] {dag.py:3096} INFO - Sync 1 DAGs
[2024-07-06T22:20:57.353+0700] {logging_mixin.py:188} INFO - [2024-07-06T22:20:57.353+0700] {dag.py:3954} INFO - Setting next_dagrun for example_branch_operator to 2024-07-05 00:00:00+00:00, run_after=2024-07-06 00:00:00+00:00
[2024-07-06T22:20:57.386+0700] {processor.py:183} INFO - Processing /home/acer/.local/share/virtualenvs/custom_airflow-E5ZHcY_K/lib/python3.12/site-packages/airflow/example_dags/example_branch_operator.py took 0.165 seconds
