[2024-07-06T16:08:50.653+0700] {processor.py:161} INFO - Started process (PID=51135) to work on /home/acer/.local/share/virtualenvs/custom_airflow-E5ZHcY_K/lib/python3.12/site-packages/airflow/example_dags/example_trigger_target_dag.py
[2024-07-06T16:08:50.655+0700] {processor.py:830} INFO - Processing file /home/acer/.local/share/virtualenvs/custom_airflow-E5ZHcY_K/lib/python3.12/site-packages/airflow/example_dags/example_trigger_target_dag.py for tasks to queue
[2024-07-06T16:08:50.659+0700] {logging_mixin.py:188} INFO - [2024-07-06T16:08:50.658+0700] {dagbag.py:545} INFO - Filling up the DagBag from /home/acer/.local/share/virtualenvs/custom_airflow-E5ZHcY_K/lib/python3.12/site-packages/airflow/example_dags/example_trigger_target_dag.py
[2024-07-06T16:08:50.673+0700] {processor.py:840} INFO - DAG(s) 'example_trigger_target_dag' retrieved from /home/acer/.local/share/virtualenvs/custom_airflow-E5ZHcY_K/lib/python3.12/site-packages/airflow/example_dags/example_trigger_target_dag.py
[2024-07-06T16:08:50.788+0700] {logging_mixin.py:188} INFO - [2024-07-06T16:08:50.787+0700] {override.py:1847} INFO - Created Permission View: can delete on DAG:example_trigger_target_dag
[2024-07-06T16:08:50.799+0700] {logging_mixin.py:188} INFO - [2024-07-06T16:08:50.799+0700] {override.py:1847} INFO - Created Permission View: can edit on DAG:example_trigger_target_dag
[2024-07-06T16:08:50.811+0700] {logging_mixin.py:188} INFO - [2024-07-06T16:08:50.810+0700] {override.py:1847} INFO - Created Permission View: can read on DAG:example_trigger_target_dag
[2024-07-06T16:08:50.812+0700] {logging_mixin.py:188} INFO - [2024-07-06T16:08:50.811+0700] {dag.py:3096} INFO - Sync 1 DAGs
[2024-07-06T16:08:50.830+0700] {logging_mixin.py:188} INFO - [2024-07-06T16:08:50.829+0700] {dag.py:3118} INFO - Creating ORM DAG for example_trigger_target_dag
[2024-07-06T16:08:50.830+0700] {logging_mixin.py:188} INFO - [2024-07-06T16:08:50.830+0700] {dag.py:3954} INFO - Setting next_dagrun for example_trigger_target_dag to None, run_after=None
[2024-07-06T16:08:50.858+0700] {processor.py:183} INFO - Processing /home/acer/.local/share/virtualenvs/custom_airflow-E5ZHcY_K/lib/python3.12/site-packages/airflow/example_dags/example_trigger_target_dag.py took 0.231 seconds
[2024-07-06T16:09:51.601+0700] {processor.py:161} INFO - Started process (PID=51586) to work on /home/acer/.local/share/virtualenvs/custom_airflow-E5ZHcY_K/lib/python3.12/site-packages/airflow/example_dags/example_trigger_target_dag.py
[2024-07-06T16:09:51.602+0700] {processor.py:830} INFO - Processing file /home/acer/.local/share/virtualenvs/custom_airflow-E5ZHcY_K/lib/python3.12/site-packages/airflow/example_dags/example_trigger_target_dag.py for tasks to queue
[2024-07-06T16:09:51.603+0700] {logging_mixin.py:188} INFO - [2024-07-06T16:09:51.603+0700] {dagbag.py:545} INFO - Filling up the DagBag from /home/acer/.local/share/virtualenvs/custom_airflow-E5ZHcY_K/lib/python3.12/site-packages/airflow/example_dags/example_trigger_target_dag.py
[2024-07-06T16:09:51.609+0700] {processor.py:840} INFO - DAG(s) 'example_trigger_target_dag' retrieved from /home/acer/.local/share/virtualenvs/custom_airflow-E5ZHcY_K/lib/python3.12/site-packages/airflow/example_dags/example_trigger_target_dag.py
[2024-07-06T16:09:51.623+0700] {logging_mixin.py:188} INFO - [2024-07-06T16:09:51.623+0700] {dag.py:3096} INFO - Sync 1 DAGs
[2024-07-06T16:09:51.636+0700] {logging_mixin.py:188} INFO - [2024-07-06T16:09:51.635+0700] {dag.py:3954} INFO - Setting next_dagrun for example_trigger_target_dag to None, run_after=None
[2024-07-06T16:09:51.660+0700] {processor.py:183} INFO - Processing /home/acer/.local/share/virtualenvs/custom_airflow-E5ZHcY_K/lib/python3.12/site-packages/airflow/example_dags/example_trigger_target_dag.py took 0.064 seconds
[2024-07-06T16:10:44.066+0700] {processor.py:161} INFO - Started process (PID=52085) to work on /home/acer/.local/share/virtualenvs/custom_airflow-E5ZHcY_K/lib/python3.12/site-packages/airflow/example_dags/example_trigger_target_dag.py
[2024-07-06T16:10:44.067+0700] {processor.py:830} INFO - Processing file /home/acer/.local/share/virtualenvs/custom_airflow-E5ZHcY_K/lib/python3.12/site-packages/airflow/example_dags/example_trigger_target_dag.py for tasks to queue
[2024-07-06T16:10:44.068+0700] {logging_mixin.py:188} INFO - [2024-07-06T16:10:44.068+0700] {dagbag.py:545} INFO - Filling up the DagBag from /home/acer/.local/share/virtualenvs/custom_airflow-E5ZHcY_K/lib/python3.12/site-packages/airflow/example_dags/example_trigger_target_dag.py
[2024-07-06T16:10:44.078+0700] {processor.py:840} INFO - DAG(s) 'example_trigger_target_dag' retrieved from /home/acer/.local/share/virtualenvs/custom_airflow-E5ZHcY_K/lib/python3.12/site-packages/airflow/example_dags/example_trigger_target_dag.py
[2024-07-06T16:10:44.100+0700] {logging_mixin.py:188} INFO - [2024-07-06T16:10:44.100+0700] {dag.py:3096} INFO - Sync 1 DAGs
[2024-07-06T16:10:44.113+0700] {logging_mixin.py:188} INFO - [2024-07-06T16:10:44.113+0700] {dag.py:3954} INFO - Setting next_dagrun for example_trigger_target_dag to None, run_after=None
[2024-07-06T16:10:44.138+0700] {processor.py:183} INFO - Processing /home/acer/.local/share/virtualenvs/custom_airflow-E5ZHcY_K/lib/python3.12/site-packages/airflow/example_dags/example_trigger_target_dag.py took 0.077 seconds
[2024-07-06T16:11:38.936+0700] {processor.py:161} INFO - Started process (PID=52523) to work on /home/acer/.local/share/virtualenvs/custom_airflow-E5ZHcY_K/lib/python3.12/site-packages/airflow/example_dags/example_trigger_target_dag.py
[2024-07-06T16:11:38.938+0700] {processor.py:830} INFO - Processing file /home/acer/.local/share/virtualenvs/custom_airflow-E5ZHcY_K/lib/python3.12/site-packages/airflow/example_dags/example_trigger_target_dag.py for tasks to queue
[2024-07-06T16:11:38.940+0700] {logging_mixin.py:188} INFO - [2024-07-06T16:11:38.939+0700] {dagbag.py:545} INFO - Filling up the DagBag from /home/acer/.local/share/virtualenvs/custom_airflow-E5ZHcY_K/lib/python3.12/site-packages/airflow/example_dags/example_trigger_target_dag.py
[2024-07-06T16:11:38.950+0700] {processor.py:840} INFO - DAG(s) 'example_trigger_target_dag' retrieved from /home/acer/.local/share/virtualenvs/custom_airflow-E5ZHcY_K/lib/python3.12/site-packages/airflow/example_dags/example_trigger_target_dag.py
[2024-07-06T16:11:38.966+0700] {logging_mixin.py:188} INFO - [2024-07-06T16:11:38.966+0700] {dag.py:3096} INFO - Sync 1 DAGs
[2024-07-06T16:11:38.978+0700] {logging_mixin.py:188} INFO - [2024-07-06T16:11:38.978+0700] {dag.py:3954} INFO - Setting next_dagrun for example_trigger_target_dag to None, run_after=None
[2024-07-06T16:11:38.999+0700] {processor.py:183} INFO - Processing /home/acer/.local/share/virtualenvs/custom_airflow-E5ZHcY_K/lib/python3.12/site-packages/airflow/example_dags/example_trigger_target_dag.py took 0.081 seconds
[2024-07-06T16:15:41.309+0700] {processor.py:161} INFO - Started process (PID=54663) to work on /home/acer/.local/share/virtualenvs/custom_airflow-E5ZHcY_K/lib/python3.12/site-packages/airflow/example_dags/example_trigger_target_dag.py
[2024-07-06T16:15:41.310+0700] {processor.py:830} INFO - Processing file /home/acer/.local/share/virtualenvs/custom_airflow-E5ZHcY_K/lib/python3.12/site-packages/airflow/example_dags/example_trigger_target_dag.py for tasks to queue
[2024-07-06T16:15:41.312+0700] {logging_mixin.py:188} INFO - [2024-07-06T16:15:41.311+0700] {dagbag.py:545} INFO - Filling up the DagBag from /home/acer/.local/share/virtualenvs/custom_airflow-E5ZHcY_K/lib/python3.12/site-packages/airflow/example_dags/example_trigger_target_dag.py
[2024-07-06T16:15:41.320+0700] {processor.py:840} INFO - DAG(s) 'example_trigger_target_dag' retrieved from /home/acer/.local/share/virtualenvs/custom_airflow-E5ZHcY_K/lib/python3.12/site-packages/airflow/example_dags/example_trigger_target_dag.py
[2024-07-06T16:15:41.433+0700] {logging_mixin.py:188} INFO - [2024-07-06T16:15:41.433+0700] {dag.py:3096} INFO - Sync 1 DAGs
[2024-07-06T16:15:41.443+0700] {logging_mixin.py:188} INFO - [2024-07-06T16:15:41.443+0700] {dag.py:3954} INFO - Setting next_dagrun for example_trigger_target_dag to None, run_after=None
[2024-07-06T16:15:41.471+0700] {processor.py:183} INFO - Processing /home/acer/.local/share/virtualenvs/custom_airflow-E5ZHcY_K/lib/python3.12/site-packages/airflow/example_dags/example_trigger_target_dag.py took 0.167 seconds
[2024-07-06T16:16:41.317+0700] {processor.py:161} INFO - Started process (PID=55282) to work on /home/acer/.local/share/virtualenvs/custom_airflow-E5ZHcY_K/lib/python3.12/site-packages/airflow/example_dags/example_trigger_target_dag.py
[2024-07-06T16:16:41.318+0700] {processor.py:830} INFO - Processing file /home/acer/.local/share/virtualenvs/custom_airflow-E5ZHcY_K/lib/python3.12/site-packages/airflow/example_dags/example_trigger_target_dag.py for tasks to queue
[2024-07-06T16:16:41.319+0700] {logging_mixin.py:188} INFO - [2024-07-06T16:16:41.319+0700] {dagbag.py:545} INFO - Filling up the DagBag from /home/acer/.local/share/virtualenvs/custom_airflow-E5ZHcY_K/lib/python3.12/site-packages/airflow/example_dags/example_trigger_target_dag.py
[2024-07-06T16:16:41.325+0700] {processor.py:840} INFO - DAG(s) 'example_trigger_target_dag' retrieved from /home/acer/.local/share/virtualenvs/custom_airflow-E5ZHcY_K/lib/python3.12/site-packages/airflow/example_dags/example_trigger_target_dag.py
[2024-07-06T16:16:41.343+0700] {logging_mixin.py:188} INFO - [2024-07-06T16:16:41.342+0700] {dag.py:3096} INFO - Sync 1 DAGs
[2024-07-06T16:16:41.355+0700] {logging_mixin.py:188} INFO - [2024-07-06T16:16:41.355+0700] {dag.py:3954} INFO - Setting next_dagrun for example_trigger_target_dag to None, run_after=None
[2024-07-06T16:16:41.376+0700] {processor.py:183} INFO - Processing /home/acer/.local/share/virtualenvs/custom_airflow-E5ZHcY_K/lib/python3.12/site-packages/airflow/example_dags/example_trigger_target_dag.py took 0.064 seconds
[2024-07-06T16:17:33.557+0700] {processor.py:161} INFO - Started process (PID=55730) to work on /home/acer/.local/share/virtualenvs/custom_airflow-E5ZHcY_K/lib/python3.12/site-packages/airflow/example_dags/example_trigger_target_dag.py
[2024-07-06T16:17:33.558+0700] {processor.py:830} INFO - Processing file /home/acer/.local/share/virtualenvs/custom_airflow-E5ZHcY_K/lib/python3.12/site-packages/airflow/example_dags/example_trigger_target_dag.py for tasks to queue
[2024-07-06T16:17:33.560+0700] {logging_mixin.py:188} INFO - [2024-07-06T16:17:33.560+0700] {dagbag.py:545} INFO - Filling up the DagBag from /home/acer/.local/share/virtualenvs/custom_airflow-E5ZHcY_K/lib/python3.12/site-packages/airflow/example_dags/example_trigger_target_dag.py
[2024-07-06T16:17:33.568+0700] {processor.py:840} INFO - DAG(s) 'example_trigger_target_dag' retrieved from /home/acer/.local/share/virtualenvs/custom_airflow-E5ZHcY_K/lib/python3.12/site-packages/airflow/example_dags/example_trigger_target_dag.py
[2024-07-06T16:17:33.585+0700] {logging_mixin.py:188} INFO - [2024-07-06T16:17:33.584+0700] {dag.py:3096} INFO - Sync 1 DAGs
[2024-07-06T16:17:33.597+0700] {logging_mixin.py:188} INFO - [2024-07-06T16:17:33.597+0700] {dag.py:3954} INFO - Setting next_dagrun for example_trigger_target_dag to None, run_after=None
[2024-07-06T16:17:33.618+0700] {processor.py:183} INFO - Processing /home/acer/.local/share/virtualenvs/custom_airflow-E5ZHcY_K/lib/python3.12/site-packages/airflow/example_dags/example_trigger_target_dag.py took 0.068 seconds
[2024-07-06T16:18:22.056+0700] {processor.py:161} INFO - Started process (PID=55973) to work on /home/acer/.local/share/virtualenvs/custom_airflow-E5ZHcY_K/lib/python3.12/site-packages/airflow/example_dags/example_trigger_target_dag.py
[2024-07-06T16:18:22.057+0700] {processor.py:830} INFO - Processing file /home/acer/.local/share/virtualenvs/custom_airflow-E5ZHcY_K/lib/python3.12/site-packages/airflow/example_dags/example_trigger_target_dag.py for tasks to queue
[2024-07-06T16:18:22.060+0700] {logging_mixin.py:188} INFO - [2024-07-06T16:18:22.059+0700] {dagbag.py:545} INFO - Filling up the DagBag from /home/acer/.local/share/virtualenvs/custom_airflow-E5ZHcY_K/lib/python3.12/site-packages/airflow/example_dags/example_trigger_target_dag.py
[2024-07-06T16:18:22.067+0700] {processor.py:840} INFO - DAG(s) 'example_trigger_target_dag' retrieved from /home/acer/.local/share/virtualenvs/custom_airflow-E5ZHcY_K/lib/python3.12/site-packages/airflow/example_dags/example_trigger_target_dag.py
[2024-07-06T16:18:22.081+0700] {logging_mixin.py:188} INFO - [2024-07-06T16:18:22.081+0700] {dag.py:3096} INFO - Sync 1 DAGs
[2024-07-06T16:18:22.093+0700] {logging_mixin.py:188} INFO - [2024-07-06T16:18:22.093+0700] {dag.py:3954} INFO - Setting next_dagrun for example_trigger_target_dag to None, run_after=None
[2024-07-06T16:18:22.114+0700] {processor.py:183} INFO - Processing /home/acer/.local/share/virtualenvs/custom_airflow-E5ZHcY_K/lib/python3.12/site-packages/airflow/example_dags/example_trigger_target_dag.py took 0.067 seconds
[2024-07-06T16:19:09.557+0700] {processor.py:161} INFO - Started process (PID=56210) to work on /home/acer/.local/share/virtualenvs/custom_airflow-E5ZHcY_K/lib/python3.12/site-packages/airflow/example_dags/example_trigger_target_dag.py
[2024-07-06T16:19:09.559+0700] {processor.py:830} INFO - Processing file /home/acer/.local/share/virtualenvs/custom_airflow-E5ZHcY_K/lib/python3.12/site-packages/airflow/example_dags/example_trigger_target_dag.py for tasks to queue
[2024-07-06T16:19:09.561+0700] {logging_mixin.py:188} INFO - [2024-07-06T16:19:09.561+0700] {dagbag.py:545} INFO - Filling up the DagBag from /home/acer/.local/share/virtualenvs/custom_airflow-E5ZHcY_K/lib/python3.12/site-packages/airflow/example_dags/example_trigger_target_dag.py
[2024-07-06T16:19:09.571+0700] {processor.py:840} INFO - DAG(s) 'example_trigger_target_dag' retrieved from /home/acer/.local/share/virtualenvs/custom_airflow-E5ZHcY_K/lib/python3.12/site-packages/airflow/example_dags/example_trigger_target_dag.py
[2024-07-06T16:19:09.591+0700] {logging_mixin.py:188} INFO - [2024-07-06T16:19:09.590+0700] {dag.py:3096} INFO - Sync 1 DAGs
[2024-07-06T16:19:09.607+0700] {logging_mixin.py:188} INFO - [2024-07-06T16:19:09.607+0700] {dag.py:3954} INFO - Setting next_dagrun for example_trigger_target_dag to None, run_after=None
[2024-07-06T16:19:09.632+0700] {processor.py:183} INFO - Processing /home/acer/.local/share/virtualenvs/custom_airflow-E5ZHcY_K/lib/python3.12/site-packages/airflow/example_dags/example_trigger_target_dag.py took 0.086 seconds
[2024-07-06T16:20:09.087+0700] {processor.py:161} INFO - Started process (PID=56993) to work on /home/acer/.local/share/virtualenvs/custom_airflow-E5ZHcY_K/lib/python3.12/site-packages/airflow/example_dags/example_trigger_target_dag.py
[2024-07-06T16:20:09.089+0700] {processor.py:830} INFO - Processing file /home/acer/.local/share/virtualenvs/custom_airflow-E5ZHcY_K/lib/python3.12/site-packages/airflow/example_dags/example_trigger_target_dag.py for tasks to queue
[2024-07-06T16:20:09.092+0700] {logging_mixin.py:188} INFO - [2024-07-06T16:20:09.091+0700] {dagbag.py:545} INFO - Filling up the DagBag from /home/acer/.local/share/virtualenvs/custom_airflow-E5ZHcY_K/lib/python3.12/site-packages/airflow/example_dags/example_trigger_target_dag.py
[2024-07-06T16:20:09.099+0700] {processor.py:840} INFO - DAG(s) 'example_trigger_target_dag' retrieved from /home/acer/.local/share/virtualenvs/custom_airflow-E5ZHcY_K/lib/python3.12/site-packages/airflow/example_dags/example_trigger_target_dag.py
[2024-07-06T16:20:09.118+0700] {logging_mixin.py:188} INFO - [2024-07-06T16:20:09.118+0700] {dag.py:3096} INFO - Sync 1 DAGs
[2024-07-06T16:20:09.136+0700] {logging_mixin.py:188} INFO - [2024-07-06T16:20:09.135+0700] {dag.py:3954} INFO - Setting next_dagrun for example_trigger_target_dag to None, run_after=None
[2024-07-06T16:20:09.167+0700] {processor.py:183} INFO - Processing /home/acer/.local/share/virtualenvs/custom_airflow-E5ZHcY_K/lib/python3.12/site-packages/airflow/example_dags/example_trigger_target_dag.py took 0.087 seconds
[2024-07-06T16:21:06.594+0700] {processor.py:161} INFO - Started process (PID=57437) to work on /home/acer/.local/share/virtualenvs/custom_airflow-E5ZHcY_K/lib/python3.12/site-packages/airflow/example_dags/example_trigger_target_dag.py
[2024-07-06T16:21:06.597+0700] {processor.py:830} INFO - Processing file /home/acer/.local/share/virtualenvs/custom_airflow-E5ZHcY_K/lib/python3.12/site-packages/airflow/example_dags/example_trigger_target_dag.py for tasks to queue
[2024-07-06T16:21:06.600+0700] {logging_mixin.py:188} INFO - [2024-07-06T16:21:06.599+0700] {dagbag.py:545} INFO - Filling up the DagBag from /home/acer/.local/share/virtualenvs/custom_airflow-E5ZHcY_K/lib/python3.12/site-packages/airflow/example_dags/example_trigger_target_dag.py
[2024-07-06T16:21:06.609+0700] {processor.py:840} INFO - DAG(s) 'example_trigger_target_dag' retrieved from /home/acer/.local/share/virtualenvs/custom_airflow-E5ZHcY_K/lib/python3.12/site-packages/airflow/example_dags/example_trigger_target_dag.py
[2024-07-06T16:21:06.632+0700] {logging_mixin.py:188} INFO - [2024-07-06T16:21:06.632+0700] {dag.py:3096} INFO - Sync 1 DAGs
[2024-07-06T16:21:06.644+0700] {logging_mixin.py:188} INFO - [2024-07-06T16:21:06.644+0700] {dag.py:3954} INFO - Setting next_dagrun for example_trigger_target_dag to None, run_after=None
[2024-07-06T16:21:06.665+0700] {processor.py:183} INFO - Processing /home/acer/.local/share/virtualenvs/custom_airflow-E5ZHcY_K/lib/python3.12/site-packages/airflow/example_dags/example_trigger_target_dag.py took 0.079 seconds
[2024-07-06T16:21:56.250+0700] {processor.py:161} INFO - Started process (PID=57776) to work on /home/acer/.local/share/virtualenvs/custom_airflow-E5ZHcY_K/lib/python3.12/site-packages/airflow/example_dags/example_trigger_target_dag.py
[2024-07-06T16:21:56.251+0700] {processor.py:830} INFO - Processing file /home/acer/.local/share/virtualenvs/custom_airflow-E5ZHcY_K/lib/python3.12/site-packages/airflow/example_dags/example_trigger_target_dag.py for tasks to queue
[2024-07-06T16:21:56.254+0700] {logging_mixin.py:188} INFO - [2024-07-06T16:21:56.253+0700] {dagbag.py:545} INFO - Filling up the DagBag from /home/acer/.local/share/virtualenvs/custom_airflow-E5ZHcY_K/lib/python3.12/site-packages/airflow/example_dags/example_trigger_target_dag.py
[2024-07-06T16:21:56.260+0700] {processor.py:840} INFO - DAG(s) 'example_trigger_target_dag' retrieved from /home/acer/.local/share/virtualenvs/custom_airflow-E5ZHcY_K/lib/python3.12/site-packages/airflow/example_dags/example_trigger_target_dag.py
[2024-07-06T16:21:56.275+0700] {logging_mixin.py:188} INFO - [2024-07-06T16:21:56.275+0700] {dag.py:3096} INFO - Sync 1 DAGs
[2024-07-06T16:21:56.288+0700] {logging_mixin.py:188} INFO - [2024-07-06T16:21:56.287+0700] {dag.py:3954} INFO - Setting next_dagrun for example_trigger_target_dag to None, run_after=None
[2024-07-06T16:21:56.318+0700] {processor.py:183} INFO - Processing /home/acer/.local/share/virtualenvs/custom_airflow-E5ZHcY_K/lib/python3.12/site-packages/airflow/example_dags/example_trigger_target_dag.py took 0.078 seconds
[2024-07-06T16:22:43.844+0700] {processor.py:161} INFO - Started process (PID=58025) to work on /home/acer/.local/share/virtualenvs/custom_airflow-E5ZHcY_K/lib/python3.12/site-packages/airflow/example_dags/example_trigger_target_dag.py
[2024-07-06T16:22:43.846+0700] {processor.py:830} INFO - Processing file /home/acer/.local/share/virtualenvs/custom_airflow-E5ZHcY_K/lib/python3.12/site-packages/airflow/example_dags/example_trigger_target_dag.py for tasks to queue
[2024-07-06T16:22:43.850+0700] {logging_mixin.py:188} INFO - [2024-07-06T16:22:43.849+0700] {dagbag.py:545} INFO - Filling up the DagBag from /home/acer/.local/share/virtualenvs/custom_airflow-E5ZHcY_K/lib/python3.12/site-packages/airflow/example_dags/example_trigger_target_dag.py
[2024-07-06T16:22:43.859+0700] {processor.py:840} INFO - DAG(s) 'example_trigger_target_dag' retrieved from /home/acer/.local/share/virtualenvs/custom_airflow-E5ZHcY_K/lib/python3.12/site-packages/airflow/example_dags/example_trigger_target_dag.py
[2024-07-06T16:22:43.874+0700] {logging_mixin.py:188} INFO - [2024-07-06T16:22:43.874+0700] {dag.py:3096} INFO - Sync 1 DAGs
[2024-07-06T16:22:43.887+0700] {logging_mixin.py:188} INFO - [2024-07-06T16:22:43.887+0700] {dag.py:3954} INFO - Setting next_dagrun for example_trigger_target_dag to None, run_after=None
[2024-07-06T16:22:43.908+0700] {processor.py:183} INFO - Processing /home/acer/.local/share/virtualenvs/custom_airflow-E5ZHcY_K/lib/python3.12/site-packages/airflow/example_dags/example_trigger_target_dag.py took 0.082 seconds
[2024-07-06T16:24:08.876+0700] {processor.py:161} INFO - Started process (PID=59069) to work on /home/acer/.local/share/virtualenvs/custom_airflow-E5ZHcY_K/lib/python3.12/site-packages/airflow/example_dags/example_trigger_target_dag.py
[2024-07-06T16:24:08.877+0700] {processor.py:830} INFO - Processing file /home/acer/.local/share/virtualenvs/custom_airflow-E5ZHcY_K/lib/python3.12/site-packages/airflow/example_dags/example_trigger_target_dag.py for tasks to queue
[2024-07-06T16:24:08.880+0700] {logging_mixin.py:188} INFO - [2024-07-06T16:24:08.879+0700] {dagbag.py:545} INFO - Filling up the DagBag from /home/acer/.local/share/virtualenvs/custom_airflow-E5ZHcY_K/lib/python3.12/site-packages/airflow/example_dags/example_trigger_target_dag.py
[2024-07-06T16:24:08.889+0700] {processor.py:840} INFO - DAG(s) 'example_trigger_target_dag' retrieved from /home/acer/.local/share/virtualenvs/custom_airflow-E5ZHcY_K/lib/python3.12/site-packages/airflow/example_dags/example_trigger_target_dag.py
[2024-07-06T16:24:08.905+0700] {logging_mixin.py:188} INFO - [2024-07-06T16:24:08.904+0700] {dag.py:3096} INFO - Sync 1 DAGs
[2024-07-06T16:24:08.917+0700] {logging_mixin.py:188} INFO - [2024-07-06T16:24:08.917+0700] {dag.py:3954} INFO - Setting next_dagrun for example_trigger_target_dag to None, run_after=None
[2024-07-06T16:24:08.942+0700] {processor.py:183} INFO - Processing /home/acer/.local/share/virtualenvs/custom_airflow-E5ZHcY_K/lib/python3.12/site-packages/airflow/example_dags/example_trigger_target_dag.py took 0.077 seconds
[2024-07-06T16:25:04.800+0700] {processor.py:161} INFO - Started process (PID=59517) to work on /home/acer/.local/share/virtualenvs/custom_airflow-E5ZHcY_K/lib/python3.12/site-packages/airflow/example_dags/example_trigger_target_dag.py
[2024-07-06T16:25:04.801+0700] {processor.py:830} INFO - Processing file /home/acer/.local/share/virtualenvs/custom_airflow-E5ZHcY_K/lib/python3.12/site-packages/airflow/example_dags/example_trigger_target_dag.py for tasks to queue
[2024-07-06T16:25:04.803+0700] {logging_mixin.py:188} INFO - [2024-07-06T16:25:04.802+0700] {dagbag.py:545} INFO - Filling up the DagBag from /home/acer/.local/share/virtualenvs/custom_airflow-E5ZHcY_K/lib/python3.12/site-packages/airflow/example_dags/example_trigger_target_dag.py
[2024-07-06T16:25:04.809+0700] {processor.py:840} INFO - DAG(s) 'example_trigger_target_dag' retrieved from /home/acer/.local/share/virtualenvs/custom_airflow-E5ZHcY_K/lib/python3.12/site-packages/airflow/example_dags/example_trigger_target_dag.py
[2024-07-06T16:25:04.828+0700] {logging_mixin.py:188} INFO - [2024-07-06T16:25:04.828+0700] {dag.py:3096} INFO - Sync 1 DAGs
[2024-07-06T16:25:04.842+0700] {logging_mixin.py:188} INFO - [2024-07-06T16:25:04.842+0700] {dag.py:3954} INFO - Setting next_dagrun for example_trigger_target_dag to None, run_after=None
[2024-07-06T16:25:04.866+0700] {processor.py:183} INFO - Processing /home/acer/.local/share/virtualenvs/custom_airflow-E5ZHcY_K/lib/python3.12/site-packages/airflow/example_dags/example_trigger_target_dag.py took 0.077 seconds
[2024-07-06T16:25:55.813+0700] {processor.py:161} INFO - Started process (PID=59960) to work on /home/acer/.local/share/virtualenvs/custom_airflow-E5ZHcY_K/lib/python3.12/site-packages/airflow/example_dags/example_trigger_target_dag.py
[2024-07-06T16:25:55.814+0700] {processor.py:830} INFO - Processing file /home/acer/.local/share/virtualenvs/custom_airflow-E5ZHcY_K/lib/python3.12/site-packages/airflow/example_dags/example_trigger_target_dag.py for tasks to queue
[2024-07-06T16:25:55.816+0700] {logging_mixin.py:188} INFO - [2024-07-06T16:25:55.816+0700] {dagbag.py:545} INFO - Filling up the DagBag from /home/acer/.local/share/virtualenvs/custom_airflow-E5ZHcY_K/lib/python3.12/site-packages/airflow/example_dags/example_trigger_target_dag.py
[2024-07-06T16:25:55.822+0700] {processor.py:840} INFO - DAG(s) 'example_trigger_target_dag' retrieved from /home/acer/.local/share/virtualenvs/custom_airflow-E5ZHcY_K/lib/python3.12/site-packages/airflow/example_dags/example_trigger_target_dag.py
[2024-07-06T16:25:55.840+0700] {logging_mixin.py:188} INFO - [2024-07-06T16:25:55.840+0700] {dag.py:3096} INFO - Sync 1 DAGs
[2024-07-06T16:25:55.855+0700] {logging_mixin.py:188} INFO - [2024-07-06T16:25:55.854+0700] {dag.py:3954} INFO - Setting next_dagrun for example_trigger_target_dag to None, run_after=None
[2024-07-06T16:25:55.876+0700] {processor.py:183} INFO - Processing /home/acer/.local/share/virtualenvs/custom_airflow-E5ZHcY_K/lib/python3.12/site-packages/airflow/example_dags/example_trigger_target_dag.py took 0.068 seconds
[2024-07-06T16:26:47.955+0700] {processor.py:161} INFO - Started process (PID=60204) to work on /home/acer/.local/share/virtualenvs/custom_airflow-E5ZHcY_K/lib/python3.12/site-packages/airflow/example_dags/example_trigger_target_dag.py
[2024-07-06T16:26:47.957+0700] {processor.py:830} INFO - Processing file /home/acer/.local/share/virtualenvs/custom_airflow-E5ZHcY_K/lib/python3.12/site-packages/airflow/example_dags/example_trigger_target_dag.py for tasks to queue
[2024-07-06T16:26:47.962+0700] {logging_mixin.py:188} INFO - [2024-07-06T16:26:47.961+0700] {dagbag.py:545} INFO - Filling up the DagBag from /home/acer/.local/share/virtualenvs/custom_airflow-E5ZHcY_K/lib/python3.12/site-packages/airflow/example_dags/example_trigger_target_dag.py
[2024-07-06T16:26:47.972+0700] {processor.py:840} INFO - DAG(s) 'example_trigger_target_dag' retrieved from /home/acer/.local/share/virtualenvs/custom_airflow-E5ZHcY_K/lib/python3.12/site-packages/airflow/example_dags/example_trigger_target_dag.py
[2024-07-06T16:26:47.991+0700] {logging_mixin.py:188} INFO - [2024-07-06T16:26:47.991+0700] {dag.py:3096} INFO - Sync 1 DAGs
[2024-07-06T16:26:48.003+0700] {logging_mixin.py:188} INFO - [2024-07-06T16:26:48.003+0700] {dag.py:3954} INFO - Setting next_dagrun for example_trigger_target_dag to None, run_after=None
[2024-07-06T16:26:48.024+0700] {processor.py:183} INFO - Processing /home/acer/.local/share/virtualenvs/custom_airflow-E5ZHcY_K/lib/python3.12/site-packages/airflow/example_dags/example_trigger_target_dag.py took 0.088 seconds
[2024-07-06T16:27:35.238+0700] {processor.py:161} INFO - Started process (PID=60473) to work on /home/acer/.local/share/virtualenvs/custom_airflow-E5ZHcY_K/lib/python3.12/site-packages/airflow/example_dags/example_trigger_target_dag.py
[2024-07-06T16:27:35.239+0700] {processor.py:830} INFO - Processing file /home/acer/.local/share/virtualenvs/custom_airflow-E5ZHcY_K/lib/python3.12/site-packages/airflow/example_dags/example_trigger_target_dag.py for tasks to queue
[2024-07-06T16:27:35.243+0700] {logging_mixin.py:188} INFO - [2024-07-06T16:27:35.242+0700] {dagbag.py:545} INFO - Filling up the DagBag from /home/acer/.local/share/virtualenvs/custom_airflow-E5ZHcY_K/lib/python3.12/site-packages/airflow/example_dags/example_trigger_target_dag.py
[2024-07-06T16:27:35.251+0700] {processor.py:840} INFO - DAG(s) 'example_trigger_target_dag' retrieved from /home/acer/.local/share/virtualenvs/custom_airflow-E5ZHcY_K/lib/python3.12/site-packages/airflow/example_dags/example_trigger_target_dag.py
[2024-07-06T16:27:35.266+0700] {logging_mixin.py:188} INFO - [2024-07-06T16:27:35.266+0700] {dag.py:3096} INFO - Sync 1 DAGs
[2024-07-06T16:27:35.278+0700] {logging_mixin.py:188} INFO - [2024-07-06T16:27:35.278+0700] {dag.py:3954} INFO - Setting next_dagrun for example_trigger_target_dag to None, run_after=None
[2024-07-06T16:27:35.308+0700] {processor.py:183} INFO - Processing /home/acer/.local/share/virtualenvs/custom_airflow-E5ZHcY_K/lib/python3.12/site-packages/airflow/example_dags/example_trigger_target_dag.py took 0.086 seconds
[2024-07-06T16:28:19.776+0700] {processor.py:161} INFO - Started process (PID=60692) to work on /home/acer/.local/share/virtualenvs/custom_airflow-E5ZHcY_K/lib/python3.12/site-packages/airflow/example_dags/example_trigger_target_dag.py
[2024-07-06T16:28:19.778+0700] {processor.py:830} INFO - Processing file /home/acer/.local/share/virtualenvs/custom_airflow-E5ZHcY_K/lib/python3.12/site-packages/airflow/example_dags/example_trigger_target_dag.py for tasks to queue
[2024-07-06T16:28:19.781+0700] {logging_mixin.py:188} INFO - [2024-07-06T16:28:19.780+0700] {dagbag.py:545} INFO - Filling up the DagBag from /home/acer/.local/share/virtualenvs/custom_airflow-E5ZHcY_K/lib/python3.12/site-packages/airflow/example_dags/example_trigger_target_dag.py
[2024-07-06T16:28:19.790+0700] {processor.py:840} INFO - DAG(s) 'example_trigger_target_dag' retrieved from /home/acer/.local/share/virtualenvs/custom_airflow-E5ZHcY_K/lib/python3.12/site-packages/airflow/example_dags/example_trigger_target_dag.py
[2024-07-06T16:28:19.805+0700] {logging_mixin.py:188} INFO - [2024-07-06T16:28:19.805+0700] {dag.py:3096} INFO - Sync 1 DAGs
[2024-07-06T16:28:19.818+0700] {logging_mixin.py:188} INFO - [2024-07-06T16:28:19.817+0700] {dag.py:3954} INFO - Setting next_dagrun for example_trigger_target_dag to None, run_after=None
[2024-07-06T16:28:19.841+0700] {processor.py:183} INFO - Processing /home/acer/.local/share/virtualenvs/custom_airflow-E5ZHcY_K/lib/python3.12/site-packages/airflow/example_dags/example_trigger_target_dag.py took 0.084 seconds
[2024-07-06T16:29:05.407+0700] {processor.py:161} INFO - Started process (PID=60915) to work on /home/acer/.local/share/virtualenvs/custom_airflow-E5ZHcY_K/lib/python3.12/site-packages/airflow/example_dags/example_trigger_target_dag.py
[2024-07-06T16:29:05.409+0700] {processor.py:830} INFO - Processing file /home/acer/.local/share/virtualenvs/custom_airflow-E5ZHcY_K/lib/python3.12/site-packages/airflow/example_dags/example_trigger_target_dag.py for tasks to queue
[2024-07-06T16:29:05.411+0700] {logging_mixin.py:188} INFO - [2024-07-06T16:29:05.410+0700] {dagbag.py:545} INFO - Filling up the DagBag from /home/acer/.local/share/virtualenvs/custom_airflow-E5ZHcY_K/lib/python3.12/site-packages/airflow/example_dags/example_trigger_target_dag.py
[2024-07-06T16:29:05.418+0700] {processor.py:840} INFO - DAG(s) 'example_trigger_target_dag' retrieved from /home/acer/.local/share/virtualenvs/custom_airflow-E5ZHcY_K/lib/python3.12/site-packages/airflow/example_dags/example_trigger_target_dag.py
[2024-07-06T16:29:05.433+0700] {logging_mixin.py:188} INFO - [2024-07-06T16:29:05.433+0700] {dag.py:3096} INFO - Sync 1 DAGs
[2024-07-06T16:29:05.445+0700] {logging_mixin.py:188} INFO - [2024-07-06T16:29:05.445+0700] {dag.py:3954} INFO - Setting next_dagrun for example_trigger_target_dag to None, run_after=None
[2024-07-06T16:29:05.466+0700] {processor.py:183} INFO - Processing /home/acer/.local/share/virtualenvs/custom_airflow-E5ZHcY_K/lib/python3.12/site-packages/airflow/example_dags/example_trigger_target_dag.py took 0.070 seconds
[2024-07-06T16:29:54.195+0700] {processor.py:161} INFO - Started process (PID=61158) to work on /home/acer/.local/share/virtualenvs/custom_airflow-E5ZHcY_K/lib/python3.12/site-packages/airflow/example_dags/example_trigger_target_dag.py
[2024-07-06T16:29:54.196+0700] {processor.py:830} INFO - Processing file /home/acer/.local/share/virtualenvs/custom_airflow-E5ZHcY_K/lib/python3.12/site-packages/airflow/example_dags/example_trigger_target_dag.py for tasks to queue
[2024-07-06T16:29:54.198+0700] {logging_mixin.py:188} INFO - [2024-07-06T16:29:54.197+0700] {dagbag.py:545} INFO - Filling up the DagBag from /home/acer/.local/share/virtualenvs/custom_airflow-E5ZHcY_K/lib/python3.12/site-packages/airflow/example_dags/example_trigger_target_dag.py
[2024-07-06T16:29:54.204+0700] {processor.py:840} INFO - DAG(s) 'example_trigger_target_dag' retrieved from /home/acer/.local/share/virtualenvs/custom_airflow-E5ZHcY_K/lib/python3.12/site-packages/airflow/example_dags/example_trigger_target_dag.py
[2024-07-06T16:29:54.218+0700] {logging_mixin.py:188} INFO - [2024-07-06T16:29:54.218+0700] {dag.py:3096} INFO - Sync 1 DAGs
[2024-07-06T16:29:54.235+0700] {logging_mixin.py:188} INFO - [2024-07-06T16:29:54.235+0700] {dag.py:3954} INFO - Setting next_dagrun for example_trigger_target_dag to None, run_after=None
[2024-07-06T16:29:54.256+0700] {processor.py:183} INFO - Processing /home/acer/.local/share/virtualenvs/custom_airflow-E5ZHcY_K/lib/python3.12/site-packages/airflow/example_dags/example_trigger_target_dag.py took 0.067 seconds
[2024-07-06T16:30:37.887+0700] {processor.py:161} INFO - Started process (PID=61409) to work on /home/acer/.local/share/virtualenvs/custom_airflow-E5ZHcY_K/lib/python3.12/site-packages/airflow/example_dags/example_trigger_target_dag.py
[2024-07-06T16:30:37.889+0700] {processor.py:830} INFO - Processing file /home/acer/.local/share/virtualenvs/custom_airflow-E5ZHcY_K/lib/python3.12/site-packages/airflow/example_dags/example_trigger_target_dag.py for tasks to queue
[2024-07-06T16:30:37.892+0700] {logging_mixin.py:188} INFO - [2024-07-06T16:30:37.891+0700] {dagbag.py:545} INFO - Filling up the DagBag from /home/acer/.local/share/virtualenvs/custom_airflow-E5ZHcY_K/lib/python3.12/site-packages/airflow/example_dags/example_trigger_target_dag.py
[2024-07-06T16:30:37.902+0700] {processor.py:840} INFO - DAG(s) 'example_trigger_target_dag' retrieved from /home/acer/.local/share/virtualenvs/custom_airflow-E5ZHcY_K/lib/python3.12/site-packages/airflow/example_dags/example_trigger_target_dag.py
[2024-07-06T16:30:37.917+0700] {logging_mixin.py:188} INFO - [2024-07-06T16:30:37.917+0700] {dag.py:3096} INFO - Sync 1 DAGs
[2024-07-06T16:30:37.930+0700] {logging_mixin.py:188} INFO - [2024-07-06T16:30:37.929+0700] {dag.py:3954} INFO - Setting next_dagrun for example_trigger_target_dag to None, run_after=None
[2024-07-06T16:30:37.951+0700] {processor.py:183} INFO - Processing /home/acer/.local/share/virtualenvs/custom_airflow-E5ZHcY_K/lib/python3.12/site-packages/airflow/example_dags/example_trigger_target_dag.py took 0.074 seconds
[2024-07-06T16:31:22.687+0700] {processor.py:161} INFO - Started process (PID=61631) to work on /home/acer/.local/share/virtualenvs/custom_airflow-E5ZHcY_K/lib/python3.12/site-packages/airflow/example_dags/example_trigger_target_dag.py
[2024-07-06T16:31:22.690+0700] {processor.py:830} INFO - Processing file /home/acer/.local/share/virtualenvs/custom_airflow-E5ZHcY_K/lib/python3.12/site-packages/airflow/example_dags/example_trigger_target_dag.py for tasks to queue
[2024-07-06T16:31:22.694+0700] {logging_mixin.py:188} INFO - [2024-07-06T16:31:22.693+0700] {dagbag.py:545} INFO - Filling up the DagBag from /home/acer/.local/share/virtualenvs/custom_airflow-E5ZHcY_K/lib/python3.12/site-packages/airflow/example_dags/example_trigger_target_dag.py
[2024-07-06T16:31:22.704+0700] {processor.py:840} INFO - DAG(s) 'example_trigger_target_dag' retrieved from /home/acer/.local/share/virtualenvs/custom_airflow-E5ZHcY_K/lib/python3.12/site-packages/airflow/example_dags/example_trigger_target_dag.py
[2024-07-06T16:31:22.720+0700] {logging_mixin.py:188} INFO - [2024-07-06T16:31:22.720+0700] {dag.py:3096} INFO - Sync 1 DAGs
[2024-07-06T16:31:22.733+0700] {logging_mixin.py:188} INFO - [2024-07-06T16:31:22.733+0700] {dag.py:3954} INFO - Setting next_dagrun for example_trigger_target_dag to None, run_after=None
[2024-07-06T16:31:22.754+0700] {processor.py:183} INFO - Processing /home/acer/.local/share/virtualenvs/custom_airflow-E5ZHcY_K/lib/python3.12/site-packages/airflow/example_dags/example_trigger_target_dag.py took 0.087 seconds
[2024-07-06T16:32:08.574+0700] {processor.py:161} INFO - Started process (PID=61864) to work on /home/acer/.local/share/virtualenvs/custom_airflow-E5ZHcY_K/lib/python3.12/site-packages/airflow/example_dags/example_trigger_target_dag.py
[2024-07-06T16:32:08.575+0700] {processor.py:830} INFO - Processing file /home/acer/.local/share/virtualenvs/custom_airflow-E5ZHcY_K/lib/python3.12/site-packages/airflow/example_dags/example_trigger_target_dag.py for tasks to queue
[2024-07-06T16:32:08.577+0700] {logging_mixin.py:188} INFO - [2024-07-06T16:32:08.577+0700] {dagbag.py:545} INFO - Filling up the DagBag from /home/acer/.local/share/virtualenvs/custom_airflow-E5ZHcY_K/lib/python3.12/site-packages/airflow/example_dags/example_trigger_target_dag.py
[2024-07-06T16:32:08.584+0700] {processor.py:840} INFO - DAG(s) 'example_trigger_target_dag' retrieved from /home/acer/.local/share/virtualenvs/custom_airflow-E5ZHcY_K/lib/python3.12/site-packages/airflow/example_dags/example_trigger_target_dag.py
[2024-07-06T16:32:08.601+0700] {logging_mixin.py:188} INFO - [2024-07-06T16:32:08.600+0700] {dag.py:3096} INFO - Sync 1 DAGs
[2024-07-06T16:32:08.613+0700] {logging_mixin.py:188} INFO - [2024-07-06T16:32:08.613+0700] {dag.py:3954} INFO - Setting next_dagrun for example_trigger_target_dag to None, run_after=None
[2024-07-06T16:32:08.643+0700] {processor.py:183} INFO - Processing /home/acer/.local/share/virtualenvs/custom_airflow-E5ZHcY_K/lib/python3.12/site-packages/airflow/example_dags/example_trigger_target_dag.py took 0.075 seconds
[2024-07-06T16:32:57.343+0700] {processor.py:161} INFO - Started process (PID=62105) to work on /home/acer/.local/share/virtualenvs/custom_airflow-E5ZHcY_K/lib/python3.12/site-packages/airflow/example_dags/example_trigger_target_dag.py
[2024-07-06T16:32:57.344+0700] {processor.py:830} INFO - Processing file /home/acer/.local/share/virtualenvs/custom_airflow-E5ZHcY_K/lib/python3.12/site-packages/airflow/example_dags/example_trigger_target_dag.py for tasks to queue
[2024-07-06T16:32:57.346+0700] {logging_mixin.py:188} INFO - [2024-07-06T16:32:57.345+0700] {dagbag.py:545} INFO - Filling up the DagBag from /home/acer/.local/share/virtualenvs/custom_airflow-E5ZHcY_K/lib/python3.12/site-packages/airflow/example_dags/example_trigger_target_dag.py
[2024-07-06T16:32:57.352+0700] {processor.py:840} INFO - DAG(s) 'example_trigger_target_dag' retrieved from /home/acer/.local/share/virtualenvs/custom_airflow-E5ZHcY_K/lib/python3.12/site-packages/airflow/example_dags/example_trigger_target_dag.py
[2024-07-06T16:32:57.369+0700] {logging_mixin.py:188} INFO - [2024-07-06T16:32:57.369+0700] {dag.py:3096} INFO - Sync 1 DAGs
[2024-07-06T16:32:57.382+0700] {logging_mixin.py:188} INFO - [2024-07-06T16:32:57.381+0700] {dag.py:3954} INFO - Setting next_dagrun for example_trigger_target_dag to None, run_after=None
[2024-07-06T16:32:57.402+0700] {processor.py:183} INFO - Processing /home/acer/.local/share/virtualenvs/custom_airflow-E5ZHcY_K/lib/python3.12/site-packages/airflow/example_dags/example_trigger_target_dag.py took 0.065 seconds
[2024-07-06T16:33:44.726+0700] {processor.py:161} INFO - Started process (PID=62357) to work on /home/acer/.local/share/virtualenvs/custom_airflow-E5ZHcY_K/lib/python3.12/site-packages/airflow/example_dags/example_trigger_target_dag.py
[2024-07-06T16:33:44.727+0700] {processor.py:830} INFO - Processing file /home/acer/.local/share/virtualenvs/custom_airflow-E5ZHcY_K/lib/python3.12/site-packages/airflow/example_dags/example_trigger_target_dag.py for tasks to queue
[2024-07-06T16:33:44.728+0700] {logging_mixin.py:188} INFO - [2024-07-06T16:33:44.728+0700] {dagbag.py:545} INFO - Filling up the DagBag from /home/acer/.local/share/virtualenvs/custom_airflow-E5ZHcY_K/lib/python3.12/site-packages/airflow/example_dags/example_trigger_target_dag.py
[2024-07-06T16:33:44.734+0700] {processor.py:840} INFO - DAG(s) 'example_trigger_target_dag' retrieved from /home/acer/.local/share/virtualenvs/custom_airflow-E5ZHcY_K/lib/python3.12/site-packages/airflow/example_dags/example_trigger_target_dag.py
[2024-07-06T16:33:44.749+0700] {logging_mixin.py:188} INFO - [2024-07-06T16:33:44.748+0700] {dag.py:3096} INFO - Sync 1 DAGs
[2024-07-06T16:33:44.761+0700] {logging_mixin.py:188} INFO - [2024-07-06T16:33:44.761+0700] {dag.py:3954} INFO - Setting next_dagrun for example_trigger_target_dag to None, run_after=None
[2024-07-06T16:33:44.782+0700] {processor.py:183} INFO - Processing /home/acer/.local/share/virtualenvs/custom_airflow-E5ZHcY_K/lib/python3.12/site-packages/airflow/example_dags/example_trigger_target_dag.py took 0.062 seconds
[2024-07-06T16:34:30.937+0700] {processor.py:161} INFO - Started process (PID=62591) to work on /home/acer/.local/share/virtualenvs/custom_airflow-E5ZHcY_K/lib/python3.12/site-packages/airflow/example_dags/example_trigger_target_dag.py
[2024-07-06T16:34:30.939+0700] {processor.py:830} INFO - Processing file /home/acer/.local/share/virtualenvs/custom_airflow-E5ZHcY_K/lib/python3.12/site-packages/airflow/example_dags/example_trigger_target_dag.py for tasks to queue
[2024-07-06T16:34:30.942+0700] {logging_mixin.py:188} INFO - [2024-07-06T16:34:30.941+0700] {dagbag.py:545} INFO - Filling up the DagBag from /home/acer/.local/share/virtualenvs/custom_airflow-E5ZHcY_K/lib/python3.12/site-packages/airflow/example_dags/example_trigger_target_dag.py
[2024-07-06T16:34:30.951+0700] {processor.py:840} INFO - DAG(s) 'example_trigger_target_dag' retrieved from /home/acer/.local/share/virtualenvs/custom_airflow-E5ZHcY_K/lib/python3.12/site-packages/airflow/example_dags/example_trigger_target_dag.py
[2024-07-06T16:34:30.967+0700] {logging_mixin.py:188} INFO - [2024-07-06T16:34:30.967+0700] {dag.py:3096} INFO - Sync 1 DAGs
[2024-07-06T16:34:30.979+0700] {logging_mixin.py:188} INFO - [2024-07-06T16:34:30.979+0700] {dag.py:3954} INFO - Setting next_dagrun for example_trigger_target_dag to None, run_after=None
[2024-07-06T16:34:31.000+0700] {processor.py:183} INFO - Processing /home/acer/.local/share/virtualenvs/custom_airflow-E5ZHcY_K/lib/python3.12/site-packages/airflow/example_dags/example_trigger_target_dag.py took 0.082 seconds
[2024-07-06T16:35:19.394+0700] {processor.py:161} INFO - Started process (PID=62823) to work on /home/acer/.local/share/virtualenvs/custom_airflow-E5ZHcY_K/lib/python3.12/site-packages/airflow/example_dags/example_trigger_target_dag.py
[2024-07-06T16:35:19.395+0700] {processor.py:830} INFO - Processing file /home/acer/.local/share/virtualenvs/custom_airflow-E5ZHcY_K/lib/python3.12/site-packages/airflow/example_dags/example_trigger_target_dag.py for tasks to queue
[2024-07-06T16:35:19.397+0700] {logging_mixin.py:188} INFO - [2024-07-06T16:35:19.397+0700] {dagbag.py:545} INFO - Filling up the DagBag from /home/acer/.local/share/virtualenvs/custom_airflow-E5ZHcY_K/lib/python3.12/site-packages/airflow/example_dags/example_trigger_target_dag.py
[2024-07-06T16:35:19.403+0700] {processor.py:840} INFO - DAG(s) 'example_trigger_target_dag' retrieved from /home/acer/.local/share/virtualenvs/custom_airflow-E5ZHcY_K/lib/python3.12/site-packages/airflow/example_dags/example_trigger_target_dag.py
[2024-07-06T16:35:19.418+0700] {logging_mixin.py:188} INFO - [2024-07-06T16:35:19.417+0700] {dag.py:3096} INFO - Sync 1 DAGs
[2024-07-06T16:35:19.430+0700] {logging_mixin.py:188} INFO - [2024-07-06T16:35:19.429+0700] {dag.py:3954} INFO - Setting next_dagrun for example_trigger_target_dag to None, run_after=None
[2024-07-06T16:35:19.451+0700] {processor.py:183} INFO - Processing /home/acer/.local/share/virtualenvs/custom_airflow-E5ZHcY_K/lib/python3.12/site-packages/airflow/example_dags/example_trigger_target_dag.py took 0.062 seconds
[2024-07-06T16:36:06.687+0700] {processor.py:161} INFO - Started process (PID=63122) to work on /home/acer/.local/share/virtualenvs/custom_airflow-E5ZHcY_K/lib/python3.12/site-packages/airflow/example_dags/example_trigger_target_dag.py
[2024-07-06T16:36:06.691+0700] {processor.py:830} INFO - Processing file /home/acer/.local/share/virtualenvs/custom_airflow-E5ZHcY_K/lib/python3.12/site-packages/airflow/example_dags/example_trigger_target_dag.py for tasks to queue
[2024-07-06T16:36:06.701+0700] {logging_mixin.py:188} INFO - [2024-07-06T16:36:06.698+0700] {dagbag.py:545} INFO - Filling up the DagBag from /home/acer/.local/share/virtualenvs/custom_airflow-E5ZHcY_K/lib/python3.12/site-packages/airflow/example_dags/example_trigger_target_dag.py
[2024-07-06T16:36:06.716+0700] {processor.py:840} INFO - DAG(s) 'example_trigger_target_dag' retrieved from /home/acer/.local/share/virtualenvs/custom_airflow-E5ZHcY_K/lib/python3.12/site-packages/airflow/example_dags/example_trigger_target_dag.py
[2024-07-06T16:36:06.741+0700] {logging_mixin.py:188} INFO - [2024-07-06T16:36:06.741+0700] {dag.py:3096} INFO - Sync 1 DAGs
[2024-07-06T16:36:06.755+0700] {logging_mixin.py:188} INFO - [2024-07-06T16:36:06.755+0700] {dag.py:3954} INFO - Setting next_dagrun for example_trigger_target_dag to None, run_after=None
[2024-07-06T16:36:06.790+0700] {processor.py:183} INFO - Processing /home/acer/.local/share/virtualenvs/custom_airflow-E5ZHcY_K/lib/python3.12/site-packages/airflow/example_dags/example_trigger_target_dag.py took 0.126 seconds
[2024-07-06T21:54:24.554+0700] {processor.py:161} INFO - Started process (PID=11820) to work on /home/acer/.local/share/virtualenvs/custom_airflow-E5ZHcY_K/lib/python3.12/site-packages/airflow/example_dags/example_trigger_target_dag.py
[2024-07-06T21:54:24.556+0700] {processor.py:830} INFO - Processing file /home/acer/.local/share/virtualenvs/custom_airflow-E5ZHcY_K/lib/python3.12/site-packages/airflow/example_dags/example_trigger_target_dag.py for tasks to queue
[2024-07-06T21:54:24.558+0700] {logging_mixin.py:188} INFO - [2024-07-06T21:54:24.557+0700] {dagbag.py:545} INFO - Filling up the DagBag from /home/acer/.local/share/virtualenvs/custom_airflow-E5ZHcY_K/lib/python3.12/site-packages/airflow/example_dags/example_trigger_target_dag.py
[2024-07-06T21:54:24.566+0700] {processor.py:840} INFO - DAG(s) 'example_trigger_target_dag' retrieved from /home/acer/.local/share/virtualenvs/custom_airflow-E5ZHcY_K/lib/python3.12/site-packages/airflow/example_dags/example_trigger_target_dag.py
[2024-07-06T21:54:24.590+0700] {logging_mixin.py:188} INFO - [2024-07-06T21:54:24.590+0700] {dag.py:3096} INFO - Sync 1 DAGs
[2024-07-06T21:54:24.602+0700] {logging_mixin.py:188} INFO - [2024-07-06T21:54:24.602+0700] {dag.py:3954} INFO - Setting next_dagrun for example_trigger_target_dag to None, run_after=None
[2024-07-06T21:54:24.628+0700] {processor.py:183} INFO - Processing /home/acer/.local/share/virtualenvs/custom_airflow-E5ZHcY_K/lib/python3.12/site-packages/airflow/example_dags/example_trigger_target_dag.py took 0.079 seconds
[2024-07-06T21:55:20.327+0700] {processor.py:161} INFO - Started process (PID=12465) to work on /home/acer/.local/share/virtualenvs/custom_airflow-E5ZHcY_K/lib/python3.12/site-packages/airflow/example_dags/example_trigger_target_dag.py
[2024-07-06T21:55:20.328+0700] {processor.py:830} INFO - Processing file /home/acer/.local/share/virtualenvs/custom_airflow-E5ZHcY_K/lib/python3.12/site-packages/airflow/example_dags/example_trigger_target_dag.py for tasks to queue
[2024-07-06T21:55:20.332+0700] {logging_mixin.py:188} INFO - [2024-07-06T21:55:20.331+0700] {dagbag.py:545} INFO - Filling up the DagBag from /home/acer/.local/share/virtualenvs/custom_airflow-E5ZHcY_K/lib/python3.12/site-packages/airflow/example_dags/example_trigger_target_dag.py
[2024-07-06T21:55:20.343+0700] {processor.py:840} INFO - DAG(s) 'example_trigger_target_dag' retrieved from /home/acer/.local/share/virtualenvs/custom_airflow-E5ZHcY_K/lib/python3.12/site-packages/airflow/example_dags/example_trigger_target_dag.py
[2024-07-06T21:55:20.371+0700] {logging_mixin.py:188} INFO - [2024-07-06T21:55:20.370+0700] {dag.py:3096} INFO - Sync 1 DAGs
[2024-07-06T21:55:20.395+0700] {logging_mixin.py:188} INFO - [2024-07-06T21:55:20.394+0700] {dag.py:3954} INFO - Setting next_dagrun for example_trigger_target_dag to None, run_after=None
[2024-07-06T21:55:20.432+0700] {processor.py:183} INFO - Processing /home/acer/.local/share/virtualenvs/custom_airflow-E5ZHcY_K/lib/python3.12/site-packages/airflow/example_dags/example_trigger_target_dag.py took 0.113 seconds
[2024-07-06T21:56:11.746+0700] {processor.py:161} INFO - Started process (PID=13079) to work on /home/acer/.local/share/virtualenvs/custom_airflow-E5ZHcY_K/lib/python3.12/site-packages/airflow/example_dags/example_trigger_target_dag.py
[2024-07-06T21:56:11.749+0700] {processor.py:830} INFO - Processing file /home/acer/.local/share/virtualenvs/custom_airflow-E5ZHcY_K/lib/python3.12/site-packages/airflow/example_dags/example_trigger_target_dag.py for tasks to queue
[2024-07-06T21:56:11.754+0700] {logging_mixin.py:188} INFO - [2024-07-06T21:56:11.753+0700] {dagbag.py:545} INFO - Filling up the DagBag from /home/acer/.local/share/virtualenvs/custom_airflow-E5ZHcY_K/lib/python3.12/site-packages/airflow/example_dags/example_trigger_target_dag.py
[2024-07-06T21:56:11.767+0700] {processor.py:840} INFO - DAG(s) 'example_trigger_target_dag' retrieved from /home/acer/.local/share/virtualenvs/custom_airflow-E5ZHcY_K/lib/python3.12/site-packages/airflow/example_dags/example_trigger_target_dag.py
[2024-07-06T21:56:11.785+0700] {logging_mixin.py:188} INFO - [2024-07-06T21:56:11.784+0700] {dag.py:3096} INFO - Sync 1 DAGs
[2024-07-06T21:56:11.803+0700] {logging_mixin.py:188} INFO - [2024-07-06T21:56:11.802+0700] {dag.py:3954} INFO - Setting next_dagrun for example_trigger_target_dag to None, run_after=None
[2024-07-06T21:56:11.828+0700] {processor.py:183} INFO - Processing /home/acer/.local/share/virtualenvs/custom_airflow-E5ZHcY_K/lib/python3.12/site-packages/airflow/example_dags/example_trigger_target_dag.py took 0.098 seconds
[2024-07-06T21:56:58.935+0700] {processor.py:161} INFO - Started process (PID=13553) to work on /home/acer/.local/share/virtualenvs/custom_airflow-E5ZHcY_K/lib/python3.12/site-packages/airflow/example_dags/example_trigger_target_dag.py
[2024-07-06T21:56:58.936+0700] {processor.py:830} INFO - Processing file /home/acer/.local/share/virtualenvs/custom_airflow-E5ZHcY_K/lib/python3.12/site-packages/airflow/example_dags/example_trigger_target_dag.py for tasks to queue
[2024-07-06T21:56:58.938+0700] {logging_mixin.py:188} INFO - [2024-07-06T21:56:58.938+0700] {dagbag.py:545} INFO - Filling up the DagBag from /home/acer/.local/share/virtualenvs/custom_airflow-E5ZHcY_K/lib/python3.12/site-packages/airflow/example_dags/example_trigger_target_dag.py
[2024-07-06T21:56:58.944+0700] {processor.py:840} INFO - DAG(s) 'example_trigger_target_dag' retrieved from /home/acer/.local/share/virtualenvs/custom_airflow-E5ZHcY_K/lib/python3.12/site-packages/airflow/example_dags/example_trigger_target_dag.py
[2024-07-06T21:56:58.963+0700] {logging_mixin.py:188} INFO - [2024-07-06T21:56:58.962+0700] {dag.py:3096} INFO - Sync 1 DAGs
[2024-07-06T21:56:58.981+0700] {logging_mixin.py:188} INFO - [2024-07-06T21:56:58.981+0700] {dag.py:3954} INFO - Setting next_dagrun for example_trigger_target_dag to None, run_after=None
[2024-07-06T21:56:59.005+0700] {processor.py:183} INFO - Processing /home/acer/.local/share/virtualenvs/custom_airflow-E5ZHcY_K/lib/python3.12/site-packages/airflow/example_dags/example_trigger_target_dag.py took 0.075 seconds
[2024-07-06T21:57:51.746+0700] {processor.py:161} INFO - Started process (PID=14033) to work on /home/acer/.local/share/virtualenvs/custom_airflow-E5ZHcY_K/lib/python3.12/site-packages/airflow/example_dags/example_trigger_target_dag.py
[2024-07-06T21:57:51.750+0700] {processor.py:830} INFO - Processing file /home/acer/.local/share/virtualenvs/custom_airflow-E5ZHcY_K/lib/python3.12/site-packages/airflow/example_dags/example_trigger_target_dag.py for tasks to queue
[2024-07-06T21:57:51.756+0700] {logging_mixin.py:188} INFO - [2024-07-06T21:57:51.755+0700] {dagbag.py:545} INFO - Filling up the DagBag from /home/acer/.local/share/virtualenvs/custom_airflow-E5ZHcY_K/lib/python3.12/site-packages/airflow/example_dags/example_trigger_target_dag.py
[2024-07-06T21:57:51.769+0700] {processor.py:840} INFO - DAG(s) 'example_trigger_target_dag' retrieved from /home/acer/.local/share/virtualenvs/custom_airflow-E5ZHcY_K/lib/python3.12/site-packages/airflow/example_dags/example_trigger_target_dag.py
[2024-07-06T21:57:51.788+0700] {logging_mixin.py:188} INFO - [2024-07-06T21:57:51.787+0700] {dag.py:3096} INFO - Sync 1 DAGs
[2024-07-06T21:57:51.802+0700] {logging_mixin.py:188} INFO - [2024-07-06T21:57:51.801+0700] {dag.py:3954} INFO - Setting next_dagrun for example_trigger_target_dag to None, run_after=None
[2024-07-06T21:57:51.825+0700] {processor.py:183} INFO - Processing /home/acer/.local/share/virtualenvs/custom_airflow-E5ZHcY_K/lib/python3.12/site-packages/airflow/example_dags/example_trigger_target_dag.py took 0.099 seconds
[2024-07-06T21:58:45.528+0700] {processor.py:161} INFO - Started process (PID=14282) to work on /home/acer/.local/share/virtualenvs/custom_airflow-E5ZHcY_K/lib/python3.12/site-packages/airflow/example_dags/example_trigger_target_dag.py
[2024-07-06T21:58:45.530+0700] {processor.py:830} INFO - Processing file /home/acer/.local/share/virtualenvs/custom_airflow-E5ZHcY_K/lib/python3.12/site-packages/airflow/example_dags/example_trigger_target_dag.py for tasks to queue
[2024-07-06T21:58:45.533+0700] {logging_mixin.py:188} INFO - [2024-07-06T21:58:45.532+0700] {dagbag.py:545} INFO - Filling up the DagBag from /home/acer/.local/share/virtualenvs/custom_airflow-E5ZHcY_K/lib/python3.12/site-packages/airflow/example_dags/example_trigger_target_dag.py
[2024-07-06T21:58:45.541+0700] {processor.py:840} INFO - DAG(s) 'example_trigger_target_dag' retrieved from /home/acer/.local/share/virtualenvs/custom_airflow-E5ZHcY_K/lib/python3.12/site-packages/airflow/example_dags/example_trigger_target_dag.py
[2024-07-06T21:58:45.557+0700] {logging_mixin.py:188} INFO - [2024-07-06T21:58:45.557+0700] {dag.py:3096} INFO - Sync 1 DAGs
[2024-07-06T21:58:45.569+0700] {logging_mixin.py:188} INFO - [2024-07-06T21:58:45.569+0700] {dag.py:3954} INFO - Setting next_dagrun for example_trigger_target_dag to None, run_after=None
[2024-07-06T21:58:45.590+0700] {processor.py:183} INFO - Processing /home/acer/.local/share/virtualenvs/custom_airflow-E5ZHcY_K/lib/python3.12/site-packages/airflow/example_dags/example_trigger_target_dag.py took 0.072 seconds
[2024-07-06T21:59:33.920+0700] {processor.py:161} INFO - Started process (PID=14546) to work on /home/acer/.local/share/virtualenvs/custom_airflow-E5ZHcY_K/lib/python3.12/site-packages/airflow/example_dags/example_trigger_target_dag.py
[2024-07-06T21:59:33.922+0700] {processor.py:830} INFO - Processing file /home/acer/.local/share/virtualenvs/custom_airflow-E5ZHcY_K/lib/python3.12/site-packages/airflow/example_dags/example_trigger_target_dag.py for tasks to queue
[2024-07-06T21:59:33.926+0700] {logging_mixin.py:188} INFO - [2024-07-06T21:59:33.925+0700] {dagbag.py:545} INFO - Filling up the DagBag from /home/acer/.local/share/virtualenvs/custom_airflow-E5ZHcY_K/lib/python3.12/site-packages/airflow/example_dags/example_trigger_target_dag.py
[2024-07-06T21:59:33.941+0700] {processor.py:840} INFO - DAG(s) 'example_trigger_target_dag' retrieved from /home/acer/.local/share/virtualenvs/custom_airflow-E5ZHcY_K/lib/python3.12/site-packages/airflow/example_dags/example_trigger_target_dag.py
[2024-07-06T21:59:33.969+0700] {logging_mixin.py:188} INFO - [2024-07-06T21:59:33.968+0700] {dag.py:3096} INFO - Sync 1 DAGs
[2024-07-06T21:59:33.991+0700] {logging_mixin.py:188} INFO - [2024-07-06T21:59:33.991+0700] {dag.py:3954} INFO - Setting next_dagrun for example_trigger_target_dag to None, run_after=None
[2024-07-06T21:59:34.021+0700] {processor.py:183} INFO - Processing /home/acer/.local/share/virtualenvs/custom_airflow-E5ZHcY_K/lib/python3.12/site-packages/airflow/example_dags/example_trigger_target_dag.py took 0.114 seconds
[2024-07-06T22:00:26.108+0700] {processor.py:161} INFO - Started process (PID=14914) to work on /home/acer/.local/share/virtualenvs/custom_airflow-E5ZHcY_K/lib/python3.12/site-packages/airflow/example_dags/example_trigger_target_dag.py
[2024-07-06T22:00:26.109+0700] {processor.py:830} INFO - Processing file /home/acer/.local/share/virtualenvs/custom_airflow-E5ZHcY_K/lib/python3.12/site-packages/airflow/example_dags/example_trigger_target_dag.py for tasks to queue
[2024-07-06T22:00:26.111+0700] {logging_mixin.py:188} INFO - [2024-07-06T22:00:26.111+0700] {dagbag.py:545} INFO - Filling up the DagBag from /home/acer/.local/share/virtualenvs/custom_airflow-E5ZHcY_K/lib/python3.12/site-packages/airflow/example_dags/example_trigger_target_dag.py
[2024-07-06T22:00:26.117+0700] {processor.py:840} INFO - DAG(s) 'example_trigger_target_dag' retrieved from /home/acer/.local/share/virtualenvs/custom_airflow-E5ZHcY_K/lib/python3.12/site-packages/airflow/example_dags/example_trigger_target_dag.py
[2024-07-06T22:00:26.132+0700] {logging_mixin.py:188} INFO - [2024-07-06T22:00:26.131+0700] {dag.py:3096} INFO - Sync 1 DAGs
[2024-07-06T22:00:26.144+0700] {logging_mixin.py:188} INFO - [2024-07-06T22:00:26.144+0700] {dag.py:3954} INFO - Setting next_dagrun for example_trigger_target_dag to None, run_after=None
[2024-07-06T22:00:26.166+0700] {processor.py:183} INFO - Processing /home/acer/.local/share/virtualenvs/custom_airflow-E5ZHcY_K/lib/python3.12/site-packages/airflow/example_dags/example_trigger_target_dag.py took 0.066 seconds
[2024-07-06T22:01:54.291+0700] {processor.py:161} INFO - Started process (PID=15867) to work on /home/acer/.local/share/virtualenvs/custom_airflow-E5ZHcY_K/lib/python3.12/site-packages/airflow/example_dags/example_trigger_target_dag.py
[2024-07-06T22:01:54.293+0700] {processor.py:830} INFO - Processing file /home/acer/.local/share/virtualenvs/custom_airflow-E5ZHcY_K/lib/python3.12/site-packages/airflow/example_dags/example_trigger_target_dag.py for tasks to queue
[2024-07-06T22:01:54.297+0700] {logging_mixin.py:188} INFO - [2024-07-06T22:01:54.296+0700] {dagbag.py:545} INFO - Filling up the DagBag from /home/acer/.local/share/virtualenvs/custom_airflow-E5ZHcY_K/lib/python3.12/site-packages/airflow/example_dags/example_trigger_target_dag.py
[2024-07-06T22:01:54.309+0700] {processor.py:840} INFO - DAG(s) 'example_trigger_target_dag' retrieved from /home/acer/.local/share/virtualenvs/custom_airflow-E5ZHcY_K/lib/python3.12/site-packages/airflow/example_dags/example_trigger_target_dag.py
[2024-07-06T22:01:54.325+0700] {logging_mixin.py:188} INFO - [2024-07-06T22:01:54.325+0700] {dag.py:3096} INFO - Sync 1 DAGs
[2024-07-06T22:01:54.338+0700] {logging_mixin.py:188} INFO - [2024-07-06T22:01:54.337+0700] {dag.py:3954} INFO - Setting next_dagrun for example_trigger_target_dag to None, run_after=None
[2024-07-06T22:01:54.359+0700] {processor.py:183} INFO - Processing /home/acer/.local/share/virtualenvs/custom_airflow-E5ZHcY_K/lib/python3.12/site-packages/airflow/example_dags/example_trigger_target_dag.py took 0.080 seconds
[2024-07-06T22:02:53.504+0700] {processor.py:161} INFO - Started process (PID=16314) to work on /home/acer/.local/share/virtualenvs/custom_airflow-E5ZHcY_K/lib/python3.12/site-packages/airflow/example_dags/example_trigger_target_dag.py
[2024-07-06T22:02:53.505+0700] {processor.py:830} INFO - Processing file /home/acer/.local/share/virtualenvs/custom_airflow-E5ZHcY_K/lib/python3.12/site-packages/airflow/example_dags/example_trigger_target_dag.py for tasks to queue
[2024-07-06T22:02:53.507+0700] {logging_mixin.py:188} INFO - [2024-07-06T22:02:53.507+0700] {dagbag.py:545} INFO - Filling up the DagBag from /home/acer/.local/share/virtualenvs/custom_airflow-E5ZHcY_K/lib/python3.12/site-packages/airflow/example_dags/example_trigger_target_dag.py
[2024-07-06T22:02:53.513+0700] {processor.py:840} INFO - DAG(s) 'example_trigger_target_dag' retrieved from /home/acer/.local/share/virtualenvs/custom_airflow-E5ZHcY_K/lib/python3.12/site-packages/airflow/example_dags/example_trigger_target_dag.py
[2024-07-06T22:02:53.528+0700] {logging_mixin.py:188} INFO - [2024-07-06T22:02:53.527+0700] {dag.py:3096} INFO - Sync 1 DAGs
[2024-07-06T22:02:53.540+0700] {logging_mixin.py:188} INFO - [2024-07-06T22:02:53.540+0700] {dag.py:3954} INFO - Setting next_dagrun for example_trigger_target_dag to None, run_after=None
[2024-07-06T22:02:53.560+0700] {processor.py:183} INFO - Processing /home/acer/.local/share/virtualenvs/custom_airflow-E5ZHcY_K/lib/python3.12/site-packages/airflow/example_dags/example_trigger_target_dag.py took 0.061 seconds
[2024-07-06T22:03:45.509+0700] {processor.py:161} INFO - Started process (PID=16562) to work on /home/acer/.local/share/virtualenvs/custom_airflow-E5ZHcY_K/lib/python3.12/site-packages/airflow/example_dags/example_trigger_target_dag.py
[2024-07-06T22:03:45.511+0700] {processor.py:830} INFO - Processing file /home/acer/.local/share/virtualenvs/custom_airflow-E5ZHcY_K/lib/python3.12/site-packages/airflow/example_dags/example_trigger_target_dag.py for tasks to queue
[2024-07-06T22:03:45.515+0700] {logging_mixin.py:188} INFO - [2024-07-06T22:03:45.515+0700] {dagbag.py:545} INFO - Filling up the DagBag from /home/acer/.local/share/virtualenvs/custom_airflow-E5ZHcY_K/lib/python3.12/site-packages/airflow/example_dags/example_trigger_target_dag.py
[2024-07-06T22:03:45.527+0700] {processor.py:840} INFO - DAG(s) 'example_trigger_target_dag' retrieved from /home/acer/.local/share/virtualenvs/custom_airflow-E5ZHcY_K/lib/python3.12/site-packages/airflow/example_dags/example_trigger_target_dag.py
[2024-07-06T22:03:45.549+0700] {logging_mixin.py:188} INFO - [2024-07-06T22:03:45.548+0700] {dag.py:3096} INFO - Sync 1 DAGs
[2024-07-06T22:03:45.562+0700] {logging_mixin.py:188} INFO - [2024-07-06T22:03:45.562+0700] {dag.py:3954} INFO - Setting next_dagrun for example_trigger_target_dag to None, run_after=None
[2024-07-06T22:03:45.585+0700] {processor.py:183} INFO - Processing /home/acer/.local/share/virtualenvs/custom_airflow-E5ZHcY_K/lib/python3.12/site-packages/airflow/example_dags/example_trigger_target_dag.py took 0.094 seconds
[2024-07-06T22:05:13.804+0700] {processor.py:161} INFO - Started process (PID=17609) to work on /home/acer/.local/share/virtualenvs/custom_airflow-E5ZHcY_K/lib/python3.12/site-packages/airflow/example_dags/example_trigger_target_dag.py
[2024-07-06T22:05:13.805+0700] {processor.py:830} INFO - Processing file /home/acer/.local/share/virtualenvs/custom_airflow-E5ZHcY_K/lib/python3.12/site-packages/airflow/example_dags/example_trigger_target_dag.py for tasks to queue
[2024-07-06T22:05:13.807+0700] {logging_mixin.py:188} INFO - [2024-07-06T22:05:13.806+0700] {dagbag.py:545} INFO - Filling up the DagBag from /home/acer/.local/share/virtualenvs/custom_airflow-E5ZHcY_K/lib/python3.12/site-packages/airflow/example_dags/example_trigger_target_dag.py
[2024-07-06T22:05:13.813+0700] {processor.py:840} INFO - DAG(s) 'example_trigger_target_dag' retrieved from /home/acer/.local/share/virtualenvs/custom_airflow-E5ZHcY_K/lib/python3.12/site-packages/airflow/example_dags/example_trigger_target_dag.py
[2024-07-06T22:05:13.827+0700] {logging_mixin.py:188} INFO - [2024-07-06T22:05:13.827+0700] {dag.py:3096} INFO - Sync 1 DAGs
[2024-07-06T22:05:13.839+0700] {logging_mixin.py:188} INFO - [2024-07-06T22:05:13.839+0700] {dag.py:3954} INFO - Setting next_dagrun for example_trigger_target_dag to None, run_after=None
[2024-07-06T22:05:13.868+0700] {processor.py:183} INFO - Processing /home/acer/.local/share/virtualenvs/custom_airflow-E5ZHcY_K/lib/python3.12/site-packages/airflow/example_dags/example_trigger_target_dag.py took 0.070 seconds
[2024-07-06T22:06:05.833+0700] {processor.py:161} INFO - Started process (PID=17868) to work on /home/acer/.local/share/virtualenvs/custom_airflow-E5ZHcY_K/lib/python3.12/site-packages/airflow/example_dags/example_trigger_target_dag.py
[2024-07-06T22:06:05.834+0700] {processor.py:830} INFO - Processing file /home/acer/.local/share/virtualenvs/custom_airflow-E5ZHcY_K/lib/python3.12/site-packages/airflow/example_dags/example_trigger_target_dag.py for tasks to queue
[2024-07-06T22:06:05.837+0700] {logging_mixin.py:188} INFO - [2024-07-06T22:06:05.837+0700] {dagbag.py:545} INFO - Filling up the DagBag from /home/acer/.local/share/virtualenvs/custom_airflow-E5ZHcY_K/lib/python3.12/site-packages/airflow/example_dags/example_trigger_target_dag.py
[2024-07-06T22:06:05.847+0700] {processor.py:840} INFO - DAG(s) 'example_trigger_target_dag' retrieved from /home/acer/.local/share/virtualenvs/custom_airflow-E5ZHcY_K/lib/python3.12/site-packages/airflow/example_dags/example_trigger_target_dag.py
[2024-07-06T22:06:05.862+0700] {logging_mixin.py:188} INFO - [2024-07-06T22:06:05.862+0700] {dag.py:3096} INFO - Sync 1 DAGs
[2024-07-06T22:06:05.874+0700] {logging_mixin.py:188} INFO - [2024-07-06T22:06:05.874+0700] {dag.py:3954} INFO - Setting next_dagrun for example_trigger_target_dag to None, run_after=None
[2024-07-06T22:06:05.896+0700] {processor.py:183} INFO - Processing /home/acer/.local/share/virtualenvs/custom_airflow-E5ZHcY_K/lib/python3.12/site-packages/airflow/example_dags/example_trigger_target_dag.py took 0.073 seconds
[2024-07-06T22:06:54.192+0700] {processor.py:161} INFO - Started process (PID=18288) to work on /home/acer/.local/share/virtualenvs/custom_airflow-E5ZHcY_K/lib/python3.12/site-packages/airflow/example_dags/example_trigger_target_dag.py
[2024-07-06T22:06:54.195+0700] {processor.py:830} INFO - Processing file /home/acer/.local/share/virtualenvs/custom_airflow-E5ZHcY_K/lib/python3.12/site-packages/airflow/example_dags/example_trigger_target_dag.py for tasks to queue
[2024-07-06T22:06:54.200+0700] {logging_mixin.py:188} INFO - [2024-07-06T22:06:54.199+0700] {dagbag.py:545} INFO - Filling up the DagBag from /home/acer/.local/share/virtualenvs/custom_airflow-E5ZHcY_K/lib/python3.12/site-packages/airflow/example_dags/example_trigger_target_dag.py
[2024-07-06T22:06:54.218+0700] {processor.py:840} INFO - DAG(s) 'example_trigger_target_dag' retrieved from /home/acer/.local/share/virtualenvs/custom_airflow-E5ZHcY_K/lib/python3.12/site-packages/airflow/example_dags/example_trigger_target_dag.py
[2024-07-06T22:06:54.239+0700] {logging_mixin.py:188} INFO - [2024-07-06T22:06:54.238+0700] {dag.py:3096} INFO - Sync 1 DAGs
[2024-07-06T22:06:54.256+0700] {logging_mixin.py:188} INFO - [2024-07-06T22:06:54.256+0700] {dag.py:3954} INFO - Setting next_dagrun for example_trigger_target_dag to None, run_after=None
[2024-07-06T22:06:54.288+0700] {processor.py:183} INFO - Processing /home/acer/.local/share/virtualenvs/custom_airflow-E5ZHcY_K/lib/python3.12/site-packages/airflow/example_dags/example_trigger_target_dag.py took 0.106 seconds
[2024-07-06T22:07:49.026+0700] {processor.py:161} INFO - Started process (PID=18670) to work on /home/acer/.local/share/virtualenvs/custom_airflow-E5ZHcY_K/lib/python3.12/site-packages/airflow/example_dags/example_trigger_target_dag.py
[2024-07-06T22:07:49.028+0700] {processor.py:830} INFO - Processing file /home/acer/.local/share/virtualenvs/custom_airflow-E5ZHcY_K/lib/python3.12/site-packages/airflow/example_dags/example_trigger_target_dag.py for tasks to queue
[2024-07-06T22:07:49.030+0700] {logging_mixin.py:188} INFO - [2024-07-06T22:07:49.029+0700] {dagbag.py:545} INFO - Filling up the DagBag from /home/acer/.local/share/virtualenvs/custom_airflow-E5ZHcY_K/lib/python3.12/site-packages/airflow/example_dags/example_trigger_target_dag.py
[2024-07-06T22:07:49.039+0700] {processor.py:840} INFO - DAG(s) 'example_trigger_target_dag' retrieved from /home/acer/.local/share/virtualenvs/custom_airflow-E5ZHcY_K/lib/python3.12/site-packages/airflow/example_dags/example_trigger_target_dag.py
[2024-07-06T22:07:49.060+0700] {logging_mixin.py:188} INFO - [2024-07-06T22:07:49.060+0700] {dag.py:3096} INFO - Sync 1 DAGs
[2024-07-06T22:07:49.076+0700] {logging_mixin.py:188} INFO - [2024-07-06T22:07:49.076+0700] {dag.py:3954} INFO - Setting next_dagrun for example_trigger_target_dag to None, run_after=None
[2024-07-06T22:07:49.108+0700] {processor.py:183} INFO - Processing /home/acer/.local/share/virtualenvs/custom_airflow-E5ZHcY_K/lib/python3.12/site-packages/airflow/example_dags/example_trigger_target_dag.py took 0.109 seconds
[2024-07-06T22:08:44.458+0700] {processor.py:161} INFO - Started process (PID=18953) to work on /home/acer/.local/share/virtualenvs/custom_airflow-E5ZHcY_K/lib/python3.12/site-packages/airflow/example_dags/example_trigger_target_dag.py
[2024-07-06T22:08:44.459+0700] {processor.py:830} INFO - Processing file /home/acer/.local/share/virtualenvs/custom_airflow-E5ZHcY_K/lib/python3.12/site-packages/airflow/example_dags/example_trigger_target_dag.py for tasks to queue
[2024-07-06T22:08:44.462+0700] {logging_mixin.py:188} INFO - [2024-07-06T22:08:44.462+0700] {dagbag.py:545} INFO - Filling up the DagBag from /home/acer/.local/share/virtualenvs/custom_airflow-E5ZHcY_K/lib/python3.12/site-packages/airflow/example_dags/example_trigger_target_dag.py
[2024-07-06T22:08:44.470+0700] {processor.py:840} INFO - DAG(s) 'example_trigger_target_dag' retrieved from /home/acer/.local/share/virtualenvs/custom_airflow-E5ZHcY_K/lib/python3.12/site-packages/airflow/example_dags/example_trigger_target_dag.py
[2024-07-06T22:08:44.490+0700] {logging_mixin.py:188} INFO - [2024-07-06T22:08:44.490+0700] {dag.py:3096} INFO - Sync 1 DAGs
[2024-07-06T22:08:44.514+0700] {logging_mixin.py:188} INFO - [2024-07-06T22:08:44.513+0700] {dag.py:3954} INFO - Setting next_dagrun for example_trigger_target_dag to None, run_after=None
[2024-07-06T22:08:44.543+0700] {processor.py:183} INFO - Processing /home/acer/.local/share/virtualenvs/custom_airflow-E5ZHcY_K/lib/python3.12/site-packages/airflow/example_dags/example_trigger_target_dag.py took 0.092 seconds
[2024-07-06T22:09:40.422+0700] {processor.py:161} INFO - Started process (PID=19265) to work on /home/acer/.local/share/virtualenvs/custom_airflow-E5ZHcY_K/lib/python3.12/site-packages/airflow/example_dags/example_trigger_target_dag.py
[2024-07-06T22:09:40.424+0700] {processor.py:830} INFO - Processing file /home/acer/.local/share/virtualenvs/custom_airflow-E5ZHcY_K/lib/python3.12/site-packages/airflow/example_dags/example_trigger_target_dag.py for tasks to queue
[2024-07-06T22:09:40.426+0700] {logging_mixin.py:188} INFO - [2024-07-06T22:09:40.425+0700] {dagbag.py:545} INFO - Filling up the DagBag from /home/acer/.local/share/virtualenvs/custom_airflow-E5ZHcY_K/lib/python3.12/site-packages/airflow/example_dags/example_trigger_target_dag.py
[2024-07-06T22:09:40.433+0700] {processor.py:840} INFO - DAG(s) 'example_trigger_target_dag' retrieved from /home/acer/.local/share/virtualenvs/custom_airflow-E5ZHcY_K/lib/python3.12/site-packages/airflow/example_dags/example_trigger_target_dag.py
[2024-07-06T22:09:40.450+0700] {logging_mixin.py:188} INFO - [2024-07-06T22:09:40.449+0700] {dag.py:3096} INFO - Sync 1 DAGs
[2024-07-06T22:09:40.469+0700] {logging_mixin.py:188} INFO - [2024-07-06T22:09:40.469+0700] {dag.py:3954} INFO - Setting next_dagrun for example_trigger_target_dag to None, run_after=None
[2024-07-06T22:09:40.500+0700] {processor.py:183} INFO - Processing /home/acer/.local/share/virtualenvs/custom_airflow-E5ZHcY_K/lib/python3.12/site-packages/airflow/example_dags/example_trigger_target_dag.py took 0.088 seconds
[2024-07-06T22:10:43.377+0700] {processor.py:161} INFO - Started process (PID=19667) to work on /home/acer/.local/share/virtualenvs/custom_airflow-E5ZHcY_K/lib/python3.12/site-packages/airflow/example_dags/example_trigger_target_dag.py
[2024-07-06T22:10:43.379+0700] {processor.py:830} INFO - Processing file /home/acer/.local/share/virtualenvs/custom_airflow-E5ZHcY_K/lib/python3.12/site-packages/airflow/example_dags/example_trigger_target_dag.py for tasks to queue
[2024-07-06T22:10:43.386+0700] {logging_mixin.py:188} INFO - [2024-07-06T22:10:43.384+0700] {dagbag.py:545} INFO - Filling up the DagBag from /home/acer/.local/share/virtualenvs/custom_airflow-E5ZHcY_K/lib/python3.12/site-packages/airflow/example_dags/example_trigger_target_dag.py
[2024-07-06T22:10:43.397+0700] {processor.py:840} INFO - DAG(s) 'example_trigger_target_dag' retrieved from /home/acer/.local/share/virtualenvs/custom_airflow-E5ZHcY_K/lib/python3.12/site-packages/airflow/example_dags/example_trigger_target_dag.py
[2024-07-06T22:10:43.424+0700] {logging_mixin.py:188} INFO - [2024-07-06T22:10:43.423+0700] {dag.py:3096} INFO - Sync 1 DAGs
[2024-07-06T22:10:43.444+0700] {logging_mixin.py:188} INFO - [2024-07-06T22:10:43.443+0700] {dag.py:3954} INFO - Setting next_dagrun for example_trigger_target_dag to None, run_after=None
[2024-07-06T22:10:43.510+0700] {processor.py:183} INFO - Processing /home/acer/.local/share/virtualenvs/custom_airflow-E5ZHcY_K/lib/python3.12/site-packages/airflow/example_dags/example_trigger_target_dag.py took 0.143 seconds
[2024-07-06T22:11:46.977+0700] {processor.py:161} INFO - Started process (PID=19983) to work on /home/acer/.local/share/virtualenvs/custom_airflow-E5ZHcY_K/lib/python3.12/site-packages/airflow/example_dags/example_trigger_target_dag.py
[2024-07-06T22:11:46.981+0700] {processor.py:830} INFO - Processing file /home/acer/.local/share/virtualenvs/custom_airflow-E5ZHcY_K/lib/python3.12/site-packages/airflow/example_dags/example_trigger_target_dag.py for tasks to queue
[2024-07-06T22:11:46.985+0700] {logging_mixin.py:188} INFO - [2024-07-06T22:11:46.984+0700] {dagbag.py:545} INFO - Filling up the DagBag from /home/acer/.local/share/virtualenvs/custom_airflow-E5ZHcY_K/lib/python3.12/site-packages/airflow/example_dags/example_trigger_target_dag.py
[2024-07-06T22:11:46.998+0700] {processor.py:840} INFO - DAG(s) 'example_trigger_target_dag' retrieved from /home/acer/.local/share/virtualenvs/custom_airflow-E5ZHcY_K/lib/python3.12/site-packages/airflow/example_dags/example_trigger_target_dag.py
[2024-07-06T22:11:47.017+0700] {logging_mixin.py:188} INFO - [2024-07-06T22:11:47.017+0700] {dag.py:3096} INFO - Sync 1 DAGs
[2024-07-06T22:11:47.037+0700] {logging_mixin.py:188} INFO - [2024-07-06T22:11:47.037+0700] {dag.py:3954} INFO - Setting next_dagrun for example_trigger_target_dag to None, run_after=None
[2024-07-06T22:11:47.077+0700] {processor.py:183} INFO - Processing /home/acer/.local/share/virtualenvs/custom_airflow-E5ZHcY_K/lib/python3.12/site-packages/airflow/example_dags/example_trigger_target_dag.py took 0.129 seconds
[2024-07-06T22:12:46.754+0700] {processor.py:161} INFO - Started process (PID=20295) to work on /home/acer/.local/share/virtualenvs/custom_airflow-E5ZHcY_K/lib/python3.12/site-packages/airflow/example_dags/example_trigger_target_dag.py
[2024-07-06T22:12:46.759+0700] {processor.py:830} INFO - Processing file /home/acer/.local/share/virtualenvs/custom_airflow-E5ZHcY_K/lib/python3.12/site-packages/airflow/example_dags/example_trigger_target_dag.py for tasks to queue
[2024-07-06T22:12:46.762+0700] {logging_mixin.py:188} INFO - [2024-07-06T22:12:46.762+0700] {dagbag.py:545} INFO - Filling up the DagBag from /home/acer/.local/share/virtualenvs/custom_airflow-E5ZHcY_K/lib/python3.12/site-packages/airflow/example_dags/example_trigger_target_dag.py
[2024-07-06T22:12:46.771+0700] {processor.py:840} INFO - DAG(s) 'example_trigger_target_dag' retrieved from /home/acer/.local/share/virtualenvs/custom_airflow-E5ZHcY_K/lib/python3.12/site-packages/airflow/example_dags/example_trigger_target_dag.py
[2024-07-06T22:12:46.793+0700] {logging_mixin.py:188} INFO - [2024-07-06T22:12:46.792+0700] {dag.py:3096} INFO - Sync 1 DAGs
[2024-07-06T22:12:46.809+0700] {logging_mixin.py:188} INFO - [2024-07-06T22:12:46.809+0700] {dag.py:3954} INFO - Setting next_dagrun for example_trigger_target_dag to None, run_after=None
[2024-07-06T22:12:46.833+0700] {processor.py:183} INFO - Processing /home/acer/.local/share/virtualenvs/custom_airflow-E5ZHcY_K/lib/python3.12/site-packages/airflow/example_dags/example_trigger_target_dag.py took 0.089 seconds
[2024-07-06T22:13:45.843+0700] {processor.py:161} INFO - Started process (PID=20676) to work on /home/acer/.local/share/virtualenvs/custom_airflow-E5ZHcY_K/lib/python3.12/site-packages/airflow/example_dags/example_trigger_target_dag.py
[2024-07-06T22:13:45.845+0700] {processor.py:830} INFO - Processing file /home/acer/.local/share/virtualenvs/custom_airflow-E5ZHcY_K/lib/python3.12/site-packages/airflow/example_dags/example_trigger_target_dag.py for tasks to queue
[2024-07-06T22:13:45.848+0700] {logging_mixin.py:188} INFO - [2024-07-06T22:13:45.847+0700] {dagbag.py:545} INFO - Filling up the DagBag from /home/acer/.local/share/virtualenvs/custom_airflow-E5ZHcY_K/lib/python3.12/site-packages/airflow/example_dags/example_trigger_target_dag.py
[2024-07-06T22:13:45.859+0700] {processor.py:840} INFO - DAG(s) 'example_trigger_target_dag' retrieved from /home/acer/.local/share/virtualenvs/custom_airflow-E5ZHcY_K/lib/python3.12/site-packages/airflow/example_dags/example_trigger_target_dag.py
[2024-07-06T22:13:45.881+0700] {logging_mixin.py:188} INFO - [2024-07-06T22:13:45.880+0700] {dag.py:3096} INFO - Sync 1 DAGs
[2024-07-06T22:13:45.900+0700] {logging_mixin.py:188} INFO - [2024-07-06T22:13:45.900+0700] {dag.py:3954} INFO - Setting next_dagrun for example_trigger_target_dag to None, run_after=None
[2024-07-06T22:13:45.927+0700] {processor.py:183} INFO - Processing /home/acer/.local/share/virtualenvs/custom_airflow-E5ZHcY_K/lib/python3.12/site-packages/airflow/example_dags/example_trigger_target_dag.py took 0.101 seconds
[2024-07-06T22:14:45.651+0700] {processor.py:161} INFO - Started process (PID=21006) to work on /home/acer/.local/share/virtualenvs/custom_airflow-E5ZHcY_K/lib/python3.12/site-packages/airflow/example_dags/example_trigger_target_dag.py
[2024-07-06T22:14:45.655+0700] {processor.py:830} INFO - Processing file /home/acer/.local/share/virtualenvs/custom_airflow-E5ZHcY_K/lib/python3.12/site-packages/airflow/example_dags/example_trigger_target_dag.py for tasks to queue
[2024-07-06T22:14:45.665+0700] {logging_mixin.py:188} INFO - [2024-07-06T22:14:45.663+0700] {dagbag.py:545} INFO - Filling up the DagBag from /home/acer/.local/share/virtualenvs/custom_airflow-E5ZHcY_K/lib/python3.12/site-packages/airflow/example_dags/example_trigger_target_dag.py
[2024-07-06T22:14:45.687+0700] {processor.py:840} INFO - DAG(s) 'example_trigger_target_dag' retrieved from /home/acer/.local/share/virtualenvs/custom_airflow-E5ZHcY_K/lib/python3.12/site-packages/airflow/example_dags/example_trigger_target_dag.py
[2024-07-06T22:14:45.710+0700] {logging_mixin.py:188} INFO - [2024-07-06T22:14:45.709+0700] {dag.py:3096} INFO - Sync 1 DAGs
[2024-07-06T22:14:45.729+0700] {logging_mixin.py:188} INFO - [2024-07-06T22:14:45.728+0700] {dag.py:3954} INFO - Setting next_dagrun for example_trigger_target_dag to None, run_after=None
[2024-07-06T22:14:45.758+0700] {processor.py:183} INFO - Processing /home/acer/.local/share/virtualenvs/custom_airflow-E5ZHcY_K/lib/python3.12/site-packages/airflow/example_dags/example_trigger_target_dag.py took 0.129 seconds
[2024-07-06T22:15:50.160+0700] {processor.py:161} INFO - Started process (PID=21390) to work on /home/acer/.local/share/virtualenvs/custom_airflow-E5ZHcY_K/lib/python3.12/site-packages/airflow/example_dags/example_trigger_target_dag.py
[2024-07-06T22:15:50.168+0700] {processor.py:830} INFO - Processing file /home/acer/.local/share/virtualenvs/custom_airflow-E5ZHcY_K/lib/python3.12/site-packages/airflow/example_dags/example_trigger_target_dag.py for tasks to queue
[2024-07-06T22:15:50.172+0700] {logging_mixin.py:188} INFO - [2024-07-06T22:15:50.171+0700] {dagbag.py:545} INFO - Filling up the DagBag from /home/acer/.local/share/virtualenvs/custom_airflow-E5ZHcY_K/lib/python3.12/site-packages/airflow/example_dags/example_trigger_target_dag.py
[2024-07-06T22:15:50.184+0700] {processor.py:840} INFO - DAG(s) 'example_trigger_target_dag' retrieved from /home/acer/.local/share/virtualenvs/custom_airflow-E5ZHcY_K/lib/python3.12/site-packages/airflow/example_dags/example_trigger_target_dag.py
[2024-07-06T22:15:50.207+0700] {logging_mixin.py:188} INFO - [2024-07-06T22:15:50.207+0700] {dag.py:3096} INFO - Sync 1 DAGs
[2024-07-06T22:15:50.226+0700] {logging_mixin.py:188} INFO - [2024-07-06T22:15:50.225+0700] {dag.py:3954} INFO - Setting next_dagrun for example_trigger_target_dag to None, run_after=None
[2024-07-06T22:15:50.253+0700] {processor.py:183} INFO - Processing /home/acer/.local/share/virtualenvs/custom_airflow-E5ZHcY_K/lib/python3.12/site-packages/airflow/example_dags/example_trigger_target_dag.py took 0.109 seconds
[2024-07-06T22:16:46.024+0700] {processor.py:161} INFO - Started process (PID=21683) to work on /home/acer/.local/share/virtualenvs/custom_airflow-E5ZHcY_K/lib/python3.12/site-packages/airflow/example_dags/example_trigger_target_dag.py
[2024-07-06T22:16:46.026+0700] {processor.py:830} INFO - Processing file /home/acer/.local/share/virtualenvs/custom_airflow-E5ZHcY_K/lib/python3.12/site-packages/airflow/example_dags/example_trigger_target_dag.py for tasks to queue
[2024-07-06T22:16:46.028+0700] {logging_mixin.py:188} INFO - [2024-07-06T22:16:46.028+0700] {dagbag.py:545} INFO - Filling up the DagBag from /home/acer/.local/share/virtualenvs/custom_airflow-E5ZHcY_K/lib/python3.12/site-packages/airflow/example_dags/example_trigger_target_dag.py
[2024-07-06T22:16:46.037+0700] {processor.py:840} INFO - DAG(s) 'example_trigger_target_dag' retrieved from /home/acer/.local/share/virtualenvs/custom_airflow-E5ZHcY_K/lib/python3.12/site-packages/airflow/example_dags/example_trigger_target_dag.py
[2024-07-06T22:16:46.063+0700] {logging_mixin.py:188} INFO - [2024-07-06T22:16:46.062+0700] {dag.py:3096} INFO - Sync 1 DAGs
[2024-07-06T22:16:46.080+0700] {logging_mixin.py:188} INFO - [2024-07-06T22:16:46.079+0700] {dag.py:3954} INFO - Setting next_dagrun for example_trigger_target_dag to None, run_after=None
[2024-07-06T22:16:46.112+0700] {processor.py:183} INFO - Processing /home/acer/.local/share/virtualenvs/custom_airflow-E5ZHcY_K/lib/python3.12/site-packages/airflow/example_dags/example_trigger_target_dag.py took 0.094 seconds
[2024-07-06T22:17:40.239+0700] {processor.py:161} INFO - Started process (PID=21978) to work on /home/acer/.local/share/virtualenvs/custom_airflow-E5ZHcY_K/lib/python3.12/site-packages/airflow/example_dags/example_trigger_target_dag.py
[2024-07-06T22:17:40.241+0700] {processor.py:830} INFO - Processing file /home/acer/.local/share/virtualenvs/custom_airflow-E5ZHcY_K/lib/python3.12/site-packages/airflow/example_dags/example_trigger_target_dag.py for tasks to queue
[2024-07-06T22:17:40.244+0700] {logging_mixin.py:188} INFO - [2024-07-06T22:17:40.244+0700] {dagbag.py:545} INFO - Filling up the DagBag from /home/acer/.local/share/virtualenvs/custom_airflow-E5ZHcY_K/lib/python3.12/site-packages/airflow/example_dags/example_trigger_target_dag.py
[2024-07-06T22:17:40.255+0700] {processor.py:840} INFO - DAG(s) 'example_trigger_target_dag' retrieved from /home/acer/.local/share/virtualenvs/custom_airflow-E5ZHcY_K/lib/python3.12/site-packages/airflow/example_dags/example_trigger_target_dag.py
[2024-07-06T22:17:40.277+0700] {logging_mixin.py:188} INFO - [2024-07-06T22:17:40.277+0700] {dag.py:3096} INFO - Sync 1 DAGs
[2024-07-06T22:17:40.292+0700] {logging_mixin.py:188} INFO - [2024-07-06T22:17:40.292+0700] {dag.py:3954} INFO - Setting next_dagrun for example_trigger_target_dag to None, run_after=None
[2024-07-06T22:17:40.324+0700] {processor.py:183} INFO - Processing /home/acer/.local/share/virtualenvs/custom_airflow-E5ZHcY_K/lib/python3.12/site-packages/airflow/example_dags/example_trigger_target_dag.py took 0.099 seconds
[2024-07-06T22:18:44.891+0700] {processor.py:161} INFO - Started process (PID=22325) to work on /home/acer/.local/share/virtualenvs/custom_airflow-E5ZHcY_K/lib/python3.12/site-packages/airflow/example_dags/example_trigger_target_dag.py
[2024-07-06T22:18:44.894+0700] {processor.py:830} INFO - Processing file /home/acer/.local/share/virtualenvs/custom_airflow-E5ZHcY_K/lib/python3.12/site-packages/airflow/example_dags/example_trigger_target_dag.py for tasks to queue
[2024-07-06T22:18:44.907+0700] {logging_mixin.py:188} INFO - [2024-07-06T22:18:44.905+0700] {dagbag.py:545} INFO - Filling up the DagBag from /home/acer/.local/share/virtualenvs/custom_airflow-E5ZHcY_K/lib/python3.12/site-packages/airflow/example_dags/example_trigger_target_dag.py
[2024-07-06T22:18:44.922+0700] {processor.py:840} INFO - DAG(s) 'example_trigger_target_dag' retrieved from /home/acer/.local/share/virtualenvs/custom_airflow-E5ZHcY_K/lib/python3.12/site-packages/airflow/example_dags/example_trigger_target_dag.py
[2024-07-06T22:18:44.949+0700] {logging_mixin.py:188} INFO - [2024-07-06T22:18:44.948+0700] {dag.py:3096} INFO - Sync 1 DAGs
[2024-07-06T22:18:44.965+0700] {logging_mixin.py:188} INFO - [2024-07-06T22:18:44.965+0700] {dag.py:3954} INFO - Setting next_dagrun for example_trigger_target_dag to None, run_after=None
[2024-07-06T22:18:44.992+0700] {processor.py:183} INFO - Processing /home/acer/.local/share/virtualenvs/custom_airflow-E5ZHcY_K/lib/python3.12/site-packages/airflow/example_dags/example_trigger_target_dag.py took 0.120 seconds
[2024-07-06T22:19:45.609+0700] {processor.py:161} INFO - Started process (PID=22652) to work on /home/acer/.local/share/virtualenvs/custom_airflow-E5ZHcY_K/lib/python3.12/site-packages/airflow/example_dags/example_trigger_target_dag.py
[2024-07-06T22:19:45.611+0700] {processor.py:830} INFO - Processing file /home/acer/.local/share/virtualenvs/custom_airflow-E5ZHcY_K/lib/python3.12/site-packages/airflow/example_dags/example_trigger_target_dag.py for tasks to queue
[2024-07-06T22:19:45.614+0700] {logging_mixin.py:188} INFO - [2024-07-06T22:19:45.613+0700] {dagbag.py:545} INFO - Filling up the DagBag from /home/acer/.local/share/virtualenvs/custom_airflow-E5ZHcY_K/lib/python3.12/site-packages/airflow/example_dags/example_trigger_target_dag.py
[2024-07-06T22:19:45.626+0700] {processor.py:840} INFO - DAG(s) 'example_trigger_target_dag' retrieved from /home/acer/.local/share/virtualenvs/custom_airflow-E5ZHcY_K/lib/python3.12/site-packages/airflow/example_dags/example_trigger_target_dag.py
[2024-07-06T22:19:45.644+0700] {logging_mixin.py:188} INFO - [2024-07-06T22:19:45.644+0700] {dag.py:3096} INFO - Sync 1 DAGs
[2024-07-06T22:19:45.660+0700] {logging_mixin.py:188} INFO - [2024-07-06T22:19:45.660+0700] {dag.py:3954} INFO - Setting next_dagrun for example_trigger_target_dag to None, run_after=None
[2024-07-06T22:19:45.685+0700] {processor.py:183} INFO - Processing /home/acer/.local/share/virtualenvs/custom_airflow-E5ZHcY_K/lib/python3.12/site-packages/airflow/example_dags/example_trigger_target_dag.py took 0.089 seconds
[2024-07-06T22:20:46.750+0700] {processor.py:161} INFO - Started process (PID=22958) to work on /home/acer/.local/share/virtualenvs/custom_airflow-E5ZHcY_K/lib/python3.12/site-packages/airflow/example_dags/example_trigger_target_dag.py
[2024-07-06T22:20:46.752+0700] {processor.py:830} INFO - Processing file /home/acer/.local/share/virtualenvs/custom_airflow-E5ZHcY_K/lib/python3.12/site-packages/airflow/example_dags/example_trigger_target_dag.py for tasks to queue
[2024-07-06T22:20:46.756+0700] {logging_mixin.py:188} INFO - [2024-07-06T22:20:46.755+0700] {dagbag.py:545} INFO - Filling up the DagBag from /home/acer/.local/share/virtualenvs/custom_airflow-E5ZHcY_K/lib/python3.12/site-packages/airflow/example_dags/example_trigger_target_dag.py
[2024-07-06T22:20:46.769+0700] {processor.py:840} INFO - DAG(s) 'example_trigger_target_dag' retrieved from /home/acer/.local/share/virtualenvs/custom_airflow-E5ZHcY_K/lib/python3.12/site-packages/airflow/example_dags/example_trigger_target_dag.py
[2024-07-06T22:20:46.801+0700] {logging_mixin.py:188} INFO - [2024-07-06T22:20:46.801+0700] {dag.py:3096} INFO - Sync 1 DAGs
[2024-07-06T22:20:46.927+0700] {logging_mixin.py:188} INFO - [2024-07-06T22:20:46.927+0700] {dag.py:3954} INFO - Setting next_dagrun for example_trigger_target_dag to None, run_after=None
[2024-07-06T22:20:46.955+0700] {processor.py:183} INFO - Processing /home/acer/.local/share/virtualenvs/custom_airflow-E5ZHcY_K/lib/python3.12/site-packages/airflow/example_dags/example_trigger_target_dag.py took 0.217 seconds
