[2024-07-06T16:09:12.117+0700] {processor.py:161} INFO - Started process (PID=51319) to work on /home/acer/.local/share/virtualenvs/custom_airflow-E5ZHcY_K/lib/python3.12/site-packages/airflow/example_dags/example_python_operator.py
[2024-07-06T16:09:12.119+0700] {processor.py:830} INFO - Processing file /home/acer/.local/share/virtualenvs/custom_airflow-E5ZHcY_K/lib/python3.12/site-packages/airflow/example_dags/example_python_operator.py for tasks to queue
[2024-07-06T16:09:12.122+0700] {logging_mixin.py:188} INFO - [2024-07-06T16:09:12.121+0700] {dagbag.py:545} INFO - Filling up the DagBag from /home/acer/.local/share/virtualenvs/custom_airflow-E5ZHcY_K/lib/python3.12/site-packages/airflow/example_dags/example_python_operator.py
[2024-07-06T16:09:12.136+0700] {processor.py:840} INFO - DAG(s) 'example_python_operator' retrieved from /home/acer/.local/share/virtualenvs/custom_airflow-E5ZHcY_K/lib/python3.12/site-packages/airflow/example_dags/example_python_operator.py
[2024-07-06T16:09:12.259+0700] {logging_mixin.py:188} INFO - [2024-07-06T16:09:12.258+0700] {override.py:1847} INFO - Created Permission View: can delete on DAG:example_python_operator
[2024-07-06T16:09:12.271+0700] {logging_mixin.py:188} INFO - [2024-07-06T16:09:12.270+0700] {override.py:1847} INFO - Created Permission View: can edit on DAG:example_python_operator
[2024-07-06T16:09:12.279+0700] {logging_mixin.py:188} INFO - [2024-07-06T16:09:12.279+0700] {override.py:1847} INFO - Created Permission View: can read on DAG:example_python_operator
[2024-07-06T16:09:12.280+0700] {logging_mixin.py:188} INFO - [2024-07-06T16:09:12.279+0700] {dag.py:3096} INFO - Sync 1 DAGs
[2024-07-06T16:09:12.292+0700] {logging_mixin.py:188} INFO - [2024-07-06T16:09:12.291+0700] {dag.py:3118} INFO - Creating ORM DAG for example_python_operator
[2024-07-06T16:09:12.292+0700] {logging_mixin.py:188} INFO - [2024-07-06T16:09:12.292+0700] {dag.py:3954} INFO - Setting next_dagrun for example_python_operator to None, run_after=None
[2024-07-06T16:09:12.318+0700] {processor.py:183} INFO - Processing /home/acer/.local/share/virtualenvs/custom_airflow-E5ZHcY_K/lib/python3.12/site-packages/airflow/example_dags/example_python_operator.py took 0.214 seconds
[2024-07-06T16:10:09.979+0700] {processor.py:161} INFO - Started process (PID=51673) to work on /home/acer/.local/share/virtualenvs/custom_airflow-E5ZHcY_K/lib/python3.12/site-packages/airflow/example_dags/example_python_operator.py
[2024-07-06T16:10:09.980+0700] {processor.py:830} INFO - Processing file /home/acer/.local/share/virtualenvs/custom_airflow-E5ZHcY_K/lib/python3.12/site-packages/airflow/example_dags/example_python_operator.py for tasks to queue
[2024-07-06T16:10:09.983+0700] {logging_mixin.py:188} INFO - [2024-07-06T16:10:09.982+0700] {dagbag.py:545} INFO - Filling up the DagBag from /home/acer/.local/share/virtualenvs/custom_airflow-E5ZHcY_K/lib/python3.12/site-packages/airflow/example_dags/example_python_operator.py
[2024-07-06T16:10:09.995+0700] {processor.py:840} INFO - DAG(s) 'example_python_operator' retrieved from /home/acer/.local/share/virtualenvs/custom_airflow-E5ZHcY_K/lib/python3.12/site-packages/airflow/example_dags/example_python_operator.py
[2024-07-06T16:10:10.017+0700] {logging_mixin.py:188} INFO - [2024-07-06T16:10:10.017+0700] {dag.py:3096} INFO - Sync 1 DAGs
[2024-07-06T16:10:10.030+0700] {logging_mixin.py:188} INFO - [2024-07-06T16:10:10.030+0700] {dag.py:3954} INFO - Setting next_dagrun for example_python_operator to None, run_after=None
[2024-07-06T16:10:10.052+0700] {processor.py:183} INFO - Processing /home/acer/.local/share/virtualenvs/custom_airflow-E5ZHcY_K/lib/python3.12/site-packages/airflow/example_dags/example_python_operator.py took 0.084 seconds
[2024-07-06T16:11:02.592+0700] {processor.py:161} INFO - Started process (PID=52332) to work on /home/acer/.local/share/virtualenvs/custom_airflow-E5ZHcY_K/lib/python3.12/site-packages/airflow/example_dags/example_python_operator.py
[2024-07-06T16:11:02.593+0700] {processor.py:830} INFO - Processing file /home/acer/.local/share/virtualenvs/custom_airflow-E5ZHcY_K/lib/python3.12/site-packages/airflow/example_dags/example_python_operator.py for tasks to queue
[2024-07-06T16:11:02.594+0700] {logging_mixin.py:188} INFO - [2024-07-06T16:11:02.594+0700] {dagbag.py:545} INFO - Filling up the DagBag from /home/acer/.local/share/virtualenvs/custom_airflow-E5ZHcY_K/lib/python3.12/site-packages/airflow/example_dags/example_python_operator.py
[2024-07-06T16:11:02.608+0700] {processor.py:840} INFO - DAG(s) 'example_python_operator' retrieved from /home/acer/.local/share/virtualenvs/custom_airflow-E5ZHcY_K/lib/python3.12/site-packages/airflow/example_dags/example_python_operator.py
[2024-07-06T16:11:02.742+0700] {logging_mixin.py:188} INFO - [2024-07-06T16:11:02.741+0700] {dag.py:3096} INFO - Sync 1 DAGs
[2024-07-06T16:11:02.755+0700] {logging_mixin.py:188} INFO - [2024-07-06T16:11:02.755+0700] {dag.py:3954} INFO - Setting next_dagrun for example_python_operator to None, run_after=None
[2024-07-06T16:11:02.785+0700] {processor.py:183} INFO - Processing /home/acer/.local/share/virtualenvs/custom_airflow-E5ZHcY_K/lib/python3.12/site-packages/airflow/example_dags/example_python_operator.py took 0.200 seconds
[2024-07-06T16:11:58.398+0700] {processor.py:161} INFO - Started process (PID=52639) to work on /home/acer/.local/share/virtualenvs/custom_airflow-E5ZHcY_K/lib/python3.12/site-packages/airflow/example_dags/example_python_operator.py
[2024-07-06T16:11:58.399+0700] {processor.py:830} INFO - Processing file /home/acer/.local/share/virtualenvs/custom_airflow-E5ZHcY_K/lib/python3.12/site-packages/airflow/example_dags/example_python_operator.py for tasks to queue
[2024-07-06T16:11:58.400+0700] {logging_mixin.py:188} INFO - [2024-07-06T16:11:58.400+0700] {dagbag.py:545} INFO - Filling up the DagBag from /home/acer/.local/share/virtualenvs/custom_airflow-E5ZHcY_K/lib/python3.12/site-packages/airflow/example_dags/example_python_operator.py
[2024-07-06T16:11:58.416+0700] {processor.py:840} INFO - DAG(s) 'example_python_operator' retrieved from /home/acer/.local/share/virtualenvs/custom_airflow-E5ZHcY_K/lib/python3.12/site-packages/airflow/example_dags/example_python_operator.py
[2024-07-06T16:11:58.440+0700] {logging_mixin.py:188} INFO - [2024-07-06T16:11:58.439+0700] {dag.py:3096} INFO - Sync 1 DAGs
[2024-07-06T16:11:58.458+0700] {logging_mixin.py:188} INFO - [2024-07-06T16:11:58.458+0700] {dag.py:3954} INFO - Setting next_dagrun for example_python_operator to None, run_after=None
[2024-07-06T16:11:58.484+0700] {processor.py:183} INFO - Processing /home/acer/.local/share/virtualenvs/custom_airflow-E5ZHcY_K/lib/python3.12/site-packages/airflow/example_dags/example_python_operator.py took 0.092 seconds
[2024-07-06T16:16:03.540+0700] {processor.py:161} INFO - Started process (PID=54923) to work on /home/acer/.local/share/virtualenvs/custom_airflow-E5ZHcY_K/lib/python3.12/site-packages/airflow/example_dags/example_python_operator.py
[2024-07-06T16:16:03.541+0700] {processor.py:830} INFO - Processing file /home/acer/.local/share/virtualenvs/custom_airflow-E5ZHcY_K/lib/python3.12/site-packages/airflow/example_dags/example_python_operator.py for tasks to queue
[2024-07-06T16:16:03.543+0700] {logging_mixin.py:188} INFO - [2024-07-06T16:16:03.542+0700] {dagbag.py:545} INFO - Filling up the DagBag from /home/acer/.local/share/virtualenvs/custom_airflow-E5ZHcY_K/lib/python3.12/site-packages/airflow/example_dags/example_python_operator.py
[2024-07-06T16:16:03.556+0700] {processor.py:840} INFO - DAG(s) 'example_python_operator' retrieved from /home/acer/.local/share/virtualenvs/custom_airflow-E5ZHcY_K/lib/python3.12/site-packages/airflow/example_dags/example_python_operator.py
[2024-07-06T16:16:03.705+0700] {logging_mixin.py:188} INFO - [2024-07-06T16:16:03.705+0700] {dag.py:3096} INFO - Sync 1 DAGs
[2024-07-06T16:16:03.724+0700] {logging_mixin.py:188} INFO - [2024-07-06T16:16:03.724+0700] {dag.py:3954} INFO - Setting next_dagrun for example_python_operator to None, run_after=None
[2024-07-06T16:16:03.754+0700] {processor.py:183} INFO - Processing /home/acer/.local/share/virtualenvs/custom_airflow-E5ZHcY_K/lib/python3.12/site-packages/airflow/example_dags/example_python_operator.py took 0.220 seconds
[2024-07-06T16:16:59.785+0700] {processor.py:161} INFO - Started process (PID=55436) to work on /home/acer/.local/share/virtualenvs/custom_airflow-E5ZHcY_K/lib/python3.12/site-packages/airflow/example_dags/example_python_operator.py
[2024-07-06T16:16:59.788+0700] {processor.py:830} INFO - Processing file /home/acer/.local/share/virtualenvs/custom_airflow-E5ZHcY_K/lib/python3.12/site-packages/airflow/example_dags/example_python_operator.py for tasks to queue
[2024-07-06T16:16:59.793+0700] {logging_mixin.py:188} INFO - [2024-07-06T16:16:59.792+0700] {dagbag.py:545} INFO - Filling up the DagBag from /home/acer/.local/share/virtualenvs/custom_airflow-E5ZHcY_K/lib/python3.12/site-packages/airflow/example_dags/example_python_operator.py
[2024-07-06T16:16:59.815+0700] {processor.py:840} INFO - DAG(s) 'example_python_operator' retrieved from /home/acer/.local/share/virtualenvs/custom_airflow-E5ZHcY_K/lib/python3.12/site-packages/airflow/example_dags/example_python_operator.py
[2024-07-06T16:16:59.835+0700] {logging_mixin.py:188} INFO - [2024-07-06T16:16:59.834+0700] {dag.py:3096} INFO - Sync 1 DAGs
[2024-07-06T16:16:59.846+0700] {logging_mixin.py:188} INFO - [2024-07-06T16:16:59.846+0700] {dag.py:3954} INFO - Setting next_dagrun for example_python_operator to None, run_after=None
[2024-07-06T16:16:59.868+0700] {processor.py:183} INFO - Processing /home/acer/.local/share/virtualenvs/custom_airflow-E5ZHcY_K/lib/python3.12/site-packages/airflow/example_dags/example_python_operator.py took 0.102 seconds
[2024-07-06T16:17:54.182+0700] {processor.py:161} INFO - Started process (PID=55829) to work on /home/acer/.local/share/virtualenvs/custom_airflow-E5ZHcY_K/lib/python3.12/site-packages/airflow/example_dags/example_python_operator.py
[2024-07-06T16:17:54.183+0700] {processor.py:830} INFO - Processing file /home/acer/.local/share/virtualenvs/custom_airflow-E5ZHcY_K/lib/python3.12/site-packages/airflow/example_dags/example_python_operator.py for tasks to queue
[2024-07-06T16:17:54.186+0700] {logging_mixin.py:188} INFO - [2024-07-06T16:17:54.185+0700] {dagbag.py:545} INFO - Filling up the DagBag from /home/acer/.local/share/virtualenvs/custom_airflow-E5ZHcY_K/lib/python3.12/site-packages/airflow/example_dags/example_python_operator.py
[2024-07-06T16:17:54.201+0700] {processor.py:840} INFO - DAG(s) 'example_python_operator' retrieved from /home/acer/.local/share/virtualenvs/custom_airflow-E5ZHcY_K/lib/python3.12/site-packages/airflow/example_dags/example_python_operator.py
[2024-07-06T16:17:54.220+0700] {logging_mixin.py:188} INFO - [2024-07-06T16:17:54.220+0700] {dag.py:3096} INFO - Sync 1 DAGs
[2024-07-06T16:17:54.232+0700] {logging_mixin.py:188} INFO - [2024-07-06T16:17:54.232+0700] {dag.py:3954} INFO - Setting next_dagrun for example_python_operator to None, run_after=None
[2024-07-06T16:17:54.253+0700] {processor.py:183} INFO - Processing /home/acer/.local/share/virtualenvs/custom_airflow-E5ZHcY_K/lib/python3.12/site-packages/airflow/example_dags/example_python_operator.py took 0.079 seconds
[2024-07-06T16:18:44.706+0700] {processor.py:161} INFO - Started process (PID=56088) to work on /home/acer/.local/share/virtualenvs/custom_airflow-E5ZHcY_K/lib/python3.12/site-packages/airflow/example_dags/example_python_operator.py
[2024-07-06T16:18:44.709+0700] {processor.py:830} INFO - Processing file /home/acer/.local/share/virtualenvs/custom_airflow-E5ZHcY_K/lib/python3.12/site-packages/airflow/example_dags/example_python_operator.py for tasks to queue
[2024-07-06T16:18:44.716+0700] {logging_mixin.py:188} INFO - [2024-07-06T16:18:44.714+0700] {dagbag.py:545} INFO - Filling up the DagBag from /home/acer/.local/share/virtualenvs/custom_airflow-E5ZHcY_K/lib/python3.12/site-packages/airflow/example_dags/example_python_operator.py
[2024-07-06T16:18:44.739+0700] {processor.py:840} INFO - DAG(s) 'example_python_operator' retrieved from /home/acer/.local/share/virtualenvs/custom_airflow-E5ZHcY_K/lib/python3.12/site-packages/airflow/example_dags/example_python_operator.py
[2024-07-06T16:18:44.759+0700] {logging_mixin.py:188} INFO - [2024-07-06T16:18:44.758+0700] {dag.py:3096} INFO - Sync 1 DAGs
[2024-07-06T16:18:44.771+0700] {logging_mixin.py:188} INFO - [2024-07-06T16:18:44.770+0700] {dag.py:3954} INFO - Setting next_dagrun for example_python_operator to None, run_after=None
[2024-07-06T16:18:44.800+0700] {processor.py:183} INFO - Processing /home/acer/.local/share/virtualenvs/custom_airflow-E5ZHcY_K/lib/python3.12/site-packages/airflow/example_dags/example_python_operator.py took 0.115 seconds
[2024-07-06T16:19:40.235+0700] {processor.py:161} INFO - Started process (PID=56650) to work on /home/acer/.local/share/virtualenvs/custom_airflow-E5ZHcY_K/lib/python3.12/site-packages/airflow/example_dags/example_python_operator.py
[2024-07-06T16:19:40.236+0700] {processor.py:830} INFO - Processing file /home/acer/.local/share/virtualenvs/custom_airflow-E5ZHcY_K/lib/python3.12/site-packages/airflow/example_dags/example_python_operator.py for tasks to queue
[2024-07-06T16:19:40.239+0700] {logging_mixin.py:188} INFO - [2024-07-06T16:19:40.238+0700] {dagbag.py:545} INFO - Filling up the DagBag from /home/acer/.local/share/virtualenvs/custom_airflow-E5ZHcY_K/lib/python3.12/site-packages/airflow/example_dags/example_python_operator.py
[2024-07-06T16:19:40.251+0700] {processor.py:840} INFO - DAG(s) 'example_python_operator' retrieved from /home/acer/.local/share/virtualenvs/custom_airflow-E5ZHcY_K/lib/python3.12/site-packages/airflow/example_dags/example_python_operator.py
[2024-07-06T16:19:40.269+0700] {logging_mixin.py:188} INFO - [2024-07-06T16:19:40.269+0700] {dag.py:3096} INFO - Sync 1 DAGs
[2024-07-06T16:19:40.281+0700] {logging_mixin.py:188} INFO - [2024-07-06T16:19:40.281+0700] {dag.py:3954} INFO - Setting next_dagrun for example_python_operator to None, run_after=None
[2024-07-06T16:19:40.302+0700] {processor.py:183} INFO - Processing /home/acer/.local/share/virtualenvs/custom_airflow-E5ZHcY_K/lib/python3.12/site-packages/airflow/example_dags/example_python_operator.py took 0.076 seconds
[2024-07-06T16:20:38.034+0700] {processor.py:161} INFO - Started process (PID=57169) to work on /home/acer/.local/share/virtualenvs/custom_airflow-E5ZHcY_K/lib/python3.12/site-packages/airflow/example_dags/example_python_operator.py
[2024-07-06T16:20:38.036+0700] {processor.py:830} INFO - Processing file /home/acer/.local/share/virtualenvs/custom_airflow-E5ZHcY_K/lib/python3.12/site-packages/airflow/example_dags/example_python_operator.py for tasks to queue
[2024-07-06T16:20:38.039+0700] {logging_mixin.py:188} INFO - [2024-07-06T16:20:38.038+0700] {dagbag.py:545} INFO - Filling up the DagBag from /home/acer/.local/share/virtualenvs/custom_airflow-E5ZHcY_K/lib/python3.12/site-packages/airflow/example_dags/example_python_operator.py
[2024-07-06T16:20:38.057+0700] {processor.py:840} INFO - DAG(s) 'example_python_operator' retrieved from /home/acer/.local/share/virtualenvs/custom_airflow-E5ZHcY_K/lib/python3.12/site-packages/airflow/example_dags/example_python_operator.py
[2024-07-06T16:20:38.076+0700] {logging_mixin.py:188} INFO - [2024-07-06T16:20:38.075+0700] {dag.py:3096} INFO - Sync 1 DAGs
[2024-07-06T16:20:38.091+0700] {logging_mixin.py:188} INFO - [2024-07-06T16:20:38.090+0700] {dag.py:3954} INFO - Setting next_dagrun for example_python_operator to None, run_after=None
[2024-07-06T16:20:38.117+0700] {processor.py:183} INFO - Processing /home/acer/.local/share/virtualenvs/custom_airflow-E5ZHcY_K/lib/python3.12/site-packages/airflow/example_dags/example_python_operator.py took 0.095 seconds
[2024-07-06T16:21:29.654+0700] {processor.py:161} INFO - Started process (PID=57573) to work on /home/acer/.local/share/virtualenvs/custom_airflow-E5ZHcY_K/lib/python3.12/site-packages/airflow/example_dags/example_python_operator.py
[2024-07-06T16:21:29.658+0700] {processor.py:830} INFO - Processing file /home/acer/.local/share/virtualenvs/custom_airflow-E5ZHcY_K/lib/python3.12/site-packages/airflow/example_dags/example_python_operator.py for tasks to queue
[2024-07-06T16:21:29.666+0700] {logging_mixin.py:188} INFO - [2024-07-06T16:21:29.664+0700] {dagbag.py:545} INFO - Filling up the DagBag from /home/acer/.local/share/virtualenvs/custom_airflow-E5ZHcY_K/lib/python3.12/site-packages/airflow/example_dags/example_python_operator.py
[2024-07-06T16:21:29.698+0700] {processor.py:840} INFO - DAG(s) 'example_python_operator' retrieved from /home/acer/.local/share/virtualenvs/custom_airflow-E5ZHcY_K/lib/python3.12/site-packages/airflow/example_dags/example_python_operator.py
[2024-07-06T16:21:29.726+0700] {logging_mixin.py:188} INFO - [2024-07-06T16:21:29.725+0700] {dag.py:3096} INFO - Sync 1 DAGs
[2024-07-06T16:21:29.739+0700] {logging_mixin.py:188} INFO - [2024-07-06T16:21:29.739+0700] {dag.py:3954} INFO - Setting next_dagrun for example_python_operator to None, run_after=None
[2024-07-06T16:21:29.768+0700] {processor.py:183} INFO - Processing /home/acer/.local/share/virtualenvs/custom_airflow-E5ZHcY_K/lib/python3.12/site-packages/airflow/example_dags/example_python_operator.py took 0.143 seconds
[2024-07-06T16:22:18.871+0700] {processor.py:161} INFO - Started process (PID=57911) to work on /home/acer/.local/share/virtualenvs/custom_airflow-E5ZHcY_K/lib/python3.12/site-packages/airflow/example_dags/example_python_operator.py
[2024-07-06T16:22:18.872+0700] {processor.py:830} INFO - Processing file /home/acer/.local/share/virtualenvs/custom_airflow-E5ZHcY_K/lib/python3.12/site-packages/airflow/example_dags/example_python_operator.py for tasks to queue
[2024-07-06T16:22:18.874+0700] {logging_mixin.py:188} INFO - [2024-07-06T16:22:18.873+0700] {dagbag.py:545} INFO - Filling up the DagBag from /home/acer/.local/share/virtualenvs/custom_airflow-E5ZHcY_K/lib/python3.12/site-packages/airflow/example_dags/example_python_operator.py
[2024-07-06T16:22:18.885+0700] {processor.py:840} INFO - DAG(s) 'example_python_operator' retrieved from /home/acer/.local/share/virtualenvs/custom_airflow-E5ZHcY_K/lib/python3.12/site-packages/airflow/example_dags/example_python_operator.py
[2024-07-06T16:22:18.904+0700] {logging_mixin.py:188} INFO - [2024-07-06T16:22:18.904+0700] {dag.py:3096} INFO - Sync 1 DAGs
[2024-07-06T16:22:18.916+0700] {logging_mixin.py:188} INFO - [2024-07-06T16:22:18.916+0700] {dag.py:3954} INFO - Setting next_dagrun for example_python_operator to None, run_after=None
[2024-07-06T16:22:18.937+0700] {processor.py:183} INFO - Processing /home/acer/.local/share/virtualenvs/custom_airflow-E5ZHcY_K/lib/python3.12/site-packages/airflow/example_dags/example_python_operator.py took 0.074 seconds
[2024-07-06T16:23:09.775+0700] {processor.py:161} INFO - Started process (PID=58230) to work on /home/acer/.local/share/virtualenvs/custom_airflow-E5ZHcY_K/lib/python3.12/site-packages/airflow/example_dags/example_python_operator.py
[2024-07-06T16:23:09.776+0700] {processor.py:830} INFO - Processing file /home/acer/.local/share/virtualenvs/custom_airflow-E5ZHcY_K/lib/python3.12/site-packages/airflow/example_dags/example_python_operator.py for tasks to queue
[2024-07-06T16:23:09.779+0700] {logging_mixin.py:188} INFO - [2024-07-06T16:23:09.778+0700] {dagbag.py:545} INFO - Filling up the DagBag from /home/acer/.local/share/virtualenvs/custom_airflow-E5ZHcY_K/lib/python3.12/site-packages/airflow/example_dags/example_python_operator.py
[2024-07-06T16:23:09.790+0700] {processor.py:840} INFO - DAG(s) 'example_python_operator' retrieved from /home/acer/.local/share/virtualenvs/custom_airflow-E5ZHcY_K/lib/python3.12/site-packages/airflow/example_dags/example_python_operator.py
[2024-07-06T16:23:09.809+0700] {logging_mixin.py:188} INFO - [2024-07-06T16:23:09.809+0700] {dag.py:3096} INFO - Sync 1 DAGs
[2024-07-06T16:23:09.821+0700] {logging_mixin.py:188} INFO - [2024-07-06T16:23:09.821+0700] {dag.py:3954} INFO - Setting next_dagrun for example_python_operator to None, run_after=None
[2024-07-06T16:23:09.842+0700] {processor.py:183} INFO - Processing /home/acer/.local/share/virtualenvs/custom_airflow-E5ZHcY_K/lib/python3.12/site-packages/airflow/example_dags/example_python_operator.py took 0.073 seconds
[2024-07-06T16:24:27.410+0700] {processor.py:161} INFO - Started process (PID=59295) to work on /home/acer/.local/share/virtualenvs/custom_airflow-E5ZHcY_K/lib/python3.12/site-packages/airflow/example_dags/example_python_operator.py
[2024-07-06T16:24:27.412+0700] {processor.py:830} INFO - Processing file /home/acer/.local/share/virtualenvs/custom_airflow-E5ZHcY_K/lib/python3.12/site-packages/airflow/example_dags/example_python_operator.py for tasks to queue
[2024-07-06T16:24:27.415+0700] {logging_mixin.py:188} INFO - [2024-07-06T16:24:27.414+0700] {dagbag.py:545} INFO - Filling up the DagBag from /home/acer/.local/share/virtualenvs/custom_airflow-E5ZHcY_K/lib/python3.12/site-packages/airflow/example_dags/example_python_operator.py
[2024-07-06T16:24:27.427+0700] {processor.py:840} INFO - DAG(s) 'example_python_operator' retrieved from /home/acer/.local/share/virtualenvs/custom_airflow-E5ZHcY_K/lib/python3.12/site-packages/airflow/example_dags/example_python_operator.py
[2024-07-06T16:24:27.445+0700] {logging_mixin.py:188} INFO - [2024-07-06T16:24:27.445+0700] {dag.py:3096} INFO - Sync 1 DAGs
[2024-07-06T16:24:27.457+0700] {logging_mixin.py:188} INFO - [2024-07-06T16:24:27.457+0700] {dag.py:3954} INFO - Setting next_dagrun for example_python_operator to None, run_after=None
[2024-07-06T16:24:27.489+0700] {processor.py:183} INFO - Processing /home/acer/.local/share/virtualenvs/custom_airflow-E5ZHcY_K/lib/python3.12/site-packages/airflow/example_dags/example_python_operator.py took 0.093 seconds
[2024-07-06T16:25:23.126+0700] {processor.py:161} INFO - Started process (PID=59635) to work on /home/acer/.local/share/virtualenvs/custom_airflow-E5ZHcY_K/lib/python3.12/site-packages/airflow/example_dags/example_python_operator.py
[2024-07-06T16:25:23.127+0700] {processor.py:830} INFO - Processing file /home/acer/.local/share/virtualenvs/custom_airflow-E5ZHcY_K/lib/python3.12/site-packages/airflow/example_dags/example_python_operator.py for tasks to queue
[2024-07-06T16:25:23.129+0700] {logging_mixin.py:188} INFO - [2024-07-06T16:25:23.129+0700] {dagbag.py:545} INFO - Filling up the DagBag from /home/acer/.local/share/virtualenvs/custom_airflow-E5ZHcY_K/lib/python3.12/site-packages/airflow/example_dags/example_python_operator.py
[2024-07-06T16:25:23.144+0700] {processor.py:840} INFO - DAG(s) 'example_python_operator' retrieved from /home/acer/.local/share/virtualenvs/custom_airflow-E5ZHcY_K/lib/python3.12/site-packages/airflow/example_dags/example_python_operator.py
[2024-07-06T16:25:23.165+0700] {logging_mixin.py:188} INFO - [2024-07-06T16:25:23.164+0700] {dag.py:3096} INFO - Sync 1 DAGs
[2024-07-06T16:25:23.180+0700] {logging_mixin.py:188} INFO - [2024-07-06T16:25:23.180+0700] {dag.py:3954} INFO - Setting next_dagrun for example_python_operator to None, run_after=None
[2024-07-06T16:25:23.207+0700] {processor.py:183} INFO - Processing /home/acer/.local/share/virtualenvs/custom_airflow-E5ZHcY_K/lib/python3.12/site-packages/airflow/example_dags/example_python_operator.py took 0.088 seconds
[2024-07-06T16:26:18.928+0700] {processor.py:161} INFO - Started process (PID=60068) to work on /home/acer/.local/share/virtualenvs/custom_airflow-E5ZHcY_K/lib/python3.12/site-packages/airflow/example_dags/example_python_operator.py
[2024-07-06T16:26:18.931+0700] {processor.py:830} INFO - Processing file /home/acer/.local/share/virtualenvs/custom_airflow-E5ZHcY_K/lib/python3.12/site-packages/airflow/example_dags/example_python_operator.py for tasks to queue
[2024-07-06T16:26:18.934+0700] {logging_mixin.py:188} INFO - [2024-07-06T16:26:18.933+0700] {dagbag.py:545} INFO - Filling up the DagBag from /home/acer/.local/share/virtualenvs/custom_airflow-E5ZHcY_K/lib/python3.12/site-packages/airflow/example_dags/example_python_operator.py
[2024-07-06T16:26:18.951+0700] {processor.py:840} INFO - DAG(s) 'example_python_operator' retrieved from /home/acer/.local/share/virtualenvs/custom_airflow-E5ZHcY_K/lib/python3.12/site-packages/airflow/example_dags/example_python_operator.py
[2024-07-06T16:26:18.971+0700] {logging_mixin.py:188} INFO - [2024-07-06T16:26:18.970+0700] {dag.py:3096} INFO - Sync 1 DAGs
[2024-07-06T16:26:18.983+0700] {logging_mixin.py:188} INFO - [2024-07-06T16:26:18.982+0700] {dag.py:3954} INFO - Setting next_dagrun for example_python_operator to None, run_after=None
[2024-07-06T16:26:19.003+0700] {processor.py:183} INFO - Processing /home/acer/.local/share/virtualenvs/custom_airflow-E5ZHcY_K/lib/python3.12/site-packages/airflow/example_dags/example_python_operator.py took 0.087 seconds
[2024-07-06T16:27:08.393+0700] {processor.py:161} INFO - Started process (PID=60319) to work on /home/acer/.local/share/virtualenvs/custom_airflow-E5ZHcY_K/lib/python3.12/site-packages/airflow/example_dags/example_python_operator.py
[2024-07-06T16:27:08.395+0700] {processor.py:830} INFO - Processing file /home/acer/.local/share/virtualenvs/custom_airflow-E5ZHcY_K/lib/python3.12/site-packages/airflow/example_dags/example_python_operator.py for tasks to queue
[2024-07-06T16:27:08.399+0700] {logging_mixin.py:188} INFO - [2024-07-06T16:27:08.398+0700] {dagbag.py:545} INFO - Filling up the DagBag from /home/acer/.local/share/virtualenvs/custom_airflow-E5ZHcY_K/lib/python3.12/site-packages/airflow/example_dags/example_python_operator.py
[2024-07-06T16:27:08.414+0700] {processor.py:840} INFO - DAG(s) 'example_python_operator' retrieved from /home/acer/.local/share/virtualenvs/custom_airflow-E5ZHcY_K/lib/python3.12/site-packages/airflow/example_dags/example_python_operator.py
[2024-07-06T16:27:08.432+0700] {logging_mixin.py:188} INFO - [2024-07-06T16:27:08.432+0700] {dag.py:3096} INFO - Sync 1 DAGs
[2024-07-06T16:27:08.444+0700] {logging_mixin.py:188} INFO - [2024-07-06T16:27:08.444+0700] {dag.py:3954} INFO - Setting next_dagrun for example_python_operator to None, run_after=None
[2024-07-06T16:27:08.465+0700] {processor.py:183} INFO - Processing /home/acer/.local/share/virtualenvs/custom_airflow-E5ZHcY_K/lib/python3.12/site-packages/airflow/example_dags/example_python_operator.py took 0.090 seconds
[2024-07-06T16:27:57.546+0700] {processor.py:161} INFO - Started process (PID=60590) to work on /home/acer/.local/share/virtualenvs/custom_airflow-E5ZHcY_K/lib/python3.12/site-packages/airflow/example_dags/example_python_operator.py
[2024-07-06T16:27:57.547+0700] {processor.py:830} INFO - Processing file /home/acer/.local/share/virtualenvs/custom_airflow-E5ZHcY_K/lib/python3.12/site-packages/airflow/example_dags/example_python_operator.py for tasks to queue
[2024-07-06T16:27:57.549+0700] {logging_mixin.py:188} INFO - [2024-07-06T16:27:57.548+0700] {dagbag.py:545} INFO - Filling up the DagBag from /home/acer/.local/share/virtualenvs/custom_airflow-E5ZHcY_K/lib/python3.12/site-packages/airflow/example_dags/example_python_operator.py
[2024-07-06T16:27:57.559+0700] {processor.py:840} INFO - DAG(s) 'example_python_operator' retrieved from /home/acer/.local/share/virtualenvs/custom_airflow-E5ZHcY_K/lib/python3.12/site-packages/airflow/example_dags/example_python_operator.py
[2024-07-06T16:27:57.577+0700] {logging_mixin.py:188} INFO - [2024-07-06T16:27:57.577+0700] {dag.py:3096} INFO - Sync 1 DAGs
[2024-07-06T16:27:57.589+0700] {logging_mixin.py:188} INFO - [2024-07-06T16:27:57.589+0700] {dag.py:3954} INFO - Setting next_dagrun for example_python_operator to None, run_after=None
[2024-07-06T16:27:57.610+0700] {processor.py:183} INFO - Processing /home/acer/.local/share/virtualenvs/custom_airflow-E5ZHcY_K/lib/python3.12/site-packages/airflow/example_dags/example_python_operator.py took 0.069 seconds
[2024-07-06T16:28:44.072+0700] {processor.py:161} INFO - Started process (PID=60810) to work on /home/acer/.local/share/virtualenvs/custom_airflow-E5ZHcY_K/lib/python3.12/site-packages/airflow/example_dags/example_python_operator.py
[2024-07-06T16:28:44.074+0700] {processor.py:830} INFO - Processing file /home/acer/.local/share/virtualenvs/custom_airflow-E5ZHcY_K/lib/python3.12/site-packages/airflow/example_dags/example_python_operator.py for tasks to queue
[2024-07-06T16:28:44.077+0700] {logging_mixin.py:188} INFO - [2024-07-06T16:28:44.076+0700] {dagbag.py:545} INFO - Filling up the DagBag from /home/acer/.local/share/virtualenvs/custom_airflow-E5ZHcY_K/lib/python3.12/site-packages/airflow/example_dags/example_python_operator.py
[2024-07-06T16:28:44.094+0700] {processor.py:840} INFO - DAG(s) 'example_python_operator' retrieved from /home/acer/.local/share/virtualenvs/custom_airflow-E5ZHcY_K/lib/python3.12/site-packages/airflow/example_dags/example_python_operator.py
[2024-07-06T16:28:44.114+0700] {logging_mixin.py:188} INFO - [2024-07-06T16:28:44.113+0700] {dag.py:3096} INFO - Sync 1 DAGs
[2024-07-06T16:28:44.126+0700] {logging_mixin.py:188} INFO - [2024-07-06T16:28:44.126+0700] {dag.py:3954} INFO - Setting next_dagrun for example_python_operator to None, run_after=None
[2024-07-06T16:28:44.146+0700] {processor.py:183} INFO - Processing /home/acer/.local/share/virtualenvs/custom_airflow-E5ZHcY_K/lib/python3.12/site-packages/airflow/example_dags/example_python_operator.py took 0.084 seconds
[2024-07-06T16:29:31.044+0700] {processor.py:161} INFO - Started process (PID=61046) to work on /home/acer/.local/share/virtualenvs/custom_airflow-E5ZHcY_K/lib/python3.12/site-packages/airflow/example_dags/example_python_operator.py
[2024-07-06T16:29:31.046+0700] {processor.py:830} INFO - Processing file /home/acer/.local/share/virtualenvs/custom_airflow-E5ZHcY_K/lib/python3.12/site-packages/airflow/example_dags/example_python_operator.py for tasks to queue
[2024-07-06T16:29:31.050+0700] {logging_mixin.py:188} INFO - [2024-07-06T16:29:31.049+0700] {dagbag.py:545} INFO - Filling up the DagBag from /home/acer/.local/share/virtualenvs/custom_airflow-E5ZHcY_K/lib/python3.12/site-packages/airflow/example_dags/example_python_operator.py
[2024-07-06T16:29:31.065+0700] {processor.py:840} INFO - DAG(s) 'example_python_operator' retrieved from /home/acer/.local/share/virtualenvs/custom_airflow-E5ZHcY_K/lib/python3.12/site-packages/airflow/example_dags/example_python_operator.py
[2024-07-06T16:29:31.083+0700] {logging_mixin.py:188} INFO - [2024-07-06T16:29:31.083+0700] {dag.py:3096} INFO - Sync 1 DAGs
[2024-07-06T16:29:31.095+0700] {logging_mixin.py:188} INFO - [2024-07-06T16:29:31.095+0700] {dag.py:3954} INFO - Setting next_dagrun for example_python_operator to None, run_after=None
[2024-07-06T16:29:31.116+0700] {processor.py:183} INFO - Processing /home/acer/.local/share/virtualenvs/custom_airflow-E5ZHcY_K/lib/python3.12/site-packages/airflow/example_dags/example_python_operator.py took 0.095 seconds
[2024-07-06T16:30:18.836+0700] {processor.py:161} INFO - Started process (PID=61270) to work on /home/acer/.local/share/virtualenvs/custom_airflow-E5ZHcY_K/lib/python3.12/site-packages/airflow/example_dags/example_python_operator.py
[2024-07-06T16:30:18.837+0700] {processor.py:830} INFO - Processing file /home/acer/.local/share/virtualenvs/custom_airflow-E5ZHcY_K/lib/python3.12/site-packages/airflow/example_dags/example_python_operator.py for tasks to queue
[2024-07-06T16:30:18.839+0700] {logging_mixin.py:188} INFO - [2024-07-06T16:30:18.838+0700] {dagbag.py:545} INFO - Filling up the DagBag from /home/acer/.local/share/virtualenvs/custom_airflow-E5ZHcY_K/lib/python3.12/site-packages/airflow/example_dags/example_python_operator.py
[2024-07-06T16:30:18.850+0700] {processor.py:840} INFO - DAG(s) 'example_python_operator' retrieved from /home/acer/.local/share/virtualenvs/custom_airflow-E5ZHcY_K/lib/python3.12/site-packages/airflow/example_dags/example_python_operator.py
[2024-07-06T16:30:18.869+0700] {logging_mixin.py:188} INFO - [2024-07-06T16:30:18.869+0700] {dag.py:3096} INFO - Sync 1 DAGs
[2024-07-06T16:30:18.881+0700] {logging_mixin.py:188} INFO - [2024-07-06T16:30:18.881+0700] {dag.py:3954} INFO - Setting next_dagrun for example_python_operator to None, run_after=None
[2024-07-06T16:30:18.902+0700] {processor.py:183} INFO - Processing /home/acer/.local/share/virtualenvs/custom_airflow-E5ZHcY_K/lib/python3.12/site-packages/airflow/example_dags/example_python_operator.py took 0.073 seconds
[2024-07-06T16:31:26.219+0700] {processor.py:161} INFO - Started process (PID=61655) to work on /home/acer/.local/share/virtualenvs/custom_airflow-E5ZHcY_K/lib/python3.12/site-packages/airflow/example_dags/example_python_operator.py
[2024-07-06T16:31:26.220+0700] {processor.py:830} INFO - Processing file /home/acer/.local/share/virtualenvs/custom_airflow-E5ZHcY_K/lib/python3.12/site-packages/airflow/example_dags/example_python_operator.py for tasks to queue
[2024-07-06T16:31:26.222+0700] {logging_mixin.py:188} INFO - [2024-07-06T16:31:26.221+0700] {dagbag.py:545} INFO - Filling up the DagBag from /home/acer/.local/share/virtualenvs/custom_airflow-E5ZHcY_K/lib/python3.12/site-packages/airflow/example_dags/example_python_operator.py
[2024-07-06T16:31:26.233+0700] {processor.py:840} INFO - DAG(s) 'example_python_operator' retrieved from /home/acer/.local/share/virtualenvs/custom_airflow-E5ZHcY_K/lib/python3.12/site-packages/airflow/example_dags/example_python_operator.py
[2024-07-06T16:31:26.252+0700] {logging_mixin.py:188} INFO - [2024-07-06T16:31:26.252+0700] {dag.py:3096} INFO - Sync 1 DAGs
[2024-07-06T16:31:26.264+0700] {logging_mixin.py:188} INFO - [2024-07-06T16:31:26.264+0700] {dag.py:3954} INFO - Setting next_dagrun for example_python_operator to None, run_after=None
[2024-07-06T16:31:26.285+0700] {processor.py:183} INFO - Processing /home/acer/.local/share/virtualenvs/custom_airflow-E5ZHcY_K/lib/python3.12/site-packages/airflow/example_dags/example_python_operator.py took 0.071 seconds
[2024-07-06T16:32:35.161+0700] {processor.py:161} INFO - Started process (PID=61995) to work on /home/acer/.local/share/virtualenvs/custom_airflow-E5ZHcY_K/lib/python3.12/site-packages/airflow/example_dags/example_python_operator.py
[2024-07-06T16:32:35.162+0700] {processor.py:830} INFO - Processing file /home/acer/.local/share/virtualenvs/custom_airflow-E5ZHcY_K/lib/python3.12/site-packages/airflow/example_dags/example_python_operator.py for tasks to queue
[2024-07-06T16:32:35.164+0700] {logging_mixin.py:188} INFO - [2024-07-06T16:32:35.164+0700] {dagbag.py:545} INFO - Filling up the DagBag from /home/acer/.local/share/virtualenvs/custom_airflow-E5ZHcY_K/lib/python3.12/site-packages/airflow/example_dags/example_python_operator.py
[2024-07-06T16:32:35.176+0700] {processor.py:840} INFO - DAG(s) 'example_python_operator' retrieved from /home/acer/.local/share/virtualenvs/custom_airflow-E5ZHcY_K/lib/python3.12/site-packages/airflow/example_dags/example_python_operator.py
[2024-07-06T16:32:35.194+0700] {logging_mixin.py:188} INFO - [2024-07-06T16:32:35.194+0700] {dag.py:3096} INFO - Sync 1 DAGs
[2024-07-06T16:32:35.207+0700] {logging_mixin.py:188} INFO - [2024-07-06T16:32:35.207+0700] {dag.py:3954} INFO - Setting next_dagrun for example_python_operator to None, run_after=None
[2024-07-06T16:32:35.228+0700] {processor.py:183} INFO - Processing /home/acer/.local/share/virtualenvs/custom_airflow-E5ZHcY_K/lib/python3.12/site-packages/airflow/example_dags/example_python_operator.py took 0.071 seconds
[2024-07-06T16:33:25.243+0700] {processor.py:161} INFO - Started process (PID=62268) to work on /home/acer/.local/share/virtualenvs/custom_airflow-E5ZHcY_K/lib/python3.12/site-packages/airflow/example_dags/example_python_operator.py
[2024-07-06T16:33:25.244+0700] {processor.py:830} INFO - Processing file /home/acer/.local/share/virtualenvs/custom_airflow-E5ZHcY_K/lib/python3.12/site-packages/airflow/example_dags/example_python_operator.py for tasks to queue
[2024-07-06T16:33:25.246+0700] {logging_mixin.py:188} INFO - [2024-07-06T16:33:25.246+0700] {dagbag.py:545} INFO - Filling up the DagBag from /home/acer/.local/share/virtualenvs/custom_airflow-E5ZHcY_K/lib/python3.12/site-packages/airflow/example_dags/example_python_operator.py
[2024-07-06T16:33:25.258+0700] {processor.py:840} INFO - DAG(s) 'example_python_operator' retrieved from /home/acer/.local/share/virtualenvs/custom_airflow-E5ZHcY_K/lib/python3.12/site-packages/airflow/example_dags/example_python_operator.py
[2024-07-06T16:33:25.277+0700] {logging_mixin.py:188} INFO - [2024-07-06T16:33:25.277+0700] {dag.py:3096} INFO - Sync 1 DAGs
[2024-07-06T16:33:25.289+0700] {logging_mixin.py:188} INFO - [2024-07-06T16:33:25.289+0700] {dag.py:3954} INFO - Setting next_dagrun for example_python_operator to None, run_after=None
[2024-07-06T16:33:25.320+0700] {processor.py:183} INFO - Processing /home/acer/.local/share/virtualenvs/custom_airflow-E5ZHcY_K/lib/python3.12/site-packages/airflow/example_dags/example_python_operator.py took 0.081 seconds
[2024-07-06T16:34:32.648+0700] {processor.py:161} INFO - Started process (PID=62599) to work on /home/acer/.local/share/virtualenvs/custom_airflow-E5ZHcY_K/lib/python3.12/site-packages/airflow/example_dags/example_python_operator.py
[2024-07-06T16:34:32.649+0700] {processor.py:830} INFO - Processing file /home/acer/.local/share/virtualenvs/custom_airflow-E5ZHcY_K/lib/python3.12/site-packages/airflow/example_dags/example_python_operator.py for tasks to queue
[2024-07-06T16:34:32.651+0700] {logging_mixin.py:188} INFO - [2024-07-06T16:34:32.650+0700] {dagbag.py:545} INFO - Filling up the DagBag from /home/acer/.local/share/virtualenvs/custom_airflow-E5ZHcY_K/lib/python3.12/site-packages/airflow/example_dags/example_python_operator.py
[2024-07-06T16:34:32.661+0700] {processor.py:840} INFO - DAG(s) 'example_python_operator' retrieved from /home/acer/.local/share/virtualenvs/custom_airflow-E5ZHcY_K/lib/python3.12/site-packages/airflow/example_dags/example_python_operator.py
[2024-07-06T16:34:32.679+0700] {logging_mixin.py:188} INFO - [2024-07-06T16:34:32.679+0700] {dag.py:3096} INFO - Sync 1 DAGs
[2024-07-06T16:34:32.692+0700] {logging_mixin.py:188} INFO - [2024-07-06T16:34:32.691+0700] {dag.py:3954} INFO - Setting next_dagrun for example_python_operator to None, run_after=None
[2024-07-06T16:34:32.713+0700] {processor.py:183} INFO - Processing /home/acer/.local/share/virtualenvs/custom_airflow-E5ZHcY_K/lib/python3.12/site-packages/airflow/example_dags/example_python_operator.py took 0.070 seconds
[2024-07-06T16:35:21.677+0700] {processor.py:161} INFO - Started process (PID=62831) to work on /home/acer/.local/share/virtualenvs/custom_airflow-E5ZHcY_K/lib/python3.12/site-packages/airflow/example_dags/example_python_operator.py
[2024-07-06T16:35:21.678+0700] {processor.py:830} INFO - Processing file /home/acer/.local/share/virtualenvs/custom_airflow-E5ZHcY_K/lib/python3.12/site-packages/airflow/example_dags/example_python_operator.py for tasks to queue
[2024-07-06T16:35:21.680+0700] {logging_mixin.py:188} INFO - [2024-07-06T16:35:21.679+0700] {dagbag.py:545} INFO - Filling up the DagBag from /home/acer/.local/share/virtualenvs/custom_airflow-E5ZHcY_K/lib/python3.12/site-packages/airflow/example_dags/example_python_operator.py
[2024-07-06T16:35:21.692+0700] {processor.py:840} INFO - DAG(s) 'example_python_operator' retrieved from /home/acer/.local/share/virtualenvs/custom_airflow-E5ZHcY_K/lib/python3.12/site-packages/airflow/example_dags/example_python_operator.py
[2024-07-06T16:35:21.714+0700] {logging_mixin.py:188} INFO - [2024-07-06T16:35:21.714+0700] {dag.py:3096} INFO - Sync 1 DAGs
[2024-07-06T16:35:21.726+0700] {logging_mixin.py:188} INFO - [2024-07-06T16:35:21.726+0700] {dag.py:3954} INFO - Setting next_dagrun for example_python_operator to None, run_after=None
[2024-07-06T16:35:21.748+0700] {processor.py:183} INFO - Processing /home/acer/.local/share/virtualenvs/custom_airflow-E5ZHcY_K/lib/python3.12/site-packages/airflow/example_dags/example_python_operator.py took 0.076 seconds
[2024-07-06T16:36:09.050+0700] {processor.py:161} INFO - Started process (PID=63130) to work on /home/acer/.local/share/virtualenvs/custom_airflow-E5ZHcY_K/lib/python3.12/site-packages/airflow/example_dags/example_python_operator.py
[2024-07-06T16:36:09.051+0700] {processor.py:830} INFO - Processing file /home/acer/.local/share/virtualenvs/custom_airflow-E5ZHcY_K/lib/python3.12/site-packages/airflow/example_dags/example_python_operator.py for tasks to queue
[2024-07-06T16:36:09.053+0700] {logging_mixin.py:188} INFO - [2024-07-06T16:36:09.053+0700] {dagbag.py:545} INFO - Filling up the DagBag from /home/acer/.local/share/virtualenvs/custom_airflow-E5ZHcY_K/lib/python3.12/site-packages/airflow/example_dags/example_python_operator.py
[2024-07-06T16:36:09.068+0700] {processor.py:840} INFO - DAG(s) 'example_python_operator' retrieved from /home/acer/.local/share/virtualenvs/custom_airflow-E5ZHcY_K/lib/python3.12/site-packages/airflow/example_dags/example_python_operator.py
[2024-07-06T16:36:09.093+0700] {logging_mixin.py:188} INFO - [2024-07-06T16:36:09.093+0700] {dag.py:3096} INFO - Sync 1 DAGs
[2024-07-06T16:36:09.110+0700] {logging_mixin.py:188} INFO - [2024-07-06T16:36:09.110+0700] {dag.py:3954} INFO - Setting next_dagrun for example_python_operator to None, run_after=None
[2024-07-06T16:36:09.149+0700] {processor.py:183} INFO - Processing /home/acer/.local/share/virtualenvs/custom_airflow-E5ZHcY_K/lib/python3.12/site-packages/airflow/example_dags/example_python_operator.py took 0.108 seconds
[2024-07-06T21:54:42.919+0700] {processor.py:161} INFO - Started process (PID=11999) to work on /home/acer/.local/share/virtualenvs/custom_airflow-E5ZHcY_K/lib/python3.12/site-packages/airflow/example_dags/example_python_operator.py
[2024-07-06T21:54:42.921+0700] {processor.py:830} INFO - Processing file /home/acer/.local/share/virtualenvs/custom_airflow-E5ZHcY_K/lib/python3.12/site-packages/airflow/example_dags/example_python_operator.py for tasks to queue
[2024-07-06T21:54:42.925+0700] {logging_mixin.py:188} INFO - [2024-07-06T21:54:42.924+0700] {dagbag.py:545} INFO - Filling up the DagBag from /home/acer/.local/share/virtualenvs/custom_airflow-E5ZHcY_K/lib/python3.12/site-packages/airflow/example_dags/example_python_operator.py
[2024-07-06T21:54:42.944+0700] {processor.py:840} INFO - DAG(s) 'example_python_operator' retrieved from /home/acer/.local/share/virtualenvs/custom_airflow-E5ZHcY_K/lib/python3.12/site-packages/airflow/example_dags/example_python_operator.py
[2024-07-06T21:54:43.063+0700] {logging_mixin.py:188} INFO - [2024-07-06T21:54:43.062+0700] {dag.py:3096} INFO - Sync 1 DAGs
[2024-07-06T21:54:43.073+0700] {logging_mixin.py:188} INFO - [2024-07-06T21:54:43.072+0700] {dag.py:3954} INFO - Setting next_dagrun for example_python_operator to None, run_after=None
[2024-07-06T21:54:43.093+0700] {processor.py:183} INFO - Processing /home/acer/.local/share/virtualenvs/custom_airflow-E5ZHcY_K/lib/python3.12/site-packages/airflow/example_dags/example_python_operator.py took 0.185 seconds
[2024-07-06T21:55:38.787+0700] {processor.py:161} INFO - Started process (PID=12725) to work on /home/acer/.local/share/virtualenvs/custom_airflow-E5ZHcY_K/lib/python3.12/site-packages/airflow/example_dags/example_python_operator.py
[2024-07-06T21:55:38.790+0700] {processor.py:830} INFO - Processing file /home/acer/.local/share/virtualenvs/custom_airflow-E5ZHcY_K/lib/python3.12/site-packages/airflow/example_dags/example_python_operator.py for tasks to queue
[2024-07-06T21:55:38.794+0700] {logging_mixin.py:188} INFO - [2024-07-06T21:55:38.793+0700] {dagbag.py:545} INFO - Filling up the DagBag from /home/acer/.local/share/virtualenvs/custom_airflow-E5ZHcY_K/lib/python3.12/site-packages/airflow/example_dags/example_python_operator.py
[2024-07-06T21:55:38.818+0700] {processor.py:840} INFO - DAG(s) 'example_python_operator' retrieved from /home/acer/.local/share/virtualenvs/custom_airflow-E5ZHcY_K/lib/python3.12/site-packages/airflow/example_dags/example_python_operator.py
[2024-07-06T21:55:38.847+0700] {logging_mixin.py:188} INFO - [2024-07-06T21:55:38.847+0700] {dag.py:3096} INFO - Sync 1 DAGs
[2024-07-06T21:55:38.859+0700] {logging_mixin.py:188} INFO - [2024-07-06T21:55:38.859+0700] {dag.py:3954} INFO - Setting next_dagrun for example_python_operator to None, run_after=None
[2024-07-06T21:55:38.880+0700] {processor.py:183} INFO - Processing /home/acer/.local/share/virtualenvs/custom_airflow-E5ZHcY_K/lib/python3.12/site-packages/airflow/example_dags/example_python_operator.py took 0.111 seconds
[2024-07-06T21:56:33.077+0700] {processor.py:161} INFO - Started process (PID=13253) to work on /home/acer/.local/share/virtualenvs/custom_airflow-E5ZHcY_K/lib/python3.12/site-packages/airflow/example_dags/example_python_operator.py
[2024-07-06T21:56:33.078+0700] {processor.py:830} INFO - Processing file /home/acer/.local/share/virtualenvs/custom_airflow-E5ZHcY_K/lib/python3.12/site-packages/airflow/example_dags/example_python_operator.py for tasks to queue
[2024-07-06T21:56:33.081+0700] {logging_mixin.py:188} INFO - [2024-07-06T21:56:33.080+0700] {dagbag.py:545} INFO - Filling up the DagBag from /home/acer/.local/share/virtualenvs/custom_airflow-E5ZHcY_K/lib/python3.12/site-packages/airflow/example_dags/example_python_operator.py
[2024-07-06T21:56:33.092+0700] {processor.py:840} INFO - DAG(s) 'example_python_operator' retrieved from /home/acer/.local/share/virtualenvs/custom_airflow-E5ZHcY_K/lib/python3.12/site-packages/airflow/example_dags/example_python_operator.py
[2024-07-06T21:56:33.111+0700] {logging_mixin.py:188} INFO - [2024-07-06T21:56:33.111+0700] {dag.py:3096} INFO - Sync 1 DAGs
[2024-07-06T21:56:33.124+0700] {logging_mixin.py:188} INFO - [2024-07-06T21:56:33.124+0700] {dag.py:3954} INFO - Setting next_dagrun for example_python_operator to None, run_after=None
[2024-07-06T21:56:33.145+0700] {processor.py:183} INFO - Processing /home/acer/.local/share/virtualenvs/custom_airflow-E5ZHcY_K/lib/python3.12/site-packages/airflow/example_dags/example_python_operator.py took 0.078 seconds
[2024-07-06T21:57:25.481+0700] {processor.py:161} INFO - Started process (PID=13837) to work on /home/acer/.local/share/virtualenvs/custom_airflow-E5ZHcY_K/lib/python3.12/site-packages/airflow/example_dags/example_python_operator.py
[2024-07-06T21:57:25.482+0700] {processor.py:830} INFO - Processing file /home/acer/.local/share/virtualenvs/custom_airflow-E5ZHcY_K/lib/python3.12/site-packages/airflow/example_dags/example_python_operator.py for tasks to queue
[2024-07-06T21:57:25.484+0700] {logging_mixin.py:188} INFO - [2024-07-06T21:57:25.483+0700] {dagbag.py:545} INFO - Filling up the DagBag from /home/acer/.local/share/virtualenvs/custom_airflow-E5ZHcY_K/lib/python3.12/site-packages/airflow/example_dags/example_python_operator.py
[2024-07-06T21:57:25.494+0700] {processor.py:840} INFO - DAG(s) 'example_python_operator' retrieved from /home/acer/.local/share/virtualenvs/custom_airflow-E5ZHcY_K/lib/python3.12/site-packages/airflow/example_dags/example_python_operator.py
[2024-07-06T21:57:25.512+0700] {logging_mixin.py:188} INFO - [2024-07-06T21:57:25.512+0700] {dag.py:3096} INFO - Sync 1 DAGs
[2024-07-06T21:57:25.525+0700] {logging_mixin.py:188} INFO - [2024-07-06T21:57:25.524+0700] {dag.py:3954} INFO - Setting next_dagrun for example_python_operator to None, run_after=None
[2024-07-06T21:57:25.555+0700] {processor.py:183} INFO - Processing /home/acer/.local/share/virtualenvs/custom_airflow-E5ZHcY_K/lib/python3.12/site-packages/airflow/example_dags/example_python_operator.py took 0.079 seconds
[2024-07-06T21:58:18.075+0700] {processor.py:161} INFO - Started process (PID=14164) to work on /home/acer/.local/share/virtualenvs/custom_airflow-E5ZHcY_K/lib/python3.12/site-packages/airflow/example_dags/example_python_operator.py
[2024-07-06T21:58:18.079+0700] {processor.py:830} INFO - Processing file /home/acer/.local/share/virtualenvs/custom_airflow-E5ZHcY_K/lib/python3.12/site-packages/airflow/example_dags/example_python_operator.py for tasks to queue
[2024-07-06T21:58:18.085+0700] {logging_mixin.py:188} INFO - [2024-07-06T21:58:18.084+0700] {dagbag.py:545} INFO - Filling up the DagBag from /home/acer/.local/share/virtualenvs/custom_airflow-E5ZHcY_K/lib/python3.12/site-packages/airflow/example_dags/example_python_operator.py
[2024-07-06T21:58:18.108+0700] {processor.py:840} INFO - DAG(s) 'example_python_operator' retrieved from /home/acer/.local/share/virtualenvs/custom_airflow-E5ZHcY_K/lib/python3.12/site-packages/airflow/example_dags/example_python_operator.py
[2024-07-06T21:58:18.130+0700] {logging_mixin.py:188} INFO - [2024-07-06T21:58:18.130+0700] {dag.py:3096} INFO - Sync 1 DAGs
[2024-07-06T21:58:18.144+0700] {logging_mixin.py:188} INFO - [2024-07-06T21:58:18.143+0700] {dag.py:3954} INFO - Setting next_dagrun for example_python_operator to None, run_after=None
[2024-07-06T21:58:18.181+0700] {processor.py:183} INFO - Processing /home/acer/.local/share/virtualenvs/custom_airflow-E5ZHcY_K/lib/python3.12/site-packages/airflow/example_dags/example_python_operator.py took 0.138 seconds
[2024-07-06T21:59:10.416+0700] {processor.py:161} INFO - Started process (PID=14396) to work on /home/acer/.local/share/virtualenvs/custom_airflow-E5ZHcY_K/lib/python3.12/site-packages/airflow/example_dags/example_python_operator.py
[2024-07-06T21:59:10.418+0700] {processor.py:830} INFO - Processing file /home/acer/.local/share/virtualenvs/custom_airflow-E5ZHcY_K/lib/python3.12/site-packages/airflow/example_dags/example_python_operator.py for tasks to queue
[2024-07-06T21:59:10.421+0700] {logging_mixin.py:188} INFO - [2024-07-06T21:59:10.421+0700] {dagbag.py:545} INFO - Filling up the DagBag from /home/acer/.local/share/virtualenvs/custom_airflow-E5ZHcY_K/lib/python3.12/site-packages/airflow/example_dags/example_python_operator.py
[2024-07-06T21:59:10.439+0700] {processor.py:840} INFO - DAG(s) 'example_python_operator' retrieved from /home/acer/.local/share/virtualenvs/custom_airflow-E5ZHcY_K/lib/python3.12/site-packages/airflow/example_dags/example_python_operator.py
[2024-07-06T21:59:10.458+0700] {logging_mixin.py:188} INFO - [2024-07-06T21:59:10.457+0700] {dag.py:3096} INFO - Sync 1 DAGs
[2024-07-06T21:59:10.470+0700] {logging_mixin.py:188} INFO - [2024-07-06T21:59:10.469+0700] {dag.py:3954} INFO - Setting next_dagrun for example_python_operator to None, run_after=None
[2024-07-06T21:59:10.501+0700] {processor.py:183} INFO - Processing /home/acer/.local/share/virtualenvs/custom_airflow-E5ZHcY_K/lib/python3.12/site-packages/airflow/example_dags/example_python_operator.py took 0.103 seconds
[2024-07-06T21:59:59.458+0700] {processor.py:161} INFO - Started process (PID=14760) to work on /home/acer/.local/share/virtualenvs/custom_airflow-E5ZHcY_K/lib/python3.12/site-packages/airflow/example_dags/example_python_operator.py
[2024-07-06T21:59:59.460+0700] {processor.py:830} INFO - Processing file /home/acer/.local/share/virtualenvs/custom_airflow-E5ZHcY_K/lib/python3.12/site-packages/airflow/example_dags/example_python_operator.py for tasks to queue
[2024-07-06T21:59:59.463+0700] {logging_mixin.py:188} INFO - [2024-07-06T21:59:59.462+0700] {dagbag.py:545} INFO - Filling up the DagBag from /home/acer/.local/share/virtualenvs/custom_airflow-E5ZHcY_K/lib/python3.12/site-packages/airflow/example_dags/example_python_operator.py
[2024-07-06T21:59:59.474+0700] {processor.py:840} INFO - DAG(s) 'example_python_operator' retrieved from /home/acer/.local/share/virtualenvs/custom_airflow-E5ZHcY_K/lib/python3.12/site-packages/airflow/example_dags/example_python_operator.py
[2024-07-06T21:59:59.495+0700] {logging_mixin.py:188} INFO - [2024-07-06T21:59:59.495+0700] {dag.py:3096} INFO - Sync 1 DAGs
[2024-07-06T21:59:59.508+0700] {logging_mixin.py:188} INFO - [2024-07-06T21:59:59.508+0700] {dag.py:3954} INFO - Setting next_dagrun for example_python_operator to None, run_after=None
[2024-07-06T21:59:59.550+0700] {processor.py:183} INFO - Processing /home/acer/.local/share/virtualenvs/custom_airflow-E5ZHcY_K/lib/python3.12/site-packages/airflow/example_dags/example_python_operator.py took 0.102 seconds
[2024-07-06T22:00:52.066+0700] {processor.py:161} INFO - Started process (PID=15041) to work on /home/acer/.local/share/virtualenvs/custom_airflow-E5ZHcY_K/lib/python3.12/site-packages/airflow/example_dags/example_python_operator.py
[2024-07-06T22:00:52.067+0700] {processor.py:830} INFO - Processing file /home/acer/.local/share/virtualenvs/custom_airflow-E5ZHcY_K/lib/python3.12/site-packages/airflow/example_dags/example_python_operator.py for tasks to queue
[2024-07-06T22:00:52.069+0700] {logging_mixin.py:188} INFO - [2024-07-06T22:00:52.069+0700] {dagbag.py:545} INFO - Filling up the DagBag from /home/acer/.local/share/virtualenvs/custom_airflow-E5ZHcY_K/lib/python3.12/site-packages/airflow/example_dags/example_python_operator.py
[2024-07-06T22:00:52.081+0700] {processor.py:840} INFO - DAG(s) 'example_python_operator' retrieved from /home/acer/.local/share/virtualenvs/custom_airflow-E5ZHcY_K/lib/python3.12/site-packages/airflow/example_dags/example_python_operator.py
[2024-07-06T22:00:52.101+0700] {logging_mixin.py:188} INFO - [2024-07-06T22:00:52.101+0700] {dag.py:3096} INFO - Sync 1 DAGs
[2024-07-06T22:00:52.115+0700] {logging_mixin.py:188} INFO - [2024-07-06T22:00:52.114+0700] {dag.py:3954} INFO - Setting next_dagrun for example_python_operator to None, run_after=None
[2024-07-06T22:00:52.137+0700] {processor.py:183} INFO - Processing /home/acer/.local/share/virtualenvs/custom_airflow-E5ZHcY_K/lib/python3.12/site-packages/airflow/example_dags/example_python_operator.py took 0.077 seconds
[2024-07-06T22:02:26.563+0700] {processor.py:161} INFO - Started process (PID=16179) to work on /home/acer/.local/share/virtualenvs/custom_airflow-E5ZHcY_K/lib/python3.12/site-packages/airflow/example_dags/example_python_operator.py
[2024-07-06T22:02:26.566+0700] {processor.py:830} INFO - Processing file /home/acer/.local/share/virtualenvs/custom_airflow-E5ZHcY_K/lib/python3.12/site-packages/airflow/example_dags/example_python_operator.py for tasks to queue
[2024-07-06T22:02:26.571+0700] {logging_mixin.py:188} INFO - [2024-07-06T22:02:26.570+0700] {dagbag.py:545} INFO - Filling up the DagBag from /home/acer/.local/share/virtualenvs/custom_airflow-E5ZHcY_K/lib/python3.12/site-packages/airflow/example_dags/example_python_operator.py
[2024-07-06T22:02:26.586+0700] {processor.py:840} INFO - DAG(s) 'example_python_operator' retrieved from /home/acer/.local/share/virtualenvs/custom_airflow-E5ZHcY_K/lib/python3.12/site-packages/airflow/example_dags/example_python_operator.py
[2024-07-06T22:02:26.604+0700] {logging_mixin.py:188} INFO - [2024-07-06T22:02:26.604+0700] {dag.py:3096} INFO - Sync 1 DAGs
[2024-07-06T22:02:26.617+0700] {logging_mixin.py:188} INFO - [2024-07-06T22:02:26.616+0700] {dag.py:3954} INFO - Setting next_dagrun for example_python_operator to None, run_after=None
[2024-07-06T22:02:26.637+0700] {processor.py:183} INFO - Processing /home/acer/.local/share/virtualenvs/custom_airflow-E5ZHcY_K/lib/python3.12/site-packages/airflow/example_dags/example_python_operator.py took 0.093 seconds
[2024-07-06T22:03:21.779+0700] {processor.py:161} INFO - Started process (PID=16451) to work on /home/acer/.local/share/virtualenvs/custom_airflow-E5ZHcY_K/lib/python3.12/site-packages/airflow/example_dags/example_python_operator.py
[2024-07-06T22:03:21.780+0700] {processor.py:830} INFO - Processing file /home/acer/.local/share/virtualenvs/custom_airflow-E5ZHcY_K/lib/python3.12/site-packages/airflow/example_dags/example_python_operator.py for tasks to queue
[2024-07-06T22:03:21.782+0700] {logging_mixin.py:188} INFO - [2024-07-06T22:03:21.782+0700] {dagbag.py:545} INFO - Filling up the DagBag from /home/acer/.local/share/virtualenvs/custom_airflow-E5ZHcY_K/lib/python3.12/site-packages/airflow/example_dags/example_python_operator.py
[2024-07-06T22:03:21.796+0700] {processor.py:840} INFO - DAG(s) 'example_python_operator' retrieved from /home/acer/.local/share/virtualenvs/custom_airflow-E5ZHcY_K/lib/python3.12/site-packages/airflow/example_dags/example_python_operator.py
[2024-07-06T22:03:21.815+0700] {logging_mixin.py:188} INFO - [2024-07-06T22:03:21.815+0700] {dag.py:3096} INFO - Sync 1 DAGs
[2024-07-06T22:03:21.829+0700] {logging_mixin.py:188} INFO - [2024-07-06T22:03:21.829+0700] {dag.py:3954} INFO - Setting next_dagrun for example_python_operator to None, run_after=None
[2024-07-06T22:03:21.850+0700] {processor.py:183} INFO - Processing /home/acer/.local/share/virtualenvs/custom_airflow-E5ZHcY_K/lib/python3.12/site-packages/airflow/example_dags/example_python_operator.py took 0.078 seconds
[2024-07-06T22:04:12.362+0700] {processor.py:161} INFO - Started process (PID=16743) to work on /home/acer/.local/share/virtualenvs/custom_airflow-E5ZHcY_K/lib/python3.12/site-packages/airflow/example_dags/example_python_operator.py
[2024-07-06T22:04:12.365+0700] {processor.py:830} INFO - Processing file /home/acer/.local/share/virtualenvs/custom_airflow-E5ZHcY_K/lib/python3.12/site-packages/airflow/example_dags/example_python_operator.py for tasks to queue
[2024-07-06T22:04:12.368+0700] {logging_mixin.py:188} INFO - [2024-07-06T22:04:12.368+0700] {dagbag.py:545} INFO - Filling up the DagBag from /home/acer/.local/share/virtualenvs/custom_airflow-E5ZHcY_K/lib/python3.12/site-packages/airflow/example_dags/example_python_operator.py
[2024-07-06T22:04:12.382+0700] {processor.py:840} INFO - DAG(s) 'example_python_operator' retrieved from /home/acer/.local/share/virtualenvs/custom_airflow-E5ZHcY_K/lib/python3.12/site-packages/airflow/example_dags/example_python_operator.py
[2024-07-06T22:04:12.403+0700] {logging_mixin.py:188} INFO - [2024-07-06T22:04:12.403+0700] {dag.py:3096} INFO - Sync 1 DAGs
[2024-07-06T22:04:12.418+0700] {logging_mixin.py:188} INFO - [2024-07-06T22:04:12.417+0700] {dag.py:3954} INFO - Setting next_dagrun for example_python_operator to None, run_after=None
[2024-07-06T22:04:12.442+0700] {processor.py:183} INFO - Processing /home/acer/.local/share/virtualenvs/custom_airflow-E5ZHcY_K/lib/python3.12/site-packages/airflow/example_dags/example_python_operator.py took 0.089 seconds
[2024-07-06T22:05:32.657+0700] {processor.py:161} INFO - Started process (PID=17705) to work on /home/acer/.local/share/virtualenvs/custom_airflow-E5ZHcY_K/lib/python3.12/site-packages/airflow/example_dags/example_python_operator.py
[2024-07-06T22:05:32.660+0700] {processor.py:830} INFO - Processing file /home/acer/.local/share/virtualenvs/custom_airflow-E5ZHcY_K/lib/python3.12/site-packages/airflow/example_dags/example_python_operator.py for tasks to queue
[2024-07-06T22:05:32.664+0700] {logging_mixin.py:188} INFO - [2024-07-06T22:05:32.663+0700] {dagbag.py:545} INFO - Filling up the DagBag from /home/acer/.local/share/virtualenvs/custom_airflow-E5ZHcY_K/lib/python3.12/site-packages/airflow/example_dags/example_python_operator.py
[2024-07-06T22:05:32.682+0700] {processor.py:840} INFO - DAG(s) 'example_python_operator' retrieved from /home/acer/.local/share/virtualenvs/custom_airflow-E5ZHcY_K/lib/python3.12/site-packages/airflow/example_dags/example_python_operator.py
[2024-07-06T22:05:32.703+0700] {logging_mixin.py:188} INFO - [2024-07-06T22:05:32.702+0700] {dag.py:3096} INFO - Sync 1 DAGs
[2024-07-06T22:05:32.715+0700] {logging_mixin.py:188} INFO - [2024-07-06T22:05:32.715+0700] {dag.py:3954} INFO - Setting next_dagrun for example_python_operator to None, run_after=None
[2024-07-06T22:05:32.738+0700] {processor.py:183} INFO - Processing /home/acer/.local/share/virtualenvs/custom_airflow-E5ZHcY_K/lib/python3.12/site-packages/airflow/example_dags/example_python_operator.py took 0.101 seconds
[2024-07-06T22:06:27.448+0700] {processor.py:161} INFO - Started process (PID=18096) to work on /home/acer/.local/share/virtualenvs/custom_airflow-E5ZHcY_K/lib/python3.12/site-packages/airflow/example_dags/example_python_operator.py
[2024-07-06T22:06:27.449+0700] {processor.py:830} INFO - Processing file /home/acer/.local/share/virtualenvs/custom_airflow-E5ZHcY_K/lib/python3.12/site-packages/airflow/example_dags/example_python_operator.py for tasks to queue
[2024-07-06T22:06:27.450+0700] {logging_mixin.py:188} INFO - [2024-07-06T22:06:27.450+0700] {dagbag.py:545} INFO - Filling up the DagBag from /home/acer/.local/share/virtualenvs/custom_airflow-E5ZHcY_K/lib/python3.12/site-packages/airflow/example_dags/example_python_operator.py
[2024-07-06T22:06:27.461+0700] {processor.py:840} INFO - DAG(s) 'example_python_operator' retrieved from /home/acer/.local/share/virtualenvs/custom_airflow-E5ZHcY_K/lib/python3.12/site-packages/airflow/example_dags/example_python_operator.py
[2024-07-06T22:06:27.479+0700] {logging_mixin.py:188} INFO - [2024-07-06T22:06:27.479+0700] {dag.py:3096} INFO - Sync 1 DAGs
[2024-07-06T22:06:27.491+0700] {logging_mixin.py:188} INFO - [2024-07-06T22:06:27.491+0700] {dag.py:3954} INFO - Setting next_dagrun for example_python_operator to None, run_after=None
[2024-07-06T22:06:27.512+0700] {processor.py:183} INFO - Processing /home/acer/.local/share/virtualenvs/custom_airflow-E5ZHcY_K/lib/python3.12/site-packages/airflow/example_dags/example_python_operator.py took 0.070 seconds
[2024-07-06T22:07:20.298+0700] {processor.py:161} INFO - Started process (PID=18509) to work on /home/acer/.local/share/virtualenvs/custom_airflow-E5ZHcY_K/lib/python3.12/site-packages/airflow/example_dags/example_python_operator.py
[2024-07-06T22:07:20.299+0700] {processor.py:830} INFO - Processing file /home/acer/.local/share/virtualenvs/custom_airflow-E5ZHcY_K/lib/python3.12/site-packages/airflow/example_dags/example_python_operator.py for tasks to queue
[2024-07-06T22:07:20.302+0700] {logging_mixin.py:188} INFO - [2024-07-06T22:07:20.301+0700] {dagbag.py:545} INFO - Filling up the DagBag from /home/acer/.local/share/virtualenvs/custom_airflow-E5ZHcY_K/lib/python3.12/site-packages/airflow/example_dags/example_python_operator.py
[2024-07-06T22:07:20.318+0700] {processor.py:840} INFO - DAG(s) 'example_python_operator' retrieved from /home/acer/.local/share/virtualenvs/custom_airflow-E5ZHcY_K/lib/python3.12/site-packages/airflow/example_dags/example_python_operator.py
[2024-07-06T22:07:20.344+0700] {logging_mixin.py:188} INFO - [2024-07-06T22:07:20.344+0700] {dag.py:3096} INFO - Sync 1 DAGs
[2024-07-06T22:07:20.359+0700] {logging_mixin.py:188} INFO - [2024-07-06T22:07:20.358+0700] {dag.py:3954} INFO - Setting next_dagrun for example_python_operator to None, run_after=None
[2024-07-06T22:07:20.411+0700] {processor.py:183} INFO - Processing /home/acer/.local/share/virtualenvs/custom_airflow-E5ZHcY_K/lib/python3.12/site-packages/airflow/example_dags/example_python_operator.py took 0.131 seconds
[2024-07-06T22:08:16.961+0700] {processor.py:161} INFO - Started process (PID=18807) to work on /home/acer/.local/share/virtualenvs/custom_airflow-E5ZHcY_K/lib/python3.12/site-packages/airflow/example_dags/example_python_operator.py
[2024-07-06T22:08:16.972+0700] {processor.py:830} INFO - Processing file /home/acer/.local/share/virtualenvs/custom_airflow-E5ZHcY_K/lib/python3.12/site-packages/airflow/example_dags/example_python_operator.py for tasks to queue
[2024-07-06T22:08:16.977+0700] {logging_mixin.py:188} INFO - [2024-07-06T22:08:16.976+0700] {dagbag.py:545} INFO - Filling up the DagBag from /home/acer/.local/share/virtualenvs/custom_airflow-E5ZHcY_K/lib/python3.12/site-packages/airflow/example_dags/example_python_operator.py
[2024-07-06T22:08:16.999+0700] {processor.py:840} INFO - DAG(s) 'example_python_operator' retrieved from /home/acer/.local/share/virtualenvs/custom_airflow-E5ZHcY_K/lib/python3.12/site-packages/airflow/example_dags/example_python_operator.py
[2024-07-06T22:08:17.040+0700] {logging_mixin.py:188} INFO - [2024-07-06T22:08:17.039+0700] {dag.py:3096} INFO - Sync 1 DAGs
[2024-07-06T22:08:17.061+0700] {logging_mixin.py:188} INFO - [2024-07-06T22:08:17.061+0700] {dag.py:3954} INFO - Setting next_dagrun for example_python_operator to None, run_after=None
[2024-07-06T22:08:17.085+0700] {processor.py:183} INFO - Processing /home/acer/.local/share/virtualenvs/custom_airflow-E5ZHcY_K/lib/python3.12/site-packages/airflow/example_dags/example_python_operator.py took 0.150 seconds
[2024-07-06T22:09:12.061+0700] {processor.py:161} INFO - Started process (PID=19101) to work on /home/acer/.local/share/virtualenvs/custom_airflow-E5ZHcY_K/lib/python3.12/site-packages/airflow/example_dags/example_python_operator.py
[2024-07-06T22:09:12.064+0700] {processor.py:830} INFO - Processing file /home/acer/.local/share/virtualenvs/custom_airflow-E5ZHcY_K/lib/python3.12/site-packages/airflow/example_dags/example_python_operator.py for tasks to queue
[2024-07-06T22:09:12.069+0700] {logging_mixin.py:188} INFO - [2024-07-06T22:09:12.068+0700] {dagbag.py:545} INFO - Filling up the DagBag from /home/acer/.local/share/virtualenvs/custom_airflow-E5ZHcY_K/lib/python3.12/site-packages/airflow/example_dags/example_python_operator.py
[2024-07-06T22:09:12.084+0700] {processor.py:840} INFO - DAG(s) 'example_python_operator' retrieved from /home/acer/.local/share/virtualenvs/custom_airflow-E5ZHcY_K/lib/python3.12/site-packages/airflow/example_dags/example_python_operator.py
[2024-07-06T22:09:12.110+0700] {logging_mixin.py:188} INFO - [2024-07-06T22:09:12.110+0700] {dag.py:3096} INFO - Sync 1 DAGs
[2024-07-06T22:09:12.125+0700] {logging_mixin.py:188} INFO - [2024-07-06T22:09:12.124+0700] {dag.py:3954} INFO - Setting next_dagrun for example_python_operator to None, run_after=None
[2024-07-06T22:09:12.156+0700] {processor.py:183} INFO - Processing /home/acer/.local/share/virtualenvs/custom_airflow-E5ZHcY_K/lib/python3.12/site-packages/airflow/example_dags/example_python_operator.py took 0.102 seconds
[2024-07-06T22:10:13.411+0700] {processor.py:161} INFO - Started process (PID=19427) to work on /home/acer/.local/share/virtualenvs/custom_airflow-E5ZHcY_K/lib/python3.12/site-packages/airflow/example_dags/example_python_operator.py
[2024-07-06T22:10:13.412+0700] {processor.py:830} INFO - Processing file /home/acer/.local/share/virtualenvs/custom_airflow-E5ZHcY_K/lib/python3.12/site-packages/airflow/example_dags/example_python_operator.py for tasks to queue
[2024-07-06T22:10:13.415+0700] {logging_mixin.py:188} INFO - [2024-07-06T22:10:13.414+0700] {dagbag.py:545} INFO - Filling up the DagBag from /home/acer/.local/share/virtualenvs/custom_airflow-E5ZHcY_K/lib/python3.12/site-packages/airflow/example_dags/example_python_operator.py
[2024-07-06T22:10:13.431+0700] {processor.py:840} INFO - DAG(s) 'example_python_operator' retrieved from /home/acer/.local/share/virtualenvs/custom_airflow-E5ZHcY_K/lib/python3.12/site-packages/airflow/example_dags/example_python_operator.py
[2024-07-06T22:10:13.456+0700] {logging_mixin.py:188} INFO - [2024-07-06T22:10:13.455+0700] {dag.py:3096} INFO - Sync 1 DAGs
[2024-07-06T22:10:13.475+0700] {logging_mixin.py:188} INFO - [2024-07-06T22:10:13.475+0700] {dag.py:3954} INFO - Setting next_dagrun for example_python_operator to None, run_after=None
[2024-07-06T22:10:13.512+0700] {processor.py:183} INFO - Processing /home/acer/.local/share/virtualenvs/custom_airflow-E5ZHcY_K/lib/python3.12/site-packages/airflow/example_dags/example_python_operator.py took 0.118 seconds
[2024-07-06T22:11:18.037+0700] {processor.py:161} INFO - Started process (PID=19829) to work on /home/acer/.local/share/virtualenvs/custom_airflow-E5ZHcY_K/lib/python3.12/site-packages/airflow/example_dags/example_python_operator.py
[2024-07-06T22:11:18.043+0700] {processor.py:830} INFO - Processing file /home/acer/.local/share/virtualenvs/custom_airflow-E5ZHcY_K/lib/python3.12/site-packages/airflow/example_dags/example_python_operator.py for tasks to queue
[2024-07-06T22:11:18.048+0700] {logging_mixin.py:188} INFO - [2024-07-06T22:11:18.047+0700] {dagbag.py:545} INFO - Filling up the DagBag from /home/acer/.local/share/virtualenvs/custom_airflow-E5ZHcY_K/lib/python3.12/site-packages/airflow/example_dags/example_python_operator.py
[2024-07-06T22:11:18.073+0700] {processor.py:840} INFO - DAG(s) 'example_python_operator' retrieved from /home/acer/.local/share/virtualenvs/custom_airflow-E5ZHcY_K/lib/python3.12/site-packages/airflow/example_dags/example_python_operator.py
[2024-07-06T22:11:18.094+0700] {logging_mixin.py:188} INFO - [2024-07-06T22:11:18.094+0700] {dag.py:3096} INFO - Sync 1 DAGs
[2024-07-06T22:11:18.109+0700] {logging_mixin.py:188} INFO - [2024-07-06T22:11:18.108+0700] {dag.py:3954} INFO - Setting next_dagrun for example_python_operator to None, run_after=None
[2024-07-06T22:11:18.137+0700] {processor.py:183} INFO - Processing /home/acer/.local/share/virtualenvs/custom_airflow-E5ZHcY_K/lib/python3.12/site-packages/airflow/example_dags/example_python_operator.py took 0.143 seconds
[2024-07-06T22:12:16.930+0700] {processor.py:161} INFO - Started process (PID=20129) to work on /home/acer/.local/share/virtualenvs/custom_airflow-E5ZHcY_K/lib/python3.12/site-packages/airflow/example_dags/example_python_operator.py
[2024-07-06T22:12:16.931+0700] {processor.py:830} INFO - Processing file /home/acer/.local/share/virtualenvs/custom_airflow-E5ZHcY_K/lib/python3.12/site-packages/airflow/example_dags/example_python_operator.py for tasks to queue
[2024-07-06T22:12:16.934+0700] {logging_mixin.py:188} INFO - [2024-07-06T22:12:16.934+0700] {dagbag.py:545} INFO - Filling up the DagBag from /home/acer/.local/share/virtualenvs/custom_airflow-E5ZHcY_K/lib/python3.12/site-packages/airflow/example_dags/example_python_operator.py
[2024-07-06T22:12:16.952+0700] {processor.py:840} INFO - DAG(s) 'example_python_operator' retrieved from /home/acer/.local/share/virtualenvs/custom_airflow-E5ZHcY_K/lib/python3.12/site-packages/airflow/example_dags/example_python_operator.py
[2024-07-06T22:12:16.980+0700] {logging_mixin.py:188} INFO - [2024-07-06T22:12:16.980+0700] {dag.py:3096} INFO - Sync 1 DAGs
[2024-07-06T22:12:16.998+0700] {logging_mixin.py:188} INFO - [2024-07-06T22:12:16.997+0700] {dag.py:3954} INFO - Setting next_dagrun for example_python_operator to None, run_after=None
[2024-07-06T22:12:17.023+0700] {processor.py:183} INFO - Processing /home/acer/.local/share/virtualenvs/custom_airflow-E5ZHcY_K/lib/python3.12/site-packages/airflow/example_dags/example_python_operator.py took 0.110 seconds
[2024-07-06T22:13:16.129+0700] {processor.py:161} INFO - Started process (PID=20524) to work on /home/acer/.local/share/virtualenvs/custom_airflow-E5ZHcY_K/lib/python3.12/site-packages/airflow/example_dags/example_python_operator.py
[2024-07-06T22:13:16.131+0700] {processor.py:830} INFO - Processing file /home/acer/.local/share/virtualenvs/custom_airflow-E5ZHcY_K/lib/python3.12/site-packages/airflow/example_dags/example_python_operator.py for tasks to queue
[2024-07-06T22:13:16.136+0700] {logging_mixin.py:188} INFO - [2024-07-06T22:13:16.133+0700] {dagbag.py:545} INFO - Filling up the DagBag from /home/acer/.local/share/virtualenvs/custom_airflow-E5ZHcY_K/lib/python3.12/site-packages/airflow/example_dags/example_python_operator.py
[2024-07-06T22:13:16.151+0700] {processor.py:840} INFO - DAG(s) 'example_python_operator' retrieved from /home/acer/.local/share/virtualenvs/custom_airflow-E5ZHcY_K/lib/python3.12/site-packages/airflow/example_dags/example_python_operator.py
[2024-07-06T22:13:16.179+0700] {logging_mixin.py:188} INFO - [2024-07-06T22:13:16.179+0700] {dag.py:3096} INFO - Sync 1 DAGs
[2024-07-06T22:13:16.196+0700] {logging_mixin.py:188} INFO - [2024-07-06T22:13:16.196+0700] {dag.py:3954} INFO - Setting next_dagrun for example_python_operator to None, run_after=None
[2024-07-06T22:13:16.227+0700] {processor.py:183} INFO - Processing /home/acer/.local/share/virtualenvs/custom_airflow-E5ZHcY_K/lib/python3.12/site-packages/airflow/example_dags/example_python_operator.py took 0.106 seconds
[2024-07-06T22:14:17.206+0700] {processor.py:161} INFO - Started process (PID=20865) to work on /home/acer/.local/share/virtualenvs/custom_airflow-E5ZHcY_K/lib/python3.12/site-packages/airflow/example_dags/example_python_operator.py
[2024-07-06T22:14:17.208+0700] {processor.py:830} INFO - Processing file /home/acer/.local/share/virtualenvs/custom_airflow-E5ZHcY_K/lib/python3.12/site-packages/airflow/example_dags/example_python_operator.py for tasks to queue
[2024-07-06T22:14:17.210+0700] {logging_mixin.py:188} INFO - [2024-07-06T22:14:17.210+0700] {dagbag.py:545} INFO - Filling up the DagBag from /home/acer/.local/share/virtualenvs/custom_airflow-E5ZHcY_K/lib/python3.12/site-packages/airflow/example_dags/example_python_operator.py
[2024-07-06T22:14:17.229+0700] {processor.py:840} INFO - DAG(s) 'example_python_operator' retrieved from /home/acer/.local/share/virtualenvs/custom_airflow-E5ZHcY_K/lib/python3.12/site-packages/airflow/example_dags/example_python_operator.py
[2024-07-06T22:14:17.264+0700] {logging_mixin.py:188} INFO - [2024-07-06T22:14:17.264+0700] {dag.py:3096} INFO - Sync 1 DAGs
[2024-07-06T22:14:17.289+0700] {logging_mixin.py:188} INFO - [2024-07-06T22:14:17.288+0700] {dag.py:3954} INFO - Setting next_dagrun for example_python_operator to None, run_after=None
[2024-07-06T22:14:17.322+0700] {processor.py:183} INFO - Processing /home/acer/.local/share/virtualenvs/custom_airflow-E5ZHcY_K/lib/python3.12/site-packages/airflow/example_dags/example_python_operator.py took 0.125 seconds
[2024-07-06T22:15:20.594+0700] {processor.py:161} INFO - Started process (PID=21235) to work on /home/acer/.local/share/virtualenvs/custom_airflow-E5ZHcY_K/lib/python3.12/site-packages/airflow/example_dags/example_python_operator.py
[2024-07-06T22:15:20.595+0700] {processor.py:830} INFO - Processing file /home/acer/.local/share/virtualenvs/custom_airflow-E5ZHcY_K/lib/python3.12/site-packages/airflow/example_dags/example_python_operator.py for tasks to queue
[2024-07-06T22:15:20.598+0700] {logging_mixin.py:188} INFO - [2024-07-06T22:15:20.597+0700] {dagbag.py:545} INFO - Filling up the DagBag from /home/acer/.local/share/virtualenvs/custom_airflow-E5ZHcY_K/lib/python3.12/site-packages/airflow/example_dags/example_python_operator.py
[2024-07-06T22:15:20.617+0700] {processor.py:840} INFO - DAG(s) 'example_python_operator' retrieved from /home/acer/.local/share/virtualenvs/custom_airflow-E5ZHcY_K/lib/python3.12/site-packages/airflow/example_dags/example_python_operator.py
[2024-07-06T22:15:20.654+0700] {logging_mixin.py:188} INFO - [2024-07-06T22:15:20.653+0700] {dag.py:3096} INFO - Sync 1 DAGs
[2024-07-06T22:15:20.677+0700] {logging_mixin.py:188} INFO - [2024-07-06T22:15:20.677+0700] {dag.py:3954} INFO - Setting next_dagrun for example_python_operator to None, run_after=None
[2024-07-06T22:15:20.726+0700] {processor.py:183} INFO - Processing /home/acer/.local/share/virtualenvs/custom_airflow-E5ZHcY_K/lib/python3.12/site-packages/airflow/example_dags/example_python_operator.py took 0.140 seconds
[2024-07-06T22:16:19.289+0700] {processor.py:161} INFO - Started process (PID=21545) to work on /home/acer/.local/share/virtualenvs/custom_airflow-E5ZHcY_K/lib/python3.12/site-packages/airflow/example_dags/example_python_operator.py
[2024-07-06T22:16:19.290+0700] {processor.py:830} INFO - Processing file /home/acer/.local/share/virtualenvs/custom_airflow-E5ZHcY_K/lib/python3.12/site-packages/airflow/example_dags/example_python_operator.py for tasks to queue
[2024-07-06T22:16:19.292+0700] {logging_mixin.py:188} INFO - [2024-07-06T22:16:19.291+0700] {dagbag.py:545} INFO - Filling up the DagBag from /home/acer/.local/share/virtualenvs/custom_airflow-E5ZHcY_K/lib/python3.12/site-packages/airflow/example_dags/example_python_operator.py
[2024-07-06T22:16:19.310+0700] {processor.py:840} INFO - DAG(s) 'example_python_operator' retrieved from /home/acer/.local/share/virtualenvs/custom_airflow-E5ZHcY_K/lib/python3.12/site-packages/airflow/example_dags/example_python_operator.py
[2024-07-06T22:16:19.336+0700] {logging_mixin.py:188} INFO - [2024-07-06T22:16:19.336+0700] {dag.py:3096} INFO - Sync 1 DAGs
[2024-07-06T22:16:19.353+0700] {logging_mixin.py:188} INFO - [2024-07-06T22:16:19.353+0700] {dag.py:3954} INFO - Setting next_dagrun for example_python_operator to None, run_after=None
[2024-07-06T22:16:19.386+0700] {processor.py:183} INFO - Processing /home/acer/.local/share/virtualenvs/custom_airflow-E5ZHcY_K/lib/python3.12/site-packages/airflow/example_dags/example_python_operator.py took 0.108 seconds
[2024-07-06T22:17:16.040+0700] {processor.py:161} INFO - Started process (PID=21835) to work on /home/acer/.local/share/virtualenvs/custom_airflow-E5ZHcY_K/lib/python3.12/site-packages/airflow/example_dags/example_python_operator.py
[2024-07-06T22:17:16.043+0700] {processor.py:830} INFO - Processing file /home/acer/.local/share/virtualenvs/custom_airflow-E5ZHcY_K/lib/python3.12/site-packages/airflow/example_dags/example_python_operator.py for tasks to queue
[2024-07-06T22:17:16.050+0700] {logging_mixin.py:188} INFO - [2024-07-06T22:17:16.049+0700] {dagbag.py:545} INFO - Filling up the DagBag from /home/acer/.local/share/virtualenvs/custom_airflow-E5ZHcY_K/lib/python3.12/site-packages/airflow/example_dags/example_python_operator.py
[2024-07-06T22:17:16.067+0700] {processor.py:840} INFO - DAG(s) 'example_python_operator' retrieved from /home/acer/.local/share/virtualenvs/custom_airflow-E5ZHcY_K/lib/python3.12/site-packages/airflow/example_dags/example_python_operator.py
[2024-07-06T22:17:16.093+0700] {logging_mixin.py:188} INFO - [2024-07-06T22:17:16.093+0700] {dag.py:3096} INFO - Sync 1 DAGs
[2024-07-06T22:17:16.108+0700] {logging_mixin.py:188} INFO - [2024-07-06T22:17:16.107+0700] {dag.py:3954} INFO - Setting next_dagrun for example_python_operator to None, run_after=None
[2024-07-06T22:17:16.137+0700] {processor.py:183} INFO - Processing /home/acer/.local/share/virtualenvs/custom_airflow-E5ZHcY_K/lib/python3.12/site-packages/airflow/example_dags/example_python_operator.py took 0.133 seconds
[2024-07-06T22:18:18.815+0700] {processor.py:161} INFO - Started process (PID=22183) to work on /home/acer/.local/share/virtualenvs/custom_airflow-E5ZHcY_K/lib/python3.12/site-packages/airflow/example_dags/example_python_operator.py
[2024-07-06T22:18:18.820+0700] {processor.py:830} INFO - Processing file /home/acer/.local/share/virtualenvs/custom_airflow-E5ZHcY_K/lib/python3.12/site-packages/airflow/example_dags/example_python_operator.py for tasks to queue
[2024-07-06T22:18:18.823+0700] {logging_mixin.py:188} INFO - [2024-07-06T22:18:18.823+0700] {dagbag.py:545} INFO - Filling up the DagBag from /home/acer/.local/share/virtualenvs/custom_airflow-E5ZHcY_K/lib/python3.12/site-packages/airflow/example_dags/example_python_operator.py
[2024-07-06T22:18:18.842+0700] {processor.py:840} INFO - DAG(s) 'example_python_operator' retrieved from /home/acer/.local/share/virtualenvs/custom_airflow-E5ZHcY_K/lib/python3.12/site-packages/airflow/example_dags/example_python_operator.py
[2024-07-06T22:18:18.875+0700] {logging_mixin.py:188} INFO - [2024-07-06T22:18:18.874+0700] {dag.py:3096} INFO - Sync 1 DAGs
[2024-07-06T22:18:18.892+0700] {logging_mixin.py:188} INFO - [2024-07-06T22:18:18.892+0700] {dag.py:3954} INFO - Setting next_dagrun for example_python_operator to None, run_after=None
[2024-07-06T22:18:18.922+0700] {processor.py:183} INFO - Processing /home/acer/.local/share/virtualenvs/custom_airflow-E5ZHcY_K/lib/python3.12/site-packages/airflow/example_dags/example_python_operator.py took 0.116 seconds
[2024-07-06T22:19:21.731+0700] {processor.py:161} INFO - Started process (PID=22545) to work on /home/acer/.local/share/virtualenvs/custom_airflow-E5ZHcY_K/lib/python3.12/site-packages/airflow/example_dags/example_python_operator.py
[2024-07-06T22:19:21.733+0700] {processor.py:830} INFO - Processing file /home/acer/.local/share/virtualenvs/custom_airflow-E5ZHcY_K/lib/python3.12/site-packages/airflow/example_dags/example_python_operator.py for tasks to queue
[2024-07-06T22:19:21.739+0700] {logging_mixin.py:188} INFO - [2024-07-06T22:19:21.737+0700] {dagbag.py:545} INFO - Filling up the DagBag from /home/acer/.local/share/virtualenvs/custom_airflow-E5ZHcY_K/lib/python3.12/site-packages/airflow/example_dags/example_python_operator.py
[2024-07-06T22:19:21.766+0700] {processor.py:840} INFO - DAG(s) 'example_python_operator' retrieved from /home/acer/.local/share/virtualenvs/custom_airflow-E5ZHcY_K/lib/python3.12/site-packages/airflow/example_dags/example_python_operator.py
[2024-07-06T22:19:21.809+0700] {logging_mixin.py:188} INFO - [2024-07-06T22:19:21.808+0700] {dag.py:3096} INFO - Sync 1 DAGs
[2024-07-06T22:19:21.918+0700] {logging_mixin.py:188} INFO - [2024-07-06T22:19:21.918+0700] {dag.py:3954} INFO - Setting next_dagrun for example_python_operator to None, run_after=None
[2024-07-06T22:19:21.952+0700] {processor.py:183} INFO - Processing /home/acer/.local/share/virtualenvs/custom_airflow-E5ZHcY_K/lib/python3.12/site-packages/airflow/example_dags/example_python_operator.py took 0.235 seconds
[2024-07-06T22:20:23.020+0700] {processor.py:161} INFO - Started process (PID=22854) to work on /home/acer/.local/share/virtualenvs/custom_airflow-E5ZHcY_K/lib/python3.12/site-packages/airflow/example_dags/example_python_operator.py
[2024-07-06T22:20:23.022+0700] {processor.py:830} INFO - Processing file /home/acer/.local/share/virtualenvs/custom_airflow-E5ZHcY_K/lib/python3.12/site-packages/airflow/example_dags/example_python_operator.py for tasks to queue
[2024-07-06T22:20:23.024+0700] {logging_mixin.py:188} INFO - [2024-07-06T22:20:23.024+0700] {dagbag.py:545} INFO - Filling up the DagBag from /home/acer/.local/share/virtualenvs/custom_airflow-E5ZHcY_K/lib/python3.12/site-packages/airflow/example_dags/example_python_operator.py
[2024-07-06T22:20:23.041+0700] {processor.py:840} INFO - DAG(s) 'example_python_operator' retrieved from /home/acer/.local/share/virtualenvs/custom_airflow-E5ZHcY_K/lib/python3.12/site-packages/airflow/example_dags/example_python_operator.py
[2024-07-06T22:20:23.071+0700] {logging_mixin.py:188} INFO - [2024-07-06T22:20:23.070+0700] {dag.py:3096} INFO - Sync 1 DAGs
[2024-07-06T22:20:23.089+0700] {logging_mixin.py:188} INFO - [2024-07-06T22:20:23.089+0700] {dag.py:3954} INFO - Setting next_dagrun for example_python_operator to None, run_after=None
[2024-07-06T22:20:23.122+0700] {processor.py:183} INFO - Processing /home/acer/.local/share/virtualenvs/custom_airflow-E5ZHcY_K/lib/python3.12/site-packages/airflow/example_dags/example_python_operator.py took 0.111 seconds
