[2024-07-06T16:09:22.893+0700] {processor.py:161} INFO - Started process (PID=51434) to work on /home/acer/.local/share/virtualenvs/custom_airflow-E5ZHcY_K/lib/python3.12/site-packages/airflow/example_dags/example_external_task_marker_dag.py
[2024-07-06T16:09:22.894+0700] {processor.py:830} INFO - Processing file /home/acer/.local/share/virtualenvs/custom_airflow-E5ZHcY_K/lib/python3.12/site-packages/airflow/example_dags/example_external_task_marker_dag.py for tasks to queue
[2024-07-06T16:09:22.896+0700] {logging_mixin.py:188} INFO - [2024-07-06T16:09:22.896+0700] {dagbag.py:545} INFO - Filling up the DagBag from /home/acer/.local/share/virtualenvs/custom_airflow-E5ZHcY_K/lib/python3.12/site-packages/airflow/example_dags/example_external_task_marker_dag.py
[2024-07-06T16:09:22.906+0700] {processor.py:840} INFO - DAG(s) 'example_external_task_marker_parent', 'example_external_task_marker_child' retrieved from /home/acer/.local/share/virtualenvs/custom_airflow-E5ZHcY_K/lib/python3.12/site-packages/airflow/example_dags/example_external_task_marker_dag.py
[2024-07-06T16:09:23.021+0700] {logging_mixin.py:188} INFO - [2024-07-06T16:09:23.020+0700] {override.py:1847} INFO - Created Permission View: can delete on DAG:example_external_task_marker_parent
[2024-07-06T16:09:23.036+0700] {logging_mixin.py:188} INFO - [2024-07-06T16:09:23.035+0700] {override.py:1847} INFO - Created Permission View: can edit on DAG:example_external_task_marker_parent
[2024-07-06T16:09:23.044+0700] {logging_mixin.py:188} INFO - [2024-07-06T16:09:23.044+0700] {override.py:1847} INFO - Created Permission View: can read on DAG:example_external_task_marker_parent
[2024-07-06T16:09:23.063+0700] {logging_mixin.py:188} INFO - [2024-07-06T16:09:23.063+0700] {override.py:1847} INFO - Created Permission View: can delete on DAG:example_external_task_marker_child
[2024-07-06T16:09:23.071+0700] {logging_mixin.py:188} INFO - [2024-07-06T16:09:23.071+0700] {override.py:1847} INFO - Created Permission View: can edit on DAG:example_external_task_marker_child
[2024-07-06T16:09:23.080+0700] {logging_mixin.py:188} INFO - [2024-07-06T16:09:23.079+0700] {override.py:1847} INFO - Created Permission View: can read on DAG:example_external_task_marker_child
[2024-07-06T16:09:23.082+0700] {logging_mixin.py:188} INFO - [2024-07-06T16:09:23.081+0700] {dag.py:3096} INFO - Sync 2 DAGs
[2024-07-06T16:09:23.100+0700] {logging_mixin.py:188} INFO - [2024-07-06T16:09:23.100+0700] {dag.py:3118} INFO - Creating ORM DAG for example_external_task_marker_child
[2024-07-06T16:09:23.101+0700] {logging_mixin.py:188} INFO - [2024-07-06T16:09:23.101+0700] {dag.py:3118} INFO - Creating ORM DAG for example_external_task_marker_parent
[2024-07-06T16:09:23.102+0700] {logging_mixin.py:188} INFO - [2024-07-06T16:09:23.102+0700] {dag.py:3954} INFO - Setting next_dagrun for example_external_task_marker_child to None, run_after=None
[2024-07-06T16:09:23.103+0700] {logging_mixin.py:188} INFO - [2024-07-06T16:09:23.103+0700] {dag.py:3954} INFO - Setting next_dagrun for example_external_task_marker_parent to None, run_after=None
[2024-07-06T16:09:23.131+0700] {processor.py:183} INFO - Processing /home/acer/.local/share/virtualenvs/custom_airflow-E5ZHcY_K/lib/python3.12/site-packages/airflow/example_dags/example_external_task_marker_dag.py took 0.245 seconds
[2024-07-06T16:11:11.626+0700] {processor.py:161} INFO - Started process (PID=52369) to work on /home/acer/.local/share/virtualenvs/custom_airflow-E5ZHcY_K/lib/python3.12/site-packages/airflow/example_dags/example_external_task_marker_dag.py
[2024-07-06T16:11:11.627+0700] {processor.py:830} INFO - Processing file /home/acer/.local/share/virtualenvs/custom_airflow-E5ZHcY_K/lib/python3.12/site-packages/airflow/example_dags/example_external_task_marker_dag.py for tasks to queue
[2024-07-06T16:11:11.628+0700] {logging_mixin.py:188} INFO - [2024-07-06T16:11:11.628+0700] {dagbag.py:545} INFO - Filling up the DagBag from /home/acer/.local/share/virtualenvs/custom_airflow-E5ZHcY_K/lib/python3.12/site-packages/airflow/example_dags/example_external_task_marker_dag.py
[2024-07-06T16:11:11.636+0700] {processor.py:840} INFO - DAG(s) 'example_external_task_marker_parent', 'example_external_task_marker_child' retrieved from /home/acer/.local/share/virtualenvs/custom_airflow-E5ZHcY_K/lib/python3.12/site-packages/airflow/example_dags/example_external_task_marker_dag.py
[2024-07-06T16:11:11.658+0700] {logging_mixin.py:188} INFO - [2024-07-06T16:11:11.658+0700] {dag.py:3096} INFO - Sync 2 DAGs
[2024-07-06T16:11:11.679+0700] {logging_mixin.py:188} INFO - [2024-07-06T16:11:11.678+0700] {dag.py:3954} INFO - Setting next_dagrun for example_external_task_marker_child to None, run_after=None
[2024-07-06T16:11:11.683+0700] {logging_mixin.py:188} INFO - [2024-07-06T16:11:11.683+0700] {dag.py:3954} INFO - Setting next_dagrun for example_external_task_marker_parent to None, run_after=None
[2024-07-06T16:11:11.710+0700] {processor.py:183} INFO - Processing /home/acer/.local/share/virtualenvs/custom_airflow-E5ZHcY_K/lib/python3.12/site-packages/airflow/example_dags/example_external_task_marker_dag.py took 0.089 seconds
[2024-07-06T16:16:12.815+0700] {processor.py:161} INFO - Started process (PID=55023) to work on /home/acer/.local/share/virtualenvs/custom_airflow-E5ZHcY_K/lib/python3.12/site-packages/airflow/example_dags/example_external_task_marker_dag.py
[2024-07-06T16:16:12.816+0700] {processor.py:830} INFO - Processing file /home/acer/.local/share/virtualenvs/custom_airflow-E5ZHcY_K/lib/python3.12/site-packages/airflow/example_dags/example_external_task_marker_dag.py for tasks to queue
[2024-07-06T16:16:12.818+0700] {logging_mixin.py:188} INFO - [2024-07-06T16:16:12.818+0700] {dagbag.py:545} INFO - Filling up the DagBag from /home/acer/.local/share/virtualenvs/custom_airflow-E5ZHcY_K/lib/python3.12/site-packages/airflow/example_dags/example_external_task_marker_dag.py
[2024-07-06T16:16:12.827+0700] {processor.py:840} INFO - DAG(s) 'example_external_task_marker_parent', 'example_external_task_marker_child' retrieved from /home/acer/.local/share/virtualenvs/custom_airflow-E5ZHcY_K/lib/python3.12/site-packages/airflow/example_dags/example_external_task_marker_dag.py
[2024-07-06T16:16:12.942+0700] {logging_mixin.py:188} INFO - [2024-07-06T16:16:12.942+0700] {dag.py:3096} INFO - Sync 2 DAGs
[2024-07-06T16:16:12.953+0700] {logging_mixin.py:188} INFO - [2024-07-06T16:16:12.953+0700] {dag.py:3954} INFO - Setting next_dagrun for example_external_task_marker_child to None, run_after=None
[2024-07-06T16:16:12.957+0700] {logging_mixin.py:188} INFO - [2024-07-06T16:16:12.957+0700] {dag.py:3954} INFO - Setting next_dagrun for example_external_task_marker_parent to None, run_after=None
[2024-07-06T16:16:12.980+0700] {processor.py:183} INFO - Processing /home/acer/.local/share/virtualenvs/custom_airflow-E5ZHcY_K/lib/python3.12/site-packages/airflow/example_dags/example_external_task_marker_dag.py took 0.172 seconds
[2024-07-06T16:17:10.190+0700] {processor.py:161} INFO - Started process (PID=55556) to work on /home/acer/.local/share/virtualenvs/custom_airflow-E5ZHcY_K/lib/python3.12/site-packages/airflow/example_dags/example_external_task_marker_dag.py
[2024-07-06T16:17:10.191+0700] {processor.py:830} INFO - Processing file /home/acer/.local/share/virtualenvs/custom_airflow-E5ZHcY_K/lib/python3.12/site-packages/airflow/example_dags/example_external_task_marker_dag.py for tasks to queue
[2024-07-06T16:17:10.194+0700] {logging_mixin.py:188} INFO - [2024-07-06T16:17:10.193+0700] {dagbag.py:545} INFO - Filling up the DagBag from /home/acer/.local/share/virtualenvs/custom_airflow-E5ZHcY_K/lib/python3.12/site-packages/airflow/example_dags/example_external_task_marker_dag.py
[2024-07-06T16:17:10.202+0700] {processor.py:840} INFO - DAG(s) 'example_external_task_marker_parent', 'example_external_task_marker_child' retrieved from /home/acer/.local/share/virtualenvs/custom_airflow-E5ZHcY_K/lib/python3.12/site-packages/airflow/example_dags/example_external_task_marker_dag.py
[2024-07-06T16:17:10.223+0700] {logging_mixin.py:188} INFO - [2024-07-06T16:17:10.223+0700] {dag.py:3096} INFO - Sync 2 DAGs
[2024-07-06T16:17:10.241+0700] {logging_mixin.py:188} INFO - [2024-07-06T16:17:10.241+0700] {dag.py:3954} INFO - Setting next_dagrun for example_external_task_marker_child to None, run_after=None
[2024-07-06T16:17:10.245+0700] {logging_mixin.py:188} INFO - [2024-07-06T16:17:10.245+0700] {dag.py:3954} INFO - Setting next_dagrun for example_external_task_marker_parent to None, run_after=None
[2024-07-06T16:17:10.273+0700] {processor.py:183} INFO - Processing /home/acer/.local/share/virtualenvs/custom_airflow-E5ZHcY_K/lib/python3.12/site-packages/airflow/example_dags/example_external_task_marker_dag.py took 0.092 seconds
[2024-07-06T16:18:02.772+0700] {processor.py:161} INFO - Started process (PID=55874) to work on /home/acer/.local/share/virtualenvs/custom_airflow-E5ZHcY_K/lib/python3.12/site-packages/airflow/example_dags/example_external_task_marker_dag.py
[2024-07-06T16:18:02.775+0700] {processor.py:830} INFO - Processing file /home/acer/.local/share/virtualenvs/custom_airflow-E5ZHcY_K/lib/python3.12/site-packages/airflow/example_dags/example_external_task_marker_dag.py for tasks to queue
[2024-07-06T16:18:02.778+0700] {logging_mixin.py:188} INFO - [2024-07-06T16:18:02.778+0700] {dagbag.py:545} INFO - Filling up the DagBag from /home/acer/.local/share/virtualenvs/custom_airflow-E5ZHcY_K/lib/python3.12/site-packages/airflow/example_dags/example_external_task_marker_dag.py
[2024-07-06T16:18:02.788+0700] {processor.py:840} INFO - DAG(s) 'example_external_task_marker_child', 'example_external_task_marker_parent' retrieved from /home/acer/.local/share/virtualenvs/custom_airflow-E5ZHcY_K/lib/python3.12/site-packages/airflow/example_dags/example_external_task_marker_dag.py
[2024-07-06T16:18:02.808+0700] {logging_mixin.py:188} INFO - [2024-07-06T16:18:02.808+0700] {dag.py:3096} INFO - Sync 2 DAGs
[2024-07-06T16:18:02.821+0700] {logging_mixin.py:188} INFO - [2024-07-06T16:18:02.820+0700] {dag.py:3954} INFO - Setting next_dagrun for example_external_task_marker_child to None, run_after=None
[2024-07-06T16:18:02.824+0700] {logging_mixin.py:188} INFO - [2024-07-06T16:18:02.824+0700] {dag.py:3954} INFO - Setting next_dagrun for example_external_task_marker_parent to None, run_after=None
[2024-07-06T16:18:02.846+0700] {processor.py:183} INFO - Processing /home/acer/.local/share/virtualenvs/custom_airflow-E5ZHcY_K/lib/python3.12/site-packages/airflow/example_dags/example_external_task_marker_dag.py took 0.091 seconds
[2024-07-06T16:19:15.802+0700] {processor.py:161} INFO - Started process (PID=56276) to work on /home/acer/.local/share/virtualenvs/custom_airflow-E5ZHcY_K/lib/python3.12/site-packages/airflow/example_dags/example_external_task_marker_dag.py
[2024-07-06T16:19:15.803+0700] {processor.py:830} INFO - Processing file /home/acer/.local/share/virtualenvs/custom_airflow-E5ZHcY_K/lib/python3.12/site-packages/airflow/example_dags/example_external_task_marker_dag.py for tasks to queue
[2024-07-06T16:19:15.805+0700] {logging_mixin.py:188} INFO - [2024-07-06T16:19:15.805+0700] {dagbag.py:545} INFO - Filling up the DagBag from /home/acer/.local/share/virtualenvs/custom_airflow-E5ZHcY_K/lib/python3.12/site-packages/airflow/example_dags/example_external_task_marker_dag.py
[2024-07-06T16:19:15.814+0700] {processor.py:840} INFO - DAG(s) 'example_external_task_marker_parent', 'example_external_task_marker_child' retrieved from /home/acer/.local/share/virtualenvs/custom_airflow-E5ZHcY_K/lib/python3.12/site-packages/airflow/example_dags/example_external_task_marker_dag.py
[2024-07-06T16:19:15.843+0700] {logging_mixin.py:188} INFO - [2024-07-06T16:19:15.842+0700] {dag.py:3096} INFO - Sync 2 DAGs
[2024-07-06T16:19:15.860+0700] {logging_mixin.py:188} INFO - [2024-07-06T16:19:15.860+0700] {dag.py:3954} INFO - Setting next_dagrun for example_external_task_marker_child to None, run_after=None
[2024-07-06T16:19:15.868+0700] {logging_mixin.py:188} INFO - [2024-07-06T16:19:15.868+0700] {dag.py:3954} INFO - Setting next_dagrun for example_external_task_marker_parent to None, run_after=None
[2024-07-06T16:19:15.899+0700] {processor.py:183} INFO - Processing /home/acer/.local/share/virtualenvs/custom_airflow-E5ZHcY_K/lib/python3.12/site-packages/airflow/example_dags/example_external_task_marker_dag.py took 0.105 seconds
[2024-07-06T16:20:18.399+0700] {processor.py:161} INFO - Started process (PID=57034) to work on /home/acer/.local/share/virtualenvs/custom_airflow-E5ZHcY_K/lib/python3.12/site-packages/airflow/example_dags/example_external_task_marker_dag.py
[2024-07-06T16:20:18.400+0700] {processor.py:830} INFO - Processing file /home/acer/.local/share/virtualenvs/custom_airflow-E5ZHcY_K/lib/python3.12/site-packages/airflow/example_dags/example_external_task_marker_dag.py for tasks to queue
[2024-07-06T16:20:18.402+0700] {logging_mixin.py:188} INFO - [2024-07-06T16:20:18.402+0700] {dagbag.py:545} INFO - Filling up the DagBag from /home/acer/.local/share/virtualenvs/custom_airflow-E5ZHcY_K/lib/python3.12/site-packages/airflow/example_dags/example_external_task_marker_dag.py
[2024-07-06T16:20:18.409+0700] {processor.py:840} INFO - DAG(s) 'example_external_task_marker_parent', 'example_external_task_marker_child' retrieved from /home/acer/.local/share/virtualenvs/custom_airflow-E5ZHcY_K/lib/python3.12/site-packages/airflow/example_dags/example_external_task_marker_dag.py
[2024-07-06T16:20:18.435+0700] {logging_mixin.py:188} INFO - [2024-07-06T16:20:18.434+0700] {dag.py:3096} INFO - Sync 2 DAGs
[2024-07-06T16:20:18.457+0700] {logging_mixin.py:188} INFO - [2024-07-06T16:20:18.457+0700] {dag.py:3954} INFO - Setting next_dagrun for example_external_task_marker_child to None, run_after=None
[2024-07-06T16:20:18.461+0700] {logging_mixin.py:188} INFO - [2024-07-06T16:20:18.461+0700] {dag.py:3954} INFO - Setting next_dagrun for example_external_task_marker_parent to None, run_after=None
[2024-07-06T16:20:18.482+0700] {processor.py:183} INFO - Processing /home/acer/.local/share/virtualenvs/custom_airflow-E5ZHcY_K/lib/python3.12/site-packages/airflow/example_dags/example_external_task_marker_dag.py took 0.091 seconds
[2024-07-06T16:21:15.203+0700] {processor.py:161} INFO - Started process (PID=57502) to work on /home/acer/.local/share/virtualenvs/custom_airflow-E5ZHcY_K/lib/python3.12/site-packages/airflow/example_dags/example_external_task_marker_dag.py
[2024-07-06T16:21:15.204+0700] {processor.py:830} INFO - Processing file /home/acer/.local/share/virtualenvs/custom_airflow-E5ZHcY_K/lib/python3.12/site-packages/airflow/example_dags/example_external_task_marker_dag.py for tasks to queue
[2024-07-06T16:21:15.206+0700] {logging_mixin.py:188} INFO - [2024-07-06T16:21:15.206+0700] {dagbag.py:545} INFO - Filling up the DagBag from /home/acer/.local/share/virtualenvs/custom_airflow-E5ZHcY_K/lib/python3.12/site-packages/airflow/example_dags/example_external_task_marker_dag.py
[2024-07-06T16:21:15.213+0700] {processor.py:840} INFO - DAG(s) 'example_external_task_marker_child', 'example_external_task_marker_parent' retrieved from /home/acer/.local/share/virtualenvs/custom_airflow-E5ZHcY_K/lib/python3.12/site-packages/airflow/example_dags/example_external_task_marker_dag.py
[2024-07-06T16:21:15.232+0700] {logging_mixin.py:188} INFO - [2024-07-06T16:21:15.232+0700] {dag.py:3096} INFO - Sync 2 DAGs
[2024-07-06T16:21:15.246+0700] {logging_mixin.py:188} INFO - [2024-07-06T16:21:15.246+0700] {dag.py:3954} INFO - Setting next_dagrun for example_external_task_marker_child to None, run_after=None
[2024-07-06T16:21:15.250+0700] {logging_mixin.py:188} INFO - [2024-07-06T16:21:15.250+0700] {dag.py:3954} INFO - Setting next_dagrun for example_external_task_marker_parent to None, run_after=None
[2024-07-06T16:21:15.270+0700] {processor.py:183} INFO - Processing /home/acer/.local/share/virtualenvs/custom_airflow-E5ZHcY_K/lib/python3.12/site-packages/airflow/example_dags/example_external_task_marker_dag.py took 0.074 seconds
[2024-07-06T16:22:27.716+0700] {processor.py:161} INFO - Started process (PID=57944) to work on /home/acer/.local/share/virtualenvs/custom_airflow-E5ZHcY_K/lib/python3.12/site-packages/airflow/example_dags/example_external_task_marker_dag.py
[2024-07-06T16:22:27.718+0700] {processor.py:830} INFO - Processing file /home/acer/.local/share/virtualenvs/custom_airflow-E5ZHcY_K/lib/python3.12/site-packages/airflow/example_dags/example_external_task_marker_dag.py for tasks to queue
[2024-07-06T16:22:27.721+0700] {logging_mixin.py:188} INFO - [2024-07-06T16:22:27.720+0700] {dagbag.py:545} INFO - Filling up the DagBag from /home/acer/.local/share/virtualenvs/custom_airflow-E5ZHcY_K/lib/python3.12/site-packages/airflow/example_dags/example_external_task_marker_dag.py
[2024-07-06T16:22:27.738+0700] {processor.py:840} INFO - DAG(s) 'example_external_task_marker_child', 'example_external_task_marker_parent' retrieved from /home/acer/.local/share/virtualenvs/custom_airflow-E5ZHcY_K/lib/python3.12/site-packages/airflow/example_dags/example_external_task_marker_dag.py
[2024-07-06T16:22:27.789+0700] {logging_mixin.py:188} INFO - [2024-07-06T16:22:27.788+0700] {dag.py:3096} INFO - Sync 2 DAGs
[2024-07-06T16:22:27.807+0700] {logging_mixin.py:188} INFO - [2024-07-06T16:22:27.806+0700] {dag.py:3954} INFO - Setting next_dagrun for example_external_task_marker_child to None, run_after=None
[2024-07-06T16:22:27.813+0700] {logging_mixin.py:188} INFO - [2024-07-06T16:22:27.813+0700] {dag.py:3954} INFO - Setting next_dagrun for example_external_task_marker_parent to None, run_after=None
[2024-07-06T16:22:27.840+0700] {processor.py:183} INFO - Processing /home/acer/.local/share/virtualenvs/custom_airflow-E5ZHcY_K/lib/python3.12/site-packages/airflow/example_dags/example_external_task_marker_dag.py took 0.134 seconds
[2024-07-06T16:24:36.660+0700] {processor.py:161} INFO - Started process (PID=59375) to work on /home/acer/.local/share/virtualenvs/custom_airflow-E5ZHcY_K/lib/python3.12/site-packages/airflow/example_dags/example_external_task_marker_dag.py
[2024-07-06T16:24:36.662+0700] {processor.py:830} INFO - Processing file /home/acer/.local/share/virtualenvs/custom_airflow-E5ZHcY_K/lib/python3.12/site-packages/airflow/example_dags/example_external_task_marker_dag.py for tasks to queue
[2024-07-06T16:24:36.665+0700] {logging_mixin.py:188} INFO - [2024-07-06T16:24:36.664+0700] {dagbag.py:545} INFO - Filling up the DagBag from /home/acer/.local/share/virtualenvs/custom_airflow-E5ZHcY_K/lib/python3.12/site-packages/airflow/example_dags/example_external_task_marker_dag.py
[2024-07-06T16:24:36.673+0700] {processor.py:840} INFO - DAG(s) 'example_external_task_marker_child', 'example_external_task_marker_parent' retrieved from /home/acer/.local/share/virtualenvs/custom_airflow-E5ZHcY_K/lib/python3.12/site-packages/airflow/example_dags/example_external_task_marker_dag.py
[2024-07-06T16:24:36.693+0700] {logging_mixin.py:188} INFO - [2024-07-06T16:24:36.693+0700] {dag.py:3096} INFO - Sync 2 DAGs
[2024-07-06T16:24:36.707+0700] {logging_mixin.py:188} INFO - [2024-07-06T16:24:36.706+0700] {dag.py:3954} INFO - Setting next_dagrun for example_external_task_marker_child to None, run_after=None
[2024-07-06T16:24:36.710+0700] {logging_mixin.py:188} INFO - [2024-07-06T16:24:36.710+0700] {dag.py:3954} INFO - Setting next_dagrun for example_external_task_marker_parent to None, run_after=None
[2024-07-06T16:24:36.731+0700] {processor.py:183} INFO - Processing /home/acer/.local/share/virtualenvs/custom_airflow-E5ZHcY_K/lib/python3.12/site-packages/airflow/example_dags/example_external_task_marker_dag.py took 0.079 seconds
[2024-07-06T16:25:32.267+0700] {processor.py:161} INFO - Started process (PID=59755) to work on /home/acer/.local/share/virtualenvs/custom_airflow-E5ZHcY_K/lib/python3.12/site-packages/airflow/example_dags/example_external_task_marker_dag.py
[2024-07-06T16:25:32.268+0700] {processor.py:830} INFO - Processing file /home/acer/.local/share/virtualenvs/custom_airflow-E5ZHcY_K/lib/python3.12/site-packages/airflow/example_dags/example_external_task_marker_dag.py for tasks to queue
[2024-07-06T16:25:32.270+0700] {logging_mixin.py:188} INFO - [2024-07-06T16:25:32.269+0700] {dagbag.py:545} INFO - Filling up the DagBag from /home/acer/.local/share/virtualenvs/custom_airflow-E5ZHcY_K/lib/python3.12/site-packages/airflow/example_dags/example_external_task_marker_dag.py
[2024-07-06T16:25:32.275+0700] {processor.py:840} INFO - DAG(s) 'example_external_task_marker_child', 'example_external_task_marker_parent' retrieved from /home/acer/.local/share/virtualenvs/custom_airflow-E5ZHcY_K/lib/python3.12/site-packages/airflow/example_dags/example_external_task_marker_dag.py
[2024-07-06T16:25:32.295+0700] {logging_mixin.py:188} INFO - [2024-07-06T16:25:32.295+0700] {dag.py:3096} INFO - Sync 2 DAGs
[2024-07-06T16:25:32.308+0700] {logging_mixin.py:188} INFO - [2024-07-06T16:25:32.308+0700] {dag.py:3954} INFO - Setting next_dagrun for example_external_task_marker_child to None, run_after=None
[2024-07-06T16:25:32.312+0700] {logging_mixin.py:188} INFO - [2024-07-06T16:25:32.312+0700] {dag.py:3954} INFO - Setting next_dagrun for example_external_task_marker_parent to None, run_after=None
[2024-07-06T16:25:32.332+0700] {processor.py:183} INFO - Processing /home/acer/.local/share/virtualenvs/custom_airflow-E5ZHcY_K/lib/python3.12/site-packages/airflow/example_dags/example_external_task_marker_dag.py took 0.071 seconds
[2024-07-06T16:26:27.585+0700] {processor.py:161} INFO - Started process (PID=60116) to work on /home/acer/.local/share/virtualenvs/custom_airflow-E5ZHcY_K/lib/python3.12/site-packages/airflow/example_dags/example_external_task_marker_dag.py
[2024-07-06T16:26:27.586+0700] {processor.py:830} INFO - Processing file /home/acer/.local/share/virtualenvs/custom_airflow-E5ZHcY_K/lib/python3.12/site-packages/airflow/example_dags/example_external_task_marker_dag.py for tasks to queue
[2024-07-06T16:26:27.587+0700] {logging_mixin.py:188} INFO - [2024-07-06T16:26:27.587+0700] {dagbag.py:545} INFO - Filling up the DagBag from /home/acer/.local/share/virtualenvs/custom_airflow-E5ZHcY_K/lib/python3.12/site-packages/airflow/example_dags/example_external_task_marker_dag.py
[2024-07-06T16:26:27.593+0700] {processor.py:840} INFO - DAG(s) 'example_external_task_marker_child', 'example_external_task_marker_parent' retrieved from /home/acer/.local/share/virtualenvs/custom_airflow-E5ZHcY_K/lib/python3.12/site-packages/airflow/example_dags/example_external_task_marker_dag.py
[2024-07-06T16:26:27.611+0700] {logging_mixin.py:188} INFO - [2024-07-06T16:26:27.611+0700] {dag.py:3096} INFO - Sync 2 DAGs
[2024-07-06T16:26:27.623+0700] {logging_mixin.py:188} INFO - [2024-07-06T16:26:27.623+0700] {dag.py:3954} INFO - Setting next_dagrun for example_external_task_marker_child to None, run_after=None
[2024-07-06T16:26:27.627+0700] {logging_mixin.py:188} INFO - [2024-07-06T16:26:27.627+0700] {dag.py:3954} INFO - Setting next_dagrun for example_external_task_marker_parent to None, run_after=None
[2024-07-06T16:26:27.655+0700] {processor.py:183} INFO - Processing /home/acer/.local/share/virtualenvs/custom_airflow-E5ZHcY_K/lib/python3.12/site-packages/airflow/example_dags/example_external_task_marker_dag.py took 0.077 seconds
[2024-07-06T16:27:17.292+0700] {processor.py:161} INFO - Started process (PID=60377) to work on /home/acer/.local/share/virtualenvs/custom_airflow-E5ZHcY_K/lib/python3.12/site-packages/airflow/example_dags/example_external_task_marker_dag.py
[2024-07-06T16:27:17.294+0700] {processor.py:830} INFO - Processing file /home/acer/.local/share/virtualenvs/custom_airflow-E5ZHcY_K/lib/python3.12/site-packages/airflow/example_dags/example_external_task_marker_dag.py for tasks to queue
[2024-07-06T16:27:17.296+0700] {logging_mixin.py:188} INFO - [2024-07-06T16:27:17.295+0700] {dagbag.py:545} INFO - Filling up the DagBag from /home/acer/.local/share/virtualenvs/custom_airflow-E5ZHcY_K/lib/python3.12/site-packages/airflow/example_dags/example_external_task_marker_dag.py
[2024-07-06T16:27:17.302+0700] {processor.py:840} INFO - DAG(s) 'example_external_task_marker_child', 'example_external_task_marker_parent' retrieved from /home/acer/.local/share/virtualenvs/custom_airflow-E5ZHcY_K/lib/python3.12/site-packages/airflow/example_dags/example_external_task_marker_dag.py
[2024-07-06T16:27:17.328+0700] {logging_mixin.py:188} INFO - [2024-07-06T16:27:17.328+0700] {dag.py:3096} INFO - Sync 2 DAGs
[2024-07-06T16:27:17.342+0700] {logging_mixin.py:188} INFO - [2024-07-06T16:27:17.342+0700] {dag.py:3954} INFO - Setting next_dagrun for example_external_task_marker_child to None, run_after=None
[2024-07-06T16:27:17.346+0700] {logging_mixin.py:188} INFO - [2024-07-06T16:27:17.346+0700] {dag.py:3954} INFO - Setting next_dagrun for example_external_task_marker_parent to None, run_after=None
[2024-07-06T16:27:17.381+0700] {processor.py:183} INFO - Processing /home/acer/.local/share/virtualenvs/custom_airflow-E5ZHcY_K/lib/python3.12/site-packages/airflow/example_dags/example_external_task_marker_dag.py took 0.096 seconds
[2024-07-06T16:28:26.173+0700] {processor.py:161} INFO - Started process (PID=60726) to work on /home/acer/.local/share/virtualenvs/custom_airflow-E5ZHcY_K/lib/python3.12/site-packages/airflow/example_dags/example_external_task_marker_dag.py
[2024-07-06T16:28:26.174+0700] {processor.py:830} INFO - Processing file /home/acer/.local/share/virtualenvs/custom_airflow-E5ZHcY_K/lib/python3.12/site-packages/airflow/example_dags/example_external_task_marker_dag.py for tasks to queue
[2024-07-06T16:28:26.176+0700] {logging_mixin.py:188} INFO - [2024-07-06T16:28:26.175+0700] {dagbag.py:545} INFO - Filling up the DagBag from /home/acer/.local/share/virtualenvs/custom_airflow-E5ZHcY_K/lib/python3.12/site-packages/airflow/example_dags/example_external_task_marker_dag.py
[2024-07-06T16:28:26.182+0700] {processor.py:840} INFO - DAG(s) 'example_external_task_marker_parent', 'example_external_task_marker_child' retrieved from /home/acer/.local/share/virtualenvs/custom_airflow-E5ZHcY_K/lib/python3.12/site-packages/airflow/example_dags/example_external_task_marker_dag.py
[2024-07-06T16:28:26.200+0700] {logging_mixin.py:188} INFO - [2024-07-06T16:28:26.200+0700] {dag.py:3096} INFO - Sync 2 DAGs
[2024-07-06T16:28:26.212+0700] {logging_mixin.py:188} INFO - [2024-07-06T16:28:26.212+0700] {dag.py:3954} INFO - Setting next_dagrun for example_external_task_marker_child to None, run_after=None
[2024-07-06T16:28:26.216+0700] {logging_mixin.py:188} INFO - [2024-07-06T16:28:26.216+0700] {dag.py:3954} INFO - Setting next_dagrun for example_external_task_marker_parent to None, run_after=None
[2024-07-06T16:28:26.244+0700] {processor.py:183} INFO - Processing /home/acer/.local/share/virtualenvs/custom_airflow-E5ZHcY_K/lib/python3.12/site-packages/airflow/example_dags/example_external_task_marker_dag.py took 0.077 seconds
[2024-07-06T16:29:36.001+0700] {processor.py:161} INFO - Started process (PID=61068) to work on /home/acer/.local/share/virtualenvs/custom_airflow-E5ZHcY_K/lib/python3.12/site-packages/airflow/example_dags/example_external_task_marker_dag.py
[2024-07-06T16:29:36.002+0700] {processor.py:830} INFO - Processing file /home/acer/.local/share/virtualenvs/custom_airflow-E5ZHcY_K/lib/python3.12/site-packages/airflow/example_dags/example_external_task_marker_dag.py for tasks to queue
[2024-07-06T16:29:36.004+0700] {logging_mixin.py:188} INFO - [2024-07-06T16:29:36.003+0700] {dagbag.py:545} INFO - Filling up the DagBag from /home/acer/.local/share/virtualenvs/custom_airflow-E5ZHcY_K/lib/python3.12/site-packages/airflow/example_dags/example_external_task_marker_dag.py
[2024-07-06T16:29:36.010+0700] {processor.py:840} INFO - DAG(s) 'example_external_task_marker_child', 'example_external_task_marker_parent' retrieved from /home/acer/.local/share/virtualenvs/custom_airflow-E5ZHcY_K/lib/python3.12/site-packages/airflow/example_dags/example_external_task_marker_dag.py
[2024-07-06T16:29:36.027+0700] {logging_mixin.py:188} INFO - [2024-07-06T16:29:36.027+0700] {dag.py:3096} INFO - Sync 2 DAGs
[2024-07-06T16:29:36.040+0700] {logging_mixin.py:188} INFO - [2024-07-06T16:29:36.040+0700] {dag.py:3954} INFO - Setting next_dagrun for example_external_task_marker_child to None, run_after=None
[2024-07-06T16:29:36.044+0700] {logging_mixin.py:188} INFO - [2024-07-06T16:29:36.043+0700] {dag.py:3954} INFO - Setting next_dagrun for example_external_task_marker_parent to None, run_after=None
[2024-07-06T16:29:36.062+0700] {processor.py:183} INFO - Processing /home/acer/.local/share/virtualenvs/custom_airflow-E5ZHcY_K/lib/python3.12/site-packages/airflow/example_dags/example_external_task_marker_dag.py took 0.066 seconds
[2024-07-06T16:30:43.078+0700] {processor.py:161} INFO - Started process (PID=61432) to work on /home/acer/.local/share/virtualenvs/custom_airflow-E5ZHcY_K/lib/python3.12/site-packages/airflow/example_dags/example_external_task_marker_dag.py
[2024-07-06T16:30:43.079+0700] {processor.py:830} INFO - Processing file /home/acer/.local/share/virtualenvs/custom_airflow-E5ZHcY_K/lib/python3.12/site-packages/airflow/example_dags/example_external_task_marker_dag.py for tasks to queue
[2024-07-06T16:30:43.081+0700] {logging_mixin.py:188} INFO - [2024-07-06T16:30:43.080+0700] {dagbag.py:545} INFO - Filling up the DagBag from /home/acer/.local/share/virtualenvs/custom_airflow-E5ZHcY_K/lib/python3.12/site-packages/airflow/example_dags/example_external_task_marker_dag.py
[2024-07-06T16:30:43.087+0700] {processor.py:840} INFO - DAG(s) 'example_external_task_marker_child', 'example_external_task_marker_parent' retrieved from /home/acer/.local/share/virtualenvs/custom_airflow-E5ZHcY_K/lib/python3.12/site-packages/airflow/example_dags/example_external_task_marker_dag.py
[2024-07-06T16:30:43.105+0700] {logging_mixin.py:188} INFO - [2024-07-06T16:30:43.104+0700] {dag.py:3096} INFO - Sync 2 DAGs
[2024-07-06T16:30:43.117+0700] {logging_mixin.py:188} INFO - [2024-07-06T16:30:43.116+0700] {dag.py:3954} INFO - Setting next_dagrun for example_external_task_marker_child to None, run_after=None
[2024-07-06T16:30:43.120+0700] {logging_mixin.py:188} INFO - [2024-07-06T16:30:43.120+0700] {dag.py:3954} INFO - Setting next_dagrun for example_external_task_marker_parent to None, run_after=None
[2024-07-06T16:30:43.139+0700] {processor.py:183} INFO - Processing /home/acer/.local/share/virtualenvs/custom_airflow-E5ZHcY_K/lib/python3.12/site-packages/airflow/example_dags/example_external_task_marker_dag.py took 0.066 seconds
[2024-07-06T16:31:50.457+0700] {processor.py:161} INFO - Started process (PID=61764) to work on /home/acer/.local/share/virtualenvs/custom_airflow-E5ZHcY_K/lib/python3.12/site-packages/airflow/example_dags/example_external_task_marker_dag.py
[2024-07-06T16:31:50.458+0700] {processor.py:830} INFO - Processing file /home/acer/.local/share/virtualenvs/custom_airflow-E5ZHcY_K/lib/python3.12/site-packages/airflow/example_dags/example_external_task_marker_dag.py for tasks to queue
[2024-07-06T16:31:50.460+0700] {logging_mixin.py:188} INFO - [2024-07-06T16:31:50.459+0700] {dagbag.py:545} INFO - Filling up the DagBag from /home/acer/.local/share/virtualenvs/custom_airflow-E5ZHcY_K/lib/python3.12/site-packages/airflow/example_dags/example_external_task_marker_dag.py
[2024-07-06T16:31:50.466+0700] {processor.py:840} INFO - DAG(s) 'example_external_task_marker_parent', 'example_external_task_marker_child' retrieved from /home/acer/.local/share/virtualenvs/custom_airflow-E5ZHcY_K/lib/python3.12/site-packages/airflow/example_dags/example_external_task_marker_dag.py
[2024-07-06T16:31:50.484+0700] {logging_mixin.py:188} INFO - [2024-07-06T16:31:50.483+0700] {dag.py:3096} INFO - Sync 2 DAGs
[2024-07-06T16:31:50.496+0700] {logging_mixin.py:188} INFO - [2024-07-06T16:31:50.496+0700] {dag.py:3954} INFO - Setting next_dagrun for example_external_task_marker_child to None, run_after=None
[2024-07-06T16:31:50.499+0700] {logging_mixin.py:188} INFO - [2024-07-06T16:31:50.499+0700] {dag.py:3954} INFO - Setting next_dagrun for example_external_task_marker_parent to None, run_after=None
[2024-07-06T16:31:50.518+0700] {processor.py:183} INFO - Processing /home/acer/.local/share/virtualenvs/custom_airflow-E5ZHcY_K/lib/python3.12/site-packages/airflow/example_dags/example_external_task_marker_dag.py took 0.066 seconds
[2024-07-06T16:33:02.646+0700] {processor.py:161} INFO - Started process (PID=62134) to work on /home/acer/.local/share/virtualenvs/custom_airflow-E5ZHcY_K/lib/python3.12/site-packages/airflow/example_dags/example_external_task_marker_dag.py
[2024-07-06T16:33:02.648+0700] {processor.py:830} INFO - Processing file /home/acer/.local/share/virtualenvs/custom_airflow-E5ZHcY_K/lib/python3.12/site-packages/airflow/example_dags/example_external_task_marker_dag.py for tasks to queue
[2024-07-06T16:33:02.653+0700] {logging_mixin.py:188} INFO - [2024-07-06T16:33:02.652+0700] {dagbag.py:545} INFO - Filling up the DagBag from /home/acer/.local/share/virtualenvs/custom_airflow-E5ZHcY_K/lib/python3.12/site-packages/airflow/example_dags/example_external_task_marker_dag.py
[2024-07-06T16:33:02.662+0700] {processor.py:840} INFO - DAG(s) 'example_external_task_marker_parent', 'example_external_task_marker_child' retrieved from /home/acer/.local/share/virtualenvs/custom_airflow-E5ZHcY_K/lib/python3.12/site-packages/airflow/example_dags/example_external_task_marker_dag.py
[2024-07-06T16:33:02.682+0700] {logging_mixin.py:188} INFO - [2024-07-06T16:33:02.681+0700] {dag.py:3096} INFO - Sync 2 DAGs
[2024-07-06T16:33:02.694+0700] {logging_mixin.py:188} INFO - [2024-07-06T16:33:02.694+0700] {dag.py:3954} INFO - Setting next_dagrun for example_external_task_marker_child to None, run_after=None
[2024-07-06T16:33:02.698+0700] {logging_mixin.py:188} INFO - [2024-07-06T16:33:02.698+0700] {dag.py:3954} INFO - Setting next_dagrun for example_external_task_marker_parent to None, run_after=None
[2024-07-06T16:33:02.726+0700] {processor.py:183} INFO - Processing /home/acer/.local/share/virtualenvs/custom_airflow-E5ZHcY_K/lib/python3.12/site-packages/airflow/example_dags/example_external_task_marker_dag.py took 0.099 seconds
[2024-07-06T16:34:11.854+0700] {processor.py:161} INFO - Started process (PID=62490) to work on /home/acer/.local/share/virtualenvs/custom_airflow-E5ZHcY_K/lib/python3.12/site-packages/airflow/example_dags/example_external_task_marker_dag.py
[2024-07-06T16:34:11.856+0700] {processor.py:830} INFO - Processing file /home/acer/.local/share/virtualenvs/custom_airflow-E5ZHcY_K/lib/python3.12/site-packages/airflow/example_dags/example_external_task_marker_dag.py for tasks to queue
[2024-07-06T16:34:11.859+0700] {logging_mixin.py:188} INFO - [2024-07-06T16:34:11.858+0700] {dagbag.py:545} INFO - Filling up the DagBag from /home/acer/.local/share/virtualenvs/custom_airflow-E5ZHcY_K/lib/python3.12/site-packages/airflow/example_dags/example_external_task_marker_dag.py
[2024-07-06T16:34:11.867+0700] {processor.py:840} INFO - DAG(s) 'example_external_task_marker_child', 'example_external_task_marker_parent' retrieved from /home/acer/.local/share/virtualenvs/custom_airflow-E5ZHcY_K/lib/python3.12/site-packages/airflow/example_dags/example_external_task_marker_dag.py
[2024-07-06T16:34:11.886+0700] {logging_mixin.py:188} INFO - [2024-07-06T16:34:11.886+0700] {dag.py:3096} INFO - Sync 2 DAGs
[2024-07-06T16:34:11.898+0700] {logging_mixin.py:188} INFO - [2024-07-06T16:34:11.898+0700] {dag.py:3954} INFO - Setting next_dagrun for example_external_task_marker_child to None, run_after=None
[2024-07-06T16:34:11.902+0700] {logging_mixin.py:188} INFO - [2024-07-06T16:34:11.902+0700] {dag.py:3954} INFO - Setting next_dagrun for example_external_task_marker_parent to None, run_after=None
[2024-07-06T16:34:11.920+0700] {processor.py:183} INFO - Processing /home/acer/.local/share/virtualenvs/custom_airflow-E5ZHcY_K/lib/python3.12/site-packages/airflow/example_dags/example_external_task_marker_dag.py took 0.089 seconds
[2024-07-06T16:35:25.576+0700] {processor.py:161} INFO - Started process (PID=62863) to work on /home/acer/.local/share/virtualenvs/custom_airflow-E5ZHcY_K/lib/python3.12/site-packages/airflow/example_dags/example_external_task_marker_dag.py
[2024-07-06T16:35:25.577+0700] {processor.py:830} INFO - Processing file /home/acer/.local/share/virtualenvs/custom_airflow-E5ZHcY_K/lib/python3.12/site-packages/airflow/example_dags/example_external_task_marker_dag.py for tasks to queue
[2024-07-06T16:35:25.579+0700] {logging_mixin.py:188} INFO - [2024-07-06T16:35:25.579+0700] {dagbag.py:545} INFO - Filling up the DagBag from /home/acer/.local/share/virtualenvs/custom_airflow-E5ZHcY_K/lib/python3.12/site-packages/airflow/example_dags/example_external_task_marker_dag.py
[2024-07-06T16:35:25.585+0700] {processor.py:840} INFO - DAG(s) 'example_external_task_marker_child', 'example_external_task_marker_parent' retrieved from /home/acer/.local/share/virtualenvs/custom_airflow-E5ZHcY_K/lib/python3.12/site-packages/airflow/example_dags/example_external_task_marker_dag.py
[2024-07-06T16:35:25.603+0700] {logging_mixin.py:188} INFO - [2024-07-06T16:35:25.603+0700] {dag.py:3096} INFO - Sync 2 DAGs
[2024-07-06T16:35:25.615+0700] {logging_mixin.py:188} INFO - [2024-07-06T16:35:25.615+0700] {dag.py:3954} INFO - Setting next_dagrun for example_external_task_marker_child to None, run_after=None
[2024-07-06T16:35:25.619+0700] {logging_mixin.py:188} INFO - [2024-07-06T16:35:25.619+0700] {dag.py:3954} INFO - Setting next_dagrun for example_external_task_marker_parent to None, run_after=None
[2024-07-06T16:35:25.638+0700] {processor.py:183} INFO - Processing /home/acer/.local/share/virtualenvs/custom_airflow-E5ZHcY_K/lib/python3.12/site-packages/airflow/example_dags/example_external_task_marker_dag.py took 0.066 seconds
[2024-07-06T21:54:53.287+0700] {processor.py:161} INFO - Started process (PID=12045) to work on /home/acer/.local/share/virtualenvs/custom_airflow-E5ZHcY_K/lib/python3.12/site-packages/airflow/example_dags/example_external_task_marker_dag.py
[2024-07-06T21:54:53.288+0700] {processor.py:830} INFO - Processing file /home/acer/.local/share/virtualenvs/custom_airflow-E5ZHcY_K/lib/python3.12/site-packages/airflow/example_dags/example_external_task_marker_dag.py for tasks to queue
[2024-07-06T21:54:53.290+0700] {logging_mixin.py:188} INFO - [2024-07-06T21:54:53.289+0700] {dagbag.py:545} INFO - Filling up the DagBag from /home/acer/.local/share/virtualenvs/custom_airflow-E5ZHcY_K/lib/python3.12/site-packages/airflow/example_dags/example_external_task_marker_dag.py
[2024-07-06T21:54:53.296+0700] {processor.py:840} INFO - DAG(s) 'example_external_task_marker_child', 'example_external_task_marker_parent' retrieved from /home/acer/.local/share/virtualenvs/custom_airflow-E5ZHcY_K/lib/python3.12/site-packages/airflow/example_dags/example_external_task_marker_dag.py
[2024-07-06T21:54:53.313+0700] {logging_mixin.py:188} INFO - [2024-07-06T21:54:53.313+0700] {dag.py:3096} INFO - Sync 2 DAGs
[2024-07-06T21:54:53.326+0700] {logging_mixin.py:188} INFO - [2024-07-06T21:54:53.326+0700] {dag.py:3954} INFO - Setting next_dagrun for example_external_task_marker_child to None, run_after=None
[2024-07-06T21:54:53.329+0700] {logging_mixin.py:188} INFO - [2024-07-06T21:54:53.329+0700] {dag.py:3954} INFO - Setting next_dagrun for example_external_task_marker_parent to None, run_after=None
[2024-07-06T21:54:53.347+0700] {processor.py:183} INFO - Processing /home/acer/.local/share/virtualenvs/custom_airflow-E5ZHcY_K/lib/python3.12/site-packages/airflow/example_dags/example_external_task_marker_dag.py took 0.066 seconds
[2024-07-06T21:55:48.151+0700] {processor.py:161} INFO - Started process (PID=12821) to work on /home/acer/.local/share/virtualenvs/custom_airflow-E5ZHcY_K/lib/python3.12/site-packages/airflow/example_dags/example_external_task_marker_dag.py
[2024-07-06T21:55:48.152+0700] {processor.py:830} INFO - Processing file /home/acer/.local/share/virtualenvs/custom_airflow-E5ZHcY_K/lib/python3.12/site-packages/airflow/example_dags/example_external_task_marker_dag.py for tasks to queue
[2024-07-06T21:55:48.155+0700] {logging_mixin.py:188} INFO - [2024-07-06T21:55:48.154+0700] {dagbag.py:545} INFO - Filling up the DagBag from /home/acer/.local/share/virtualenvs/custom_airflow-E5ZHcY_K/lib/python3.12/site-packages/airflow/example_dags/example_external_task_marker_dag.py
[2024-07-06T21:55:48.162+0700] {processor.py:840} INFO - DAG(s) 'example_external_task_marker_parent', 'example_external_task_marker_child' retrieved from /home/acer/.local/share/virtualenvs/custom_airflow-E5ZHcY_K/lib/python3.12/site-packages/airflow/example_dags/example_external_task_marker_dag.py
[2024-07-06T21:55:48.181+0700] {logging_mixin.py:188} INFO - [2024-07-06T21:55:48.181+0700] {dag.py:3096} INFO - Sync 2 DAGs
[2024-07-06T21:55:48.204+0700] {logging_mixin.py:188} INFO - [2024-07-06T21:55:48.203+0700] {dag.py:3954} INFO - Setting next_dagrun for example_external_task_marker_child to None, run_after=None
[2024-07-06T21:55:48.211+0700] {logging_mixin.py:188} INFO - [2024-07-06T21:55:48.210+0700] {dag.py:3954} INFO - Setting next_dagrun for example_external_task_marker_parent to None, run_after=None
[2024-07-06T21:55:48.233+0700] {processor.py:183} INFO - Processing /home/acer/.local/share/virtualenvs/custom_airflow-E5ZHcY_K/lib/python3.12/site-packages/airflow/example_dags/example_external_task_marker_dag.py took 0.091 seconds
[2024-07-06T21:56:42.464+0700] {processor.py:161} INFO - Started process (PID=13346) to work on /home/acer/.local/share/virtualenvs/custom_airflow-E5ZHcY_K/lib/python3.12/site-packages/airflow/example_dags/example_external_task_marker_dag.py
[2024-07-06T21:56:42.466+0700] {processor.py:830} INFO - Processing file /home/acer/.local/share/virtualenvs/custom_airflow-E5ZHcY_K/lib/python3.12/site-packages/airflow/example_dags/example_external_task_marker_dag.py for tasks to queue
[2024-07-06T21:56:42.470+0700] {logging_mixin.py:188} INFO - [2024-07-06T21:56:42.469+0700] {dagbag.py:545} INFO - Filling up the DagBag from /home/acer/.local/share/virtualenvs/custom_airflow-E5ZHcY_K/lib/python3.12/site-packages/airflow/example_dags/example_external_task_marker_dag.py
[2024-07-06T21:56:42.479+0700] {processor.py:840} INFO - DAG(s) 'example_external_task_marker_parent', 'example_external_task_marker_child' retrieved from /home/acer/.local/share/virtualenvs/custom_airflow-E5ZHcY_K/lib/python3.12/site-packages/airflow/example_dags/example_external_task_marker_dag.py
[2024-07-06T21:56:42.499+0700] {logging_mixin.py:188} INFO - [2024-07-06T21:56:42.499+0700] {dag.py:3096} INFO - Sync 2 DAGs
[2024-07-06T21:56:42.512+0700] {logging_mixin.py:188} INFO - [2024-07-06T21:56:42.512+0700] {dag.py:3954} INFO - Setting next_dagrun for example_external_task_marker_child to None, run_after=None
[2024-07-06T21:56:42.517+0700] {logging_mixin.py:188} INFO - [2024-07-06T21:56:42.516+0700] {dag.py:3954} INFO - Setting next_dagrun for example_external_task_marker_parent to None, run_after=None
[2024-07-06T21:56:42.536+0700] {processor.py:183} INFO - Processing /home/acer/.local/share/virtualenvs/custom_airflow-E5ZHcY_K/lib/python3.12/site-packages/airflow/example_dags/example_external_task_marker_dag.py took 0.094 seconds
[2024-07-06T21:57:58.533+0700] {processor.py:161} INFO - Started process (PID=14066) to work on /home/acer/.local/share/virtualenvs/custom_airflow-E5ZHcY_K/lib/python3.12/site-packages/airflow/example_dags/example_external_task_marker_dag.py
[2024-07-06T21:57:58.536+0700] {processor.py:830} INFO - Processing file /home/acer/.local/share/virtualenvs/custom_airflow-E5ZHcY_K/lib/python3.12/site-packages/airflow/example_dags/example_external_task_marker_dag.py for tasks to queue
[2024-07-06T21:57:58.543+0700] {logging_mixin.py:188} INFO - [2024-07-06T21:57:58.542+0700] {dagbag.py:545} INFO - Filling up the DagBag from /home/acer/.local/share/virtualenvs/custom_airflow-E5ZHcY_K/lib/python3.12/site-packages/airflow/example_dags/example_external_task_marker_dag.py
[2024-07-06T21:57:58.552+0700] {processor.py:840} INFO - DAG(s) 'example_external_task_marker_child', 'example_external_task_marker_parent' retrieved from /home/acer/.local/share/virtualenvs/custom_airflow-E5ZHcY_K/lib/python3.12/site-packages/airflow/example_dags/example_external_task_marker_dag.py
[2024-07-06T21:57:58.573+0700] {logging_mixin.py:188} INFO - [2024-07-06T21:57:58.572+0700] {dag.py:3096} INFO - Sync 2 DAGs
[2024-07-06T21:57:58.585+0700] {logging_mixin.py:188} INFO - [2024-07-06T21:57:58.585+0700] {dag.py:3954} INFO - Setting next_dagrun for example_external_task_marker_child to None, run_after=None
[2024-07-06T21:57:58.589+0700] {logging_mixin.py:188} INFO - [2024-07-06T21:57:58.588+0700] {dag.py:3954} INFO - Setting next_dagrun for example_external_task_marker_parent to None, run_after=None
[2024-07-06T21:57:58.610+0700] {processor.py:183} INFO - Processing /home/acer/.local/share/virtualenvs/custom_airflow-E5ZHcY_K/lib/python3.12/site-packages/airflow/example_dags/example_external_task_marker_dag.py took 0.098 seconds
[2024-07-06T21:58:52.279+0700] {processor.py:161} INFO - Started process (PID=14315) to work on /home/acer/.local/share/virtualenvs/custom_airflow-E5ZHcY_K/lib/python3.12/site-packages/airflow/example_dags/example_external_task_marker_dag.py
[2024-07-06T21:58:52.282+0700] {processor.py:830} INFO - Processing file /home/acer/.local/share/virtualenvs/custom_airflow-E5ZHcY_K/lib/python3.12/site-packages/airflow/example_dags/example_external_task_marker_dag.py for tasks to queue
[2024-07-06T21:58:52.287+0700] {logging_mixin.py:188} INFO - [2024-07-06T21:58:52.284+0700] {dagbag.py:545} INFO - Filling up the DagBag from /home/acer/.local/share/virtualenvs/custom_airflow-E5ZHcY_K/lib/python3.12/site-packages/airflow/example_dags/example_external_task_marker_dag.py
[2024-07-06T21:58:52.295+0700] {processor.py:840} INFO - DAG(s) 'example_external_task_marker_parent', 'example_external_task_marker_child' retrieved from /home/acer/.local/share/virtualenvs/custom_airflow-E5ZHcY_K/lib/python3.12/site-packages/airflow/example_dags/example_external_task_marker_dag.py
[2024-07-06T21:58:52.314+0700] {logging_mixin.py:188} INFO - [2024-07-06T21:58:52.314+0700] {dag.py:3096} INFO - Sync 2 DAGs
[2024-07-06T21:58:52.328+0700] {logging_mixin.py:188} INFO - [2024-07-06T21:58:52.327+0700] {dag.py:3954} INFO - Setting next_dagrun for example_external_task_marker_child to None, run_after=None
[2024-07-06T21:58:52.332+0700] {logging_mixin.py:188} INFO - [2024-07-06T21:58:52.331+0700] {dag.py:3954} INFO - Setting next_dagrun for example_external_task_marker_parent to None, run_after=None
[2024-07-06T21:58:52.352+0700] {processor.py:183} INFO - Processing /home/acer/.local/share/virtualenvs/custom_airflow-E5ZHcY_K/lib/python3.12/site-packages/airflow/example_dags/example_external_task_marker_dag.py took 0.092 seconds
[2024-07-06T22:00:07.203+0700] {processor.py:161} INFO - Started process (PID=14797) to work on /home/acer/.local/share/virtualenvs/custom_airflow-E5ZHcY_K/lib/python3.12/site-packages/airflow/example_dags/example_external_task_marker_dag.py
[2024-07-06T22:00:07.205+0700] {processor.py:830} INFO - Processing file /home/acer/.local/share/virtualenvs/custom_airflow-E5ZHcY_K/lib/python3.12/site-packages/airflow/example_dags/example_external_task_marker_dag.py for tasks to queue
[2024-07-06T22:00:07.209+0700] {logging_mixin.py:188} INFO - [2024-07-06T22:00:07.208+0700] {dagbag.py:545} INFO - Filling up the DagBag from /home/acer/.local/share/virtualenvs/custom_airflow-E5ZHcY_K/lib/python3.12/site-packages/airflow/example_dags/example_external_task_marker_dag.py
[2024-07-06T22:00:07.222+0700] {processor.py:840} INFO - DAG(s) 'example_external_task_marker_child', 'example_external_task_marker_parent' retrieved from /home/acer/.local/share/virtualenvs/custom_airflow-E5ZHcY_K/lib/python3.12/site-packages/airflow/example_dags/example_external_task_marker_dag.py
[2024-07-06T22:00:07.253+0700] {logging_mixin.py:188} INFO - [2024-07-06T22:00:07.253+0700] {dag.py:3096} INFO - Sync 2 DAGs
[2024-07-06T22:00:07.267+0700] {logging_mixin.py:188} INFO - [2024-07-06T22:00:07.267+0700] {dag.py:3954} INFO - Setting next_dagrun for example_external_task_marker_child to None, run_after=None
[2024-07-06T22:00:07.271+0700] {logging_mixin.py:188} INFO - [2024-07-06T22:00:07.271+0700] {dag.py:3954} INFO - Setting next_dagrun for example_external_task_marker_parent to None, run_after=None
[2024-07-06T22:00:07.302+0700] {processor.py:183} INFO - Processing /home/acer/.local/share/virtualenvs/custom_airflow-E5ZHcY_K/lib/python3.12/site-packages/airflow/example_dags/example_external_task_marker_dag.py took 0.114 seconds
[2024-07-06T22:01:00.922+0700] {processor.py:161} INFO - Started process (PID=15074) to work on /home/acer/.local/share/virtualenvs/custom_airflow-E5ZHcY_K/lib/python3.12/site-packages/airflow/example_dags/example_external_task_marker_dag.py
[2024-07-06T22:01:00.926+0700] {processor.py:830} INFO - Processing file /home/acer/.local/share/virtualenvs/custom_airflow-E5ZHcY_K/lib/python3.12/site-packages/airflow/example_dags/example_external_task_marker_dag.py for tasks to queue
[2024-07-06T22:01:00.933+0700] {logging_mixin.py:188} INFO - [2024-07-06T22:01:00.931+0700] {dagbag.py:545} INFO - Filling up the DagBag from /home/acer/.local/share/virtualenvs/custom_airflow-E5ZHcY_K/lib/python3.12/site-packages/airflow/example_dags/example_external_task_marker_dag.py
[2024-07-06T22:01:00.960+0700] {processor.py:840} INFO - DAG(s) 'example_external_task_marker_child', 'example_external_task_marker_parent' retrieved from /home/acer/.local/share/virtualenvs/custom_airflow-E5ZHcY_K/lib/python3.12/site-packages/airflow/example_dags/example_external_task_marker_dag.py
[2024-07-06T22:01:01.004+0700] {logging_mixin.py:188} INFO - [2024-07-06T22:01:01.003+0700] {dag.py:3096} INFO - Sync 2 DAGs
[2024-07-06T22:01:01.019+0700] {logging_mixin.py:188} INFO - [2024-07-06T22:01:01.018+0700] {dag.py:3954} INFO - Setting next_dagrun for example_external_task_marker_child to None, run_after=None
[2024-07-06T22:01:01.023+0700] {logging_mixin.py:188} INFO - [2024-07-06T22:01:01.023+0700] {dag.py:3954} INFO - Setting next_dagrun for example_external_task_marker_parent to None, run_after=None
[2024-07-06T22:01:01.045+0700] {processor.py:183} INFO - Processing /home/acer/.local/share/virtualenvs/custom_airflow-E5ZHcY_K/lib/python3.12/site-packages/airflow/example_dags/example_external_task_marker_dag.py took 0.147 seconds
[2024-07-06T22:02:34.547+0700] {processor.py:161} INFO - Started process (PID=16216) to work on /home/acer/.local/share/virtualenvs/custom_airflow-E5ZHcY_K/lib/python3.12/site-packages/airflow/example_dags/example_external_task_marker_dag.py
[2024-07-06T22:02:34.548+0700] {processor.py:830} INFO - Processing file /home/acer/.local/share/virtualenvs/custom_airflow-E5ZHcY_K/lib/python3.12/site-packages/airflow/example_dags/example_external_task_marker_dag.py for tasks to queue
[2024-07-06T22:02:34.550+0700] {logging_mixin.py:188} INFO - [2024-07-06T22:02:34.549+0700] {dagbag.py:545} INFO - Filling up the DagBag from /home/acer/.local/share/virtualenvs/custom_airflow-E5ZHcY_K/lib/python3.12/site-packages/airflow/example_dags/example_external_task_marker_dag.py
[2024-07-06T22:02:34.555+0700] {processor.py:840} INFO - DAG(s) 'example_external_task_marker_child', 'example_external_task_marker_parent' retrieved from /home/acer/.local/share/virtualenvs/custom_airflow-E5ZHcY_K/lib/python3.12/site-packages/airflow/example_dags/example_external_task_marker_dag.py
[2024-07-06T22:02:34.575+0700] {logging_mixin.py:188} INFO - [2024-07-06T22:02:34.575+0700] {dag.py:3096} INFO - Sync 2 DAGs
[2024-07-06T22:02:34.588+0700] {logging_mixin.py:188} INFO - [2024-07-06T22:02:34.588+0700] {dag.py:3954} INFO - Setting next_dagrun for example_external_task_marker_child to None, run_after=None
[2024-07-06T22:02:34.592+0700] {logging_mixin.py:188} INFO - [2024-07-06T22:02:34.592+0700] {dag.py:3954} INFO - Setting next_dagrun for example_external_task_marker_parent to None, run_after=None
[2024-07-06T22:02:34.611+0700] {processor.py:183} INFO - Processing /home/acer/.local/share/virtualenvs/custom_airflow-E5ZHcY_K/lib/python3.12/site-packages/airflow/example_dags/example_external_task_marker_dag.py took 0.070 seconds
[2024-07-06T22:03:29.822+0700] {processor.py:161} INFO - Started process (PID=16488) to work on /home/acer/.local/share/virtualenvs/custom_airflow-E5ZHcY_K/lib/python3.12/site-packages/airflow/example_dags/example_external_task_marker_dag.py
[2024-07-06T22:03:29.823+0700] {processor.py:830} INFO - Processing file /home/acer/.local/share/virtualenvs/custom_airflow-E5ZHcY_K/lib/python3.12/site-packages/airflow/example_dags/example_external_task_marker_dag.py for tasks to queue
[2024-07-06T22:03:29.825+0700] {logging_mixin.py:188} INFO - [2024-07-06T22:03:29.824+0700] {dagbag.py:545} INFO - Filling up the DagBag from /home/acer/.local/share/virtualenvs/custom_airflow-E5ZHcY_K/lib/python3.12/site-packages/airflow/example_dags/example_external_task_marker_dag.py
[2024-07-06T22:03:29.831+0700] {processor.py:840} INFO - DAG(s) 'example_external_task_marker_child', 'example_external_task_marker_parent' retrieved from /home/acer/.local/share/virtualenvs/custom_airflow-E5ZHcY_K/lib/python3.12/site-packages/airflow/example_dags/example_external_task_marker_dag.py
[2024-07-06T22:03:29.849+0700] {logging_mixin.py:188} INFO - [2024-07-06T22:03:29.849+0700] {dag.py:3096} INFO - Sync 2 DAGs
[2024-07-06T22:03:29.861+0700] {logging_mixin.py:188} INFO - [2024-07-06T22:03:29.861+0700] {dag.py:3954} INFO - Setting next_dagrun for example_external_task_marker_child to None, run_after=None
[2024-07-06T22:03:29.865+0700] {logging_mixin.py:188} INFO - [2024-07-06T22:03:29.865+0700] {dag.py:3954} INFO - Setting next_dagrun for example_external_task_marker_parent to None, run_after=None
[2024-07-06T22:03:29.886+0700] {processor.py:183} INFO - Processing /home/acer/.local/share/virtualenvs/custom_airflow-E5ZHcY_K/lib/python3.12/site-packages/airflow/example_dags/example_external_task_marker_dag.py took 0.070 seconds
[2024-07-06T22:05:43.053+0700] {processor.py:161} INFO - Started process (PID=17757) to work on /home/acer/.local/share/virtualenvs/custom_airflow-E5ZHcY_K/lib/python3.12/site-packages/airflow/example_dags/example_external_task_marker_dag.py
[2024-07-06T22:05:43.054+0700] {processor.py:830} INFO - Processing file /home/acer/.local/share/virtualenvs/custom_airflow-E5ZHcY_K/lib/python3.12/site-packages/airflow/example_dags/example_external_task_marker_dag.py for tasks to queue
[2024-07-06T22:05:43.056+0700] {logging_mixin.py:188} INFO - [2024-07-06T22:05:43.055+0700] {dagbag.py:545} INFO - Filling up the DagBag from /home/acer/.local/share/virtualenvs/custom_airflow-E5ZHcY_K/lib/python3.12/site-packages/airflow/example_dags/example_external_task_marker_dag.py
[2024-07-06T22:05:43.062+0700] {processor.py:840} INFO - DAG(s) 'example_external_task_marker_parent', 'example_external_task_marker_child' retrieved from /home/acer/.local/share/virtualenvs/custom_airflow-E5ZHcY_K/lib/python3.12/site-packages/airflow/example_dags/example_external_task_marker_dag.py
[2024-07-06T22:05:43.082+0700] {logging_mixin.py:188} INFO - [2024-07-06T22:05:43.081+0700] {dag.py:3096} INFO - Sync 2 DAGs
[2024-07-06T22:05:43.095+0700] {logging_mixin.py:188} INFO - [2024-07-06T22:05:43.095+0700] {dag.py:3954} INFO - Setting next_dagrun for example_external_task_marker_child to None, run_after=None
[2024-07-06T22:05:43.099+0700] {logging_mixin.py:188} INFO - [2024-07-06T22:05:43.099+0700] {dag.py:3954} INFO - Setting next_dagrun for example_external_task_marker_parent to None, run_after=None
[2024-07-06T22:05:43.118+0700] {processor.py:183} INFO - Processing /home/acer/.local/share/virtualenvs/custom_airflow-E5ZHcY_K/lib/python3.12/site-packages/airflow/example_dags/example_external_task_marker_dag.py took 0.071 seconds
[2024-07-06T22:06:36.340+0700] {processor.py:161} INFO - Started process (PID=18173) to work on /home/acer/.local/share/virtualenvs/custom_airflow-E5ZHcY_K/lib/python3.12/site-packages/airflow/example_dags/example_external_task_marker_dag.py
[2024-07-06T22:06:36.341+0700] {processor.py:830} INFO - Processing file /home/acer/.local/share/virtualenvs/custom_airflow-E5ZHcY_K/lib/python3.12/site-packages/airflow/example_dags/example_external_task_marker_dag.py for tasks to queue
[2024-07-06T22:06:36.343+0700] {logging_mixin.py:188} INFO - [2024-07-06T22:06:36.342+0700] {dagbag.py:545} INFO - Filling up the DagBag from /home/acer/.local/share/virtualenvs/custom_airflow-E5ZHcY_K/lib/python3.12/site-packages/airflow/example_dags/example_external_task_marker_dag.py
[2024-07-06T22:06:36.349+0700] {processor.py:840} INFO - DAG(s) 'example_external_task_marker_child', 'example_external_task_marker_parent' retrieved from /home/acer/.local/share/virtualenvs/custom_airflow-E5ZHcY_K/lib/python3.12/site-packages/airflow/example_dags/example_external_task_marker_dag.py
[2024-07-06T22:06:36.369+0700] {logging_mixin.py:188} INFO - [2024-07-06T22:06:36.369+0700] {dag.py:3096} INFO - Sync 2 DAGs
[2024-07-06T22:06:36.381+0700] {logging_mixin.py:188} INFO - [2024-07-06T22:06:36.381+0700] {dag.py:3954} INFO - Setting next_dagrun for example_external_task_marker_child to None, run_after=None
[2024-07-06T22:06:36.385+0700] {logging_mixin.py:188} INFO - [2024-07-06T22:06:36.385+0700] {dag.py:3954} INFO - Setting next_dagrun for example_external_task_marker_parent to None, run_after=None
[2024-07-06T22:06:36.404+0700] {processor.py:183} INFO - Processing /home/acer/.local/share/virtualenvs/custom_airflow-E5ZHcY_K/lib/python3.12/site-packages/airflow/example_dags/example_external_task_marker_dag.py took 0.070 seconds
[2024-07-06T22:07:30.027+0700] {processor.py:161} INFO - Started process (PID=18581) to work on /home/acer/.local/share/virtualenvs/custom_airflow-E5ZHcY_K/lib/python3.12/site-packages/airflow/example_dags/example_external_task_marker_dag.py
[2024-07-06T22:07:30.029+0700] {processor.py:830} INFO - Processing file /home/acer/.local/share/virtualenvs/custom_airflow-E5ZHcY_K/lib/python3.12/site-packages/airflow/example_dags/example_external_task_marker_dag.py for tasks to queue
[2024-07-06T22:07:30.032+0700] {logging_mixin.py:188} INFO - [2024-07-06T22:07:30.031+0700] {dagbag.py:545} INFO - Filling up the DagBag from /home/acer/.local/share/virtualenvs/custom_airflow-E5ZHcY_K/lib/python3.12/site-packages/airflow/example_dags/example_external_task_marker_dag.py
[2024-07-06T22:07:30.046+0700] {processor.py:840} INFO - DAG(s) 'example_external_task_marker_child', 'example_external_task_marker_parent' retrieved from /home/acer/.local/share/virtualenvs/custom_airflow-E5ZHcY_K/lib/python3.12/site-packages/airflow/example_dags/example_external_task_marker_dag.py
[2024-07-06T22:07:30.082+0700] {logging_mixin.py:188} INFO - [2024-07-06T22:07:30.081+0700] {dag.py:3096} INFO - Sync 2 DAGs
[2024-07-06T22:07:30.110+0700] {logging_mixin.py:188} INFO - [2024-07-06T22:07:30.110+0700] {dag.py:3954} INFO - Setting next_dagrun for example_external_task_marker_child to None, run_after=None
[2024-07-06T22:07:30.118+0700] {logging_mixin.py:188} INFO - [2024-07-06T22:07:30.117+0700] {dag.py:3954} INFO - Setting next_dagrun for example_external_task_marker_parent to None, run_after=None
[2024-07-06T22:07:30.160+0700] {processor.py:183} INFO - Processing /home/acer/.local/share/virtualenvs/custom_airflow-E5ZHcY_K/lib/python3.12/site-packages/airflow/example_dags/example_external_task_marker_dag.py took 0.143 seconds
[2024-07-06T22:08:26.846+0700] {processor.py:161} INFO - Started process (PID=18857) to work on /home/acer/.local/share/virtualenvs/custom_airflow-E5ZHcY_K/lib/python3.12/site-packages/airflow/example_dags/example_external_task_marker_dag.py
[2024-07-06T22:08:26.847+0700] {processor.py:830} INFO - Processing file /home/acer/.local/share/virtualenvs/custom_airflow-E5ZHcY_K/lib/python3.12/site-packages/airflow/example_dags/example_external_task_marker_dag.py for tasks to queue
[2024-07-06T22:08:26.852+0700] {logging_mixin.py:188} INFO - [2024-07-06T22:08:26.850+0700] {dagbag.py:545} INFO - Filling up the DagBag from /home/acer/.local/share/virtualenvs/custom_airflow-E5ZHcY_K/lib/python3.12/site-packages/airflow/example_dags/example_external_task_marker_dag.py
[2024-07-06T22:08:26.864+0700] {processor.py:840} INFO - DAG(s) 'example_external_task_marker_parent', 'example_external_task_marker_child' retrieved from /home/acer/.local/share/virtualenvs/custom_airflow-E5ZHcY_K/lib/python3.12/site-packages/airflow/example_dags/example_external_task_marker_dag.py
[2024-07-06T22:08:26.907+0700] {logging_mixin.py:188} INFO - [2024-07-06T22:08:26.907+0700] {dag.py:3096} INFO - Sync 2 DAGs
[2024-07-06T22:08:26.928+0700] {logging_mixin.py:188} INFO - [2024-07-06T22:08:26.928+0700] {dag.py:3954} INFO - Setting next_dagrun for example_external_task_marker_child to None, run_after=None
[2024-07-06T22:08:26.934+0700] {logging_mixin.py:188} INFO - [2024-07-06T22:08:26.934+0700] {dag.py:3954} INFO - Setting next_dagrun for example_external_task_marker_parent to None, run_after=None
[2024-07-06T22:08:26.958+0700] {processor.py:183} INFO - Processing /home/acer/.local/share/virtualenvs/custom_airflow-E5ZHcY_K/lib/python3.12/site-packages/airflow/example_dags/example_external_task_marker_dag.py took 0.124 seconds
[2024-07-06T22:09:22.280+0700] {processor.py:161} INFO - Started process (PID=19175) to work on /home/acer/.local/share/virtualenvs/custom_airflow-E5ZHcY_K/lib/python3.12/site-packages/airflow/example_dags/example_external_task_marker_dag.py
[2024-07-06T22:09:22.281+0700] {processor.py:830} INFO - Processing file /home/acer/.local/share/virtualenvs/custom_airflow-E5ZHcY_K/lib/python3.12/site-packages/airflow/example_dags/example_external_task_marker_dag.py for tasks to queue
[2024-07-06T22:09:22.284+0700] {logging_mixin.py:188} INFO - [2024-07-06T22:09:22.284+0700] {dagbag.py:545} INFO - Filling up the DagBag from /home/acer/.local/share/virtualenvs/custom_airflow-E5ZHcY_K/lib/python3.12/site-packages/airflow/example_dags/example_external_task_marker_dag.py
[2024-07-06T22:09:22.292+0700] {processor.py:840} INFO - DAG(s) 'example_external_task_marker_parent', 'example_external_task_marker_child' retrieved from /home/acer/.local/share/virtualenvs/custom_airflow-E5ZHcY_K/lib/python3.12/site-packages/airflow/example_dags/example_external_task_marker_dag.py
[2024-07-06T22:09:22.318+0700] {logging_mixin.py:188} INFO - [2024-07-06T22:09:22.318+0700] {dag.py:3096} INFO - Sync 2 DAGs
[2024-07-06T22:09:22.334+0700] {logging_mixin.py:188} INFO - [2024-07-06T22:09:22.333+0700] {dag.py:3954} INFO - Setting next_dagrun for example_external_task_marker_child to None, run_after=None
[2024-07-06T22:09:22.338+0700] {logging_mixin.py:188} INFO - [2024-07-06T22:09:22.337+0700] {dag.py:3954} INFO - Setting next_dagrun for example_external_task_marker_parent to None, run_after=None
[2024-07-06T22:09:22.366+0700] {processor.py:183} INFO - Processing /home/acer/.local/share/virtualenvs/custom_airflow-E5ZHcY_K/lib/python3.12/site-packages/airflow/example_dags/example_external_task_marker_dag.py took 0.094 seconds
[2024-07-06T22:10:24.271+0700] {processor.py:161} INFO - Started process (PID=19495) to work on /home/acer/.local/share/virtualenvs/custom_airflow-E5ZHcY_K/lib/python3.12/site-packages/airflow/example_dags/example_external_task_marker_dag.py
[2024-07-06T22:10:24.272+0700] {processor.py:830} INFO - Processing file /home/acer/.local/share/virtualenvs/custom_airflow-E5ZHcY_K/lib/python3.12/site-packages/airflow/example_dags/example_external_task_marker_dag.py for tasks to queue
[2024-07-06T22:10:24.274+0700] {logging_mixin.py:188} INFO - [2024-07-06T22:10:24.274+0700] {dagbag.py:545} INFO - Filling up the DagBag from /home/acer/.local/share/virtualenvs/custom_airflow-E5ZHcY_K/lib/python3.12/site-packages/airflow/example_dags/example_external_task_marker_dag.py
[2024-07-06T22:10:24.281+0700] {processor.py:840} INFO - DAG(s) 'example_external_task_marker_parent', 'example_external_task_marker_child' retrieved from /home/acer/.local/share/virtualenvs/custom_airflow-E5ZHcY_K/lib/python3.12/site-packages/airflow/example_dags/example_external_task_marker_dag.py
[2024-07-06T22:10:24.309+0700] {logging_mixin.py:188} INFO - [2024-07-06T22:10:24.308+0700] {dag.py:3096} INFO - Sync 2 DAGs
[2024-07-06T22:10:24.323+0700] {logging_mixin.py:188} INFO - [2024-07-06T22:10:24.323+0700] {dag.py:3954} INFO - Setting next_dagrun for example_external_task_marker_child to None, run_after=None
[2024-07-06T22:10:24.328+0700] {logging_mixin.py:188} INFO - [2024-07-06T22:10:24.327+0700] {dag.py:3954} INFO - Setting next_dagrun for example_external_task_marker_parent to None, run_after=None
[2024-07-06T22:10:24.356+0700] {processor.py:183} INFO - Processing /home/acer/.local/share/virtualenvs/custom_airflow-E5ZHcY_K/lib/python3.12/site-packages/airflow/example_dags/example_external_task_marker_dag.py took 0.093 seconds
[2024-07-06T22:11:28.699+0700] {processor.py:161} INFO - Started process (PID=19874) to work on /home/acer/.local/share/virtualenvs/custom_airflow-E5ZHcY_K/lib/python3.12/site-packages/airflow/example_dags/example_external_task_marker_dag.py
[2024-07-06T22:11:28.701+0700] {processor.py:830} INFO - Processing file /home/acer/.local/share/virtualenvs/custom_airflow-E5ZHcY_K/lib/python3.12/site-packages/airflow/example_dags/example_external_task_marker_dag.py for tasks to queue
[2024-07-06T22:11:28.704+0700] {logging_mixin.py:188} INFO - [2024-07-06T22:11:28.703+0700] {dagbag.py:545} INFO - Filling up the DagBag from /home/acer/.local/share/virtualenvs/custom_airflow-E5ZHcY_K/lib/python3.12/site-packages/airflow/example_dags/example_external_task_marker_dag.py
[2024-07-06T22:11:28.714+0700] {processor.py:840} INFO - DAG(s) 'example_external_task_marker_parent', 'example_external_task_marker_child' retrieved from /home/acer/.local/share/virtualenvs/custom_airflow-E5ZHcY_K/lib/python3.12/site-packages/airflow/example_dags/example_external_task_marker_dag.py
[2024-07-06T22:11:28.740+0700] {logging_mixin.py:188} INFO - [2024-07-06T22:11:28.740+0700] {dag.py:3096} INFO - Sync 2 DAGs
[2024-07-06T22:11:28.761+0700] {logging_mixin.py:188} INFO - [2024-07-06T22:11:28.760+0700] {dag.py:3954} INFO - Setting next_dagrun for example_external_task_marker_child to None, run_after=None
[2024-07-06T22:11:28.767+0700] {logging_mixin.py:188} INFO - [2024-07-06T22:11:28.767+0700] {dag.py:3954} INFO - Setting next_dagrun for example_external_task_marker_parent to None, run_after=None
[2024-07-06T22:11:28.790+0700] {processor.py:183} INFO - Processing /home/acer/.local/share/virtualenvs/custom_airflow-E5ZHcY_K/lib/python3.12/site-packages/airflow/example_dags/example_external_task_marker_dag.py took 0.104 seconds
[2024-07-06T22:12:27.516+0700] {processor.py:161} INFO - Started process (PID=20198) to work on /home/acer/.local/share/virtualenvs/custom_airflow-E5ZHcY_K/lib/python3.12/site-packages/airflow/example_dags/example_external_task_marker_dag.py
[2024-07-06T22:12:27.524+0700] {processor.py:830} INFO - Processing file /home/acer/.local/share/virtualenvs/custom_airflow-E5ZHcY_K/lib/python3.12/site-packages/airflow/example_dags/example_external_task_marker_dag.py for tasks to queue
[2024-07-06T22:12:27.529+0700] {logging_mixin.py:188} INFO - [2024-07-06T22:12:27.528+0700] {dagbag.py:545} INFO - Filling up the DagBag from /home/acer/.local/share/virtualenvs/custom_airflow-E5ZHcY_K/lib/python3.12/site-packages/airflow/example_dags/example_external_task_marker_dag.py
[2024-07-06T22:12:27.542+0700] {processor.py:840} INFO - DAG(s) 'example_external_task_marker_child', 'example_external_task_marker_parent' retrieved from /home/acer/.local/share/virtualenvs/custom_airflow-E5ZHcY_K/lib/python3.12/site-packages/airflow/example_dags/example_external_task_marker_dag.py
[2024-07-06T22:12:27.572+0700] {logging_mixin.py:188} INFO - [2024-07-06T22:12:27.572+0700] {dag.py:3096} INFO - Sync 2 DAGs
[2024-07-06T22:12:27.587+0700] {logging_mixin.py:188} INFO - [2024-07-06T22:12:27.586+0700] {dag.py:3954} INFO - Setting next_dagrun for example_external_task_marker_child to None, run_after=None
[2024-07-06T22:12:27.595+0700] {logging_mixin.py:188} INFO - [2024-07-06T22:12:27.595+0700] {dag.py:3954} INFO - Setting next_dagrun for example_external_task_marker_parent to None, run_after=None
[2024-07-06T22:12:27.618+0700] {processor.py:183} INFO - Processing /home/acer/.local/share/virtualenvs/custom_airflow-E5ZHcY_K/lib/python3.12/site-packages/airflow/example_dags/example_external_task_marker_dag.py took 0.134 seconds
[2024-07-06T22:13:26.632+0700] {processor.py:161} INFO - Started process (PID=20571) to work on /home/acer/.local/share/virtualenvs/custom_airflow-E5ZHcY_K/lib/python3.12/site-packages/airflow/example_dags/example_external_task_marker_dag.py
[2024-07-06T22:13:26.634+0700] {processor.py:830} INFO - Processing file /home/acer/.local/share/virtualenvs/custom_airflow-E5ZHcY_K/lib/python3.12/site-packages/airflow/example_dags/example_external_task_marker_dag.py for tasks to queue
[2024-07-06T22:13:26.638+0700] {logging_mixin.py:188} INFO - [2024-07-06T22:13:26.637+0700] {dagbag.py:545} INFO - Filling up the DagBag from /home/acer/.local/share/virtualenvs/custom_airflow-E5ZHcY_K/lib/python3.12/site-packages/airflow/example_dags/example_external_task_marker_dag.py
[2024-07-06T22:13:26.645+0700] {processor.py:840} INFO - DAG(s) 'example_external_task_marker_child', 'example_external_task_marker_parent' retrieved from /home/acer/.local/share/virtualenvs/custom_airflow-E5ZHcY_K/lib/python3.12/site-packages/airflow/example_dags/example_external_task_marker_dag.py
[2024-07-06T22:13:26.676+0700] {logging_mixin.py:188} INFO - [2024-07-06T22:13:26.676+0700] {dag.py:3096} INFO - Sync 2 DAGs
[2024-07-06T22:13:26.694+0700] {logging_mixin.py:188} INFO - [2024-07-06T22:13:26.694+0700] {dag.py:3954} INFO - Setting next_dagrun for example_external_task_marker_child to None, run_after=None
[2024-07-06T22:13:26.701+0700] {logging_mixin.py:188} INFO - [2024-07-06T22:13:26.700+0700] {dag.py:3954} INFO - Setting next_dagrun for example_external_task_marker_parent to None, run_after=None
[2024-07-06T22:13:26.726+0700] {processor.py:183} INFO - Processing /home/acer/.local/share/virtualenvs/custom_airflow-E5ZHcY_K/lib/python3.12/site-packages/airflow/example_dags/example_external_task_marker_dag.py took 0.106 seconds
[2024-07-06T22:14:26.696+0700] {processor.py:161} INFO - Started process (PID=20912) to work on /home/acer/.local/share/virtualenvs/custom_airflow-E5ZHcY_K/lib/python3.12/site-packages/airflow/example_dags/example_external_task_marker_dag.py
[2024-07-06T22:14:26.698+0700] {processor.py:830} INFO - Processing file /home/acer/.local/share/virtualenvs/custom_airflow-E5ZHcY_K/lib/python3.12/site-packages/airflow/example_dags/example_external_task_marker_dag.py for tasks to queue
[2024-07-06T22:14:26.700+0700] {logging_mixin.py:188} INFO - [2024-07-06T22:14:26.699+0700] {dagbag.py:545} INFO - Filling up the DagBag from /home/acer/.local/share/virtualenvs/custom_airflow-E5ZHcY_K/lib/python3.12/site-packages/airflow/example_dags/example_external_task_marker_dag.py
[2024-07-06T22:14:26.714+0700] {processor.py:840} INFO - DAG(s) 'example_external_task_marker_parent', 'example_external_task_marker_child' retrieved from /home/acer/.local/share/virtualenvs/custom_airflow-E5ZHcY_K/lib/python3.12/site-packages/airflow/example_dags/example_external_task_marker_dag.py
[2024-07-06T22:14:26.745+0700] {logging_mixin.py:188} INFO - [2024-07-06T22:14:26.745+0700] {dag.py:3096} INFO - Sync 2 DAGs
[2024-07-06T22:14:26.770+0700] {logging_mixin.py:188} INFO - [2024-07-06T22:14:26.770+0700] {dag.py:3954} INFO - Setting next_dagrun for example_external_task_marker_child to None, run_after=None
[2024-07-06T22:14:26.778+0700] {logging_mixin.py:188} INFO - [2024-07-06T22:14:26.778+0700] {dag.py:3954} INFO - Setting next_dagrun for example_external_task_marker_parent to None, run_after=None
[2024-07-06T22:14:26.802+0700] {processor.py:183} INFO - Processing /home/acer/.local/share/virtualenvs/custom_airflow-E5ZHcY_K/lib/python3.12/site-packages/airflow/example_dags/example_external_task_marker_dag.py took 0.115 seconds
[2024-07-06T22:15:31.199+0700] {processor.py:161} INFO - Started process (PID=21301) to work on /home/acer/.local/share/virtualenvs/custom_airflow-E5ZHcY_K/lib/python3.12/site-packages/airflow/example_dags/example_external_task_marker_dag.py
[2024-07-06T22:15:31.204+0700] {processor.py:830} INFO - Processing file /home/acer/.local/share/virtualenvs/custom_airflow-E5ZHcY_K/lib/python3.12/site-packages/airflow/example_dags/example_external_task_marker_dag.py for tasks to queue
[2024-07-06T22:15:31.208+0700] {logging_mixin.py:188} INFO - [2024-07-06T22:15:31.207+0700] {dagbag.py:545} INFO - Filling up the DagBag from /home/acer/.local/share/virtualenvs/custom_airflow-E5ZHcY_K/lib/python3.12/site-packages/airflow/example_dags/example_external_task_marker_dag.py
[2024-07-06T22:15:31.222+0700] {processor.py:840} INFO - DAG(s) 'example_external_task_marker_parent', 'example_external_task_marker_child' retrieved from /home/acer/.local/share/virtualenvs/custom_airflow-E5ZHcY_K/lib/python3.12/site-packages/airflow/example_dags/example_external_task_marker_dag.py
[2024-07-06T22:15:31.244+0700] {logging_mixin.py:188} INFO - [2024-07-06T22:15:31.244+0700] {dag.py:3096} INFO - Sync 2 DAGs
[2024-07-06T22:15:31.263+0700] {logging_mixin.py:188} INFO - [2024-07-06T22:15:31.263+0700] {dag.py:3954} INFO - Setting next_dagrun for example_external_task_marker_child to None, run_after=None
[2024-07-06T22:15:31.270+0700] {logging_mixin.py:188} INFO - [2024-07-06T22:15:31.270+0700] {dag.py:3954} INFO - Setting next_dagrun for example_external_task_marker_parent to None, run_after=None
[2024-07-06T22:15:31.312+0700] {processor.py:183} INFO - Processing /home/acer/.local/share/virtualenvs/custom_airflow-E5ZHcY_K/lib/python3.12/site-packages/airflow/example_dags/example_external_task_marker_dag.py took 0.122 seconds
[2024-07-06T22:16:29.084+0700] {processor.py:161} INFO - Started process (PID=21595) to work on /home/acer/.local/share/virtualenvs/custom_airflow-E5ZHcY_K/lib/python3.12/site-packages/airflow/example_dags/example_external_task_marker_dag.py
[2024-07-06T22:16:29.086+0700] {processor.py:830} INFO - Processing file /home/acer/.local/share/virtualenvs/custom_airflow-E5ZHcY_K/lib/python3.12/site-packages/airflow/example_dags/example_external_task_marker_dag.py for tasks to queue
[2024-07-06T22:16:29.089+0700] {logging_mixin.py:188} INFO - [2024-07-06T22:16:29.088+0700] {dagbag.py:545} INFO - Filling up the DagBag from /home/acer/.local/share/virtualenvs/custom_airflow-E5ZHcY_K/lib/python3.12/site-packages/airflow/example_dags/example_external_task_marker_dag.py
[2024-07-06T22:16:29.100+0700] {processor.py:840} INFO - DAG(s) 'example_external_task_marker_child', 'example_external_task_marker_parent' retrieved from /home/acer/.local/share/virtualenvs/custom_airflow-E5ZHcY_K/lib/python3.12/site-packages/airflow/example_dags/example_external_task_marker_dag.py
[2024-07-06T22:16:29.132+0700] {logging_mixin.py:188} INFO - [2024-07-06T22:16:29.132+0700] {dag.py:3096} INFO - Sync 2 DAGs
[2024-07-06T22:16:29.156+0700] {logging_mixin.py:188} INFO - [2024-07-06T22:16:29.156+0700] {dag.py:3954} INFO - Setting next_dagrun for example_external_task_marker_child to None, run_after=None
[2024-07-06T22:16:29.164+0700] {logging_mixin.py:188} INFO - [2024-07-06T22:16:29.164+0700] {dag.py:3954} INFO - Setting next_dagrun for example_external_task_marker_parent to None, run_after=None
[2024-07-06T22:16:29.198+0700] {processor.py:183} INFO - Processing /home/acer/.local/share/virtualenvs/custom_airflow-E5ZHcY_K/lib/python3.12/site-packages/airflow/example_dags/example_external_task_marker_dag.py took 0.123 seconds
[2024-07-06T22:17:25.892+0700] {processor.py:161} INFO - Started process (PID=21902) to work on /home/acer/.local/share/virtualenvs/custom_airflow-E5ZHcY_K/lib/python3.12/site-packages/airflow/example_dags/example_external_task_marker_dag.py
[2024-07-06T22:17:25.893+0700] {processor.py:830} INFO - Processing file /home/acer/.local/share/virtualenvs/custom_airflow-E5ZHcY_K/lib/python3.12/site-packages/airflow/example_dags/example_external_task_marker_dag.py for tasks to queue
[2024-07-06T22:17:25.896+0700] {logging_mixin.py:188} INFO - [2024-07-06T22:17:25.895+0700] {dagbag.py:545} INFO - Filling up the DagBag from /home/acer/.local/share/virtualenvs/custom_airflow-E5ZHcY_K/lib/python3.12/site-packages/airflow/example_dags/example_external_task_marker_dag.py
[2024-07-06T22:17:25.907+0700] {processor.py:840} INFO - DAG(s) 'example_external_task_marker_parent', 'example_external_task_marker_child' retrieved from /home/acer/.local/share/virtualenvs/custom_airflow-E5ZHcY_K/lib/python3.12/site-packages/airflow/example_dags/example_external_task_marker_dag.py
[2024-07-06T22:17:25.930+0700] {logging_mixin.py:188} INFO - [2024-07-06T22:17:25.930+0700] {dag.py:3096} INFO - Sync 2 DAGs
[2024-07-06T22:17:25.944+0700] {logging_mixin.py:188} INFO - [2024-07-06T22:17:25.944+0700] {dag.py:3954} INFO - Setting next_dagrun for example_external_task_marker_child to None, run_after=None
[2024-07-06T22:17:25.949+0700] {logging_mixin.py:188} INFO - [2024-07-06T22:17:25.949+0700] {dag.py:3954} INFO - Setting next_dagrun for example_external_task_marker_parent to None, run_after=None
[2024-07-06T22:17:25.988+0700] {processor.py:183} INFO - Processing /home/acer/.local/share/virtualenvs/custom_airflow-E5ZHcY_K/lib/python3.12/site-packages/airflow/example_dags/example_external_task_marker_dag.py took 0.111 seconds
[2024-07-06T22:18:29.757+0700] {processor.py:161} INFO - Started process (PID=22242) to work on /home/acer/.local/share/virtualenvs/custom_airflow-E5ZHcY_K/lib/python3.12/site-packages/airflow/example_dags/example_external_task_marker_dag.py
[2024-07-06T22:18:29.759+0700] {processor.py:830} INFO - Processing file /home/acer/.local/share/virtualenvs/custom_airflow-E5ZHcY_K/lib/python3.12/site-packages/airflow/example_dags/example_external_task_marker_dag.py for tasks to queue
[2024-07-06T22:18:29.766+0700] {logging_mixin.py:188} INFO - [2024-07-06T22:18:29.765+0700] {dagbag.py:545} INFO - Filling up the DagBag from /home/acer/.local/share/virtualenvs/custom_airflow-E5ZHcY_K/lib/python3.12/site-packages/airflow/example_dags/example_external_task_marker_dag.py
[2024-07-06T22:18:29.782+0700] {processor.py:840} INFO - DAG(s) 'example_external_task_marker_child', 'example_external_task_marker_parent' retrieved from /home/acer/.local/share/virtualenvs/custom_airflow-E5ZHcY_K/lib/python3.12/site-packages/airflow/example_dags/example_external_task_marker_dag.py
[2024-07-06T22:18:29.820+0700] {logging_mixin.py:188} INFO - [2024-07-06T22:18:29.820+0700] {dag.py:3096} INFO - Sync 2 DAGs
[2024-07-06T22:18:29.838+0700] {logging_mixin.py:188} INFO - [2024-07-06T22:18:29.838+0700] {dag.py:3954} INFO - Setting next_dagrun for example_external_task_marker_child to None, run_after=None
[2024-07-06T22:18:29.845+0700] {logging_mixin.py:188} INFO - [2024-07-06T22:18:29.845+0700] {dag.py:3954} INFO - Setting next_dagrun for example_external_task_marker_parent to None, run_after=None
[2024-07-06T22:18:29.906+0700] {processor.py:183} INFO - Processing /home/acer/.local/share/virtualenvs/custom_airflow-E5ZHcY_K/lib/python3.12/site-packages/airflow/example_dags/example_external_task_marker_dag.py took 0.159 seconds
[2024-07-06T22:19:31.413+0700] {processor.py:161} INFO - Started process (PID=22586) to work on /home/acer/.local/share/virtualenvs/custom_airflow-E5ZHcY_K/lib/python3.12/site-packages/airflow/example_dags/example_external_task_marker_dag.py
[2024-07-06T22:19:31.416+0700] {processor.py:830} INFO - Processing file /home/acer/.local/share/virtualenvs/custom_airflow-E5ZHcY_K/lib/python3.12/site-packages/airflow/example_dags/example_external_task_marker_dag.py for tasks to queue
[2024-07-06T22:19:31.422+0700] {logging_mixin.py:188} INFO - [2024-07-06T22:19:31.420+0700] {dagbag.py:545} INFO - Filling up the DagBag from /home/acer/.local/share/virtualenvs/custom_airflow-E5ZHcY_K/lib/python3.12/site-packages/airflow/example_dags/example_external_task_marker_dag.py
[2024-07-06T22:19:31.440+0700] {processor.py:840} INFO - DAG(s) 'example_external_task_marker_child', 'example_external_task_marker_parent' retrieved from /home/acer/.local/share/virtualenvs/custom_airflow-E5ZHcY_K/lib/python3.12/site-packages/airflow/example_dags/example_external_task_marker_dag.py
[2024-07-06T22:19:31.477+0700] {logging_mixin.py:188} INFO - [2024-07-06T22:19:31.476+0700] {dag.py:3096} INFO - Sync 2 DAGs
[2024-07-06T22:19:31.495+0700] {logging_mixin.py:188} INFO - [2024-07-06T22:19:31.494+0700] {dag.py:3954} INFO - Setting next_dagrun for example_external_task_marker_child to None, run_after=None
[2024-07-06T22:19:31.499+0700] {logging_mixin.py:188} INFO - [2024-07-06T22:19:31.499+0700] {dag.py:3954} INFO - Setting next_dagrun for example_external_task_marker_parent to None, run_after=None
[2024-07-06T22:19:31.523+0700] {processor.py:183} INFO - Processing /home/acer/.local/share/virtualenvs/custom_airflow-E5ZHcY_K/lib/python3.12/site-packages/airflow/example_dags/example_external_task_marker_dag.py took 0.131 seconds
[2024-07-06T22:20:32.377+0700] {processor.py:161} INFO - Started process (PID=22893) to work on /home/acer/.local/share/virtualenvs/custom_airflow-E5ZHcY_K/lib/python3.12/site-packages/airflow/example_dags/example_external_task_marker_dag.py
[2024-07-06T22:20:32.378+0700] {processor.py:830} INFO - Processing file /home/acer/.local/share/virtualenvs/custom_airflow-E5ZHcY_K/lib/python3.12/site-packages/airflow/example_dags/example_external_task_marker_dag.py for tasks to queue
[2024-07-06T22:20:32.382+0700] {logging_mixin.py:188} INFO - [2024-07-06T22:20:32.381+0700] {dagbag.py:545} INFO - Filling up the DagBag from /home/acer/.local/share/virtualenvs/custom_airflow-E5ZHcY_K/lib/python3.12/site-packages/airflow/example_dags/example_external_task_marker_dag.py
[2024-07-06T22:20:32.391+0700] {processor.py:840} INFO - DAG(s) 'example_external_task_marker_child', 'example_external_task_marker_parent' retrieved from /home/acer/.local/share/virtualenvs/custom_airflow-E5ZHcY_K/lib/python3.12/site-packages/airflow/example_dags/example_external_task_marker_dag.py
[2024-07-06T22:20:32.415+0700] {logging_mixin.py:188} INFO - [2024-07-06T22:20:32.415+0700] {dag.py:3096} INFO - Sync 2 DAGs
[2024-07-06T22:20:32.436+0700] {logging_mixin.py:188} INFO - [2024-07-06T22:20:32.435+0700] {dag.py:3954} INFO - Setting next_dagrun for example_external_task_marker_child to None, run_after=None
[2024-07-06T22:20:32.539+0700] {logging_mixin.py:188} INFO - [2024-07-06T22:20:32.538+0700] {dag.py:3954} INFO - Setting next_dagrun for example_external_task_marker_parent to None, run_after=None
[2024-07-06T22:20:32.563+0700] {processor.py:183} INFO - Processing /home/acer/.local/share/virtualenvs/custom_airflow-E5ZHcY_K/lib/python3.12/site-packages/airflow/example_dags/example_external_task_marker_dag.py took 0.200 seconds
