[2024-07-06T16:08:58.904+0700] {processor.py:161} INFO - Started process (PID=51176) to work on /home/acer/.local/share/virtualenvs/custom_airflow-E5ZHcY_K/lib/python3.12/site-packages/airflow/example_dags/example_skip_dag.py
[2024-07-06T16:08:58.906+0700] {processor.py:830} INFO - Processing file /home/acer/.local/share/virtualenvs/custom_airflow-E5ZHcY_K/lib/python3.12/site-packages/airflow/example_dags/example_skip_dag.py for tasks to queue
[2024-07-06T16:08:58.910+0700] {logging_mixin.py:188} INFO - [2024-07-06T16:08:58.909+0700] {dagbag.py:545} INFO - Filling up the DagBag from /home/acer/.local/share/virtualenvs/custom_airflow-E5ZHcY_K/lib/python3.12/site-packages/airflow/example_dags/example_skip_dag.py
[2024-07-06T16:08:58.924+0700] {processor.py:840} INFO - DAG(s) 'example_skip_dag' retrieved from /home/acer/.local/share/virtualenvs/custom_airflow-E5ZHcY_K/lib/python3.12/site-packages/airflow/example_dags/example_skip_dag.py
[2024-07-06T16:08:59.094+0700] {logging_mixin.py:188} INFO - [2024-07-06T16:08:59.094+0700] {override.py:1847} INFO - Created Permission View: can delete on DAG:example_skip_dag
[2024-07-06T16:08:59.122+0700] {logging_mixin.py:188} INFO - [2024-07-06T16:08:59.121+0700] {override.py:1847} INFO - Created Permission View: can edit on DAG:example_skip_dag
[2024-07-06T16:08:59.138+0700] {logging_mixin.py:188} INFO - [2024-07-06T16:08:59.138+0700] {override.py:1847} INFO - Created Permission View: can read on DAG:example_skip_dag
[2024-07-06T16:08:59.139+0700] {logging_mixin.py:188} INFO - [2024-07-06T16:08:59.139+0700] {dag.py:3096} INFO - Sync 1 DAGs
[2024-07-06T16:08:59.160+0700] {logging_mixin.py:188} INFO - [2024-07-06T16:08:59.160+0700] {dag.py:3118} INFO - Creating ORM DAG for example_skip_dag
[2024-07-06T16:08:59.176+0700] {logging_mixin.py:188} INFO - [2024-07-06T16:08:59.176+0700] {dag.py:3954} INFO - Setting next_dagrun for example_skip_dag to 2024-07-05 00:00:00+00:00, run_after=2024-07-06 00:00:00+00:00
[2024-07-06T16:08:59.215+0700] {processor.py:183} INFO - Processing /home/acer/.local/share/virtualenvs/custom_airflow-E5ZHcY_K/lib/python3.12/site-packages/airflow/example_dags/example_skip_dag.py took 0.344 seconds
[2024-07-06T16:09:58.651+0700] {processor.py:161} INFO - Started process (PID=51618) to work on /home/acer/.local/share/virtualenvs/custom_airflow-E5ZHcY_K/lib/python3.12/site-packages/airflow/example_dags/example_skip_dag.py
[2024-07-06T16:09:58.652+0700] {processor.py:830} INFO - Processing file /home/acer/.local/share/virtualenvs/custom_airflow-E5ZHcY_K/lib/python3.12/site-packages/airflow/example_dags/example_skip_dag.py for tasks to queue
[2024-07-06T16:09:58.654+0700] {logging_mixin.py:188} INFO - [2024-07-06T16:09:58.653+0700] {dagbag.py:545} INFO - Filling up the DagBag from /home/acer/.local/share/virtualenvs/custom_airflow-E5ZHcY_K/lib/python3.12/site-packages/airflow/example_dags/example_skip_dag.py
[2024-07-06T16:09:58.660+0700] {processor.py:840} INFO - DAG(s) 'example_skip_dag' retrieved from /home/acer/.local/share/virtualenvs/custom_airflow-E5ZHcY_K/lib/python3.12/site-packages/airflow/example_dags/example_skip_dag.py
[2024-07-06T16:09:58.676+0700] {logging_mixin.py:188} INFO - [2024-07-06T16:09:58.676+0700] {dag.py:3096} INFO - Sync 1 DAGs
[2024-07-06T16:09:58.697+0700] {logging_mixin.py:188} INFO - [2024-07-06T16:09:58.697+0700] {dag.py:3954} INFO - Setting next_dagrun for example_skip_dag to 2024-07-05 00:00:00+00:00, run_after=2024-07-06 00:00:00+00:00
[2024-07-06T16:09:58.720+0700] {processor.py:183} INFO - Processing /home/acer/.local/share/virtualenvs/custom_airflow-E5ZHcY_K/lib/python3.12/site-packages/airflow/example_dags/example_skip_dag.py took 0.073 seconds
[2024-07-06T16:10:50.743+0700] {processor.py:161} INFO - Started process (PID=52148) to work on /home/acer/.local/share/virtualenvs/custom_airflow-E5ZHcY_K/lib/python3.12/site-packages/airflow/example_dags/example_skip_dag.py
[2024-07-06T16:10:50.744+0700] {processor.py:830} INFO - Processing file /home/acer/.local/share/virtualenvs/custom_airflow-E5ZHcY_K/lib/python3.12/site-packages/airflow/example_dags/example_skip_dag.py for tasks to queue
[2024-07-06T16:10:50.745+0700] {logging_mixin.py:188} INFO - [2024-07-06T16:10:50.744+0700] {dagbag.py:545} INFO - Filling up the DagBag from /home/acer/.local/share/virtualenvs/custom_airflow-E5ZHcY_K/lib/python3.12/site-packages/airflow/example_dags/example_skip_dag.py
[2024-07-06T16:10:50.755+0700] {processor.py:840} INFO - DAG(s) 'example_skip_dag' retrieved from /home/acer/.local/share/virtualenvs/custom_airflow-E5ZHcY_K/lib/python3.12/site-packages/airflow/example_dags/example_skip_dag.py
[2024-07-06T16:10:50.778+0700] {logging_mixin.py:188} INFO - [2024-07-06T16:10:50.778+0700] {dag.py:3096} INFO - Sync 1 DAGs
[2024-07-06T16:10:50.803+0700] {logging_mixin.py:188} INFO - [2024-07-06T16:10:50.803+0700] {dag.py:3954} INFO - Setting next_dagrun for example_skip_dag to 2024-07-05 00:00:00+00:00, run_after=2024-07-06 00:00:00+00:00
[2024-07-06T16:10:50.829+0700] {processor.py:183} INFO - Processing /home/acer/.local/share/virtualenvs/custom_airflow-E5ZHcY_K/lib/python3.12/site-packages/airflow/example_dags/example_skip_dag.py took 0.093 seconds
[2024-07-06T16:11:46.663+0700] {processor.py:161} INFO - Started process (PID=52550) to work on /home/acer/.local/share/virtualenvs/custom_airflow-E5ZHcY_K/lib/python3.12/site-packages/airflow/example_dags/example_skip_dag.py
[2024-07-06T16:11:46.665+0700] {processor.py:830} INFO - Processing file /home/acer/.local/share/virtualenvs/custom_airflow-E5ZHcY_K/lib/python3.12/site-packages/airflow/example_dags/example_skip_dag.py for tasks to queue
[2024-07-06T16:11:46.667+0700] {logging_mixin.py:188} INFO - [2024-07-06T16:11:46.667+0700] {dagbag.py:545} INFO - Filling up the DagBag from /home/acer/.local/share/virtualenvs/custom_airflow-E5ZHcY_K/lib/python3.12/site-packages/airflow/example_dags/example_skip_dag.py
[2024-07-06T16:11:46.679+0700] {processor.py:840} INFO - DAG(s) 'example_skip_dag' retrieved from /home/acer/.local/share/virtualenvs/custom_airflow-E5ZHcY_K/lib/python3.12/site-packages/airflow/example_dags/example_skip_dag.py
[2024-07-06T16:11:46.705+0700] {logging_mixin.py:188} INFO - [2024-07-06T16:11:46.705+0700] {dag.py:3096} INFO - Sync 1 DAGs
[2024-07-06T16:11:46.732+0700] {logging_mixin.py:188} INFO - [2024-07-06T16:11:46.732+0700] {dag.py:3954} INFO - Setting next_dagrun for example_skip_dag to 2024-07-05 00:00:00+00:00, run_after=2024-07-06 00:00:00+00:00
[2024-07-06T16:11:46.753+0700] {processor.py:183} INFO - Processing /home/acer/.local/share/virtualenvs/custom_airflow-E5ZHcY_K/lib/python3.12/site-packages/airflow/example_dags/example_skip_dag.py took 0.109 seconds
[2024-07-06T16:15:50.382+0700] {processor.py:161} INFO - Started process (PID=54796) to work on /home/acer/.local/share/virtualenvs/custom_airflow-E5ZHcY_K/lib/python3.12/site-packages/airflow/example_dags/example_skip_dag.py
[2024-07-06T16:15:50.391+0700] {processor.py:830} INFO - Processing file /home/acer/.local/share/virtualenvs/custom_airflow-E5ZHcY_K/lib/python3.12/site-packages/airflow/example_dags/example_skip_dag.py for tasks to queue
[2024-07-06T16:15:50.393+0700] {logging_mixin.py:188} INFO - [2024-07-06T16:15:50.393+0700] {dagbag.py:545} INFO - Filling up the DagBag from /home/acer/.local/share/virtualenvs/custom_airflow-E5ZHcY_K/lib/python3.12/site-packages/airflow/example_dags/example_skip_dag.py
[2024-07-06T16:15:50.400+0700] {processor.py:840} INFO - DAG(s) 'example_skip_dag' retrieved from /home/acer/.local/share/virtualenvs/custom_airflow-E5ZHcY_K/lib/python3.12/site-packages/airflow/example_dags/example_skip_dag.py
[2024-07-06T16:15:50.544+0700] {logging_mixin.py:188} INFO - [2024-07-06T16:15:50.544+0700] {dag.py:3096} INFO - Sync 1 DAGs
[2024-07-06T16:15:50.566+0700] {logging_mixin.py:188} INFO - [2024-07-06T16:15:50.566+0700] {dag.py:3954} INFO - Setting next_dagrun for example_skip_dag to 2024-07-05 00:00:00+00:00, run_after=2024-07-06 00:00:00+00:00
[2024-07-06T16:15:50.605+0700] {processor.py:183} INFO - Processing /home/acer/.local/share/virtualenvs/custom_airflow-E5ZHcY_K/lib/python3.12/site-packages/airflow/example_dags/example_skip_dag.py took 0.228 seconds
[2024-07-06T16:16:48.293+0700] {processor.py:161} INFO - Started process (PID=55314) to work on /home/acer/.local/share/virtualenvs/custom_airflow-E5ZHcY_K/lib/python3.12/site-packages/airflow/example_dags/example_skip_dag.py
[2024-07-06T16:16:48.295+0700] {processor.py:830} INFO - Processing file /home/acer/.local/share/virtualenvs/custom_airflow-E5ZHcY_K/lib/python3.12/site-packages/airflow/example_dags/example_skip_dag.py for tasks to queue
[2024-07-06T16:16:48.302+0700] {logging_mixin.py:188} INFO - [2024-07-06T16:16:48.301+0700] {dagbag.py:545} INFO - Filling up the DagBag from /home/acer/.local/share/virtualenvs/custom_airflow-E5ZHcY_K/lib/python3.12/site-packages/airflow/example_dags/example_skip_dag.py
[2024-07-06T16:16:48.316+0700] {processor.py:840} INFO - DAG(s) 'example_skip_dag' retrieved from /home/acer/.local/share/virtualenvs/custom_airflow-E5ZHcY_K/lib/python3.12/site-packages/airflow/example_dags/example_skip_dag.py
[2024-07-06T16:16:48.352+0700] {logging_mixin.py:188} INFO - [2024-07-06T16:16:48.352+0700] {dag.py:3096} INFO - Sync 1 DAGs
[2024-07-06T16:16:48.390+0700] {logging_mixin.py:188} INFO - [2024-07-06T16:16:48.390+0700] {dag.py:3954} INFO - Setting next_dagrun for example_skip_dag to 2024-07-05 00:00:00+00:00, run_after=2024-07-06 00:00:00+00:00
[2024-07-06T16:16:48.432+0700] {processor.py:183} INFO - Processing /home/acer/.local/share/virtualenvs/custom_airflow-E5ZHcY_K/lib/python3.12/site-packages/airflow/example_dags/example_skip_dag.py took 0.147 seconds
[2024-07-06T16:17:40.307+0700] {processor.py:161} INFO - Started process (PID=55772) to work on /home/acer/.local/share/virtualenvs/custom_airflow-E5ZHcY_K/lib/python3.12/site-packages/airflow/example_dags/example_skip_dag.py
[2024-07-06T16:17:40.308+0700] {processor.py:830} INFO - Processing file /home/acer/.local/share/virtualenvs/custom_airflow-E5ZHcY_K/lib/python3.12/site-packages/airflow/example_dags/example_skip_dag.py for tasks to queue
[2024-07-06T16:17:40.312+0700] {logging_mixin.py:188} INFO - [2024-07-06T16:17:40.311+0700] {dagbag.py:545} INFO - Filling up the DagBag from /home/acer/.local/share/virtualenvs/custom_airflow-E5ZHcY_K/lib/python3.12/site-packages/airflow/example_dags/example_skip_dag.py
[2024-07-06T16:17:40.319+0700] {processor.py:840} INFO - DAG(s) 'example_skip_dag' retrieved from /home/acer/.local/share/virtualenvs/custom_airflow-E5ZHcY_K/lib/python3.12/site-packages/airflow/example_dags/example_skip_dag.py
[2024-07-06T16:17:40.338+0700] {logging_mixin.py:188} INFO - [2024-07-06T16:17:40.338+0700] {dag.py:3096} INFO - Sync 1 DAGs
[2024-07-06T16:17:40.359+0700] {logging_mixin.py:188} INFO - [2024-07-06T16:17:40.359+0700] {dag.py:3954} INFO - Setting next_dagrun for example_skip_dag to 2024-07-05 00:00:00+00:00, run_after=2024-07-06 00:00:00+00:00
[2024-07-06T16:17:40.381+0700] {processor.py:183} INFO - Processing /home/acer/.local/share/virtualenvs/custom_airflow-E5ZHcY_K/lib/python3.12/site-packages/airflow/example_dags/example_skip_dag.py took 0.082 seconds
[2024-07-06T16:18:34.138+0700] {processor.py:161} INFO - Started process (PID=56028) to work on /home/acer/.local/share/virtualenvs/custom_airflow-E5ZHcY_K/lib/python3.12/site-packages/airflow/example_dags/example_skip_dag.py
[2024-07-06T16:18:34.140+0700] {processor.py:830} INFO - Processing file /home/acer/.local/share/virtualenvs/custom_airflow-E5ZHcY_K/lib/python3.12/site-packages/airflow/example_dags/example_skip_dag.py for tasks to queue
[2024-07-06T16:18:34.143+0700] {logging_mixin.py:188} INFO - [2024-07-06T16:18:34.142+0700] {dagbag.py:545} INFO - Filling up the DagBag from /home/acer/.local/share/virtualenvs/custom_airflow-E5ZHcY_K/lib/python3.12/site-packages/airflow/example_dags/example_skip_dag.py
[2024-07-06T16:18:34.152+0700] {processor.py:840} INFO - DAG(s) 'example_skip_dag' retrieved from /home/acer/.local/share/virtualenvs/custom_airflow-E5ZHcY_K/lib/python3.12/site-packages/airflow/example_dags/example_skip_dag.py
[2024-07-06T16:18:34.169+0700] {logging_mixin.py:188} INFO - [2024-07-06T16:18:34.169+0700] {dag.py:3096} INFO - Sync 1 DAGs
[2024-07-06T16:18:34.189+0700] {logging_mixin.py:188} INFO - [2024-07-06T16:18:34.189+0700] {dag.py:3954} INFO - Setting next_dagrun for example_skip_dag to 2024-07-05 00:00:00+00:00, run_after=2024-07-06 00:00:00+00:00
[2024-07-06T16:18:34.210+0700] {processor.py:183} INFO - Processing /home/acer/.local/share/virtualenvs/custom_airflow-E5ZHcY_K/lib/python3.12/site-packages/airflow/example_dags/example_skip_dag.py took 0.085 seconds
[2024-07-06T16:19:24.763+0700] {processor.py:161} INFO - Started process (PID=56404) to work on /home/acer/.local/share/virtualenvs/custom_airflow-E5ZHcY_K/lib/python3.12/site-packages/airflow/example_dags/example_skip_dag.py
[2024-07-06T16:19:24.763+0700] {processor.py:830} INFO - Processing file /home/acer/.local/share/virtualenvs/custom_airflow-E5ZHcY_K/lib/python3.12/site-packages/airflow/example_dags/example_skip_dag.py for tasks to queue
[2024-07-06T16:19:24.765+0700] {logging_mixin.py:188} INFO - [2024-07-06T16:19:24.765+0700] {dagbag.py:545} INFO - Filling up the DagBag from /home/acer/.local/share/virtualenvs/custom_airflow-E5ZHcY_K/lib/python3.12/site-packages/airflow/example_dags/example_skip_dag.py
[2024-07-06T16:19:24.774+0700] {processor.py:840} INFO - DAG(s) 'example_skip_dag' retrieved from /home/acer/.local/share/virtualenvs/custom_airflow-E5ZHcY_K/lib/python3.12/site-packages/airflow/example_dags/example_skip_dag.py
[2024-07-06T16:19:24.791+0700] {logging_mixin.py:188} INFO - [2024-07-06T16:19:24.791+0700] {dag.py:3096} INFO - Sync 1 DAGs
[2024-07-06T16:19:24.812+0700] {logging_mixin.py:188} INFO - [2024-07-06T16:19:24.812+0700] {dag.py:3954} INFO - Setting next_dagrun for example_skip_dag to 2024-07-05 00:00:00+00:00, run_after=2024-07-06 00:00:00+00:00
[2024-07-06T16:19:24.833+0700] {processor.py:183} INFO - Processing /home/acer/.local/share/virtualenvs/custom_airflow-E5ZHcY_K/lib/python3.12/site-packages/airflow/example_dags/example_skip_dag.py took 0.076 seconds
[2024-07-06T16:20:16.539+0700] {processor.py:161} INFO - Started process (PID=57024) to work on /home/acer/.local/share/virtualenvs/custom_airflow-E5ZHcY_K/lib/python3.12/site-packages/airflow/example_dags/example_skip_dag.py
[2024-07-06T16:20:16.540+0700] {processor.py:830} INFO - Processing file /home/acer/.local/share/virtualenvs/custom_airflow-E5ZHcY_K/lib/python3.12/site-packages/airflow/example_dags/example_skip_dag.py for tasks to queue
[2024-07-06T16:20:16.543+0700] {logging_mixin.py:188} INFO - [2024-07-06T16:20:16.542+0700] {dagbag.py:545} INFO - Filling up the DagBag from /home/acer/.local/share/virtualenvs/custom_airflow-E5ZHcY_K/lib/python3.12/site-packages/airflow/example_dags/example_skip_dag.py
[2024-07-06T16:20:16.549+0700] {processor.py:840} INFO - DAG(s) 'example_skip_dag' retrieved from /home/acer/.local/share/virtualenvs/custom_airflow-E5ZHcY_K/lib/python3.12/site-packages/airflow/example_dags/example_skip_dag.py
[2024-07-06T16:20:16.567+0700] {logging_mixin.py:188} INFO - [2024-07-06T16:20:16.567+0700] {dag.py:3096} INFO - Sync 1 DAGs
[2024-07-06T16:20:16.587+0700] {logging_mixin.py:188} INFO - [2024-07-06T16:20:16.587+0700] {dag.py:3954} INFO - Setting next_dagrun for example_skip_dag to 2024-07-05 00:00:00+00:00, run_after=2024-07-06 00:00:00+00:00
[2024-07-06T16:20:16.609+0700] {processor.py:183} INFO - Processing /home/acer/.local/share/virtualenvs/custom_airflow-E5ZHcY_K/lib/python3.12/site-packages/airflow/example_dags/example_skip_dag.py took 0.075 seconds
[2024-07-06T16:21:13.016+0700] {processor.py:161} INFO - Started process (PID=57488) to work on /home/acer/.local/share/virtualenvs/custom_airflow-E5ZHcY_K/lib/python3.12/site-packages/airflow/example_dags/example_skip_dag.py
[2024-07-06T16:21:13.018+0700] {processor.py:830} INFO - Processing file /home/acer/.local/share/virtualenvs/custom_airflow-E5ZHcY_K/lib/python3.12/site-packages/airflow/example_dags/example_skip_dag.py for tasks to queue
[2024-07-06T16:21:13.021+0700] {logging_mixin.py:188} INFO - [2024-07-06T16:21:13.021+0700] {dagbag.py:545} INFO - Filling up the DagBag from /home/acer/.local/share/virtualenvs/custom_airflow-E5ZHcY_K/lib/python3.12/site-packages/airflow/example_dags/example_skip_dag.py
[2024-07-06T16:21:13.031+0700] {processor.py:840} INFO - DAG(s) 'example_skip_dag' retrieved from /home/acer/.local/share/virtualenvs/custom_airflow-E5ZHcY_K/lib/python3.12/site-packages/airflow/example_dags/example_skip_dag.py
[2024-07-06T16:21:13.052+0700] {logging_mixin.py:188} INFO - [2024-07-06T16:21:13.052+0700] {dag.py:3096} INFO - Sync 1 DAGs
[2024-07-06T16:21:13.080+0700] {logging_mixin.py:188} INFO - [2024-07-06T16:21:13.080+0700] {dag.py:3954} INFO - Setting next_dagrun for example_skip_dag to 2024-07-05 00:00:00+00:00, run_after=2024-07-06 00:00:00+00:00
[2024-07-06T16:21:13.111+0700] {processor.py:183} INFO - Processing /home/acer/.local/share/virtualenvs/custom_airflow-E5ZHcY_K/lib/python3.12/site-packages/airflow/example_dags/example_skip_dag.py took 0.106 seconds
[2024-07-06T16:22:03.250+0700] {processor.py:161} INFO - Started process (PID=57802) to work on /home/acer/.local/share/virtualenvs/custom_airflow-E5ZHcY_K/lib/python3.12/site-packages/airflow/example_dags/example_skip_dag.py
[2024-07-06T16:22:03.253+0700] {processor.py:830} INFO - Processing file /home/acer/.local/share/virtualenvs/custom_airflow-E5ZHcY_K/lib/python3.12/site-packages/airflow/example_dags/example_skip_dag.py for tasks to queue
[2024-07-06T16:22:03.261+0700] {logging_mixin.py:188} INFO - [2024-07-06T16:22:03.258+0700] {dagbag.py:545} INFO - Filling up the DagBag from /home/acer/.local/share/virtualenvs/custom_airflow-E5ZHcY_K/lib/python3.12/site-packages/airflow/example_dags/example_skip_dag.py
[2024-07-06T16:22:03.300+0700] {processor.py:840} INFO - DAG(s) 'example_skip_dag' retrieved from /home/acer/.local/share/virtualenvs/custom_airflow-E5ZHcY_K/lib/python3.12/site-packages/airflow/example_dags/example_skip_dag.py
[2024-07-06T16:22:03.336+0700] {logging_mixin.py:188} INFO - [2024-07-06T16:22:03.336+0700] {dag.py:3096} INFO - Sync 1 DAGs
[2024-07-06T16:22:03.368+0700] {logging_mixin.py:188} INFO - [2024-07-06T16:22:03.368+0700] {dag.py:3954} INFO - Setting next_dagrun for example_skip_dag to 2024-07-05 00:00:00+00:00, run_after=2024-07-06 00:00:00+00:00
[2024-07-06T16:22:03.396+0700] {processor.py:183} INFO - Processing /home/acer/.local/share/virtualenvs/custom_airflow-E5ZHcY_K/lib/python3.12/site-packages/airflow/example_dags/example_skip_dag.py took 0.174 seconds
[2024-07-06T16:22:59.386+0700] {processor.py:161} INFO - Started process (PID=58109) to work on /home/acer/.local/share/virtualenvs/custom_airflow-E5ZHcY_K/lib/python3.12/site-packages/airflow/example_dags/example_skip_dag.py
[2024-07-06T16:22:59.391+0700] {processor.py:830} INFO - Processing file /home/acer/.local/share/virtualenvs/custom_airflow-E5ZHcY_K/lib/python3.12/site-packages/airflow/example_dags/example_skip_dag.py for tasks to queue
[2024-07-06T16:22:59.398+0700] {logging_mixin.py:188} INFO - [2024-07-06T16:22:59.397+0700] {dagbag.py:545} INFO - Filling up the DagBag from /home/acer/.local/share/virtualenvs/custom_airflow-E5ZHcY_K/lib/python3.12/site-packages/airflow/example_dags/example_skip_dag.py
[2024-07-06T16:22:59.414+0700] {processor.py:840} INFO - DAG(s) 'example_skip_dag' retrieved from /home/acer/.local/share/virtualenvs/custom_airflow-E5ZHcY_K/lib/python3.12/site-packages/airflow/example_dags/example_skip_dag.py
[2024-07-06T16:22:59.441+0700] {logging_mixin.py:188} INFO - [2024-07-06T16:22:59.440+0700] {dag.py:3096} INFO - Sync 1 DAGs
[2024-07-06T16:22:59.464+0700] {logging_mixin.py:188} INFO - [2024-07-06T16:22:59.464+0700] {dag.py:3954} INFO - Setting next_dagrun for example_skip_dag to 2024-07-05 00:00:00+00:00, run_after=2024-07-06 00:00:00+00:00
[2024-07-06T16:22:59.489+0700] {processor.py:183} INFO - Processing /home/acer/.local/share/virtualenvs/custom_airflow-E5ZHcY_K/lib/python3.12/site-packages/airflow/example_dags/example_skip_dag.py took 0.135 seconds
[2024-07-06T16:24:15.710+0700] {processor.py:161} INFO - Started process (PID=59174) to work on /home/acer/.local/share/virtualenvs/custom_airflow-E5ZHcY_K/lib/python3.12/site-packages/airflow/example_dags/example_skip_dag.py
[2024-07-06T16:24:15.713+0700] {processor.py:830} INFO - Processing file /home/acer/.local/share/virtualenvs/custom_airflow-E5ZHcY_K/lib/python3.12/site-packages/airflow/example_dags/example_skip_dag.py for tasks to queue
[2024-07-06T16:24:15.718+0700] {logging_mixin.py:188} INFO - [2024-07-06T16:24:15.718+0700] {dagbag.py:545} INFO - Filling up the DagBag from /home/acer/.local/share/virtualenvs/custom_airflow-E5ZHcY_K/lib/python3.12/site-packages/airflow/example_dags/example_skip_dag.py
[2024-07-06T16:24:15.728+0700] {processor.py:840} INFO - DAG(s) 'example_skip_dag' retrieved from /home/acer/.local/share/virtualenvs/custom_airflow-E5ZHcY_K/lib/python3.12/site-packages/airflow/example_dags/example_skip_dag.py
[2024-07-06T16:24:15.747+0700] {logging_mixin.py:188} INFO - [2024-07-06T16:24:15.747+0700] {dag.py:3096} INFO - Sync 1 DAGs
[2024-07-06T16:24:15.768+0700] {logging_mixin.py:188} INFO - [2024-07-06T16:24:15.768+0700] {dag.py:3954} INFO - Setting next_dagrun for example_skip_dag to 2024-07-05 00:00:00+00:00, run_after=2024-07-06 00:00:00+00:00
[2024-07-06T16:24:15.789+0700] {processor.py:183} INFO - Processing /home/acer/.local/share/virtualenvs/custom_airflow-E5ZHcY_K/lib/python3.12/site-packages/airflow/example_dags/example_skip_dag.py took 0.099 seconds
[2024-07-06T16:25:11.299+0700] {processor.py:161} INFO - Started process (PID=59543) to work on /home/acer/.local/share/virtualenvs/custom_airflow-E5ZHcY_K/lib/python3.12/site-packages/airflow/example_dags/example_skip_dag.py
[2024-07-06T16:25:11.300+0700] {processor.py:830} INFO - Processing file /home/acer/.local/share/virtualenvs/custom_airflow-E5ZHcY_K/lib/python3.12/site-packages/airflow/example_dags/example_skip_dag.py for tasks to queue
[2024-07-06T16:25:11.303+0700] {logging_mixin.py:188} INFO - [2024-07-06T16:25:11.302+0700] {dagbag.py:545} INFO - Filling up the DagBag from /home/acer/.local/share/virtualenvs/custom_airflow-E5ZHcY_K/lib/python3.12/site-packages/airflow/example_dags/example_skip_dag.py
[2024-07-06T16:25:11.315+0700] {processor.py:840} INFO - DAG(s) 'example_skip_dag' retrieved from /home/acer/.local/share/virtualenvs/custom_airflow-E5ZHcY_K/lib/python3.12/site-packages/airflow/example_dags/example_skip_dag.py
[2024-07-06T16:25:11.338+0700] {logging_mixin.py:188} INFO - [2024-07-06T16:25:11.338+0700] {dag.py:3096} INFO - Sync 1 DAGs
[2024-07-06T16:25:11.371+0700] {logging_mixin.py:188} INFO - [2024-07-06T16:25:11.371+0700] {dag.py:3954} INFO - Setting next_dagrun for example_skip_dag to 2024-07-05 00:00:00+00:00, run_after=2024-07-06 00:00:00+00:00
[2024-07-06T16:25:11.405+0700] {processor.py:183} INFO - Processing /home/acer/.local/share/virtualenvs/custom_airflow-E5ZHcY_K/lib/python3.12/site-packages/airflow/example_dags/example_skip_dag.py took 0.115 seconds
[2024-07-06T16:26:03.428+0700] {processor.py:161} INFO - Started process (PID=59998) to work on /home/acer/.local/share/virtualenvs/custom_airflow-E5ZHcY_K/lib/python3.12/site-packages/airflow/example_dags/example_skip_dag.py
[2024-07-06T16:26:03.430+0700] {processor.py:830} INFO - Processing file /home/acer/.local/share/virtualenvs/custom_airflow-E5ZHcY_K/lib/python3.12/site-packages/airflow/example_dags/example_skip_dag.py for tasks to queue
[2024-07-06T16:26:03.435+0700] {logging_mixin.py:188} INFO - [2024-07-06T16:26:03.434+0700] {dagbag.py:545} INFO - Filling up the DagBag from /home/acer/.local/share/virtualenvs/custom_airflow-E5ZHcY_K/lib/python3.12/site-packages/airflow/example_dags/example_skip_dag.py
[2024-07-06T16:26:03.444+0700] {processor.py:840} INFO - DAG(s) 'example_skip_dag' retrieved from /home/acer/.local/share/virtualenvs/custom_airflow-E5ZHcY_K/lib/python3.12/site-packages/airflow/example_dags/example_skip_dag.py
[2024-07-06T16:26:03.462+0700] {logging_mixin.py:188} INFO - [2024-07-06T16:26:03.462+0700] {dag.py:3096} INFO - Sync 1 DAGs
[2024-07-06T16:26:03.483+0700] {logging_mixin.py:188} INFO - [2024-07-06T16:26:03.483+0700] {dag.py:3954} INFO - Setting next_dagrun for example_skip_dag to 2024-07-05 00:00:00+00:00, run_after=2024-07-06 00:00:00+00:00
[2024-07-06T16:26:03.504+0700] {processor.py:183} INFO - Processing /home/acer/.local/share/virtualenvs/custom_airflow-E5ZHcY_K/lib/python3.12/site-packages/airflow/example_dags/example_skip_dag.py took 0.095 seconds
[2024-07-06T16:26:54.970+0700] {processor.py:161} INFO - Started process (PID=60255) to work on /home/acer/.local/share/virtualenvs/custom_airflow-E5ZHcY_K/lib/python3.12/site-packages/airflow/example_dags/example_skip_dag.py
[2024-07-06T16:26:54.971+0700] {processor.py:830} INFO - Processing file /home/acer/.local/share/virtualenvs/custom_airflow-E5ZHcY_K/lib/python3.12/site-packages/airflow/example_dags/example_skip_dag.py for tasks to queue
[2024-07-06T16:26:54.974+0700] {logging_mixin.py:188} INFO - [2024-07-06T16:26:54.973+0700] {dagbag.py:545} INFO - Filling up the DagBag from /home/acer/.local/share/virtualenvs/custom_airflow-E5ZHcY_K/lib/python3.12/site-packages/airflow/example_dags/example_skip_dag.py
[2024-07-06T16:26:54.980+0700] {processor.py:840} INFO - DAG(s) 'example_skip_dag' retrieved from /home/acer/.local/share/virtualenvs/custom_airflow-E5ZHcY_K/lib/python3.12/site-packages/airflow/example_dags/example_skip_dag.py
[2024-07-06T16:26:54.997+0700] {logging_mixin.py:188} INFO - [2024-07-06T16:26:54.997+0700] {dag.py:3096} INFO - Sync 1 DAGs
[2024-07-06T16:26:55.017+0700] {logging_mixin.py:188} INFO - [2024-07-06T16:26:55.017+0700] {dag.py:3954} INFO - Setting next_dagrun for example_skip_dag to 2024-07-05 00:00:00+00:00, run_after=2024-07-06 00:00:00+00:00
[2024-07-06T16:26:55.038+0700] {processor.py:183} INFO - Processing /home/acer/.local/share/virtualenvs/custom_airflow-E5ZHcY_K/lib/python3.12/site-packages/airflow/example_dags/example_skip_dag.py took 0.077 seconds
[2024-07-06T16:27:47.133+0700] {processor.py:161} INFO - Started process (PID=60531) to work on /home/acer/.local/share/virtualenvs/custom_airflow-E5ZHcY_K/lib/python3.12/site-packages/airflow/example_dags/example_skip_dag.py
[2024-07-06T16:27:47.136+0700] {processor.py:830} INFO - Processing file /home/acer/.local/share/virtualenvs/custom_airflow-E5ZHcY_K/lib/python3.12/site-packages/airflow/example_dags/example_skip_dag.py for tasks to queue
[2024-07-06T16:27:47.139+0700] {logging_mixin.py:188} INFO - [2024-07-06T16:27:47.138+0700] {dagbag.py:545} INFO - Filling up the DagBag from /home/acer/.local/share/virtualenvs/custom_airflow-E5ZHcY_K/lib/python3.12/site-packages/airflow/example_dags/example_skip_dag.py
[2024-07-06T16:27:47.150+0700] {processor.py:840} INFO - DAG(s) 'example_skip_dag' retrieved from /home/acer/.local/share/virtualenvs/custom_airflow-E5ZHcY_K/lib/python3.12/site-packages/airflow/example_dags/example_skip_dag.py
[2024-07-06T16:27:47.168+0700] {logging_mixin.py:188} INFO - [2024-07-06T16:27:47.168+0700] {dag.py:3096} INFO - Sync 1 DAGs
[2024-07-06T16:27:47.188+0700] {logging_mixin.py:188} INFO - [2024-07-06T16:27:47.188+0700] {dag.py:3954} INFO - Setting next_dagrun for example_skip_dag to 2024-07-05 00:00:00+00:00, run_after=2024-07-06 00:00:00+00:00
[2024-07-06T16:27:47.209+0700] {processor.py:183} INFO - Processing /home/acer/.local/share/virtualenvs/custom_airflow-E5ZHcY_K/lib/python3.12/site-packages/airflow/example_dags/example_skip_dag.py took 0.095 seconds
[2024-07-06T16:28:32.473+0700] {processor.py:161} INFO - Started process (PID=60757) to work on /home/acer/.local/share/virtualenvs/custom_airflow-E5ZHcY_K/lib/python3.12/site-packages/airflow/example_dags/example_skip_dag.py
[2024-07-06T16:28:32.474+0700] {processor.py:830} INFO - Processing file /home/acer/.local/share/virtualenvs/custom_airflow-E5ZHcY_K/lib/python3.12/site-packages/airflow/example_dags/example_skip_dag.py for tasks to queue
[2024-07-06T16:28:32.476+0700] {logging_mixin.py:188} INFO - [2024-07-06T16:28:32.476+0700] {dagbag.py:545} INFO - Filling up the DagBag from /home/acer/.local/share/virtualenvs/custom_airflow-E5ZHcY_K/lib/python3.12/site-packages/airflow/example_dags/example_skip_dag.py
[2024-07-06T16:28:32.484+0700] {processor.py:840} INFO - DAG(s) 'example_skip_dag' retrieved from /home/acer/.local/share/virtualenvs/custom_airflow-E5ZHcY_K/lib/python3.12/site-packages/airflow/example_dags/example_skip_dag.py
[2024-07-06T16:28:32.502+0700] {logging_mixin.py:188} INFO - [2024-07-06T16:28:32.501+0700] {dag.py:3096} INFO - Sync 1 DAGs
[2024-07-06T16:28:32.522+0700] {logging_mixin.py:188} INFO - [2024-07-06T16:28:32.522+0700] {dag.py:3954} INFO - Setting next_dagrun for example_skip_dag to 2024-07-05 00:00:00+00:00, run_after=2024-07-06 00:00:00+00:00
[2024-07-06T16:28:32.544+0700] {processor.py:183} INFO - Processing /home/acer/.local/share/virtualenvs/custom_airflow-E5ZHcY_K/lib/python3.12/site-packages/airflow/example_dags/example_skip_dag.py took 0.076 seconds
[2024-07-06T16:29:20.597+0700] {processor.py:161} INFO - Started process (PID=60986) to work on /home/acer/.local/share/virtualenvs/custom_airflow-E5ZHcY_K/lib/python3.12/site-packages/airflow/example_dags/example_skip_dag.py
[2024-07-06T16:29:20.599+0700] {processor.py:830} INFO - Processing file /home/acer/.local/share/virtualenvs/custom_airflow-E5ZHcY_K/lib/python3.12/site-packages/airflow/example_dags/example_skip_dag.py for tasks to queue
[2024-07-06T16:29:20.603+0700] {logging_mixin.py:188} INFO - [2024-07-06T16:29:20.602+0700] {dagbag.py:545} INFO - Filling up the DagBag from /home/acer/.local/share/virtualenvs/custom_airflow-E5ZHcY_K/lib/python3.12/site-packages/airflow/example_dags/example_skip_dag.py
[2024-07-06T16:29:20.613+0700] {processor.py:840} INFO - DAG(s) 'example_skip_dag' retrieved from /home/acer/.local/share/virtualenvs/custom_airflow-E5ZHcY_K/lib/python3.12/site-packages/airflow/example_dags/example_skip_dag.py
[2024-07-06T16:29:20.631+0700] {logging_mixin.py:188} INFO - [2024-07-06T16:29:20.630+0700] {dag.py:3096} INFO - Sync 1 DAGs
[2024-07-06T16:29:20.651+0700] {logging_mixin.py:188} INFO - [2024-07-06T16:29:20.651+0700] {dag.py:3954} INFO - Setting next_dagrun for example_skip_dag to 2024-07-05 00:00:00+00:00, run_after=2024-07-06 00:00:00+00:00
[2024-07-06T16:29:20.672+0700] {processor.py:183} INFO - Processing /home/acer/.local/share/virtualenvs/custom_airflow-E5ZHcY_K/lib/python3.12/site-packages/airflow/example_dags/example_skip_dag.py took 0.094 seconds
[2024-07-06T16:30:07.263+0700] {processor.py:161} INFO - Started process (PID=61217) to work on /home/acer/.local/share/virtualenvs/custom_airflow-E5ZHcY_K/lib/python3.12/site-packages/airflow/example_dags/example_skip_dag.py
[2024-07-06T16:30:07.264+0700] {processor.py:830} INFO - Processing file /home/acer/.local/share/virtualenvs/custom_airflow-E5ZHcY_K/lib/python3.12/site-packages/airflow/example_dags/example_skip_dag.py for tasks to queue
[2024-07-06T16:30:07.266+0700] {logging_mixin.py:188} INFO - [2024-07-06T16:30:07.266+0700] {dagbag.py:545} INFO - Filling up the DagBag from /home/acer/.local/share/virtualenvs/custom_airflow-E5ZHcY_K/lib/python3.12/site-packages/airflow/example_dags/example_skip_dag.py
[2024-07-06T16:30:07.274+0700] {processor.py:840} INFO - DAG(s) 'example_skip_dag' retrieved from /home/acer/.local/share/virtualenvs/custom_airflow-E5ZHcY_K/lib/python3.12/site-packages/airflow/example_dags/example_skip_dag.py
[2024-07-06T16:30:07.291+0700] {logging_mixin.py:188} INFO - [2024-07-06T16:30:07.291+0700] {dag.py:3096} INFO - Sync 1 DAGs
[2024-07-06T16:30:07.311+0700] {logging_mixin.py:188} INFO - [2024-07-06T16:30:07.311+0700] {dag.py:3954} INFO - Setting next_dagrun for example_skip_dag to 2024-07-05 00:00:00+00:00, run_after=2024-07-06 00:00:00+00:00
[2024-07-06T16:30:07.336+0700] {processor.py:183} INFO - Processing /home/acer/.local/share/virtualenvs/custom_airflow-E5ZHcY_K/lib/python3.12/site-packages/airflow/example_dags/example_skip_dag.py took 0.083 seconds
[2024-07-06T16:30:52.209+0700] {processor.py:161} INFO - Started process (PID=61480) to work on /home/acer/.local/share/virtualenvs/custom_airflow-E5ZHcY_K/lib/python3.12/site-packages/airflow/example_dags/example_skip_dag.py
[2024-07-06T16:30:52.211+0700] {processor.py:830} INFO - Processing file /home/acer/.local/share/virtualenvs/custom_airflow-E5ZHcY_K/lib/python3.12/site-packages/airflow/example_dags/example_skip_dag.py for tasks to queue
[2024-07-06T16:30:52.215+0700] {logging_mixin.py:188} INFO - [2024-07-06T16:30:52.214+0700] {dagbag.py:545} INFO - Filling up the DagBag from /home/acer/.local/share/virtualenvs/custom_airflow-E5ZHcY_K/lib/python3.12/site-packages/airflow/example_dags/example_skip_dag.py
[2024-07-06T16:30:52.226+0700] {processor.py:840} INFO - DAG(s) 'example_skip_dag' retrieved from /home/acer/.local/share/virtualenvs/custom_airflow-E5ZHcY_K/lib/python3.12/site-packages/airflow/example_dags/example_skip_dag.py
[2024-07-06T16:30:52.244+0700] {logging_mixin.py:188} INFO - [2024-07-06T16:30:52.244+0700] {dag.py:3096} INFO - Sync 1 DAGs
[2024-07-06T16:30:52.265+0700] {logging_mixin.py:188} INFO - [2024-07-06T16:30:52.264+0700] {dag.py:3954} INFO - Setting next_dagrun for example_skip_dag to 2024-07-05 00:00:00+00:00, run_after=2024-07-06 00:00:00+00:00
[2024-07-06T16:30:52.285+0700] {processor.py:183} INFO - Processing /home/acer/.local/share/virtualenvs/custom_airflow-E5ZHcY_K/lib/python3.12/site-packages/airflow/example_dags/example_skip_dag.py took 0.090 seconds
[2024-07-06T16:31:37.629+0700] {processor.py:161} INFO - Started process (PID=61709) to work on /home/acer/.local/share/virtualenvs/custom_airflow-E5ZHcY_K/lib/python3.12/site-packages/airflow/example_dags/example_skip_dag.py
[2024-07-06T16:31:37.630+0700] {processor.py:830} INFO - Processing file /home/acer/.local/share/virtualenvs/custom_airflow-E5ZHcY_K/lib/python3.12/site-packages/airflow/example_dags/example_skip_dag.py for tasks to queue
[2024-07-06T16:31:37.632+0700] {logging_mixin.py:188} INFO - [2024-07-06T16:31:37.632+0700] {dagbag.py:545} INFO - Filling up the DagBag from /home/acer/.local/share/virtualenvs/custom_airflow-E5ZHcY_K/lib/python3.12/site-packages/airflow/example_dags/example_skip_dag.py
[2024-07-06T16:31:37.639+0700] {processor.py:840} INFO - DAG(s) 'example_skip_dag' retrieved from /home/acer/.local/share/virtualenvs/custom_airflow-E5ZHcY_K/lib/python3.12/site-packages/airflow/example_dags/example_skip_dag.py
[2024-07-06T16:31:37.657+0700] {logging_mixin.py:188} INFO - [2024-07-06T16:31:37.657+0700] {dag.py:3096} INFO - Sync 1 DAGs
[2024-07-06T16:31:37.677+0700] {logging_mixin.py:188} INFO - [2024-07-06T16:31:37.677+0700] {dag.py:3954} INFO - Setting next_dagrun for example_skip_dag to 2024-07-05 00:00:00+00:00, run_after=2024-07-06 00:00:00+00:00
[2024-07-06T16:31:37.699+0700] {processor.py:183} INFO - Processing /home/acer/.local/share/virtualenvs/custom_airflow-E5ZHcY_K/lib/python3.12/site-packages/airflow/example_dags/example_skip_dag.py took 0.075 seconds
[2024-07-06T16:32:23.722+0700] {processor.py:161} INFO - Started process (PID=61944) to work on /home/acer/.local/share/virtualenvs/custom_airflow-E5ZHcY_K/lib/python3.12/site-packages/airflow/example_dags/example_skip_dag.py
[2024-07-06T16:32:23.723+0700] {processor.py:830} INFO - Processing file /home/acer/.local/share/virtualenvs/custom_airflow-E5ZHcY_K/lib/python3.12/site-packages/airflow/example_dags/example_skip_dag.py for tasks to queue
[2024-07-06T16:32:23.726+0700] {logging_mixin.py:188} INFO - [2024-07-06T16:32:23.725+0700] {dagbag.py:545} INFO - Filling up the DagBag from /home/acer/.local/share/virtualenvs/custom_airflow-E5ZHcY_K/lib/python3.12/site-packages/airflow/example_dags/example_skip_dag.py
[2024-07-06T16:32:23.733+0700] {processor.py:840} INFO - DAG(s) 'example_skip_dag' retrieved from /home/acer/.local/share/virtualenvs/custom_airflow-E5ZHcY_K/lib/python3.12/site-packages/airflow/example_dags/example_skip_dag.py
[2024-07-06T16:32:23.750+0700] {logging_mixin.py:188} INFO - [2024-07-06T16:32:23.749+0700] {dag.py:3096} INFO - Sync 1 DAGs
[2024-07-06T16:32:23.770+0700] {logging_mixin.py:188} INFO - [2024-07-06T16:32:23.770+0700] {dag.py:3954} INFO - Setting next_dagrun for example_skip_dag to 2024-07-05 00:00:00+00:00, run_after=2024-07-06 00:00:00+00:00
[2024-07-06T16:32:23.790+0700] {processor.py:183} INFO - Processing /home/acer/.local/share/virtualenvs/custom_airflow-E5ZHcY_K/lib/python3.12/site-packages/airflow/example_dags/example_skip_dag.py took 0.074 seconds
[2024-07-06T16:33:13.935+0700] {processor.py:161} INFO - Started process (PID=62205) to work on /home/acer/.local/share/virtualenvs/custom_airflow-E5ZHcY_K/lib/python3.12/site-packages/airflow/example_dags/example_skip_dag.py
[2024-07-06T16:33:13.936+0700] {processor.py:830} INFO - Processing file /home/acer/.local/share/virtualenvs/custom_airflow-E5ZHcY_K/lib/python3.12/site-packages/airflow/example_dags/example_skip_dag.py for tasks to queue
[2024-07-06T16:33:13.938+0700] {logging_mixin.py:188} INFO - [2024-07-06T16:33:13.938+0700] {dagbag.py:545} INFO - Filling up the DagBag from /home/acer/.local/share/virtualenvs/custom_airflow-E5ZHcY_K/lib/python3.12/site-packages/airflow/example_dags/example_skip_dag.py
[2024-07-06T16:33:13.946+0700] {processor.py:840} INFO - DAG(s) 'example_skip_dag' retrieved from /home/acer/.local/share/virtualenvs/custom_airflow-E5ZHcY_K/lib/python3.12/site-packages/airflow/example_dags/example_skip_dag.py
[2024-07-06T16:33:13.962+0700] {logging_mixin.py:188} INFO - [2024-07-06T16:33:13.962+0700] {dag.py:3096} INFO - Sync 1 DAGs
[2024-07-06T16:33:13.982+0700] {logging_mixin.py:188} INFO - [2024-07-06T16:33:13.982+0700] {dag.py:3954} INFO - Setting next_dagrun for example_skip_dag to 2024-07-05 00:00:00+00:00, run_after=2024-07-06 00:00:00+00:00
[2024-07-06T16:33:14.003+0700] {processor.py:183} INFO - Processing /home/acer/.local/share/virtualenvs/custom_airflow-E5ZHcY_K/lib/python3.12/site-packages/airflow/example_dags/example_skip_dag.py took 0.077 seconds
[2024-07-06T16:34:00.347+0700] {processor.py:161} INFO - Started process (PID=62436) to work on /home/acer/.local/share/virtualenvs/custom_airflow-E5ZHcY_K/lib/python3.12/site-packages/airflow/example_dags/example_skip_dag.py
[2024-07-06T16:34:00.348+0700] {processor.py:830} INFO - Processing file /home/acer/.local/share/virtualenvs/custom_airflow-E5ZHcY_K/lib/python3.12/site-packages/airflow/example_dags/example_skip_dag.py for tasks to queue
[2024-07-06T16:34:00.349+0700] {logging_mixin.py:188} INFO - [2024-07-06T16:34:00.349+0700] {dagbag.py:545} INFO - Filling up the DagBag from /home/acer/.local/share/virtualenvs/custom_airflow-E5ZHcY_K/lib/python3.12/site-packages/airflow/example_dags/example_skip_dag.py
[2024-07-06T16:34:00.356+0700] {processor.py:840} INFO - DAG(s) 'example_skip_dag' retrieved from /home/acer/.local/share/virtualenvs/custom_airflow-E5ZHcY_K/lib/python3.12/site-packages/airflow/example_dags/example_skip_dag.py
[2024-07-06T16:34:00.372+0700] {logging_mixin.py:188} INFO - [2024-07-06T16:34:00.372+0700] {dag.py:3096} INFO - Sync 1 DAGs
[2024-07-06T16:34:00.393+0700] {logging_mixin.py:188} INFO - [2024-07-06T16:34:00.393+0700] {dag.py:3954} INFO - Setting next_dagrun for example_skip_dag to 2024-07-05 00:00:00+00:00, run_after=2024-07-06 00:00:00+00:00
[2024-07-06T16:34:00.414+0700] {processor.py:183} INFO - Processing /home/acer/.local/share/virtualenvs/custom_airflow-E5ZHcY_K/lib/python3.12/site-packages/airflow/example_dags/example_skip_dag.py took 0.072 seconds
[2024-07-06T16:34:47.121+0700] {processor.py:161} INFO - Started process (PID=62664) to work on /home/acer/.local/share/virtualenvs/custom_airflow-E5ZHcY_K/lib/python3.12/site-packages/airflow/example_dags/example_skip_dag.py
[2024-07-06T16:34:47.123+0700] {processor.py:830} INFO - Processing file /home/acer/.local/share/virtualenvs/custom_airflow-E5ZHcY_K/lib/python3.12/site-packages/airflow/example_dags/example_skip_dag.py for tasks to queue
[2024-07-06T16:34:47.127+0700] {logging_mixin.py:188} INFO - [2024-07-06T16:34:47.126+0700] {dagbag.py:545} INFO - Filling up the DagBag from /home/acer/.local/share/virtualenvs/custom_airflow-E5ZHcY_K/lib/python3.12/site-packages/airflow/example_dags/example_skip_dag.py
[2024-07-06T16:34:47.137+0700] {processor.py:840} INFO - DAG(s) 'example_skip_dag' retrieved from /home/acer/.local/share/virtualenvs/custom_airflow-E5ZHcY_K/lib/python3.12/site-packages/airflow/example_dags/example_skip_dag.py
[2024-07-06T16:34:47.155+0700] {logging_mixin.py:188} INFO - [2024-07-06T16:34:47.155+0700] {dag.py:3096} INFO - Sync 1 DAGs
[2024-07-06T16:34:47.175+0700] {logging_mixin.py:188} INFO - [2024-07-06T16:34:47.175+0700] {dag.py:3954} INFO - Setting next_dagrun for example_skip_dag to 2024-07-05 00:00:00+00:00, run_after=2024-07-06 00:00:00+00:00
[2024-07-06T16:34:47.196+0700] {processor.py:183} INFO - Processing /home/acer/.local/share/virtualenvs/custom_airflow-E5ZHcY_K/lib/python3.12/site-packages/airflow/example_dags/example_skip_dag.py took 0.088 seconds
[2024-07-06T16:35:36.089+0700] {processor.py:161} INFO - Started process (PID=62944) to work on /home/acer/.local/share/virtualenvs/custom_airflow-E5ZHcY_K/lib/python3.12/site-packages/airflow/example_dags/example_skip_dag.py
[2024-07-06T16:35:36.092+0700] {processor.py:830} INFO - Processing file /home/acer/.local/share/virtualenvs/custom_airflow-E5ZHcY_K/lib/python3.12/site-packages/airflow/example_dags/example_skip_dag.py for tasks to queue
[2024-07-06T16:35:36.096+0700] {logging_mixin.py:188} INFO - [2024-07-06T16:35:36.095+0700] {dagbag.py:545} INFO - Filling up the DagBag from /home/acer/.local/share/virtualenvs/custom_airflow-E5ZHcY_K/lib/python3.12/site-packages/airflow/example_dags/example_skip_dag.py
[2024-07-06T16:35:36.106+0700] {processor.py:840} INFO - DAG(s) 'example_skip_dag' retrieved from /home/acer/.local/share/virtualenvs/custom_airflow-E5ZHcY_K/lib/python3.12/site-packages/airflow/example_dags/example_skip_dag.py
[2024-07-06T16:35:36.124+0700] {logging_mixin.py:188} INFO - [2024-07-06T16:35:36.124+0700] {dag.py:3096} INFO - Sync 1 DAGs
[2024-07-06T16:35:36.144+0700] {logging_mixin.py:188} INFO - [2024-07-06T16:35:36.144+0700] {dag.py:3954} INFO - Setting next_dagrun for example_skip_dag to 2024-07-05 00:00:00+00:00, run_after=2024-07-06 00:00:00+00:00
[2024-07-06T16:35:36.165+0700] {processor.py:183} INFO - Processing /home/acer/.local/share/virtualenvs/custom_airflow-E5ZHcY_K/lib/python3.12/site-packages/airflow/example_dags/example_skip_dag.py took 0.095 seconds
[2024-07-06T16:36:24.637+0700] {processor.py:161} INFO - Started process (PID=63236) to work on /home/acer/.local/share/virtualenvs/custom_airflow-E5ZHcY_K/lib/python3.12/site-packages/airflow/example_dags/example_skip_dag.py
[2024-07-06T16:36:24.639+0700] {processor.py:830} INFO - Processing file /home/acer/.local/share/virtualenvs/custom_airflow-E5ZHcY_K/lib/python3.12/site-packages/airflow/example_dags/example_skip_dag.py for tasks to queue
[2024-07-06T16:36:24.642+0700] {logging_mixin.py:188} INFO - [2024-07-06T16:36:24.641+0700] {dagbag.py:545} INFO - Filling up the DagBag from /home/acer/.local/share/virtualenvs/custom_airflow-E5ZHcY_K/lib/python3.12/site-packages/airflow/example_dags/example_skip_dag.py
[2024-07-06T16:36:24.652+0700] {processor.py:840} INFO - DAG(s) 'example_skip_dag' retrieved from /home/acer/.local/share/virtualenvs/custom_airflow-E5ZHcY_K/lib/python3.12/site-packages/airflow/example_dags/example_skip_dag.py
[2024-07-06T16:36:24.677+0700] {logging_mixin.py:188} INFO - [2024-07-06T16:36:24.677+0700] {dag.py:3096} INFO - Sync 1 DAGs
[2024-07-06T16:36:24.706+0700] {logging_mixin.py:188} INFO - [2024-07-06T16:36:24.706+0700] {dag.py:3954} INFO - Setting next_dagrun for example_skip_dag to 2024-07-05 00:00:00+00:00, run_after=2024-07-06 00:00:00+00:00
[2024-07-06T16:36:24.732+0700] {processor.py:183} INFO - Processing /home/acer/.local/share/virtualenvs/custom_airflow-E5ZHcY_K/lib/python3.12/site-packages/airflow/example_dags/example_skip_dag.py took 0.118 seconds
[2024-07-06T21:54:31.243+0700] {processor.py:161} INFO - Started process (PID=11912) to work on /home/acer/.local/share/virtualenvs/custom_airflow-E5ZHcY_K/lib/python3.12/site-packages/airflow/example_dags/example_skip_dag.py
[2024-07-06T21:54:31.246+0700] {processor.py:830} INFO - Processing file /home/acer/.local/share/virtualenvs/custom_airflow-E5ZHcY_K/lib/python3.12/site-packages/airflow/example_dags/example_skip_dag.py for tasks to queue
[2024-07-06T21:54:31.251+0700] {logging_mixin.py:188} INFO - [2024-07-06T21:54:31.250+0700] {dagbag.py:545} INFO - Filling up the DagBag from /home/acer/.local/share/virtualenvs/custom_airflow-E5ZHcY_K/lib/python3.12/site-packages/airflow/example_dags/example_skip_dag.py
[2024-07-06T21:54:31.276+0700] {processor.py:840} INFO - DAG(s) 'example_skip_dag' retrieved from /home/acer/.local/share/virtualenvs/custom_airflow-E5ZHcY_K/lib/python3.12/site-packages/airflow/example_dags/example_skip_dag.py
[2024-07-06T21:54:31.313+0700] {logging_mixin.py:188} INFO - [2024-07-06T21:54:31.313+0700] {dag.py:3096} INFO - Sync 1 DAGs
[2024-07-06T21:54:31.337+0700] {logging_mixin.py:188} INFO - [2024-07-06T21:54:31.337+0700] {dag.py:3954} INFO - Setting next_dagrun for example_skip_dag to 2024-07-05 00:00:00+00:00, run_after=2024-07-06 00:00:00+00:00
[2024-07-06T21:54:31.370+0700] {processor.py:183} INFO - Processing /home/acer/.local/share/virtualenvs/custom_airflow-E5ZHcY_K/lib/python3.12/site-packages/airflow/example_dags/example_skip_dag.py took 0.148 seconds
[2024-07-06T21:55:28.266+0700] {processor.py:161} INFO - Started process (PID=12596) to work on /home/acer/.local/share/virtualenvs/custom_airflow-E5ZHcY_K/lib/python3.12/site-packages/airflow/example_dags/example_skip_dag.py
[2024-07-06T21:55:28.269+0700] {processor.py:830} INFO - Processing file /home/acer/.local/share/virtualenvs/custom_airflow-E5ZHcY_K/lib/python3.12/site-packages/airflow/example_dags/example_skip_dag.py for tasks to queue
[2024-07-06T21:55:28.276+0700] {logging_mixin.py:188} INFO - [2024-07-06T21:55:28.274+0700] {dagbag.py:545} INFO - Filling up the DagBag from /home/acer/.local/share/virtualenvs/custom_airflow-E5ZHcY_K/lib/python3.12/site-packages/airflow/example_dags/example_skip_dag.py
[2024-07-06T21:55:28.299+0700] {processor.py:840} INFO - DAG(s) 'example_skip_dag' retrieved from /home/acer/.local/share/virtualenvs/custom_airflow-E5ZHcY_K/lib/python3.12/site-packages/airflow/example_dags/example_skip_dag.py
[2024-07-06T21:55:28.344+0700] {logging_mixin.py:188} INFO - [2024-07-06T21:55:28.344+0700] {dag.py:3096} INFO - Sync 1 DAGs
[2024-07-06T21:55:28.369+0700] {logging_mixin.py:188} INFO - [2024-07-06T21:55:28.369+0700] {dag.py:3954} INFO - Setting next_dagrun for example_skip_dag to 2024-07-05 00:00:00+00:00, run_after=2024-07-06 00:00:00+00:00
[2024-07-06T21:55:28.390+0700] {processor.py:183} INFO - Processing /home/acer/.local/share/virtualenvs/custom_airflow-E5ZHcY_K/lib/python3.12/site-packages/airflow/example_dags/example_skip_dag.py took 0.143 seconds
[2024-07-06T21:56:22.216+0700] {processor.py:161} INFO - Started process (PID=13125) to work on /home/acer/.local/share/virtualenvs/custom_airflow-E5ZHcY_K/lib/python3.12/site-packages/airflow/example_dags/example_skip_dag.py
[2024-07-06T21:56:22.218+0700] {processor.py:830} INFO - Processing file /home/acer/.local/share/virtualenvs/custom_airflow-E5ZHcY_K/lib/python3.12/site-packages/airflow/example_dags/example_skip_dag.py for tasks to queue
[2024-07-06T21:56:22.221+0700] {logging_mixin.py:188} INFO - [2024-07-06T21:56:22.220+0700] {dagbag.py:545} INFO - Filling up the DagBag from /home/acer/.local/share/virtualenvs/custom_airflow-E5ZHcY_K/lib/python3.12/site-packages/airflow/example_dags/example_skip_dag.py
[2024-07-06T21:56:22.230+0700] {processor.py:840} INFO - DAG(s) 'example_skip_dag' retrieved from /home/acer/.local/share/virtualenvs/custom_airflow-E5ZHcY_K/lib/python3.12/site-packages/airflow/example_dags/example_skip_dag.py
[2024-07-06T21:56:22.257+0700] {logging_mixin.py:188} INFO - [2024-07-06T21:56:22.256+0700] {dag.py:3096} INFO - Sync 1 DAGs
[2024-07-06T21:56:22.289+0700] {logging_mixin.py:188} INFO - [2024-07-06T21:56:22.289+0700] {dag.py:3954} INFO - Setting next_dagrun for example_skip_dag to 2024-07-05 00:00:00+00:00, run_after=2024-07-06 00:00:00+00:00
[2024-07-06T21:56:22.312+0700] {processor.py:183} INFO - Processing /home/acer/.local/share/virtualenvs/custom_airflow-E5ZHcY_K/lib/python3.12/site-packages/airflow/example_dags/example_skip_dag.py took 0.113 seconds
[2024-07-06T21:57:13.007+0700] {processor.py:161} INFO - Started process (PID=13682) to work on /home/acer/.local/share/virtualenvs/custom_airflow-E5ZHcY_K/lib/python3.12/site-packages/airflow/example_dags/example_skip_dag.py
[2024-07-06T21:57:13.010+0700] {processor.py:830} INFO - Processing file /home/acer/.local/share/virtualenvs/custom_airflow-E5ZHcY_K/lib/python3.12/site-packages/airflow/example_dags/example_skip_dag.py for tasks to queue
[2024-07-06T21:57:13.015+0700] {logging_mixin.py:188} INFO - [2024-07-06T21:57:13.014+0700] {dagbag.py:545} INFO - Filling up the DagBag from /home/acer/.local/share/virtualenvs/custom_airflow-E5ZHcY_K/lib/python3.12/site-packages/airflow/example_dags/example_skip_dag.py
[2024-07-06T21:57:13.030+0700] {processor.py:840} INFO - DAG(s) 'example_skip_dag' retrieved from /home/acer/.local/share/virtualenvs/custom_airflow-E5ZHcY_K/lib/python3.12/site-packages/airflow/example_dags/example_skip_dag.py
[2024-07-06T21:57:13.054+0700] {logging_mixin.py:188} INFO - [2024-07-06T21:57:13.054+0700] {dag.py:3096} INFO - Sync 1 DAGs
[2024-07-06T21:57:13.084+0700] {logging_mixin.py:188} INFO - [2024-07-06T21:57:13.083+0700] {dag.py:3954} INFO - Setting next_dagrun for example_skip_dag to 2024-07-05 00:00:00+00:00, run_after=2024-07-06 00:00:00+00:00
[2024-07-06T21:57:13.111+0700] {processor.py:183} INFO - Processing /home/acer/.local/share/virtualenvs/custom_airflow-E5ZHcY_K/lib/python3.12/site-packages/airflow/example_dags/example_skip_dag.py took 0.133 seconds
[2024-07-06T21:58:07.587+0700] {processor.py:161} INFO - Started process (PID=14112) to work on /home/acer/.local/share/virtualenvs/custom_airflow-E5ZHcY_K/lib/python3.12/site-packages/airflow/example_dags/example_skip_dag.py
[2024-07-06T21:58:07.590+0700] {processor.py:830} INFO - Processing file /home/acer/.local/share/virtualenvs/custom_airflow-E5ZHcY_K/lib/python3.12/site-packages/airflow/example_dags/example_skip_dag.py for tasks to queue
[2024-07-06T21:58:07.596+0700] {logging_mixin.py:188} INFO - [2024-07-06T21:58:07.595+0700] {dagbag.py:545} INFO - Filling up the DagBag from /home/acer/.local/share/virtualenvs/custom_airflow-E5ZHcY_K/lib/python3.12/site-packages/airflow/example_dags/example_skip_dag.py
[2024-07-06T21:58:07.615+0700] {processor.py:840} INFO - DAG(s) 'example_skip_dag' retrieved from /home/acer/.local/share/virtualenvs/custom_airflow-E5ZHcY_K/lib/python3.12/site-packages/airflow/example_dags/example_skip_dag.py
[2024-07-06T21:58:07.639+0700] {logging_mixin.py:188} INFO - [2024-07-06T21:58:07.638+0700] {dag.py:3096} INFO - Sync 1 DAGs
[2024-07-06T21:58:07.661+0700] {logging_mixin.py:188} INFO - [2024-07-06T21:58:07.661+0700] {dag.py:3954} INFO - Setting next_dagrun for example_skip_dag to 2024-07-05 00:00:00+00:00, run_after=2024-07-06 00:00:00+00:00
[2024-07-06T21:58:07.683+0700] {processor.py:183} INFO - Processing /home/acer/.local/share/virtualenvs/custom_airflow-E5ZHcY_K/lib/python3.12/site-packages/airflow/example_dags/example_skip_dag.py took 0.115 seconds
[2024-07-06T21:58:58.786+0700] {processor.py:161} INFO - Started process (PID=14345) to work on /home/acer/.local/share/virtualenvs/custom_airflow-E5ZHcY_K/lib/python3.12/site-packages/airflow/example_dags/example_skip_dag.py
[2024-07-06T21:58:58.787+0700] {processor.py:830} INFO - Processing file /home/acer/.local/share/virtualenvs/custom_airflow-E5ZHcY_K/lib/python3.12/site-packages/airflow/example_dags/example_skip_dag.py for tasks to queue
[2024-07-06T21:58:58.790+0700] {logging_mixin.py:188} INFO - [2024-07-06T21:58:58.789+0700] {dagbag.py:545} INFO - Filling up the DagBag from /home/acer/.local/share/virtualenvs/custom_airflow-E5ZHcY_K/lib/python3.12/site-packages/airflow/example_dags/example_skip_dag.py
[2024-07-06T21:58:58.797+0700] {processor.py:840} INFO - DAG(s) 'example_skip_dag' retrieved from /home/acer/.local/share/virtualenvs/custom_airflow-E5ZHcY_K/lib/python3.12/site-packages/airflow/example_dags/example_skip_dag.py
[2024-07-06T21:58:58.815+0700] {logging_mixin.py:188} INFO - [2024-07-06T21:58:58.815+0700] {dag.py:3096} INFO - Sync 1 DAGs
[2024-07-06T21:58:58.839+0700] {logging_mixin.py:188} INFO - [2024-07-06T21:58:58.838+0700] {dag.py:3954} INFO - Setting next_dagrun for example_skip_dag to 2024-07-05 00:00:00+00:00, run_after=2024-07-06 00:00:00+00:00
[2024-07-06T21:58:58.865+0700] {processor.py:183} INFO - Processing /home/acer/.local/share/virtualenvs/custom_airflow-E5ZHcY_K/lib/python3.12/site-packages/airflow/example_dags/example_skip_dag.py took 0.089 seconds
[2024-07-06T21:59:47.927+0700] {processor.py:161} INFO - Started process (PID=14690) to work on /home/acer/.local/share/virtualenvs/custom_airflow-E5ZHcY_K/lib/python3.12/site-packages/airflow/example_dags/example_skip_dag.py
[2024-07-06T21:59:47.929+0700] {processor.py:830} INFO - Processing file /home/acer/.local/share/virtualenvs/custom_airflow-E5ZHcY_K/lib/python3.12/site-packages/airflow/example_dags/example_skip_dag.py for tasks to queue
[2024-07-06T21:59:47.932+0700] {logging_mixin.py:188} INFO - [2024-07-06T21:59:47.932+0700] {dagbag.py:545} INFO - Filling up the DagBag from /home/acer/.local/share/virtualenvs/custom_airflow-E5ZHcY_K/lib/python3.12/site-packages/airflow/example_dags/example_skip_dag.py
[2024-07-06T21:59:47.946+0700] {processor.py:840} INFO - DAG(s) 'example_skip_dag' retrieved from /home/acer/.local/share/virtualenvs/custom_airflow-E5ZHcY_K/lib/python3.12/site-packages/airflow/example_dags/example_skip_dag.py
[2024-07-06T21:59:47.969+0700] {logging_mixin.py:188} INFO - [2024-07-06T21:59:47.969+0700] {dag.py:3096} INFO - Sync 1 DAGs
[2024-07-06T21:59:48.002+0700] {logging_mixin.py:188} INFO - [2024-07-06T21:59:48.002+0700] {dag.py:3954} INFO - Setting next_dagrun for example_skip_dag to 2024-07-05 00:00:00+00:00, run_after=2024-07-06 00:00:00+00:00
[2024-07-06T21:59:48.041+0700] {processor.py:183} INFO - Processing /home/acer/.local/share/virtualenvs/custom_airflow-E5ZHcY_K/lib/python3.12/site-packages/airflow/example_dags/example_skip_dag.py took 0.127 seconds
[2024-07-06T22:00:41.268+0700] {processor.py:161} INFO - Started process (PID=14993) to work on /home/acer/.local/share/virtualenvs/custom_airflow-E5ZHcY_K/lib/python3.12/site-packages/airflow/example_dags/example_skip_dag.py
[2024-07-06T22:00:41.269+0700] {processor.py:830} INFO - Processing file /home/acer/.local/share/virtualenvs/custom_airflow-E5ZHcY_K/lib/python3.12/site-packages/airflow/example_dags/example_skip_dag.py for tasks to queue
[2024-07-06T22:00:41.272+0700] {logging_mixin.py:188} INFO - [2024-07-06T22:00:41.271+0700] {dagbag.py:545} INFO - Filling up the DagBag from /home/acer/.local/share/virtualenvs/custom_airflow-E5ZHcY_K/lib/python3.12/site-packages/airflow/example_dags/example_skip_dag.py
[2024-07-06T22:00:41.280+0700] {processor.py:840} INFO - DAG(s) 'example_skip_dag' retrieved from /home/acer/.local/share/virtualenvs/custom_airflow-E5ZHcY_K/lib/python3.12/site-packages/airflow/example_dags/example_skip_dag.py
[2024-07-06T22:00:41.298+0700] {logging_mixin.py:188} INFO - [2024-07-06T22:00:41.298+0700] {dag.py:3096} INFO - Sync 1 DAGs
[2024-07-06T22:00:41.319+0700] {logging_mixin.py:188} INFO - [2024-07-06T22:00:41.319+0700] {dag.py:3954} INFO - Setting next_dagrun for example_skip_dag to 2024-07-05 00:00:00+00:00, run_after=2024-07-06 00:00:00+00:00
[2024-07-06T22:00:41.341+0700] {processor.py:183} INFO - Processing /home/acer/.local/share/virtualenvs/custom_airflow-E5ZHcY_K/lib/python3.12/site-packages/airflow/example_dags/example_skip_dag.py took 0.080 seconds
[2024-07-06T22:02:14.944+0700] {processor.py:161} INFO - Started process (PID=16044) to work on /home/acer/.local/share/virtualenvs/custom_airflow-E5ZHcY_K/lib/python3.12/site-packages/airflow/example_dags/example_skip_dag.py
[2024-07-06T22:02:14.945+0700] {processor.py:830} INFO - Processing file /home/acer/.local/share/virtualenvs/custom_airflow-E5ZHcY_K/lib/python3.12/site-packages/airflow/example_dags/example_skip_dag.py for tasks to queue
[2024-07-06T22:02:14.948+0700] {logging_mixin.py:188} INFO - [2024-07-06T22:02:14.947+0700] {dagbag.py:545} INFO - Filling up the DagBag from /home/acer/.local/share/virtualenvs/custom_airflow-E5ZHcY_K/lib/python3.12/site-packages/airflow/example_dags/example_skip_dag.py
[2024-07-06T22:02:14.957+0700] {processor.py:840} INFO - DAG(s) 'example_skip_dag' retrieved from /home/acer/.local/share/virtualenvs/custom_airflow-E5ZHcY_K/lib/python3.12/site-packages/airflow/example_dags/example_skip_dag.py
[2024-07-06T22:02:14.976+0700] {logging_mixin.py:188} INFO - [2024-07-06T22:02:14.975+0700] {dag.py:3096} INFO - Sync 1 DAGs
[2024-07-06T22:02:14.996+0700] {logging_mixin.py:188} INFO - [2024-07-06T22:02:14.996+0700] {dag.py:3954} INFO - Setting next_dagrun for example_skip_dag to 2024-07-05 00:00:00+00:00, run_after=2024-07-06 00:00:00+00:00
[2024-07-06T22:02:15.018+0700] {processor.py:183} INFO - Processing /home/acer/.local/share/virtualenvs/custom_airflow-E5ZHcY_K/lib/python3.12/site-packages/airflow/example_dags/example_skip_dag.py took 0.082 seconds
[2024-07-06T22:03:10.462+0700] {processor.py:161} INFO - Started process (PID=16391) to work on /home/acer/.local/share/virtualenvs/custom_airflow-E5ZHcY_K/lib/python3.12/site-packages/airflow/example_dags/example_skip_dag.py
[2024-07-06T22:03:10.466+0700] {processor.py:830} INFO - Processing file /home/acer/.local/share/virtualenvs/custom_airflow-E5ZHcY_K/lib/python3.12/site-packages/airflow/example_dags/example_skip_dag.py for tasks to queue
[2024-07-06T22:03:10.474+0700] {logging_mixin.py:188} INFO - [2024-07-06T22:03:10.472+0700] {dagbag.py:545} INFO - Filling up the DagBag from /home/acer/.local/share/virtualenvs/custom_airflow-E5ZHcY_K/lib/python3.12/site-packages/airflow/example_dags/example_skip_dag.py
[2024-07-06T22:03:10.492+0700] {processor.py:840} INFO - DAG(s) 'example_skip_dag' retrieved from /home/acer/.local/share/virtualenvs/custom_airflow-E5ZHcY_K/lib/python3.12/site-packages/airflow/example_dags/example_skip_dag.py
[2024-07-06T22:03:10.517+0700] {logging_mixin.py:188} INFO - [2024-07-06T22:03:10.516+0700] {dag.py:3096} INFO - Sync 1 DAGs
[2024-07-06T22:03:10.542+0700] {logging_mixin.py:188} INFO - [2024-07-06T22:03:10.542+0700] {dag.py:3954} INFO - Setting next_dagrun for example_skip_dag to 2024-07-05 00:00:00+00:00, run_after=2024-07-06 00:00:00+00:00
[2024-07-06T22:03:10.567+0700] {processor.py:183} INFO - Processing /home/acer/.local/share/virtualenvs/custom_airflow-E5ZHcY_K/lib/python3.12/site-packages/airflow/example_dags/example_skip_dag.py took 0.137 seconds
[2024-07-06T22:04:00.785+0700] {processor.py:161} INFO - Started process (PID=16631) to work on /home/acer/.local/share/virtualenvs/custom_airflow-E5ZHcY_K/lib/python3.12/site-packages/airflow/example_dags/example_skip_dag.py
[2024-07-06T22:04:00.786+0700] {processor.py:830} INFO - Processing file /home/acer/.local/share/virtualenvs/custom_airflow-E5ZHcY_K/lib/python3.12/site-packages/airflow/example_dags/example_skip_dag.py for tasks to queue
[2024-07-06T22:04:00.788+0700] {logging_mixin.py:188} INFO - [2024-07-06T22:04:00.788+0700] {dagbag.py:545} INFO - Filling up the DagBag from /home/acer/.local/share/virtualenvs/custom_airflow-E5ZHcY_K/lib/python3.12/site-packages/airflow/example_dags/example_skip_dag.py
[2024-07-06T22:04:00.795+0700] {processor.py:840} INFO - DAG(s) 'example_skip_dag' retrieved from /home/acer/.local/share/virtualenvs/custom_airflow-E5ZHcY_K/lib/python3.12/site-packages/airflow/example_dags/example_skip_dag.py
[2024-07-06T22:04:00.812+0700] {logging_mixin.py:188} INFO - [2024-07-06T22:04:00.811+0700] {dag.py:3096} INFO - Sync 1 DAGs
[2024-07-06T22:04:00.833+0700] {logging_mixin.py:188} INFO - [2024-07-06T22:04:00.832+0700] {dag.py:3954} INFO - Setting next_dagrun for example_skip_dag to 2024-07-05 00:00:00+00:00, run_after=2024-07-06 00:00:00+00:00
[2024-07-06T22:04:00.853+0700] {processor.py:183} INFO - Processing /home/acer/.local/share/virtualenvs/custom_airflow-E5ZHcY_K/lib/python3.12/site-packages/airflow/example_dags/example_skip_dag.py took 0.074 seconds
[2024-07-06T22:05:20.876+0700] {processor.py:161} INFO - Started process (PID=17649) to work on /home/acer/.local/share/virtualenvs/custom_airflow-E5ZHcY_K/lib/python3.12/site-packages/airflow/example_dags/example_skip_dag.py
[2024-07-06T22:05:20.877+0700] {processor.py:830} INFO - Processing file /home/acer/.local/share/virtualenvs/custom_airflow-E5ZHcY_K/lib/python3.12/site-packages/airflow/example_dags/example_skip_dag.py for tasks to queue
[2024-07-06T22:05:20.880+0700] {logging_mixin.py:188} INFO - [2024-07-06T22:05:20.879+0700] {dagbag.py:545} INFO - Filling up the DagBag from /home/acer/.local/share/virtualenvs/custom_airflow-E5ZHcY_K/lib/python3.12/site-packages/airflow/example_dags/example_skip_dag.py
[2024-07-06T22:05:20.890+0700] {processor.py:840} INFO - DAG(s) 'example_skip_dag' retrieved from /home/acer/.local/share/virtualenvs/custom_airflow-E5ZHcY_K/lib/python3.12/site-packages/airflow/example_dags/example_skip_dag.py
[2024-07-06T22:05:20.908+0700] {logging_mixin.py:188} INFO - [2024-07-06T22:05:20.908+0700] {dag.py:3096} INFO - Sync 1 DAGs
[2024-07-06T22:05:20.928+0700] {logging_mixin.py:188} INFO - [2024-07-06T22:05:20.928+0700] {dag.py:3954} INFO - Setting next_dagrun for example_skip_dag to 2024-07-05 00:00:00+00:00, run_after=2024-07-06 00:00:00+00:00
[2024-07-06T22:05:20.959+0700] {processor.py:183} INFO - Processing /home/acer/.local/share/virtualenvs/custom_airflow-E5ZHcY_K/lib/python3.12/site-packages/airflow/example_dags/example_skip_dag.py took 0.089 seconds
[2024-07-06T22:06:11.983+0700] {processor.py:161} INFO - Started process (PID=17903) to work on /home/acer/.local/share/virtualenvs/custom_airflow-E5ZHcY_K/lib/python3.12/site-packages/airflow/example_dags/example_skip_dag.py
[2024-07-06T22:06:11.984+0700] {processor.py:830} INFO - Processing file /home/acer/.local/share/virtualenvs/custom_airflow-E5ZHcY_K/lib/python3.12/site-packages/airflow/example_dags/example_skip_dag.py for tasks to queue
[2024-07-06T22:06:11.986+0700] {logging_mixin.py:188} INFO - [2024-07-06T22:06:11.986+0700] {dagbag.py:545} INFO - Filling up the DagBag from /home/acer/.local/share/virtualenvs/custom_airflow-E5ZHcY_K/lib/python3.12/site-packages/airflow/example_dags/example_skip_dag.py
[2024-07-06T22:06:11.992+0700] {processor.py:840} INFO - DAG(s) 'example_skip_dag' retrieved from /home/acer/.local/share/virtualenvs/custom_airflow-E5ZHcY_K/lib/python3.12/site-packages/airflow/example_dags/example_skip_dag.py
[2024-07-06T22:06:12.009+0700] {logging_mixin.py:188} INFO - [2024-07-06T22:06:12.009+0700] {dag.py:3096} INFO - Sync 1 DAGs
[2024-07-06T22:06:12.030+0700] {logging_mixin.py:188} INFO - [2024-07-06T22:06:12.030+0700] {dag.py:3954} INFO - Setting next_dagrun for example_skip_dag to 2024-07-05 00:00:00+00:00, run_after=2024-07-06 00:00:00+00:00
[2024-07-06T22:06:12.051+0700] {processor.py:183} INFO - Processing /home/acer/.local/share/virtualenvs/custom_airflow-E5ZHcY_K/lib/python3.12/site-packages/airflow/example_dags/example_skip_dag.py took 0.073 seconds
[2024-07-06T22:07:09.707+0700] {processor.py:161} INFO - Started process (PID=18409) to work on /home/acer/.local/share/virtualenvs/custom_airflow-E5ZHcY_K/lib/python3.12/site-packages/airflow/example_dags/example_skip_dag.py
[2024-07-06T22:07:09.710+0700] {processor.py:830} INFO - Processing file /home/acer/.local/share/virtualenvs/custom_airflow-E5ZHcY_K/lib/python3.12/site-packages/airflow/example_dags/example_skip_dag.py for tasks to queue
[2024-07-06T22:07:09.714+0700] {logging_mixin.py:188} INFO - [2024-07-06T22:07:09.713+0700] {dagbag.py:545} INFO - Filling up the DagBag from /home/acer/.local/share/virtualenvs/custom_airflow-E5ZHcY_K/lib/python3.12/site-packages/airflow/example_dags/example_skip_dag.py
[2024-07-06T22:07:09.728+0700] {processor.py:840} INFO - DAG(s) 'example_skip_dag' retrieved from /home/acer/.local/share/virtualenvs/custom_airflow-E5ZHcY_K/lib/python3.12/site-packages/airflow/example_dags/example_skip_dag.py
[2024-07-06T22:07:09.765+0700] {logging_mixin.py:188} INFO - [2024-07-06T22:07:09.764+0700] {dag.py:3096} INFO - Sync 1 DAGs
[2024-07-06T22:07:09.800+0700] {logging_mixin.py:188} INFO - [2024-07-06T22:07:09.800+0700] {dag.py:3954} INFO - Setting next_dagrun for example_skip_dag to 2024-07-05 00:00:00+00:00, run_after=2024-07-06 00:00:00+00:00
[2024-07-06T22:07:09.836+0700] {processor.py:183} INFO - Processing /home/acer/.local/share/virtualenvs/custom_airflow-E5ZHcY_K/lib/python3.12/site-packages/airflow/example_dags/example_skip_dag.py took 0.139 seconds
[2024-07-06T22:08:05.713+0700] {processor.py:161} INFO - Started process (PID=18754) to work on /home/acer/.local/share/virtualenvs/custom_airflow-E5ZHcY_K/lib/python3.12/site-packages/airflow/example_dags/example_skip_dag.py
[2024-07-06T22:08:05.715+0700] {processor.py:830} INFO - Processing file /home/acer/.local/share/virtualenvs/custom_airflow-E5ZHcY_K/lib/python3.12/site-packages/airflow/example_dags/example_skip_dag.py for tasks to queue
[2024-07-06T22:08:05.718+0700] {logging_mixin.py:188} INFO - [2024-07-06T22:08:05.717+0700] {dagbag.py:545} INFO - Filling up the DagBag from /home/acer/.local/share/virtualenvs/custom_airflow-E5ZHcY_K/lib/python3.12/site-packages/airflow/example_dags/example_skip_dag.py
[2024-07-06T22:08:05.727+0700] {processor.py:840} INFO - DAG(s) 'example_skip_dag' retrieved from /home/acer/.local/share/virtualenvs/custom_airflow-E5ZHcY_K/lib/python3.12/site-packages/airflow/example_dags/example_skip_dag.py
[2024-07-06T22:08:05.746+0700] {logging_mixin.py:188} INFO - [2024-07-06T22:08:05.746+0700] {dag.py:3096} INFO - Sync 1 DAGs
[2024-07-06T22:08:05.774+0700] {logging_mixin.py:188} INFO - [2024-07-06T22:08:05.773+0700] {dag.py:3954} INFO - Setting next_dagrun for example_skip_dag to 2024-07-05 00:00:00+00:00, run_after=2024-07-06 00:00:00+00:00
[2024-07-06T22:08:05.799+0700] {processor.py:183} INFO - Processing /home/acer/.local/share/virtualenvs/custom_airflow-E5ZHcY_K/lib/python3.12/site-packages/airflow/example_dags/example_skip_dag.py took 0.093 seconds
[2024-07-06T22:08:59.970+0700] {processor.py:161} INFO - Started process (PID=19026) to work on /home/acer/.local/share/virtualenvs/custom_airflow-E5ZHcY_K/lib/python3.12/site-packages/airflow/example_dags/example_skip_dag.py
[2024-07-06T22:08:59.972+0700] {processor.py:830} INFO - Processing file /home/acer/.local/share/virtualenvs/custom_airflow-E5ZHcY_K/lib/python3.12/site-packages/airflow/example_dags/example_skip_dag.py for tasks to queue
[2024-07-06T22:08:59.976+0700] {logging_mixin.py:188} INFO - [2024-07-06T22:08:59.975+0700] {dagbag.py:545} INFO - Filling up the DagBag from /home/acer/.local/share/virtualenvs/custom_airflow-E5ZHcY_K/lib/python3.12/site-packages/airflow/example_dags/example_skip_dag.py
[2024-07-06T22:08:59.997+0700] {processor.py:840} INFO - DAG(s) 'example_skip_dag' retrieved from /home/acer/.local/share/virtualenvs/custom_airflow-E5ZHcY_K/lib/python3.12/site-packages/airflow/example_dags/example_skip_dag.py
[2024-07-06T22:09:00.033+0700] {logging_mixin.py:188} INFO - [2024-07-06T22:09:00.032+0700] {dag.py:3096} INFO - Sync 1 DAGs
[2024-07-06T22:09:00.071+0700] {logging_mixin.py:188} INFO - [2024-07-06T22:09:00.070+0700] {dag.py:3954} INFO - Setting next_dagrun for example_skip_dag to 2024-07-05 00:00:00+00:00, run_after=2024-07-06 00:00:00+00:00
[2024-07-06T22:09:00.100+0700] {processor.py:183} INFO - Processing /home/acer/.local/share/virtualenvs/custom_airflow-E5ZHcY_K/lib/python3.12/site-packages/airflow/example_dags/example_skip_dag.py took 0.146 seconds
[2024-07-06T22:10:00.988+0700] {processor.py:161} INFO - Started process (PID=19369) to work on /home/acer/.local/share/virtualenvs/custom_airflow-E5ZHcY_K/lib/python3.12/site-packages/airflow/example_dags/example_skip_dag.py
[2024-07-06T22:10:00.991+0700] {processor.py:830} INFO - Processing file /home/acer/.local/share/virtualenvs/custom_airflow-E5ZHcY_K/lib/python3.12/site-packages/airflow/example_dags/example_skip_dag.py for tasks to queue
[2024-07-06T22:10:01.004+0700] {logging_mixin.py:188} INFO - [2024-07-06T22:10:01.003+0700] {dagbag.py:545} INFO - Filling up the DagBag from /home/acer/.local/share/virtualenvs/custom_airflow-E5ZHcY_K/lib/python3.12/site-packages/airflow/example_dags/example_skip_dag.py
[2024-07-06T22:10:01.018+0700] {processor.py:840} INFO - DAG(s) 'example_skip_dag' retrieved from /home/acer/.local/share/virtualenvs/custom_airflow-E5ZHcY_K/lib/python3.12/site-packages/airflow/example_dags/example_skip_dag.py
[2024-07-06T22:10:01.047+0700] {logging_mixin.py:188} INFO - [2024-07-06T22:10:01.047+0700] {dag.py:3096} INFO - Sync 1 DAGs
[2024-07-06T22:10:01.077+0700] {logging_mixin.py:188} INFO - [2024-07-06T22:10:01.077+0700] {dag.py:3954} INFO - Setting next_dagrun for example_skip_dag to 2024-07-05 00:00:00+00:00, run_after=2024-07-06 00:00:00+00:00
[2024-07-06T22:10:01.113+0700] {processor.py:183} INFO - Processing /home/acer/.local/share/virtualenvs/custom_airflow-E5ZHcY_K/lib/python3.12/site-packages/airflow/example_dags/example_skip_dag.py took 0.162 seconds
[2024-07-06T22:11:03.990+0700] {processor.py:161} INFO - Started process (PID=19759) to work on /home/acer/.local/share/virtualenvs/custom_airflow-E5ZHcY_K/lib/python3.12/site-packages/airflow/example_dags/example_skip_dag.py
[2024-07-06T22:11:03.991+0700] {processor.py:830} INFO - Processing file /home/acer/.local/share/virtualenvs/custom_airflow-E5ZHcY_K/lib/python3.12/site-packages/airflow/example_dags/example_skip_dag.py for tasks to queue
[2024-07-06T22:11:03.994+0700] {logging_mixin.py:188} INFO - [2024-07-06T22:11:03.993+0700] {dagbag.py:545} INFO - Filling up the DagBag from /home/acer/.local/share/virtualenvs/custom_airflow-E5ZHcY_K/lib/python3.12/site-packages/airflow/example_dags/example_skip_dag.py
[2024-07-06T22:11:04.004+0700] {processor.py:840} INFO - DAG(s) 'example_skip_dag' retrieved from /home/acer/.local/share/virtualenvs/custom_airflow-E5ZHcY_K/lib/python3.12/site-packages/airflow/example_dags/example_skip_dag.py
[2024-07-06T22:11:04.031+0700] {logging_mixin.py:188} INFO - [2024-07-06T22:11:04.031+0700] {dag.py:3096} INFO - Sync 1 DAGs
[2024-07-06T22:11:04.062+0700] {logging_mixin.py:188} INFO - [2024-07-06T22:11:04.062+0700] {dag.py:3954} INFO - Setting next_dagrun for example_skip_dag to 2024-07-05 00:00:00+00:00, run_after=2024-07-06 00:00:00+00:00
[2024-07-06T22:11:04.095+0700] {processor.py:183} INFO - Processing /home/acer/.local/share/virtualenvs/custom_airflow-E5ZHcY_K/lib/python3.12/site-packages/airflow/example_dags/example_skip_dag.py took 0.110 seconds
[2024-07-06T22:12:05.919+0700] {processor.py:161} INFO - Started process (PID=20063) to work on /home/acer/.local/share/virtualenvs/custom_airflow-E5ZHcY_K/lib/python3.12/site-packages/airflow/example_dags/example_skip_dag.py
[2024-07-06T22:12:05.921+0700] {processor.py:830} INFO - Processing file /home/acer/.local/share/virtualenvs/custom_airflow-E5ZHcY_K/lib/python3.12/site-packages/airflow/example_dags/example_skip_dag.py for tasks to queue
[2024-07-06T22:12:05.923+0700] {logging_mixin.py:188} INFO - [2024-07-06T22:12:05.923+0700] {dagbag.py:545} INFO - Filling up the DagBag from /home/acer/.local/share/virtualenvs/custom_airflow-E5ZHcY_K/lib/python3.12/site-packages/airflow/example_dags/example_skip_dag.py
[2024-07-06T22:12:05.934+0700] {processor.py:840} INFO - DAG(s) 'example_skip_dag' retrieved from /home/acer/.local/share/virtualenvs/custom_airflow-E5ZHcY_K/lib/python3.12/site-packages/airflow/example_dags/example_skip_dag.py
[2024-07-06T22:12:05.961+0700] {logging_mixin.py:188} INFO - [2024-07-06T22:12:05.961+0700] {dag.py:3096} INFO - Sync 1 DAGs
[2024-07-06T22:12:05.996+0700] {logging_mixin.py:188} INFO - [2024-07-06T22:12:05.996+0700] {dag.py:3954} INFO - Setting next_dagrun for example_skip_dag to 2024-07-05 00:00:00+00:00, run_after=2024-07-06 00:00:00+00:00
[2024-07-06T22:12:06.022+0700] {processor.py:183} INFO - Processing /home/acer/.local/share/virtualenvs/custom_airflow-E5ZHcY_K/lib/python3.12/site-packages/airflow/example_dags/example_skip_dag.py took 0.112 seconds
[2024-07-06T22:13:04.222+0700] {processor.py:161} INFO - Started process (PID=20408) to work on /home/acer/.local/share/virtualenvs/custom_airflow-E5ZHcY_K/lib/python3.12/site-packages/airflow/example_dags/example_skip_dag.py
[2024-07-06T22:13:04.224+0700] {processor.py:830} INFO - Processing file /home/acer/.local/share/virtualenvs/custom_airflow-E5ZHcY_K/lib/python3.12/site-packages/airflow/example_dags/example_skip_dag.py for tasks to queue
[2024-07-06T22:13:04.227+0700] {logging_mixin.py:188} INFO - [2024-07-06T22:13:04.226+0700] {dagbag.py:545} INFO - Filling up the DagBag from /home/acer/.local/share/virtualenvs/custom_airflow-E5ZHcY_K/lib/python3.12/site-packages/airflow/example_dags/example_skip_dag.py
[2024-07-06T22:13:04.237+0700] {processor.py:840} INFO - DAG(s) 'example_skip_dag' retrieved from /home/acer/.local/share/virtualenvs/custom_airflow-E5ZHcY_K/lib/python3.12/site-packages/airflow/example_dags/example_skip_dag.py
[2024-07-06T22:13:04.261+0700] {logging_mixin.py:188} INFO - [2024-07-06T22:13:04.261+0700] {dag.py:3096} INFO - Sync 1 DAGs
[2024-07-06T22:13:04.290+0700] {logging_mixin.py:188} INFO - [2024-07-06T22:13:04.290+0700] {dag.py:3954} INFO - Setting next_dagrun for example_skip_dag to 2024-07-05 00:00:00+00:00, run_after=2024-07-06 00:00:00+00:00
[2024-07-06T22:13:04.329+0700] {processor.py:183} INFO - Processing /home/acer/.local/share/virtualenvs/custom_airflow-E5ZHcY_K/lib/python3.12/site-packages/airflow/example_dags/example_skip_dag.py took 0.116 seconds
[2024-07-06T22:14:05.678+0700] {processor.py:161} INFO - Started process (PID=20755) to work on /home/acer/.local/share/virtualenvs/custom_airflow-E5ZHcY_K/lib/python3.12/site-packages/airflow/example_dags/example_skip_dag.py
[2024-07-06T22:14:05.681+0700] {processor.py:830} INFO - Processing file /home/acer/.local/share/virtualenvs/custom_airflow-E5ZHcY_K/lib/python3.12/site-packages/airflow/example_dags/example_skip_dag.py for tasks to queue
[2024-07-06T22:14:05.684+0700] {logging_mixin.py:188} INFO - [2024-07-06T22:14:05.683+0700] {dagbag.py:545} INFO - Filling up the DagBag from /home/acer/.local/share/virtualenvs/custom_airflow-E5ZHcY_K/lib/python3.12/site-packages/airflow/example_dags/example_skip_dag.py
[2024-07-06T22:14:05.696+0700] {processor.py:840} INFO - DAG(s) 'example_skip_dag' retrieved from /home/acer/.local/share/virtualenvs/custom_airflow-E5ZHcY_K/lib/python3.12/site-packages/airflow/example_dags/example_skip_dag.py
[2024-07-06T22:14:05.715+0700] {logging_mixin.py:188} INFO - [2024-07-06T22:14:05.714+0700] {dag.py:3096} INFO - Sync 1 DAGs
[2024-07-06T22:14:05.738+0700] {logging_mixin.py:188} INFO - [2024-07-06T22:14:05.738+0700] {dag.py:3954} INFO - Setting next_dagrun for example_skip_dag to 2024-07-05 00:00:00+00:00, run_after=2024-07-06 00:00:00+00:00
[2024-07-06T22:14:05.767+0700] {processor.py:183} INFO - Processing /home/acer/.local/share/virtualenvs/custom_airflow-E5ZHcY_K/lib/python3.12/site-packages/airflow/example_dags/example_skip_dag.py took 0.103 seconds
[2024-07-06T22:15:08.601+0700] {processor.py:161} INFO - Started process (PID=21105) to work on /home/acer/.local/share/virtualenvs/custom_airflow-E5ZHcY_K/lib/python3.12/site-packages/airflow/example_dags/example_skip_dag.py
[2024-07-06T22:15:08.606+0700] {processor.py:830} INFO - Processing file /home/acer/.local/share/virtualenvs/custom_airflow-E5ZHcY_K/lib/python3.12/site-packages/airflow/example_dags/example_skip_dag.py for tasks to queue
[2024-07-06T22:15:08.608+0700] {logging_mixin.py:188} INFO - [2024-07-06T22:15:08.607+0700] {dagbag.py:545} INFO - Filling up the DagBag from /home/acer/.local/share/virtualenvs/custom_airflow-E5ZHcY_K/lib/python3.12/site-packages/airflow/example_dags/example_skip_dag.py
[2024-07-06T22:15:08.615+0700] {processor.py:840} INFO - DAG(s) 'example_skip_dag' retrieved from /home/acer/.local/share/virtualenvs/custom_airflow-E5ZHcY_K/lib/python3.12/site-packages/airflow/example_dags/example_skip_dag.py
[2024-07-06T22:15:08.637+0700] {logging_mixin.py:188} INFO - [2024-07-06T22:15:08.637+0700] {dag.py:3096} INFO - Sync 1 DAGs
[2024-07-06T22:15:08.670+0700] {logging_mixin.py:188} INFO - [2024-07-06T22:15:08.669+0700] {dag.py:3954} INFO - Setting next_dagrun for example_skip_dag to 2024-07-05 00:00:00+00:00, run_after=2024-07-06 00:00:00+00:00
[2024-07-06T22:15:08.700+0700] {processor.py:183} INFO - Processing /home/acer/.local/share/virtualenvs/custom_airflow-E5ZHcY_K/lib/python3.12/site-packages/airflow/example_dags/example_skip_dag.py took 0.106 seconds
[2024-07-06T22:16:08.467+0700] {processor.py:161} INFO - Started process (PID=21485) to work on /home/acer/.local/share/virtualenvs/custom_airflow-E5ZHcY_K/lib/python3.12/site-packages/airflow/example_dags/example_skip_dag.py
[2024-07-06T22:16:08.471+0700] {processor.py:830} INFO - Processing file /home/acer/.local/share/virtualenvs/custom_airflow-E5ZHcY_K/lib/python3.12/site-packages/airflow/example_dags/example_skip_dag.py for tasks to queue
[2024-07-06T22:16:08.473+0700] {logging_mixin.py:188} INFO - [2024-07-06T22:16:08.473+0700] {dagbag.py:545} INFO - Filling up the DagBag from /home/acer/.local/share/virtualenvs/custom_airflow-E5ZHcY_K/lib/python3.12/site-packages/airflow/example_dags/example_skip_dag.py
[2024-07-06T22:16:08.483+0700] {processor.py:840} INFO - DAG(s) 'example_skip_dag' retrieved from /home/acer/.local/share/virtualenvs/custom_airflow-E5ZHcY_K/lib/python3.12/site-packages/airflow/example_dags/example_skip_dag.py
[2024-07-06T22:16:08.507+0700] {logging_mixin.py:188} INFO - [2024-07-06T22:16:08.507+0700] {dag.py:3096} INFO - Sync 1 DAGs
[2024-07-06T22:16:08.535+0700] {logging_mixin.py:188} INFO - [2024-07-06T22:16:08.534+0700] {dag.py:3954} INFO - Setting next_dagrun for example_skip_dag to 2024-07-05 00:00:00+00:00, run_after=2024-07-06 00:00:00+00:00
[2024-07-06T22:16:08.562+0700] {processor.py:183} INFO - Processing /home/acer/.local/share/virtualenvs/custom_airflow-E5ZHcY_K/lib/python3.12/site-packages/airflow/example_dags/example_skip_dag.py took 0.107 seconds
[2024-07-06T22:17:02.998+0700] {processor.py:161} INFO - Started process (PID=21776) to work on /home/acer/.local/share/virtualenvs/custom_airflow-E5ZHcY_K/lib/python3.12/site-packages/airflow/example_dags/example_skip_dag.py
[2024-07-06T22:17:02.999+0700] {processor.py:830} INFO - Processing file /home/acer/.local/share/virtualenvs/custom_airflow-E5ZHcY_K/lib/python3.12/site-packages/airflow/example_dags/example_skip_dag.py for tasks to queue
[2024-07-06T22:17:03.002+0700] {logging_mixin.py:188} INFO - [2024-07-06T22:17:03.001+0700] {dagbag.py:545} INFO - Filling up the DagBag from /home/acer/.local/share/virtualenvs/custom_airflow-E5ZHcY_K/lib/python3.12/site-packages/airflow/example_dags/example_skip_dag.py
[2024-07-06T22:17:03.013+0700] {processor.py:840} INFO - DAG(s) 'example_skip_dag' retrieved from /home/acer/.local/share/virtualenvs/custom_airflow-E5ZHcY_K/lib/python3.12/site-packages/airflow/example_dags/example_skip_dag.py
[2024-07-06T22:17:03.041+0700] {logging_mixin.py:188} INFO - [2024-07-06T22:17:03.040+0700] {dag.py:3096} INFO - Sync 1 DAGs
[2024-07-06T22:17:03.083+0700] {logging_mixin.py:188} INFO - [2024-07-06T22:17:03.082+0700] {dag.py:3954} INFO - Setting next_dagrun for example_skip_dag to 2024-07-05 00:00:00+00:00, run_after=2024-07-06 00:00:00+00:00
[2024-07-06T22:17:03.113+0700] {processor.py:183} INFO - Processing /home/acer/.local/share/virtualenvs/custom_airflow-E5ZHcY_K/lib/python3.12/site-packages/airflow/example_dags/example_skip_dag.py took 0.124 seconds
[2024-07-06T22:18:05.907+0700] {processor.py:161} INFO - Started process (PID=22122) to work on /home/acer/.local/share/virtualenvs/custom_airflow-E5ZHcY_K/lib/python3.12/site-packages/airflow/example_dags/example_skip_dag.py
[2024-07-06T22:18:05.914+0700] {processor.py:830} INFO - Processing file /home/acer/.local/share/virtualenvs/custom_airflow-E5ZHcY_K/lib/python3.12/site-packages/airflow/example_dags/example_skip_dag.py for tasks to queue
[2024-07-06T22:18:05.923+0700] {logging_mixin.py:188} INFO - [2024-07-06T22:18:05.921+0700] {dagbag.py:545} INFO - Filling up the DagBag from /home/acer/.local/share/virtualenvs/custom_airflow-E5ZHcY_K/lib/python3.12/site-packages/airflow/example_dags/example_skip_dag.py
[2024-07-06T22:18:05.957+0700] {processor.py:840} INFO - DAG(s) 'example_skip_dag' retrieved from /home/acer/.local/share/virtualenvs/custom_airflow-E5ZHcY_K/lib/python3.12/site-packages/airflow/example_dags/example_skip_dag.py
[2024-07-06T22:18:06.004+0700] {logging_mixin.py:188} INFO - [2024-07-06T22:18:06.003+0700] {dag.py:3096} INFO - Sync 1 DAGs
[2024-07-06T22:18:06.037+0700] {logging_mixin.py:188} INFO - [2024-07-06T22:18:06.036+0700] {dag.py:3954} INFO - Setting next_dagrun for example_skip_dag to 2024-07-05 00:00:00+00:00, run_after=2024-07-06 00:00:00+00:00
[2024-07-06T22:18:06.064+0700] {processor.py:183} INFO - Processing /home/acer/.local/share/virtualenvs/custom_airflow-E5ZHcY_K/lib/python3.12/site-packages/airflow/example_dags/example_skip_dag.py took 0.183 seconds
[2024-07-06T22:19:09.076+0700] {processor.py:161} INFO - Started process (PID=22442) to work on /home/acer/.local/share/virtualenvs/custom_airflow-E5ZHcY_K/lib/python3.12/site-packages/airflow/example_dags/example_skip_dag.py
[2024-07-06T22:19:09.078+0700] {processor.py:830} INFO - Processing file /home/acer/.local/share/virtualenvs/custom_airflow-E5ZHcY_K/lib/python3.12/site-packages/airflow/example_dags/example_skip_dag.py for tasks to queue
[2024-07-06T22:19:09.082+0700] {logging_mixin.py:188} INFO - [2024-07-06T22:19:09.081+0700] {dagbag.py:545} INFO - Filling up the DagBag from /home/acer/.local/share/virtualenvs/custom_airflow-E5ZHcY_K/lib/python3.12/site-packages/airflow/example_dags/example_skip_dag.py
[2024-07-06T22:19:09.091+0700] {processor.py:840} INFO - DAG(s) 'example_skip_dag' retrieved from /home/acer/.local/share/virtualenvs/custom_airflow-E5ZHcY_K/lib/python3.12/site-packages/airflow/example_dags/example_skip_dag.py
[2024-07-06T22:19:09.114+0700] {logging_mixin.py:188} INFO - [2024-07-06T22:19:09.114+0700] {dag.py:3096} INFO - Sync 1 DAGs
[2024-07-06T22:19:09.138+0700] {logging_mixin.py:188} INFO - [2024-07-06T22:19:09.138+0700] {dag.py:3954} INFO - Setting next_dagrun for example_skip_dag to 2024-07-05 00:00:00+00:00, run_after=2024-07-06 00:00:00+00:00
[2024-07-06T22:19:09.270+0700] {processor.py:183} INFO - Processing /home/acer/.local/share/virtualenvs/custom_airflow-E5ZHcY_K/lib/python3.12/site-packages/airflow/example_dags/example_skip_dag.py took 0.209 seconds
[2024-07-06T22:20:11.393+0700] {processor.py:161} INFO - Started process (PID=22788) to work on /home/acer/.local/share/virtualenvs/custom_airflow-E5ZHcY_K/lib/python3.12/site-packages/airflow/example_dags/example_skip_dag.py
[2024-07-06T22:20:11.395+0700] {processor.py:830} INFO - Processing file /home/acer/.local/share/virtualenvs/custom_airflow-E5ZHcY_K/lib/python3.12/site-packages/airflow/example_dags/example_skip_dag.py for tasks to queue
[2024-07-06T22:20:11.400+0700] {logging_mixin.py:188} INFO - [2024-07-06T22:20:11.399+0700] {dagbag.py:545} INFO - Filling up the DagBag from /home/acer/.local/share/virtualenvs/custom_airflow-E5ZHcY_K/lib/python3.12/site-packages/airflow/example_dags/example_skip_dag.py
[2024-07-06T22:20:11.414+0700] {processor.py:840} INFO - DAG(s) 'example_skip_dag' retrieved from /home/acer/.local/share/virtualenvs/custom_airflow-E5ZHcY_K/lib/python3.12/site-packages/airflow/example_dags/example_skip_dag.py
[2024-07-06T22:20:11.442+0700] {logging_mixin.py:188} INFO - [2024-07-06T22:20:11.441+0700] {dag.py:3096} INFO - Sync 1 DAGs
[2024-07-06T22:20:11.468+0700] {logging_mixin.py:188} INFO - [2024-07-06T22:20:11.468+0700] {dag.py:3954} INFO - Setting next_dagrun for example_skip_dag to 2024-07-05 00:00:00+00:00, run_after=2024-07-06 00:00:00+00:00
[2024-07-06T22:20:11.516+0700] {processor.py:183} INFO - Processing /home/acer/.local/share/virtualenvs/custom_airflow-E5ZHcY_K/lib/python3.12/site-packages/airflow/example_dags/example_skip_dag.py took 0.140 seconds
[2024-07-06T22:21:12.776+0700] {processor.py:161} INFO - Started process (PID=23161) to work on /home/acer/.local/share/virtualenvs/custom_airflow-E5ZHcY_K/lib/python3.12/site-packages/airflow/example_dags/example_skip_dag.py
[2024-07-06T22:21:12.779+0700] {processor.py:830} INFO - Processing file /home/acer/.local/share/virtualenvs/custom_airflow-E5ZHcY_K/lib/python3.12/site-packages/airflow/example_dags/example_skip_dag.py for tasks to queue
[2024-07-06T22:21:12.784+0700] {logging_mixin.py:188} INFO - [2024-07-06T22:21:12.782+0700] {dagbag.py:545} INFO - Filling up the DagBag from /home/acer/.local/share/virtualenvs/custom_airflow-E5ZHcY_K/lib/python3.12/site-packages/airflow/example_dags/example_skip_dag.py
[2024-07-06T22:21:12.796+0700] {processor.py:840} INFO - DAG(s) 'example_skip_dag' retrieved from /home/acer/.local/share/virtualenvs/custom_airflow-E5ZHcY_K/lib/python3.12/site-packages/airflow/example_dags/example_skip_dag.py
[2024-07-06T22:21:12.816+0700] {logging_mixin.py:188} INFO - [2024-07-06T22:21:12.816+0700] {dag.py:3096} INFO - Sync 1 DAGs
[2024-07-06T22:21:12.839+0700] {logging_mixin.py:188} INFO - [2024-07-06T22:21:12.838+0700] {dag.py:3954} INFO - Setting next_dagrun for example_skip_dag to 2024-07-05 00:00:00+00:00, run_after=2024-07-06 00:00:00+00:00
[2024-07-06T22:21:12.864+0700] {processor.py:183} INFO - Processing /home/acer/.local/share/virtualenvs/custom_airflow-E5ZHcY_K/lib/python3.12/site-packages/airflow/example_dags/example_skip_dag.py took 0.112 seconds
