[2024-07-06T16:09:17.429+0700] {processor.py:161} INFO - Started process (PID=51391) to work on /home/acer/.local/share/virtualenvs/custom_airflow-E5ZHcY_K/lib/python3.12/site-packages/airflow/example_dags/example_latest_only_with_trigger.py
[2024-07-06T16:09:17.430+0700] {processor.py:830} INFO - Processing file /home/acer/.local/share/virtualenvs/custom_airflow-E5ZHcY_K/lib/python3.12/site-packages/airflow/example_dags/example_latest_only_with_trigger.py for tasks to queue
[2024-07-06T16:09:17.433+0700] {logging_mixin.py:188} INFO - [2024-07-06T16:09:17.432+0700] {dagbag.py:545} INFO - Filling up the DagBag from /home/acer/.local/share/virtualenvs/custom_airflow-E5ZHcY_K/lib/python3.12/site-packages/airflow/example_dags/example_latest_only_with_trigger.py
[2024-07-06T16:09:17.445+0700] {processor.py:840} INFO - DAG(s) 'latest_only_with_trigger' retrieved from /home/acer/.local/share/virtualenvs/custom_airflow-E5ZHcY_K/lib/python3.12/site-packages/airflow/example_dags/example_latest_only_with_trigger.py
[2024-07-06T16:09:17.616+0700] {logging_mixin.py:188} INFO - [2024-07-06T16:09:17.615+0700] {override.py:1847} INFO - Created Permission View: can delete on DAG:latest_only_with_trigger
[2024-07-06T16:09:17.634+0700] {logging_mixin.py:188} INFO - [2024-07-06T16:09:17.633+0700] {override.py:1847} INFO - Created Permission View: can edit on DAG:latest_only_with_trigger
[2024-07-06T16:09:17.648+0700] {logging_mixin.py:188} INFO - [2024-07-06T16:09:17.647+0700] {override.py:1847} INFO - Created Permission View: can read on DAG:latest_only_with_trigger
[2024-07-06T16:09:17.648+0700] {logging_mixin.py:188} INFO - [2024-07-06T16:09:17.648+0700] {dag.py:3096} INFO - Sync 1 DAGs
[2024-07-06T16:09:17.666+0700] {logging_mixin.py:188} INFO - [2024-07-06T16:09:17.666+0700] {dag.py:3118} INFO - Creating ORM DAG for latest_only_with_trigger
[2024-07-06T16:09:17.679+0700] {logging_mixin.py:188} INFO - [2024-07-06T16:09:17.679+0700] {dag.py:3954} INFO - Setting next_dagrun for latest_only_with_trigger to 2024-07-06 04:00:00+00:00, run_after=2024-07-06 08:00:00+00:00
[2024-07-06T16:09:17.714+0700] {processor.py:183} INFO - Processing /home/acer/.local/share/virtualenvs/custom_airflow-E5ZHcY_K/lib/python3.12/site-packages/airflow/example_dags/example_latest_only_with_trigger.py took 0.295 seconds
[2024-07-06T16:10:14.726+0700] {processor.py:161} INFO - Started process (PID=51702) to work on /home/acer/.local/share/virtualenvs/custom_airflow-E5ZHcY_K/lib/python3.12/site-packages/airflow/example_dags/example_latest_only_with_trigger.py
[2024-07-06T16:10:14.727+0700] {processor.py:830} INFO - Processing file /home/acer/.local/share/virtualenvs/custom_airflow-E5ZHcY_K/lib/python3.12/site-packages/airflow/example_dags/example_latest_only_with_trigger.py for tasks to queue
[2024-07-06T16:10:14.729+0700] {logging_mixin.py:188} INFO - [2024-07-06T16:10:14.728+0700] {dagbag.py:545} INFO - Filling up the DagBag from /home/acer/.local/share/virtualenvs/custom_airflow-E5ZHcY_K/lib/python3.12/site-packages/airflow/example_dags/example_latest_only_with_trigger.py
[2024-07-06T16:10:14.736+0700] {processor.py:840} INFO - DAG(s) 'latest_only_with_trigger' retrieved from /home/acer/.local/share/virtualenvs/custom_airflow-E5ZHcY_K/lib/python3.12/site-packages/airflow/example_dags/example_latest_only_with_trigger.py
[2024-07-06T16:10:14.756+0700] {logging_mixin.py:188} INFO - [2024-07-06T16:10:14.756+0700] {dag.py:3096} INFO - Sync 1 DAGs
[2024-07-06T16:10:14.780+0700] {logging_mixin.py:188} INFO - [2024-07-06T16:10:14.780+0700] {dag.py:3954} INFO - Setting next_dagrun for latest_only_with_trigger to 2024-07-06 04:00:00+00:00, run_after=2024-07-06 08:00:00+00:00
[2024-07-06T16:10:14.809+0700] {processor.py:183} INFO - Processing /home/acer/.local/share/virtualenvs/custom_airflow-E5ZHcY_K/lib/python3.12/site-packages/airflow/example_dags/example_latest_only_with_trigger.py took 0.089 seconds
[2024-07-06T16:11:07.526+0700] {processor.py:161} INFO - Started process (PID=52353) to work on /home/acer/.local/share/virtualenvs/custom_airflow-E5ZHcY_K/lib/python3.12/site-packages/airflow/example_dags/example_latest_only_with_trigger.py
[2024-07-06T16:11:07.527+0700] {processor.py:830} INFO - Processing file /home/acer/.local/share/virtualenvs/custom_airflow-E5ZHcY_K/lib/python3.12/site-packages/airflow/example_dags/example_latest_only_with_trigger.py for tasks to queue
[2024-07-06T16:11:07.528+0700] {logging_mixin.py:188} INFO - [2024-07-06T16:11:07.528+0700] {dagbag.py:545} INFO - Filling up the DagBag from /home/acer/.local/share/virtualenvs/custom_airflow-E5ZHcY_K/lib/python3.12/site-packages/airflow/example_dags/example_latest_only_with_trigger.py
[2024-07-06T16:11:07.534+0700] {processor.py:840} INFO - DAG(s) 'latest_only_with_trigger' retrieved from /home/acer/.local/share/virtualenvs/custom_airflow-E5ZHcY_K/lib/python3.12/site-packages/airflow/example_dags/example_latest_only_with_trigger.py
[2024-07-06T16:11:07.552+0700] {logging_mixin.py:188} INFO - [2024-07-06T16:11:07.552+0700] {dag.py:3096} INFO - Sync 1 DAGs
[2024-07-06T16:11:07.572+0700] {logging_mixin.py:188} INFO - [2024-07-06T16:11:07.571+0700] {dag.py:3954} INFO - Setting next_dagrun for latest_only_with_trigger to 2024-07-06 04:00:00+00:00, run_after=2024-07-06 08:00:00+00:00
[2024-07-06T16:11:07.596+0700] {processor.py:183} INFO - Processing /home/acer/.local/share/virtualenvs/custom_airflow-E5ZHcY_K/lib/python3.12/site-packages/airflow/example_dags/example_latest_only_with_trigger.py took 0.074 seconds
[2024-07-06T16:16:07.578+0700] {processor.py:161} INFO - Started process (PID=54965) to work on /home/acer/.local/share/virtualenvs/custom_airflow-E5ZHcY_K/lib/python3.12/site-packages/airflow/example_dags/example_latest_only_with_trigger.py
[2024-07-06T16:16:07.580+0700] {processor.py:830} INFO - Processing file /home/acer/.local/share/virtualenvs/custom_airflow-E5ZHcY_K/lib/python3.12/site-packages/airflow/example_dags/example_latest_only_with_trigger.py for tasks to queue
[2024-07-06T16:16:07.585+0700] {logging_mixin.py:188} INFO - [2024-07-06T16:16:07.584+0700] {dagbag.py:545} INFO - Filling up the DagBag from /home/acer/.local/share/virtualenvs/custom_airflow-E5ZHcY_K/lib/python3.12/site-packages/airflow/example_dags/example_latest_only_with_trigger.py
[2024-07-06T16:16:07.596+0700] {processor.py:840} INFO - DAG(s) 'latest_only_with_trigger' retrieved from /home/acer/.local/share/virtualenvs/custom_airflow-E5ZHcY_K/lib/python3.12/site-packages/airflow/example_dags/example_latest_only_with_trigger.py
[2024-07-06T16:16:07.711+0700] {logging_mixin.py:188} INFO - [2024-07-06T16:16:07.711+0700] {dag.py:3096} INFO - Sync 1 DAGs
[2024-07-06T16:16:07.729+0700] {logging_mixin.py:188} INFO - [2024-07-06T16:16:07.729+0700] {dag.py:3954} INFO - Setting next_dagrun for latest_only_with_trigger to 2024-07-06 04:00:00+00:00, run_after=2024-07-06 08:00:00+00:00
[2024-07-06T16:16:07.750+0700] {processor.py:183} INFO - Processing /home/acer/.local/share/virtualenvs/custom_airflow-E5ZHcY_K/lib/python3.12/site-packages/airflow/example_dags/example_latest_only_with_trigger.py took 0.186 seconds
[2024-07-06T16:17:04.936+0700] {processor.py:161} INFO - Started process (PID=55497) to work on /home/acer/.local/share/virtualenvs/custom_airflow-E5ZHcY_K/lib/python3.12/site-packages/airflow/example_dags/example_latest_only_with_trigger.py
[2024-07-06T16:17:04.939+0700] {processor.py:830} INFO - Processing file /home/acer/.local/share/virtualenvs/custom_airflow-E5ZHcY_K/lib/python3.12/site-packages/airflow/example_dags/example_latest_only_with_trigger.py for tasks to queue
[2024-07-06T16:17:04.943+0700] {logging_mixin.py:188} INFO - [2024-07-06T16:17:04.942+0700] {dagbag.py:545} INFO - Filling up the DagBag from /home/acer/.local/share/virtualenvs/custom_airflow-E5ZHcY_K/lib/python3.12/site-packages/airflow/example_dags/example_latest_only_with_trigger.py
[2024-07-06T16:17:04.952+0700] {processor.py:840} INFO - DAG(s) 'latest_only_with_trigger' retrieved from /home/acer/.local/share/virtualenvs/custom_airflow-E5ZHcY_K/lib/python3.12/site-packages/airflow/example_dags/example_latest_only_with_trigger.py
[2024-07-06T16:17:04.969+0700] {logging_mixin.py:188} INFO - [2024-07-06T16:17:04.969+0700] {dag.py:3096} INFO - Sync 1 DAGs
[2024-07-06T16:17:04.989+0700] {logging_mixin.py:188} INFO - [2024-07-06T16:17:04.989+0700] {dag.py:3954} INFO - Setting next_dagrun for latest_only_with_trigger to 2024-07-06 04:00:00+00:00, run_after=2024-07-06 08:00:00+00:00
[2024-07-06T16:17:05.010+0700] {processor.py:183} INFO - Processing /home/acer/.local/share/virtualenvs/custom_airflow-E5ZHcY_K/lib/python3.12/site-packages/airflow/example_dags/example_latest_only_with_trigger.py took 0.092 seconds
[2024-07-06T16:17:58.470+0700] {processor.py:161} INFO - Started process (PID=55851) to work on /home/acer/.local/share/virtualenvs/custom_airflow-E5ZHcY_K/lib/python3.12/site-packages/airflow/example_dags/example_latest_only_with_trigger.py
[2024-07-06T16:17:58.472+0700] {processor.py:830} INFO - Processing file /home/acer/.local/share/virtualenvs/custom_airflow-E5ZHcY_K/lib/python3.12/site-packages/airflow/example_dags/example_latest_only_with_trigger.py for tasks to queue
[2024-07-06T16:17:58.475+0700] {logging_mixin.py:188} INFO - [2024-07-06T16:17:58.474+0700] {dagbag.py:545} INFO - Filling up the DagBag from /home/acer/.local/share/virtualenvs/custom_airflow-E5ZHcY_K/lib/python3.12/site-packages/airflow/example_dags/example_latest_only_with_trigger.py
[2024-07-06T16:17:58.484+0700] {processor.py:840} INFO - DAG(s) 'latest_only_with_trigger' retrieved from /home/acer/.local/share/virtualenvs/custom_airflow-E5ZHcY_K/lib/python3.12/site-packages/airflow/example_dags/example_latest_only_with_trigger.py
[2024-07-06T16:17:58.507+0700] {logging_mixin.py:188} INFO - [2024-07-06T16:17:58.507+0700] {dag.py:3096} INFO - Sync 1 DAGs
[2024-07-06T16:17:58.535+0700] {logging_mixin.py:188} INFO - [2024-07-06T16:17:58.535+0700] {dag.py:3954} INFO - Setting next_dagrun for latest_only_with_trigger to 2024-07-06 04:00:00+00:00, run_after=2024-07-06 08:00:00+00:00
[2024-07-06T16:17:58.557+0700] {processor.py:183} INFO - Processing /home/acer/.local/share/virtualenvs/custom_airflow-E5ZHcY_K/lib/python3.12/site-packages/airflow/example_dags/example_latest_only_with_trigger.py took 0.096 seconds
[2024-07-06T16:18:49.815+0700] {processor.py:161} INFO - Started process (PID=56112) to work on /home/acer/.local/share/virtualenvs/custom_airflow-E5ZHcY_K/lib/python3.12/site-packages/airflow/example_dags/example_latest_only_with_trigger.py
[2024-07-06T16:18:49.817+0700] {processor.py:830} INFO - Processing file /home/acer/.local/share/virtualenvs/custom_airflow-E5ZHcY_K/lib/python3.12/site-packages/airflow/example_dags/example_latest_only_with_trigger.py for tasks to queue
[2024-07-06T16:18:49.821+0700] {logging_mixin.py:188} INFO - [2024-07-06T16:18:49.820+0700] {dagbag.py:545} INFO - Filling up the DagBag from /home/acer/.local/share/virtualenvs/custom_airflow-E5ZHcY_K/lib/python3.12/site-packages/airflow/example_dags/example_latest_only_with_trigger.py
[2024-07-06T16:18:49.831+0700] {processor.py:840} INFO - DAG(s) 'latest_only_with_trigger' retrieved from /home/acer/.local/share/virtualenvs/custom_airflow-E5ZHcY_K/lib/python3.12/site-packages/airflow/example_dags/example_latest_only_with_trigger.py
[2024-07-06T16:18:49.848+0700] {logging_mixin.py:188} INFO - [2024-07-06T16:18:49.848+0700] {dag.py:3096} INFO - Sync 1 DAGs
[2024-07-06T16:18:49.868+0700] {logging_mixin.py:188} INFO - [2024-07-06T16:18:49.868+0700] {dag.py:3954} INFO - Setting next_dagrun for latest_only_with_trigger to 2024-07-06 04:00:00+00:00, run_after=2024-07-06 08:00:00+00:00
[2024-07-06T16:18:49.891+0700] {processor.py:183} INFO - Processing /home/acer/.local/share/virtualenvs/custom_airflow-E5ZHcY_K/lib/python3.12/site-packages/airflow/example_dags/example_latest_only_with_trigger.py took 0.089 seconds
[2024-07-06T16:19:44.853+0700] {processor.py:161} INFO - Started process (PID=56742) to work on /home/acer/.local/share/virtualenvs/custom_airflow-E5ZHcY_K/lib/python3.12/site-packages/airflow/example_dags/example_latest_only_with_trigger.py
[2024-07-06T16:19:44.855+0700] {processor.py:830} INFO - Processing file /home/acer/.local/share/virtualenvs/custom_airflow-E5ZHcY_K/lib/python3.12/site-packages/airflow/example_dags/example_latest_only_with_trigger.py for tasks to queue
[2024-07-06T16:19:44.857+0700] {logging_mixin.py:188} INFO - [2024-07-06T16:19:44.857+0700] {dagbag.py:545} INFO - Filling up the DagBag from /home/acer/.local/share/virtualenvs/custom_airflow-E5ZHcY_K/lib/python3.12/site-packages/airflow/example_dags/example_latest_only_with_trigger.py
[2024-07-06T16:19:44.863+0700] {processor.py:840} INFO - DAG(s) 'latest_only_with_trigger' retrieved from /home/acer/.local/share/virtualenvs/custom_airflow-E5ZHcY_K/lib/python3.12/site-packages/airflow/example_dags/example_latest_only_with_trigger.py
[2024-07-06T16:19:44.880+0700] {logging_mixin.py:188} INFO - [2024-07-06T16:19:44.879+0700] {dag.py:3096} INFO - Sync 1 DAGs
[2024-07-06T16:19:44.900+0700] {logging_mixin.py:188} INFO - [2024-07-06T16:19:44.900+0700] {dag.py:3954} INFO - Setting next_dagrun for latest_only_with_trigger to 2024-07-06 04:00:00+00:00, run_after=2024-07-06 08:00:00+00:00
[2024-07-06T16:19:44.921+0700] {processor.py:183} INFO - Processing /home/acer/.local/share/virtualenvs/custom_airflow-E5ZHcY_K/lib/python3.12/site-packages/airflow/example_dags/example_latest_only_with_trigger.py took 0.075 seconds
[2024-07-06T16:20:43.186+0700] {processor.py:161} INFO - Started process (PID=57193) to work on /home/acer/.local/share/virtualenvs/custom_airflow-E5ZHcY_K/lib/python3.12/site-packages/airflow/example_dags/example_latest_only_with_trigger.py
[2024-07-06T16:20:43.188+0700] {processor.py:830} INFO - Processing file /home/acer/.local/share/virtualenvs/custom_airflow-E5ZHcY_K/lib/python3.12/site-packages/airflow/example_dags/example_latest_only_with_trigger.py for tasks to queue
[2024-07-06T16:20:43.192+0700] {logging_mixin.py:188} INFO - [2024-07-06T16:20:43.191+0700] {dagbag.py:545} INFO - Filling up the DagBag from /home/acer/.local/share/virtualenvs/custom_airflow-E5ZHcY_K/lib/python3.12/site-packages/airflow/example_dags/example_latest_only_with_trigger.py
[2024-07-06T16:20:43.201+0700] {processor.py:840} INFO - DAG(s) 'latest_only_with_trigger' retrieved from /home/acer/.local/share/virtualenvs/custom_airflow-E5ZHcY_K/lib/python3.12/site-packages/airflow/example_dags/example_latest_only_with_trigger.py
[2024-07-06T16:20:43.221+0700] {logging_mixin.py:188} INFO - [2024-07-06T16:20:43.220+0700] {dag.py:3096} INFO - Sync 1 DAGs
[2024-07-06T16:20:43.242+0700] {logging_mixin.py:188} INFO - [2024-07-06T16:20:43.242+0700] {dag.py:3954} INFO - Setting next_dagrun for latest_only_with_trigger to 2024-07-06 04:00:00+00:00, run_after=2024-07-06 08:00:00+00:00
[2024-07-06T16:20:43.269+0700] {processor.py:183} INFO - Processing /home/acer/.local/share/virtualenvs/custom_airflow-E5ZHcY_K/lib/python3.12/site-packages/airflow/example_dags/example_latest_only_with_trigger.py took 0.106 seconds
[2024-07-06T16:21:34.232+0700] {processor.py:161} INFO - Started process (PID=57600) to work on /home/acer/.local/share/virtualenvs/custom_airflow-E5ZHcY_K/lib/python3.12/site-packages/airflow/example_dags/example_latest_only_with_trigger.py
[2024-07-06T16:21:34.233+0700] {processor.py:830} INFO - Processing file /home/acer/.local/share/virtualenvs/custom_airflow-E5ZHcY_K/lib/python3.12/site-packages/airflow/example_dags/example_latest_only_with_trigger.py for tasks to queue
[2024-07-06T16:21:34.235+0700] {logging_mixin.py:188} INFO - [2024-07-06T16:21:34.235+0700] {dagbag.py:545} INFO - Filling up the DagBag from /home/acer/.local/share/virtualenvs/custom_airflow-E5ZHcY_K/lib/python3.12/site-packages/airflow/example_dags/example_latest_only_with_trigger.py
[2024-07-06T16:21:34.241+0700] {processor.py:840} INFO - DAG(s) 'latest_only_with_trigger' retrieved from /home/acer/.local/share/virtualenvs/custom_airflow-E5ZHcY_K/lib/python3.12/site-packages/airflow/example_dags/example_latest_only_with_trigger.py
[2024-07-06T16:21:34.258+0700] {logging_mixin.py:188} INFO - [2024-07-06T16:21:34.258+0700] {dag.py:3096} INFO - Sync 1 DAGs
[2024-07-06T16:21:34.285+0700] {logging_mixin.py:188} INFO - [2024-07-06T16:21:34.284+0700] {dag.py:3954} INFO - Setting next_dagrun for latest_only_with_trigger to 2024-07-06 04:00:00+00:00, run_after=2024-07-06 08:00:00+00:00
[2024-07-06T16:21:34.307+0700] {processor.py:183} INFO - Processing /home/acer/.local/share/virtualenvs/custom_airflow-E5ZHcY_K/lib/python3.12/site-packages/airflow/example_dags/example_latest_only_with_trigger.py took 0.082 seconds
[2024-07-06T16:22:22.905+0700] {processor.py:161} INFO - Started process (PID=57927) to work on /home/acer/.local/share/virtualenvs/custom_airflow-E5ZHcY_K/lib/python3.12/site-packages/airflow/example_dags/example_latest_only_with_trigger.py
[2024-07-06T16:22:22.907+0700] {processor.py:830} INFO - Processing file /home/acer/.local/share/virtualenvs/custom_airflow-E5ZHcY_K/lib/python3.12/site-packages/airflow/example_dags/example_latest_only_with_trigger.py for tasks to queue
[2024-07-06T16:22:22.909+0700] {logging_mixin.py:188} INFO - [2024-07-06T16:22:22.908+0700] {dagbag.py:545} INFO - Filling up the DagBag from /home/acer/.local/share/virtualenvs/custom_airflow-E5ZHcY_K/lib/python3.12/site-packages/airflow/example_dags/example_latest_only_with_trigger.py
[2024-07-06T16:22:22.918+0700] {processor.py:840} INFO - DAG(s) 'latest_only_with_trigger' retrieved from /home/acer/.local/share/virtualenvs/custom_airflow-E5ZHcY_K/lib/python3.12/site-packages/airflow/example_dags/example_latest_only_with_trigger.py
[2024-07-06T16:22:22.940+0700] {logging_mixin.py:188} INFO - [2024-07-06T16:22:22.939+0700] {dag.py:3096} INFO - Sync 1 DAGs
[2024-07-06T16:22:22.964+0700] {logging_mixin.py:188} INFO - [2024-07-06T16:22:22.964+0700] {dag.py:3954} INFO - Setting next_dagrun for latest_only_with_trigger to 2024-07-06 04:00:00+00:00, run_after=2024-07-06 08:00:00+00:00
[2024-07-06T16:22:22.984+0700] {processor.py:183} INFO - Processing /home/acer/.local/share/virtualenvs/custom_airflow-E5ZHcY_K/lib/python3.12/site-packages/airflow/example_dags/example_latest_only_with_trigger.py took 0.092 seconds
[2024-07-06T16:23:14.473+0700] {processor.py:161} INFO - Started process (PID=58298) to work on /home/acer/.local/share/virtualenvs/custom_airflow-E5ZHcY_K/lib/python3.12/site-packages/airflow/example_dags/example_latest_only_with_trigger.py
[2024-07-06T16:23:14.474+0700] {processor.py:830} INFO - Processing file /home/acer/.local/share/virtualenvs/custom_airflow-E5ZHcY_K/lib/python3.12/site-packages/airflow/example_dags/example_latest_only_with_trigger.py for tasks to queue
[2024-07-06T16:23:14.477+0700] {logging_mixin.py:188} INFO - [2024-07-06T16:23:14.476+0700] {dagbag.py:545} INFO - Filling up the DagBag from /home/acer/.local/share/virtualenvs/custom_airflow-E5ZHcY_K/lib/python3.12/site-packages/airflow/example_dags/example_latest_only_with_trigger.py
[2024-07-06T16:23:14.484+0700] {processor.py:840} INFO - DAG(s) 'latest_only_with_trigger' retrieved from /home/acer/.local/share/virtualenvs/custom_airflow-E5ZHcY_K/lib/python3.12/site-packages/airflow/example_dags/example_latest_only_with_trigger.py
[2024-07-06T16:23:14.504+0700] {logging_mixin.py:188} INFO - [2024-07-06T16:23:14.504+0700] {dag.py:3096} INFO - Sync 1 DAGs
[2024-07-06T16:23:14.529+0700] {logging_mixin.py:188} INFO - [2024-07-06T16:23:14.528+0700] {dag.py:3954} INFO - Setting next_dagrun for latest_only_with_trigger to 2024-07-06 04:00:00+00:00, run_after=2024-07-06 08:00:00+00:00
[2024-07-06T16:23:14.550+0700] {processor.py:183} INFO - Processing /home/acer/.local/share/virtualenvs/custom_airflow-E5ZHcY_K/lib/python3.12/site-packages/airflow/example_dags/example_latest_only_with_trigger.py took 0.083 seconds
[2024-07-06T16:24:32.524+0700] {processor.py:161} INFO - Started process (PID=59358) to work on /home/acer/.local/share/virtualenvs/custom_airflow-E5ZHcY_K/lib/python3.12/site-packages/airflow/example_dags/example_latest_only_with_trigger.py
[2024-07-06T16:24:32.525+0700] {processor.py:830} INFO - Processing file /home/acer/.local/share/virtualenvs/custom_airflow-E5ZHcY_K/lib/python3.12/site-packages/airflow/example_dags/example_latest_only_with_trigger.py for tasks to queue
[2024-07-06T16:24:32.527+0700] {logging_mixin.py:188} INFO - [2024-07-06T16:24:32.527+0700] {dagbag.py:545} INFO - Filling up the DagBag from /home/acer/.local/share/virtualenvs/custom_airflow-E5ZHcY_K/lib/python3.12/site-packages/airflow/example_dags/example_latest_only_with_trigger.py
[2024-07-06T16:24:32.534+0700] {processor.py:840} INFO - DAG(s) 'latest_only_with_trigger' retrieved from /home/acer/.local/share/virtualenvs/custom_airflow-E5ZHcY_K/lib/python3.12/site-packages/airflow/example_dags/example_latest_only_with_trigger.py
[2024-07-06T16:24:32.553+0700] {logging_mixin.py:188} INFO - [2024-07-06T16:24:32.552+0700] {dag.py:3096} INFO - Sync 1 DAGs
[2024-07-06T16:24:32.573+0700] {logging_mixin.py:188} INFO - [2024-07-06T16:24:32.573+0700] {dag.py:3954} INFO - Setting next_dagrun for latest_only_with_trigger to 2024-07-06 04:00:00+00:00, run_after=2024-07-06 08:00:00+00:00
[2024-07-06T16:24:32.594+0700] {processor.py:183} INFO - Processing /home/acer/.local/share/virtualenvs/custom_airflow-E5ZHcY_K/lib/python3.12/site-packages/airflow/example_dags/example_latest_only_with_trigger.py took 0.076 seconds
[2024-07-06T16:25:27.125+0700] {processor.py:161} INFO - Started process (PID=59711) to work on /home/acer/.local/share/virtualenvs/custom_airflow-E5ZHcY_K/lib/python3.12/site-packages/airflow/example_dags/example_latest_only_with_trigger.py
[2024-07-06T16:25:27.126+0700] {processor.py:830} INFO - Processing file /home/acer/.local/share/virtualenvs/custom_airflow-E5ZHcY_K/lib/python3.12/site-packages/airflow/example_dags/example_latest_only_with_trigger.py for tasks to queue
[2024-07-06T16:25:27.128+0700] {logging_mixin.py:188} INFO - [2024-07-06T16:25:27.128+0700] {dagbag.py:545} INFO - Filling up the DagBag from /home/acer/.local/share/virtualenvs/custom_airflow-E5ZHcY_K/lib/python3.12/site-packages/airflow/example_dags/example_latest_only_with_trigger.py
[2024-07-06T16:25:27.134+0700] {processor.py:840} INFO - DAG(s) 'latest_only_with_trigger' retrieved from /home/acer/.local/share/virtualenvs/custom_airflow-E5ZHcY_K/lib/python3.12/site-packages/airflow/example_dags/example_latest_only_with_trigger.py
[2024-07-06T16:25:27.150+0700] {logging_mixin.py:188} INFO - [2024-07-06T16:25:27.149+0700] {dag.py:3096} INFO - Sync 1 DAGs
[2024-07-06T16:25:27.170+0700] {logging_mixin.py:188} INFO - [2024-07-06T16:25:27.169+0700] {dag.py:3954} INFO - Setting next_dagrun for latest_only_with_trigger to 2024-07-06 04:00:00+00:00, run_after=2024-07-06 08:00:00+00:00
[2024-07-06T16:25:27.191+0700] {processor.py:183} INFO - Processing /home/acer/.local/share/virtualenvs/custom_airflow-E5ZHcY_K/lib/python3.12/site-packages/airflow/example_dags/example_latest_only_with_trigger.py took 0.073 seconds
[2024-07-06T16:26:23.950+0700] {processor.py:161} INFO - Started process (PID=60100) to work on /home/acer/.local/share/virtualenvs/custom_airflow-E5ZHcY_K/lib/python3.12/site-packages/airflow/example_dags/example_latest_only_with_trigger.py
[2024-07-06T16:26:23.952+0700] {processor.py:830} INFO - Processing file /home/acer/.local/share/virtualenvs/custom_airflow-E5ZHcY_K/lib/python3.12/site-packages/airflow/example_dags/example_latest_only_with_trigger.py for tasks to queue
[2024-07-06T16:26:23.956+0700] {logging_mixin.py:188} INFO - [2024-07-06T16:26:23.955+0700] {dagbag.py:545} INFO - Filling up the DagBag from /home/acer/.local/share/virtualenvs/custom_airflow-E5ZHcY_K/lib/python3.12/site-packages/airflow/example_dags/example_latest_only_with_trigger.py
[2024-07-06T16:26:23.964+0700] {processor.py:840} INFO - DAG(s) 'latest_only_with_trigger' retrieved from /home/acer/.local/share/virtualenvs/custom_airflow-E5ZHcY_K/lib/python3.12/site-packages/airflow/example_dags/example_latest_only_with_trigger.py
[2024-07-06T16:26:23.981+0700] {logging_mixin.py:188} INFO - [2024-07-06T16:26:23.981+0700] {dag.py:3096} INFO - Sync 1 DAGs
[2024-07-06T16:26:24.001+0700] {logging_mixin.py:188} INFO - [2024-07-06T16:26:24.001+0700] {dag.py:3954} INFO - Setting next_dagrun for latest_only_with_trigger to 2024-07-06 04:00:00+00:00, run_after=2024-07-06 08:00:00+00:00
[2024-07-06T16:26:24.022+0700] {processor.py:183} INFO - Processing /home/acer/.local/share/virtualenvs/custom_airflow-E5ZHcY_K/lib/python3.12/site-packages/airflow/example_dags/example_latest_only_with_trigger.py took 0.090 seconds
[2024-07-06T16:27:12.946+0700] {processor.py:161} INFO - Started process (PID=60337) to work on /home/acer/.local/share/virtualenvs/custom_airflow-E5ZHcY_K/lib/python3.12/site-packages/airflow/example_dags/example_latest_only_with_trigger.py
[2024-07-06T16:27:12.947+0700] {processor.py:830} INFO - Processing file /home/acer/.local/share/virtualenvs/custom_airflow-E5ZHcY_K/lib/python3.12/site-packages/airflow/example_dags/example_latest_only_with_trigger.py for tasks to queue
[2024-07-06T16:27:12.949+0700] {logging_mixin.py:188} INFO - [2024-07-06T16:27:12.948+0700] {dagbag.py:545} INFO - Filling up the DagBag from /home/acer/.local/share/virtualenvs/custom_airflow-E5ZHcY_K/lib/python3.12/site-packages/airflow/example_dags/example_latest_only_with_trigger.py
[2024-07-06T16:27:12.954+0700] {processor.py:840} INFO - DAG(s) 'latest_only_with_trigger' retrieved from /home/acer/.local/share/virtualenvs/custom_airflow-E5ZHcY_K/lib/python3.12/site-packages/airflow/example_dags/example_latest_only_with_trigger.py
[2024-07-06T16:27:12.970+0700] {logging_mixin.py:188} INFO - [2024-07-06T16:27:12.970+0700] {dag.py:3096} INFO - Sync 1 DAGs
[2024-07-06T16:27:12.991+0700] {logging_mixin.py:188} INFO - [2024-07-06T16:27:12.990+0700] {dag.py:3954} INFO - Setting next_dagrun for latest_only_with_trigger to 2024-07-06 04:00:00+00:00, run_after=2024-07-06 08:00:00+00:00
[2024-07-06T16:27:13.011+0700] {processor.py:183} INFO - Processing /home/acer/.local/share/virtualenvs/custom_airflow-E5ZHcY_K/lib/python3.12/site-packages/airflow/example_dags/example_latest_only_with_trigger.py took 0.071 seconds
[2024-07-06T16:28:01.990+0700] {processor.py:161} INFO - Started process (PID=60606) to work on /home/acer/.local/share/virtualenvs/custom_airflow-E5ZHcY_K/lib/python3.12/site-packages/airflow/example_dags/example_latest_only_with_trigger.py
[2024-07-06T16:28:01.992+0700] {processor.py:830} INFO - Processing file /home/acer/.local/share/virtualenvs/custom_airflow-E5ZHcY_K/lib/python3.12/site-packages/airflow/example_dags/example_latest_only_with_trigger.py for tasks to queue
[2024-07-06T16:28:01.994+0700] {logging_mixin.py:188} INFO - [2024-07-06T16:28:01.994+0700] {dagbag.py:545} INFO - Filling up the DagBag from /home/acer/.local/share/virtualenvs/custom_airflow-E5ZHcY_K/lib/python3.12/site-packages/airflow/example_dags/example_latest_only_with_trigger.py
[2024-07-06T16:28:02.001+0700] {processor.py:840} INFO - DAG(s) 'latest_only_with_trigger' retrieved from /home/acer/.local/share/virtualenvs/custom_airflow-E5ZHcY_K/lib/python3.12/site-packages/airflow/example_dags/example_latest_only_with_trigger.py
[2024-07-06T16:28:02.019+0700] {logging_mixin.py:188} INFO - [2024-07-06T16:28:02.019+0700] {dag.py:3096} INFO - Sync 1 DAGs
[2024-07-06T16:28:02.041+0700] {logging_mixin.py:188} INFO - [2024-07-06T16:28:02.040+0700] {dag.py:3954} INFO - Setting next_dagrun for latest_only_with_trigger to 2024-07-06 04:00:00+00:00, run_after=2024-07-06 08:00:00+00:00
[2024-07-06T16:28:02.061+0700] {processor.py:183} INFO - Processing /home/acer/.local/share/virtualenvs/custom_airflow-E5ZHcY_K/lib/python3.12/site-packages/airflow/example_dags/example_latest_only_with_trigger.py took 0.077 seconds
[2024-07-06T16:29:11.579+0700] {processor.py:161} INFO - Started process (PID=60940) to work on /home/acer/.local/share/virtualenvs/custom_airflow-E5ZHcY_K/lib/python3.12/site-packages/airflow/example_dags/example_latest_only_with_trigger.py
[2024-07-06T16:29:11.580+0700] {processor.py:830} INFO - Processing file /home/acer/.local/share/virtualenvs/custom_airflow-E5ZHcY_K/lib/python3.12/site-packages/airflow/example_dags/example_latest_only_with_trigger.py for tasks to queue
[2024-07-06T16:29:11.582+0700] {logging_mixin.py:188} INFO - [2024-07-06T16:29:11.581+0700] {dagbag.py:545} INFO - Filling up the DagBag from /home/acer/.local/share/virtualenvs/custom_airflow-E5ZHcY_K/lib/python3.12/site-packages/airflow/example_dags/example_latest_only_with_trigger.py
[2024-07-06T16:29:11.587+0700] {processor.py:840} INFO - DAG(s) 'latest_only_with_trigger' retrieved from /home/acer/.local/share/virtualenvs/custom_airflow-E5ZHcY_K/lib/python3.12/site-packages/airflow/example_dags/example_latest_only_with_trigger.py
[2024-07-06T16:29:11.603+0700] {logging_mixin.py:188} INFO - [2024-07-06T16:29:11.603+0700] {dag.py:3096} INFO - Sync 1 DAGs
[2024-07-06T16:29:11.623+0700] {logging_mixin.py:188} INFO - [2024-07-06T16:29:11.623+0700] {dag.py:3954} INFO - Setting next_dagrun for latest_only_with_trigger to 2024-07-06 04:00:00+00:00, run_after=2024-07-06 08:00:00+00:00
[2024-07-06T16:29:11.644+0700] {processor.py:183} INFO - Processing /home/acer/.local/share/virtualenvs/custom_airflow-E5ZHcY_K/lib/python3.12/site-packages/airflow/example_dags/example_latest_only_with_trigger.py took 0.071 seconds
[2024-07-06T16:30:20.332+0700] {processor.py:161} INFO - Started process (PID=61283) to work on /home/acer/.local/share/virtualenvs/custom_airflow-E5ZHcY_K/lib/python3.12/site-packages/airflow/example_dags/example_latest_only_with_trigger.py
[2024-07-06T16:30:20.335+0700] {processor.py:830} INFO - Processing file /home/acer/.local/share/virtualenvs/custom_airflow-E5ZHcY_K/lib/python3.12/site-packages/airflow/example_dags/example_latest_only_with_trigger.py for tasks to queue
[2024-07-06T16:30:20.339+0700] {logging_mixin.py:188} INFO - [2024-07-06T16:30:20.338+0700] {dagbag.py:545} INFO - Filling up the DagBag from /home/acer/.local/share/virtualenvs/custom_airflow-E5ZHcY_K/lib/python3.12/site-packages/airflow/example_dags/example_latest_only_with_trigger.py
[2024-07-06T16:30:20.348+0700] {processor.py:840} INFO - DAG(s) 'latest_only_with_trigger' retrieved from /home/acer/.local/share/virtualenvs/custom_airflow-E5ZHcY_K/lib/python3.12/site-packages/airflow/example_dags/example_latest_only_with_trigger.py
[2024-07-06T16:30:20.366+0700] {logging_mixin.py:188} INFO - [2024-07-06T16:30:20.366+0700] {dag.py:3096} INFO - Sync 1 DAGs
[2024-07-06T16:30:20.386+0700] {logging_mixin.py:188} INFO - [2024-07-06T16:30:20.386+0700] {dag.py:3954} INFO - Setting next_dagrun for latest_only_with_trigger to 2024-07-06 04:00:00+00:00, run_after=2024-07-06 08:00:00+00:00
[2024-07-06T16:30:20.407+0700] {processor.py:183} INFO - Processing /home/acer/.local/share/virtualenvs/custom_airflow-E5ZHcY_K/lib/python3.12/site-packages/airflow/example_dags/example_latest_only_with_trigger.py took 0.094 seconds
[2024-07-06T16:31:28.498+0700] {processor.py:161} INFO - Started process (PID=61663) to work on /home/acer/.local/share/virtualenvs/custom_airflow-E5ZHcY_K/lib/python3.12/site-packages/airflow/example_dags/example_latest_only_with_trigger.py
[2024-07-06T16:31:28.499+0700] {processor.py:830} INFO - Processing file /home/acer/.local/share/virtualenvs/custom_airflow-E5ZHcY_K/lib/python3.12/site-packages/airflow/example_dags/example_latest_only_with_trigger.py for tasks to queue
[2024-07-06T16:31:28.501+0700] {logging_mixin.py:188} INFO - [2024-07-06T16:31:28.500+0700] {dagbag.py:545} INFO - Filling up the DagBag from /home/acer/.local/share/virtualenvs/custom_airflow-E5ZHcY_K/lib/python3.12/site-packages/airflow/example_dags/example_latest_only_with_trigger.py
[2024-07-06T16:31:28.506+0700] {processor.py:840} INFO - DAG(s) 'latest_only_with_trigger' retrieved from /home/acer/.local/share/virtualenvs/custom_airflow-E5ZHcY_K/lib/python3.12/site-packages/airflow/example_dags/example_latest_only_with_trigger.py
[2024-07-06T16:31:28.523+0700] {logging_mixin.py:188} INFO - [2024-07-06T16:31:28.523+0700] {dag.py:3096} INFO - Sync 1 DAGs
[2024-07-06T16:31:28.544+0700] {logging_mixin.py:188} INFO - [2024-07-06T16:31:28.543+0700] {dag.py:3954} INFO - Setting next_dagrun for latest_only_with_trigger to 2024-07-06 04:00:00+00:00, run_after=2024-07-06 08:00:00+00:00
[2024-07-06T16:31:28.564+0700] {processor.py:183} INFO - Processing /home/acer/.local/share/virtualenvs/custom_airflow-E5ZHcY_K/lib/python3.12/site-packages/airflow/example_dags/example_latest_only_with_trigger.py took 0.072 seconds
[2024-07-06T16:32:37.441+0700] {processor.py:161} INFO - Started process (PID=62004) to work on /home/acer/.local/share/virtualenvs/custom_airflow-E5ZHcY_K/lib/python3.12/site-packages/airflow/example_dags/example_latest_only_with_trigger.py
[2024-07-06T16:32:37.442+0700] {processor.py:830} INFO - Processing file /home/acer/.local/share/virtualenvs/custom_airflow-E5ZHcY_K/lib/python3.12/site-packages/airflow/example_dags/example_latest_only_with_trigger.py for tasks to queue
[2024-07-06T16:32:37.444+0700] {logging_mixin.py:188} INFO - [2024-07-06T16:32:37.444+0700] {dagbag.py:545} INFO - Filling up the DagBag from /home/acer/.local/share/virtualenvs/custom_airflow-E5ZHcY_K/lib/python3.12/site-packages/airflow/example_dags/example_latest_only_with_trigger.py
[2024-07-06T16:32:37.449+0700] {processor.py:840} INFO - DAG(s) 'latest_only_with_trigger' retrieved from /home/acer/.local/share/virtualenvs/custom_airflow-E5ZHcY_K/lib/python3.12/site-packages/airflow/example_dags/example_latest_only_with_trigger.py
[2024-07-06T16:32:37.466+0700] {logging_mixin.py:188} INFO - [2024-07-06T16:32:37.465+0700] {dag.py:3096} INFO - Sync 1 DAGs
[2024-07-06T16:32:37.486+0700] {logging_mixin.py:188} INFO - [2024-07-06T16:32:37.486+0700] {dag.py:3954} INFO - Setting next_dagrun for latest_only_with_trigger to 2024-07-06 04:00:00+00:00, run_after=2024-07-06 08:00:00+00:00
[2024-07-06T16:32:37.507+0700] {processor.py:183} INFO - Processing /home/acer/.local/share/virtualenvs/custom_airflow-E5ZHcY_K/lib/python3.12/site-packages/airflow/example_dags/example_latest_only_with_trigger.py took 0.071 seconds
[2024-07-06T16:33:27.533+0700] {processor.py:161} INFO - Started process (PID=62276) to work on /home/acer/.local/share/virtualenvs/custom_airflow-E5ZHcY_K/lib/python3.12/site-packages/airflow/example_dags/example_latest_only_with_trigger.py
[2024-07-06T16:33:27.534+0700] {processor.py:830} INFO - Processing file /home/acer/.local/share/virtualenvs/custom_airflow-E5ZHcY_K/lib/python3.12/site-packages/airflow/example_dags/example_latest_only_with_trigger.py for tasks to queue
[2024-07-06T16:33:27.536+0700] {logging_mixin.py:188} INFO - [2024-07-06T16:33:27.536+0700] {dagbag.py:545} INFO - Filling up the DagBag from /home/acer/.local/share/virtualenvs/custom_airflow-E5ZHcY_K/lib/python3.12/site-packages/airflow/example_dags/example_latest_only_with_trigger.py
[2024-07-06T16:33:27.541+0700] {processor.py:840} INFO - DAG(s) 'latest_only_with_trigger' retrieved from /home/acer/.local/share/virtualenvs/custom_airflow-E5ZHcY_K/lib/python3.12/site-packages/airflow/example_dags/example_latest_only_with_trigger.py
[2024-07-06T16:33:27.557+0700] {logging_mixin.py:188} INFO - [2024-07-06T16:33:27.557+0700] {dag.py:3096} INFO - Sync 1 DAGs
[2024-07-06T16:33:27.577+0700] {logging_mixin.py:188} INFO - [2024-07-06T16:33:27.577+0700] {dag.py:3954} INFO - Setting next_dagrun for latest_only_with_trigger to 2024-07-06 04:00:00+00:00, run_after=2024-07-06 08:00:00+00:00
[2024-07-06T16:33:27.598+0700] {processor.py:183} INFO - Processing /home/acer/.local/share/virtualenvs/custom_airflow-E5ZHcY_K/lib/python3.12/site-packages/airflow/example_dags/example_latest_only_with_trigger.py took 0.070 seconds
[2024-07-06T16:34:36.538+0700] {processor.py:161} INFO - Started process (PID=62615) to work on /home/acer/.local/share/virtualenvs/custom_airflow-E5ZHcY_K/lib/python3.12/site-packages/airflow/example_dags/example_latest_only_with_trigger.py
[2024-07-06T16:34:36.541+0700] {processor.py:830} INFO - Processing file /home/acer/.local/share/virtualenvs/custom_airflow-E5ZHcY_K/lib/python3.12/site-packages/airflow/example_dags/example_latest_only_with_trigger.py for tasks to queue
[2024-07-06T16:34:36.545+0700] {logging_mixin.py:188} INFO - [2024-07-06T16:34:36.544+0700] {dagbag.py:545} INFO - Filling up the DagBag from /home/acer/.local/share/virtualenvs/custom_airflow-E5ZHcY_K/lib/python3.12/site-packages/airflow/example_dags/example_latest_only_with_trigger.py
[2024-07-06T16:34:36.553+0700] {processor.py:840} INFO - DAG(s) 'latest_only_with_trigger' retrieved from /home/acer/.local/share/virtualenvs/custom_airflow-E5ZHcY_K/lib/python3.12/site-packages/airflow/example_dags/example_latest_only_with_trigger.py
[2024-07-06T16:34:36.571+0700] {logging_mixin.py:188} INFO - [2024-07-06T16:34:36.571+0700] {dag.py:3096} INFO - Sync 1 DAGs
[2024-07-06T16:34:36.591+0700] {logging_mixin.py:188} INFO - [2024-07-06T16:34:36.591+0700] {dag.py:3954} INFO - Setting next_dagrun for latest_only_with_trigger to 2024-07-06 04:00:00+00:00, run_after=2024-07-06 08:00:00+00:00
[2024-07-06T16:34:36.612+0700] {processor.py:183} INFO - Processing /home/acer/.local/share/virtualenvs/custom_airflow-E5ZHcY_K/lib/python3.12/site-packages/airflow/example_dags/example_latest_only_with_trigger.py took 0.093 seconds
[2024-07-06T16:35:24.997+0700] {processor.py:161} INFO - Started process (PID=62862) to work on /home/acer/.local/share/virtualenvs/custom_airflow-E5ZHcY_K/lib/python3.12/site-packages/airflow/example_dags/example_latest_only_with_trigger.py
[2024-07-06T16:35:25.000+0700] {processor.py:830} INFO - Processing file /home/acer/.local/share/virtualenvs/custom_airflow-E5ZHcY_K/lib/python3.12/site-packages/airflow/example_dags/example_latest_only_with_trigger.py for tasks to queue
[2024-07-06T16:35:25.004+0700] {logging_mixin.py:188} INFO - [2024-07-06T16:35:25.003+0700] {dagbag.py:545} INFO - Filling up the DagBag from /home/acer/.local/share/virtualenvs/custom_airflow-E5ZHcY_K/lib/python3.12/site-packages/airflow/example_dags/example_latest_only_with_trigger.py
[2024-07-06T16:35:25.013+0700] {processor.py:840} INFO - DAG(s) 'latest_only_with_trigger' retrieved from /home/acer/.local/share/virtualenvs/custom_airflow-E5ZHcY_K/lib/python3.12/site-packages/airflow/example_dags/example_latest_only_with_trigger.py
[2024-07-06T16:35:25.031+0700] {logging_mixin.py:188} INFO - [2024-07-06T16:35:25.031+0700] {dag.py:3096} INFO - Sync 1 DAGs
[2024-07-06T16:35:25.051+0700] {logging_mixin.py:188} INFO - [2024-07-06T16:35:25.051+0700] {dag.py:3954} INFO - Setting next_dagrun for latest_only_with_trigger to 2024-07-06 04:00:00+00:00, run_after=2024-07-06 08:00:00+00:00
[2024-07-06T16:35:25.072+0700] {processor.py:183} INFO - Processing /home/acer/.local/share/virtualenvs/custom_airflow-E5ZHcY_K/lib/python3.12/site-packages/airflow/example_dags/example_latest_only_with_trigger.py took 0.094 seconds
[2024-07-06T21:54:48.160+0700] {processor.py:161} INFO - Started process (PID=12022) to work on /home/acer/.local/share/virtualenvs/custom_airflow-E5ZHcY_K/lib/python3.12/site-packages/airflow/example_dags/example_latest_only_with_trigger.py
[2024-07-06T21:54:48.162+0700] {processor.py:830} INFO - Processing file /home/acer/.local/share/virtualenvs/custom_airflow-E5ZHcY_K/lib/python3.12/site-packages/airflow/example_dags/example_latest_only_with_trigger.py for tasks to queue
[2024-07-06T21:54:48.164+0700] {logging_mixin.py:188} INFO - [2024-07-06T21:54:48.163+0700] {dagbag.py:545} INFO - Filling up the DagBag from /home/acer/.local/share/virtualenvs/custom_airflow-E5ZHcY_K/lib/python3.12/site-packages/airflow/example_dags/example_latest_only_with_trigger.py
[2024-07-06T21:54:48.174+0700] {processor.py:840} INFO - DAG(s) 'latest_only_with_trigger' retrieved from /home/acer/.local/share/virtualenvs/custom_airflow-E5ZHcY_K/lib/python3.12/site-packages/airflow/example_dags/example_latest_only_with_trigger.py
[2024-07-06T21:54:48.197+0700] {logging_mixin.py:188} INFO - [2024-07-06T21:54:48.197+0700] {dag.py:3096} INFO - Sync 1 DAGs
[2024-07-06T21:54:48.221+0700] {logging_mixin.py:188} INFO - [2024-07-06T21:54:48.221+0700] {dag.py:3954} INFO - Setting next_dagrun for latest_only_with_trigger to 2024-07-06 08:00:00+00:00, run_after=2024-07-06 12:00:00+00:00
[2024-07-06T21:54:48.245+0700] {processor.py:183} INFO - Processing /home/acer/.local/share/virtualenvs/custom_airflow-E5ZHcY_K/lib/python3.12/site-packages/airflow/example_dags/example_latest_only_with_trigger.py took 0.092 seconds
[2024-07-06T21:55:43.271+0700] {processor.py:161} INFO - Started process (PID=12781) to work on /home/acer/.local/share/virtualenvs/custom_airflow-E5ZHcY_K/lib/python3.12/site-packages/airflow/example_dags/example_latest_only_with_trigger.py
[2024-07-06T21:55:43.273+0700] {processor.py:830} INFO - Processing file /home/acer/.local/share/virtualenvs/custom_airflow-E5ZHcY_K/lib/python3.12/site-packages/airflow/example_dags/example_latest_only_with_trigger.py for tasks to queue
[2024-07-06T21:55:43.275+0700] {logging_mixin.py:188} INFO - [2024-07-06T21:55:43.274+0700] {dagbag.py:545} INFO - Filling up the DagBag from /home/acer/.local/share/virtualenvs/custom_airflow-E5ZHcY_K/lib/python3.12/site-packages/airflow/example_dags/example_latest_only_with_trigger.py
[2024-07-06T21:55:43.282+0700] {processor.py:840} INFO - DAG(s) 'latest_only_with_trigger' retrieved from /home/acer/.local/share/virtualenvs/custom_airflow-E5ZHcY_K/lib/python3.12/site-packages/airflow/example_dags/example_latest_only_with_trigger.py
[2024-07-06T21:55:43.300+0700] {logging_mixin.py:188} INFO - [2024-07-06T21:55:43.300+0700] {dag.py:3096} INFO - Sync 1 DAGs
[2024-07-06T21:55:43.325+0700] {logging_mixin.py:188} INFO - [2024-07-06T21:55:43.325+0700] {dag.py:3954} INFO - Setting next_dagrun for latest_only_with_trigger to 2024-07-06 08:00:00+00:00, run_after=2024-07-06 12:00:00+00:00
[2024-07-06T21:55:43.348+0700] {processor.py:183} INFO - Processing /home/acer/.local/share/virtualenvs/custom_airflow-E5ZHcY_K/lib/python3.12/site-packages/airflow/example_dags/example_latest_only_with_trigger.py took 0.086 seconds
[2024-07-06T21:56:37.903+0700] {processor.py:161} INFO - Started process (PID=13304) to work on /home/acer/.local/share/virtualenvs/custom_airflow-E5ZHcY_K/lib/python3.12/site-packages/airflow/example_dags/example_latest_only_with_trigger.py
[2024-07-06T21:56:37.905+0700] {processor.py:830} INFO - Processing file /home/acer/.local/share/virtualenvs/custom_airflow-E5ZHcY_K/lib/python3.12/site-packages/airflow/example_dags/example_latest_only_with_trigger.py for tasks to queue
[2024-07-06T21:56:37.908+0700] {logging_mixin.py:188} INFO - [2024-07-06T21:56:37.907+0700] {dagbag.py:545} INFO - Filling up the DagBag from /home/acer/.local/share/virtualenvs/custom_airflow-E5ZHcY_K/lib/python3.12/site-packages/airflow/example_dags/example_latest_only_with_trigger.py
[2024-07-06T21:56:37.916+0700] {processor.py:840} INFO - DAG(s) 'latest_only_with_trigger' retrieved from /home/acer/.local/share/virtualenvs/custom_airflow-E5ZHcY_K/lib/python3.12/site-packages/airflow/example_dags/example_latest_only_with_trigger.py
[2024-07-06T21:56:37.933+0700] {logging_mixin.py:188} INFO - [2024-07-06T21:56:37.933+0700] {dag.py:3096} INFO - Sync 1 DAGs
[2024-07-06T21:56:37.954+0700] {logging_mixin.py:188} INFO - [2024-07-06T21:56:37.954+0700] {dag.py:3954} INFO - Setting next_dagrun for latest_only_with_trigger to 2024-07-06 08:00:00+00:00, run_after=2024-07-06 12:00:00+00:00
[2024-07-06T21:56:37.977+0700] {processor.py:183} INFO - Processing /home/acer/.local/share/virtualenvs/custom_airflow-E5ZHcY_K/lib/python3.12/site-packages/airflow/example_dags/example_latest_only_with_trigger.py took 0.094 seconds
[2024-07-06T21:57:30.782+0700] {processor.py:161} INFO - Started process (PID=13860) to work on /home/acer/.local/share/virtualenvs/custom_airflow-E5ZHcY_K/lib/python3.12/site-packages/airflow/example_dags/example_latest_only_with_trigger.py
[2024-07-06T21:57:30.784+0700] {processor.py:830} INFO - Processing file /home/acer/.local/share/virtualenvs/custom_airflow-E5ZHcY_K/lib/python3.12/site-packages/airflow/example_dags/example_latest_only_with_trigger.py for tasks to queue
[2024-07-06T21:57:30.787+0700] {logging_mixin.py:188} INFO - [2024-07-06T21:57:30.787+0700] {dagbag.py:545} INFO - Filling up the DagBag from /home/acer/.local/share/virtualenvs/custom_airflow-E5ZHcY_K/lib/python3.12/site-packages/airflow/example_dags/example_latest_only_with_trigger.py
[2024-07-06T21:57:30.796+0700] {processor.py:840} INFO - DAG(s) 'latest_only_with_trigger' retrieved from /home/acer/.local/share/virtualenvs/custom_airflow-E5ZHcY_K/lib/python3.12/site-packages/airflow/example_dags/example_latest_only_with_trigger.py
[2024-07-06T21:57:30.813+0700] {logging_mixin.py:188} INFO - [2024-07-06T21:57:30.813+0700] {dag.py:3096} INFO - Sync 1 DAGs
[2024-07-06T21:57:30.836+0700] {logging_mixin.py:188} INFO - [2024-07-06T21:57:30.836+0700] {dag.py:3954} INFO - Setting next_dagrun for latest_only_with_trigger to 2024-07-06 08:00:00+00:00, run_after=2024-07-06 12:00:00+00:00
[2024-07-06T21:57:30.857+0700] {processor.py:183} INFO - Processing /home/acer/.local/share/virtualenvs/custom_airflow-E5ZHcY_K/lib/python3.12/site-packages/airflow/example_dags/example_latest_only_with_trigger.py took 0.085 seconds
[2024-07-06T21:58:23.419+0700] {processor.py:161} INFO - Started process (PID=14181) to work on /home/acer/.local/share/virtualenvs/custom_airflow-E5ZHcY_K/lib/python3.12/site-packages/airflow/example_dags/example_latest_only_with_trigger.py
[2024-07-06T21:58:23.422+0700] {processor.py:830} INFO - Processing file /home/acer/.local/share/virtualenvs/custom_airflow-E5ZHcY_K/lib/python3.12/site-packages/airflow/example_dags/example_latest_only_with_trigger.py for tasks to queue
[2024-07-06T21:58:23.428+0700] {logging_mixin.py:188} INFO - [2024-07-06T21:58:23.427+0700] {dagbag.py:545} INFO - Filling up the DagBag from /home/acer/.local/share/virtualenvs/custom_airflow-E5ZHcY_K/lib/python3.12/site-packages/airflow/example_dags/example_latest_only_with_trigger.py
[2024-07-06T21:58:23.445+0700] {processor.py:840} INFO - DAG(s) 'latest_only_with_trigger' retrieved from /home/acer/.local/share/virtualenvs/custom_airflow-E5ZHcY_K/lib/python3.12/site-packages/airflow/example_dags/example_latest_only_with_trigger.py
[2024-07-06T21:58:23.471+0700] {logging_mixin.py:188} INFO - [2024-07-06T21:58:23.471+0700] {dag.py:3096} INFO - Sync 1 DAGs
[2024-07-06T21:58:23.492+0700] {logging_mixin.py:188} INFO - [2024-07-06T21:58:23.492+0700] {dag.py:3954} INFO - Setting next_dagrun for latest_only_with_trigger to 2024-07-06 08:00:00+00:00, run_after=2024-07-06 12:00:00+00:00
[2024-07-06T21:58:23.514+0700] {processor.py:183} INFO - Processing /home/acer/.local/share/virtualenvs/custom_airflow-E5ZHcY_K/lib/python3.12/site-packages/airflow/example_dags/example_latest_only_with_trigger.py took 0.113 seconds
[2024-07-06T21:59:14.413+0700] {processor.py:161} INFO - Started process (PID=14453) to work on /home/acer/.local/share/virtualenvs/custom_airflow-E5ZHcY_K/lib/python3.12/site-packages/airflow/example_dags/example_latest_only_with_trigger.py
[2024-07-06T21:59:14.414+0700] {processor.py:830} INFO - Processing file /home/acer/.local/share/virtualenvs/custom_airflow-E5ZHcY_K/lib/python3.12/site-packages/airflow/example_dags/example_latest_only_with_trigger.py for tasks to queue
[2024-07-06T21:59:14.416+0700] {logging_mixin.py:188} INFO - [2024-07-06T21:59:14.416+0700] {dagbag.py:545} INFO - Filling up the DagBag from /home/acer/.local/share/virtualenvs/custom_airflow-E5ZHcY_K/lib/python3.12/site-packages/airflow/example_dags/example_latest_only_with_trigger.py
[2024-07-06T21:59:14.422+0700] {processor.py:840} INFO - DAG(s) 'latest_only_with_trigger' retrieved from /home/acer/.local/share/virtualenvs/custom_airflow-E5ZHcY_K/lib/python3.12/site-packages/airflow/example_dags/example_latest_only_with_trigger.py
[2024-07-06T21:59:14.438+0700] {logging_mixin.py:188} INFO - [2024-07-06T21:59:14.438+0700] {dag.py:3096} INFO - Sync 1 DAGs
[2024-07-06T21:59:14.458+0700] {logging_mixin.py:188} INFO - [2024-07-06T21:59:14.458+0700] {dag.py:3954} INFO - Setting next_dagrun for latest_only_with_trigger to 2024-07-06 08:00:00+00:00, run_after=2024-07-06 12:00:00+00:00
[2024-07-06T21:59:14.479+0700] {processor.py:183} INFO - Processing /home/acer/.local/share/virtualenvs/custom_airflow-E5ZHcY_K/lib/python3.12/site-packages/airflow/example_dags/example_latest_only_with_trigger.py took 0.070 seconds
[2024-07-06T22:00:03.866+0700] {processor.py:161} INFO - Started process (PID=14776) to work on /home/acer/.local/share/virtualenvs/custom_airflow-E5ZHcY_K/lib/python3.12/site-packages/airflow/example_dags/example_latest_only_with_trigger.py
[2024-07-06T22:00:03.868+0700] {processor.py:830} INFO - Processing file /home/acer/.local/share/virtualenvs/custom_airflow-E5ZHcY_K/lib/python3.12/site-packages/airflow/example_dags/example_latest_only_with_trigger.py for tasks to queue
[2024-07-06T22:00:03.872+0700] {logging_mixin.py:188} INFO - [2024-07-06T22:00:03.872+0700] {dagbag.py:545} INFO - Filling up the DagBag from /home/acer/.local/share/virtualenvs/custom_airflow-E5ZHcY_K/lib/python3.12/site-packages/airflow/example_dags/example_latest_only_with_trigger.py
[2024-07-06T22:00:03.881+0700] {processor.py:840} INFO - DAG(s) 'latest_only_with_trigger' retrieved from /home/acer/.local/share/virtualenvs/custom_airflow-E5ZHcY_K/lib/python3.12/site-packages/airflow/example_dags/example_latest_only_with_trigger.py
[2024-07-06T22:00:03.898+0700] {logging_mixin.py:188} INFO - [2024-07-06T22:00:03.898+0700] {dag.py:3096} INFO - Sync 1 DAGs
[2024-07-06T22:00:03.919+0700] {logging_mixin.py:188} INFO - [2024-07-06T22:00:03.918+0700] {dag.py:3954} INFO - Setting next_dagrun for latest_only_with_trigger to 2024-07-06 08:00:00+00:00, run_after=2024-07-06 12:00:00+00:00
[2024-07-06T22:00:03.940+0700] {processor.py:183} INFO - Processing /home/acer/.local/share/virtualenvs/custom_airflow-E5ZHcY_K/lib/python3.12/site-packages/airflow/example_dags/example_latest_only_with_trigger.py took 0.097 seconds
[2024-07-06T22:00:57.236+0700] {processor.py:161} INFO - Started process (PID=15064) to work on /home/acer/.local/share/virtualenvs/custom_airflow-E5ZHcY_K/lib/python3.12/site-packages/airflow/example_dags/example_latest_only_with_trigger.py
[2024-07-06T22:00:57.237+0700] {processor.py:830} INFO - Processing file /home/acer/.local/share/virtualenvs/custom_airflow-E5ZHcY_K/lib/python3.12/site-packages/airflow/example_dags/example_latest_only_with_trigger.py for tasks to queue
[2024-07-06T22:00:57.239+0700] {logging_mixin.py:188} INFO - [2024-07-06T22:00:57.239+0700] {dagbag.py:545} INFO - Filling up the DagBag from /home/acer/.local/share/virtualenvs/custom_airflow-E5ZHcY_K/lib/python3.12/site-packages/airflow/example_dags/example_latest_only_with_trigger.py
[2024-07-06T22:00:57.245+0700] {processor.py:840} INFO - DAG(s) 'latest_only_with_trigger' retrieved from /home/acer/.local/share/virtualenvs/custom_airflow-E5ZHcY_K/lib/python3.12/site-packages/airflow/example_dags/example_latest_only_with_trigger.py
[2024-07-06T22:00:57.261+0700] {logging_mixin.py:188} INFO - [2024-07-06T22:00:57.260+0700] {dag.py:3096} INFO - Sync 1 DAGs
[2024-07-06T22:00:57.281+0700] {logging_mixin.py:188} INFO - [2024-07-06T22:00:57.281+0700] {dag.py:3954} INFO - Setting next_dagrun for latest_only_with_trigger to 2024-07-06 08:00:00+00:00, run_after=2024-07-06 12:00:00+00:00
[2024-07-06T22:00:57.302+0700] {processor.py:183} INFO - Processing /home/acer/.local/share/virtualenvs/custom_airflow-E5ZHcY_K/lib/python3.12/site-packages/airflow/example_dags/example_latest_only_with_trigger.py took 0.072 seconds
[2024-07-06T22:02:30.525+0700] {processor.py:161} INFO - Started process (PID=16201) to work on /home/acer/.local/share/virtualenvs/custom_airflow-E5ZHcY_K/lib/python3.12/site-packages/airflow/example_dags/example_latest_only_with_trigger.py
[2024-07-06T22:02:30.526+0700] {processor.py:830} INFO - Processing file /home/acer/.local/share/virtualenvs/custom_airflow-E5ZHcY_K/lib/python3.12/site-packages/airflow/example_dags/example_latest_only_with_trigger.py for tasks to queue
[2024-07-06T22:02:30.529+0700] {logging_mixin.py:188} INFO - [2024-07-06T22:02:30.528+0700] {dagbag.py:545} INFO - Filling up the DagBag from /home/acer/.local/share/virtualenvs/custom_airflow-E5ZHcY_K/lib/python3.12/site-packages/airflow/example_dags/example_latest_only_with_trigger.py
[2024-07-06T22:02:30.536+0700] {processor.py:840} INFO - DAG(s) 'latest_only_with_trigger' retrieved from /home/acer/.local/share/virtualenvs/custom_airflow-E5ZHcY_K/lib/python3.12/site-packages/airflow/example_dags/example_latest_only_with_trigger.py
[2024-07-06T22:02:30.558+0700] {logging_mixin.py:188} INFO - [2024-07-06T22:02:30.558+0700] {dag.py:3096} INFO - Sync 1 DAGs
[2024-07-06T22:02:30.586+0700] {logging_mixin.py:188} INFO - [2024-07-06T22:02:30.586+0700] {dag.py:3954} INFO - Setting next_dagrun for latest_only_with_trigger to 2024-07-06 08:00:00+00:00, run_after=2024-07-06 12:00:00+00:00
[2024-07-06T22:02:30.613+0700] {processor.py:183} INFO - Processing /home/acer/.local/share/virtualenvs/custom_airflow-E5ZHcY_K/lib/python3.12/site-packages/airflow/example_dags/example_latest_only_with_trigger.py took 0.094 seconds
[2024-07-06T22:03:25.962+0700] {processor.py:161} INFO - Started process (PID=16473) to work on /home/acer/.local/share/virtualenvs/custom_airflow-E5ZHcY_K/lib/python3.12/site-packages/airflow/example_dags/example_latest_only_with_trigger.py
[2024-07-06T22:03:25.963+0700] {processor.py:830} INFO - Processing file /home/acer/.local/share/virtualenvs/custom_airflow-E5ZHcY_K/lib/python3.12/site-packages/airflow/example_dags/example_latest_only_with_trigger.py for tasks to queue
[2024-07-06T22:03:25.967+0700] {logging_mixin.py:188} INFO - [2024-07-06T22:03:25.966+0700] {dagbag.py:545} INFO - Filling up the DagBag from /home/acer/.local/share/virtualenvs/custom_airflow-E5ZHcY_K/lib/python3.12/site-packages/airflow/example_dags/example_latest_only_with_trigger.py
[2024-07-06T22:03:25.974+0700] {processor.py:840} INFO - DAG(s) 'latest_only_with_trigger' retrieved from /home/acer/.local/share/virtualenvs/custom_airflow-E5ZHcY_K/lib/python3.12/site-packages/airflow/example_dags/example_latest_only_with_trigger.py
[2024-07-06T22:03:25.992+0700] {logging_mixin.py:188} INFO - [2024-07-06T22:03:25.992+0700] {dag.py:3096} INFO - Sync 1 DAGs
[2024-07-06T22:03:26.013+0700] {logging_mixin.py:188} INFO - [2024-07-06T22:03:26.013+0700] {dag.py:3954} INFO - Setting next_dagrun for latest_only_with_trigger to 2024-07-06 08:00:00+00:00, run_after=2024-07-06 12:00:00+00:00
[2024-07-06T22:03:26.036+0700] {processor.py:183} INFO - Processing /home/acer/.local/share/virtualenvs/custom_airflow-E5ZHcY_K/lib/python3.12/site-packages/airflow/example_dags/example_latest_only_with_trigger.py took 0.082 seconds
[2024-07-06T22:04:17.171+0700] {processor.py:161} INFO - Started process (PID=16789) to work on /home/acer/.local/share/virtualenvs/custom_airflow-E5ZHcY_K/lib/python3.12/site-packages/airflow/example_dags/example_latest_only_with_trigger.py
[2024-07-06T22:04:17.172+0700] {processor.py:830} INFO - Processing file /home/acer/.local/share/virtualenvs/custom_airflow-E5ZHcY_K/lib/python3.12/site-packages/airflow/example_dags/example_latest_only_with_trigger.py for tasks to queue
[2024-07-06T22:04:17.174+0700] {logging_mixin.py:188} INFO - [2024-07-06T22:04:17.173+0700] {dagbag.py:545} INFO - Filling up the DagBag from /home/acer/.local/share/virtualenvs/custom_airflow-E5ZHcY_K/lib/python3.12/site-packages/airflow/example_dags/example_latest_only_with_trigger.py
[2024-07-06T22:04:17.180+0700] {processor.py:840} INFO - DAG(s) 'latest_only_with_trigger' retrieved from /home/acer/.local/share/virtualenvs/custom_airflow-E5ZHcY_K/lib/python3.12/site-packages/airflow/example_dags/example_latest_only_with_trigger.py
[2024-07-06T22:04:17.196+0700] {logging_mixin.py:188} INFO - [2024-07-06T22:04:17.195+0700] {dag.py:3096} INFO - Sync 1 DAGs
[2024-07-06T22:04:17.217+0700] {logging_mixin.py:188} INFO - [2024-07-06T22:04:17.216+0700] {dag.py:3954} INFO - Setting next_dagrun for latest_only_with_trigger to 2024-07-06 08:00:00+00:00, run_after=2024-07-06 12:00:00+00:00
[2024-07-06T22:04:17.239+0700] {processor.py:183} INFO - Processing /home/acer/.local/share/virtualenvs/custom_airflow-E5ZHcY_K/lib/python3.12/site-packages/airflow/example_dags/example_latest_only_with_trigger.py took 0.074 seconds
[2024-07-06T22:05:38.053+0700] {processor.py:161} INFO - Started process (PID=17740) to work on /home/acer/.local/share/virtualenvs/custom_airflow-E5ZHcY_K/lib/python3.12/site-packages/airflow/example_dags/example_latest_only_with_trigger.py
[2024-07-06T22:05:38.054+0700] {processor.py:830} INFO - Processing file /home/acer/.local/share/virtualenvs/custom_airflow-E5ZHcY_K/lib/python3.12/site-packages/airflow/example_dags/example_latest_only_with_trigger.py for tasks to queue
[2024-07-06T22:05:38.056+0700] {logging_mixin.py:188} INFO - [2024-07-06T22:05:38.056+0700] {dagbag.py:545} INFO - Filling up the DagBag from /home/acer/.local/share/virtualenvs/custom_airflow-E5ZHcY_K/lib/python3.12/site-packages/airflow/example_dags/example_latest_only_with_trigger.py
[2024-07-06T22:05:38.063+0700] {processor.py:840} INFO - DAG(s) 'latest_only_with_trigger' retrieved from /home/acer/.local/share/virtualenvs/custom_airflow-E5ZHcY_K/lib/python3.12/site-packages/airflow/example_dags/example_latest_only_with_trigger.py
[2024-07-06T22:05:38.079+0700] {logging_mixin.py:188} INFO - [2024-07-06T22:05:38.079+0700] {dag.py:3096} INFO - Sync 1 DAGs
[2024-07-06T22:05:38.101+0700] {logging_mixin.py:188} INFO - [2024-07-06T22:05:38.101+0700] {dag.py:3954} INFO - Setting next_dagrun for latest_only_with_trigger to 2024-07-06 08:00:00+00:00, run_after=2024-07-06 12:00:00+00:00
[2024-07-06T22:05:38.125+0700] {processor.py:183} INFO - Processing /home/acer/.local/share/virtualenvs/custom_airflow-E5ZHcY_K/lib/python3.12/site-packages/airflow/example_dags/example_latest_only_with_trigger.py took 0.079 seconds
[2024-07-06T22:06:31.973+0700] {processor.py:161} INFO - Started process (PID=18156) to work on /home/acer/.local/share/virtualenvs/custom_airflow-E5ZHcY_K/lib/python3.12/site-packages/airflow/example_dags/example_latest_only_with_trigger.py
[2024-07-06T22:06:31.975+0700] {processor.py:830} INFO - Processing file /home/acer/.local/share/virtualenvs/custom_airflow-E5ZHcY_K/lib/python3.12/site-packages/airflow/example_dags/example_latest_only_with_trigger.py for tasks to queue
[2024-07-06T22:06:31.978+0700] {logging_mixin.py:188} INFO - [2024-07-06T22:06:31.977+0700] {dagbag.py:545} INFO - Filling up the DagBag from /home/acer/.local/share/virtualenvs/custom_airflow-E5ZHcY_K/lib/python3.12/site-packages/airflow/example_dags/example_latest_only_with_trigger.py
[2024-07-06T22:06:31.989+0700] {processor.py:840} INFO - DAG(s) 'latest_only_with_trigger' retrieved from /home/acer/.local/share/virtualenvs/custom_airflow-E5ZHcY_K/lib/python3.12/site-packages/airflow/example_dags/example_latest_only_with_trigger.py
[2024-07-06T22:06:32.019+0700] {logging_mixin.py:188} INFO - [2024-07-06T22:06:32.018+0700] {dag.py:3096} INFO - Sync 1 DAGs
[2024-07-06T22:06:32.057+0700] {logging_mixin.py:188} INFO - [2024-07-06T22:06:32.056+0700] {dag.py:3954} INFO - Setting next_dagrun for latest_only_with_trigger to 2024-07-06 08:00:00+00:00, run_after=2024-07-06 12:00:00+00:00
[2024-07-06T22:06:32.089+0700] {processor.py:183} INFO - Processing /home/acer/.local/share/virtualenvs/custom_airflow-E5ZHcY_K/lib/python3.12/site-packages/airflow/example_dags/example_latest_only_with_trigger.py took 0.127 seconds
[2024-07-06T22:07:25.571+0700] {processor.py:161} INFO - Started process (PID=18544) to work on /home/acer/.local/share/virtualenvs/custom_airflow-E5ZHcY_K/lib/python3.12/site-packages/airflow/example_dags/example_latest_only_with_trigger.py
[2024-07-06T22:07:25.573+0700] {processor.py:830} INFO - Processing file /home/acer/.local/share/virtualenvs/custom_airflow-E5ZHcY_K/lib/python3.12/site-packages/airflow/example_dags/example_latest_only_with_trigger.py for tasks to queue
[2024-07-06T22:07:25.575+0700] {logging_mixin.py:188} INFO - [2024-07-06T22:07:25.575+0700] {dagbag.py:545} INFO - Filling up the DagBag from /home/acer/.local/share/virtualenvs/custom_airflow-E5ZHcY_K/lib/python3.12/site-packages/airflow/example_dags/example_latest_only_with_trigger.py
[2024-07-06T22:07:25.582+0700] {processor.py:840} INFO - DAG(s) 'latest_only_with_trigger' retrieved from /home/acer/.local/share/virtualenvs/custom_airflow-E5ZHcY_K/lib/python3.12/site-packages/airflow/example_dags/example_latest_only_with_trigger.py
[2024-07-06T22:07:25.601+0700] {logging_mixin.py:188} INFO - [2024-07-06T22:07:25.601+0700] {dag.py:3096} INFO - Sync 1 DAGs
[2024-07-06T22:07:25.625+0700] {logging_mixin.py:188} INFO - [2024-07-06T22:07:25.625+0700] {dag.py:3954} INFO - Setting next_dagrun for latest_only_with_trigger to 2024-07-06 08:00:00+00:00, run_after=2024-07-06 12:00:00+00:00
[2024-07-06T22:07:25.648+0700] {processor.py:183} INFO - Processing /home/acer/.local/share/virtualenvs/custom_airflow-E5ZHcY_K/lib/python3.12/site-packages/airflow/example_dags/example_latest_only_with_trigger.py took 0.088 seconds
[2024-07-06T22:08:22.000+0700] {processor.py:161} INFO - Started process (PID=18837) to work on /home/acer/.local/share/virtualenvs/custom_airflow-E5ZHcY_K/lib/python3.12/site-packages/airflow/example_dags/example_latest_only_with_trigger.py
[2024-07-06T22:08:22.002+0700] {processor.py:830} INFO - Processing file /home/acer/.local/share/virtualenvs/custom_airflow-E5ZHcY_K/lib/python3.12/site-packages/airflow/example_dags/example_latest_only_with_trigger.py for tasks to queue
[2024-07-06T22:08:22.006+0700] {logging_mixin.py:188} INFO - [2024-07-06T22:08:22.005+0700] {dagbag.py:545} INFO - Filling up the DagBag from /home/acer/.local/share/virtualenvs/custom_airflow-E5ZHcY_K/lib/python3.12/site-packages/airflow/example_dags/example_latest_only_with_trigger.py
[2024-07-06T22:08:22.019+0700] {processor.py:840} INFO - DAG(s) 'latest_only_with_trigger' retrieved from /home/acer/.local/share/virtualenvs/custom_airflow-E5ZHcY_K/lib/python3.12/site-packages/airflow/example_dags/example_latest_only_with_trigger.py
[2024-07-06T22:08:22.048+0700] {logging_mixin.py:188} INFO - [2024-07-06T22:08:22.048+0700] {dag.py:3096} INFO - Sync 1 DAGs
[2024-07-06T22:08:22.084+0700] {logging_mixin.py:188} INFO - [2024-07-06T22:08:22.084+0700] {dag.py:3954} INFO - Setting next_dagrun for latest_only_with_trigger to 2024-07-06 08:00:00+00:00, run_after=2024-07-06 12:00:00+00:00
[2024-07-06T22:08:22.107+0700] {processor.py:183} INFO - Processing /home/acer/.local/share/virtualenvs/custom_airflow-E5ZHcY_K/lib/python3.12/site-packages/airflow/example_dags/example_latest_only_with_trigger.py took 0.131 seconds
[2024-07-06T22:09:16.974+0700] {processor.py:161} INFO - Started process (PID=19152) to work on /home/acer/.local/share/virtualenvs/custom_airflow-E5ZHcY_K/lib/python3.12/site-packages/airflow/example_dags/example_latest_only_with_trigger.py
[2024-07-06T22:09:16.976+0700] {processor.py:830} INFO - Processing file /home/acer/.local/share/virtualenvs/custom_airflow-E5ZHcY_K/lib/python3.12/site-packages/airflow/example_dags/example_latest_only_with_trigger.py for tasks to queue
[2024-07-06T22:09:16.978+0700] {logging_mixin.py:188} INFO - [2024-07-06T22:09:16.978+0700] {dagbag.py:545} INFO - Filling up the DagBag from /home/acer/.local/share/virtualenvs/custom_airflow-E5ZHcY_K/lib/python3.12/site-packages/airflow/example_dags/example_latest_only_with_trigger.py
[2024-07-06T22:09:16.988+0700] {processor.py:840} INFO - DAG(s) 'latest_only_with_trigger' retrieved from /home/acer/.local/share/virtualenvs/custom_airflow-E5ZHcY_K/lib/python3.12/site-packages/airflow/example_dags/example_latest_only_with_trigger.py
[2024-07-06T22:09:17.017+0700] {logging_mixin.py:188} INFO - [2024-07-06T22:09:17.017+0700] {dag.py:3096} INFO - Sync 1 DAGs
[2024-07-06T22:09:17.047+0700] {logging_mixin.py:188} INFO - [2024-07-06T22:09:17.046+0700] {dag.py:3954} INFO - Setting next_dagrun for latest_only_with_trigger to 2024-07-06 08:00:00+00:00, run_after=2024-07-06 12:00:00+00:00
[2024-07-06T22:09:17.081+0700] {processor.py:183} INFO - Processing /home/acer/.local/share/virtualenvs/custom_airflow-E5ZHcY_K/lib/python3.12/site-packages/airflow/example_dags/example_latest_only_with_trigger.py took 0.118 seconds
[2024-07-06T22:10:19.022+0700] {processor.py:161} INFO - Started process (PID=19456) to work on /home/acer/.local/share/virtualenvs/custom_airflow-E5ZHcY_K/lib/python3.12/site-packages/airflow/example_dags/example_latest_only_with_trigger.py
[2024-07-06T22:10:19.024+0700] {processor.py:830} INFO - Processing file /home/acer/.local/share/virtualenvs/custom_airflow-E5ZHcY_K/lib/python3.12/site-packages/airflow/example_dags/example_latest_only_with_trigger.py for tasks to queue
[2024-07-06T22:10:19.027+0700] {logging_mixin.py:188} INFO - [2024-07-06T22:10:19.026+0700] {dagbag.py:545} INFO - Filling up the DagBag from /home/acer/.local/share/virtualenvs/custom_airflow-E5ZHcY_K/lib/python3.12/site-packages/airflow/example_dags/example_latest_only_with_trigger.py
[2024-07-06T22:10:19.036+0700] {processor.py:840} INFO - DAG(s) 'latest_only_with_trigger' retrieved from /home/acer/.local/share/virtualenvs/custom_airflow-E5ZHcY_K/lib/python3.12/site-packages/airflow/example_dags/example_latest_only_with_trigger.py
[2024-07-06T22:10:19.084+0700] {logging_mixin.py:188} INFO - [2024-07-06T22:10:19.084+0700] {dag.py:3096} INFO - Sync 1 DAGs
[2024-07-06T22:10:19.127+0700] {logging_mixin.py:188} INFO - [2024-07-06T22:10:19.126+0700] {dag.py:3954} INFO - Setting next_dagrun for latest_only_with_trigger to 2024-07-06 08:00:00+00:00, run_after=2024-07-06 12:00:00+00:00
[2024-07-06T22:10:19.155+0700] {processor.py:183} INFO - Processing /home/acer/.local/share/virtualenvs/custom_airflow-E5ZHcY_K/lib/python3.12/site-packages/airflow/example_dags/example_latest_only_with_trigger.py took 0.143 seconds
[2024-07-06T22:11:23.100+0700] {processor.py:161} INFO - Started process (PID=19851) to work on /home/acer/.local/share/virtualenvs/custom_airflow-E5ZHcY_K/lib/python3.12/site-packages/airflow/example_dags/example_latest_only_with_trigger.py
[2024-07-06T22:11:23.101+0700] {processor.py:830} INFO - Processing file /home/acer/.local/share/virtualenvs/custom_airflow-E5ZHcY_K/lib/python3.12/site-packages/airflow/example_dags/example_latest_only_with_trigger.py for tasks to queue
[2024-07-06T22:11:23.103+0700] {logging_mixin.py:188} INFO - [2024-07-06T22:11:23.103+0700] {dagbag.py:545} INFO - Filling up the DagBag from /home/acer/.local/share/virtualenvs/custom_airflow-E5ZHcY_K/lib/python3.12/site-packages/airflow/example_dags/example_latest_only_with_trigger.py
[2024-07-06T22:11:23.109+0700] {processor.py:840} INFO - DAG(s) 'latest_only_with_trigger' retrieved from /home/acer/.local/share/virtualenvs/custom_airflow-E5ZHcY_K/lib/python3.12/site-packages/airflow/example_dags/example_latest_only_with_trigger.py
[2024-07-06T22:11:23.126+0700] {logging_mixin.py:188} INFO - [2024-07-06T22:11:23.126+0700] {dag.py:3096} INFO - Sync 1 DAGs
[2024-07-06T22:11:23.151+0700] {logging_mixin.py:188} INFO - [2024-07-06T22:11:23.151+0700] {dag.py:3954} INFO - Setting next_dagrun for latest_only_with_trigger to 2024-07-06 08:00:00+00:00, run_after=2024-07-06 12:00:00+00:00
[2024-07-06T22:11:23.173+0700] {processor.py:183} INFO - Processing /home/acer/.local/share/virtualenvs/custom_airflow-E5ZHcY_K/lib/python3.12/site-packages/airflow/example_dags/example_latest_only_with_trigger.py took 0.084 seconds
[2024-07-06T22:12:22.203+0700] {processor.py:161} INFO - Started process (PID=20175) to work on /home/acer/.local/share/virtualenvs/custom_airflow-E5ZHcY_K/lib/python3.12/site-packages/airflow/example_dags/example_latest_only_with_trigger.py
[2024-07-06T22:12:22.208+0700] {processor.py:830} INFO - Processing file /home/acer/.local/share/virtualenvs/custom_airflow-E5ZHcY_K/lib/python3.12/site-packages/airflow/example_dags/example_latest_only_with_trigger.py for tasks to queue
[2024-07-06T22:12:22.217+0700] {logging_mixin.py:188} INFO - [2024-07-06T22:12:22.215+0700] {dagbag.py:545} INFO - Filling up the DagBag from /home/acer/.local/share/virtualenvs/custom_airflow-E5ZHcY_K/lib/python3.12/site-packages/airflow/example_dags/example_latest_only_with_trigger.py
[2024-07-06T22:12:22.231+0700] {processor.py:840} INFO - DAG(s) 'latest_only_with_trigger' retrieved from /home/acer/.local/share/virtualenvs/custom_airflow-E5ZHcY_K/lib/python3.12/site-packages/airflow/example_dags/example_latest_only_with_trigger.py
[2024-07-06T22:12:22.274+0700] {logging_mixin.py:188} INFO - [2024-07-06T22:12:22.273+0700] {dag.py:3096} INFO - Sync 1 DAGs
[2024-07-06T22:12:22.307+0700] {logging_mixin.py:188} INFO - [2024-07-06T22:12:22.306+0700] {dag.py:3954} INFO - Setting next_dagrun for latest_only_with_trigger to 2024-07-06 08:00:00+00:00, run_after=2024-07-06 12:00:00+00:00
[2024-07-06T22:12:22.336+0700] {processor.py:183} INFO - Processing /home/acer/.local/share/virtualenvs/custom_airflow-E5ZHcY_K/lib/python3.12/site-packages/airflow/example_dags/example_latest_only_with_trigger.py took 0.154 seconds
[2024-07-06T22:13:21.373+0700] {processor.py:161} INFO - Started process (PID=20548) to work on /home/acer/.local/share/virtualenvs/custom_airflow-E5ZHcY_K/lib/python3.12/site-packages/airflow/example_dags/example_latest_only_with_trigger.py
[2024-07-06T22:13:21.377+0700] {processor.py:830} INFO - Processing file /home/acer/.local/share/virtualenvs/custom_airflow-E5ZHcY_K/lib/python3.12/site-packages/airflow/example_dags/example_latest_only_with_trigger.py for tasks to queue
[2024-07-06T22:13:21.380+0700] {logging_mixin.py:188} INFO - [2024-07-06T22:13:21.379+0700] {dagbag.py:545} INFO - Filling up the DagBag from /home/acer/.local/share/virtualenvs/custom_airflow-E5ZHcY_K/lib/python3.12/site-packages/airflow/example_dags/example_latest_only_with_trigger.py
[2024-07-06T22:13:21.393+0700] {processor.py:840} INFO - DAG(s) 'latest_only_with_trigger' retrieved from /home/acer/.local/share/virtualenvs/custom_airflow-E5ZHcY_K/lib/python3.12/site-packages/airflow/example_dags/example_latest_only_with_trigger.py
[2024-07-06T22:13:21.418+0700] {logging_mixin.py:188} INFO - [2024-07-06T22:13:21.417+0700] {dag.py:3096} INFO - Sync 1 DAGs
[2024-07-06T22:13:21.446+0700] {logging_mixin.py:188} INFO - [2024-07-06T22:13:21.446+0700] {dag.py:3954} INFO - Setting next_dagrun for latest_only_with_trigger to 2024-07-06 08:00:00+00:00, run_after=2024-07-06 12:00:00+00:00
[2024-07-06T22:13:21.499+0700] {processor.py:183} INFO - Processing /home/acer/.local/share/virtualenvs/custom_airflow-E5ZHcY_K/lib/python3.12/site-packages/airflow/example_dags/example_latest_only_with_trigger.py took 0.145 seconds
[2024-07-06T22:14:22.184+0700] {processor.py:161} INFO - Started process (PID=20893) to work on /home/acer/.local/share/virtualenvs/custom_airflow-E5ZHcY_K/lib/python3.12/site-packages/airflow/example_dags/example_latest_only_with_trigger.py
[2024-07-06T22:14:22.185+0700] {processor.py:830} INFO - Processing file /home/acer/.local/share/virtualenvs/custom_airflow-E5ZHcY_K/lib/python3.12/site-packages/airflow/example_dags/example_latest_only_with_trigger.py for tasks to queue
[2024-07-06T22:14:22.188+0700] {logging_mixin.py:188} INFO - [2024-07-06T22:14:22.187+0700] {dagbag.py:545} INFO - Filling up the DagBag from /home/acer/.local/share/virtualenvs/custom_airflow-E5ZHcY_K/lib/python3.12/site-packages/airflow/example_dags/example_latest_only_with_trigger.py
[2024-07-06T22:14:22.195+0700] {processor.py:840} INFO - DAG(s) 'latest_only_with_trigger' retrieved from /home/acer/.local/share/virtualenvs/custom_airflow-E5ZHcY_K/lib/python3.12/site-packages/airflow/example_dags/example_latest_only_with_trigger.py
[2024-07-06T22:14:22.217+0700] {logging_mixin.py:188} INFO - [2024-07-06T22:14:22.216+0700] {dag.py:3096} INFO - Sync 1 DAGs
[2024-07-06T22:14:22.249+0700] {logging_mixin.py:188} INFO - [2024-07-06T22:14:22.248+0700] {dag.py:3954} INFO - Setting next_dagrun for latest_only_with_trigger to 2024-07-06 08:00:00+00:00, run_after=2024-07-06 12:00:00+00:00
[2024-07-06T22:14:22.285+0700] {processor.py:183} INFO - Processing /home/acer/.local/share/virtualenvs/custom_airflow-E5ZHcY_K/lib/python3.12/site-packages/airflow/example_dags/example_latest_only_with_trigger.py took 0.109 seconds
[2024-07-06T22:15:25.878+0700] {processor.py:161} INFO - Started process (PID=21279) to work on /home/acer/.local/share/virtualenvs/custom_airflow-E5ZHcY_K/lib/python3.12/site-packages/airflow/example_dags/example_latest_only_with_trigger.py
[2024-07-06T22:15:25.880+0700] {processor.py:830} INFO - Processing file /home/acer/.local/share/virtualenvs/custom_airflow-E5ZHcY_K/lib/python3.12/site-packages/airflow/example_dags/example_latest_only_with_trigger.py for tasks to queue
[2024-07-06T22:15:25.893+0700] {logging_mixin.py:188} INFO - [2024-07-06T22:15:25.882+0700] {dagbag.py:545} INFO - Filling up the DagBag from /home/acer/.local/share/virtualenvs/custom_airflow-E5ZHcY_K/lib/python3.12/site-packages/airflow/example_dags/example_latest_only_with_trigger.py
[2024-07-06T22:15:25.904+0700] {processor.py:840} INFO - DAG(s) 'latest_only_with_trigger' retrieved from /home/acer/.local/share/virtualenvs/custom_airflow-E5ZHcY_K/lib/python3.12/site-packages/airflow/example_dags/example_latest_only_with_trigger.py
[2024-07-06T22:15:25.937+0700] {logging_mixin.py:188} INFO - [2024-07-06T22:15:25.936+0700] {dag.py:3096} INFO - Sync 1 DAGs
[2024-07-06T22:15:25.987+0700] {logging_mixin.py:188} INFO - [2024-07-06T22:15:25.987+0700] {dag.py:3954} INFO - Setting next_dagrun for latest_only_with_trigger to 2024-07-06 08:00:00+00:00, run_after=2024-07-06 12:00:00+00:00
[2024-07-06T22:15:26.046+0700] {processor.py:183} INFO - Processing /home/acer/.local/share/virtualenvs/custom_airflow-E5ZHcY_K/lib/python3.12/site-packages/airflow/example_dags/example_latest_only_with_trigger.py took 0.177 seconds
[2024-07-06T22:16:25.083+0700] {processor.py:161} INFO - Started process (PID=21571) to work on /home/acer/.local/share/virtualenvs/custom_airflow-E5ZHcY_K/lib/python3.12/site-packages/airflow/example_dags/example_latest_only_with_trigger.py
[2024-07-06T22:16:25.084+0700] {processor.py:830} INFO - Processing file /home/acer/.local/share/virtualenvs/custom_airflow-E5ZHcY_K/lib/python3.12/site-packages/airflow/example_dags/example_latest_only_with_trigger.py for tasks to queue
[2024-07-06T22:16:25.086+0700] {logging_mixin.py:188} INFO - [2024-07-06T22:16:25.086+0700] {dagbag.py:545} INFO - Filling up the DagBag from /home/acer/.local/share/virtualenvs/custom_airflow-E5ZHcY_K/lib/python3.12/site-packages/airflow/example_dags/example_latest_only_with_trigger.py
[2024-07-06T22:16:25.093+0700] {processor.py:840} INFO - DAG(s) 'latest_only_with_trigger' retrieved from /home/acer/.local/share/virtualenvs/custom_airflow-E5ZHcY_K/lib/python3.12/site-packages/airflow/example_dags/example_latest_only_with_trigger.py
[2024-07-06T22:16:25.118+0700] {logging_mixin.py:188} INFO - [2024-07-06T22:16:25.118+0700] {dag.py:3096} INFO - Sync 1 DAGs
[2024-07-06T22:16:25.146+0700] {logging_mixin.py:188} INFO - [2024-07-06T22:16:25.145+0700] {dag.py:3954} INFO - Setting next_dagrun for latest_only_with_trigger to 2024-07-06 08:00:00+00:00, run_after=2024-07-06 12:00:00+00:00
[2024-07-06T22:16:25.273+0700] {processor.py:183} INFO - Processing /home/acer/.local/share/virtualenvs/custom_airflow-E5ZHcY_K/lib/python3.12/site-packages/airflow/example_dags/example_latest_only_with_trigger.py took 0.200 seconds
[2024-07-06T22:17:20.267+0700] {processor.py:161} INFO - Started process (PID=21873) to work on /home/acer/.local/share/virtualenvs/custom_airflow-E5ZHcY_K/lib/python3.12/site-packages/airflow/example_dags/example_latest_only_with_trigger.py
[2024-07-06T22:17:20.268+0700] {processor.py:830} INFO - Processing file /home/acer/.local/share/virtualenvs/custom_airflow-E5ZHcY_K/lib/python3.12/site-packages/airflow/example_dags/example_latest_only_with_trigger.py for tasks to queue
[2024-07-06T22:17:20.271+0700] {logging_mixin.py:188} INFO - [2024-07-06T22:17:20.270+0700] {dagbag.py:545} INFO - Filling up the DagBag from /home/acer/.local/share/virtualenvs/custom_airflow-E5ZHcY_K/lib/python3.12/site-packages/airflow/example_dags/example_latest_only_with_trigger.py
[2024-07-06T22:17:20.281+0700] {processor.py:840} INFO - DAG(s) 'latest_only_with_trigger' retrieved from /home/acer/.local/share/virtualenvs/custom_airflow-E5ZHcY_K/lib/python3.12/site-packages/airflow/example_dags/example_latest_only_with_trigger.py
[2024-07-06T22:17:20.306+0700] {logging_mixin.py:188} INFO - [2024-07-06T22:17:20.306+0700] {dag.py:3096} INFO - Sync 1 DAGs
[2024-07-06T22:17:20.332+0700] {logging_mixin.py:188} INFO - [2024-07-06T22:17:20.331+0700] {dag.py:3954} INFO - Setting next_dagrun for latest_only_with_trigger to 2024-07-06 08:00:00+00:00, run_after=2024-07-06 12:00:00+00:00
[2024-07-06T22:17:20.361+0700] {processor.py:183} INFO - Processing /home/acer/.local/share/virtualenvs/custom_airflow-E5ZHcY_K/lib/python3.12/site-packages/airflow/example_dags/example_latest_only_with_trigger.py took 0.102 seconds
[2024-07-06T22:18:24.141+0700] {processor.py:161} INFO - Started process (PID=22209) to work on /home/acer/.local/share/virtualenvs/custom_airflow-E5ZHcY_K/lib/python3.12/site-packages/airflow/example_dags/example_latest_only_with_trigger.py
[2024-07-06T22:18:24.142+0700] {processor.py:830} INFO - Processing file /home/acer/.local/share/virtualenvs/custom_airflow-E5ZHcY_K/lib/python3.12/site-packages/airflow/example_dags/example_latest_only_with_trigger.py for tasks to queue
[2024-07-06T22:18:24.144+0700] {logging_mixin.py:188} INFO - [2024-07-06T22:18:24.144+0700] {dagbag.py:545} INFO - Filling up the DagBag from /home/acer/.local/share/virtualenvs/custom_airflow-E5ZHcY_K/lib/python3.12/site-packages/airflow/example_dags/example_latest_only_with_trigger.py
[2024-07-06T22:18:24.152+0700] {processor.py:840} INFO - DAG(s) 'latest_only_with_trigger' retrieved from /home/acer/.local/share/virtualenvs/custom_airflow-E5ZHcY_K/lib/python3.12/site-packages/airflow/example_dags/example_latest_only_with_trigger.py
[2024-07-06T22:18:24.172+0700] {logging_mixin.py:188} INFO - [2024-07-06T22:18:24.172+0700] {dag.py:3096} INFO - Sync 1 DAGs
[2024-07-06T22:18:24.198+0700] {logging_mixin.py:188} INFO - [2024-07-06T22:18:24.198+0700] {dag.py:3954} INFO - Setting next_dagrun for latest_only_with_trigger to 2024-07-06 08:00:00+00:00, run_after=2024-07-06 12:00:00+00:00
[2024-07-06T22:18:24.228+0700] {processor.py:183} INFO - Processing /home/acer/.local/share/virtualenvs/custom_airflow-E5ZHcY_K/lib/python3.12/site-packages/airflow/example_dags/example_latest_only_with_trigger.py took 0.098 seconds
[2024-07-06T22:19:26.033+0700] {processor.py:161} INFO - Started process (PID=22570) to work on /home/acer/.local/share/virtualenvs/custom_airflow-E5ZHcY_K/lib/python3.12/site-packages/airflow/example_dags/example_latest_only_with_trigger.py
[2024-07-06T22:19:26.035+0700] {processor.py:830} INFO - Processing file /home/acer/.local/share/virtualenvs/custom_airflow-E5ZHcY_K/lib/python3.12/site-packages/airflow/example_dags/example_latest_only_with_trigger.py for tasks to queue
[2024-07-06T22:19:26.040+0700] {logging_mixin.py:188} INFO - [2024-07-06T22:19:26.039+0700] {dagbag.py:545} INFO - Filling up the DagBag from /home/acer/.local/share/virtualenvs/custom_airflow-E5ZHcY_K/lib/python3.12/site-packages/airflow/example_dags/example_latest_only_with_trigger.py
[2024-07-06T22:19:26.050+0700] {processor.py:840} INFO - DAG(s) 'latest_only_with_trigger' retrieved from /home/acer/.local/share/virtualenvs/custom_airflow-E5ZHcY_K/lib/python3.12/site-packages/airflow/example_dags/example_latest_only_with_trigger.py
[2024-07-06T22:19:26.073+0700] {logging_mixin.py:188} INFO - [2024-07-06T22:19:26.072+0700] {dag.py:3096} INFO - Sync 1 DAGs
[2024-07-06T22:19:26.099+0700] {logging_mixin.py:188} INFO - [2024-07-06T22:19:26.099+0700] {dag.py:3954} INFO - Setting next_dagrun for latest_only_with_trigger to 2024-07-06 08:00:00+00:00, run_after=2024-07-06 12:00:00+00:00
[2024-07-06T22:19:26.126+0700] {processor.py:183} INFO - Processing /home/acer/.local/share/virtualenvs/custom_airflow-E5ZHcY_K/lib/python3.12/site-packages/airflow/example_dags/example_latest_only_with_trigger.py took 0.119 seconds
[2024-07-06T22:20:27.113+0700] {processor.py:161} INFO - Started process (PID=22871) to work on /home/acer/.local/share/virtualenvs/custom_airflow-E5ZHcY_K/lib/python3.12/site-packages/airflow/example_dags/example_latest_only_with_trigger.py
[2024-07-06T22:20:27.115+0700] {processor.py:830} INFO - Processing file /home/acer/.local/share/virtualenvs/custom_airflow-E5ZHcY_K/lib/python3.12/site-packages/airflow/example_dags/example_latest_only_with_trigger.py for tasks to queue
[2024-07-06T22:20:27.119+0700] {logging_mixin.py:188} INFO - [2024-07-06T22:20:27.118+0700] {dagbag.py:545} INFO - Filling up the DagBag from /home/acer/.local/share/virtualenvs/custom_airflow-E5ZHcY_K/lib/python3.12/site-packages/airflow/example_dags/example_latest_only_with_trigger.py
[2024-07-06T22:20:27.126+0700] {processor.py:840} INFO - DAG(s) 'latest_only_with_trigger' retrieved from /home/acer/.local/share/virtualenvs/custom_airflow-E5ZHcY_K/lib/python3.12/site-packages/airflow/example_dags/example_latest_only_with_trigger.py
[2024-07-06T22:20:27.147+0700] {logging_mixin.py:188} INFO - [2024-07-06T22:20:27.147+0700] {dag.py:3096} INFO - Sync 1 DAGs
[2024-07-06T22:20:27.177+0700] {logging_mixin.py:188} INFO - [2024-07-06T22:20:27.176+0700] {dag.py:3954} INFO - Setting next_dagrun for latest_only_with_trigger to 2024-07-06 08:00:00+00:00, run_after=2024-07-06 12:00:00+00:00
[2024-07-06T22:20:27.300+0700] {processor.py:183} INFO - Processing /home/acer/.local/share/virtualenvs/custom_airflow-E5ZHcY_K/lib/python3.12/site-packages/airflow/example_dags/example_latest_only_with_trigger.py took 0.195 seconds
