[2024-07-06T16:09:00.314+0700] {processor.py:161} INFO - Started process (PID=51183) to work on /home/acer/.local/share/virtualenvs/custom_airflow-E5ZHcY_K/lib/python3.12/site-packages/airflow/example_dags/example_task_group.py
[2024-07-06T16:09:00.316+0700] {processor.py:830} INFO - Processing file /home/acer/.local/share/virtualenvs/custom_airflow-E5ZHcY_K/lib/python3.12/site-packages/airflow/example_dags/example_task_group.py for tasks to queue
[2024-07-06T16:09:00.319+0700] {logging_mixin.py:188} INFO - [2024-07-06T16:09:00.318+0700] {dagbag.py:545} INFO - Filling up the DagBag from /home/acer/.local/share/virtualenvs/custom_airflow-E5ZHcY_K/lib/python3.12/site-packages/airflow/example_dags/example_task_group.py
[2024-07-06T16:09:00.333+0700] {processor.py:840} INFO - DAG(s) 'example_task_group' retrieved from /home/acer/.local/share/virtualenvs/custom_airflow-E5ZHcY_K/lib/python3.12/site-packages/airflow/example_dags/example_task_group.py
[2024-07-06T16:09:00.481+0700] {logging_mixin.py:188} INFO - [2024-07-06T16:09:00.480+0700] {override.py:1847} INFO - Created Permission View: can delete on DAG:example_task_group
[2024-07-06T16:09:00.494+0700] {logging_mixin.py:188} INFO - [2024-07-06T16:09:00.493+0700] {override.py:1847} INFO - Created Permission View: can edit on DAG:example_task_group
[2024-07-06T16:09:00.501+0700] {logging_mixin.py:188} INFO - [2024-07-06T16:09:00.501+0700] {override.py:1847} INFO - Created Permission View: can read on DAG:example_task_group
[2024-07-06T16:09:00.502+0700] {logging_mixin.py:188} INFO - [2024-07-06T16:09:00.502+0700] {dag.py:3096} INFO - Sync 1 DAGs
[2024-07-06T16:09:00.512+0700] {logging_mixin.py:188} INFO - [2024-07-06T16:09:00.512+0700] {dag.py:3118} INFO - Creating ORM DAG for example_task_group
[2024-07-06T16:09:00.525+0700] {logging_mixin.py:188} INFO - [2024-07-06T16:09:00.525+0700] {dag.py:3954} INFO - Setting next_dagrun for example_task_group to 2024-07-05 00:00:00+00:00, run_after=2024-07-06 00:00:00+00:00
[2024-07-06T16:09:00.559+0700] {processor.py:183} INFO - Processing /home/acer/.local/share/virtualenvs/custom_airflow-E5ZHcY_K/lib/python3.12/site-packages/airflow/example_dags/example_task_group.py took 0.255 seconds
[2024-07-06T16:09:59.652+0700] {processor.py:161} INFO - Started process (PID=51625) to work on /home/acer/.local/share/virtualenvs/custom_airflow-E5ZHcY_K/lib/python3.12/site-packages/airflow/example_dags/example_task_group.py
[2024-07-06T16:09:59.653+0700] {processor.py:830} INFO - Processing file /home/acer/.local/share/virtualenvs/custom_airflow-E5ZHcY_K/lib/python3.12/site-packages/airflow/example_dags/example_task_group.py for tasks to queue
[2024-07-06T16:09:59.655+0700] {logging_mixin.py:188} INFO - [2024-07-06T16:09:59.655+0700] {dagbag.py:545} INFO - Filling up the DagBag from /home/acer/.local/share/virtualenvs/custom_airflow-E5ZHcY_K/lib/python3.12/site-packages/airflow/example_dags/example_task_group.py
[2024-07-06T16:09:59.663+0700] {processor.py:840} INFO - DAG(s) 'example_task_group' retrieved from /home/acer/.local/share/virtualenvs/custom_airflow-E5ZHcY_K/lib/python3.12/site-packages/airflow/example_dags/example_task_group.py
[2024-07-06T16:09:59.681+0700] {logging_mixin.py:188} INFO - [2024-07-06T16:09:59.681+0700] {dag.py:3096} INFO - Sync 1 DAGs
[2024-07-06T16:09:59.703+0700] {logging_mixin.py:188} INFO - [2024-07-06T16:09:59.703+0700] {dag.py:3954} INFO - Setting next_dagrun for example_task_group to 2024-07-05 00:00:00+00:00, run_after=2024-07-06 00:00:00+00:00
[2024-07-06T16:09:59.728+0700] {processor.py:183} INFO - Processing /home/acer/.local/share/virtualenvs/custom_airflow-E5ZHcY_K/lib/python3.12/site-packages/airflow/example_dags/example_task_group.py took 0.083 seconds
[2024-07-06T16:10:51.929+0700] {processor.py:161} INFO - Started process (PID=52203) to work on /home/acer/.local/share/virtualenvs/custom_airflow-E5ZHcY_K/lib/python3.12/site-packages/airflow/example_dags/example_task_group.py
[2024-07-06T16:10:51.938+0700] {processor.py:830} INFO - Processing file /home/acer/.local/share/virtualenvs/custom_airflow-E5ZHcY_K/lib/python3.12/site-packages/airflow/example_dags/example_task_group.py for tasks to queue
[2024-07-06T16:10:51.940+0700] {logging_mixin.py:188} INFO - [2024-07-06T16:10:51.939+0700] {dagbag.py:545} INFO - Filling up the DagBag from /home/acer/.local/share/virtualenvs/custom_airflow-E5ZHcY_K/lib/python3.12/site-packages/airflow/example_dags/example_task_group.py
[2024-07-06T16:10:51.958+0700] {processor.py:840} INFO - DAG(s) 'example_task_group' retrieved from /home/acer/.local/share/virtualenvs/custom_airflow-E5ZHcY_K/lib/python3.12/site-packages/airflow/example_dags/example_task_group.py
[2024-07-06T16:10:51.997+0700] {logging_mixin.py:188} INFO - [2024-07-06T16:10:51.997+0700] {dag.py:3096} INFO - Sync 1 DAGs
[2024-07-06T16:10:52.051+0700] {logging_mixin.py:188} INFO - [2024-07-06T16:10:52.050+0700] {dag.py:3954} INFO - Setting next_dagrun for example_task_group to 2024-07-05 00:00:00+00:00, run_after=2024-07-06 00:00:00+00:00
[2024-07-06T16:10:52.170+0700] {processor.py:183} INFO - Processing /home/acer/.local/share/virtualenvs/custom_airflow-E5ZHcY_K/lib/python3.12/site-packages/airflow/example_dags/example_task_group.py took 0.251 seconds
[2024-07-06T16:11:46.953+0700] {processor.py:161} INFO - Started process (PID=52563) to work on /home/acer/.local/share/virtualenvs/custom_airflow-E5ZHcY_K/lib/python3.12/site-packages/airflow/example_dags/example_task_group.py
[2024-07-06T16:11:46.954+0700] {processor.py:830} INFO - Processing file /home/acer/.local/share/virtualenvs/custom_airflow-E5ZHcY_K/lib/python3.12/site-packages/airflow/example_dags/example_task_group.py for tasks to queue
[2024-07-06T16:11:46.956+0700] {logging_mixin.py:188} INFO - [2024-07-06T16:11:46.955+0700] {dagbag.py:545} INFO - Filling up the DagBag from /home/acer/.local/share/virtualenvs/custom_airflow-E5ZHcY_K/lib/python3.12/site-packages/airflow/example_dags/example_task_group.py
[2024-07-06T16:11:46.969+0700] {processor.py:840} INFO - DAG(s) 'example_task_group' retrieved from /home/acer/.local/share/virtualenvs/custom_airflow-E5ZHcY_K/lib/python3.12/site-packages/airflow/example_dags/example_task_group.py
[2024-07-06T16:11:46.992+0700] {logging_mixin.py:188} INFO - [2024-07-06T16:11:46.992+0700] {dag.py:3096} INFO - Sync 1 DAGs
[2024-07-06T16:11:47.027+0700] {logging_mixin.py:188} INFO - [2024-07-06T16:11:47.026+0700] {dag.py:3954} INFO - Setting next_dagrun for example_task_group to 2024-07-05 00:00:00+00:00, run_after=2024-07-06 00:00:00+00:00
[2024-07-06T16:11:47.059+0700] {processor.py:183} INFO - Processing /home/acer/.local/share/virtualenvs/custom_airflow-E5ZHcY_K/lib/python3.12/site-packages/airflow/example_dags/example_task_group.py took 0.117 seconds
[2024-07-06T16:15:51.740+0700] {processor.py:161} INFO - Started process (PID=54797) to work on /home/acer/.local/share/virtualenvs/custom_airflow-E5ZHcY_K/lib/python3.12/site-packages/airflow/example_dags/example_task_group.py
[2024-07-06T16:15:51.741+0700] {processor.py:830} INFO - Processing file /home/acer/.local/share/virtualenvs/custom_airflow-E5ZHcY_K/lib/python3.12/site-packages/airflow/example_dags/example_task_group.py for tasks to queue
[2024-07-06T16:15:51.744+0700] {logging_mixin.py:188} INFO - [2024-07-06T16:15:51.743+0700] {dagbag.py:545} INFO - Filling up the DagBag from /home/acer/.local/share/virtualenvs/custom_airflow-E5ZHcY_K/lib/python3.12/site-packages/airflow/example_dags/example_task_group.py
[2024-07-06T16:15:51.758+0700] {processor.py:840} INFO - DAG(s) 'example_task_group' retrieved from /home/acer/.local/share/virtualenvs/custom_airflow-E5ZHcY_K/lib/python3.12/site-packages/airflow/example_dags/example_task_group.py
[2024-07-06T16:15:51.925+0700] {logging_mixin.py:188} INFO - [2024-07-06T16:15:51.925+0700] {dag.py:3096} INFO - Sync 1 DAGs
[2024-07-06T16:15:51.948+0700] {logging_mixin.py:188} INFO - [2024-07-06T16:15:51.947+0700] {dag.py:3954} INFO - Setting next_dagrun for example_task_group to 2024-07-05 00:00:00+00:00, run_after=2024-07-06 00:00:00+00:00
[2024-07-06T16:15:51.974+0700] {processor.py:183} INFO - Processing /home/acer/.local/share/virtualenvs/custom_airflow-E5ZHcY_K/lib/python3.12/site-packages/airflow/example_dags/example_task_group.py took 0.242 seconds
[2024-07-06T16:16:49.596+0700] {processor.py:161} INFO - Started process (PID=55338) to work on /home/acer/.local/share/virtualenvs/custom_airflow-E5ZHcY_K/lib/python3.12/site-packages/airflow/example_dags/example_task_group.py
[2024-07-06T16:16:49.598+0700] {processor.py:830} INFO - Processing file /home/acer/.local/share/virtualenvs/custom_airflow-E5ZHcY_K/lib/python3.12/site-packages/airflow/example_dags/example_task_group.py for tasks to queue
[2024-07-06T16:16:49.601+0700] {logging_mixin.py:188} INFO - [2024-07-06T16:16:49.600+0700] {dagbag.py:545} INFO - Filling up the DagBag from /home/acer/.local/share/virtualenvs/custom_airflow-E5ZHcY_K/lib/python3.12/site-packages/airflow/example_dags/example_task_group.py
[2024-07-06T16:16:49.611+0700] {processor.py:840} INFO - DAG(s) 'example_task_group' retrieved from /home/acer/.local/share/virtualenvs/custom_airflow-E5ZHcY_K/lib/python3.12/site-packages/airflow/example_dags/example_task_group.py
[2024-07-06T16:16:49.631+0700] {logging_mixin.py:188} INFO - [2024-07-06T16:16:49.631+0700] {dag.py:3096} INFO - Sync 1 DAGs
[2024-07-06T16:16:49.654+0700] {logging_mixin.py:188} INFO - [2024-07-06T16:16:49.654+0700] {dag.py:3954} INFO - Setting next_dagrun for example_task_group to 2024-07-05 00:00:00+00:00, run_after=2024-07-06 00:00:00+00:00
[2024-07-06T16:16:49.690+0700] {processor.py:183} INFO - Processing /home/acer/.local/share/virtualenvs/custom_airflow-E5ZHcY_K/lib/python3.12/site-packages/airflow/example_dags/example_task_group.py took 0.113 seconds
[2024-07-06T16:17:41.470+0700] {processor.py:161} INFO - Started process (PID=55773) to work on /home/acer/.local/share/virtualenvs/custom_airflow-E5ZHcY_K/lib/python3.12/site-packages/airflow/example_dags/example_task_group.py
[2024-07-06T16:17:41.472+0700] {processor.py:830} INFO - Processing file /home/acer/.local/share/virtualenvs/custom_airflow-E5ZHcY_K/lib/python3.12/site-packages/airflow/example_dags/example_task_group.py for tasks to queue
[2024-07-06T16:17:41.476+0700] {logging_mixin.py:188} INFO - [2024-07-06T16:17:41.475+0700] {dagbag.py:545} INFO - Filling up the DagBag from /home/acer/.local/share/virtualenvs/custom_airflow-E5ZHcY_K/lib/python3.12/site-packages/airflow/example_dags/example_task_group.py
[2024-07-06T16:17:41.488+0700] {processor.py:840} INFO - DAG(s) 'example_task_group' retrieved from /home/acer/.local/share/virtualenvs/custom_airflow-E5ZHcY_K/lib/python3.12/site-packages/airflow/example_dags/example_task_group.py
[2024-07-06T16:17:41.506+0700] {logging_mixin.py:188} INFO - [2024-07-06T16:17:41.506+0700] {dag.py:3096} INFO - Sync 1 DAGs
[2024-07-06T16:17:41.527+0700] {logging_mixin.py:188} INFO - [2024-07-06T16:17:41.527+0700] {dag.py:3954} INFO - Setting next_dagrun for example_task_group to 2024-07-05 00:00:00+00:00, run_after=2024-07-06 00:00:00+00:00
[2024-07-06T16:17:41.550+0700] {processor.py:183} INFO - Processing /home/acer/.local/share/virtualenvs/custom_airflow-E5ZHcY_K/lib/python3.12/site-packages/airflow/example_dags/example_task_group.py took 0.097 seconds
[2024-07-06T16:18:35.269+0700] {processor.py:161} INFO - Started process (PID=56035) to work on /home/acer/.local/share/virtualenvs/custom_airflow-E5ZHcY_K/lib/python3.12/site-packages/airflow/example_dags/example_task_group.py
[2024-07-06T16:18:35.270+0700] {processor.py:830} INFO - Processing file /home/acer/.local/share/virtualenvs/custom_airflow-E5ZHcY_K/lib/python3.12/site-packages/airflow/example_dags/example_task_group.py for tasks to queue
[2024-07-06T16:18:35.273+0700] {logging_mixin.py:188} INFO - [2024-07-06T16:18:35.272+0700] {dagbag.py:545} INFO - Filling up the DagBag from /home/acer/.local/share/virtualenvs/custom_airflow-E5ZHcY_K/lib/python3.12/site-packages/airflow/example_dags/example_task_group.py
[2024-07-06T16:18:35.281+0700] {processor.py:840} INFO - DAG(s) 'example_task_group' retrieved from /home/acer/.local/share/virtualenvs/custom_airflow-E5ZHcY_K/lib/python3.12/site-packages/airflow/example_dags/example_task_group.py
[2024-07-06T16:18:35.299+0700] {logging_mixin.py:188} INFO - [2024-07-06T16:18:35.299+0700] {dag.py:3096} INFO - Sync 1 DAGs
[2024-07-06T16:18:35.319+0700] {logging_mixin.py:188} INFO - [2024-07-06T16:18:35.319+0700] {dag.py:3954} INFO - Setting next_dagrun for example_task_group to 2024-07-05 00:00:00+00:00, run_after=2024-07-06 00:00:00+00:00
[2024-07-06T16:18:35.341+0700] {processor.py:183} INFO - Processing /home/acer/.local/share/virtualenvs/custom_airflow-E5ZHcY_K/lib/python3.12/site-packages/airflow/example_dags/example_task_group.py took 0.079 seconds
[2024-07-06T16:19:24.986+0700] {processor.py:161} INFO - Started process (PID=56405) to work on /home/acer/.local/share/virtualenvs/custom_airflow-E5ZHcY_K/lib/python3.12/site-packages/airflow/example_dags/example_task_group.py
[2024-07-06T16:19:24.987+0700] {processor.py:830} INFO - Processing file /home/acer/.local/share/virtualenvs/custom_airflow-E5ZHcY_K/lib/python3.12/site-packages/airflow/example_dags/example_task_group.py for tasks to queue
[2024-07-06T16:19:24.990+0700] {logging_mixin.py:188} INFO - [2024-07-06T16:19:24.989+0700] {dagbag.py:545} INFO - Filling up the DagBag from /home/acer/.local/share/virtualenvs/custom_airflow-E5ZHcY_K/lib/python3.12/site-packages/airflow/example_dags/example_task_group.py
[2024-07-06T16:19:24.999+0700] {processor.py:840} INFO - DAG(s) 'example_task_group' retrieved from /home/acer/.local/share/virtualenvs/custom_airflow-E5ZHcY_K/lib/python3.12/site-packages/airflow/example_dags/example_task_group.py
[2024-07-06T16:19:25.017+0700] {logging_mixin.py:188} INFO - [2024-07-06T16:19:25.017+0700] {dag.py:3096} INFO - Sync 1 DAGs
[2024-07-06T16:19:25.044+0700] {logging_mixin.py:188} INFO - [2024-07-06T16:19:25.044+0700] {dag.py:3954} INFO - Setting next_dagrun for example_task_group to 2024-07-05 00:00:00+00:00, run_after=2024-07-06 00:00:00+00:00
[2024-07-06T16:19:25.068+0700] {processor.py:183} INFO - Processing /home/acer/.local/share/virtualenvs/custom_airflow-E5ZHcY_K/lib/python3.12/site-packages/airflow/example_dags/example_task_group.py took 0.103 seconds
[2024-07-06T16:20:16.931+0700] {processor.py:161} INFO - Started process (PID=57025) to work on /home/acer/.local/share/virtualenvs/custom_airflow-E5ZHcY_K/lib/python3.12/site-packages/airflow/example_dags/example_task_group.py
[2024-07-06T16:20:16.932+0700] {processor.py:830} INFO - Processing file /home/acer/.local/share/virtualenvs/custom_airflow-E5ZHcY_K/lib/python3.12/site-packages/airflow/example_dags/example_task_group.py for tasks to queue
[2024-07-06T16:20:16.936+0700] {logging_mixin.py:188} INFO - [2024-07-06T16:20:16.935+0700] {dagbag.py:545} INFO - Filling up the DagBag from /home/acer/.local/share/virtualenvs/custom_airflow-E5ZHcY_K/lib/python3.12/site-packages/airflow/example_dags/example_task_group.py
[2024-07-06T16:20:16.946+0700] {processor.py:840} INFO - DAG(s) 'example_task_group' retrieved from /home/acer/.local/share/virtualenvs/custom_airflow-E5ZHcY_K/lib/python3.12/site-packages/airflow/example_dags/example_task_group.py
[2024-07-06T16:20:16.964+0700] {logging_mixin.py:188} INFO - [2024-07-06T16:20:16.964+0700] {dag.py:3096} INFO - Sync 1 DAGs
[2024-07-06T16:20:16.988+0700] {logging_mixin.py:188} INFO - [2024-07-06T16:20:16.988+0700] {dag.py:3954} INFO - Setting next_dagrun for example_task_group to 2024-07-05 00:00:00+00:00, run_after=2024-07-06 00:00:00+00:00
[2024-07-06T16:20:17.012+0700] {processor.py:183} INFO - Processing /home/acer/.local/share/virtualenvs/custom_airflow-E5ZHcY_K/lib/python3.12/site-packages/airflow/example_dags/example_task_group.py took 0.089 seconds
[2024-07-06T16:21:14.304+0700] {processor.py:161} INFO - Started process (PID=57494) to work on /home/acer/.local/share/virtualenvs/custom_airflow-E5ZHcY_K/lib/python3.12/site-packages/airflow/example_dags/example_task_group.py
[2024-07-06T16:21:14.306+0700] {processor.py:830} INFO - Processing file /home/acer/.local/share/virtualenvs/custom_airflow-E5ZHcY_K/lib/python3.12/site-packages/airflow/example_dags/example_task_group.py for tasks to queue
[2024-07-06T16:21:14.310+0700] {logging_mixin.py:188} INFO - [2024-07-06T16:21:14.309+0700] {dagbag.py:545} INFO - Filling up the DagBag from /home/acer/.local/share/virtualenvs/custom_airflow-E5ZHcY_K/lib/python3.12/site-packages/airflow/example_dags/example_task_group.py
[2024-07-06T16:21:14.320+0700] {processor.py:840} INFO - DAG(s) 'example_task_group' retrieved from /home/acer/.local/share/virtualenvs/custom_airflow-E5ZHcY_K/lib/python3.12/site-packages/airflow/example_dags/example_task_group.py
[2024-07-06T16:21:14.338+0700] {logging_mixin.py:188} INFO - [2024-07-06T16:21:14.338+0700] {dag.py:3096} INFO - Sync 1 DAGs
[2024-07-06T16:21:14.361+0700] {logging_mixin.py:188} INFO - [2024-07-06T16:21:14.361+0700] {dag.py:3954} INFO - Setting next_dagrun for example_task_group to 2024-07-05 00:00:00+00:00, run_after=2024-07-06 00:00:00+00:00
[2024-07-06T16:21:14.383+0700] {processor.py:183} INFO - Processing /home/acer/.local/share/virtualenvs/custom_airflow-E5ZHcY_K/lib/python3.12/site-packages/airflow/example_dags/example_task_group.py took 0.096 seconds
[2024-07-06T16:22:08.414+0700] {processor.py:161} INFO - Started process (PID=57832) to work on /home/acer/.local/share/virtualenvs/custom_airflow-E5ZHcY_K/lib/python3.12/site-packages/airflow/example_dags/example_task_group.py
[2024-07-06T16:22:08.416+0700] {processor.py:830} INFO - Processing file /home/acer/.local/share/virtualenvs/custom_airflow-E5ZHcY_K/lib/python3.12/site-packages/airflow/example_dags/example_task_group.py for tasks to queue
[2024-07-06T16:22:08.420+0700] {logging_mixin.py:188} INFO - [2024-07-06T16:22:08.420+0700] {dagbag.py:545} INFO - Filling up the DagBag from /home/acer/.local/share/virtualenvs/custom_airflow-E5ZHcY_K/lib/python3.12/site-packages/airflow/example_dags/example_task_group.py
[2024-07-06T16:22:08.433+0700] {processor.py:840} INFO - DAG(s) 'example_task_group' retrieved from /home/acer/.local/share/virtualenvs/custom_airflow-E5ZHcY_K/lib/python3.12/site-packages/airflow/example_dags/example_task_group.py
[2024-07-06T16:22:08.452+0700] {logging_mixin.py:188} INFO - [2024-07-06T16:22:08.451+0700] {dag.py:3096} INFO - Sync 1 DAGs
[2024-07-06T16:22:08.483+0700] {logging_mixin.py:188} INFO - [2024-07-06T16:22:08.483+0700] {dag.py:3954} INFO - Setting next_dagrun for example_task_group to 2024-07-05 00:00:00+00:00, run_after=2024-07-06 00:00:00+00:00
[2024-07-06T16:22:08.506+0700] {processor.py:183} INFO - Processing /home/acer/.local/share/virtualenvs/custom_airflow-E5ZHcY_K/lib/python3.12/site-packages/airflow/example_dags/example_task_group.py took 0.105 seconds
[2024-07-06T16:23:00.242+0700] {processor.py:161} INFO - Started process (PID=58111) to work on /home/acer/.local/share/virtualenvs/custom_airflow-E5ZHcY_K/lib/python3.12/site-packages/airflow/example_dags/example_task_group.py
[2024-07-06T16:23:00.246+0700] {processor.py:830} INFO - Processing file /home/acer/.local/share/virtualenvs/custom_airflow-E5ZHcY_K/lib/python3.12/site-packages/airflow/example_dags/example_task_group.py for tasks to queue
[2024-07-06T16:23:00.255+0700] {logging_mixin.py:188} INFO - [2024-07-06T16:23:00.253+0700] {dagbag.py:545} INFO - Filling up the DagBag from /home/acer/.local/share/virtualenvs/custom_airflow-E5ZHcY_K/lib/python3.12/site-packages/airflow/example_dags/example_task_group.py
[2024-07-06T16:23:00.287+0700] {processor.py:840} INFO - DAG(s) 'example_task_group' retrieved from /home/acer/.local/share/virtualenvs/custom_airflow-E5ZHcY_K/lib/python3.12/site-packages/airflow/example_dags/example_task_group.py
[2024-07-06T16:23:00.317+0700] {logging_mixin.py:188} INFO - [2024-07-06T16:23:00.316+0700] {dag.py:3096} INFO - Sync 1 DAGs
[2024-07-06T16:23:00.342+0700] {logging_mixin.py:188} INFO - [2024-07-06T16:23:00.342+0700] {dag.py:3954} INFO - Setting next_dagrun for example_task_group to 2024-07-05 00:00:00+00:00, run_after=2024-07-06 00:00:00+00:00
[2024-07-06T16:23:00.371+0700] {processor.py:183} INFO - Processing /home/acer/.local/share/virtualenvs/custom_airflow-E5ZHcY_K/lib/python3.12/site-packages/airflow/example_dags/example_task_group.py took 0.157 seconds
[2024-07-06T16:24:16.988+0700] {processor.py:161} INFO - Started process (PID=59175) to work on /home/acer/.local/share/virtualenvs/custom_airflow-E5ZHcY_K/lib/python3.12/site-packages/airflow/example_dags/example_task_group.py
[2024-07-06T16:24:16.991+0700] {processor.py:830} INFO - Processing file /home/acer/.local/share/virtualenvs/custom_airflow-E5ZHcY_K/lib/python3.12/site-packages/airflow/example_dags/example_task_group.py for tasks to queue
[2024-07-06T16:24:17.002+0700] {logging_mixin.py:188} INFO - [2024-07-06T16:24:17.000+0700] {dagbag.py:545} INFO - Filling up the DagBag from /home/acer/.local/share/virtualenvs/custom_airflow-E5ZHcY_K/lib/python3.12/site-packages/airflow/example_dags/example_task_group.py
[2024-07-06T16:24:17.030+0700] {processor.py:840} INFO - DAG(s) 'example_task_group' retrieved from /home/acer/.local/share/virtualenvs/custom_airflow-E5ZHcY_K/lib/python3.12/site-packages/airflow/example_dags/example_task_group.py
[2024-07-06T16:24:17.065+0700] {logging_mixin.py:188} INFO - [2024-07-06T16:24:17.064+0700] {dag.py:3096} INFO - Sync 1 DAGs
[2024-07-06T16:24:17.087+0700] {logging_mixin.py:188} INFO - [2024-07-06T16:24:17.087+0700] {dag.py:3954} INFO - Setting next_dagrun for example_task_group to 2024-07-05 00:00:00+00:00, run_after=2024-07-06 00:00:00+00:00
[2024-07-06T16:24:17.114+0700] {processor.py:183} INFO - Processing /home/acer/.local/share/virtualenvs/custom_airflow-E5ZHcY_K/lib/python3.12/site-packages/airflow/example_dags/example_task_group.py took 0.148 seconds
[2024-07-06T16:25:12.560+0700] {processor.py:161} INFO - Started process (PID=59550) to work on /home/acer/.local/share/virtualenvs/custom_airflow-E5ZHcY_K/lib/python3.12/site-packages/airflow/example_dags/example_task_group.py
[2024-07-06T16:25:12.561+0700] {processor.py:830} INFO - Processing file /home/acer/.local/share/virtualenvs/custom_airflow-E5ZHcY_K/lib/python3.12/site-packages/airflow/example_dags/example_task_group.py for tasks to queue
[2024-07-06T16:25:12.563+0700] {logging_mixin.py:188} INFO - [2024-07-06T16:25:12.563+0700] {dagbag.py:545} INFO - Filling up the DagBag from /home/acer/.local/share/virtualenvs/custom_airflow-E5ZHcY_K/lib/python3.12/site-packages/airflow/example_dags/example_task_group.py
[2024-07-06T16:25:12.570+0700] {processor.py:840} INFO - DAG(s) 'example_task_group' retrieved from /home/acer/.local/share/virtualenvs/custom_airflow-E5ZHcY_K/lib/python3.12/site-packages/airflow/example_dags/example_task_group.py
[2024-07-06T16:25:12.587+0700] {logging_mixin.py:188} INFO - [2024-07-06T16:25:12.587+0700] {dag.py:3096} INFO - Sync 1 DAGs
[2024-07-06T16:25:12.607+0700] {logging_mixin.py:188} INFO - [2024-07-06T16:25:12.607+0700] {dag.py:3954} INFO - Setting next_dagrun for example_task_group to 2024-07-05 00:00:00+00:00, run_after=2024-07-06 00:00:00+00:00
[2024-07-06T16:25:12.628+0700] {processor.py:183} INFO - Processing /home/acer/.local/share/virtualenvs/custom_airflow-E5ZHcY_K/lib/python3.12/site-packages/airflow/example_dags/example_task_group.py took 0.073 seconds
[2024-07-06T16:26:04.706+0700] {processor.py:161} INFO - Started process (PID=59999) to work on /home/acer/.local/share/virtualenvs/custom_airflow-E5ZHcY_K/lib/python3.12/site-packages/airflow/example_dags/example_task_group.py
[2024-07-06T16:26:04.707+0700] {processor.py:830} INFO - Processing file /home/acer/.local/share/virtualenvs/custom_airflow-E5ZHcY_K/lib/python3.12/site-packages/airflow/example_dags/example_task_group.py for tasks to queue
[2024-07-06T16:26:04.710+0700] {logging_mixin.py:188} INFO - [2024-07-06T16:26:04.709+0700] {dagbag.py:545} INFO - Filling up the DagBag from /home/acer/.local/share/virtualenvs/custom_airflow-E5ZHcY_K/lib/python3.12/site-packages/airflow/example_dags/example_task_group.py
[2024-07-06T16:26:04.716+0700] {processor.py:840} INFO - DAG(s) 'example_task_group' retrieved from /home/acer/.local/share/virtualenvs/custom_airflow-E5ZHcY_K/lib/python3.12/site-packages/airflow/example_dags/example_task_group.py
[2024-07-06T16:26:04.734+0700] {logging_mixin.py:188} INFO - [2024-07-06T16:26:04.734+0700] {dag.py:3096} INFO - Sync 1 DAGs
[2024-07-06T16:26:04.756+0700] {logging_mixin.py:188} INFO - [2024-07-06T16:26:04.755+0700] {dag.py:3954} INFO - Setting next_dagrun for example_task_group to 2024-07-05 00:00:00+00:00, run_after=2024-07-06 00:00:00+00:00
[2024-07-06T16:26:04.777+0700] {processor.py:183} INFO - Processing /home/acer/.local/share/virtualenvs/custom_airflow-E5ZHcY_K/lib/python3.12/site-packages/airflow/example_dags/example_task_group.py took 0.077 seconds
[2024-07-06T16:26:58.196+0700] {processor.py:161} INFO - Started process (PID=60272) to work on /home/acer/.local/share/virtualenvs/custom_airflow-E5ZHcY_K/lib/python3.12/site-packages/airflow/example_dags/example_task_group.py
[2024-07-06T16:26:58.198+0700] {processor.py:830} INFO - Processing file /home/acer/.local/share/virtualenvs/custom_airflow-E5ZHcY_K/lib/python3.12/site-packages/airflow/example_dags/example_task_group.py for tasks to queue
[2024-07-06T16:26:58.200+0700] {logging_mixin.py:188} INFO - [2024-07-06T16:26:58.200+0700] {dagbag.py:545} INFO - Filling up the DagBag from /home/acer/.local/share/virtualenvs/custom_airflow-E5ZHcY_K/lib/python3.12/site-packages/airflow/example_dags/example_task_group.py
[2024-07-06T16:26:58.210+0700] {processor.py:840} INFO - DAG(s) 'example_task_group' retrieved from /home/acer/.local/share/virtualenvs/custom_airflow-E5ZHcY_K/lib/python3.12/site-packages/airflow/example_dags/example_task_group.py
[2024-07-06T16:26:58.228+0700] {logging_mixin.py:188} INFO - [2024-07-06T16:26:58.228+0700] {dag.py:3096} INFO - Sync 1 DAGs
[2024-07-06T16:26:58.249+0700] {logging_mixin.py:188} INFO - [2024-07-06T16:26:58.248+0700] {dag.py:3954} INFO - Setting next_dagrun for example_task_group to 2024-07-05 00:00:00+00:00, run_after=2024-07-06 00:00:00+00:00
[2024-07-06T16:26:58.269+0700] {processor.py:183} INFO - Processing /home/acer/.local/share/virtualenvs/custom_airflow-E5ZHcY_K/lib/python3.12/site-packages/airflow/example_dags/example_task_group.py took 0.080 seconds
[2024-07-06T16:27:47.861+0700] {processor.py:161} INFO - Started process (PID=60532) to work on /home/acer/.local/share/virtualenvs/custom_airflow-E5ZHcY_K/lib/python3.12/site-packages/airflow/example_dags/example_task_group.py
[2024-07-06T16:27:47.863+0700] {processor.py:830} INFO - Processing file /home/acer/.local/share/virtualenvs/custom_airflow-E5ZHcY_K/lib/python3.12/site-packages/airflow/example_dags/example_task_group.py for tasks to queue
[2024-07-06T16:27:47.866+0700] {logging_mixin.py:188} INFO - [2024-07-06T16:27:47.865+0700] {dagbag.py:545} INFO - Filling up the DagBag from /home/acer/.local/share/virtualenvs/custom_airflow-E5ZHcY_K/lib/python3.12/site-packages/airflow/example_dags/example_task_group.py
[2024-07-06T16:27:47.876+0700] {processor.py:840} INFO - DAG(s) 'example_task_group' retrieved from /home/acer/.local/share/virtualenvs/custom_airflow-E5ZHcY_K/lib/python3.12/site-packages/airflow/example_dags/example_task_group.py
[2024-07-06T16:27:47.894+0700] {logging_mixin.py:188} INFO - [2024-07-06T16:27:47.894+0700] {dag.py:3096} INFO - Sync 1 DAGs
[2024-07-06T16:27:47.914+0700] {logging_mixin.py:188} INFO - [2024-07-06T16:27:47.914+0700] {dag.py:3954} INFO - Setting next_dagrun for example_task_group to 2024-07-05 00:00:00+00:00, run_after=2024-07-06 00:00:00+00:00
[2024-07-06T16:27:47.935+0700] {processor.py:183} INFO - Processing /home/acer/.local/share/virtualenvs/custom_airflow-E5ZHcY_K/lib/python3.12/site-packages/airflow/example_dags/example_task_group.py took 0.089 seconds
[2024-07-06T16:28:33.633+0700] {processor.py:161} INFO - Started process (PID=60758) to work on /home/acer/.local/share/virtualenvs/custom_airflow-E5ZHcY_K/lib/python3.12/site-packages/airflow/example_dags/example_task_group.py
[2024-07-06T16:28:33.634+0700] {processor.py:830} INFO - Processing file /home/acer/.local/share/virtualenvs/custom_airflow-E5ZHcY_K/lib/python3.12/site-packages/airflow/example_dags/example_task_group.py for tasks to queue
[2024-07-06T16:28:33.635+0700] {logging_mixin.py:188} INFO - [2024-07-06T16:28:33.635+0700] {dagbag.py:545} INFO - Filling up the DagBag from /home/acer/.local/share/virtualenvs/custom_airflow-E5ZHcY_K/lib/python3.12/site-packages/airflow/example_dags/example_task_group.py
[2024-07-06T16:28:33.642+0700] {processor.py:840} INFO - DAG(s) 'example_task_group' retrieved from /home/acer/.local/share/virtualenvs/custom_airflow-E5ZHcY_K/lib/python3.12/site-packages/airflow/example_dags/example_task_group.py
[2024-07-06T16:28:33.659+0700] {logging_mixin.py:188} INFO - [2024-07-06T16:28:33.659+0700] {dag.py:3096} INFO - Sync 1 DAGs
[2024-07-06T16:28:33.679+0700] {logging_mixin.py:188} INFO - [2024-07-06T16:28:33.679+0700] {dag.py:3954} INFO - Setting next_dagrun for example_task_group to 2024-07-05 00:00:00+00:00, run_after=2024-07-06 00:00:00+00:00
[2024-07-06T16:28:33.711+0700] {processor.py:183} INFO - Processing /home/acer/.local/share/virtualenvs/custom_airflow-E5ZHcY_K/lib/python3.12/site-packages/airflow/example_dags/example_task_group.py took 0.084 seconds
[2024-07-06T16:29:21.826+0700] {processor.py:161} INFO - Started process (PID=60987) to work on /home/acer/.local/share/virtualenvs/custom_airflow-E5ZHcY_K/lib/python3.12/site-packages/airflow/example_dags/example_task_group.py
[2024-07-06T16:29:21.827+0700] {processor.py:830} INFO - Processing file /home/acer/.local/share/virtualenvs/custom_airflow-E5ZHcY_K/lib/python3.12/site-packages/airflow/example_dags/example_task_group.py for tasks to queue
[2024-07-06T16:29:21.828+0700] {logging_mixin.py:188} INFO - [2024-07-06T16:29:21.828+0700] {dagbag.py:545} INFO - Filling up the DagBag from /home/acer/.local/share/virtualenvs/custom_airflow-E5ZHcY_K/lib/python3.12/site-packages/airflow/example_dags/example_task_group.py
[2024-07-06T16:29:21.838+0700] {processor.py:840} INFO - DAG(s) 'example_task_group' retrieved from /home/acer/.local/share/virtualenvs/custom_airflow-E5ZHcY_K/lib/python3.12/site-packages/airflow/example_dags/example_task_group.py
[2024-07-06T16:29:21.856+0700] {logging_mixin.py:188} INFO - [2024-07-06T16:29:21.856+0700] {dag.py:3096} INFO - Sync 1 DAGs
[2024-07-06T16:29:21.877+0700] {logging_mixin.py:188} INFO - [2024-07-06T16:29:21.877+0700] {dag.py:3954} INFO - Setting next_dagrun for example_task_group to 2024-07-05 00:00:00+00:00, run_after=2024-07-06 00:00:00+00:00
[2024-07-06T16:29:21.897+0700] {processor.py:183} INFO - Processing /home/acer/.local/share/virtualenvs/custom_airflow-E5ZHcY_K/lib/python3.12/site-packages/airflow/example_dags/example_task_group.py took 0.077 seconds
[2024-07-06T16:30:08.401+0700] {processor.py:161} INFO - Started process (PID=61229) to work on /home/acer/.local/share/virtualenvs/custom_airflow-E5ZHcY_K/lib/python3.12/site-packages/airflow/example_dags/example_task_group.py
[2024-07-06T16:30:08.402+0700] {processor.py:830} INFO - Processing file /home/acer/.local/share/virtualenvs/custom_airflow-E5ZHcY_K/lib/python3.12/site-packages/airflow/example_dags/example_task_group.py for tasks to queue
[2024-07-06T16:30:08.404+0700] {logging_mixin.py:188} INFO - [2024-07-06T16:30:08.404+0700] {dagbag.py:545} INFO - Filling up the DagBag from /home/acer/.local/share/virtualenvs/custom_airflow-E5ZHcY_K/lib/python3.12/site-packages/airflow/example_dags/example_task_group.py
[2024-07-06T16:30:08.413+0700] {processor.py:840} INFO - DAG(s) 'example_task_group' retrieved from /home/acer/.local/share/virtualenvs/custom_airflow-E5ZHcY_K/lib/python3.12/site-packages/airflow/example_dags/example_task_group.py
[2024-07-06T16:30:08.432+0700] {logging_mixin.py:188} INFO - [2024-07-06T16:30:08.432+0700] {dag.py:3096} INFO - Sync 1 DAGs
[2024-07-06T16:30:08.454+0700] {logging_mixin.py:188} INFO - [2024-07-06T16:30:08.453+0700] {dag.py:3954} INFO - Setting next_dagrun for example_task_group to 2024-07-05 00:00:00+00:00, run_after=2024-07-06 00:00:00+00:00
[2024-07-06T16:30:08.475+0700] {processor.py:183} INFO - Processing /home/acer/.local/share/virtualenvs/custom_airflow-E5ZHcY_K/lib/python3.12/site-packages/airflow/example_dags/example_task_group.py took 0.079 seconds
[2024-07-06T16:30:53.333+0700] {processor.py:161} INFO - Started process (PID=61492) to work on /home/acer/.local/share/virtualenvs/custom_airflow-E5ZHcY_K/lib/python3.12/site-packages/airflow/example_dags/example_task_group.py
[2024-07-06T16:30:53.334+0700] {processor.py:830} INFO - Processing file /home/acer/.local/share/virtualenvs/custom_airflow-E5ZHcY_K/lib/python3.12/site-packages/airflow/example_dags/example_task_group.py for tasks to queue
[2024-07-06T16:30:53.336+0700] {logging_mixin.py:188} INFO - [2024-07-06T16:30:53.336+0700] {dagbag.py:545} INFO - Filling up the DagBag from /home/acer/.local/share/virtualenvs/custom_airflow-E5ZHcY_K/lib/python3.12/site-packages/airflow/example_dags/example_task_group.py
[2024-07-06T16:30:53.344+0700] {processor.py:840} INFO - DAG(s) 'example_task_group' retrieved from /home/acer/.local/share/virtualenvs/custom_airflow-E5ZHcY_K/lib/python3.12/site-packages/airflow/example_dags/example_task_group.py
[2024-07-06T16:30:53.361+0700] {logging_mixin.py:188} INFO - [2024-07-06T16:30:53.361+0700] {dag.py:3096} INFO - Sync 1 DAGs
[2024-07-06T16:30:53.381+0700] {logging_mixin.py:188} INFO - [2024-07-06T16:30:53.381+0700] {dag.py:3954} INFO - Setting next_dagrun for example_task_group to 2024-07-05 00:00:00+00:00, run_after=2024-07-06 00:00:00+00:00
[2024-07-06T16:30:53.403+0700] {processor.py:183} INFO - Processing /home/acer/.local/share/virtualenvs/custom_airflow-E5ZHcY_K/lib/python3.12/site-packages/airflow/example_dags/example_task_group.py took 0.075 seconds
[2024-07-06T16:31:38.769+0700] {processor.py:161} INFO - Started process (PID=61710) to work on /home/acer/.local/share/virtualenvs/custom_airflow-E5ZHcY_K/lib/python3.12/site-packages/airflow/example_dags/example_task_group.py
[2024-07-06T16:31:38.769+0700] {processor.py:830} INFO - Processing file /home/acer/.local/share/virtualenvs/custom_airflow-E5ZHcY_K/lib/python3.12/site-packages/airflow/example_dags/example_task_group.py for tasks to queue
[2024-07-06T16:31:38.771+0700] {logging_mixin.py:188} INFO - [2024-07-06T16:31:38.771+0700] {dagbag.py:545} INFO - Filling up the DagBag from /home/acer/.local/share/virtualenvs/custom_airflow-E5ZHcY_K/lib/python3.12/site-packages/airflow/example_dags/example_task_group.py
[2024-07-06T16:31:38.778+0700] {processor.py:840} INFO - DAG(s) 'example_task_group' retrieved from /home/acer/.local/share/virtualenvs/custom_airflow-E5ZHcY_K/lib/python3.12/site-packages/airflow/example_dags/example_task_group.py
[2024-07-06T16:31:38.796+0700] {logging_mixin.py:188} INFO - [2024-07-06T16:31:38.795+0700] {dag.py:3096} INFO - Sync 1 DAGs
[2024-07-06T16:31:38.816+0700] {logging_mixin.py:188} INFO - [2024-07-06T16:31:38.815+0700] {dag.py:3954} INFO - Setting next_dagrun for example_task_group to 2024-07-05 00:00:00+00:00, run_after=2024-07-06 00:00:00+00:00
[2024-07-06T16:31:38.840+0700] {processor.py:183} INFO - Processing /home/acer/.local/share/virtualenvs/custom_airflow-E5ZHcY_K/lib/python3.12/site-packages/airflow/example_dags/example_task_group.py took 0.077 seconds
[2024-07-06T16:32:24.901+0700] {processor.py:161} INFO - Started process (PID=61945) to work on /home/acer/.local/share/virtualenvs/custom_airflow-E5ZHcY_K/lib/python3.12/site-packages/airflow/example_dags/example_task_group.py
[2024-07-06T16:32:24.904+0700] {processor.py:830} INFO - Processing file /home/acer/.local/share/virtualenvs/custom_airflow-E5ZHcY_K/lib/python3.12/site-packages/airflow/example_dags/example_task_group.py for tasks to queue
[2024-07-06T16:32:24.909+0700] {logging_mixin.py:188} INFO - [2024-07-06T16:32:24.908+0700] {dagbag.py:545} INFO - Filling up the DagBag from /home/acer/.local/share/virtualenvs/custom_airflow-E5ZHcY_K/lib/python3.12/site-packages/airflow/example_dags/example_task_group.py
[2024-07-06T16:32:24.922+0700] {processor.py:840} INFO - DAG(s) 'example_task_group' retrieved from /home/acer/.local/share/virtualenvs/custom_airflow-E5ZHcY_K/lib/python3.12/site-packages/airflow/example_dags/example_task_group.py
[2024-07-06T16:32:24.942+0700] {logging_mixin.py:188} INFO - [2024-07-06T16:32:24.941+0700] {dag.py:3096} INFO - Sync 1 DAGs
[2024-07-06T16:32:24.962+0700] {logging_mixin.py:188} INFO - [2024-07-06T16:32:24.962+0700] {dag.py:3954} INFO - Setting next_dagrun for example_task_group to 2024-07-05 00:00:00+00:00, run_after=2024-07-06 00:00:00+00:00
[2024-07-06T16:32:24.984+0700] {processor.py:183} INFO - Processing /home/acer/.local/share/virtualenvs/custom_airflow-E5ZHcY_K/lib/python3.12/site-packages/airflow/example_dags/example_task_group.py took 0.103 seconds
[2024-07-06T16:33:15.074+0700] {processor.py:161} INFO - Started process (PID=62212) to work on /home/acer/.local/share/virtualenvs/custom_airflow-E5ZHcY_K/lib/python3.12/site-packages/airflow/example_dags/example_task_group.py
[2024-07-06T16:33:15.075+0700] {processor.py:830} INFO - Processing file /home/acer/.local/share/virtualenvs/custom_airflow-E5ZHcY_K/lib/python3.12/site-packages/airflow/example_dags/example_task_group.py for tasks to queue
[2024-07-06T16:33:15.078+0700] {logging_mixin.py:188} INFO - [2024-07-06T16:33:15.077+0700] {dagbag.py:545} INFO - Filling up the DagBag from /home/acer/.local/share/virtualenvs/custom_airflow-E5ZHcY_K/lib/python3.12/site-packages/airflow/example_dags/example_task_group.py
[2024-07-06T16:33:15.087+0700] {processor.py:840} INFO - DAG(s) 'example_task_group' retrieved from /home/acer/.local/share/virtualenvs/custom_airflow-E5ZHcY_K/lib/python3.12/site-packages/airflow/example_dags/example_task_group.py
[2024-07-06T16:33:15.106+0700] {logging_mixin.py:188} INFO - [2024-07-06T16:33:15.105+0700] {dag.py:3096} INFO - Sync 1 DAGs
[2024-07-06T16:33:15.126+0700] {logging_mixin.py:188} INFO - [2024-07-06T16:33:15.126+0700] {dag.py:3954} INFO - Setting next_dagrun for example_task_group to 2024-07-05 00:00:00+00:00, run_after=2024-07-06 00:00:00+00:00
[2024-07-06T16:33:15.147+0700] {processor.py:183} INFO - Processing /home/acer/.local/share/virtualenvs/custom_airflow-E5ZHcY_K/lib/python3.12/site-packages/airflow/example_dags/example_task_group.py took 0.078 seconds
[2024-07-06T16:34:01.494+0700] {processor.py:161} INFO - Started process (PID=62443) to work on /home/acer/.local/share/virtualenvs/custom_airflow-E5ZHcY_K/lib/python3.12/site-packages/airflow/example_dags/example_task_group.py
[2024-07-06T16:34:01.495+0700] {processor.py:830} INFO - Processing file /home/acer/.local/share/virtualenvs/custom_airflow-E5ZHcY_K/lib/python3.12/site-packages/airflow/example_dags/example_task_group.py for tasks to queue
[2024-07-06T16:34:01.497+0700] {logging_mixin.py:188} INFO - [2024-07-06T16:34:01.496+0700] {dagbag.py:545} INFO - Filling up the DagBag from /home/acer/.local/share/virtualenvs/custom_airflow-E5ZHcY_K/lib/python3.12/site-packages/airflow/example_dags/example_task_group.py
[2024-07-06T16:34:01.504+0700] {processor.py:840} INFO - DAG(s) 'example_task_group' retrieved from /home/acer/.local/share/virtualenvs/custom_airflow-E5ZHcY_K/lib/python3.12/site-packages/airflow/example_dags/example_task_group.py
[2024-07-06T16:34:01.521+0700] {logging_mixin.py:188} INFO - [2024-07-06T16:34:01.521+0700] {dag.py:3096} INFO - Sync 1 DAGs
[2024-07-06T16:34:01.542+0700] {logging_mixin.py:188} INFO - [2024-07-06T16:34:01.541+0700] {dag.py:3954} INFO - Setting next_dagrun for example_task_group to 2024-07-05 00:00:00+00:00, run_after=2024-07-06 00:00:00+00:00
[2024-07-06T16:34:01.563+0700] {processor.py:183} INFO - Processing /home/acer/.local/share/virtualenvs/custom_airflow-E5ZHcY_K/lib/python3.12/site-packages/airflow/example_dags/example_task_group.py took 0.075 seconds
[2024-07-06T16:34:47.838+0700] {processor.py:161} INFO - Started process (PID=62665) to work on /home/acer/.local/share/virtualenvs/custom_airflow-E5ZHcY_K/lib/python3.12/site-packages/airflow/example_dags/example_task_group.py
[2024-07-06T16:34:47.840+0700] {processor.py:830} INFO - Processing file /home/acer/.local/share/virtualenvs/custom_airflow-E5ZHcY_K/lib/python3.12/site-packages/airflow/example_dags/example_task_group.py for tasks to queue
[2024-07-06T16:34:47.844+0700] {logging_mixin.py:188} INFO - [2024-07-06T16:34:47.843+0700] {dagbag.py:545} INFO - Filling up the DagBag from /home/acer/.local/share/virtualenvs/custom_airflow-E5ZHcY_K/lib/python3.12/site-packages/airflow/example_dags/example_task_group.py
[2024-07-06T16:34:47.856+0700] {processor.py:840} INFO - DAG(s) 'example_task_group' retrieved from /home/acer/.local/share/virtualenvs/custom_airflow-E5ZHcY_K/lib/python3.12/site-packages/airflow/example_dags/example_task_group.py
[2024-07-06T16:34:47.874+0700] {logging_mixin.py:188} INFO - [2024-07-06T16:34:47.874+0700] {dag.py:3096} INFO - Sync 1 DAGs
[2024-07-06T16:34:47.894+0700] {logging_mixin.py:188} INFO - [2024-07-06T16:34:47.894+0700] {dag.py:3954} INFO - Setting next_dagrun for example_task_group to 2024-07-05 00:00:00+00:00, run_after=2024-07-06 00:00:00+00:00
[2024-07-06T16:34:47.926+0700] {processor.py:183} INFO - Processing /home/acer/.local/share/virtualenvs/custom_airflow-E5ZHcY_K/lib/python3.12/site-packages/airflow/example_dags/example_task_group.py took 0.110 seconds
[2024-07-06T16:35:37.367+0700] {processor.py:161} INFO - Started process (PID=62951) to work on /home/acer/.local/share/virtualenvs/custom_airflow-E5ZHcY_K/lib/python3.12/site-packages/airflow/example_dags/example_task_group.py
[2024-07-06T16:35:37.369+0700] {processor.py:830} INFO - Processing file /home/acer/.local/share/virtualenvs/custom_airflow-E5ZHcY_K/lib/python3.12/site-packages/airflow/example_dags/example_task_group.py for tasks to queue
[2024-07-06T16:35:37.373+0700] {logging_mixin.py:188} INFO - [2024-07-06T16:35:37.372+0700] {dagbag.py:545} INFO - Filling up the DagBag from /home/acer/.local/share/virtualenvs/custom_airflow-E5ZHcY_K/lib/python3.12/site-packages/airflow/example_dags/example_task_group.py
[2024-07-06T16:35:37.385+0700] {processor.py:840} INFO - DAG(s) 'example_task_group' retrieved from /home/acer/.local/share/virtualenvs/custom_airflow-E5ZHcY_K/lib/python3.12/site-packages/airflow/example_dags/example_task_group.py
[2024-07-06T16:35:37.403+0700] {logging_mixin.py:188} INFO - [2024-07-06T16:35:37.403+0700] {dag.py:3096} INFO - Sync 1 DAGs
[2024-07-06T16:35:37.423+0700] {logging_mixin.py:188} INFO - [2024-07-06T16:35:37.423+0700] {dag.py:3954} INFO - Setting next_dagrun for example_task_group to 2024-07-05 00:00:00+00:00, run_after=2024-07-06 00:00:00+00:00
[2024-07-06T16:35:37.444+0700] {processor.py:183} INFO - Processing /home/acer/.local/share/virtualenvs/custom_airflow-E5ZHcY_K/lib/python3.12/site-packages/airflow/example_dags/example_task_group.py took 0.096 seconds
[2024-07-06T16:36:25.873+0700] {processor.py:161} INFO - Started process (PID=63238) to work on /home/acer/.local/share/virtualenvs/custom_airflow-E5ZHcY_K/lib/python3.12/site-packages/airflow/example_dags/example_task_group.py
[2024-07-06T16:36:25.874+0700] {processor.py:830} INFO - Processing file /home/acer/.local/share/virtualenvs/custom_airflow-E5ZHcY_K/lib/python3.12/site-packages/airflow/example_dags/example_task_group.py for tasks to queue
[2024-07-06T16:36:25.877+0700] {logging_mixin.py:188} INFO - [2024-07-06T16:36:25.876+0700] {dagbag.py:545} INFO - Filling up the DagBag from /home/acer/.local/share/virtualenvs/custom_airflow-E5ZHcY_K/lib/python3.12/site-packages/airflow/example_dags/example_task_group.py
[2024-07-06T16:36:25.886+0700] {processor.py:840} INFO - DAG(s) 'example_task_group' retrieved from /home/acer/.local/share/virtualenvs/custom_airflow-E5ZHcY_K/lib/python3.12/site-packages/airflow/example_dags/example_task_group.py
[2024-07-06T16:36:25.905+0700] {logging_mixin.py:188} INFO - [2024-07-06T16:36:25.905+0700] {dag.py:3096} INFO - Sync 1 DAGs
[2024-07-06T16:36:25.927+0700] {logging_mixin.py:188} INFO - [2024-07-06T16:36:25.927+0700] {dag.py:3954} INFO - Setting next_dagrun for example_task_group to 2024-07-05 00:00:00+00:00, run_after=2024-07-06 00:00:00+00:00
[2024-07-06T16:36:25.951+0700] {processor.py:183} INFO - Processing /home/acer/.local/share/virtualenvs/custom_airflow-E5ZHcY_K/lib/python3.12/site-packages/airflow/example_dags/example_task_group.py took 0.088 seconds
[2024-07-06T21:54:32.474+0700] {processor.py:161} INFO - Started process (PID=11914) to work on /home/acer/.local/share/virtualenvs/custom_airflow-E5ZHcY_K/lib/python3.12/site-packages/airflow/example_dags/example_task_group.py
[2024-07-06T21:54:32.475+0700] {processor.py:830} INFO - Processing file /home/acer/.local/share/virtualenvs/custom_airflow-E5ZHcY_K/lib/python3.12/site-packages/airflow/example_dags/example_task_group.py for tasks to queue
[2024-07-06T21:54:32.477+0700] {logging_mixin.py:188} INFO - [2024-07-06T21:54:32.477+0700] {dagbag.py:545} INFO - Filling up the DagBag from /home/acer/.local/share/virtualenvs/custom_airflow-E5ZHcY_K/lib/python3.12/site-packages/airflow/example_dags/example_task_group.py
[2024-07-06T21:54:32.486+0700] {processor.py:840} INFO - DAG(s) 'example_task_group' retrieved from /home/acer/.local/share/virtualenvs/custom_airflow-E5ZHcY_K/lib/python3.12/site-packages/airflow/example_dags/example_task_group.py
[2024-07-06T21:54:32.509+0700] {logging_mixin.py:188} INFO - [2024-07-06T21:54:32.509+0700] {dag.py:3096} INFO - Sync 1 DAGs
[2024-07-06T21:54:32.532+0700] {logging_mixin.py:188} INFO - [2024-07-06T21:54:32.532+0700] {dag.py:3954} INFO - Setting next_dagrun for example_task_group to 2024-07-05 00:00:00+00:00, run_after=2024-07-06 00:00:00+00:00
[2024-07-06T21:54:32.558+0700] {processor.py:183} INFO - Processing /home/acer/.local/share/virtualenvs/custom_airflow-E5ZHcY_K/lib/python3.12/site-packages/airflow/example_dags/example_task_group.py took 0.091 seconds
[2024-07-06T21:55:29.512+0700] {processor.py:161} INFO - Started process (PID=12598) to work on /home/acer/.local/share/virtualenvs/custom_airflow-E5ZHcY_K/lib/python3.12/site-packages/airflow/example_dags/example_task_group.py
[2024-07-06T21:55:29.513+0700] {processor.py:830} INFO - Processing file /home/acer/.local/share/virtualenvs/custom_airflow-E5ZHcY_K/lib/python3.12/site-packages/airflow/example_dags/example_task_group.py for tasks to queue
[2024-07-06T21:55:29.515+0700] {logging_mixin.py:188} INFO - [2024-07-06T21:55:29.514+0700] {dagbag.py:545} INFO - Filling up the DagBag from /home/acer/.local/share/virtualenvs/custom_airflow-E5ZHcY_K/lib/python3.12/site-packages/airflow/example_dags/example_task_group.py
[2024-07-06T21:55:29.526+0700] {processor.py:840} INFO - DAG(s) 'example_task_group' retrieved from /home/acer/.local/share/virtualenvs/custom_airflow-E5ZHcY_K/lib/python3.12/site-packages/airflow/example_dags/example_task_group.py
[2024-07-06T21:55:29.547+0700] {logging_mixin.py:188} INFO - [2024-07-06T21:55:29.546+0700] {dag.py:3096} INFO - Sync 1 DAGs
[2024-07-06T21:55:29.575+0700] {logging_mixin.py:188} INFO - [2024-07-06T21:55:29.575+0700] {dag.py:3954} INFO - Setting next_dagrun for example_task_group to 2024-07-05 00:00:00+00:00, run_after=2024-07-06 00:00:00+00:00
[2024-07-06T21:55:29.598+0700] {processor.py:183} INFO - Processing /home/acer/.local/share/virtualenvs/custom_airflow-E5ZHcY_K/lib/python3.12/site-packages/airflow/example_dags/example_task_group.py took 0.092 seconds
[2024-07-06T21:56:22.841+0700] {processor.py:161} INFO - Started process (PID=13126) to work on /home/acer/.local/share/virtualenvs/custom_airflow-E5ZHcY_K/lib/python3.12/site-packages/airflow/example_dags/example_task_group.py
[2024-07-06T21:56:22.844+0700] {processor.py:830} INFO - Processing file /home/acer/.local/share/virtualenvs/custom_airflow-E5ZHcY_K/lib/python3.12/site-packages/airflow/example_dags/example_task_group.py for tasks to queue
[2024-07-06T21:56:22.854+0700] {logging_mixin.py:188} INFO - [2024-07-06T21:56:22.851+0700] {dagbag.py:545} INFO - Filling up the DagBag from /home/acer/.local/share/virtualenvs/custom_airflow-E5ZHcY_K/lib/python3.12/site-packages/airflow/example_dags/example_task_group.py
[2024-07-06T21:56:22.882+0700] {processor.py:840} INFO - DAG(s) 'example_task_group' retrieved from /home/acer/.local/share/virtualenvs/custom_airflow-E5ZHcY_K/lib/python3.12/site-packages/airflow/example_dags/example_task_group.py
[2024-07-06T21:56:22.909+0700] {logging_mixin.py:188} INFO - [2024-07-06T21:56:22.909+0700] {dag.py:3096} INFO - Sync 1 DAGs
[2024-07-06T21:56:22.942+0700] {logging_mixin.py:188} INFO - [2024-07-06T21:56:22.942+0700] {dag.py:3954} INFO - Setting next_dagrun for example_task_group to 2024-07-05 00:00:00+00:00, run_after=2024-07-06 00:00:00+00:00
[2024-07-06T21:56:22.972+0700] {processor.py:183} INFO - Processing /home/acer/.local/share/virtualenvs/custom_airflow-E5ZHcY_K/lib/python3.12/site-packages/airflow/example_dags/example_task_group.py took 0.162 seconds
[2024-07-06T21:57:13.948+0700] {processor.py:161} INFO - Started process (PID=13683) to work on /home/acer/.local/share/virtualenvs/custom_airflow-E5ZHcY_K/lib/python3.12/site-packages/airflow/example_dags/example_task_group.py
[2024-07-06T21:57:13.950+0700] {processor.py:830} INFO - Processing file /home/acer/.local/share/virtualenvs/custom_airflow-E5ZHcY_K/lib/python3.12/site-packages/airflow/example_dags/example_task_group.py for tasks to queue
[2024-07-06T21:57:13.954+0700] {logging_mixin.py:188} INFO - [2024-07-06T21:57:13.953+0700] {dagbag.py:545} INFO - Filling up the DagBag from /home/acer/.local/share/virtualenvs/custom_airflow-E5ZHcY_K/lib/python3.12/site-packages/airflow/example_dags/example_task_group.py
[2024-07-06T21:57:13.971+0700] {processor.py:840} INFO - DAG(s) 'example_task_group' retrieved from /home/acer/.local/share/virtualenvs/custom_airflow-E5ZHcY_K/lib/python3.12/site-packages/airflow/example_dags/example_task_group.py
[2024-07-06T21:57:14.014+0700] {logging_mixin.py:188} INFO - [2024-07-06T21:57:14.013+0700] {dag.py:3096} INFO - Sync 1 DAGs
[2024-07-06T21:57:14.053+0700] {logging_mixin.py:188} INFO - [2024-07-06T21:57:14.053+0700] {dag.py:3954} INFO - Setting next_dagrun for example_task_group to 2024-07-05 00:00:00+00:00, run_after=2024-07-06 00:00:00+00:00
[2024-07-06T21:57:14.091+0700] {processor.py:183} INFO - Processing /home/acer/.local/share/virtualenvs/custom_airflow-E5ZHcY_K/lib/python3.12/site-packages/airflow/example_dags/example_task_group.py took 0.155 seconds
[2024-07-06T21:58:08.816+0700] {processor.py:161} INFO - Started process (PID=14113) to work on /home/acer/.local/share/virtualenvs/custom_airflow-E5ZHcY_K/lib/python3.12/site-packages/airflow/example_dags/example_task_group.py
[2024-07-06T21:58:08.817+0700] {processor.py:830} INFO - Processing file /home/acer/.local/share/virtualenvs/custom_airflow-E5ZHcY_K/lib/python3.12/site-packages/airflow/example_dags/example_task_group.py for tasks to queue
[2024-07-06T21:58:08.819+0700] {logging_mixin.py:188} INFO - [2024-07-06T21:58:08.818+0700] {dagbag.py:545} INFO - Filling up the DagBag from /home/acer/.local/share/virtualenvs/custom_airflow-E5ZHcY_K/lib/python3.12/site-packages/airflow/example_dags/example_task_group.py
[2024-07-06T21:58:08.826+0700] {processor.py:840} INFO - DAG(s) 'example_task_group' retrieved from /home/acer/.local/share/virtualenvs/custom_airflow-E5ZHcY_K/lib/python3.12/site-packages/airflow/example_dags/example_task_group.py
[2024-07-06T21:58:08.845+0700] {logging_mixin.py:188} INFO - [2024-07-06T21:58:08.844+0700] {dag.py:3096} INFO - Sync 1 DAGs
[2024-07-06T21:58:08.865+0700] {logging_mixin.py:188} INFO - [2024-07-06T21:58:08.864+0700] {dag.py:3954} INFO - Setting next_dagrun for example_task_group to 2024-07-05 00:00:00+00:00, run_after=2024-07-06 00:00:00+00:00
[2024-07-06T21:58:08.885+0700] {processor.py:183} INFO - Processing /home/acer/.local/share/virtualenvs/custom_airflow-E5ZHcY_K/lib/python3.12/site-packages/airflow/example_dags/example_task_group.py took 0.075 seconds
[2024-07-06T21:58:59.777+0700] {processor.py:161} INFO - Started process (PID=14347) to work on /home/acer/.local/share/virtualenvs/custom_airflow-E5ZHcY_K/lib/python3.12/site-packages/airflow/example_dags/example_task_group.py
[2024-07-06T21:58:59.779+0700] {processor.py:830} INFO - Processing file /home/acer/.local/share/virtualenvs/custom_airflow-E5ZHcY_K/lib/python3.12/site-packages/airflow/example_dags/example_task_group.py for tasks to queue
[2024-07-06T21:58:59.784+0700] {logging_mixin.py:188} INFO - [2024-07-06T21:58:59.783+0700] {dagbag.py:545} INFO - Filling up the DagBag from /home/acer/.local/share/virtualenvs/custom_airflow-E5ZHcY_K/lib/python3.12/site-packages/airflow/example_dags/example_task_group.py
[2024-07-06T21:58:59.797+0700] {processor.py:840} INFO - DAG(s) 'example_task_group' retrieved from /home/acer/.local/share/virtualenvs/custom_airflow-E5ZHcY_K/lib/python3.12/site-packages/airflow/example_dags/example_task_group.py
[2024-07-06T21:58:59.815+0700] {logging_mixin.py:188} INFO - [2024-07-06T21:58:59.815+0700] {dag.py:3096} INFO - Sync 1 DAGs
[2024-07-06T21:58:59.837+0700] {logging_mixin.py:188} INFO - [2024-07-06T21:58:59.837+0700] {dag.py:3954} INFO - Setting next_dagrun for example_task_group to 2024-07-05 00:00:00+00:00, run_after=2024-07-06 00:00:00+00:00
[2024-07-06T21:58:59.868+0700] {processor.py:183} INFO - Processing /home/acer/.local/share/virtualenvs/custom_airflow-E5ZHcY_K/lib/python3.12/site-packages/airflow/example_dags/example_task_group.py took 0.103 seconds
[2024-07-06T21:59:49.227+0700] {processor.py:161} INFO - Started process (PID=14702) to work on /home/acer/.local/share/virtualenvs/custom_airflow-E5ZHcY_K/lib/python3.12/site-packages/airflow/example_dags/example_task_group.py
[2024-07-06T21:59:49.231+0700] {processor.py:830} INFO - Processing file /home/acer/.local/share/virtualenvs/custom_airflow-E5ZHcY_K/lib/python3.12/site-packages/airflow/example_dags/example_task_group.py for tasks to queue
[2024-07-06T21:59:49.237+0700] {logging_mixin.py:188} INFO - [2024-07-06T21:59:49.236+0700] {dagbag.py:545} INFO - Filling up the DagBag from /home/acer/.local/share/virtualenvs/custom_airflow-E5ZHcY_K/lib/python3.12/site-packages/airflow/example_dags/example_task_group.py
[2024-07-06T21:59:49.259+0700] {processor.py:840} INFO - DAG(s) 'example_task_group' retrieved from /home/acer/.local/share/virtualenvs/custom_airflow-E5ZHcY_K/lib/python3.12/site-packages/airflow/example_dags/example_task_group.py
[2024-07-06T21:59:49.298+0700] {logging_mixin.py:188} INFO - [2024-07-06T21:59:49.297+0700] {dag.py:3096} INFO - Sync 1 DAGs
[2024-07-06T21:59:49.336+0700] {logging_mixin.py:188} INFO - [2024-07-06T21:59:49.336+0700] {dag.py:3954} INFO - Setting next_dagrun for example_task_group to 2024-07-05 00:00:00+00:00, run_after=2024-07-06 00:00:00+00:00
[2024-07-06T21:59:49.360+0700] {processor.py:183} INFO - Processing /home/acer/.local/share/virtualenvs/custom_airflow-E5ZHcY_K/lib/python3.12/site-packages/airflow/example_dags/example_task_group.py took 0.168 seconds
[2024-07-06T22:00:41.729+0700] {processor.py:161} INFO - Started process (PID=14994) to work on /home/acer/.local/share/virtualenvs/custom_airflow-E5ZHcY_K/lib/python3.12/site-packages/airflow/example_dags/example_task_group.py
[2024-07-06T22:00:41.730+0700] {processor.py:830} INFO - Processing file /home/acer/.local/share/virtualenvs/custom_airflow-E5ZHcY_K/lib/python3.12/site-packages/airflow/example_dags/example_task_group.py for tasks to queue
[2024-07-06T22:00:41.731+0700] {logging_mixin.py:188} INFO - [2024-07-06T22:00:41.731+0700] {dagbag.py:545} INFO - Filling up the DagBag from /home/acer/.local/share/virtualenvs/custom_airflow-E5ZHcY_K/lib/python3.12/site-packages/airflow/example_dags/example_task_group.py
[2024-07-06T22:00:41.739+0700] {processor.py:840} INFO - DAG(s) 'example_task_group' retrieved from /home/acer/.local/share/virtualenvs/custom_airflow-E5ZHcY_K/lib/python3.12/site-packages/airflow/example_dags/example_task_group.py
[2024-07-06T22:00:41.757+0700] {logging_mixin.py:188} INFO - [2024-07-06T22:00:41.757+0700] {dag.py:3096} INFO - Sync 1 DAGs
[2024-07-06T22:00:41.777+0700] {logging_mixin.py:188} INFO - [2024-07-06T22:00:41.777+0700] {dag.py:3954} INFO - Setting next_dagrun for example_task_group to 2024-07-05 00:00:00+00:00, run_after=2024-07-06 00:00:00+00:00
[2024-07-06T22:00:41.807+0700] {processor.py:183} INFO - Processing /home/acer/.local/share/virtualenvs/custom_airflow-E5ZHcY_K/lib/python3.12/site-packages/airflow/example_dags/example_task_group.py took 0.084 seconds
[2024-07-06T22:02:16.096+0700] {processor.py:161} INFO - Started process (PID=16072) to work on /home/acer/.local/share/virtualenvs/custom_airflow-E5ZHcY_K/lib/python3.12/site-packages/airflow/example_dags/example_task_group.py
[2024-07-06T22:02:16.097+0700] {processor.py:830} INFO - Processing file /home/acer/.local/share/virtualenvs/custom_airflow-E5ZHcY_K/lib/python3.12/site-packages/airflow/example_dags/example_task_group.py for tasks to queue
[2024-07-06T22:02:16.100+0700] {logging_mixin.py:188} INFO - [2024-07-06T22:02:16.100+0700] {dagbag.py:545} INFO - Filling up the DagBag from /home/acer/.local/share/virtualenvs/custom_airflow-E5ZHcY_K/lib/python3.12/site-packages/airflow/example_dags/example_task_group.py
[2024-07-06T22:02:16.109+0700] {processor.py:840} INFO - DAG(s) 'example_task_group' retrieved from /home/acer/.local/share/virtualenvs/custom_airflow-E5ZHcY_K/lib/python3.12/site-packages/airflow/example_dags/example_task_group.py
[2024-07-06T22:02:16.127+0700] {logging_mixin.py:188} INFO - [2024-07-06T22:02:16.126+0700] {dag.py:3096} INFO - Sync 1 DAGs
[2024-07-06T22:02:16.147+0700] {logging_mixin.py:188} INFO - [2024-07-06T22:02:16.146+0700] {dag.py:3954} INFO - Setting next_dagrun for example_task_group to 2024-07-05 00:00:00+00:00, run_after=2024-07-06 00:00:00+00:00
[2024-07-06T22:02:16.168+0700] {processor.py:183} INFO - Processing /home/acer/.local/share/virtualenvs/custom_airflow-E5ZHcY_K/lib/python3.12/site-packages/airflow/example_dags/example_task_group.py took 0.082 seconds
[2024-07-06T22:03:11.766+0700] {processor.py:161} INFO - Started process (PID=16392) to work on /home/acer/.local/share/virtualenvs/custom_airflow-E5ZHcY_K/lib/python3.12/site-packages/airflow/example_dags/example_task_group.py
[2024-07-06T22:03:11.767+0700] {processor.py:830} INFO - Processing file /home/acer/.local/share/virtualenvs/custom_airflow-E5ZHcY_K/lib/python3.12/site-packages/airflow/example_dags/example_task_group.py for tasks to queue
[2024-07-06T22:03:11.770+0700] {logging_mixin.py:188} INFO - [2024-07-06T22:03:11.769+0700] {dagbag.py:545} INFO - Filling up the DagBag from /home/acer/.local/share/virtualenvs/custom_airflow-E5ZHcY_K/lib/python3.12/site-packages/airflow/example_dags/example_task_group.py
[2024-07-06T22:03:11.781+0700] {processor.py:840} INFO - DAG(s) 'example_task_group' retrieved from /home/acer/.local/share/virtualenvs/custom_airflow-E5ZHcY_K/lib/python3.12/site-packages/airflow/example_dags/example_task_group.py
[2024-07-06T22:03:11.802+0700] {logging_mixin.py:188} INFO - [2024-07-06T22:03:11.801+0700] {dag.py:3096} INFO - Sync 1 DAGs
[2024-07-06T22:03:11.832+0700] {logging_mixin.py:188} INFO - [2024-07-06T22:03:11.832+0700] {dag.py:3954} INFO - Setting next_dagrun for example_task_group to 2024-07-05 00:00:00+00:00, run_after=2024-07-06 00:00:00+00:00
[2024-07-06T22:03:11.860+0700] {processor.py:183} INFO - Processing /home/acer/.local/share/virtualenvs/custom_airflow-E5ZHcY_K/lib/python3.12/site-packages/airflow/example_dags/example_task_group.py took 0.106 seconds
[2024-07-06T22:04:01.951+0700] {processor.py:161} INFO - Started process (PID=16638) to work on /home/acer/.local/share/virtualenvs/custom_airflow-E5ZHcY_K/lib/python3.12/site-packages/airflow/example_dags/example_task_group.py
[2024-07-06T22:04:01.952+0700] {processor.py:830} INFO - Processing file /home/acer/.local/share/virtualenvs/custom_airflow-E5ZHcY_K/lib/python3.12/site-packages/airflow/example_dags/example_task_group.py for tasks to queue
[2024-07-06T22:04:01.954+0700] {logging_mixin.py:188} INFO - [2024-07-06T22:04:01.954+0700] {dagbag.py:545} INFO - Filling up the DagBag from /home/acer/.local/share/virtualenvs/custom_airflow-E5ZHcY_K/lib/python3.12/site-packages/airflow/example_dags/example_task_group.py
[2024-07-06T22:04:01.964+0700] {processor.py:840} INFO - DAG(s) 'example_task_group' retrieved from /home/acer/.local/share/virtualenvs/custom_airflow-E5ZHcY_K/lib/python3.12/site-packages/airflow/example_dags/example_task_group.py
[2024-07-06T22:04:01.982+0700] {logging_mixin.py:188} INFO - [2024-07-06T22:04:01.982+0700] {dag.py:3096} INFO - Sync 1 DAGs
[2024-07-06T22:04:02.004+0700] {logging_mixin.py:188} INFO - [2024-07-06T22:04:02.004+0700] {dag.py:3954} INFO - Setting next_dagrun for example_task_group to 2024-07-05 00:00:00+00:00, run_after=2024-07-06 00:00:00+00:00
[2024-07-06T22:04:02.025+0700] {processor.py:183} INFO - Processing /home/acer/.local/share/virtualenvs/custom_airflow-E5ZHcY_K/lib/python3.12/site-packages/airflow/example_dags/example_task_group.py took 0.081 seconds
[2024-07-06T22:05:22.046+0700] {processor.py:161} INFO - Started process (PID=17656) to work on /home/acer/.local/share/virtualenvs/custom_airflow-E5ZHcY_K/lib/python3.12/site-packages/airflow/example_dags/example_task_group.py
[2024-07-06T22:05:22.047+0700] {processor.py:830} INFO - Processing file /home/acer/.local/share/virtualenvs/custom_airflow-E5ZHcY_K/lib/python3.12/site-packages/airflow/example_dags/example_task_group.py for tasks to queue
[2024-07-06T22:05:22.051+0700] {logging_mixin.py:188} INFO - [2024-07-06T22:05:22.050+0700] {dagbag.py:545} INFO - Filling up the DagBag from /home/acer/.local/share/virtualenvs/custom_airflow-E5ZHcY_K/lib/python3.12/site-packages/airflow/example_dags/example_task_group.py
[2024-07-06T22:05:22.059+0700] {processor.py:840} INFO - DAG(s) 'example_task_group' retrieved from /home/acer/.local/share/virtualenvs/custom_airflow-E5ZHcY_K/lib/python3.12/site-packages/airflow/example_dags/example_task_group.py
[2024-07-06T22:05:22.076+0700] {logging_mixin.py:188} INFO - [2024-07-06T22:05:22.076+0700] {dag.py:3096} INFO - Sync 1 DAGs
[2024-07-06T22:05:22.096+0700] {logging_mixin.py:188} INFO - [2024-07-06T22:05:22.096+0700] {dag.py:3954} INFO - Setting next_dagrun for example_task_group to 2024-07-05 00:00:00+00:00, run_after=2024-07-06 00:00:00+00:00
[2024-07-06T22:05:22.117+0700] {processor.py:183} INFO - Processing /home/acer/.local/share/virtualenvs/custom_airflow-E5ZHcY_K/lib/python3.12/site-packages/airflow/example_dags/example_task_group.py took 0.082 seconds
[2024-07-06T22:06:13.126+0700] {processor.py:161} INFO - Started process (PID=17910) to work on /home/acer/.local/share/virtualenvs/custom_airflow-E5ZHcY_K/lib/python3.12/site-packages/airflow/example_dags/example_task_group.py
[2024-07-06T22:06:13.127+0700] {processor.py:830} INFO - Processing file /home/acer/.local/share/virtualenvs/custom_airflow-E5ZHcY_K/lib/python3.12/site-packages/airflow/example_dags/example_task_group.py for tasks to queue
[2024-07-06T22:06:13.130+0700] {logging_mixin.py:188} INFO - [2024-07-06T22:06:13.129+0700] {dagbag.py:545} INFO - Filling up the DagBag from /home/acer/.local/share/virtualenvs/custom_airflow-E5ZHcY_K/lib/python3.12/site-packages/airflow/example_dags/example_task_group.py
[2024-07-06T22:06:13.137+0700] {processor.py:840} INFO - DAG(s) 'example_task_group' retrieved from /home/acer/.local/share/virtualenvs/custom_airflow-E5ZHcY_K/lib/python3.12/site-packages/airflow/example_dags/example_task_group.py
[2024-07-06T22:06:13.153+0700] {logging_mixin.py:188} INFO - [2024-07-06T22:06:13.153+0700] {dag.py:3096} INFO - Sync 1 DAGs
[2024-07-06T22:06:13.174+0700] {logging_mixin.py:188} INFO - [2024-07-06T22:06:13.173+0700] {dag.py:3954} INFO - Setting next_dagrun for example_task_group to 2024-07-05 00:00:00+00:00, run_after=2024-07-06 00:00:00+00:00
[2024-07-06T22:06:13.194+0700] {processor.py:183} INFO - Processing /home/acer/.local/share/virtualenvs/custom_airflow-E5ZHcY_K/lib/python3.12/site-packages/airflow/example_dags/example_task_group.py took 0.073 seconds
[2024-07-06T22:07:10.627+0700] {processor.py:161} INFO - Started process (PID=18411) to work on /home/acer/.local/share/virtualenvs/custom_airflow-E5ZHcY_K/lib/python3.12/site-packages/airflow/example_dags/example_task_group.py
[2024-07-06T22:07:10.629+0700] {processor.py:830} INFO - Processing file /home/acer/.local/share/virtualenvs/custom_airflow-E5ZHcY_K/lib/python3.12/site-packages/airflow/example_dags/example_task_group.py for tasks to queue
[2024-07-06T22:07:10.631+0700] {logging_mixin.py:188} INFO - [2024-07-06T22:07:10.630+0700] {dagbag.py:545} INFO - Filling up the DagBag from /home/acer/.local/share/virtualenvs/custom_airflow-E5ZHcY_K/lib/python3.12/site-packages/airflow/example_dags/example_task_group.py
[2024-07-06T22:07:10.645+0700] {processor.py:840} INFO - DAG(s) 'example_task_group' retrieved from /home/acer/.local/share/virtualenvs/custom_airflow-E5ZHcY_K/lib/python3.12/site-packages/airflow/example_dags/example_task_group.py
[2024-07-06T22:07:10.676+0700] {logging_mixin.py:188} INFO - [2024-07-06T22:07:10.676+0700] {dag.py:3096} INFO - Sync 1 DAGs
[2024-07-06T22:07:10.710+0700] {logging_mixin.py:188} INFO - [2024-07-06T22:07:10.710+0700] {dag.py:3954} INFO - Setting next_dagrun for example_task_group to 2024-07-05 00:00:00+00:00, run_after=2024-07-06 00:00:00+00:00
[2024-07-06T22:07:10.739+0700] {processor.py:183} INFO - Processing /home/acer/.local/share/virtualenvs/custom_airflow-E5ZHcY_K/lib/python3.12/site-packages/airflow/example_dags/example_task_group.py took 0.120 seconds
[2024-07-06T22:08:06.864+0700] {processor.py:161} INFO - Started process (PID=18755) to work on /home/acer/.local/share/virtualenvs/custom_airflow-E5ZHcY_K/lib/python3.12/site-packages/airflow/example_dags/example_task_group.py
[2024-07-06T22:08:06.865+0700] {processor.py:830} INFO - Processing file /home/acer/.local/share/virtualenvs/custom_airflow-E5ZHcY_K/lib/python3.12/site-packages/airflow/example_dags/example_task_group.py for tasks to queue
[2024-07-06T22:08:06.868+0700] {logging_mixin.py:188} INFO - [2024-07-06T22:08:06.867+0700] {dagbag.py:545} INFO - Filling up the DagBag from /home/acer/.local/share/virtualenvs/custom_airflow-E5ZHcY_K/lib/python3.12/site-packages/airflow/example_dags/example_task_group.py
[2024-07-06T22:08:06.880+0700] {processor.py:840} INFO - DAG(s) 'example_task_group' retrieved from /home/acer/.local/share/virtualenvs/custom_airflow-E5ZHcY_K/lib/python3.12/site-packages/airflow/example_dags/example_task_group.py
[2024-07-06T22:08:06.915+0700] {logging_mixin.py:188} INFO - [2024-07-06T22:08:06.914+0700] {dag.py:3096} INFO - Sync 1 DAGs
[2024-07-06T22:08:06.948+0700] {logging_mixin.py:188} INFO - [2024-07-06T22:08:06.947+0700] {dag.py:3954} INFO - Setting next_dagrun for example_task_group to 2024-07-05 00:00:00+00:00, run_after=2024-07-06 00:00:00+00:00
[2024-07-06T22:08:06.982+0700] {processor.py:183} INFO - Processing /home/acer/.local/share/virtualenvs/custom_airflow-E5ZHcY_K/lib/python3.12/site-packages/airflow/example_dags/example_task_group.py took 0.125 seconds
[2024-07-06T22:09:01.273+0700] {processor.py:161} INFO - Started process (PID=19044) to work on /home/acer/.local/share/virtualenvs/custom_airflow-E5ZHcY_K/lib/python3.12/site-packages/airflow/example_dags/example_task_group.py
[2024-07-06T22:09:01.275+0700] {processor.py:830} INFO - Processing file /home/acer/.local/share/virtualenvs/custom_airflow-E5ZHcY_K/lib/python3.12/site-packages/airflow/example_dags/example_task_group.py for tasks to queue
[2024-07-06T22:09:01.279+0700] {logging_mixin.py:188} INFO - [2024-07-06T22:09:01.278+0700] {dagbag.py:545} INFO - Filling up the DagBag from /home/acer/.local/share/virtualenvs/custom_airflow-E5ZHcY_K/lib/python3.12/site-packages/airflow/example_dags/example_task_group.py
[2024-07-06T22:09:01.291+0700] {processor.py:840} INFO - DAG(s) 'example_task_group' retrieved from /home/acer/.local/share/virtualenvs/custom_airflow-E5ZHcY_K/lib/python3.12/site-packages/airflow/example_dags/example_task_group.py
[2024-07-06T22:09:01.320+0700] {logging_mixin.py:188} INFO - [2024-07-06T22:09:01.320+0700] {dag.py:3096} INFO - Sync 1 DAGs
[2024-07-06T22:09:01.353+0700] {logging_mixin.py:188} INFO - [2024-07-06T22:09:01.353+0700] {dag.py:3954} INFO - Setting next_dagrun for example_task_group to 2024-07-05 00:00:00+00:00, run_after=2024-07-06 00:00:00+00:00
[2024-07-06T22:09:01.379+0700] {processor.py:183} INFO - Processing /home/acer/.local/share/virtualenvs/custom_airflow-E5ZHcY_K/lib/python3.12/site-packages/airflow/example_dags/example_task_group.py took 0.124 seconds
[2024-07-06T22:10:02.223+0700] {processor.py:161} INFO - Started process (PID=19376) to work on /home/acer/.local/share/virtualenvs/custom_airflow-E5ZHcY_K/lib/python3.12/site-packages/airflow/example_dags/example_task_group.py
[2024-07-06T22:10:02.227+0700] {processor.py:830} INFO - Processing file /home/acer/.local/share/virtualenvs/custom_airflow-E5ZHcY_K/lib/python3.12/site-packages/airflow/example_dags/example_task_group.py for tasks to queue
[2024-07-06T22:10:02.229+0700] {logging_mixin.py:188} INFO - [2024-07-06T22:10:02.229+0700] {dagbag.py:545} INFO - Filling up the DagBag from /home/acer/.local/share/virtualenvs/custom_airflow-E5ZHcY_K/lib/python3.12/site-packages/airflow/example_dags/example_task_group.py
[2024-07-06T22:10:02.238+0700] {processor.py:840} INFO - DAG(s) 'example_task_group' retrieved from /home/acer/.local/share/virtualenvs/custom_airflow-E5ZHcY_K/lib/python3.12/site-packages/airflow/example_dags/example_task_group.py
[2024-07-06T22:10:02.262+0700] {logging_mixin.py:188} INFO - [2024-07-06T22:10:02.262+0700] {dag.py:3096} INFO - Sync 1 DAGs
[2024-07-06T22:10:02.289+0700] {logging_mixin.py:188} INFO - [2024-07-06T22:10:02.288+0700] {dag.py:3954} INFO - Setting next_dagrun for example_task_group to 2024-07-05 00:00:00+00:00, run_after=2024-07-06 00:00:00+00:00
[2024-07-06T22:10:02.316+0700] {processor.py:183} INFO - Processing /home/acer/.local/share/virtualenvs/custom_airflow-E5ZHcY_K/lib/python3.12/site-packages/airflow/example_dags/example_task_group.py took 0.103 seconds
[2024-07-06T22:11:05.308+0700] {processor.py:161} INFO - Started process (PID=19766) to work on /home/acer/.local/share/virtualenvs/custom_airflow-E5ZHcY_K/lib/python3.12/site-packages/airflow/example_dags/example_task_group.py
[2024-07-06T22:11:05.310+0700] {processor.py:830} INFO - Processing file /home/acer/.local/share/virtualenvs/custom_airflow-E5ZHcY_K/lib/python3.12/site-packages/airflow/example_dags/example_task_group.py for tasks to queue
[2024-07-06T22:11:05.316+0700] {logging_mixin.py:188} INFO - [2024-07-06T22:11:05.314+0700] {dagbag.py:545} INFO - Filling up the DagBag from /home/acer/.local/share/virtualenvs/custom_airflow-E5ZHcY_K/lib/python3.12/site-packages/airflow/example_dags/example_task_group.py
[2024-07-06T22:11:05.341+0700] {processor.py:840} INFO - DAG(s) 'example_task_group' retrieved from /home/acer/.local/share/virtualenvs/custom_airflow-E5ZHcY_K/lib/python3.12/site-packages/airflow/example_dags/example_task_group.py
[2024-07-06T22:11:05.393+0700] {logging_mixin.py:188} INFO - [2024-07-06T22:11:05.392+0700] {dag.py:3096} INFO - Sync 1 DAGs
[2024-07-06T22:11:05.433+0700] {logging_mixin.py:188} INFO - [2024-07-06T22:11:05.433+0700] {dag.py:3954} INFO - Setting next_dagrun for example_task_group to 2024-07-05 00:00:00+00:00, run_after=2024-07-06 00:00:00+00:00
[2024-07-06T22:11:05.467+0700] {processor.py:183} INFO - Processing /home/acer/.local/share/virtualenvs/custom_airflow-E5ZHcY_K/lib/python3.12/site-packages/airflow/example_dags/example_task_group.py took 0.176 seconds
[2024-07-06T22:12:06.445+0700] {processor.py:161} INFO - Started process (PID=20069) to work on /home/acer/.local/share/virtualenvs/custom_airflow-E5ZHcY_K/lib/python3.12/site-packages/airflow/example_dags/example_task_group.py
[2024-07-06T22:12:06.446+0700] {processor.py:830} INFO - Processing file /home/acer/.local/share/virtualenvs/custom_airflow-E5ZHcY_K/lib/python3.12/site-packages/airflow/example_dags/example_task_group.py for tasks to queue
[2024-07-06T22:12:06.448+0700] {logging_mixin.py:188} INFO - [2024-07-06T22:12:06.448+0700] {dagbag.py:545} INFO - Filling up the DagBag from /home/acer/.local/share/virtualenvs/custom_airflow-E5ZHcY_K/lib/python3.12/site-packages/airflow/example_dags/example_task_group.py
[2024-07-06T22:12:06.460+0700] {processor.py:840} INFO - DAG(s) 'example_task_group' retrieved from /home/acer/.local/share/virtualenvs/custom_airflow-E5ZHcY_K/lib/python3.12/site-packages/airflow/example_dags/example_task_group.py
[2024-07-06T22:12:06.491+0700] {logging_mixin.py:188} INFO - [2024-07-06T22:12:06.490+0700] {dag.py:3096} INFO - Sync 1 DAGs
[2024-07-06T22:12:06.521+0700] {logging_mixin.py:188} INFO - [2024-07-06T22:12:06.521+0700] {dag.py:3954} INFO - Setting next_dagrun for example_task_group to 2024-07-05 00:00:00+00:00, run_after=2024-07-06 00:00:00+00:00
[2024-07-06T22:12:06.547+0700] {processor.py:183} INFO - Processing /home/acer/.local/share/virtualenvs/custom_airflow-E5ZHcY_K/lib/python3.12/site-packages/airflow/example_dags/example_task_group.py took 0.112 seconds
[2024-07-06T22:13:04.833+0700] {processor.py:161} INFO - Started process (PID=20417) to work on /home/acer/.local/share/virtualenvs/custom_airflow-E5ZHcY_K/lib/python3.12/site-packages/airflow/example_dags/example_task_group.py
[2024-07-06T22:13:04.835+0700] {processor.py:830} INFO - Processing file /home/acer/.local/share/virtualenvs/custom_airflow-E5ZHcY_K/lib/python3.12/site-packages/airflow/example_dags/example_task_group.py for tasks to queue
[2024-07-06T22:13:04.838+0700] {logging_mixin.py:188} INFO - [2024-07-06T22:13:04.837+0700] {dagbag.py:545} INFO - Filling up the DagBag from /home/acer/.local/share/virtualenvs/custom_airflow-E5ZHcY_K/lib/python3.12/site-packages/airflow/example_dags/example_task_group.py
[2024-07-06T22:13:04.849+0700] {processor.py:840} INFO - DAG(s) 'example_task_group' retrieved from /home/acer/.local/share/virtualenvs/custom_airflow-E5ZHcY_K/lib/python3.12/site-packages/airflow/example_dags/example_task_group.py
[2024-07-06T22:13:04.872+0700] {logging_mixin.py:188} INFO - [2024-07-06T22:13:04.872+0700] {dag.py:3096} INFO - Sync 1 DAGs
[2024-07-06T22:13:04.903+0700] {logging_mixin.py:188} INFO - [2024-07-06T22:13:04.902+0700] {dag.py:3954} INFO - Setting next_dagrun for example_task_group to 2024-07-05 00:00:00+00:00, run_after=2024-07-06 00:00:00+00:00
[2024-07-06T22:13:04.929+0700] {processor.py:183} INFO - Processing /home/acer/.local/share/virtualenvs/custom_airflow-E5ZHcY_K/lib/python3.12/site-packages/airflow/example_dags/example_task_group.py took 0.104 seconds
[2024-07-06T22:14:06.343+0700] {processor.py:161} INFO - Started process (PID=20763) to work on /home/acer/.local/share/virtualenvs/custom_airflow-E5ZHcY_K/lib/python3.12/site-packages/airflow/example_dags/example_task_group.py
[2024-07-06T22:14:06.347+0700] {processor.py:830} INFO - Processing file /home/acer/.local/share/virtualenvs/custom_airflow-E5ZHcY_K/lib/python3.12/site-packages/airflow/example_dags/example_task_group.py for tasks to queue
[2024-07-06T22:14:06.352+0700] {logging_mixin.py:188} INFO - [2024-07-06T22:14:06.351+0700] {dagbag.py:545} INFO - Filling up the DagBag from /home/acer/.local/share/virtualenvs/custom_airflow-E5ZHcY_K/lib/python3.12/site-packages/airflow/example_dags/example_task_group.py
[2024-07-06T22:14:06.364+0700] {processor.py:840} INFO - DAG(s) 'example_task_group' retrieved from /home/acer/.local/share/virtualenvs/custom_airflow-E5ZHcY_K/lib/python3.12/site-packages/airflow/example_dags/example_task_group.py
[2024-07-06T22:14:06.391+0700] {logging_mixin.py:188} INFO - [2024-07-06T22:14:06.390+0700] {dag.py:3096} INFO - Sync 1 DAGs
[2024-07-06T22:14:06.430+0700] {logging_mixin.py:188} INFO - [2024-07-06T22:14:06.429+0700] {dag.py:3954} INFO - Setting next_dagrun for example_task_group to 2024-07-05 00:00:00+00:00, run_after=2024-07-06 00:00:00+00:00
[2024-07-06T22:14:06.451+0700] {processor.py:183} INFO - Processing /home/acer/.local/share/virtualenvs/custom_airflow-E5ZHcY_K/lib/python3.12/site-packages/airflow/example_dags/example_task_group.py took 0.118 seconds
[2024-07-06T22:15:09.867+0700] {processor.py:161} INFO - Started process (PID=21112) to work on /home/acer/.local/share/virtualenvs/custom_airflow-E5ZHcY_K/lib/python3.12/site-packages/airflow/example_dags/example_task_group.py
[2024-07-06T22:15:09.869+0700] {processor.py:830} INFO - Processing file /home/acer/.local/share/virtualenvs/custom_airflow-E5ZHcY_K/lib/python3.12/site-packages/airflow/example_dags/example_task_group.py for tasks to queue
[2024-07-06T22:15:09.875+0700] {logging_mixin.py:188} INFO - [2024-07-06T22:15:09.874+0700] {dagbag.py:545} INFO - Filling up the DagBag from /home/acer/.local/share/virtualenvs/custom_airflow-E5ZHcY_K/lib/python3.12/site-packages/airflow/example_dags/example_task_group.py
[2024-07-06T22:15:09.889+0700] {processor.py:840} INFO - DAG(s) 'example_task_group' retrieved from /home/acer/.local/share/virtualenvs/custom_airflow-E5ZHcY_K/lib/python3.12/site-packages/airflow/example_dags/example_task_group.py
[2024-07-06T22:15:09.918+0700] {logging_mixin.py:188} INFO - [2024-07-06T22:15:09.917+0700] {dag.py:3096} INFO - Sync 1 DAGs
[2024-07-06T22:15:09.955+0700] {logging_mixin.py:188} INFO - [2024-07-06T22:15:09.955+0700] {dag.py:3954} INFO - Setting next_dagrun for example_task_group to 2024-07-05 00:00:00+00:00, run_after=2024-07-06 00:00:00+00:00
[2024-07-06T22:15:10.026+0700] {processor.py:183} INFO - Processing /home/acer/.local/share/virtualenvs/custom_airflow-E5ZHcY_K/lib/python3.12/site-packages/airflow/example_dags/example_task_group.py took 0.169 seconds
[2024-07-06T22:16:09.770+0700] {processor.py:161} INFO - Started process (PID=21493) to work on /home/acer/.local/share/virtualenvs/custom_airflow-E5ZHcY_K/lib/python3.12/site-packages/airflow/example_dags/example_task_group.py
[2024-07-06T22:16:09.772+0700] {processor.py:830} INFO - Processing file /home/acer/.local/share/virtualenvs/custom_airflow-E5ZHcY_K/lib/python3.12/site-packages/airflow/example_dags/example_task_group.py for tasks to queue
[2024-07-06T22:16:09.775+0700] {logging_mixin.py:188} INFO - [2024-07-06T22:16:09.774+0700] {dagbag.py:545} INFO - Filling up the DagBag from /home/acer/.local/share/virtualenvs/custom_airflow-E5ZHcY_K/lib/python3.12/site-packages/airflow/example_dags/example_task_group.py
[2024-07-06T22:16:09.788+0700] {processor.py:840} INFO - DAG(s) 'example_task_group' retrieved from /home/acer/.local/share/virtualenvs/custom_airflow-E5ZHcY_K/lib/python3.12/site-packages/airflow/example_dags/example_task_group.py
[2024-07-06T22:16:09.812+0700] {logging_mixin.py:188} INFO - [2024-07-06T22:16:09.812+0700] {dag.py:3096} INFO - Sync 1 DAGs
[2024-07-06T22:16:09.841+0700] {logging_mixin.py:188} INFO - [2024-07-06T22:16:09.841+0700] {dag.py:3954} INFO - Setting next_dagrun for example_task_group to 2024-07-05 00:00:00+00:00, run_after=2024-07-06 00:00:00+00:00
[2024-07-06T22:16:09.870+0700] {processor.py:183} INFO - Processing /home/acer/.local/share/virtualenvs/custom_airflow-E5ZHcY_K/lib/python3.12/site-packages/airflow/example_dags/example_task_group.py took 0.115 seconds
[2024-07-06T22:17:04.312+0700] {processor.py:161} INFO - Started process (PID=21783) to work on /home/acer/.local/share/virtualenvs/custom_airflow-E5ZHcY_K/lib/python3.12/site-packages/airflow/example_dags/example_task_group.py
[2024-07-06T22:17:04.313+0700] {processor.py:830} INFO - Processing file /home/acer/.local/share/virtualenvs/custom_airflow-E5ZHcY_K/lib/python3.12/site-packages/airflow/example_dags/example_task_group.py for tasks to queue
[2024-07-06T22:17:04.316+0700] {logging_mixin.py:188} INFO - [2024-07-06T22:17:04.316+0700] {dagbag.py:545} INFO - Filling up the DagBag from /home/acer/.local/share/virtualenvs/custom_airflow-E5ZHcY_K/lib/python3.12/site-packages/airflow/example_dags/example_task_group.py
[2024-07-06T22:17:04.328+0700] {processor.py:840} INFO - DAG(s) 'example_task_group' retrieved from /home/acer/.local/share/virtualenvs/custom_airflow-E5ZHcY_K/lib/python3.12/site-packages/airflow/example_dags/example_task_group.py
[2024-07-06T22:17:04.351+0700] {logging_mixin.py:188} INFO - [2024-07-06T22:17:04.351+0700] {dag.py:3096} INFO - Sync 1 DAGs
[2024-07-06T22:17:04.380+0700] {logging_mixin.py:188} INFO - [2024-07-06T22:17:04.379+0700] {dag.py:3954} INFO - Setting next_dagrun for example_task_group to 2024-07-05 00:00:00+00:00, run_after=2024-07-06 00:00:00+00:00
[2024-07-06T22:17:04.404+0700] {processor.py:183} INFO - Processing /home/acer/.local/share/virtualenvs/custom_airflow-E5ZHcY_K/lib/python3.12/site-packages/airflow/example_dags/example_task_group.py took 0.108 seconds
[2024-07-06T22:18:07.163+0700] {processor.py:161} INFO - Started process (PID=22129) to work on /home/acer/.local/share/virtualenvs/custom_airflow-E5ZHcY_K/lib/python3.12/site-packages/airflow/example_dags/example_task_group.py
[2024-07-06T22:18:07.166+0700] {processor.py:830} INFO - Processing file /home/acer/.local/share/virtualenvs/custom_airflow-E5ZHcY_K/lib/python3.12/site-packages/airflow/example_dags/example_task_group.py for tasks to queue
[2024-07-06T22:18:07.170+0700] {logging_mixin.py:188} INFO - [2024-07-06T22:18:07.169+0700] {dagbag.py:545} INFO - Filling up the DagBag from /home/acer/.local/share/virtualenvs/custom_airflow-E5ZHcY_K/lib/python3.12/site-packages/airflow/example_dags/example_task_group.py
[2024-07-06T22:18:07.186+0700] {processor.py:840} INFO - DAG(s) 'example_task_group' retrieved from /home/acer/.local/share/virtualenvs/custom_airflow-E5ZHcY_K/lib/python3.12/site-packages/airflow/example_dags/example_task_group.py
[2024-07-06T22:18:07.222+0700] {logging_mixin.py:188} INFO - [2024-07-06T22:18:07.222+0700] {dag.py:3096} INFO - Sync 1 DAGs
[2024-07-06T22:18:07.251+0700] {logging_mixin.py:188} INFO - [2024-07-06T22:18:07.250+0700] {dag.py:3954} INFO - Setting next_dagrun for example_task_group to 2024-07-05 00:00:00+00:00, run_after=2024-07-06 00:00:00+00:00
[2024-07-06T22:18:07.280+0700] {processor.py:183} INFO - Processing /home/acer/.local/share/virtualenvs/custom_airflow-E5ZHcY_K/lib/python3.12/site-packages/airflow/example_dags/example_task_group.py took 0.127 seconds
[2024-07-06T22:19:10.545+0700] {processor.py:161} INFO - Started process (PID=22443) to work on /home/acer/.local/share/virtualenvs/custom_airflow-E5ZHcY_K/lib/python3.12/site-packages/airflow/example_dags/example_task_group.py
[2024-07-06T22:19:10.549+0700] {processor.py:830} INFO - Processing file /home/acer/.local/share/virtualenvs/custom_airflow-E5ZHcY_K/lib/python3.12/site-packages/airflow/example_dags/example_task_group.py for tasks to queue
[2024-07-06T22:19:10.558+0700] {logging_mixin.py:188} INFO - [2024-07-06T22:19:10.556+0700] {dagbag.py:545} INFO - Filling up the DagBag from /home/acer/.local/share/virtualenvs/custom_airflow-E5ZHcY_K/lib/python3.12/site-packages/airflow/example_dags/example_task_group.py
[2024-07-06T22:19:10.578+0700] {processor.py:840} INFO - DAG(s) 'example_task_group' retrieved from /home/acer/.local/share/virtualenvs/custom_airflow-E5ZHcY_K/lib/python3.12/site-packages/airflow/example_dags/example_task_group.py
[2024-07-06T22:19:10.604+0700] {logging_mixin.py:188} INFO - [2024-07-06T22:19:10.604+0700] {dag.py:3096} INFO - Sync 1 DAGs
[2024-07-06T22:19:10.631+0700] {logging_mixin.py:188} INFO - [2024-07-06T22:19:10.631+0700] {dag.py:3954} INFO - Setting next_dagrun for example_task_group to 2024-07-05 00:00:00+00:00, run_after=2024-07-06 00:00:00+00:00
[2024-07-06T22:19:10.751+0700] {processor.py:183} INFO - Processing /home/acer/.local/share/virtualenvs/custom_airflow-E5ZHcY_K/lib/python3.12/site-packages/airflow/example_dags/example_task_group.py took 0.234 seconds
[2024-07-06T22:20:12.669+0700] {processor.py:161} INFO - Started process (PID=22795) to work on /home/acer/.local/share/virtualenvs/custom_airflow-E5ZHcY_K/lib/python3.12/site-packages/airflow/example_dags/example_task_group.py
[2024-07-06T22:20:12.670+0700] {processor.py:830} INFO - Processing file /home/acer/.local/share/virtualenvs/custom_airflow-E5ZHcY_K/lib/python3.12/site-packages/airflow/example_dags/example_task_group.py for tasks to queue
[2024-07-06T22:20:12.673+0700] {logging_mixin.py:188} INFO - [2024-07-06T22:20:12.672+0700] {dagbag.py:545} INFO - Filling up the DagBag from /home/acer/.local/share/virtualenvs/custom_airflow-E5ZHcY_K/lib/python3.12/site-packages/airflow/example_dags/example_task_group.py
[2024-07-06T22:20:12.689+0700] {processor.py:840} INFO - DAG(s) 'example_task_group' retrieved from /home/acer/.local/share/virtualenvs/custom_airflow-E5ZHcY_K/lib/python3.12/site-packages/airflow/example_dags/example_task_group.py
[2024-07-06T22:20:12.719+0700] {logging_mixin.py:188} INFO - [2024-07-06T22:20:12.719+0700] {dag.py:3096} INFO - Sync 1 DAGs
[2024-07-06T22:20:12.762+0700] {logging_mixin.py:188} INFO - [2024-07-06T22:20:12.761+0700] {dag.py:3954} INFO - Setting next_dagrun for example_task_group to 2024-07-05 00:00:00+00:00, run_after=2024-07-06 00:00:00+00:00
[2024-07-06T22:20:12.802+0700] {processor.py:183} INFO - Processing /home/acer/.local/share/virtualenvs/custom_airflow-E5ZHcY_K/lib/python3.12/site-packages/airflow/example_dags/example_task_group.py took 0.147 seconds
[2024-07-06T22:21:14.044+0700] {processor.py:161} INFO - Started process (PID=23185) to work on /home/acer/.local/share/virtualenvs/custom_airflow-E5ZHcY_K/lib/python3.12/site-packages/airflow/example_dags/example_task_group.py
[2024-07-06T22:21:14.049+0700] {processor.py:830} INFO - Processing file /home/acer/.local/share/virtualenvs/custom_airflow-E5ZHcY_K/lib/python3.12/site-packages/airflow/example_dags/example_task_group.py for tasks to queue
[2024-07-06T22:21:14.052+0700] {logging_mixin.py:188} INFO - [2024-07-06T22:21:14.052+0700] {dagbag.py:545} INFO - Filling up the DagBag from /home/acer/.local/share/virtualenvs/custom_airflow-E5ZHcY_K/lib/python3.12/site-packages/airflow/example_dags/example_task_group.py
[2024-07-06T22:21:14.065+0700] {processor.py:840} INFO - DAG(s) 'example_task_group' retrieved from /home/acer/.local/share/virtualenvs/custom_airflow-E5ZHcY_K/lib/python3.12/site-packages/airflow/example_dags/example_task_group.py
[2024-07-06T22:21:14.106+0700] {logging_mixin.py:188} INFO - [2024-07-06T22:21:14.106+0700] {dag.py:3096} INFO - Sync 1 DAGs
[2024-07-06T22:21:14.144+0700] {logging_mixin.py:188} INFO - [2024-07-06T22:21:14.143+0700] {dag.py:3954} INFO - Setting next_dagrun for example_task_group to 2024-07-05 00:00:00+00:00, run_after=2024-07-06 00:00:00+00:00
[2024-07-06T22:21:14.176+0700] {processor.py:183} INFO - Processing /home/acer/.local/share/virtualenvs/custom_airflow-E5ZHcY_K/lib/python3.12/site-packages/airflow/example_dags/example_task_group.py took 0.148 seconds
