[2024-07-06T16:09:08.181+0700] {processor.py:161} INFO - Started process (PID=51265) to work on /home/acer/.local/share/virtualenvs/custom_airflow-E5ZHcY_K/lib/python3.12/site-packages/airflow/example_dags/example_params_ui_tutorial.py
[2024-07-06T16:09:08.184+0700] {processor.py:830} INFO - Processing file /home/acer/.local/share/virtualenvs/custom_airflow-E5ZHcY_K/lib/python3.12/site-packages/airflow/example_dags/example_params_ui_tutorial.py for tasks to queue
[2024-07-06T16:09:08.189+0700] {logging_mixin.py:188} INFO - [2024-07-06T16:09:08.187+0700] {dagbag.py:545} INFO - Filling up the DagBag from /home/acer/.local/share/virtualenvs/custom_airflow-E5ZHcY_K/lib/python3.12/site-packages/airflow/example_dags/example_params_ui_tutorial.py
[2024-07-06T16:09:08.211+0700] {processor.py:840} INFO - DAG(s) 'example_params_ui_tutorial' retrieved from /home/acer/.local/share/virtualenvs/custom_airflow-E5ZHcY_K/lib/python3.12/site-packages/airflow/example_dags/example_params_ui_tutorial.py
[2024-07-06T16:09:08.359+0700] {logging_mixin.py:188} INFO - [2024-07-06T16:09:08.359+0700] {override.py:1847} INFO - Created Permission View: can delete on DAG:example_params_ui_tutorial
[2024-07-06T16:09:08.372+0700] {logging_mixin.py:188} INFO - [2024-07-06T16:09:08.371+0700] {override.py:1847} INFO - Created Permission View: can edit on DAG:example_params_ui_tutorial
[2024-07-06T16:09:08.386+0700] {logging_mixin.py:188} INFO - [2024-07-06T16:09:08.386+0700] {override.py:1847} INFO - Created Permission View: can read on DAG:example_params_ui_tutorial
[2024-07-06T16:09:08.387+0700] {logging_mixin.py:188} INFO - [2024-07-06T16:09:08.387+0700] {dag.py:3096} INFO - Sync 1 DAGs
[2024-07-06T16:09:08.402+0700] {logging_mixin.py:188} INFO - [2024-07-06T16:09:08.401+0700] {dag.py:3118} INFO - Creating ORM DAG for example_params_ui_tutorial
[2024-07-06T16:09:08.402+0700] {logging_mixin.py:188} INFO - [2024-07-06T16:09:08.402+0700] {dag.py:3954} INFO - Setting next_dagrun for example_params_ui_tutorial to None, run_after=None
[2024-07-06T16:09:08.429+0700] {processor.py:183} INFO - Processing /home/acer/.local/share/virtualenvs/custom_airflow-E5ZHcY_K/lib/python3.12/site-packages/airflow/example_dags/example_params_ui_tutorial.py took 0.274 seconds
[2024-07-06T16:10:06.750+0700] {processor.py:161} INFO - Started process (PID=51652) to work on /home/acer/.local/share/virtualenvs/custom_airflow-E5ZHcY_K/lib/python3.12/site-packages/airflow/example_dags/example_params_ui_tutorial.py
[2024-07-06T16:10:06.751+0700] {processor.py:830} INFO - Processing file /home/acer/.local/share/virtualenvs/custom_airflow-E5ZHcY_K/lib/python3.12/site-packages/airflow/example_dags/example_params_ui_tutorial.py for tasks to queue
[2024-07-06T16:10:06.753+0700] {logging_mixin.py:188} INFO - [2024-07-06T16:10:06.752+0700] {dagbag.py:545} INFO - Filling up the DagBag from /home/acer/.local/share/virtualenvs/custom_airflow-E5ZHcY_K/lib/python3.12/site-packages/airflow/example_dags/example_params_ui_tutorial.py
[2024-07-06T16:10:06.771+0700] {processor.py:840} INFO - DAG(s) 'example_params_ui_tutorial' retrieved from /home/acer/.local/share/virtualenvs/custom_airflow-E5ZHcY_K/lib/python3.12/site-packages/airflow/example_dags/example_params_ui_tutorial.py
[2024-07-06T16:10:06.828+0700] {logging_mixin.py:188} INFO - [2024-07-06T16:10:06.828+0700] {dag.py:3096} INFO - Sync 1 DAGs
[2024-07-06T16:10:06.843+0700] {logging_mixin.py:188} INFO - [2024-07-06T16:10:06.843+0700] {dag.py:3954} INFO - Setting next_dagrun for example_params_ui_tutorial to None, run_after=None
[2024-07-06T16:10:06.868+0700] {processor.py:183} INFO - Processing /home/acer/.local/share/virtualenvs/custom_airflow-E5ZHcY_K/lib/python3.12/site-packages/airflow/example_dags/example_params_ui_tutorial.py took 0.124 seconds
[2024-07-06T16:10:59.543+0700] {processor.py:161} INFO - Started process (PID=52303) to work on /home/acer/.local/share/virtualenvs/custom_airflow-E5ZHcY_K/lib/python3.12/site-packages/airflow/example_dags/example_params_ui_tutorial.py
[2024-07-06T16:10:59.545+0700] {processor.py:830} INFO - Processing file /home/acer/.local/share/virtualenvs/custom_airflow-E5ZHcY_K/lib/python3.12/site-packages/airflow/example_dags/example_params_ui_tutorial.py for tasks to queue
[2024-07-06T16:10:59.548+0700] {logging_mixin.py:188} INFO - [2024-07-06T16:10:59.547+0700] {dagbag.py:545} INFO - Filling up the DagBag from /home/acer/.local/share/virtualenvs/custom_airflow-E5ZHcY_K/lib/python3.12/site-packages/airflow/example_dags/example_params_ui_tutorial.py
[2024-07-06T16:10:59.567+0700] {processor.py:840} INFO - DAG(s) 'example_params_ui_tutorial' retrieved from /home/acer/.local/share/virtualenvs/custom_airflow-E5ZHcY_K/lib/python3.12/site-packages/airflow/example_dags/example_params_ui_tutorial.py
[2024-07-06T16:10:59.622+0700] {logging_mixin.py:188} INFO - [2024-07-06T16:10:59.622+0700] {dag.py:3096} INFO - Sync 1 DAGs
[2024-07-06T16:10:59.635+0700] {logging_mixin.py:188} INFO - [2024-07-06T16:10:59.635+0700] {dag.py:3954} INFO - Setting next_dagrun for example_params_ui_tutorial to None, run_after=None
[2024-07-06T16:10:59.664+0700] {processor.py:183} INFO - Processing /home/acer/.local/share/virtualenvs/custom_airflow-E5ZHcY_K/lib/python3.12/site-packages/airflow/example_dags/example_params_ui_tutorial.py took 0.135 seconds
[2024-07-06T16:11:54.586+0700] {processor.py:161} INFO - Started process (PID=52589) to work on /home/acer/.local/share/virtualenvs/custom_airflow-E5ZHcY_K/lib/python3.12/site-packages/airflow/example_dags/example_params_ui_tutorial.py
[2024-07-06T16:11:54.590+0700] {processor.py:830} INFO - Processing file /home/acer/.local/share/virtualenvs/custom_airflow-E5ZHcY_K/lib/python3.12/site-packages/airflow/example_dags/example_params_ui_tutorial.py for tasks to queue
[2024-07-06T16:11:54.596+0700] {logging_mixin.py:188} INFO - [2024-07-06T16:11:54.594+0700] {dagbag.py:545} INFO - Filling up the DagBag from /home/acer/.local/share/virtualenvs/custom_airflow-E5ZHcY_K/lib/python3.12/site-packages/airflow/example_dags/example_params_ui_tutorial.py
[2024-07-06T16:11:54.630+0700] {processor.py:840} INFO - DAG(s) 'example_params_ui_tutorial' retrieved from /home/acer/.local/share/virtualenvs/custom_airflow-E5ZHcY_K/lib/python3.12/site-packages/airflow/example_dags/example_params_ui_tutorial.py
[2024-07-06T16:11:54.685+0700] {logging_mixin.py:188} INFO - [2024-07-06T16:11:54.685+0700] {dag.py:3096} INFO - Sync 1 DAGs
[2024-07-06T16:11:54.697+0700] {logging_mixin.py:188} INFO - [2024-07-06T16:11:54.697+0700] {dag.py:3954} INFO - Setting next_dagrun for example_params_ui_tutorial to None, run_after=None
[2024-07-06T16:11:54.727+0700] {processor.py:183} INFO - Processing /home/acer/.local/share/virtualenvs/custom_airflow-E5ZHcY_K/lib/python3.12/site-packages/airflow/example_dags/example_params_ui_tutorial.py took 0.165 seconds
[2024-07-06T16:15:59.709+0700] {processor.py:161} INFO - Started process (PID=54871) to work on /home/acer/.local/share/virtualenvs/custom_airflow-E5ZHcY_K/lib/python3.12/site-packages/airflow/example_dags/example_params_ui_tutorial.py
[2024-07-06T16:15:59.711+0700] {processor.py:830} INFO - Processing file /home/acer/.local/share/virtualenvs/custom_airflow-E5ZHcY_K/lib/python3.12/site-packages/airflow/example_dags/example_params_ui_tutorial.py for tasks to queue
[2024-07-06T16:15:59.718+0700] {logging_mixin.py:188} INFO - [2024-07-06T16:15:59.716+0700] {dagbag.py:545} INFO - Filling up the DagBag from /home/acer/.local/share/virtualenvs/custom_airflow-E5ZHcY_K/lib/python3.12/site-packages/airflow/example_dags/example_params_ui_tutorial.py
[2024-07-06T16:15:59.740+0700] {processor.py:840} INFO - DAG(s) 'example_params_ui_tutorial' retrieved from /home/acer/.local/share/virtualenvs/custom_airflow-E5ZHcY_K/lib/python3.12/site-packages/airflow/example_dags/example_params_ui_tutorial.py
[2024-07-06T16:15:59.905+0700] {logging_mixin.py:188} INFO - [2024-07-06T16:15:59.904+0700] {dag.py:3096} INFO - Sync 1 DAGs
[2024-07-06T16:15:59.916+0700] {logging_mixin.py:188} INFO - [2024-07-06T16:15:59.916+0700] {dag.py:3954} INFO - Setting next_dagrun for example_params_ui_tutorial to None, run_after=None
[2024-07-06T16:15:59.950+0700] {processor.py:183} INFO - Processing /home/acer/.local/share/virtualenvs/custom_airflow-E5ZHcY_K/lib/python3.12/site-packages/airflow/example_dags/example_params_ui_tutorial.py took 0.261 seconds
[2024-07-06T16:16:56.493+0700] {processor.py:161} INFO - Started process (PID=55419) to work on /home/acer/.local/share/virtualenvs/custom_airflow-E5ZHcY_K/lib/python3.12/site-packages/airflow/example_dags/example_params_ui_tutorial.py
[2024-07-06T16:16:56.495+0700] {processor.py:830} INFO - Processing file /home/acer/.local/share/virtualenvs/custom_airflow-E5ZHcY_K/lib/python3.12/site-packages/airflow/example_dags/example_params_ui_tutorial.py for tasks to queue
[2024-07-06T16:16:56.497+0700] {logging_mixin.py:188} INFO - [2024-07-06T16:16:56.497+0700] {dagbag.py:545} INFO - Filling up the DagBag from /home/acer/.local/share/virtualenvs/custom_airflow-E5ZHcY_K/lib/python3.12/site-packages/airflow/example_dags/example_params_ui_tutorial.py
[2024-07-06T16:16:56.513+0700] {processor.py:840} INFO - DAG(s) 'example_params_ui_tutorial' retrieved from /home/acer/.local/share/virtualenvs/custom_airflow-E5ZHcY_K/lib/python3.12/site-packages/airflow/example_dags/example_params_ui_tutorial.py
[2024-07-06T16:16:56.563+0700] {logging_mixin.py:188} INFO - [2024-07-06T16:16:56.563+0700] {dag.py:3096} INFO - Sync 1 DAGs
[2024-07-06T16:16:56.576+0700] {logging_mixin.py:188} INFO - [2024-07-06T16:16:56.576+0700] {dag.py:3954} INFO - Setting next_dagrun for example_params_ui_tutorial to None, run_after=None
[2024-07-06T16:16:56.600+0700] {processor.py:183} INFO - Processing /home/acer/.local/share/virtualenvs/custom_airflow-E5ZHcY_K/lib/python3.12/site-packages/airflow/example_dags/example_params_ui_tutorial.py took 0.117 seconds
[2024-07-06T16:17:50.658+0700] {processor.py:161} INFO - Started process (PID=55818) to work on /home/acer/.local/share/virtualenvs/custom_airflow-E5ZHcY_K/lib/python3.12/site-packages/airflow/example_dags/example_params_ui_tutorial.py
[2024-07-06T16:17:50.661+0700] {processor.py:830} INFO - Processing file /home/acer/.local/share/virtualenvs/custom_airflow-E5ZHcY_K/lib/python3.12/site-packages/airflow/example_dags/example_params_ui_tutorial.py for tasks to queue
[2024-07-06T16:17:50.665+0700] {logging_mixin.py:188} INFO - [2024-07-06T16:17:50.664+0700] {dagbag.py:545} INFO - Filling up the DagBag from /home/acer/.local/share/virtualenvs/custom_airflow-E5ZHcY_K/lib/python3.12/site-packages/airflow/example_dags/example_params_ui_tutorial.py
[2024-07-06T16:17:50.682+0700] {processor.py:840} INFO - DAG(s) 'example_params_ui_tutorial' retrieved from /home/acer/.local/share/virtualenvs/custom_airflow-E5ZHcY_K/lib/python3.12/site-packages/airflow/example_dags/example_params_ui_tutorial.py
[2024-07-06T16:17:50.733+0700] {logging_mixin.py:188} INFO - [2024-07-06T16:17:50.733+0700] {dag.py:3096} INFO - Sync 1 DAGs
[2024-07-06T16:17:50.745+0700] {logging_mixin.py:188} INFO - [2024-07-06T16:17:50.745+0700] {dag.py:3954} INFO - Setting next_dagrun for example_params_ui_tutorial to None, run_after=None
[2024-07-06T16:17:50.766+0700] {processor.py:183} INFO - Processing /home/acer/.local/share/virtualenvs/custom_airflow-E5ZHcY_K/lib/python3.12/site-packages/airflow/example_dags/example_params_ui_tutorial.py took 0.127 seconds
[2024-07-06T16:18:42.526+0700] {processor.py:161} INFO - Started process (PID=56078) to work on /home/acer/.local/share/virtualenvs/custom_airflow-E5ZHcY_K/lib/python3.12/site-packages/airflow/example_dags/example_params_ui_tutorial.py
[2024-07-06T16:18:42.528+0700] {processor.py:830} INFO - Processing file /home/acer/.local/share/virtualenvs/custom_airflow-E5ZHcY_K/lib/python3.12/site-packages/airflow/example_dags/example_params_ui_tutorial.py for tasks to queue
[2024-07-06T16:18:42.529+0700] {logging_mixin.py:188} INFO - [2024-07-06T16:18:42.529+0700] {dagbag.py:545} INFO - Filling up the DagBag from /home/acer/.local/share/virtualenvs/custom_airflow-E5ZHcY_K/lib/python3.12/site-packages/airflow/example_dags/example_params_ui_tutorial.py
[2024-07-06T16:18:42.544+0700] {processor.py:840} INFO - DAG(s) 'example_params_ui_tutorial' retrieved from /home/acer/.local/share/virtualenvs/custom_airflow-E5ZHcY_K/lib/python3.12/site-packages/airflow/example_dags/example_params_ui_tutorial.py
[2024-07-06T16:18:42.594+0700] {logging_mixin.py:188} INFO - [2024-07-06T16:18:42.594+0700] {dag.py:3096} INFO - Sync 1 DAGs
[2024-07-06T16:18:42.607+0700] {logging_mixin.py:188} INFO - [2024-07-06T16:18:42.606+0700] {dag.py:3954} INFO - Setting next_dagrun for example_params_ui_tutorial to None, run_after=None
[2024-07-06T16:18:42.629+0700] {processor.py:183} INFO - Processing /home/acer/.local/share/virtualenvs/custom_airflow-E5ZHcY_K/lib/python3.12/site-packages/airflow/example_dags/example_params_ui_tutorial.py took 0.111 seconds
[2024-07-06T16:19:36.316+0700] {processor.py:161} INFO - Started process (PID=56565) to work on /home/acer/.local/share/virtualenvs/custom_airflow-E5ZHcY_K/lib/python3.12/site-packages/airflow/example_dags/example_params_ui_tutorial.py
[2024-07-06T16:19:36.317+0700] {processor.py:830} INFO - Processing file /home/acer/.local/share/virtualenvs/custom_airflow-E5ZHcY_K/lib/python3.12/site-packages/airflow/example_dags/example_params_ui_tutorial.py for tasks to queue
[2024-07-06T16:19:36.319+0700] {logging_mixin.py:188} INFO - [2024-07-06T16:19:36.318+0700] {dagbag.py:545} INFO - Filling up the DagBag from /home/acer/.local/share/virtualenvs/custom_airflow-E5ZHcY_K/lib/python3.12/site-packages/airflow/example_dags/example_params_ui_tutorial.py
[2024-07-06T16:19:36.331+0700] {processor.py:840} INFO - DAG(s) 'example_params_ui_tutorial' retrieved from /home/acer/.local/share/virtualenvs/custom_airflow-E5ZHcY_K/lib/python3.12/site-packages/airflow/example_dags/example_params_ui_tutorial.py
[2024-07-06T16:19:36.392+0700] {logging_mixin.py:188} INFO - [2024-07-06T16:19:36.391+0700] {dag.py:3096} INFO - Sync 1 DAGs
[2024-07-06T16:19:36.412+0700] {logging_mixin.py:188} INFO - [2024-07-06T16:19:36.411+0700] {dag.py:3954} INFO - Setting next_dagrun for example_params_ui_tutorial to None, run_after=None
[2024-07-06T16:19:36.439+0700] {processor.py:183} INFO - Processing /home/acer/.local/share/virtualenvs/custom_airflow-E5ZHcY_K/lib/python3.12/site-packages/airflow/example_dags/example_params_ui_tutorial.py took 0.129 seconds
[2024-07-06T16:20:35.279+0700] {processor.py:161} INFO - Started process (PID=57154) to work on /home/acer/.local/share/virtualenvs/custom_airflow-E5ZHcY_K/lib/python3.12/site-packages/airflow/example_dags/example_params_ui_tutorial.py
[2024-07-06T16:20:35.280+0700] {processor.py:830} INFO - Processing file /home/acer/.local/share/virtualenvs/custom_airflow-E5ZHcY_K/lib/python3.12/site-packages/airflow/example_dags/example_params_ui_tutorial.py for tasks to queue
[2024-07-06T16:20:35.282+0700] {logging_mixin.py:188} INFO - [2024-07-06T16:20:35.282+0700] {dagbag.py:545} INFO - Filling up the DagBag from /home/acer/.local/share/virtualenvs/custom_airflow-E5ZHcY_K/lib/python3.12/site-packages/airflow/example_dags/example_params_ui_tutorial.py
[2024-07-06T16:20:35.294+0700] {processor.py:840} INFO - DAG(s) 'example_params_ui_tutorial' retrieved from /home/acer/.local/share/virtualenvs/custom_airflow-E5ZHcY_K/lib/python3.12/site-packages/airflow/example_dags/example_params_ui_tutorial.py
[2024-07-06T16:20:35.344+0700] {logging_mixin.py:188} INFO - [2024-07-06T16:20:35.344+0700] {dag.py:3096} INFO - Sync 1 DAGs
[2024-07-06T16:20:35.356+0700] {logging_mixin.py:188} INFO - [2024-07-06T16:20:35.356+0700] {dag.py:3954} INFO - Setting next_dagrun for example_params_ui_tutorial to None, run_after=None
[2024-07-06T16:20:35.378+0700] {processor.py:183} INFO - Processing /home/acer/.local/share/virtualenvs/custom_airflow-E5ZHcY_K/lib/python3.12/site-packages/airflow/example_dags/example_params_ui_tutorial.py took 0.104 seconds
[2024-07-06T16:21:26.182+0700] {processor.py:161} INFO - Started process (PID=57557) to work on /home/acer/.local/share/virtualenvs/custom_airflow-E5ZHcY_K/lib/python3.12/site-packages/airflow/example_dags/example_params_ui_tutorial.py
[2024-07-06T16:21:26.184+0700] {processor.py:830} INFO - Processing file /home/acer/.local/share/virtualenvs/custom_airflow-E5ZHcY_K/lib/python3.12/site-packages/airflow/example_dags/example_params_ui_tutorial.py for tasks to queue
[2024-07-06T16:21:26.188+0700] {logging_mixin.py:188} INFO - [2024-07-06T16:21:26.187+0700] {dagbag.py:545} INFO - Filling up the DagBag from /home/acer/.local/share/virtualenvs/custom_airflow-E5ZHcY_K/lib/python3.12/site-packages/airflow/example_dags/example_params_ui_tutorial.py
[2024-07-06T16:21:26.212+0700] {processor.py:840} INFO - DAG(s) 'example_params_ui_tutorial' retrieved from /home/acer/.local/share/virtualenvs/custom_airflow-E5ZHcY_K/lib/python3.12/site-packages/airflow/example_dags/example_params_ui_tutorial.py
[2024-07-06T16:21:26.277+0700] {logging_mixin.py:188} INFO - [2024-07-06T16:21:26.276+0700] {dag.py:3096} INFO - Sync 1 DAGs
[2024-07-06T16:21:26.301+0700] {logging_mixin.py:188} INFO - [2024-07-06T16:21:26.301+0700] {dag.py:3954} INFO - Setting next_dagrun for example_params_ui_tutorial to None, run_after=None
[2024-07-06T16:21:26.337+0700] {processor.py:183} INFO - Processing /home/acer/.local/share/virtualenvs/custom_airflow-E5ZHcY_K/lib/python3.12/site-packages/airflow/example_dags/example_params_ui_tutorial.py took 0.168 seconds
[2024-07-06T16:22:15.973+0700] {processor.py:161} INFO - Started process (PID=57857) to work on /home/acer/.local/share/virtualenvs/custom_airflow-E5ZHcY_K/lib/python3.12/site-packages/airflow/example_dags/example_params_ui_tutorial.py
[2024-07-06T16:22:15.975+0700] {processor.py:830} INFO - Processing file /home/acer/.local/share/virtualenvs/custom_airflow-E5ZHcY_K/lib/python3.12/site-packages/airflow/example_dags/example_params_ui_tutorial.py for tasks to queue
[2024-07-06T16:22:15.977+0700] {logging_mixin.py:188} INFO - [2024-07-06T16:22:15.976+0700] {dagbag.py:545} INFO - Filling up the DagBag from /home/acer/.local/share/virtualenvs/custom_airflow-E5ZHcY_K/lib/python3.12/site-packages/airflow/example_dags/example_params_ui_tutorial.py
[2024-07-06T16:22:15.989+0700] {processor.py:840} INFO - DAG(s) 'example_params_ui_tutorial' retrieved from /home/acer/.local/share/virtualenvs/custom_airflow-E5ZHcY_K/lib/python3.12/site-packages/airflow/example_dags/example_params_ui_tutorial.py
[2024-07-06T16:22:16.041+0700] {logging_mixin.py:188} INFO - [2024-07-06T16:22:16.041+0700] {dag.py:3096} INFO - Sync 1 DAGs
[2024-07-06T16:22:16.053+0700] {logging_mixin.py:188} INFO - [2024-07-06T16:22:16.053+0700] {dag.py:3954} INFO - Setting next_dagrun for example_params_ui_tutorial to None, run_after=None
[2024-07-06T16:22:16.074+0700] {processor.py:183} INFO - Processing /home/acer/.local/share/virtualenvs/custom_airflow-E5ZHcY_K/lib/python3.12/site-packages/airflow/example_dags/example_params_ui_tutorial.py took 0.111 seconds
[2024-07-06T16:23:07.069+0700] {processor.py:161} INFO - Started process (PID=58183) to work on /home/acer/.local/share/virtualenvs/custom_airflow-E5ZHcY_K/lib/python3.12/site-packages/airflow/example_dags/example_params_ui_tutorial.py
[2024-07-06T16:23:07.071+0700] {processor.py:830} INFO - Processing file /home/acer/.local/share/virtualenvs/custom_airflow-E5ZHcY_K/lib/python3.12/site-packages/airflow/example_dags/example_params_ui_tutorial.py for tasks to queue
[2024-07-06T16:23:07.073+0700] {logging_mixin.py:188} INFO - [2024-07-06T16:23:07.072+0700] {dagbag.py:545} INFO - Filling up the DagBag from /home/acer/.local/share/virtualenvs/custom_airflow-E5ZHcY_K/lib/python3.12/site-packages/airflow/example_dags/example_params_ui_tutorial.py
[2024-07-06T16:23:07.092+0700] {processor.py:840} INFO - DAG(s) 'example_params_ui_tutorial' retrieved from /home/acer/.local/share/virtualenvs/custom_airflow-E5ZHcY_K/lib/python3.12/site-packages/airflow/example_dags/example_params_ui_tutorial.py
[2024-07-06T16:23:07.189+0700] {logging_mixin.py:188} INFO - [2024-07-06T16:23:07.188+0700] {dag.py:3096} INFO - Sync 1 DAGs
[2024-07-06T16:23:07.201+0700] {logging_mixin.py:188} INFO - [2024-07-06T16:23:07.201+0700] {dag.py:3954} INFO - Setting next_dagrun for example_params_ui_tutorial to None, run_after=None
[2024-07-06T16:23:07.222+0700] {processor.py:183} INFO - Processing /home/acer/.local/share/virtualenvs/custom_airflow-E5ZHcY_K/lib/python3.12/site-packages/airflow/example_dags/example_params_ui_tutorial.py took 0.161 seconds
[2024-07-06T16:24:24.067+0700] {processor.py:161} INFO - Started process (PID=59249) to work on /home/acer/.local/share/virtualenvs/custom_airflow-E5ZHcY_K/lib/python3.12/site-packages/airflow/example_dags/example_params_ui_tutorial.py
[2024-07-06T16:24:24.070+0700] {processor.py:830} INFO - Processing file /home/acer/.local/share/virtualenvs/custom_airflow-E5ZHcY_K/lib/python3.12/site-packages/airflow/example_dags/example_params_ui_tutorial.py for tasks to queue
[2024-07-06T16:24:24.079+0700] {logging_mixin.py:188} INFO - [2024-07-06T16:24:24.076+0700] {dagbag.py:545} INFO - Filling up the DagBag from /home/acer/.local/share/virtualenvs/custom_airflow-E5ZHcY_K/lib/python3.12/site-packages/airflow/example_dags/example_params_ui_tutorial.py
[2024-07-06T16:24:24.123+0700] {processor.py:840} INFO - DAG(s) 'example_params_ui_tutorial' retrieved from /home/acer/.local/share/virtualenvs/custom_airflow-E5ZHcY_K/lib/python3.12/site-packages/airflow/example_dags/example_params_ui_tutorial.py
[2024-07-06T16:24:24.192+0700] {logging_mixin.py:188} INFO - [2024-07-06T16:24:24.191+0700] {dag.py:3096} INFO - Sync 1 DAGs
[2024-07-06T16:24:24.204+0700] {logging_mixin.py:188} INFO - [2024-07-06T16:24:24.203+0700] {dag.py:3954} INFO - Setting next_dagrun for example_params_ui_tutorial to None, run_after=None
[2024-07-06T16:24:24.225+0700] {processor.py:183} INFO - Processing /home/acer/.local/share/virtualenvs/custom_airflow-E5ZHcY_K/lib/python3.12/site-packages/airflow/example_dags/example_params_ui_tutorial.py took 0.177 seconds
[2024-07-06T16:25:20.263+0700] {processor.py:161} INFO - Started process (PID=59600) to work on /home/acer/.local/share/virtualenvs/custom_airflow-E5ZHcY_K/lib/python3.12/site-packages/airflow/example_dags/example_params_ui_tutorial.py
[2024-07-06T16:25:20.264+0700] {processor.py:830} INFO - Processing file /home/acer/.local/share/virtualenvs/custom_airflow-E5ZHcY_K/lib/python3.12/site-packages/airflow/example_dags/example_params_ui_tutorial.py for tasks to queue
[2024-07-06T16:25:20.266+0700] {logging_mixin.py:188} INFO - [2024-07-06T16:25:20.265+0700] {dagbag.py:545} INFO - Filling up the DagBag from /home/acer/.local/share/virtualenvs/custom_airflow-E5ZHcY_K/lib/python3.12/site-packages/airflow/example_dags/example_params_ui_tutorial.py
[2024-07-06T16:25:20.277+0700] {processor.py:840} INFO - DAG(s) 'example_params_ui_tutorial' retrieved from /home/acer/.local/share/virtualenvs/custom_airflow-E5ZHcY_K/lib/python3.12/site-packages/airflow/example_dags/example_params_ui_tutorial.py
[2024-07-06T16:25:20.327+0700] {logging_mixin.py:188} INFO - [2024-07-06T16:25:20.326+0700] {dag.py:3096} INFO - Sync 1 DAGs
[2024-07-06T16:25:20.339+0700] {logging_mixin.py:188} INFO - [2024-07-06T16:25:20.339+0700] {dag.py:3954} INFO - Setting next_dagrun for example_params_ui_tutorial to None, run_after=None
[2024-07-06T16:25:20.360+0700] {processor.py:183} INFO - Processing /home/acer/.local/share/virtualenvs/custom_airflow-E5ZHcY_K/lib/python3.12/site-packages/airflow/example_dags/example_params_ui_tutorial.py took 0.102 seconds
[2024-07-06T16:26:16.156+0700] {processor.py:161} INFO - Started process (PID=60053) to work on /home/acer/.local/share/virtualenvs/custom_airflow-E5ZHcY_K/lib/python3.12/site-packages/airflow/example_dags/example_params_ui_tutorial.py
[2024-07-06T16:26:16.157+0700] {processor.py:830} INFO - Processing file /home/acer/.local/share/virtualenvs/custom_airflow-E5ZHcY_K/lib/python3.12/site-packages/airflow/example_dags/example_params_ui_tutorial.py for tasks to queue
[2024-07-06T16:26:16.159+0700] {logging_mixin.py:188} INFO - [2024-07-06T16:26:16.158+0700] {dagbag.py:545} INFO - Filling up the DagBag from /home/acer/.local/share/virtualenvs/custom_airflow-E5ZHcY_K/lib/python3.12/site-packages/airflow/example_dags/example_params_ui_tutorial.py
[2024-07-06T16:26:16.170+0700] {processor.py:840} INFO - DAG(s) 'example_params_ui_tutorial' retrieved from /home/acer/.local/share/virtualenvs/custom_airflow-E5ZHcY_K/lib/python3.12/site-packages/airflow/example_dags/example_params_ui_tutorial.py
[2024-07-06T16:26:16.221+0700] {logging_mixin.py:188} INFO - [2024-07-06T16:26:16.220+0700] {dag.py:3096} INFO - Sync 1 DAGs
[2024-07-06T16:26:16.233+0700] {logging_mixin.py:188} INFO - [2024-07-06T16:26:16.232+0700] {dag.py:3954} INFO - Setting next_dagrun for example_params_ui_tutorial to None, run_after=None
[2024-07-06T16:26:16.254+0700] {processor.py:183} INFO - Processing /home/acer/.local/share/virtualenvs/custom_airflow-E5ZHcY_K/lib/python3.12/site-packages/airflow/example_dags/example_params_ui_tutorial.py took 0.103 seconds
[2024-07-06T16:27:05.310+0700] {processor.py:161} INFO - Started process (PID=60304) to work on /home/acer/.local/share/virtualenvs/custom_airflow-E5ZHcY_K/lib/python3.12/site-packages/airflow/example_dags/example_params_ui_tutorial.py
[2024-07-06T16:27:05.312+0700] {processor.py:830} INFO - Processing file /home/acer/.local/share/virtualenvs/custom_airflow-E5ZHcY_K/lib/python3.12/site-packages/airflow/example_dags/example_params_ui_tutorial.py for tasks to queue
[2024-07-06T16:27:05.316+0700] {logging_mixin.py:188} INFO - [2024-07-06T16:27:05.315+0700] {dagbag.py:545} INFO - Filling up the DagBag from /home/acer/.local/share/virtualenvs/custom_airflow-E5ZHcY_K/lib/python3.12/site-packages/airflow/example_dags/example_params_ui_tutorial.py
[2024-07-06T16:27:05.334+0700] {processor.py:840} INFO - DAG(s) 'example_params_ui_tutorial' retrieved from /home/acer/.local/share/virtualenvs/custom_airflow-E5ZHcY_K/lib/python3.12/site-packages/airflow/example_dags/example_params_ui_tutorial.py
[2024-07-06T16:27:05.385+0700] {logging_mixin.py:188} INFO - [2024-07-06T16:27:05.385+0700] {dag.py:3096} INFO - Sync 1 DAGs
[2024-07-06T16:27:05.397+0700] {logging_mixin.py:188} INFO - [2024-07-06T16:27:05.397+0700] {dag.py:3954} INFO - Setting next_dagrun for example_params_ui_tutorial to None, run_after=None
[2024-07-06T16:27:05.419+0700] {processor.py:183} INFO - Processing /home/acer/.local/share/virtualenvs/custom_airflow-E5ZHcY_K/lib/python3.12/site-packages/airflow/example_dags/example_params_ui_tutorial.py took 0.121 seconds
[2024-07-06T16:27:55.440+0700] {processor.py:161} INFO - Started process (PID=60575) to work on /home/acer/.local/share/virtualenvs/custom_airflow-E5ZHcY_K/lib/python3.12/site-packages/airflow/example_dags/example_params_ui_tutorial.py
[2024-07-06T16:27:55.441+0700] {processor.py:830} INFO - Processing file /home/acer/.local/share/virtualenvs/custom_airflow-E5ZHcY_K/lib/python3.12/site-packages/airflow/example_dags/example_params_ui_tutorial.py for tasks to queue
[2024-07-06T16:27:55.442+0700] {logging_mixin.py:188} INFO - [2024-07-06T16:27:55.442+0700] {dagbag.py:545} INFO - Filling up the DagBag from /home/acer/.local/share/virtualenvs/custom_airflow-E5ZHcY_K/lib/python3.12/site-packages/airflow/example_dags/example_params_ui_tutorial.py
[2024-07-06T16:27:55.453+0700] {processor.py:840} INFO - DAG(s) 'example_params_ui_tutorial' retrieved from /home/acer/.local/share/virtualenvs/custom_airflow-E5ZHcY_K/lib/python3.12/site-packages/airflow/example_dags/example_params_ui_tutorial.py
[2024-07-06T16:27:55.504+0700] {logging_mixin.py:188} INFO - [2024-07-06T16:27:55.503+0700] {dag.py:3096} INFO - Sync 1 DAGs
[2024-07-06T16:27:55.516+0700] {logging_mixin.py:188} INFO - [2024-07-06T16:27:55.515+0700] {dag.py:3954} INFO - Setting next_dagrun for example_params_ui_tutorial to None, run_after=None
[2024-07-06T16:27:55.537+0700] {processor.py:183} INFO - Processing /home/acer/.local/share/virtualenvs/custom_airflow-E5ZHcY_K/lib/python3.12/site-packages/airflow/example_dags/example_params_ui_tutorial.py took 0.102 seconds
[2024-07-06T16:28:40.725+0700] {processor.py:161} INFO - Started process (PID=60795) to work on /home/acer/.local/share/virtualenvs/custom_airflow-E5ZHcY_K/lib/python3.12/site-packages/airflow/example_dags/example_params_ui_tutorial.py
[2024-07-06T16:28:40.726+0700] {processor.py:830} INFO - Processing file /home/acer/.local/share/virtualenvs/custom_airflow-E5ZHcY_K/lib/python3.12/site-packages/airflow/example_dags/example_params_ui_tutorial.py for tasks to queue
[2024-07-06T16:28:40.727+0700] {logging_mixin.py:188} INFO - [2024-07-06T16:28:40.727+0700] {dagbag.py:545} INFO - Filling up the DagBag from /home/acer/.local/share/virtualenvs/custom_airflow-E5ZHcY_K/lib/python3.12/site-packages/airflow/example_dags/example_params_ui_tutorial.py
[2024-07-06T16:28:40.739+0700] {processor.py:840} INFO - DAG(s) 'example_params_ui_tutorial' retrieved from /home/acer/.local/share/virtualenvs/custom_airflow-E5ZHcY_K/lib/python3.12/site-packages/airflow/example_dags/example_params_ui_tutorial.py
[2024-07-06T16:28:40.790+0700] {logging_mixin.py:188} INFO - [2024-07-06T16:28:40.790+0700] {dag.py:3096} INFO - Sync 1 DAGs
[2024-07-06T16:28:40.802+0700] {logging_mixin.py:188} INFO - [2024-07-06T16:28:40.802+0700] {dag.py:3954} INFO - Setting next_dagrun for example_params_ui_tutorial to None, run_after=None
[2024-07-06T16:28:40.823+0700] {processor.py:183} INFO - Processing /home/acer/.local/share/virtualenvs/custom_airflow-E5ZHcY_K/lib/python3.12/site-packages/airflow/example_dags/example_params_ui_tutorial.py took 0.104 seconds
[2024-07-06T16:29:28.457+0700] {processor.py:161} INFO - Started process (PID=61030) to work on /home/acer/.local/share/virtualenvs/custom_airflow-E5ZHcY_K/lib/python3.12/site-packages/airflow/example_dags/example_params_ui_tutorial.py
[2024-07-06T16:29:28.458+0700] {processor.py:830} INFO - Processing file /home/acer/.local/share/virtualenvs/custom_airflow-E5ZHcY_K/lib/python3.12/site-packages/airflow/example_dags/example_params_ui_tutorial.py for tasks to queue
[2024-07-06T16:29:28.461+0700] {logging_mixin.py:188} INFO - [2024-07-06T16:29:28.461+0700] {dagbag.py:545} INFO - Filling up the DagBag from /home/acer/.local/share/virtualenvs/custom_airflow-E5ZHcY_K/lib/python3.12/site-packages/airflow/example_dags/example_params_ui_tutorial.py
[2024-07-06T16:29:28.479+0700] {processor.py:840} INFO - DAG(s) 'example_params_ui_tutorial' retrieved from /home/acer/.local/share/virtualenvs/custom_airflow-E5ZHcY_K/lib/python3.12/site-packages/airflow/example_dags/example_params_ui_tutorial.py
[2024-07-06T16:29:28.531+0700] {logging_mixin.py:188} INFO - [2024-07-06T16:29:28.531+0700] {dag.py:3096} INFO - Sync 1 DAGs
[2024-07-06T16:29:28.543+0700] {logging_mixin.py:188} INFO - [2024-07-06T16:29:28.543+0700] {dag.py:3954} INFO - Setting next_dagrun for example_params_ui_tutorial to None, run_after=None
[2024-07-06T16:29:28.564+0700] {processor.py:183} INFO - Processing /home/acer/.local/share/virtualenvs/custom_airflow-E5ZHcY_K/lib/python3.12/site-packages/airflow/example_dags/example_params_ui_tutorial.py took 0.117 seconds
[2024-07-06T16:30:15.344+0700] {processor.py:161} INFO - Started process (PID=61254) to work on /home/acer/.local/share/virtualenvs/custom_airflow-E5ZHcY_K/lib/python3.12/site-packages/airflow/example_dags/example_params_ui_tutorial.py
[2024-07-06T16:30:15.345+0700] {processor.py:830} INFO - Processing file /home/acer/.local/share/virtualenvs/custom_airflow-E5ZHcY_K/lib/python3.12/site-packages/airflow/example_dags/example_params_ui_tutorial.py for tasks to queue
[2024-07-06T16:30:15.347+0700] {logging_mixin.py:188} INFO - [2024-07-06T16:30:15.347+0700] {dagbag.py:545} INFO - Filling up the DagBag from /home/acer/.local/share/virtualenvs/custom_airflow-E5ZHcY_K/lib/python3.12/site-packages/airflow/example_dags/example_params_ui_tutorial.py
[2024-07-06T16:30:15.359+0700] {processor.py:840} INFO - DAG(s) 'example_params_ui_tutorial' retrieved from /home/acer/.local/share/virtualenvs/custom_airflow-E5ZHcY_K/lib/python3.12/site-packages/airflow/example_dags/example_params_ui_tutorial.py
[2024-07-06T16:30:15.413+0700] {logging_mixin.py:188} INFO - [2024-07-06T16:30:15.412+0700] {dag.py:3096} INFO - Sync 1 DAGs
[2024-07-06T16:30:15.432+0700] {logging_mixin.py:188} INFO - [2024-07-06T16:30:15.432+0700] {dag.py:3954} INFO - Setting next_dagrun for example_params_ui_tutorial to None, run_after=None
[2024-07-06T16:30:15.455+0700] {processor.py:183} INFO - Processing /home/acer/.local/share/virtualenvs/custom_airflow-E5ZHcY_K/lib/python3.12/site-packages/airflow/example_dags/example_params_ui_tutorial.py took 0.116 seconds
[2024-07-06T16:30:59.668+0700] {processor.py:161} INFO - Started process (PID=61520) to work on /home/acer/.local/share/virtualenvs/custom_airflow-E5ZHcY_K/lib/python3.12/site-packages/airflow/example_dags/example_params_ui_tutorial.py
[2024-07-06T16:30:59.670+0700] {processor.py:830} INFO - Processing file /home/acer/.local/share/virtualenvs/custom_airflow-E5ZHcY_K/lib/python3.12/site-packages/airflow/example_dags/example_params_ui_tutorial.py for tasks to queue
[2024-07-06T16:30:59.675+0700] {logging_mixin.py:188} INFO - [2024-07-06T16:30:59.674+0700] {dagbag.py:545} INFO - Filling up the DagBag from /home/acer/.local/share/virtualenvs/custom_airflow-E5ZHcY_K/lib/python3.12/site-packages/airflow/example_dags/example_params_ui_tutorial.py
[2024-07-06T16:30:59.691+0700] {processor.py:840} INFO - DAG(s) 'example_params_ui_tutorial' retrieved from /home/acer/.local/share/virtualenvs/custom_airflow-E5ZHcY_K/lib/python3.12/site-packages/airflow/example_dags/example_params_ui_tutorial.py
[2024-07-06T16:30:59.743+0700] {logging_mixin.py:188} INFO - [2024-07-06T16:30:59.743+0700] {dag.py:3096} INFO - Sync 1 DAGs
[2024-07-06T16:30:59.759+0700] {logging_mixin.py:188} INFO - [2024-07-06T16:30:59.759+0700] {dag.py:3954} INFO - Setting next_dagrun for example_params_ui_tutorial to None, run_after=None
[2024-07-06T16:30:59.783+0700] {processor.py:183} INFO - Processing /home/acer/.local/share/virtualenvs/custom_airflow-E5ZHcY_K/lib/python3.12/site-packages/airflow/example_dags/example_params_ui_tutorial.py took 0.135 seconds
[2024-07-06T16:31:45.242+0700] {processor.py:161} INFO - Started process (PID=61747) to work on /home/acer/.local/share/virtualenvs/custom_airflow-E5ZHcY_K/lib/python3.12/site-packages/airflow/example_dags/example_params_ui_tutorial.py
[2024-07-06T16:31:45.244+0700] {processor.py:830} INFO - Processing file /home/acer/.local/share/virtualenvs/custom_airflow-E5ZHcY_K/lib/python3.12/site-packages/airflow/example_dags/example_params_ui_tutorial.py for tasks to queue
[2024-07-06T16:31:45.248+0700] {logging_mixin.py:188} INFO - [2024-07-06T16:31:45.247+0700] {dagbag.py:545} INFO - Filling up the DagBag from /home/acer/.local/share/virtualenvs/custom_airflow-E5ZHcY_K/lib/python3.12/site-packages/airflow/example_dags/example_params_ui_tutorial.py
[2024-07-06T16:31:45.264+0700] {processor.py:840} INFO - DAG(s) 'example_params_ui_tutorial' retrieved from /home/acer/.local/share/virtualenvs/custom_airflow-E5ZHcY_K/lib/python3.12/site-packages/airflow/example_dags/example_params_ui_tutorial.py
[2024-07-06T16:31:45.315+0700] {logging_mixin.py:188} INFO - [2024-07-06T16:31:45.315+0700] {dag.py:3096} INFO - Sync 1 DAGs
[2024-07-06T16:31:45.327+0700] {logging_mixin.py:188} INFO - [2024-07-06T16:31:45.327+0700] {dag.py:3954} INFO - Setting next_dagrun for example_params_ui_tutorial to None, run_after=None
[2024-07-06T16:31:45.348+0700] {processor.py:183} INFO - Processing /home/acer/.local/share/virtualenvs/custom_airflow-E5ZHcY_K/lib/python3.12/site-packages/airflow/example_dags/example_params_ui_tutorial.py took 0.126 seconds
[2024-07-06T16:32:32.176+0700] {processor.py:161} INFO - Started process (PID=61986) to work on /home/acer/.local/share/virtualenvs/custom_airflow-E5ZHcY_K/lib/python3.12/site-packages/airflow/example_dags/example_params_ui_tutorial.py
[2024-07-06T16:32:32.179+0700] {processor.py:830} INFO - Processing file /home/acer/.local/share/virtualenvs/custom_airflow-E5ZHcY_K/lib/python3.12/site-packages/airflow/example_dags/example_params_ui_tutorial.py for tasks to queue
[2024-07-06T16:32:32.183+0700] {logging_mixin.py:188} INFO - [2024-07-06T16:32:32.182+0700] {dagbag.py:545} INFO - Filling up the DagBag from /home/acer/.local/share/virtualenvs/custom_airflow-E5ZHcY_K/lib/python3.12/site-packages/airflow/example_dags/example_params_ui_tutorial.py
[2024-07-06T16:32:32.200+0700] {processor.py:840} INFO - DAG(s) 'example_params_ui_tutorial' retrieved from /home/acer/.local/share/virtualenvs/custom_airflow-E5ZHcY_K/lib/python3.12/site-packages/airflow/example_dags/example_params_ui_tutorial.py
[2024-07-06T16:32:32.251+0700] {logging_mixin.py:188} INFO - [2024-07-06T16:32:32.251+0700] {dag.py:3096} INFO - Sync 1 DAGs
[2024-07-06T16:32:32.264+0700] {logging_mixin.py:188} INFO - [2024-07-06T16:32:32.264+0700] {dag.py:3954} INFO - Setting next_dagrun for example_params_ui_tutorial to None, run_after=None
[2024-07-06T16:32:32.285+0700] {processor.py:183} INFO - Processing /home/acer/.local/share/virtualenvs/custom_airflow-E5ZHcY_K/lib/python3.12/site-packages/airflow/example_dags/example_params_ui_tutorial.py took 0.127 seconds
[2024-07-06T16:33:22.517+0700] {processor.py:161} INFO - Started process (PID=62243) to work on /home/acer/.local/share/virtualenvs/custom_airflow-E5ZHcY_K/lib/python3.12/site-packages/airflow/example_dags/example_params_ui_tutorial.py
[2024-07-06T16:33:22.518+0700] {processor.py:830} INFO - Processing file /home/acer/.local/share/virtualenvs/custom_airflow-E5ZHcY_K/lib/python3.12/site-packages/airflow/example_dags/example_params_ui_tutorial.py for tasks to queue
[2024-07-06T16:33:22.520+0700] {logging_mixin.py:188} INFO - [2024-07-06T16:33:22.519+0700] {dagbag.py:545} INFO - Filling up the DagBag from /home/acer/.local/share/virtualenvs/custom_airflow-E5ZHcY_K/lib/python3.12/site-packages/airflow/example_dags/example_params_ui_tutorial.py
[2024-07-06T16:33:22.532+0700] {processor.py:840} INFO - DAG(s) 'example_params_ui_tutorial' retrieved from /home/acer/.local/share/virtualenvs/custom_airflow-E5ZHcY_K/lib/python3.12/site-packages/airflow/example_dags/example_params_ui_tutorial.py
[2024-07-06T16:33:22.583+0700] {logging_mixin.py:188} INFO - [2024-07-06T16:33:22.583+0700] {dag.py:3096} INFO - Sync 1 DAGs
[2024-07-06T16:33:22.595+0700] {logging_mixin.py:188} INFO - [2024-07-06T16:33:22.595+0700] {dag.py:3954} INFO - Setting next_dagrun for example_params_ui_tutorial to None, run_after=None
[2024-07-06T16:33:22.616+0700] {processor.py:183} INFO - Processing /home/acer/.local/share/virtualenvs/custom_airflow-E5ZHcY_K/lib/python3.12/site-packages/airflow/example_dags/example_params_ui_tutorial.py took 0.105 seconds
[2024-07-06T16:34:09.051+0700] {processor.py:161} INFO - Started process (PID=62475) to work on /home/acer/.local/share/virtualenvs/custom_airflow-E5ZHcY_K/lib/python3.12/site-packages/airflow/example_dags/example_params_ui_tutorial.py
[2024-07-06T16:34:09.052+0700] {processor.py:830} INFO - Processing file /home/acer/.local/share/virtualenvs/custom_airflow-E5ZHcY_K/lib/python3.12/site-packages/airflow/example_dags/example_params_ui_tutorial.py for tasks to queue
[2024-07-06T16:34:09.054+0700] {logging_mixin.py:188} INFO - [2024-07-06T16:34:09.053+0700] {dagbag.py:545} INFO - Filling up the DagBag from /home/acer/.local/share/virtualenvs/custom_airflow-E5ZHcY_K/lib/python3.12/site-packages/airflow/example_dags/example_params_ui_tutorial.py
[2024-07-06T16:34:09.066+0700] {processor.py:840} INFO - DAG(s) 'example_params_ui_tutorial' retrieved from /home/acer/.local/share/virtualenvs/custom_airflow-E5ZHcY_K/lib/python3.12/site-packages/airflow/example_dags/example_params_ui_tutorial.py
[2024-07-06T16:34:09.117+0700] {logging_mixin.py:188} INFO - [2024-07-06T16:34:09.117+0700] {dag.py:3096} INFO - Sync 1 DAGs
[2024-07-06T16:34:09.135+0700] {logging_mixin.py:188} INFO - [2024-07-06T16:34:09.135+0700] {dag.py:3954} INFO - Setting next_dagrun for example_params_ui_tutorial to None, run_after=None
[2024-07-06T16:34:09.166+0700] {processor.py:183} INFO - Processing /home/acer/.local/share/virtualenvs/custom_airflow-E5ZHcY_K/lib/python3.12/site-packages/airflow/example_dags/example_params_ui_tutorial.py took 0.121 seconds
[2024-07-06T16:34:55.349+0700] {processor.py:161} INFO - Started process (PID=62712) to work on /home/acer/.local/share/virtualenvs/custom_airflow-E5ZHcY_K/lib/python3.12/site-packages/airflow/example_dags/example_params_ui_tutorial.py
[2024-07-06T16:34:55.350+0700] {processor.py:830} INFO - Processing file /home/acer/.local/share/virtualenvs/custom_airflow-E5ZHcY_K/lib/python3.12/site-packages/airflow/example_dags/example_params_ui_tutorial.py for tasks to queue
[2024-07-06T16:34:55.352+0700] {logging_mixin.py:188} INFO - [2024-07-06T16:34:55.352+0700] {dagbag.py:545} INFO - Filling up the DagBag from /home/acer/.local/share/virtualenvs/custom_airflow-E5ZHcY_K/lib/python3.12/site-packages/airflow/example_dags/example_params_ui_tutorial.py
[2024-07-06T16:34:55.364+0700] {processor.py:840} INFO - DAG(s) 'example_params_ui_tutorial' retrieved from /home/acer/.local/share/virtualenvs/custom_airflow-E5ZHcY_K/lib/python3.12/site-packages/airflow/example_dags/example_params_ui_tutorial.py
[2024-07-06T16:34:55.414+0700] {logging_mixin.py:188} INFO - [2024-07-06T16:34:55.414+0700] {dag.py:3096} INFO - Sync 1 DAGs
[2024-07-06T16:34:55.426+0700] {logging_mixin.py:188} INFO - [2024-07-06T16:34:55.426+0700] {dag.py:3954} INFO - Setting next_dagrun for example_params_ui_tutorial to None, run_after=None
[2024-07-06T16:34:55.448+0700] {processor.py:183} INFO - Processing /home/acer/.local/share/virtualenvs/custom_airflow-E5ZHcY_K/lib/python3.12/site-packages/airflow/example_dags/example_params_ui_tutorial.py took 0.104 seconds
[2024-07-06T16:35:44.760+0700] {processor.py:161} INFO - Started process (PID=62976) to work on /home/acer/.local/share/virtualenvs/custom_airflow-E5ZHcY_K/lib/python3.12/site-packages/airflow/example_dags/example_params_ui_tutorial.py
[2024-07-06T16:35:44.761+0700] {processor.py:830} INFO - Processing file /home/acer/.local/share/virtualenvs/custom_airflow-E5ZHcY_K/lib/python3.12/site-packages/airflow/example_dags/example_params_ui_tutorial.py for tasks to queue
[2024-07-06T16:35:44.762+0700] {logging_mixin.py:188} INFO - [2024-07-06T16:35:44.762+0700] {dagbag.py:545} INFO - Filling up the DagBag from /home/acer/.local/share/virtualenvs/custom_airflow-E5ZHcY_K/lib/python3.12/site-packages/airflow/example_dags/example_params_ui_tutorial.py
[2024-07-06T16:35:44.773+0700] {processor.py:840} INFO - DAG(s) 'example_params_ui_tutorial' retrieved from /home/acer/.local/share/virtualenvs/custom_airflow-E5ZHcY_K/lib/python3.12/site-packages/airflow/example_dags/example_params_ui_tutorial.py
[2024-07-06T16:35:44.824+0700] {logging_mixin.py:188} INFO - [2024-07-06T16:35:44.824+0700] {dag.py:3096} INFO - Sync 1 DAGs
[2024-07-06T16:35:44.838+0700] {logging_mixin.py:188} INFO - [2024-07-06T16:35:44.838+0700] {dag.py:3954} INFO - Setting next_dagrun for example_params_ui_tutorial to None, run_after=None
[2024-07-06T16:35:44.860+0700] {processor.py:183} INFO - Processing /home/acer/.local/share/virtualenvs/custom_airflow-E5ZHcY_K/lib/python3.12/site-packages/airflow/example_dags/example_params_ui_tutorial.py took 0.106 seconds
[2024-07-06T16:36:32.553+0700] {processor.py:161} INFO - Started process (PID=63305) to work on /home/acer/.local/share/virtualenvs/custom_airflow-E5ZHcY_K/lib/python3.12/site-packages/airflow/example_dags/example_params_ui_tutorial.py
[2024-07-06T16:36:32.555+0700] {processor.py:830} INFO - Processing file /home/acer/.local/share/virtualenvs/custom_airflow-E5ZHcY_K/lib/python3.12/site-packages/airflow/example_dags/example_params_ui_tutorial.py for tasks to queue
[2024-07-06T16:36:32.558+0700] {logging_mixin.py:188} INFO - [2024-07-06T16:36:32.557+0700] {dagbag.py:545} INFO - Filling up the DagBag from /home/acer/.local/share/virtualenvs/custom_airflow-E5ZHcY_K/lib/python3.12/site-packages/airflow/example_dags/example_params_ui_tutorial.py
[2024-07-06T16:36:32.583+0700] {processor.py:840} INFO - DAG(s) 'example_params_ui_tutorial' retrieved from /home/acer/.local/share/virtualenvs/custom_airflow-E5ZHcY_K/lib/python3.12/site-packages/airflow/example_dags/example_params_ui_tutorial.py
[2024-07-06T16:36:32.659+0700] {logging_mixin.py:188} INFO - [2024-07-06T16:36:32.659+0700] {dag.py:3096} INFO - Sync 1 DAGs
[2024-07-06T16:36:32.674+0700] {logging_mixin.py:188} INFO - [2024-07-06T16:36:32.674+0700] {dag.py:3954} INFO - Setting next_dagrun for example_params_ui_tutorial to None, run_after=None
[2024-07-06T16:36:32.701+0700] {processor.py:183} INFO - Processing /home/acer/.local/share/virtualenvs/custom_airflow-E5ZHcY_K/lib/python3.12/site-packages/airflow/example_dags/example_params_ui_tutorial.py took 0.158 seconds
[2024-07-06T21:54:40.081+0700] {processor.py:161} INFO - Started process (PID=11985) to work on /home/acer/.local/share/virtualenvs/custom_airflow-E5ZHcY_K/lib/python3.12/site-packages/airflow/example_dags/example_params_ui_tutorial.py
[2024-07-06T21:54:40.083+0700] {processor.py:830} INFO - Processing file /home/acer/.local/share/virtualenvs/custom_airflow-E5ZHcY_K/lib/python3.12/site-packages/airflow/example_dags/example_params_ui_tutorial.py for tasks to queue
[2024-07-06T21:54:40.086+0700] {logging_mixin.py:188} INFO - [2024-07-06T21:54:40.085+0700] {dagbag.py:545} INFO - Filling up the DagBag from /home/acer/.local/share/virtualenvs/custom_airflow-E5ZHcY_K/lib/python3.12/site-packages/airflow/example_dags/example_params_ui_tutorial.py
[2024-07-06T21:54:40.100+0700] {processor.py:840} INFO - DAG(s) 'example_params_ui_tutorial' retrieved from /home/acer/.local/share/virtualenvs/custom_airflow-E5ZHcY_K/lib/python3.12/site-packages/airflow/example_dags/example_params_ui_tutorial.py
[2024-07-06T21:54:40.153+0700] {logging_mixin.py:188} INFO - [2024-07-06T21:54:40.153+0700] {dag.py:3096} INFO - Sync 1 DAGs
[2024-07-06T21:54:40.166+0700] {logging_mixin.py:188} INFO - [2024-07-06T21:54:40.166+0700] {dag.py:3954} INFO - Setting next_dagrun for example_params_ui_tutorial to None, run_after=None
[2024-07-06T21:54:40.187+0700] {processor.py:183} INFO - Processing /home/acer/.local/share/virtualenvs/custom_airflow-E5ZHcY_K/lib/python3.12/site-packages/airflow/example_dags/example_params_ui_tutorial.py took 0.113 seconds
[2024-07-06T21:55:36.047+0700] {processor.py:161} INFO - Started process (PID=12671) to work on /home/acer/.local/share/virtualenvs/custom_airflow-E5ZHcY_K/lib/python3.12/site-packages/airflow/example_dags/example_params_ui_tutorial.py
[2024-07-06T21:55:36.051+0700] {processor.py:830} INFO - Processing file /home/acer/.local/share/virtualenvs/custom_airflow-E5ZHcY_K/lib/python3.12/site-packages/airflow/example_dags/example_params_ui_tutorial.py for tasks to queue
[2024-07-06T21:55:36.059+0700] {logging_mixin.py:188} INFO - [2024-07-06T21:55:36.057+0700] {dagbag.py:545} INFO - Filling up the DagBag from /home/acer/.local/share/virtualenvs/custom_airflow-E5ZHcY_K/lib/python3.12/site-packages/airflow/example_dags/example_params_ui_tutorial.py
[2024-07-06T21:55:36.087+0700] {processor.py:840} INFO - DAG(s) 'example_params_ui_tutorial' retrieved from /home/acer/.local/share/virtualenvs/custom_airflow-E5ZHcY_K/lib/python3.12/site-packages/airflow/example_dags/example_params_ui_tutorial.py
[2024-07-06T21:55:36.143+0700] {logging_mixin.py:188} INFO - [2024-07-06T21:55:36.143+0700] {dag.py:3096} INFO - Sync 1 DAGs
[2024-07-06T21:55:36.156+0700] {logging_mixin.py:188} INFO - [2024-07-06T21:55:36.155+0700] {dag.py:3954} INFO - Setting next_dagrun for example_params_ui_tutorial to None, run_after=None
[2024-07-06T21:55:36.179+0700] {processor.py:183} INFO - Processing /home/acer/.local/share/virtualenvs/custom_airflow-E5ZHcY_K/lib/python3.12/site-packages/airflow/example_dags/example_params_ui_tutorial.py took 0.154 seconds
[2024-07-06T21:56:31.002+0700] {processor.py:161} INFO - Started process (PID=13205) to work on /home/acer/.local/share/virtualenvs/custom_airflow-E5ZHcY_K/lib/python3.12/site-packages/airflow/example_dags/example_params_ui_tutorial.py
[2024-07-06T21:56:31.004+0700] {processor.py:830} INFO - Processing file /home/acer/.local/share/virtualenvs/custom_airflow-E5ZHcY_K/lib/python3.12/site-packages/airflow/example_dags/example_params_ui_tutorial.py for tasks to queue
[2024-07-06T21:56:31.008+0700] {logging_mixin.py:188} INFO - [2024-07-06T21:56:31.008+0700] {dagbag.py:545} INFO - Filling up the DagBag from /home/acer/.local/share/virtualenvs/custom_airflow-E5ZHcY_K/lib/python3.12/site-packages/airflow/example_dags/example_params_ui_tutorial.py
[2024-07-06T21:56:31.024+0700] {processor.py:840} INFO - DAG(s) 'example_params_ui_tutorial' retrieved from /home/acer/.local/share/virtualenvs/custom_airflow-E5ZHcY_K/lib/python3.12/site-packages/airflow/example_dags/example_params_ui_tutorial.py
[2024-07-06T21:56:31.082+0700] {logging_mixin.py:188} INFO - [2024-07-06T21:56:31.081+0700] {dag.py:3096} INFO - Sync 1 DAGs
[2024-07-06T21:56:31.094+0700] {logging_mixin.py:188} INFO - [2024-07-06T21:56:31.094+0700] {dag.py:3954} INFO - Setting next_dagrun for example_params_ui_tutorial to None, run_after=None
[2024-07-06T21:56:31.120+0700] {processor.py:183} INFO - Processing /home/acer/.local/share/virtualenvs/custom_airflow-E5ZHcY_K/lib/python3.12/site-packages/airflow/example_dags/example_params_ui_tutorial.py took 0.137 seconds
[2024-07-06T21:57:21.980+0700] {processor.py:161} INFO - Started process (PID=13801) to work on /home/acer/.local/share/virtualenvs/custom_airflow-E5ZHcY_K/lib/python3.12/site-packages/airflow/example_dags/example_params_ui_tutorial.py
[2024-07-06T21:57:21.981+0700] {processor.py:830} INFO - Processing file /home/acer/.local/share/virtualenvs/custom_airflow-E5ZHcY_K/lib/python3.12/site-packages/airflow/example_dags/example_params_ui_tutorial.py for tasks to queue
[2024-07-06T21:57:21.984+0700] {logging_mixin.py:188} INFO - [2024-07-06T21:57:21.984+0700] {dagbag.py:545} INFO - Filling up the DagBag from /home/acer/.local/share/virtualenvs/custom_airflow-E5ZHcY_K/lib/python3.12/site-packages/airflow/example_dags/example_params_ui_tutorial.py
[2024-07-06T21:57:22.006+0700] {processor.py:840} INFO - DAG(s) 'example_params_ui_tutorial' retrieved from /home/acer/.local/share/virtualenvs/custom_airflow-E5ZHcY_K/lib/python3.12/site-packages/airflow/example_dags/example_params_ui_tutorial.py
[2024-07-06T21:57:22.063+0700] {logging_mixin.py:188} INFO - [2024-07-06T21:57:22.063+0700] {dag.py:3096} INFO - Sync 1 DAGs
[2024-07-06T21:57:22.078+0700] {logging_mixin.py:188} INFO - [2024-07-06T21:57:22.078+0700] {dag.py:3954} INFO - Setting next_dagrun for example_params_ui_tutorial to None, run_after=None
[2024-07-06T21:57:22.103+0700] {processor.py:183} INFO - Processing /home/acer/.local/share/virtualenvs/custom_airflow-E5ZHcY_K/lib/python3.12/site-packages/airflow/example_dags/example_params_ui_tutorial.py took 0.138 seconds
[2024-07-06T21:58:15.003+0700] {processor.py:161} INFO - Started process (PID=14142) to work on /home/acer/.local/share/virtualenvs/custom_airflow-E5ZHcY_K/lib/python3.12/site-packages/airflow/example_dags/example_params_ui_tutorial.py
[2024-07-06T21:58:15.005+0700] {processor.py:830} INFO - Processing file /home/acer/.local/share/virtualenvs/custom_airflow-E5ZHcY_K/lib/python3.12/site-packages/airflow/example_dags/example_params_ui_tutorial.py for tasks to queue
[2024-07-06T21:58:15.008+0700] {logging_mixin.py:188} INFO - [2024-07-06T21:58:15.008+0700] {dagbag.py:545} INFO - Filling up the DagBag from /home/acer/.local/share/virtualenvs/custom_airflow-E5ZHcY_K/lib/python3.12/site-packages/airflow/example_dags/example_params_ui_tutorial.py
[2024-07-06T21:58:15.023+0700] {processor.py:840} INFO - DAG(s) 'example_params_ui_tutorial' retrieved from /home/acer/.local/share/virtualenvs/custom_airflow-E5ZHcY_K/lib/python3.12/site-packages/airflow/example_dags/example_params_ui_tutorial.py
[2024-07-06T21:58:15.099+0700] {logging_mixin.py:188} INFO - [2024-07-06T21:58:15.098+0700] {dag.py:3096} INFO - Sync 1 DAGs
[2024-07-06T21:58:15.118+0700] {logging_mixin.py:188} INFO - [2024-07-06T21:58:15.118+0700] {dag.py:3954} INFO - Setting next_dagrun for example_params_ui_tutorial to None, run_after=None
[2024-07-06T21:58:15.148+0700] {processor.py:183} INFO - Processing /home/acer/.local/share/virtualenvs/custom_airflow-E5ZHcY_K/lib/python3.12/site-packages/airflow/example_dags/example_params_ui_tutorial.py took 0.158 seconds
[2024-07-06T21:59:07.180+0700] {processor.py:161} INFO - Started process (PID=14385) to work on /home/acer/.local/share/virtualenvs/custom_airflow-E5ZHcY_K/lib/python3.12/site-packages/airflow/example_dags/example_params_ui_tutorial.py
[2024-07-06T21:59:07.181+0700] {processor.py:830} INFO - Processing file /home/acer/.local/share/virtualenvs/custom_airflow-E5ZHcY_K/lib/python3.12/site-packages/airflow/example_dags/example_params_ui_tutorial.py for tasks to queue
[2024-07-06T21:59:07.183+0700] {logging_mixin.py:188} INFO - [2024-07-06T21:59:07.182+0700] {dagbag.py:545} INFO - Filling up the DagBag from /home/acer/.local/share/virtualenvs/custom_airflow-E5ZHcY_K/lib/python3.12/site-packages/airflow/example_dags/example_params_ui_tutorial.py
[2024-07-06T21:59:07.195+0700] {processor.py:840} INFO - DAG(s) 'example_params_ui_tutorial' retrieved from /home/acer/.local/share/virtualenvs/custom_airflow-E5ZHcY_K/lib/python3.12/site-packages/airflow/example_dags/example_params_ui_tutorial.py
[2024-07-06T21:59:07.250+0700] {logging_mixin.py:188} INFO - [2024-07-06T21:59:07.250+0700] {dag.py:3096} INFO - Sync 1 DAGs
[2024-07-06T21:59:07.263+0700] {logging_mixin.py:188} INFO - [2024-07-06T21:59:07.262+0700] {dag.py:3954} INFO - Setting next_dagrun for example_params_ui_tutorial to None, run_after=None
[2024-07-06T21:59:07.285+0700] {processor.py:183} INFO - Processing /home/acer/.local/share/virtualenvs/custom_airflow-E5ZHcY_K/lib/python3.12/site-packages/airflow/example_dags/example_params_ui_tutorial.py took 0.111 seconds
[2024-07-06T21:59:56.284+0700] {processor.py:161} INFO - Started process (PID=14751) to work on /home/acer/.local/share/virtualenvs/custom_airflow-E5ZHcY_K/lib/python3.12/site-packages/airflow/example_dags/example_params_ui_tutorial.py
[2024-07-06T21:59:56.285+0700] {processor.py:830} INFO - Processing file /home/acer/.local/share/virtualenvs/custom_airflow-E5ZHcY_K/lib/python3.12/site-packages/airflow/example_dags/example_params_ui_tutorial.py for tasks to queue
[2024-07-06T21:59:56.287+0700] {logging_mixin.py:188} INFO - [2024-07-06T21:59:56.287+0700] {dagbag.py:545} INFO - Filling up the DagBag from /home/acer/.local/share/virtualenvs/custom_airflow-E5ZHcY_K/lib/python3.12/site-packages/airflow/example_dags/example_params_ui_tutorial.py
[2024-07-06T21:59:56.300+0700] {processor.py:840} INFO - DAG(s) 'example_params_ui_tutorial' retrieved from /home/acer/.local/share/virtualenvs/custom_airflow-E5ZHcY_K/lib/python3.12/site-packages/airflow/example_dags/example_params_ui_tutorial.py
[2024-07-06T21:59:56.357+0700] {logging_mixin.py:188} INFO - [2024-07-06T21:59:56.356+0700] {dag.py:3096} INFO - Sync 1 DAGs
[2024-07-06T21:59:56.371+0700] {logging_mixin.py:188} INFO - [2024-07-06T21:59:56.371+0700] {dag.py:3954} INFO - Setting next_dagrun for example_params_ui_tutorial to None, run_after=None
[2024-07-06T21:59:56.397+0700] {processor.py:183} INFO - Processing /home/acer/.local/share/virtualenvs/custom_airflow-E5ZHcY_K/lib/python3.12/site-packages/airflow/example_dags/example_params_ui_tutorial.py took 0.119 seconds
[2024-07-06T22:00:49.178+0700] {processor.py:161} INFO - Started process (PID=15026) to work on /home/acer/.local/share/virtualenvs/custom_airflow-E5ZHcY_K/lib/python3.12/site-packages/airflow/example_dags/example_params_ui_tutorial.py
[2024-07-06T22:00:49.179+0700] {processor.py:830} INFO - Processing file /home/acer/.local/share/virtualenvs/custom_airflow-E5ZHcY_K/lib/python3.12/site-packages/airflow/example_dags/example_params_ui_tutorial.py for tasks to queue
[2024-07-06T22:00:49.183+0700] {logging_mixin.py:188} INFO - [2024-07-06T22:00:49.183+0700] {dagbag.py:545} INFO - Filling up the DagBag from /home/acer/.local/share/virtualenvs/custom_airflow-E5ZHcY_K/lib/python3.12/site-packages/airflow/example_dags/example_params_ui_tutorial.py
[2024-07-06T22:00:49.200+0700] {processor.py:840} INFO - DAG(s) 'example_params_ui_tutorial' retrieved from /home/acer/.local/share/virtualenvs/custom_airflow-E5ZHcY_K/lib/python3.12/site-packages/airflow/example_dags/example_params_ui_tutorial.py
[2024-07-06T22:00:49.254+0700] {logging_mixin.py:188} INFO - [2024-07-06T22:00:49.254+0700] {dag.py:3096} INFO - Sync 1 DAGs
[2024-07-06T22:00:49.267+0700] {logging_mixin.py:188} INFO - [2024-07-06T22:00:49.267+0700] {dag.py:3954} INFO - Setting next_dagrun for example_params_ui_tutorial to None, run_after=None
[2024-07-06T22:00:49.292+0700] {processor.py:183} INFO - Processing /home/acer/.local/share/virtualenvs/custom_airflow-E5ZHcY_K/lib/python3.12/site-packages/airflow/example_dags/example_params_ui_tutorial.py took 0.125 seconds
[2024-07-06T22:02:23.667+0700] {processor.py:161} INFO - Started process (PID=16170) to work on /home/acer/.local/share/virtualenvs/custom_airflow-E5ZHcY_K/lib/python3.12/site-packages/airflow/example_dags/example_params_ui_tutorial.py
[2024-07-06T22:02:23.668+0700] {processor.py:830} INFO - Processing file /home/acer/.local/share/virtualenvs/custom_airflow-E5ZHcY_K/lib/python3.12/site-packages/airflow/example_dags/example_params_ui_tutorial.py for tasks to queue
[2024-07-06T22:02:23.670+0700] {logging_mixin.py:188} INFO - [2024-07-06T22:02:23.669+0700] {dagbag.py:545} INFO - Filling up the DagBag from /home/acer/.local/share/virtualenvs/custom_airflow-E5ZHcY_K/lib/python3.12/site-packages/airflow/example_dags/example_params_ui_tutorial.py
[2024-07-06T22:02:23.681+0700] {processor.py:840} INFO - DAG(s) 'example_params_ui_tutorial' retrieved from /home/acer/.local/share/virtualenvs/custom_airflow-E5ZHcY_K/lib/python3.12/site-packages/airflow/example_dags/example_params_ui_tutorial.py
[2024-07-06T22:02:23.732+0700] {logging_mixin.py:188} INFO - [2024-07-06T22:02:23.731+0700] {dag.py:3096} INFO - Sync 1 DAGs
[2024-07-06T22:02:23.744+0700] {logging_mixin.py:188} INFO - [2024-07-06T22:02:23.743+0700] {dag.py:3954} INFO - Setting next_dagrun for example_params_ui_tutorial to None, run_after=None
[2024-07-06T22:02:23.766+0700] {processor.py:183} INFO - Processing /home/acer/.local/share/virtualenvs/custom_airflow-E5ZHcY_K/lib/python3.12/site-packages/airflow/example_dags/example_params_ui_tutorial.py took 0.104 seconds
[2024-07-06T22:03:18.218+0700] {processor.py:161} INFO - Started process (PID=16436) to work on /home/acer/.local/share/virtualenvs/custom_airflow-E5ZHcY_K/lib/python3.12/site-packages/airflow/example_dags/example_params_ui_tutorial.py
[2024-07-06T22:03:18.219+0700] {processor.py:830} INFO - Processing file /home/acer/.local/share/virtualenvs/custom_airflow-E5ZHcY_K/lib/python3.12/site-packages/airflow/example_dags/example_params_ui_tutorial.py for tasks to queue
[2024-07-06T22:03:18.221+0700] {logging_mixin.py:188} INFO - [2024-07-06T22:03:18.221+0700] {dagbag.py:545} INFO - Filling up the DagBag from /home/acer/.local/share/virtualenvs/custom_airflow-E5ZHcY_K/lib/python3.12/site-packages/airflow/example_dags/example_params_ui_tutorial.py
[2024-07-06T22:03:18.233+0700] {processor.py:840} INFO - DAG(s) 'example_params_ui_tutorial' retrieved from /home/acer/.local/share/virtualenvs/custom_airflow-E5ZHcY_K/lib/python3.12/site-packages/airflow/example_dags/example_params_ui_tutorial.py
[2024-07-06T22:03:18.285+0700] {logging_mixin.py:188} INFO - [2024-07-06T22:03:18.285+0700] {dag.py:3096} INFO - Sync 1 DAGs
[2024-07-06T22:03:18.297+0700] {logging_mixin.py:188} INFO - [2024-07-06T22:03:18.297+0700] {dag.py:3954} INFO - Setting next_dagrun for example_params_ui_tutorial to None, run_after=None
[2024-07-06T22:03:18.318+0700] {processor.py:183} INFO - Processing /home/acer/.local/share/virtualenvs/custom_airflow-E5ZHcY_K/lib/python3.12/site-packages/airflow/example_dags/example_params_ui_tutorial.py took 0.106 seconds
[2024-07-06T22:04:09.163+0700] {processor.py:161} INFO - Started process (PID=16671) to work on /home/acer/.local/share/virtualenvs/custom_airflow-E5ZHcY_K/lib/python3.12/site-packages/airflow/example_dags/example_params_ui_tutorial.py
[2024-07-06T22:04:09.164+0700] {processor.py:830} INFO - Processing file /home/acer/.local/share/virtualenvs/custom_airflow-E5ZHcY_K/lib/python3.12/site-packages/airflow/example_dags/example_params_ui_tutorial.py for tasks to queue
[2024-07-06T22:04:09.167+0700] {logging_mixin.py:188} INFO - [2024-07-06T22:04:09.167+0700] {dagbag.py:545} INFO - Filling up the DagBag from /home/acer/.local/share/virtualenvs/custom_airflow-E5ZHcY_K/lib/python3.12/site-packages/airflow/example_dags/example_params_ui_tutorial.py
[2024-07-06T22:04:09.190+0700] {processor.py:840} INFO - DAG(s) 'example_params_ui_tutorial' retrieved from /home/acer/.local/share/virtualenvs/custom_airflow-E5ZHcY_K/lib/python3.12/site-packages/airflow/example_dags/example_params_ui_tutorial.py
[2024-07-06T22:04:09.274+0700] {logging_mixin.py:188} INFO - [2024-07-06T22:04:09.274+0700] {dag.py:3096} INFO - Sync 1 DAGs
[2024-07-06T22:04:09.289+0700] {logging_mixin.py:188} INFO - [2024-07-06T22:04:09.289+0700] {dag.py:3954} INFO - Setting next_dagrun for example_params_ui_tutorial to None, run_after=None
[2024-07-06T22:04:09.312+0700] {processor.py:183} INFO - Processing /home/acer/.local/share/virtualenvs/custom_airflow-E5ZHcY_K/lib/python3.12/site-packages/airflow/example_dags/example_params_ui_tutorial.py took 0.157 seconds
[2024-07-06T22:05:29.627+0700] {processor.py:161} INFO - Started process (PID=17690) to work on /home/acer/.local/share/virtualenvs/custom_airflow-E5ZHcY_K/lib/python3.12/site-packages/airflow/example_dags/example_params_ui_tutorial.py
[2024-07-06T22:05:29.629+0700] {processor.py:830} INFO - Processing file /home/acer/.local/share/virtualenvs/custom_airflow-E5ZHcY_K/lib/python3.12/site-packages/airflow/example_dags/example_params_ui_tutorial.py for tasks to queue
[2024-07-06T22:05:29.631+0700] {logging_mixin.py:188} INFO - [2024-07-06T22:05:29.631+0700] {dagbag.py:545} INFO - Filling up the DagBag from /home/acer/.local/share/virtualenvs/custom_airflow-E5ZHcY_K/lib/python3.12/site-packages/airflow/example_dags/example_params_ui_tutorial.py
[2024-07-06T22:05:29.648+0700] {processor.py:840} INFO - DAG(s) 'example_params_ui_tutorial' retrieved from /home/acer/.local/share/virtualenvs/custom_airflow-E5ZHcY_K/lib/python3.12/site-packages/airflow/example_dags/example_params_ui_tutorial.py
[2024-07-06T22:05:29.711+0700] {logging_mixin.py:188} INFO - [2024-07-06T22:05:29.711+0700] {dag.py:3096} INFO - Sync 1 DAGs
[2024-07-06T22:05:29.726+0700] {logging_mixin.py:188} INFO - [2024-07-06T22:05:29.726+0700] {dag.py:3954} INFO - Setting next_dagrun for example_params_ui_tutorial to None, run_after=None
[2024-07-06T22:05:29.754+0700] {processor.py:183} INFO - Processing /home/acer/.local/share/virtualenvs/custom_airflow-E5ZHcY_K/lib/python3.12/site-packages/airflow/example_dags/example_params_ui_tutorial.py took 0.135 seconds
[2024-07-06T22:06:23.658+0700] {processor.py:161} INFO - Started process (PID=18047) to work on /home/acer/.local/share/virtualenvs/custom_airflow-E5ZHcY_K/lib/python3.12/site-packages/airflow/example_dags/example_params_ui_tutorial.py
[2024-07-06T22:06:23.660+0700] {processor.py:830} INFO - Processing file /home/acer/.local/share/virtualenvs/custom_airflow-E5ZHcY_K/lib/python3.12/site-packages/airflow/example_dags/example_params_ui_tutorial.py for tasks to queue
[2024-07-06T22:06:23.662+0700] {logging_mixin.py:188} INFO - [2024-07-06T22:06:23.661+0700] {dagbag.py:545} INFO - Filling up the DagBag from /home/acer/.local/share/virtualenvs/custom_airflow-E5ZHcY_K/lib/python3.12/site-packages/airflow/example_dags/example_params_ui_tutorial.py
[2024-07-06T22:06:23.684+0700] {processor.py:840} INFO - DAG(s) 'example_params_ui_tutorial' retrieved from /home/acer/.local/share/virtualenvs/custom_airflow-E5ZHcY_K/lib/python3.12/site-packages/airflow/example_dags/example_params_ui_tutorial.py
[2024-07-06T22:06:23.761+0700] {logging_mixin.py:188} INFO - [2024-07-06T22:06:23.761+0700] {dag.py:3096} INFO - Sync 1 DAGs
[2024-07-06T22:06:23.780+0700] {logging_mixin.py:188} INFO - [2024-07-06T22:06:23.780+0700] {dag.py:3954} INFO - Setting next_dagrun for example_params_ui_tutorial to None, run_after=None
[2024-07-06T22:06:23.807+0700] {processor.py:183} INFO - Processing /home/acer/.local/share/virtualenvs/custom_airflow-E5ZHcY_K/lib/python3.12/site-packages/airflow/example_dags/example_params_ui_tutorial.py took 0.156 seconds
[2024-07-06T22:07:17.470+0700] {processor.py:161} INFO - Started process (PID=18474) to work on /home/acer/.local/share/virtualenvs/custom_airflow-E5ZHcY_K/lib/python3.12/site-packages/airflow/example_dags/example_params_ui_tutorial.py
[2024-07-06T22:07:17.471+0700] {processor.py:830} INFO - Processing file /home/acer/.local/share/virtualenvs/custom_airflow-E5ZHcY_K/lib/python3.12/site-packages/airflow/example_dags/example_params_ui_tutorial.py for tasks to queue
[2024-07-06T22:07:17.474+0700] {logging_mixin.py:188} INFO - [2024-07-06T22:07:17.473+0700] {dagbag.py:545} INFO - Filling up the DagBag from /home/acer/.local/share/virtualenvs/custom_airflow-E5ZHcY_K/lib/python3.12/site-packages/airflow/example_dags/example_params_ui_tutorial.py
[2024-07-06T22:07:17.490+0700] {processor.py:840} INFO - DAG(s) 'example_params_ui_tutorial' retrieved from /home/acer/.local/share/virtualenvs/custom_airflow-E5ZHcY_K/lib/python3.12/site-packages/airflow/example_dags/example_params_ui_tutorial.py
[2024-07-06T22:07:17.570+0700] {logging_mixin.py:188} INFO - [2024-07-06T22:07:17.570+0700] {dag.py:3096} INFO - Sync 1 DAGs
[2024-07-06T22:07:17.586+0700] {logging_mixin.py:188} INFO - [2024-07-06T22:07:17.586+0700] {dag.py:3954} INFO - Setting next_dagrun for example_params_ui_tutorial to None, run_after=None
[2024-07-06T22:07:17.644+0700] {processor.py:183} INFO - Processing /home/acer/.local/share/virtualenvs/custom_airflow-E5ZHcY_K/lib/python3.12/site-packages/airflow/example_dags/example_params_ui_tutorial.py took 0.182 seconds
[2024-07-06T22:08:13.839+0700] {processor.py:161} INFO - Started process (PID=18795) to work on /home/acer/.local/share/virtualenvs/custom_airflow-E5ZHcY_K/lib/python3.12/site-packages/airflow/example_dags/example_params_ui_tutorial.py
[2024-07-06T22:08:13.840+0700] {processor.py:830} INFO - Processing file /home/acer/.local/share/virtualenvs/custom_airflow-E5ZHcY_K/lib/python3.12/site-packages/airflow/example_dags/example_params_ui_tutorial.py for tasks to queue
[2024-07-06T22:08:13.842+0700] {logging_mixin.py:188} INFO - [2024-07-06T22:08:13.842+0700] {dagbag.py:545} INFO - Filling up the DagBag from /home/acer/.local/share/virtualenvs/custom_airflow-E5ZHcY_K/lib/python3.12/site-packages/airflow/example_dags/example_params_ui_tutorial.py
[2024-07-06T22:08:13.856+0700] {processor.py:840} INFO - DAG(s) 'example_params_ui_tutorial' retrieved from /home/acer/.local/share/virtualenvs/custom_airflow-E5ZHcY_K/lib/python3.12/site-packages/airflow/example_dags/example_params_ui_tutorial.py
[2024-07-06T22:08:13.921+0700] {logging_mixin.py:188} INFO - [2024-07-06T22:08:13.921+0700] {dag.py:3096} INFO - Sync 1 DAGs
[2024-07-06T22:08:13.936+0700] {logging_mixin.py:188} INFO - [2024-07-06T22:08:13.936+0700] {dag.py:3954} INFO - Setting next_dagrun for example_params_ui_tutorial to None, run_after=None
[2024-07-06T22:08:13.966+0700] {processor.py:183} INFO - Processing /home/acer/.local/share/virtualenvs/custom_airflow-E5ZHcY_K/lib/python3.12/site-packages/airflow/example_dags/example_params_ui_tutorial.py took 0.135 seconds
[2024-07-06T22:09:09.651+0700] {processor.py:161} INFO - Started process (PID=19078) to work on /home/acer/.local/share/virtualenvs/custom_airflow-E5ZHcY_K/lib/python3.12/site-packages/airflow/example_dags/example_params_ui_tutorial.py
[2024-07-06T22:09:09.652+0700] {processor.py:830} INFO - Processing file /home/acer/.local/share/virtualenvs/custom_airflow-E5ZHcY_K/lib/python3.12/site-packages/airflow/example_dags/example_params_ui_tutorial.py for tasks to queue
[2024-07-06T22:09:09.655+0700] {logging_mixin.py:188} INFO - [2024-07-06T22:09:09.654+0700] {dagbag.py:545} INFO - Filling up the DagBag from /home/acer/.local/share/virtualenvs/custom_airflow-E5ZHcY_K/lib/python3.12/site-packages/airflow/example_dags/example_params_ui_tutorial.py
[2024-07-06T22:09:09.672+0700] {processor.py:840} INFO - DAG(s) 'example_params_ui_tutorial' retrieved from /home/acer/.local/share/virtualenvs/custom_airflow-E5ZHcY_K/lib/python3.12/site-packages/airflow/example_dags/example_params_ui_tutorial.py
[2024-07-06T22:09:09.761+0700] {logging_mixin.py:188} INFO - [2024-07-06T22:09:09.760+0700] {dag.py:3096} INFO - Sync 1 DAGs
[2024-07-06T22:09:09.776+0700] {logging_mixin.py:188} INFO - [2024-07-06T22:09:09.775+0700] {dag.py:3954} INFO - Setting next_dagrun for example_params_ui_tutorial to None, run_after=None
[2024-07-06T22:09:09.808+0700] {processor.py:183} INFO - Processing /home/acer/.local/share/virtualenvs/custom_airflow-E5ZHcY_K/lib/python3.12/site-packages/airflow/example_dags/example_params_ui_tutorial.py took 0.165 seconds
[2024-07-06T22:10:11.086+0700] {processor.py:161} INFO - Started process (PID=19415) to work on /home/acer/.local/share/virtualenvs/custom_airflow-E5ZHcY_K/lib/python3.12/site-packages/airflow/example_dags/example_params_ui_tutorial.py
[2024-07-06T22:10:11.089+0700] {processor.py:830} INFO - Processing file /home/acer/.local/share/virtualenvs/custom_airflow-E5ZHcY_K/lib/python3.12/site-packages/airflow/example_dags/example_params_ui_tutorial.py for tasks to queue
[2024-07-06T22:10:11.092+0700] {logging_mixin.py:188} INFO - [2024-07-06T22:10:11.091+0700] {dagbag.py:545} INFO - Filling up the DagBag from /home/acer/.local/share/virtualenvs/custom_airflow-E5ZHcY_K/lib/python3.12/site-packages/airflow/example_dags/example_params_ui_tutorial.py
[2024-07-06T22:10:11.108+0700] {processor.py:840} INFO - DAG(s) 'example_params_ui_tutorial' retrieved from /home/acer/.local/share/virtualenvs/custom_airflow-E5ZHcY_K/lib/python3.12/site-packages/airflow/example_dags/example_params_ui_tutorial.py
[2024-07-06T22:10:11.195+0700] {logging_mixin.py:188} INFO - [2024-07-06T22:10:11.194+0700] {dag.py:3096} INFO - Sync 1 DAGs
[2024-07-06T22:10:11.213+0700] {logging_mixin.py:188} INFO - [2024-07-06T22:10:11.213+0700] {dag.py:3954} INFO - Setting next_dagrun for example_params_ui_tutorial to None, run_after=None
[2024-07-06T22:10:11.239+0700] {processor.py:183} INFO - Processing /home/acer/.local/share/virtualenvs/custom_airflow-E5ZHcY_K/lib/python3.12/site-packages/airflow/example_dags/example_params_ui_tutorial.py took 0.159 seconds
[2024-07-06T22:11:14.183+0700] {processor.py:161} INFO - Started process (PID=19803) to work on /home/acer/.local/share/virtualenvs/custom_airflow-E5ZHcY_K/lib/python3.12/site-packages/airflow/example_dags/example_params_ui_tutorial.py
[2024-07-06T22:11:14.184+0700] {processor.py:830} INFO - Processing file /home/acer/.local/share/virtualenvs/custom_airflow-E5ZHcY_K/lib/python3.12/site-packages/airflow/example_dags/example_params_ui_tutorial.py for tasks to queue
[2024-07-06T22:11:14.187+0700] {logging_mixin.py:188} INFO - [2024-07-06T22:11:14.186+0700] {dagbag.py:545} INFO - Filling up the DagBag from /home/acer/.local/share/virtualenvs/custom_airflow-E5ZHcY_K/lib/python3.12/site-packages/airflow/example_dags/example_params_ui_tutorial.py
[2024-07-06T22:11:14.201+0700] {processor.py:840} INFO - DAG(s) 'example_params_ui_tutorial' retrieved from /home/acer/.local/share/virtualenvs/custom_airflow-E5ZHcY_K/lib/python3.12/site-packages/airflow/example_dags/example_params_ui_tutorial.py
[2024-07-06T22:11:14.283+0700] {logging_mixin.py:188} INFO - [2024-07-06T22:11:14.283+0700] {dag.py:3096} INFO - Sync 1 DAGs
[2024-07-06T22:11:14.299+0700] {logging_mixin.py:188} INFO - [2024-07-06T22:11:14.299+0700] {dag.py:3954} INFO - Setting next_dagrun for example_params_ui_tutorial to None, run_after=None
[2024-07-06T22:11:14.337+0700] {processor.py:183} INFO - Processing /home/acer/.local/share/virtualenvs/custom_airflow-E5ZHcY_K/lib/python3.12/site-packages/airflow/example_dags/example_params_ui_tutorial.py took 0.161 seconds
[2024-07-06T22:12:13.658+0700] {processor.py:161} INFO - Started process (PID=20103) to work on /home/acer/.local/share/virtualenvs/custom_airflow-E5ZHcY_K/lib/python3.12/site-packages/airflow/example_dags/example_params_ui_tutorial.py
[2024-07-06T22:12:13.660+0700] {processor.py:830} INFO - Processing file /home/acer/.local/share/virtualenvs/custom_airflow-E5ZHcY_K/lib/python3.12/site-packages/airflow/example_dags/example_params_ui_tutorial.py for tasks to queue
[2024-07-06T22:12:13.662+0700] {logging_mixin.py:188} INFO - [2024-07-06T22:12:13.661+0700] {dagbag.py:545} INFO - Filling up the DagBag from /home/acer/.local/share/virtualenvs/custom_airflow-E5ZHcY_K/lib/python3.12/site-packages/airflow/example_dags/example_params_ui_tutorial.py
[2024-07-06T22:12:13.676+0700] {processor.py:840} INFO - DAG(s) 'example_params_ui_tutorial' retrieved from /home/acer/.local/share/virtualenvs/custom_airflow-E5ZHcY_K/lib/python3.12/site-packages/airflow/example_dags/example_params_ui_tutorial.py
[2024-07-06T22:12:13.746+0700] {logging_mixin.py:188} INFO - [2024-07-06T22:12:13.745+0700] {dag.py:3096} INFO - Sync 1 DAGs
[2024-07-06T22:12:13.762+0700] {logging_mixin.py:188} INFO - [2024-07-06T22:12:13.761+0700] {dag.py:3954} INFO - Setting next_dagrun for example_params_ui_tutorial to None, run_after=None
[2024-07-06T22:12:13.788+0700] {processor.py:183} INFO - Processing /home/acer/.local/share/virtualenvs/custom_airflow-E5ZHcY_K/lib/python3.12/site-packages/airflow/example_dags/example_params_ui_tutorial.py took 0.137 seconds
[2024-07-06T22:13:13.487+0700] {processor.py:161} INFO - Started process (PID=20513) to work on /home/acer/.local/share/virtualenvs/custom_airflow-E5ZHcY_K/lib/python3.12/site-packages/airflow/example_dags/example_params_ui_tutorial.py
[2024-07-06T22:13:13.489+0700] {processor.py:830} INFO - Processing file /home/acer/.local/share/virtualenvs/custom_airflow-E5ZHcY_K/lib/python3.12/site-packages/airflow/example_dags/example_params_ui_tutorial.py for tasks to queue
[2024-07-06T22:13:13.493+0700] {logging_mixin.py:188} INFO - [2024-07-06T22:13:13.492+0700] {dagbag.py:545} INFO - Filling up the DagBag from /home/acer/.local/share/virtualenvs/custom_airflow-E5ZHcY_K/lib/python3.12/site-packages/airflow/example_dags/example_params_ui_tutorial.py
[2024-07-06T22:13:13.514+0700] {processor.py:840} INFO - DAG(s) 'example_params_ui_tutorial' retrieved from /home/acer/.local/share/virtualenvs/custom_airflow-E5ZHcY_K/lib/python3.12/site-packages/airflow/example_dags/example_params_ui_tutorial.py
[2024-07-06T22:13:13.606+0700] {logging_mixin.py:188} INFO - [2024-07-06T22:13:13.606+0700] {dag.py:3096} INFO - Sync 1 DAGs
[2024-07-06T22:13:13.624+0700] {logging_mixin.py:188} INFO - [2024-07-06T22:13:13.623+0700] {dag.py:3954} INFO - Setting next_dagrun for example_params_ui_tutorial to None, run_after=None
[2024-07-06T22:13:13.653+0700] {processor.py:183} INFO - Processing /home/acer/.local/share/virtualenvs/custom_airflow-E5ZHcY_K/lib/python3.12/site-packages/airflow/example_dags/example_params_ui_tutorial.py took 0.177 seconds
[2024-07-06T22:14:13.850+0700] {processor.py:161} INFO - Started process (PID=20849) to work on /home/acer/.local/share/virtualenvs/custom_airflow-E5ZHcY_K/lib/python3.12/site-packages/airflow/example_dags/example_params_ui_tutorial.py
[2024-07-06T22:14:13.854+0700] {processor.py:830} INFO - Processing file /home/acer/.local/share/virtualenvs/custom_airflow-E5ZHcY_K/lib/python3.12/site-packages/airflow/example_dags/example_params_ui_tutorial.py for tasks to queue
[2024-07-06T22:14:13.858+0700] {logging_mixin.py:188} INFO - [2024-07-06T22:14:13.857+0700] {dagbag.py:545} INFO - Filling up the DagBag from /home/acer/.local/share/virtualenvs/custom_airflow-E5ZHcY_K/lib/python3.12/site-packages/airflow/example_dags/example_params_ui_tutorial.py
[2024-07-06T22:14:13.882+0700] {processor.py:840} INFO - DAG(s) 'example_params_ui_tutorial' retrieved from /home/acer/.local/share/virtualenvs/custom_airflow-E5ZHcY_K/lib/python3.12/site-packages/airflow/example_dags/example_params_ui_tutorial.py
[2024-07-06T22:14:13.999+0700] {logging_mixin.py:188} INFO - [2024-07-06T22:14:13.998+0700] {dag.py:3096} INFO - Sync 1 DAGs
[2024-07-06T22:14:14.021+0700] {logging_mixin.py:188} INFO - [2024-07-06T22:14:14.021+0700] {dag.py:3954} INFO - Setting next_dagrun for example_params_ui_tutorial to None, run_after=None
[2024-07-06T22:14:14.061+0700] {processor.py:183} INFO - Processing /home/acer/.local/share/virtualenvs/custom_airflow-E5ZHcY_K/lib/python3.12/site-packages/airflow/example_dags/example_params_ui_tutorial.py took 0.224 seconds
[2024-07-06T22:15:17.529+0700] {processor.py:161} INFO - Started process (PID=21206) to work on /home/acer/.local/share/virtualenvs/custom_airflow-E5ZHcY_K/lib/python3.12/site-packages/airflow/example_dags/example_params_ui_tutorial.py
[2024-07-06T22:15:17.531+0700] {processor.py:830} INFO - Processing file /home/acer/.local/share/virtualenvs/custom_airflow-E5ZHcY_K/lib/python3.12/site-packages/airflow/example_dags/example_params_ui_tutorial.py for tasks to queue
[2024-07-06T22:15:17.535+0700] {logging_mixin.py:188} INFO - [2024-07-06T22:15:17.534+0700] {dagbag.py:545} INFO - Filling up the DagBag from /home/acer/.local/share/virtualenvs/custom_airflow-E5ZHcY_K/lib/python3.12/site-packages/airflow/example_dags/example_params_ui_tutorial.py
[2024-07-06T22:15:17.559+0700] {processor.py:840} INFO - DAG(s) 'example_params_ui_tutorial' retrieved from /home/acer/.local/share/virtualenvs/custom_airflow-E5ZHcY_K/lib/python3.12/site-packages/airflow/example_dags/example_params_ui_tutorial.py
[2024-07-06T22:15:17.622+0700] {logging_mixin.py:188} INFO - [2024-07-06T22:15:17.622+0700] {dag.py:3096} INFO - Sync 1 DAGs
[2024-07-06T22:15:17.640+0700] {logging_mixin.py:188} INFO - [2024-07-06T22:15:17.639+0700] {dag.py:3954} INFO - Setting next_dagrun for example_params_ui_tutorial to None, run_after=None
[2024-07-06T22:15:17.673+0700] {processor.py:183} INFO - Processing /home/acer/.local/share/virtualenvs/custom_airflow-E5ZHcY_K/lib/python3.12/site-packages/airflow/example_dags/example_params_ui_tutorial.py took 0.163 seconds
[2024-07-06T22:16:17.015+0700] {processor.py:161} INFO - Started process (PID=21529) to work on /home/acer/.local/share/virtualenvs/custom_airflow-E5ZHcY_K/lib/python3.12/site-packages/airflow/example_dags/example_params_ui_tutorial.py
[2024-07-06T22:16:17.023+0700] {processor.py:830} INFO - Processing file /home/acer/.local/share/virtualenvs/custom_airflow-E5ZHcY_K/lib/python3.12/site-packages/airflow/example_dags/example_params_ui_tutorial.py for tasks to queue
[2024-07-06T22:16:17.026+0700] {logging_mixin.py:188} INFO - [2024-07-06T22:16:17.025+0700] {dagbag.py:545} INFO - Filling up the DagBag from /home/acer/.local/share/virtualenvs/custom_airflow-E5ZHcY_K/lib/python3.12/site-packages/airflow/example_dags/example_params_ui_tutorial.py
[2024-07-06T22:16:17.042+0700] {processor.py:840} INFO - DAG(s) 'example_params_ui_tutorial' retrieved from /home/acer/.local/share/virtualenvs/custom_airflow-E5ZHcY_K/lib/python3.12/site-packages/airflow/example_dags/example_params_ui_tutorial.py
[2024-07-06T22:16:17.116+0700] {logging_mixin.py:188} INFO - [2024-07-06T22:16:17.115+0700] {dag.py:3096} INFO - Sync 1 DAGs
[2024-07-06T22:16:17.132+0700] {logging_mixin.py:188} INFO - [2024-07-06T22:16:17.132+0700] {dag.py:3954} INFO - Setting next_dagrun for example_params_ui_tutorial to None, run_after=None
[2024-07-06T22:16:17.166+0700] {processor.py:183} INFO - Processing /home/acer/.local/share/virtualenvs/custom_airflow-E5ZHcY_K/lib/python3.12/site-packages/airflow/example_dags/example_params_ui_tutorial.py took 0.160 seconds
[2024-07-06T22:17:12.121+0700] {processor.py:161} INFO - Started process (PID=21819) to work on /home/acer/.local/share/virtualenvs/custom_airflow-E5ZHcY_K/lib/python3.12/site-packages/airflow/example_dags/example_params_ui_tutorial.py
[2024-07-06T22:17:12.124+0700] {processor.py:830} INFO - Processing file /home/acer/.local/share/virtualenvs/custom_airflow-E5ZHcY_K/lib/python3.12/site-packages/airflow/example_dags/example_params_ui_tutorial.py for tasks to queue
[2024-07-06T22:17:12.129+0700] {logging_mixin.py:188} INFO - [2024-07-06T22:17:12.128+0700] {dagbag.py:545} INFO - Filling up the DagBag from /home/acer/.local/share/virtualenvs/custom_airflow-E5ZHcY_K/lib/python3.12/site-packages/airflow/example_dags/example_params_ui_tutorial.py
[2024-07-06T22:17:12.165+0700] {processor.py:840} INFO - DAG(s) 'example_params_ui_tutorial' retrieved from /home/acer/.local/share/virtualenvs/custom_airflow-E5ZHcY_K/lib/python3.12/site-packages/airflow/example_dags/example_params_ui_tutorial.py
[2024-07-06T22:17:12.249+0700] {logging_mixin.py:188} INFO - [2024-07-06T22:17:12.248+0700] {dag.py:3096} INFO - Sync 1 DAGs
[2024-07-06T22:17:12.264+0700] {logging_mixin.py:188} INFO - [2024-07-06T22:17:12.263+0700] {dag.py:3954} INFO - Setting next_dagrun for example_params_ui_tutorial to None, run_after=None
[2024-07-06T22:17:12.292+0700] {processor.py:183} INFO - Processing /home/acer/.local/share/virtualenvs/custom_airflow-E5ZHcY_K/lib/python3.12/site-packages/airflow/example_dags/example_params_ui_tutorial.py took 0.182 seconds
[2024-07-06T22:18:15.026+0700] {processor.py:161} INFO - Started process (PID=22162) to work on /home/acer/.local/share/virtualenvs/custom_airflow-E5ZHcY_K/lib/python3.12/site-packages/airflow/example_dags/example_params_ui_tutorial.py
[2024-07-06T22:18:15.032+0700] {processor.py:830} INFO - Processing file /home/acer/.local/share/virtualenvs/custom_airflow-E5ZHcY_K/lib/python3.12/site-packages/airflow/example_dags/example_params_ui_tutorial.py for tasks to queue
[2024-07-06T22:18:15.036+0700] {logging_mixin.py:188} INFO - [2024-07-06T22:18:15.036+0700] {dagbag.py:545} INFO - Filling up the DagBag from /home/acer/.local/share/virtualenvs/custom_airflow-E5ZHcY_K/lib/python3.12/site-packages/airflow/example_dags/example_params_ui_tutorial.py
[2024-07-06T22:18:15.056+0700] {processor.py:840} INFO - DAG(s) 'example_params_ui_tutorial' retrieved from /home/acer/.local/share/virtualenvs/custom_airflow-E5ZHcY_K/lib/python3.12/site-packages/airflow/example_dags/example_params_ui_tutorial.py
[2024-07-06T22:18:15.122+0700] {logging_mixin.py:188} INFO - [2024-07-06T22:18:15.122+0700] {dag.py:3096} INFO - Sync 1 DAGs
[2024-07-06T22:18:15.140+0700] {logging_mixin.py:188} INFO - [2024-07-06T22:18:15.140+0700] {dag.py:3954} INFO - Setting next_dagrun for example_params_ui_tutorial to None, run_after=None
[2024-07-06T22:18:15.170+0700] {processor.py:183} INFO - Processing /home/acer/.local/share/virtualenvs/custom_airflow-E5ZHcY_K/lib/python3.12/site-packages/airflow/example_dags/example_params_ui_tutorial.py took 0.156 seconds
[2024-07-06T22:19:18.376+0700] {processor.py:161} INFO - Started process (PID=22518) to work on /home/acer/.local/share/virtualenvs/custom_airflow-E5ZHcY_K/lib/python3.12/site-packages/airflow/example_dags/example_params_ui_tutorial.py
[2024-07-06T22:19:18.377+0700] {processor.py:830} INFO - Processing file /home/acer/.local/share/virtualenvs/custom_airflow-E5ZHcY_K/lib/python3.12/site-packages/airflow/example_dags/example_params_ui_tutorial.py for tasks to queue
[2024-07-06T22:19:18.380+0700] {logging_mixin.py:188} INFO - [2024-07-06T22:19:18.380+0700] {dagbag.py:545} INFO - Filling up the DagBag from /home/acer/.local/share/virtualenvs/custom_airflow-E5ZHcY_K/lib/python3.12/site-packages/airflow/example_dags/example_params_ui_tutorial.py
[2024-07-06T22:19:18.398+0700] {processor.py:840} INFO - DAG(s) 'example_params_ui_tutorial' retrieved from /home/acer/.local/share/virtualenvs/custom_airflow-E5ZHcY_K/lib/python3.12/site-packages/airflow/example_dags/example_params_ui_tutorial.py
[2024-07-06T22:19:18.499+0700] {logging_mixin.py:188} INFO - [2024-07-06T22:19:18.499+0700] {dag.py:3096} INFO - Sync 1 DAGs
[2024-07-06T22:19:18.514+0700] {logging_mixin.py:188} INFO - [2024-07-06T22:19:18.514+0700] {dag.py:3954} INFO - Setting next_dagrun for example_params_ui_tutorial to None, run_after=None
[2024-07-06T22:19:18.554+0700] {processor.py:183} INFO - Processing /home/acer/.local/share/virtualenvs/custom_airflow-E5ZHcY_K/lib/python3.12/site-packages/airflow/example_dags/example_params_ui_tutorial.py took 0.188 seconds
[2024-07-06T22:20:19.377+0700] {processor.py:161} INFO - Started process (PID=22827) to work on /home/acer/.local/share/virtualenvs/custom_airflow-E5ZHcY_K/lib/python3.12/site-packages/airflow/example_dags/example_params_ui_tutorial.py
[2024-07-06T22:20:19.378+0700] {processor.py:830} INFO - Processing file /home/acer/.local/share/virtualenvs/custom_airflow-E5ZHcY_K/lib/python3.12/site-packages/airflow/example_dags/example_params_ui_tutorial.py for tasks to queue
[2024-07-06T22:20:19.380+0700] {logging_mixin.py:188} INFO - [2024-07-06T22:20:19.380+0700] {dagbag.py:545} INFO - Filling up the DagBag from /home/acer/.local/share/virtualenvs/custom_airflow-E5ZHcY_K/lib/python3.12/site-packages/airflow/example_dags/example_params_ui_tutorial.py
[2024-07-06T22:20:19.393+0700] {processor.py:840} INFO - DAG(s) 'example_params_ui_tutorial' retrieved from /home/acer/.local/share/virtualenvs/custom_airflow-E5ZHcY_K/lib/python3.12/site-packages/airflow/example_dags/example_params_ui_tutorial.py
[2024-07-06T22:20:19.476+0700] {logging_mixin.py:188} INFO - [2024-07-06T22:20:19.475+0700] {dag.py:3096} INFO - Sync 1 DAGs
[2024-07-06T22:20:19.495+0700] {logging_mixin.py:188} INFO - [2024-07-06T22:20:19.495+0700] {dag.py:3954} INFO - Setting next_dagrun for example_params_ui_tutorial to None, run_after=None
[2024-07-06T22:20:19.624+0700] {processor.py:183} INFO - Processing /home/acer/.local/share/virtualenvs/custom_airflow-E5ZHcY_K/lib/python3.12/site-packages/airflow/example_dags/example_params_ui_tutorial.py took 0.254 seconds
