[2024-07-06T16:09:31.068+0700] {processor.py:161} INFO - Started process (PID=51478) to work on /home/acer/.local/share/virtualenvs/custom_airflow-E5ZHcY_K/lib/python3.12/site-packages/airflow/example_dags/example_complex.py
[2024-07-06T16:09:31.070+0700] {processor.py:830} INFO - Processing file /home/acer/.local/share/virtualenvs/custom_airflow-E5ZHcY_K/lib/python3.12/site-packages/airflow/example_dags/example_complex.py for tasks to queue
[2024-07-06T16:09:31.074+0700] {logging_mixin.py:188} INFO - [2024-07-06T16:09:31.073+0700] {dagbag.py:545} INFO - Filling up the DagBag from /home/acer/.local/share/virtualenvs/custom_airflow-E5ZHcY_K/lib/python3.12/site-packages/airflow/example_dags/example_complex.py
[2024-07-06T16:09:31.091+0700] {processor.py:840} INFO - DAG(s) 'example_complex' retrieved from /home/acer/.local/share/virtualenvs/custom_airflow-E5ZHcY_K/lib/python3.12/site-packages/airflow/example_dags/example_complex.py
[2024-07-06T16:09:31.219+0700] {logging_mixin.py:188} INFO - [2024-07-06T16:09:31.218+0700] {override.py:1847} INFO - Created Permission View: can delete on DAG:example_complex
[2024-07-06T16:09:31.230+0700] {logging_mixin.py:188} INFO - [2024-07-06T16:09:31.230+0700] {override.py:1847} INFO - Created Permission View: can edit on DAG:example_complex
[2024-07-06T16:09:31.238+0700] {logging_mixin.py:188} INFO - [2024-07-06T16:09:31.238+0700] {override.py:1847} INFO - Created Permission View: can read on DAG:example_complex
[2024-07-06T16:09:31.239+0700] {logging_mixin.py:188} INFO - [2024-07-06T16:09:31.239+0700] {dag.py:3096} INFO - Sync 1 DAGs
[2024-07-06T16:09:31.249+0700] {logging_mixin.py:188} INFO - [2024-07-06T16:09:31.249+0700] {dag.py:3118} INFO - Creating ORM DAG for example_complex
[2024-07-06T16:09:31.250+0700] {logging_mixin.py:188} INFO - [2024-07-06T16:09:31.250+0700] {dag.py:3954} INFO - Setting next_dagrun for example_complex to None, run_after=None
[2024-07-06T16:09:31.277+0700] {processor.py:183} INFO - Processing /home/acer/.local/share/virtualenvs/custom_airflow-E5ZHcY_K/lib/python3.12/site-packages/airflow/example_dags/example_complex.py took 0.233 seconds
[2024-07-06T16:11:19.232+0700] {processor.py:161} INFO - Started process (PID=52406) to work on /home/acer/.local/share/virtualenvs/custom_airflow-E5ZHcY_K/lib/python3.12/site-packages/airflow/example_dags/example_complex.py
[2024-07-06T16:11:19.233+0700] {processor.py:830} INFO - Processing file /home/acer/.local/share/virtualenvs/custom_airflow-E5ZHcY_K/lib/python3.12/site-packages/airflow/example_dags/example_complex.py for tasks to queue
[2024-07-06T16:11:19.234+0700] {logging_mixin.py:188} INFO - [2024-07-06T16:11:19.234+0700] {dagbag.py:545} INFO - Filling up the DagBag from /home/acer/.local/share/virtualenvs/custom_airflow-E5ZHcY_K/lib/python3.12/site-packages/airflow/example_dags/example_complex.py
[2024-07-06T16:11:19.247+0700] {processor.py:840} INFO - DAG(s) 'example_complex' retrieved from /home/acer/.local/share/virtualenvs/custom_airflow-E5ZHcY_K/lib/python3.12/site-packages/airflow/example_dags/example_complex.py
[2024-07-06T16:11:19.280+0700] {logging_mixin.py:188} INFO - [2024-07-06T16:11:19.279+0700] {dag.py:3096} INFO - Sync 1 DAGs
[2024-07-06T16:11:19.292+0700] {logging_mixin.py:188} INFO - [2024-07-06T16:11:19.292+0700] {dag.py:3954} INFO - Setting next_dagrun for example_complex to None, run_after=None
[2024-07-06T16:11:19.319+0700] {processor.py:183} INFO - Processing /home/acer/.local/share/virtualenvs/custom_airflow-E5ZHcY_K/lib/python3.12/site-packages/airflow/example_dags/example_complex.py took 0.096 seconds
[2024-07-06T16:16:21.077+0700] {processor.py:161} INFO - Started process (PID=55116) to work on /home/acer/.local/share/virtualenvs/custom_airflow-E5ZHcY_K/lib/python3.12/site-packages/airflow/example_dags/example_complex.py
[2024-07-06T16:16:21.086+0700] {processor.py:830} INFO - Processing file /home/acer/.local/share/virtualenvs/custom_airflow-E5ZHcY_K/lib/python3.12/site-packages/airflow/example_dags/example_complex.py for tasks to queue
[2024-07-06T16:16:21.088+0700] {logging_mixin.py:188} INFO - [2024-07-06T16:16:21.088+0700] {dagbag.py:545} INFO - Filling up the DagBag from /home/acer/.local/share/virtualenvs/custom_airflow-E5ZHcY_K/lib/python3.12/site-packages/airflow/example_dags/example_complex.py
[2024-07-06T16:16:21.113+0700] {processor.py:840} INFO - DAG(s) 'example_complex' retrieved from /home/acer/.local/share/virtualenvs/custom_airflow-E5ZHcY_K/lib/python3.12/site-packages/airflow/example_dags/example_complex.py
[2024-07-06T16:16:21.365+0700] {logging_mixin.py:188} INFO - [2024-07-06T16:16:21.364+0700] {dag.py:3096} INFO - Sync 1 DAGs
[2024-07-06T16:16:21.388+0700] {logging_mixin.py:188} INFO - [2024-07-06T16:16:21.388+0700] {dag.py:3954} INFO - Setting next_dagrun for example_complex to None, run_after=None
[2024-07-06T16:16:21.442+0700] {processor.py:183} INFO - Processing /home/acer/.local/share/virtualenvs/custom_airflow-E5ZHcY_K/lib/python3.12/site-packages/airflow/example_dags/example_complex.py took 0.376 seconds
[2024-07-06T16:17:17.646+0700] {processor.py:161} INFO - Started process (PID=55645) to work on /home/acer/.local/share/virtualenvs/custom_airflow-E5ZHcY_K/lib/python3.12/site-packages/airflow/example_dags/example_complex.py
[2024-07-06T16:17:17.647+0700] {processor.py:830} INFO - Processing file /home/acer/.local/share/virtualenvs/custom_airflow-E5ZHcY_K/lib/python3.12/site-packages/airflow/example_dags/example_complex.py for tasks to queue
[2024-07-06T16:17:17.651+0700] {logging_mixin.py:188} INFO - [2024-07-06T16:17:17.650+0700] {dagbag.py:545} INFO - Filling up the DagBag from /home/acer/.local/share/virtualenvs/custom_airflow-E5ZHcY_K/lib/python3.12/site-packages/airflow/example_dags/example_complex.py
[2024-07-06T16:17:17.670+0700] {processor.py:840} INFO - DAG(s) 'example_complex' retrieved from /home/acer/.local/share/virtualenvs/custom_airflow-E5ZHcY_K/lib/python3.12/site-packages/airflow/example_dags/example_complex.py
[2024-07-06T16:17:17.700+0700] {logging_mixin.py:188} INFO - [2024-07-06T16:17:17.700+0700] {dag.py:3096} INFO - Sync 1 DAGs
[2024-07-06T16:17:17.712+0700] {logging_mixin.py:188} INFO - [2024-07-06T16:17:17.712+0700] {dag.py:3954} INFO - Setting next_dagrun for example_complex to None, run_after=None
[2024-07-06T16:17:17.733+0700] {processor.py:183} INFO - Processing /home/acer/.local/share/virtualenvs/custom_airflow-E5ZHcY_K/lib/python3.12/site-packages/airflow/example_dags/example_complex.py took 0.097 seconds
[2024-07-06T16:18:28.859+0700] {processor.py:161} INFO - Started process (PID=56004) to work on /home/acer/.local/share/virtualenvs/custom_airflow-E5ZHcY_K/lib/python3.12/site-packages/airflow/example_dags/example_complex.py
[2024-07-06T16:18:28.860+0700] {processor.py:830} INFO - Processing file /home/acer/.local/share/virtualenvs/custom_airflow-E5ZHcY_K/lib/python3.12/site-packages/airflow/example_dags/example_complex.py for tasks to queue
[2024-07-06T16:18:28.862+0700] {logging_mixin.py:188} INFO - [2024-07-06T16:18:28.861+0700] {dagbag.py:545} INFO - Filling up the DagBag from /home/acer/.local/share/virtualenvs/custom_airflow-E5ZHcY_K/lib/python3.12/site-packages/airflow/example_dags/example_complex.py
[2024-07-06T16:18:28.874+0700] {processor.py:840} INFO - DAG(s) 'example_complex' retrieved from /home/acer/.local/share/virtualenvs/custom_airflow-E5ZHcY_K/lib/python3.12/site-packages/airflow/example_dags/example_complex.py
[2024-07-06T16:18:28.919+0700] {logging_mixin.py:188} INFO - [2024-07-06T16:18:28.919+0700] {dag.py:3096} INFO - Sync 1 DAGs
[2024-07-06T16:18:28.933+0700] {logging_mixin.py:188} INFO - [2024-07-06T16:18:28.932+0700] {dag.py:3954} INFO - Setting next_dagrun for example_complex to None, run_after=None
[2024-07-06T16:18:28.954+0700] {processor.py:183} INFO - Processing /home/acer/.local/share/virtualenvs/custom_airflow-E5ZHcY_K/lib/python3.12/site-packages/airflow/example_dags/example_complex.py took 0.103 seconds
[2024-07-06T16:19:50.158+0700] {processor.py:161} INFO - Started process (PID=56764) to work on /home/acer/.local/share/virtualenvs/custom_airflow-E5ZHcY_K/lib/python3.12/site-packages/airflow/example_dags/example_complex.py
[2024-07-06T16:19:50.160+0700] {processor.py:830} INFO - Processing file /home/acer/.local/share/virtualenvs/custom_airflow-E5ZHcY_K/lib/python3.12/site-packages/airflow/example_dags/example_complex.py for tasks to queue
[2024-07-06T16:19:50.164+0700] {logging_mixin.py:188} INFO - [2024-07-06T16:19:50.163+0700] {dagbag.py:545} INFO - Filling up the DagBag from /home/acer/.local/share/virtualenvs/custom_airflow-E5ZHcY_K/lib/python3.12/site-packages/airflow/example_dags/example_complex.py
[2024-07-06T16:19:50.183+0700] {processor.py:840} INFO - DAG(s) 'example_complex' retrieved from /home/acer/.local/share/virtualenvs/custom_airflow-E5ZHcY_K/lib/python3.12/site-packages/airflow/example_dags/example_complex.py
[2024-07-06T16:19:50.216+0700] {logging_mixin.py:188} INFO - [2024-07-06T16:19:50.216+0700] {dag.py:3096} INFO - Sync 1 DAGs
[2024-07-06T16:19:50.228+0700] {logging_mixin.py:188} INFO - [2024-07-06T16:19:50.228+0700] {dag.py:3954} INFO - Setting next_dagrun for example_complex to None, run_after=None
[2024-07-06T16:19:50.249+0700] {processor.py:183} INFO - Processing /home/acer/.local/share/virtualenvs/custom_airflow-E5ZHcY_K/lib/python3.12/site-packages/airflow/example_dags/example_complex.py took 0.107 seconds
[2024-07-06T16:20:48.450+0700] {processor.py:161} INFO - Started process (PID=57253) to work on /home/acer/.local/share/virtualenvs/custom_airflow-E5ZHcY_K/lib/python3.12/site-packages/airflow/example_dags/example_complex.py
[2024-07-06T16:20:48.452+0700] {processor.py:830} INFO - Processing file /home/acer/.local/share/virtualenvs/custom_airflow-E5ZHcY_K/lib/python3.12/site-packages/airflow/example_dags/example_complex.py for tasks to queue
[2024-07-06T16:20:48.456+0700] {logging_mixin.py:188} INFO - [2024-07-06T16:20:48.455+0700] {dagbag.py:545} INFO - Filling up the DagBag from /home/acer/.local/share/virtualenvs/custom_airflow-E5ZHcY_K/lib/python3.12/site-packages/airflow/example_dags/example_complex.py
[2024-07-06T16:20:48.474+0700] {processor.py:840} INFO - DAG(s) 'example_complex' retrieved from /home/acer/.local/share/virtualenvs/custom_airflow-E5ZHcY_K/lib/python3.12/site-packages/airflow/example_dags/example_complex.py
[2024-07-06T16:20:48.505+0700] {logging_mixin.py:188} INFO - [2024-07-06T16:20:48.505+0700] {dag.py:3096} INFO - Sync 1 DAGs
[2024-07-06T16:20:48.517+0700] {logging_mixin.py:188} INFO - [2024-07-06T16:20:48.517+0700] {dag.py:3954} INFO - Setting next_dagrun for example_complex to None, run_after=None
[2024-07-06T16:20:48.538+0700] {processor.py:183} INFO - Processing /home/acer/.local/share/virtualenvs/custom_airflow-E5ZHcY_K/lib/python3.12/site-packages/airflow/example_dags/example_complex.py took 0.102 seconds
[2024-07-06T16:21:39.884+0700] {processor.py:161} INFO - Started process (PID=57629) to work on /home/acer/.local/share/virtualenvs/custom_airflow-E5ZHcY_K/lib/python3.12/site-packages/airflow/example_dags/example_complex.py
[2024-07-06T16:21:39.885+0700] {processor.py:830} INFO - Processing file /home/acer/.local/share/virtualenvs/custom_airflow-E5ZHcY_K/lib/python3.12/site-packages/airflow/example_dags/example_complex.py for tasks to queue
[2024-07-06T16:21:39.887+0700] {logging_mixin.py:188} INFO - [2024-07-06T16:21:39.887+0700] {dagbag.py:545} INFO - Filling up the DagBag from /home/acer/.local/share/virtualenvs/custom_airflow-E5ZHcY_K/lib/python3.12/site-packages/airflow/example_dags/example_complex.py
[2024-07-06T16:21:39.898+0700] {processor.py:840} INFO - DAG(s) 'example_complex' retrieved from /home/acer/.local/share/virtualenvs/custom_airflow-E5ZHcY_K/lib/python3.12/site-packages/airflow/example_dags/example_complex.py
[2024-07-06T16:21:39.928+0700] {logging_mixin.py:188} INFO - [2024-07-06T16:21:39.928+0700] {dag.py:3096} INFO - Sync 1 DAGs
[2024-07-06T16:21:39.940+0700] {logging_mixin.py:188} INFO - [2024-07-06T16:21:39.940+0700] {dag.py:3954} INFO - Setting next_dagrun for example_complex to None, run_after=None
[2024-07-06T16:21:39.961+0700] {processor.py:183} INFO - Processing /home/acer/.local/share/virtualenvs/custom_airflow-E5ZHcY_K/lib/python3.12/site-packages/airflow/example_dags/example_complex.py took 0.082 seconds
[2024-07-06T16:22:52.420+0700] {processor.py:161} INFO - Started process (PID=58078) to work on /home/acer/.local/share/virtualenvs/custom_airflow-E5ZHcY_K/lib/python3.12/site-packages/airflow/example_dags/example_complex.py
[2024-07-06T16:22:52.422+0700] {processor.py:830} INFO - Processing file /home/acer/.local/share/virtualenvs/custom_airflow-E5ZHcY_K/lib/python3.12/site-packages/airflow/example_dags/example_complex.py for tasks to queue
[2024-07-06T16:22:52.425+0700] {logging_mixin.py:188} INFO - [2024-07-06T16:22:52.424+0700] {dagbag.py:545} INFO - Filling up the DagBag from /home/acer/.local/share/virtualenvs/custom_airflow-E5ZHcY_K/lib/python3.12/site-packages/airflow/example_dags/example_complex.py
[2024-07-06T16:22:52.445+0700] {processor.py:840} INFO - DAG(s) 'example_complex' retrieved from /home/acer/.local/share/virtualenvs/custom_airflow-E5ZHcY_K/lib/python3.12/site-packages/airflow/example_dags/example_complex.py
[2024-07-06T16:22:52.482+0700] {logging_mixin.py:188} INFO - [2024-07-06T16:22:52.482+0700] {dag.py:3096} INFO - Sync 1 DAGs
[2024-07-06T16:22:52.500+0700] {logging_mixin.py:188} INFO - [2024-07-06T16:22:52.499+0700] {dag.py:3954} INFO - Setting next_dagrun for example_complex to None, run_after=None
[2024-07-06T16:22:52.531+0700] {processor.py:183} INFO - Processing /home/acer/.local/share/virtualenvs/custom_airflow-E5ZHcY_K/lib/python3.12/site-packages/airflow/example_dags/example_complex.py took 0.128 seconds
[2024-07-06T16:24:44.317+0700] {processor.py:161} INFO - Started process (PID=59413) to work on /home/acer/.local/share/virtualenvs/custom_airflow-E5ZHcY_K/lib/python3.12/site-packages/airflow/example_dags/example_complex.py
[2024-07-06T16:24:44.318+0700] {processor.py:830} INFO - Processing file /home/acer/.local/share/virtualenvs/custom_airflow-E5ZHcY_K/lib/python3.12/site-packages/airflow/example_dags/example_complex.py for tasks to queue
[2024-07-06T16:24:44.321+0700] {logging_mixin.py:188} INFO - [2024-07-06T16:24:44.320+0700] {dagbag.py:545} INFO - Filling up the DagBag from /home/acer/.local/share/virtualenvs/custom_airflow-E5ZHcY_K/lib/python3.12/site-packages/airflow/example_dags/example_complex.py
[2024-07-06T16:24:44.335+0700] {processor.py:840} INFO - DAG(s) 'example_complex' retrieved from /home/acer/.local/share/virtualenvs/custom_airflow-E5ZHcY_K/lib/python3.12/site-packages/airflow/example_dags/example_complex.py
[2024-07-06T16:24:44.368+0700] {logging_mixin.py:188} INFO - [2024-07-06T16:24:44.368+0700] {dag.py:3096} INFO - Sync 1 DAGs
[2024-07-06T16:24:44.381+0700] {logging_mixin.py:188} INFO - [2024-07-06T16:24:44.381+0700] {dag.py:3954} INFO - Setting next_dagrun for example_complex to None, run_after=None
[2024-07-06T16:24:44.404+0700] {processor.py:183} INFO - Processing /home/acer/.local/share/virtualenvs/custom_airflow-E5ZHcY_K/lib/python3.12/site-packages/airflow/example_dags/example_complex.py took 0.097 seconds
[2024-07-06T16:25:40.076+0700] {processor.py:161} INFO - Started process (PID=59853) to work on /home/acer/.local/share/virtualenvs/custom_airflow-E5ZHcY_K/lib/python3.12/site-packages/airflow/example_dags/example_complex.py
[2024-07-06T16:25:40.080+0700] {processor.py:830} INFO - Processing file /home/acer/.local/share/virtualenvs/custom_airflow-E5ZHcY_K/lib/python3.12/site-packages/airflow/example_dags/example_complex.py for tasks to queue
[2024-07-06T16:25:40.086+0700] {logging_mixin.py:188} INFO - [2024-07-06T16:25:40.084+0700] {dagbag.py:545} INFO - Filling up the DagBag from /home/acer/.local/share/virtualenvs/custom_airflow-E5ZHcY_K/lib/python3.12/site-packages/airflow/example_dags/example_complex.py
[2024-07-06T16:25:40.109+0700] {processor.py:840} INFO - DAG(s) 'example_complex' retrieved from /home/acer/.local/share/virtualenvs/custom_airflow-E5ZHcY_K/lib/python3.12/site-packages/airflow/example_dags/example_complex.py
[2024-07-06T16:25:40.156+0700] {logging_mixin.py:188} INFO - [2024-07-06T16:25:40.156+0700] {dag.py:3096} INFO - Sync 1 DAGs
[2024-07-06T16:25:40.169+0700] {logging_mixin.py:188} INFO - [2024-07-06T16:25:40.169+0700] {dag.py:3954} INFO - Setting next_dagrun for example_complex to None, run_after=None
[2024-07-06T16:25:40.200+0700] {processor.py:183} INFO - Processing /home/acer/.local/share/virtualenvs/custom_airflow-E5ZHcY_K/lib/python3.12/site-packages/airflow/example_dags/example_complex.py took 0.147 seconds
[2024-07-06T16:26:56.147+0700] {processor.py:161} INFO - Started process (PID=60257) to work on /home/acer/.local/share/virtualenvs/custom_airflow-E5ZHcY_K/lib/python3.12/site-packages/airflow/example_dags/example_complex.py
[2024-07-06T16:26:56.149+0700] {processor.py:830} INFO - Processing file /home/acer/.local/share/virtualenvs/custom_airflow-E5ZHcY_K/lib/python3.12/site-packages/airflow/example_dags/example_complex.py for tasks to queue
[2024-07-06T16:26:56.150+0700] {logging_mixin.py:188} INFO - [2024-07-06T16:26:56.150+0700] {dagbag.py:545} INFO - Filling up the DagBag from /home/acer/.local/share/virtualenvs/custom_airflow-E5ZHcY_K/lib/python3.12/site-packages/airflow/example_dags/example_complex.py
[2024-07-06T16:26:56.162+0700] {processor.py:840} INFO - DAG(s) 'example_complex' retrieved from /home/acer/.local/share/virtualenvs/custom_airflow-E5ZHcY_K/lib/python3.12/site-packages/airflow/example_dags/example_complex.py
[2024-07-06T16:26:56.192+0700] {logging_mixin.py:188} INFO - [2024-07-06T16:26:56.192+0700] {dag.py:3096} INFO - Sync 1 DAGs
[2024-07-06T16:26:56.204+0700] {logging_mixin.py:188} INFO - [2024-07-06T16:26:56.204+0700] {dag.py:3954} INFO - Setting next_dagrun for example_complex to None, run_after=None
[2024-07-06T16:26:56.225+0700] {processor.py:183} INFO - Processing /home/acer/.local/share/virtualenvs/custom_airflow-E5ZHcY_K/lib/python3.12/site-packages/airflow/example_dags/example_complex.py took 0.085 seconds
[2024-07-06T16:28:04.249+0700] {processor.py:161} INFO - Started process (PID=60614) to work on /home/acer/.local/share/virtualenvs/custom_airflow-E5ZHcY_K/lib/python3.12/site-packages/airflow/example_dags/example_complex.py
[2024-07-06T16:28:04.250+0700] {processor.py:830} INFO - Processing file /home/acer/.local/share/virtualenvs/custom_airflow-E5ZHcY_K/lib/python3.12/site-packages/airflow/example_dags/example_complex.py for tasks to queue
[2024-07-06T16:28:04.252+0700] {logging_mixin.py:188} INFO - [2024-07-06T16:28:04.251+0700] {dagbag.py:545} INFO - Filling up the DagBag from /home/acer/.local/share/virtualenvs/custom_airflow-E5ZHcY_K/lib/python3.12/site-packages/airflow/example_dags/example_complex.py
[2024-07-06T16:28:04.263+0700] {processor.py:840} INFO - DAG(s) 'example_complex' retrieved from /home/acer/.local/share/virtualenvs/custom_airflow-E5ZHcY_K/lib/python3.12/site-packages/airflow/example_dags/example_complex.py
[2024-07-06T16:28:04.293+0700] {logging_mixin.py:188} INFO - [2024-07-06T16:28:04.293+0700] {dag.py:3096} INFO - Sync 1 DAGs
[2024-07-06T16:28:04.305+0700] {logging_mixin.py:188} INFO - [2024-07-06T16:28:04.305+0700] {dag.py:3954} INFO - Setting next_dagrun for example_complex to None, run_after=None
[2024-07-06T16:28:04.326+0700] {processor.py:183} INFO - Processing /home/acer/.local/share/virtualenvs/custom_airflow-E5ZHcY_K/lib/python3.12/site-packages/airflow/example_dags/example_complex.py took 0.082 seconds
[2024-07-06T16:29:13.308+0700] {processor.py:161} INFO - Started process (PID=60954) to work on /home/acer/.local/share/virtualenvs/custom_airflow-E5ZHcY_K/lib/python3.12/site-packages/airflow/example_dags/example_complex.py
[2024-07-06T16:29:13.309+0700] {processor.py:830} INFO - Processing file /home/acer/.local/share/virtualenvs/custom_airflow-E5ZHcY_K/lib/python3.12/site-packages/airflow/example_dags/example_complex.py for tasks to queue
[2024-07-06T16:29:13.311+0700] {logging_mixin.py:188} INFO - [2024-07-06T16:29:13.311+0700] {dagbag.py:545} INFO - Filling up the DagBag from /home/acer/.local/share/virtualenvs/custom_airflow-E5ZHcY_K/lib/python3.12/site-packages/airflow/example_dags/example_complex.py
[2024-07-06T16:29:13.325+0700] {processor.py:840} INFO - DAG(s) 'example_complex' retrieved from /home/acer/.local/share/virtualenvs/custom_airflow-E5ZHcY_K/lib/python3.12/site-packages/airflow/example_dags/example_complex.py
[2024-07-06T16:29:13.355+0700] {logging_mixin.py:188} INFO - [2024-07-06T16:29:13.355+0700] {dag.py:3096} INFO - Sync 1 DAGs
[2024-07-06T16:29:13.368+0700] {logging_mixin.py:188} INFO - [2024-07-06T16:29:13.367+0700] {dag.py:3954} INFO - Setting next_dagrun for example_complex to None, run_after=None
[2024-07-06T16:29:13.388+0700] {processor.py:183} INFO - Processing /home/acer/.local/share/virtualenvs/custom_airflow-E5ZHcY_K/lib/python3.12/site-packages/airflow/example_dags/example_complex.py took 0.086 seconds
[2024-07-06T16:30:22.831+0700] {processor.py:161} INFO - Started process (PID=61291) to work on /home/acer/.local/share/virtualenvs/custom_airflow-E5ZHcY_K/lib/python3.12/site-packages/airflow/example_dags/example_complex.py
[2024-07-06T16:30:22.832+0700] {processor.py:830} INFO - Processing file /home/acer/.local/share/virtualenvs/custom_airflow-E5ZHcY_K/lib/python3.12/site-packages/airflow/example_dags/example_complex.py for tasks to queue
[2024-07-06T16:30:22.834+0700] {logging_mixin.py:188} INFO - [2024-07-06T16:30:22.833+0700] {dagbag.py:545} INFO - Filling up the DagBag from /home/acer/.local/share/virtualenvs/custom_airflow-E5ZHcY_K/lib/python3.12/site-packages/airflow/example_dags/example_complex.py
[2024-07-06T16:30:22.848+0700] {processor.py:840} INFO - DAG(s) 'example_complex' retrieved from /home/acer/.local/share/virtualenvs/custom_airflow-E5ZHcY_K/lib/python3.12/site-packages/airflow/example_dags/example_complex.py
[2024-07-06T16:30:22.878+0700] {logging_mixin.py:188} INFO - [2024-07-06T16:30:22.878+0700] {dag.py:3096} INFO - Sync 1 DAGs
[2024-07-06T16:30:22.891+0700] {logging_mixin.py:188} INFO - [2024-07-06T16:30:22.890+0700] {dag.py:3954} INFO - Setting next_dagrun for example_complex to None, run_after=None
[2024-07-06T16:30:22.912+0700] {processor.py:183} INFO - Processing /home/acer/.local/share/virtualenvs/custom_airflow-E5ZHcY_K/lib/python3.12/site-packages/airflow/example_dags/example_complex.py took 0.087 seconds
[2024-07-06T16:31:30.216+0700] {processor.py:161} INFO - Started process (PID=61672) to work on /home/acer/.local/share/virtualenvs/custom_airflow-E5ZHcY_K/lib/python3.12/site-packages/airflow/example_dags/example_complex.py
[2024-07-06T16:31:30.217+0700] {processor.py:830} INFO - Processing file /home/acer/.local/share/virtualenvs/custom_airflow-E5ZHcY_K/lib/python3.12/site-packages/airflow/example_dags/example_complex.py for tasks to queue
[2024-07-06T16:31:30.219+0700] {logging_mixin.py:188} INFO - [2024-07-06T16:31:30.218+0700] {dagbag.py:545} INFO - Filling up the DagBag from /home/acer/.local/share/virtualenvs/custom_airflow-E5ZHcY_K/lib/python3.12/site-packages/airflow/example_dags/example_complex.py
[2024-07-06T16:31:30.231+0700] {processor.py:840} INFO - DAG(s) 'example_complex' retrieved from /home/acer/.local/share/virtualenvs/custom_airflow-E5ZHcY_K/lib/python3.12/site-packages/airflow/example_dags/example_complex.py
[2024-07-06T16:31:30.262+0700] {logging_mixin.py:188} INFO - [2024-07-06T16:31:30.261+0700] {dag.py:3096} INFO - Sync 1 DAGs
[2024-07-06T16:31:30.274+0700] {logging_mixin.py:188} INFO - [2024-07-06T16:31:30.274+0700] {dag.py:3954} INFO - Setting next_dagrun for example_complex to None, run_after=None
[2024-07-06T16:31:30.304+0700] {processor.py:183} INFO - Processing /home/acer/.local/share/virtualenvs/custom_airflow-E5ZHcY_K/lib/python3.12/site-packages/airflow/example_dags/example_complex.py took 0.094 seconds
[2024-07-06T16:32:41.434+0700] {processor.py:161} INFO - Started process (PID=62024) to work on /home/acer/.local/share/virtualenvs/custom_airflow-E5ZHcY_K/lib/python3.12/site-packages/airflow/example_dags/example_complex.py
[2024-07-06T16:32:41.435+0700] {processor.py:830} INFO - Processing file /home/acer/.local/share/virtualenvs/custom_airflow-E5ZHcY_K/lib/python3.12/site-packages/airflow/example_dags/example_complex.py for tasks to queue
[2024-07-06T16:32:41.437+0700] {logging_mixin.py:188} INFO - [2024-07-06T16:32:41.436+0700] {dagbag.py:545} INFO - Filling up the DagBag from /home/acer/.local/share/virtualenvs/custom_airflow-E5ZHcY_K/lib/python3.12/site-packages/airflow/example_dags/example_complex.py
[2024-07-06T16:32:41.448+0700] {processor.py:840} INFO - DAG(s) 'example_complex' retrieved from /home/acer/.local/share/virtualenvs/custom_airflow-E5ZHcY_K/lib/python3.12/site-packages/airflow/example_dags/example_complex.py
[2024-07-06T16:32:41.478+0700] {logging_mixin.py:188} INFO - [2024-07-06T16:32:41.478+0700] {dag.py:3096} INFO - Sync 1 DAGs
[2024-07-06T16:32:41.490+0700] {logging_mixin.py:188} INFO - [2024-07-06T16:32:41.490+0700] {dag.py:3954} INFO - Setting next_dagrun for example_complex to None, run_after=None
[2024-07-06T16:32:41.511+0700] {processor.py:183} INFO - Processing /home/acer/.local/share/virtualenvs/custom_airflow-E5ZHcY_K/lib/python3.12/site-packages/airflow/example_dags/example_complex.py took 0.082 seconds
[2024-07-06T16:33:53.598+0700] {processor.py:161} INFO - Started process (PID=62400) to work on /home/acer/.local/share/virtualenvs/custom_airflow-E5ZHcY_K/lib/python3.12/site-packages/airflow/example_dags/example_complex.py
[2024-07-06T16:33:53.598+0700] {processor.py:830} INFO - Processing file /home/acer/.local/share/virtualenvs/custom_airflow-E5ZHcY_K/lib/python3.12/site-packages/airflow/example_dags/example_complex.py for tasks to queue
[2024-07-06T16:33:53.601+0700] {logging_mixin.py:188} INFO - [2024-07-06T16:33:53.600+0700] {dagbag.py:545} INFO - Filling up the DagBag from /home/acer/.local/share/virtualenvs/custom_airflow-E5ZHcY_K/lib/python3.12/site-packages/airflow/example_dags/example_complex.py
[2024-07-06T16:33:53.620+0700] {processor.py:840} INFO - DAG(s) 'example_complex' retrieved from /home/acer/.local/share/virtualenvs/custom_airflow-E5ZHcY_K/lib/python3.12/site-packages/airflow/example_dags/example_complex.py
[2024-07-06T16:33:53.651+0700] {logging_mixin.py:188} INFO - [2024-07-06T16:33:53.650+0700] {dag.py:3096} INFO - Sync 1 DAGs
[2024-07-06T16:33:53.663+0700] {logging_mixin.py:188} INFO - [2024-07-06T16:33:53.663+0700] {dag.py:3954} INFO - Setting next_dagrun for example_complex to None, run_after=None
[2024-07-06T16:33:53.684+0700] {processor.py:183} INFO - Processing /home/acer/.local/share/virtualenvs/custom_airflow-E5ZHcY_K/lib/python3.12/site-packages/airflow/example_dags/example_complex.py took 0.094 seconds
[2024-07-06T16:35:03.111+0700] {processor.py:161} INFO - Started process (PID=62751) to work on /home/acer/.local/share/virtualenvs/custom_airflow-E5ZHcY_K/lib/python3.12/site-packages/airflow/example_dags/example_complex.py
[2024-07-06T16:35:03.113+0700] {processor.py:830} INFO - Processing file /home/acer/.local/share/virtualenvs/custom_airflow-E5ZHcY_K/lib/python3.12/site-packages/airflow/example_dags/example_complex.py for tasks to queue
[2024-07-06T16:35:03.116+0700] {logging_mixin.py:188} INFO - [2024-07-06T16:35:03.116+0700] {dagbag.py:545} INFO - Filling up the DagBag from /home/acer/.local/share/virtualenvs/custom_airflow-E5ZHcY_K/lib/python3.12/site-packages/airflow/example_dags/example_complex.py
[2024-07-06T16:35:03.134+0700] {processor.py:840} INFO - DAG(s) 'example_complex' retrieved from /home/acer/.local/share/virtualenvs/custom_airflow-E5ZHcY_K/lib/python3.12/site-packages/airflow/example_dags/example_complex.py
[2024-07-06T16:35:03.165+0700] {logging_mixin.py:188} INFO - [2024-07-06T16:35:03.165+0700] {dag.py:3096} INFO - Sync 1 DAGs
[2024-07-06T16:35:03.177+0700] {logging_mixin.py:188} INFO - [2024-07-06T16:35:03.177+0700] {dag.py:3954} INFO - Setting next_dagrun for example_complex to None, run_after=None
[2024-07-06T16:35:03.198+0700] {processor.py:183} INFO - Processing /home/acer/.local/share/virtualenvs/custom_airflow-E5ZHcY_K/lib/python3.12/site-packages/airflow/example_dags/example_complex.py took 0.100 seconds
[2024-07-06T16:36:15.704+0700] {processor.py:161} INFO - Started process (PID=63171) to work on /home/acer/.local/share/virtualenvs/custom_airflow-E5ZHcY_K/lib/python3.12/site-packages/airflow/example_dags/example_complex.py
[2024-07-06T16:36:15.705+0700] {processor.py:830} INFO - Processing file /home/acer/.local/share/virtualenvs/custom_airflow-E5ZHcY_K/lib/python3.12/site-packages/airflow/example_dags/example_complex.py for tasks to queue
[2024-07-06T16:36:15.707+0700] {logging_mixin.py:188} INFO - [2024-07-06T16:36:15.706+0700] {dagbag.py:545} INFO - Filling up the DagBag from /home/acer/.local/share/virtualenvs/custom_airflow-E5ZHcY_K/lib/python3.12/site-packages/airflow/example_dags/example_complex.py
[2024-07-06T16:36:15.718+0700] {processor.py:840} INFO - DAG(s) 'example_complex' retrieved from /home/acer/.local/share/virtualenvs/custom_airflow-E5ZHcY_K/lib/python3.12/site-packages/airflow/example_dags/example_complex.py
[2024-07-06T16:36:15.750+0700] {logging_mixin.py:188} INFO - [2024-07-06T16:36:15.749+0700] {dag.py:3096} INFO - Sync 1 DAGs
[2024-07-06T16:36:15.762+0700] {logging_mixin.py:188} INFO - [2024-07-06T16:36:15.762+0700] {dag.py:3954} INFO - Setting next_dagrun for example_complex to None, run_after=None
[2024-07-06T16:36:15.783+0700] {processor.py:183} INFO - Processing /home/acer/.local/share/virtualenvs/custom_airflow-E5ZHcY_K/lib/python3.12/site-packages/airflow/example_dags/example_complex.py took 0.085 seconds
[2024-07-06T21:55:00.727+0700] {processor.py:161} INFO - Started process (PID=12077) to work on /home/acer/.local/share/virtualenvs/custom_airflow-E5ZHcY_K/lib/python3.12/site-packages/airflow/example_dags/example_complex.py
[2024-07-06T21:55:00.730+0700] {processor.py:830} INFO - Processing file /home/acer/.local/share/virtualenvs/custom_airflow-E5ZHcY_K/lib/python3.12/site-packages/airflow/example_dags/example_complex.py for tasks to queue
[2024-07-06T21:55:00.735+0700] {logging_mixin.py:188} INFO - [2024-07-06T21:55:00.734+0700] {dagbag.py:545} INFO - Filling up the DagBag from /home/acer/.local/share/virtualenvs/custom_airflow-E5ZHcY_K/lib/python3.12/site-packages/airflow/example_dags/example_complex.py
[2024-07-06T21:55:00.752+0700] {processor.py:840} INFO - DAG(s) 'example_complex' retrieved from /home/acer/.local/share/virtualenvs/custom_airflow-E5ZHcY_K/lib/python3.12/site-packages/airflow/example_dags/example_complex.py
[2024-07-06T21:55:00.783+0700] {logging_mixin.py:188} INFO - [2024-07-06T21:55:00.782+0700] {dag.py:3096} INFO - Sync 1 DAGs
[2024-07-06T21:55:00.795+0700] {logging_mixin.py:188} INFO - [2024-07-06T21:55:00.795+0700] {dag.py:3954} INFO - Setting next_dagrun for example_complex to None, run_after=None
[2024-07-06T21:55:00.826+0700] {processor.py:183} INFO - Processing /home/acer/.local/share/virtualenvs/custom_airflow-E5ZHcY_K/lib/python3.12/site-packages/airflow/example_dags/example_complex.py took 0.118 seconds
[2024-07-06T21:55:54.926+0700] {processor.py:161} INFO - Started process (PID=12916) to work on /home/acer/.local/share/virtualenvs/custom_airflow-E5ZHcY_K/lib/python3.12/site-packages/airflow/example_dags/example_complex.py
[2024-07-06T21:55:54.927+0700] {processor.py:830} INFO - Processing file /home/acer/.local/share/virtualenvs/custom_airflow-E5ZHcY_K/lib/python3.12/site-packages/airflow/example_dags/example_complex.py for tasks to queue
[2024-07-06T21:55:54.929+0700] {logging_mixin.py:188} INFO - [2024-07-06T21:55:54.929+0700] {dagbag.py:545} INFO - Filling up the DagBag from /home/acer/.local/share/virtualenvs/custom_airflow-E5ZHcY_K/lib/python3.12/site-packages/airflow/example_dags/example_complex.py
[2024-07-06T21:55:54.943+0700] {processor.py:840} INFO - DAG(s) 'example_complex' retrieved from /home/acer/.local/share/virtualenvs/custom_airflow-E5ZHcY_K/lib/python3.12/site-packages/airflow/example_dags/example_complex.py
[2024-07-06T21:55:54.975+0700] {logging_mixin.py:188} INFO - [2024-07-06T21:55:54.974+0700] {dag.py:3096} INFO - Sync 1 DAGs
[2024-07-06T21:55:54.987+0700] {logging_mixin.py:188} INFO - [2024-07-06T21:55:54.987+0700] {dag.py:3954} INFO - Setting next_dagrun for example_complex to None, run_after=None
[2024-07-06T21:55:55.011+0700] {processor.py:183} INFO - Processing /home/acer/.local/share/virtualenvs/custom_airflow-E5ZHcY_K/lib/python3.12/site-packages/airflow/example_dags/example_complex.py took 0.095 seconds
[2024-07-06T21:57:09.136+0700] {processor.py:161} INFO - Started process (PID=13661) to work on /home/acer/.local/share/virtualenvs/custom_airflow-E5ZHcY_K/lib/python3.12/site-packages/airflow/example_dags/example_complex.py
[2024-07-06T21:57:09.137+0700] {processor.py:830} INFO - Processing file /home/acer/.local/share/virtualenvs/custom_airflow-E5ZHcY_K/lib/python3.12/site-packages/airflow/example_dags/example_complex.py for tasks to queue
[2024-07-06T21:57:09.140+0700] {logging_mixin.py:188} INFO - [2024-07-06T21:57:09.140+0700] {dagbag.py:545} INFO - Filling up the DagBag from /home/acer/.local/share/virtualenvs/custom_airflow-E5ZHcY_K/lib/python3.12/site-packages/airflow/example_dags/example_complex.py
[2024-07-06T21:57:09.159+0700] {processor.py:840} INFO - DAG(s) 'example_complex' retrieved from /home/acer/.local/share/virtualenvs/custom_airflow-E5ZHcY_K/lib/python3.12/site-packages/airflow/example_dags/example_complex.py
[2024-07-06T21:57:09.200+0700] {logging_mixin.py:188} INFO - [2024-07-06T21:57:09.200+0700] {dag.py:3096} INFO - Sync 1 DAGs
[2024-07-06T21:57:09.213+0700] {logging_mixin.py:188} INFO - [2024-07-06T21:57:09.213+0700] {dag.py:3954} INFO - Setting next_dagrun for example_complex to None, run_after=None
[2024-07-06T21:57:09.244+0700] {processor.py:183} INFO - Processing /home/acer/.local/share/virtualenvs/custom_airflow-E5ZHcY_K/lib/python3.12/site-packages/airflow/example_dags/example_complex.py took 0.117 seconds
[2024-07-06T21:58:27.536+0700] {processor.py:161} INFO - Started process (PID=14202) to work on /home/acer/.local/share/virtualenvs/custom_airflow-E5ZHcY_K/lib/python3.12/site-packages/airflow/example_dags/example_complex.py
[2024-07-06T21:58:27.538+0700] {processor.py:830} INFO - Processing file /home/acer/.local/share/virtualenvs/custom_airflow-E5ZHcY_K/lib/python3.12/site-packages/airflow/example_dags/example_complex.py for tasks to queue
[2024-07-06T21:58:27.542+0700] {logging_mixin.py:188} INFO - [2024-07-06T21:58:27.541+0700] {dagbag.py:545} INFO - Filling up the DagBag from /home/acer/.local/share/virtualenvs/custom_airflow-E5ZHcY_K/lib/python3.12/site-packages/airflow/example_dags/example_complex.py
[2024-07-06T21:58:27.558+0700] {processor.py:840} INFO - DAG(s) 'example_complex' retrieved from /home/acer/.local/share/virtualenvs/custom_airflow-E5ZHcY_K/lib/python3.12/site-packages/airflow/example_dags/example_complex.py
[2024-07-06T21:58:27.592+0700] {logging_mixin.py:188} INFO - [2024-07-06T21:58:27.591+0700] {dag.py:3096} INFO - Sync 1 DAGs
[2024-07-06T21:58:27.605+0700] {logging_mixin.py:188} INFO - [2024-07-06T21:58:27.604+0700] {dag.py:3954} INFO - Setting next_dagrun for example_complex to None, run_after=None
[2024-07-06T21:58:27.627+0700] {processor.py:183} INFO - Processing /home/acer/.local/share/virtualenvs/custom_airflow-E5ZHcY_K/lib/python3.12/site-packages/airflow/example_dags/example_complex.py took 0.101 seconds
[2024-07-06T21:59:39.219+0700] {processor.py:161} INFO - Started process (PID=14565) to work on /home/acer/.local/share/virtualenvs/custom_airflow-E5ZHcY_K/lib/python3.12/site-packages/airflow/example_dags/example_complex.py
[2024-07-06T21:59:39.221+0700] {processor.py:830} INFO - Processing file /home/acer/.local/share/virtualenvs/custom_airflow-E5ZHcY_K/lib/python3.12/site-packages/airflow/example_dags/example_complex.py for tasks to queue
[2024-07-06T21:59:39.223+0700] {logging_mixin.py:188} INFO - [2024-07-06T21:59:39.223+0700] {dagbag.py:545} INFO - Filling up the DagBag from /home/acer/.local/share/virtualenvs/custom_airflow-E5ZHcY_K/lib/python3.12/site-packages/airflow/example_dags/example_complex.py
[2024-07-06T21:59:39.248+0700] {processor.py:840} INFO - DAG(s) 'example_complex' retrieved from /home/acer/.local/share/virtualenvs/custom_airflow-E5ZHcY_K/lib/python3.12/site-packages/airflow/example_dags/example_complex.py
[2024-07-06T21:59:39.281+0700] {logging_mixin.py:188} INFO - [2024-07-06T21:59:39.281+0700] {dag.py:3096} INFO - Sync 1 DAGs
[2024-07-06T21:59:39.293+0700] {logging_mixin.py:188} INFO - [2024-07-06T21:59:39.293+0700] {dag.py:3954} INFO - Setting next_dagrun for example_complex to None, run_after=None
[2024-07-06T21:59:39.316+0700] {processor.py:183} INFO - Processing /home/acer/.local/share/virtualenvs/custom_airflow-E5ZHcY_K/lib/python3.12/site-packages/airflow/example_dags/example_complex.py took 0.105 seconds
[2024-07-06T22:00:35.400+0700] {processor.py:161} INFO - Started process (PID=14960) to work on /home/acer/.local/share/virtualenvs/custom_airflow-E5ZHcY_K/lib/python3.12/site-packages/airflow/example_dags/example_complex.py
[2024-07-06T22:00:35.401+0700] {processor.py:830} INFO - Processing file /home/acer/.local/share/virtualenvs/custom_airflow-E5ZHcY_K/lib/python3.12/site-packages/airflow/example_dags/example_complex.py for tasks to queue
[2024-07-06T22:00:35.403+0700] {logging_mixin.py:188} INFO - [2024-07-06T22:00:35.402+0700] {dagbag.py:545} INFO - Filling up the DagBag from /home/acer/.local/share/virtualenvs/custom_airflow-E5ZHcY_K/lib/python3.12/site-packages/airflow/example_dags/example_complex.py
[2024-07-06T22:00:35.414+0700] {processor.py:840} INFO - DAG(s) 'example_complex' retrieved from /home/acer/.local/share/virtualenvs/custom_airflow-E5ZHcY_K/lib/python3.12/site-packages/airflow/example_dags/example_complex.py
[2024-07-06T22:00:35.444+0700] {logging_mixin.py:188} INFO - [2024-07-06T22:00:35.444+0700] {dag.py:3096} INFO - Sync 1 DAGs
[2024-07-06T22:00:35.456+0700] {logging_mixin.py:188} INFO - [2024-07-06T22:00:35.456+0700] {dag.py:3954} INFO - Setting next_dagrun for example_complex to None, run_after=None
[2024-07-06T22:00:35.479+0700] {processor.py:183} INFO - Processing /home/acer/.local/share/virtualenvs/custom_airflow-E5ZHcY_K/lib/python3.12/site-packages/airflow/example_dags/example_complex.py took 0.084 seconds
[2024-07-06T22:02:35.689+0700] {processor.py:161} INFO - Started process (PID=16224) to work on /home/acer/.local/share/virtualenvs/custom_airflow-E5ZHcY_K/lib/python3.12/site-packages/airflow/example_dags/example_complex.py
[2024-07-06T22:02:35.690+0700] {processor.py:830} INFO - Processing file /home/acer/.local/share/virtualenvs/custom_airflow-E5ZHcY_K/lib/python3.12/site-packages/airflow/example_dags/example_complex.py for tasks to queue
[2024-07-06T22:02:35.692+0700] {logging_mixin.py:188} INFO - [2024-07-06T22:02:35.692+0700] {dagbag.py:545} INFO - Filling up the DagBag from /home/acer/.local/share/virtualenvs/custom_airflow-E5ZHcY_K/lib/python3.12/site-packages/airflow/example_dags/example_complex.py
[2024-07-06T22:02:35.704+0700] {processor.py:840} INFO - DAG(s) 'example_complex' retrieved from /home/acer/.local/share/virtualenvs/custom_airflow-E5ZHcY_K/lib/python3.12/site-packages/airflow/example_dags/example_complex.py
[2024-07-06T22:02:35.734+0700] {logging_mixin.py:188} INFO - [2024-07-06T22:02:35.733+0700] {dag.py:3096} INFO - Sync 1 DAGs
[2024-07-06T22:02:35.746+0700] {logging_mixin.py:188} INFO - [2024-07-06T22:02:35.746+0700] {dag.py:3954} INFO - Setting next_dagrun for example_complex to None, run_after=None
[2024-07-06T22:02:35.768+0700] {processor.py:183} INFO - Processing /home/acer/.local/share/virtualenvs/custom_airflow-E5ZHcY_K/lib/python3.12/site-packages/airflow/example_dags/example_complex.py took 0.084 seconds
[2024-07-06T22:03:31.577+0700] {processor.py:161} INFO - Started process (PID=16497) to work on /home/acer/.local/share/virtualenvs/custom_airflow-E5ZHcY_K/lib/python3.12/site-packages/airflow/example_dags/example_complex.py
[2024-07-06T22:03:31.578+0700] {processor.py:830} INFO - Processing file /home/acer/.local/share/virtualenvs/custom_airflow-E5ZHcY_K/lib/python3.12/site-packages/airflow/example_dags/example_complex.py for tasks to queue
[2024-07-06T22:03:31.580+0700] {logging_mixin.py:188} INFO - [2024-07-06T22:03:31.580+0700] {dagbag.py:545} INFO - Filling up the DagBag from /home/acer/.local/share/virtualenvs/custom_airflow-E5ZHcY_K/lib/python3.12/site-packages/airflow/example_dags/example_complex.py
[2024-07-06T22:03:31.594+0700] {processor.py:840} INFO - DAG(s) 'example_complex' retrieved from /home/acer/.local/share/virtualenvs/custom_airflow-E5ZHcY_K/lib/python3.12/site-packages/airflow/example_dags/example_complex.py
[2024-07-06T22:03:31.627+0700] {logging_mixin.py:188} INFO - [2024-07-06T22:03:31.626+0700] {dag.py:3096} INFO - Sync 1 DAGs
[2024-07-06T22:03:31.640+0700] {logging_mixin.py:188} INFO - [2024-07-06T22:03:31.640+0700] {dag.py:3954} INFO - Setting next_dagrun for example_complex to None, run_after=None
[2024-07-06T22:03:31.662+0700] {processor.py:183} INFO - Processing /home/acer/.local/share/virtualenvs/custom_airflow-E5ZHcY_K/lib/python3.12/site-packages/airflow/example_dags/example_complex.py took 0.093 seconds
[2024-07-06T22:05:48.391+0700] {processor.py:161} INFO - Started process (PID=17786) to work on /home/acer/.local/share/virtualenvs/custom_airflow-E5ZHcY_K/lib/python3.12/site-packages/airflow/example_dags/example_complex.py
[2024-07-06T22:05:48.393+0700] {processor.py:830} INFO - Processing file /home/acer/.local/share/virtualenvs/custom_airflow-E5ZHcY_K/lib/python3.12/site-packages/airflow/example_dags/example_complex.py for tasks to queue
[2024-07-06T22:05:48.398+0700] {logging_mixin.py:188} INFO - [2024-07-06T22:05:48.397+0700] {dagbag.py:545} INFO - Filling up the DagBag from /home/acer/.local/share/virtualenvs/custom_airflow-E5ZHcY_K/lib/python3.12/site-packages/airflow/example_dags/example_complex.py
[2024-07-06T22:05:48.416+0700] {processor.py:840} INFO - DAG(s) 'example_complex' retrieved from /home/acer/.local/share/virtualenvs/custom_airflow-E5ZHcY_K/lib/python3.12/site-packages/airflow/example_dags/example_complex.py
[2024-07-06T22:05:48.448+0700] {logging_mixin.py:188} INFO - [2024-07-06T22:05:48.447+0700] {dag.py:3096} INFO - Sync 1 DAGs
[2024-07-06T22:05:48.460+0700] {logging_mixin.py:188} INFO - [2024-07-06T22:05:48.460+0700] {dag.py:3954} INFO - Setting next_dagrun for example_complex to None, run_after=None
[2024-07-06T22:05:48.480+0700] {processor.py:183} INFO - Processing /home/acer/.local/share/virtualenvs/custom_airflow-E5ZHcY_K/lib/python3.12/site-packages/airflow/example_dags/example_complex.py took 0.102 seconds
[2024-07-06T22:07:00.741+0700] {processor.py:161} INFO - Started process (PID=18340) to work on /home/acer/.local/share/virtualenvs/custom_airflow-E5ZHcY_K/lib/python3.12/site-packages/airflow/example_dags/example_complex.py
[2024-07-06T22:07:00.742+0700] {processor.py:830} INFO - Processing file /home/acer/.local/share/virtualenvs/custom_airflow-E5ZHcY_K/lib/python3.12/site-packages/airflow/example_dags/example_complex.py for tasks to queue
[2024-07-06T22:07:00.745+0700] {logging_mixin.py:188} INFO - [2024-07-06T22:07:00.745+0700] {dagbag.py:545} INFO - Filling up the DagBag from /home/acer/.local/share/virtualenvs/custom_airflow-E5ZHcY_K/lib/python3.12/site-packages/airflow/example_dags/example_complex.py
[2024-07-06T22:07:00.771+0700] {processor.py:840} INFO - DAG(s) 'example_complex' retrieved from /home/acer/.local/share/virtualenvs/custom_airflow-E5ZHcY_K/lib/python3.12/site-packages/airflow/example_dags/example_complex.py
[2024-07-06T22:07:00.816+0700] {logging_mixin.py:188} INFO - [2024-07-06T22:07:00.815+0700] {dag.py:3096} INFO - Sync 1 DAGs
[2024-07-06T22:07:00.834+0700] {logging_mixin.py:188} INFO - [2024-07-06T22:07:00.834+0700] {dag.py:3954} INFO - Setting next_dagrun for example_complex to None, run_after=None
[2024-07-06T22:07:00.868+0700] {processor.py:183} INFO - Processing /home/acer/.local/share/virtualenvs/custom_airflow-E5ZHcY_K/lib/python3.12/site-packages/airflow/example_dags/example_complex.py took 0.136 seconds
[2024-07-06T22:07:59.343+0700] {processor.py:161} INFO - Started process (PID=18718) to work on /home/acer/.local/share/virtualenvs/custom_airflow-E5ZHcY_K/lib/python3.12/site-packages/airflow/example_dags/example_complex.py
[2024-07-06T22:07:59.344+0700] {processor.py:830} INFO - Processing file /home/acer/.local/share/virtualenvs/custom_airflow-E5ZHcY_K/lib/python3.12/site-packages/airflow/example_dags/example_complex.py for tasks to queue
[2024-07-06T22:07:59.347+0700] {logging_mixin.py:188} INFO - [2024-07-06T22:07:59.346+0700] {dagbag.py:545} INFO - Filling up the DagBag from /home/acer/.local/share/virtualenvs/custom_airflow-E5ZHcY_K/lib/python3.12/site-packages/airflow/example_dags/example_complex.py
[2024-07-06T22:07:59.361+0700] {processor.py:840} INFO - DAG(s) 'example_complex' retrieved from /home/acer/.local/share/virtualenvs/custom_airflow-E5ZHcY_K/lib/python3.12/site-packages/airflow/example_dags/example_complex.py
[2024-07-06T22:07:59.408+0700] {logging_mixin.py:188} INFO - [2024-07-06T22:07:59.407+0700] {dag.py:3096} INFO - Sync 1 DAGs
[2024-07-06T22:07:59.430+0700] {logging_mixin.py:188} INFO - [2024-07-06T22:07:59.430+0700] {dag.py:3954} INFO - Setting next_dagrun for example_complex to None, run_after=None
[2024-07-06T22:07:59.462+0700] {processor.py:183} INFO - Processing /home/acer/.local/share/virtualenvs/custom_airflow-E5ZHcY_K/lib/python3.12/site-packages/airflow/example_dags/example_complex.py took 0.126 seconds
[2024-07-06T22:08:54.705+0700] {processor.py:161} INFO - Started process (PID=19002) to work on /home/acer/.local/share/virtualenvs/custom_airflow-E5ZHcY_K/lib/python3.12/site-packages/airflow/example_dags/example_complex.py
[2024-07-06T22:08:54.707+0700] {processor.py:830} INFO - Processing file /home/acer/.local/share/virtualenvs/custom_airflow-E5ZHcY_K/lib/python3.12/site-packages/airflow/example_dags/example_complex.py for tasks to queue
[2024-07-06T22:08:54.710+0700] {logging_mixin.py:188} INFO - [2024-07-06T22:08:54.709+0700] {dagbag.py:545} INFO - Filling up the DagBag from /home/acer/.local/share/virtualenvs/custom_airflow-E5ZHcY_K/lib/python3.12/site-packages/airflow/example_dags/example_complex.py
[2024-07-06T22:08:54.725+0700] {processor.py:840} INFO - DAG(s) 'example_complex' retrieved from /home/acer/.local/share/virtualenvs/custom_airflow-E5ZHcY_K/lib/python3.12/site-packages/airflow/example_dags/example_complex.py
[2024-07-06T22:08:54.769+0700] {logging_mixin.py:188} INFO - [2024-07-06T22:08:54.769+0700] {dag.py:3096} INFO - Sync 1 DAGs
[2024-07-06T22:08:54.787+0700] {logging_mixin.py:188} INFO - [2024-07-06T22:08:54.786+0700] {dag.py:3954} INFO - Setting next_dagrun for example_complex to None, run_after=None
[2024-07-06T22:08:54.815+0700] {processor.py:183} INFO - Processing /home/acer/.local/share/virtualenvs/custom_airflow-E5ZHcY_K/lib/python3.12/site-packages/airflow/example_dags/example_complex.py took 0.124 seconds
[2024-07-06T22:09:53.236+0700] {processor.py:161} INFO - Started process (PID=19322) to work on /home/acer/.local/share/virtualenvs/custom_airflow-E5ZHcY_K/lib/python3.12/site-packages/airflow/example_dags/example_complex.py
[2024-07-06T22:09:53.237+0700] {processor.py:830} INFO - Processing file /home/acer/.local/share/virtualenvs/custom_airflow-E5ZHcY_K/lib/python3.12/site-packages/airflow/example_dags/example_complex.py for tasks to queue
[2024-07-06T22:09:53.240+0700] {logging_mixin.py:188} INFO - [2024-07-06T22:09:53.240+0700] {dagbag.py:545} INFO - Filling up the DagBag from /home/acer/.local/share/virtualenvs/custom_airflow-E5ZHcY_K/lib/python3.12/site-packages/airflow/example_dags/example_complex.py
[2024-07-06T22:09:53.257+0700] {processor.py:840} INFO - DAG(s) 'example_complex' retrieved from /home/acer/.local/share/virtualenvs/custom_airflow-E5ZHcY_K/lib/python3.12/site-packages/airflow/example_dags/example_complex.py
[2024-07-06T22:09:53.301+0700] {logging_mixin.py:188} INFO - [2024-07-06T22:09:53.301+0700] {dag.py:3096} INFO - Sync 1 DAGs
[2024-07-06T22:09:53.319+0700] {logging_mixin.py:188} INFO - [2024-07-06T22:09:53.319+0700] {dag.py:3954} INFO - Setting next_dagrun for example_complex to None, run_after=None
[2024-07-06T22:09:53.348+0700] {processor.py:183} INFO - Processing /home/acer/.local/share/virtualenvs/custom_airflow-E5ZHcY_K/lib/python3.12/site-packages/airflow/example_dags/example_complex.py took 0.123 seconds
[2024-07-06T22:10:57.562+0700] {processor.py:161} INFO - Started process (PID=19730) to work on /home/acer/.local/share/virtualenvs/custom_airflow-E5ZHcY_K/lib/python3.12/site-packages/airflow/example_dags/example_complex.py
[2024-07-06T22:10:57.564+0700] {processor.py:830} INFO - Processing file /home/acer/.local/share/virtualenvs/custom_airflow-E5ZHcY_K/lib/python3.12/site-packages/airflow/example_dags/example_complex.py for tasks to queue
[2024-07-06T22:10:57.568+0700] {logging_mixin.py:188} INFO - [2024-07-06T22:10:57.568+0700] {dagbag.py:545} INFO - Filling up the DagBag from /home/acer/.local/share/virtualenvs/custom_airflow-E5ZHcY_K/lib/python3.12/site-packages/airflow/example_dags/example_complex.py
[2024-07-06T22:10:57.594+0700] {processor.py:840} INFO - DAG(s) 'example_complex' retrieved from /home/acer/.local/share/virtualenvs/custom_airflow-E5ZHcY_K/lib/python3.12/site-packages/airflow/example_dags/example_complex.py
[2024-07-06T22:10:57.636+0700] {logging_mixin.py:188} INFO - [2024-07-06T22:10:57.636+0700] {dag.py:3096} INFO - Sync 1 DAGs
[2024-07-06T22:10:57.654+0700] {logging_mixin.py:188} INFO - [2024-07-06T22:10:57.654+0700] {dag.py:3954} INFO - Setting next_dagrun for example_complex to None, run_after=None
[2024-07-06T22:10:57.687+0700] {processor.py:183} INFO - Processing /home/acer/.local/share/virtualenvs/custom_airflow-E5ZHcY_K/lib/python3.12/site-packages/airflow/example_dags/example_complex.py took 0.133 seconds
[2024-07-06T22:12:01.201+0700] {processor.py:161} INFO - Started process (PID=20045) to work on /home/acer/.local/share/virtualenvs/custom_airflow-E5ZHcY_K/lib/python3.12/site-packages/airflow/example_dags/example_complex.py
[2024-07-06T22:12:01.210+0700] {processor.py:830} INFO - Processing file /home/acer/.local/share/virtualenvs/custom_airflow-E5ZHcY_K/lib/python3.12/site-packages/airflow/example_dags/example_complex.py for tasks to queue
[2024-07-06T22:12:01.214+0700] {logging_mixin.py:188} INFO - [2024-07-06T22:12:01.213+0700] {dagbag.py:545} INFO - Filling up the DagBag from /home/acer/.local/share/virtualenvs/custom_airflow-E5ZHcY_K/lib/python3.12/site-packages/airflow/example_dags/example_complex.py
[2024-07-06T22:12:01.250+0700] {processor.py:840} INFO - DAG(s) 'example_complex' retrieved from /home/acer/.local/share/virtualenvs/custom_airflow-E5ZHcY_K/lib/python3.12/site-packages/airflow/example_dags/example_complex.py
[2024-07-06T22:12:01.305+0700] {logging_mixin.py:188} INFO - [2024-07-06T22:12:01.305+0700] {dag.py:3096} INFO - Sync 1 DAGs
[2024-07-06T22:12:01.324+0700] {logging_mixin.py:188} INFO - [2024-07-06T22:12:01.323+0700] {dag.py:3954} INFO - Setting next_dagrun for example_complex to None, run_after=None
[2024-07-06T22:12:01.353+0700] {processor.py:183} INFO - Processing /home/acer/.local/share/virtualenvs/custom_airflow-E5ZHcY_K/lib/python3.12/site-packages/airflow/example_dags/example_complex.py took 0.170 seconds
[2024-07-06T22:13:00.263+0700] {processor.py:161} INFO - Started process (PID=20360) to work on /home/acer/.local/share/virtualenvs/custom_airflow-E5ZHcY_K/lib/python3.12/site-packages/airflow/example_dags/example_complex.py
[2024-07-06T22:13:00.265+0700] {processor.py:830} INFO - Processing file /home/acer/.local/share/virtualenvs/custom_airflow-E5ZHcY_K/lib/python3.12/site-packages/airflow/example_dags/example_complex.py for tasks to queue
[2024-07-06T22:13:00.278+0700] {logging_mixin.py:188} INFO - [2024-07-06T22:13:00.277+0700] {dagbag.py:545} INFO - Filling up the DagBag from /home/acer/.local/share/virtualenvs/custom_airflow-E5ZHcY_K/lib/python3.12/site-packages/airflow/example_dags/example_complex.py
[2024-07-06T22:13:00.314+0700] {processor.py:840} INFO - DAG(s) 'example_complex' retrieved from /home/acer/.local/share/virtualenvs/custom_airflow-E5ZHcY_K/lib/python3.12/site-packages/airflow/example_dags/example_complex.py
[2024-07-06T22:13:00.394+0700] {logging_mixin.py:188} INFO - [2024-07-06T22:13:00.394+0700] {dag.py:3096} INFO - Sync 1 DAGs
[2024-07-06T22:13:00.417+0700] {logging_mixin.py:188} INFO - [2024-07-06T22:13:00.416+0700] {dag.py:3954} INFO - Setting next_dagrun for example_complex to None, run_after=None
[2024-07-06T22:13:00.446+0700] {processor.py:183} INFO - Processing /home/acer/.local/share/virtualenvs/custom_airflow-E5ZHcY_K/lib/python3.12/site-packages/airflow/example_dags/example_complex.py took 0.193 seconds
[2024-07-06T22:13:58.989+0700] {processor.py:161} INFO - Started process (PID=20732) to work on /home/acer/.local/share/virtualenvs/custom_airflow-E5ZHcY_K/lib/python3.12/site-packages/airflow/example_dags/example_complex.py
[2024-07-06T22:13:58.993+0700] {processor.py:830} INFO - Processing file /home/acer/.local/share/virtualenvs/custom_airflow-E5ZHcY_K/lib/python3.12/site-packages/airflow/example_dags/example_complex.py for tasks to queue
[2024-07-06T22:13:58.997+0700] {logging_mixin.py:188} INFO - [2024-07-06T22:13:58.996+0700] {dagbag.py:545} INFO - Filling up the DagBag from /home/acer/.local/share/virtualenvs/custom_airflow-E5ZHcY_K/lib/python3.12/site-packages/airflow/example_dags/example_complex.py
[2024-07-06T22:13:59.020+0700] {processor.py:840} INFO - DAG(s) 'example_complex' retrieved from /home/acer/.local/share/virtualenvs/custom_airflow-E5ZHcY_K/lib/python3.12/site-packages/airflow/example_dags/example_complex.py
[2024-07-06T22:13:59.084+0700] {logging_mixin.py:188} INFO - [2024-07-06T22:13:59.083+0700] {dag.py:3096} INFO - Sync 1 DAGs
[2024-07-06T22:13:59.109+0700] {logging_mixin.py:188} INFO - [2024-07-06T22:13:59.108+0700] {dag.py:3954} INFO - Setting next_dagrun for example_complex to None, run_after=None
[2024-07-06T22:13:59.162+0700] {processor.py:183} INFO - Processing /home/acer/.local/share/virtualenvs/custom_airflow-E5ZHcY_K/lib/python3.12/site-packages/airflow/example_dags/example_complex.py took 0.182 seconds
[2024-07-06T22:14:59.816+0700] {processor.py:161} INFO - Started process (PID=21067) to work on /home/acer/.local/share/virtualenvs/custom_airflow-E5ZHcY_K/lib/python3.12/site-packages/airflow/example_dags/example_complex.py
[2024-07-06T22:14:59.818+0700] {processor.py:830} INFO - Processing file /home/acer/.local/share/virtualenvs/custom_airflow-E5ZHcY_K/lib/python3.12/site-packages/airflow/example_dags/example_complex.py for tasks to queue
[2024-07-06T22:14:59.822+0700] {logging_mixin.py:188} INFO - [2024-07-06T22:14:59.821+0700] {dagbag.py:545} INFO - Filling up the DagBag from /home/acer/.local/share/virtualenvs/custom_airflow-E5ZHcY_K/lib/python3.12/site-packages/airflow/example_dags/example_complex.py
[2024-07-06T22:14:59.850+0700] {processor.py:840} INFO - DAG(s) 'example_complex' retrieved from /home/acer/.local/share/virtualenvs/custom_airflow-E5ZHcY_K/lib/python3.12/site-packages/airflow/example_dags/example_complex.py
[2024-07-06T22:14:59.900+0700] {logging_mixin.py:188} INFO - [2024-07-06T22:14:59.899+0700] {dag.py:3096} INFO - Sync 1 DAGs
[2024-07-06T22:14:59.916+0700] {logging_mixin.py:188} INFO - [2024-07-06T22:14:59.916+0700] {dag.py:3954} INFO - Setting next_dagrun for example_complex to None, run_after=None
[2024-07-06T22:14:59.967+0700] {processor.py:183} INFO - Processing /home/acer/.local/share/virtualenvs/custom_airflow-E5ZHcY_K/lib/python3.12/site-packages/airflow/example_dags/example_complex.py took 0.163 seconds
[2024-07-06T22:16:02.636+0700] {processor.py:161} INFO - Started process (PID=21462) to work on /home/acer/.local/share/virtualenvs/custom_airflow-E5ZHcY_K/lib/python3.12/site-packages/airflow/example_dags/example_complex.py
[2024-07-06T22:16:02.639+0700] {processor.py:830} INFO - Processing file /home/acer/.local/share/virtualenvs/custom_airflow-E5ZHcY_K/lib/python3.12/site-packages/airflow/example_dags/example_complex.py for tasks to queue
[2024-07-06T22:16:02.642+0700] {logging_mixin.py:188} INFO - [2024-07-06T22:16:02.641+0700] {dagbag.py:545} INFO - Filling up the DagBag from /home/acer/.local/share/virtualenvs/custom_airflow-E5ZHcY_K/lib/python3.12/site-packages/airflow/example_dags/example_complex.py
[2024-07-06T22:16:02.659+0700] {processor.py:840} INFO - DAG(s) 'example_complex' retrieved from /home/acer/.local/share/virtualenvs/custom_airflow-E5ZHcY_K/lib/python3.12/site-packages/airflow/example_dags/example_complex.py
[2024-07-06T22:16:02.712+0700] {logging_mixin.py:188} INFO - [2024-07-06T22:16:02.711+0700] {dag.py:3096} INFO - Sync 1 DAGs
[2024-07-06T22:16:02.727+0700] {logging_mixin.py:188} INFO - [2024-07-06T22:16:02.727+0700] {dag.py:3954} INFO - Setting next_dagrun for example_complex to None, run_after=None
[2024-07-06T22:16:02.757+0700] {processor.py:183} INFO - Processing /home/acer/.local/share/virtualenvs/custom_airflow-E5ZHcY_K/lib/python3.12/site-packages/airflow/example_dags/example_complex.py took 0.135 seconds
[2024-07-06T22:16:57.886+0700] {processor.py:161} INFO - Started process (PID=21739) to work on /home/acer/.local/share/virtualenvs/custom_airflow-E5ZHcY_K/lib/python3.12/site-packages/airflow/example_dags/example_complex.py
[2024-07-06T22:16:57.888+0700] {processor.py:830} INFO - Processing file /home/acer/.local/share/virtualenvs/custom_airflow-E5ZHcY_K/lib/python3.12/site-packages/airflow/example_dags/example_complex.py for tasks to queue
[2024-07-06T22:16:57.891+0700] {logging_mixin.py:188} INFO - [2024-07-06T22:16:57.890+0700] {dagbag.py:545} INFO - Filling up the DagBag from /home/acer/.local/share/virtualenvs/custom_airflow-E5ZHcY_K/lib/python3.12/site-packages/airflow/example_dags/example_complex.py
[2024-07-06T22:16:57.906+0700] {processor.py:840} INFO - DAG(s) 'example_complex' retrieved from /home/acer/.local/share/virtualenvs/custom_airflow-E5ZHcY_K/lib/python3.12/site-packages/airflow/example_dags/example_complex.py
[2024-07-06T22:16:57.949+0700] {logging_mixin.py:188} INFO - [2024-07-06T22:16:57.949+0700] {dag.py:3096} INFO - Sync 1 DAGs
[2024-07-06T22:16:57.970+0700] {logging_mixin.py:188} INFO - [2024-07-06T22:16:57.969+0700] {dag.py:3954} INFO - Setting next_dagrun for example_complex to None, run_after=None
[2024-07-06T22:16:58.002+0700] {processor.py:183} INFO - Processing /home/acer/.local/share/virtualenvs/custom_airflow-E5ZHcY_K/lib/python3.12/site-packages/airflow/example_dags/example_complex.py took 0.126 seconds
[2024-07-06T22:17:56.588+0700] {processor.py:161} INFO - Started process (PID=22072) to work on /home/acer/.local/share/virtualenvs/custom_airflow-E5ZHcY_K/lib/python3.12/site-packages/airflow/example_dags/example_complex.py
[2024-07-06T22:17:56.592+0700] {processor.py:830} INFO - Processing file /home/acer/.local/share/virtualenvs/custom_airflow-E5ZHcY_K/lib/python3.12/site-packages/airflow/example_dags/example_complex.py for tasks to queue
[2024-07-06T22:17:56.595+0700] {logging_mixin.py:188} INFO - [2024-07-06T22:17:56.594+0700] {dagbag.py:545} INFO - Filling up the DagBag from /home/acer/.local/share/virtualenvs/custom_airflow-E5ZHcY_K/lib/python3.12/site-packages/airflow/example_dags/example_complex.py
[2024-07-06T22:17:56.640+0700] {processor.py:840} INFO - DAG(s) 'example_complex' retrieved from /home/acer/.local/share/virtualenvs/custom_airflow-E5ZHcY_K/lib/python3.12/site-packages/airflow/example_dags/example_complex.py
[2024-07-06T22:17:56.716+0700] {logging_mixin.py:188} INFO - [2024-07-06T22:17:56.715+0700] {dag.py:3096} INFO - Sync 1 DAGs
[2024-07-06T22:17:56.741+0700] {logging_mixin.py:188} INFO - [2024-07-06T22:17:56.740+0700] {dag.py:3954} INFO - Setting next_dagrun for example_complex to None, run_after=None
[2024-07-06T22:17:56.782+0700] {processor.py:183} INFO - Processing /home/acer/.local/share/virtualenvs/custom_airflow-E5ZHcY_K/lib/python3.12/site-packages/airflow/example_dags/example_complex.py took 0.209 seconds
[2024-07-06T22:18:59.869+0700] {processor.py:161} INFO - Started process (PID=22398) to work on /home/acer/.local/share/virtualenvs/custom_airflow-E5ZHcY_K/lib/python3.12/site-packages/airflow/example_dags/example_complex.py
[2024-07-06T22:18:59.872+0700] {processor.py:830} INFO - Processing file /home/acer/.local/share/virtualenvs/custom_airflow-E5ZHcY_K/lib/python3.12/site-packages/airflow/example_dags/example_complex.py for tasks to queue
[2024-07-06T22:18:59.877+0700] {logging_mixin.py:188} INFO - [2024-07-06T22:18:59.876+0700] {dagbag.py:545} INFO - Filling up the DagBag from /home/acer/.local/share/virtualenvs/custom_airflow-E5ZHcY_K/lib/python3.12/site-packages/airflow/example_dags/example_complex.py
[2024-07-06T22:18:59.900+0700] {processor.py:840} INFO - DAG(s) 'example_complex' retrieved from /home/acer/.local/share/virtualenvs/custom_airflow-E5ZHcY_K/lib/python3.12/site-packages/airflow/example_dags/example_complex.py
[2024-07-06T22:18:59.938+0700] {logging_mixin.py:188} INFO - [2024-07-06T22:18:59.938+0700] {dag.py:3096} INFO - Sync 1 DAGs
[2024-07-06T22:18:59.960+0700] {logging_mixin.py:188} INFO - [2024-07-06T22:18:59.960+0700] {dag.py:3954} INFO - Setting next_dagrun for example_complex to None, run_after=None
[2024-07-06T22:19:00.024+0700] {processor.py:183} INFO - Processing /home/acer/.local/share/virtualenvs/custom_airflow-E5ZHcY_K/lib/python3.12/site-packages/airflow/example_dags/example_complex.py took 0.184 seconds
[2024-07-06T22:20:01.027+0700] {processor.py:161} INFO - Started process (PID=22741) to work on /home/acer/.local/share/virtualenvs/custom_airflow-E5ZHcY_K/lib/python3.12/site-packages/airflow/example_dags/example_complex.py
[2024-07-06T22:20:01.029+0700] {processor.py:830} INFO - Processing file /home/acer/.local/share/virtualenvs/custom_airflow-E5ZHcY_K/lib/python3.12/site-packages/airflow/example_dags/example_complex.py for tasks to queue
[2024-07-06T22:20:01.036+0700] {logging_mixin.py:188} INFO - [2024-07-06T22:20:01.034+0700] {dagbag.py:545} INFO - Filling up the DagBag from /home/acer/.local/share/virtualenvs/custom_airflow-E5ZHcY_K/lib/python3.12/site-packages/airflow/example_dags/example_complex.py
[2024-07-06T22:20:01.072+0700] {processor.py:840} INFO - DAG(s) 'example_complex' retrieved from /home/acer/.local/share/virtualenvs/custom_airflow-E5ZHcY_K/lib/python3.12/site-packages/airflow/example_dags/example_complex.py
[2024-07-06T22:20:01.114+0700] {logging_mixin.py:188} INFO - [2024-07-06T22:20:01.114+0700] {dag.py:3096} INFO - Sync 1 DAGs
[2024-07-06T22:20:01.130+0700] {logging_mixin.py:188} INFO - [2024-07-06T22:20:01.130+0700] {dag.py:3954} INFO - Setting next_dagrun for example_complex to None, run_after=None
[2024-07-06T22:20:01.159+0700] {processor.py:183} INFO - Processing /home/acer/.local/share/virtualenvs/custom_airflow-E5ZHcY_K/lib/python3.12/site-packages/airflow/example_dags/example_complex.py took 0.149 seconds
[2024-07-06T22:21:02.272+0700] {processor.py:161} INFO - Started process (PID=23038) to work on /home/acer/.local/share/virtualenvs/custom_airflow-E5ZHcY_K/lib/python3.12/site-packages/airflow/example_dags/example_complex.py
[2024-07-06T22:21:02.273+0700] {processor.py:830} INFO - Processing file /home/acer/.local/share/virtualenvs/custom_airflow-E5ZHcY_K/lib/python3.12/site-packages/airflow/example_dags/example_complex.py for tasks to queue
[2024-07-06T22:21:02.276+0700] {logging_mixin.py:188} INFO - [2024-07-06T22:21:02.275+0700] {dagbag.py:545} INFO - Filling up the DagBag from /home/acer/.local/share/virtualenvs/custom_airflow-E5ZHcY_K/lib/python3.12/site-packages/airflow/example_dags/example_complex.py
[2024-07-06T22:21:02.289+0700] {processor.py:840} INFO - DAG(s) 'example_complex' retrieved from /home/acer/.local/share/virtualenvs/custom_airflow-E5ZHcY_K/lib/python3.12/site-packages/airflow/example_dags/example_complex.py
[2024-07-06T22:21:02.331+0700] {logging_mixin.py:188} INFO - [2024-07-06T22:21:02.331+0700] {dag.py:3096} INFO - Sync 1 DAGs
[2024-07-06T22:21:02.347+0700] {logging_mixin.py:188} INFO - [2024-07-06T22:21:02.346+0700] {dag.py:3954} INFO - Setting next_dagrun for example_complex to None, run_after=None
[2024-07-06T22:21:02.373+0700] {processor.py:183} INFO - Processing /home/acer/.local/share/virtualenvs/custom_airflow-E5ZHcY_K/lib/python3.12/site-packages/airflow/example_dags/example_complex.py took 0.110 seconds
