[2024-07-06T16:09:13.499+0700] {processor.py:161} INFO - Started process (PID=51341) to work on /home/acer/.local/share/virtualenvs/custom_airflow-E5ZHcY_K/lib/python3.12/site-packages/airflow/example_dags/example_nested_branch_dag.py
[2024-07-06T16:09:13.501+0700] {processor.py:830} INFO - Processing file /home/acer/.local/share/virtualenvs/custom_airflow-E5ZHcY_K/lib/python3.12/site-packages/airflow/example_dags/example_nested_branch_dag.py for tasks to queue
[2024-07-06T16:09:13.504+0700] {logging_mixin.py:188} INFO - [2024-07-06T16:09:13.504+0700] {dagbag.py:545} INFO - Filling up the DagBag from /home/acer/.local/share/virtualenvs/custom_airflow-E5ZHcY_K/lib/python3.12/site-packages/airflow/example_dags/example_nested_branch_dag.py
[2024-07-06T16:09:13.520+0700] {processor.py:840} INFO - DAG(s) 'example_nested_branch_dag' retrieved from /home/acer/.local/share/virtualenvs/custom_airflow-E5ZHcY_K/lib/python3.12/site-packages/airflow/example_dags/example_nested_branch_dag.py
[2024-07-06T16:09:13.656+0700] {logging_mixin.py:188} INFO - [2024-07-06T16:09:13.656+0700] {override.py:1847} INFO - Created Permission View: can delete on DAG:example_nested_branch_dag
[2024-07-06T16:09:13.669+0700] {logging_mixin.py:188} INFO - [2024-07-06T16:09:13.668+0700] {override.py:1847} INFO - Created Permission View: can edit on DAG:example_nested_branch_dag
[2024-07-06T16:09:13.682+0700] {logging_mixin.py:188} INFO - [2024-07-06T16:09:13.682+0700] {override.py:1847} INFO - Created Permission View: can read on DAG:example_nested_branch_dag
[2024-07-06T16:09:13.683+0700] {logging_mixin.py:188} INFO - [2024-07-06T16:09:13.683+0700] {dag.py:3096} INFO - Sync 1 DAGs
[2024-07-06T16:09:13.696+0700] {logging_mixin.py:188} INFO - [2024-07-06T16:09:13.695+0700] {dag.py:3118} INFO - Creating ORM DAG for example_nested_branch_dag
[2024-07-06T16:09:13.706+0700] {logging_mixin.py:188} INFO - [2024-07-06T16:09:13.706+0700] {dag.py:3954} INFO - Setting next_dagrun for example_nested_branch_dag to 2024-07-05 00:00:00+00:00, run_after=2024-07-06 00:00:00+00:00
[2024-07-06T16:09:13.737+0700] {processor.py:183} INFO - Processing /home/acer/.local/share/virtualenvs/custom_airflow-E5ZHcY_K/lib/python3.12/site-packages/airflow/example_dags/example_nested_branch_dag.py took 0.262 seconds
[2024-07-06T16:10:11.206+0700] {processor.py:161} INFO - Started process (PID=51691) to work on /home/acer/.local/share/virtualenvs/custom_airflow-E5ZHcY_K/lib/python3.12/site-packages/airflow/example_dags/example_nested_branch_dag.py
[2024-07-06T16:10:11.210+0700] {processor.py:830} INFO - Processing file /home/acer/.local/share/virtualenvs/custom_airflow-E5ZHcY_K/lib/python3.12/site-packages/airflow/example_dags/example_nested_branch_dag.py for tasks to queue
[2024-07-06T16:10:11.218+0700] {logging_mixin.py:188} INFO - [2024-07-06T16:10:11.216+0700] {dagbag.py:545} INFO - Filling up the DagBag from /home/acer/.local/share/virtualenvs/custom_airflow-E5ZHcY_K/lib/python3.12/site-packages/airflow/example_dags/example_nested_branch_dag.py
[2024-07-06T16:10:11.248+0700] {processor.py:840} INFO - DAG(s) 'example_nested_branch_dag' retrieved from /home/acer/.local/share/virtualenvs/custom_airflow-E5ZHcY_K/lib/python3.12/site-packages/airflow/example_dags/example_nested_branch_dag.py
[2024-07-06T16:10:11.273+0700] {logging_mixin.py:188} INFO - [2024-07-06T16:10:11.273+0700] {dag.py:3096} INFO - Sync 1 DAGs
[2024-07-06T16:10:11.305+0700] {logging_mixin.py:188} INFO - [2024-07-06T16:10:11.304+0700] {dag.py:3954} INFO - Setting next_dagrun for example_nested_branch_dag to 2024-07-05 00:00:00+00:00, run_after=2024-07-06 00:00:00+00:00
[2024-07-06T16:10:11.335+0700] {processor.py:183} INFO - Processing /home/acer/.local/share/virtualenvs/custom_airflow-E5ZHcY_K/lib/python3.12/site-packages/airflow/example_dags/example_nested_branch_dag.py took 0.163 seconds
[2024-07-06T16:11:03.971+0700] {processor.py:161} INFO - Started process (PID=52338) to work on /home/acer/.local/share/virtualenvs/custom_airflow-E5ZHcY_K/lib/python3.12/site-packages/airflow/example_dags/example_nested_branch_dag.py
[2024-07-06T16:11:03.973+0700] {processor.py:830} INFO - Processing file /home/acer/.local/share/virtualenvs/custom_airflow-E5ZHcY_K/lib/python3.12/site-packages/airflow/example_dags/example_nested_branch_dag.py for tasks to queue
[2024-07-06T16:11:03.975+0700] {logging_mixin.py:188} INFO - [2024-07-06T16:11:03.974+0700] {dagbag.py:545} INFO - Filling up the DagBag from /home/acer/.local/share/virtualenvs/custom_airflow-E5ZHcY_K/lib/python3.12/site-packages/airflow/example_dags/example_nested_branch_dag.py
[2024-07-06T16:11:03.990+0700] {processor.py:840} INFO - DAG(s) 'example_nested_branch_dag' retrieved from /home/acer/.local/share/virtualenvs/custom_airflow-E5ZHcY_K/lib/python3.12/site-packages/airflow/example_dags/example_nested_branch_dag.py
[2024-07-06T16:11:04.010+0700] {logging_mixin.py:188} INFO - [2024-07-06T16:11:04.009+0700] {dag.py:3096} INFO - Sync 1 DAGs
[2024-07-06T16:11:04.040+0700] {logging_mixin.py:188} INFO - [2024-07-06T16:11:04.039+0700] {dag.py:3954} INFO - Setting next_dagrun for example_nested_branch_dag to 2024-07-05 00:00:00+00:00, run_after=2024-07-06 00:00:00+00:00
[2024-07-06T16:11:04.073+0700] {processor.py:183} INFO - Processing /home/acer/.local/share/virtualenvs/custom_airflow-E5ZHcY_K/lib/python3.12/site-packages/airflow/example_dags/example_nested_branch_dag.py took 0.120 seconds
[2024-07-06T16:16:04.899+0700] {processor.py:161} INFO - Started process (PID=54931) to work on /home/acer/.local/share/virtualenvs/custom_airflow-E5ZHcY_K/lib/python3.12/site-packages/airflow/example_dags/example_nested_branch_dag.py
[2024-07-06T16:16:04.900+0700] {processor.py:830} INFO - Processing file /home/acer/.local/share/virtualenvs/custom_airflow-E5ZHcY_K/lib/python3.12/site-packages/airflow/example_dags/example_nested_branch_dag.py for tasks to queue
[2024-07-06T16:16:04.902+0700] {logging_mixin.py:188} INFO - [2024-07-06T16:16:04.902+0700] {dagbag.py:545} INFO - Filling up the DagBag from /home/acer/.local/share/virtualenvs/custom_airflow-E5ZHcY_K/lib/python3.12/site-packages/airflow/example_dags/example_nested_branch_dag.py
[2024-07-06T16:16:04.914+0700] {processor.py:840} INFO - DAG(s) 'example_nested_branch_dag' retrieved from /home/acer/.local/share/virtualenvs/custom_airflow-E5ZHcY_K/lib/python3.12/site-packages/airflow/example_dags/example_nested_branch_dag.py
[2024-07-06T16:16:05.040+0700] {logging_mixin.py:188} INFO - [2024-07-06T16:16:05.039+0700] {dag.py:3096} INFO - Sync 1 DAGs
[2024-07-06T16:16:05.062+0700] {logging_mixin.py:188} INFO - [2024-07-06T16:16:05.061+0700] {dag.py:3954} INFO - Setting next_dagrun for example_nested_branch_dag to 2024-07-05 00:00:00+00:00, run_after=2024-07-06 00:00:00+00:00
[2024-07-06T16:16:05.082+0700] {processor.py:183} INFO - Processing /home/acer/.local/share/virtualenvs/custom_airflow-E5ZHcY_K/lib/python3.12/site-packages/airflow/example_dags/example_nested_branch_dag.py took 0.188 seconds
[2024-07-06T16:17:01.038+0700] {processor.py:161} INFO - Started process (PID=55442) to work on /home/acer/.local/share/virtualenvs/custom_airflow-E5ZHcY_K/lib/python3.12/site-packages/airflow/example_dags/example_nested_branch_dag.py
[2024-07-06T16:17:01.040+0700] {processor.py:830} INFO - Processing file /home/acer/.local/share/virtualenvs/custom_airflow-E5ZHcY_K/lib/python3.12/site-packages/airflow/example_dags/example_nested_branch_dag.py for tasks to queue
[2024-07-06T16:17:01.042+0700] {logging_mixin.py:188} INFO - [2024-07-06T16:17:01.041+0700] {dagbag.py:545} INFO - Filling up the DagBag from /home/acer/.local/share/virtualenvs/custom_airflow-E5ZHcY_K/lib/python3.12/site-packages/airflow/example_dags/example_nested_branch_dag.py
[2024-07-06T16:17:01.053+0700] {processor.py:840} INFO - DAG(s) 'example_nested_branch_dag' retrieved from /home/acer/.local/share/virtualenvs/custom_airflow-E5ZHcY_K/lib/python3.12/site-packages/airflow/example_dags/example_nested_branch_dag.py
[2024-07-06T16:17:01.072+0700] {logging_mixin.py:188} INFO - [2024-07-06T16:17:01.072+0700] {dag.py:3096} INFO - Sync 1 DAGs
[2024-07-06T16:17:01.099+0700] {logging_mixin.py:188} INFO - [2024-07-06T16:17:01.099+0700] {dag.py:3954} INFO - Setting next_dagrun for example_nested_branch_dag to 2024-07-05 00:00:00+00:00, run_after=2024-07-06 00:00:00+00:00
[2024-07-06T16:17:01.122+0700] {processor.py:183} INFO - Processing /home/acer/.local/share/virtualenvs/custom_airflow-E5ZHcY_K/lib/python3.12/site-packages/airflow/example_dags/example_nested_branch_dag.py took 0.092 seconds
[2024-07-06T16:17:55.335+0700] {processor.py:161} INFO - Started process (PID=55841) to work on /home/acer/.local/share/virtualenvs/custom_airflow-E5ZHcY_K/lib/python3.12/site-packages/airflow/example_dags/example_nested_branch_dag.py
[2024-07-06T16:17:55.336+0700] {processor.py:830} INFO - Processing file /home/acer/.local/share/virtualenvs/custom_airflow-E5ZHcY_K/lib/python3.12/site-packages/airflow/example_dags/example_nested_branch_dag.py for tasks to queue
[2024-07-06T16:17:55.338+0700] {logging_mixin.py:188} INFO - [2024-07-06T16:17:55.338+0700] {dagbag.py:545} INFO - Filling up the DagBag from /home/acer/.local/share/virtualenvs/custom_airflow-E5ZHcY_K/lib/python3.12/site-packages/airflow/example_dags/example_nested_branch_dag.py
[2024-07-06T16:17:55.355+0700] {processor.py:840} INFO - DAG(s) 'example_nested_branch_dag' retrieved from /home/acer/.local/share/virtualenvs/custom_airflow-E5ZHcY_K/lib/python3.12/site-packages/airflow/example_dags/example_nested_branch_dag.py
[2024-07-06T16:17:55.385+0700] {logging_mixin.py:188} INFO - [2024-07-06T16:17:55.384+0700] {dag.py:3096} INFO - Sync 1 DAGs
[2024-07-06T16:17:55.420+0700] {logging_mixin.py:188} INFO - [2024-07-06T16:17:55.420+0700] {dag.py:3954} INFO - Setting next_dagrun for example_nested_branch_dag to 2024-07-05 00:00:00+00:00, run_after=2024-07-06 00:00:00+00:00
[2024-07-06T16:17:55.467+0700] {processor.py:183} INFO - Processing /home/acer/.local/share/virtualenvs/custom_airflow-E5ZHcY_K/lib/python3.12/site-packages/airflow/example_dags/example_nested_branch_dag.py took 0.142 seconds
[2024-07-06T16:18:45.938+0700] {processor.py:161} INFO - Started process (PID=56096) to work on /home/acer/.local/share/virtualenvs/custom_airflow-E5ZHcY_K/lib/python3.12/site-packages/airflow/example_dags/example_nested_branch_dag.py
[2024-07-06T16:18:45.940+0700] {processor.py:830} INFO - Processing file /home/acer/.local/share/virtualenvs/custom_airflow-E5ZHcY_K/lib/python3.12/site-packages/airflow/example_dags/example_nested_branch_dag.py for tasks to queue
[2024-07-06T16:18:45.942+0700] {logging_mixin.py:188} INFO - [2024-07-06T16:18:45.942+0700] {dagbag.py:545} INFO - Filling up the DagBag from /home/acer/.local/share/virtualenvs/custom_airflow-E5ZHcY_K/lib/python3.12/site-packages/airflow/example_dags/example_nested_branch_dag.py
[2024-07-06T16:18:45.956+0700] {processor.py:840} INFO - DAG(s) 'example_nested_branch_dag' retrieved from /home/acer/.local/share/virtualenvs/custom_airflow-E5ZHcY_K/lib/python3.12/site-packages/airflow/example_dags/example_nested_branch_dag.py
[2024-07-06T16:18:45.978+0700] {logging_mixin.py:188} INFO - [2024-07-06T16:18:45.977+0700] {dag.py:3096} INFO - Sync 1 DAGs
[2024-07-06T16:18:46.001+0700] {logging_mixin.py:188} INFO - [2024-07-06T16:18:46.001+0700] {dag.py:3954} INFO - Setting next_dagrun for example_nested_branch_dag to 2024-07-05 00:00:00+00:00, run_after=2024-07-06 00:00:00+00:00
[2024-07-06T16:18:46.024+0700] {processor.py:183} INFO - Processing /home/acer/.local/share/virtualenvs/custom_airflow-E5ZHcY_K/lib/python3.12/site-packages/airflow/example_dags/example_nested_branch_dag.py took 0.094 seconds
[2024-07-06T16:19:41.311+0700] {processor.py:161} INFO - Started process (PID=56657) to work on /home/acer/.local/share/virtualenvs/custom_airflow-E5ZHcY_K/lib/python3.12/site-packages/airflow/example_dags/example_nested_branch_dag.py
[2024-07-06T16:19:41.312+0700] {processor.py:830} INFO - Processing file /home/acer/.local/share/virtualenvs/custom_airflow-E5ZHcY_K/lib/python3.12/site-packages/airflow/example_dags/example_nested_branch_dag.py for tasks to queue
[2024-07-06T16:19:41.314+0700] {logging_mixin.py:188} INFO - [2024-07-06T16:19:41.314+0700] {dagbag.py:545} INFO - Filling up the DagBag from /home/acer/.local/share/virtualenvs/custom_airflow-E5ZHcY_K/lib/python3.12/site-packages/airflow/example_dags/example_nested_branch_dag.py
[2024-07-06T16:19:41.327+0700] {processor.py:840} INFO - DAG(s) 'example_nested_branch_dag' retrieved from /home/acer/.local/share/virtualenvs/custom_airflow-E5ZHcY_K/lib/python3.12/site-packages/airflow/example_dags/example_nested_branch_dag.py
[2024-07-06T16:19:41.347+0700] {logging_mixin.py:188} INFO - [2024-07-06T16:19:41.347+0700] {dag.py:3096} INFO - Sync 1 DAGs
[2024-07-06T16:19:41.371+0700] {logging_mixin.py:188} INFO - [2024-07-06T16:19:41.371+0700] {dag.py:3954} INFO - Setting next_dagrun for example_nested_branch_dag to 2024-07-05 00:00:00+00:00, run_after=2024-07-06 00:00:00+00:00
[2024-07-06T16:19:41.399+0700] {processor.py:183} INFO - Processing /home/acer/.local/share/virtualenvs/custom_airflow-E5ZHcY_K/lib/python3.12/site-packages/airflow/example_dags/example_nested_branch_dag.py took 0.094 seconds
[2024-07-06T16:20:39.297+0700] {processor.py:161} INFO - Started process (PID=57171) to work on /home/acer/.local/share/virtualenvs/custom_airflow-E5ZHcY_K/lib/python3.12/site-packages/airflow/example_dags/example_nested_branch_dag.py
[2024-07-06T16:20:39.298+0700] {processor.py:830} INFO - Processing file /home/acer/.local/share/virtualenvs/custom_airflow-E5ZHcY_K/lib/python3.12/site-packages/airflow/example_dags/example_nested_branch_dag.py for tasks to queue
[2024-07-06T16:20:39.300+0700] {logging_mixin.py:188} INFO - [2024-07-06T16:20:39.300+0700] {dagbag.py:545} INFO - Filling up the DagBag from /home/acer/.local/share/virtualenvs/custom_airflow-E5ZHcY_K/lib/python3.12/site-packages/airflow/example_dags/example_nested_branch_dag.py
[2024-07-06T16:20:39.311+0700] {processor.py:840} INFO - DAG(s) 'example_nested_branch_dag' retrieved from /home/acer/.local/share/virtualenvs/custom_airflow-E5ZHcY_K/lib/python3.12/site-packages/airflow/example_dags/example_nested_branch_dag.py
[2024-07-06T16:20:39.330+0700] {logging_mixin.py:188} INFO - [2024-07-06T16:20:39.329+0700] {dag.py:3096} INFO - Sync 1 DAGs
[2024-07-06T16:20:39.351+0700] {logging_mixin.py:188} INFO - [2024-07-06T16:20:39.350+0700] {dag.py:3954} INFO - Setting next_dagrun for example_nested_branch_dag to 2024-07-05 00:00:00+00:00, run_after=2024-07-06 00:00:00+00:00
[2024-07-06T16:20:39.372+0700] {processor.py:183} INFO - Processing /home/acer/.local/share/virtualenvs/custom_airflow-E5ZHcY_K/lib/python3.12/site-packages/airflow/example_dags/example_nested_branch_dag.py took 0.080 seconds
[2024-07-06T16:21:30.251+0700] {processor.py:161} INFO - Started process (PID=57574) to work on /home/acer/.local/share/virtualenvs/custom_airflow-E5ZHcY_K/lib/python3.12/site-packages/airflow/example_dags/example_nested_branch_dag.py
[2024-07-06T16:21:30.253+0700] {processor.py:830} INFO - Processing file /home/acer/.local/share/virtualenvs/custom_airflow-E5ZHcY_K/lib/python3.12/site-packages/airflow/example_dags/example_nested_branch_dag.py for tasks to queue
[2024-07-06T16:21:30.256+0700] {logging_mixin.py:188} INFO - [2024-07-06T16:21:30.255+0700] {dagbag.py:545} INFO - Filling up the DagBag from /home/acer/.local/share/virtualenvs/custom_airflow-E5ZHcY_K/lib/python3.12/site-packages/airflow/example_dags/example_nested_branch_dag.py
[2024-07-06T16:21:30.271+0700] {processor.py:840} INFO - DAG(s) 'example_nested_branch_dag' retrieved from /home/acer/.local/share/virtualenvs/custom_airflow-E5ZHcY_K/lib/python3.12/site-packages/airflow/example_dags/example_nested_branch_dag.py
[2024-07-06T16:21:30.289+0700] {logging_mixin.py:188} INFO - [2024-07-06T16:21:30.288+0700] {dag.py:3096} INFO - Sync 1 DAGs
[2024-07-06T16:21:30.311+0700] {logging_mixin.py:188} INFO - [2024-07-06T16:21:30.311+0700] {dag.py:3954} INFO - Setting next_dagrun for example_nested_branch_dag to 2024-07-05 00:00:00+00:00, run_after=2024-07-06 00:00:00+00:00
[2024-07-06T16:21:30.332+0700] {processor.py:183} INFO - Processing /home/acer/.local/share/virtualenvs/custom_airflow-E5ZHcY_K/lib/python3.12/site-packages/airflow/example_dags/example_nested_branch_dag.py took 0.101 seconds
[2024-07-06T16:22:19.366+0700] {processor.py:161} INFO - Started process (PID=57912) to work on /home/acer/.local/share/virtualenvs/custom_airflow-E5ZHcY_K/lib/python3.12/site-packages/airflow/example_dags/example_nested_branch_dag.py
[2024-07-06T16:22:19.368+0700] {processor.py:830} INFO - Processing file /home/acer/.local/share/virtualenvs/custom_airflow-E5ZHcY_K/lib/python3.12/site-packages/airflow/example_dags/example_nested_branch_dag.py for tasks to queue
[2024-07-06T16:22:19.369+0700] {logging_mixin.py:188} INFO - [2024-07-06T16:22:19.369+0700] {dagbag.py:545} INFO - Filling up the DagBag from /home/acer/.local/share/virtualenvs/custom_airflow-E5ZHcY_K/lib/python3.12/site-packages/airflow/example_dags/example_nested_branch_dag.py
[2024-07-06T16:22:19.381+0700] {processor.py:840} INFO - DAG(s) 'example_nested_branch_dag' retrieved from /home/acer/.local/share/virtualenvs/custom_airflow-E5ZHcY_K/lib/python3.12/site-packages/airflow/example_dags/example_nested_branch_dag.py
[2024-07-06T16:22:19.398+0700] {logging_mixin.py:188} INFO - [2024-07-06T16:22:19.398+0700] {dag.py:3096} INFO - Sync 1 DAGs
[2024-07-06T16:22:19.420+0700] {logging_mixin.py:188} INFO - [2024-07-06T16:22:19.419+0700] {dag.py:3954} INFO - Setting next_dagrun for example_nested_branch_dag to 2024-07-05 00:00:00+00:00, run_after=2024-07-06 00:00:00+00:00
[2024-07-06T16:22:19.440+0700] {processor.py:183} INFO - Processing /home/acer/.local/share/virtualenvs/custom_airflow-E5ZHcY_K/lib/python3.12/site-packages/airflow/example_dags/example_nested_branch_dag.py took 0.082 seconds
[2024-07-06T16:23:10.485+0700] {processor.py:161} INFO - Started process (PID=58231) to work on /home/acer/.local/share/virtualenvs/custom_airflow-E5ZHcY_K/lib/python3.12/site-packages/airflow/example_dags/example_nested_branch_dag.py
[2024-07-06T16:23:10.486+0700] {processor.py:830} INFO - Processing file /home/acer/.local/share/virtualenvs/custom_airflow-E5ZHcY_K/lib/python3.12/site-packages/airflow/example_dags/example_nested_branch_dag.py for tasks to queue
[2024-07-06T16:23:10.488+0700] {logging_mixin.py:188} INFO - [2024-07-06T16:23:10.488+0700] {dagbag.py:545} INFO - Filling up the DagBag from /home/acer/.local/share/virtualenvs/custom_airflow-E5ZHcY_K/lib/python3.12/site-packages/airflow/example_dags/example_nested_branch_dag.py
[2024-07-06T16:23:10.501+0700] {processor.py:840} INFO - DAG(s) 'example_nested_branch_dag' retrieved from /home/acer/.local/share/virtualenvs/custom_airflow-E5ZHcY_K/lib/python3.12/site-packages/airflow/example_dags/example_nested_branch_dag.py
[2024-07-06T16:23:10.519+0700] {logging_mixin.py:188} INFO - [2024-07-06T16:23:10.519+0700] {dag.py:3096} INFO - Sync 1 DAGs
[2024-07-06T16:23:10.540+0700] {logging_mixin.py:188} INFO - [2024-07-06T16:23:10.540+0700] {dag.py:3954} INFO - Setting next_dagrun for example_nested_branch_dag to 2024-07-05 00:00:00+00:00, run_after=2024-07-06 00:00:00+00:00
[2024-07-06T16:23:10.562+0700] {processor.py:183} INFO - Processing /home/acer/.local/share/virtualenvs/custom_airflow-E5ZHcY_K/lib/python3.12/site-packages/airflow/example_dags/example_nested_branch_dag.py took 0.085 seconds
[2024-07-06T16:24:28.662+0700] {processor.py:161} INFO - Started process (PID=59301) to work on /home/acer/.local/share/virtualenvs/custom_airflow-E5ZHcY_K/lib/python3.12/site-packages/airflow/example_dags/example_nested_branch_dag.py
[2024-07-06T16:24:28.664+0700] {processor.py:830} INFO - Processing file /home/acer/.local/share/virtualenvs/custom_airflow-E5ZHcY_K/lib/python3.12/site-packages/airflow/example_dags/example_nested_branch_dag.py for tasks to queue
[2024-07-06T16:24:28.666+0700] {logging_mixin.py:188} INFO - [2024-07-06T16:24:28.665+0700] {dagbag.py:545} INFO - Filling up the DagBag from /home/acer/.local/share/virtualenvs/custom_airflow-E5ZHcY_K/lib/python3.12/site-packages/airflow/example_dags/example_nested_branch_dag.py
[2024-07-06T16:24:28.678+0700] {processor.py:840} INFO - DAG(s) 'example_nested_branch_dag' retrieved from /home/acer/.local/share/virtualenvs/custom_airflow-E5ZHcY_K/lib/python3.12/site-packages/airflow/example_dags/example_nested_branch_dag.py
[2024-07-06T16:24:28.698+0700] {logging_mixin.py:188} INFO - [2024-07-06T16:24:28.697+0700] {dag.py:3096} INFO - Sync 1 DAGs
[2024-07-06T16:24:28.719+0700] {logging_mixin.py:188} INFO - [2024-07-06T16:24:28.719+0700] {dag.py:3954} INFO - Setting next_dagrun for example_nested_branch_dag to 2024-07-05 00:00:00+00:00, run_after=2024-07-06 00:00:00+00:00
[2024-07-06T16:24:28.741+0700] {processor.py:183} INFO - Processing /home/acer/.local/share/virtualenvs/custom_airflow-E5ZHcY_K/lib/python3.12/site-packages/airflow/example_dags/example_nested_branch_dag.py took 0.085 seconds
[2024-07-06T16:25:24.306+0700] {processor.py:161} INFO - Started process (PID=59637) to work on /home/acer/.local/share/virtualenvs/custom_airflow-E5ZHcY_K/lib/python3.12/site-packages/airflow/example_dags/example_nested_branch_dag.py
[2024-07-06T16:25:24.308+0700] {processor.py:830} INFO - Processing file /home/acer/.local/share/virtualenvs/custom_airflow-E5ZHcY_K/lib/python3.12/site-packages/airflow/example_dags/example_nested_branch_dag.py for tasks to queue
[2024-07-06T16:25:24.312+0700] {logging_mixin.py:188} INFO - [2024-07-06T16:25:24.311+0700] {dagbag.py:545} INFO - Filling up the DagBag from /home/acer/.local/share/virtualenvs/custom_airflow-E5ZHcY_K/lib/python3.12/site-packages/airflow/example_dags/example_nested_branch_dag.py
[2024-07-06T16:25:24.327+0700] {processor.py:840} INFO - DAG(s) 'example_nested_branch_dag' retrieved from /home/acer/.local/share/virtualenvs/custom_airflow-E5ZHcY_K/lib/python3.12/site-packages/airflow/example_dags/example_nested_branch_dag.py
[2024-07-06T16:25:24.345+0700] {logging_mixin.py:188} INFO - [2024-07-06T16:25:24.344+0700] {dag.py:3096} INFO - Sync 1 DAGs
[2024-07-06T16:25:24.366+0700] {logging_mixin.py:188} INFO - [2024-07-06T16:25:24.365+0700] {dag.py:3954} INFO - Setting next_dagrun for example_nested_branch_dag to 2024-07-05 00:00:00+00:00, run_after=2024-07-06 00:00:00+00:00
[2024-07-06T16:25:24.387+0700] {processor.py:183} INFO - Processing /home/acer/.local/share/virtualenvs/custom_airflow-E5ZHcY_K/lib/python3.12/site-packages/airflow/example_dags/example_nested_branch_dag.py took 0.100 seconds
[2024-07-06T16:26:20.088+0700] {processor.py:161} INFO - Started process (PID=60075) to work on /home/acer/.local/share/virtualenvs/custom_airflow-E5ZHcY_K/lib/python3.12/site-packages/airflow/example_dags/example_nested_branch_dag.py
[2024-07-06T16:26:20.089+0700] {processor.py:830} INFO - Processing file /home/acer/.local/share/virtualenvs/custom_airflow-E5ZHcY_K/lib/python3.12/site-packages/airflow/example_dags/example_nested_branch_dag.py for tasks to queue
[2024-07-06T16:26:20.090+0700] {logging_mixin.py:188} INFO - [2024-07-06T16:26:20.090+0700] {dagbag.py:545} INFO - Filling up the DagBag from /home/acer/.local/share/virtualenvs/custom_airflow-E5ZHcY_K/lib/python3.12/site-packages/airflow/example_dags/example_nested_branch_dag.py
[2024-07-06T16:26:20.101+0700] {processor.py:840} INFO - DAG(s) 'example_nested_branch_dag' retrieved from /home/acer/.local/share/virtualenvs/custom_airflow-E5ZHcY_K/lib/python3.12/site-packages/airflow/example_dags/example_nested_branch_dag.py
[2024-07-06T16:26:20.118+0700] {logging_mixin.py:188} INFO - [2024-07-06T16:26:20.118+0700] {dag.py:3096} INFO - Sync 1 DAGs
[2024-07-06T16:26:20.139+0700] {logging_mixin.py:188} INFO - [2024-07-06T16:26:20.139+0700] {dag.py:3954} INFO - Setting next_dagrun for example_nested_branch_dag to 2024-07-05 00:00:00+00:00, run_after=2024-07-06 00:00:00+00:00
[2024-07-06T16:26:20.160+0700] {processor.py:183} INFO - Processing /home/acer/.local/share/virtualenvs/custom_airflow-E5ZHcY_K/lib/python3.12/site-packages/airflow/example_dags/example_nested_branch_dag.py took 0.078 seconds
[2024-07-06T16:27:09.536+0700] {processor.py:161} INFO - Started process (PID=60320) to work on /home/acer/.local/share/virtualenvs/custom_airflow-E5ZHcY_K/lib/python3.12/site-packages/airflow/example_dags/example_nested_branch_dag.py
[2024-07-06T16:27:09.537+0700] {processor.py:830} INFO - Processing file /home/acer/.local/share/virtualenvs/custom_airflow-E5ZHcY_K/lib/python3.12/site-packages/airflow/example_dags/example_nested_branch_dag.py for tasks to queue
[2024-07-06T16:27:09.539+0700] {logging_mixin.py:188} INFO - [2024-07-06T16:27:09.538+0700] {dagbag.py:545} INFO - Filling up the DagBag from /home/acer/.local/share/virtualenvs/custom_airflow-E5ZHcY_K/lib/python3.12/site-packages/airflow/example_dags/example_nested_branch_dag.py
[2024-07-06T16:27:09.549+0700] {processor.py:840} INFO - DAG(s) 'example_nested_branch_dag' retrieved from /home/acer/.local/share/virtualenvs/custom_airflow-E5ZHcY_K/lib/python3.12/site-packages/airflow/example_dags/example_nested_branch_dag.py
[2024-07-06T16:27:09.566+0700] {logging_mixin.py:188} INFO - [2024-07-06T16:27:09.566+0700] {dag.py:3096} INFO - Sync 1 DAGs
[2024-07-06T16:27:09.587+0700] {logging_mixin.py:188} INFO - [2024-07-06T16:27:09.587+0700] {dag.py:3954} INFO - Setting next_dagrun for example_nested_branch_dag to 2024-07-05 00:00:00+00:00, run_after=2024-07-06 00:00:00+00:00
[2024-07-06T16:27:09.608+0700] {processor.py:183} INFO - Processing /home/acer/.local/share/virtualenvs/custom_airflow-E5ZHcY_K/lib/python3.12/site-packages/airflow/example_dags/example_nested_branch_dag.py took 0.078 seconds
[2024-07-06T16:27:58.028+0700] {processor.py:161} INFO - Started process (PID=60591) to work on /home/acer/.local/share/virtualenvs/custom_airflow-E5ZHcY_K/lib/python3.12/site-packages/airflow/example_dags/example_nested_branch_dag.py
[2024-07-06T16:27:58.031+0700] {processor.py:830} INFO - Processing file /home/acer/.local/share/virtualenvs/custom_airflow-E5ZHcY_K/lib/python3.12/site-packages/airflow/example_dags/example_nested_branch_dag.py for tasks to queue
[2024-07-06T16:27:58.034+0700] {logging_mixin.py:188} INFO - [2024-07-06T16:27:58.034+0700] {dagbag.py:545} INFO - Filling up the DagBag from /home/acer/.local/share/virtualenvs/custom_airflow-E5ZHcY_K/lib/python3.12/site-packages/airflow/example_dags/example_nested_branch_dag.py
[2024-07-06T16:27:58.049+0700] {processor.py:840} INFO - DAG(s) 'example_nested_branch_dag' retrieved from /home/acer/.local/share/virtualenvs/custom_airflow-E5ZHcY_K/lib/python3.12/site-packages/airflow/example_dags/example_nested_branch_dag.py
[2024-07-06T16:27:58.067+0700] {logging_mixin.py:188} INFO - [2024-07-06T16:27:58.066+0700] {dag.py:3096} INFO - Sync 1 DAGs
[2024-07-06T16:27:58.088+0700] {logging_mixin.py:188} INFO - [2024-07-06T16:27:58.088+0700] {dag.py:3954} INFO - Setting next_dagrun for example_nested_branch_dag to 2024-07-05 00:00:00+00:00, run_after=2024-07-06 00:00:00+00:00
[2024-07-06T16:27:58.110+0700] {processor.py:183} INFO - Processing /home/acer/.local/share/virtualenvs/custom_airflow-E5ZHcY_K/lib/python3.12/site-packages/airflow/example_dags/example_nested_branch_dag.py took 0.102 seconds
[2024-07-06T16:28:44.724+0700] {processor.py:161} INFO - Started process (PID=60811) to work on /home/acer/.local/share/virtualenvs/custom_airflow-E5ZHcY_K/lib/python3.12/site-packages/airflow/example_dags/example_nested_branch_dag.py
[2024-07-06T16:28:44.725+0700] {processor.py:830} INFO - Processing file /home/acer/.local/share/virtualenvs/custom_airflow-E5ZHcY_K/lib/python3.12/site-packages/airflow/example_dags/example_nested_branch_dag.py for tasks to queue
[2024-07-06T16:28:44.727+0700] {logging_mixin.py:188} INFO - [2024-07-06T16:28:44.726+0700] {dagbag.py:545} INFO - Filling up the DagBag from /home/acer/.local/share/virtualenvs/custom_airflow-E5ZHcY_K/lib/python3.12/site-packages/airflow/example_dags/example_nested_branch_dag.py
[2024-07-06T16:28:44.737+0700] {processor.py:840} INFO - DAG(s) 'example_nested_branch_dag' retrieved from /home/acer/.local/share/virtualenvs/custom_airflow-E5ZHcY_K/lib/python3.12/site-packages/airflow/example_dags/example_nested_branch_dag.py
[2024-07-06T16:28:44.754+0700] {logging_mixin.py:188} INFO - [2024-07-06T16:28:44.754+0700] {dag.py:3096} INFO - Sync 1 DAGs
[2024-07-06T16:28:44.776+0700] {logging_mixin.py:188} INFO - [2024-07-06T16:28:44.775+0700] {dag.py:3954} INFO - Setting next_dagrun for example_nested_branch_dag to 2024-07-05 00:00:00+00:00, run_after=2024-07-06 00:00:00+00:00
[2024-07-06T16:28:44.796+0700] {processor.py:183} INFO - Processing /home/acer/.local/share/virtualenvs/custom_airflow-E5ZHcY_K/lib/python3.12/site-packages/airflow/example_dags/example_nested_branch_dag.py took 0.078 seconds
[2024-07-06T16:29:32.289+0700] {processor.py:161} INFO - Started process (PID=61047) to work on /home/acer/.local/share/virtualenvs/custom_airflow-E5ZHcY_K/lib/python3.12/site-packages/airflow/example_dags/example_nested_branch_dag.py
[2024-07-06T16:29:32.291+0700] {processor.py:830} INFO - Processing file /home/acer/.local/share/virtualenvs/custom_airflow-E5ZHcY_K/lib/python3.12/site-packages/airflow/example_dags/example_nested_branch_dag.py for tasks to queue
[2024-07-06T16:29:32.295+0700] {logging_mixin.py:188} INFO - [2024-07-06T16:29:32.294+0700] {dagbag.py:545} INFO - Filling up the DagBag from /home/acer/.local/share/virtualenvs/custom_airflow-E5ZHcY_K/lib/python3.12/site-packages/airflow/example_dags/example_nested_branch_dag.py
[2024-07-06T16:29:32.313+0700] {processor.py:840} INFO - DAG(s) 'example_nested_branch_dag' retrieved from /home/acer/.local/share/virtualenvs/custom_airflow-E5ZHcY_K/lib/python3.12/site-packages/airflow/example_dags/example_nested_branch_dag.py
[2024-07-06T16:29:32.332+0700] {logging_mixin.py:188} INFO - [2024-07-06T16:29:32.331+0700] {dag.py:3096} INFO - Sync 1 DAGs
[2024-07-06T16:29:32.353+0700] {logging_mixin.py:188} INFO - [2024-07-06T16:29:32.352+0700] {dag.py:3954} INFO - Setting next_dagrun for example_nested_branch_dag to 2024-07-05 00:00:00+00:00, run_after=2024-07-06 00:00:00+00:00
[2024-07-06T16:29:32.374+0700] {processor.py:183} INFO - Processing /home/acer/.local/share/virtualenvs/custom_airflow-E5ZHcY_K/lib/python3.12/site-packages/airflow/example_dags/example_nested_branch_dag.py took 0.097 seconds
[2024-07-06T16:30:20.012+0700] {processor.py:161} INFO - Started process (PID=61282) to work on /home/acer/.local/share/virtualenvs/custom_airflow-E5ZHcY_K/lib/python3.12/site-packages/airflow/example_dags/example_nested_branch_dag.py
[2024-07-06T16:30:20.015+0700] {processor.py:830} INFO - Processing file /home/acer/.local/share/virtualenvs/custom_airflow-E5ZHcY_K/lib/python3.12/site-packages/airflow/example_dags/example_nested_branch_dag.py for tasks to queue
[2024-07-06T16:30:20.019+0700] {logging_mixin.py:188} INFO - [2024-07-06T16:30:20.018+0700] {dagbag.py:545} INFO - Filling up the DagBag from /home/acer/.local/share/virtualenvs/custom_airflow-E5ZHcY_K/lib/python3.12/site-packages/airflow/example_dags/example_nested_branch_dag.py
[2024-07-06T16:30:20.035+0700] {processor.py:840} INFO - DAG(s) 'example_nested_branch_dag' retrieved from /home/acer/.local/share/virtualenvs/custom_airflow-E5ZHcY_K/lib/python3.12/site-packages/airflow/example_dags/example_nested_branch_dag.py
[2024-07-06T16:30:20.053+0700] {logging_mixin.py:188} INFO - [2024-07-06T16:30:20.052+0700] {dag.py:3096} INFO - Sync 1 DAGs
[2024-07-06T16:30:20.074+0700] {logging_mixin.py:188} INFO - [2024-07-06T16:30:20.074+0700] {dag.py:3954} INFO - Setting next_dagrun for example_nested_branch_dag to 2024-07-05 00:00:00+00:00, run_after=2024-07-06 00:00:00+00:00
[2024-07-06T16:30:20.095+0700] {processor.py:183} INFO - Processing /home/acer/.local/share/virtualenvs/custom_airflow-E5ZHcY_K/lib/python3.12/site-packages/airflow/example_dags/example_nested_branch_dag.py took 0.103 seconds
[2024-07-06T16:31:27.360+0700] {processor.py:161} INFO - Started process (PID=61662) to work on /home/acer/.local/share/virtualenvs/custom_airflow-E5ZHcY_K/lib/python3.12/site-packages/airflow/example_dags/example_nested_branch_dag.py
[2024-07-06T16:31:27.361+0700] {processor.py:830} INFO - Processing file /home/acer/.local/share/virtualenvs/custom_airflow-E5ZHcY_K/lib/python3.12/site-packages/airflow/example_dags/example_nested_branch_dag.py for tasks to queue
[2024-07-06T16:31:27.363+0700] {logging_mixin.py:188} INFO - [2024-07-06T16:31:27.362+0700] {dagbag.py:545} INFO - Filling up the DagBag from /home/acer/.local/share/virtualenvs/custom_airflow-E5ZHcY_K/lib/python3.12/site-packages/airflow/example_dags/example_nested_branch_dag.py
[2024-07-06T16:31:27.375+0700] {processor.py:840} INFO - DAG(s) 'example_nested_branch_dag' retrieved from /home/acer/.local/share/virtualenvs/custom_airflow-E5ZHcY_K/lib/python3.12/site-packages/airflow/example_dags/example_nested_branch_dag.py
[2024-07-06T16:31:27.394+0700] {logging_mixin.py:188} INFO - [2024-07-06T16:31:27.394+0700] {dag.py:3096} INFO - Sync 1 DAGs
[2024-07-06T16:31:27.416+0700] {logging_mixin.py:188} INFO - [2024-07-06T16:31:27.415+0700] {dag.py:3954} INFO - Setting next_dagrun for example_nested_branch_dag to 2024-07-05 00:00:00+00:00, run_after=2024-07-06 00:00:00+00:00
[2024-07-06T16:31:27.436+0700] {processor.py:183} INFO - Processing /home/acer/.local/share/virtualenvs/custom_airflow-E5ZHcY_K/lib/python3.12/site-packages/airflow/example_dags/example_nested_branch_dag.py took 0.082 seconds
[2024-07-06T16:32:36.303+0700] {processor.py:161} INFO - Started process (PID=62002) to work on /home/acer/.local/share/virtualenvs/custom_airflow-E5ZHcY_K/lib/python3.12/site-packages/airflow/example_dags/example_nested_branch_dag.py
[2024-07-06T16:32:36.304+0700] {processor.py:830} INFO - Processing file /home/acer/.local/share/virtualenvs/custom_airflow-E5ZHcY_K/lib/python3.12/site-packages/airflow/example_dags/example_nested_branch_dag.py for tasks to queue
[2024-07-06T16:32:36.306+0700] {logging_mixin.py:188} INFO - [2024-07-06T16:32:36.305+0700] {dagbag.py:545} INFO - Filling up the DagBag from /home/acer/.local/share/virtualenvs/custom_airflow-E5ZHcY_K/lib/python3.12/site-packages/airflow/example_dags/example_nested_branch_dag.py
[2024-07-06T16:32:36.316+0700] {processor.py:840} INFO - DAG(s) 'example_nested_branch_dag' retrieved from /home/acer/.local/share/virtualenvs/custom_airflow-E5ZHcY_K/lib/python3.12/site-packages/airflow/example_dags/example_nested_branch_dag.py
[2024-07-06T16:32:36.333+0700] {logging_mixin.py:188} INFO - [2024-07-06T16:32:36.333+0700] {dag.py:3096} INFO - Sync 1 DAGs
[2024-07-06T16:32:36.355+0700] {logging_mixin.py:188} INFO - [2024-07-06T16:32:36.354+0700] {dag.py:3954} INFO - Setting next_dagrun for example_nested_branch_dag to 2024-07-05 00:00:00+00:00, run_after=2024-07-06 00:00:00+00:00
[2024-07-06T16:32:36.376+0700] {processor.py:183} INFO - Processing /home/acer/.local/share/virtualenvs/custom_airflow-E5ZHcY_K/lib/python3.12/site-packages/airflow/example_dags/example_nested_branch_dag.py took 0.078 seconds
[2024-07-06T16:33:26.384+0700] {processor.py:161} INFO - Started process (PID=62269) to work on /home/acer/.local/share/virtualenvs/custom_airflow-E5ZHcY_K/lib/python3.12/site-packages/airflow/example_dags/example_nested_branch_dag.py
[2024-07-06T16:33:26.385+0700] {processor.py:830} INFO - Processing file /home/acer/.local/share/virtualenvs/custom_airflow-E5ZHcY_K/lib/python3.12/site-packages/airflow/example_dags/example_nested_branch_dag.py for tasks to queue
[2024-07-06T16:33:26.387+0700] {logging_mixin.py:188} INFO - [2024-07-06T16:33:26.386+0700] {dagbag.py:545} INFO - Filling up the DagBag from /home/acer/.local/share/virtualenvs/custom_airflow-E5ZHcY_K/lib/python3.12/site-packages/airflow/example_dags/example_nested_branch_dag.py
[2024-07-06T16:33:26.397+0700] {processor.py:840} INFO - DAG(s) 'example_nested_branch_dag' retrieved from /home/acer/.local/share/virtualenvs/custom_airflow-E5ZHcY_K/lib/python3.12/site-packages/airflow/example_dags/example_nested_branch_dag.py
[2024-07-06T16:33:26.414+0700] {logging_mixin.py:188} INFO - [2024-07-06T16:33:26.414+0700] {dag.py:3096} INFO - Sync 1 DAGs
[2024-07-06T16:33:26.435+0700] {logging_mixin.py:188} INFO - [2024-07-06T16:33:26.435+0700] {dag.py:3954} INFO - Setting next_dagrun for example_nested_branch_dag to 2024-07-05 00:00:00+00:00, run_after=2024-07-06 00:00:00+00:00
[2024-07-06T16:33:26.457+0700] {processor.py:183} INFO - Processing /home/acer/.local/share/virtualenvs/custom_airflow-E5ZHcY_K/lib/python3.12/site-packages/airflow/example_dags/example_nested_branch_dag.py took 0.078 seconds
[2024-07-06T16:34:33.815+0700] {processor.py:161} INFO - Started process (PID=62600) to work on /home/acer/.local/share/virtualenvs/custom_airflow-E5ZHcY_K/lib/python3.12/site-packages/airflow/example_dags/example_nested_branch_dag.py
[2024-07-06T16:34:33.816+0700] {processor.py:830} INFO - Processing file /home/acer/.local/share/virtualenvs/custom_airflow-E5ZHcY_K/lib/python3.12/site-packages/airflow/example_dags/example_nested_branch_dag.py for tasks to queue
[2024-07-06T16:34:33.818+0700] {logging_mixin.py:188} INFO - [2024-07-06T16:34:33.818+0700] {dagbag.py:545} INFO - Filling up the DagBag from /home/acer/.local/share/virtualenvs/custom_airflow-E5ZHcY_K/lib/python3.12/site-packages/airflow/example_dags/example_nested_branch_dag.py
[2024-07-06T16:34:33.828+0700] {processor.py:840} INFO - DAG(s) 'example_nested_branch_dag' retrieved from /home/acer/.local/share/virtualenvs/custom_airflow-E5ZHcY_K/lib/python3.12/site-packages/airflow/example_dags/example_nested_branch_dag.py
[2024-07-06T16:34:33.847+0700] {logging_mixin.py:188} INFO - [2024-07-06T16:34:33.847+0700] {dag.py:3096} INFO - Sync 1 DAGs
[2024-07-06T16:34:33.869+0700] {logging_mixin.py:188} INFO - [2024-07-06T16:34:33.869+0700] {dag.py:3954} INFO - Setting next_dagrun for example_nested_branch_dag to 2024-07-05 00:00:00+00:00, run_after=2024-07-06 00:00:00+00:00
[2024-07-06T16:34:33.890+0700] {processor.py:183} INFO - Processing /home/acer/.local/share/virtualenvs/custom_airflow-E5ZHcY_K/lib/python3.12/site-packages/airflow/example_dags/example_nested_branch_dag.py took 0.080 seconds
[2024-07-06T16:35:22.821+0700] {processor.py:161} INFO - Started process (PID=62833) to work on /home/acer/.local/share/virtualenvs/custom_airflow-E5ZHcY_K/lib/python3.12/site-packages/airflow/example_dags/example_nested_branch_dag.py
[2024-07-06T16:35:22.822+0700] {processor.py:830} INFO - Processing file /home/acer/.local/share/virtualenvs/custom_airflow-E5ZHcY_K/lib/python3.12/site-packages/airflow/example_dags/example_nested_branch_dag.py for tasks to queue
[2024-07-06T16:35:22.824+0700] {logging_mixin.py:188} INFO - [2024-07-06T16:35:22.824+0700] {dagbag.py:545} INFO - Filling up the DagBag from /home/acer/.local/share/virtualenvs/custom_airflow-E5ZHcY_K/lib/python3.12/site-packages/airflow/example_dags/example_nested_branch_dag.py
[2024-07-06T16:35:22.836+0700] {processor.py:840} INFO - DAG(s) 'example_nested_branch_dag' retrieved from /home/acer/.local/share/virtualenvs/custom_airflow-E5ZHcY_K/lib/python3.12/site-packages/airflow/example_dags/example_nested_branch_dag.py
[2024-07-06T16:35:22.855+0700] {logging_mixin.py:188} INFO - [2024-07-06T16:35:22.855+0700] {dag.py:3096} INFO - Sync 1 DAGs
[2024-07-06T16:35:22.878+0700] {logging_mixin.py:188} INFO - [2024-07-06T16:35:22.877+0700] {dag.py:3954} INFO - Setting next_dagrun for example_nested_branch_dag to 2024-07-05 00:00:00+00:00, run_after=2024-07-06 00:00:00+00:00
[2024-07-06T16:35:22.899+0700] {processor.py:183} INFO - Processing /home/acer/.local/share/virtualenvs/custom_airflow-E5ZHcY_K/lib/python3.12/site-packages/airflow/example_dags/example_nested_branch_dag.py took 0.085 seconds
[2024-07-06T16:36:10.358+0700] {processor.py:161} INFO - Started process (PID=63137) to work on /home/acer/.local/share/virtualenvs/custom_airflow-E5ZHcY_K/lib/python3.12/site-packages/airflow/example_dags/example_nested_branch_dag.py
[2024-07-06T16:36:10.359+0700] {processor.py:830} INFO - Processing file /home/acer/.local/share/virtualenvs/custom_airflow-E5ZHcY_K/lib/python3.12/site-packages/airflow/example_dags/example_nested_branch_dag.py for tasks to queue
[2024-07-06T16:36:10.362+0700] {logging_mixin.py:188} INFO - [2024-07-06T16:36:10.361+0700] {dagbag.py:545} INFO - Filling up the DagBag from /home/acer/.local/share/virtualenvs/custom_airflow-E5ZHcY_K/lib/python3.12/site-packages/airflow/example_dags/example_nested_branch_dag.py
[2024-07-06T16:36:10.379+0700] {processor.py:840} INFO - DAG(s) 'example_nested_branch_dag' retrieved from /home/acer/.local/share/virtualenvs/custom_airflow-E5ZHcY_K/lib/python3.12/site-packages/airflow/example_dags/example_nested_branch_dag.py
[2024-07-06T16:36:10.408+0700] {logging_mixin.py:188} INFO - [2024-07-06T16:36:10.407+0700] {dag.py:3096} INFO - Sync 1 DAGs
[2024-07-06T16:36:10.437+0700] {logging_mixin.py:188} INFO - [2024-07-06T16:36:10.437+0700] {dag.py:3954} INFO - Setting next_dagrun for example_nested_branch_dag to 2024-07-05 00:00:00+00:00, run_after=2024-07-06 00:00:00+00:00
[2024-07-06T16:36:10.562+0700] {processor.py:183} INFO - Processing /home/acer/.local/share/virtualenvs/custom_airflow-E5ZHcY_K/lib/python3.12/site-packages/airflow/example_dags/example_nested_branch_dag.py took 0.219 seconds
[2024-07-06T21:54:44.165+0700] {processor.py:161} INFO - Started process (PID=12006) to work on /home/acer/.local/share/virtualenvs/custom_airflow-E5ZHcY_K/lib/python3.12/site-packages/airflow/example_dags/example_nested_branch_dag.py
[2024-07-06T21:54:44.167+0700] {processor.py:830} INFO - Processing file /home/acer/.local/share/virtualenvs/custom_airflow-E5ZHcY_K/lib/python3.12/site-packages/airflow/example_dags/example_nested_branch_dag.py for tasks to queue
[2024-07-06T21:54:44.168+0700] {logging_mixin.py:188} INFO - [2024-07-06T21:54:44.168+0700] {dagbag.py:545} INFO - Filling up the DagBag from /home/acer/.local/share/virtualenvs/custom_airflow-E5ZHcY_K/lib/python3.12/site-packages/airflow/example_dags/example_nested_branch_dag.py
[2024-07-06T21:54:44.178+0700] {processor.py:840} INFO - DAG(s) 'example_nested_branch_dag' retrieved from /home/acer/.local/share/virtualenvs/custom_airflow-E5ZHcY_K/lib/python3.12/site-packages/airflow/example_dags/example_nested_branch_dag.py
[2024-07-06T21:54:44.197+0700] {logging_mixin.py:188} INFO - [2024-07-06T21:54:44.197+0700] {dag.py:3096} INFO - Sync 1 DAGs
[2024-07-06T21:54:44.219+0700] {logging_mixin.py:188} INFO - [2024-07-06T21:54:44.218+0700] {dag.py:3954} INFO - Setting next_dagrun for example_nested_branch_dag to 2024-07-05 00:00:00+00:00, run_after=2024-07-06 00:00:00+00:00
[2024-07-06T21:54:44.239+0700] {processor.py:183} INFO - Processing /home/acer/.local/share/virtualenvs/custom_airflow-E5ZHcY_K/lib/python3.12/site-packages/airflow/example_dags/example_nested_branch_dag.py took 0.079 seconds
[2024-07-06T21:55:40.049+0700] {processor.py:161} INFO - Started process (PID=12726) to work on /home/acer/.local/share/virtualenvs/custom_airflow-E5ZHcY_K/lib/python3.12/site-packages/airflow/example_dags/example_nested_branch_dag.py
[2024-07-06T21:55:40.051+0700] {processor.py:830} INFO - Processing file /home/acer/.local/share/virtualenvs/custom_airflow-E5ZHcY_K/lib/python3.12/site-packages/airflow/example_dags/example_nested_branch_dag.py for tasks to queue
[2024-07-06T21:55:40.054+0700] {logging_mixin.py:188} INFO - [2024-07-06T21:55:40.054+0700] {dagbag.py:545} INFO - Filling up the DagBag from /home/acer/.local/share/virtualenvs/custom_airflow-E5ZHcY_K/lib/python3.12/site-packages/airflow/example_dags/example_nested_branch_dag.py
[2024-07-06T21:55:40.065+0700] {processor.py:840} INFO - DAG(s) 'example_nested_branch_dag' retrieved from /home/acer/.local/share/virtualenvs/custom_airflow-E5ZHcY_K/lib/python3.12/site-packages/airflow/example_dags/example_nested_branch_dag.py
[2024-07-06T21:55:40.084+0700] {logging_mixin.py:188} INFO - [2024-07-06T21:55:40.084+0700] {dag.py:3096} INFO - Sync 1 DAGs
[2024-07-06T21:55:40.110+0700] {logging_mixin.py:188} INFO - [2024-07-06T21:55:40.110+0700] {dag.py:3954} INFO - Setting next_dagrun for example_nested_branch_dag to 2024-07-05 00:00:00+00:00, run_after=2024-07-06 00:00:00+00:00
[2024-07-06T21:55:40.147+0700] {processor.py:183} INFO - Processing /home/acer/.local/share/virtualenvs/custom_airflow-E5ZHcY_K/lib/python3.12/site-packages/airflow/example_dags/example_nested_branch_dag.py took 0.110 seconds
[2024-07-06T21:56:34.218+0700] {processor.py:161} INFO - Started process (PID=13270) to work on /home/acer/.local/share/virtualenvs/custom_airflow-E5ZHcY_K/lib/python3.12/site-packages/airflow/example_dags/example_nested_branch_dag.py
[2024-07-06T21:56:34.219+0700] {processor.py:830} INFO - Processing file /home/acer/.local/share/virtualenvs/custom_airflow-E5ZHcY_K/lib/python3.12/site-packages/airflow/example_dags/example_nested_branch_dag.py for tasks to queue
[2024-07-06T21:56:34.221+0700] {logging_mixin.py:188} INFO - [2024-07-06T21:56:34.220+0700] {dagbag.py:545} INFO - Filling up the DagBag from /home/acer/.local/share/virtualenvs/custom_airflow-E5ZHcY_K/lib/python3.12/site-packages/airflow/example_dags/example_nested_branch_dag.py
[2024-07-06T21:56:34.231+0700] {processor.py:840} INFO - DAG(s) 'example_nested_branch_dag' retrieved from /home/acer/.local/share/virtualenvs/custom_airflow-E5ZHcY_K/lib/python3.12/site-packages/airflow/example_dags/example_nested_branch_dag.py
[2024-07-06T21:56:34.248+0700] {logging_mixin.py:188} INFO - [2024-07-06T21:56:34.248+0700] {dag.py:3096} INFO - Sync 1 DAGs
[2024-07-06T21:56:34.269+0700] {logging_mixin.py:188} INFO - [2024-07-06T21:56:34.269+0700] {dag.py:3954} INFO - Setting next_dagrun for example_nested_branch_dag to 2024-07-05 00:00:00+00:00, run_after=2024-07-06 00:00:00+00:00
[2024-07-06T21:56:34.291+0700] {processor.py:183} INFO - Processing /home/acer/.local/share/virtualenvs/custom_airflow-E5ZHcY_K/lib/python3.12/site-packages/airflow/example_dags/example_nested_branch_dag.py took 0.078 seconds
[2024-07-06T21:57:26.651+0700] {processor.py:161} INFO - Started process (PID=13844) to work on /home/acer/.local/share/virtualenvs/custom_airflow-E5ZHcY_K/lib/python3.12/site-packages/airflow/example_dags/example_nested_branch_dag.py
[2024-07-06T21:57:26.652+0700] {processor.py:830} INFO - Processing file /home/acer/.local/share/virtualenvs/custom_airflow-E5ZHcY_K/lib/python3.12/site-packages/airflow/example_dags/example_nested_branch_dag.py for tasks to queue
[2024-07-06T21:57:26.654+0700] {logging_mixin.py:188} INFO - [2024-07-06T21:57:26.654+0700] {dagbag.py:545} INFO - Filling up the DagBag from /home/acer/.local/share/virtualenvs/custom_airflow-E5ZHcY_K/lib/python3.12/site-packages/airflow/example_dags/example_nested_branch_dag.py
[2024-07-06T21:57:26.669+0700] {processor.py:840} INFO - DAG(s) 'example_nested_branch_dag' retrieved from /home/acer/.local/share/virtualenvs/custom_airflow-E5ZHcY_K/lib/python3.12/site-packages/airflow/example_dags/example_nested_branch_dag.py
[2024-07-06T21:57:26.689+0700] {logging_mixin.py:188} INFO - [2024-07-06T21:57:26.689+0700] {dag.py:3096} INFO - Sync 1 DAGs
[2024-07-06T21:57:26.717+0700] {logging_mixin.py:188} INFO - [2024-07-06T21:57:26.717+0700] {dag.py:3954} INFO - Setting next_dagrun for example_nested_branch_dag to 2024-07-05 00:00:00+00:00, run_after=2024-07-06 00:00:00+00:00
[2024-07-06T21:57:26.738+0700] {processor.py:183} INFO - Processing /home/acer/.local/share/virtualenvs/custom_airflow-E5ZHcY_K/lib/python3.12/site-packages/airflow/example_dags/example_nested_branch_dag.py took 0.099 seconds
[2024-07-06T21:58:19.329+0700] {processor.py:161} INFO - Started process (PID=14165) to work on /home/acer/.local/share/virtualenvs/custom_airflow-E5ZHcY_K/lib/python3.12/site-packages/airflow/example_dags/example_nested_branch_dag.py
[2024-07-06T21:58:19.334+0700] {processor.py:830} INFO - Processing file /home/acer/.local/share/virtualenvs/custom_airflow-E5ZHcY_K/lib/python3.12/site-packages/airflow/example_dags/example_nested_branch_dag.py for tasks to queue
[2024-07-06T21:58:19.344+0700] {logging_mixin.py:188} INFO - [2024-07-06T21:58:19.341+0700] {dagbag.py:545} INFO - Filling up the DagBag from /home/acer/.local/share/virtualenvs/custom_airflow-E5ZHcY_K/lib/python3.12/site-packages/airflow/example_dags/example_nested_branch_dag.py
[2024-07-06T21:58:19.401+0700] {processor.py:840} INFO - DAG(s) 'example_nested_branch_dag' retrieved from /home/acer/.local/share/virtualenvs/custom_airflow-E5ZHcY_K/lib/python3.12/site-packages/airflow/example_dags/example_nested_branch_dag.py
[2024-07-06T21:58:19.433+0700] {logging_mixin.py:188} INFO - [2024-07-06T21:58:19.432+0700] {dag.py:3096} INFO - Sync 1 DAGs
[2024-07-06T21:58:19.464+0700] {logging_mixin.py:188} INFO - [2024-07-06T21:58:19.463+0700] {dag.py:3954} INFO - Setting next_dagrun for example_nested_branch_dag to 2024-07-05 00:00:00+00:00, run_after=2024-07-06 00:00:00+00:00
[2024-07-06T21:58:19.489+0700] {processor.py:183} INFO - Processing /home/acer/.local/share/virtualenvs/custom_airflow-E5ZHcY_K/lib/python3.12/site-packages/airflow/example_dags/example_nested_branch_dag.py took 0.186 seconds
[2024-07-06T21:59:10.920+0700] {processor.py:161} INFO - Started process (PID=14402) to work on /home/acer/.local/share/virtualenvs/custom_airflow-E5ZHcY_K/lib/python3.12/site-packages/airflow/example_dags/example_nested_branch_dag.py
[2024-07-06T21:59:10.921+0700] {processor.py:830} INFO - Processing file /home/acer/.local/share/virtualenvs/custom_airflow-E5ZHcY_K/lib/python3.12/site-packages/airflow/example_dags/example_nested_branch_dag.py for tasks to queue
[2024-07-06T21:59:10.923+0700] {logging_mixin.py:188} INFO - [2024-07-06T21:59:10.922+0700] {dagbag.py:545} INFO - Filling up the DagBag from /home/acer/.local/share/virtualenvs/custom_airflow-E5ZHcY_K/lib/python3.12/site-packages/airflow/example_dags/example_nested_branch_dag.py
[2024-07-06T21:59:10.933+0700] {processor.py:840} INFO - DAG(s) 'example_nested_branch_dag' retrieved from /home/acer/.local/share/virtualenvs/custom_airflow-E5ZHcY_K/lib/python3.12/site-packages/airflow/example_dags/example_nested_branch_dag.py
[2024-07-06T21:59:10.951+0700] {logging_mixin.py:188} INFO - [2024-07-06T21:59:10.951+0700] {dag.py:3096} INFO - Sync 1 DAGs
[2024-07-06T21:59:10.979+0700] {logging_mixin.py:188} INFO - [2024-07-06T21:59:10.979+0700] {dag.py:3954} INFO - Setting next_dagrun for example_nested_branch_dag to 2024-07-05 00:00:00+00:00, run_after=2024-07-06 00:00:00+00:00
[2024-07-06T21:59:11.001+0700] {processor.py:183} INFO - Processing /home/acer/.local/share/virtualenvs/custom_airflow-E5ZHcY_K/lib/python3.12/site-packages/airflow/example_dags/example_nested_branch_dag.py took 0.086 seconds
[2024-07-06T22:00:00.318+0700] {processor.py:161} INFO - Started process (PID=14767) to work on /home/acer/.local/share/virtualenvs/custom_airflow-E5ZHcY_K/lib/python3.12/site-packages/airflow/example_dags/example_nested_branch_dag.py
[2024-07-06T22:00:00.320+0700] {processor.py:830} INFO - Processing file /home/acer/.local/share/virtualenvs/custom_airflow-E5ZHcY_K/lib/python3.12/site-packages/airflow/example_dags/example_nested_branch_dag.py for tasks to queue
[2024-07-06T22:00:00.324+0700] {logging_mixin.py:188} INFO - [2024-07-06T22:00:00.323+0700] {dagbag.py:545} INFO - Filling up the DagBag from /home/acer/.local/share/virtualenvs/custom_airflow-E5ZHcY_K/lib/python3.12/site-packages/airflow/example_dags/example_nested_branch_dag.py
[2024-07-06T22:00:00.343+0700] {processor.py:840} INFO - DAG(s) 'example_nested_branch_dag' retrieved from /home/acer/.local/share/virtualenvs/custom_airflow-E5ZHcY_K/lib/python3.12/site-packages/airflow/example_dags/example_nested_branch_dag.py
[2024-07-06T22:00:00.361+0700] {logging_mixin.py:188} INFO - [2024-07-06T22:00:00.361+0700] {dag.py:3096} INFO - Sync 1 DAGs
[2024-07-06T22:00:00.382+0700] {logging_mixin.py:188} INFO - [2024-07-06T22:00:00.382+0700] {dag.py:3954} INFO - Setting next_dagrun for example_nested_branch_dag to 2024-07-05 00:00:00+00:00, run_after=2024-07-06 00:00:00+00:00
[2024-07-06T22:00:00.405+0700] {processor.py:183} INFO - Processing /home/acer/.local/share/virtualenvs/custom_airflow-E5ZHcY_K/lib/python3.12/site-packages/airflow/example_dags/example_nested_branch_dag.py took 0.106 seconds
[2024-07-06T22:00:53.223+0700] {processor.py:161} INFO - Started process (PID=15048) to work on /home/acer/.local/share/virtualenvs/custom_airflow-E5ZHcY_K/lib/python3.12/site-packages/airflow/example_dags/example_nested_branch_dag.py
[2024-07-06T22:00:53.224+0700] {processor.py:830} INFO - Processing file /home/acer/.local/share/virtualenvs/custom_airflow-E5ZHcY_K/lib/python3.12/site-packages/airflow/example_dags/example_nested_branch_dag.py for tasks to queue
[2024-07-06T22:00:53.227+0700] {logging_mixin.py:188} INFO - [2024-07-06T22:00:53.226+0700] {dagbag.py:545} INFO - Filling up the DagBag from /home/acer/.local/share/virtualenvs/custom_airflow-E5ZHcY_K/lib/python3.12/site-packages/airflow/example_dags/example_nested_branch_dag.py
[2024-07-06T22:00:53.239+0700] {processor.py:840} INFO - DAG(s) 'example_nested_branch_dag' retrieved from /home/acer/.local/share/virtualenvs/custom_airflow-E5ZHcY_K/lib/python3.12/site-packages/airflow/example_dags/example_nested_branch_dag.py
[2024-07-06T22:00:53.257+0700] {logging_mixin.py:188} INFO - [2024-07-06T22:00:53.256+0700] {dag.py:3096} INFO - Sync 1 DAGs
[2024-07-06T22:00:53.286+0700] {logging_mixin.py:188} INFO - [2024-07-06T22:00:53.286+0700] {dag.py:3954} INFO - Setting next_dagrun for example_nested_branch_dag to 2024-07-05 00:00:00+00:00, run_after=2024-07-06 00:00:00+00:00
[2024-07-06T22:00:53.309+0700] {processor.py:183} INFO - Processing /home/acer/.local/share/virtualenvs/custom_airflow-E5ZHcY_K/lib/python3.12/site-packages/airflow/example_dags/example_nested_branch_dag.py took 0.096 seconds
[2024-07-06T22:02:27.821+0700] {processor.py:161} INFO - Started process (PID=16186) to work on /home/acer/.local/share/virtualenvs/custom_airflow-E5ZHcY_K/lib/python3.12/site-packages/airflow/example_dags/example_nested_branch_dag.py
[2024-07-06T22:02:27.822+0700] {processor.py:830} INFO - Processing file /home/acer/.local/share/virtualenvs/custom_airflow-E5ZHcY_K/lib/python3.12/site-packages/airflow/example_dags/example_nested_branch_dag.py for tasks to queue
[2024-07-06T22:02:27.824+0700] {logging_mixin.py:188} INFO - [2024-07-06T22:02:27.824+0700] {dagbag.py:545} INFO - Filling up the DagBag from /home/acer/.local/share/virtualenvs/custom_airflow-E5ZHcY_K/lib/python3.12/site-packages/airflow/example_dags/example_nested_branch_dag.py
[2024-07-06T22:02:27.839+0700] {processor.py:840} INFO - DAG(s) 'example_nested_branch_dag' retrieved from /home/acer/.local/share/virtualenvs/custom_airflow-E5ZHcY_K/lib/python3.12/site-packages/airflow/example_dags/example_nested_branch_dag.py
[2024-07-06T22:02:27.856+0700] {logging_mixin.py:188} INFO - [2024-07-06T22:02:27.856+0700] {dag.py:3096} INFO - Sync 1 DAGs
[2024-07-06T22:02:27.878+0700] {logging_mixin.py:188} INFO - [2024-07-06T22:02:27.878+0700] {dag.py:3954} INFO - Setting next_dagrun for example_nested_branch_dag to 2024-07-05 00:00:00+00:00, run_after=2024-07-06 00:00:00+00:00
[2024-07-06T22:02:27.903+0700] {processor.py:183} INFO - Processing /home/acer/.local/share/virtualenvs/custom_airflow-E5ZHcY_K/lib/python3.12/site-packages/airflow/example_dags/example_nested_branch_dag.py took 0.090 seconds
[2024-07-06T22:03:22.244+0700] {processor.py:161} INFO - Started process (PID=16452) to work on /home/acer/.local/share/virtualenvs/custom_airflow-E5ZHcY_K/lib/python3.12/site-packages/airflow/example_dags/example_nested_branch_dag.py
[2024-07-06T22:03:22.245+0700] {processor.py:830} INFO - Processing file /home/acer/.local/share/virtualenvs/custom_airflow-E5ZHcY_K/lib/python3.12/site-packages/airflow/example_dags/example_nested_branch_dag.py for tasks to queue
[2024-07-06T22:03:22.249+0700] {logging_mixin.py:188} INFO - [2024-07-06T22:03:22.248+0700] {dagbag.py:545} INFO - Filling up the DagBag from /home/acer/.local/share/virtualenvs/custom_airflow-E5ZHcY_K/lib/python3.12/site-packages/airflow/example_dags/example_nested_branch_dag.py
[2024-07-06T22:03:22.263+0700] {processor.py:840} INFO - DAG(s) 'example_nested_branch_dag' retrieved from /home/acer/.local/share/virtualenvs/custom_airflow-E5ZHcY_K/lib/python3.12/site-packages/airflow/example_dags/example_nested_branch_dag.py
[2024-07-06T22:03:22.281+0700] {logging_mixin.py:188} INFO - [2024-07-06T22:03:22.281+0700] {dag.py:3096} INFO - Sync 1 DAGs
[2024-07-06T22:03:22.305+0700] {logging_mixin.py:188} INFO - [2024-07-06T22:03:22.304+0700] {dag.py:3954} INFO - Setting next_dagrun for example_nested_branch_dag to 2024-07-05 00:00:00+00:00, run_after=2024-07-06 00:00:00+00:00
[2024-07-06T22:03:22.327+0700] {processor.py:183} INFO - Processing /home/acer/.local/share/virtualenvs/custom_airflow-E5ZHcY_K/lib/python3.12/site-packages/airflow/example_dags/example_nested_branch_dag.py took 0.097 seconds
[2024-07-06T22:04:13.495+0700] {processor.py:161} INFO - Started process (PID=16763) to work on /home/acer/.local/share/virtualenvs/custom_airflow-E5ZHcY_K/lib/python3.12/site-packages/airflow/example_dags/example_nested_branch_dag.py
[2024-07-06T22:04:13.496+0700] {processor.py:830} INFO - Processing file /home/acer/.local/share/virtualenvs/custom_airflow-E5ZHcY_K/lib/python3.12/site-packages/airflow/example_dags/example_nested_branch_dag.py for tasks to queue
[2024-07-06T22:04:13.498+0700] {logging_mixin.py:188} INFO - [2024-07-06T22:04:13.498+0700] {dagbag.py:545} INFO - Filling up the DagBag from /home/acer/.local/share/virtualenvs/custom_airflow-E5ZHcY_K/lib/python3.12/site-packages/airflow/example_dags/example_nested_branch_dag.py
[2024-07-06T22:04:13.510+0700] {processor.py:840} INFO - DAG(s) 'example_nested_branch_dag' retrieved from /home/acer/.local/share/virtualenvs/custom_airflow-E5ZHcY_K/lib/python3.12/site-packages/airflow/example_dags/example_nested_branch_dag.py
[2024-07-06T22:04:13.529+0700] {logging_mixin.py:188} INFO - [2024-07-06T22:04:13.529+0700] {dag.py:3096} INFO - Sync 1 DAGs
[2024-07-06T22:04:13.551+0700] {logging_mixin.py:188} INFO - [2024-07-06T22:04:13.550+0700] {dag.py:3954} INFO - Setting next_dagrun for example_nested_branch_dag to 2024-07-05 00:00:00+00:00, run_after=2024-07-06 00:00:00+00:00
[2024-07-06T22:04:13.572+0700] {processor.py:183} INFO - Processing /home/acer/.local/share/virtualenvs/custom_airflow-E5ZHcY_K/lib/python3.12/site-packages/airflow/example_dags/example_nested_branch_dag.py took 0.083 seconds
[2024-07-06T22:05:33.949+0700] {processor.py:161} INFO - Started process (PID=17713) to work on /home/acer/.local/share/virtualenvs/custom_airflow-E5ZHcY_K/lib/python3.12/site-packages/airflow/example_dags/example_nested_branch_dag.py
[2024-07-06T22:05:33.952+0700] {processor.py:830} INFO - Processing file /home/acer/.local/share/virtualenvs/custom_airflow-E5ZHcY_K/lib/python3.12/site-packages/airflow/example_dags/example_nested_branch_dag.py for tasks to queue
[2024-07-06T22:05:33.959+0700] {logging_mixin.py:188} INFO - [2024-07-06T22:05:33.957+0700] {dagbag.py:545} INFO - Filling up the DagBag from /home/acer/.local/share/virtualenvs/custom_airflow-E5ZHcY_K/lib/python3.12/site-packages/airflow/example_dags/example_nested_branch_dag.py
[2024-07-06T22:05:33.982+0700] {processor.py:840} INFO - DAG(s) 'example_nested_branch_dag' retrieved from /home/acer/.local/share/virtualenvs/custom_airflow-E5ZHcY_K/lib/python3.12/site-packages/airflow/example_dags/example_nested_branch_dag.py
[2024-07-06T22:05:34.007+0700] {logging_mixin.py:188} INFO - [2024-07-06T22:05:34.007+0700] {dag.py:3096} INFO - Sync 1 DAGs
[2024-07-06T22:05:34.045+0700] {logging_mixin.py:188} INFO - [2024-07-06T22:05:34.045+0700] {dag.py:3954} INFO - Setting next_dagrun for example_nested_branch_dag to 2024-07-05 00:00:00+00:00, run_after=2024-07-06 00:00:00+00:00
[2024-07-06T22:05:34.082+0700] {processor.py:183} INFO - Processing /home/acer/.local/share/virtualenvs/custom_airflow-E5ZHcY_K/lib/python3.12/site-packages/airflow/example_dags/example_nested_branch_dag.py took 0.155 seconds
[2024-07-06T22:06:27.640+0700] {processor.py:161} INFO - Started process (PID=18097) to work on /home/acer/.local/share/virtualenvs/custom_airflow-E5ZHcY_K/lib/python3.12/site-packages/airflow/example_dags/example_nested_branch_dag.py
[2024-07-06T22:06:27.641+0700] {processor.py:830} INFO - Processing file /home/acer/.local/share/virtualenvs/custom_airflow-E5ZHcY_K/lib/python3.12/site-packages/airflow/example_dags/example_nested_branch_dag.py for tasks to queue
[2024-07-06T22:06:27.643+0700] {logging_mixin.py:188} INFO - [2024-07-06T22:06:27.642+0700] {dagbag.py:545} INFO - Filling up the DagBag from /home/acer/.local/share/virtualenvs/custom_airflow-E5ZHcY_K/lib/python3.12/site-packages/airflow/example_dags/example_nested_branch_dag.py
[2024-07-06T22:06:27.653+0700] {processor.py:840} INFO - DAG(s) 'example_nested_branch_dag' retrieved from /home/acer/.local/share/virtualenvs/custom_airflow-E5ZHcY_K/lib/python3.12/site-packages/airflow/example_dags/example_nested_branch_dag.py
[2024-07-06T22:06:27.670+0700] {logging_mixin.py:188} INFO - [2024-07-06T22:06:27.670+0700] {dag.py:3096} INFO - Sync 1 DAGs
[2024-07-06T22:06:27.692+0700] {logging_mixin.py:188} INFO - [2024-07-06T22:06:27.692+0700] {dag.py:3954} INFO - Setting next_dagrun for example_nested_branch_dag to 2024-07-05 00:00:00+00:00, run_after=2024-07-06 00:00:00+00:00
[2024-07-06T22:06:27.713+0700] {processor.py:183} INFO - Processing /home/acer/.local/share/virtualenvs/custom_airflow-E5ZHcY_K/lib/python3.12/site-packages/airflow/example_dags/example_nested_branch_dag.py took 0.079 seconds
[2024-07-06T22:07:21.554+0700] {processor.py:161} INFO - Started process (PID=18522) to work on /home/acer/.local/share/virtualenvs/custom_airflow-E5ZHcY_K/lib/python3.12/site-packages/airflow/example_dags/example_nested_branch_dag.py
[2024-07-06T22:07:21.558+0700] {processor.py:830} INFO - Processing file /home/acer/.local/share/virtualenvs/custom_airflow-E5ZHcY_K/lib/python3.12/site-packages/airflow/example_dags/example_nested_branch_dag.py for tasks to queue
[2024-07-06T22:07:21.561+0700] {logging_mixin.py:188} INFO - [2024-07-06T22:07:21.560+0700] {dagbag.py:545} INFO - Filling up the DagBag from /home/acer/.local/share/virtualenvs/custom_airflow-E5ZHcY_K/lib/python3.12/site-packages/airflow/example_dags/example_nested_branch_dag.py
[2024-07-06T22:07:21.579+0700] {processor.py:840} INFO - DAG(s) 'example_nested_branch_dag' retrieved from /home/acer/.local/share/virtualenvs/custom_airflow-E5ZHcY_K/lib/python3.12/site-packages/airflow/example_dags/example_nested_branch_dag.py
[2024-07-06T22:07:21.609+0700] {logging_mixin.py:188} INFO - [2024-07-06T22:07:21.608+0700] {dag.py:3096} INFO - Sync 1 DAGs
[2024-07-06T22:07:21.646+0700] {logging_mixin.py:188} INFO - [2024-07-06T22:07:21.645+0700] {dag.py:3954} INFO - Setting next_dagrun for example_nested_branch_dag to 2024-07-05 00:00:00+00:00, run_after=2024-07-06 00:00:00+00:00
[2024-07-06T22:07:21.681+0700] {processor.py:183} INFO - Processing /home/acer/.local/share/virtualenvs/custom_airflow-E5ZHcY_K/lib/python3.12/site-packages/airflow/example_dags/example_nested_branch_dag.py took 0.134 seconds
[2024-07-06T22:08:17.849+0700] {processor.py:161} INFO - Started process (PID=18822) to work on /home/acer/.local/share/virtualenvs/custom_airflow-E5ZHcY_K/lib/python3.12/site-packages/airflow/example_dags/example_nested_branch_dag.py
[2024-07-06T22:08:17.850+0700] {processor.py:830} INFO - Processing file /home/acer/.local/share/virtualenvs/custom_airflow-E5ZHcY_K/lib/python3.12/site-packages/airflow/example_dags/example_nested_branch_dag.py for tasks to queue
[2024-07-06T22:08:17.853+0700] {logging_mixin.py:188} INFO - [2024-07-06T22:08:17.852+0700] {dagbag.py:545} INFO - Filling up the DagBag from /home/acer/.local/share/virtualenvs/custom_airflow-E5ZHcY_K/lib/python3.12/site-packages/airflow/example_dags/example_nested_branch_dag.py
[2024-07-06T22:08:17.863+0700] {processor.py:840} INFO - DAG(s) 'example_nested_branch_dag' retrieved from /home/acer/.local/share/virtualenvs/custom_airflow-E5ZHcY_K/lib/python3.12/site-packages/airflow/example_dags/example_nested_branch_dag.py
[2024-07-06T22:08:17.881+0700] {logging_mixin.py:188} INFO - [2024-07-06T22:08:17.880+0700] {dag.py:3096} INFO - Sync 1 DAGs
[2024-07-06T22:08:17.903+0700] {logging_mixin.py:188} INFO - [2024-07-06T22:08:17.903+0700] {dag.py:3954} INFO - Setting next_dagrun for example_nested_branch_dag to 2024-07-05 00:00:00+00:00, run_after=2024-07-06 00:00:00+00:00
[2024-07-06T22:08:17.926+0700] {processor.py:183} INFO - Processing /home/acer/.local/share/virtualenvs/custom_airflow-E5ZHcY_K/lib/python3.12/site-packages/airflow/example_dags/example_nested_branch_dag.py took 0.082 seconds
[2024-07-06T22:09:12.665+0700] {processor.py:161} INFO - Started process (PID=19117) to work on /home/acer/.local/share/virtualenvs/custom_airflow-E5ZHcY_K/lib/python3.12/site-packages/airflow/example_dags/example_nested_branch_dag.py
[2024-07-06T22:09:12.667+0700] {processor.py:830} INFO - Processing file /home/acer/.local/share/virtualenvs/custom_airflow-E5ZHcY_K/lib/python3.12/site-packages/airflow/example_dags/example_nested_branch_dag.py for tasks to queue
[2024-07-06T22:09:12.672+0700] {logging_mixin.py:188} INFO - [2024-07-06T22:09:12.671+0700] {dagbag.py:545} INFO - Filling up the DagBag from /home/acer/.local/share/virtualenvs/custom_airflow-E5ZHcY_K/lib/python3.12/site-packages/airflow/example_dags/example_nested_branch_dag.py
[2024-07-06T22:09:12.687+0700] {processor.py:840} INFO - DAG(s) 'example_nested_branch_dag' retrieved from /home/acer/.local/share/virtualenvs/custom_airflow-E5ZHcY_K/lib/python3.12/site-packages/airflow/example_dags/example_nested_branch_dag.py
[2024-07-06T22:09:12.714+0700] {logging_mixin.py:188} INFO - [2024-07-06T22:09:12.713+0700] {dag.py:3096} INFO - Sync 1 DAGs
[2024-07-06T22:09:12.739+0700] {logging_mixin.py:188} INFO - [2024-07-06T22:09:12.739+0700] {dag.py:3954} INFO - Setting next_dagrun for example_nested_branch_dag to 2024-07-05 00:00:00+00:00, run_after=2024-07-06 00:00:00+00:00
[2024-07-06T22:09:12.769+0700] {processor.py:183} INFO - Processing /home/acer/.local/share/virtualenvs/custom_airflow-E5ZHcY_K/lib/python3.12/site-packages/airflow/example_dags/example_nested_branch_dag.py took 0.116 seconds
[2024-07-06T22:10:14.688+0700] {processor.py:161} INFO - Started process (PID=19435) to work on /home/acer/.local/share/virtualenvs/custom_airflow-E5ZHcY_K/lib/python3.12/site-packages/airflow/example_dags/example_nested_branch_dag.py
[2024-07-06T22:10:14.692+0700] {processor.py:830} INFO - Processing file /home/acer/.local/share/virtualenvs/custom_airflow-E5ZHcY_K/lib/python3.12/site-packages/airflow/example_dags/example_nested_branch_dag.py for tasks to queue
[2024-07-06T22:10:14.698+0700] {logging_mixin.py:188} INFO - [2024-07-06T22:10:14.696+0700] {dagbag.py:545} INFO - Filling up the DagBag from /home/acer/.local/share/virtualenvs/custom_airflow-E5ZHcY_K/lib/python3.12/site-packages/airflow/example_dags/example_nested_branch_dag.py
[2024-07-06T22:10:14.720+0700] {processor.py:840} INFO - DAG(s) 'example_nested_branch_dag' retrieved from /home/acer/.local/share/virtualenvs/custom_airflow-E5ZHcY_K/lib/python3.12/site-packages/airflow/example_dags/example_nested_branch_dag.py
[2024-07-06T22:10:14.744+0700] {logging_mixin.py:188} INFO - [2024-07-06T22:10:14.743+0700] {dag.py:3096} INFO - Sync 1 DAGs
[2024-07-06T22:10:14.773+0700] {logging_mixin.py:188} INFO - [2024-07-06T22:10:14.773+0700] {dag.py:3954} INFO - Setting next_dagrun for example_nested_branch_dag to 2024-07-05 00:00:00+00:00, run_after=2024-07-06 00:00:00+00:00
[2024-07-06T22:10:14.799+0700] {processor.py:183} INFO - Processing /home/acer/.local/share/virtualenvs/custom_airflow-E5ZHcY_K/lib/python3.12/site-packages/airflow/example_dags/example_nested_branch_dag.py took 0.137 seconds
[2024-07-06T22:11:19.301+0700] {processor.py:161} INFO - Started process (PID=19830) to work on /home/acer/.local/share/virtualenvs/custom_airflow-E5ZHcY_K/lib/python3.12/site-packages/airflow/example_dags/example_nested_branch_dag.py
[2024-07-06T22:11:19.307+0700] {processor.py:830} INFO - Processing file /home/acer/.local/share/virtualenvs/custom_airflow-E5ZHcY_K/lib/python3.12/site-packages/airflow/example_dags/example_nested_branch_dag.py for tasks to queue
[2024-07-06T22:11:19.311+0700] {logging_mixin.py:188} INFO - [2024-07-06T22:11:19.310+0700] {dagbag.py:545} INFO - Filling up the DagBag from /home/acer/.local/share/virtualenvs/custom_airflow-E5ZHcY_K/lib/python3.12/site-packages/airflow/example_dags/example_nested_branch_dag.py
[2024-07-06T22:11:19.333+0700] {processor.py:840} INFO - DAG(s) 'example_nested_branch_dag' retrieved from /home/acer/.local/share/virtualenvs/custom_airflow-E5ZHcY_K/lib/python3.12/site-packages/airflow/example_dags/example_nested_branch_dag.py
[2024-07-06T22:11:19.365+0700] {logging_mixin.py:188} INFO - [2024-07-06T22:11:19.365+0700] {dag.py:3096} INFO - Sync 1 DAGs
[2024-07-06T22:11:19.391+0700] {logging_mixin.py:188} INFO - [2024-07-06T22:11:19.391+0700] {dag.py:3954} INFO - Setting next_dagrun for example_nested_branch_dag to 2024-07-05 00:00:00+00:00, run_after=2024-07-06 00:00:00+00:00
[2024-07-06T22:11:19.419+0700] {processor.py:183} INFO - Processing /home/acer/.local/share/virtualenvs/custom_airflow-E5ZHcY_K/lib/python3.12/site-packages/airflow/example_dags/example_nested_branch_dag.py took 0.135 seconds
[2024-07-06T22:12:18.175+0700] {processor.py:161} INFO - Started process (PID=20146) to work on /home/acer/.local/share/virtualenvs/custom_airflow-E5ZHcY_K/lib/python3.12/site-packages/airflow/example_dags/example_nested_branch_dag.py
[2024-07-06T22:12:18.176+0700] {processor.py:830} INFO - Processing file /home/acer/.local/share/virtualenvs/custom_airflow-E5ZHcY_K/lib/python3.12/site-packages/airflow/example_dags/example_nested_branch_dag.py for tasks to queue
[2024-07-06T22:12:18.178+0700] {logging_mixin.py:188} INFO - [2024-07-06T22:12:18.178+0700] {dagbag.py:545} INFO - Filling up the DagBag from /home/acer/.local/share/virtualenvs/custom_airflow-E5ZHcY_K/lib/python3.12/site-packages/airflow/example_dags/example_nested_branch_dag.py
[2024-07-06T22:12:18.191+0700] {processor.py:840} INFO - DAG(s) 'example_nested_branch_dag' retrieved from /home/acer/.local/share/virtualenvs/custom_airflow-E5ZHcY_K/lib/python3.12/site-packages/airflow/example_dags/example_nested_branch_dag.py
[2024-07-06T22:12:18.215+0700] {logging_mixin.py:188} INFO - [2024-07-06T22:12:18.214+0700] {dag.py:3096} INFO - Sync 1 DAGs
[2024-07-06T22:12:18.244+0700] {logging_mixin.py:188} INFO - [2024-07-06T22:12:18.243+0700] {dag.py:3954} INFO - Setting next_dagrun for example_nested_branch_dag to 2024-07-05 00:00:00+00:00, run_after=2024-07-06 00:00:00+00:00
[2024-07-06T22:12:18.271+0700] {processor.py:183} INFO - Processing /home/acer/.local/share/virtualenvs/custom_airflow-E5ZHcY_K/lib/python3.12/site-packages/airflow/example_dags/example_nested_branch_dag.py took 0.103 seconds
[2024-07-06T22:13:17.198+0700] {processor.py:161} INFO - Started process (PID=20532) to work on /home/acer/.local/share/virtualenvs/custom_airflow-E5ZHcY_K/lib/python3.12/site-packages/airflow/example_dags/example_nested_branch_dag.py
[2024-07-06T22:13:17.200+0700] {processor.py:830} INFO - Processing file /home/acer/.local/share/virtualenvs/custom_airflow-E5ZHcY_K/lib/python3.12/site-packages/airflow/example_dags/example_nested_branch_dag.py for tasks to queue
[2024-07-06T22:13:17.204+0700] {logging_mixin.py:188} INFO - [2024-07-06T22:13:17.203+0700] {dagbag.py:545} INFO - Filling up the DagBag from /home/acer/.local/share/virtualenvs/custom_airflow-E5ZHcY_K/lib/python3.12/site-packages/airflow/example_dags/example_nested_branch_dag.py
[2024-07-06T22:13:17.240+0700] {processor.py:840} INFO - DAG(s) 'example_nested_branch_dag' retrieved from /home/acer/.local/share/virtualenvs/custom_airflow-E5ZHcY_K/lib/python3.12/site-packages/airflow/example_dags/example_nested_branch_dag.py
[2024-07-06T22:13:17.279+0700] {logging_mixin.py:188} INFO - [2024-07-06T22:13:17.279+0700] {dag.py:3096} INFO - Sync 1 DAGs
[2024-07-06T22:13:17.311+0700] {logging_mixin.py:188} INFO - [2024-07-06T22:13:17.311+0700] {dag.py:3954} INFO - Setting next_dagrun for example_nested_branch_dag to 2024-07-05 00:00:00+00:00, run_after=2024-07-06 00:00:00+00:00
[2024-07-06T22:13:17.341+0700] {processor.py:183} INFO - Processing /home/acer/.local/share/virtualenvs/custom_airflow-E5ZHcY_K/lib/python3.12/site-packages/airflow/example_dags/example_nested_branch_dag.py took 0.161 seconds
[2024-07-06T22:14:17.832+0700] {processor.py:161} INFO - Started process (PID=20871) to work on /home/acer/.local/share/virtualenvs/custom_airflow-E5ZHcY_K/lib/python3.12/site-packages/airflow/example_dags/example_nested_branch_dag.py
[2024-07-06T22:14:17.833+0700] {processor.py:830} INFO - Processing file /home/acer/.local/share/virtualenvs/custom_airflow-E5ZHcY_K/lib/python3.12/site-packages/airflow/example_dags/example_nested_branch_dag.py for tasks to queue
[2024-07-06T22:14:17.836+0700] {logging_mixin.py:188} INFO - [2024-07-06T22:14:17.835+0700] {dagbag.py:545} INFO - Filling up the DagBag from /home/acer/.local/share/virtualenvs/custom_airflow-E5ZHcY_K/lib/python3.12/site-packages/airflow/example_dags/example_nested_branch_dag.py
[2024-07-06T22:14:17.853+0700] {processor.py:840} INFO - DAG(s) 'example_nested_branch_dag' retrieved from /home/acer/.local/share/virtualenvs/custom_airflow-E5ZHcY_K/lib/python3.12/site-packages/airflow/example_dags/example_nested_branch_dag.py
[2024-07-06T22:14:17.884+0700] {logging_mixin.py:188} INFO - [2024-07-06T22:14:17.884+0700] {dag.py:3096} INFO - Sync 1 DAGs
[2024-07-06T22:14:17.918+0700] {logging_mixin.py:188} INFO - [2024-07-06T22:14:17.918+0700] {dag.py:3954} INFO - Setting next_dagrun for example_nested_branch_dag to 2024-07-05 00:00:00+00:00, run_after=2024-07-06 00:00:00+00:00
[2024-07-06T22:14:17.953+0700] {processor.py:183} INFO - Processing /home/acer/.local/share/virtualenvs/custom_airflow-E5ZHcY_K/lib/python3.12/site-packages/airflow/example_dags/example_nested_branch_dag.py took 0.131 seconds
[2024-07-06T22:15:21.881+0700] {processor.py:161} INFO - Started process (PID=21254) to work on /home/acer/.local/share/virtualenvs/custom_airflow-E5ZHcY_K/lib/python3.12/site-packages/airflow/example_dags/example_nested_branch_dag.py
[2024-07-06T22:15:21.882+0700] {processor.py:830} INFO - Processing file /home/acer/.local/share/virtualenvs/custom_airflow-E5ZHcY_K/lib/python3.12/site-packages/airflow/example_dags/example_nested_branch_dag.py for tasks to queue
[2024-07-06T22:15:21.886+0700] {logging_mixin.py:188} INFO - [2024-07-06T22:15:21.885+0700] {dagbag.py:545} INFO - Filling up the DagBag from /home/acer/.local/share/virtualenvs/custom_airflow-E5ZHcY_K/lib/python3.12/site-packages/airflow/example_dags/example_nested_branch_dag.py
[2024-07-06T22:15:21.909+0700] {processor.py:840} INFO - DAG(s) 'example_nested_branch_dag' retrieved from /home/acer/.local/share/virtualenvs/custom_airflow-E5ZHcY_K/lib/python3.12/site-packages/airflow/example_dags/example_nested_branch_dag.py
[2024-07-06T22:15:21.950+0700] {logging_mixin.py:188} INFO - [2024-07-06T22:15:21.950+0700] {dag.py:3096} INFO - Sync 1 DAGs
[2024-07-06T22:15:21.996+0700] {logging_mixin.py:188} INFO - [2024-07-06T22:15:21.996+0700] {dag.py:3954} INFO - Setting next_dagrun for example_nested_branch_dag to 2024-07-05 00:00:00+00:00, run_after=2024-07-06 00:00:00+00:00
[2024-07-06T22:15:22.041+0700] {processor.py:183} INFO - Processing /home/acer/.local/share/virtualenvs/custom_airflow-E5ZHcY_K/lib/python3.12/site-packages/airflow/example_dags/example_nested_branch_dag.py took 0.168 seconds
[2024-07-06T22:16:20.540+0700] {processor.py:161} INFO - Started process (PID=21546) to work on /home/acer/.local/share/virtualenvs/custom_airflow-E5ZHcY_K/lib/python3.12/site-packages/airflow/example_dags/example_nested_branch_dag.py
[2024-07-06T22:16:20.541+0700] {processor.py:830} INFO - Processing file /home/acer/.local/share/virtualenvs/custom_airflow-E5ZHcY_K/lib/python3.12/site-packages/airflow/example_dags/example_nested_branch_dag.py for tasks to queue
[2024-07-06T22:16:20.545+0700] {logging_mixin.py:188} INFO - [2024-07-06T22:16:20.544+0700] {dagbag.py:545} INFO - Filling up the DagBag from /home/acer/.local/share/virtualenvs/custom_airflow-E5ZHcY_K/lib/python3.12/site-packages/airflow/example_dags/example_nested_branch_dag.py
[2024-07-06T22:16:20.565+0700] {processor.py:840} INFO - DAG(s) 'example_nested_branch_dag' retrieved from /home/acer/.local/share/virtualenvs/custom_airflow-E5ZHcY_K/lib/python3.12/site-packages/airflow/example_dags/example_nested_branch_dag.py
[2024-07-06T22:16:20.592+0700] {logging_mixin.py:188} INFO - [2024-07-06T22:16:20.591+0700] {dag.py:3096} INFO - Sync 1 DAGs
[2024-07-06T22:16:20.634+0700] {logging_mixin.py:188} INFO - [2024-07-06T22:16:20.634+0700] {dag.py:3954} INFO - Setting next_dagrun for example_nested_branch_dag to 2024-07-05 00:00:00+00:00, run_after=2024-07-06 00:00:00+00:00
[2024-07-06T22:16:20.777+0700] {processor.py:183} INFO - Processing /home/acer/.local/share/virtualenvs/custom_airflow-E5ZHcY_K/lib/python3.12/site-packages/airflow/example_dags/example_nested_branch_dag.py took 0.245 seconds
[2024-07-06T22:17:17.265+0700] {processor.py:161} INFO - Started process (PID=21852) to work on /home/acer/.local/share/virtualenvs/custom_airflow-E5ZHcY_K/lib/python3.12/site-packages/airflow/example_dags/example_nested_branch_dag.py
[2024-07-06T22:17:17.267+0700] {processor.py:830} INFO - Processing file /home/acer/.local/share/virtualenvs/custom_airflow-E5ZHcY_K/lib/python3.12/site-packages/airflow/example_dags/example_nested_branch_dag.py for tasks to queue
[2024-07-06T22:17:17.270+0700] {logging_mixin.py:188} INFO - [2024-07-06T22:17:17.269+0700] {dagbag.py:545} INFO - Filling up the DagBag from /home/acer/.local/share/virtualenvs/custom_airflow-E5ZHcY_K/lib/python3.12/site-packages/airflow/example_dags/example_nested_branch_dag.py
[2024-07-06T22:17:17.292+0700] {processor.py:840} INFO - DAG(s) 'example_nested_branch_dag' retrieved from /home/acer/.local/share/virtualenvs/custom_airflow-E5ZHcY_K/lib/python3.12/site-packages/airflow/example_dags/example_nested_branch_dag.py
[2024-07-06T22:17:17.314+0700] {logging_mixin.py:188} INFO - [2024-07-06T22:17:17.314+0700] {dag.py:3096} INFO - Sync 1 DAGs
[2024-07-06T22:17:17.344+0700] {logging_mixin.py:188} INFO - [2024-07-06T22:17:17.344+0700] {dag.py:3954} INFO - Setting next_dagrun for example_nested_branch_dag to 2024-07-05 00:00:00+00:00, run_after=2024-07-06 00:00:00+00:00
[2024-07-06T22:17:17.373+0700] {processor.py:183} INFO - Processing /home/acer/.local/share/virtualenvs/custom_airflow-E5ZHcY_K/lib/python3.12/site-packages/airflow/example_dags/example_nested_branch_dag.py took 0.119 seconds
[2024-07-06T22:18:20.113+0700] {processor.py:161} INFO - Started process (PID=22191) to work on /home/acer/.local/share/virtualenvs/custom_airflow-E5ZHcY_K/lib/python3.12/site-packages/airflow/example_dags/example_nested_branch_dag.py
[2024-07-06T22:18:20.119+0700] {processor.py:830} INFO - Processing file /home/acer/.local/share/virtualenvs/custom_airflow-E5ZHcY_K/lib/python3.12/site-packages/airflow/example_dags/example_nested_branch_dag.py for tasks to queue
[2024-07-06T22:18:20.122+0700] {logging_mixin.py:188} INFO - [2024-07-06T22:18:20.122+0700] {dagbag.py:545} INFO - Filling up the DagBag from /home/acer/.local/share/virtualenvs/custom_airflow-E5ZHcY_K/lib/python3.12/site-packages/airflow/example_dags/example_nested_branch_dag.py
[2024-07-06T22:18:20.140+0700] {processor.py:840} INFO - DAG(s) 'example_nested_branch_dag' retrieved from /home/acer/.local/share/virtualenvs/custom_airflow-E5ZHcY_K/lib/python3.12/site-packages/airflow/example_dags/example_nested_branch_dag.py
[2024-07-06T22:18:20.160+0700] {logging_mixin.py:188} INFO - [2024-07-06T22:18:20.160+0700] {dag.py:3096} INFO - Sync 1 DAGs
[2024-07-06T22:18:20.190+0700] {logging_mixin.py:188} INFO - [2024-07-06T22:18:20.190+0700] {dag.py:3954} INFO - Setting next_dagrun for example_nested_branch_dag to 2024-07-05 00:00:00+00:00, run_after=2024-07-06 00:00:00+00:00
[2024-07-06T22:18:20.221+0700] {processor.py:183} INFO - Processing /home/acer/.local/share/virtualenvs/custom_airflow-E5ZHcY_K/lib/python3.12/site-packages/airflow/example_dags/example_nested_branch_dag.py took 0.120 seconds
[2024-07-06T22:19:22.471+0700] {processor.py:161} INFO - Started process (PID=22546) to work on /home/acer/.local/share/virtualenvs/custom_airflow-E5ZHcY_K/lib/python3.12/site-packages/airflow/example_dags/example_nested_branch_dag.py
[2024-07-06T22:19:22.473+0700] {processor.py:830} INFO - Processing file /home/acer/.local/share/virtualenvs/custom_airflow-E5ZHcY_K/lib/python3.12/site-packages/airflow/example_dags/example_nested_branch_dag.py for tasks to queue
[2024-07-06T22:19:22.477+0700] {logging_mixin.py:188} INFO - [2024-07-06T22:19:22.476+0700] {dagbag.py:545} INFO - Filling up the DagBag from /home/acer/.local/share/virtualenvs/custom_airflow-E5ZHcY_K/lib/python3.12/site-packages/airflow/example_dags/example_nested_branch_dag.py
[2024-07-06T22:19:22.495+0700] {processor.py:840} INFO - DAG(s) 'example_nested_branch_dag' retrieved from /home/acer/.local/share/virtualenvs/custom_airflow-E5ZHcY_K/lib/python3.12/site-packages/airflow/example_dags/example_nested_branch_dag.py
[2024-07-06T22:19:22.526+0700] {logging_mixin.py:188} INFO - [2024-07-06T22:19:22.525+0700] {dag.py:3096} INFO - Sync 1 DAGs
[2024-07-06T22:19:22.568+0700] {logging_mixin.py:188} INFO - [2024-07-06T22:19:22.567+0700] {dag.py:3954} INFO - Setting next_dagrun for example_nested_branch_dag to 2024-07-05 00:00:00+00:00, run_after=2024-07-06 00:00:00+00:00
[2024-07-06T22:19:22.601+0700] {processor.py:183} INFO - Processing /home/acer/.local/share/virtualenvs/custom_airflow-E5ZHcY_K/lib/python3.12/site-packages/airflow/example_dags/example_nested_branch_dag.py took 0.138 seconds
[2024-07-06T22:20:23.466+0700] {processor.py:161} INFO - Started process (PID=22856) to work on /home/acer/.local/share/virtualenvs/custom_airflow-E5ZHcY_K/lib/python3.12/site-packages/airflow/example_dags/example_nested_branch_dag.py
[2024-07-06T22:20:23.468+0700] {processor.py:830} INFO - Processing file /home/acer/.local/share/virtualenvs/custom_airflow-E5ZHcY_K/lib/python3.12/site-packages/airflow/example_dags/example_nested_branch_dag.py for tasks to queue
[2024-07-06T22:20:23.471+0700] {logging_mixin.py:188} INFO - [2024-07-06T22:20:23.471+0700] {dagbag.py:545} INFO - Filling up the DagBag from /home/acer/.local/share/virtualenvs/custom_airflow-E5ZHcY_K/lib/python3.12/site-packages/airflow/example_dags/example_nested_branch_dag.py
[2024-07-06T22:20:23.489+0700] {processor.py:840} INFO - DAG(s) 'example_nested_branch_dag' retrieved from /home/acer/.local/share/virtualenvs/custom_airflow-E5ZHcY_K/lib/python3.12/site-packages/airflow/example_dags/example_nested_branch_dag.py
[2024-07-06T22:20:23.523+0700] {logging_mixin.py:188} INFO - [2024-07-06T22:20:23.522+0700] {dag.py:3096} INFO - Sync 1 DAGs
[2024-07-06T22:20:23.559+0700] {logging_mixin.py:188} INFO - [2024-07-06T22:20:23.559+0700] {dag.py:3954} INFO - Setting next_dagrun for example_nested_branch_dag to 2024-07-05 00:00:00+00:00, run_after=2024-07-06 00:00:00+00:00
[2024-07-06T22:20:23.690+0700] {processor.py:183} INFO - Processing /home/acer/.local/share/virtualenvs/custom_airflow-E5ZHcY_K/lib/python3.12/site-packages/airflow/example_dags/example_nested_branch_dag.py took 0.233 seconds
