[2024-07-06T16:09:06.748+0700] {processor.py:161} INFO - Started process (PID=51258) to work on /home/acer/.local/share/virtualenvs/custom_airflow-E5ZHcY_K/lib/python3.12/site-packages/airflow/example_dags/example_params_trigger_ui.py
[2024-07-06T16:09:06.749+0700] {processor.py:830} INFO - Processing file /home/acer/.local/share/virtualenvs/custom_airflow-E5ZHcY_K/lib/python3.12/site-packages/airflow/example_dags/example_params_trigger_ui.py for tasks to queue
[2024-07-06T16:09:06.750+0700] {logging_mixin.py:188} INFO - [2024-07-06T16:09:06.750+0700] {dagbag.py:545} INFO - Filling up the DagBag from /home/acer/.local/share/virtualenvs/custom_airflow-E5ZHcY_K/lib/python3.12/site-packages/airflow/example_dags/example_params_trigger_ui.py
[2024-07-06T16:09:06.766+0700] {processor.py:840} INFO - DAG(s) 'example_params_trigger_ui' retrieved from /home/acer/.local/share/virtualenvs/custom_airflow-E5ZHcY_K/lib/python3.12/site-packages/airflow/example_dags/example_params_trigger_ui.py
[2024-07-06T16:09:06.910+0700] {logging_mixin.py:188} INFO - [2024-07-06T16:09:06.909+0700] {override.py:1847} INFO - Created Permission View: can delete on DAG:example_params_trigger_ui
[2024-07-06T16:09:06.921+0700] {logging_mixin.py:188} INFO - [2024-07-06T16:09:06.921+0700] {override.py:1847} INFO - Created Permission View: can edit on DAG:example_params_trigger_ui
[2024-07-06T16:09:06.930+0700] {logging_mixin.py:188} INFO - [2024-07-06T16:09:06.929+0700] {override.py:1847} INFO - Created Permission View: can read on DAG:example_params_trigger_ui
[2024-07-06T16:09:06.930+0700] {logging_mixin.py:188} INFO - [2024-07-06T16:09:06.930+0700] {dag.py:3096} INFO - Sync 1 DAGs
[2024-07-06T16:09:06.941+0700] {logging_mixin.py:188} INFO - [2024-07-06T16:09:06.941+0700] {dag.py:3118} INFO - Creating ORM DAG for example_params_trigger_ui
[2024-07-06T16:09:06.941+0700] {logging_mixin.py:188} INFO - [2024-07-06T16:09:06.941+0700] {dag.py:3954} INFO - Setting next_dagrun for example_params_trigger_ui to None, run_after=None
[2024-07-06T16:09:06.967+0700] {processor.py:183} INFO - Processing /home/acer/.local/share/virtualenvs/custom_airflow-E5ZHcY_K/lib/python3.12/site-packages/airflow/example_dags/example_params_trigger_ui.py took 0.225 seconds
[2024-07-06T16:10:05.949+0700] {processor.py:161} INFO - Started process (PID=51651) to work on /home/acer/.local/share/virtualenvs/custom_airflow-E5ZHcY_K/lib/python3.12/site-packages/airflow/example_dags/example_params_trigger_ui.py
[2024-07-06T16:10:05.950+0700] {processor.py:830} INFO - Processing file /home/acer/.local/share/virtualenvs/custom_airflow-E5ZHcY_K/lib/python3.12/site-packages/airflow/example_dags/example_params_trigger_ui.py for tasks to queue
[2024-07-06T16:10:05.953+0700] {logging_mixin.py:188} INFO - [2024-07-06T16:10:05.953+0700] {dagbag.py:545} INFO - Filling up the DagBag from /home/acer/.local/share/virtualenvs/custom_airflow-E5ZHcY_K/lib/python3.12/site-packages/airflow/example_dags/example_params_trigger_ui.py
[2024-07-06T16:10:05.975+0700] {processor.py:840} INFO - DAG(s) 'example_params_trigger_ui' retrieved from /home/acer/.local/share/virtualenvs/custom_airflow-E5ZHcY_K/lib/python3.12/site-packages/airflow/example_dags/example_params_trigger_ui.py
[2024-07-06T16:10:06.022+0700] {logging_mixin.py:188} INFO - [2024-07-06T16:10:06.022+0700] {dag.py:3096} INFO - Sync 1 DAGs
[2024-07-06T16:10:06.034+0700] {logging_mixin.py:188} INFO - [2024-07-06T16:10:06.034+0700] {dag.py:3954} INFO - Setting next_dagrun for example_params_trigger_ui to None, run_after=None
[2024-07-06T16:10:06.056+0700] {processor.py:183} INFO - Processing /home/acer/.local/share/virtualenvs/custom_airflow-E5ZHcY_K/lib/python3.12/site-packages/airflow/example_dags/example_params_trigger_ui.py took 0.114 seconds
[2024-07-06T16:10:58.430+0700] {processor.py:161} INFO - Started process (PID=52283) to work on /home/acer/.local/share/virtualenvs/custom_airflow-E5ZHcY_K/lib/python3.12/site-packages/airflow/example_dags/example_params_trigger_ui.py
[2024-07-06T16:10:58.432+0700] {processor.py:830} INFO - Processing file /home/acer/.local/share/virtualenvs/custom_airflow-E5ZHcY_K/lib/python3.12/site-packages/airflow/example_dags/example_params_trigger_ui.py for tasks to queue
[2024-07-06T16:10:58.434+0700] {logging_mixin.py:188} INFO - [2024-07-06T16:10:58.433+0700] {dagbag.py:545} INFO - Filling up the DagBag from /home/acer/.local/share/virtualenvs/custom_airflow-E5ZHcY_K/lib/python3.12/site-packages/airflow/example_dags/example_params_trigger_ui.py
[2024-07-06T16:10:58.453+0700] {processor.py:840} INFO - DAG(s) 'example_params_trigger_ui' retrieved from /home/acer/.local/share/virtualenvs/custom_airflow-E5ZHcY_K/lib/python3.12/site-packages/airflow/example_dags/example_params_trigger_ui.py
[2024-07-06T16:10:58.503+0700] {logging_mixin.py:188} INFO - [2024-07-06T16:10:58.503+0700] {dag.py:3096} INFO - Sync 1 DAGs
[2024-07-06T16:10:58.518+0700] {logging_mixin.py:188} INFO - [2024-07-06T16:10:58.517+0700] {dag.py:3954} INFO - Setting next_dagrun for example_params_trigger_ui to None, run_after=None
[2024-07-06T16:10:58.546+0700] {processor.py:183} INFO - Processing /home/acer/.local/share/virtualenvs/custom_airflow-E5ZHcY_K/lib/python3.12/site-packages/airflow/example_dags/example_params_trigger_ui.py took 0.134 seconds
[2024-07-06T16:11:53.273+0700] {processor.py:161} INFO - Started process (PID=52588) to work on /home/acer/.local/share/virtualenvs/custom_airflow-E5ZHcY_K/lib/python3.12/site-packages/airflow/example_dags/example_params_trigger_ui.py
[2024-07-06T16:11:53.274+0700] {processor.py:830} INFO - Processing file /home/acer/.local/share/virtualenvs/custom_airflow-E5ZHcY_K/lib/python3.12/site-packages/airflow/example_dags/example_params_trigger_ui.py for tasks to queue
[2024-07-06T16:11:53.275+0700] {logging_mixin.py:188} INFO - [2024-07-06T16:11:53.274+0700] {dagbag.py:545} INFO - Filling up the DagBag from /home/acer/.local/share/virtualenvs/custom_airflow-E5ZHcY_K/lib/python3.12/site-packages/airflow/example_dags/example_params_trigger_ui.py
[2024-07-06T16:11:53.295+0700] {processor.py:840} INFO - DAG(s) 'example_params_trigger_ui' retrieved from /home/acer/.local/share/virtualenvs/custom_airflow-E5ZHcY_K/lib/python3.12/site-packages/airflow/example_dags/example_params_trigger_ui.py
[2024-07-06T16:11:53.352+0700] {logging_mixin.py:188} INFO - [2024-07-06T16:11:53.352+0700] {dag.py:3096} INFO - Sync 1 DAGs
[2024-07-06T16:11:53.365+0700] {logging_mixin.py:188} INFO - [2024-07-06T16:11:53.364+0700] {dag.py:3954} INFO - Setting next_dagrun for example_params_trigger_ui to None, run_after=None
[2024-07-06T16:11:53.389+0700] {processor.py:183} INFO - Processing /home/acer/.local/share/virtualenvs/custom_airflow-E5ZHcY_K/lib/python3.12/site-packages/airflow/example_dags/example_params_trigger_ui.py took 0.124 seconds
[2024-07-06T16:15:58.290+0700] {processor.py:161} INFO - Started process (PID=54870) to work on /home/acer/.local/share/virtualenvs/custom_airflow-E5ZHcY_K/lib/python3.12/site-packages/airflow/example_dags/example_params_trigger_ui.py
[2024-07-06T16:15:58.291+0700] {processor.py:830} INFO - Processing file /home/acer/.local/share/virtualenvs/custom_airflow-E5ZHcY_K/lib/python3.12/site-packages/airflow/example_dags/example_params_trigger_ui.py for tasks to queue
[2024-07-06T16:15:58.293+0700] {logging_mixin.py:188} INFO - [2024-07-06T16:15:58.293+0700] {dagbag.py:545} INFO - Filling up the DagBag from /home/acer/.local/share/virtualenvs/custom_airflow-E5ZHcY_K/lib/python3.12/site-packages/airflow/example_dags/example_params_trigger_ui.py
[2024-07-06T16:15:58.308+0700] {processor.py:840} INFO - DAG(s) 'example_params_trigger_ui' retrieved from /home/acer/.local/share/virtualenvs/custom_airflow-E5ZHcY_K/lib/python3.12/site-packages/airflow/example_dags/example_params_trigger_ui.py
[2024-07-06T16:15:58.460+0700] {logging_mixin.py:188} INFO - [2024-07-06T16:15:58.460+0700] {dag.py:3096} INFO - Sync 1 DAGs
[2024-07-06T16:15:58.470+0700] {logging_mixin.py:188} INFO - [2024-07-06T16:15:58.470+0700] {dag.py:3954} INFO - Setting next_dagrun for example_params_trigger_ui to None, run_after=None
[2024-07-06T16:15:58.491+0700] {processor.py:183} INFO - Processing /home/acer/.local/share/virtualenvs/custom_airflow-E5ZHcY_K/lib/python3.12/site-packages/airflow/example_dags/example_params_trigger_ui.py took 0.206 seconds
[2024-07-06T16:16:55.899+0700] {processor.py:161} INFO - Started process (PID=55418) to work on /home/acer/.local/share/virtualenvs/custom_airflow-E5ZHcY_K/lib/python3.12/site-packages/airflow/example_dags/example_params_trigger_ui.py
[2024-07-06T16:16:55.901+0700] {processor.py:830} INFO - Processing file /home/acer/.local/share/virtualenvs/custom_airflow-E5ZHcY_K/lib/python3.12/site-packages/airflow/example_dags/example_params_trigger_ui.py for tasks to queue
[2024-07-06T16:16:55.904+0700] {logging_mixin.py:188} INFO - [2024-07-06T16:16:55.904+0700] {dagbag.py:545} INFO - Filling up the DagBag from /home/acer/.local/share/virtualenvs/custom_airflow-E5ZHcY_K/lib/python3.12/site-packages/airflow/example_dags/example_params_trigger_ui.py
[2024-07-06T16:16:55.925+0700] {processor.py:840} INFO - DAG(s) 'example_params_trigger_ui' retrieved from /home/acer/.local/share/virtualenvs/custom_airflow-E5ZHcY_K/lib/python3.12/site-packages/airflow/example_dags/example_params_trigger_ui.py
[2024-07-06T16:16:55.988+0700] {logging_mixin.py:188} INFO - [2024-07-06T16:16:55.988+0700] {dag.py:3096} INFO - Sync 1 DAGs
[2024-07-06T16:16:56.002+0700] {logging_mixin.py:188} INFO - [2024-07-06T16:16:56.002+0700] {dag.py:3954} INFO - Setting next_dagrun for example_params_trigger_ui to None, run_after=None
[2024-07-06T16:16:56.028+0700] {processor.py:183} INFO - Processing /home/acer/.local/share/virtualenvs/custom_airflow-E5ZHcY_K/lib/python3.12/site-packages/airflow/example_dags/example_params_trigger_ui.py took 0.147 seconds
[2024-07-06T16:17:49.890+0700] {processor.py:161} INFO - Started process (PID=55811) to work on /home/acer/.local/share/virtualenvs/custom_airflow-E5ZHcY_K/lib/python3.12/site-packages/airflow/example_dags/example_params_trigger_ui.py
[2024-07-06T16:17:49.893+0700] {processor.py:830} INFO - Processing file /home/acer/.local/share/virtualenvs/custom_airflow-E5ZHcY_K/lib/python3.12/site-packages/airflow/example_dags/example_params_trigger_ui.py for tasks to queue
[2024-07-06T16:17:49.898+0700] {logging_mixin.py:188} INFO - [2024-07-06T16:17:49.897+0700] {dagbag.py:545} INFO - Filling up the DagBag from /home/acer/.local/share/virtualenvs/custom_airflow-E5ZHcY_K/lib/python3.12/site-packages/airflow/example_dags/example_params_trigger_ui.py
[2024-07-06T16:17:49.935+0700] {processor.py:840} INFO - DAG(s) 'example_params_trigger_ui' retrieved from /home/acer/.local/share/virtualenvs/custom_airflow-E5ZHcY_K/lib/python3.12/site-packages/airflow/example_dags/example_params_trigger_ui.py
[2024-07-06T16:17:49.985+0700] {logging_mixin.py:188} INFO - [2024-07-06T16:17:49.985+0700] {dag.py:3096} INFO - Sync 1 DAGs
[2024-07-06T16:17:49.997+0700] {logging_mixin.py:188} INFO - [2024-07-06T16:17:49.997+0700] {dag.py:3954} INFO - Setting next_dagrun for example_params_trigger_ui to None, run_after=None
[2024-07-06T16:17:50.018+0700] {processor.py:183} INFO - Processing /home/acer/.local/share/virtualenvs/custom_airflow-E5ZHcY_K/lib/python3.12/site-packages/airflow/example_dags/example_params_trigger_ui.py took 0.151 seconds
[2024-07-06T16:18:41.273+0700] {processor.py:161} INFO - Started process (PID=56069) to work on /home/acer/.local/share/virtualenvs/custom_airflow-E5ZHcY_K/lib/python3.12/site-packages/airflow/example_dags/example_params_trigger_ui.py
[2024-07-06T16:18:41.275+0700] {processor.py:830} INFO - Processing file /home/acer/.local/share/virtualenvs/custom_airflow-E5ZHcY_K/lib/python3.12/site-packages/airflow/example_dags/example_params_trigger_ui.py for tasks to queue
[2024-07-06T16:18:41.279+0700] {logging_mixin.py:188} INFO - [2024-07-06T16:18:41.278+0700] {dagbag.py:545} INFO - Filling up the DagBag from /home/acer/.local/share/virtualenvs/custom_airflow-E5ZHcY_K/lib/python3.12/site-packages/airflow/example_dags/example_params_trigger_ui.py
[2024-07-06T16:18:41.302+0700] {processor.py:840} INFO - DAG(s) 'example_params_trigger_ui' retrieved from /home/acer/.local/share/virtualenvs/custom_airflow-E5ZHcY_K/lib/python3.12/site-packages/airflow/example_dags/example_params_trigger_ui.py
[2024-07-06T16:18:41.361+0700] {logging_mixin.py:188} INFO - [2024-07-06T16:18:41.361+0700] {dag.py:3096} INFO - Sync 1 DAGs
[2024-07-06T16:18:41.377+0700] {logging_mixin.py:188} INFO - [2024-07-06T16:18:41.376+0700] {dag.py:3954} INFO - Setting next_dagrun for example_params_trigger_ui to None, run_after=None
[2024-07-06T16:18:41.401+0700] {processor.py:183} INFO - Processing /home/acer/.local/share/virtualenvs/custom_airflow-E5ZHcY_K/lib/python3.12/site-packages/airflow/example_dags/example_params_trigger_ui.py took 0.147 seconds
[2024-07-06T16:19:30.236+0700] {processor.py:161} INFO - Started process (PID=56462) to work on /home/acer/.local/share/virtualenvs/custom_airflow-E5ZHcY_K/lib/python3.12/site-packages/airflow/example_dags/example_params_trigger_ui.py
[2024-07-06T16:19:30.239+0700] {processor.py:830} INFO - Processing file /home/acer/.local/share/virtualenvs/custom_airflow-E5ZHcY_K/lib/python3.12/site-packages/airflow/example_dags/example_params_trigger_ui.py for tasks to queue
[2024-07-06T16:19:30.241+0700] {logging_mixin.py:188} INFO - [2024-07-06T16:19:30.241+0700] {dagbag.py:545} INFO - Filling up the DagBag from /home/acer/.local/share/virtualenvs/custom_airflow-E5ZHcY_K/lib/python3.12/site-packages/airflow/example_dags/example_params_trigger_ui.py
[2024-07-06T16:19:30.261+0700] {processor.py:840} INFO - DAG(s) 'example_params_trigger_ui' retrieved from /home/acer/.local/share/virtualenvs/custom_airflow-E5ZHcY_K/lib/python3.12/site-packages/airflow/example_dags/example_params_trigger_ui.py
[2024-07-06T16:19:30.320+0700] {logging_mixin.py:188} INFO - [2024-07-06T16:19:30.319+0700] {dag.py:3096} INFO - Sync 1 DAGs
[2024-07-06T16:19:30.333+0700] {logging_mixin.py:188} INFO - [2024-07-06T16:19:30.333+0700] {dag.py:3954} INFO - Setting next_dagrun for example_params_trigger_ui to None, run_after=None
[2024-07-06T16:19:30.360+0700] {processor.py:183} INFO - Processing /home/acer/.local/share/virtualenvs/custom_airflow-E5ZHcY_K/lib/python3.12/site-packages/airflow/example_dags/example_params_trigger_ui.py took 0.137 seconds
[2024-07-06T16:20:34.043+0700] {processor.py:161} INFO - Started process (PID=57153) to work on /home/acer/.local/share/virtualenvs/custom_airflow-E5ZHcY_K/lib/python3.12/site-packages/airflow/example_dags/example_params_trigger_ui.py
[2024-07-06T16:20:34.044+0700] {processor.py:830} INFO - Processing file /home/acer/.local/share/virtualenvs/custom_airflow-E5ZHcY_K/lib/python3.12/site-packages/airflow/example_dags/example_params_trigger_ui.py for tasks to queue
[2024-07-06T16:20:34.046+0700] {logging_mixin.py:188} INFO - [2024-07-06T16:20:34.046+0700] {dagbag.py:545} INFO - Filling up the DagBag from /home/acer/.local/share/virtualenvs/custom_airflow-E5ZHcY_K/lib/python3.12/site-packages/airflow/example_dags/example_params_trigger_ui.py
[2024-07-06T16:20:34.064+0700] {processor.py:840} INFO - DAG(s) 'example_params_trigger_ui' retrieved from /home/acer/.local/share/virtualenvs/custom_airflow-E5ZHcY_K/lib/python3.12/site-packages/airflow/example_dags/example_params_trigger_ui.py
[2024-07-06T16:20:34.122+0700] {logging_mixin.py:188} INFO - [2024-07-06T16:20:34.121+0700] {dag.py:3096} INFO - Sync 1 DAGs
[2024-07-06T16:20:34.137+0700] {logging_mixin.py:188} INFO - [2024-07-06T16:20:34.137+0700] {dag.py:3954} INFO - Setting next_dagrun for example_params_trigger_ui to None, run_after=None
[2024-07-06T16:20:34.164+0700] {processor.py:183} INFO - Processing /home/acer/.local/share/virtualenvs/custom_airflow-E5ZHcY_K/lib/python3.12/site-packages/airflow/example_dags/example_params_trigger_ui.py took 0.129 seconds
[2024-07-06T16:21:25.218+0700] {processor.py:161} INFO - Started process (PID=57555) to work on /home/acer/.local/share/virtualenvs/custom_airflow-E5ZHcY_K/lib/python3.12/site-packages/airflow/example_dags/example_params_trigger_ui.py
[2024-07-06T16:21:25.219+0700] {processor.py:830} INFO - Processing file /home/acer/.local/share/virtualenvs/custom_airflow-E5ZHcY_K/lib/python3.12/site-packages/airflow/example_dags/example_params_trigger_ui.py for tasks to queue
[2024-07-06T16:21:25.220+0700] {logging_mixin.py:188} INFO - [2024-07-06T16:21:25.220+0700] {dagbag.py:545} INFO - Filling up the DagBag from /home/acer/.local/share/virtualenvs/custom_airflow-E5ZHcY_K/lib/python3.12/site-packages/airflow/example_dags/example_params_trigger_ui.py
[2024-07-06T16:21:25.235+0700] {processor.py:840} INFO - DAG(s) 'example_params_trigger_ui' retrieved from /home/acer/.local/share/virtualenvs/custom_airflow-E5ZHcY_K/lib/python3.12/site-packages/airflow/example_dags/example_params_trigger_ui.py
[2024-07-06T16:21:25.285+0700] {logging_mixin.py:188} INFO - [2024-07-06T16:21:25.285+0700] {dag.py:3096} INFO - Sync 1 DAGs
[2024-07-06T16:21:25.301+0700] {logging_mixin.py:188} INFO - [2024-07-06T16:21:25.300+0700] {dag.py:3954} INFO - Setting next_dagrun for example_params_trigger_ui to None, run_after=None
[2024-07-06T16:21:25.322+0700] {processor.py:183} INFO - Processing /home/acer/.local/share/virtualenvs/custom_airflow-E5ZHcY_K/lib/python3.12/site-packages/airflow/example_dags/example_params_trigger_ui.py took 0.111 seconds
[2024-07-06T16:22:14.720+0700] {processor.py:161} INFO - Started process (PID=57856) to work on /home/acer/.local/share/virtualenvs/custom_airflow-E5ZHcY_K/lib/python3.12/site-packages/airflow/example_dags/example_params_trigger_ui.py
[2024-07-06T16:22:14.721+0700] {processor.py:830} INFO - Processing file /home/acer/.local/share/virtualenvs/custom_airflow-E5ZHcY_K/lib/python3.12/site-packages/airflow/example_dags/example_params_trigger_ui.py for tasks to queue
[2024-07-06T16:22:14.723+0700] {logging_mixin.py:188} INFO - [2024-07-06T16:22:14.722+0700] {dagbag.py:545} INFO - Filling up the DagBag from /home/acer/.local/share/virtualenvs/custom_airflow-E5ZHcY_K/lib/python3.12/site-packages/airflow/example_dags/example_params_trigger_ui.py
[2024-07-06T16:22:14.741+0700] {processor.py:840} INFO - DAG(s) 'example_params_trigger_ui' retrieved from /home/acer/.local/share/virtualenvs/custom_airflow-E5ZHcY_K/lib/python3.12/site-packages/airflow/example_dags/example_params_trigger_ui.py
[2024-07-06T16:22:14.790+0700] {logging_mixin.py:188} INFO - [2024-07-06T16:22:14.790+0700] {dag.py:3096} INFO - Sync 1 DAGs
[2024-07-06T16:22:14.802+0700] {logging_mixin.py:188} INFO - [2024-07-06T16:22:14.802+0700] {dag.py:3954} INFO - Setting next_dagrun for example_params_trigger_ui to None, run_after=None
[2024-07-06T16:22:14.838+0700] {processor.py:183} INFO - Processing /home/acer/.local/share/virtualenvs/custom_airflow-E5ZHcY_K/lib/python3.12/site-packages/airflow/example_dags/example_params_trigger_ui.py took 0.129 seconds
[2024-07-06T16:23:05.841+0700] {processor.py:161} INFO - Started process (PID=58176) to work on /home/acer/.local/share/virtualenvs/custom_airflow-E5ZHcY_K/lib/python3.12/site-packages/airflow/example_dags/example_params_trigger_ui.py
[2024-07-06T16:23:05.844+0700] {processor.py:830} INFO - Processing file /home/acer/.local/share/virtualenvs/custom_airflow-E5ZHcY_K/lib/python3.12/site-packages/airflow/example_dags/example_params_trigger_ui.py for tasks to queue
[2024-07-06T16:23:05.850+0700] {logging_mixin.py:188} INFO - [2024-07-06T16:23:05.849+0700] {dagbag.py:545} INFO - Filling up the DagBag from /home/acer/.local/share/virtualenvs/custom_airflow-E5ZHcY_K/lib/python3.12/site-packages/airflow/example_dags/example_params_trigger_ui.py
[2024-07-06T16:23:05.875+0700] {processor.py:840} INFO - DAG(s) 'example_params_trigger_ui' retrieved from /home/acer/.local/share/virtualenvs/custom_airflow-E5ZHcY_K/lib/python3.12/site-packages/airflow/example_dags/example_params_trigger_ui.py
[2024-07-06T16:23:05.927+0700] {logging_mixin.py:188} INFO - [2024-07-06T16:23:05.927+0700] {dag.py:3096} INFO - Sync 1 DAGs
[2024-07-06T16:23:05.941+0700] {logging_mixin.py:188} INFO - [2024-07-06T16:23:05.940+0700] {dag.py:3954} INFO - Setting next_dagrun for example_params_trigger_ui to None, run_after=None
[2024-07-06T16:23:05.966+0700] {processor.py:183} INFO - Processing /home/acer/.local/share/virtualenvs/custom_airflow-E5ZHcY_K/lib/python3.12/site-packages/airflow/example_dags/example_params_trigger_ui.py took 0.153 seconds
[2024-07-06T16:24:23.353+0700] {processor.py:161} INFO - Started process (PID=59248) to work on /home/acer/.local/share/virtualenvs/custom_airflow-E5ZHcY_K/lib/python3.12/site-packages/airflow/example_dags/example_params_trigger_ui.py
[2024-07-06T16:24:23.354+0700] {processor.py:830} INFO - Processing file /home/acer/.local/share/virtualenvs/custom_airflow-E5ZHcY_K/lib/python3.12/site-packages/airflow/example_dags/example_params_trigger_ui.py for tasks to queue
[2024-07-06T16:24:23.356+0700] {logging_mixin.py:188} INFO - [2024-07-06T16:24:23.355+0700] {dagbag.py:545} INFO - Filling up the DagBag from /home/acer/.local/share/virtualenvs/custom_airflow-E5ZHcY_K/lib/python3.12/site-packages/airflow/example_dags/example_params_trigger_ui.py
[2024-07-06T16:24:23.372+0700] {processor.py:840} INFO - DAG(s) 'example_params_trigger_ui' retrieved from /home/acer/.local/share/virtualenvs/custom_airflow-E5ZHcY_K/lib/python3.12/site-packages/airflow/example_dags/example_params_trigger_ui.py
[2024-07-06T16:24:23.433+0700] {logging_mixin.py:188} INFO - [2024-07-06T16:24:23.433+0700] {dag.py:3096} INFO - Sync 1 DAGs
[2024-07-06T16:24:23.448+0700] {logging_mixin.py:188} INFO - [2024-07-06T16:24:23.448+0700] {dag.py:3954} INFO - Setting next_dagrun for example_params_trigger_ui to None, run_after=None
[2024-07-06T16:24:23.472+0700] {processor.py:183} INFO - Processing /home/acer/.local/share/virtualenvs/custom_airflow-E5ZHcY_K/lib/python3.12/site-packages/airflow/example_dags/example_params_trigger_ui.py took 0.125 seconds
[2024-07-06T16:25:19.040+0700] {processor.py:161} INFO - Started process (PID=59582) to work on /home/acer/.local/share/virtualenvs/custom_airflow-E5ZHcY_K/lib/python3.12/site-packages/airflow/example_dags/example_params_trigger_ui.py
[2024-07-06T16:25:19.043+0700] {processor.py:830} INFO - Processing file /home/acer/.local/share/virtualenvs/custom_airflow-E5ZHcY_K/lib/python3.12/site-packages/airflow/example_dags/example_params_trigger_ui.py for tasks to queue
[2024-07-06T16:25:19.048+0700] {logging_mixin.py:188} INFO - [2024-07-06T16:25:19.047+0700] {dagbag.py:545} INFO - Filling up the DagBag from /home/acer/.local/share/virtualenvs/custom_airflow-E5ZHcY_K/lib/python3.12/site-packages/airflow/example_dags/example_params_trigger_ui.py
[2024-07-06T16:25:19.082+0700] {processor.py:840} INFO - DAG(s) 'example_params_trigger_ui' retrieved from /home/acer/.local/share/virtualenvs/custom_airflow-E5ZHcY_K/lib/python3.12/site-packages/airflow/example_dags/example_params_trigger_ui.py
[2024-07-06T16:25:19.133+0700] {logging_mixin.py:188} INFO - [2024-07-06T16:25:19.133+0700] {dag.py:3096} INFO - Sync 1 DAGs
[2024-07-06T16:25:19.145+0700] {logging_mixin.py:188} INFO - [2024-07-06T16:25:19.145+0700] {dag.py:3954} INFO - Setting next_dagrun for example_params_trigger_ui to None, run_after=None
[2024-07-06T16:25:19.166+0700] {processor.py:183} INFO - Processing /home/acer/.local/share/virtualenvs/custom_airflow-E5ZHcY_K/lib/python3.12/site-packages/airflow/example_dags/example_params_trigger_ui.py took 0.146 seconds
[2024-07-06T16:26:14.909+0700] {processor.py:161} INFO - Started process (PID=60046) to work on /home/acer/.local/share/virtualenvs/custom_airflow-E5ZHcY_K/lib/python3.12/site-packages/airflow/example_dags/example_params_trigger_ui.py
[2024-07-06T16:26:14.909+0700] {processor.py:830} INFO - Processing file /home/acer/.local/share/virtualenvs/custom_airflow-E5ZHcY_K/lib/python3.12/site-packages/airflow/example_dags/example_params_trigger_ui.py for tasks to queue
[2024-07-06T16:26:14.911+0700] {logging_mixin.py:188} INFO - [2024-07-06T16:26:14.911+0700] {dagbag.py:545} INFO - Filling up the DagBag from /home/acer/.local/share/virtualenvs/custom_airflow-E5ZHcY_K/lib/python3.12/site-packages/airflow/example_dags/example_params_trigger_ui.py
[2024-07-06T16:26:14.925+0700] {processor.py:840} INFO - DAG(s) 'example_params_trigger_ui' retrieved from /home/acer/.local/share/virtualenvs/custom_airflow-E5ZHcY_K/lib/python3.12/site-packages/airflow/example_dags/example_params_trigger_ui.py
[2024-07-06T16:26:14.973+0700] {logging_mixin.py:188} INFO - [2024-07-06T16:26:14.972+0700] {dag.py:3096} INFO - Sync 1 DAGs
[2024-07-06T16:26:14.985+0700] {logging_mixin.py:188} INFO - [2024-07-06T16:26:14.985+0700] {dag.py:3954} INFO - Setting next_dagrun for example_params_trigger_ui to None, run_after=None
[2024-07-06T16:26:15.006+0700] {processor.py:183} INFO - Processing /home/acer/.local/share/virtualenvs/custom_airflow-E5ZHcY_K/lib/python3.12/site-packages/airflow/example_dags/example_params_trigger_ui.py took 0.102 seconds
[2024-07-06T16:27:04.861+0700] {processor.py:161} INFO - Started process (PID=60303) to work on /home/acer/.local/share/virtualenvs/custom_airflow-E5ZHcY_K/lib/python3.12/site-packages/airflow/example_dags/example_params_trigger_ui.py
[2024-07-06T16:27:04.862+0700] {processor.py:830} INFO - Processing file /home/acer/.local/share/virtualenvs/custom_airflow-E5ZHcY_K/lib/python3.12/site-packages/airflow/example_dags/example_params_trigger_ui.py for tasks to queue
[2024-07-06T16:27:04.865+0700] {logging_mixin.py:188} INFO - [2024-07-06T16:27:04.864+0700] {dagbag.py:545} INFO - Filling up the DagBag from /home/acer/.local/share/virtualenvs/custom_airflow-E5ZHcY_K/lib/python3.12/site-packages/airflow/example_dags/example_params_trigger_ui.py
[2024-07-06T16:27:04.878+0700] {processor.py:840} INFO - DAG(s) 'example_params_trigger_ui' retrieved from /home/acer/.local/share/virtualenvs/custom_airflow-E5ZHcY_K/lib/python3.12/site-packages/airflow/example_dags/example_params_trigger_ui.py
[2024-07-06T16:27:04.925+0700] {logging_mixin.py:188} INFO - [2024-07-06T16:27:04.925+0700] {dag.py:3096} INFO - Sync 1 DAGs
[2024-07-06T16:27:04.937+0700] {logging_mixin.py:188} INFO - [2024-07-06T16:27:04.937+0700] {dag.py:3954} INFO - Setting next_dagrun for example_params_trigger_ui to None, run_after=None
[2024-07-06T16:27:04.959+0700] {processor.py:183} INFO - Processing /home/acer/.local/share/virtualenvs/custom_airflow-E5ZHcY_K/lib/python3.12/site-packages/airflow/example_dags/example_params_trigger_ui.py took 0.103 seconds
[2024-07-06T16:27:54.206+0700] {processor.py:161} INFO - Started process (PID=60566) to work on /home/acer/.local/share/virtualenvs/custom_airflow-E5ZHcY_K/lib/python3.12/site-packages/airflow/example_dags/example_params_trigger_ui.py
[2024-07-06T16:27:54.208+0700] {processor.py:830} INFO - Processing file /home/acer/.local/share/virtualenvs/custom_airflow-E5ZHcY_K/lib/python3.12/site-packages/airflow/example_dags/example_params_trigger_ui.py for tasks to queue
[2024-07-06T16:27:54.212+0700] {logging_mixin.py:188} INFO - [2024-07-06T16:27:54.211+0700] {dagbag.py:545} INFO - Filling up the DagBag from /home/acer/.local/share/virtualenvs/custom_airflow-E5ZHcY_K/lib/python3.12/site-packages/airflow/example_dags/example_params_trigger_ui.py
[2024-07-06T16:27:54.233+0700] {processor.py:840} INFO - DAG(s) 'example_params_trigger_ui' retrieved from /home/acer/.local/share/virtualenvs/custom_airflow-E5ZHcY_K/lib/python3.12/site-packages/airflow/example_dags/example_params_trigger_ui.py
[2024-07-06T16:27:54.279+0700] {logging_mixin.py:188} INFO - [2024-07-06T16:27:54.279+0700] {dag.py:3096} INFO - Sync 1 DAGs
[2024-07-06T16:27:54.292+0700] {logging_mixin.py:188} INFO - [2024-07-06T16:27:54.291+0700] {dag.py:3954} INFO - Setting next_dagrun for example_params_trigger_ui to None, run_after=None
[2024-07-06T16:27:54.313+0700] {processor.py:183} INFO - Processing /home/acer/.local/share/virtualenvs/custom_airflow-E5ZHcY_K/lib/python3.12/site-packages/airflow/example_dags/example_params_trigger_ui.py took 0.119 seconds
[2024-07-06T16:28:39.470+0700] {processor.py:161} INFO - Started process (PID=60788) to work on /home/acer/.local/share/virtualenvs/custom_airflow-E5ZHcY_K/lib/python3.12/site-packages/airflow/example_dags/example_params_trigger_ui.py
[2024-07-06T16:28:39.471+0700] {processor.py:830} INFO - Processing file /home/acer/.local/share/virtualenvs/custom_airflow-E5ZHcY_K/lib/python3.12/site-packages/airflow/example_dags/example_params_trigger_ui.py for tasks to queue
[2024-07-06T16:28:39.472+0700] {logging_mixin.py:188} INFO - [2024-07-06T16:28:39.472+0700] {dagbag.py:545} INFO - Filling up the DagBag from /home/acer/.local/share/virtualenvs/custom_airflow-E5ZHcY_K/lib/python3.12/site-packages/airflow/example_dags/example_params_trigger_ui.py
[2024-07-06T16:28:39.486+0700] {processor.py:840} INFO - DAG(s) 'example_params_trigger_ui' retrieved from /home/acer/.local/share/virtualenvs/custom_airflow-E5ZHcY_K/lib/python3.12/site-packages/airflow/example_dags/example_params_trigger_ui.py
[2024-07-06T16:28:39.533+0700] {logging_mixin.py:188} INFO - [2024-07-06T16:28:39.532+0700] {dag.py:3096} INFO - Sync 1 DAGs
[2024-07-06T16:28:39.545+0700] {logging_mixin.py:188} INFO - [2024-07-06T16:28:39.545+0700] {dag.py:3954} INFO - Setting next_dagrun for example_params_trigger_ui to None, run_after=None
[2024-07-06T16:28:39.574+0700] {processor.py:183} INFO - Processing /home/acer/.local/share/virtualenvs/custom_airflow-E5ZHcY_K/lib/python3.12/site-packages/airflow/example_dags/example_params_trigger_ui.py took 0.110 seconds
[2024-07-06T16:29:28.199+0700] {processor.py:161} INFO - Started process (PID=61028) to work on /home/acer/.local/share/virtualenvs/custom_airflow-E5ZHcY_K/lib/python3.12/site-packages/airflow/example_dags/example_params_trigger_ui.py
[2024-07-06T16:29:28.201+0700] {processor.py:830} INFO - Processing file /home/acer/.local/share/virtualenvs/custom_airflow-E5ZHcY_K/lib/python3.12/site-packages/airflow/example_dags/example_params_trigger_ui.py for tasks to queue
[2024-07-06T16:29:28.205+0700] {logging_mixin.py:188} INFO - [2024-07-06T16:29:28.204+0700] {dagbag.py:545} INFO - Filling up the DagBag from /home/acer/.local/share/virtualenvs/custom_airflow-E5ZHcY_K/lib/python3.12/site-packages/airflow/example_dags/example_params_trigger_ui.py
[2024-07-06T16:29:28.223+0700] {processor.py:840} INFO - DAG(s) 'example_params_trigger_ui' retrieved from /home/acer/.local/share/virtualenvs/custom_airflow-E5ZHcY_K/lib/python3.12/site-packages/airflow/example_dags/example_params_trigger_ui.py
[2024-07-06T16:29:28.270+0700] {logging_mixin.py:188} INFO - [2024-07-06T16:29:28.270+0700] {dag.py:3096} INFO - Sync 1 DAGs
[2024-07-06T16:29:28.282+0700] {logging_mixin.py:188} INFO - [2024-07-06T16:29:28.282+0700] {dag.py:3954} INFO - Setting next_dagrun for example_params_trigger_ui to None, run_after=None
[2024-07-06T16:29:28.302+0700] {processor.py:183} INFO - Processing /home/acer/.local/share/virtualenvs/custom_airflow-E5ZHcY_K/lib/python3.12/site-packages/airflow/example_dags/example_params_trigger_ui.py took 0.123 seconds
[2024-07-06T16:30:14.110+0700] {processor.py:161} INFO - Started process (PID=61253) to work on /home/acer/.local/share/virtualenvs/custom_airflow-E5ZHcY_K/lib/python3.12/site-packages/airflow/example_dags/example_params_trigger_ui.py
[2024-07-06T16:30:14.112+0700] {processor.py:830} INFO - Processing file /home/acer/.local/share/virtualenvs/custom_airflow-E5ZHcY_K/lib/python3.12/site-packages/airflow/example_dags/example_params_trigger_ui.py for tasks to queue
[2024-07-06T16:30:14.116+0700] {logging_mixin.py:188} INFO - [2024-07-06T16:30:14.115+0700] {dagbag.py:545} INFO - Filling up the DagBag from /home/acer/.local/share/virtualenvs/custom_airflow-E5ZHcY_K/lib/python3.12/site-packages/airflow/example_dags/example_params_trigger_ui.py
[2024-07-06T16:30:14.134+0700] {processor.py:840} INFO - DAG(s) 'example_params_trigger_ui' retrieved from /home/acer/.local/share/virtualenvs/custom_airflow-E5ZHcY_K/lib/python3.12/site-packages/airflow/example_dags/example_params_trigger_ui.py
[2024-07-06T16:30:14.181+0700] {logging_mixin.py:188} INFO - [2024-07-06T16:30:14.181+0700] {dag.py:3096} INFO - Sync 1 DAGs
[2024-07-06T16:30:14.193+0700] {logging_mixin.py:188} INFO - [2024-07-06T16:30:14.193+0700] {dag.py:3954} INFO - Setting next_dagrun for example_params_trigger_ui to None, run_after=None
[2024-07-06T16:30:14.214+0700] {processor.py:183} INFO - Processing /home/acer/.local/share/virtualenvs/custom_airflow-E5ZHcY_K/lib/python3.12/site-packages/airflow/example_dags/example_params_trigger_ui.py took 0.123 seconds
[2024-07-06T16:30:59.041+0700] {processor.py:161} INFO - Started process (PID=61519) to work on /home/acer/.local/share/virtualenvs/custom_airflow-E5ZHcY_K/lib/python3.12/site-packages/airflow/example_dags/example_params_trigger_ui.py
[2024-07-06T16:30:59.042+0700] {processor.py:830} INFO - Processing file /home/acer/.local/share/virtualenvs/custom_airflow-E5ZHcY_K/lib/python3.12/site-packages/airflow/example_dags/example_params_trigger_ui.py for tasks to queue
[2024-07-06T16:30:59.044+0700] {logging_mixin.py:188} INFO - [2024-07-06T16:30:59.043+0700] {dagbag.py:545} INFO - Filling up the DagBag from /home/acer/.local/share/virtualenvs/custom_airflow-E5ZHcY_K/lib/python3.12/site-packages/airflow/example_dags/example_params_trigger_ui.py
[2024-07-06T16:30:59.058+0700] {processor.py:840} INFO - DAG(s) 'example_params_trigger_ui' retrieved from /home/acer/.local/share/virtualenvs/custom_airflow-E5ZHcY_K/lib/python3.12/site-packages/airflow/example_dags/example_params_trigger_ui.py
[2024-07-06T16:30:59.105+0700] {logging_mixin.py:188} INFO - [2024-07-06T16:30:59.104+0700] {dag.py:3096} INFO - Sync 1 DAGs
[2024-07-06T16:30:59.117+0700] {logging_mixin.py:188} INFO - [2024-07-06T16:30:59.116+0700] {dag.py:3954} INFO - Setting next_dagrun for example_params_trigger_ui to None, run_after=None
[2024-07-06T16:30:59.138+0700] {processor.py:183} INFO - Processing /home/acer/.local/share/virtualenvs/custom_airflow-E5ZHcY_K/lib/python3.12/site-packages/airflow/example_dags/example_params_trigger_ui.py took 0.102 seconds
[2024-07-06T16:31:44.229+0700] {processor.py:161} INFO - Started process (PID=61740) to work on /home/acer/.local/share/virtualenvs/custom_airflow-E5ZHcY_K/lib/python3.12/site-packages/airflow/example_dags/example_params_trigger_ui.py
[2024-07-06T16:31:44.230+0700] {processor.py:830} INFO - Processing file /home/acer/.local/share/virtualenvs/custom_airflow-E5ZHcY_K/lib/python3.12/site-packages/airflow/example_dags/example_params_trigger_ui.py for tasks to queue
[2024-07-06T16:31:44.232+0700] {logging_mixin.py:188} INFO - [2024-07-06T16:31:44.231+0700] {dagbag.py:545} INFO - Filling up the DagBag from /home/acer/.local/share/virtualenvs/custom_airflow-E5ZHcY_K/lib/python3.12/site-packages/airflow/example_dags/example_params_trigger_ui.py
[2024-07-06T16:31:44.245+0700] {processor.py:840} INFO - DAG(s) 'example_params_trigger_ui' retrieved from /home/acer/.local/share/virtualenvs/custom_airflow-E5ZHcY_K/lib/python3.12/site-packages/airflow/example_dags/example_params_trigger_ui.py
[2024-07-06T16:31:44.292+0700] {logging_mixin.py:188} INFO - [2024-07-06T16:31:44.292+0700] {dag.py:3096} INFO - Sync 1 DAGs
[2024-07-06T16:31:44.307+0700] {logging_mixin.py:188} INFO - [2024-07-06T16:31:44.307+0700] {dag.py:3954} INFO - Setting next_dagrun for example_params_trigger_ui to None, run_after=None
[2024-07-06T16:31:44.328+0700] {processor.py:183} INFO - Processing /home/acer/.local/share/virtualenvs/custom_airflow-E5ZHcY_K/lib/python3.12/site-packages/airflow/example_dags/example_params_trigger_ui.py took 0.104 seconds
[2024-07-06T16:32:30.932+0700] {processor.py:161} INFO - Started process (PID=61978) to work on /home/acer/.local/share/virtualenvs/custom_airflow-E5ZHcY_K/lib/python3.12/site-packages/airflow/example_dags/example_params_trigger_ui.py
[2024-07-06T16:32:30.934+0700] {processor.py:830} INFO - Processing file /home/acer/.local/share/virtualenvs/custom_airflow-E5ZHcY_K/lib/python3.12/site-packages/airflow/example_dags/example_params_trigger_ui.py for tasks to queue
[2024-07-06T16:32:30.938+0700] {logging_mixin.py:188} INFO - [2024-07-06T16:32:30.937+0700] {dagbag.py:545} INFO - Filling up the DagBag from /home/acer/.local/share/virtualenvs/custom_airflow-E5ZHcY_K/lib/python3.12/site-packages/airflow/example_dags/example_params_trigger_ui.py
[2024-07-06T16:32:30.959+0700] {processor.py:840} INFO - DAG(s) 'example_params_trigger_ui' retrieved from /home/acer/.local/share/virtualenvs/custom_airflow-E5ZHcY_K/lib/python3.12/site-packages/airflow/example_dags/example_params_trigger_ui.py
[2024-07-06T16:32:31.006+0700] {logging_mixin.py:188} INFO - [2024-07-06T16:32:31.006+0700] {dag.py:3096} INFO - Sync 1 DAGs
[2024-07-06T16:32:31.019+0700] {logging_mixin.py:188} INFO - [2024-07-06T16:32:31.018+0700] {dag.py:3954} INFO - Setting next_dagrun for example_params_trigger_ui to None, run_after=None
[2024-07-06T16:32:31.041+0700] {processor.py:183} INFO - Processing /home/acer/.local/share/virtualenvs/custom_airflow-E5ZHcY_K/lib/python3.12/site-packages/airflow/example_dags/example_params_trigger_ui.py took 0.121 seconds
[2024-07-06T16:33:21.246+0700] {processor.py:161} INFO - Started process (PID=62242) to work on /home/acer/.local/share/virtualenvs/custom_airflow-E5ZHcY_K/lib/python3.12/site-packages/airflow/example_dags/example_params_trigger_ui.py
[2024-07-06T16:33:21.247+0700] {processor.py:830} INFO - Processing file /home/acer/.local/share/virtualenvs/custom_airflow-E5ZHcY_K/lib/python3.12/site-packages/airflow/example_dags/example_params_trigger_ui.py for tasks to queue
[2024-07-06T16:33:21.249+0700] {logging_mixin.py:188} INFO - [2024-07-06T16:33:21.248+0700] {dagbag.py:545} INFO - Filling up the DagBag from /home/acer/.local/share/virtualenvs/custom_airflow-E5ZHcY_K/lib/python3.12/site-packages/airflow/example_dags/example_params_trigger_ui.py
[2024-07-06T16:33:21.262+0700] {processor.py:840} INFO - DAG(s) 'example_params_trigger_ui' retrieved from /home/acer/.local/share/virtualenvs/custom_airflow-E5ZHcY_K/lib/python3.12/site-packages/airflow/example_dags/example_params_trigger_ui.py
[2024-07-06T16:33:21.310+0700] {logging_mixin.py:188} INFO - [2024-07-06T16:33:21.309+0700] {dag.py:3096} INFO - Sync 1 DAGs
[2024-07-06T16:33:21.323+0700] {logging_mixin.py:188} INFO - [2024-07-06T16:33:21.322+0700] {dag.py:3954} INFO - Setting next_dagrun for example_params_trigger_ui to None, run_after=None
[2024-07-06T16:33:21.343+0700] {processor.py:183} INFO - Processing /home/acer/.local/share/virtualenvs/custom_airflow-E5ZHcY_K/lib/python3.12/site-packages/airflow/example_dags/example_params_trigger_ui.py took 0.102 seconds
[2024-07-06T16:34:07.813+0700] {processor.py:161} INFO - Started process (PID=62474) to work on /home/acer/.local/share/virtualenvs/custom_airflow-E5ZHcY_K/lib/python3.12/site-packages/airflow/example_dags/example_params_trigger_ui.py
[2024-07-06T16:34:07.815+0700] {processor.py:830} INFO - Processing file /home/acer/.local/share/virtualenvs/custom_airflow-E5ZHcY_K/lib/python3.12/site-packages/airflow/example_dags/example_params_trigger_ui.py for tasks to queue
[2024-07-06T16:34:07.819+0700] {logging_mixin.py:188} INFO - [2024-07-06T16:34:07.818+0700] {dagbag.py:545} INFO - Filling up the DagBag from /home/acer/.local/share/virtualenvs/custom_airflow-E5ZHcY_K/lib/python3.12/site-packages/airflow/example_dags/example_params_trigger_ui.py
[2024-07-06T16:34:07.842+0700] {processor.py:840} INFO - DAG(s) 'example_params_trigger_ui' retrieved from /home/acer/.local/share/virtualenvs/custom_airflow-E5ZHcY_K/lib/python3.12/site-packages/airflow/example_dags/example_params_trigger_ui.py
[2024-07-06T16:34:07.892+0700] {logging_mixin.py:188} INFO - [2024-07-06T16:34:07.892+0700] {dag.py:3096} INFO - Sync 1 DAGs
[2024-07-06T16:34:07.904+0700] {logging_mixin.py:188} INFO - [2024-07-06T16:34:07.904+0700] {dag.py:3954} INFO - Setting next_dagrun for example_params_trigger_ui to None, run_after=None
[2024-07-06T16:34:07.936+0700] {processor.py:183} INFO - Processing /home/acer/.local/share/virtualenvs/custom_airflow-E5ZHcY_K/lib/python3.12/site-packages/airflow/example_dags/example_params_trigger_ui.py took 0.136 seconds
[2024-07-06T16:34:54.618+0700] {processor.py:161} INFO - Started process (PID=62711) to work on /home/acer/.local/share/virtualenvs/custom_airflow-E5ZHcY_K/lib/python3.12/site-packages/airflow/example_dags/example_params_trigger_ui.py
[2024-07-06T16:34:54.620+0700] {processor.py:830} INFO - Processing file /home/acer/.local/share/virtualenvs/custom_airflow-E5ZHcY_K/lib/python3.12/site-packages/airflow/example_dags/example_params_trigger_ui.py for tasks to queue
[2024-07-06T16:34:54.625+0700] {logging_mixin.py:188} INFO - [2024-07-06T16:34:54.624+0700] {dagbag.py:545} INFO - Filling up the DagBag from /home/acer/.local/share/virtualenvs/custom_airflow-E5ZHcY_K/lib/python3.12/site-packages/airflow/example_dags/example_params_trigger_ui.py
[2024-07-06T16:34:54.646+0700] {processor.py:840} INFO - DAG(s) 'example_params_trigger_ui' retrieved from /home/acer/.local/share/virtualenvs/custom_airflow-E5ZHcY_K/lib/python3.12/site-packages/airflow/example_dags/example_params_trigger_ui.py
[2024-07-06T16:34:54.694+0700] {logging_mixin.py:188} INFO - [2024-07-06T16:34:54.693+0700] {dag.py:3096} INFO - Sync 1 DAGs
[2024-07-06T16:34:54.706+0700] {logging_mixin.py:188} INFO - [2024-07-06T16:34:54.706+0700] {dag.py:3954} INFO - Setting next_dagrun for example_params_trigger_ui to None, run_after=None
[2024-07-06T16:34:54.728+0700] {processor.py:183} INFO - Processing /home/acer/.local/share/virtualenvs/custom_airflow-E5ZHcY_K/lib/python3.12/site-packages/airflow/example_dags/example_params_trigger_ui.py took 0.123 seconds
[2024-07-06T16:35:44.202+0700] {processor.py:161} INFO - Started process (PID=62975) to work on /home/acer/.local/share/virtualenvs/custom_airflow-E5ZHcY_K/lib/python3.12/site-packages/airflow/example_dags/example_params_trigger_ui.py
[2024-07-06T16:35:44.203+0700] {processor.py:830} INFO - Processing file /home/acer/.local/share/virtualenvs/custom_airflow-E5ZHcY_K/lib/python3.12/site-packages/airflow/example_dags/example_params_trigger_ui.py for tasks to queue
[2024-07-06T16:35:44.205+0700] {logging_mixin.py:188} INFO - [2024-07-06T16:35:44.204+0700] {dagbag.py:545} INFO - Filling up the DagBag from /home/acer/.local/share/virtualenvs/custom_airflow-E5ZHcY_K/lib/python3.12/site-packages/airflow/example_dags/example_params_trigger_ui.py
[2024-07-06T16:35:44.220+0700] {processor.py:840} INFO - DAG(s) 'example_params_trigger_ui' retrieved from /home/acer/.local/share/virtualenvs/custom_airflow-E5ZHcY_K/lib/python3.12/site-packages/airflow/example_dags/example_params_trigger_ui.py
[2024-07-06T16:35:44.267+0700] {logging_mixin.py:188} INFO - [2024-07-06T16:35:44.267+0700] {dag.py:3096} INFO - Sync 1 DAGs
[2024-07-06T16:35:44.279+0700] {logging_mixin.py:188} INFO - [2024-07-06T16:35:44.279+0700] {dag.py:3954} INFO - Setting next_dagrun for example_params_trigger_ui to None, run_after=None
[2024-07-06T16:35:44.300+0700] {processor.py:183} INFO - Processing /home/acer/.local/share/virtualenvs/custom_airflow-E5ZHcY_K/lib/python3.12/site-packages/airflow/example_dags/example_params_trigger_ui.py took 0.103 seconds
[2024-07-06T16:36:31.292+0700] {processor.py:161} INFO - Started process (PID=63296) to work on /home/acer/.local/share/virtualenvs/custom_airflow-E5ZHcY_K/lib/python3.12/site-packages/airflow/example_dags/example_params_trigger_ui.py
[2024-07-06T16:36:31.293+0700] {processor.py:830} INFO - Processing file /home/acer/.local/share/virtualenvs/custom_airflow-E5ZHcY_K/lib/python3.12/site-packages/airflow/example_dags/example_params_trigger_ui.py for tasks to queue
[2024-07-06T16:36:31.296+0700] {logging_mixin.py:188} INFO - [2024-07-06T16:36:31.295+0700] {dagbag.py:545} INFO - Filling up the DagBag from /home/acer/.local/share/virtualenvs/custom_airflow-E5ZHcY_K/lib/python3.12/site-packages/airflow/example_dags/example_params_trigger_ui.py
[2024-07-06T16:36:31.318+0700] {processor.py:840} INFO - DAG(s) 'example_params_trigger_ui' retrieved from /home/acer/.local/share/virtualenvs/custom_airflow-E5ZHcY_K/lib/python3.12/site-packages/airflow/example_dags/example_params_trigger_ui.py
[2024-07-06T16:36:31.390+0700] {logging_mixin.py:188} INFO - [2024-07-06T16:36:31.390+0700] {dag.py:3096} INFO - Sync 1 DAGs
[2024-07-06T16:36:31.406+0700] {logging_mixin.py:188} INFO - [2024-07-06T16:36:31.406+0700] {dag.py:3954} INFO - Setting next_dagrun for example_params_trigger_ui to None, run_after=None
[2024-07-06T16:36:31.429+0700] {processor.py:183} INFO - Processing /home/acer/.local/share/virtualenvs/custom_airflow-E5ZHcY_K/lib/python3.12/site-packages/airflow/example_dags/example_params_trigger_ui.py took 0.148 seconds
[2024-07-06T21:54:38.815+0700] {processor.py:161} INFO - Started process (PID=11977) to work on /home/acer/.local/share/virtualenvs/custom_airflow-E5ZHcY_K/lib/python3.12/site-packages/airflow/example_dags/example_params_trigger_ui.py
[2024-07-06T21:54:38.817+0700] {processor.py:830} INFO - Processing file /home/acer/.local/share/virtualenvs/custom_airflow-E5ZHcY_K/lib/python3.12/site-packages/airflow/example_dags/example_params_trigger_ui.py for tasks to queue
[2024-07-06T21:54:38.821+0700] {logging_mixin.py:188} INFO - [2024-07-06T21:54:38.820+0700] {dagbag.py:545} INFO - Filling up the DagBag from /home/acer/.local/share/virtualenvs/custom_airflow-E5ZHcY_K/lib/python3.12/site-packages/airflow/example_dags/example_params_trigger_ui.py
[2024-07-06T21:54:38.839+0700] {processor.py:840} INFO - DAG(s) 'example_params_trigger_ui' retrieved from /home/acer/.local/share/virtualenvs/custom_airflow-E5ZHcY_K/lib/python3.12/site-packages/airflow/example_dags/example_params_trigger_ui.py
[2024-07-06T21:54:38.897+0700] {logging_mixin.py:188} INFO - [2024-07-06T21:54:38.896+0700] {dag.py:3096} INFO - Sync 1 DAGs
[2024-07-06T21:54:38.911+0700] {logging_mixin.py:188} INFO - [2024-07-06T21:54:38.911+0700] {dag.py:3954} INFO - Setting next_dagrun for example_params_trigger_ui to None, run_after=None
[2024-07-06T21:54:38.943+0700] {processor.py:183} INFO - Processing /home/acer/.local/share/virtualenvs/custom_airflow-E5ZHcY_K/lib/python3.12/site-packages/airflow/example_dags/example_params_trigger_ui.py took 0.137 seconds
[2024-07-06T21:55:34.757+0700] {processor.py:161} INFO - Started process (PID=12669) to work on /home/acer/.local/share/virtualenvs/custom_airflow-E5ZHcY_K/lib/python3.12/site-packages/airflow/example_dags/example_params_trigger_ui.py
[2024-07-06T21:55:34.764+0700] {processor.py:830} INFO - Processing file /home/acer/.local/share/virtualenvs/custom_airflow-E5ZHcY_K/lib/python3.12/site-packages/airflow/example_dags/example_params_trigger_ui.py for tasks to queue
[2024-07-06T21:55:34.768+0700] {logging_mixin.py:188} INFO - [2024-07-06T21:55:34.767+0700] {dagbag.py:545} INFO - Filling up the DagBag from /home/acer/.local/share/virtualenvs/custom_airflow-E5ZHcY_K/lib/python3.12/site-packages/airflow/example_dags/example_params_trigger_ui.py
[2024-07-06T21:55:34.794+0700] {processor.py:840} INFO - DAG(s) 'example_params_trigger_ui' retrieved from /home/acer/.local/share/virtualenvs/custom_airflow-E5ZHcY_K/lib/python3.12/site-packages/airflow/example_dags/example_params_trigger_ui.py
[2024-07-06T21:55:34.875+0700] {logging_mixin.py:188} INFO - [2024-07-06T21:55:34.875+0700] {dag.py:3096} INFO - Sync 1 DAGs
[2024-07-06T21:55:34.893+0700] {logging_mixin.py:188} INFO - [2024-07-06T21:55:34.893+0700] {dag.py:3954} INFO - Setting next_dagrun for example_params_trigger_ui to None, run_after=None
[2024-07-06T21:55:34.941+0700] {processor.py:183} INFO - Processing /home/acer/.local/share/virtualenvs/custom_airflow-E5ZHcY_K/lib/python3.12/site-packages/airflow/example_dags/example_params_trigger_ui.py took 0.193 seconds
[2024-07-06T21:56:29.733+0700] {processor.py:161} INFO - Started process (PID=13204) to work on /home/acer/.local/share/virtualenvs/custom_airflow-E5ZHcY_K/lib/python3.12/site-packages/airflow/example_dags/example_params_trigger_ui.py
[2024-07-06T21:56:29.735+0700] {processor.py:830} INFO - Processing file /home/acer/.local/share/virtualenvs/custom_airflow-E5ZHcY_K/lib/python3.12/site-packages/airflow/example_dags/example_params_trigger_ui.py for tasks to queue
[2024-07-06T21:56:29.739+0700] {logging_mixin.py:188} INFO - [2024-07-06T21:56:29.739+0700] {dagbag.py:545} INFO - Filling up the DagBag from /home/acer/.local/share/virtualenvs/custom_airflow-E5ZHcY_K/lib/python3.12/site-packages/airflow/example_dags/example_params_trigger_ui.py
[2024-07-06T21:56:29.760+0700] {processor.py:840} INFO - DAG(s) 'example_params_trigger_ui' retrieved from /home/acer/.local/share/virtualenvs/custom_airflow-E5ZHcY_K/lib/python3.12/site-packages/airflow/example_dags/example_params_trigger_ui.py
[2024-07-06T21:56:29.808+0700] {logging_mixin.py:188} INFO - [2024-07-06T21:56:29.808+0700] {dag.py:3096} INFO - Sync 1 DAGs
[2024-07-06T21:56:29.821+0700] {logging_mixin.py:188} INFO - [2024-07-06T21:56:29.821+0700] {dag.py:3954} INFO - Setting next_dagrun for example_params_trigger_ui to None, run_after=None
[2024-07-06T21:56:29.842+0700] {processor.py:183} INFO - Processing /home/acer/.local/share/virtualenvs/custom_airflow-E5ZHcY_K/lib/python3.12/site-packages/airflow/example_dags/example_params_trigger_ui.py took 0.124 seconds
[2024-07-06T21:57:20.718+0700] {processor.py:161} INFO - Started process (PID=13776) to work on /home/acer/.local/share/virtualenvs/custom_airflow-E5ZHcY_K/lib/python3.12/site-packages/airflow/example_dags/example_params_trigger_ui.py
[2024-07-06T21:57:20.720+0700] {processor.py:830} INFO - Processing file /home/acer/.local/share/virtualenvs/custom_airflow-E5ZHcY_K/lib/python3.12/site-packages/airflow/example_dags/example_params_trigger_ui.py for tasks to queue
[2024-07-06T21:57:20.724+0700] {logging_mixin.py:188} INFO - [2024-07-06T21:57:20.723+0700] {dagbag.py:545} INFO - Filling up the DagBag from /home/acer/.local/share/virtualenvs/custom_airflow-E5ZHcY_K/lib/python3.12/site-packages/airflow/example_dags/example_params_trigger_ui.py
[2024-07-06T21:57:20.743+0700] {processor.py:840} INFO - DAG(s) 'example_params_trigger_ui' retrieved from /home/acer/.local/share/virtualenvs/custom_airflow-E5ZHcY_K/lib/python3.12/site-packages/airflow/example_dags/example_params_trigger_ui.py
[2024-07-06T21:57:20.789+0700] {logging_mixin.py:188} INFO - [2024-07-06T21:57:20.789+0700] {dag.py:3096} INFO - Sync 1 DAGs
[2024-07-06T21:57:20.803+0700] {logging_mixin.py:188} INFO - [2024-07-06T21:57:20.803+0700] {dag.py:3954} INFO - Setting next_dagrun for example_params_trigger_ui to None, run_after=None
[2024-07-06T21:57:20.828+0700] {processor.py:183} INFO - Processing /home/acer/.local/share/virtualenvs/custom_airflow-E5ZHcY_K/lib/python3.12/site-packages/airflow/example_dags/example_params_trigger_ui.py took 0.129 seconds
[2024-07-06T21:58:13.864+0700] {processor.py:161} INFO - Started process (PID=14139) to work on /home/acer/.local/share/virtualenvs/custom_airflow-E5ZHcY_K/lib/python3.12/site-packages/airflow/example_dags/example_params_trigger_ui.py
[2024-07-06T21:58:13.868+0700] {processor.py:830} INFO - Processing file /home/acer/.local/share/virtualenvs/custom_airflow-E5ZHcY_K/lib/python3.12/site-packages/airflow/example_dags/example_params_trigger_ui.py for tasks to queue
[2024-07-06T21:58:13.876+0700] {logging_mixin.py:188} INFO - [2024-07-06T21:58:13.875+0700] {dagbag.py:545} INFO - Filling up the DagBag from /home/acer/.local/share/virtualenvs/custom_airflow-E5ZHcY_K/lib/python3.12/site-packages/airflow/example_dags/example_params_trigger_ui.py
[2024-07-06T21:58:13.904+0700] {processor.py:840} INFO - DAG(s) 'example_params_trigger_ui' retrieved from /home/acer/.local/share/virtualenvs/custom_airflow-E5ZHcY_K/lib/python3.12/site-packages/airflow/example_dags/example_params_trigger_ui.py
[2024-07-06T21:58:13.968+0700] {logging_mixin.py:188} INFO - [2024-07-06T21:58:13.968+0700] {dag.py:3096} INFO - Sync 1 DAGs
[2024-07-06T21:58:13.985+0700] {logging_mixin.py:188} INFO - [2024-07-06T21:58:13.984+0700] {dag.py:3954} INFO - Setting next_dagrun for example_params_trigger_ui to None, run_after=None
[2024-07-06T21:58:14.027+0700] {processor.py:183} INFO - Processing /home/acer/.local/share/virtualenvs/custom_airflow-E5ZHcY_K/lib/python3.12/site-packages/airflow/example_dags/example_params_trigger_ui.py took 0.193 seconds
[2024-07-06T21:59:05.953+0700] {processor.py:161} INFO - Started process (PID=14378) to work on /home/acer/.local/share/virtualenvs/custom_airflow-E5ZHcY_K/lib/python3.12/site-packages/airflow/example_dags/example_params_trigger_ui.py
[2024-07-06T21:59:05.955+0700] {processor.py:830} INFO - Processing file /home/acer/.local/share/virtualenvs/custom_airflow-E5ZHcY_K/lib/python3.12/site-packages/airflow/example_dags/example_params_trigger_ui.py for tasks to queue
[2024-07-06T21:59:05.959+0700] {logging_mixin.py:188} INFO - [2024-07-06T21:59:05.958+0700] {dagbag.py:545} INFO - Filling up the DagBag from /home/acer/.local/share/virtualenvs/custom_airflow-E5ZHcY_K/lib/python3.12/site-packages/airflow/example_dags/example_params_trigger_ui.py
[2024-07-06T21:59:05.979+0700] {processor.py:840} INFO - DAG(s) 'example_params_trigger_ui' retrieved from /home/acer/.local/share/virtualenvs/custom_airflow-E5ZHcY_K/lib/python3.12/site-packages/airflow/example_dags/example_params_trigger_ui.py
[2024-07-06T21:59:06.027+0700] {logging_mixin.py:188} INFO - [2024-07-06T21:59:06.027+0700] {dag.py:3096} INFO - Sync 1 DAGs
[2024-07-06T21:59:06.040+0700] {logging_mixin.py:188} INFO - [2024-07-06T21:59:06.040+0700] {dag.py:3954} INFO - Setting next_dagrun for example_params_trigger_ui to None, run_after=None
[2024-07-06T21:59:06.067+0700] {processor.py:183} INFO - Processing /home/acer/.local/share/virtualenvs/custom_airflow-E5ZHcY_K/lib/python3.12/site-packages/airflow/example_dags/example_params_trigger_ui.py took 0.129 seconds
[2024-07-06T21:59:55.039+0700] {processor.py:161} INFO - Started process (PID=14744) to work on /home/acer/.local/share/virtualenvs/custom_airflow-E5ZHcY_K/lib/python3.12/site-packages/airflow/example_dags/example_params_trigger_ui.py
[2024-07-06T21:59:55.041+0700] {processor.py:830} INFO - Processing file /home/acer/.local/share/virtualenvs/custom_airflow-E5ZHcY_K/lib/python3.12/site-packages/airflow/example_dags/example_params_trigger_ui.py for tasks to queue
[2024-07-06T21:59:55.045+0700] {logging_mixin.py:188} INFO - [2024-07-06T21:59:55.044+0700] {dagbag.py:545} INFO - Filling up the DagBag from /home/acer/.local/share/virtualenvs/custom_airflow-E5ZHcY_K/lib/python3.12/site-packages/airflow/example_dags/example_params_trigger_ui.py
[2024-07-06T21:59:55.066+0700] {processor.py:840} INFO - DAG(s) 'example_params_trigger_ui' retrieved from /home/acer/.local/share/virtualenvs/custom_airflow-E5ZHcY_K/lib/python3.12/site-packages/airflow/example_dags/example_params_trigger_ui.py
[2024-07-06T21:59:55.117+0700] {logging_mixin.py:188} INFO - [2024-07-06T21:59:55.117+0700] {dag.py:3096} INFO - Sync 1 DAGs
[2024-07-06T21:59:55.131+0700] {logging_mixin.py:188} INFO - [2024-07-06T21:59:55.131+0700] {dag.py:3954} INFO - Setting next_dagrun for example_params_trigger_ui to None, run_after=None
[2024-07-06T21:59:55.156+0700] {processor.py:183} INFO - Processing /home/acer/.local/share/virtualenvs/custom_airflow-E5ZHcY_K/lib/python3.12/site-packages/airflow/example_dags/example_params_trigger_ui.py took 0.133 seconds
[2024-07-06T22:00:47.880+0700] {processor.py:161} INFO - Started process (PID=15018) to work on /home/acer/.local/share/virtualenvs/custom_airflow-E5ZHcY_K/lib/python3.12/site-packages/airflow/example_dags/example_params_trigger_ui.py
[2024-07-06T22:00:47.881+0700] {processor.py:830} INFO - Processing file /home/acer/.local/share/virtualenvs/custom_airflow-E5ZHcY_K/lib/python3.12/site-packages/airflow/example_dags/example_params_trigger_ui.py for tasks to queue
[2024-07-06T22:00:47.883+0700] {logging_mixin.py:188} INFO - [2024-07-06T22:00:47.882+0700] {dagbag.py:545} INFO - Filling up the DagBag from /home/acer/.local/share/virtualenvs/custom_airflow-E5ZHcY_K/lib/python3.12/site-packages/airflow/example_dags/example_params_trigger_ui.py
[2024-07-06T22:00:47.897+0700] {processor.py:840} INFO - DAG(s) 'example_params_trigger_ui' retrieved from /home/acer/.local/share/virtualenvs/custom_airflow-E5ZHcY_K/lib/python3.12/site-packages/airflow/example_dags/example_params_trigger_ui.py
[2024-07-06T22:00:47.944+0700] {logging_mixin.py:188} INFO - [2024-07-06T22:00:47.943+0700] {dag.py:3096} INFO - Sync 1 DAGs
[2024-07-06T22:00:47.956+0700] {logging_mixin.py:188} INFO - [2024-07-06T22:00:47.956+0700] {dag.py:3954} INFO - Setting next_dagrun for example_params_trigger_ui to None, run_after=None
[2024-07-06T22:00:47.978+0700] {processor.py:183} INFO - Processing /home/acer/.local/share/virtualenvs/custom_airflow-E5ZHcY_K/lib/python3.12/site-packages/airflow/example_dags/example_params_trigger_ui.py took 0.103 seconds
[2024-07-06T22:02:22.399+0700] {processor.py:161} INFO - Started process (PID=16163) to work on /home/acer/.local/share/virtualenvs/custom_airflow-E5ZHcY_K/lib/python3.12/site-packages/airflow/example_dags/example_params_trigger_ui.py
[2024-07-06T22:02:22.400+0700] {processor.py:830} INFO - Processing file /home/acer/.local/share/virtualenvs/custom_airflow-E5ZHcY_K/lib/python3.12/site-packages/airflow/example_dags/example_params_trigger_ui.py for tasks to queue
[2024-07-06T22:02:22.402+0700] {logging_mixin.py:188} INFO - [2024-07-06T22:02:22.401+0700] {dagbag.py:545} INFO - Filling up the DagBag from /home/acer/.local/share/virtualenvs/custom_airflow-E5ZHcY_K/lib/python3.12/site-packages/airflow/example_dags/example_params_trigger_ui.py
[2024-07-06T22:02:22.417+0700] {processor.py:840} INFO - DAG(s) 'example_params_trigger_ui' retrieved from /home/acer/.local/share/virtualenvs/custom_airflow-E5ZHcY_K/lib/python3.12/site-packages/airflow/example_dags/example_params_trigger_ui.py
[2024-07-06T22:02:22.464+0700] {logging_mixin.py:188} INFO - [2024-07-06T22:02:22.463+0700] {dag.py:3096} INFO - Sync 1 DAGs
[2024-07-06T22:02:22.477+0700] {logging_mixin.py:188} INFO - [2024-07-06T22:02:22.477+0700] {dag.py:3954} INFO - Setting next_dagrun for example_params_trigger_ui to None, run_after=None
[2024-07-06T22:02:22.498+0700] {processor.py:183} INFO - Processing /home/acer/.local/share/virtualenvs/custom_airflow-E5ZHcY_K/lib/python3.12/site-packages/airflow/example_dags/example_params_trigger_ui.py took 0.105 seconds
[2024-07-06T22:03:16.970+0700] {processor.py:161} INFO - Started process (PID=16434) to work on /home/acer/.local/share/virtualenvs/custom_airflow-E5ZHcY_K/lib/python3.12/site-packages/airflow/example_dags/example_params_trigger_ui.py
[2024-07-06T22:03:16.972+0700] {processor.py:830} INFO - Processing file /home/acer/.local/share/virtualenvs/custom_airflow-E5ZHcY_K/lib/python3.12/site-packages/airflow/example_dags/example_params_trigger_ui.py for tasks to queue
[2024-07-06T22:03:16.976+0700] {logging_mixin.py:188} INFO - [2024-07-06T22:03:16.975+0700] {dagbag.py:545} INFO - Filling up the DagBag from /home/acer/.local/share/virtualenvs/custom_airflow-E5ZHcY_K/lib/python3.12/site-packages/airflow/example_dags/example_params_trigger_ui.py
[2024-07-06T22:03:16.997+0700] {processor.py:840} INFO - DAG(s) 'example_params_trigger_ui' retrieved from /home/acer/.local/share/virtualenvs/custom_airflow-E5ZHcY_K/lib/python3.12/site-packages/airflow/example_dags/example_params_trigger_ui.py
[2024-07-06T22:03:17.045+0700] {logging_mixin.py:188} INFO - [2024-07-06T22:03:17.045+0700] {dag.py:3096} INFO - Sync 1 DAGs
[2024-07-06T22:03:17.058+0700] {logging_mixin.py:188} INFO - [2024-07-06T22:03:17.058+0700] {dag.py:3954} INFO - Setting next_dagrun for example_params_trigger_ui to None, run_after=None
[2024-07-06T22:03:17.079+0700] {processor.py:183} INFO - Processing /home/acer/.local/share/virtualenvs/custom_airflow-E5ZHcY_K/lib/python3.12/site-packages/airflow/example_dags/example_params_trigger_ui.py took 0.122 seconds
[2024-07-06T22:04:08.177+0700] {processor.py:161} INFO - Started process (PID=16669) to work on /home/acer/.local/share/virtualenvs/custom_airflow-E5ZHcY_K/lib/python3.12/site-packages/airflow/example_dags/example_params_trigger_ui.py
[2024-07-06T22:04:08.178+0700] {processor.py:830} INFO - Processing file /home/acer/.local/share/virtualenvs/custom_airflow-E5ZHcY_K/lib/python3.12/site-packages/airflow/example_dags/example_params_trigger_ui.py for tasks to queue
[2024-07-06T22:04:08.180+0700] {logging_mixin.py:188} INFO - [2024-07-06T22:04:08.180+0700] {dagbag.py:545} INFO - Filling up the DagBag from /home/acer/.local/share/virtualenvs/custom_airflow-E5ZHcY_K/lib/python3.12/site-packages/airflow/example_dags/example_params_trigger_ui.py
[2024-07-06T22:04:08.194+0700] {processor.py:840} INFO - DAG(s) 'example_params_trigger_ui' retrieved from /home/acer/.local/share/virtualenvs/custom_airflow-E5ZHcY_K/lib/python3.12/site-packages/airflow/example_dags/example_params_trigger_ui.py
[2024-07-06T22:04:08.243+0700] {logging_mixin.py:188} INFO - [2024-07-06T22:04:08.242+0700] {dag.py:3096} INFO - Sync 1 DAGs
[2024-07-06T22:04:08.260+0700] {logging_mixin.py:188} INFO - [2024-07-06T22:04:08.259+0700] {dag.py:3954} INFO - Setting next_dagrun for example_params_trigger_ui to None, run_after=None
[2024-07-06T22:04:08.280+0700] {processor.py:183} INFO - Processing /home/acer/.local/share/virtualenvs/custom_airflow-E5ZHcY_K/lib/python3.12/site-packages/airflow/example_dags/example_params_trigger_ui.py took 0.108 seconds
[2024-07-06T22:05:28.345+0700] {processor.py:161} INFO - Started process (PID=17689) to work on /home/acer/.local/share/virtualenvs/custom_airflow-E5ZHcY_K/lib/python3.12/site-packages/airflow/example_dags/example_params_trigger_ui.py
[2024-07-06T22:05:28.346+0700] {processor.py:830} INFO - Processing file /home/acer/.local/share/virtualenvs/custom_airflow-E5ZHcY_K/lib/python3.12/site-packages/airflow/example_dags/example_params_trigger_ui.py for tasks to queue
[2024-07-06T22:05:28.349+0700] {logging_mixin.py:188} INFO - [2024-07-06T22:05:28.348+0700] {dagbag.py:545} INFO - Filling up the DagBag from /home/acer/.local/share/virtualenvs/custom_airflow-E5ZHcY_K/lib/python3.12/site-packages/airflow/example_dags/example_params_trigger_ui.py
[2024-07-06T22:05:28.365+0700] {processor.py:840} INFO - DAG(s) 'example_params_trigger_ui' retrieved from /home/acer/.local/share/virtualenvs/custom_airflow-E5ZHcY_K/lib/python3.12/site-packages/airflow/example_dags/example_params_trigger_ui.py
[2024-07-06T22:05:28.412+0700] {logging_mixin.py:188} INFO - [2024-07-06T22:05:28.412+0700] {dag.py:3096} INFO - Sync 1 DAGs
[2024-07-06T22:05:28.425+0700] {logging_mixin.py:188} INFO - [2024-07-06T22:05:28.425+0700] {dag.py:3954} INFO - Setting next_dagrun for example_params_trigger_ui to None, run_after=None
[2024-07-06T22:05:28.446+0700] {processor.py:183} INFO - Processing /home/acer/.local/share/virtualenvs/custom_airflow-E5ZHcY_K/lib/python3.12/site-packages/airflow/example_dags/example_params_trigger_ui.py took 0.108 seconds
[2024-07-06T22:06:22.254+0700] {processor.py:161} INFO - Started process (PID=18016) to work on /home/acer/.local/share/virtualenvs/custom_airflow-E5ZHcY_K/lib/python3.12/site-packages/airflow/example_dags/example_params_trigger_ui.py
[2024-07-06T22:06:22.255+0700] {processor.py:830} INFO - Processing file /home/acer/.local/share/virtualenvs/custom_airflow-E5ZHcY_K/lib/python3.12/site-packages/airflow/example_dags/example_params_trigger_ui.py for tasks to queue
[2024-07-06T22:06:22.257+0700] {logging_mixin.py:188} INFO - [2024-07-06T22:06:22.257+0700] {dagbag.py:545} INFO - Filling up the DagBag from /home/acer/.local/share/virtualenvs/custom_airflow-E5ZHcY_K/lib/python3.12/site-packages/airflow/example_dags/example_params_trigger_ui.py
[2024-07-06T22:06:22.284+0700] {processor.py:840} INFO - DAG(s) 'example_params_trigger_ui' retrieved from /home/acer/.local/share/virtualenvs/custom_airflow-E5ZHcY_K/lib/python3.12/site-packages/airflow/example_dags/example_params_trigger_ui.py
[2024-07-06T22:06:22.395+0700] {logging_mixin.py:188} INFO - [2024-07-06T22:06:22.394+0700] {dag.py:3096} INFO - Sync 1 DAGs
[2024-07-06T22:06:22.418+0700] {logging_mixin.py:188} INFO - [2024-07-06T22:06:22.418+0700] {dag.py:3954} INFO - Setting next_dagrun for example_params_trigger_ui to None, run_after=None
[2024-07-06T22:06:22.457+0700] {processor.py:183} INFO - Processing /home/acer/.local/share/virtualenvs/custom_airflow-E5ZHcY_K/lib/python3.12/site-packages/airflow/example_dags/example_params_trigger_ui.py took 0.213 seconds
[2024-07-06T22:07:16.222+0700] {processor.py:161} INFO - Started process (PID=18446) to work on /home/acer/.local/share/virtualenvs/custom_airflow-E5ZHcY_K/lib/python3.12/site-packages/airflow/example_dags/example_params_trigger_ui.py
[2024-07-06T22:07:16.226+0700] {processor.py:830} INFO - Processing file /home/acer/.local/share/virtualenvs/custom_airflow-E5ZHcY_K/lib/python3.12/site-packages/airflow/example_dags/example_params_trigger_ui.py for tasks to queue
[2024-07-06T22:07:16.232+0700] {logging_mixin.py:188} INFO - [2024-07-06T22:07:16.231+0700] {dagbag.py:545} INFO - Filling up the DagBag from /home/acer/.local/share/virtualenvs/custom_airflow-E5ZHcY_K/lib/python3.12/site-packages/airflow/example_dags/example_params_trigger_ui.py
[2024-07-06T22:07:16.257+0700] {processor.py:840} INFO - DAG(s) 'example_params_trigger_ui' retrieved from /home/acer/.local/share/virtualenvs/custom_airflow-E5ZHcY_K/lib/python3.12/site-packages/airflow/example_dags/example_params_trigger_ui.py
[2024-07-06T22:07:16.320+0700] {logging_mixin.py:188} INFO - [2024-07-06T22:07:16.320+0700] {dag.py:3096} INFO - Sync 1 DAGs
[2024-07-06T22:07:16.338+0700] {logging_mixin.py:188} INFO - [2024-07-06T22:07:16.338+0700] {dag.py:3954} INFO - Setting next_dagrun for example_params_trigger_ui to None, run_after=None
[2024-07-06T22:07:16.367+0700] {processor.py:183} INFO - Processing /home/acer/.local/share/virtualenvs/custom_airflow-E5ZHcY_K/lib/python3.12/site-packages/airflow/example_dags/example_params_trigger_ui.py took 0.163 seconds
[2024-07-06T22:08:12.493+0700] {processor.py:161} INFO - Started process (PID=18787) to work on /home/acer/.local/share/virtualenvs/custom_airflow-E5ZHcY_K/lib/python3.12/site-packages/airflow/example_dags/example_params_trigger_ui.py
[2024-07-06T22:08:12.497+0700] {processor.py:830} INFO - Processing file /home/acer/.local/share/virtualenvs/custom_airflow-E5ZHcY_K/lib/python3.12/site-packages/airflow/example_dags/example_params_trigger_ui.py for tasks to queue
[2024-07-06T22:08:12.503+0700] {logging_mixin.py:188} INFO - [2024-07-06T22:08:12.502+0700] {dagbag.py:545} INFO - Filling up the DagBag from /home/acer/.local/share/virtualenvs/custom_airflow-E5ZHcY_K/lib/python3.12/site-packages/airflow/example_dags/example_params_trigger_ui.py
[2024-07-06T22:08:12.541+0700] {processor.py:840} INFO - DAG(s) 'example_params_trigger_ui' retrieved from /home/acer/.local/share/virtualenvs/custom_airflow-E5ZHcY_K/lib/python3.12/site-packages/airflow/example_dags/example_params_trigger_ui.py
[2024-07-06T22:08:12.613+0700] {logging_mixin.py:188} INFO - [2024-07-06T22:08:12.613+0700] {dag.py:3096} INFO - Sync 1 DAGs
[2024-07-06T22:08:12.631+0700] {logging_mixin.py:188} INFO - [2024-07-06T22:08:12.631+0700] {dag.py:3954} INFO - Setting next_dagrun for example_params_trigger_ui to None, run_after=None
[2024-07-06T22:08:12.657+0700] {processor.py:183} INFO - Processing /home/acer/.local/share/virtualenvs/custom_airflow-E5ZHcY_K/lib/python3.12/site-packages/airflow/example_dags/example_params_trigger_ui.py took 0.198 seconds
[2024-07-06T22:09:08.251+0700] {processor.py:161} INFO - Started process (PID=19071) to work on /home/acer/.local/share/virtualenvs/custom_airflow-E5ZHcY_K/lib/python3.12/site-packages/airflow/example_dags/example_params_trigger_ui.py
[2024-07-06T22:09:08.254+0700] {processor.py:830} INFO - Processing file /home/acer/.local/share/virtualenvs/custom_airflow-E5ZHcY_K/lib/python3.12/site-packages/airflow/example_dags/example_params_trigger_ui.py for tasks to queue
[2024-07-06T22:09:08.261+0700] {logging_mixin.py:188} INFO - [2024-07-06T22:09:08.259+0700] {dagbag.py:545} INFO - Filling up the DagBag from /home/acer/.local/share/virtualenvs/custom_airflow-E5ZHcY_K/lib/python3.12/site-packages/airflow/example_dags/example_params_trigger_ui.py
[2024-07-06T22:09:08.307+0700] {processor.py:840} INFO - DAG(s) 'example_params_trigger_ui' retrieved from /home/acer/.local/share/virtualenvs/custom_airflow-E5ZHcY_K/lib/python3.12/site-packages/airflow/example_dags/example_params_trigger_ui.py
[2024-07-06T22:09:08.384+0700] {logging_mixin.py:188} INFO - [2024-07-06T22:09:08.383+0700] {dag.py:3096} INFO - Sync 1 DAGs
[2024-07-06T22:09:08.402+0700] {logging_mixin.py:188} INFO - [2024-07-06T22:09:08.402+0700] {dag.py:3954} INFO - Setting next_dagrun for example_params_trigger_ui to None, run_after=None
[2024-07-06T22:09:08.437+0700] {processor.py:183} INFO - Processing /home/acer/.local/share/virtualenvs/custom_airflow-E5ZHcY_K/lib/python3.12/site-packages/airflow/example_dags/example_params_trigger_ui.py took 0.206 seconds
[2024-07-06T22:10:09.835+0700] {processor.py:161} INFO - Started process (PID=19407) to work on /home/acer/.local/share/virtualenvs/custom_airflow-E5ZHcY_K/lib/python3.12/site-packages/airflow/example_dags/example_params_trigger_ui.py
[2024-07-06T22:10:09.837+0700] {processor.py:830} INFO - Processing file /home/acer/.local/share/virtualenvs/custom_airflow-E5ZHcY_K/lib/python3.12/site-packages/airflow/example_dags/example_params_trigger_ui.py for tasks to queue
[2024-07-06T22:10:09.839+0700] {logging_mixin.py:188} INFO - [2024-07-06T22:10:09.839+0700] {dagbag.py:545} INFO - Filling up the DagBag from /home/acer/.local/share/virtualenvs/custom_airflow-E5ZHcY_K/lib/python3.12/site-packages/airflow/example_dags/example_params_trigger_ui.py
[2024-07-06T22:10:09.858+0700] {processor.py:840} INFO - DAG(s) 'example_params_trigger_ui' retrieved from /home/acer/.local/share/virtualenvs/custom_airflow-E5ZHcY_K/lib/python3.12/site-packages/airflow/example_dags/example_params_trigger_ui.py
[2024-07-06T22:10:09.924+0700] {logging_mixin.py:188} INFO - [2024-07-06T22:10:09.924+0700] {dag.py:3096} INFO - Sync 1 DAGs
[2024-07-06T22:10:09.951+0700] {logging_mixin.py:188} INFO - [2024-07-06T22:10:09.950+0700] {dag.py:3954} INFO - Setting next_dagrun for example_params_trigger_ui to None, run_after=None
[2024-07-06T22:10:09.998+0700] {processor.py:183} INFO - Processing /home/acer/.local/share/virtualenvs/custom_airflow-E5ZHcY_K/lib/python3.12/site-packages/airflow/example_dags/example_params_trigger_ui.py took 0.169 seconds
[2024-07-06T22:11:12.944+0700] {processor.py:161} INFO - Started process (PID=19796) to work on /home/acer/.local/share/virtualenvs/custom_airflow-E5ZHcY_K/lib/python3.12/site-packages/airflow/example_dags/example_params_trigger_ui.py
[2024-07-06T22:11:12.946+0700] {processor.py:830} INFO - Processing file /home/acer/.local/share/virtualenvs/custom_airflow-E5ZHcY_K/lib/python3.12/site-packages/airflow/example_dags/example_params_trigger_ui.py for tasks to queue
[2024-07-06T22:11:12.948+0700] {logging_mixin.py:188} INFO - [2024-07-06T22:11:12.948+0700] {dagbag.py:545} INFO - Filling up the DagBag from /home/acer/.local/share/virtualenvs/custom_airflow-E5ZHcY_K/lib/python3.12/site-packages/airflow/example_dags/example_params_trigger_ui.py
[2024-07-06T22:11:12.968+0700] {processor.py:840} INFO - DAG(s) 'example_params_trigger_ui' retrieved from /home/acer/.local/share/virtualenvs/custom_airflow-E5ZHcY_K/lib/python3.12/site-packages/airflow/example_dags/example_params_trigger_ui.py
[2024-07-06T22:11:13.062+0700] {logging_mixin.py:188} INFO - [2024-07-06T22:11:13.062+0700] {dag.py:3096} INFO - Sync 1 DAGs
[2024-07-06T22:11:13.081+0700] {logging_mixin.py:188} INFO - [2024-07-06T22:11:13.080+0700] {dag.py:3954} INFO - Setting next_dagrun for example_params_trigger_ui to None, run_after=None
[2024-07-06T22:11:13.123+0700] {processor.py:183} INFO - Processing /home/acer/.local/share/virtualenvs/custom_airflow-E5ZHcY_K/lib/python3.12/site-packages/airflow/example_dags/example_params_trigger_ui.py took 0.186 seconds
[2024-07-06T22:12:13.365+0700] {processor.py:161} INFO - Started process (PID=20102) to work on /home/acer/.local/share/virtualenvs/custom_airflow-E5ZHcY_K/lib/python3.12/site-packages/airflow/example_dags/example_params_trigger_ui.py
[2024-07-06T22:12:13.366+0700] {processor.py:830} INFO - Processing file /home/acer/.local/share/virtualenvs/custom_airflow-E5ZHcY_K/lib/python3.12/site-packages/airflow/example_dags/example_params_trigger_ui.py for tasks to queue
[2024-07-06T22:12:13.369+0700] {logging_mixin.py:188} INFO - [2024-07-06T22:12:13.368+0700] {dagbag.py:545} INFO - Filling up the DagBag from /home/acer/.local/share/virtualenvs/custom_airflow-E5ZHcY_K/lib/python3.12/site-packages/airflow/example_dags/example_params_trigger_ui.py
[2024-07-06T22:12:13.389+0700] {processor.py:840} INFO - DAG(s) 'example_params_trigger_ui' retrieved from /home/acer/.local/share/virtualenvs/custom_airflow-E5ZHcY_K/lib/python3.12/site-packages/airflow/example_dags/example_params_trigger_ui.py
[2024-07-06T22:12:13.465+0700] {logging_mixin.py:188} INFO - [2024-07-06T22:12:13.465+0700] {dag.py:3096} INFO - Sync 1 DAGs
[2024-07-06T22:12:13.483+0700] {logging_mixin.py:188} INFO - [2024-07-06T22:12:13.483+0700] {dag.py:3954} INFO - Setting next_dagrun for example_params_trigger_ui to None, run_after=None
[2024-07-06T22:12:13.509+0700] {processor.py:183} INFO - Processing /home/acer/.local/share/virtualenvs/custom_airflow-E5ZHcY_K/lib/python3.12/site-packages/airflow/example_dags/example_params_trigger_ui.py took 0.158 seconds
[2024-07-06T22:13:12.085+0700] {processor.py:161} INFO - Started process (PID=20505) to work on /home/acer/.local/share/virtualenvs/custom_airflow-E5ZHcY_K/lib/python3.12/site-packages/airflow/example_dags/example_params_trigger_ui.py
[2024-07-06T22:13:12.088+0700] {processor.py:830} INFO - Processing file /home/acer/.local/share/virtualenvs/custom_airflow-E5ZHcY_K/lib/python3.12/site-packages/airflow/example_dags/example_params_trigger_ui.py for tasks to queue
[2024-07-06T22:13:12.093+0700] {logging_mixin.py:188} INFO - [2024-07-06T22:13:12.090+0700] {dagbag.py:545} INFO - Filling up the DagBag from /home/acer/.local/share/virtualenvs/custom_airflow-E5ZHcY_K/lib/python3.12/site-packages/airflow/example_dags/example_params_trigger_ui.py
[2024-07-06T22:13:12.135+0700] {processor.py:840} INFO - DAG(s) 'example_params_trigger_ui' retrieved from /home/acer/.local/share/virtualenvs/custom_airflow-E5ZHcY_K/lib/python3.12/site-packages/airflow/example_dags/example_params_trigger_ui.py
[2024-07-06T22:13:12.233+0700] {logging_mixin.py:188} INFO - [2024-07-06T22:13:12.232+0700] {dag.py:3096} INFO - Sync 1 DAGs
[2024-07-06T22:13:12.260+0700] {logging_mixin.py:188} INFO - [2024-07-06T22:13:12.259+0700] {dag.py:3954} INFO - Setting next_dagrun for example_params_trigger_ui to None, run_after=None
[2024-07-06T22:13:12.307+0700] {processor.py:183} INFO - Processing /home/acer/.local/share/virtualenvs/custom_airflow-E5ZHcY_K/lib/python3.12/site-packages/airflow/example_dags/example_params_trigger_ui.py took 0.232 seconds
[2024-07-06T22:14:12.382+0700] {processor.py:161} INFO - Started process (PID=20812) to work on /home/acer/.local/share/virtualenvs/custom_airflow-E5ZHcY_K/lib/python3.12/site-packages/airflow/example_dags/example_params_trigger_ui.py
[2024-07-06T22:14:12.392+0700] {processor.py:830} INFO - Processing file /home/acer/.local/share/virtualenvs/custom_airflow-E5ZHcY_K/lib/python3.12/site-packages/airflow/example_dags/example_params_trigger_ui.py for tasks to queue
[2024-07-06T22:14:12.397+0700] {logging_mixin.py:188} INFO - [2024-07-06T22:14:12.396+0700] {dagbag.py:545} INFO - Filling up the DagBag from /home/acer/.local/share/virtualenvs/custom_airflow-E5ZHcY_K/lib/python3.12/site-packages/airflow/example_dags/example_params_trigger_ui.py
[2024-07-06T22:14:12.448+0700] {processor.py:840} INFO - DAG(s) 'example_params_trigger_ui' retrieved from /home/acer/.local/share/virtualenvs/custom_airflow-E5ZHcY_K/lib/python3.12/site-packages/airflow/example_dags/example_params_trigger_ui.py
[2024-07-06T22:14:12.598+0700] {logging_mixin.py:188} INFO - [2024-07-06T22:14:12.598+0700] {dag.py:3096} INFO - Sync 1 DAGs
[2024-07-06T22:14:12.626+0700] {logging_mixin.py:188} INFO - [2024-07-06T22:14:12.625+0700] {dag.py:3954} INFO - Setting next_dagrun for example_params_trigger_ui to None, run_after=None
[2024-07-06T22:14:12.672+0700] {processor.py:183} INFO - Processing /home/acer/.local/share/virtualenvs/custom_airflow-E5ZHcY_K/lib/python3.12/site-packages/airflow/example_dags/example_params_trigger_ui.py took 0.306 seconds
[2024-07-06T22:15:16.649+0700] {processor.py:161} INFO - Started process (PID=21198) to work on /home/acer/.local/share/virtualenvs/custom_airflow-E5ZHcY_K/lib/python3.12/site-packages/airflow/example_dags/example_params_trigger_ui.py
[2024-07-06T22:15:16.651+0700] {processor.py:830} INFO - Processing file /home/acer/.local/share/virtualenvs/custom_airflow-E5ZHcY_K/lib/python3.12/site-packages/airflow/example_dags/example_params_trigger_ui.py for tasks to queue
[2024-07-06T22:15:16.657+0700] {logging_mixin.py:188} INFO - [2024-07-06T22:15:16.655+0700] {dagbag.py:545} INFO - Filling up the DagBag from /home/acer/.local/share/virtualenvs/custom_airflow-E5ZHcY_K/lib/python3.12/site-packages/airflow/example_dags/example_params_trigger_ui.py
[2024-07-06T22:15:16.710+0700] {processor.py:840} INFO - DAG(s) 'example_params_trigger_ui' retrieved from /home/acer/.local/share/virtualenvs/custom_airflow-E5ZHcY_K/lib/python3.12/site-packages/airflow/example_dags/example_params_trigger_ui.py
[2024-07-06T22:15:16.817+0700] {logging_mixin.py:188} INFO - [2024-07-06T22:15:16.816+0700] {dag.py:3096} INFO - Sync 1 DAGs
[2024-07-06T22:15:16.839+0700] {logging_mixin.py:188} INFO - [2024-07-06T22:15:16.839+0700] {dag.py:3954} INFO - Setting next_dagrun for example_params_trigger_ui to None, run_after=None
[2024-07-06T22:15:16.865+0700] {processor.py:183} INFO - Processing /home/acer/.local/share/virtualenvs/custom_airflow-E5ZHcY_K/lib/python3.12/site-packages/airflow/example_dags/example_params_trigger_ui.py took 0.235 seconds
[2024-07-06T22:16:15.658+0700] {processor.py:161} INFO - Started process (PID=21521) to work on /home/acer/.local/share/virtualenvs/custom_airflow-E5ZHcY_K/lib/python3.12/site-packages/airflow/example_dags/example_params_trigger_ui.py
[2024-07-06T22:16:15.661+0700] {processor.py:830} INFO - Processing file /home/acer/.local/share/virtualenvs/custom_airflow-E5ZHcY_K/lib/python3.12/site-packages/airflow/example_dags/example_params_trigger_ui.py for tasks to queue
[2024-07-06T22:16:15.666+0700] {logging_mixin.py:188} INFO - [2024-07-06T22:16:15.664+0700] {dagbag.py:545} INFO - Filling up the DagBag from /home/acer/.local/share/virtualenvs/custom_airflow-E5ZHcY_K/lib/python3.12/site-packages/airflow/example_dags/example_params_trigger_ui.py
[2024-07-06T22:16:15.690+0700] {processor.py:840} INFO - DAG(s) 'example_params_trigger_ui' retrieved from /home/acer/.local/share/virtualenvs/custom_airflow-E5ZHcY_K/lib/python3.12/site-packages/airflow/example_dags/example_params_trigger_ui.py
[2024-07-06T22:16:15.757+0700] {logging_mixin.py:188} INFO - [2024-07-06T22:16:15.757+0700] {dag.py:3096} INFO - Sync 1 DAGs
[2024-07-06T22:16:15.773+0700] {logging_mixin.py:188} INFO - [2024-07-06T22:16:15.772+0700] {dag.py:3954} INFO - Setting next_dagrun for example_params_trigger_ui to None, run_after=None
[2024-07-06T22:16:15.828+0700] {processor.py:183} INFO - Processing /home/acer/.local/share/virtualenvs/custom_airflow-E5ZHcY_K/lib/python3.12/site-packages/airflow/example_dags/example_params_trigger_ui.py took 0.202 seconds
[2024-07-06T22:17:10.761+0700] {processor.py:161} INFO - Started process (PID=21810) to work on /home/acer/.local/share/virtualenvs/custom_airflow-E5ZHcY_K/lib/python3.12/site-packages/airflow/example_dags/example_params_trigger_ui.py
[2024-07-06T22:17:10.763+0700] {processor.py:830} INFO - Processing file /home/acer/.local/share/virtualenvs/custom_airflow-E5ZHcY_K/lib/python3.12/site-packages/airflow/example_dags/example_params_trigger_ui.py for tasks to queue
[2024-07-06T22:17:10.765+0700] {logging_mixin.py:188} INFO - [2024-07-06T22:17:10.765+0700] {dagbag.py:545} INFO - Filling up the DagBag from /home/acer/.local/share/virtualenvs/custom_airflow-E5ZHcY_K/lib/python3.12/site-packages/airflow/example_dags/example_params_trigger_ui.py
[2024-07-06T22:17:10.783+0700] {processor.py:840} INFO - DAG(s) 'example_params_trigger_ui' retrieved from /home/acer/.local/share/virtualenvs/custom_airflow-E5ZHcY_K/lib/python3.12/site-packages/airflow/example_dags/example_params_trigger_ui.py
[2024-07-06T22:17:10.848+0700] {logging_mixin.py:188} INFO - [2024-07-06T22:17:10.848+0700] {dag.py:3096} INFO - Sync 1 DAGs
[2024-07-06T22:17:10.868+0700] {logging_mixin.py:188} INFO - [2024-07-06T22:17:10.867+0700] {dag.py:3954} INFO - Setting next_dagrun for example_params_trigger_ui to None, run_after=None
[2024-07-06T22:17:10.899+0700] {processor.py:183} INFO - Processing /home/acer/.local/share/virtualenvs/custom_airflow-E5ZHcY_K/lib/python3.12/site-packages/airflow/example_dags/example_params_trigger_ui.py took 0.147 seconds
[2024-07-06T22:18:14.451+0700] {processor.py:161} INFO - Started process (PID=22160) to work on /home/acer/.local/share/virtualenvs/custom_airflow-E5ZHcY_K/lib/python3.12/site-packages/airflow/example_dags/example_params_trigger_ui.py
[2024-07-06T22:18:14.456+0700] {processor.py:830} INFO - Processing file /home/acer/.local/share/virtualenvs/custom_airflow-E5ZHcY_K/lib/python3.12/site-packages/airflow/example_dags/example_params_trigger_ui.py for tasks to queue
[2024-07-06T22:18:14.459+0700] {logging_mixin.py:188} INFO - [2024-07-06T22:18:14.458+0700] {dagbag.py:545} INFO - Filling up the DagBag from /home/acer/.local/share/virtualenvs/custom_airflow-E5ZHcY_K/lib/python3.12/site-packages/airflow/example_dags/example_params_trigger_ui.py
[2024-07-06T22:18:14.478+0700] {processor.py:840} INFO - DAG(s) 'example_params_trigger_ui' retrieved from /home/acer/.local/share/virtualenvs/custom_airflow-E5ZHcY_K/lib/python3.12/site-packages/airflow/example_dags/example_params_trigger_ui.py
[2024-07-06T22:18:14.558+0700] {logging_mixin.py:188} INFO - [2024-07-06T22:18:14.558+0700] {dag.py:3096} INFO - Sync 1 DAGs
[2024-07-06T22:18:14.577+0700] {logging_mixin.py:188} INFO - [2024-07-06T22:18:14.576+0700] {dag.py:3954} INFO - Setting next_dagrun for example_params_trigger_ui to None, run_after=None
[2024-07-06T22:18:14.607+0700] {processor.py:183} INFO - Processing /home/acer/.local/share/virtualenvs/custom_airflow-E5ZHcY_K/lib/python3.12/site-packages/airflow/example_dags/example_params_trigger_ui.py took 0.166 seconds
[2024-07-06T22:19:17.187+0700] {processor.py:161} INFO - Started process (PID=22517) to work on /home/acer/.local/share/virtualenvs/custom_airflow-E5ZHcY_K/lib/python3.12/site-packages/airflow/example_dags/example_params_trigger_ui.py
[2024-07-06T22:19:17.193+0700] {processor.py:830} INFO - Processing file /home/acer/.local/share/virtualenvs/custom_airflow-E5ZHcY_K/lib/python3.12/site-packages/airflow/example_dags/example_params_trigger_ui.py for tasks to queue
[2024-07-06T22:19:17.196+0700] {logging_mixin.py:188} INFO - [2024-07-06T22:19:17.195+0700] {dagbag.py:545} INFO - Filling up the DagBag from /home/acer/.local/share/virtualenvs/custom_airflow-E5ZHcY_K/lib/python3.12/site-packages/airflow/example_dags/example_params_trigger_ui.py
[2024-07-06T22:19:17.252+0700] {processor.py:840} INFO - DAG(s) 'example_params_trigger_ui' retrieved from /home/acer/.local/share/virtualenvs/custom_airflow-E5ZHcY_K/lib/python3.12/site-packages/airflow/example_dags/example_params_trigger_ui.py
[2024-07-06T22:19:17.329+0700] {logging_mixin.py:188} INFO - [2024-07-06T22:19:17.328+0700] {dag.py:3096} INFO - Sync 1 DAGs
[2024-07-06T22:19:17.461+0700] {logging_mixin.py:188} INFO - [2024-07-06T22:19:17.461+0700] {dag.py:3954} INFO - Setting next_dagrun for example_params_trigger_ui to None, run_after=None
[2024-07-06T22:19:17.488+0700] {processor.py:183} INFO - Processing /home/acer/.local/share/virtualenvs/custom_airflow-E5ZHcY_K/lib/python3.12/site-packages/airflow/example_dags/example_params_trigger_ui.py took 0.323 seconds
[2024-07-06T22:20:18.842+0700] {processor.py:161} INFO - Started process (PID=22826) to work on /home/acer/.local/share/virtualenvs/custom_airflow-E5ZHcY_K/lib/python3.12/site-packages/airflow/example_dags/example_params_trigger_ui.py
[2024-07-06T22:20:18.844+0700] {processor.py:830} INFO - Processing file /home/acer/.local/share/virtualenvs/custom_airflow-E5ZHcY_K/lib/python3.12/site-packages/airflow/example_dags/example_params_trigger_ui.py for tasks to queue
[2024-07-06T22:20:18.849+0700] {logging_mixin.py:188} INFO - [2024-07-06T22:20:18.847+0700] {dagbag.py:545} INFO - Filling up the DagBag from /home/acer/.local/share/virtualenvs/custom_airflow-E5ZHcY_K/lib/python3.12/site-packages/airflow/example_dags/example_params_trigger_ui.py
[2024-07-06T22:20:18.889+0700] {processor.py:840} INFO - DAG(s) 'example_params_trigger_ui' retrieved from /home/acer/.local/share/virtualenvs/custom_airflow-E5ZHcY_K/lib/python3.12/site-packages/airflow/example_dags/example_params_trigger_ui.py
[2024-07-06T22:20:18.969+0700] {logging_mixin.py:188} INFO - [2024-07-06T22:20:18.969+0700] {dag.py:3096} INFO - Sync 1 DAGs
[2024-07-06T22:20:18.984+0700] {logging_mixin.py:188} INFO - [2024-07-06T22:20:18.984+0700] {dag.py:3954} INFO - Setting next_dagrun for example_params_trigger_ui to None, run_after=None
[2024-07-06T22:20:19.028+0700] {processor.py:183} INFO - Processing /home/acer/.local/share/virtualenvs/custom_airflow-E5ZHcY_K/lib/python3.12/site-packages/airflow/example_dags/example_params_trigger_ui.py took 0.201 seconds
