[2024-07-06T16:08:53.420+0700] {processor.py:161} INFO - Started process (PID=51157) to work on /home/acer/.local/share/virtualenvs/custom_airflow-E5ZHcY_K/lib/python3.12/site-packages/airflow/example_dags/example_sla_dag.py
[2024-07-06T16:08:53.421+0700] {processor.py:830} INFO - Processing file /home/acer/.local/share/virtualenvs/custom_airflow-E5ZHcY_K/lib/python3.12/site-packages/airflow/example_dags/example_sla_dag.py for tasks to queue
[2024-07-06T16:08:53.423+0700] {logging_mixin.py:188} INFO - [2024-07-06T16:08:53.422+0700] {dagbag.py:545} INFO - Filling up the DagBag from /home/acer/.local/share/virtualenvs/custom_airflow-E5ZHcY_K/lib/python3.12/site-packages/airflow/example_dags/example_sla_dag.py
[2024-07-06T16:08:53.434+0700] {processor.py:840} INFO - DAG(s) 'example_sla_dag' retrieved from /home/acer/.local/share/virtualenvs/custom_airflow-E5ZHcY_K/lib/python3.12/site-packages/airflow/example_dags/example_sla_dag.py
[2024-07-06T16:08:53.545+0700] {logging_mixin.py:188} INFO - [2024-07-06T16:08:53.544+0700] {override.py:1847} INFO - Created Permission View: can delete on DAG:example_sla_dag
[2024-07-06T16:08:53.556+0700] {logging_mixin.py:188} INFO - [2024-07-06T16:08:53.556+0700] {override.py:1847} INFO - Created Permission View: can edit on DAG:example_sla_dag
[2024-07-06T16:08:53.564+0700] {logging_mixin.py:188} INFO - [2024-07-06T16:08:53.564+0700] {override.py:1847} INFO - Created Permission View: can read on DAG:example_sla_dag
[2024-07-06T16:08:53.565+0700] {logging_mixin.py:188} INFO - [2024-07-06T16:08:53.564+0700] {dag.py:3096} INFO - Sync 1 DAGs
[2024-07-06T16:08:53.577+0700] {logging_mixin.py:188} INFO - [2024-07-06T16:08:53.576+0700] {dag.py:3118} INFO - Creating ORM DAG for example_sla_dag
[2024-07-06T16:08:53.588+0700] {logging_mixin.py:188} INFO - [2024-07-06T16:08:53.588+0700] {dag.py:3954} INFO - Setting next_dagrun for example_sla_dag to 2024-07-06 09:06:00+00:00, run_after=2024-07-06 09:08:00+00:00
[2024-07-06T16:08:53.612+0700] {processor.py:183} INFO - Processing /home/acer/.local/share/virtualenvs/custom_airflow-E5ZHcY_K/lib/python3.12/site-packages/airflow/example_dags/example_sla_dag.py took 0.198 seconds
[2024-07-06T16:09:53.883+0700] {processor.py:161} INFO - Started process (PID=51594) to work on /home/acer/.local/share/virtualenvs/custom_airflow-E5ZHcY_K/lib/python3.12/site-packages/airflow/example_dags/example_sla_dag.py
[2024-07-06T16:09:53.884+0700] {processor.py:830} INFO - Processing file /home/acer/.local/share/virtualenvs/custom_airflow-E5ZHcY_K/lib/python3.12/site-packages/airflow/example_dags/example_sla_dag.py for tasks to queue
[2024-07-06T16:09:53.886+0700] {logging_mixin.py:188} INFO - [2024-07-06T16:09:53.885+0700] {dagbag.py:545} INFO - Filling up the DagBag from /home/acer/.local/share/virtualenvs/custom_airflow-E5ZHcY_K/lib/python3.12/site-packages/airflow/example_dags/example_sla_dag.py
[2024-07-06T16:09:53.896+0700] {processor.py:840} INFO - DAG(s) 'example_sla_dag' retrieved from /home/acer/.local/share/virtualenvs/custom_airflow-E5ZHcY_K/lib/python3.12/site-packages/airflow/example_dags/example_sla_dag.py
[2024-07-06T16:09:53.912+0700] {logging_mixin.py:188} INFO - [2024-07-06T16:09:53.912+0700] {dag.py:3096} INFO - Sync 1 DAGs
[2024-07-06T16:09:53.936+0700] {logging_mixin.py:188} INFO - [2024-07-06T16:09:53.936+0700] {dag.py:3954} INFO - Setting next_dagrun for example_sla_dag to 2024-07-06 09:06:00+00:00, run_after=2024-07-06 09:08:00+00:00
[2024-07-06T16:09:53.967+0700] {processor.py:183} INFO - Processing /home/acer/.local/share/virtualenvs/custom_airflow-E5ZHcY_K/lib/python3.12/site-packages/airflow/example_dags/example_sla_dag.py took 0.090 seconds
[2024-07-06T16:10:45.511+0700] {processor.py:161} INFO - Started process (PID=52087) to work on /home/acer/.local/share/virtualenvs/custom_airflow-E5ZHcY_K/lib/python3.12/site-packages/airflow/example_dags/example_sla_dag.py
[2024-07-06T16:10:45.512+0700] {processor.py:830} INFO - Processing file /home/acer/.local/share/virtualenvs/custom_airflow-E5ZHcY_K/lib/python3.12/site-packages/airflow/example_dags/example_sla_dag.py for tasks to queue
[2024-07-06T16:10:45.513+0700] {logging_mixin.py:188} INFO - [2024-07-06T16:10:45.512+0700] {dagbag.py:545} INFO - Filling up the DagBag from /home/acer/.local/share/virtualenvs/custom_airflow-E5ZHcY_K/lib/python3.12/site-packages/airflow/example_dags/example_sla_dag.py
[2024-07-06T16:10:45.523+0700] {processor.py:840} INFO - DAG(s) 'example_sla_dag' retrieved from /home/acer/.local/share/virtualenvs/custom_airflow-E5ZHcY_K/lib/python3.12/site-packages/airflow/example_dags/example_sla_dag.py
[2024-07-06T16:10:45.540+0700] {logging_mixin.py:188} INFO - [2024-07-06T16:10:45.539+0700] {dag.py:3096} INFO - Sync 1 DAGs
[2024-07-06T16:10:45.564+0700] {logging_mixin.py:188} INFO - [2024-07-06T16:10:45.564+0700] {dag.py:3954} INFO - Setting next_dagrun for example_sla_dag to 2024-07-06 09:08:00+00:00, run_after=2024-07-06 09:10:00+00:00
[2024-07-06T16:10:45.589+0700] {processor.py:183} INFO - Processing /home/acer/.local/share/virtualenvs/custom_airflow-E5ZHcY_K/lib/python3.12/site-packages/airflow/example_dags/example_sla_dag.py took 0.084 seconds
[2024-07-06T16:11:40.629+0700] {processor.py:161} INFO - Started process (PID=52525) to work on /home/acer/.local/share/virtualenvs/custom_airflow-E5ZHcY_K/lib/python3.12/site-packages/airflow/example_dags/example_sla_dag.py
[2024-07-06T16:11:40.631+0700] {processor.py:830} INFO - Processing file /home/acer/.local/share/virtualenvs/custom_airflow-E5ZHcY_K/lib/python3.12/site-packages/airflow/example_dags/example_sla_dag.py for tasks to queue
[2024-07-06T16:11:40.635+0700] {logging_mixin.py:188} INFO - [2024-07-06T16:11:40.634+0700] {dagbag.py:545} INFO - Filling up the DagBag from /home/acer/.local/share/virtualenvs/custom_airflow-E5ZHcY_K/lib/python3.12/site-packages/airflow/example_dags/example_sla_dag.py
[2024-07-06T16:11:40.650+0700] {processor.py:840} INFO - DAG(s) 'example_sla_dag' retrieved from /home/acer/.local/share/virtualenvs/custom_airflow-E5ZHcY_K/lib/python3.12/site-packages/airflow/example_dags/example_sla_dag.py
[2024-07-06T16:11:40.665+0700] {logging_mixin.py:188} INFO - [2024-07-06T16:11:40.664+0700] {dag.py:3096} INFO - Sync 1 DAGs
[2024-07-06T16:11:40.688+0700] {logging_mixin.py:188} INFO - [2024-07-06T16:11:40.688+0700] {dag.py:3954} INFO - Setting next_dagrun for example_sla_dag to 2024-07-06 09:08:00+00:00, run_after=2024-07-06 09:10:00+00:00
[2024-07-06T16:11:40.709+0700] {processor.py:183} INFO - Processing /home/acer/.local/share/virtualenvs/custom_airflow-E5ZHcY_K/lib/python3.12/site-packages/airflow/example_dags/example_sla_dag.py took 0.099 seconds
[2024-07-06T16:15:43.832+0700] {processor.py:161} INFO - Started process (PID=54708) to work on /home/acer/.local/share/virtualenvs/custom_airflow-E5ZHcY_K/lib/python3.12/site-packages/airflow/example_dags/example_sla_dag.py
[2024-07-06T16:15:43.833+0700] {processor.py:830} INFO - Processing file /home/acer/.local/share/virtualenvs/custom_airflow-E5ZHcY_K/lib/python3.12/site-packages/airflow/example_dags/example_sla_dag.py for tasks to queue
[2024-07-06T16:15:43.836+0700] {logging_mixin.py:188} INFO - [2024-07-06T16:15:43.835+0700] {dagbag.py:545} INFO - Filling up the DagBag from /home/acer/.local/share/virtualenvs/custom_airflow-E5ZHcY_K/lib/python3.12/site-packages/airflow/example_dags/example_sla_dag.py
[2024-07-06T16:15:43.852+0700] {processor.py:840} INFO - DAG(s) 'example_sla_dag' retrieved from /home/acer/.local/share/virtualenvs/custom_airflow-E5ZHcY_K/lib/python3.12/site-packages/airflow/example_dags/example_sla_dag.py
[2024-07-06T16:15:44.030+0700] {logging_mixin.py:188} INFO - [2024-07-06T16:15:44.029+0700] {dag.py:3096} INFO - Sync 1 DAGs
[2024-07-06T16:15:44.066+0700] {logging_mixin.py:188} INFO - [2024-07-06T16:15:44.065+0700] {dag.py:3954} INFO - Setting next_dagrun for example_sla_dag to 2024-07-06 09:12:00+00:00, run_after=2024-07-06 09:14:00+00:00
[2024-07-06T16:15:44.100+0700] {processor.py:183} INFO - Processing /home/acer/.local/share/virtualenvs/custom_airflow-E5ZHcY_K/lib/python3.12/site-packages/airflow/example_dags/example_sla_dag.py took 0.277 seconds
[2024-07-06T16:16:43.039+0700] {processor.py:161} INFO - Started process (PID=55290) to work on /home/acer/.local/share/virtualenvs/custom_airflow-E5ZHcY_K/lib/python3.12/site-packages/airflow/example_dags/example_sla_dag.py
[2024-07-06T16:16:43.041+0700] {processor.py:830} INFO - Processing file /home/acer/.local/share/virtualenvs/custom_airflow-E5ZHcY_K/lib/python3.12/site-packages/airflow/example_dags/example_sla_dag.py for tasks to queue
[2024-07-06T16:16:43.044+0700] {logging_mixin.py:188} INFO - [2024-07-06T16:16:43.043+0700] {dagbag.py:545} INFO - Filling up the DagBag from /home/acer/.local/share/virtualenvs/custom_airflow-E5ZHcY_K/lib/python3.12/site-packages/airflow/example_dags/example_sla_dag.py
[2024-07-06T16:16:43.057+0700] {processor.py:840} INFO - DAG(s) 'example_sla_dag' retrieved from /home/acer/.local/share/virtualenvs/custom_airflow-E5ZHcY_K/lib/python3.12/site-packages/airflow/example_dags/example_sla_dag.py
[2024-07-06T16:16:43.072+0700] {logging_mixin.py:188} INFO - [2024-07-06T16:16:43.072+0700] {dag.py:3096} INFO - Sync 1 DAGs
[2024-07-06T16:16:43.096+0700] {logging_mixin.py:188} INFO - [2024-07-06T16:16:43.096+0700] {dag.py:3954} INFO - Setting next_dagrun for example_sla_dag to 2024-07-06 09:14:00+00:00, run_after=2024-07-06 09:16:00+00:00
[2024-07-06T16:16:43.116+0700] {processor.py:183} INFO - Processing /home/acer/.local/share/virtualenvs/custom_airflow-E5ZHcY_K/lib/python3.12/site-packages/airflow/example_dags/example_sla_dag.py took 0.097 seconds
[2024-07-06T16:17:35.054+0700] {processor.py:161} INFO - Started process (PID=55738) to work on /home/acer/.local/share/virtualenvs/custom_airflow-E5ZHcY_K/lib/python3.12/site-packages/airflow/example_dags/example_sla_dag.py
[2024-07-06T16:17:35.057+0700] {processor.py:830} INFO - Processing file /home/acer/.local/share/virtualenvs/custom_airflow-E5ZHcY_K/lib/python3.12/site-packages/airflow/example_dags/example_sla_dag.py for tasks to queue
[2024-07-06T16:17:35.065+0700] {logging_mixin.py:188} INFO - [2024-07-06T16:17:35.063+0700] {dagbag.py:545} INFO - Filling up the DagBag from /home/acer/.local/share/virtualenvs/custom_airflow-E5ZHcY_K/lib/python3.12/site-packages/airflow/example_dags/example_sla_dag.py
[2024-07-06T16:17:35.086+0700] {processor.py:840} INFO - DAG(s) 'example_sla_dag' retrieved from /home/acer/.local/share/virtualenvs/custom_airflow-E5ZHcY_K/lib/python3.12/site-packages/airflow/example_dags/example_sla_dag.py
[2024-07-06T16:17:35.105+0700] {logging_mixin.py:188} INFO - [2024-07-06T16:17:35.105+0700] {dag.py:3096} INFO - Sync 1 DAGs
[2024-07-06T16:17:35.131+0700] {logging_mixin.py:188} INFO - [2024-07-06T16:17:35.130+0700] {dag.py:3954} INFO - Setting next_dagrun for example_sla_dag to 2024-07-06 09:14:00+00:00, run_after=2024-07-06 09:16:00+00:00
[2024-07-06T16:17:35.155+0700] {processor.py:183} INFO - Processing /home/acer/.local/share/virtualenvs/custom_airflow-E5ZHcY_K/lib/python3.12/site-packages/airflow/example_dags/example_sla_dag.py took 0.128 seconds
[2024-07-06T16:18:23.593+0700] {processor.py:161} INFO - Started process (PID=55981) to work on /home/acer/.local/share/virtualenvs/custom_airflow-E5ZHcY_K/lib/python3.12/site-packages/airflow/example_dags/example_sla_dag.py
[2024-07-06T16:18:23.596+0700] {processor.py:830} INFO - Processing file /home/acer/.local/share/virtualenvs/custom_airflow-E5ZHcY_K/lib/python3.12/site-packages/airflow/example_dags/example_sla_dag.py for tasks to queue
[2024-07-06T16:18:23.601+0700] {logging_mixin.py:188} INFO - [2024-07-06T16:18:23.600+0700] {dagbag.py:545} INFO - Filling up the DagBag from /home/acer/.local/share/virtualenvs/custom_airflow-E5ZHcY_K/lib/python3.12/site-packages/airflow/example_dags/example_sla_dag.py
[2024-07-06T16:18:23.614+0700] {processor.py:840} INFO - DAG(s) 'example_sla_dag' retrieved from /home/acer/.local/share/virtualenvs/custom_airflow-E5ZHcY_K/lib/python3.12/site-packages/airflow/example_dags/example_sla_dag.py
[2024-07-06T16:18:23.631+0700] {logging_mixin.py:188} INFO - [2024-07-06T16:18:23.630+0700] {dag.py:3096} INFO - Sync 1 DAGs
[2024-07-06T16:18:23.657+0700] {logging_mixin.py:188} INFO - [2024-07-06T16:18:23.657+0700] {dag.py:3954} INFO - Setting next_dagrun for example_sla_dag to 2024-07-06 09:16:00+00:00, run_after=2024-07-06 09:18:00+00:00
[2024-07-06T16:18:23.677+0700] {processor.py:183} INFO - Processing /home/acer/.local/share/virtualenvs/custom_airflow-E5ZHcY_K/lib/python3.12/site-packages/airflow/example_dags/example_sla_dag.py took 0.108 seconds
[2024-07-06T16:19:12.065+0700] {processor.py:161} INFO - Started process (PID=56221) to work on /home/acer/.local/share/virtualenvs/custom_airflow-E5ZHcY_K/lib/python3.12/site-packages/airflow/example_dags/example_sla_dag.py
[2024-07-06T16:19:12.068+0700] {processor.py:830} INFO - Processing file /home/acer/.local/share/virtualenvs/custom_airflow-E5ZHcY_K/lib/python3.12/site-packages/airflow/example_dags/example_sla_dag.py for tasks to queue
[2024-07-06T16:19:12.073+0700] {logging_mixin.py:188} INFO - [2024-07-06T16:19:12.072+0700] {dagbag.py:545} INFO - Filling up the DagBag from /home/acer/.local/share/virtualenvs/custom_airflow-E5ZHcY_K/lib/python3.12/site-packages/airflow/example_dags/example_sla_dag.py
[2024-07-06T16:19:12.090+0700] {processor.py:840} INFO - DAG(s) 'example_sla_dag' retrieved from /home/acer/.local/share/virtualenvs/custom_airflow-E5ZHcY_K/lib/python3.12/site-packages/airflow/example_dags/example_sla_dag.py
[2024-07-06T16:19:12.109+0700] {logging_mixin.py:188} INFO - [2024-07-06T16:19:12.108+0700] {dag.py:3096} INFO - Sync 1 DAGs
[2024-07-06T16:19:12.138+0700] {logging_mixin.py:188} INFO - [2024-07-06T16:19:12.138+0700] {dag.py:3954} INFO - Setting next_dagrun for example_sla_dag to 2024-07-06 09:16:00+00:00, run_after=2024-07-06 09:18:00+00:00
[2024-07-06T16:19:12.161+0700] {processor.py:183} INFO - Processing /home/acer/.local/share/virtualenvs/custom_airflow-E5ZHcY_K/lib/python3.12/site-packages/airflow/example_dags/example_sla_dag.py took 0.130 seconds
[2024-07-06T16:20:11.504+0700] {processor.py:161} INFO - Started process (PID=57007) to work on /home/acer/.local/share/virtualenvs/custom_airflow-E5ZHcY_K/lib/python3.12/site-packages/airflow/example_dags/example_sla_dag.py
[2024-07-06T16:20:11.505+0700] {processor.py:830} INFO - Processing file /home/acer/.local/share/virtualenvs/custom_airflow-E5ZHcY_K/lib/python3.12/site-packages/airflow/example_dags/example_sla_dag.py for tasks to queue
[2024-07-06T16:20:11.507+0700] {logging_mixin.py:188} INFO - [2024-07-06T16:20:11.506+0700] {dagbag.py:545} INFO - Filling up the DagBag from /home/acer/.local/share/virtualenvs/custom_airflow-E5ZHcY_K/lib/python3.12/site-packages/airflow/example_dags/example_sla_dag.py
[2024-07-06T16:20:11.516+0700] {processor.py:840} INFO - DAG(s) 'example_sla_dag' retrieved from /home/acer/.local/share/virtualenvs/custom_airflow-E5ZHcY_K/lib/python3.12/site-packages/airflow/example_dags/example_sla_dag.py
[2024-07-06T16:20:11.530+0700] {logging_mixin.py:188} INFO - [2024-07-06T16:20:11.529+0700] {dag.py:3096} INFO - Sync 1 DAGs
[2024-07-06T16:20:11.553+0700] {logging_mixin.py:188} INFO - [2024-07-06T16:20:11.552+0700] {dag.py:3954} INFO - Setting next_dagrun for example_sla_dag to 2024-07-06 09:18:00+00:00, run_after=2024-07-06 09:20:00+00:00
[2024-07-06T16:20:11.575+0700] {processor.py:183} INFO - Processing /home/acer/.local/share/virtualenvs/custom_airflow-E5ZHcY_K/lib/python3.12/site-packages/airflow/example_dags/example_sla_dag.py took 0.077 seconds
[2024-07-06T16:21:07.909+0700] {processor.py:161} INFO - Started process (PID=57463) to work on /home/acer/.local/share/virtualenvs/custom_airflow-E5ZHcY_K/lib/python3.12/site-packages/airflow/example_dags/example_sla_dag.py
[2024-07-06T16:21:07.911+0700] {processor.py:830} INFO - Processing file /home/acer/.local/share/virtualenvs/custom_airflow-E5ZHcY_K/lib/python3.12/site-packages/airflow/example_dags/example_sla_dag.py for tasks to queue
[2024-07-06T16:21:07.913+0700] {logging_mixin.py:188} INFO - [2024-07-06T16:21:07.912+0700] {dagbag.py:545} INFO - Filling up the DagBag from /home/acer/.local/share/virtualenvs/custom_airflow-E5ZHcY_K/lib/python3.12/site-packages/airflow/example_dags/example_sla_dag.py
[2024-07-06T16:21:07.924+0700] {processor.py:840} INFO - DAG(s) 'example_sla_dag' retrieved from /home/acer/.local/share/virtualenvs/custom_airflow-E5ZHcY_K/lib/python3.12/site-packages/airflow/example_dags/example_sla_dag.py
[2024-07-06T16:21:07.939+0700] {logging_mixin.py:188} INFO - [2024-07-06T16:21:07.938+0700] {dag.py:3096} INFO - Sync 1 DAGs
[2024-07-06T16:21:07.970+0700] {logging_mixin.py:188} INFO - [2024-07-06T16:21:07.969+0700] {dag.py:3954} INFO - Setting next_dagrun for example_sla_dag to 2024-07-06 09:18:00+00:00, run_after=2024-07-06 09:20:00+00:00
[2024-07-06T16:21:07.993+0700] {processor.py:183} INFO - Processing /home/acer/.local/share/virtualenvs/custom_airflow-E5ZHcY_K/lib/python3.12/site-packages/airflow/example_dags/example_sla_dag.py took 0.090 seconds
[2024-07-06T16:21:57.929+0700] {processor.py:161} INFO - Started process (PID=57784) to work on /home/acer/.local/share/virtualenvs/custom_airflow-E5ZHcY_K/lib/python3.12/site-packages/airflow/example_dags/example_sla_dag.py
[2024-07-06T16:21:57.931+0700] {processor.py:830} INFO - Processing file /home/acer/.local/share/virtualenvs/custom_airflow-E5ZHcY_K/lib/python3.12/site-packages/airflow/example_dags/example_sla_dag.py for tasks to queue
[2024-07-06T16:21:57.934+0700] {logging_mixin.py:188} INFO - [2024-07-06T16:21:57.933+0700] {dagbag.py:545} INFO - Filling up the DagBag from /home/acer/.local/share/virtualenvs/custom_airflow-E5ZHcY_K/lib/python3.12/site-packages/airflow/example_dags/example_sla_dag.py
[2024-07-06T16:21:57.949+0700] {processor.py:840} INFO - DAG(s) 'example_sla_dag' retrieved from /home/acer/.local/share/virtualenvs/custom_airflow-E5ZHcY_K/lib/python3.12/site-packages/airflow/example_dags/example_sla_dag.py
[2024-07-06T16:21:57.965+0700] {logging_mixin.py:188} INFO - [2024-07-06T16:21:57.965+0700] {dag.py:3096} INFO - Sync 1 DAGs
[2024-07-06T16:21:57.988+0700] {logging_mixin.py:188} INFO - [2024-07-06T16:21:57.988+0700] {dag.py:3954} INFO - Setting next_dagrun for example_sla_dag to 2024-07-06 09:18:00+00:00, run_after=2024-07-06 09:20:00+00:00
[2024-07-06T16:21:58.020+0700] {processor.py:183} INFO - Processing /home/acer/.local/share/virtualenvs/custom_airflow-E5ZHcY_K/lib/python3.12/site-packages/airflow/example_dags/example_sla_dag.py took 0.103 seconds
[2024-07-06T16:22:46.230+0700] {processor.py:161} INFO - Started process (PID=58034) to work on /home/acer/.local/share/virtualenvs/custom_airflow-E5ZHcY_K/lib/python3.12/site-packages/airflow/example_dags/example_sla_dag.py
[2024-07-06T16:22:46.232+0700] {processor.py:830} INFO - Processing file /home/acer/.local/share/virtualenvs/custom_airflow-E5ZHcY_K/lib/python3.12/site-packages/airflow/example_dags/example_sla_dag.py for tasks to queue
[2024-07-06T16:22:46.234+0700] {logging_mixin.py:188} INFO - [2024-07-06T16:22:46.233+0700] {dagbag.py:545} INFO - Filling up the DagBag from /home/acer/.local/share/virtualenvs/custom_airflow-E5ZHcY_K/lib/python3.12/site-packages/airflow/example_dags/example_sla_dag.py
[2024-07-06T16:22:46.246+0700] {processor.py:840} INFO - DAG(s) 'example_sla_dag' retrieved from /home/acer/.local/share/virtualenvs/custom_airflow-E5ZHcY_K/lib/python3.12/site-packages/airflow/example_dags/example_sla_dag.py
[2024-07-06T16:22:46.266+0700] {logging_mixin.py:188} INFO - [2024-07-06T16:22:46.265+0700] {dag.py:3096} INFO - Sync 1 DAGs
[2024-07-06T16:22:46.302+0700] {logging_mixin.py:188} INFO - [2024-07-06T16:22:46.302+0700] {dag.py:3954} INFO - Setting next_dagrun for example_sla_dag to 2024-07-06 09:20:00+00:00, run_after=2024-07-06 09:22:00+00:00
[2024-07-06T16:22:46.329+0700] {processor.py:183} INFO - Processing /home/acer/.local/share/virtualenvs/custom_airflow-E5ZHcY_K/lib/python3.12/site-packages/airflow/example_dags/example_sla_dag.py took 0.109 seconds
[2024-07-06T16:24:10.439+0700] {processor.py:161} INFO - Started process (PID=59113) to work on /home/acer/.local/share/virtualenvs/custom_airflow-E5ZHcY_K/lib/python3.12/site-packages/airflow/example_dags/example_sla_dag.py
[2024-07-06T16:24:10.441+0700] {processor.py:830} INFO - Processing file /home/acer/.local/share/virtualenvs/custom_airflow-E5ZHcY_K/lib/python3.12/site-packages/airflow/example_dags/example_sla_dag.py for tasks to queue
[2024-07-06T16:24:10.444+0700] {logging_mixin.py:188} INFO - [2024-07-06T16:24:10.443+0700] {dagbag.py:545} INFO - Filling up the DagBag from /home/acer/.local/share/virtualenvs/custom_airflow-E5ZHcY_K/lib/python3.12/site-packages/airflow/example_dags/example_sla_dag.py
[2024-07-06T16:24:10.457+0700] {processor.py:840} INFO - DAG(s) 'example_sla_dag' retrieved from /home/acer/.local/share/virtualenvs/custom_airflow-E5ZHcY_K/lib/python3.12/site-packages/airflow/example_dags/example_sla_dag.py
[2024-07-06T16:24:10.471+0700] {logging_mixin.py:188} INFO - [2024-07-06T16:24:10.471+0700] {dag.py:3096} INFO - Sync 1 DAGs
[2024-07-06T16:24:10.494+0700] {logging_mixin.py:188} INFO - [2024-07-06T16:24:10.494+0700] {dag.py:3954} INFO - Setting next_dagrun for example_sla_dag to 2024-07-06 09:22:00+00:00, run_after=2024-07-06 09:24:00+00:00
[2024-07-06T16:24:10.514+0700] {processor.py:183} INFO - Processing /home/acer/.local/share/virtualenvs/custom_airflow-E5ZHcY_K/lib/python3.12/site-packages/airflow/example_dags/example_sla_dag.py took 0.095 seconds
[2024-07-06T16:25:06.148+0700] {processor.py:161} INFO - Started process (PID=59525) to work on /home/acer/.local/share/virtualenvs/custom_airflow-E5ZHcY_K/lib/python3.12/site-packages/airflow/example_dags/example_sla_dag.py
[2024-07-06T16:25:06.149+0700] {processor.py:830} INFO - Processing file /home/acer/.local/share/virtualenvs/custom_airflow-E5ZHcY_K/lib/python3.12/site-packages/airflow/example_dags/example_sla_dag.py for tasks to queue
[2024-07-06T16:25:06.151+0700] {logging_mixin.py:188} INFO - [2024-07-06T16:25:06.151+0700] {dagbag.py:545} INFO - Filling up the DagBag from /home/acer/.local/share/virtualenvs/custom_airflow-E5ZHcY_K/lib/python3.12/site-packages/airflow/example_dags/example_sla_dag.py
[2024-07-06T16:25:06.160+0700] {processor.py:840} INFO - DAG(s) 'example_sla_dag' retrieved from /home/acer/.local/share/virtualenvs/custom_airflow-E5ZHcY_K/lib/python3.12/site-packages/airflow/example_dags/example_sla_dag.py
[2024-07-06T16:25:06.174+0700] {logging_mixin.py:188} INFO - [2024-07-06T16:25:06.174+0700] {dag.py:3096} INFO - Sync 1 DAGs
[2024-07-06T16:25:06.197+0700] {logging_mixin.py:188} INFO - [2024-07-06T16:25:06.197+0700] {dag.py:3954} INFO - Setting next_dagrun for example_sla_dag to 2024-07-06 09:22:00+00:00, run_after=2024-07-06 09:24:00+00:00
[2024-07-06T16:25:06.226+0700] {processor.py:183} INFO - Processing /home/acer/.local/share/virtualenvs/custom_airflow-E5ZHcY_K/lib/python3.12/site-packages/airflow/example_dags/example_sla_dag.py took 0.085 seconds
[2024-07-06T16:25:58.237+0700] {processor.py:161} INFO - Started process (PID=59975) to work on /home/acer/.local/share/virtualenvs/custom_airflow-E5ZHcY_K/lib/python3.12/site-packages/airflow/example_dags/example_sla_dag.py
[2024-07-06T16:25:58.238+0700] {processor.py:830} INFO - Processing file /home/acer/.local/share/virtualenvs/custom_airflow-E5ZHcY_K/lib/python3.12/site-packages/airflow/example_dags/example_sla_dag.py for tasks to queue
[2024-07-06T16:25:58.239+0700] {logging_mixin.py:188} INFO - [2024-07-06T16:25:58.239+0700] {dagbag.py:545} INFO - Filling up the DagBag from /home/acer/.local/share/virtualenvs/custom_airflow-E5ZHcY_K/lib/python3.12/site-packages/airflow/example_dags/example_sla_dag.py
[2024-07-06T16:25:58.249+0700] {processor.py:840} INFO - DAG(s) 'example_sla_dag' retrieved from /home/acer/.local/share/virtualenvs/custom_airflow-E5ZHcY_K/lib/python3.12/site-packages/airflow/example_dags/example_sla_dag.py
[2024-07-06T16:25:58.263+0700] {logging_mixin.py:188} INFO - [2024-07-06T16:25:58.263+0700] {dag.py:3096} INFO - Sync 1 DAGs
[2024-07-06T16:25:58.287+0700] {logging_mixin.py:188} INFO - [2024-07-06T16:25:58.286+0700] {dag.py:3954} INFO - Setting next_dagrun for example_sla_dag to 2024-07-06 09:22:00+00:00, run_after=2024-07-06 09:24:00+00:00
[2024-07-06T16:25:58.307+0700] {processor.py:183} INFO - Processing /home/acer/.local/share/virtualenvs/custom_airflow-E5ZHcY_K/lib/python3.12/site-packages/airflow/example_dags/example_sla_dag.py took 0.076 seconds
[2024-07-06T16:26:49.794+0700] {processor.py:161} INFO - Started process (PID=60212) to work on /home/acer/.local/share/virtualenvs/custom_airflow-E5ZHcY_K/lib/python3.12/site-packages/airflow/example_dags/example_sla_dag.py
[2024-07-06T16:26:49.795+0700] {processor.py:830} INFO - Processing file /home/acer/.local/share/virtualenvs/custom_airflow-E5ZHcY_K/lib/python3.12/site-packages/airflow/example_dags/example_sla_dag.py for tasks to queue
[2024-07-06T16:26:49.797+0700] {logging_mixin.py:188} INFO - [2024-07-06T16:26:49.796+0700] {dagbag.py:545} INFO - Filling up the DagBag from /home/acer/.local/share/virtualenvs/custom_airflow-E5ZHcY_K/lib/python3.12/site-packages/airflow/example_dags/example_sla_dag.py
[2024-07-06T16:26:49.806+0700] {processor.py:840} INFO - DAG(s) 'example_sla_dag' retrieved from /home/acer/.local/share/virtualenvs/custom_airflow-E5ZHcY_K/lib/python3.12/site-packages/airflow/example_dags/example_sla_dag.py
[2024-07-06T16:26:49.820+0700] {logging_mixin.py:188} INFO - [2024-07-06T16:26:49.820+0700] {dag.py:3096} INFO - Sync 1 DAGs
[2024-07-06T16:26:49.846+0700] {logging_mixin.py:188} INFO - [2024-07-06T16:26:49.846+0700] {dag.py:3954} INFO - Setting next_dagrun for example_sla_dag to 2024-07-06 09:24:00+00:00, run_after=2024-07-06 09:26:00+00:00
[2024-07-06T16:26:49.867+0700] {processor.py:183} INFO - Processing /home/acer/.local/share/virtualenvs/custom_airflow-E5ZHcY_K/lib/python3.12/site-packages/airflow/example_dags/example_sla_dag.py took 0.078 seconds
[2024-07-06T16:27:36.780+0700] {processor.py:161} INFO - Started process (PID=60481) to work on /home/acer/.local/share/virtualenvs/custom_airflow-E5ZHcY_K/lib/python3.12/site-packages/airflow/example_dags/example_sla_dag.py
[2024-07-06T16:27:36.781+0700] {processor.py:830} INFO - Processing file /home/acer/.local/share/virtualenvs/custom_airflow-E5ZHcY_K/lib/python3.12/site-packages/airflow/example_dags/example_sla_dag.py for tasks to queue
[2024-07-06T16:27:36.782+0700] {logging_mixin.py:188} INFO - [2024-07-06T16:27:36.782+0700] {dagbag.py:545} INFO - Filling up the DagBag from /home/acer/.local/share/virtualenvs/custom_airflow-E5ZHcY_K/lib/python3.12/site-packages/airflow/example_dags/example_sla_dag.py
[2024-07-06T16:27:36.790+0700] {processor.py:840} INFO - DAG(s) 'example_sla_dag' retrieved from /home/acer/.local/share/virtualenvs/custom_airflow-E5ZHcY_K/lib/python3.12/site-packages/airflow/example_dags/example_sla_dag.py
[2024-07-06T16:27:36.805+0700] {logging_mixin.py:188} INFO - [2024-07-06T16:27:36.805+0700] {dag.py:3096} INFO - Sync 1 DAGs
[2024-07-06T16:27:36.828+0700] {logging_mixin.py:188} INFO - [2024-07-06T16:27:36.827+0700] {dag.py:3954} INFO - Setting next_dagrun for example_sla_dag to 2024-07-06 09:24:00+00:00, run_after=2024-07-06 09:26:00+00:00
[2024-07-06T16:27:36.850+0700] {processor.py:183} INFO - Processing /home/acer/.local/share/virtualenvs/custom_airflow-E5ZHcY_K/lib/python3.12/site-packages/airflow/example_dags/example_sla_dag.py took 0.076 seconds
[2024-07-06T16:28:22.045+0700] {processor.py:161} INFO - Started process (PID=60700) to work on /home/acer/.local/share/virtualenvs/custom_airflow-E5ZHcY_K/lib/python3.12/site-packages/airflow/example_dags/example_sla_dag.py
[2024-07-06T16:28:22.046+0700] {processor.py:830} INFO - Processing file /home/acer/.local/share/virtualenvs/custom_airflow-E5ZHcY_K/lib/python3.12/site-packages/airflow/example_dags/example_sla_dag.py for tasks to queue
[2024-07-06T16:28:22.048+0700] {logging_mixin.py:188} INFO - [2024-07-06T16:28:22.047+0700] {dagbag.py:545} INFO - Filling up the DagBag from /home/acer/.local/share/virtualenvs/custom_airflow-E5ZHcY_K/lib/python3.12/site-packages/airflow/example_dags/example_sla_dag.py
[2024-07-06T16:28:22.058+0700] {processor.py:840} INFO - DAG(s) 'example_sla_dag' retrieved from /home/acer/.local/share/virtualenvs/custom_airflow-E5ZHcY_K/lib/python3.12/site-packages/airflow/example_dags/example_sla_dag.py
[2024-07-06T16:28:22.073+0700] {logging_mixin.py:188} INFO - [2024-07-06T16:28:22.073+0700] {dag.py:3096} INFO - Sync 1 DAGs
[2024-07-06T16:28:22.096+0700] {logging_mixin.py:188} INFO - [2024-07-06T16:28:22.096+0700] {dag.py:3954} INFO - Setting next_dagrun for example_sla_dag to 2024-07-06 09:26:00+00:00, run_after=2024-07-06 09:28:00+00:00
[2024-07-06T16:28:22.116+0700] {processor.py:183} INFO - Processing /home/acer/.local/share/virtualenvs/custom_airflow-E5ZHcY_K/lib/python3.12/site-packages/airflow/example_dags/example_sla_dag.py took 0.078 seconds
[2024-07-06T16:29:07.719+0700] {processor.py:161} INFO - Started process (PID=60923) to work on /home/acer/.local/share/virtualenvs/custom_airflow-E5ZHcY_K/lib/python3.12/site-packages/airflow/example_dags/example_sla_dag.py
[2024-07-06T16:29:07.719+0700] {processor.py:830} INFO - Processing file /home/acer/.local/share/virtualenvs/custom_airflow-E5ZHcY_K/lib/python3.12/site-packages/airflow/example_dags/example_sla_dag.py for tasks to queue
[2024-07-06T16:29:07.721+0700] {logging_mixin.py:188} INFO - [2024-07-06T16:29:07.721+0700] {dagbag.py:545} INFO - Filling up the DagBag from /home/acer/.local/share/virtualenvs/custom_airflow-E5ZHcY_K/lib/python3.12/site-packages/airflow/example_dags/example_sla_dag.py
[2024-07-06T16:29:07.730+0700] {processor.py:840} INFO - DAG(s) 'example_sla_dag' retrieved from /home/acer/.local/share/virtualenvs/custom_airflow-E5ZHcY_K/lib/python3.12/site-packages/airflow/example_dags/example_sla_dag.py
[2024-07-06T16:29:07.744+0700] {logging_mixin.py:188} INFO - [2024-07-06T16:29:07.744+0700] {dag.py:3096} INFO - Sync 1 DAGs
[2024-07-06T16:29:07.768+0700] {logging_mixin.py:188} INFO - [2024-07-06T16:29:07.767+0700] {dag.py:3954} INFO - Setting next_dagrun for example_sla_dag to 2024-07-06 09:26:00+00:00, run_after=2024-07-06 09:28:00+00:00
[2024-07-06T16:29:07.788+0700] {processor.py:183} INFO - Processing /home/acer/.local/share/virtualenvs/custom_airflow-E5ZHcY_K/lib/python3.12/site-packages/airflow/example_dags/example_sla_dag.py took 0.074 seconds
[2024-07-06T16:29:54.612+0700] {processor.py:161} INFO - Started process (PID=61160) to work on /home/acer/.local/share/virtualenvs/custom_airflow-E5ZHcY_K/lib/python3.12/site-packages/airflow/example_dags/example_sla_dag.py
[2024-07-06T16:29:54.613+0700] {processor.py:830} INFO - Processing file /home/acer/.local/share/virtualenvs/custom_airflow-E5ZHcY_K/lib/python3.12/site-packages/airflow/example_dags/example_sla_dag.py for tasks to queue
[2024-07-06T16:29:54.615+0700] {logging_mixin.py:188} INFO - [2024-07-06T16:29:54.615+0700] {dagbag.py:545} INFO - Filling up the DagBag from /home/acer/.local/share/virtualenvs/custom_airflow-E5ZHcY_K/lib/python3.12/site-packages/airflow/example_dags/example_sla_dag.py
[2024-07-06T16:29:54.624+0700] {processor.py:840} INFO - DAG(s) 'example_sla_dag' retrieved from /home/acer/.local/share/virtualenvs/custom_airflow-E5ZHcY_K/lib/python3.12/site-packages/airflow/example_dags/example_sla_dag.py
[2024-07-06T16:29:54.638+0700] {logging_mixin.py:188} INFO - [2024-07-06T16:29:54.638+0700] {dag.py:3096} INFO - Sync 1 DAGs
[2024-07-06T16:29:54.662+0700] {logging_mixin.py:188} INFO - [2024-07-06T16:29:54.662+0700] {dag.py:3954} INFO - Setting next_dagrun for example_sla_dag to 2024-07-06 09:26:00+00:00, run_after=2024-07-06 09:28:00+00:00
[2024-07-06T16:29:54.683+0700] {processor.py:183} INFO - Processing /home/acer/.local/share/virtualenvs/custom_airflow-E5ZHcY_K/lib/python3.12/site-packages/airflow/example_dags/example_sla_dag.py took 0.076 seconds
[2024-07-06T16:30:39.584+0700] {processor.py:161} INFO - Started process (PID=61411) to work on /home/acer/.local/share/virtualenvs/custom_airflow-E5ZHcY_K/lib/python3.12/site-packages/airflow/example_dags/example_sla_dag.py
[2024-07-06T16:30:39.585+0700] {processor.py:830} INFO - Processing file /home/acer/.local/share/virtualenvs/custom_airflow-E5ZHcY_K/lib/python3.12/site-packages/airflow/example_dags/example_sla_dag.py for tasks to queue
[2024-07-06T16:30:39.586+0700] {logging_mixin.py:188} INFO - [2024-07-06T16:30:39.586+0700] {dagbag.py:545} INFO - Filling up the DagBag from /home/acer/.local/share/virtualenvs/custom_airflow-E5ZHcY_K/lib/python3.12/site-packages/airflow/example_dags/example_sla_dag.py
[2024-07-06T16:30:39.597+0700] {processor.py:840} INFO - DAG(s) 'example_sla_dag' retrieved from /home/acer/.local/share/virtualenvs/custom_airflow-E5ZHcY_K/lib/python3.12/site-packages/airflow/example_dags/example_sla_dag.py
[2024-07-06T16:30:39.613+0700] {logging_mixin.py:188} INFO - [2024-07-06T16:30:39.613+0700] {dag.py:3096} INFO - Sync 1 DAGs
[2024-07-06T16:30:39.636+0700] {logging_mixin.py:188} INFO - [2024-07-06T16:30:39.636+0700] {dag.py:3954} INFO - Setting next_dagrun for example_sla_dag to 2024-07-06 09:28:00+00:00, run_after=2024-07-06 09:30:00+00:00
[2024-07-06T16:30:39.656+0700] {processor.py:183} INFO - Processing /home/acer/.local/share/virtualenvs/custom_airflow-E5ZHcY_K/lib/python3.12/site-packages/airflow/example_dags/example_sla_dag.py took 0.078 seconds
[2024-07-06T16:31:24.986+0700] {processor.py:161} INFO - Started process (PID=61654) to work on /home/acer/.local/share/virtualenvs/custom_airflow-E5ZHcY_K/lib/python3.12/site-packages/airflow/example_dags/example_sla_dag.py
[2024-07-06T16:31:24.989+0700] {processor.py:830} INFO - Processing file /home/acer/.local/share/virtualenvs/custom_airflow-E5ZHcY_K/lib/python3.12/site-packages/airflow/example_dags/example_sla_dag.py for tasks to queue
[2024-07-06T16:31:24.993+0700] {logging_mixin.py:188} INFO - [2024-07-06T16:31:24.992+0700] {dagbag.py:545} INFO - Filling up the DagBag from /home/acer/.local/share/virtualenvs/custom_airflow-E5ZHcY_K/lib/python3.12/site-packages/airflow/example_dags/example_sla_dag.py
[2024-07-06T16:31:25.006+0700] {processor.py:840} INFO - DAG(s) 'example_sla_dag' retrieved from /home/acer/.local/share/virtualenvs/custom_airflow-E5ZHcY_K/lib/python3.12/site-packages/airflow/example_dags/example_sla_dag.py
[2024-07-06T16:31:25.021+0700] {logging_mixin.py:188} INFO - [2024-07-06T16:31:25.021+0700] {dag.py:3096} INFO - Sync 1 DAGs
[2024-07-06T16:31:25.045+0700] {logging_mixin.py:188} INFO - [2024-07-06T16:31:25.045+0700] {dag.py:3954} INFO - Setting next_dagrun for example_sla_dag to 2024-07-06 09:28:00+00:00, run_after=2024-07-06 09:30:00+00:00
[2024-07-06T16:31:25.065+0700] {processor.py:183} INFO - Processing /home/acer/.local/share/virtualenvs/custom_airflow-E5ZHcY_K/lib/python3.12/site-packages/airflow/example_dags/example_sla_dag.py took 0.099 seconds
[2024-07-06T16:32:18.979+0700] {processor.py:161} INFO - Started process (PID=61910) to work on /home/acer/.local/share/virtualenvs/custom_airflow-E5ZHcY_K/lib/python3.12/site-packages/airflow/example_dags/example_sla_dag.py
[2024-07-06T16:32:18.980+0700] {processor.py:830} INFO - Processing file /home/acer/.local/share/virtualenvs/custom_airflow-E5ZHcY_K/lib/python3.12/site-packages/airflow/example_dags/example_sla_dag.py for tasks to queue
[2024-07-06T16:32:18.982+0700] {logging_mixin.py:188} INFO - [2024-07-06T16:32:18.981+0700] {dagbag.py:545} INFO - Filling up the DagBag from /home/acer/.local/share/virtualenvs/custom_airflow-E5ZHcY_K/lib/python3.12/site-packages/airflow/example_dags/example_sla_dag.py
[2024-07-06T16:32:18.990+0700] {processor.py:840} INFO - DAG(s) 'example_sla_dag' retrieved from /home/acer/.local/share/virtualenvs/custom_airflow-E5ZHcY_K/lib/python3.12/site-packages/airflow/example_dags/example_sla_dag.py
[2024-07-06T16:32:19.004+0700] {logging_mixin.py:188} INFO - [2024-07-06T16:32:19.004+0700] {dag.py:3096} INFO - Sync 1 DAGs
[2024-07-06T16:32:19.027+0700] {logging_mixin.py:188} INFO - [2024-07-06T16:32:19.027+0700] {dag.py:3954} INFO - Setting next_dagrun for example_sla_dag to 2024-07-06 09:30:00+00:00, run_after=2024-07-06 09:32:00+00:00
[2024-07-06T16:32:19.048+0700] {processor.py:183} INFO - Processing /home/acer/.local/share/virtualenvs/custom_airflow-E5ZHcY_K/lib/python3.12/site-packages/airflow/example_dags/example_sla_dag.py took 0.074 seconds
[2024-07-06T16:33:08.660+0700] {processor.py:161} INFO - Started process (PID=62159) to work on /home/acer/.local/share/virtualenvs/custom_airflow-E5ZHcY_K/lib/python3.12/site-packages/airflow/example_dags/example_sla_dag.py
[2024-07-06T16:33:08.662+0700] {processor.py:830} INFO - Processing file /home/acer/.local/share/virtualenvs/custom_airflow-E5ZHcY_K/lib/python3.12/site-packages/airflow/example_dags/example_sla_dag.py for tasks to queue
[2024-07-06T16:33:08.667+0700] {logging_mixin.py:188} INFO - [2024-07-06T16:33:08.666+0700] {dagbag.py:545} INFO - Filling up the DagBag from /home/acer/.local/share/virtualenvs/custom_airflow-E5ZHcY_K/lib/python3.12/site-packages/airflow/example_dags/example_sla_dag.py
[2024-07-06T16:33:08.683+0700] {processor.py:840} INFO - DAG(s) 'example_sla_dag' retrieved from /home/acer/.local/share/virtualenvs/custom_airflow-E5ZHcY_K/lib/python3.12/site-packages/airflow/example_dags/example_sla_dag.py
[2024-07-06T16:33:08.707+0700] {logging_mixin.py:188} INFO - [2024-07-06T16:33:08.707+0700] {dag.py:3096} INFO - Sync 1 DAGs
[2024-07-06T16:33:08.732+0700] {logging_mixin.py:188} INFO - [2024-07-06T16:33:08.732+0700] {dag.py:3954} INFO - Setting next_dagrun for example_sla_dag to 2024-07-06 09:30:00+00:00, run_after=2024-07-06 09:32:00+00:00
[2024-07-06T16:33:08.753+0700] {processor.py:183} INFO - Processing /home/acer/.local/share/virtualenvs/custom_airflow-E5ZHcY_K/lib/python3.12/site-packages/airflow/example_dags/example_sla_dag.py took 0.112 seconds
[2024-07-06T16:33:55.195+0700] {processor.py:161} INFO - Started process (PID=62413) to work on /home/acer/.local/share/virtualenvs/custom_airflow-E5ZHcY_K/lib/python3.12/site-packages/airflow/example_dags/example_sla_dag.py
[2024-07-06T16:33:55.196+0700] {processor.py:830} INFO - Processing file /home/acer/.local/share/virtualenvs/custom_airflow-E5ZHcY_K/lib/python3.12/site-packages/airflow/example_dags/example_sla_dag.py for tasks to queue
[2024-07-06T16:33:55.197+0700] {logging_mixin.py:188} INFO - [2024-07-06T16:33:55.197+0700] {dagbag.py:545} INFO - Filling up the DagBag from /home/acer/.local/share/virtualenvs/custom_airflow-E5ZHcY_K/lib/python3.12/site-packages/airflow/example_dags/example_sla_dag.py
[2024-07-06T16:33:55.206+0700] {processor.py:840} INFO - DAG(s) 'example_sla_dag' retrieved from /home/acer/.local/share/virtualenvs/custom_airflow-E5ZHcY_K/lib/python3.12/site-packages/airflow/example_dags/example_sla_dag.py
[2024-07-06T16:33:55.222+0700] {logging_mixin.py:188} INFO - [2024-07-06T16:33:55.221+0700] {dag.py:3096} INFO - Sync 1 DAGs
[2024-07-06T16:33:55.245+0700] {logging_mixin.py:188} INFO - [2024-07-06T16:33:55.245+0700] {dag.py:3954} INFO - Setting next_dagrun for example_sla_dag to 2024-07-06 09:30:00+00:00, run_after=2024-07-06 09:32:00+00:00
[2024-07-06T16:33:55.265+0700] {processor.py:183} INFO - Processing /home/acer/.local/share/virtualenvs/custom_airflow-E5ZHcY_K/lib/python3.12/site-packages/airflow/example_dags/example_sla_dag.py took 0.076 seconds
[2024-07-06T16:34:41.826+0700] {processor.py:161} INFO - Started process (PID=62641) to work on /home/acer/.local/share/virtualenvs/custom_airflow-E5ZHcY_K/lib/python3.12/site-packages/airflow/example_dags/example_sla_dag.py
[2024-07-06T16:34:41.828+0700] {processor.py:830} INFO - Processing file /home/acer/.local/share/virtualenvs/custom_airflow-E5ZHcY_K/lib/python3.12/site-packages/airflow/example_dags/example_sla_dag.py for tasks to queue
[2024-07-06T16:34:41.833+0700] {logging_mixin.py:188} INFO - [2024-07-06T16:34:41.832+0700] {dagbag.py:545} INFO - Filling up the DagBag from /home/acer/.local/share/virtualenvs/custom_airflow-E5ZHcY_K/lib/python3.12/site-packages/airflow/example_dags/example_sla_dag.py
[2024-07-06T16:34:41.848+0700] {processor.py:840} INFO - DAG(s) 'example_sla_dag' retrieved from /home/acer/.local/share/virtualenvs/custom_airflow-E5ZHcY_K/lib/python3.12/site-packages/airflow/example_dags/example_sla_dag.py
[2024-07-06T16:34:41.864+0700] {logging_mixin.py:188} INFO - [2024-07-06T16:34:41.863+0700] {dag.py:3096} INFO - Sync 1 DAGs
[2024-07-06T16:34:41.888+0700] {logging_mixin.py:188} INFO - [2024-07-06T16:34:41.887+0700] {dag.py:3954} INFO - Setting next_dagrun for example_sla_dag to 2024-07-06 09:32:00+00:00, run_after=2024-07-06 09:34:00+00:00
[2024-07-06T16:34:41.907+0700] {processor.py:183} INFO - Processing /home/acer/.local/share/virtualenvs/custom_airflow-E5ZHcY_K/lib/python3.12/site-packages/airflow/example_dags/example_sla_dag.py took 0.094 seconds
[2024-07-06T16:35:31.600+0700] {processor.py:161} INFO - Started process (PID=62920) to work on /home/acer/.local/share/virtualenvs/custom_airflow-E5ZHcY_K/lib/python3.12/site-packages/airflow/example_dags/example_sla_dag.py
[2024-07-06T16:35:31.601+0700] {processor.py:830} INFO - Processing file /home/acer/.local/share/virtualenvs/custom_airflow-E5ZHcY_K/lib/python3.12/site-packages/airflow/example_dags/example_sla_dag.py for tasks to queue
[2024-07-06T16:35:31.603+0700] {logging_mixin.py:188} INFO - [2024-07-06T16:35:31.602+0700] {dagbag.py:545} INFO - Filling up the DagBag from /home/acer/.local/share/virtualenvs/custom_airflow-E5ZHcY_K/lib/python3.12/site-packages/airflow/example_dags/example_sla_dag.py
[2024-07-06T16:35:31.612+0700] {processor.py:840} INFO - DAG(s) 'example_sla_dag' retrieved from /home/acer/.local/share/virtualenvs/custom_airflow-E5ZHcY_K/lib/python3.12/site-packages/airflow/example_dags/example_sla_dag.py
[2024-07-06T16:35:31.626+0700] {logging_mixin.py:188} INFO - [2024-07-06T16:35:31.626+0700] {dag.py:3096} INFO - Sync 1 DAGs
[2024-07-06T16:35:31.649+0700] {logging_mixin.py:188} INFO - [2024-07-06T16:35:31.649+0700] {dag.py:3954} INFO - Setting next_dagrun for example_sla_dag to 2024-07-06 09:32:00+00:00, run_after=2024-07-06 09:34:00+00:00
[2024-07-06T16:35:31.670+0700] {processor.py:183} INFO - Processing /home/acer/.local/share/virtualenvs/custom_airflow-E5ZHcY_K/lib/python3.12/site-packages/airflow/example_dags/example_sla_dag.py took 0.075 seconds
[2024-07-06T16:36:19.360+0700] {processor.py:161} INFO - Started process (PID=63212) to work on /home/acer/.local/share/virtualenvs/custom_airflow-E5ZHcY_K/lib/python3.12/site-packages/airflow/example_dags/example_sla_dag.py
[2024-07-06T16:36:19.361+0700] {processor.py:830} INFO - Processing file /home/acer/.local/share/virtualenvs/custom_airflow-E5ZHcY_K/lib/python3.12/site-packages/airflow/example_dags/example_sla_dag.py for tasks to queue
[2024-07-06T16:36:19.363+0700] {logging_mixin.py:188} INFO - [2024-07-06T16:36:19.363+0700] {dagbag.py:545} INFO - Filling up the DagBag from /home/acer/.local/share/virtualenvs/custom_airflow-E5ZHcY_K/lib/python3.12/site-packages/airflow/example_dags/example_sla_dag.py
[2024-07-06T16:36:19.372+0700] {processor.py:840} INFO - DAG(s) 'example_sla_dag' retrieved from /home/acer/.local/share/virtualenvs/custom_airflow-E5ZHcY_K/lib/python3.12/site-packages/airflow/example_dags/example_sla_dag.py
[2024-07-06T16:36:19.386+0700] {logging_mixin.py:188} INFO - [2024-07-06T16:36:19.386+0700] {dag.py:3096} INFO - Sync 1 DAGs
[2024-07-06T16:36:19.410+0700] {logging_mixin.py:188} INFO - [2024-07-06T16:36:19.410+0700] {dag.py:3954} INFO - Setting next_dagrun for example_sla_dag to 2024-07-06 09:34:00+00:00, run_after=2024-07-06 09:36:00+00:00
[2024-07-06T16:36:19.430+0700] {processor.py:183} INFO - Processing /home/acer/.local/share/virtualenvs/custom_airflow-E5ZHcY_K/lib/python3.12/site-packages/airflow/example_dags/example_sla_dag.py took 0.075 seconds
[2024-07-06T21:54:26.046+0700] {processor.py:161} INFO - Started process (PID=11853) to work on /home/acer/.local/share/virtualenvs/custom_airflow-E5ZHcY_K/lib/python3.12/site-packages/airflow/example_dags/example_sla_dag.py
[2024-07-06T21:54:26.047+0700] {processor.py:830} INFO - Processing file /home/acer/.local/share/virtualenvs/custom_airflow-E5ZHcY_K/lib/python3.12/site-packages/airflow/example_dags/example_sla_dag.py for tasks to queue
[2024-07-06T21:54:26.049+0700] {logging_mixin.py:188} INFO - [2024-07-06T21:54:26.048+0700] {dagbag.py:545} INFO - Filling up the DagBag from /home/acer/.local/share/virtualenvs/custom_airflow-E5ZHcY_K/lib/python3.12/site-packages/airflow/example_dags/example_sla_dag.py
[2024-07-06T21:54:26.060+0700] {processor.py:840} INFO - DAG(s) 'example_sla_dag' retrieved from /home/acer/.local/share/virtualenvs/custom_airflow-E5ZHcY_K/lib/python3.12/site-packages/airflow/example_dags/example_sla_dag.py
[2024-07-06T21:54:26.079+0700] {logging_mixin.py:188} INFO - [2024-07-06T21:54:26.079+0700] {dag.py:3096} INFO - Sync 1 DAGs
[2024-07-06T21:54:26.104+0700] {logging_mixin.py:188} INFO - [2024-07-06T21:54:26.104+0700] {dag.py:3954} INFO - Setting next_dagrun for example_sla_dag to 2024-07-06 14:52:00+00:00, run_after=2024-07-06 14:54:00+00:00
[2024-07-06T21:54:26.126+0700] {processor.py:183} INFO - Processing /home/acer/.local/share/virtualenvs/custom_airflow-E5ZHcY_K/lib/python3.12/site-packages/airflow/example_dags/example_sla_dag.py took 0.085 seconds
[2024-07-06T21:55:22.981+0700] {processor.py:161} INFO - Started process (PID=12515) to work on /home/acer/.local/share/virtualenvs/custom_airflow-E5ZHcY_K/lib/python3.12/site-packages/airflow/example_dags/example_sla_dag.py
[2024-07-06T21:55:22.982+0700] {processor.py:830} INFO - Processing file /home/acer/.local/share/virtualenvs/custom_airflow-E5ZHcY_K/lib/python3.12/site-packages/airflow/example_dags/example_sla_dag.py for tasks to queue
[2024-07-06T21:55:22.984+0700] {logging_mixin.py:188} INFO - [2024-07-06T21:55:22.984+0700] {dagbag.py:545} INFO - Filling up the DagBag from /home/acer/.local/share/virtualenvs/custom_airflow-E5ZHcY_K/lib/python3.12/site-packages/airflow/example_dags/example_sla_dag.py
[2024-07-06T21:55:22.998+0700] {processor.py:840} INFO - DAG(s) 'example_sla_dag' retrieved from /home/acer/.local/share/virtualenvs/custom_airflow-E5ZHcY_K/lib/python3.12/site-packages/airflow/example_dags/example_sla_dag.py
[2024-07-06T21:55:23.022+0700] {logging_mixin.py:188} INFO - [2024-07-06T21:55:23.021+0700] {dag.py:3096} INFO - Sync 1 DAGs
[2024-07-06T21:55:23.067+0700] {logging_mixin.py:188} INFO - [2024-07-06T21:55:23.067+0700] {dag.py:3954} INFO - Setting next_dagrun for example_sla_dag to 2024-07-06 14:52:00+00:00, run_after=2024-07-06 14:54:00+00:00
[2024-07-06T21:55:23.092+0700] {processor.py:183} INFO - Processing /home/acer/.local/share/virtualenvs/custom_airflow-E5ZHcY_K/lib/python3.12/site-packages/airflow/example_dags/example_sla_dag.py took 0.119 seconds
[2024-07-06T21:56:12.637+0700] {processor.py:161} INFO - Started process (PID=13081) to work on /home/acer/.local/share/virtualenvs/custom_airflow-E5ZHcY_K/lib/python3.12/site-packages/airflow/example_dags/example_sla_dag.py
[2024-07-06T21:56:12.639+0700] {processor.py:830} INFO - Processing file /home/acer/.local/share/virtualenvs/custom_airflow-E5ZHcY_K/lib/python3.12/site-packages/airflow/example_dags/example_sla_dag.py for tasks to queue
[2024-07-06T21:56:12.642+0700] {logging_mixin.py:188} INFO - [2024-07-06T21:56:12.641+0700] {dagbag.py:545} INFO - Filling up the DagBag from /home/acer/.local/share/virtualenvs/custom_airflow-E5ZHcY_K/lib/python3.12/site-packages/airflow/example_dags/example_sla_dag.py
[2024-07-06T21:56:12.654+0700] {processor.py:840} INFO - DAG(s) 'example_sla_dag' retrieved from /home/acer/.local/share/virtualenvs/custom_airflow-E5ZHcY_K/lib/python3.12/site-packages/airflow/example_dags/example_sla_dag.py
[2024-07-06T21:56:12.670+0700] {logging_mixin.py:188} INFO - [2024-07-06T21:56:12.670+0700] {dag.py:3096} INFO - Sync 1 DAGs
[2024-07-06T21:56:12.699+0700] {logging_mixin.py:188} INFO - [2024-07-06T21:56:12.699+0700] {dag.py:3954} INFO - Setting next_dagrun for example_sla_dag to 2024-07-06 14:54:00+00:00, run_after=2024-07-06 14:56:00+00:00
[2024-07-06T21:56:12.720+0700] {processor.py:183} INFO - Processing /home/acer/.local/share/virtualenvs/custom_airflow-E5ZHcY_K/lib/python3.12/site-packages/airflow/example_dags/example_sla_dag.py took 0.094 seconds
[2024-07-06T21:57:01.392+0700] {processor.py:161} INFO - Started process (PID=13588) to work on /home/acer/.local/share/virtualenvs/custom_airflow-E5ZHcY_K/lib/python3.12/site-packages/airflow/example_dags/example_sla_dag.py
[2024-07-06T21:57:01.394+0700] {processor.py:830} INFO - Processing file /home/acer/.local/share/virtualenvs/custom_airflow-E5ZHcY_K/lib/python3.12/site-packages/airflow/example_dags/example_sla_dag.py for tasks to queue
[2024-07-06T21:57:01.399+0700] {logging_mixin.py:188} INFO - [2024-07-06T21:57:01.398+0700] {dagbag.py:545} INFO - Filling up the DagBag from /home/acer/.local/share/virtualenvs/custom_airflow-E5ZHcY_K/lib/python3.12/site-packages/airflow/example_dags/example_sla_dag.py
[2024-07-06T21:57:01.412+0700] {processor.py:840} INFO - DAG(s) 'example_sla_dag' retrieved from /home/acer/.local/share/virtualenvs/custom_airflow-E5ZHcY_K/lib/python3.12/site-packages/airflow/example_dags/example_sla_dag.py
[2024-07-06T21:57:01.427+0700] {logging_mixin.py:188} INFO - [2024-07-06T21:57:01.427+0700] {dag.py:3096} INFO - Sync 1 DAGs
[2024-07-06T21:57:01.450+0700] {logging_mixin.py:188} INFO - [2024-07-06T21:57:01.450+0700] {dag.py:3954} INFO - Setting next_dagrun for example_sla_dag to 2024-07-06 14:54:00+00:00, run_after=2024-07-06 14:56:00+00:00
[2024-07-06T21:57:01.471+0700] {processor.py:183} INFO - Processing /home/acer/.local/share/virtualenvs/custom_airflow-E5ZHcY_K/lib/python3.12/site-packages/airflow/example_dags/example_sla_dag.py took 0.098 seconds
[2024-07-06T21:57:54.193+0700] {processor.py:161} INFO - Started process (PID=14043) to work on /home/acer/.local/share/virtualenvs/custom_airflow-E5ZHcY_K/lib/python3.12/site-packages/airflow/example_dags/example_sla_dag.py
[2024-07-06T21:57:54.198+0700] {processor.py:830} INFO - Processing file /home/acer/.local/share/virtualenvs/custom_airflow-E5ZHcY_K/lib/python3.12/site-packages/airflow/example_dags/example_sla_dag.py for tasks to queue
[2024-07-06T21:57:54.210+0700] {logging_mixin.py:188} INFO - [2024-07-06T21:57:54.207+0700] {dagbag.py:545} INFO - Filling up the DagBag from /home/acer/.local/share/virtualenvs/custom_airflow-E5ZHcY_K/lib/python3.12/site-packages/airflow/example_dags/example_sla_dag.py
[2024-07-06T21:57:54.248+0700] {processor.py:840} INFO - DAG(s) 'example_sla_dag' retrieved from /home/acer/.local/share/virtualenvs/custom_airflow-E5ZHcY_K/lib/python3.12/site-packages/airflow/example_dags/example_sla_dag.py
[2024-07-06T21:57:54.271+0700] {logging_mixin.py:188} INFO - [2024-07-06T21:57:54.271+0700] {dag.py:3096} INFO - Sync 1 DAGs
[2024-07-06T21:57:54.297+0700] {logging_mixin.py:188} INFO - [2024-07-06T21:57:54.297+0700] {dag.py:3954} INFO - Setting next_dagrun for example_sla_dag to 2024-07-06 14:54:00+00:00, run_after=2024-07-06 14:56:00+00:00
[2024-07-06T21:57:54.323+0700] {processor.py:183} INFO - Processing /home/acer/.local/share/virtualenvs/custom_airflow-E5ZHcY_K/lib/python3.12/site-packages/airflow/example_dags/example_sla_dag.py took 0.158 seconds
[2024-07-06T21:58:47.093+0700] {processor.py:161} INFO - Started process (PID=14291) to work on /home/acer/.local/share/virtualenvs/custom_airflow-E5ZHcY_K/lib/python3.12/site-packages/airflow/example_dags/example_sla_dag.py
[2024-07-06T21:58:47.094+0700] {processor.py:830} INFO - Processing file /home/acer/.local/share/virtualenvs/custom_airflow-E5ZHcY_K/lib/python3.12/site-packages/airflow/example_dags/example_sla_dag.py for tasks to queue
[2024-07-06T21:58:47.096+0700] {logging_mixin.py:188} INFO - [2024-07-06T21:58:47.096+0700] {dagbag.py:545} INFO - Filling up the DagBag from /home/acer/.local/share/virtualenvs/custom_airflow-E5ZHcY_K/lib/python3.12/site-packages/airflow/example_dags/example_sla_dag.py
[2024-07-06T21:58:47.105+0700] {processor.py:840} INFO - DAG(s) 'example_sla_dag' retrieved from /home/acer/.local/share/virtualenvs/custom_airflow-E5ZHcY_K/lib/python3.12/site-packages/airflow/example_dags/example_sla_dag.py
[2024-07-06T21:58:47.119+0700] {logging_mixin.py:188} INFO - [2024-07-06T21:58:47.119+0700] {dag.py:3096} INFO - Sync 1 DAGs
[2024-07-06T21:58:47.142+0700] {logging_mixin.py:188} INFO - [2024-07-06T21:58:47.142+0700] {dag.py:3954} INFO - Setting next_dagrun for example_sla_dag to 2024-07-06 14:56:00+00:00, run_after=2024-07-06 14:58:00+00:00
[2024-07-06T21:58:47.164+0700] {processor.py:183} INFO - Processing /home/acer/.local/share/virtualenvs/custom_airflow-E5ZHcY_K/lib/python3.12/site-packages/airflow/example_dags/example_sla_dag.py took 0.076 seconds
[2024-07-06T21:59:36.467+0700] {processor.py:161} INFO - Started process (PID=14556) to work on /home/acer/.local/share/virtualenvs/custom_airflow-E5ZHcY_K/lib/python3.12/site-packages/airflow/example_dags/example_sla_dag.py
[2024-07-06T21:59:36.468+0700] {processor.py:830} INFO - Processing file /home/acer/.local/share/virtualenvs/custom_airflow-E5ZHcY_K/lib/python3.12/site-packages/airflow/example_dags/example_sla_dag.py for tasks to queue
[2024-07-06T21:59:36.470+0700] {logging_mixin.py:188} INFO - [2024-07-06T21:59:36.469+0700] {dagbag.py:545} INFO - Filling up the DagBag from /home/acer/.local/share/virtualenvs/custom_airflow-E5ZHcY_K/lib/python3.12/site-packages/airflow/example_dags/example_sla_dag.py
[2024-07-06T21:59:36.478+0700] {processor.py:840} INFO - DAG(s) 'example_sla_dag' retrieved from /home/acer/.local/share/virtualenvs/custom_airflow-E5ZHcY_K/lib/python3.12/site-packages/airflow/example_dags/example_sla_dag.py
[2024-07-06T21:59:36.492+0700] {logging_mixin.py:188} INFO - [2024-07-06T21:59:36.492+0700] {dag.py:3096} INFO - Sync 1 DAGs
[2024-07-06T21:59:36.516+0700] {logging_mixin.py:188} INFO - [2024-07-06T21:59:36.515+0700] {dag.py:3954} INFO - Setting next_dagrun for example_sla_dag to 2024-07-06 14:56:00+00:00, run_after=2024-07-06 14:58:00+00:00
[2024-07-06T21:59:36.536+0700] {processor.py:183} INFO - Processing /home/acer/.local/share/virtualenvs/custom_airflow-E5ZHcY_K/lib/python3.12/site-packages/airflow/example_dags/example_sla_dag.py took 0.074 seconds
[2024-07-06T22:00:27.610+0700] {processor.py:161} INFO - Started process (PID=14928) to work on /home/acer/.local/share/virtualenvs/custom_airflow-E5ZHcY_K/lib/python3.12/site-packages/airflow/example_dags/example_sla_dag.py
[2024-07-06T22:00:27.612+0700] {processor.py:830} INFO - Processing file /home/acer/.local/share/virtualenvs/custom_airflow-E5ZHcY_K/lib/python3.12/site-packages/airflow/example_dags/example_sla_dag.py for tasks to queue
[2024-07-06T22:00:27.617+0700] {logging_mixin.py:188} INFO - [2024-07-06T22:00:27.616+0700] {dagbag.py:545} INFO - Filling up the DagBag from /home/acer/.local/share/virtualenvs/custom_airflow-E5ZHcY_K/lib/python3.12/site-packages/airflow/example_dags/example_sla_dag.py
[2024-07-06T22:00:27.636+0700] {processor.py:840} INFO - DAG(s) 'example_sla_dag' retrieved from /home/acer/.local/share/virtualenvs/custom_airflow-E5ZHcY_K/lib/python3.12/site-packages/airflow/example_dags/example_sla_dag.py
[2024-07-06T22:00:27.654+0700] {logging_mixin.py:188} INFO - [2024-07-06T22:00:27.653+0700] {dag.py:3096} INFO - Sync 1 DAGs
[2024-07-06T22:00:27.678+0700] {logging_mixin.py:188} INFO - [2024-07-06T22:00:27.677+0700] {dag.py:3954} INFO - Setting next_dagrun for example_sla_dag to 2024-07-06 14:58:00+00:00, run_after=2024-07-06 15:00:00+00:00
[2024-07-06T22:00:27.697+0700] {processor.py:183} INFO - Processing /home/acer/.local/share/virtualenvs/custom_airflow-E5ZHcY_K/lib/python3.12/site-packages/airflow/example_dags/example_sla_dag.py took 0.100 seconds
[2024-07-06T22:01:56.574+0700] {processor.py:161} INFO - Started process (PID=15902) to work on /home/acer/.local/share/virtualenvs/custom_airflow-E5ZHcY_K/lib/python3.12/site-packages/airflow/example_dags/example_sla_dag.py
[2024-07-06T22:01:56.575+0700] {processor.py:830} INFO - Processing file /home/acer/.local/share/virtualenvs/custom_airflow-E5ZHcY_K/lib/python3.12/site-packages/airflow/example_dags/example_sla_dag.py for tasks to queue
[2024-07-06T22:01:56.576+0700] {logging_mixin.py:188} INFO - [2024-07-06T22:01:56.576+0700] {dagbag.py:545} INFO - Filling up the DagBag from /home/acer/.local/share/virtualenvs/custom_airflow-E5ZHcY_K/lib/python3.12/site-packages/airflow/example_dags/example_sla_dag.py
[2024-07-06T22:01:56.585+0700] {processor.py:840} INFO - DAG(s) 'example_sla_dag' retrieved from /home/acer/.local/share/virtualenvs/custom_airflow-E5ZHcY_K/lib/python3.12/site-packages/airflow/example_dags/example_sla_dag.py
[2024-07-06T22:01:56.599+0700] {logging_mixin.py:188} INFO - [2024-07-06T22:01:56.599+0700] {dag.py:3096} INFO - Sync 1 DAGs
[2024-07-06T22:01:56.622+0700] {logging_mixin.py:188} INFO - [2024-07-06T22:01:56.622+0700] {dag.py:3954} INFO - Setting next_dagrun for example_sla_dag to 2024-07-06 14:58:00+00:00, run_after=2024-07-06 15:00:00+00:00
[2024-07-06T22:01:56.643+0700] {processor.py:183} INFO - Processing /home/acer/.local/share/virtualenvs/custom_airflow-E5ZHcY_K/lib/python3.12/site-packages/airflow/example_dags/example_sla_dag.py took 0.075 seconds
[2024-07-06T22:02:55.381+0700] {processor.py:161} INFO - Started process (PID=16322) to work on /home/acer/.local/share/virtualenvs/custom_airflow-E5ZHcY_K/lib/python3.12/site-packages/airflow/example_dags/example_sla_dag.py
[2024-07-06T22:02:55.383+0700] {processor.py:830} INFO - Processing file /home/acer/.local/share/virtualenvs/custom_airflow-E5ZHcY_K/lib/python3.12/site-packages/airflow/example_dags/example_sla_dag.py for tasks to queue
[2024-07-06T22:02:55.387+0700] {logging_mixin.py:188} INFO - [2024-07-06T22:02:55.386+0700] {dagbag.py:545} INFO - Filling up the DagBag from /home/acer/.local/share/virtualenvs/custom_airflow-E5ZHcY_K/lib/python3.12/site-packages/airflow/example_dags/example_sla_dag.py
[2024-07-06T22:02:55.399+0700] {processor.py:840} INFO - DAG(s) 'example_sla_dag' retrieved from /home/acer/.local/share/virtualenvs/custom_airflow-E5ZHcY_K/lib/python3.12/site-packages/airflow/example_dags/example_sla_dag.py
[2024-07-06T22:02:55.414+0700] {logging_mixin.py:188} INFO - [2024-07-06T22:02:55.414+0700] {dag.py:3096} INFO - Sync 1 DAGs
[2024-07-06T22:02:55.438+0700] {logging_mixin.py:188} INFO - [2024-07-06T22:02:55.438+0700] {dag.py:3954} INFO - Setting next_dagrun for example_sla_dag to 2024-07-06 15:00:00+00:00, run_after=2024-07-06 15:02:00+00:00
[2024-07-06T22:02:55.458+0700] {processor.py:183} INFO - Processing /home/acer/.local/share/virtualenvs/custom_airflow-E5ZHcY_K/lib/python3.12/site-packages/airflow/example_dags/example_sla_dag.py took 0.095 seconds
[2024-07-06T22:03:47.558+0700] {processor.py:161} INFO - Started process (PID=16575) to work on /home/acer/.local/share/virtualenvs/custom_airflow-E5ZHcY_K/lib/python3.12/site-packages/airflow/example_dags/example_sla_dag.py
[2024-07-06T22:03:47.559+0700] {processor.py:830} INFO - Processing file /home/acer/.local/share/virtualenvs/custom_airflow-E5ZHcY_K/lib/python3.12/site-packages/airflow/example_dags/example_sla_dag.py for tasks to queue
[2024-07-06T22:03:47.561+0700] {logging_mixin.py:188} INFO - [2024-07-06T22:03:47.561+0700] {dagbag.py:545} INFO - Filling up the DagBag from /home/acer/.local/share/virtualenvs/custom_airflow-E5ZHcY_K/lib/python3.12/site-packages/airflow/example_dags/example_sla_dag.py
[2024-07-06T22:03:47.570+0700] {processor.py:840} INFO - DAG(s) 'example_sla_dag' retrieved from /home/acer/.local/share/virtualenvs/custom_airflow-E5ZHcY_K/lib/python3.12/site-packages/airflow/example_dags/example_sla_dag.py
[2024-07-06T22:03:47.584+0700] {logging_mixin.py:188} INFO - [2024-07-06T22:03:47.584+0700] {dag.py:3096} INFO - Sync 1 DAGs
[2024-07-06T22:03:47.608+0700] {logging_mixin.py:188} INFO - [2024-07-06T22:03:47.608+0700] {dag.py:3954} INFO - Setting next_dagrun for example_sla_dag to 2024-07-06 15:00:00+00:00, run_after=2024-07-06 15:02:00+00:00
[2024-07-06T22:03:47.628+0700] {processor.py:183} INFO - Processing /home/acer/.local/share/virtualenvs/custom_airflow-E5ZHcY_K/lib/python3.12/site-packages/airflow/example_dags/example_sla_dag.py took 0.075 seconds
[2024-07-06T22:05:15.049+0700] {processor.py:161} INFO - Started process (PID=17616) to work on /home/acer/.local/share/virtualenvs/custom_airflow-E5ZHcY_K/lib/python3.12/site-packages/airflow/example_dags/example_sla_dag.py
[2024-07-06T22:05:15.050+0700] {processor.py:830} INFO - Processing file /home/acer/.local/share/virtualenvs/custom_airflow-E5ZHcY_K/lib/python3.12/site-packages/airflow/example_dags/example_sla_dag.py for tasks to queue
[2024-07-06T22:05:15.052+0700] {logging_mixin.py:188} INFO - [2024-07-06T22:05:15.051+0700] {dagbag.py:545} INFO - Filling up the DagBag from /home/acer/.local/share/virtualenvs/custom_airflow-E5ZHcY_K/lib/python3.12/site-packages/airflow/example_dags/example_sla_dag.py
[2024-07-06T22:05:15.061+0700] {processor.py:840} INFO - DAG(s) 'example_sla_dag' retrieved from /home/acer/.local/share/virtualenvs/custom_airflow-E5ZHcY_K/lib/python3.12/site-packages/airflow/example_dags/example_sla_dag.py
[2024-07-06T22:05:15.075+0700] {logging_mixin.py:188} INFO - [2024-07-06T22:05:15.075+0700] {dag.py:3096} INFO - Sync 1 DAGs
[2024-07-06T22:05:15.099+0700] {logging_mixin.py:188} INFO - [2024-07-06T22:05:15.099+0700] {dag.py:3954} INFO - Setting next_dagrun for example_sla_dag to 2024-07-06 15:02:00+00:00, run_after=2024-07-06 15:04:00+00:00
[2024-07-06T22:05:15.119+0700] {processor.py:183} INFO - Processing /home/acer/.local/share/virtualenvs/custom_airflow-E5ZHcY_K/lib/python3.12/site-packages/airflow/example_dags/example_sla_dag.py took 0.079 seconds
[2024-07-06T22:06:07.977+0700] {processor.py:161} INFO - Started process (PID=17886) to work on /home/acer/.local/share/virtualenvs/custom_airflow-E5ZHcY_K/lib/python3.12/site-packages/airflow/example_dags/example_sla_dag.py
[2024-07-06T22:06:07.978+0700] {processor.py:830} INFO - Processing file /home/acer/.local/share/virtualenvs/custom_airflow-E5ZHcY_K/lib/python3.12/site-packages/airflow/example_dags/example_sla_dag.py for tasks to queue
[2024-07-06T22:06:07.981+0700] {logging_mixin.py:188} INFO - [2024-07-06T22:06:07.980+0700] {dagbag.py:545} INFO - Filling up the DagBag from /home/acer/.local/share/virtualenvs/custom_airflow-E5ZHcY_K/lib/python3.12/site-packages/airflow/example_dags/example_sla_dag.py
[2024-07-06T22:06:07.993+0700] {processor.py:840} INFO - DAG(s) 'example_sla_dag' retrieved from /home/acer/.local/share/virtualenvs/custom_airflow-E5ZHcY_K/lib/python3.12/site-packages/airflow/example_dags/example_sla_dag.py
[2024-07-06T22:06:08.008+0700] {logging_mixin.py:188} INFO - [2024-07-06T22:06:08.008+0700] {dag.py:3096} INFO - Sync 1 DAGs
[2024-07-06T22:06:08.032+0700] {logging_mixin.py:188} INFO - [2024-07-06T22:06:08.032+0700] {dag.py:3954} INFO - Setting next_dagrun for example_sla_dag to 2024-07-06 15:04:00+00:00, run_after=2024-07-06 15:06:00+00:00
[2024-07-06T22:06:08.052+0700] {processor.py:183} INFO - Processing /home/acer/.local/share/virtualenvs/custom_airflow-E5ZHcY_K/lib/python3.12/site-packages/airflow/example_dags/example_sla_dag.py took 0.083 seconds
[2024-07-06T22:06:56.631+0700] {processor.py:161} INFO - Started process (PID=18320) to work on /home/acer/.local/share/virtualenvs/custom_airflow-E5ZHcY_K/lib/python3.12/site-packages/airflow/example_dags/example_sla_dag.py
[2024-07-06T22:06:56.632+0700] {processor.py:830} INFO - Processing file /home/acer/.local/share/virtualenvs/custom_airflow-E5ZHcY_K/lib/python3.12/site-packages/airflow/example_dags/example_sla_dag.py for tasks to queue
[2024-07-06T22:06:56.634+0700] {logging_mixin.py:188} INFO - [2024-07-06T22:06:56.634+0700] {dagbag.py:545} INFO - Filling up the DagBag from /home/acer/.local/share/virtualenvs/custom_airflow-E5ZHcY_K/lib/python3.12/site-packages/airflow/example_dags/example_sla_dag.py
[2024-07-06T22:06:56.645+0700] {processor.py:840} INFO - DAG(s) 'example_sla_dag' retrieved from /home/acer/.local/share/virtualenvs/custom_airflow-E5ZHcY_K/lib/python3.12/site-packages/airflow/example_dags/example_sla_dag.py
[2024-07-06T22:06:56.662+0700] {logging_mixin.py:188} INFO - [2024-07-06T22:06:56.662+0700] {dag.py:3096} INFO - Sync 1 DAGs
[2024-07-06T22:06:56.695+0700] {logging_mixin.py:188} INFO - [2024-07-06T22:06:56.694+0700] {dag.py:3954} INFO - Setting next_dagrun for example_sla_dag to 2024-07-06 15:04:00+00:00, run_after=2024-07-06 15:06:00+00:00
[2024-07-06T22:06:56.725+0700] {processor.py:183} INFO - Processing /home/acer/.local/share/virtualenvs/custom_airflow-E5ZHcY_K/lib/python3.12/site-packages/airflow/example_dags/example_sla_dag.py took 0.102 seconds
[2024-07-06T22:07:51.578+0700] {processor.py:161} INFO - Started process (PID=18678) to work on /home/acer/.local/share/virtualenvs/custom_airflow-E5ZHcY_K/lib/python3.12/site-packages/airflow/example_dags/example_sla_dag.py
[2024-07-06T22:07:51.580+0700] {processor.py:830} INFO - Processing file /home/acer/.local/share/virtualenvs/custom_airflow-E5ZHcY_K/lib/python3.12/site-packages/airflow/example_dags/example_sla_dag.py for tasks to queue
[2024-07-06T22:07:51.582+0700] {logging_mixin.py:188} INFO - [2024-07-06T22:07:51.581+0700] {dagbag.py:545} INFO - Filling up the DagBag from /home/acer/.local/share/virtualenvs/custom_airflow-E5ZHcY_K/lib/python3.12/site-packages/airflow/example_dags/example_sla_dag.py
[2024-07-06T22:07:51.595+0700] {processor.py:840} INFO - DAG(s) 'example_sla_dag' retrieved from /home/acer/.local/share/virtualenvs/custom_airflow-E5ZHcY_K/lib/python3.12/site-packages/airflow/example_dags/example_sla_dag.py
[2024-07-06T22:07:51.618+0700] {logging_mixin.py:188} INFO - [2024-07-06T22:07:51.618+0700] {dag.py:3096} INFO - Sync 1 DAGs
[2024-07-06T22:07:51.646+0700] {logging_mixin.py:188} INFO - [2024-07-06T22:07:51.646+0700] {dag.py:3954} INFO - Setting next_dagrun for example_sla_dag to 2024-07-06 15:04:00+00:00, run_after=2024-07-06 15:06:00+00:00
[2024-07-06T22:07:51.681+0700] {processor.py:183} INFO - Processing /home/acer/.local/share/virtualenvs/custom_airflow-E5ZHcY_K/lib/python3.12/site-packages/airflow/example_dags/example_sla_dag.py took 0.118 seconds
[2024-07-06T22:08:46.926+0700] {processor.py:161} INFO - Started process (PID=18962) to work on /home/acer/.local/share/virtualenvs/custom_airflow-E5ZHcY_K/lib/python3.12/site-packages/airflow/example_dags/example_sla_dag.py
[2024-07-06T22:08:46.939+0700] {processor.py:830} INFO - Processing file /home/acer/.local/share/virtualenvs/custom_airflow-E5ZHcY_K/lib/python3.12/site-packages/airflow/example_dags/example_sla_dag.py for tasks to queue
[2024-07-06T22:08:46.944+0700] {logging_mixin.py:188} INFO - [2024-07-06T22:08:46.943+0700] {dagbag.py:545} INFO - Filling up the DagBag from /home/acer/.local/share/virtualenvs/custom_airflow-E5ZHcY_K/lib/python3.12/site-packages/airflow/example_dags/example_sla_dag.py
[2024-07-06T22:08:46.960+0700] {processor.py:840} INFO - DAG(s) 'example_sla_dag' retrieved from /home/acer/.local/share/virtualenvs/custom_airflow-E5ZHcY_K/lib/python3.12/site-packages/airflow/example_dags/example_sla_dag.py
[2024-07-06T22:08:46.980+0700] {logging_mixin.py:188} INFO - [2024-07-06T22:08:46.980+0700] {dag.py:3096} INFO - Sync 1 DAGs
[2024-07-06T22:08:47.010+0700] {logging_mixin.py:188} INFO - [2024-07-06T22:08:47.010+0700] {dag.py:3954} INFO - Setting next_dagrun for example_sla_dag to 2024-07-06 15:06:00+00:00, run_after=2024-07-06 15:08:00+00:00
[2024-07-06T22:08:47.047+0700] {processor.py:183} INFO - Processing /home/acer/.local/share/virtualenvs/custom_airflow-E5ZHcY_K/lib/python3.12/site-packages/airflow/example_dags/example_sla_dag.py took 0.141 seconds
[2024-07-06T22:09:42.897+0700] {processor.py:161} INFO - Started process (PID=19275) to work on /home/acer/.local/share/virtualenvs/custom_airflow-E5ZHcY_K/lib/python3.12/site-packages/airflow/example_dags/example_sla_dag.py
[2024-07-06T22:09:42.898+0700] {processor.py:830} INFO - Processing file /home/acer/.local/share/virtualenvs/custom_airflow-E5ZHcY_K/lib/python3.12/site-packages/airflow/example_dags/example_sla_dag.py for tasks to queue
[2024-07-06T22:09:42.900+0700] {logging_mixin.py:188} INFO - [2024-07-06T22:09:42.900+0700] {dagbag.py:545} INFO - Filling up the DagBag from /home/acer/.local/share/virtualenvs/custom_airflow-E5ZHcY_K/lib/python3.12/site-packages/airflow/example_dags/example_sla_dag.py
[2024-07-06T22:09:42.912+0700] {processor.py:840} INFO - DAG(s) 'example_sla_dag' retrieved from /home/acer/.local/share/virtualenvs/custom_airflow-E5ZHcY_K/lib/python3.12/site-packages/airflow/example_dags/example_sla_dag.py
[2024-07-06T22:09:42.929+0700] {logging_mixin.py:188} INFO - [2024-07-06T22:09:42.929+0700] {dag.py:3096} INFO - Sync 1 DAGs
[2024-07-06T22:09:42.962+0700] {logging_mixin.py:188} INFO - [2024-07-06T22:09:42.962+0700] {dag.py:3954} INFO - Setting next_dagrun for example_sla_dag to 2024-07-06 15:06:00+00:00, run_after=2024-07-06 15:08:00+00:00
[2024-07-06T22:09:42.998+0700] {processor.py:183} INFO - Processing /home/acer/.local/share/virtualenvs/custom_airflow-E5ZHcY_K/lib/python3.12/site-packages/airflow/example_dags/example_sla_dag.py took 0.109 seconds
[2024-07-06T22:10:44.963+0700] {processor.py:161} INFO - Started process (PID=19676) to work on /home/acer/.local/share/virtualenvs/custom_airflow-E5ZHcY_K/lib/python3.12/site-packages/airflow/example_dags/example_sla_dag.py
[2024-07-06T22:10:44.965+0700] {processor.py:830} INFO - Processing file /home/acer/.local/share/virtualenvs/custom_airflow-E5ZHcY_K/lib/python3.12/site-packages/airflow/example_dags/example_sla_dag.py for tasks to queue
[2024-07-06T22:10:44.969+0700] {logging_mixin.py:188} INFO - [2024-07-06T22:10:44.968+0700] {dagbag.py:545} INFO - Filling up the DagBag from /home/acer/.local/share/virtualenvs/custom_airflow-E5ZHcY_K/lib/python3.12/site-packages/airflow/example_dags/example_sla_dag.py
[2024-07-06T22:10:44.982+0700] {processor.py:840} INFO - DAG(s) 'example_sla_dag' retrieved from /home/acer/.local/share/virtualenvs/custom_airflow-E5ZHcY_K/lib/python3.12/site-packages/airflow/example_dags/example_sla_dag.py
[2024-07-06T22:10:45.001+0700] {logging_mixin.py:188} INFO - [2024-07-06T22:10:45.001+0700] {dag.py:3096} INFO - Sync 1 DAGs
[2024-07-06T22:10:45.035+0700] {logging_mixin.py:188} INFO - [2024-07-06T22:10:45.035+0700] {dag.py:3954} INFO - Setting next_dagrun for example_sla_dag to 2024-07-06 15:08:00+00:00, run_after=2024-07-06 15:10:00+00:00
[2024-07-06T22:10:45.074+0700] {processor.py:183} INFO - Processing /home/acer/.local/share/virtualenvs/custom_airflow-E5ZHcY_K/lib/python3.12/site-packages/airflow/example_dags/example_sla_dag.py took 0.118 seconds
[2024-07-06T22:11:49.473+0700] {processor.py:161} INFO - Started process (PID=19991) to work on /home/acer/.local/share/virtualenvs/custom_airflow-E5ZHcY_K/lib/python3.12/site-packages/airflow/example_dags/example_sla_dag.py
[2024-07-06T22:11:49.475+0700] {processor.py:830} INFO - Processing file /home/acer/.local/share/virtualenvs/custom_airflow-E5ZHcY_K/lib/python3.12/site-packages/airflow/example_dags/example_sla_dag.py for tasks to queue
[2024-07-06T22:11:49.479+0700] {logging_mixin.py:188} INFO - [2024-07-06T22:11:49.478+0700] {dagbag.py:545} INFO - Filling up the DagBag from /home/acer/.local/share/virtualenvs/custom_airflow-E5ZHcY_K/lib/python3.12/site-packages/airflow/example_dags/example_sla_dag.py
[2024-07-06T22:11:49.497+0700] {processor.py:840} INFO - DAG(s) 'example_sla_dag' retrieved from /home/acer/.local/share/virtualenvs/custom_airflow-E5ZHcY_K/lib/python3.12/site-packages/airflow/example_dags/example_sla_dag.py
[2024-07-06T22:11:49.516+0700] {logging_mixin.py:188} INFO - [2024-07-06T22:11:49.516+0700] {dag.py:3096} INFO - Sync 1 DAGs
[2024-07-06T22:11:49.550+0700] {logging_mixin.py:188} INFO - [2024-07-06T22:11:49.550+0700] {dag.py:3954} INFO - Setting next_dagrun for example_sla_dag to 2024-07-06 15:08:00+00:00, run_after=2024-07-06 15:10:00+00:00
[2024-07-06T22:11:49.574+0700] {processor.py:183} INFO - Processing /home/acer/.local/share/virtualenvs/custom_airflow-E5ZHcY_K/lib/python3.12/site-packages/airflow/example_dags/example_sla_dag.py took 0.116 seconds
[2024-07-06T22:12:48.568+0700] {processor.py:161} INFO - Started process (PID=20305) to work on /home/acer/.local/share/virtualenvs/custom_airflow-E5ZHcY_K/lib/python3.12/site-packages/airflow/example_dags/example_sla_dag.py
[2024-07-06T22:12:48.571+0700] {processor.py:830} INFO - Processing file /home/acer/.local/share/virtualenvs/custom_airflow-E5ZHcY_K/lib/python3.12/site-packages/airflow/example_dags/example_sla_dag.py for tasks to queue
[2024-07-06T22:12:48.576+0700] {logging_mixin.py:188} INFO - [2024-07-06T22:12:48.575+0700] {dagbag.py:545} INFO - Filling up the DagBag from /home/acer/.local/share/virtualenvs/custom_airflow-E5ZHcY_K/lib/python3.12/site-packages/airflow/example_dags/example_sla_dag.py
[2024-07-06T22:12:48.602+0700] {processor.py:840} INFO - DAG(s) 'example_sla_dag' retrieved from /home/acer/.local/share/virtualenvs/custom_airflow-E5ZHcY_K/lib/python3.12/site-packages/airflow/example_dags/example_sla_dag.py
[2024-07-06T22:12:48.643+0700] {logging_mixin.py:188} INFO - [2024-07-06T22:12:48.643+0700] {dag.py:3096} INFO - Sync 1 DAGs
[2024-07-06T22:12:48.678+0700] {logging_mixin.py:188} INFO - [2024-07-06T22:12:48.678+0700] {dag.py:3954} INFO - Setting next_dagrun for example_sla_dag to 2024-07-06 15:10:00+00:00, run_after=2024-07-06 15:12:00+00:00
[2024-07-06T22:12:48.702+0700] {processor.py:183} INFO - Processing /home/acer/.local/share/virtualenvs/custom_airflow-E5ZHcY_K/lib/python3.12/site-packages/airflow/example_dags/example_sla_dag.py took 0.151 seconds
[2024-07-06T22:13:47.920+0700] {processor.py:161} INFO - Started process (PID=20684) to work on /home/acer/.local/share/virtualenvs/custom_airflow-E5ZHcY_K/lib/python3.12/site-packages/airflow/example_dags/example_sla_dag.py
[2024-07-06T22:13:47.921+0700] {processor.py:830} INFO - Processing file /home/acer/.local/share/virtualenvs/custom_airflow-E5ZHcY_K/lib/python3.12/site-packages/airflow/example_dags/example_sla_dag.py for tasks to queue
[2024-07-06T22:13:47.924+0700] {logging_mixin.py:188} INFO - [2024-07-06T22:13:47.924+0700] {dagbag.py:545} INFO - Filling up the DagBag from /home/acer/.local/share/virtualenvs/custom_airflow-E5ZHcY_K/lib/python3.12/site-packages/airflow/example_dags/example_sla_dag.py
[2024-07-06T22:13:47.938+0700] {processor.py:840} INFO - DAG(s) 'example_sla_dag' retrieved from /home/acer/.local/share/virtualenvs/custom_airflow-E5ZHcY_K/lib/python3.12/site-packages/airflow/example_dags/example_sla_dag.py
[2024-07-06T22:13:47.957+0700] {logging_mixin.py:188} INFO - [2024-07-06T22:13:47.957+0700] {dag.py:3096} INFO - Sync 1 DAGs
[2024-07-06T22:13:47.991+0700] {logging_mixin.py:188} INFO - [2024-07-06T22:13:47.991+0700] {dag.py:3954} INFO - Setting next_dagrun for example_sla_dag to 2024-07-06 15:10:00+00:00, run_after=2024-07-06 15:12:00+00:00
[2024-07-06T22:13:48.019+0700] {processor.py:183} INFO - Processing /home/acer/.local/share/virtualenvs/custom_airflow-E5ZHcY_K/lib/python3.12/site-packages/airflow/example_dags/example_sla_dag.py took 0.113 seconds
[2024-07-06T22:14:47.654+0700] {processor.py:161} INFO - Started process (PID=21014) to work on /home/acer/.local/share/virtualenvs/custom_airflow-E5ZHcY_K/lib/python3.12/site-packages/airflow/example_dags/example_sla_dag.py
[2024-07-06T22:14:47.657+0700] {processor.py:830} INFO - Processing file /home/acer/.local/share/virtualenvs/custom_airflow-E5ZHcY_K/lib/python3.12/site-packages/airflow/example_dags/example_sla_dag.py for tasks to queue
[2024-07-06T22:14:47.661+0700] {logging_mixin.py:188} INFO - [2024-07-06T22:14:47.660+0700] {dagbag.py:545} INFO - Filling up the DagBag from /home/acer/.local/share/virtualenvs/custom_airflow-E5ZHcY_K/lib/python3.12/site-packages/airflow/example_dags/example_sla_dag.py
[2024-07-06T22:14:47.670+0700] {processor.py:840} INFO - DAG(s) 'example_sla_dag' retrieved from /home/acer/.local/share/virtualenvs/custom_airflow-E5ZHcY_K/lib/python3.12/site-packages/airflow/example_dags/example_sla_dag.py
[2024-07-06T22:14:47.691+0700] {logging_mixin.py:188} INFO - [2024-07-06T22:14:47.690+0700] {dag.py:3096} INFO - Sync 1 DAGs
[2024-07-06T22:14:47.719+0700] {logging_mixin.py:188} INFO - [2024-07-06T22:14:47.719+0700] {dag.py:3954} INFO - Setting next_dagrun for example_sla_dag to 2024-07-06 15:12:00+00:00, run_after=2024-07-06 15:14:00+00:00
[2024-07-06T22:14:47.751+0700] {processor.py:183} INFO - Processing /home/acer/.local/share/virtualenvs/custom_airflow-E5ZHcY_K/lib/python3.12/site-packages/airflow/example_dags/example_sla_dag.py took 0.103 seconds
[2024-07-06T22:15:52.141+0700] {processor.py:161} INFO - Started process (PID=21409) to work on /home/acer/.local/share/virtualenvs/custom_airflow-E5ZHcY_K/lib/python3.12/site-packages/airflow/example_dags/example_sla_dag.py
[2024-07-06T22:15:52.142+0700] {processor.py:830} INFO - Processing file /home/acer/.local/share/virtualenvs/custom_airflow-E5ZHcY_K/lib/python3.12/site-packages/airflow/example_dags/example_sla_dag.py for tasks to queue
[2024-07-06T22:15:52.145+0700] {logging_mixin.py:188} INFO - [2024-07-06T22:15:52.144+0700] {dagbag.py:545} INFO - Filling up the DagBag from /home/acer/.local/share/virtualenvs/custom_airflow-E5ZHcY_K/lib/python3.12/site-packages/airflow/example_dags/example_sla_dag.py
[2024-07-06T22:15:52.157+0700] {processor.py:840} INFO - DAG(s) 'example_sla_dag' retrieved from /home/acer/.local/share/virtualenvs/custom_airflow-E5ZHcY_K/lib/python3.12/site-packages/airflow/example_dags/example_sla_dag.py
[2024-07-06T22:15:52.174+0700] {logging_mixin.py:188} INFO - [2024-07-06T22:15:52.174+0700] {dag.py:3096} INFO - Sync 1 DAGs
[2024-07-06T22:15:52.215+0700] {logging_mixin.py:188} INFO - [2024-07-06T22:15:52.214+0700] {dag.py:3954} INFO - Setting next_dagrun for example_sla_dag to 2024-07-06 15:12:00+00:00, run_after=2024-07-06 15:14:00+00:00
[2024-07-06T22:15:52.252+0700] {processor.py:183} INFO - Processing /home/acer/.local/share/virtualenvs/custom_airflow-E5ZHcY_K/lib/python3.12/site-packages/airflow/example_dags/example_sla_dag.py took 0.118 seconds
[2024-07-06T22:16:48.503+0700] {processor.py:161} INFO - Started process (PID=21691) to work on /home/acer/.local/share/virtualenvs/custom_airflow-E5ZHcY_K/lib/python3.12/site-packages/airflow/example_dags/example_sla_dag.py
[2024-07-06T22:16:48.515+0700] {processor.py:830} INFO - Processing file /home/acer/.local/share/virtualenvs/custom_airflow-E5ZHcY_K/lib/python3.12/site-packages/airflow/example_dags/example_sla_dag.py for tasks to queue
[2024-07-06T22:16:48.520+0700] {logging_mixin.py:188} INFO - [2024-07-06T22:16:48.519+0700] {dagbag.py:545} INFO - Filling up the DagBag from /home/acer/.local/share/virtualenvs/custom_airflow-E5ZHcY_K/lib/python3.12/site-packages/airflow/example_dags/example_sla_dag.py
[2024-07-06T22:16:48.554+0700] {processor.py:840} INFO - DAG(s) 'example_sla_dag' retrieved from /home/acer/.local/share/virtualenvs/custom_airflow-E5ZHcY_K/lib/python3.12/site-packages/airflow/example_dags/example_sla_dag.py
[2024-07-06T22:16:48.575+0700] {logging_mixin.py:188} INFO - [2024-07-06T22:16:48.575+0700] {dag.py:3096} INFO - Sync 1 DAGs
[2024-07-06T22:16:48.607+0700] {logging_mixin.py:188} INFO - [2024-07-06T22:16:48.607+0700] {dag.py:3954} INFO - Setting next_dagrun for example_sla_dag to 2024-07-06 15:14:00+00:00, run_after=2024-07-06 15:16:00+00:00
[2024-07-06T22:16:48.635+0700] {processor.py:183} INFO - Processing /home/acer/.local/share/virtualenvs/custom_airflow-E5ZHcY_K/lib/python3.12/site-packages/airflow/example_dags/example_sla_dag.py took 0.154 seconds
[2024-07-06T22:17:42.912+0700] {processor.py:161} INFO - Started process (PID=21993) to work on /home/acer/.local/share/virtualenvs/custom_airflow-E5ZHcY_K/lib/python3.12/site-packages/airflow/example_dags/example_sla_dag.py
[2024-07-06T22:17:42.913+0700] {processor.py:830} INFO - Processing file /home/acer/.local/share/virtualenvs/custom_airflow-E5ZHcY_K/lib/python3.12/site-packages/airflow/example_dags/example_sla_dag.py for tasks to queue
[2024-07-06T22:17:42.916+0700] {logging_mixin.py:188} INFO - [2024-07-06T22:17:42.915+0700] {dagbag.py:545} INFO - Filling up the DagBag from /home/acer/.local/share/virtualenvs/custom_airflow-E5ZHcY_K/lib/python3.12/site-packages/airflow/example_dags/example_sla_dag.py
[2024-07-06T22:17:42.931+0700] {processor.py:840} INFO - DAG(s) 'example_sla_dag' retrieved from /home/acer/.local/share/virtualenvs/custom_airflow-E5ZHcY_K/lib/python3.12/site-packages/airflow/example_dags/example_sla_dag.py
[2024-07-06T22:17:42.948+0700] {logging_mixin.py:188} INFO - [2024-07-06T22:17:42.948+0700] {dag.py:3096} INFO - Sync 1 DAGs
[2024-07-06T22:17:42.984+0700] {logging_mixin.py:188} INFO - [2024-07-06T22:17:42.983+0700] {dag.py:3954} INFO - Setting next_dagrun for example_sla_dag to 2024-07-06 15:14:00+00:00, run_after=2024-07-06 15:16:00+00:00
[2024-07-06T22:17:43.107+0700] {processor.py:183} INFO - Processing /home/acer/.local/share/virtualenvs/custom_airflow-E5ZHcY_K/lib/python3.12/site-packages/airflow/example_dags/example_sla_dag.py took 0.206 seconds
[2024-07-06T22:18:46.932+0700] {processor.py:161} INFO - Started process (PID=22334) to work on /home/acer/.local/share/virtualenvs/custom_airflow-E5ZHcY_K/lib/python3.12/site-packages/airflow/example_dags/example_sla_dag.py
[2024-07-06T22:18:46.933+0700] {processor.py:830} INFO - Processing file /home/acer/.local/share/virtualenvs/custom_airflow-E5ZHcY_K/lib/python3.12/site-packages/airflow/example_dags/example_sla_dag.py for tasks to queue
[2024-07-06T22:18:46.936+0700] {logging_mixin.py:188} INFO - [2024-07-06T22:18:46.935+0700] {dagbag.py:545} INFO - Filling up the DagBag from /home/acer/.local/share/virtualenvs/custom_airflow-E5ZHcY_K/lib/python3.12/site-packages/airflow/example_dags/example_sla_dag.py
[2024-07-06T22:18:46.947+0700] {processor.py:840} INFO - DAG(s) 'example_sla_dag' retrieved from /home/acer/.local/share/virtualenvs/custom_airflow-E5ZHcY_K/lib/python3.12/site-packages/airflow/example_dags/example_sla_dag.py
[2024-07-06T22:18:46.966+0700] {logging_mixin.py:188} INFO - [2024-07-06T22:18:46.965+0700] {dag.py:3096} INFO - Sync 1 DAGs
[2024-07-06T22:18:46.997+0700] {logging_mixin.py:188} INFO - [2024-07-06T22:18:46.997+0700] {dag.py:3954} INFO - Setting next_dagrun for example_sla_dag to 2024-07-06 15:16:00+00:00, run_after=2024-07-06 15:18:00+00:00
[2024-07-06T22:18:47.026+0700] {processor.py:183} INFO - Processing /home/acer/.local/share/virtualenvs/custom_airflow-E5ZHcY_K/lib/python3.12/site-packages/airflow/example_dags/example_sla_dag.py took 0.104 seconds
[2024-07-06T22:19:48.026+0700] {processor.py:161} INFO - Started process (PID=22672) to work on /home/acer/.local/share/virtualenvs/custom_airflow-E5ZHcY_K/lib/python3.12/site-packages/airflow/example_dags/example_sla_dag.py
[2024-07-06T22:19:48.027+0700] {processor.py:830} INFO - Processing file /home/acer/.local/share/virtualenvs/custom_airflow-E5ZHcY_K/lib/python3.12/site-packages/airflow/example_dags/example_sla_dag.py for tasks to queue
[2024-07-06T22:19:48.030+0700] {logging_mixin.py:188} INFO - [2024-07-06T22:19:48.030+0700] {dagbag.py:545} INFO - Filling up the DagBag from /home/acer/.local/share/virtualenvs/custom_airflow-E5ZHcY_K/lib/python3.12/site-packages/airflow/example_dags/example_sla_dag.py
[2024-07-06T22:19:48.043+0700] {processor.py:840} INFO - DAG(s) 'example_sla_dag' retrieved from /home/acer/.local/share/virtualenvs/custom_airflow-E5ZHcY_K/lib/python3.12/site-packages/airflow/example_dags/example_sla_dag.py
[2024-07-06T22:19:48.069+0700] {logging_mixin.py:188} INFO - [2024-07-06T22:19:48.069+0700] {dag.py:3096} INFO - Sync 1 DAGs
[2024-07-06T22:19:48.096+0700] {logging_mixin.py:188} INFO - [2024-07-06T22:19:48.096+0700] {dag.py:3954} INFO - Setting next_dagrun for example_sla_dag to 2024-07-06 15:16:00+00:00, run_after=2024-07-06 15:18:00+00:00
[2024-07-06T22:19:48.124+0700] {processor.py:183} INFO - Processing /home/acer/.local/share/virtualenvs/custom_airflow-E5ZHcY_K/lib/python3.12/site-packages/airflow/example_dags/example_sla_dag.py took 0.107 seconds
[2024-07-06T22:20:49.537+0700] {processor.py:161} INFO - Started process (PID=22973) to work on /home/acer/.local/share/virtualenvs/custom_airflow-E5ZHcY_K/lib/python3.12/site-packages/airflow/example_dags/example_sla_dag.py
[2024-07-06T22:20:49.539+0700] {processor.py:830} INFO - Processing file /home/acer/.local/share/virtualenvs/custom_airflow-E5ZHcY_K/lib/python3.12/site-packages/airflow/example_dags/example_sla_dag.py for tasks to queue
[2024-07-06T22:20:49.544+0700] {logging_mixin.py:188} INFO - [2024-07-06T22:20:49.543+0700] {dagbag.py:545} INFO - Filling up the DagBag from /home/acer/.local/share/virtualenvs/custom_airflow-E5ZHcY_K/lib/python3.12/site-packages/airflow/example_dags/example_sla_dag.py
[2024-07-06T22:20:49.563+0700] {processor.py:840} INFO - DAG(s) 'example_sla_dag' retrieved from /home/acer/.local/share/virtualenvs/custom_airflow-E5ZHcY_K/lib/python3.12/site-packages/airflow/example_dags/example_sla_dag.py
[2024-07-06T22:20:49.583+0700] {logging_mixin.py:188} INFO - [2024-07-06T22:20:49.582+0700] {dag.py:3096} INFO - Sync 1 DAGs
[2024-07-06T22:20:49.716+0700] {logging_mixin.py:188} INFO - [2024-07-06T22:20:49.716+0700] {dag.py:3954} INFO - Setting next_dagrun for example_sla_dag to 2024-07-06 15:18:00+00:00, run_after=2024-07-06 15:20:00+00:00
[2024-07-06T22:20:49.739+0700] {processor.py:183} INFO - Processing /home/acer/.local/share/virtualenvs/custom_airflow-E5ZHcY_K/lib/python3.12/site-packages/airflow/example_dags/example_sla_dag.py took 0.230 seconds
