[2024-07-06T16:09:34.984+0700] {processor.py:161} INFO - Started process (PID=51494) to work on /home/acer/.local/share/virtualenvs/custom_airflow-E5ZHcY_K/lib/python3.12/site-packages/airflow/example_dags/example_branch_datetime_operator.py
[2024-07-06T16:09:34.985+0700] {processor.py:830} INFO - Processing file /home/acer/.local/share/virtualenvs/custom_airflow-E5ZHcY_K/lib/python3.12/site-packages/airflow/example_dags/example_branch_datetime_operator.py for tasks to queue
[2024-07-06T16:09:34.988+0700] {logging_mixin.py:188} INFO - [2024-07-06T16:09:34.987+0700] {dagbag.py:545} INFO - Filling up the DagBag from /home/acer/.local/share/virtualenvs/custom_airflow-E5ZHcY_K/lib/python3.12/site-packages/airflow/example_dags/example_branch_datetime_operator.py
[2024-07-06T16:09:35.003+0700] {processor.py:840} INFO - DAG(s) 'example_branch_datetime_operator_3', 'example_branch_datetime_operator_2', 'example_branch_datetime_operator' retrieved from /home/acer/.local/share/virtualenvs/custom_airflow-E5ZHcY_K/lib/python3.12/site-packages/airflow/example_dags/example_branch_datetime_operator.py
[2024-07-06T16:09:35.139+0700] {logging_mixin.py:188} INFO - [2024-07-06T16:09:35.137+0700] {override.py:1847} INFO - Created Permission View: can delete on DAG:example_branch_datetime_operator_3
[2024-07-06T16:09:35.153+0700] {logging_mixin.py:188} INFO - [2024-07-06T16:09:35.152+0700] {override.py:1847} INFO - Created Permission View: can edit on DAG:example_branch_datetime_operator_3
[2024-07-06T16:09:35.164+0700] {logging_mixin.py:188} INFO - [2024-07-06T16:09:35.164+0700] {override.py:1847} INFO - Created Permission View: can read on DAG:example_branch_datetime_operator_3
[2024-07-06T16:09:35.184+0700] {logging_mixin.py:188} INFO - [2024-07-06T16:09:35.183+0700] {override.py:1847} INFO - Created Permission View: can delete on DAG:example_branch_datetime_operator_2
[2024-07-06T16:09:35.196+0700] {logging_mixin.py:188} INFO - [2024-07-06T16:09:35.195+0700] {override.py:1847} INFO - Created Permission View: can edit on DAG:example_branch_datetime_operator_2
[2024-07-06T16:09:35.208+0700] {logging_mixin.py:188} INFO - [2024-07-06T16:09:35.207+0700] {override.py:1847} INFO - Created Permission View: can read on DAG:example_branch_datetime_operator_2
[2024-07-06T16:09:35.224+0700] {logging_mixin.py:188} INFO - [2024-07-06T16:09:35.223+0700] {override.py:1847} INFO - Created Permission View: can delete on DAG:example_branch_datetime_operator
[2024-07-06T16:09:35.232+0700] {logging_mixin.py:188} INFO - [2024-07-06T16:09:35.232+0700] {override.py:1847} INFO - Created Permission View: can edit on DAG:example_branch_datetime_operator
[2024-07-06T16:09:35.242+0700] {logging_mixin.py:188} INFO - [2024-07-06T16:09:35.241+0700] {override.py:1847} INFO - Created Permission View: can read on DAG:example_branch_datetime_operator
[2024-07-06T16:09:35.243+0700] {logging_mixin.py:188} INFO - [2024-07-06T16:09:35.242+0700] {dag.py:3096} INFO - Sync 3 DAGs
[2024-07-06T16:09:35.263+0700] {logging_mixin.py:188} INFO - [2024-07-06T16:09:35.262+0700] {dag.py:3118} INFO - Creating ORM DAG for example_branch_datetime_operator
[2024-07-06T16:09:35.264+0700] {logging_mixin.py:188} INFO - [2024-07-06T16:09:35.263+0700] {dag.py:3118} INFO - Creating ORM DAG for example_branch_datetime_operator_2
[2024-07-06T16:09:35.264+0700] {logging_mixin.py:188} INFO - [2024-07-06T16:09:35.264+0700] {dag.py:3118} INFO - Creating ORM DAG for example_branch_datetime_operator_3
[2024-07-06T16:09:35.277+0700] {logging_mixin.py:188} INFO - [2024-07-06T16:09:35.277+0700] {dag.py:3954} INFO - Setting next_dagrun for example_branch_datetime_operator to 2024-07-05 00:00:00+00:00, run_after=2024-07-06 00:00:00+00:00
[2024-07-06T16:09:35.280+0700] {logging_mixin.py:188} INFO - [2024-07-06T16:09:35.279+0700] {dag.py:3954} INFO - Setting next_dagrun for example_branch_datetime_operator_2 to 2024-07-05 00:00:00+00:00, run_after=2024-07-06 00:00:00+00:00
[2024-07-06T16:09:35.282+0700] {logging_mixin.py:188} INFO - [2024-07-06T16:09:35.282+0700] {dag.py:3954} INFO - Setting next_dagrun for example_branch_datetime_operator_3 to 2024-07-05 00:00:00+00:00, run_after=2024-07-06 00:00:00+00:00
[2024-07-06T16:09:35.466+0700] {processor.py:183} INFO - Processing /home/acer/.local/share/virtualenvs/custom_airflow-E5ZHcY_K/lib/python3.12/site-packages/airflow/example_dags/example_branch_datetime_operator.py took 0.488 seconds
[2024-07-06T16:11:22.074+0700] {processor.py:161} INFO - Started process (PID=52415) to work on /home/acer/.local/share/virtualenvs/custom_airflow-E5ZHcY_K/lib/python3.12/site-packages/airflow/example_dags/example_branch_datetime_operator.py
[2024-07-06T16:11:22.076+0700] {processor.py:830} INFO - Processing file /home/acer/.local/share/virtualenvs/custom_airflow-E5ZHcY_K/lib/python3.12/site-packages/airflow/example_dags/example_branch_datetime_operator.py for tasks to queue
[2024-07-06T16:11:22.078+0700] {logging_mixin.py:188} INFO - [2024-07-06T16:11:22.077+0700] {dagbag.py:545} INFO - Filling up the DagBag from /home/acer/.local/share/virtualenvs/custom_airflow-E5ZHcY_K/lib/python3.12/site-packages/airflow/example_dags/example_branch_datetime_operator.py
[2024-07-06T16:11:22.102+0700] {processor.py:840} INFO - DAG(s) 'example_branch_datetime_operator', 'example_branch_datetime_operator_2', 'example_branch_datetime_operator_3' retrieved from /home/acer/.local/share/virtualenvs/custom_airflow-E5ZHcY_K/lib/python3.12/site-packages/airflow/example_dags/example_branch_datetime_operator.py
[2024-07-06T16:11:22.128+0700] {logging_mixin.py:188} INFO - [2024-07-06T16:11:22.128+0700] {dag.py:3096} INFO - Sync 3 DAGs
[2024-07-06T16:11:22.150+0700] {logging_mixin.py:188} INFO - [2024-07-06T16:11:22.150+0700] {dag.py:3954} INFO - Setting next_dagrun for example_branch_datetime_operator to 2024-07-05 00:00:00+00:00, run_after=2024-07-06 00:00:00+00:00
[2024-07-06T16:11:22.156+0700] {logging_mixin.py:188} INFO - [2024-07-06T16:11:22.155+0700] {dag.py:3954} INFO - Setting next_dagrun for example_branch_datetime_operator_2 to 2024-07-05 00:00:00+00:00, run_after=2024-07-06 00:00:00+00:00
[2024-07-06T16:11:22.159+0700] {logging_mixin.py:188} INFO - [2024-07-06T16:11:22.158+0700] {dag.py:3954} INFO - Setting next_dagrun for example_branch_datetime_operator_3 to 2024-07-05 00:00:00+00:00, run_after=2024-07-06 00:00:00+00:00
[2024-07-06T16:11:22.182+0700] {processor.py:183} INFO - Processing /home/acer/.local/share/virtualenvs/custom_airflow-E5ZHcY_K/lib/python3.12/site-packages/airflow/example_dags/example_branch_datetime_operator.py took 0.120 seconds
[2024-07-06T16:16:24.789+0700] {processor.py:161} INFO - Started process (PID=55168) to work on /home/acer/.local/share/virtualenvs/custom_airflow-E5ZHcY_K/lib/python3.12/site-packages/airflow/example_dags/example_branch_datetime_operator.py
[2024-07-06T16:16:24.790+0700] {processor.py:830} INFO - Processing file /home/acer/.local/share/virtualenvs/custom_airflow-E5ZHcY_K/lib/python3.12/site-packages/airflow/example_dags/example_branch_datetime_operator.py for tasks to queue
[2024-07-06T16:16:24.793+0700] {logging_mixin.py:188} INFO - [2024-07-06T16:16:24.792+0700] {dagbag.py:545} INFO - Filling up the DagBag from /home/acer/.local/share/virtualenvs/custom_airflow-E5ZHcY_K/lib/python3.12/site-packages/airflow/example_dags/example_branch_datetime_operator.py
[2024-07-06T16:16:24.806+0700] {processor.py:840} INFO - DAG(s) 'example_branch_datetime_operator', 'example_branch_datetime_operator_2', 'example_branch_datetime_operator_3' retrieved from /home/acer/.local/share/virtualenvs/custom_airflow-E5ZHcY_K/lib/python3.12/site-packages/airflow/example_dags/example_branch_datetime_operator.py
[2024-07-06T16:16:24.950+0700] {logging_mixin.py:188} INFO - [2024-07-06T16:16:24.950+0700] {dag.py:3096} INFO - Sync 3 DAGs
[2024-07-06T16:16:24.972+0700] {logging_mixin.py:188} INFO - [2024-07-06T16:16:24.971+0700] {dag.py:3954} INFO - Setting next_dagrun for example_branch_datetime_operator to 2024-07-05 00:00:00+00:00, run_after=2024-07-06 00:00:00+00:00
[2024-07-06T16:16:24.976+0700] {logging_mixin.py:188} INFO - [2024-07-06T16:16:24.976+0700] {dag.py:3954} INFO - Setting next_dagrun for example_branch_datetime_operator_2 to 2024-07-05 00:00:00+00:00, run_after=2024-07-06 00:00:00+00:00
[2024-07-06T16:16:24.979+0700] {logging_mixin.py:188} INFO - [2024-07-06T16:16:24.978+0700] {dag.py:3954} INFO - Setting next_dagrun for example_branch_datetime_operator_3 to 2024-07-05 00:00:00+00:00, run_after=2024-07-06 00:00:00+00:00
[2024-07-06T16:16:24.999+0700] {processor.py:183} INFO - Processing /home/acer/.local/share/virtualenvs/custom_airflow-E5ZHcY_K/lib/python3.12/site-packages/airflow/example_dags/example_branch_datetime_operator.py took 0.216 seconds
[2024-07-06T16:17:20.518+0700] {processor.py:161} INFO - Started process (PID=55662) to work on /home/acer/.local/share/virtualenvs/custom_airflow-E5ZHcY_K/lib/python3.12/site-packages/airflow/example_dags/example_branch_datetime_operator.py
[2024-07-06T16:17:20.519+0700] {processor.py:830} INFO - Processing file /home/acer/.local/share/virtualenvs/custom_airflow-E5ZHcY_K/lib/python3.12/site-packages/airflow/example_dags/example_branch_datetime_operator.py for tasks to queue
[2024-07-06T16:17:20.521+0700] {logging_mixin.py:188} INFO - [2024-07-06T16:17:20.521+0700] {dagbag.py:545} INFO - Filling up the DagBag from /home/acer/.local/share/virtualenvs/custom_airflow-E5ZHcY_K/lib/python3.12/site-packages/airflow/example_dags/example_branch_datetime_operator.py
[2024-07-06T16:17:20.534+0700] {processor.py:840} INFO - DAG(s) 'example_branch_datetime_operator_2', 'example_branch_datetime_operator', 'example_branch_datetime_operator_3' retrieved from /home/acer/.local/share/virtualenvs/custom_airflow-E5ZHcY_K/lib/python3.12/site-packages/airflow/example_dags/example_branch_datetime_operator.py
[2024-07-06T16:17:20.557+0700] {logging_mixin.py:188} INFO - [2024-07-06T16:17:20.557+0700] {dag.py:3096} INFO - Sync 3 DAGs
[2024-07-06T16:17:20.583+0700] {logging_mixin.py:188} INFO - [2024-07-06T16:17:20.582+0700] {dag.py:3954} INFO - Setting next_dagrun for example_branch_datetime_operator to 2024-07-05 00:00:00+00:00, run_after=2024-07-06 00:00:00+00:00
[2024-07-06T16:17:20.588+0700] {logging_mixin.py:188} INFO - [2024-07-06T16:17:20.588+0700] {dag.py:3954} INFO - Setting next_dagrun for example_branch_datetime_operator_2 to 2024-07-05 00:00:00+00:00, run_after=2024-07-06 00:00:00+00:00
[2024-07-06T16:17:20.591+0700] {logging_mixin.py:188} INFO - [2024-07-06T16:17:20.591+0700] {dag.py:3954} INFO - Setting next_dagrun for example_branch_datetime_operator_3 to 2024-07-05 00:00:00+00:00, run_after=2024-07-06 00:00:00+00:00
[2024-07-06T16:17:20.610+0700] {processor.py:183} INFO - Processing /home/acer/.local/share/virtualenvs/custom_airflow-E5ZHcY_K/lib/python3.12/site-packages/airflow/example_dags/example_branch_datetime_operator.py took 0.100 seconds
[2024-07-06T16:18:32.348+0700] {processor.py:161} INFO - Started process (PID=56019) to work on /home/acer/.local/share/virtualenvs/custom_airflow-E5ZHcY_K/lib/python3.12/site-packages/airflow/example_dags/example_branch_datetime_operator.py
[2024-07-06T16:18:32.349+0700] {processor.py:830} INFO - Processing file /home/acer/.local/share/virtualenvs/custom_airflow-E5ZHcY_K/lib/python3.12/site-packages/airflow/example_dags/example_branch_datetime_operator.py for tasks to queue
[2024-07-06T16:18:32.352+0700] {logging_mixin.py:188} INFO - [2024-07-06T16:18:32.351+0700] {dagbag.py:545} INFO - Filling up the DagBag from /home/acer/.local/share/virtualenvs/custom_airflow-E5ZHcY_K/lib/python3.12/site-packages/airflow/example_dags/example_branch_datetime_operator.py
[2024-07-06T16:18:32.363+0700] {processor.py:840} INFO - DAG(s) 'example_branch_datetime_operator_3', 'example_branch_datetime_operator_2', 'example_branch_datetime_operator' retrieved from /home/acer/.local/share/virtualenvs/custom_airflow-E5ZHcY_K/lib/python3.12/site-packages/airflow/example_dags/example_branch_datetime_operator.py
[2024-07-06T16:18:32.385+0700] {logging_mixin.py:188} INFO - [2024-07-06T16:18:32.384+0700] {dag.py:3096} INFO - Sync 3 DAGs
[2024-07-06T16:18:32.409+0700] {logging_mixin.py:188} INFO - [2024-07-06T16:18:32.409+0700] {dag.py:3954} INFO - Setting next_dagrun for example_branch_datetime_operator to 2024-07-05 00:00:00+00:00, run_after=2024-07-06 00:00:00+00:00
[2024-07-06T16:18:32.417+0700] {logging_mixin.py:188} INFO - [2024-07-06T16:18:32.417+0700] {dag.py:3954} INFO - Setting next_dagrun for example_branch_datetime_operator_2 to 2024-07-05 00:00:00+00:00, run_after=2024-07-06 00:00:00+00:00
[2024-07-06T16:18:32.423+0700] {logging_mixin.py:188} INFO - [2024-07-06T16:18:32.422+0700] {dag.py:3954} INFO - Setting next_dagrun for example_branch_datetime_operator_3 to 2024-07-05 00:00:00+00:00, run_after=2024-07-06 00:00:00+00:00
[2024-07-06T16:18:32.450+0700] {processor.py:183} INFO - Processing /home/acer/.local/share/virtualenvs/custom_airflow-E5ZHcY_K/lib/python3.12/site-packages/airflow/example_dags/example_branch_datetime_operator.py took 0.111 seconds
[2024-07-06T16:19:54.003+0700] {processor.py:161} INFO - Started process (PID=56815) to work on /home/acer/.local/share/virtualenvs/custom_airflow-E5ZHcY_K/lib/python3.12/site-packages/airflow/example_dags/example_branch_datetime_operator.py
[2024-07-06T16:19:54.004+0700] {processor.py:830} INFO - Processing file /home/acer/.local/share/virtualenvs/custom_airflow-E5ZHcY_K/lib/python3.12/site-packages/airflow/example_dags/example_branch_datetime_operator.py for tasks to queue
[2024-07-06T16:19:54.007+0700] {logging_mixin.py:188} INFO - [2024-07-06T16:19:54.007+0700] {dagbag.py:545} INFO - Filling up the DagBag from /home/acer/.local/share/virtualenvs/custom_airflow-E5ZHcY_K/lib/python3.12/site-packages/airflow/example_dags/example_branch_datetime_operator.py
[2024-07-06T16:19:54.019+0700] {processor.py:840} INFO - DAG(s) 'example_branch_datetime_operator_2', 'example_branch_datetime_operator', 'example_branch_datetime_operator_3' retrieved from /home/acer/.local/share/virtualenvs/custom_airflow-E5ZHcY_K/lib/python3.12/site-packages/airflow/example_dags/example_branch_datetime_operator.py
[2024-07-06T16:19:54.041+0700] {logging_mixin.py:188} INFO - [2024-07-06T16:19:54.041+0700] {dag.py:3096} INFO - Sync 3 DAGs
[2024-07-06T16:19:54.064+0700] {logging_mixin.py:188} INFO - [2024-07-06T16:19:54.064+0700] {dag.py:3954} INFO - Setting next_dagrun for example_branch_datetime_operator to 2024-07-05 00:00:00+00:00, run_after=2024-07-06 00:00:00+00:00
[2024-07-06T16:19:54.069+0700] {logging_mixin.py:188} INFO - [2024-07-06T16:19:54.069+0700] {dag.py:3954} INFO - Setting next_dagrun for example_branch_datetime_operator_2 to 2024-07-05 00:00:00+00:00, run_after=2024-07-06 00:00:00+00:00
[2024-07-06T16:19:54.072+0700] {logging_mixin.py:188} INFO - [2024-07-06T16:19:54.072+0700] {dag.py:3954} INFO - Setting next_dagrun for example_branch_datetime_operator_3 to 2024-07-05 00:00:00+00:00, run_after=2024-07-06 00:00:00+00:00
[2024-07-06T16:19:54.090+0700] {processor.py:183} INFO - Processing /home/acer/.local/share/virtualenvs/custom_airflow-E5ZHcY_K/lib/python3.12/site-packages/airflow/example_dags/example_branch_datetime_operator.py took 0.096 seconds
[2024-07-06T16:20:52.173+0700] {processor.py:161} INFO - Started process (PID=57295) to work on /home/acer/.local/share/virtualenvs/custom_airflow-E5ZHcY_K/lib/python3.12/site-packages/airflow/example_dags/example_branch_datetime_operator.py
[2024-07-06T16:20:52.175+0700] {processor.py:830} INFO - Processing file /home/acer/.local/share/virtualenvs/custom_airflow-E5ZHcY_K/lib/python3.12/site-packages/airflow/example_dags/example_branch_datetime_operator.py for tasks to queue
[2024-07-06T16:20:52.178+0700] {logging_mixin.py:188} INFO - [2024-07-06T16:20:52.177+0700] {dagbag.py:545} INFO - Filling up the DagBag from /home/acer/.local/share/virtualenvs/custom_airflow-E5ZHcY_K/lib/python3.12/site-packages/airflow/example_dags/example_branch_datetime_operator.py
[2024-07-06T16:20:52.192+0700] {processor.py:840} INFO - DAG(s) 'example_branch_datetime_operator_3', 'example_branch_datetime_operator_2', 'example_branch_datetime_operator' retrieved from /home/acer/.local/share/virtualenvs/custom_airflow-E5ZHcY_K/lib/python3.12/site-packages/airflow/example_dags/example_branch_datetime_operator.py
[2024-07-06T16:20:52.218+0700] {logging_mixin.py:188} INFO - [2024-07-06T16:20:52.218+0700] {dag.py:3096} INFO - Sync 3 DAGs
[2024-07-06T16:20:52.248+0700] {logging_mixin.py:188} INFO - [2024-07-06T16:20:52.248+0700] {dag.py:3954} INFO - Setting next_dagrun for example_branch_datetime_operator to 2024-07-05 00:00:00+00:00, run_after=2024-07-06 00:00:00+00:00
[2024-07-06T16:20:52.255+0700] {logging_mixin.py:188} INFO - [2024-07-06T16:20:52.255+0700] {dag.py:3954} INFO - Setting next_dagrun for example_branch_datetime_operator_2 to 2024-07-05 00:00:00+00:00, run_after=2024-07-06 00:00:00+00:00
[2024-07-06T16:20:52.260+0700] {logging_mixin.py:188} INFO - [2024-07-06T16:20:52.260+0700] {dag.py:3954} INFO - Setting next_dagrun for example_branch_datetime_operator_3 to 2024-07-05 00:00:00+00:00, run_after=2024-07-06 00:00:00+00:00
[2024-07-06T16:20:52.282+0700] {processor.py:183} INFO - Processing /home/acer/.local/share/virtualenvs/custom_airflow-E5ZHcY_K/lib/python3.12/site-packages/airflow/example_dags/example_branch_datetime_operator.py took 0.120 seconds
[2024-07-06T16:22:06.912+0700] {processor.py:161} INFO - Started process (PID=57819) to work on /home/acer/.local/share/virtualenvs/custom_airflow-E5ZHcY_K/lib/python3.12/site-packages/airflow/example_dags/example_branch_datetime_operator.py
[2024-07-06T16:22:06.915+0700] {processor.py:830} INFO - Processing file /home/acer/.local/share/virtualenvs/custom_airflow-E5ZHcY_K/lib/python3.12/site-packages/airflow/example_dags/example_branch_datetime_operator.py for tasks to queue
[2024-07-06T16:22:06.919+0700] {logging_mixin.py:188} INFO - [2024-07-06T16:22:06.918+0700] {dagbag.py:545} INFO - Filling up the DagBag from /home/acer/.local/share/virtualenvs/custom_airflow-E5ZHcY_K/lib/python3.12/site-packages/airflow/example_dags/example_branch_datetime_operator.py
[2024-07-06T16:22:06.934+0700] {processor.py:840} INFO - DAG(s) 'example_branch_datetime_operator_3', 'example_branch_datetime_operator_2', 'example_branch_datetime_operator' retrieved from /home/acer/.local/share/virtualenvs/custom_airflow-E5ZHcY_K/lib/python3.12/site-packages/airflow/example_dags/example_branch_datetime_operator.py
[2024-07-06T16:22:06.957+0700] {logging_mixin.py:188} INFO - [2024-07-06T16:22:06.956+0700] {dag.py:3096} INFO - Sync 3 DAGs
[2024-07-06T16:22:06.979+0700] {logging_mixin.py:188} INFO - [2024-07-06T16:22:06.978+0700] {dag.py:3954} INFO - Setting next_dagrun for example_branch_datetime_operator to 2024-07-05 00:00:00+00:00, run_after=2024-07-06 00:00:00+00:00
[2024-07-06T16:22:06.984+0700] {logging_mixin.py:188} INFO - [2024-07-06T16:22:06.984+0700] {dag.py:3954} INFO - Setting next_dagrun for example_branch_datetime_operator_2 to 2024-07-05 00:00:00+00:00, run_after=2024-07-06 00:00:00+00:00
[2024-07-06T16:22:06.987+0700] {logging_mixin.py:188} INFO - [2024-07-06T16:22:06.987+0700] {dag.py:3954} INFO - Setting next_dagrun for example_branch_datetime_operator_3 to 2024-07-05 00:00:00+00:00, run_after=2024-07-06 00:00:00+00:00
[2024-07-06T16:22:07.011+0700] {processor.py:183} INFO - Processing /home/acer/.local/share/virtualenvs/custom_airflow-E5ZHcY_K/lib/python3.12/site-packages/airflow/example_dags/example_branch_datetime_operator.py took 0.118 seconds
[2024-07-06T16:23:23.236+0700] {processor.py:161} INFO - Started process (PID=58425) to work on /home/acer/.local/share/virtualenvs/custom_airflow-E5ZHcY_K/lib/python3.12/site-packages/airflow/example_dags/example_branch_datetime_operator.py
[2024-07-06T16:23:23.237+0700] {processor.py:830} INFO - Processing file /home/acer/.local/share/virtualenvs/custom_airflow-E5ZHcY_K/lib/python3.12/site-packages/airflow/example_dags/example_branch_datetime_operator.py for tasks to queue
[2024-07-06T16:23:23.239+0700] {logging_mixin.py:188} INFO - [2024-07-06T16:23:23.239+0700] {dagbag.py:545} INFO - Filling up the DagBag from /home/acer/.local/share/virtualenvs/custom_airflow-E5ZHcY_K/lib/python3.12/site-packages/airflow/example_dags/example_branch_datetime_operator.py
[2024-07-06T16:23:23.251+0700] {processor.py:840} INFO - DAG(s) 'example_branch_datetime_operator', 'example_branch_datetime_operator_2', 'example_branch_datetime_operator_3' retrieved from /home/acer/.local/share/virtualenvs/custom_airflow-E5ZHcY_K/lib/python3.12/site-packages/airflow/example_dags/example_branch_datetime_operator.py
[2024-07-06T16:23:23.277+0700] {logging_mixin.py:188} INFO - [2024-07-06T16:23:23.277+0700] {dag.py:3096} INFO - Sync 3 DAGs
[2024-07-06T16:23:23.312+0700] {logging_mixin.py:188} INFO - [2024-07-06T16:23:23.312+0700] {dag.py:3954} INFO - Setting next_dagrun for example_branch_datetime_operator to 2024-07-05 00:00:00+00:00, run_after=2024-07-06 00:00:00+00:00
[2024-07-06T16:23:23.324+0700] {logging_mixin.py:188} INFO - [2024-07-06T16:23:23.323+0700] {dag.py:3954} INFO - Setting next_dagrun for example_branch_datetime_operator_2 to 2024-07-05 00:00:00+00:00, run_after=2024-07-06 00:00:00+00:00
[2024-07-06T16:23:23.329+0700] {logging_mixin.py:188} INFO - [2024-07-06T16:23:23.328+0700] {dag.py:3954} INFO - Setting next_dagrun for example_branch_datetime_operator_3 to 2024-07-05 00:00:00+00:00, run_after=2024-07-06 00:00:00+00:00
[2024-07-06T16:23:23.356+0700] {processor.py:183} INFO - Processing /home/acer/.local/share/virtualenvs/custom_airflow-E5ZHcY_K/lib/python3.12/site-packages/airflow/example_dags/example_branch_datetime_operator.py took 0.127 seconds
[2024-07-06T16:24:48.037+0700] {processor.py:161} INFO - Started process (PID=59428) to work on /home/acer/.local/share/virtualenvs/custom_airflow-E5ZHcY_K/lib/python3.12/site-packages/airflow/example_dags/example_branch_datetime_operator.py
[2024-07-06T16:24:48.038+0700] {processor.py:830} INFO - Processing file /home/acer/.local/share/virtualenvs/custom_airflow-E5ZHcY_K/lib/python3.12/site-packages/airflow/example_dags/example_branch_datetime_operator.py for tasks to queue
[2024-07-06T16:24:48.042+0700] {logging_mixin.py:188} INFO - [2024-07-06T16:24:48.041+0700] {dagbag.py:545} INFO - Filling up the DagBag from /home/acer/.local/share/virtualenvs/custom_airflow-E5ZHcY_K/lib/python3.12/site-packages/airflow/example_dags/example_branch_datetime_operator.py
[2024-07-06T16:24:48.059+0700] {processor.py:840} INFO - DAG(s) 'example_branch_datetime_operator_3', 'example_branch_datetime_operator_2', 'example_branch_datetime_operator' retrieved from /home/acer/.local/share/virtualenvs/custom_airflow-E5ZHcY_K/lib/python3.12/site-packages/airflow/example_dags/example_branch_datetime_operator.py
[2024-07-06T16:24:48.082+0700] {logging_mixin.py:188} INFO - [2024-07-06T16:24:48.082+0700] {dag.py:3096} INFO - Sync 3 DAGs
[2024-07-06T16:24:48.105+0700] {logging_mixin.py:188} INFO - [2024-07-06T16:24:48.105+0700] {dag.py:3954} INFO - Setting next_dagrun for example_branch_datetime_operator to 2024-07-05 00:00:00+00:00, run_after=2024-07-06 00:00:00+00:00
[2024-07-06T16:24:48.111+0700] {logging_mixin.py:188} INFO - [2024-07-06T16:24:48.111+0700] {dag.py:3954} INFO - Setting next_dagrun for example_branch_datetime_operator_2 to 2024-07-05 00:00:00+00:00, run_after=2024-07-06 00:00:00+00:00
[2024-07-06T16:24:48.114+0700] {logging_mixin.py:188} INFO - [2024-07-06T16:24:48.114+0700] {dag.py:3954} INFO - Setting next_dagrun for example_branch_datetime_operator_3 to 2024-07-05 00:00:00+00:00, run_after=2024-07-06 00:00:00+00:00
[2024-07-06T16:24:48.133+0700] {processor.py:183} INFO - Processing /home/acer/.local/share/virtualenvs/custom_airflow-E5ZHcY_K/lib/python3.12/site-packages/airflow/example_dags/example_branch_datetime_operator.py took 0.106 seconds
[2024-07-06T16:26:05.877+0700] {processor.py:161} INFO - Started process (PID=60007) to work on /home/acer/.local/share/virtualenvs/custom_airflow-E5ZHcY_K/lib/python3.12/site-packages/airflow/example_dags/example_branch_datetime_operator.py
[2024-07-06T16:26:05.879+0700] {processor.py:830} INFO - Processing file /home/acer/.local/share/virtualenvs/custom_airflow-E5ZHcY_K/lib/python3.12/site-packages/airflow/example_dags/example_branch_datetime_operator.py for tasks to queue
[2024-07-06T16:26:05.883+0700] {logging_mixin.py:188} INFO - [2024-07-06T16:26:05.882+0700] {dagbag.py:545} INFO - Filling up the DagBag from /home/acer/.local/share/virtualenvs/custom_airflow-E5ZHcY_K/lib/python3.12/site-packages/airflow/example_dags/example_branch_datetime_operator.py
[2024-07-06T16:26:05.896+0700] {processor.py:840} INFO - DAG(s) 'example_branch_datetime_operator_2', 'example_branch_datetime_operator', 'example_branch_datetime_operator_3' retrieved from /home/acer/.local/share/virtualenvs/custom_airflow-E5ZHcY_K/lib/python3.12/site-packages/airflow/example_dags/example_branch_datetime_operator.py
[2024-07-06T16:26:05.918+0700] {logging_mixin.py:188} INFO - [2024-07-06T16:26:05.917+0700] {dag.py:3096} INFO - Sync 3 DAGs
[2024-07-06T16:26:05.941+0700] {logging_mixin.py:188} INFO - [2024-07-06T16:26:05.941+0700] {dag.py:3954} INFO - Setting next_dagrun for example_branch_datetime_operator to 2024-07-05 00:00:00+00:00, run_after=2024-07-06 00:00:00+00:00
[2024-07-06T16:26:05.946+0700] {logging_mixin.py:188} INFO - [2024-07-06T16:26:05.946+0700] {dag.py:3954} INFO - Setting next_dagrun for example_branch_datetime_operator_2 to 2024-07-05 00:00:00+00:00, run_after=2024-07-06 00:00:00+00:00
[2024-07-06T16:26:05.949+0700] {logging_mixin.py:188} INFO - [2024-07-06T16:26:05.949+0700] {dag.py:3954} INFO - Setting next_dagrun for example_branch_datetime_operator_3 to 2024-07-05 00:00:00+00:00, run_after=2024-07-06 00:00:00+00:00
[2024-07-06T16:26:05.967+0700] {processor.py:183} INFO - Processing /home/acer/.local/share/virtualenvs/custom_airflow-E5ZHcY_K/lib/python3.12/site-packages/airflow/example_dags/example_branch_datetime_operator.py took 0.103 seconds
[2024-07-06T16:27:18.581+0700] {processor.py:161} INFO - Started process (PID=60385) to work on /home/acer/.local/share/virtualenvs/custom_airflow-E5ZHcY_K/lib/python3.12/site-packages/airflow/example_dags/example_branch_datetime_operator.py
[2024-07-06T16:27:18.584+0700] {processor.py:830} INFO - Processing file /home/acer/.local/share/virtualenvs/custom_airflow-E5ZHcY_K/lib/python3.12/site-packages/airflow/example_dags/example_branch_datetime_operator.py for tasks to queue
[2024-07-06T16:27:18.589+0700] {logging_mixin.py:188} INFO - [2024-07-06T16:27:18.587+0700] {dagbag.py:545} INFO - Filling up the DagBag from /home/acer/.local/share/virtualenvs/custom_airflow-E5ZHcY_K/lib/python3.12/site-packages/airflow/example_dags/example_branch_datetime_operator.py
[2024-07-06T16:27:18.604+0700] {processor.py:840} INFO - DAG(s) 'example_branch_datetime_operator_2', 'example_branch_datetime_operator', 'example_branch_datetime_operator_3' retrieved from /home/acer/.local/share/virtualenvs/custom_airflow-E5ZHcY_K/lib/python3.12/site-packages/airflow/example_dags/example_branch_datetime_operator.py
[2024-07-06T16:27:18.627+0700] {logging_mixin.py:188} INFO - [2024-07-06T16:27:18.626+0700] {dag.py:3096} INFO - Sync 3 DAGs
[2024-07-06T16:27:18.649+0700] {logging_mixin.py:188} INFO - [2024-07-06T16:27:18.649+0700] {dag.py:3954} INFO - Setting next_dagrun for example_branch_datetime_operator to 2024-07-05 00:00:00+00:00, run_after=2024-07-06 00:00:00+00:00
[2024-07-06T16:27:18.655+0700] {logging_mixin.py:188} INFO - [2024-07-06T16:27:18.654+0700] {dag.py:3954} INFO - Setting next_dagrun for example_branch_datetime_operator_2 to 2024-07-05 00:00:00+00:00, run_after=2024-07-06 00:00:00+00:00
[2024-07-06T16:27:18.657+0700] {logging_mixin.py:188} INFO - [2024-07-06T16:27:18.657+0700] {dag.py:3954} INFO - Setting next_dagrun for example_branch_datetime_operator_3 to 2024-07-05 00:00:00+00:00, run_after=2024-07-06 00:00:00+00:00
[2024-07-06T16:27:18.675+0700] {processor.py:183} INFO - Processing /home/acer/.local/share/virtualenvs/custom_airflow-E5ZHcY_K/lib/python3.12/site-packages/airflow/example_dags/example_branch_datetime_operator.py took 0.114 seconds
[2024-07-06T16:28:27.331+0700] {processor.py:161} INFO - Started process (PID=60728) to work on /home/acer/.local/share/virtualenvs/custom_airflow-E5ZHcY_K/lib/python3.12/site-packages/airflow/example_dags/example_branch_datetime_operator.py
[2024-07-06T16:28:27.332+0700] {processor.py:830} INFO - Processing file /home/acer/.local/share/virtualenvs/custom_airflow-E5ZHcY_K/lib/python3.12/site-packages/airflow/example_dags/example_branch_datetime_operator.py for tasks to queue
[2024-07-06T16:28:27.334+0700] {logging_mixin.py:188} INFO - [2024-07-06T16:28:27.333+0700] {dagbag.py:545} INFO - Filling up the DagBag from /home/acer/.local/share/virtualenvs/custom_airflow-E5ZHcY_K/lib/python3.12/site-packages/airflow/example_dags/example_branch_datetime_operator.py
[2024-07-06T16:28:27.344+0700] {processor.py:840} INFO - DAG(s) 'example_branch_datetime_operator', 'example_branch_datetime_operator_2', 'example_branch_datetime_operator_3' retrieved from /home/acer/.local/share/virtualenvs/custom_airflow-E5ZHcY_K/lib/python3.12/site-packages/airflow/example_dags/example_branch_datetime_operator.py
[2024-07-06T16:28:27.366+0700] {logging_mixin.py:188} INFO - [2024-07-06T16:28:27.366+0700] {dag.py:3096} INFO - Sync 3 DAGs
[2024-07-06T16:28:27.388+0700] {logging_mixin.py:188} INFO - [2024-07-06T16:28:27.388+0700] {dag.py:3954} INFO - Setting next_dagrun for example_branch_datetime_operator to 2024-07-05 00:00:00+00:00, run_after=2024-07-06 00:00:00+00:00
[2024-07-06T16:28:27.394+0700] {logging_mixin.py:188} INFO - [2024-07-06T16:28:27.393+0700] {dag.py:3954} INFO - Setting next_dagrun for example_branch_datetime_operator_2 to 2024-07-05 00:00:00+00:00, run_after=2024-07-06 00:00:00+00:00
[2024-07-06T16:28:27.396+0700] {logging_mixin.py:188} INFO - [2024-07-06T16:28:27.396+0700] {dag.py:3954} INFO - Setting next_dagrun for example_branch_datetime_operator_3 to 2024-07-05 00:00:00+00:00, run_after=2024-07-06 00:00:00+00:00
[2024-07-06T16:28:27.415+0700] {processor.py:183} INFO - Processing /home/acer/.local/share/virtualenvs/custom_airflow-E5ZHcY_K/lib/python3.12/site-packages/airflow/example_dags/example_branch_datetime_operator.py took 0.089 seconds
[2024-07-06T16:29:37.433+0700] {processor.py:161} INFO - Started process (PID=61076) to work on /home/acer/.local/share/virtualenvs/custom_airflow-E5ZHcY_K/lib/python3.12/site-packages/airflow/example_dags/example_branch_datetime_operator.py
[2024-07-06T16:29:37.434+0700] {processor.py:830} INFO - Processing file /home/acer/.local/share/virtualenvs/custom_airflow-E5ZHcY_K/lib/python3.12/site-packages/airflow/example_dags/example_branch_datetime_operator.py for tasks to queue
[2024-07-06T16:29:37.436+0700] {logging_mixin.py:188} INFO - [2024-07-06T16:29:37.435+0700] {dagbag.py:545} INFO - Filling up the DagBag from /home/acer/.local/share/virtualenvs/custom_airflow-E5ZHcY_K/lib/python3.12/site-packages/airflow/example_dags/example_branch_datetime_operator.py
[2024-07-06T16:29:37.446+0700] {processor.py:840} INFO - DAG(s) 'example_branch_datetime_operator_3', 'example_branch_datetime_operator_2', 'example_branch_datetime_operator' retrieved from /home/acer/.local/share/virtualenvs/custom_airflow-E5ZHcY_K/lib/python3.12/site-packages/airflow/example_dags/example_branch_datetime_operator.py
[2024-07-06T16:29:37.468+0700] {logging_mixin.py:188} INFO - [2024-07-06T16:29:37.468+0700] {dag.py:3096} INFO - Sync 3 DAGs
[2024-07-06T16:29:37.490+0700] {logging_mixin.py:188} INFO - [2024-07-06T16:29:37.490+0700] {dag.py:3954} INFO - Setting next_dagrun for example_branch_datetime_operator to 2024-07-05 00:00:00+00:00, run_after=2024-07-06 00:00:00+00:00
[2024-07-06T16:29:37.496+0700] {logging_mixin.py:188} INFO - [2024-07-06T16:29:37.495+0700] {dag.py:3954} INFO - Setting next_dagrun for example_branch_datetime_operator_2 to 2024-07-05 00:00:00+00:00, run_after=2024-07-06 00:00:00+00:00
[2024-07-06T16:29:37.498+0700] {logging_mixin.py:188} INFO - [2024-07-06T16:29:37.498+0700] {dag.py:3954} INFO - Setting next_dagrun for example_branch_datetime_operator_3 to 2024-07-05 00:00:00+00:00, run_after=2024-07-06 00:00:00+00:00
[2024-07-06T16:29:37.516+0700] {processor.py:183} INFO - Processing /home/acer/.local/share/virtualenvs/custom_airflow-E5ZHcY_K/lib/python3.12/site-packages/airflow/example_dags/example_branch_datetime_operator.py took 0.088 seconds
[2024-07-06T16:30:44.485+0700] {processor.py:161} INFO - Started process (PID=61441) to work on /home/acer/.local/share/virtualenvs/custom_airflow-E5ZHcY_K/lib/python3.12/site-packages/airflow/example_dags/example_branch_datetime_operator.py
[2024-07-06T16:30:44.486+0700] {processor.py:830} INFO - Processing file /home/acer/.local/share/virtualenvs/custom_airflow-E5ZHcY_K/lib/python3.12/site-packages/airflow/example_dags/example_branch_datetime_operator.py for tasks to queue
[2024-07-06T16:30:44.488+0700] {logging_mixin.py:188} INFO - [2024-07-06T16:30:44.487+0700] {dagbag.py:545} INFO - Filling up the DagBag from /home/acer/.local/share/virtualenvs/custom_airflow-E5ZHcY_K/lib/python3.12/site-packages/airflow/example_dags/example_branch_datetime_operator.py
[2024-07-06T16:30:44.498+0700] {processor.py:840} INFO - DAG(s) 'example_branch_datetime_operator_2', 'example_branch_datetime_operator_3', 'example_branch_datetime_operator' retrieved from /home/acer/.local/share/virtualenvs/custom_airflow-E5ZHcY_K/lib/python3.12/site-packages/airflow/example_dags/example_branch_datetime_operator.py
[2024-07-06T16:30:44.520+0700] {logging_mixin.py:188} INFO - [2024-07-06T16:30:44.519+0700] {dag.py:3096} INFO - Sync 3 DAGs
[2024-07-06T16:30:44.542+0700] {logging_mixin.py:188} INFO - [2024-07-06T16:30:44.542+0700] {dag.py:3954} INFO - Setting next_dagrun for example_branch_datetime_operator to 2024-07-05 00:00:00+00:00, run_after=2024-07-06 00:00:00+00:00
[2024-07-06T16:30:44.548+0700] {logging_mixin.py:188} INFO - [2024-07-06T16:30:44.548+0700] {dag.py:3954} INFO - Setting next_dagrun for example_branch_datetime_operator_2 to 2024-07-05 00:00:00+00:00, run_after=2024-07-06 00:00:00+00:00
[2024-07-06T16:30:44.550+0700] {logging_mixin.py:188} INFO - [2024-07-06T16:30:44.550+0700] {dag.py:3954} INFO - Setting next_dagrun for example_branch_datetime_operator_3 to 2024-07-05 00:00:00+00:00, run_after=2024-07-06 00:00:00+00:00
[2024-07-06T16:30:44.568+0700] {processor.py:183} INFO - Processing /home/acer/.local/share/virtualenvs/custom_airflow-E5ZHcY_K/lib/python3.12/site-packages/airflow/example_dags/example_branch_datetime_operator.py took 0.088 seconds
[2024-07-06T16:31:51.968+0700] {processor.py:161} INFO - Started process (PID=61772) to work on /home/acer/.local/share/virtualenvs/custom_airflow-E5ZHcY_K/lib/python3.12/site-packages/airflow/example_dags/example_branch_datetime_operator.py
[2024-07-06T16:31:51.969+0700] {processor.py:830} INFO - Processing file /home/acer/.local/share/virtualenvs/custom_airflow-E5ZHcY_K/lib/python3.12/site-packages/airflow/example_dags/example_branch_datetime_operator.py for tasks to queue
[2024-07-06T16:31:51.971+0700] {logging_mixin.py:188} INFO - [2024-07-06T16:31:51.970+0700] {dagbag.py:545} INFO - Filling up the DagBag from /home/acer/.local/share/virtualenvs/custom_airflow-E5ZHcY_K/lib/python3.12/site-packages/airflow/example_dags/example_branch_datetime_operator.py
[2024-07-06T16:31:51.981+0700] {processor.py:840} INFO - DAG(s) 'example_branch_datetime_operator_3', 'example_branch_datetime_operator_2', 'example_branch_datetime_operator' retrieved from /home/acer/.local/share/virtualenvs/custom_airflow-E5ZHcY_K/lib/python3.12/site-packages/airflow/example_dags/example_branch_datetime_operator.py
[2024-07-06T16:31:52.003+0700] {logging_mixin.py:188} INFO - [2024-07-06T16:31:52.003+0700] {dag.py:3096} INFO - Sync 3 DAGs
[2024-07-06T16:31:52.025+0700] {logging_mixin.py:188} INFO - [2024-07-06T16:31:52.025+0700] {dag.py:3954} INFO - Setting next_dagrun for example_branch_datetime_operator to 2024-07-05 00:00:00+00:00, run_after=2024-07-06 00:00:00+00:00
[2024-07-06T16:31:52.031+0700] {logging_mixin.py:188} INFO - [2024-07-06T16:31:52.031+0700] {dag.py:3954} INFO - Setting next_dagrun for example_branch_datetime_operator_2 to 2024-07-05 00:00:00+00:00, run_after=2024-07-06 00:00:00+00:00
[2024-07-06T16:31:52.034+0700] {logging_mixin.py:188} INFO - [2024-07-06T16:31:52.034+0700] {dag.py:3954} INFO - Setting next_dagrun for example_branch_datetime_operator_3 to 2024-07-05 00:00:00+00:00, run_after=2024-07-06 00:00:00+00:00
[2024-07-06T16:31:52.052+0700] {processor.py:183} INFO - Processing /home/acer/.local/share/virtualenvs/custom_airflow-E5ZHcY_K/lib/python3.12/site-packages/airflow/example_dags/example_branch_datetime_operator.py took 0.089 seconds
[2024-07-06T16:33:04.641+0700] {processor.py:161} INFO - Started process (PID=62143) to work on /home/acer/.local/share/virtualenvs/custom_airflow-E5ZHcY_K/lib/python3.12/site-packages/airflow/example_dags/example_branch_datetime_operator.py
[2024-07-06T16:33:04.643+0700] {processor.py:830} INFO - Processing file /home/acer/.local/share/virtualenvs/custom_airflow-E5ZHcY_K/lib/python3.12/site-packages/airflow/example_dags/example_branch_datetime_operator.py for tasks to queue
[2024-07-06T16:33:04.647+0700] {logging_mixin.py:188} INFO - [2024-07-06T16:33:04.646+0700] {dagbag.py:545} INFO - Filling up the DagBag from /home/acer/.local/share/virtualenvs/custom_airflow-E5ZHcY_K/lib/python3.12/site-packages/airflow/example_dags/example_branch_datetime_operator.py
[2024-07-06T16:33:04.665+0700] {processor.py:840} INFO - DAG(s) 'example_branch_datetime_operator_2', 'example_branch_datetime_operator', 'example_branch_datetime_operator_3' retrieved from /home/acer/.local/share/virtualenvs/custom_airflow-E5ZHcY_K/lib/python3.12/site-packages/airflow/example_dags/example_branch_datetime_operator.py
[2024-07-06T16:33:04.689+0700] {logging_mixin.py:188} INFO - [2024-07-06T16:33:04.688+0700] {dag.py:3096} INFO - Sync 3 DAGs
[2024-07-06T16:33:04.712+0700] {logging_mixin.py:188} INFO - [2024-07-06T16:33:04.712+0700] {dag.py:3954} INFO - Setting next_dagrun for example_branch_datetime_operator to 2024-07-05 00:00:00+00:00, run_after=2024-07-06 00:00:00+00:00
[2024-07-06T16:33:04.717+0700] {logging_mixin.py:188} INFO - [2024-07-06T16:33:04.717+0700] {dag.py:3954} INFO - Setting next_dagrun for example_branch_datetime_operator_2 to 2024-07-05 00:00:00+00:00, run_after=2024-07-06 00:00:00+00:00
[2024-07-06T16:33:04.720+0700] {logging_mixin.py:188} INFO - [2024-07-06T16:33:04.719+0700] {dag.py:3954} INFO - Setting next_dagrun for example_branch_datetime_operator_3 to 2024-07-05 00:00:00+00:00, run_after=2024-07-06 00:00:00+00:00
[2024-07-06T16:33:04.738+0700] {processor.py:183} INFO - Processing /home/acer/.local/share/virtualenvs/custom_airflow-E5ZHcY_K/lib/python3.12/site-packages/airflow/example_dags/example_branch_datetime_operator.py took 0.108 seconds
[2024-07-06T16:34:14.528+0700] {processor.py:161} INFO - Started process (PID=62500) to work on /home/acer/.local/share/virtualenvs/custom_airflow-E5ZHcY_K/lib/python3.12/site-packages/airflow/example_dags/example_branch_datetime_operator.py
[2024-07-06T16:34:14.530+0700] {processor.py:830} INFO - Processing file /home/acer/.local/share/virtualenvs/custom_airflow-E5ZHcY_K/lib/python3.12/site-packages/airflow/example_dags/example_branch_datetime_operator.py for tasks to queue
[2024-07-06T16:34:14.534+0700] {logging_mixin.py:188} INFO - [2024-07-06T16:34:14.533+0700] {dagbag.py:545} INFO - Filling up the DagBag from /home/acer/.local/share/virtualenvs/custom_airflow-E5ZHcY_K/lib/python3.12/site-packages/airflow/example_dags/example_branch_datetime_operator.py
[2024-07-06T16:34:14.549+0700] {processor.py:840} INFO - DAG(s) 'example_branch_datetime_operator_2', 'example_branch_datetime_operator_3', 'example_branch_datetime_operator' retrieved from /home/acer/.local/share/virtualenvs/custom_airflow-E5ZHcY_K/lib/python3.12/site-packages/airflow/example_dags/example_branch_datetime_operator.py
[2024-07-06T16:34:14.572+0700] {logging_mixin.py:188} INFO - [2024-07-06T16:34:14.571+0700] {dag.py:3096} INFO - Sync 3 DAGs
[2024-07-06T16:34:14.594+0700] {logging_mixin.py:188} INFO - [2024-07-06T16:34:14.594+0700] {dag.py:3954} INFO - Setting next_dagrun for example_branch_datetime_operator to 2024-07-05 00:00:00+00:00, run_after=2024-07-06 00:00:00+00:00
[2024-07-06T16:34:14.600+0700] {logging_mixin.py:188} INFO - [2024-07-06T16:34:14.599+0700] {dag.py:3954} INFO - Setting next_dagrun for example_branch_datetime_operator_2 to 2024-07-05 00:00:00+00:00, run_after=2024-07-06 00:00:00+00:00
[2024-07-06T16:34:14.602+0700] {logging_mixin.py:188} INFO - [2024-07-06T16:34:14.602+0700] {dag.py:3954} INFO - Setting next_dagrun for example_branch_datetime_operator_3 to 2024-07-05 00:00:00+00:00, run_after=2024-07-06 00:00:00+00:00
[2024-07-06T16:34:14.620+0700] {processor.py:183} INFO - Processing /home/acer/.local/share/virtualenvs/custom_airflow-E5ZHcY_K/lib/python3.12/site-packages/airflow/example_dags/example_branch_datetime_operator.py took 0.111 seconds
[2024-07-06T16:35:28.260+0700] {processor.py:161} INFO - Started process (PID=62905) to work on /home/acer/.local/share/virtualenvs/custom_airflow-E5ZHcY_K/lib/python3.12/site-packages/airflow/example_dags/example_branch_datetime_operator.py
[2024-07-06T16:35:28.261+0700] {processor.py:830} INFO - Processing file /home/acer/.local/share/virtualenvs/custom_airflow-E5ZHcY_K/lib/python3.12/site-packages/airflow/example_dags/example_branch_datetime_operator.py for tasks to queue
[2024-07-06T16:35:28.262+0700] {logging_mixin.py:188} INFO - [2024-07-06T16:35:28.262+0700] {dagbag.py:545} INFO - Filling up the DagBag from /home/acer/.local/share/virtualenvs/custom_airflow-E5ZHcY_K/lib/python3.12/site-packages/airflow/example_dags/example_branch_datetime_operator.py
[2024-07-06T16:35:28.273+0700] {processor.py:840} INFO - DAG(s) 'example_branch_datetime_operator', 'example_branch_datetime_operator_3', 'example_branch_datetime_operator_2' retrieved from /home/acer/.local/share/virtualenvs/custom_airflow-E5ZHcY_K/lib/python3.12/site-packages/airflow/example_dags/example_branch_datetime_operator.py
[2024-07-06T16:35:28.294+0700] {logging_mixin.py:188} INFO - [2024-07-06T16:35:28.294+0700] {dag.py:3096} INFO - Sync 3 DAGs
[2024-07-06T16:35:28.317+0700] {logging_mixin.py:188} INFO - [2024-07-06T16:35:28.316+0700] {dag.py:3954} INFO - Setting next_dagrun for example_branch_datetime_operator to 2024-07-05 00:00:00+00:00, run_after=2024-07-06 00:00:00+00:00
[2024-07-06T16:35:28.322+0700] {logging_mixin.py:188} INFO - [2024-07-06T16:35:28.322+0700] {dag.py:3954} INFO - Setting next_dagrun for example_branch_datetime_operator_2 to 2024-07-05 00:00:00+00:00, run_after=2024-07-06 00:00:00+00:00
[2024-07-06T16:35:28.324+0700] {logging_mixin.py:188} INFO - [2024-07-06T16:35:28.324+0700] {dag.py:3954} INFO - Setting next_dagrun for example_branch_datetime_operator_3 to 2024-07-05 00:00:00+00:00, run_after=2024-07-06 00:00:00+00:00
[2024-07-06T16:35:28.343+0700] {processor.py:183} INFO - Processing /home/acer/.local/share/virtualenvs/custom_airflow-E5ZHcY_K/lib/python3.12/site-packages/airflow/example_dags/example_branch_datetime_operator.py took 0.088 seconds
[2024-07-06T21:55:03.530+0700] {processor.py:161} INFO - Started process (PID=12092) to work on /home/acer/.local/share/virtualenvs/custom_airflow-E5ZHcY_K/lib/python3.12/site-packages/airflow/example_dags/example_branch_datetime_operator.py
[2024-07-06T21:55:03.532+0700] {processor.py:830} INFO - Processing file /home/acer/.local/share/virtualenvs/custom_airflow-E5ZHcY_K/lib/python3.12/site-packages/airflow/example_dags/example_branch_datetime_operator.py for tasks to queue
[2024-07-06T21:55:03.535+0700] {logging_mixin.py:188} INFO - [2024-07-06T21:55:03.534+0700] {dagbag.py:545} INFO - Filling up the DagBag from /home/acer/.local/share/virtualenvs/custom_airflow-E5ZHcY_K/lib/python3.12/site-packages/airflow/example_dags/example_branch_datetime_operator.py
[2024-07-06T21:55:03.549+0700] {processor.py:840} INFO - DAG(s) 'example_branch_datetime_operator_2', 'example_branch_datetime_operator_3', 'example_branch_datetime_operator' retrieved from /home/acer/.local/share/virtualenvs/custom_airflow-E5ZHcY_K/lib/python3.12/site-packages/airflow/example_dags/example_branch_datetime_operator.py
[2024-07-06T21:55:03.574+0700] {logging_mixin.py:188} INFO - [2024-07-06T21:55:03.573+0700] {dag.py:3096} INFO - Sync 3 DAGs
[2024-07-06T21:55:03.597+0700] {logging_mixin.py:188} INFO - [2024-07-06T21:55:03.596+0700] {dag.py:3954} INFO - Setting next_dagrun for example_branch_datetime_operator to 2024-07-05 00:00:00+00:00, run_after=2024-07-06 00:00:00+00:00
[2024-07-06T21:55:03.602+0700] {logging_mixin.py:188} INFO - [2024-07-06T21:55:03.601+0700] {dag.py:3954} INFO - Setting next_dagrun for example_branch_datetime_operator_2 to 2024-07-05 00:00:00+00:00, run_after=2024-07-06 00:00:00+00:00
[2024-07-06T21:55:03.604+0700] {logging_mixin.py:188} INFO - [2024-07-06T21:55:03.604+0700] {dag.py:3954} INFO - Setting next_dagrun for example_branch_datetime_operator_3 to 2024-07-05 00:00:00+00:00, run_after=2024-07-06 00:00:00+00:00
[2024-07-06T21:55:03.623+0700] {processor.py:183} INFO - Processing /home/acer/.local/share/virtualenvs/custom_airflow-E5ZHcY_K/lib/python3.12/site-packages/airflow/example_dags/example_branch_datetime_operator.py took 0.098 seconds
[2024-07-06T21:56:18.320+0700] {processor.py:161} INFO - Started process (PID=13110) to work on /home/acer/.local/share/virtualenvs/custom_airflow-E5ZHcY_K/lib/python3.12/site-packages/airflow/example_dags/example_branch_datetime_operator.py
[2024-07-06T21:56:18.323+0700] {processor.py:830} INFO - Processing file /home/acer/.local/share/virtualenvs/custom_airflow-E5ZHcY_K/lib/python3.12/site-packages/airflow/example_dags/example_branch_datetime_operator.py for tasks to queue
[2024-07-06T21:56:18.328+0700] {logging_mixin.py:188} INFO - [2024-07-06T21:56:18.327+0700] {dagbag.py:545} INFO - Filling up the DagBag from /home/acer/.local/share/virtualenvs/custom_airflow-E5ZHcY_K/lib/python3.12/site-packages/airflow/example_dags/example_branch_datetime_operator.py
[2024-07-06T21:56:18.354+0700] {processor.py:840} INFO - DAG(s) 'example_branch_datetime_operator', 'example_branch_datetime_operator_2', 'example_branch_datetime_operator_3' retrieved from /home/acer/.local/share/virtualenvs/custom_airflow-E5ZHcY_K/lib/python3.12/site-packages/airflow/example_dags/example_branch_datetime_operator.py
[2024-07-06T21:56:18.380+0700] {logging_mixin.py:188} INFO - [2024-07-06T21:56:18.379+0700] {dag.py:3096} INFO - Sync 3 DAGs
[2024-07-06T21:56:18.409+0700] {logging_mixin.py:188} INFO - [2024-07-06T21:56:18.409+0700] {dag.py:3954} INFO - Setting next_dagrun for example_branch_datetime_operator to 2024-07-05 00:00:00+00:00, run_after=2024-07-06 00:00:00+00:00
[2024-07-06T21:56:18.419+0700] {logging_mixin.py:188} INFO - [2024-07-06T21:56:18.418+0700] {dag.py:3954} INFO - Setting next_dagrun for example_branch_datetime_operator_2 to 2024-07-05 00:00:00+00:00, run_after=2024-07-06 00:00:00+00:00
[2024-07-06T21:56:18.422+0700] {logging_mixin.py:188} INFO - [2024-07-06T21:56:18.421+0700] {dag.py:3954} INFO - Setting next_dagrun for example_branch_datetime_operator_3 to 2024-07-05 00:00:00+00:00, run_after=2024-07-06 00:00:00+00:00
[2024-07-06T21:56:18.446+0700] {processor.py:183} INFO - Processing /home/acer/.local/share/virtualenvs/custom_airflow-E5ZHcY_K/lib/python3.12/site-packages/airflow/example_dags/example_branch_datetime_operator.py took 0.144 seconds
[2024-07-06T21:57:34.458+0700] {processor.py:161} INFO - Started process (PID=13877) to work on /home/acer/.local/share/virtualenvs/custom_airflow-E5ZHcY_K/lib/python3.12/site-packages/airflow/example_dags/example_branch_datetime_operator.py
[2024-07-06T21:57:34.459+0700] {processor.py:830} INFO - Processing file /home/acer/.local/share/virtualenvs/custom_airflow-E5ZHcY_K/lib/python3.12/site-packages/airflow/example_dags/example_branch_datetime_operator.py for tasks to queue
[2024-07-06T21:57:34.461+0700] {logging_mixin.py:188} INFO - [2024-07-06T21:57:34.460+0700] {dagbag.py:545} INFO - Filling up the DagBag from /home/acer/.local/share/virtualenvs/custom_airflow-E5ZHcY_K/lib/python3.12/site-packages/airflow/example_dags/example_branch_datetime_operator.py
[2024-07-06T21:57:34.471+0700] {processor.py:840} INFO - DAG(s) 'example_branch_datetime_operator', 'example_branch_datetime_operator_3', 'example_branch_datetime_operator_2' retrieved from /home/acer/.local/share/virtualenvs/custom_airflow-E5ZHcY_K/lib/python3.12/site-packages/airflow/example_dags/example_branch_datetime_operator.py
[2024-07-06T21:57:34.494+0700] {logging_mixin.py:188} INFO - [2024-07-06T21:57:34.494+0700] {dag.py:3096} INFO - Sync 3 DAGs
[2024-07-06T21:57:34.518+0700] {logging_mixin.py:188} INFO - [2024-07-06T21:57:34.517+0700] {dag.py:3954} INFO - Setting next_dagrun for example_branch_datetime_operator to 2024-07-05 00:00:00+00:00, run_after=2024-07-06 00:00:00+00:00
[2024-07-06T21:57:34.525+0700] {logging_mixin.py:188} INFO - [2024-07-06T21:57:34.525+0700] {dag.py:3954} INFO - Setting next_dagrun for example_branch_datetime_operator_2 to 2024-07-05 00:00:00+00:00, run_after=2024-07-06 00:00:00+00:00
[2024-07-06T21:57:34.528+0700] {logging_mixin.py:188} INFO - [2024-07-06T21:57:34.528+0700] {dag.py:3954} INFO - Setting next_dagrun for example_branch_datetime_operator_3 to 2024-07-05 00:00:00+00:00, run_after=2024-07-06 00:00:00+00:00
[2024-07-06T21:57:34.547+0700] {processor.py:183} INFO - Processing /home/acer/.local/share/virtualenvs/custom_airflow-E5ZHcY_K/lib/python3.12/site-packages/airflow/example_dags/example_branch_datetime_operator.py took 0.095 seconds
[2024-07-06T21:58:30.476+0700] {processor.py:161} INFO - Started process (PID=14217) to work on /home/acer/.local/share/virtualenvs/custom_airflow-E5ZHcY_K/lib/python3.12/site-packages/airflow/example_dags/example_branch_datetime_operator.py
[2024-07-06T21:58:30.477+0700] {processor.py:830} INFO - Processing file /home/acer/.local/share/virtualenvs/custom_airflow-E5ZHcY_K/lib/python3.12/site-packages/airflow/example_dags/example_branch_datetime_operator.py for tasks to queue
[2024-07-06T21:58:30.481+0700] {logging_mixin.py:188} INFO - [2024-07-06T21:58:30.480+0700] {dagbag.py:545} INFO - Filling up the DagBag from /home/acer/.local/share/virtualenvs/custom_airflow-E5ZHcY_K/lib/python3.12/site-packages/airflow/example_dags/example_branch_datetime_operator.py
[2024-07-06T21:58:30.503+0700] {processor.py:840} INFO - DAG(s) 'example_branch_datetime_operator_3', 'example_branch_datetime_operator_2', 'example_branch_datetime_operator' retrieved from /home/acer/.local/share/virtualenvs/custom_airflow-E5ZHcY_K/lib/python3.12/site-packages/airflow/example_dags/example_branch_datetime_operator.py
[2024-07-06T21:58:30.545+0700] {logging_mixin.py:188} INFO - [2024-07-06T21:58:30.544+0700] {dag.py:3096} INFO - Sync 3 DAGs
[2024-07-06T21:58:30.577+0700] {logging_mixin.py:188} INFO - [2024-07-06T21:58:30.576+0700] {dag.py:3954} INFO - Setting next_dagrun for example_branch_datetime_operator to 2024-07-05 00:00:00+00:00, run_after=2024-07-06 00:00:00+00:00
[2024-07-06T21:58:30.582+0700] {logging_mixin.py:188} INFO - [2024-07-06T21:58:30.582+0700] {dag.py:3954} INFO - Setting next_dagrun for example_branch_datetime_operator_2 to 2024-07-05 00:00:00+00:00, run_after=2024-07-06 00:00:00+00:00
[2024-07-06T21:58:30.585+0700] {logging_mixin.py:188} INFO - [2024-07-06T21:58:30.585+0700] {dag.py:3954} INFO - Setting next_dagrun for example_branch_datetime_operator_3 to 2024-07-05 00:00:00+00:00, run_after=2024-07-06 00:00:00+00:00
[2024-07-06T21:58:30.608+0700] {processor.py:183} INFO - Processing /home/acer/.local/share/virtualenvs/custom_airflow-E5ZHcY_K/lib/python3.12/site-packages/airflow/example_dags/example_branch_datetime_operator.py took 0.144 seconds
[2024-07-06T21:59:43.004+0700] {processor.py:161} INFO - Started process (PID=14620) to work on /home/acer/.local/share/virtualenvs/custom_airflow-E5ZHcY_K/lib/python3.12/site-packages/airflow/example_dags/example_branch_datetime_operator.py
[2024-07-06T21:59:43.006+0700] {processor.py:830} INFO - Processing file /home/acer/.local/share/virtualenvs/custom_airflow-E5ZHcY_K/lib/python3.12/site-packages/airflow/example_dags/example_branch_datetime_operator.py for tasks to queue
[2024-07-06T21:59:43.008+0700] {logging_mixin.py:188} INFO - [2024-07-06T21:59:43.007+0700] {dagbag.py:545} INFO - Filling up the DagBag from /home/acer/.local/share/virtualenvs/custom_airflow-E5ZHcY_K/lib/python3.12/site-packages/airflow/example_dags/example_branch_datetime_operator.py
[2024-07-06T21:59:43.020+0700] {processor.py:840} INFO - DAG(s) 'example_branch_datetime_operator', 'example_branch_datetime_operator_2', 'example_branch_datetime_operator_3' retrieved from /home/acer/.local/share/virtualenvs/custom_airflow-E5ZHcY_K/lib/python3.12/site-packages/airflow/example_dags/example_branch_datetime_operator.py
[2024-07-06T21:59:43.046+0700] {logging_mixin.py:188} INFO - [2024-07-06T21:59:43.046+0700] {dag.py:3096} INFO - Sync 3 DAGs
[2024-07-06T21:59:43.074+0700] {logging_mixin.py:188} INFO - [2024-07-06T21:59:43.074+0700] {dag.py:3954} INFO - Setting next_dagrun for example_branch_datetime_operator to 2024-07-05 00:00:00+00:00, run_after=2024-07-06 00:00:00+00:00
[2024-07-06T21:59:43.082+0700] {logging_mixin.py:188} INFO - [2024-07-06T21:59:43.081+0700] {dag.py:3954} INFO - Setting next_dagrun for example_branch_datetime_operator_2 to 2024-07-05 00:00:00+00:00, run_after=2024-07-06 00:00:00+00:00
[2024-07-06T21:59:43.085+0700] {logging_mixin.py:188} INFO - [2024-07-06T21:59:43.085+0700] {dag.py:3954} INFO - Setting next_dagrun for example_branch_datetime_operator_3 to 2024-07-05 00:00:00+00:00, run_after=2024-07-06 00:00:00+00:00
[2024-07-06T21:59:43.107+0700] {processor.py:183} INFO - Processing /home/acer/.local/share/virtualenvs/custom_airflow-E5ZHcY_K/lib/python3.12/site-packages/airflow/example_dags/example_branch_datetime_operator.py took 0.108 seconds
[2024-07-06T22:01:02.426+0700] {processor.py:161} INFO - Started process (PID=15087) to work on /home/acer/.local/share/virtualenvs/custom_airflow-E5ZHcY_K/lib/python3.12/site-packages/airflow/example_dags/example_branch_datetime_operator.py
[2024-07-06T22:01:02.429+0700] {processor.py:830} INFO - Processing file /home/acer/.local/share/virtualenvs/custom_airflow-E5ZHcY_K/lib/python3.12/site-packages/airflow/example_dags/example_branch_datetime_operator.py for tasks to queue
[2024-07-06T22:01:02.438+0700] {logging_mixin.py:188} INFO - [2024-07-06T22:01:02.436+0700] {dagbag.py:545} INFO - Filling up the DagBag from /home/acer/.local/share/virtualenvs/custom_airflow-E5ZHcY_K/lib/python3.12/site-packages/airflow/example_dags/example_branch_datetime_operator.py
[2024-07-06T22:01:02.500+0700] {processor.py:840} INFO - DAG(s) 'example_branch_datetime_operator', 'example_branch_datetime_operator_2', 'example_branch_datetime_operator_3' retrieved from /home/acer/.local/share/virtualenvs/custom_airflow-E5ZHcY_K/lib/python3.12/site-packages/airflow/example_dags/example_branch_datetime_operator.py
[2024-07-06T22:01:02.531+0700] {logging_mixin.py:188} INFO - [2024-07-06T22:01:02.531+0700] {dag.py:3096} INFO - Sync 3 DAGs
[2024-07-06T22:01:02.560+0700] {logging_mixin.py:188} INFO - [2024-07-06T22:01:02.559+0700] {dag.py:3954} INFO - Setting next_dagrun for example_branch_datetime_operator to 2024-07-05 00:00:00+00:00, run_after=2024-07-06 00:00:00+00:00
[2024-07-06T22:01:02.566+0700] {logging_mixin.py:188} INFO - [2024-07-06T22:01:02.566+0700] {dag.py:3954} INFO - Setting next_dagrun for example_branch_datetime_operator_2 to 2024-07-05 00:00:00+00:00, run_after=2024-07-06 00:00:00+00:00
[2024-07-06T22:01:02.569+0700] {logging_mixin.py:188} INFO - [2024-07-06T22:01:02.568+0700] {dag.py:3954} INFO - Setting next_dagrun for example_branch_datetime_operator_3 to 2024-07-05 00:00:00+00:00, run_after=2024-07-06 00:00:00+00:00
[2024-07-06T22:01:02.593+0700] {processor.py:183} INFO - Processing /home/acer/.local/share/virtualenvs/custom_airflow-E5ZHcY_K/lib/python3.12/site-packages/airflow/example_dags/example_branch_datetime_operator.py took 0.190 seconds
[2024-07-06T22:02:39.384+0700] {processor.py:161} INFO - Started process (PID=16233) to work on /home/acer/.local/share/virtualenvs/custom_airflow-E5ZHcY_K/lib/python3.12/site-packages/airflow/example_dags/example_branch_datetime_operator.py
[2024-07-06T22:02:39.385+0700] {processor.py:830} INFO - Processing file /home/acer/.local/share/virtualenvs/custom_airflow-E5ZHcY_K/lib/python3.12/site-packages/airflow/example_dags/example_branch_datetime_operator.py for tasks to queue
[2024-07-06T22:02:39.387+0700] {logging_mixin.py:188} INFO - [2024-07-06T22:02:39.386+0700] {dagbag.py:545} INFO - Filling up the DagBag from /home/acer/.local/share/virtualenvs/custom_airflow-E5ZHcY_K/lib/python3.12/site-packages/airflow/example_dags/example_branch_datetime_operator.py
[2024-07-06T22:02:39.398+0700] {processor.py:840} INFO - DAG(s) 'example_branch_datetime_operator', 'example_branch_datetime_operator_2', 'example_branch_datetime_operator_3' retrieved from /home/acer/.local/share/virtualenvs/custom_airflow-E5ZHcY_K/lib/python3.12/site-packages/airflow/example_dags/example_branch_datetime_operator.py
[2024-07-06T22:02:39.419+0700] {logging_mixin.py:188} INFO - [2024-07-06T22:02:39.419+0700] {dag.py:3096} INFO - Sync 3 DAGs
[2024-07-06T22:02:39.442+0700] {logging_mixin.py:188} INFO - [2024-07-06T22:02:39.441+0700] {dag.py:3954} INFO - Setting next_dagrun for example_branch_datetime_operator to 2024-07-05 00:00:00+00:00, run_after=2024-07-06 00:00:00+00:00
[2024-07-06T22:02:39.447+0700] {logging_mixin.py:188} INFO - [2024-07-06T22:02:39.447+0700] {dag.py:3954} INFO - Setting next_dagrun for example_branch_datetime_operator_2 to 2024-07-05 00:00:00+00:00, run_after=2024-07-06 00:00:00+00:00
[2024-07-06T22:02:39.450+0700] {logging_mixin.py:188} INFO - [2024-07-06T22:02:39.449+0700] {dag.py:3954} INFO - Setting next_dagrun for example_branch_datetime_operator_3 to 2024-07-05 00:00:00+00:00, run_after=2024-07-06 00:00:00+00:00
[2024-07-06T22:02:39.477+0700] {processor.py:183} INFO - Processing /home/acer/.local/share/virtualenvs/custom_airflow-E5ZHcY_K/lib/python3.12/site-packages/airflow/example_dags/example_branch_datetime_operator.py took 0.098 seconds
[2024-07-06T22:03:55.893+0700] {processor.py:161} INFO - Started process (PID=16608) to work on /home/acer/.local/share/virtualenvs/custom_airflow-E5ZHcY_K/lib/python3.12/site-packages/airflow/example_dags/example_branch_datetime_operator.py
[2024-07-06T22:03:55.894+0700] {processor.py:830} INFO - Processing file /home/acer/.local/share/virtualenvs/custom_airflow-E5ZHcY_K/lib/python3.12/site-packages/airflow/example_dags/example_branch_datetime_operator.py for tasks to queue
[2024-07-06T22:03:55.895+0700] {logging_mixin.py:188} INFO - [2024-07-06T22:03:55.895+0700] {dagbag.py:545} INFO - Filling up the DagBag from /home/acer/.local/share/virtualenvs/custom_airflow-E5ZHcY_K/lib/python3.12/site-packages/airflow/example_dags/example_branch_datetime_operator.py
[2024-07-06T22:03:55.907+0700] {processor.py:840} INFO - DAG(s) 'example_branch_datetime_operator_3', 'example_branch_datetime_operator', 'example_branch_datetime_operator_2' retrieved from /home/acer/.local/share/virtualenvs/custom_airflow-E5ZHcY_K/lib/python3.12/site-packages/airflow/example_dags/example_branch_datetime_operator.py
[2024-07-06T22:03:55.929+0700] {logging_mixin.py:188} INFO - [2024-07-06T22:03:55.928+0700] {dag.py:3096} INFO - Sync 3 DAGs
[2024-07-06T22:03:55.951+0700] {logging_mixin.py:188} INFO - [2024-07-06T22:03:55.951+0700] {dag.py:3954} INFO - Setting next_dagrun for example_branch_datetime_operator to 2024-07-05 00:00:00+00:00, run_after=2024-07-06 00:00:00+00:00
[2024-07-06T22:03:55.957+0700] {logging_mixin.py:188} INFO - [2024-07-06T22:03:55.957+0700] {dag.py:3954} INFO - Setting next_dagrun for example_branch_datetime_operator_2 to 2024-07-05 00:00:00+00:00, run_after=2024-07-06 00:00:00+00:00
[2024-07-06T22:03:55.960+0700] {logging_mixin.py:188} INFO - [2024-07-06T22:03:55.959+0700] {dag.py:3954} INFO - Setting next_dagrun for example_branch_datetime_operator_3 to 2024-07-05 00:00:00+00:00, run_after=2024-07-06 00:00:00+00:00
[2024-07-06T22:03:55.978+0700] {processor.py:183} INFO - Processing /home/acer/.local/share/virtualenvs/custom_airflow-E5ZHcY_K/lib/python3.12/site-packages/airflow/example_dags/example_branch_datetime_operator.py took 0.091 seconds
[2024-07-06T22:05:51.201+0700] {processor.py:161} INFO - Started process (PID=17796) to work on /home/acer/.local/share/virtualenvs/custom_airflow-E5ZHcY_K/lib/python3.12/site-packages/airflow/example_dags/example_branch_datetime_operator.py
[2024-07-06T22:05:51.204+0700] {processor.py:830} INFO - Processing file /home/acer/.local/share/virtualenvs/custom_airflow-E5ZHcY_K/lib/python3.12/site-packages/airflow/example_dags/example_branch_datetime_operator.py for tasks to queue
[2024-07-06T22:05:51.211+0700] {logging_mixin.py:188} INFO - [2024-07-06T22:05:51.209+0700] {dagbag.py:545} INFO - Filling up the DagBag from /home/acer/.local/share/virtualenvs/custom_airflow-E5ZHcY_K/lib/python3.12/site-packages/airflow/example_dags/example_branch_datetime_operator.py
[2024-07-06T22:05:51.233+0700] {processor.py:840} INFO - DAG(s) 'example_branch_datetime_operator', 'example_branch_datetime_operator_2', 'example_branch_datetime_operator_3' retrieved from /home/acer/.local/share/virtualenvs/custom_airflow-E5ZHcY_K/lib/python3.12/site-packages/airflow/example_dags/example_branch_datetime_operator.py
[2024-07-06T22:05:51.256+0700] {logging_mixin.py:188} INFO - [2024-07-06T22:05:51.256+0700] {dag.py:3096} INFO - Sync 3 DAGs
[2024-07-06T22:05:51.279+0700] {logging_mixin.py:188} INFO - [2024-07-06T22:05:51.279+0700] {dag.py:3954} INFO - Setting next_dagrun for example_branch_datetime_operator to 2024-07-05 00:00:00+00:00, run_after=2024-07-06 00:00:00+00:00
[2024-07-06T22:05:51.285+0700] {logging_mixin.py:188} INFO - [2024-07-06T22:05:51.284+0700] {dag.py:3954} INFO - Setting next_dagrun for example_branch_datetime_operator_2 to 2024-07-05 00:00:00+00:00, run_after=2024-07-06 00:00:00+00:00
[2024-07-06T22:05:51.287+0700] {logging_mixin.py:188} INFO - [2024-07-06T22:05:51.287+0700] {dag.py:3954} INFO - Setting next_dagrun for example_branch_datetime_operator_3 to 2024-07-05 00:00:00+00:00, run_after=2024-07-06 00:00:00+00:00
[2024-07-06T22:05:51.336+0700] {processor.py:183} INFO - Processing /home/acer/.local/share/virtualenvs/custom_airflow-E5ZHcY_K/lib/python3.12/site-packages/airflow/example_dags/example_branch_datetime_operator.py took 0.141 seconds
[2024-07-06T22:07:04.567+0700] {processor.py:161} INFO - Started process (PID=18372) to work on /home/acer/.local/share/virtualenvs/custom_airflow-E5ZHcY_K/lib/python3.12/site-packages/airflow/example_dags/example_branch_datetime_operator.py
[2024-07-06T22:07:04.568+0700] {processor.py:830} INFO - Processing file /home/acer/.local/share/virtualenvs/custom_airflow-E5ZHcY_K/lib/python3.12/site-packages/airflow/example_dags/example_branch_datetime_operator.py for tasks to queue
[2024-07-06T22:07:04.571+0700] {logging_mixin.py:188} INFO - [2024-07-06T22:07:04.570+0700] {dagbag.py:545} INFO - Filling up the DagBag from /home/acer/.local/share/virtualenvs/custom_airflow-E5ZHcY_K/lib/python3.12/site-packages/airflow/example_dags/example_branch_datetime_operator.py
[2024-07-06T22:07:04.588+0700] {processor.py:840} INFO - DAG(s) 'example_branch_datetime_operator_3', 'example_branch_datetime_operator_2', 'example_branch_datetime_operator' retrieved from /home/acer/.local/share/virtualenvs/custom_airflow-E5ZHcY_K/lib/python3.12/site-packages/airflow/example_dags/example_branch_datetime_operator.py
[2024-07-06T22:07:04.624+0700] {logging_mixin.py:188} INFO - [2024-07-06T22:07:04.623+0700] {dag.py:3096} INFO - Sync 3 DAGs
[2024-07-06T22:07:04.663+0700] {logging_mixin.py:188} INFO - [2024-07-06T22:07:04.663+0700] {dag.py:3954} INFO - Setting next_dagrun for example_branch_datetime_operator to 2024-07-05 00:00:00+00:00, run_after=2024-07-06 00:00:00+00:00
[2024-07-06T22:07:04.671+0700] {logging_mixin.py:188} INFO - [2024-07-06T22:07:04.670+0700] {dag.py:3954} INFO - Setting next_dagrun for example_branch_datetime_operator_2 to 2024-07-05 00:00:00+00:00, run_after=2024-07-06 00:00:00+00:00
[2024-07-06T22:07:04.674+0700] {logging_mixin.py:188} INFO - [2024-07-06T22:07:04.674+0700] {dag.py:3954} INFO - Setting next_dagrun for example_branch_datetime_operator_3 to 2024-07-05 00:00:00+00:00, run_after=2024-07-06 00:00:00+00:00
[2024-07-06T22:07:04.702+0700] {processor.py:183} INFO - Processing /home/acer/.local/share/virtualenvs/custom_airflow-E5ZHcY_K/lib/python3.12/site-packages/airflow/example_dags/example_branch_datetime_operator.py took 0.141 seconds
[2024-07-06T22:08:28.715+0700] {processor.py:161} INFO - Started process (PID=18872) to work on /home/acer/.local/share/virtualenvs/custom_airflow-E5ZHcY_K/lib/python3.12/site-packages/airflow/example_dags/example_branch_datetime_operator.py
[2024-07-06T22:08:28.717+0700] {processor.py:830} INFO - Processing file /home/acer/.local/share/virtualenvs/custom_airflow-E5ZHcY_K/lib/python3.12/site-packages/airflow/example_dags/example_branch_datetime_operator.py for tasks to queue
[2024-07-06T22:08:28.724+0700] {logging_mixin.py:188} INFO - [2024-07-06T22:08:28.723+0700] {dagbag.py:545} INFO - Filling up the DagBag from /home/acer/.local/share/virtualenvs/custom_airflow-E5ZHcY_K/lib/python3.12/site-packages/airflow/example_dags/example_branch_datetime_operator.py
[2024-07-06T22:08:28.747+0700] {processor.py:840} INFO - DAG(s) 'example_branch_datetime_operator_2', 'example_branch_datetime_operator', 'example_branch_datetime_operator_3' retrieved from /home/acer/.local/share/virtualenvs/custom_airflow-E5ZHcY_K/lib/python3.12/site-packages/airflow/example_dags/example_branch_datetime_operator.py
[2024-07-06T22:08:28.775+0700] {logging_mixin.py:188} INFO - [2024-07-06T22:08:28.775+0700] {dag.py:3096} INFO - Sync 3 DAGs
[2024-07-06T22:08:28.804+0700] {logging_mixin.py:188} INFO - [2024-07-06T22:08:28.804+0700] {dag.py:3954} INFO - Setting next_dagrun for example_branch_datetime_operator to 2024-07-05 00:00:00+00:00, run_after=2024-07-06 00:00:00+00:00
[2024-07-06T22:08:28.810+0700] {logging_mixin.py:188} INFO - [2024-07-06T22:08:28.809+0700] {dag.py:3954} INFO - Setting next_dagrun for example_branch_datetime_operator_2 to 2024-07-05 00:00:00+00:00, run_after=2024-07-06 00:00:00+00:00
[2024-07-06T22:08:28.812+0700] {logging_mixin.py:188} INFO - [2024-07-06T22:08:28.812+0700] {dag.py:3954} INFO - Setting next_dagrun for example_branch_datetime_operator_3 to 2024-07-05 00:00:00+00:00, run_after=2024-07-06 00:00:00+00:00
[2024-07-06T22:08:28.836+0700] {processor.py:183} INFO - Processing /home/acer/.local/share/virtualenvs/custom_airflow-E5ZHcY_K/lib/python3.12/site-packages/airflow/example_dags/example_branch_datetime_operator.py took 0.129 seconds
[2024-07-06T22:09:54.532+0700] {processor.py:161} INFO - Started process (PID=19334) to work on /home/acer/.local/share/virtualenvs/custom_airflow-E5ZHcY_K/lib/python3.12/site-packages/airflow/example_dags/example_branch_datetime_operator.py
[2024-07-06T22:09:54.534+0700] {processor.py:830} INFO - Processing file /home/acer/.local/share/virtualenvs/custom_airflow-E5ZHcY_K/lib/python3.12/site-packages/airflow/example_dags/example_branch_datetime_operator.py for tasks to queue
[2024-07-06T22:09:54.539+0700] {logging_mixin.py:188} INFO - [2024-07-06T22:09:54.538+0700] {dagbag.py:545} INFO - Filling up the DagBag from /home/acer/.local/share/virtualenvs/custom_airflow-E5ZHcY_K/lib/python3.12/site-packages/airflow/example_dags/example_branch_datetime_operator.py
[2024-07-06T22:09:54.563+0700] {processor.py:840} INFO - DAG(s) 'example_branch_datetime_operator_2', 'example_branch_datetime_operator', 'example_branch_datetime_operator_3' retrieved from /home/acer/.local/share/virtualenvs/custom_airflow-E5ZHcY_K/lib/python3.12/site-packages/airflow/example_dags/example_branch_datetime_operator.py
[2024-07-06T22:09:54.593+0700] {logging_mixin.py:188} INFO - [2024-07-06T22:09:54.592+0700] {dag.py:3096} INFO - Sync 3 DAGs
[2024-07-06T22:09:54.625+0700] {logging_mixin.py:188} INFO - [2024-07-06T22:09:54.625+0700] {dag.py:3954} INFO - Setting next_dagrun for example_branch_datetime_operator to 2024-07-05 00:00:00+00:00, run_after=2024-07-06 00:00:00+00:00
[2024-07-06T22:09:54.631+0700] {logging_mixin.py:188} INFO - [2024-07-06T22:09:54.631+0700] {dag.py:3954} INFO - Setting next_dagrun for example_branch_datetime_operator_2 to 2024-07-05 00:00:00+00:00, run_after=2024-07-06 00:00:00+00:00
[2024-07-06T22:09:54.634+0700] {logging_mixin.py:188} INFO - [2024-07-06T22:09:54.634+0700] {dag.py:3954} INFO - Setting next_dagrun for example_branch_datetime_operator_3 to 2024-07-05 00:00:00+00:00, run_after=2024-07-06 00:00:00+00:00
[2024-07-06T22:09:54.658+0700] {processor.py:183} INFO - Processing /home/acer/.local/share/virtualenvs/custom_airflow-E5ZHcY_K/lib/python3.12/site-packages/airflow/example_dags/example_branch_datetime_operator.py took 0.149 seconds
[2024-07-06T22:10:58.823+0700] {processor.py:161} INFO - Started process (PID=19731) to work on /home/acer/.local/share/virtualenvs/custom_airflow-E5ZHcY_K/lib/python3.12/site-packages/airflow/example_dags/example_branch_datetime_operator.py
[2024-07-06T22:10:58.825+0700] {processor.py:830} INFO - Processing file /home/acer/.local/share/virtualenvs/custom_airflow-E5ZHcY_K/lib/python3.12/site-packages/airflow/example_dags/example_branch_datetime_operator.py for tasks to queue
[2024-07-06T22:10:58.828+0700] {logging_mixin.py:188} INFO - [2024-07-06T22:10:58.828+0700] {dagbag.py:545} INFO - Filling up the DagBag from /home/acer/.local/share/virtualenvs/custom_airflow-E5ZHcY_K/lib/python3.12/site-packages/airflow/example_dags/example_branch_datetime_operator.py
[2024-07-06T22:10:58.859+0700] {processor.py:840} INFO - DAG(s) 'example_branch_datetime_operator_2', 'example_branch_datetime_operator_3', 'example_branch_datetime_operator' retrieved from /home/acer/.local/share/virtualenvs/custom_airflow-E5ZHcY_K/lib/python3.12/site-packages/airflow/example_dags/example_branch_datetime_operator.py
[2024-07-06T22:10:58.895+0700] {logging_mixin.py:188} INFO - [2024-07-06T22:10:58.895+0700] {dag.py:3096} INFO - Sync 3 DAGs
[2024-07-06T22:10:58.924+0700] {logging_mixin.py:188} INFO - [2024-07-06T22:10:58.924+0700] {dag.py:3954} INFO - Setting next_dagrun for example_branch_datetime_operator to 2024-07-05 00:00:00+00:00, run_after=2024-07-06 00:00:00+00:00
[2024-07-06T22:10:58.930+0700] {logging_mixin.py:188} INFO - [2024-07-06T22:10:58.930+0700] {dag.py:3954} INFO - Setting next_dagrun for example_branch_datetime_operator_2 to 2024-07-05 00:00:00+00:00, run_after=2024-07-06 00:00:00+00:00
[2024-07-06T22:10:58.935+0700] {logging_mixin.py:188} INFO - [2024-07-06T22:10:58.935+0700] {dag.py:3954} INFO - Setting next_dagrun for example_branch_datetime_operator_3 to 2024-07-05 00:00:00+00:00, run_after=2024-07-06 00:00:00+00:00
[2024-07-06T22:10:58.961+0700] {processor.py:183} INFO - Processing /home/acer/.local/share/virtualenvs/custom_airflow-E5ZHcY_K/lib/python3.12/site-packages/airflow/example_dags/example_branch_datetime_operator.py took 0.151 seconds
[2024-07-06T22:12:02.484+0700] {processor.py:161} INFO - Started process (PID=20047) to work on /home/acer/.local/share/virtualenvs/custom_airflow-E5ZHcY_K/lib/python3.12/site-packages/airflow/example_dags/example_branch_datetime_operator.py
[2024-07-06T22:12:02.487+0700] {processor.py:830} INFO - Processing file /home/acer/.local/share/virtualenvs/custom_airflow-E5ZHcY_K/lib/python3.12/site-packages/airflow/example_dags/example_branch_datetime_operator.py for tasks to queue
[2024-07-06T22:12:02.495+0700] {logging_mixin.py:188} INFO - [2024-07-06T22:12:02.493+0700] {dagbag.py:545} INFO - Filling up the DagBag from /home/acer/.local/share/virtualenvs/custom_airflow-E5ZHcY_K/lib/python3.12/site-packages/airflow/example_dags/example_branch_datetime_operator.py
[2024-07-06T22:12:02.528+0700] {processor.py:840} INFO - DAG(s) 'example_branch_datetime_operator_2', 'example_branch_datetime_operator', 'example_branch_datetime_operator_3' retrieved from /home/acer/.local/share/virtualenvs/custom_airflow-E5ZHcY_K/lib/python3.12/site-packages/airflow/example_dags/example_branch_datetime_operator.py
[2024-07-06T22:12:02.580+0700] {logging_mixin.py:188} INFO - [2024-07-06T22:12:02.580+0700] {dag.py:3096} INFO - Sync 3 DAGs
[2024-07-06T22:12:02.613+0700] {logging_mixin.py:188} INFO - [2024-07-06T22:12:02.613+0700] {dag.py:3954} INFO - Setting next_dagrun for example_branch_datetime_operator to 2024-07-05 00:00:00+00:00, run_after=2024-07-06 00:00:00+00:00
[2024-07-06T22:12:02.625+0700] {logging_mixin.py:188} INFO - [2024-07-06T22:12:02.624+0700] {dag.py:3954} INFO - Setting next_dagrun for example_branch_datetime_operator_2 to 2024-07-05 00:00:00+00:00, run_after=2024-07-06 00:00:00+00:00
[2024-07-06T22:12:02.631+0700] {logging_mixin.py:188} INFO - [2024-07-06T22:12:02.630+0700] {dag.py:3954} INFO - Setting next_dagrun for example_branch_datetime_operator_3 to 2024-07-05 00:00:00+00:00, run_after=2024-07-06 00:00:00+00:00
[2024-07-06T22:12:02.658+0700] {processor.py:183} INFO - Processing /home/acer/.local/share/virtualenvs/custom_airflow-E5ZHcY_K/lib/python3.12/site-packages/airflow/example_dags/example_branch_datetime_operator.py took 0.198 seconds
[2024-07-06T22:13:00.742+0700] {processor.py:161} INFO - Started process (PID=20382) to work on /home/acer/.local/share/virtualenvs/custom_airflow-E5ZHcY_K/lib/python3.12/site-packages/airflow/example_dags/example_branch_datetime_operator.py
[2024-07-06T22:13:00.749+0700] {processor.py:830} INFO - Processing file /home/acer/.local/share/virtualenvs/custom_airflow-E5ZHcY_K/lib/python3.12/site-packages/airflow/example_dags/example_branch_datetime_operator.py for tasks to queue
[2024-07-06T22:13:00.753+0700] {logging_mixin.py:188} INFO - [2024-07-06T22:13:00.752+0700] {dagbag.py:545} INFO - Filling up the DagBag from /home/acer/.local/share/virtualenvs/custom_airflow-E5ZHcY_K/lib/python3.12/site-packages/airflow/example_dags/example_branch_datetime_operator.py
[2024-07-06T22:13:00.789+0700] {processor.py:840} INFO - DAG(s) 'example_branch_datetime_operator_3', 'example_branch_datetime_operator', 'example_branch_datetime_operator_2' retrieved from /home/acer/.local/share/virtualenvs/custom_airflow-E5ZHcY_K/lib/python3.12/site-packages/airflow/example_dags/example_branch_datetime_operator.py
[2024-07-06T22:13:00.830+0700] {logging_mixin.py:188} INFO - [2024-07-06T22:13:00.829+0700] {dag.py:3096} INFO - Sync 3 DAGs
[2024-07-06T22:13:00.872+0700] {logging_mixin.py:188} INFO - [2024-07-06T22:13:00.871+0700] {dag.py:3954} INFO - Setting next_dagrun for example_branch_datetime_operator to 2024-07-05 00:00:00+00:00, run_after=2024-07-06 00:00:00+00:00
[2024-07-06T22:13:00.881+0700] {logging_mixin.py:188} INFO - [2024-07-06T22:13:00.881+0700] {dag.py:3954} INFO - Setting next_dagrun for example_branch_datetime_operator_2 to 2024-07-05 00:00:00+00:00, run_after=2024-07-06 00:00:00+00:00
[2024-07-06T22:13:00.886+0700] {logging_mixin.py:188} INFO - [2024-07-06T22:13:00.885+0700] {dag.py:3954} INFO - Setting next_dagrun for example_branch_datetime_operator_3 to 2024-07-05 00:00:00+00:00, run_after=2024-07-06 00:00:00+00:00
[2024-07-06T22:13:00.935+0700] {processor.py:183} INFO - Processing /home/acer/.local/share/virtualenvs/custom_airflow-E5ZHcY_K/lib/python3.12/site-packages/airflow/example_dags/example_branch_datetime_operator.py took 0.205 seconds
[2024-07-06T22:14:00.249+0700] {processor.py:161} INFO - Started process (PID=20739) to work on /home/acer/.local/share/virtualenvs/custom_airflow-E5ZHcY_K/lib/python3.12/site-packages/airflow/example_dags/example_branch_datetime_operator.py
[2024-07-06T22:14:00.251+0700] {processor.py:830} INFO - Processing file /home/acer/.local/share/virtualenvs/custom_airflow-E5ZHcY_K/lib/python3.12/site-packages/airflow/example_dags/example_branch_datetime_operator.py for tasks to queue
[2024-07-06T22:14:00.255+0700] {logging_mixin.py:188} INFO - [2024-07-06T22:14:00.254+0700] {dagbag.py:545} INFO - Filling up the DagBag from /home/acer/.local/share/virtualenvs/custom_airflow-E5ZHcY_K/lib/python3.12/site-packages/airflow/example_dags/example_branch_datetime_operator.py
[2024-07-06T22:14:00.282+0700] {processor.py:840} INFO - DAG(s) 'example_branch_datetime_operator_3', 'example_branch_datetime_operator_2', 'example_branch_datetime_operator' retrieved from /home/acer/.local/share/virtualenvs/custom_airflow-E5ZHcY_K/lib/python3.12/site-packages/airflow/example_dags/example_branch_datetime_operator.py
[2024-07-06T22:14:00.314+0700] {logging_mixin.py:188} INFO - [2024-07-06T22:14:00.313+0700] {dag.py:3096} INFO - Sync 3 DAGs
[2024-07-06T22:14:00.351+0700] {logging_mixin.py:188} INFO - [2024-07-06T22:14:00.351+0700] {dag.py:3954} INFO - Setting next_dagrun for example_branch_datetime_operator to 2024-07-05 00:00:00+00:00, run_after=2024-07-06 00:00:00+00:00
[2024-07-06T22:14:00.357+0700] {logging_mixin.py:188} INFO - [2024-07-06T22:14:00.356+0700] {dag.py:3954} INFO - Setting next_dagrun for example_branch_datetime_operator_2 to 2024-07-05 00:00:00+00:00, run_after=2024-07-06 00:00:00+00:00
[2024-07-06T22:14:00.362+0700] {logging_mixin.py:188} INFO - [2024-07-06T22:14:00.362+0700] {dag.py:3954} INFO - Setting next_dagrun for example_branch_datetime_operator_3 to 2024-07-05 00:00:00+00:00, run_after=2024-07-06 00:00:00+00:00
[2024-07-06T22:14:00.385+0700] {processor.py:183} INFO - Processing /home/acer/.local/share/virtualenvs/custom_airflow-E5ZHcY_K/lib/python3.12/site-packages/airflow/example_dags/example_branch_datetime_operator.py took 0.148 seconds
[2024-07-06T22:15:01.150+0700] {processor.py:161} INFO - Started process (PID=21080) to work on /home/acer/.local/share/virtualenvs/custom_airflow-E5ZHcY_K/lib/python3.12/site-packages/airflow/example_dags/example_branch_datetime_operator.py
[2024-07-06T22:15:01.151+0700] {processor.py:830} INFO - Processing file /home/acer/.local/share/virtualenvs/custom_airflow-E5ZHcY_K/lib/python3.12/site-packages/airflow/example_dags/example_branch_datetime_operator.py for tasks to queue
[2024-07-06T22:15:01.154+0700] {logging_mixin.py:188} INFO - [2024-07-06T22:15:01.154+0700] {dagbag.py:545} INFO - Filling up the DagBag from /home/acer/.local/share/virtualenvs/custom_airflow-E5ZHcY_K/lib/python3.12/site-packages/airflow/example_dags/example_branch_datetime_operator.py
[2024-07-06T22:15:01.172+0700] {processor.py:840} INFO - DAG(s) 'example_branch_datetime_operator_2', 'example_branch_datetime_operator_3', 'example_branch_datetime_operator' retrieved from /home/acer/.local/share/virtualenvs/custom_airflow-E5ZHcY_K/lib/python3.12/site-packages/airflow/example_dags/example_branch_datetime_operator.py
[2024-07-06T22:15:01.202+0700] {logging_mixin.py:188} INFO - [2024-07-06T22:15:01.201+0700] {dag.py:3096} INFO - Sync 3 DAGs
[2024-07-06T22:15:01.235+0700] {logging_mixin.py:188} INFO - [2024-07-06T22:15:01.234+0700] {dag.py:3954} INFO - Setting next_dagrun for example_branch_datetime_operator to 2024-07-05 00:00:00+00:00, run_after=2024-07-06 00:00:00+00:00
[2024-07-06T22:15:01.243+0700] {logging_mixin.py:188} INFO - [2024-07-06T22:15:01.243+0700] {dag.py:3954} INFO - Setting next_dagrun for example_branch_datetime_operator_2 to 2024-07-05 00:00:00+00:00, run_after=2024-07-06 00:00:00+00:00
[2024-07-06T22:15:01.246+0700] {logging_mixin.py:188} INFO - [2024-07-06T22:15:01.246+0700] {dag.py:3954} INFO - Setting next_dagrun for example_branch_datetime_operator_3 to 2024-07-05 00:00:00+00:00, run_after=2024-07-06 00:00:00+00:00
[2024-07-06T22:15:01.279+0700] {processor.py:183} INFO - Processing /home/acer/.local/share/virtualenvs/custom_airflow-E5ZHcY_K/lib/python3.12/site-packages/airflow/example_dags/example_branch_datetime_operator.py took 0.144 seconds
[2024-07-06T22:16:04.013+0700] {processor.py:161} INFO - Started process (PID=21463) to work on /home/acer/.local/share/virtualenvs/custom_airflow-E5ZHcY_K/lib/python3.12/site-packages/airflow/example_dags/example_branch_datetime_operator.py
[2024-07-06T22:16:04.015+0700] {processor.py:830} INFO - Processing file /home/acer/.local/share/virtualenvs/custom_airflow-E5ZHcY_K/lib/python3.12/site-packages/airflow/example_dags/example_branch_datetime_operator.py for tasks to queue
[2024-07-06T22:16:04.017+0700] {logging_mixin.py:188} INFO - [2024-07-06T22:16:04.017+0700] {dagbag.py:545} INFO - Filling up the DagBag from /home/acer/.local/share/virtualenvs/custom_airflow-E5ZHcY_K/lib/python3.12/site-packages/airflow/example_dags/example_branch_datetime_operator.py
[2024-07-06T22:16:04.034+0700] {processor.py:840} INFO - DAG(s) 'example_branch_datetime_operator_3', 'example_branch_datetime_operator', 'example_branch_datetime_operator_2' retrieved from /home/acer/.local/share/virtualenvs/custom_airflow-E5ZHcY_K/lib/python3.12/site-packages/airflow/example_dags/example_branch_datetime_operator.py
[2024-07-06T22:16:04.069+0700] {logging_mixin.py:188} INFO - [2024-07-06T22:16:04.069+0700] {dag.py:3096} INFO - Sync 3 DAGs
[2024-07-06T22:16:04.099+0700] {logging_mixin.py:188} INFO - [2024-07-06T22:16:04.098+0700] {dag.py:3954} INFO - Setting next_dagrun for example_branch_datetime_operator to 2024-07-05 00:00:00+00:00, run_after=2024-07-06 00:00:00+00:00
[2024-07-06T22:16:04.108+0700] {logging_mixin.py:188} INFO - [2024-07-06T22:16:04.108+0700] {dag.py:3954} INFO - Setting next_dagrun for example_branch_datetime_operator_2 to 2024-07-05 00:00:00+00:00, run_after=2024-07-06 00:00:00+00:00
[2024-07-06T22:16:04.112+0700] {logging_mixin.py:188} INFO - [2024-07-06T22:16:04.111+0700] {dag.py:3954} INFO - Setting next_dagrun for example_branch_datetime_operator_3 to 2024-07-05 00:00:00+00:00, run_after=2024-07-06 00:00:00+00:00
[2024-07-06T22:16:04.135+0700] {processor.py:183} INFO - Processing /home/acer/.local/share/virtualenvs/custom_airflow-E5ZHcY_K/lib/python3.12/site-packages/airflow/example_dags/example_branch_datetime_operator.py took 0.130 seconds
[2024-07-06T22:16:59.253+0700] {processor.py:161} INFO - Started process (PID=21751) to work on /home/acer/.local/share/virtualenvs/custom_airflow-E5ZHcY_K/lib/python3.12/site-packages/airflow/example_dags/example_branch_datetime_operator.py
[2024-07-06T22:16:59.256+0700] {processor.py:830} INFO - Processing file /home/acer/.local/share/virtualenvs/custom_airflow-E5ZHcY_K/lib/python3.12/site-packages/airflow/example_dags/example_branch_datetime_operator.py for tasks to queue
[2024-07-06T22:16:59.261+0700] {logging_mixin.py:188} INFO - [2024-07-06T22:16:59.260+0700] {dagbag.py:545} INFO - Filling up the DagBag from /home/acer/.local/share/virtualenvs/custom_airflow-E5ZHcY_K/lib/python3.12/site-packages/airflow/example_dags/example_branch_datetime_operator.py
[2024-07-06T22:16:59.282+0700] {processor.py:840} INFO - DAG(s) 'example_branch_datetime_operator_3', 'example_branch_datetime_operator_2', 'example_branch_datetime_operator' retrieved from /home/acer/.local/share/virtualenvs/custom_airflow-E5ZHcY_K/lib/python3.12/site-packages/airflow/example_dags/example_branch_datetime_operator.py
[2024-07-06T22:16:59.315+0700] {logging_mixin.py:188} INFO - [2024-07-06T22:16:59.314+0700] {dag.py:3096} INFO - Sync 3 DAGs
[2024-07-06T22:16:59.346+0700] {logging_mixin.py:188} INFO - [2024-07-06T22:16:59.346+0700] {dag.py:3954} INFO - Setting next_dagrun for example_branch_datetime_operator to 2024-07-05 00:00:00+00:00, run_after=2024-07-06 00:00:00+00:00
[2024-07-06T22:16:59.352+0700] {logging_mixin.py:188} INFO - [2024-07-06T22:16:59.352+0700] {dag.py:3954} INFO - Setting next_dagrun for example_branch_datetime_operator_2 to 2024-07-05 00:00:00+00:00, run_after=2024-07-06 00:00:00+00:00
[2024-07-06T22:16:59.357+0700] {logging_mixin.py:188} INFO - [2024-07-06T22:16:59.357+0700] {dag.py:3954} INFO - Setting next_dagrun for example_branch_datetime_operator_3 to 2024-07-05 00:00:00+00:00, run_after=2024-07-06 00:00:00+00:00
[2024-07-06T22:16:59.383+0700] {processor.py:183} INFO - Processing /home/acer/.local/share/virtualenvs/custom_airflow-E5ZHcY_K/lib/python3.12/site-packages/airflow/example_dags/example_branch_datetime_operator.py took 0.149 seconds
[2024-07-06T22:18:31.058+0700] {processor.py:161} INFO - Started process (PID=22250) to work on /home/acer/.local/share/virtualenvs/custom_airflow-E5ZHcY_K/lib/python3.12/site-packages/airflow/example_dags/example_branch_datetime_operator.py
[2024-07-06T22:18:31.063+0700] {processor.py:830} INFO - Processing file /home/acer/.local/share/virtualenvs/custom_airflow-E5ZHcY_K/lib/python3.12/site-packages/airflow/example_dags/example_branch_datetime_operator.py for tasks to queue
[2024-07-06T22:18:31.067+0700] {logging_mixin.py:188} INFO - [2024-07-06T22:18:31.066+0700] {dagbag.py:545} INFO - Filling up the DagBag from /home/acer/.local/share/virtualenvs/custom_airflow-E5ZHcY_K/lib/python3.12/site-packages/airflow/example_dags/example_branch_datetime_operator.py
[2024-07-06T22:18:31.083+0700] {processor.py:840} INFO - DAG(s) 'example_branch_datetime_operator_2', 'example_branch_datetime_operator_3', 'example_branch_datetime_operator' retrieved from /home/acer/.local/share/virtualenvs/custom_airflow-E5ZHcY_K/lib/python3.12/site-packages/airflow/example_dags/example_branch_datetime_operator.py
[2024-07-06T22:18:31.114+0700] {logging_mixin.py:188} INFO - [2024-07-06T22:18:31.113+0700] {dag.py:3096} INFO - Sync 3 DAGs
[2024-07-06T22:18:31.143+0700] {logging_mixin.py:188} INFO - [2024-07-06T22:18:31.143+0700] {dag.py:3954} INFO - Setting next_dagrun for example_branch_datetime_operator to 2024-07-05 00:00:00+00:00, run_after=2024-07-06 00:00:00+00:00
[2024-07-06T22:18:31.151+0700] {logging_mixin.py:188} INFO - [2024-07-06T22:18:31.151+0700] {dag.py:3954} INFO - Setting next_dagrun for example_branch_datetime_operator_2 to 2024-07-05 00:00:00+00:00, run_after=2024-07-06 00:00:00+00:00
[2024-07-06T22:18:31.154+0700] {logging_mixin.py:188} INFO - [2024-07-06T22:18:31.153+0700] {dag.py:3954} INFO - Setting next_dagrun for example_branch_datetime_operator_3 to 2024-07-05 00:00:00+00:00, run_after=2024-07-06 00:00:00+00:00
[2024-07-06T22:18:31.180+0700] {processor.py:183} INFO - Processing /home/acer/.local/share/virtualenvs/custom_airflow-E5ZHcY_K/lib/python3.12/site-packages/airflow/example_dags/example_branch_datetime_operator.py took 0.137 seconds
[2024-07-06T22:19:32.690+0700] {processor.py:161} INFO - Started process (PID=22594) to work on /home/acer/.local/share/virtualenvs/custom_airflow-E5ZHcY_K/lib/python3.12/site-packages/airflow/example_dags/example_branch_datetime_operator.py
[2024-07-06T22:19:32.692+0700] {processor.py:830} INFO - Processing file /home/acer/.local/share/virtualenvs/custom_airflow-E5ZHcY_K/lib/python3.12/site-packages/airflow/example_dags/example_branch_datetime_operator.py for tasks to queue
[2024-07-06T22:19:32.696+0700] {logging_mixin.py:188} INFO - [2024-07-06T22:19:32.695+0700] {dagbag.py:545} INFO - Filling up the DagBag from /home/acer/.local/share/virtualenvs/custom_airflow-E5ZHcY_K/lib/python3.12/site-packages/airflow/example_dags/example_branch_datetime_operator.py
[2024-07-06T22:19:32.718+0700] {processor.py:840} INFO - DAG(s) 'example_branch_datetime_operator_3', 'example_branch_datetime_operator_2', 'example_branch_datetime_operator' retrieved from /home/acer/.local/share/virtualenvs/custom_airflow-E5ZHcY_K/lib/python3.12/site-packages/airflow/example_dags/example_branch_datetime_operator.py
[2024-07-06T22:19:32.748+0700] {logging_mixin.py:188} INFO - [2024-07-06T22:19:32.748+0700] {dag.py:3096} INFO - Sync 3 DAGs
[2024-07-06T22:19:32.778+0700] {logging_mixin.py:188} INFO - [2024-07-06T22:19:32.778+0700] {dag.py:3954} INFO - Setting next_dagrun for example_branch_datetime_operator to 2024-07-05 00:00:00+00:00, run_after=2024-07-06 00:00:00+00:00
[2024-07-06T22:19:32.784+0700] {logging_mixin.py:188} INFO - [2024-07-06T22:19:32.784+0700] {dag.py:3954} INFO - Setting next_dagrun for example_branch_datetime_operator_2 to 2024-07-05 00:00:00+00:00, run_after=2024-07-06 00:00:00+00:00
[2024-07-06T22:19:32.789+0700] {logging_mixin.py:188} INFO - [2024-07-06T22:19:32.789+0700] {dag.py:3954} INFO - Setting next_dagrun for example_branch_datetime_operator_3 to 2024-07-05 00:00:00+00:00, run_after=2024-07-06 00:00:00+00:00
[2024-07-06T22:19:32.813+0700] {processor.py:183} INFO - Processing /home/acer/.local/share/virtualenvs/custom_airflow-E5ZHcY_K/lib/python3.12/site-packages/airflow/example_dags/example_branch_datetime_operator.py took 0.135 seconds
[2024-07-06T22:20:33.759+0700] {processor.py:161} INFO - Started process (PID=22901) to work on /home/acer/.local/share/virtualenvs/custom_airflow-E5ZHcY_K/lib/python3.12/site-packages/airflow/example_dags/example_branch_datetime_operator.py
[2024-07-06T22:20:33.762+0700] {processor.py:830} INFO - Processing file /home/acer/.local/share/virtualenvs/custom_airflow-E5ZHcY_K/lib/python3.12/site-packages/airflow/example_dags/example_branch_datetime_operator.py for tasks to queue
[2024-07-06T22:20:33.769+0700] {logging_mixin.py:188} INFO - [2024-07-06T22:20:33.767+0700] {dagbag.py:545} INFO - Filling up the DagBag from /home/acer/.local/share/virtualenvs/custom_airflow-E5ZHcY_K/lib/python3.12/site-packages/airflow/example_dags/example_branch_datetime_operator.py
[2024-07-06T22:20:33.805+0700] {processor.py:840} INFO - DAG(s) 'example_branch_datetime_operator_2', 'example_branch_datetime_operator', 'example_branch_datetime_operator_3' retrieved from /home/acer/.local/share/virtualenvs/custom_airflow-E5ZHcY_K/lib/python3.12/site-packages/airflow/example_dags/example_branch_datetime_operator.py
[2024-07-06T22:20:33.838+0700] {logging_mixin.py:188} INFO - [2024-07-06T22:20:33.838+0700] {dag.py:3096} INFO - Sync 3 DAGs
[2024-07-06T22:20:33.965+0700] {logging_mixin.py:188} INFO - [2024-07-06T22:20:33.964+0700] {dag.py:3954} INFO - Setting next_dagrun for example_branch_datetime_operator to 2024-07-05 00:00:00+00:00, run_after=2024-07-06 00:00:00+00:00
[2024-07-06T22:20:33.974+0700] {logging_mixin.py:188} INFO - [2024-07-06T22:20:33.974+0700] {dag.py:3954} INFO - Setting next_dagrun for example_branch_datetime_operator_2 to 2024-07-05 00:00:00+00:00, run_after=2024-07-06 00:00:00+00:00
[2024-07-06T22:20:33.977+0700] {logging_mixin.py:188} INFO - [2024-07-06T22:20:33.977+0700] {dag.py:3954} INFO - Setting next_dagrun for example_branch_datetime_operator_3 to 2024-07-05 00:00:00+00:00, run_after=2024-07-06 00:00:00+00:00
[2024-07-06T22:20:33.998+0700] {processor.py:183} INFO - Processing /home/acer/.local/share/virtualenvs/custom_airflow-E5ZHcY_K/lib/python3.12/site-packages/airflow/example_dags/example_branch_datetime_operator.py took 0.256 seconds
