[2024-07-06T16:08:57.423+0700] {processor.py:161} INFO - Started process (PID=51168) to work on /home/acer/.local/share/virtualenvs/custom_airflow-E5ZHcY_K/lib/python3.12/site-packages/airflow/example_dags/example_task_group_decorator.py
[2024-07-06T16:08:57.427+0700] {processor.py:830} INFO - Processing file /home/acer/.local/share/virtualenvs/custom_airflow-E5ZHcY_K/lib/python3.12/site-packages/airflow/example_dags/example_task_group_decorator.py for tasks to queue
[2024-07-06T16:08:57.438+0700] {logging_mixin.py:188} INFO - [2024-07-06T16:08:57.435+0700] {dagbag.py:545} INFO - Filling up the DagBag from /home/acer/.local/share/virtualenvs/custom_airflow-E5ZHcY_K/lib/python3.12/site-packages/airflow/example_dags/example_task_group_decorator.py
[2024-07-06T16:08:57.497+0700] {processor.py:840} INFO - DAG(s) 'example_task_group_decorator' retrieved from /home/acer/.local/share/virtualenvs/custom_airflow-E5ZHcY_K/lib/python3.12/site-packages/airflow/example_dags/example_task_group_decorator.py
[2024-07-06T16:08:57.676+0700] {logging_mixin.py:188} INFO - [2024-07-06T16:08:57.676+0700] {override.py:1847} INFO - Created Permission View: can delete on DAG:example_task_group_decorator
[2024-07-06T16:08:57.688+0700] {logging_mixin.py:188} INFO - [2024-07-06T16:08:57.688+0700] {override.py:1847} INFO - Created Permission View: can edit on DAG:example_task_group_decorator
[2024-07-06T16:08:57.696+0700] {logging_mixin.py:188} INFO - [2024-07-06T16:08:57.696+0700] {override.py:1847} INFO - Created Permission View: can read on DAG:example_task_group_decorator
[2024-07-06T16:08:57.696+0700] {logging_mixin.py:188} INFO - [2024-07-06T16:08:57.696+0700] {dag.py:3096} INFO - Sync 1 DAGs
[2024-07-06T16:08:57.708+0700] {logging_mixin.py:188} INFO - [2024-07-06T16:08:57.707+0700] {dag.py:3118} INFO - Creating ORM DAG for example_task_group_decorator
[2024-07-06T16:08:57.717+0700] {logging_mixin.py:188} INFO - [2024-07-06T16:08:57.717+0700] {dag.py:3954} INFO - Setting next_dagrun for example_task_group_decorator to 2024-07-05 00:00:00+00:00, run_after=2024-07-06 00:00:00+00:00
[2024-07-06T16:08:57.742+0700] {processor.py:183} INFO - Processing /home/acer/.local/share/virtualenvs/custom_airflow-E5ZHcY_K/lib/python3.12/site-packages/airflow/example_dags/example_task_group_decorator.py took 0.345 seconds
[2024-07-06T16:09:57.402+0700] {processor.py:161} INFO - Started process (PID=51612) to work on /home/acer/.local/share/virtualenvs/custom_airflow-E5ZHcY_K/lib/python3.12/site-packages/airflow/example_dags/example_task_group_decorator.py
[2024-07-06T16:09:57.403+0700] {processor.py:830} INFO - Processing file /home/acer/.local/share/virtualenvs/custom_airflow-E5ZHcY_K/lib/python3.12/site-packages/airflow/example_dags/example_task_group_decorator.py for tasks to queue
[2024-07-06T16:09:57.405+0700] {logging_mixin.py:188} INFO - [2024-07-06T16:09:57.404+0700] {dagbag.py:545} INFO - Filling up the DagBag from /home/acer/.local/share/virtualenvs/custom_airflow-E5ZHcY_K/lib/python3.12/site-packages/airflow/example_dags/example_task_group_decorator.py
[2024-07-06T16:09:57.422+0700] {processor.py:840} INFO - DAG(s) 'example_task_group_decorator' retrieved from /home/acer/.local/share/virtualenvs/custom_airflow-E5ZHcY_K/lib/python3.12/site-packages/airflow/example_dags/example_task_group_decorator.py
[2024-07-06T16:09:57.444+0700] {logging_mixin.py:188} INFO - [2024-07-06T16:09:57.444+0700] {dag.py:3096} INFO - Sync 1 DAGs
[2024-07-06T16:09:57.465+0700] {logging_mixin.py:188} INFO - [2024-07-06T16:09:57.465+0700] {dag.py:3954} INFO - Setting next_dagrun for example_task_group_decorator to 2024-07-05 00:00:00+00:00, run_after=2024-07-06 00:00:00+00:00
[2024-07-06T16:09:57.495+0700] {processor.py:183} INFO - Processing /home/acer/.local/share/virtualenvs/custom_airflow-E5ZHcY_K/lib/python3.12/site-packages/airflow/example_dags/example_task_group_decorator.py took 0.099 seconds
[2024-07-06T16:10:49.490+0700] {processor.py:161} INFO - Started process (PID=52141) to work on /home/acer/.local/share/virtualenvs/custom_airflow-E5ZHcY_K/lib/python3.12/site-packages/airflow/example_dags/example_task_group_decorator.py
[2024-07-06T16:10:49.491+0700] {processor.py:830} INFO - Processing file /home/acer/.local/share/virtualenvs/custom_airflow-E5ZHcY_K/lib/python3.12/site-packages/airflow/example_dags/example_task_group_decorator.py for tasks to queue
[2024-07-06T16:10:49.493+0700] {logging_mixin.py:188} INFO - [2024-07-06T16:10:49.492+0700] {dagbag.py:545} INFO - Filling up the DagBag from /home/acer/.local/share/virtualenvs/custom_airflow-E5ZHcY_K/lib/python3.12/site-packages/airflow/example_dags/example_task_group_decorator.py
[2024-07-06T16:10:49.513+0700] {processor.py:840} INFO - DAG(s) 'example_task_group_decorator' retrieved from /home/acer/.local/share/virtualenvs/custom_airflow-E5ZHcY_K/lib/python3.12/site-packages/airflow/example_dags/example_task_group_decorator.py
[2024-07-06T16:10:49.537+0700] {logging_mixin.py:188} INFO - [2024-07-06T16:10:49.537+0700] {dag.py:3096} INFO - Sync 1 DAGs
[2024-07-06T16:10:49.559+0700] {logging_mixin.py:188} INFO - [2024-07-06T16:10:49.559+0700] {dag.py:3954} INFO - Setting next_dagrun for example_task_group_decorator to 2024-07-05 00:00:00+00:00, run_after=2024-07-06 00:00:00+00:00
[2024-07-06T16:10:49.583+0700] {processor.py:183} INFO - Processing /home/acer/.local/share/virtualenvs/custom_airflow-E5ZHcY_K/lib/python3.12/site-packages/airflow/example_dags/example_task_group_decorator.py took 0.101 seconds
[2024-07-06T16:11:45.359+0700] {processor.py:161} INFO - Started process (PID=52548) to work on /home/acer/.local/share/virtualenvs/custom_airflow-E5ZHcY_K/lib/python3.12/site-packages/airflow/example_dags/example_task_group_decorator.py
[2024-07-06T16:11:45.360+0700] {processor.py:830} INFO - Processing file /home/acer/.local/share/virtualenvs/custom_airflow-E5ZHcY_K/lib/python3.12/site-packages/airflow/example_dags/example_task_group_decorator.py for tasks to queue
[2024-07-06T16:11:45.362+0700] {logging_mixin.py:188} INFO - [2024-07-06T16:11:45.361+0700] {dagbag.py:545} INFO - Filling up the DagBag from /home/acer/.local/share/virtualenvs/custom_airflow-E5ZHcY_K/lib/python3.12/site-packages/airflow/example_dags/example_task_group_decorator.py
[2024-07-06T16:11:45.382+0700] {processor.py:840} INFO - DAG(s) 'example_task_group_decorator' retrieved from /home/acer/.local/share/virtualenvs/custom_airflow-E5ZHcY_K/lib/python3.12/site-packages/airflow/example_dags/example_task_group_decorator.py
[2024-07-06T16:11:45.404+0700] {logging_mixin.py:188} INFO - [2024-07-06T16:11:45.404+0700] {dag.py:3096} INFO - Sync 1 DAGs
[2024-07-06T16:11:45.427+0700] {logging_mixin.py:188} INFO - [2024-07-06T16:11:45.427+0700] {dag.py:3954} INFO - Setting next_dagrun for example_task_group_decorator to 2024-07-05 00:00:00+00:00, run_after=2024-07-06 00:00:00+00:00
[2024-07-06T16:11:45.454+0700] {processor.py:183} INFO - Processing /home/acer/.local/share/virtualenvs/custom_airflow-E5ZHcY_K/lib/python3.12/site-packages/airflow/example_dags/example_task_group_decorator.py took 0.102 seconds
[2024-07-06T16:15:49.128+0700] {processor.py:161} INFO - Started process (PID=54769) to work on /home/acer/.local/share/virtualenvs/custom_airflow-E5ZHcY_K/lib/python3.12/site-packages/airflow/example_dags/example_task_group_decorator.py
[2024-07-06T16:15:49.131+0700] {processor.py:830} INFO - Processing file /home/acer/.local/share/virtualenvs/custom_airflow-E5ZHcY_K/lib/python3.12/site-packages/airflow/example_dags/example_task_group_decorator.py for tasks to queue
[2024-07-06T16:15:49.138+0700] {logging_mixin.py:188} INFO - [2024-07-06T16:15:49.136+0700] {dagbag.py:545} INFO - Filling up the DagBag from /home/acer/.local/share/virtualenvs/custom_airflow-E5ZHcY_K/lib/python3.12/site-packages/airflow/example_dags/example_task_group_decorator.py
[2024-07-06T16:15:49.165+0700] {processor.py:840} INFO - DAG(s) 'example_task_group_decorator' retrieved from /home/acer/.local/share/virtualenvs/custom_airflow-E5ZHcY_K/lib/python3.12/site-packages/airflow/example_dags/example_task_group_decorator.py
[2024-07-06T16:15:49.289+0700] {logging_mixin.py:188} INFO - [2024-07-06T16:15:49.288+0700] {dag.py:3096} INFO - Sync 1 DAGs
[2024-07-06T16:15:49.312+0700] {logging_mixin.py:188} INFO - [2024-07-06T16:15:49.312+0700] {dag.py:3954} INFO - Setting next_dagrun for example_task_group_decorator to 2024-07-05 00:00:00+00:00, run_after=2024-07-06 00:00:00+00:00
[2024-07-06T16:15:49.334+0700] {processor.py:183} INFO - Processing /home/acer/.local/share/virtualenvs/custom_airflow-E5ZHcY_K/lib/python3.12/site-packages/airflow/example_dags/example_task_group_decorator.py took 0.225 seconds
[2024-07-06T16:16:47.175+0700] {processor.py:161} INFO - Started process (PID=55307) to work on /home/acer/.local/share/virtualenvs/custom_airflow-E5ZHcY_K/lib/python3.12/site-packages/airflow/example_dags/example_task_group_decorator.py
[2024-07-06T16:16:47.176+0700] {processor.py:830} INFO - Processing file /home/acer/.local/share/virtualenvs/custom_airflow-E5ZHcY_K/lib/python3.12/site-packages/airflow/example_dags/example_task_group_decorator.py for tasks to queue
[2024-07-06T16:16:47.177+0700] {logging_mixin.py:188} INFO - [2024-07-06T16:16:47.177+0700] {dagbag.py:545} INFO - Filling up the DagBag from /home/acer/.local/share/virtualenvs/custom_airflow-E5ZHcY_K/lib/python3.12/site-packages/airflow/example_dags/example_task_group_decorator.py
[2024-07-06T16:16:47.196+0700] {processor.py:840} INFO - DAG(s) 'example_task_group_decorator' retrieved from /home/acer/.local/share/virtualenvs/custom_airflow-E5ZHcY_K/lib/python3.12/site-packages/airflow/example_dags/example_task_group_decorator.py
[2024-07-06T16:16:47.228+0700] {logging_mixin.py:188} INFO - [2024-07-06T16:16:47.228+0700] {dag.py:3096} INFO - Sync 1 DAGs
[2024-07-06T16:16:47.258+0700] {logging_mixin.py:188} INFO - [2024-07-06T16:16:47.257+0700] {dag.py:3954} INFO - Setting next_dagrun for example_task_group_decorator to 2024-07-05 00:00:00+00:00, run_after=2024-07-06 00:00:00+00:00
[2024-07-06T16:16:47.288+0700] {processor.py:183} INFO - Processing /home/acer/.local/share/virtualenvs/custom_airflow-E5ZHcY_K/lib/python3.12/site-packages/airflow/example_dags/example_task_group_decorator.py took 0.120 seconds
[2024-07-06T16:17:39.711+0700] {processor.py:161} INFO - Started process (PID=55765) to work on /home/acer/.local/share/virtualenvs/custom_airflow-E5ZHcY_K/lib/python3.12/site-packages/airflow/example_dags/example_task_group_decorator.py
[2024-07-06T16:17:39.713+0700] {processor.py:830} INFO - Processing file /home/acer/.local/share/virtualenvs/custom_airflow-E5ZHcY_K/lib/python3.12/site-packages/airflow/example_dags/example_task_group_decorator.py for tasks to queue
[2024-07-06T16:17:39.719+0700] {logging_mixin.py:188} INFO - [2024-07-06T16:17:39.718+0700] {dagbag.py:545} INFO - Filling up the DagBag from /home/acer/.local/share/virtualenvs/custom_airflow-E5ZHcY_K/lib/python3.12/site-packages/airflow/example_dags/example_task_group_decorator.py
[2024-07-06T16:17:39.740+0700] {processor.py:840} INFO - DAG(s) 'example_task_group_decorator' retrieved from /home/acer/.local/share/virtualenvs/custom_airflow-E5ZHcY_K/lib/python3.12/site-packages/airflow/example_dags/example_task_group_decorator.py
[2024-07-06T16:17:39.762+0700] {logging_mixin.py:188} INFO - [2024-07-06T16:17:39.762+0700] {dag.py:3096} INFO - Sync 1 DAGs
[2024-07-06T16:17:39.783+0700] {logging_mixin.py:188} INFO - [2024-07-06T16:17:39.783+0700] {dag.py:3954} INFO - Setting next_dagrun for example_task_group_decorator to 2024-07-05 00:00:00+00:00, run_after=2024-07-06 00:00:00+00:00
[2024-07-06T16:17:39.804+0700] {processor.py:183} INFO - Processing /home/acer/.local/share/virtualenvs/custom_airflow-E5ZHcY_K/lib/python3.12/site-packages/airflow/example_dags/example_task_group_decorator.py took 0.108 seconds
[2024-07-06T16:18:32.859+0700] {processor.py:161} INFO - Started process (PID=56020) to work on /home/acer/.local/share/virtualenvs/custom_airflow-E5ZHcY_K/lib/python3.12/site-packages/airflow/example_dags/example_task_group_decorator.py
[2024-07-06T16:18:32.861+0700] {processor.py:830} INFO - Processing file /home/acer/.local/share/virtualenvs/custom_airflow-E5ZHcY_K/lib/python3.12/site-packages/airflow/example_dags/example_task_group_decorator.py for tasks to queue
[2024-07-06T16:18:32.864+0700] {logging_mixin.py:188} INFO - [2024-07-06T16:18:32.863+0700] {dagbag.py:545} INFO - Filling up the DagBag from /home/acer/.local/share/virtualenvs/custom_airflow-E5ZHcY_K/lib/python3.12/site-packages/airflow/example_dags/example_task_group_decorator.py
[2024-07-06T16:18:32.886+0700] {processor.py:840} INFO - DAG(s) 'example_task_group_decorator' retrieved from /home/acer/.local/share/virtualenvs/custom_airflow-E5ZHcY_K/lib/python3.12/site-packages/airflow/example_dags/example_task_group_decorator.py
[2024-07-06T16:18:32.920+0700] {logging_mixin.py:188} INFO - [2024-07-06T16:18:32.920+0700] {dag.py:3096} INFO - Sync 1 DAGs
[2024-07-06T16:18:32.957+0700] {logging_mixin.py:188} INFO - [2024-07-06T16:18:32.957+0700] {dag.py:3954} INFO - Setting next_dagrun for example_task_group_decorator to 2024-07-05 00:00:00+00:00, run_after=2024-07-06 00:00:00+00:00
[2024-07-06T16:18:32.991+0700] {processor.py:183} INFO - Processing /home/acer/.local/share/virtualenvs/custom_airflow-E5ZHcY_K/lib/python3.12/site-packages/airflow/example_dags/example_task_group_decorator.py took 0.141 seconds
[2024-07-06T16:19:23.558+0700] {processor.py:161} INFO - Started process (PID=56360) to work on /home/acer/.local/share/virtualenvs/custom_airflow-E5ZHcY_K/lib/python3.12/site-packages/airflow/example_dags/example_task_group_decorator.py
[2024-07-06T16:19:23.560+0700] {processor.py:830} INFO - Processing file /home/acer/.local/share/virtualenvs/custom_airflow-E5ZHcY_K/lib/python3.12/site-packages/airflow/example_dags/example_task_group_decorator.py for tasks to queue
[2024-07-06T16:19:23.566+0700] {logging_mixin.py:188} INFO - [2024-07-06T16:19:23.565+0700] {dagbag.py:545} INFO - Filling up the DagBag from /home/acer/.local/share/virtualenvs/custom_airflow-E5ZHcY_K/lib/python3.12/site-packages/airflow/example_dags/example_task_group_decorator.py
[2024-07-06T16:19:23.594+0700] {processor.py:840} INFO - DAG(s) 'example_task_group_decorator' retrieved from /home/acer/.local/share/virtualenvs/custom_airflow-E5ZHcY_K/lib/python3.12/site-packages/airflow/example_dags/example_task_group_decorator.py
[2024-07-06T16:19:23.619+0700] {logging_mixin.py:188} INFO - [2024-07-06T16:19:23.618+0700] {dag.py:3096} INFO - Sync 1 DAGs
[2024-07-06T16:19:23.643+0700] {logging_mixin.py:188} INFO - [2024-07-06T16:19:23.643+0700] {dag.py:3954} INFO - Setting next_dagrun for example_task_group_decorator to 2024-07-05 00:00:00+00:00, run_after=2024-07-06 00:00:00+00:00
[2024-07-06T16:19:23.665+0700] {processor.py:183} INFO - Processing /home/acer/.local/share/virtualenvs/custom_airflow-E5ZHcY_K/lib/python3.12/site-packages/airflow/example_dags/example_task_group_decorator.py took 0.141 seconds
[2024-07-06T16:20:15.330+0700] {processor.py:161} INFO - Started process (PID=57017) to work on /home/acer/.local/share/virtualenvs/custom_airflow-E5ZHcY_K/lib/python3.12/site-packages/airflow/example_dags/example_task_group_decorator.py
[2024-07-06T16:20:15.333+0700] {processor.py:830} INFO - Processing file /home/acer/.local/share/virtualenvs/custom_airflow-E5ZHcY_K/lib/python3.12/site-packages/airflow/example_dags/example_task_group_decorator.py for tasks to queue
[2024-07-06T16:20:15.336+0700] {logging_mixin.py:188} INFO - [2024-07-06T16:20:15.336+0700] {dagbag.py:545} INFO - Filling up the DagBag from /home/acer/.local/share/virtualenvs/custom_airflow-E5ZHcY_K/lib/python3.12/site-packages/airflow/example_dags/example_task_group_decorator.py
[2024-07-06T16:20:15.364+0700] {processor.py:840} INFO - DAG(s) 'example_task_group_decorator' retrieved from /home/acer/.local/share/virtualenvs/custom_airflow-E5ZHcY_K/lib/python3.12/site-packages/airflow/example_dags/example_task_group_decorator.py
[2024-07-06T16:20:15.391+0700] {logging_mixin.py:188} INFO - [2024-07-06T16:20:15.391+0700] {dag.py:3096} INFO - Sync 1 DAGs
[2024-07-06T16:20:15.416+0700] {logging_mixin.py:188} INFO - [2024-07-06T16:20:15.416+0700] {dag.py:3954} INFO - Setting next_dagrun for example_task_group_decorator to 2024-07-05 00:00:00+00:00, run_after=2024-07-06 00:00:00+00:00
[2024-07-06T16:20:15.444+0700] {processor.py:183} INFO - Processing /home/acer/.local/share/virtualenvs/custom_airflow-E5ZHcY_K/lib/python3.12/site-packages/airflow/example_dags/example_task_group_decorator.py took 0.140 seconds
[2024-07-06T16:21:11.867+0700] {processor.py:161} INFO - Started process (PID=57480) to work on /home/acer/.local/share/virtualenvs/custom_airflow-E5ZHcY_K/lib/python3.12/site-packages/airflow/example_dags/example_task_group_decorator.py
[2024-07-06T16:21:11.868+0700] {processor.py:830} INFO - Processing file /home/acer/.local/share/virtualenvs/custom_airflow-E5ZHcY_K/lib/python3.12/site-packages/airflow/example_dags/example_task_group_decorator.py for tasks to queue
[2024-07-06T16:21:11.870+0700] {logging_mixin.py:188} INFO - [2024-07-06T16:21:11.869+0700] {dagbag.py:545} INFO - Filling up the DagBag from /home/acer/.local/share/virtualenvs/custom_airflow-E5ZHcY_K/lib/python3.12/site-packages/airflow/example_dags/example_task_group_decorator.py
[2024-07-06T16:21:11.887+0700] {processor.py:840} INFO - DAG(s) 'example_task_group_decorator' retrieved from /home/acer/.local/share/virtualenvs/custom_airflow-E5ZHcY_K/lib/python3.12/site-packages/airflow/example_dags/example_task_group_decorator.py
[2024-07-06T16:21:11.913+0700] {logging_mixin.py:188} INFO - [2024-07-06T16:21:11.912+0700] {dag.py:3096} INFO - Sync 1 DAGs
[2024-07-06T16:21:11.934+0700] {logging_mixin.py:188} INFO - [2024-07-06T16:21:11.934+0700] {dag.py:3954} INFO - Setting next_dagrun for example_task_group_decorator to 2024-07-05 00:00:00+00:00, run_after=2024-07-06 00:00:00+00:00
[2024-07-06T16:21:11.955+0700] {processor.py:183} INFO - Processing /home/acer/.local/share/virtualenvs/custom_airflow-E5ZHcY_K/lib/python3.12/site-packages/airflow/example_dags/example_task_group_decorator.py took 0.093 seconds
[2024-07-06T16:22:01.949+0700] {processor.py:161} INFO - Started process (PID=57801) to work on /home/acer/.local/share/virtualenvs/custom_airflow-E5ZHcY_K/lib/python3.12/site-packages/airflow/example_dags/example_task_group_decorator.py
[2024-07-06T16:22:01.950+0700] {processor.py:830} INFO - Processing file /home/acer/.local/share/virtualenvs/custom_airflow-E5ZHcY_K/lib/python3.12/site-packages/airflow/example_dags/example_task_group_decorator.py for tasks to queue
[2024-07-06T16:22:01.953+0700] {logging_mixin.py:188} INFO - [2024-07-06T16:22:01.953+0700] {dagbag.py:545} INFO - Filling up the DagBag from /home/acer/.local/share/virtualenvs/custom_airflow-E5ZHcY_K/lib/python3.12/site-packages/airflow/example_dags/example_task_group_decorator.py
[2024-07-06T16:22:01.974+0700] {processor.py:840} INFO - DAG(s) 'example_task_group_decorator' retrieved from /home/acer/.local/share/virtualenvs/custom_airflow-E5ZHcY_K/lib/python3.12/site-packages/airflow/example_dags/example_task_group_decorator.py
[2024-07-06T16:22:01.998+0700] {logging_mixin.py:188} INFO - [2024-07-06T16:22:01.998+0700] {dag.py:3096} INFO - Sync 1 DAGs
[2024-07-06T16:22:02.020+0700] {logging_mixin.py:188} INFO - [2024-07-06T16:22:02.020+0700] {dag.py:3954} INFO - Setting next_dagrun for example_task_group_decorator to 2024-07-05 00:00:00+00:00, run_after=2024-07-06 00:00:00+00:00
[2024-07-06T16:22:02.046+0700] {processor.py:183} INFO - Processing /home/acer/.local/share/virtualenvs/custom_airflow-E5ZHcY_K/lib/python3.12/site-packages/airflow/example_dags/example_task_group_decorator.py took 0.108 seconds
[2024-07-06T16:22:58.056+0700] {processor.py:161} INFO - Started process (PID=58102) to work on /home/acer/.local/share/virtualenvs/custom_airflow-E5ZHcY_K/lib/python3.12/site-packages/airflow/example_dags/example_task_group_decorator.py
[2024-07-06T16:22:58.057+0700] {processor.py:830} INFO - Processing file /home/acer/.local/share/virtualenvs/custom_airflow-E5ZHcY_K/lib/python3.12/site-packages/airflow/example_dags/example_task_group_decorator.py for tasks to queue
[2024-07-06T16:22:58.059+0700] {logging_mixin.py:188} INFO - [2024-07-06T16:22:58.059+0700] {dagbag.py:545} INFO - Filling up the DagBag from /home/acer/.local/share/virtualenvs/custom_airflow-E5ZHcY_K/lib/python3.12/site-packages/airflow/example_dags/example_task_group_decorator.py
[2024-07-06T16:22:58.078+0700] {processor.py:840} INFO - DAG(s) 'example_task_group_decorator' retrieved from /home/acer/.local/share/virtualenvs/custom_airflow-E5ZHcY_K/lib/python3.12/site-packages/airflow/example_dags/example_task_group_decorator.py
[2024-07-06T16:22:58.104+0700] {logging_mixin.py:188} INFO - [2024-07-06T16:22:58.103+0700] {dag.py:3096} INFO - Sync 1 DAGs
[2024-07-06T16:22:58.129+0700] {logging_mixin.py:188} INFO - [2024-07-06T16:22:58.128+0700] {dag.py:3954} INFO - Setting next_dagrun for example_task_group_decorator to 2024-07-05 00:00:00+00:00, run_after=2024-07-06 00:00:00+00:00
[2024-07-06T16:22:58.154+0700] {processor.py:183} INFO - Processing /home/acer/.local/share/virtualenvs/custom_airflow-E5ZHcY_K/lib/python3.12/site-packages/airflow/example_dags/example_task_group_decorator.py took 0.106 seconds
[2024-07-06T16:24:14.405+0700] {processor.py:161} INFO - Started process (PID=59148) to work on /home/acer/.local/share/virtualenvs/custom_airflow-E5ZHcY_K/lib/python3.12/site-packages/airflow/example_dags/example_task_group_decorator.py
[2024-07-06T16:24:14.406+0700] {processor.py:830} INFO - Processing file /home/acer/.local/share/virtualenvs/custom_airflow-E5ZHcY_K/lib/python3.12/site-packages/airflow/example_dags/example_task_group_decorator.py for tasks to queue
[2024-07-06T16:24:14.408+0700] {logging_mixin.py:188} INFO - [2024-07-06T16:24:14.408+0700] {dagbag.py:545} INFO - Filling up the DagBag from /home/acer/.local/share/virtualenvs/custom_airflow-E5ZHcY_K/lib/python3.12/site-packages/airflow/example_dags/example_task_group_decorator.py
[2024-07-06T16:24:14.437+0700] {processor.py:840} INFO - DAG(s) 'example_task_group_decorator' retrieved from /home/acer/.local/share/virtualenvs/custom_airflow-E5ZHcY_K/lib/python3.12/site-packages/airflow/example_dags/example_task_group_decorator.py
[2024-07-06T16:24:14.462+0700] {logging_mixin.py:188} INFO - [2024-07-06T16:24:14.462+0700] {dag.py:3096} INFO - Sync 1 DAGs
[2024-07-06T16:24:14.495+0700] {logging_mixin.py:188} INFO - [2024-07-06T16:24:14.495+0700] {dag.py:3954} INFO - Setting next_dagrun for example_task_group_decorator to 2024-07-05 00:00:00+00:00, run_after=2024-07-06 00:00:00+00:00
[2024-07-06T16:24:14.527+0700] {processor.py:183} INFO - Processing /home/acer/.local/share/virtualenvs/custom_airflow-E5ZHcY_K/lib/python3.12/site-packages/airflow/example_dags/example_task_group_decorator.py took 0.130 seconds
[2024-07-06T16:25:10.899+0700] {processor.py:161} INFO - Started process (PID=59542) to work on /home/acer/.local/share/virtualenvs/custom_airflow-E5ZHcY_K/lib/python3.12/site-packages/airflow/example_dags/example_task_group_decorator.py
[2024-07-06T16:25:10.900+0700] {processor.py:830} INFO - Processing file /home/acer/.local/share/virtualenvs/custom_airflow-E5ZHcY_K/lib/python3.12/site-packages/airflow/example_dags/example_task_group_decorator.py for tasks to queue
[2024-07-06T16:25:10.902+0700] {logging_mixin.py:188} INFO - [2024-07-06T16:25:10.901+0700] {dagbag.py:545} INFO - Filling up the DagBag from /home/acer/.local/share/virtualenvs/custom_airflow-E5ZHcY_K/lib/python3.12/site-packages/airflow/example_dags/example_task_group_decorator.py
[2024-07-06T16:25:10.919+0700] {processor.py:840} INFO - DAG(s) 'example_task_group_decorator' retrieved from /home/acer/.local/share/virtualenvs/custom_airflow-E5ZHcY_K/lib/python3.12/site-packages/airflow/example_dags/example_task_group_decorator.py
[2024-07-06T16:25:10.942+0700] {logging_mixin.py:188} INFO - [2024-07-06T16:25:10.942+0700] {dag.py:3096} INFO - Sync 1 DAGs
[2024-07-06T16:25:10.964+0700] {logging_mixin.py:188} INFO - [2024-07-06T16:25:10.964+0700] {dag.py:3954} INFO - Setting next_dagrun for example_task_group_decorator to 2024-07-05 00:00:00+00:00, run_after=2024-07-06 00:00:00+00:00
[2024-07-06T16:25:10.985+0700] {processor.py:183} INFO - Processing /home/acer/.local/share/virtualenvs/custom_airflow-E5ZHcY_K/lib/python3.12/site-packages/airflow/example_dags/example_task_group_decorator.py took 0.094 seconds
[2024-07-06T16:26:02.976+0700] {processor.py:161} INFO - Started process (PID=59991) to work on /home/acer/.local/share/virtualenvs/custom_airflow-E5ZHcY_K/lib/python3.12/site-packages/airflow/example_dags/example_task_group_decorator.py
[2024-07-06T16:26:02.978+0700] {processor.py:830} INFO - Processing file /home/acer/.local/share/virtualenvs/custom_airflow-E5ZHcY_K/lib/python3.12/site-packages/airflow/example_dags/example_task_group_decorator.py for tasks to queue
[2024-07-06T16:26:02.981+0700] {logging_mixin.py:188} INFO - [2024-07-06T16:26:02.981+0700] {dagbag.py:545} INFO - Filling up the DagBag from /home/acer/.local/share/virtualenvs/custom_airflow-E5ZHcY_K/lib/python3.12/site-packages/airflow/example_dags/example_task_group_decorator.py
[2024-07-06T16:26:03.002+0700] {processor.py:840} INFO - DAG(s) 'example_task_group_decorator' retrieved from /home/acer/.local/share/virtualenvs/custom_airflow-E5ZHcY_K/lib/python3.12/site-packages/airflow/example_dags/example_task_group_decorator.py
[2024-07-06T16:26:03.023+0700] {logging_mixin.py:188} INFO - [2024-07-06T16:26:03.023+0700] {dag.py:3096} INFO - Sync 1 DAGs
[2024-07-06T16:26:03.046+0700] {logging_mixin.py:188} INFO - [2024-07-06T16:26:03.046+0700] {dag.py:3954} INFO - Setting next_dagrun for example_task_group_decorator to 2024-07-05 00:00:00+00:00, run_after=2024-07-06 00:00:00+00:00
[2024-07-06T16:26:03.067+0700] {processor.py:183} INFO - Processing /home/acer/.local/share/virtualenvs/custom_airflow-E5ZHcY_K/lib/python3.12/site-packages/airflow/example_dags/example_task_group_decorator.py took 0.109 seconds
[2024-07-06T16:26:54.202+0700] {processor.py:161} INFO - Started process (PID=60252) to work on /home/acer/.local/share/virtualenvs/custom_airflow-E5ZHcY_K/lib/python3.12/site-packages/airflow/example_dags/example_task_group_decorator.py
[2024-07-06T16:26:54.203+0700] {processor.py:830} INFO - Processing file /home/acer/.local/share/virtualenvs/custom_airflow-E5ZHcY_K/lib/python3.12/site-packages/airflow/example_dags/example_task_group_decorator.py for tasks to queue
[2024-07-06T16:26:54.205+0700] {logging_mixin.py:188} INFO - [2024-07-06T16:26:54.205+0700] {dagbag.py:545} INFO - Filling up the DagBag from /home/acer/.local/share/virtualenvs/custom_airflow-E5ZHcY_K/lib/python3.12/site-packages/airflow/example_dags/example_task_group_decorator.py
[2024-07-06T16:26:54.222+0700] {processor.py:840} INFO - DAG(s) 'example_task_group_decorator' retrieved from /home/acer/.local/share/virtualenvs/custom_airflow-E5ZHcY_K/lib/python3.12/site-packages/airflow/example_dags/example_task_group_decorator.py
[2024-07-06T16:26:54.243+0700] {logging_mixin.py:188} INFO - [2024-07-06T16:26:54.243+0700] {dag.py:3096} INFO - Sync 1 DAGs
[2024-07-06T16:26:54.264+0700] {logging_mixin.py:188} INFO - [2024-07-06T16:26:54.264+0700] {dag.py:3954} INFO - Setting next_dagrun for example_task_group_decorator to 2024-07-05 00:00:00+00:00, run_after=2024-07-06 00:00:00+00:00
[2024-07-06T16:26:54.285+0700] {processor.py:183} INFO - Processing /home/acer/.local/share/virtualenvs/custom_airflow-E5ZHcY_K/lib/python3.12/site-packages/airflow/example_dags/example_task_group_decorator.py took 0.091 seconds
[2024-07-06T16:27:46.801+0700] {processor.py:161} INFO - Started process (PID=60523) to work on /home/acer/.local/share/virtualenvs/custom_airflow-E5ZHcY_K/lib/python3.12/site-packages/airflow/example_dags/example_task_group_decorator.py
[2024-07-06T16:27:46.802+0700] {processor.py:830} INFO - Processing file /home/acer/.local/share/virtualenvs/custom_airflow-E5ZHcY_K/lib/python3.12/site-packages/airflow/example_dags/example_task_group_decorator.py for tasks to queue
[2024-07-06T16:27:46.804+0700] {logging_mixin.py:188} INFO - [2024-07-06T16:27:46.803+0700] {dagbag.py:545} INFO - Filling up the DagBag from /home/acer/.local/share/virtualenvs/custom_airflow-E5ZHcY_K/lib/python3.12/site-packages/airflow/example_dags/example_task_group_decorator.py
[2024-07-06T16:27:46.820+0700] {processor.py:840} INFO - DAG(s) 'example_task_group_decorator' retrieved from /home/acer/.local/share/virtualenvs/custom_airflow-E5ZHcY_K/lib/python3.12/site-packages/airflow/example_dags/example_task_group_decorator.py
[2024-07-06T16:27:46.845+0700] {logging_mixin.py:188} INFO - [2024-07-06T16:27:46.845+0700] {dag.py:3096} INFO - Sync 1 DAGs
[2024-07-06T16:27:46.866+0700] {logging_mixin.py:188} INFO - [2024-07-06T16:27:46.866+0700] {dag.py:3954} INFO - Setting next_dagrun for example_task_group_decorator to 2024-07-05 00:00:00+00:00, run_after=2024-07-06 00:00:00+00:00
[2024-07-06T16:27:46.888+0700] {processor.py:183} INFO - Processing /home/acer/.local/share/virtualenvs/custom_airflow-E5ZHcY_K/lib/python3.12/site-packages/airflow/example_dags/example_task_group_decorator.py took 0.092 seconds
[2024-07-06T16:28:31.336+0700] {processor.py:161} INFO - Started process (PID=60750) to work on /home/acer/.local/share/virtualenvs/custom_airflow-E5ZHcY_K/lib/python3.12/site-packages/airflow/example_dags/example_task_group_decorator.py
[2024-07-06T16:28:31.337+0700] {processor.py:830} INFO - Processing file /home/acer/.local/share/virtualenvs/custom_airflow-E5ZHcY_K/lib/python3.12/site-packages/airflow/example_dags/example_task_group_decorator.py for tasks to queue
[2024-07-06T16:28:31.338+0700] {logging_mixin.py:188} INFO - [2024-07-06T16:28:31.338+0700] {dagbag.py:545} INFO - Filling up the DagBag from /home/acer/.local/share/virtualenvs/custom_airflow-E5ZHcY_K/lib/python3.12/site-packages/airflow/example_dags/example_task_group_decorator.py
[2024-07-06T16:28:31.354+0700] {processor.py:840} INFO - DAG(s) 'example_task_group_decorator' retrieved from /home/acer/.local/share/virtualenvs/custom_airflow-E5ZHcY_K/lib/python3.12/site-packages/airflow/example_dags/example_task_group_decorator.py
[2024-07-06T16:28:31.375+0700] {logging_mixin.py:188} INFO - [2024-07-06T16:28:31.375+0700] {dag.py:3096} INFO - Sync 1 DAGs
[2024-07-06T16:28:31.396+0700] {logging_mixin.py:188} INFO - [2024-07-06T16:28:31.396+0700] {dag.py:3954} INFO - Setting next_dagrun for example_task_group_decorator to 2024-07-05 00:00:00+00:00, run_after=2024-07-06 00:00:00+00:00
[2024-07-06T16:28:31.417+0700] {processor.py:183} INFO - Processing /home/acer/.local/share/virtualenvs/custom_airflow-E5ZHcY_K/lib/python3.12/site-packages/airflow/example_dags/example_task_group_decorator.py took 0.087 seconds
[2024-07-06T16:29:19.417+0700] {processor.py:161} INFO - Started process (PID=60979) to work on /home/acer/.local/share/virtualenvs/custom_airflow-E5ZHcY_K/lib/python3.12/site-packages/airflow/example_dags/example_task_group_decorator.py
[2024-07-06T16:29:19.418+0700] {processor.py:830} INFO - Processing file /home/acer/.local/share/virtualenvs/custom_airflow-E5ZHcY_K/lib/python3.12/site-packages/airflow/example_dags/example_task_group_decorator.py for tasks to queue
[2024-07-06T16:29:19.420+0700] {logging_mixin.py:188} INFO - [2024-07-06T16:29:19.420+0700] {dagbag.py:545} INFO - Filling up the DagBag from /home/acer/.local/share/virtualenvs/custom_airflow-E5ZHcY_K/lib/python3.12/site-packages/airflow/example_dags/example_task_group_decorator.py
[2024-07-06T16:29:19.437+0700] {processor.py:840} INFO - DAG(s) 'example_task_group_decorator' retrieved from /home/acer/.local/share/virtualenvs/custom_airflow-E5ZHcY_K/lib/python3.12/site-packages/airflow/example_dags/example_task_group_decorator.py
[2024-07-06T16:29:19.459+0700] {logging_mixin.py:188} INFO - [2024-07-06T16:29:19.459+0700] {dag.py:3096} INFO - Sync 1 DAGs
[2024-07-06T16:29:19.480+0700] {logging_mixin.py:188} INFO - [2024-07-06T16:29:19.479+0700] {dag.py:3954} INFO - Setting next_dagrun for example_task_group_decorator to 2024-07-05 00:00:00+00:00, run_after=2024-07-06 00:00:00+00:00
[2024-07-06T16:29:19.500+0700] {processor.py:183} INFO - Processing /home/acer/.local/share/virtualenvs/custom_airflow-E5ZHcY_K/lib/python3.12/site-packages/airflow/example_dags/example_task_group_decorator.py took 0.088 seconds
[2024-07-06T16:30:06.828+0700] {processor.py:161} INFO - Started process (PID=61215) to work on /home/acer/.local/share/virtualenvs/custom_airflow-E5ZHcY_K/lib/python3.12/site-packages/airflow/example_dags/example_task_group_decorator.py
[2024-07-06T16:30:06.829+0700] {processor.py:830} INFO - Processing file /home/acer/.local/share/virtualenvs/custom_airflow-E5ZHcY_K/lib/python3.12/site-packages/airflow/example_dags/example_task_group_decorator.py for tasks to queue
[2024-07-06T16:30:06.831+0700] {logging_mixin.py:188} INFO - [2024-07-06T16:30:06.830+0700] {dagbag.py:545} INFO - Filling up the DagBag from /home/acer/.local/share/virtualenvs/custom_airflow-E5ZHcY_K/lib/python3.12/site-packages/airflow/example_dags/example_task_group_decorator.py
[2024-07-06T16:30:06.849+0700] {processor.py:840} INFO - DAG(s) 'example_task_group_decorator' retrieved from /home/acer/.local/share/virtualenvs/custom_airflow-E5ZHcY_K/lib/python3.12/site-packages/airflow/example_dags/example_task_group_decorator.py
[2024-07-06T16:30:06.873+0700] {logging_mixin.py:188} INFO - [2024-07-06T16:30:06.873+0700] {dag.py:3096} INFO - Sync 1 DAGs
[2024-07-06T16:30:06.894+0700] {logging_mixin.py:188} INFO - [2024-07-06T16:30:06.894+0700] {dag.py:3954} INFO - Setting next_dagrun for example_task_group_decorator to 2024-07-05 00:00:00+00:00, run_after=2024-07-06 00:00:00+00:00
[2024-07-06T16:30:06.915+0700] {processor.py:183} INFO - Processing /home/acer/.local/share/virtualenvs/custom_airflow-E5ZHcY_K/lib/python3.12/site-packages/airflow/example_dags/example_task_group_decorator.py took 0.092 seconds
[2024-07-06T16:30:50.956+0700] {processor.py:161} INFO - Started process (PID=61467) to work on /home/acer/.local/share/virtualenvs/custom_airflow-E5ZHcY_K/lib/python3.12/site-packages/airflow/example_dags/example_task_group_decorator.py
[2024-07-06T16:30:50.959+0700] {processor.py:830} INFO - Processing file /home/acer/.local/share/virtualenvs/custom_airflow-E5ZHcY_K/lib/python3.12/site-packages/airflow/example_dags/example_task_group_decorator.py for tasks to queue
[2024-07-06T16:30:50.963+0700] {logging_mixin.py:188} INFO - [2024-07-06T16:30:50.962+0700] {dagbag.py:545} INFO - Filling up the DagBag from /home/acer/.local/share/virtualenvs/custom_airflow-E5ZHcY_K/lib/python3.12/site-packages/airflow/example_dags/example_task_group_decorator.py
[2024-07-06T16:30:50.984+0700] {processor.py:840} INFO - DAG(s) 'example_task_group_decorator' retrieved from /home/acer/.local/share/virtualenvs/custom_airflow-E5ZHcY_K/lib/python3.12/site-packages/airflow/example_dags/example_task_group_decorator.py
[2024-07-06T16:30:51.005+0700] {logging_mixin.py:188} INFO - [2024-07-06T16:30:51.005+0700] {dag.py:3096} INFO - Sync 1 DAGs
[2024-07-06T16:30:51.026+0700] {logging_mixin.py:188} INFO - [2024-07-06T16:30:51.025+0700] {dag.py:3954} INFO - Setting next_dagrun for example_task_group_decorator to 2024-07-05 00:00:00+00:00, run_after=2024-07-06 00:00:00+00:00
[2024-07-06T16:30:51.049+0700] {processor.py:183} INFO - Processing /home/acer/.local/share/virtualenvs/custom_airflow-E5ZHcY_K/lib/python3.12/site-packages/airflow/example_dags/example_task_group_decorator.py took 0.112 seconds
[2024-07-06T16:31:36.489+0700] {processor.py:161} INFO - Started process (PID=61702) to work on /home/acer/.local/share/virtualenvs/custom_airflow-E5ZHcY_K/lib/python3.12/site-packages/airflow/example_dags/example_task_group_decorator.py
[2024-07-06T16:31:36.490+0700] {processor.py:830} INFO - Processing file /home/acer/.local/share/virtualenvs/custom_airflow-E5ZHcY_K/lib/python3.12/site-packages/airflow/example_dags/example_task_group_decorator.py for tasks to queue
[2024-07-06T16:31:36.493+0700] {logging_mixin.py:188} INFO - [2024-07-06T16:31:36.492+0700] {dagbag.py:545} INFO - Filling up the DagBag from /home/acer/.local/share/virtualenvs/custom_airflow-E5ZHcY_K/lib/python3.12/site-packages/airflow/example_dags/example_task_group_decorator.py
[2024-07-06T16:31:36.512+0700] {processor.py:840} INFO - DAG(s) 'example_task_group_decorator' retrieved from /home/acer/.local/share/virtualenvs/custom_airflow-E5ZHcY_K/lib/python3.12/site-packages/airflow/example_dags/example_task_group_decorator.py
[2024-07-06T16:31:36.534+0700] {logging_mixin.py:188} INFO - [2024-07-06T16:31:36.533+0700] {dag.py:3096} INFO - Sync 1 DAGs
[2024-07-06T16:31:36.554+0700] {logging_mixin.py:188} INFO - [2024-07-06T16:31:36.553+0700] {dag.py:3954} INFO - Setting next_dagrun for example_task_group_decorator to 2024-07-05 00:00:00+00:00, run_after=2024-07-06 00:00:00+00:00
[2024-07-06T16:31:36.574+0700] {processor.py:183} INFO - Processing /home/acer/.local/share/virtualenvs/custom_airflow-E5ZHcY_K/lib/python3.12/site-packages/airflow/example_dags/example_task_group_decorator.py took 0.091 seconds
[2024-07-06T16:32:22.449+0700] {processor.py:161} INFO - Started process (PID=61927) to work on /home/acer/.local/share/virtualenvs/custom_airflow-E5ZHcY_K/lib/python3.12/site-packages/airflow/example_dags/example_task_group_decorator.py
[2024-07-06T16:32:22.450+0700] {processor.py:830} INFO - Processing file /home/acer/.local/share/virtualenvs/custom_airflow-E5ZHcY_K/lib/python3.12/site-packages/airflow/example_dags/example_task_group_decorator.py for tasks to queue
[2024-07-06T16:32:22.451+0700] {logging_mixin.py:188} INFO - [2024-07-06T16:32:22.451+0700] {dagbag.py:545} INFO - Filling up the DagBag from /home/acer/.local/share/virtualenvs/custom_airflow-E5ZHcY_K/lib/python3.12/site-packages/airflow/example_dags/example_task_group_decorator.py
[2024-07-06T16:32:22.468+0700] {processor.py:840} INFO - DAG(s) 'example_task_group_decorator' retrieved from /home/acer/.local/share/virtualenvs/custom_airflow-E5ZHcY_K/lib/python3.12/site-packages/airflow/example_dags/example_task_group_decorator.py
[2024-07-06T16:32:22.490+0700] {logging_mixin.py:188} INFO - [2024-07-06T16:32:22.490+0700] {dag.py:3096} INFO - Sync 1 DAGs
[2024-07-06T16:32:22.510+0700] {logging_mixin.py:188} INFO - [2024-07-06T16:32:22.510+0700] {dag.py:3954} INFO - Setting next_dagrun for example_task_group_decorator to 2024-07-05 00:00:00+00:00, run_after=2024-07-06 00:00:00+00:00
[2024-07-06T16:32:22.549+0700] {processor.py:183} INFO - Processing /home/acer/.local/share/virtualenvs/custom_airflow-E5ZHcY_K/lib/python3.12/site-packages/airflow/example_dags/example_task_group_decorator.py took 0.106 seconds
[2024-07-06T16:33:13.342+0700] {processor.py:161} INFO - Started process (PID=62204) to work on /home/acer/.local/share/virtualenvs/custom_airflow-E5ZHcY_K/lib/python3.12/site-packages/airflow/example_dags/example_task_group_decorator.py
[2024-07-06T16:33:13.343+0700] {processor.py:830} INFO - Processing file /home/acer/.local/share/virtualenvs/custom_airflow-E5ZHcY_K/lib/python3.12/site-packages/airflow/example_dags/example_task_group_decorator.py for tasks to queue
[2024-07-06T16:33:13.344+0700] {logging_mixin.py:188} INFO - [2024-07-06T16:33:13.344+0700] {dagbag.py:545} INFO - Filling up the DagBag from /home/acer/.local/share/virtualenvs/custom_airflow-E5ZHcY_K/lib/python3.12/site-packages/airflow/example_dags/example_task_group_decorator.py
[2024-07-06T16:33:13.360+0700] {processor.py:840} INFO - DAG(s) 'example_task_group_decorator' retrieved from /home/acer/.local/share/virtualenvs/custom_airflow-E5ZHcY_K/lib/python3.12/site-packages/airflow/example_dags/example_task_group_decorator.py
[2024-07-06T16:33:13.381+0700] {logging_mixin.py:188} INFO - [2024-07-06T16:33:13.381+0700] {dag.py:3096} INFO - Sync 1 DAGs
[2024-07-06T16:33:13.401+0700] {logging_mixin.py:188} INFO - [2024-07-06T16:33:13.401+0700] {dag.py:3954} INFO - Setting next_dagrun for example_task_group_decorator to 2024-07-05 00:00:00+00:00, run_after=2024-07-06 00:00:00+00:00
[2024-07-06T16:33:13.422+0700] {processor.py:183} INFO - Processing /home/acer/.local/share/virtualenvs/custom_airflow-E5ZHcY_K/lib/python3.12/site-packages/airflow/example_dags/example_task_group_decorator.py took 0.086 seconds
[2024-07-06T16:33:59.767+0700] {processor.py:161} INFO - Started process (PID=62435) to work on /home/acer/.local/share/virtualenvs/custom_airflow-E5ZHcY_K/lib/python3.12/site-packages/airflow/example_dags/example_task_group_decorator.py
[2024-07-06T16:33:59.768+0700] {processor.py:830} INFO - Processing file /home/acer/.local/share/virtualenvs/custom_airflow-E5ZHcY_K/lib/python3.12/site-packages/airflow/example_dags/example_task_group_decorator.py for tasks to queue
[2024-07-06T16:33:59.770+0700] {logging_mixin.py:188} INFO - [2024-07-06T16:33:59.769+0700] {dagbag.py:545} INFO - Filling up the DagBag from /home/acer/.local/share/virtualenvs/custom_airflow-E5ZHcY_K/lib/python3.12/site-packages/airflow/example_dags/example_task_group_decorator.py
[2024-07-06T16:33:59.786+0700] {processor.py:840} INFO - DAG(s) 'example_task_group_decorator' retrieved from /home/acer/.local/share/virtualenvs/custom_airflow-E5ZHcY_K/lib/python3.12/site-packages/airflow/example_dags/example_task_group_decorator.py
[2024-07-06T16:33:59.807+0700] {logging_mixin.py:188} INFO - [2024-07-06T16:33:59.807+0700] {dag.py:3096} INFO - Sync 1 DAGs
[2024-07-06T16:33:59.828+0700] {logging_mixin.py:188} INFO - [2024-07-06T16:33:59.828+0700] {dag.py:3954} INFO - Setting next_dagrun for example_task_group_decorator to 2024-07-05 00:00:00+00:00, run_after=2024-07-06 00:00:00+00:00
[2024-07-06T16:33:59.862+0700] {processor.py:183} INFO - Processing /home/acer/.local/share/virtualenvs/custom_airflow-E5ZHcY_K/lib/python3.12/site-packages/airflow/example_dags/example_task_group_decorator.py took 0.100 seconds
[2024-07-06T16:34:46.561+0700] {processor.py:161} INFO - Started process (PID=62663) to work on /home/acer/.local/share/virtualenvs/custom_airflow-E5ZHcY_K/lib/python3.12/site-packages/airflow/example_dags/example_task_group_decorator.py
[2024-07-06T16:34:46.563+0700] {processor.py:830} INFO - Processing file /home/acer/.local/share/virtualenvs/custom_airflow-E5ZHcY_K/lib/python3.12/site-packages/airflow/example_dags/example_task_group_decorator.py for tasks to queue
[2024-07-06T16:34:46.568+0700] {logging_mixin.py:188} INFO - [2024-07-06T16:34:46.567+0700] {dagbag.py:545} INFO - Filling up the DagBag from /home/acer/.local/share/virtualenvs/custom_airflow-E5ZHcY_K/lib/python3.12/site-packages/airflow/example_dags/example_task_group_decorator.py
[2024-07-06T16:34:46.589+0700] {processor.py:840} INFO - DAG(s) 'example_task_group_decorator' retrieved from /home/acer/.local/share/virtualenvs/custom_airflow-E5ZHcY_K/lib/python3.12/site-packages/airflow/example_dags/example_task_group_decorator.py
[2024-07-06T16:34:46.611+0700] {logging_mixin.py:188} INFO - [2024-07-06T16:34:46.611+0700] {dag.py:3096} INFO - Sync 1 DAGs
[2024-07-06T16:34:46.631+0700] {logging_mixin.py:188} INFO - [2024-07-06T16:34:46.631+0700] {dag.py:3954} INFO - Setting next_dagrun for example_task_group_decorator to 2024-07-05 00:00:00+00:00, run_after=2024-07-06 00:00:00+00:00
[2024-07-06T16:34:46.652+0700] {processor.py:183} INFO - Processing /home/acer/.local/share/virtualenvs/custom_airflow-E5ZHcY_K/lib/python3.12/site-packages/airflow/example_dags/example_task_group_decorator.py took 0.110 seconds
[2024-07-06T16:35:35.604+0700] {processor.py:161} INFO - Started process (PID=62943) to work on /home/acer/.local/share/virtualenvs/custom_airflow-E5ZHcY_K/lib/python3.12/site-packages/airflow/example_dags/example_task_group_decorator.py
[2024-07-06T16:35:35.605+0700] {processor.py:830} INFO - Processing file /home/acer/.local/share/virtualenvs/custom_airflow-E5ZHcY_K/lib/python3.12/site-packages/airflow/example_dags/example_task_group_decorator.py for tasks to queue
[2024-07-06T16:35:35.608+0700] {logging_mixin.py:188} INFO - [2024-07-06T16:35:35.607+0700] {dagbag.py:545} INFO - Filling up the DagBag from /home/acer/.local/share/virtualenvs/custom_airflow-E5ZHcY_K/lib/python3.12/site-packages/airflow/example_dags/example_task_group_decorator.py
[2024-07-06T16:35:35.627+0700] {processor.py:840} INFO - DAG(s) 'example_task_group_decorator' retrieved from /home/acer/.local/share/virtualenvs/custom_airflow-E5ZHcY_K/lib/python3.12/site-packages/airflow/example_dags/example_task_group_decorator.py
[2024-07-06T16:35:35.649+0700] {logging_mixin.py:188} INFO - [2024-07-06T16:35:35.649+0700] {dag.py:3096} INFO - Sync 1 DAGs
[2024-07-06T16:35:35.670+0700] {logging_mixin.py:188} INFO - [2024-07-06T16:35:35.670+0700] {dag.py:3954} INFO - Setting next_dagrun for example_task_group_decorator to 2024-07-05 00:00:00+00:00, run_after=2024-07-06 00:00:00+00:00
[2024-07-06T16:35:35.691+0700] {processor.py:183} INFO - Processing /home/acer/.local/share/virtualenvs/custom_airflow-E5ZHcY_K/lib/python3.12/site-packages/airflow/example_dags/example_task_group_decorator.py took 0.093 seconds
[2024-07-06T16:36:23.313+0700] {processor.py:161} INFO - Started process (PID=63229) to work on /home/acer/.local/share/virtualenvs/custom_airflow-E5ZHcY_K/lib/python3.12/site-packages/airflow/example_dags/example_task_group_decorator.py
[2024-07-06T16:36:23.315+0700] {processor.py:830} INFO - Processing file /home/acer/.local/share/virtualenvs/custom_airflow-E5ZHcY_K/lib/python3.12/site-packages/airflow/example_dags/example_task_group_decorator.py for tasks to queue
[2024-07-06T16:36:23.319+0700] {logging_mixin.py:188} INFO - [2024-07-06T16:36:23.318+0700] {dagbag.py:545} INFO - Filling up the DagBag from /home/acer/.local/share/virtualenvs/custom_airflow-E5ZHcY_K/lib/python3.12/site-packages/airflow/example_dags/example_task_group_decorator.py
[2024-07-06T16:36:23.343+0700] {processor.py:840} INFO - DAG(s) 'example_task_group_decorator' retrieved from /home/acer/.local/share/virtualenvs/custom_airflow-E5ZHcY_K/lib/python3.12/site-packages/airflow/example_dags/example_task_group_decorator.py
[2024-07-06T16:36:23.365+0700] {logging_mixin.py:188} INFO - [2024-07-06T16:36:23.365+0700] {dag.py:3096} INFO - Sync 1 DAGs
[2024-07-06T16:36:23.386+0700] {logging_mixin.py:188} INFO - [2024-07-06T16:36:23.386+0700] {dag.py:3954} INFO - Setting next_dagrun for example_task_group_decorator to 2024-07-05 00:00:00+00:00, run_after=2024-07-06 00:00:00+00:00
[2024-07-06T16:36:23.407+0700] {processor.py:183} INFO - Processing /home/acer/.local/share/virtualenvs/custom_airflow-E5ZHcY_K/lib/python3.12/site-packages/airflow/example_dags/example_task_group_decorator.py took 0.107 seconds
[2024-07-06T21:54:30.609+0700] {processor.py:161} INFO - Started process (PID=11904) to work on /home/acer/.local/share/virtualenvs/custom_airflow-E5ZHcY_K/lib/python3.12/site-packages/airflow/example_dags/example_task_group_decorator.py
[2024-07-06T21:54:30.612+0700] {processor.py:830} INFO - Processing file /home/acer/.local/share/virtualenvs/custom_airflow-E5ZHcY_K/lib/python3.12/site-packages/airflow/example_dags/example_task_group_decorator.py for tasks to queue
[2024-07-06T21:54:30.617+0700] {logging_mixin.py:188} INFO - [2024-07-06T21:54:30.616+0700] {dagbag.py:545} INFO - Filling up the DagBag from /home/acer/.local/share/virtualenvs/custom_airflow-E5ZHcY_K/lib/python3.12/site-packages/airflow/example_dags/example_task_group_decorator.py
[2024-07-06T21:54:30.662+0700] {processor.py:840} INFO - DAG(s) 'example_task_group_decorator' retrieved from /home/acer/.local/share/virtualenvs/custom_airflow-E5ZHcY_K/lib/python3.12/site-packages/airflow/example_dags/example_task_group_decorator.py
[2024-07-06T21:54:30.706+0700] {logging_mixin.py:188} INFO - [2024-07-06T21:54:30.706+0700] {dag.py:3096} INFO - Sync 1 DAGs
[2024-07-06T21:54:30.733+0700] {logging_mixin.py:188} INFO - [2024-07-06T21:54:30.733+0700] {dag.py:3954} INFO - Setting next_dagrun for example_task_group_decorator to 2024-07-05 00:00:00+00:00, run_after=2024-07-06 00:00:00+00:00
[2024-07-06T21:54:30.762+0700] {processor.py:183} INFO - Processing /home/acer/.local/share/virtualenvs/custom_airflow-E5ZHcY_K/lib/python3.12/site-packages/airflow/example_dags/example_task_group_decorator.py took 0.175 seconds
[2024-07-06T21:55:27.728+0700] {processor.py:161} INFO - Started process (PID=12588) to work on /home/acer/.local/share/virtualenvs/custom_airflow-E5ZHcY_K/lib/python3.12/site-packages/airflow/example_dags/example_task_group_decorator.py
[2024-07-06T21:55:27.730+0700] {processor.py:830} INFO - Processing file /home/acer/.local/share/virtualenvs/custom_airflow-E5ZHcY_K/lib/python3.12/site-packages/airflow/example_dags/example_task_group_decorator.py for tasks to queue
[2024-07-06T21:55:27.736+0700] {logging_mixin.py:188} INFO - [2024-07-06T21:55:27.735+0700] {dagbag.py:545} INFO - Filling up the DagBag from /home/acer/.local/share/virtualenvs/custom_airflow-E5ZHcY_K/lib/python3.12/site-packages/airflow/example_dags/example_task_group_decorator.py
[2024-07-06T21:55:27.776+0700] {processor.py:840} INFO - DAG(s) 'example_task_group_decorator' retrieved from /home/acer/.local/share/virtualenvs/custom_airflow-E5ZHcY_K/lib/python3.12/site-packages/airflow/example_dags/example_task_group_decorator.py
[2024-07-06T21:55:27.827+0700] {logging_mixin.py:188} INFO - [2024-07-06T21:55:27.827+0700] {dag.py:3096} INFO - Sync 1 DAGs
[2024-07-06T21:55:27.888+0700] {logging_mixin.py:188} INFO - [2024-07-06T21:55:27.887+0700] {dag.py:3954} INFO - Setting next_dagrun for example_task_group_decorator to 2024-07-05 00:00:00+00:00, run_after=2024-07-06 00:00:00+00:00
[2024-07-06T21:55:27.929+0700] {processor.py:183} INFO - Processing /home/acer/.local/share/virtualenvs/custom_airflow-E5ZHcY_K/lib/python3.12/site-packages/airflow/example_dags/example_task_group_decorator.py took 0.213 seconds
[2024-07-06T21:56:17.071+0700] {processor.py:161} INFO - Started process (PID=13109) to work on /home/acer/.local/share/virtualenvs/custom_airflow-E5ZHcY_K/lib/python3.12/site-packages/airflow/example_dags/example_task_group_decorator.py
[2024-07-06T21:56:17.073+0700] {processor.py:830} INFO - Processing file /home/acer/.local/share/virtualenvs/custom_airflow-E5ZHcY_K/lib/python3.12/site-packages/airflow/example_dags/example_task_group_decorator.py for tasks to queue
[2024-07-06T21:56:17.078+0700] {logging_mixin.py:188} INFO - [2024-07-06T21:56:17.077+0700] {dagbag.py:545} INFO - Filling up the DagBag from /home/acer/.local/share/virtualenvs/custom_airflow-E5ZHcY_K/lib/python3.12/site-packages/airflow/example_dags/example_task_group_decorator.py
[2024-07-06T21:56:17.100+0700] {processor.py:840} INFO - DAG(s) 'example_task_group_decorator' retrieved from /home/acer/.local/share/virtualenvs/custom_airflow-E5ZHcY_K/lib/python3.12/site-packages/airflow/example_dags/example_task_group_decorator.py
[2024-07-06T21:56:17.125+0700] {logging_mixin.py:188} INFO - [2024-07-06T21:56:17.125+0700] {dag.py:3096} INFO - Sync 1 DAGs
[2024-07-06T21:56:17.147+0700] {logging_mixin.py:188} INFO - [2024-07-06T21:56:17.147+0700] {dag.py:3954} INFO - Setting next_dagrun for example_task_group_decorator to 2024-07-05 00:00:00+00:00, run_after=2024-07-06 00:00:00+00:00
[2024-07-06T21:56:17.176+0700] {processor.py:183} INFO - Processing /home/acer/.local/share/virtualenvs/custom_airflow-E5ZHcY_K/lib/python3.12/site-packages/airflow/example_dags/example_task_group_decorator.py took 0.134 seconds
[2024-07-06T21:57:11.879+0700] {processor.py:161} INFO - Started process (PID=13675) to work on /home/acer/.local/share/virtualenvs/custom_airflow-E5ZHcY_K/lib/python3.12/site-packages/airflow/example_dags/example_task_group_decorator.py
[2024-07-06T21:57:11.882+0700] {processor.py:830} INFO - Processing file /home/acer/.local/share/virtualenvs/custom_airflow-E5ZHcY_K/lib/python3.12/site-packages/airflow/example_dags/example_task_group_decorator.py for tasks to queue
[2024-07-06T21:57:11.885+0700] {logging_mixin.py:188} INFO - [2024-07-06T21:57:11.884+0700] {dagbag.py:545} INFO - Filling up the DagBag from /home/acer/.local/share/virtualenvs/custom_airflow-E5ZHcY_K/lib/python3.12/site-packages/airflow/example_dags/example_task_group_decorator.py
[2024-07-06T21:57:11.914+0700] {processor.py:840} INFO - DAG(s) 'example_task_group_decorator' retrieved from /home/acer/.local/share/virtualenvs/custom_airflow-E5ZHcY_K/lib/python3.12/site-packages/airflow/example_dags/example_task_group_decorator.py
[2024-07-06T21:57:11.941+0700] {logging_mixin.py:188} INFO - [2024-07-06T21:57:11.940+0700] {dag.py:3096} INFO - Sync 1 DAGs
[2024-07-06T21:57:11.970+0700] {logging_mixin.py:188} INFO - [2024-07-06T21:57:11.970+0700] {dag.py:3954} INFO - Setting next_dagrun for example_task_group_decorator to 2024-07-05 00:00:00+00:00, run_after=2024-07-06 00:00:00+00:00
[2024-07-06T21:57:11.998+0700] {processor.py:183} INFO - Processing /home/acer/.local/share/virtualenvs/custom_airflow-E5ZHcY_K/lib/python3.12/site-packages/airflow/example_dags/example_task_group_decorator.py took 0.131 seconds
[2024-07-06T21:58:06.293+0700] {processor.py:161} INFO - Started process (PID=14104) to work on /home/acer/.local/share/virtualenvs/custom_airflow-E5ZHcY_K/lib/python3.12/site-packages/airflow/example_dags/example_task_group_decorator.py
[2024-07-06T21:58:06.294+0700] {processor.py:830} INFO - Processing file /home/acer/.local/share/virtualenvs/custom_airflow-E5ZHcY_K/lib/python3.12/site-packages/airflow/example_dags/example_task_group_decorator.py for tasks to queue
[2024-07-06T21:58:06.297+0700] {logging_mixin.py:188} INFO - [2024-07-06T21:58:06.296+0700] {dagbag.py:545} INFO - Filling up the DagBag from /home/acer/.local/share/virtualenvs/custom_airflow-E5ZHcY_K/lib/python3.12/site-packages/airflow/example_dags/example_task_group_decorator.py
[2024-07-06T21:58:06.318+0700] {processor.py:840} INFO - DAG(s) 'example_task_group_decorator' retrieved from /home/acer/.local/share/virtualenvs/custom_airflow-E5ZHcY_K/lib/python3.12/site-packages/airflow/example_dags/example_task_group_decorator.py
[2024-07-06T21:58:06.343+0700] {logging_mixin.py:188} INFO - [2024-07-06T21:58:06.343+0700] {dag.py:3096} INFO - Sync 1 DAGs
[2024-07-06T21:58:06.366+0700] {logging_mixin.py:188} INFO - [2024-07-06T21:58:06.366+0700] {dag.py:3954} INFO - Setting next_dagrun for example_task_group_decorator to 2024-07-05 00:00:00+00:00, run_after=2024-07-06 00:00:00+00:00
[2024-07-06T21:58:06.392+0700] {processor.py:183} INFO - Processing /home/acer/.local/share/virtualenvs/custom_airflow-E5ZHcY_K/lib/python3.12/site-packages/airflow/example_dags/example_task_group_decorator.py took 0.109 seconds
[2024-07-06T21:58:57.518+0700] {processor.py:161} INFO - Started process (PID=14338) to work on /home/acer/.local/share/virtualenvs/custom_airflow-E5ZHcY_K/lib/python3.12/site-packages/airflow/example_dags/example_task_group_decorator.py
[2024-07-06T21:58:57.520+0700] {processor.py:830} INFO - Processing file /home/acer/.local/share/virtualenvs/custom_airflow-E5ZHcY_K/lib/python3.12/site-packages/airflow/example_dags/example_task_group_decorator.py for tasks to queue
[2024-07-06T21:58:57.523+0700] {logging_mixin.py:188} INFO - [2024-07-06T21:58:57.522+0700] {dagbag.py:545} INFO - Filling up the DagBag from /home/acer/.local/share/virtualenvs/custom_airflow-E5ZHcY_K/lib/python3.12/site-packages/airflow/example_dags/example_task_group_decorator.py
[2024-07-06T21:58:57.555+0700] {processor.py:840} INFO - DAG(s) 'example_task_group_decorator' retrieved from /home/acer/.local/share/virtualenvs/custom_airflow-E5ZHcY_K/lib/python3.12/site-packages/airflow/example_dags/example_task_group_decorator.py
[2024-07-06T21:58:57.594+0700] {logging_mixin.py:188} INFO - [2024-07-06T21:58:57.594+0700] {dag.py:3096} INFO - Sync 1 DAGs
[2024-07-06T21:58:57.623+0700] {logging_mixin.py:188} INFO - [2024-07-06T21:58:57.623+0700] {dag.py:3954} INFO - Setting next_dagrun for example_task_group_decorator to 2024-07-05 00:00:00+00:00, run_after=2024-07-06 00:00:00+00:00
[2024-07-06T21:58:57.646+0700] {processor.py:183} INFO - Processing /home/acer/.local/share/virtualenvs/custom_airflow-E5ZHcY_K/lib/python3.12/site-packages/airflow/example_dags/example_task_group_decorator.py took 0.137 seconds
[2024-07-06T21:59:46.625+0700] {processor.py:161} INFO - Started process (PID=14662) to work on /home/acer/.local/share/virtualenvs/custom_airflow-E5ZHcY_K/lib/python3.12/site-packages/airflow/example_dags/example_task_group_decorator.py
[2024-07-06T21:59:46.626+0700] {processor.py:830} INFO - Processing file /home/acer/.local/share/virtualenvs/custom_airflow-E5ZHcY_K/lib/python3.12/site-packages/airflow/example_dags/example_task_group_decorator.py for tasks to queue
[2024-07-06T21:59:46.628+0700] {logging_mixin.py:188} INFO - [2024-07-06T21:59:46.628+0700] {dagbag.py:545} INFO - Filling up the DagBag from /home/acer/.local/share/virtualenvs/custom_airflow-E5ZHcY_K/lib/python3.12/site-packages/airflow/example_dags/example_task_group_decorator.py
[2024-07-06T21:59:46.659+0700] {processor.py:840} INFO - DAG(s) 'example_task_group_decorator' retrieved from /home/acer/.local/share/virtualenvs/custom_airflow-E5ZHcY_K/lib/python3.12/site-packages/airflow/example_dags/example_task_group_decorator.py
[2024-07-06T21:59:46.700+0700] {logging_mixin.py:188} INFO - [2024-07-06T21:59:46.699+0700] {dag.py:3096} INFO - Sync 1 DAGs
[2024-07-06T21:59:46.739+0700] {logging_mixin.py:188} INFO - [2024-07-06T21:59:46.739+0700] {dag.py:3954} INFO - Setting next_dagrun for example_task_group_decorator to 2024-07-05 00:00:00+00:00, run_after=2024-07-06 00:00:00+00:00
[2024-07-06T21:59:46.792+0700] {processor.py:183} INFO - Processing /home/acer/.local/share/virtualenvs/custom_airflow-E5ZHcY_K/lib/python3.12/site-packages/airflow/example_dags/example_task_group_decorator.py took 0.181 seconds
[2024-07-06T22:00:40.127+0700] {processor.py:161} INFO - Started process (PID=14986) to work on /home/acer/.local/share/virtualenvs/custom_airflow-E5ZHcY_K/lib/python3.12/site-packages/airflow/example_dags/example_task_group_decorator.py
[2024-07-06T22:00:40.128+0700] {processor.py:830} INFO - Processing file /home/acer/.local/share/virtualenvs/custom_airflow-E5ZHcY_K/lib/python3.12/site-packages/airflow/example_dags/example_task_group_decorator.py for tasks to queue
[2024-07-06T22:00:40.130+0700] {logging_mixin.py:188} INFO - [2024-07-06T22:00:40.129+0700] {dagbag.py:545} INFO - Filling up the DagBag from /home/acer/.local/share/virtualenvs/custom_airflow-E5ZHcY_K/lib/python3.12/site-packages/airflow/example_dags/example_task_group_decorator.py
[2024-07-06T22:00:40.145+0700] {processor.py:840} INFO - DAG(s) 'example_task_group_decorator' retrieved from /home/acer/.local/share/virtualenvs/custom_airflow-E5ZHcY_K/lib/python3.12/site-packages/airflow/example_dags/example_task_group_decorator.py
[2024-07-06T22:00:40.167+0700] {logging_mixin.py:188} INFO - [2024-07-06T22:00:40.167+0700] {dag.py:3096} INFO - Sync 1 DAGs
[2024-07-06T22:00:40.187+0700] {logging_mixin.py:188} INFO - [2024-07-06T22:00:40.187+0700] {dag.py:3954} INFO - Setting next_dagrun for example_task_group_decorator to 2024-07-05 00:00:00+00:00, run_after=2024-07-06 00:00:00+00:00
[2024-07-06T22:00:40.209+0700] {processor.py:183} INFO - Processing /home/acer/.local/share/virtualenvs/custom_airflow-E5ZHcY_K/lib/python3.12/site-packages/airflow/example_dags/example_task_group_decorator.py took 0.087 seconds
[2024-07-06T22:02:14.571+0700] {processor.py:161} INFO - Started process (PID=16043) to work on /home/acer/.local/share/virtualenvs/custom_airflow-E5ZHcY_K/lib/python3.12/site-packages/airflow/example_dags/example_task_group_decorator.py
[2024-07-06T22:02:14.572+0700] {processor.py:830} INFO - Processing file /home/acer/.local/share/virtualenvs/custom_airflow-E5ZHcY_K/lib/python3.12/site-packages/airflow/example_dags/example_task_group_decorator.py for tasks to queue
[2024-07-06T22:02:14.574+0700] {logging_mixin.py:188} INFO - [2024-07-06T22:02:14.574+0700] {dagbag.py:545} INFO - Filling up the DagBag from /home/acer/.local/share/virtualenvs/custom_airflow-E5ZHcY_K/lib/python3.12/site-packages/airflow/example_dags/example_task_group_decorator.py
[2024-07-06T22:02:14.591+0700] {processor.py:840} INFO - DAG(s) 'example_task_group_decorator' retrieved from /home/acer/.local/share/virtualenvs/custom_airflow-E5ZHcY_K/lib/python3.12/site-packages/airflow/example_dags/example_task_group_decorator.py
[2024-07-06T22:02:14.614+0700] {logging_mixin.py:188} INFO - [2024-07-06T22:02:14.614+0700] {dag.py:3096} INFO - Sync 1 DAGs
[2024-07-06T22:02:14.635+0700] {logging_mixin.py:188} INFO - [2024-07-06T22:02:14.635+0700] {dag.py:3954} INFO - Setting next_dagrun for example_task_group_decorator to 2024-07-05 00:00:00+00:00, run_after=2024-07-06 00:00:00+00:00
[2024-07-06T22:02:14.658+0700] {processor.py:183} INFO - Processing /home/acer/.local/share/virtualenvs/custom_airflow-E5ZHcY_K/lib/python3.12/site-packages/airflow/example_dags/example_task_group_decorator.py took 0.095 seconds
[2024-07-06T22:03:09.165+0700] {processor.py:161} INFO - Started process (PID=16384) to work on /home/acer/.local/share/virtualenvs/custom_airflow-E5ZHcY_K/lib/python3.12/site-packages/airflow/example_dags/example_task_group_decorator.py
[2024-07-06T22:03:09.167+0700] {processor.py:830} INFO - Processing file /home/acer/.local/share/virtualenvs/custom_airflow-E5ZHcY_K/lib/python3.12/site-packages/airflow/example_dags/example_task_group_decorator.py for tasks to queue
[2024-07-06T22:03:09.171+0700] {logging_mixin.py:188} INFO - [2024-07-06T22:03:09.170+0700] {dagbag.py:545} INFO - Filling up the DagBag from /home/acer/.local/share/virtualenvs/custom_airflow-E5ZHcY_K/lib/python3.12/site-packages/airflow/example_dags/example_task_group_decorator.py
[2024-07-06T22:03:09.194+0700] {processor.py:840} INFO - DAG(s) 'example_task_group_decorator' retrieved from /home/acer/.local/share/virtualenvs/custom_airflow-E5ZHcY_K/lib/python3.12/site-packages/airflow/example_dags/example_task_group_decorator.py
[2024-07-06T22:03:09.215+0700] {logging_mixin.py:188} INFO - [2024-07-06T22:03:09.215+0700] {dag.py:3096} INFO - Sync 1 DAGs
[2024-07-06T22:03:09.235+0700] {logging_mixin.py:188} INFO - [2024-07-06T22:03:09.235+0700] {dag.py:3954} INFO - Setting next_dagrun for example_task_group_decorator to 2024-07-05 00:00:00+00:00, run_after=2024-07-06 00:00:00+00:00
[2024-07-06T22:03:09.261+0700] {processor.py:183} INFO - Processing /home/acer/.local/share/virtualenvs/custom_airflow-E5ZHcY_K/lib/python3.12/site-packages/airflow/example_dags/example_task_group_decorator.py took 0.110 seconds
[2024-07-06T22:03:59.999+0700] {processor.py:161} INFO - Started process (PID=16630) to work on /home/acer/.local/share/virtualenvs/custom_airflow-E5ZHcY_K/lib/python3.12/site-packages/airflow/example_dags/example_task_group_decorator.py
[2024-07-06T22:04:00.000+0700] {processor.py:830} INFO - Processing file /home/acer/.local/share/virtualenvs/custom_airflow-E5ZHcY_K/lib/python3.12/site-packages/airflow/example_dags/example_task_group_decorator.py for tasks to queue
[2024-07-06T22:04:00.002+0700] {logging_mixin.py:188} INFO - [2024-07-06T22:04:00.002+0700] {dagbag.py:545} INFO - Filling up the DagBag from /home/acer/.local/share/virtualenvs/custom_airflow-E5ZHcY_K/lib/python3.12/site-packages/airflow/example_dags/example_task_group_decorator.py
[2024-07-06T22:04:00.022+0700] {processor.py:840} INFO - DAG(s) 'example_task_group_decorator' retrieved from /home/acer/.local/share/virtualenvs/custom_airflow-E5ZHcY_K/lib/python3.12/site-packages/airflow/example_dags/example_task_group_decorator.py
[2024-07-06T22:04:00.046+0700] {logging_mixin.py:188} INFO - [2024-07-06T22:04:00.045+0700] {dag.py:3096} INFO - Sync 1 DAGs
[2024-07-06T22:04:00.067+0700] {logging_mixin.py:188} INFO - [2024-07-06T22:04:00.066+0700] {dag.py:3954} INFO - Setting next_dagrun for example_task_group_decorator to 2024-07-05 00:00:00+00:00, run_after=2024-07-06 00:00:00+00:00
[2024-07-06T22:04:00.088+0700] {processor.py:183} INFO - Processing /home/acer/.local/share/virtualenvs/custom_airflow-E5ZHcY_K/lib/python3.12/site-packages/airflow/example_dags/example_task_group_decorator.py took 0.095 seconds
[2024-07-06T22:05:19.625+0700] {processor.py:161} INFO - Started process (PID=17648) to work on /home/acer/.local/share/virtualenvs/custom_airflow-E5ZHcY_K/lib/python3.12/site-packages/airflow/example_dags/example_task_group_decorator.py
[2024-07-06T22:05:19.627+0700] {processor.py:830} INFO - Processing file /home/acer/.local/share/virtualenvs/custom_airflow-E5ZHcY_K/lib/python3.12/site-packages/airflow/example_dags/example_task_group_decorator.py for tasks to queue
[2024-07-06T22:05:19.631+0700] {logging_mixin.py:188} INFO - [2024-07-06T22:05:19.630+0700] {dagbag.py:545} INFO - Filling up the DagBag from /home/acer/.local/share/virtualenvs/custom_airflow-E5ZHcY_K/lib/python3.12/site-packages/airflow/example_dags/example_task_group_decorator.py
[2024-07-06T22:05:19.651+0700] {processor.py:840} INFO - DAG(s) 'example_task_group_decorator' retrieved from /home/acer/.local/share/virtualenvs/custom_airflow-E5ZHcY_K/lib/python3.12/site-packages/airflow/example_dags/example_task_group_decorator.py
[2024-07-06T22:05:19.673+0700] {logging_mixin.py:188} INFO - [2024-07-06T22:05:19.673+0700] {dag.py:3096} INFO - Sync 1 DAGs
[2024-07-06T22:05:19.693+0700] {logging_mixin.py:188} INFO - [2024-07-06T22:05:19.693+0700] {dag.py:3954} INFO - Setting next_dagrun for example_task_group_decorator to 2024-07-05 00:00:00+00:00, run_after=2024-07-06 00:00:00+00:00
[2024-07-06T22:05:19.714+0700] {processor.py:183} INFO - Processing /home/acer/.local/share/virtualenvs/custom_airflow-E5ZHcY_K/lib/python3.12/site-packages/airflow/example_dags/example_task_group_decorator.py took 0.108 seconds
[2024-07-06T22:06:11.350+0700] {processor.py:161} INFO - Started process (PID=17902) to work on /home/acer/.local/share/virtualenvs/custom_airflow-E5ZHcY_K/lib/python3.12/site-packages/airflow/example_dags/example_task_group_decorator.py
[2024-07-06T22:06:11.353+0700] {processor.py:830} INFO - Processing file /home/acer/.local/share/virtualenvs/custom_airflow-E5ZHcY_K/lib/python3.12/site-packages/airflow/example_dags/example_task_group_decorator.py for tasks to queue
[2024-07-06T22:06:11.357+0700] {logging_mixin.py:188} INFO - [2024-07-06T22:06:11.356+0700] {dagbag.py:545} INFO - Filling up the DagBag from /home/acer/.local/share/virtualenvs/custom_airflow-E5ZHcY_K/lib/python3.12/site-packages/airflow/example_dags/example_task_group_decorator.py
[2024-07-06T22:06:11.378+0700] {processor.py:840} INFO - DAG(s) 'example_task_group_decorator' retrieved from /home/acer/.local/share/virtualenvs/custom_airflow-E5ZHcY_K/lib/python3.12/site-packages/airflow/example_dags/example_task_group_decorator.py
[2024-07-06T22:06:11.400+0700] {logging_mixin.py:188} INFO - [2024-07-06T22:06:11.400+0700] {dag.py:3096} INFO - Sync 1 DAGs
[2024-07-06T22:06:11.420+0700] {logging_mixin.py:188} INFO - [2024-07-06T22:06:11.420+0700] {dag.py:3954} INFO - Setting next_dagrun for example_task_group_decorator to 2024-07-05 00:00:00+00:00, run_after=2024-07-06 00:00:00+00:00
[2024-07-06T22:06:11.441+0700] {processor.py:183} INFO - Processing /home/acer/.local/share/virtualenvs/custom_airflow-E5ZHcY_K/lib/python3.12/site-packages/airflow/example_dags/example_task_group_decorator.py took 0.110 seconds
[2024-07-06T22:07:08.441+0700] {processor.py:161} INFO - Started process (PID=18402) to work on /home/acer/.local/share/virtualenvs/custom_airflow-E5ZHcY_K/lib/python3.12/site-packages/airflow/example_dags/example_task_group_decorator.py
[2024-07-06T22:07:08.443+0700] {processor.py:830} INFO - Processing file /home/acer/.local/share/virtualenvs/custom_airflow-E5ZHcY_K/lib/python3.12/site-packages/airflow/example_dags/example_task_group_decorator.py for tasks to queue
[2024-07-06T22:07:08.445+0700] {logging_mixin.py:188} INFO - [2024-07-06T22:07:08.445+0700] {dagbag.py:545} INFO - Filling up the DagBag from /home/acer/.local/share/virtualenvs/custom_airflow-E5ZHcY_K/lib/python3.12/site-packages/airflow/example_dags/example_task_group_decorator.py
[2024-07-06T22:07:08.469+0700] {processor.py:840} INFO - DAG(s) 'example_task_group_decorator' retrieved from /home/acer/.local/share/virtualenvs/custom_airflow-E5ZHcY_K/lib/python3.12/site-packages/airflow/example_dags/example_task_group_decorator.py
[2024-07-06T22:07:08.501+0700] {logging_mixin.py:188} INFO - [2024-07-06T22:07:08.501+0700] {dag.py:3096} INFO - Sync 1 DAGs
[2024-07-06T22:07:08.535+0700] {logging_mixin.py:188} INFO - [2024-07-06T22:07:08.535+0700] {dag.py:3954} INFO - Setting next_dagrun for example_task_group_decorator to 2024-07-05 00:00:00+00:00, run_after=2024-07-06 00:00:00+00:00
[2024-07-06T22:07:08.568+0700] {processor.py:183} INFO - Processing /home/acer/.local/share/virtualenvs/custom_airflow-E5ZHcY_K/lib/python3.12/site-packages/airflow/example_dags/example_task_group_decorator.py took 0.135 seconds
[2024-07-06T22:08:04.433+0700] {processor.py:161} INFO - Started process (PID=18746) to work on /home/acer/.local/share/virtualenvs/custom_airflow-E5ZHcY_K/lib/python3.12/site-packages/airflow/example_dags/example_task_group_decorator.py
[2024-07-06T22:08:04.435+0700] {processor.py:830} INFO - Processing file /home/acer/.local/share/virtualenvs/custom_airflow-E5ZHcY_K/lib/python3.12/site-packages/airflow/example_dags/example_task_group_decorator.py for tasks to queue
[2024-07-06T22:08:04.437+0700] {logging_mixin.py:188} INFO - [2024-07-06T22:08:04.437+0700] {dagbag.py:545} INFO - Filling up the DagBag from /home/acer/.local/share/virtualenvs/custom_airflow-E5ZHcY_K/lib/python3.12/site-packages/airflow/example_dags/example_task_group_decorator.py
[2024-07-06T22:08:04.461+0700] {processor.py:840} INFO - DAG(s) 'example_task_group_decorator' retrieved from /home/acer/.local/share/virtualenvs/custom_airflow-E5ZHcY_K/lib/python3.12/site-packages/airflow/example_dags/example_task_group_decorator.py
[2024-07-06T22:08:04.501+0700] {logging_mixin.py:188} INFO - [2024-07-06T22:08:04.501+0700] {dag.py:3096} INFO - Sync 1 DAGs
[2024-07-06T22:08:04.533+0700] {logging_mixin.py:188} INFO - [2024-07-06T22:08:04.533+0700] {dag.py:3954} INFO - Setting next_dagrun for example_task_group_decorator to 2024-07-05 00:00:00+00:00, run_after=2024-07-06 00:00:00+00:00
[2024-07-06T22:08:04.562+0700] {processor.py:183} INFO - Processing /home/acer/.local/share/virtualenvs/custom_airflow-E5ZHcY_K/lib/python3.12/site-packages/airflow/example_dags/example_task_group_decorator.py took 0.137 seconds
[2024-07-06T22:08:59.236+0700] {processor.py:161} INFO - Started process (PID=19020) to work on /home/acer/.local/share/virtualenvs/custom_airflow-E5ZHcY_K/lib/python3.12/site-packages/airflow/example_dags/example_task_group_decorator.py
[2024-07-06T22:08:59.237+0700] {processor.py:830} INFO - Processing file /home/acer/.local/share/virtualenvs/custom_airflow-E5ZHcY_K/lib/python3.12/site-packages/airflow/example_dags/example_task_group_decorator.py for tasks to queue
[2024-07-06T22:08:59.240+0700] {logging_mixin.py:188} INFO - [2024-07-06T22:08:59.240+0700] {dagbag.py:545} INFO - Filling up the DagBag from /home/acer/.local/share/virtualenvs/custom_airflow-E5ZHcY_K/lib/python3.12/site-packages/airflow/example_dags/example_task_group_decorator.py
[2024-07-06T22:08:59.270+0700] {processor.py:840} INFO - DAG(s) 'example_task_group_decorator' retrieved from /home/acer/.local/share/virtualenvs/custom_airflow-E5ZHcY_K/lib/python3.12/site-packages/airflow/example_dags/example_task_group_decorator.py
[2024-07-06T22:08:59.299+0700] {logging_mixin.py:188} INFO - [2024-07-06T22:08:59.299+0700] {dag.py:3096} INFO - Sync 1 DAGs
[2024-07-06T22:08:59.326+0700] {logging_mixin.py:188} INFO - [2024-07-06T22:08:59.326+0700] {dag.py:3954} INFO - Setting next_dagrun for example_task_group_decorator to 2024-07-05 00:00:00+00:00, run_after=2024-07-06 00:00:00+00:00
[2024-07-06T22:08:59.357+0700] {processor.py:183} INFO - Processing /home/acer/.local/share/virtualenvs/custom_airflow-E5ZHcY_K/lib/python3.12/site-packages/airflow/example_dags/example_task_group_decorator.py took 0.132 seconds
[2024-07-06T22:09:59.670+0700] {processor.py:161} INFO - Started process (PID=19352) to work on /home/acer/.local/share/virtualenvs/custom_airflow-E5ZHcY_K/lib/python3.12/site-packages/airflow/example_dags/example_task_group_decorator.py
[2024-07-06T22:09:59.672+0700] {processor.py:830} INFO - Processing file /home/acer/.local/share/virtualenvs/custom_airflow-E5ZHcY_K/lib/python3.12/site-packages/airflow/example_dags/example_task_group_decorator.py for tasks to queue
[2024-07-06T22:09:59.676+0700] {logging_mixin.py:188} INFO - [2024-07-06T22:09:59.675+0700] {dagbag.py:545} INFO - Filling up the DagBag from /home/acer/.local/share/virtualenvs/custom_airflow-E5ZHcY_K/lib/python3.12/site-packages/airflow/example_dags/example_task_group_decorator.py
[2024-07-06T22:09:59.720+0700] {processor.py:840} INFO - DAG(s) 'example_task_group_decorator' retrieved from /home/acer/.local/share/virtualenvs/custom_airflow-E5ZHcY_K/lib/python3.12/site-packages/airflow/example_dags/example_task_group_decorator.py
[2024-07-06T22:09:59.770+0700] {logging_mixin.py:188} INFO - [2024-07-06T22:09:59.769+0700] {dag.py:3096} INFO - Sync 1 DAGs
[2024-07-06T22:09:59.801+0700] {logging_mixin.py:188} INFO - [2024-07-06T22:09:59.801+0700] {dag.py:3954} INFO - Setting next_dagrun for example_task_group_decorator to 2024-07-05 00:00:00+00:00, run_after=2024-07-06 00:00:00+00:00
[2024-07-06T22:09:59.830+0700] {processor.py:183} INFO - Processing /home/acer/.local/share/virtualenvs/custom_airflow-E5ZHcY_K/lib/python3.12/site-packages/airflow/example_dags/example_task_group_decorator.py took 0.177 seconds
[2024-07-06T22:10:50.042+0700] {processor.py:161} INFO - Started process (PID=19699) to work on /home/acer/.local/share/virtualenvs/custom_airflow-E5ZHcY_K/lib/python3.12/site-packages/airflow/example_dags/example_task_group_decorator.py
[2024-07-06T22:10:50.046+0700] {processor.py:830} INFO - Processing file /home/acer/.local/share/virtualenvs/custom_airflow-E5ZHcY_K/lib/python3.12/site-packages/airflow/example_dags/example_task_group_decorator.py for tasks to queue
[2024-07-06T22:10:50.053+0700] {logging_mixin.py:188} INFO - [2024-07-06T22:10:50.052+0700] {dagbag.py:545} INFO - Filling up the DagBag from /home/acer/.local/share/virtualenvs/custom_airflow-E5ZHcY_K/lib/python3.12/site-packages/airflow/example_dags/example_task_group_decorator.py
[2024-07-06T22:10:50.094+0700] {processor.py:840} INFO - DAG(s) 'example_task_group_decorator' retrieved from /home/acer/.local/share/virtualenvs/custom_airflow-E5ZHcY_K/lib/python3.12/site-packages/airflow/example_dags/example_task_group_decorator.py
[2024-07-06T22:10:50.137+0700] {logging_mixin.py:188} INFO - [2024-07-06T22:10:50.137+0700] {dag.py:3096} INFO - Sync 1 DAGs
[2024-07-06T22:10:50.171+0700] {logging_mixin.py:188} INFO - [2024-07-06T22:10:50.171+0700] {dag.py:3954} INFO - Setting next_dagrun for example_task_group_decorator to 2024-07-05 00:00:00+00:00, run_after=2024-07-06 00:00:00+00:00
[2024-07-06T22:10:50.194+0700] {processor.py:183} INFO - Processing /home/acer/.local/share/virtualenvs/custom_airflow-E5ZHcY_K/lib/python3.12/site-packages/airflow/example_dags/example_task_group_decorator.py took 0.184 seconds
[2024-07-06T22:11:54.023+0700] {processor.py:161} INFO - Started process (PID=20009) to work on /home/acer/.local/share/virtualenvs/custom_airflow-E5ZHcY_K/lib/python3.12/site-packages/airflow/example_dags/example_task_group_decorator.py
[2024-07-06T22:11:54.025+0700] {processor.py:830} INFO - Processing file /home/acer/.local/share/virtualenvs/custom_airflow-E5ZHcY_K/lib/python3.12/site-packages/airflow/example_dags/example_task_group_decorator.py for tasks to queue
[2024-07-06T22:11:54.029+0700] {logging_mixin.py:188} INFO - [2024-07-06T22:11:54.028+0700] {dagbag.py:545} INFO - Filling up the DagBag from /home/acer/.local/share/virtualenvs/custom_airflow-E5ZHcY_K/lib/python3.12/site-packages/airflow/example_dags/example_task_group_decorator.py
[2024-07-06T22:11:54.068+0700] {processor.py:840} INFO - DAG(s) 'example_task_group_decorator' retrieved from /home/acer/.local/share/virtualenvs/custom_airflow-E5ZHcY_K/lib/python3.12/site-packages/airflow/example_dags/example_task_group_decorator.py
[2024-07-06T22:11:54.114+0700] {logging_mixin.py:188} INFO - [2024-07-06T22:11:54.113+0700] {dag.py:3096} INFO - Sync 1 DAGs
[2024-07-06T22:11:54.146+0700] {logging_mixin.py:188} INFO - [2024-07-06T22:11:54.146+0700] {dag.py:3954} INFO - Setting next_dagrun for example_task_group_decorator to 2024-07-05 00:00:00+00:00, run_after=2024-07-06 00:00:00+00:00
[2024-07-06T22:11:54.181+0700] {processor.py:183} INFO - Processing /home/acer/.local/share/virtualenvs/custom_airflow-E5ZHcY_K/lib/python3.12/site-packages/airflow/example_dags/example_task_group_decorator.py took 0.167 seconds
[2024-07-06T22:12:53.666+0700] {processor.py:161} INFO - Started process (PID=20329) to work on /home/acer/.local/share/virtualenvs/custom_airflow-E5ZHcY_K/lib/python3.12/site-packages/airflow/example_dags/example_task_group_decorator.py
[2024-07-06T22:12:53.671+0700] {processor.py:830} INFO - Processing file /home/acer/.local/share/virtualenvs/custom_airflow-E5ZHcY_K/lib/python3.12/site-packages/airflow/example_dags/example_task_group_decorator.py for tasks to queue
[2024-07-06T22:12:53.674+0700] {logging_mixin.py:188} INFO - [2024-07-06T22:12:53.674+0700] {dagbag.py:545} INFO - Filling up the DagBag from /home/acer/.local/share/virtualenvs/custom_airflow-E5ZHcY_K/lib/python3.12/site-packages/airflow/example_dags/example_task_group_decorator.py
[2024-07-06T22:12:53.694+0700] {processor.py:840} INFO - DAG(s) 'example_task_group_decorator' retrieved from /home/acer/.local/share/virtualenvs/custom_airflow-E5ZHcY_K/lib/python3.12/site-packages/airflow/example_dags/example_task_group_decorator.py
[2024-07-06T22:12:53.727+0700] {logging_mixin.py:188} INFO - [2024-07-06T22:12:53.727+0700] {dag.py:3096} INFO - Sync 1 DAGs
[2024-07-06T22:12:53.755+0700] {logging_mixin.py:188} INFO - [2024-07-06T22:12:53.755+0700] {dag.py:3954} INFO - Setting next_dagrun for example_task_group_decorator to 2024-07-05 00:00:00+00:00, run_after=2024-07-06 00:00:00+00:00
[2024-07-06T22:12:53.784+0700] {processor.py:183} INFO - Processing /home/acer/.local/share/virtualenvs/custom_airflow-E5ZHcY_K/lib/python3.12/site-packages/airflow/example_dags/example_task_group_decorator.py took 0.123 seconds
[2024-07-06T22:13:52.465+0700] {processor.py:161} INFO - Started process (PID=20701) to work on /home/acer/.local/share/virtualenvs/custom_airflow-E5ZHcY_K/lib/python3.12/site-packages/airflow/example_dags/example_task_group_decorator.py
[2024-07-06T22:13:52.471+0700] {processor.py:830} INFO - Processing file /home/acer/.local/share/virtualenvs/custom_airflow-E5ZHcY_K/lib/python3.12/site-packages/airflow/example_dags/example_task_group_decorator.py for tasks to queue
[2024-07-06T22:13:52.475+0700] {logging_mixin.py:188} INFO - [2024-07-06T22:13:52.475+0700] {dagbag.py:545} INFO - Filling up the DagBag from /home/acer/.local/share/virtualenvs/custom_airflow-E5ZHcY_K/lib/python3.12/site-packages/airflow/example_dags/example_task_group_decorator.py
[2024-07-06T22:13:52.520+0700] {processor.py:840} INFO - DAG(s) 'example_task_group_decorator' retrieved from /home/acer/.local/share/virtualenvs/custom_airflow-E5ZHcY_K/lib/python3.12/site-packages/airflow/example_dags/example_task_group_decorator.py
[2024-07-06T22:13:52.556+0700] {logging_mixin.py:188} INFO - [2024-07-06T22:13:52.555+0700] {dag.py:3096} INFO - Sync 1 DAGs
[2024-07-06T22:13:52.588+0700] {logging_mixin.py:188} INFO - [2024-07-06T22:13:52.588+0700] {dag.py:3954} INFO - Setting next_dagrun for example_task_group_decorator to 2024-07-05 00:00:00+00:00, run_after=2024-07-06 00:00:00+00:00
[2024-07-06T22:13:52.616+0700] {processor.py:183} INFO - Processing /home/acer/.local/share/virtualenvs/custom_airflow-E5ZHcY_K/lib/python3.12/site-packages/airflow/example_dags/example_task_group_decorator.py took 0.161 seconds
[2024-07-06T22:14:52.215+0700] {processor.py:161} INFO - Started process (PID=21036) to work on /home/acer/.local/share/virtualenvs/custom_airflow-E5ZHcY_K/lib/python3.12/site-packages/airflow/example_dags/example_task_group_decorator.py
[2024-07-06T22:14:52.217+0700] {processor.py:830} INFO - Processing file /home/acer/.local/share/virtualenvs/custom_airflow-E5ZHcY_K/lib/python3.12/site-packages/airflow/example_dags/example_task_group_decorator.py for tasks to queue
[2024-07-06T22:14:52.219+0700] {logging_mixin.py:188} INFO - [2024-07-06T22:14:52.219+0700] {dagbag.py:545} INFO - Filling up the DagBag from /home/acer/.local/share/virtualenvs/custom_airflow-E5ZHcY_K/lib/python3.12/site-packages/airflow/example_dags/example_task_group_decorator.py
[2024-07-06T22:14:52.280+0700] {processor.py:840} INFO - DAG(s) 'example_task_group_decorator' retrieved from /home/acer/.local/share/virtualenvs/custom_airflow-E5ZHcY_K/lib/python3.12/site-packages/airflow/example_dags/example_task_group_decorator.py
[2024-07-06T22:14:52.395+0700] {logging_mixin.py:188} INFO - [2024-07-06T22:14:52.394+0700] {dag.py:3096} INFO - Sync 1 DAGs
[2024-07-06T22:14:52.439+0700] {logging_mixin.py:188} INFO - [2024-07-06T22:14:52.439+0700] {dag.py:3954} INFO - Setting next_dagrun for example_task_group_decorator to 2024-07-05 00:00:00+00:00, run_after=2024-07-06 00:00:00+00:00
[2024-07-06T22:14:52.492+0700] {processor.py:183} INFO - Processing /home/acer/.local/share/virtualenvs/custom_airflow-E5ZHcY_K/lib/python3.12/site-packages/airflow/example_dags/example_task_group_decorator.py took 0.286 seconds
[2024-07-06T22:15:57.111+0700] {processor.py:161} INFO - Started process (PID=21437) to work on /home/acer/.local/share/virtualenvs/custom_airflow-E5ZHcY_K/lib/python3.12/site-packages/airflow/example_dags/example_task_group_decorator.py
[2024-07-06T22:15:57.112+0700] {processor.py:830} INFO - Processing file /home/acer/.local/share/virtualenvs/custom_airflow-E5ZHcY_K/lib/python3.12/site-packages/airflow/example_dags/example_task_group_decorator.py for tasks to queue
[2024-07-06T22:15:57.115+0700] {logging_mixin.py:188} INFO - [2024-07-06T22:15:57.115+0700] {dagbag.py:545} INFO - Filling up the DagBag from /home/acer/.local/share/virtualenvs/custom_airflow-E5ZHcY_K/lib/python3.12/site-packages/airflow/example_dags/example_task_group_decorator.py
[2024-07-06T22:15:57.139+0700] {processor.py:840} INFO - DAG(s) 'example_task_group_decorator' retrieved from /home/acer/.local/share/virtualenvs/custom_airflow-E5ZHcY_K/lib/python3.12/site-packages/airflow/example_dags/example_task_group_decorator.py
[2024-07-06T22:15:57.173+0700] {logging_mixin.py:188} INFO - [2024-07-06T22:15:57.173+0700] {dag.py:3096} INFO - Sync 1 DAGs
[2024-07-06T22:15:57.210+0700] {logging_mixin.py:188} INFO - [2024-07-06T22:15:57.209+0700] {dag.py:3954} INFO - Setting next_dagrun for example_task_group_decorator to 2024-07-05 00:00:00+00:00, run_after=2024-07-06 00:00:00+00:00
[2024-07-06T22:15:57.261+0700] {processor.py:183} INFO - Processing /home/acer/.local/share/virtualenvs/custom_airflow-E5ZHcY_K/lib/python3.12/site-packages/airflow/example_dags/example_task_group_decorator.py took 0.155 seconds
[2024-07-06T22:16:51.347+0700] {processor.py:161} INFO - Started process (PID=21707) to work on /home/acer/.local/share/virtualenvs/custom_airflow-E5ZHcY_K/lib/python3.12/site-packages/airflow/example_dags/example_task_group_decorator.py
[2024-07-06T22:16:51.348+0700] {processor.py:830} INFO - Processing file /home/acer/.local/share/virtualenvs/custom_airflow-E5ZHcY_K/lib/python3.12/site-packages/airflow/example_dags/example_task_group_decorator.py for tasks to queue
[2024-07-06T22:16:51.352+0700] {logging_mixin.py:188} INFO - [2024-07-06T22:16:51.351+0700] {dagbag.py:545} INFO - Filling up the DagBag from /home/acer/.local/share/virtualenvs/custom_airflow-E5ZHcY_K/lib/python3.12/site-packages/airflow/example_dags/example_task_group_decorator.py
[2024-07-06T22:16:51.379+0700] {processor.py:840} INFO - DAG(s) 'example_task_group_decorator' retrieved from /home/acer/.local/share/virtualenvs/custom_airflow-E5ZHcY_K/lib/python3.12/site-packages/airflow/example_dags/example_task_group_decorator.py
[2024-07-06T22:16:51.412+0700] {logging_mixin.py:188} INFO - [2024-07-06T22:16:51.412+0700] {dag.py:3096} INFO - Sync 1 DAGs
[2024-07-06T22:16:51.436+0700] {logging_mixin.py:188} INFO - [2024-07-06T22:16:51.436+0700] {dag.py:3954} INFO - Setting next_dagrun for example_task_group_decorator to 2024-07-05 00:00:00+00:00, run_after=2024-07-06 00:00:00+00:00
[2024-07-06T22:16:51.469+0700] {processor.py:183} INFO - Processing /home/acer/.local/share/virtualenvs/custom_airflow-E5ZHcY_K/lib/python3.12/site-packages/airflow/example_dags/example_task_group_decorator.py took 0.136 seconds
[2024-07-06T22:17:48.372+0700] {processor.py:161} INFO - Started process (PID=22019) to work on /home/acer/.local/share/virtualenvs/custom_airflow-E5ZHcY_K/lib/python3.12/site-packages/airflow/example_dags/example_task_group_decorator.py
[2024-07-06T22:17:48.375+0700] {processor.py:830} INFO - Processing file /home/acer/.local/share/virtualenvs/custom_airflow-E5ZHcY_K/lib/python3.12/site-packages/airflow/example_dags/example_task_group_decorator.py for tasks to queue
[2024-07-06T22:17:48.381+0700] {logging_mixin.py:188} INFO - [2024-07-06T22:17:48.380+0700] {dagbag.py:545} INFO - Filling up the DagBag from /home/acer/.local/share/virtualenvs/custom_airflow-E5ZHcY_K/lib/python3.12/site-packages/airflow/example_dags/example_task_group_decorator.py
[2024-07-06T22:17:48.414+0700] {processor.py:840} INFO - DAG(s) 'example_task_group_decorator' retrieved from /home/acer/.local/share/virtualenvs/custom_airflow-E5ZHcY_K/lib/python3.12/site-packages/airflow/example_dags/example_task_group_decorator.py
[2024-07-06T22:17:48.464+0700] {logging_mixin.py:188} INFO - [2024-07-06T22:17:48.463+0700] {dag.py:3096} INFO - Sync 1 DAGs
[2024-07-06T22:17:48.504+0700] {logging_mixin.py:188} INFO - [2024-07-06T22:17:48.504+0700] {dag.py:3954} INFO - Setting next_dagrun for example_task_group_decorator to 2024-07-05 00:00:00+00:00, run_after=2024-07-06 00:00:00+00:00
[2024-07-06T22:17:48.688+0700] {processor.py:183} INFO - Processing /home/acer/.local/share/virtualenvs/custom_airflow-E5ZHcY_K/lib/python3.12/site-packages/airflow/example_dags/example_task_group_decorator.py took 0.331 seconds
[2024-07-06T22:18:52.038+0700] {processor.py:161} INFO - Started process (PID=22367) to work on /home/acer/.local/share/virtualenvs/custom_airflow-E5ZHcY_K/lib/python3.12/site-packages/airflow/example_dags/example_task_group_decorator.py
[2024-07-06T22:18:52.040+0700] {processor.py:830} INFO - Processing file /home/acer/.local/share/virtualenvs/custom_airflow-E5ZHcY_K/lib/python3.12/site-packages/airflow/example_dags/example_task_group_decorator.py for tasks to queue
[2024-07-06T22:18:52.044+0700] {logging_mixin.py:188} INFO - [2024-07-06T22:18:52.043+0700] {dagbag.py:545} INFO - Filling up the DagBag from /home/acer/.local/share/virtualenvs/custom_airflow-E5ZHcY_K/lib/python3.12/site-packages/airflow/example_dags/example_task_group_decorator.py
[2024-07-06T22:18:52.087+0700] {processor.py:840} INFO - DAG(s) 'example_task_group_decorator' retrieved from /home/acer/.local/share/virtualenvs/custom_airflow-E5ZHcY_K/lib/python3.12/site-packages/airflow/example_dags/example_task_group_decorator.py
[2024-07-06T22:18:52.130+0700] {logging_mixin.py:188} INFO - [2024-07-06T22:18:52.130+0700] {dag.py:3096} INFO - Sync 1 DAGs
[2024-07-06T22:18:52.157+0700] {logging_mixin.py:188} INFO - [2024-07-06T22:18:52.157+0700] {dag.py:3954} INFO - Setting next_dagrun for example_task_group_decorator to 2024-07-05 00:00:00+00:00, run_after=2024-07-06 00:00:00+00:00
[2024-07-06T22:18:52.187+0700] {processor.py:183} INFO - Processing /home/acer/.local/share/virtualenvs/custom_airflow-E5ZHcY_K/lib/python3.12/site-packages/airflow/example_dags/example_task_group_decorator.py took 0.165 seconds
[2024-07-06T22:19:53.071+0700] {processor.py:161} INFO - Started process (PID=22700) to work on /home/acer/.local/share/virtualenvs/custom_airflow-E5ZHcY_K/lib/python3.12/site-packages/airflow/example_dags/example_task_group_decorator.py
[2024-07-06T22:19:53.076+0700] {processor.py:830} INFO - Processing file /home/acer/.local/share/virtualenvs/custom_airflow-E5ZHcY_K/lib/python3.12/site-packages/airflow/example_dags/example_task_group_decorator.py for tasks to queue
[2024-07-06T22:19:53.079+0700] {logging_mixin.py:188} INFO - [2024-07-06T22:19:53.078+0700] {dagbag.py:545} INFO - Filling up the DagBag from /home/acer/.local/share/virtualenvs/custom_airflow-E5ZHcY_K/lib/python3.12/site-packages/airflow/example_dags/example_task_group_decorator.py
[2024-07-06T22:19:53.106+0700] {processor.py:840} INFO - DAG(s) 'example_task_group_decorator' retrieved from /home/acer/.local/share/virtualenvs/custom_airflow-E5ZHcY_K/lib/python3.12/site-packages/airflow/example_dags/example_task_group_decorator.py
[2024-07-06T22:19:53.133+0700] {logging_mixin.py:188} INFO - [2024-07-06T22:19:53.133+0700] {dag.py:3096} INFO - Sync 1 DAGs
[2024-07-06T22:19:53.160+0700] {logging_mixin.py:188} INFO - [2024-07-06T22:19:53.160+0700] {dag.py:3954} INFO - Setting next_dagrun for example_task_group_decorator to 2024-07-05 00:00:00+00:00, run_after=2024-07-06 00:00:00+00:00
[2024-07-06T22:19:53.190+0700] {processor.py:183} INFO - Processing /home/acer/.local/share/virtualenvs/custom_airflow-E5ZHcY_K/lib/python3.12/site-packages/airflow/example_dags/example_task_group_decorator.py took 0.143 seconds
[2024-07-06T22:20:54.009+0700] {processor.py:161} INFO - Started process (PID=23006) to work on /home/acer/.local/share/virtualenvs/custom_airflow-E5ZHcY_K/lib/python3.12/site-packages/airflow/example_dags/example_task_group_decorator.py
[2024-07-06T22:20:54.012+0700] {processor.py:830} INFO - Processing file /home/acer/.local/share/virtualenvs/custom_airflow-E5ZHcY_K/lib/python3.12/site-packages/airflow/example_dags/example_task_group_decorator.py for tasks to queue
[2024-07-06T22:20:54.016+0700] {logging_mixin.py:188} INFO - [2024-07-06T22:20:54.015+0700] {dagbag.py:545} INFO - Filling up the DagBag from /home/acer/.local/share/virtualenvs/custom_airflow-E5ZHcY_K/lib/python3.12/site-packages/airflow/example_dags/example_task_group_decorator.py
[2024-07-06T22:20:54.043+0700] {processor.py:840} INFO - DAG(s) 'example_task_group_decorator' retrieved from /home/acer/.local/share/virtualenvs/custom_airflow-E5ZHcY_K/lib/python3.12/site-packages/airflow/example_dags/example_task_group_decorator.py
[2024-07-06T22:20:54.071+0700] {logging_mixin.py:188} INFO - [2024-07-06T22:20:54.071+0700] {dag.py:3096} INFO - Sync 1 DAGs
[2024-07-06T22:20:54.198+0700] {logging_mixin.py:188} INFO - [2024-07-06T22:20:54.197+0700] {dag.py:3954} INFO - Setting next_dagrun for example_task_group_decorator to 2024-07-05 00:00:00+00:00, run_after=2024-07-06 00:00:00+00:00
[2024-07-06T22:20:54.224+0700] {processor.py:183} INFO - Processing /home/acer/.local/share/virtualenvs/custom_airflow-E5ZHcY_K/lib/python3.12/site-packages/airflow/example_dags/example_task_group_decorator.py took 0.232 seconds
