[2024-07-06T16:08:47.966+0700] {processor.py:161} INFO - Started process (PID=51123) to work on /home/acer/.local/share/virtualenvs/custom_airflow-E5ZHcY_K/lib/python3.12/site-packages/airflow/example_dags/example_xcomargs.py
[2024-07-06T16:08:47.967+0700] {processor.py:830} INFO - Processing file /home/acer/.local/share/virtualenvs/custom_airflow-E5ZHcY_K/lib/python3.12/site-packages/airflow/example_dags/example_xcomargs.py for tasks to queue
[2024-07-06T16:08:47.969+0700] {logging_mixin.py:188} INFO - [2024-07-06T16:08:47.968+0700] {dagbag.py:545} INFO - Filling up the DagBag from /home/acer/.local/share/virtualenvs/custom_airflow-E5ZHcY_K/lib/python3.12/site-packages/airflow/example_dags/example_xcomargs.py
[2024-07-06T16:08:47.980+0700] {processor.py:840} INFO - DAG(s) 'example_xcom_args_with_operators', 'example_xcom_args' retrieved from /home/acer/.local/share/virtualenvs/custom_airflow-E5ZHcY_K/lib/python3.12/site-packages/airflow/example_dags/example_xcomargs.py
[2024-07-06T16:08:48.105+0700] {logging_mixin.py:188} INFO - [2024-07-06T16:08:48.105+0700] {override.py:1847} INFO - Created Permission View: can delete on DAG:example_xcom_args_with_operators
[2024-07-06T16:08:48.118+0700] {logging_mixin.py:188} INFO - [2024-07-06T16:08:48.117+0700] {override.py:1847} INFO - Created Permission View: can edit on DAG:example_xcom_args_with_operators
[2024-07-06T16:08:48.127+0700] {logging_mixin.py:188} INFO - [2024-07-06T16:08:48.126+0700] {override.py:1847} INFO - Created Permission View: can read on DAG:example_xcom_args_with_operators
[2024-07-06T16:08:48.149+0700] {logging_mixin.py:188} INFO - [2024-07-06T16:08:48.148+0700] {override.py:1847} INFO - Created Permission View: can delete on DAG:example_xcom_args
[2024-07-06T16:08:48.159+0700] {logging_mixin.py:188} INFO - [2024-07-06T16:08:48.159+0700] {override.py:1847} INFO - Created Permission View: can edit on DAG:example_xcom_args
[2024-07-06T16:08:48.170+0700] {logging_mixin.py:188} INFO - [2024-07-06T16:08:48.169+0700] {override.py:1847} INFO - Created Permission View: can read on DAG:example_xcom_args
[2024-07-06T16:08:48.172+0700] {logging_mixin.py:188} INFO - [2024-07-06T16:08:48.171+0700] {dag.py:3096} INFO - Sync 2 DAGs
[2024-07-06T16:08:48.196+0700] {logging_mixin.py:188} INFO - [2024-07-06T16:08:48.195+0700] {dag.py:3118} INFO - Creating ORM DAG for example_xcom_args
[2024-07-06T16:08:48.196+0700] {logging_mixin.py:188} INFO - [2024-07-06T16:08:48.196+0700] {dag.py:3118} INFO - Creating ORM DAG for example_xcom_args_with_operators
[2024-07-06T16:08:48.197+0700] {logging_mixin.py:188} INFO - [2024-07-06T16:08:48.197+0700] {dag.py:3954} INFO - Setting next_dagrun for example_xcom_args to None, run_after=None
[2024-07-06T16:08:48.199+0700] {logging_mixin.py:188} INFO - [2024-07-06T16:08:48.198+0700] {dag.py:3954} INFO - Setting next_dagrun for example_xcom_args_with_operators to None, run_after=None
[2024-07-06T16:08:48.228+0700] {processor.py:183} INFO - Processing /home/acer/.local/share/virtualenvs/custom_airflow-E5ZHcY_K/lib/python3.12/site-packages/airflow/example_dags/example_xcomargs.py took 0.268 seconds
[2024-07-06T16:09:48.418+0700] {processor.py:161} INFO - Started process (PID=51570) to work on /home/acer/.local/share/virtualenvs/custom_airflow-E5ZHcY_K/lib/python3.12/site-packages/airflow/example_dags/example_xcomargs.py
[2024-07-06T16:09:48.420+0700] {processor.py:830} INFO - Processing file /home/acer/.local/share/virtualenvs/custom_airflow-E5ZHcY_K/lib/python3.12/site-packages/airflow/example_dags/example_xcomargs.py for tasks to queue
[2024-07-06T16:09:48.423+0700] {logging_mixin.py:188} INFO - [2024-07-06T16:09:48.423+0700] {dagbag.py:545} INFO - Filling up the DagBag from /home/acer/.local/share/virtualenvs/custom_airflow-E5ZHcY_K/lib/python3.12/site-packages/airflow/example_dags/example_xcomargs.py
[2024-07-06T16:09:48.434+0700] {processor.py:840} INFO - DAG(s) 'example_xcom_args', 'example_xcom_args_with_operators' retrieved from /home/acer/.local/share/virtualenvs/custom_airflow-E5ZHcY_K/lib/python3.12/site-packages/airflow/example_dags/example_xcomargs.py
[2024-07-06T16:09:48.453+0700] {logging_mixin.py:188} INFO - [2024-07-06T16:09:48.453+0700] {dag.py:3096} INFO - Sync 2 DAGs
[2024-07-06T16:09:48.465+0700] {logging_mixin.py:188} INFO - [2024-07-06T16:09:48.465+0700] {dag.py:3954} INFO - Setting next_dagrun for example_xcom_args to None, run_after=None
[2024-07-06T16:09:48.469+0700] {logging_mixin.py:188} INFO - [2024-07-06T16:09:48.469+0700] {dag.py:3954} INFO - Setting next_dagrun for example_xcom_args_with_operators to None, run_after=None
[2024-07-06T16:09:48.489+0700] {processor.py:183} INFO - Processing /home/acer/.local/share/virtualenvs/custom_airflow-E5ZHcY_K/lib/python3.12/site-packages/airflow/example_dags/example_xcomargs.py took 0.083 seconds
[2024-07-06T16:10:40.470+0700] {processor.py:161} INFO - Started process (PID=52030) to work on /home/acer/.local/share/virtualenvs/custom_airflow-E5ZHcY_K/lib/python3.12/site-packages/airflow/example_dags/example_xcomargs.py
[2024-07-06T16:10:40.471+0700] {processor.py:830} INFO - Processing file /home/acer/.local/share/virtualenvs/custom_airflow-E5ZHcY_K/lib/python3.12/site-packages/airflow/example_dags/example_xcomargs.py for tasks to queue
[2024-07-06T16:10:40.472+0700] {logging_mixin.py:188} INFO - [2024-07-06T16:10:40.471+0700] {dagbag.py:545} INFO - Filling up the DagBag from /home/acer/.local/share/virtualenvs/custom_airflow-E5ZHcY_K/lib/python3.12/site-packages/airflow/example_dags/example_xcomargs.py
[2024-07-06T16:10:40.483+0700] {processor.py:840} INFO - DAG(s) 'example_xcom_args_with_operators', 'example_xcom_args' retrieved from /home/acer/.local/share/virtualenvs/custom_airflow-E5ZHcY_K/lib/python3.12/site-packages/airflow/example_dags/example_xcomargs.py
[2024-07-06T16:10:40.517+0700] {logging_mixin.py:188} INFO - [2024-07-06T16:10:40.516+0700] {dag.py:3096} INFO - Sync 2 DAGs
[2024-07-06T16:10:40.529+0700] {logging_mixin.py:188} INFO - [2024-07-06T16:10:40.529+0700] {dag.py:3954} INFO - Setting next_dagrun for example_xcom_args to None, run_after=None
[2024-07-06T16:10:40.533+0700] {logging_mixin.py:188} INFO - [2024-07-06T16:10:40.532+0700] {dag.py:3954} INFO - Setting next_dagrun for example_xcom_args_with_operators to None, run_after=None
[2024-07-06T16:10:40.555+0700] {processor.py:183} INFO - Processing /home/acer/.local/share/virtualenvs/custom_airflow-E5ZHcY_K/lib/python3.12/site-packages/airflow/example_dags/example_xcomargs.py took 0.090 seconds
[2024-07-06T16:11:35.832+0700] {processor.py:161} INFO - Started process (PID=52496) to work on /home/acer/.local/share/virtualenvs/custom_airflow-E5ZHcY_K/lib/python3.12/site-packages/airflow/example_dags/example_xcomargs.py
[2024-07-06T16:11:35.833+0700] {processor.py:830} INFO - Processing file /home/acer/.local/share/virtualenvs/custom_airflow-E5ZHcY_K/lib/python3.12/site-packages/airflow/example_dags/example_xcomargs.py for tasks to queue
[2024-07-06T16:11:35.835+0700] {logging_mixin.py:188} INFO - [2024-07-06T16:11:35.834+0700] {dagbag.py:545} INFO - Filling up the DagBag from /home/acer/.local/share/virtualenvs/custom_airflow-E5ZHcY_K/lib/python3.12/site-packages/airflow/example_dags/example_xcomargs.py
[2024-07-06T16:11:35.848+0700] {processor.py:840} INFO - DAG(s) 'example_xcom_args', 'example_xcom_args_with_operators' retrieved from /home/acer/.local/share/virtualenvs/custom_airflow-E5ZHcY_K/lib/python3.12/site-packages/airflow/example_dags/example_xcomargs.py
[2024-07-06T16:11:35.875+0700] {logging_mixin.py:188} INFO - [2024-07-06T16:11:35.874+0700] {dag.py:3096} INFO - Sync 2 DAGs
[2024-07-06T16:11:35.892+0700] {logging_mixin.py:188} INFO - [2024-07-06T16:11:35.891+0700] {dag.py:3954} INFO - Setting next_dagrun for example_xcom_args to None, run_after=None
[2024-07-06T16:11:35.896+0700] {logging_mixin.py:188} INFO - [2024-07-06T16:11:35.895+0700] {dag.py:3954} INFO - Setting next_dagrun for example_xcom_args_with_operators to None, run_after=None
[2024-07-06T16:11:35.926+0700] {processor.py:183} INFO - Processing /home/acer/.local/share/virtualenvs/custom_airflow-E5ZHcY_K/lib/python3.12/site-packages/airflow/example_dags/example_xcomargs.py took 0.100 seconds
[2024-07-06T16:15:37.383+0700] {processor.py:161} INFO - Started process (PID=54597) to work on /home/acer/.local/share/virtualenvs/custom_airflow-E5ZHcY_K/lib/python3.12/site-packages/airflow/example_dags/example_xcomargs.py
[2024-07-06T16:15:37.399+0700] {processor.py:830} INFO - Processing file /home/acer/.local/share/virtualenvs/custom_airflow-E5ZHcY_K/lib/python3.12/site-packages/airflow/example_dags/example_xcomargs.py for tasks to queue
[2024-07-06T16:15:37.401+0700] {logging_mixin.py:188} INFO - [2024-07-06T16:15:37.400+0700] {dagbag.py:545} INFO - Filling up the DagBag from /home/acer/.local/share/virtualenvs/custom_airflow-E5ZHcY_K/lib/python3.12/site-packages/airflow/example_dags/example_xcomargs.py
[2024-07-06T16:15:37.426+0700] {processor.py:840} INFO - DAG(s) 'example_xcom_args', 'example_xcom_args_with_operators' retrieved from /home/acer/.local/share/virtualenvs/custom_airflow-E5ZHcY_K/lib/python3.12/site-packages/airflow/example_dags/example_xcomargs.py
[2024-07-06T16:15:37.695+0700] {logging_mixin.py:188} INFO - [2024-07-06T16:15:37.694+0700] {dag.py:3096} INFO - Sync 2 DAGs
[2024-07-06T16:15:37.711+0700] {logging_mixin.py:188} INFO - [2024-07-06T16:15:37.711+0700] {dag.py:3954} INFO - Setting next_dagrun for example_xcom_args to None, run_after=None
[2024-07-06T16:15:37.719+0700] {logging_mixin.py:188} INFO - [2024-07-06T16:15:37.719+0700] {dag.py:3954} INFO - Setting next_dagrun for example_xcom_args_with_operators to None, run_after=None
[2024-07-06T16:15:37.753+0700] {processor.py:183} INFO - Processing /home/acer/.local/share/virtualenvs/custom_airflow-E5ZHcY_K/lib/python3.12/site-packages/airflow/example_dags/example_xcomargs.py took 0.380 seconds
[2024-07-06T16:16:37.857+0700] {processor.py:161} INFO - Started process (PID=55261) to work on /home/acer/.local/share/virtualenvs/custom_airflow-E5ZHcY_K/lib/python3.12/site-packages/airflow/example_dags/example_xcomargs.py
[2024-07-06T16:16:37.858+0700] {processor.py:830} INFO - Processing file /home/acer/.local/share/virtualenvs/custom_airflow-E5ZHcY_K/lib/python3.12/site-packages/airflow/example_dags/example_xcomargs.py for tasks to queue
[2024-07-06T16:16:37.860+0700] {logging_mixin.py:188} INFO - [2024-07-06T16:16:37.859+0700] {dagbag.py:545} INFO - Filling up the DagBag from /home/acer/.local/share/virtualenvs/custom_airflow-E5ZHcY_K/lib/python3.12/site-packages/airflow/example_dags/example_xcomargs.py
[2024-07-06T16:16:37.868+0700] {processor.py:840} INFO - DAG(s) 'example_xcom_args', 'example_xcom_args_with_operators' retrieved from /home/acer/.local/share/virtualenvs/custom_airflow-E5ZHcY_K/lib/python3.12/site-packages/airflow/example_dags/example_xcomargs.py
[2024-07-06T16:16:37.887+0700] {logging_mixin.py:188} INFO - [2024-07-06T16:16:37.887+0700] {dag.py:3096} INFO - Sync 2 DAGs
[2024-07-06T16:16:37.900+0700] {logging_mixin.py:188} INFO - [2024-07-06T16:16:37.900+0700] {dag.py:3954} INFO - Setting next_dagrun for example_xcom_args to None, run_after=None
[2024-07-06T16:16:37.904+0700] {logging_mixin.py:188} INFO - [2024-07-06T16:16:37.904+0700] {dag.py:3954} INFO - Setting next_dagrun for example_xcom_args_with_operators to None, run_after=None
[2024-07-06T16:16:37.923+0700] {processor.py:183} INFO - Processing /home/acer/.local/share/virtualenvs/custom_airflow-E5ZHcY_K/lib/python3.12/site-packages/airflow/example_dags/example_xcomargs.py took 0.073 seconds
[2024-07-06T16:17:29.673+0700] {processor.py:161} INFO - Started process (PID=55706) to work on /home/acer/.local/share/virtualenvs/custom_airflow-E5ZHcY_K/lib/python3.12/site-packages/airflow/example_dags/example_xcomargs.py
[2024-07-06T16:17:29.675+0700] {processor.py:830} INFO - Processing file /home/acer/.local/share/virtualenvs/custom_airflow-E5ZHcY_K/lib/python3.12/site-packages/airflow/example_dags/example_xcomargs.py for tasks to queue
[2024-07-06T16:17:29.676+0700] {logging_mixin.py:188} INFO - [2024-07-06T16:17:29.676+0700] {dagbag.py:545} INFO - Filling up the DagBag from /home/acer/.local/share/virtualenvs/custom_airflow-E5ZHcY_K/lib/python3.12/site-packages/airflow/example_dags/example_xcomargs.py
[2024-07-06T16:17:29.689+0700] {processor.py:840} INFO - DAG(s) 'example_xcom_args', 'example_xcom_args_with_operators' retrieved from /home/acer/.local/share/virtualenvs/custom_airflow-E5ZHcY_K/lib/python3.12/site-packages/airflow/example_dags/example_xcomargs.py
[2024-07-06T16:17:29.713+0700] {logging_mixin.py:188} INFO - [2024-07-06T16:17:29.713+0700] {dag.py:3096} INFO - Sync 2 DAGs
[2024-07-06T16:17:29.731+0700] {logging_mixin.py:188} INFO - [2024-07-06T16:17:29.731+0700] {dag.py:3954} INFO - Setting next_dagrun for example_xcom_args to None, run_after=None
[2024-07-06T16:17:29.739+0700] {logging_mixin.py:188} INFO - [2024-07-06T16:17:29.738+0700] {dag.py:3954} INFO - Setting next_dagrun for example_xcom_args_with_operators to None, run_after=None
[2024-07-06T16:17:29.763+0700] {processor.py:183} INFO - Processing /home/acer/.local/share/virtualenvs/custom_airflow-E5ZHcY_K/lib/python3.12/site-packages/airflow/example_dags/example_xcomargs.py took 0.098 seconds
[2024-07-06T16:18:18.388+0700] {processor.py:161} INFO - Started process (PID=55955) to work on /home/acer/.local/share/virtualenvs/custom_airflow-E5ZHcY_K/lib/python3.12/site-packages/airflow/example_dags/example_xcomargs.py
[2024-07-06T16:18:18.389+0700] {processor.py:830} INFO - Processing file /home/acer/.local/share/virtualenvs/custom_airflow-E5ZHcY_K/lib/python3.12/site-packages/airflow/example_dags/example_xcomargs.py for tasks to queue
[2024-07-06T16:18:18.392+0700] {logging_mixin.py:188} INFO - [2024-07-06T16:18:18.391+0700] {dagbag.py:545} INFO - Filling up the DagBag from /home/acer/.local/share/virtualenvs/custom_airflow-E5ZHcY_K/lib/python3.12/site-packages/airflow/example_dags/example_xcomargs.py
[2024-07-06T16:18:18.405+0700] {processor.py:840} INFO - DAG(s) 'example_xcom_args', 'example_xcom_args_with_operators' retrieved from /home/acer/.local/share/virtualenvs/custom_airflow-E5ZHcY_K/lib/python3.12/site-packages/airflow/example_dags/example_xcomargs.py
[2024-07-06T16:18:18.436+0700] {logging_mixin.py:188} INFO - [2024-07-06T16:18:18.436+0700] {dag.py:3096} INFO - Sync 2 DAGs
[2024-07-06T16:18:18.461+0700] {logging_mixin.py:188} INFO - [2024-07-06T16:18:18.460+0700] {dag.py:3954} INFO - Setting next_dagrun for example_xcom_args to None, run_after=None
[2024-07-06T16:18:18.467+0700] {logging_mixin.py:188} INFO - [2024-07-06T16:18:18.466+0700] {dag.py:3954} INFO - Setting next_dagrun for example_xcom_args_with_operators to None, run_after=None
[2024-07-06T16:18:18.516+0700] {processor.py:183} INFO - Processing /home/acer/.local/share/virtualenvs/custom_airflow-E5ZHcY_K/lib/python3.12/site-packages/airflow/example_dags/example_xcomargs.py took 0.136 seconds
[2024-07-06T16:19:06.680+0700] {processor.py:161} INFO - Started process (PID=56190) to work on /home/acer/.local/share/virtualenvs/custom_airflow-E5ZHcY_K/lib/python3.12/site-packages/airflow/example_dags/example_xcomargs.py
[2024-07-06T16:19:06.681+0700] {processor.py:830} INFO - Processing file /home/acer/.local/share/virtualenvs/custom_airflow-E5ZHcY_K/lib/python3.12/site-packages/airflow/example_dags/example_xcomargs.py for tasks to queue
[2024-07-06T16:19:06.685+0700] {logging_mixin.py:188} INFO - [2024-07-06T16:19:06.684+0700] {dagbag.py:545} INFO - Filling up the DagBag from /home/acer/.local/share/virtualenvs/custom_airflow-E5ZHcY_K/lib/python3.12/site-packages/airflow/example_dags/example_xcomargs.py
[2024-07-06T16:19:06.694+0700] {processor.py:840} INFO - DAG(s) 'example_xcom_args', 'example_xcom_args_with_operators' retrieved from /home/acer/.local/share/virtualenvs/custom_airflow-E5ZHcY_K/lib/python3.12/site-packages/airflow/example_dags/example_xcomargs.py
[2024-07-06T16:19:06.720+0700] {logging_mixin.py:188} INFO - [2024-07-06T16:19:06.720+0700] {dag.py:3096} INFO - Sync 2 DAGs
[2024-07-06T16:19:06.737+0700] {logging_mixin.py:188} INFO - [2024-07-06T16:19:06.736+0700] {dag.py:3954} INFO - Setting next_dagrun for example_xcom_args to None, run_after=None
[2024-07-06T16:19:06.741+0700] {logging_mixin.py:188} INFO - [2024-07-06T16:19:06.740+0700] {dag.py:3954} INFO - Setting next_dagrun for example_xcom_args_with_operators to None, run_after=None
[2024-07-06T16:19:06.764+0700] {processor.py:183} INFO - Processing /home/acer/.local/share/virtualenvs/custom_airflow-E5ZHcY_K/lib/python3.12/site-packages/airflow/example_dags/example_xcomargs.py took 0.090 seconds
[2024-07-06T16:20:06.364+0700] {processor.py:161} INFO - Started process (PID=56941) to work on /home/acer/.local/share/virtualenvs/custom_airflow-E5ZHcY_K/lib/python3.12/site-packages/airflow/example_dags/example_xcomargs.py
[2024-07-06T16:20:06.365+0700] {processor.py:830} INFO - Processing file /home/acer/.local/share/virtualenvs/custom_airflow-E5ZHcY_K/lib/python3.12/site-packages/airflow/example_dags/example_xcomargs.py for tasks to queue
[2024-07-06T16:20:06.367+0700] {logging_mixin.py:188} INFO - [2024-07-06T16:20:06.366+0700] {dagbag.py:545} INFO - Filling up the DagBag from /home/acer/.local/share/virtualenvs/custom_airflow-E5ZHcY_K/lib/python3.12/site-packages/airflow/example_dags/example_xcomargs.py
[2024-07-06T16:20:06.377+0700] {processor.py:840} INFO - DAG(s) 'example_xcom_args_with_operators', 'example_xcom_args' retrieved from /home/acer/.local/share/virtualenvs/custom_airflow-E5ZHcY_K/lib/python3.12/site-packages/airflow/example_dags/example_xcomargs.py
[2024-07-06T16:20:06.398+0700] {logging_mixin.py:188} INFO - [2024-07-06T16:20:06.398+0700] {dag.py:3096} INFO - Sync 2 DAGs
[2024-07-06T16:20:06.410+0700] {logging_mixin.py:188} INFO - [2024-07-06T16:20:06.410+0700] {dag.py:3954} INFO - Setting next_dagrun for example_xcom_args to None, run_after=None
[2024-07-06T16:20:06.414+0700] {logging_mixin.py:188} INFO - [2024-07-06T16:20:06.414+0700] {dag.py:3954} INFO - Setting next_dagrun for example_xcom_args_with_operators to None, run_after=None
[2024-07-06T16:20:06.441+0700] {processor.py:183} INFO - Processing /home/acer/.local/share/virtualenvs/custom_airflow-E5ZHcY_K/lib/python3.12/site-packages/airflow/example_dags/example_xcomargs.py took 0.082 seconds
[2024-07-06T16:21:03.667+0700] {processor.py:161} INFO - Started process (PID=57410) to work on /home/acer/.local/share/virtualenvs/custom_airflow-E5ZHcY_K/lib/python3.12/site-packages/airflow/example_dags/example_xcomargs.py
[2024-07-06T16:21:03.669+0700] {processor.py:830} INFO - Processing file /home/acer/.local/share/virtualenvs/custom_airflow-E5ZHcY_K/lib/python3.12/site-packages/airflow/example_dags/example_xcomargs.py for tasks to queue
[2024-07-06T16:21:03.673+0700] {logging_mixin.py:188} INFO - [2024-07-06T16:21:03.672+0700] {dagbag.py:545} INFO - Filling up the DagBag from /home/acer/.local/share/virtualenvs/custom_airflow-E5ZHcY_K/lib/python3.12/site-packages/airflow/example_dags/example_xcomargs.py
[2024-07-06T16:21:03.687+0700] {processor.py:840} INFO - DAG(s) 'example_xcom_args', 'example_xcom_args_with_operators' retrieved from /home/acer/.local/share/virtualenvs/custom_airflow-E5ZHcY_K/lib/python3.12/site-packages/airflow/example_dags/example_xcomargs.py
[2024-07-06T16:21:03.706+0700] {logging_mixin.py:188} INFO - [2024-07-06T16:21:03.706+0700] {dag.py:3096} INFO - Sync 2 DAGs
[2024-07-06T16:21:03.718+0700] {logging_mixin.py:188} INFO - [2024-07-06T16:21:03.718+0700] {dag.py:3954} INFO - Setting next_dagrun for example_xcom_args to None, run_after=None
[2024-07-06T16:21:03.722+0700] {logging_mixin.py:188} INFO - [2024-07-06T16:21:03.722+0700] {dag.py:3954} INFO - Setting next_dagrun for example_xcom_args_with_operators to None, run_after=None
[2024-07-06T16:21:03.746+0700] {processor.py:183} INFO - Processing /home/acer/.local/share/virtualenvs/custom_airflow-E5ZHcY_K/lib/python3.12/site-packages/airflow/example_dags/example_xcomargs.py took 0.096 seconds
[2024-07-06T16:21:52.793+0700] {processor.py:161} INFO - Started process (PID=57755) to work on /home/acer/.local/share/virtualenvs/custom_airflow-E5ZHcY_K/lib/python3.12/site-packages/airflow/example_dags/example_xcomargs.py
[2024-07-06T16:21:52.794+0700] {processor.py:830} INFO - Processing file /home/acer/.local/share/virtualenvs/custom_airflow-E5ZHcY_K/lib/python3.12/site-packages/airflow/example_dags/example_xcomargs.py for tasks to queue
[2024-07-06T16:21:52.796+0700] {logging_mixin.py:188} INFO - [2024-07-06T16:21:52.795+0700] {dagbag.py:545} INFO - Filling up the DagBag from /home/acer/.local/share/virtualenvs/custom_airflow-E5ZHcY_K/lib/python3.12/site-packages/airflow/example_dags/example_xcomargs.py
[2024-07-06T16:21:52.807+0700] {processor.py:840} INFO - DAG(s) 'example_xcom_args', 'example_xcom_args_with_operators' retrieved from /home/acer/.local/share/virtualenvs/custom_airflow-E5ZHcY_K/lib/python3.12/site-packages/airflow/example_dags/example_xcomargs.py
[2024-07-06T16:21:52.827+0700] {logging_mixin.py:188} INFO - [2024-07-06T16:21:52.827+0700] {dag.py:3096} INFO - Sync 2 DAGs
[2024-07-06T16:21:52.842+0700] {logging_mixin.py:188} INFO - [2024-07-06T16:21:52.841+0700] {dag.py:3954} INFO - Setting next_dagrun for example_xcom_args to None, run_after=None
[2024-07-06T16:21:52.845+0700] {logging_mixin.py:188} INFO - [2024-07-06T16:21:52.845+0700] {dag.py:3954} INFO - Setting next_dagrun for example_xcom_args_with_operators to None, run_after=None
[2024-07-06T16:21:52.868+0700] {processor.py:183} INFO - Processing /home/acer/.local/share/virtualenvs/custom_airflow-E5ZHcY_K/lib/python3.12/site-packages/airflow/example_dags/example_xcomargs.py took 0.083 seconds
[2024-07-06T16:22:41.047+0700] {processor.py:161} INFO - Started process (PID=58015) to work on /home/acer/.local/share/virtualenvs/custom_airflow-E5ZHcY_K/lib/python3.12/site-packages/airflow/example_dags/example_xcomargs.py
[2024-07-06T16:22:41.048+0700] {processor.py:830} INFO - Processing file /home/acer/.local/share/virtualenvs/custom_airflow-E5ZHcY_K/lib/python3.12/site-packages/airflow/example_dags/example_xcomargs.py for tasks to queue
[2024-07-06T16:22:41.051+0700] {logging_mixin.py:188} INFO - [2024-07-06T16:22:41.051+0700] {dagbag.py:545} INFO - Filling up the DagBag from /home/acer/.local/share/virtualenvs/custom_airflow-E5ZHcY_K/lib/python3.12/site-packages/airflow/example_dags/example_xcomargs.py
[2024-07-06T16:22:41.064+0700] {processor.py:840} INFO - DAG(s) 'example_xcom_args', 'example_xcom_args_with_operators' retrieved from /home/acer/.local/share/virtualenvs/custom_airflow-E5ZHcY_K/lib/python3.12/site-packages/airflow/example_dags/example_xcomargs.py
[2024-07-06T16:22:41.084+0700] {logging_mixin.py:188} INFO - [2024-07-06T16:22:41.084+0700] {dag.py:3096} INFO - Sync 2 DAGs
[2024-07-06T16:22:41.097+0700] {logging_mixin.py:188} INFO - [2024-07-06T16:22:41.097+0700] {dag.py:3954} INFO - Setting next_dagrun for example_xcom_args to None, run_after=None
[2024-07-06T16:22:41.101+0700] {logging_mixin.py:188} INFO - [2024-07-06T16:22:41.101+0700] {dag.py:3954} INFO - Setting next_dagrun for example_xcom_args_with_operators to None, run_after=None
[2024-07-06T16:22:41.119+0700] {processor.py:183} INFO - Processing /home/acer/.local/share/virtualenvs/custom_airflow-E5ZHcY_K/lib/python3.12/site-packages/airflow/example_dags/example_xcomargs.py took 0.082 seconds
[2024-07-06T16:24:05.257+0700] {processor.py:161} INFO - Started process (PID=59054) to work on /home/acer/.local/share/virtualenvs/custom_airflow-E5ZHcY_K/lib/python3.12/site-packages/airflow/example_dags/example_xcomargs.py
[2024-07-06T16:24:05.259+0700] {processor.py:830} INFO - Processing file /home/acer/.local/share/virtualenvs/custom_airflow-E5ZHcY_K/lib/python3.12/site-packages/airflow/example_dags/example_xcomargs.py for tasks to queue
[2024-07-06T16:24:05.263+0700] {logging_mixin.py:188} INFO - [2024-07-06T16:24:05.262+0700] {dagbag.py:545} INFO - Filling up the DagBag from /home/acer/.local/share/virtualenvs/custom_airflow-E5ZHcY_K/lib/python3.12/site-packages/airflow/example_dags/example_xcomargs.py
[2024-07-06T16:24:05.276+0700] {processor.py:840} INFO - DAG(s) 'example_xcom_args_with_operators', 'example_xcom_args' retrieved from /home/acer/.local/share/virtualenvs/custom_airflow-E5ZHcY_K/lib/python3.12/site-packages/airflow/example_dags/example_xcomargs.py
[2024-07-06T16:24:05.296+0700] {logging_mixin.py:188} INFO - [2024-07-06T16:24:05.296+0700] {dag.py:3096} INFO - Sync 2 DAGs
[2024-07-06T16:24:05.308+0700] {logging_mixin.py:188} INFO - [2024-07-06T16:24:05.308+0700] {dag.py:3954} INFO - Setting next_dagrun for example_xcom_args to None, run_after=None
[2024-07-06T16:24:05.312+0700] {logging_mixin.py:188} INFO - [2024-07-06T16:24:05.312+0700] {dag.py:3954} INFO - Setting next_dagrun for example_xcom_args_with_operators to None, run_after=None
[2024-07-06T16:24:05.331+0700] {processor.py:183} INFO - Processing /home/acer/.local/share/virtualenvs/custom_airflow-E5ZHcY_K/lib/python3.12/site-packages/airflow/example_dags/example_xcomargs.py took 0.083 seconds
[2024-07-06T16:25:02.124+0700] {processor.py:161} INFO - Started process (PID=59503) to work on /home/acer/.local/share/virtualenvs/custom_airflow-E5ZHcY_K/lib/python3.12/site-packages/airflow/example_dags/example_xcomargs.py
[2024-07-06T16:25:02.125+0700] {processor.py:830} INFO - Processing file /home/acer/.local/share/virtualenvs/custom_airflow-E5ZHcY_K/lib/python3.12/site-packages/airflow/example_dags/example_xcomargs.py for tasks to queue
[2024-07-06T16:25:02.127+0700] {logging_mixin.py:188} INFO - [2024-07-06T16:25:02.126+0700] {dagbag.py:545} INFO - Filling up the DagBag from /home/acer/.local/share/virtualenvs/custom_airflow-E5ZHcY_K/lib/python3.12/site-packages/airflow/example_dags/example_xcomargs.py
[2024-07-06T16:25:02.135+0700] {processor.py:840} INFO - DAG(s) 'example_xcom_args', 'example_xcom_args_with_operators' retrieved from /home/acer/.local/share/virtualenvs/custom_airflow-E5ZHcY_K/lib/python3.12/site-packages/airflow/example_dags/example_xcomargs.py
[2024-07-06T16:25:02.154+0700] {logging_mixin.py:188} INFO - [2024-07-06T16:25:02.154+0700] {dag.py:3096} INFO - Sync 2 DAGs
[2024-07-06T16:25:02.166+0700] {logging_mixin.py:188} INFO - [2024-07-06T16:25:02.166+0700] {dag.py:3954} INFO - Setting next_dagrun for example_xcom_args to None, run_after=None
[2024-07-06T16:25:02.170+0700] {logging_mixin.py:188} INFO - [2024-07-06T16:25:02.170+0700] {dag.py:3954} INFO - Setting next_dagrun for example_xcom_args_with_operators to None, run_after=None
[2024-07-06T16:25:02.189+0700] {processor.py:183} INFO - Processing /home/acer/.local/share/virtualenvs/custom_airflow-E5ZHcY_K/lib/python3.12/site-packages/airflow/example_dags/example_xcomargs.py took 0.071 seconds
[2024-07-06T16:25:53.103+0700] {processor.py:161} INFO - Started process (PID=59951) to work on /home/acer/.local/share/virtualenvs/custom_airflow-E5ZHcY_K/lib/python3.12/site-packages/airflow/example_dags/example_xcomargs.py
[2024-07-06T16:25:53.105+0700] {processor.py:830} INFO - Processing file /home/acer/.local/share/virtualenvs/custom_airflow-E5ZHcY_K/lib/python3.12/site-packages/airflow/example_dags/example_xcomargs.py for tasks to queue
[2024-07-06T16:25:53.108+0700] {logging_mixin.py:188} INFO - [2024-07-06T16:25:53.108+0700] {dagbag.py:545} INFO - Filling up the DagBag from /home/acer/.local/share/virtualenvs/custom_airflow-E5ZHcY_K/lib/python3.12/site-packages/airflow/example_dags/example_xcomargs.py
[2024-07-06T16:25:53.125+0700] {processor.py:840} INFO - DAG(s) 'example_xcom_args_with_operators', 'example_xcom_args' retrieved from /home/acer/.local/share/virtualenvs/custom_airflow-E5ZHcY_K/lib/python3.12/site-packages/airflow/example_dags/example_xcomargs.py
[2024-07-06T16:25:53.153+0700] {logging_mixin.py:188} INFO - [2024-07-06T16:25:53.153+0700] {dag.py:3096} INFO - Sync 2 DAGs
[2024-07-06T16:25:53.170+0700] {logging_mixin.py:188} INFO - [2024-07-06T16:25:53.170+0700] {dag.py:3954} INFO - Setting next_dagrun for example_xcom_args to None, run_after=None
[2024-07-06T16:25:53.174+0700] {logging_mixin.py:188} INFO - [2024-07-06T16:25:53.173+0700] {dag.py:3954} INFO - Setting next_dagrun for example_xcom_args_with_operators to None, run_after=None
[2024-07-06T16:25:53.199+0700] {processor.py:183} INFO - Processing /home/acer/.local/share/virtualenvs/custom_airflow-E5ZHcY_K/lib/python3.12/site-packages/airflow/example_dags/example_xcomargs.py took 0.121 seconds
[2024-07-06T16:26:44.647+0700] {processor.py:161} INFO - Started process (PID=60195) to work on /home/acer/.local/share/virtualenvs/custom_airflow-E5ZHcY_K/lib/python3.12/site-packages/airflow/example_dags/example_xcomargs.py
[2024-07-06T16:26:44.648+0700] {processor.py:830} INFO - Processing file /home/acer/.local/share/virtualenvs/custom_airflow-E5ZHcY_K/lib/python3.12/site-packages/airflow/example_dags/example_xcomargs.py for tasks to queue
[2024-07-06T16:26:44.650+0700] {logging_mixin.py:188} INFO - [2024-07-06T16:26:44.649+0700] {dagbag.py:545} INFO - Filling up the DagBag from /home/acer/.local/share/virtualenvs/custom_airflow-E5ZHcY_K/lib/python3.12/site-packages/airflow/example_dags/example_xcomargs.py
[2024-07-06T16:26:44.659+0700] {processor.py:840} INFO - DAG(s) 'example_xcom_args_with_operators', 'example_xcom_args' retrieved from /home/acer/.local/share/virtualenvs/custom_airflow-E5ZHcY_K/lib/python3.12/site-packages/airflow/example_dags/example_xcomargs.py
[2024-07-06T16:26:44.678+0700] {logging_mixin.py:188} INFO - [2024-07-06T16:26:44.678+0700] {dag.py:3096} INFO - Sync 2 DAGs
[2024-07-06T16:26:44.691+0700] {logging_mixin.py:188} INFO - [2024-07-06T16:26:44.690+0700] {dag.py:3954} INFO - Setting next_dagrun for example_xcom_args to None, run_after=None
[2024-07-06T16:26:44.695+0700] {logging_mixin.py:188} INFO - [2024-07-06T16:26:44.694+0700] {dag.py:3954} INFO - Setting next_dagrun for example_xcom_args_with_operators to None, run_after=None
[2024-07-06T16:26:44.713+0700] {processor.py:183} INFO - Processing /home/acer/.local/share/virtualenvs/custom_airflow-E5ZHcY_K/lib/python3.12/site-packages/airflow/example_dags/example_xcomargs.py took 0.072 seconds
[2024-07-06T16:27:31.632+0700] {processor.py:161} INFO - Started process (PID=60451) to work on /home/acer/.local/share/virtualenvs/custom_airflow-E5ZHcY_K/lib/python3.12/site-packages/airflow/example_dags/example_xcomargs.py
[2024-07-06T16:27:31.633+0700] {processor.py:830} INFO - Processing file /home/acer/.local/share/virtualenvs/custom_airflow-E5ZHcY_K/lib/python3.12/site-packages/airflow/example_dags/example_xcomargs.py for tasks to queue
[2024-07-06T16:27:31.635+0700] {logging_mixin.py:188} INFO - [2024-07-06T16:27:31.635+0700] {dagbag.py:545} INFO - Filling up the DagBag from /home/acer/.local/share/virtualenvs/custom_airflow-E5ZHcY_K/lib/python3.12/site-packages/airflow/example_dags/example_xcomargs.py
[2024-07-06T16:27:31.646+0700] {processor.py:840} INFO - DAG(s) 'example_xcom_args', 'example_xcom_args_with_operators' retrieved from /home/acer/.local/share/virtualenvs/custom_airflow-E5ZHcY_K/lib/python3.12/site-packages/airflow/example_dags/example_xcomargs.py
[2024-07-06T16:27:31.666+0700] {logging_mixin.py:188} INFO - [2024-07-06T16:27:31.666+0700] {dag.py:3096} INFO - Sync 2 DAGs
[2024-07-06T16:27:31.679+0700] {logging_mixin.py:188} INFO - [2024-07-06T16:27:31.678+0700] {dag.py:3954} INFO - Setting next_dagrun for example_xcom_args to None, run_after=None
[2024-07-06T16:27:31.682+0700] {logging_mixin.py:188} INFO - [2024-07-06T16:27:31.682+0700] {dag.py:3954} INFO - Setting next_dagrun for example_xcom_args_with_operators to None, run_after=None
[2024-07-06T16:27:31.702+0700] {processor.py:183} INFO - Processing /home/acer/.local/share/virtualenvs/custom_airflow-E5ZHcY_K/lib/python3.12/site-packages/airflow/example_dags/example_xcomargs.py took 0.075 seconds
[2024-07-06T16:28:18.198+0700] {processor.py:161} INFO - Started process (PID=60683) to work on /home/acer/.local/share/virtualenvs/custom_airflow-E5ZHcY_K/lib/python3.12/site-packages/airflow/example_dags/example_xcomargs.py
[2024-07-06T16:28:18.199+0700] {processor.py:830} INFO - Processing file /home/acer/.local/share/virtualenvs/custom_airflow-E5ZHcY_K/lib/python3.12/site-packages/airflow/example_dags/example_xcomargs.py for tasks to queue
[2024-07-06T16:28:18.201+0700] {logging_mixin.py:188} INFO - [2024-07-06T16:28:18.200+0700] {dagbag.py:545} INFO - Filling up the DagBag from /home/acer/.local/share/virtualenvs/custom_airflow-E5ZHcY_K/lib/python3.12/site-packages/airflow/example_dags/example_xcomargs.py
[2024-07-06T16:28:18.209+0700] {processor.py:840} INFO - DAG(s) 'example_xcom_args_with_operators', 'example_xcom_args' retrieved from /home/acer/.local/share/virtualenvs/custom_airflow-E5ZHcY_K/lib/python3.12/site-packages/airflow/example_dags/example_xcomargs.py
[2024-07-06T16:28:18.230+0700] {logging_mixin.py:188} INFO - [2024-07-06T16:28:18.230+0700] {dag.py:3096} INFO - Sync 2 DAGs
[2024-07-06T16:28:18.243+0700] {logging_mixin.py:188} INFO - [2024-07-06T16:28:18.243+0700] {dag.py:3954} INFO - Setting next_dagrun for example_xcom_args to None, run_after=None
[2024-07-06T16:28:18.247+0700] {logging_mixin.py:188} INFO - [2024-07-06T16:28:18.247+0700] {dag.py:3954} INFO - Setting next_dagrun for example_xcom_args_with_operators to None, run_after=None
[2024-07-06T16:28:18.266+0700] {processor.py:183} INFO - Processing /home/acer/.local/share/virtualenvs/custom_airflow-E5ZHcY_K/lib/python3.12/site-packages/airflow/example_dags/example_xcomargs.py took 0.073 seconds
[2024-07-06T16:29:02.549+0700] {processor.py:161} INFO - Started process (PID=60906) to work on /home/acer/.local/share/virtualenvs/custom_airflow-E5ZHcY_K/lib/python3.12/site-packages/airflow/example_dags/example_xcomargs.py
[2024-07-06T16:29:02.550+0700] {processor.py:830} INFO - Processing file /home/acer/.local/share/virtualenvs/custom_airflow-E5ZHcY_K/lib/python3.12/site-packages/airflow/example_dags/example_xcomargs.py for tasks to queue
[2024-07-06T16:29:02.552+0700] {logging_mixin.py:188} INFO - [2024-07-06T16:29:02.551+0700] {dagbag.py:545} INFO - Filling up the DagBag from /home/acer/.local/share/virtualenvs/custom_airflow-E5ZHcY_K/lib/python3.12/site-packages/airflow/example_dags/example_xcomargs.py
[2024-07-06T16:29:02.560+0700] {processor.py:840} INFO - DAG(s) 'example_xcom_args_with_operators', 'example_xcom_args' retrieved from /home/acer/.local/share/virtualenvs/custom_airflow-E5ZHcY_K/lib/python3.12/site-packages/airflow/example_dags/example_xcomargs.py
[2024-07-06T16:29:02.579+0700] {logging_mixin.py:188} INFO - [2024-07-06T16:29:02.578+0700] {dag.py:3096} INFO - Sync 2 DAGs
[2024-07-06T16:29:02.591+0700] {logging_mixin.py:188} INFO - [2024-07-06T16:29:02.591+0700] {dag.py:3954} INFO - Setting next_dagrun for example_xcom_args to None, run_after=None
[2024-07-06T16:29:02.595+0700] {logging_mixin.py:188} INFO - [2024-07-06T16:29:02.595+0700] {dag.py:3954} INFO - Setting next_dagrun for example_xcom_args_with_operators to None, run_after=None
[2024-07-06T16:29:02.613+0700] {processor.py:183} INFO - Processing /home/acer/.local/share/virtualenvs/custom_airflow-E5ZHcY_K/lib/python3.12/site-packages/airflow/example_dags/example_xcomargs.py took 0.069 seconds
[2024-07-06T16:29:51.022+0700] {processor.py:161} INFO - Started process (PID=61132) to work on /home/acer/.local/share/virtualenvs/custom_airflow-E5ZHcY_K/lib/python3.12/site-packages/airflow/example_dags/example_xcomargs.py
[2024-07-06T16:29:51.024+0700] {processor.py:830} INFO - Processing file /home/acer/.local/share/virtualenvs/custom_airflow-E5ZHcY_K/lib/python3.12/site-packages/airflow/example_dags/example_xcomargs.py for tasks to queue
[2024-07-06T16:29:51.026+0700] {logging_mixin.py:188} INFO - [2024-07-06T16:29:51.025+0700] {dagbag.py:545} INFO - Filling up the DagBag from /home/acer/.local/share/virtualenvs/custom_airflow-E5ZHcY_K/lib/python3.12/site-packages/airflow/example_dags/example_xcomargs.py
[2024-07-06T16:29:51.039+0700] {processor.py:840} INFO - DAG(s) 'example_xcom_args', 'example_xcom_args_with_operators' retrieved from /home/acer/.local/share/virtualenvs/custom_airflow-E5ZHcY_K/lib/python3.12/site-packages/airflow/example_dags/example_xcomargs.py
[2024-07-06T16:29:51.058+0700] {logging_mixin.py:188} INFO - [2024-07-06T16:29:51.058+0700] {dag.py:3096} INFO - Sync 2 DAGs
[2024-07-06T16:29:51.071+0700] {logging_mixin.py:188} INFO - [2024-07-06T16:29:51.070+0700] {dag.py:3954} INFO - Setting next_dagrun for example_xcom_args to None, run_after=None
[2024-07-06T16:29:51.074+0700] {logging_mixin.py:188} INFO - [2024-07-06T16:29:51.074+0700] {dag.py:3954} INFO - Setting next_dagrun for example_xcom_args_with_operators to None, run_after=None
[2024-07-06T16:29:51.093+0700] {processor.py:183} INFO - Processing /home/acer/.local/share/virtualenvs/custom_airflow-E5ZHcY_K/lib/python3.12/site-packages/airflow/example_dags/example_xcomargs.py took 0.076 seconds
[2024-07-06T16:30:34.437+0700] {processor.py:161} INFO - Started process (PID=61394) to work on /home/acer/.local/share/virtualenvs/custom_airflow-E5ZHcY_K/lib/python3.12/site-packages/airflow/example_dags/example_xcomargs.py
[2024-07-06T16:30:34.438+0700] {processor.py:830} INFO - Processing file /home/acer/.local/share/virtualenvs/custom_airflow-E5ZHcY_K/lib/python3.12/site-packages/airflow/example_dags/example_xcomargs.py for tasks to queue
[2024-07-06T16:30:34.440+0700] {logging_mixin.py:188} INFO - [2024-07-06T16:30:34.440+0700] {dagbag.py:545} INFO - Filling up the DagBag from /home/acer/.local/share/virtualenvs/custom_airflow-E5ZHcY_K/lib/python3.12/site-packages/airflow/example_dags/example_xcomargs.py
[2024-07-06T16:30:34.451+0700] {processor.py:840} INFO - DAG(s) 'example_xcom_args_with_operators', 'example_xcom_args' retrieved from /home/acer/.local/share/virtualenvs/custom_airflow-E5ZHcY_K/lib/python3.12/site-packages/airflow/example_dags/example_xcomargs.py
[2024-07-06T16:30:34.471+0700] {logging_mixin.py:188} INFO - [2024-07-06T16:30:34.471+0700] {dag.py:3096} INFO - Sync 2 DAGs
[2024-07-06T16:30:34.483+0700] {logging_mixin.py:188} INFO - [2024-07-06T16:30:34.483+0700] {dag.py:3954} INFO - Setting next_dagrun for example_xcom_args to None, run_after=None
[2024-07-06T16:30:34.487+0700] {logging_mixin.py:188} INFO - [2024-07-06T16:30:34.487+0700] {dag.py:3954} INFO - Setting next_dagrun for example_xcom_args_with_operators to None, run_after=None
[2024-07-06T16:30:34.505+0700] {processor.py:183} INFO - Processing /home/acer/.local/share/virtualenvs/custom_airflow-E5ZHcY_K/lib/python3.12/site-packages/airflow/example_dags/example_xcomargs.py took 0.074 seconds
[2024-07-06T16:31:19.824+0700] {processor.py:161} INFO - Started process (PID=61615) to work on /home/acer/.local/share/virtualenvs/custom_airflow-E5ZHcY_K/lib/python3.12/site-packages/airflow/example_dags/example_xcomargs.py
[2024-07-06T16:31:19.826+0700] {processor.py:830} INFO - Processing file /home/acer/.local/share/virtualenvs/custom_airflow-E5ZHcY_K/lib/python3.12/site-packages/airflow/example_dags/example_xcomargs.py for tasks to queue
[2024-07-06T16:31:19.828+0700] {logging_mixin.py:188} INFO - [2024-07-06T16:31:19.828+0700] {dagbag.py:545} INFO - Filling up the DagBag from /home/acer/.local/share/virtualenvs/custom_airflow-E5ZHcY_K/lib/python3.12/site-packages/airflow/example_dags/example_xcomargs.py
[2024-07-06T16:31:19.839+0700] {processor.py:840} INFO - DAG(s) 'example_xcom_args_with_operators', 'example_xcom_args' retrieved from /home/acer/.local/share/virtualenvs/custom_airflow-E5ZHcY_K/lib/python3.12/site-packages/airflow/example_dags/example_xcomargs.py
[2024-07-06T16:31:19.860+0700] {logging_mixin.py:188} INFO - [2024-07-06T16:31:19.860+0700] {dag.py:3096} INFO - Sync 2 DAGs
[2024-07-06T16:31:19.874+0700] {logging_mixin.py:188} INFO - [2024-07-06T16:31:19.873+0700] {dag.py:3954} INFO - Setting next_dagrun for example_xcom_args to None, run_after=None
[2024-07-06T16:31:19.877+0700] {logging_mixin.py:188} INFO - [2024-07-06T16:31:19.877+0700] {dag.py:3954} INFO - Setting next_dagrun for example_xcom_args_with_operators to None, run_after=None
[2024-07-06T16:31:19.896+0700] {processor.py:183} INFO - Processing /home/acer/.local/share/virtualenvs/custom_airflow-E5ZHcY_K/lib/python3.12/site-packages/airflow/example_dags/example_xcomargs.py took 0.080 seconds
[2024-07-06T16:32:05.627+0700] {processor.py:161} INFO - Started process (PID=61849) to work on /home/acer/.local/share/virtualenvs/custom_airflow-E5ZHcY_K/lib/python3.12/site-packages/airflow/example_dags/example_xcomargs.py
[2024-07-06T16:32:05.630+0700] {processor.py:830} INFO - Processing file /home/acer/.local/share/virtualenvs/custom_airflow-E5ZHcY_K/lib/python3.12/site-packages/airflow/example_dags/example_xcomargs.py for tasks to queue
[2024-07-06T16:32:05.635+0700] {logging_mixin.py:188} INFO - [2024-07-06T16:32:05.634+0700] {dagbag.py:545} INFO - Filling up the DagBag from /home/acer/.local/share/virtualenvs/custom_airflow-E5ZHcY_K/lib/python3.12/site-packages/airflow/example_dags/example_xcomargs.py
[2024-07-06T16:32:05.648+0700] {processor.py:840} INFO - DAG(s) 'example_xcom_args_with_operators', 'example_xcom_args' retrieved from /home/acer/.local/share/virtualenvs/custom_airflow-E5ZHcY_K/lib/python3.12/site-packages/airflow/example_dags/example_xcomargs.py
[2024-07-06T16:32:05.667+0700] {logging_mixin.py:188} INFO - [2024-07-06T16:32:05.667+0700] {dag.py:3096} INFO - Sync 2 DAGs
[2024-07-06T16:32:05.679+0700] {logging_mixin.py:188} INFO - [2024-07-06T16:32:05.679+0700] {dag.py:3954} INFO - Setting next_dagrun for example_xcom_args to None, run_after=None
[2024-07-06T16:32:05.683+0700] {logging_mixin.py:188} INFO - [2024-07-06T16:32:05.683+0700] {dag.py:3954} INFO - Setting next_dagrun for example_xcom_args_with_operators to None, run_after=None
[2024-07-06T16:32:05.703+0700] {processor.py:183} INFO - Processing /home/acer/.local/share/virtualenvs/custom_airflow-E5ZHcY_K/lib/python3.12/site-packages/airflow/example_dags/example_xcomargs.py took 0.095 seconds
[2024-07-06T16:32:54.198+0700] {processor.py:161} INFO - Started process (PID=62090) to work on /home/acer/.local/share/virtualenvs/custom_airflow-E5ZHcY_K/lib/python3.12/site-packages/airflow/example_dags/example_xcomargs.py
[2024-07-06T16:32:54.199+0700] {processor.py:830} INFO - Processing file /home/acer/.local/share/virtualenvs/custom_airflow-E5ZHcY_K/lib/python3.12/site-packages/airflow/example_dags/example_xcomargs.py for tasks to queue
[2024-07-06T16:32:54.201+0700] {logging_mixin.py:188} INFO - [2024-07-06T16:32:54.201+0700] {dagbag.py:545} INFO - Filling up the DagBag from /home/acer/.local/share/virtualenvs/custom_airflow-E5ZHcY_K/lib/python3.12/site-packages/airflow/example_dags/example_xcomargs.py
[2024-07-06T16:32:54.211+0700] {processor.py:840} INFO - DAG(s) 'example_xcom_args_with_operators', 'example_xcom_args' retrieved from /home/acer/.local/share/virtualenvs/custom_airflow-E5ZHcY_K/lib/python3.12/site-packages/airflow/example_dags/example_xcomargs.py
[2024-07-06T16:32:54.232+0700] {logging_mixin.py:188} INFO - [2024-07-06T16:32:54.231+0700] {dag.py:3096} INFO - Sync 2 DAGs
[2024-07-06T16:32:54.244+0700] {logging_mixin.py:188} INFO - [2024-07-06T16:32:54.244+0700] {dag.py:3954} INFO - Setting next_dagrun for example_xcom_args to None, run_after=None
[2024-07-06T16:32:54.247+0700] {logging_mixin.py:188} INFO - [2024-07-06T16:32:54.247+0700] {dag.py:3954} INFO - Setting next_dagrun for example_xcom_args_with_operators to None, run_after=None
[2024-07-06T16:32:54.266+0700] {processor.py:183} INFO - Processing /home/acer/.local/share/virtualenvs/custom_airflow-E5ZHcY_K/lib/python3.12/site-packages/airflow/example_dags/example_xcomargs.py took 0.074 seconds
[2024-07-06T16:33:41.897+0700] {processor.py:161} INFO - Started process (PID=62341) to work on /home/acer/.local/share/virtualenvs/custom_airflow-E5ZHcY_K/lib/python3.12/site-packages/airflow/example_dags/example_xcomargs.py
[2024-07-06T16:33:41.899+0700] {processor.py:830} INFO - Processing file /home/acer/.local/share/virtualenvs/custom_airflow-E5ZHcY_K/lib/python3.12/site-packages/airflow/example_dags/example_xcomargs.py for tasks to queue
[2024-07-06T16:33:41.903+0700] {logging_mixin.py:188} INFO - [2024-07-06T16:33:41.902+0700] {dagbag.py:545} INFO - Filling up the DagBag from /home/acer/.local/share/virtualenvs/custom_airflow-E5ZHcY_K/lib/python3.12/site-packages/airflow/example_dags/example_xcomargs.py
[2024-07-06T16:33:41.916+0700] {processor.py:840} INFO - DAG(s) 'example_xcom_args_with_operators', 'example_xcom_args' retrieved from /home/acer/.local/share/virtualenvs/custom_airflow-E5ZHcY_K/lib/python3.12/site-packages/airflow/example_dags/example_xcomargs.py
[2024-07-06T16:33:41.936+0700] {logging_mixin.py:188} INFO - [2024-07-06T16:33:41.935+0700] {dag.py:3096} INFO - Sync 2 DAGs
[2024-07-06T16:33:41.948+0700] {logging_mixin.py:188} INFO - [2024-07-06T16:33:41.948+0700] {dag.py:3954} INFO - Setting next_dagrun for example_xcom_args to None, run_after=None
[2024-07-06T16:33:41.952+0700] {logging_mixin.py:188} INFO - [2024-07-06T16:33:41.952+0700] {dag.py:3954} INFO - Setting next_dagrun for example_xcom_args_with_operators to None, run_after=None
[2024-07-06T16:33:41.970+0700] {processor.py:183} INFO - Processing /home/acer/.local/share/virtualenvs/custom_airflow-E5ZHcY_K/lib/python3.12/site-packages/airflow/example_dags/example_xcomargs.py took 0.083 seconds
[2024-07-06T16:34:27.478+0700] {processor.py:161} INFO - Started process (PID=62571) to work on /home/acer/.local/share/virtualenvs/custom_airflow-E5ZHcY_K/lib/python3.12/site-packages/airflow/example_dags/example_xcomargs.py
[2024-07-06T16:34:27.478+0700] {processor.py:830} INFO - Processing file /home/acer/.local/share/virtualenvs/custom_airflow-E5ZHcY_K/lib/python3.12/site-packages/airflow/example_dags/example_xcomargs.py for tasks to queue
[2024-07-06T16:34:27.480+0700] {logging_mixin.py:188} INFO - [2024-07-06T16:34:27.480+0700] {dagbag.py:545} INFO - Filling up the DagBag from /home/acer/.local/share/virtualenvs/custom_airflow-E5ZHcY_K/lib/python3.12/site-packages/airflow/example_dags/example_xcomargs.py
[2024-07-06T16:34:27.489+0700] {processor.py:840} INFO - DAG(s) 'example_xcom_args_with_operators', 'example_xcom_args' retrieved from /home/acer/.local/share/virtualenvs/custom_airflow-E5ZHcY_K/lib/python3.12/site-packages/airflow/example_dags/example_xcomargs.py
[2024-07-06T16:34:27.509+0700] {logging_mixin.py:188} INFO - [2024-07-06T16:34:27.508+0700] {dag.py:3096} INFO - Sync 2 DAGs
[2024-07-06T16:34:27.521+0700] {logging_mixin.py:188} INFO - [2024-07-06T16:34:27.521+0700] {dag.py:3954} INFO - Setting next_dagrun for example_xcom_args to None, run_after=None
[2024-07-06T16:34:27.524+0700] {logging_mixin.py:188} INFO - [2024-07-06T16:34:27.524+0700] {dag.py:3954} INFO - Setting next_dagrun for example_xcom_args_with_operators to None, run_after=None
[2024-07-06T16:34:27.543+0700] {processor.py:183} INFO - Processing /home/acer/.local/share/virtualenvs/custom_airflow-E5ZHcY_K/lib/python3.12/site-packages/airflow/example_dags/example_xcomargs.py took 0.071 seconds
[2024-07-06T16:35:16.923+0700] {processor.py:161} INFO - Started process (PID=62813) to work on /home/acer/.local/share/virtualenvs/custom_airflow-E5ZHcY_K/lib/python3.12/site-packages/airflow/example_dags/example_xcomargs.py
[2024-07-06T16:35:16.925+0700] {processor.py:830} INFO - Processing file /home/acer/.local/share/virtualenvs/custom_airflow-E5ZHcY_K/lib/python3.12/site-packages/airflow/example_dags/example_xcomargs.py for tasks to queue
[2024-07-06T16:35:16.929+0700] {logging_mixin.py:188} INFO - [2024-07-06T16:35:16.928+0700] {dagbag.py:545} INFO - Filling up the DagBag from /home/acer/.local/share/virtualenvs/custom_airflow-E5ZHcY_K/lib/python3.12/site-packages/airflow/example_dags/example_xcomargs.py
[2024-07-06T16:35:16.944+0700] {processor.py:840} INFO - DAG(s) 'example_xcom_args_with_operators', 'example_xcom_args' retrieved from /home/acer/.local/share/virtualenvs/custom_airflow-E5ZHcY_K/lib/python3.12/site-packages/airflow/example_dags/example_xcomargs.py
[2024-07-06T16:35:16.964+0700] {logging_mixin.py:188} INFO - [2024-07-06T16:35:16.963+0700] {dag.py:3096} INFO - Sync 2 DAGs
[2024-07-06T16:35:16.976+0700] {logging_mixin.py:188} INFO - [2024-07-06T16:35:16.976+0700] {dag.py:3954} INFO - Setting next_dagrun for example_xcom_args to None, run_after=None
[2024-07-06T16:35:16.979+0700] {logging_mixin.py:188} INFO - [2024-07-06T16:35:16.979+0700] {dag.py:3954} INFO - Setting next_dagrun for example_xcom_args_with_operators to None, run_after=None
[2024-07-06T16:35:16.998+0700] {processor.py:183} INFO - Processing /home/acer/.local/share/virtualenvs/custom_airflow-E5ZHcY_K/lib/python3.12/site-packages/airflow/example_dags/example_xcomargs.py took 0.088 seconds
[2024-07-06T16:36:03.740+0700] {processor.py:161} INFO - Started process (PID=63081) to work on /home/acer/.local/share/virtualenvs/custom_airflow-E5ZHcY_K/lib/python3.12/site-packages/airflow/example_dags/example_xcomargs.py
[2024-07-06T16:36:03.741+0700] {processor.py:830} INFO - Processing file /home/acer/.local/share/virtualenvs/custom_airflow-E5ZHcY_K/lib/python3.12/site-packages/airflow/example_dags/example_xcomargs.py for tasks to queue
[2024-07-06T16:36:03.743+0700] {logging_mixin.py:188} INFO - [2024-07-06T16:36:03.743+0700] {dagbag.py:545} INFO - Filling up the DagBag from /home/acer/.local/share/virtualenvs/custom_airflow-E5ZHcY_K/lib/python3.12/site-packages/airflow/example_dags/example_xcomargs.py
[2024-07-06T16:36:03.754+0700] {processor.py:840} INFO - DAG(s) 'example_xcom_args', 'example_xcom_args_with_operators' retrieved from /home/acer/.local/share/virtualenvs/custom_airflow-E5ZHcY_K/lib/python3.12/site-packages/airflow/example_dags/example_xcomargs.py
[2024-07-06T16:36:03.778+0700] {logging_mixin.py:188} INFO - [2024-07-06T16:36:03.777+0700] {dag.py:3096} INFO - Sync 2 DAGs
[2024-07-06T16:36:03.795+0700] {logging_mixin.py:188} INFO - [2024-07-06T16:36:03.795+0700] {dag.py:3954} INFO - Setting next_dagrun for example_xcom_args to None, run_after=None
[2024-07-06T16:36:03.799+0700] {logging_mixin.py:188} INFO - [2024-07-06T16:36:03.798+0700] {dag.py:3954} INFO - Setting next_dagrun for example_xcom_args_with_operators to None, run_after=None
[2024-07-06T16:36:03.823+0700] {processor.py:183} INFO - Processing /home/acer/.local/share/virtualenvs/custom_airflow-E5ZHcY_K/lib/python3.12/site-packages/airflow/example_dags/example_xcomargs.py took 0.090 seconds
[2024-07-06T21:54:20.806+0700] {processor.py:161} INFO - Started process (PID=11772) to work on /home/acer/.local/share/virtualenvs/custom_airflow-E5ZHcY_K/lib/python3.12/site-packages/airflow/example_dags/example_xcomargs.py
[2024-07-06T21:54:20.808+0700] {processor.py:830} INFO - Processing file /home/acer/.local/share/virtualenvs/custom_airflow-E5ZHcY_K/lib/python3.12/site-packages/airflow/example_dags/example_xcomargs.py for tasks to queue
[2024-07-06T21:54:20.809+0700] {logging_mixin.py:188} INFO - [2024-07-06T21:54:20.809+0700] {dagbag.py:545} INFO - Filling up the DagBag from /home/acer/.local/share/virtualenvs/custom_airflow-E5ZHcY_K/lib/python3.12/site-packages/airflow/example_dags/example_xcomargs.py
[2024-07-06T21:54:20.822+0700] {processor.py:840} INFO - DAG(s) 'example_xcom_args', 'example_xcom_args_with_operators' retrieved from /home/acer/.local/share/virtualenvs/custom_airflow-E5ZHcY_K/lib/python3.12/site-packages/airflow/example_dags/example_xcomargs.py
[2024-07-06T21:54:20.859+0700] {logging_mixin.py:188} INFO - [2024-07-06T21:54:20.859+0700] {dag.py:3096} INFO - Sync 2 DAGs
[2024-07-06T21:54:20.877+0700] {logging_mixin.py:188} INFO - [2024-07-06T21:54:20.877+0700] {dag.py:3954} INFO - Setting next_dagrun for example_xcom_args to None, run_after=None
[2024-07-06T21:54:20.882+0700] {logging_mixin.py:188} INFO - [2024-07-06T21:54:20.882+0700] {dag.py:3954} INFO - Setting next_dagrun for example_xcom_args_with_operators to None, run_after=None
[2024-07-06T21:54:20.904+0700] {processor.py:183} INFO - Processing /home/acer/.local/share/virtualenvs/custom_airflow-E5ZHcY_K/lib/python3.12/site-packages/airflow/example_dags/example_xcomargs.py took 0.103 seconds
[2024-07-06T21:55:17.355+0700] {processor.py:161} INFO - Started process (PID=12428) to work on /home/acer/.local/share/virtualenvs/custom_airflow-E5ZHcY_K/lib/python3.12/site-packages/airflow/example_dags/example_xcomargs.py
[2024-07-06T21:55:17.356+0700] {processor.py:830} INFO - Processing file /home/acer/.local/share/virtualenvs/custom_airflow-E5ZHcY_K/lib/python3.12/site-packages/airflow/example_dags/example_xcomargs.py for tasks to queue
[2024-07-06T21:55:17.359+0700] {logging_mixin.py:188} INFO - [2024-07-06T21:55:17.359+0700] {dagbag.py:545} INFO - Filling up the DagBag from /home/acer/.local/share/virtualenvs/custom_airflow-E5ZHcY_K/lib/python3.12/site-packages/airflow/example_dags/example_xcomargs.py
[2024-07-06T21:55:17.373+0700] {processor.py:840} INFO - DAG(s) 'example_xcom_args', 'example_xcom_args_with_operators' retrieved from /home/acer/.local/share/virtualenvs/custom_airflow-E5ZHcY_K/lib/python3.12/site-packages/airflow/example_dags/example_xcomargs.py
[2024-07-06T21:55:17.397+0700] {logging_mixin.py:188} INFO - [2024-07-06T21:55:17.397+0700] {dag.py:3096} INFO - Sync 2 DAGs
[2024-07-06T21:55:17.410+0700] {logging_mixin.py:188} INFO - [2024-07-06T21:55:17.410+0700] {dag.py:3954} INFO - Setting next_dagrun for example_xcom_args to None, run_after=None
[2024-07-06T21:55:17.414+0700] {logging_mixin.py:188} INFO - [2024-07-06T21:55:17.414+0700] {dag.py:3954} INFO - Setting next_dagrun for example_xcom_args_with_operators to None, run_after=None
[2024-07-06T21:55:17.445+0700] {processor.py:183} INFO - Processing /home/acer/.local/share/virtualenvs/custom_airflow-E5ZHcY_K/lib/python3.12/site-packages/airflow/example_dags/example_xcomargs.py took 0.097 seconds
[2024-07-06T21:56:08.872+0700] {processor.py:161} INFO - Started process (PID=13069) to work on /home/acer/.local/share/virtualenvs/custom_airflow-E5ZHcY_K/lib/python3.12/site-packages/airflow/example_dags/example_xcomargs.py
[2024-07-06T21:56:08.873+0700] {processor.py:830} INFO - Processing file /home/acer/.local/share/virtualenvs/custom_airflow-E5ZHcY_K/lib/python3.12/site-packages/airflow/example_dags/example_xcomargs.py for tasks to queue
[2024-07-06T21:56:08.877+0700] {logging_mixin.py:188} INFO - [2024-07-06T21:56:08.876+0700] {dagbag.py:545} INFO - Filling up the DagBag from /home/acer/.local/share/virtualenvs/custom_airflow-E5ZHcY_K/lib/python3.12/site-packages/airflow/example_dags/example_xcomargs.py
[2024-07-06T21:56:08.889+0700] {processor.py:840} INFO - DAG(s) 'example_xcom_args_with_operators', 'example_xcom_args' retrieved from /home/acer/.local/share/virtualenvs/custom_airflow-E5ZHcY_K/lib/python3.12/site-packages/airflow/example_dags/example_xcomargs.py
[2024-07-06T21:56:08.911+0700] {logging_mixin.py:188} INFO - [2024-07-06T21:56:08.911+0700] {dag.py:3096} INFO - Sync 2 DAGs
[2024-07-06T21:56:08.926+0700] {logging_mixin.py:188} INFO - [2024-07-06T21:56:08.925+0700] {dag.py:3954} INFO - Setting next_dagrun for example_xcom_args to None, run_after=None
[2024-07-06T21:56:08.929+0700] {logging_mixin.py:188} INFO - [2024-07-06T21:56:08.929+0700] {dag.py:3954} INFO - Setting next_dagrun for example_xcom_args_with_operators to None, run_after=None
[2024-07-06T21:56:08.951+0700] {processor.py:183} INFO - Processing /home/acer/.local/share/virtualenvs/custom_airflow-E5ZHcY_K/lib/python3.12/site-packages/airflow/example_dags/example_xcomargs.py took 0.089 seconds
[2024-07-06T21:56:57.011+0700] {processor.py:161} INFO - Started process (PID=13526) to work on /home/acer/.local/share/virtualenvs/custom_airflow-E5ZHcY_K/lib/python3.12/site-packages/airflow/example_dags/example_xcomargs.py
[2024-07-06T21:56:57.015+0700] {processor.py:830} INFO - Processing file /home/acer/.local/share/virtualenvs/custom_airflow-E5ZHcY_K/lib/python3.12/site-packages/airflow/example_dags/example_xcomargs.py for tasks to queue
[2024-07-06T21:56:57.022+0700] {logging_mixin.py:188} INFO - [2024-07-06T21:56:57.021+0700] {dagbag.py:545} INFO - Filling up the DagBag from /home/acer/.local/share/virtualenvs/custom_airflow-E5ZHcY_K/lib/python3.12/site-packages/airflow/example_dags/example_xcomargs.py
[2024-07-06T21:56:57.062+0700] {processor.py:840} INFO - DAG(s) 'example_xcom_args_with_operators', 'example_xcom_args' retrieved from /home/acer/.local/share/virtualenvs/custom_airflow-E5ZHcY_K/lib/python3.12/site-packages/airflow/example_dags/example_xcomargs.py
[2024-07-06T21:56:57.100+0700] {logging_mixin.py:188} INFO - [2024-07-06T21:56:57.099+0700] {dag.py:3096} INFO - Sync 2 DAGs
[2024-07-06T21:56:57.114+0700] {logging_mixin.py:188} INFO - [2024-07-06T21:56:57.113+0700] {dag.py:3954} INFO - Setting next_dagrun for example_xcom_args to None, run_after=None
[2024-07-06T21:56:57.118+0700] {logging_mixin.py:188} INFO - [2024-07-06T21:56:57.118+0700] {dag.py:3954} INFO - Setting next_dagrun for example_xcom_args_with_operators to None, run_after=None
[2024-07-06T21:56:57.137+0700] {processor.py:183} INFO - Processing /home/acer/.local/share/virtualenvs/custom_airflow-E5ZHcY_K/lib/python3.12/site-packages/airflow/example_dags/example_xcomargs.py took 0.147 seconds
[2024-07-06T21:57:48.105+0700] {processor.py:161} INFO - Started process (PID=14017) to work on /home/acer/.local/share/virtualenvs/custom_airflow-E5ZHcY_K/lib/python3.12/site-packages/airflow/example_dags/example_xcomargs.py
[2024-07-06T21:57:48.107+0700] {processor.py:830} INFO - Processing file /home/acer/.local/share/virtualenvs/custom_airflow-E5ZHcY_K/lib/python3.12/site-packages/airflow/example_dags/example_xcomargs.py for tasks to queue
[2024-07-06T21:57:48.110+0700] {logging_mixin.py:188} INFO - [2024-07-06T21:57:48.109+0700] {dagbag.py:545} INFO - Filling up the DagBag from /home/acer/.local/share/virtualenvs/custom_airflow-E5ZHcY_K/lib/python3.12/site-packages/airflow/example_dags/example_xcomargs.py
[2024-07-06T21:57:48.120+0700] {processor.py:840} INFO - DAG(s) 'example_xcom_args', 'example_xcom_args_with_operators' retrieved from /home/acer/.local/share/virtualenvs/custom_airflow-E5ZHcY_K/lib/python3.12/site-packages/airflow/example_dags/example_xcomargs.py
[2024-07-06T21:57:48.140+0700] {logging_mixin.py:188} INFO - [2024-07-06T21:57:48.140+0700] {dag.py:3096} INFO - Sync 2 DAGs
[2024-07-06T21:57:48.154+0700] {logging_mixin.py:188} INFO - [2024-07-06T21:57:48.153+0700] {dag.py:3954} INFO - Setting next_dagrun for example_xcom_args to None, run_after=None
[2024-07-06T21:57:48.158+0700] {logging_mixin.py:188} INFO - [2024-07-06T21:57:48.157+0700] {dag.py:3954} INFO - Setting next_dagrun for example_xcom_args_with_operators to None, run_after=None
[2024-07-06T21:57:48.179+0700] {processor.py:183} INFO - Processing /home/acer/.local/share/virtualenvs/custom_airflow-E5ZHcY_K/lib/python3.12/site-packages/airflow/example_dags/example_xcomargs.py took 0.082 seconds
[2024-07-06T21:58:43.106+0700] {processor.py:161} INFO - Started process (PID=14272) to work on /home/acer/.local/share/virtualenvs/custom_airflow-E5ZHcY_K/lib/python3.12/site-packages/airflow/example_dags/example_xcomargs.py
[2024-07-06T21:58:43.108+0700] {processor.py:830} INFO - Processing file /home/acer/.local/share/virtualenvs/custom_airflow-E5ZHcY_K/lib/python3.12/site-packages/airflow/example_dags/example_xcomargs.py for tasks to queue
[2024-07-06T21:58:43.112+0700] {logging_mixin.py:188} INFO - [2024-07-06T21:58:43.111+0700] {dagbag.py:545} INFO - Filling up the DagBag from /home/acer/.local/share/virtualenvs/custom_airflow-E5ZHcY_K/lib/python3.12/site-packages/airflow/example_dags/example_xcomargs.py
[2024-07-06T21:58:43.126+0700] {processor.py:840} INFO - DAG(s) 'example_xcom_args', 'example_xcom_args_with_operators' retrieved from /home/acer/.local/share/virtualenvs/custom_airflow-E5ZHcY_K/lib/python3.12/site-packages/airflow/example_dags/example_xcomargs.py
[2024-07-06T21:58:43.146+0700] {logging_mixin.py:188} INFO - [2024-07-06T21:58:43.146+0700] {dag.py:3096} INFO - Sync 2 DAGs
[2024-07-06T21:58:43.158+0700] {logging_mixin.py:188} INFO - [2024-07-06T21:58:43.158+0700] {dag.py:3954} INFO - Setting next_dagrun for example_xcom_args to None, run_after=None
[2024-07-06T21:58:43.162+0700] {logging_mixin.py:188} INFO - [2024-07-06T21:58:43.162+0700] {dag.py:3954} INFO - Setting next_dagrun for example_xcom_args_with_operators to None, run_after=None
[2024-07-06T21:58:43.181+0700] {processor.py:183} INFO - Processing /home/acer/.local/share/virtualenvs/custom_airflow-E5ZHcY_K/lib/python3.12/site-packages/airflow/example_dags/example_xcomargs.py took 0.084 seconds
[2024-07-06T21:59:30.627+0700] {processor.py:161} INFO - Started process (PID=14525) to work on /home/acer/.local/share/virtualenvs/custom_airflow-E5ZHcY_K/lib/python3.12/site-packages/airflow/example_dags/example_xcomargs.py
[2024-07-06T21:59:30.629+0700] {processor.py:830} INFO - Processing file /home/acer/.local/share/virtualenvs/custom_airflow-E5ZHcY_K/lib/python3.12/site-packages/airflow/example_dags/example_xcomargs.py for tasks to queue
[2024-07-06T21:59:30.633+0700] {logging_mixin.py:188} INFO - [2024-07-06T21:59:30.632+0700] {dagbag.py:545} INFO - Filling up the DagBag from /home/acer/.local/share/virtualenvs/custom_airflow-E5ZHcY_K/lib/python3.12/site-packages/airflow/example_dags/example_xcomargs.py
[2024-07-06T21:59:30.645+0700] {processor.py:840} INFO - DAG(s) 'example_xcom_args', 'example_xcom_args_with_operators' retrieved from /home/acer/.local/share/virtualenvs/custom_airflow-E5ZHcY_K/lib/python3.12/site-packages/airflow/example_dags/example_xcomargs.py
[2024-07-06T21:59:30.664+0700] {logging_mixin.py:188} INFO - [2024-07-06T21:59:30.664+0700] {dag.py:3096} INFO - Sync 2 DAGs
[2024-07-06T21:59:30.676+0700] {logging_mixin.py:188} INFO - [2024-07-06T21:59:30.676+0700] {dag.py:3954} INFO - Setting next_dagrun for example_xcom_args to None, run_after=None
[2024-07-06T21:59:30.680+0700] {logging_mixin.py:188} INFO - [2024-07-06T21:59:30.680+0700] {dag.py:3954} INFO - Setting next_dagrun for example_xcom_args_with_operators to None, run_after=None
[2024-07-06T21:59:30.699+0700] {processor.py:183} INFO - Processing /home/acer/.local/share/virtualenvs/custom_airflow-E5ZHcY_K/lib/python3.12/site-packages/airflow/example_dags/example_xcomargs.py took 0.094 seconds
[2024-07-06T22:00:23.265+0700] {processor.py:161} INFO - Started process (PID=14903) to work on /home/acer/.local/share/virtualenvs/custom_airflow-E5ZHcY_K/lib/python3.12/site-packages/airflow/example_dags/example_xcomargs.py
[2024-07-06T22:00:23.271+0700] {processor.py:830} INFO - Processing file /home/acer/.local/share/virtualenvs/custom_airflow-E5ZHcY_K/lib/python3.12/site-packages/airflow/example_dags/example_xcomargs.py for tasks to queue
[2024-07-06T22:00:23.275+0700] {logging_mixin.py:188} INFO - [2024-07-06T22:00:23.274+0700] {dagbag.py:545} INFO - Filling up the DagBag from /home/acer/.local/share/virtualenvs/custom_airflow-E5ZHcY_K/lib/python3.12/site-packages/airflow/example_dags/example_xcomargs.py
[2024-07-06T22:00:23.290+0700] {processor.py:840} INFO - DAG(s) 'example_xcom_args', 'example_xcom_args_with_operators' retrieved from /home/acer/.local/share/virtualenvs/custom_airflow-E5ZHcY_K/lib/python3.12/site-packages/airflow/example_dags/example_xcomargs.py
[2024-07-06T22:00:23.309+0700] {logging_mixin.py:188} INFO - [2024-07-06T22:00:23.309+0700] {dag.py:3096} INFO - Sync 2 DAGs
[2024-07-06T22:00:23.322+0700] {logging_mixin.py:188} INFO - [2024-07-06T22:00:23.322+0700] {dag.py:3954} INFO - Setting next_dagrun for example_xcom_args to None, run_after=None
[2024-07-06T22:00:23.326+0700] {logging_mixin.py:188} INFO - [2024-07-06T22:00:23.325+0700] {dag.py:3954} INFO - Setting next_dagrun for example_xcom_args_with_operators to None, run_after=None
[2024-07-06T22:00:23.364+0700] {processor.py:183} INFO - Processing /home/acer/.local/share/virtualenvs/custom_airflow-E5ZHcY_K/lib/python3.12/site-packages/airflow/example_dags/example_xcomargs.py took 0.118 seconds
[2024-07-06T22:01:51.546+0700] {processor.py:161} INFO - Started process (PID=15840) to work on /home/acer/.local/share/virtualenvs/custom_airflow-E5ZHcY_K/lib/python3.12/site-packages/airflow/example_dags/example_xcomargs.py
[2024-07-06T22:01:51.547+0700] {processor.py:830} INFO - Processing file /home/acer/.local/share/virtualenvs/custom_airflow-E5ZHcY_K/lib/python3.12/site-packages/airflow/example_dags/example_xcomargs.py for tasks to queue
[2024-07-06T22:01:51.548+0700] {logging_mixin.py:188} INFO - [2024-07-06T22:01:51.548+0700] {dagbag.py:545} INFO - Filling up the DagBag from /home/acer/.local/share/virtualenvs/custom_airflow-E5ZHcY_K/lib/python3.12/site-packages/airflow/example_dags/example_xcomargs.py
[2024-07-06T22:01:51.557+0700] {processor.py:840} INFO - DAG(s) 'example_xcom_args', 'example_xcom_args_with_operators' retrieved from /home/acer/.local/share/virtualenvs/custom_airflow-E5ZHcY_K/lib/python3.12/site-packages/airflow/example_dags/example_xcomargs.py
[2024-07-06T22:01:51.575+0700] {logging_mixin.py:188} INFO - [2024-07-06T22:01:51.575+0700] {dag.py:3096} INFO - Sync 2 DAGs
[2024-07-06T22:01:51.588+0700] {logging_mixin.py:188} INFO - [2024-07-06T22:01:51.587+0700] {dag.py:3954} INFO - Setting next_dagrun for example_xcom_args to None, run_after=None
[2024-07-06T22:01:51.591+0700] {logging_mixin.py:188} INFO - [2024-07-06T22:01:51.591+0700] {dag.py:3954} INFO - Setting next_dagrun for example_xcom_args_with_operators to None, run_after=None
[2024-07-06T22:01:51.610+0700] {processor.py:183} INFO - Processing /home/acer/.local/share/virtualenvs/custom_airflow-E5ZHcY_K/lib/python3.12/site-packages/airflow/example_dags/example_xcomargs.py took 0.070 seconds
[2024-07-06T22:02:50.631+0700] {processor.py:161} INFO - Started process (PID=16299) to work on /home/acer/.local/share/virtualenvs/custom_airflow-E5ZHcY_K/lib/python3.12/site-packages/airflow/example_dags/example_xcomargs.py
[2024-07-06T22:02:50.632+0700] {processor.py:830} INFO - Processing file /home/acer/.local/share/virtualenvs/custom_airflow-E5ZHcY_K/lib/python3.12/site-packages/airflow/example_dags/example_xcomargs.py for tasks to queue
[2024-07-06T22:02:50.634+0700] {logging_mixin.py:188} INFO - [2024-07-06T22:02:50.634+0700] {dagbag.py:545} INFO - Filling up the DagBag from /home/acer/.local/share/virtualenvs/custom_airflow-E5ZHcY_K/lib/python3.12/site-packages/airflow/example_dags/example_xcomargs.py
[2024-07-06T22:02:50.642+0700] {processor.py:840} INFO - DAG(s) 'example_xcom_args_with_operators', 'example_xcom_args' retrieved from /home/acer/.local/share/virtualenvs/custom_airflow-E5ZHcY_K/lib/python3.12/site-packages/airflow/example_dags/example_xcomargs.py
[2024-07-06T22:02:50.661+0700] {logging_mixin.py:188} INFO - [2024-07-06T22:02:50.661+0700] {dag.py:3096} INFO - Sync 2 DAGs
[2024-07-06T22:02:50.673+0700] {logging_mixin.py:188} INFO - [2024-07-06T22:02:50.673+0700] {dag.py:3954} INFO - Setting next_dagrun for example_xcom_args to None, run_after=None
[2024-07-06T22:02:50.677+0700] {logging_mixin.py:188} INFO - [2024-07-06T22:02:50.677+0700] {dag.py:3954} INFO - Setting next_dagrun for example_xcom_args_with_operators to None, run_after=None
[2024-07-06T22:02:50.695+0700] {processor.py:183} INFO - Processing /home/acer/.local/share/virtualenvs/custom_airflow-E5ZHcY_K/lib/python3.12/site-packages/airflow/example_dags/example_xcomargs.py took 0.070 seconds
[2024-07-06T22:03:42.467+0700] {processor.py:161} INFO - Started process (PID=16546) to work on /home/acer/.local/share/virtualenvs/custom_airflow-E5ZHcY_K/lib/python3.12/site-packages/airflow/example_dags/example_xcomargs.py
[2024-07-06T22:03:42.468+0700] {processor.py:830} INFO - Processing file /home/acer/.local/share/virtualenvs/custom_airflow-E5ZHcY_K/lib/python3.12/site-packages/airflow/example_dags/example_xcomargs.py for tasks to queue
[2024-07-06T22:03:42.471+0700] {logging_mixin.py:188} INFO - [2024-07-06T22:03:42.470+0700] {dagbag.py:545} INFO - Filling up the DagBag from /home/acer/.local/share/virtualenvs/custom_airflow-E5ZHcY_K/lib/python3.12/site-packages/airflow/example_dags/example_xcomargs.py
[2024-07-06T22:03:42.481+0700] {processor.py:840} INFO - DAG(s) 'example_xcom_args_with_operators', 'example_xcom_args' retrieved from /home/acer/.local/share/virtualenvs/custom_airflow-E5ZHcY_K/lib/python3.12/site-packages/airflow/example_dags/example_xcomargs.py
[2024-07-06T22:03:42.501+0700] {logging_mixin.py:188} INFO - [2024-07-06T22:03:42.501+0700] {dag.py:3096} INFO - Sync 2 DAGs
[2024-07-06T22:03:42.513+0700] {logging_mixin.py:188} INFO - [2024-07-06T22:03:42.513+0700] {dag.py:3954} INFO - Setting next_dagrun for example_xcom_args to None, run_after=None
[2024-07-06T22:03:42.517+0700] {logging_mixin.py:188} INFO - [2024-07-06T22:03:42.517+0700] {dag.py:3954} INFO - Setting next_dagrun for example_xcom_args_with_operators to None, run_after=None
[2024-07-06T22:03:42.536+0700] {processor.py:183} INFO - Processing /home/acer/.local/share/virtualenvs/custom_airflow-E5ZHcY_K/lib/python3.12/site-packages/airflow/example_dags/example_xcomargs.py took 0.075 seconds
[2024-07-06T22:05:10.440+0700] {processor.py:161} INFO - Started process (PID=17593) to work on /home/acer/.local/share/virtualenvs/custom_airflow-E5ZHcY_K/lib/python3.12/site-packages/airflow/example_dags/example_xcomargs.py
[2024-07-06T22:05:10.441+0700] {processor.py:830} INFO - Processing file /home/acer/.local/share/virtualenvs/custom_airflow-E5ZHcY_K/lib/python3.12/site-packages/airflow/example_dags/example_xcomargs.py for tasks to queue
[2024-07-06T22:05:10.443+0700] {logging_mixin.py:188} INFO - [2024-07-06T22:05:10.443+0700] {dagbag.py:545} INFO - Filling up the DagBag from /home/acer/.local/share/virtualenvs/custom_airflow-E5ZHcY_K/lib/python3.12/site-packages/airflow/example_dags/example_xcomargs.py
[2024-07-06T22:05:10.452+0700] {processor.py:840} INFO - DAG(s) 'example_xcom_args_with_operators', 'example_xcom_args' retrieved from /home/acer/.local/share/virtualenvs/custom_airflow-E5ZHcY_K/lib/python3.12/site-packages/airflow/example_dags/example_xcomargs.py
[2024-07-06T22:05:10.471+0700] {logging_mixin.py:188} INFO - [2024-07-06T22:05:10.471+0700] {dag.py:3096} INFO - Sync 2 DAGs
[2024-07-06T22:05:10.483+0700] {logging_mixin.py:188} INFO - [2024-07-06T22:05:10.483+0700] {dag.py:3954} INFO - Setting next_dagrun for example_xcom_args to None, run_after=None
[2024-07-06T22:05:10.487+0700] {logging_mixin.py:188} INFO - [2024-07-06T22:05:10.487+0700] {dag.py:3954} INFO - Setting next_dagrun for example_xcom_args_with_operators to None, run_after=None
[2024-07-06T22:05:10.506+0700] {processor.py:183} INFO - Processing /home/acer/.local/share/virtualenvs/custom_airflow-E5ZHcY_K/lib/python3.12/site-packages/airflow/example_dags/example_xcomargs.py took 0.073 seconds
[2024-07-06T22:06:02.850+0700] {processor.py:161} INFO - Started process (PID=17853) to work on /home/acer/.local/share/virtualenvs/custom_airflow-E5ZHcY_K/lib/python3.12/site-packages/airflow/example_dags/example_xcomargs.py
[2024-07-06T22:06:02.852+0700] {processor.py:830} INFO - Processing file /home/acer/.local/share/virtualenvs/custom_airflow-E5ZHcY_K/lib/python3.12/site-packages/airflow/example_dags/example_xcomargs.py for tasks to queue
[2024-07-06T22:06:02.854+0700] {logging_mixin.py:188} INFO - [2024-07-06T22:06:02.853+0700] {dagbag.py:545} INFO - Filling up the DagBag from /home/acer/.local/share/virtualenvs/custom_airflow-E5ZHcY_K/lib/python3.12/site-packages/airflow/example_dags/example_xcomargs.py
[2024-07-06T22:06:02.864+0700] {processor.py:840} INFO - DAG(s) 'example_xcom_args', 'example_xcom_args_with_operators' retrieved from /home/acer/.local/share/virtualenvs/custom_airflow-E5ZHcY_K/lib/python3.12/site-packages/airflow/example_dags/example_xcomargs.py
[2024-07-06T22:06:02.883+0700] {logging_mixin.py:188} INFO - [2024-07-06T22:06:02.883+0700] {dag.py:3096} INFO - Sync 2 DAGs
[2024-07-06T22:06:02.895+0700] {logging_mixin.py:188} INFO - [2024-07-06T22:06:02.895+0700] {dag.py:3954} INFO - Setting next_dagrun for example_xcom_args to None, run_after=None
[2024-07-06T22:06:02.899+0700] {logging_mixin.py:188} INFO - [2024-07-06T22:06:02.899+0700] {dag.py:3954} INFO - Setting next_dagrun for example_xcom_args_with_operators to None, run_after=None
[2024-07-06T22:06:02.917+0700] {processor.py:183} INFO - Processing /home/acer/.local/share/virtualenvs/custom_airflow-E5ZHcY_K/lib/python3.12/site-packages/airflow/example_dags/example_xcomargs.py took 0.076 seconds
[2024-07-06T22:06:51.338+0700] {processor.py:161} INFO - Started process (PID=18259) to work on /home/acer/.local/share/virtualenvs/custom_airflow-E5ZHcY_K/lib/python3.12/site-packages/airflow/example_dags/example_xcomargs.py
[2024-07-06T22:06:51.339+0700] {processor.py:830} INFO - Processing file /home/acer/.local/share/virtualenvs/custom_airflow-E5ZHcY_K/lib/python3.12/site-packages/airflow/example_dags/example_xcomargs.py for tasks to queue
[2024-07-06T22:06:51.342+0700] {logging_mixin.py:188} INFO - [2024-07-06T22:06:51.341+0700] {dagbag.py:545} INFO - Filling up the DagBag from /home/acer/.local/share/virtualenvs/custom_airflow-E5ZHcY_K/lib/python3.12/site-packages/airflow/example_dags/example_xcomargs.py
[2024-07-06T22:06:51.358+0700] {processor.py:840} INFO - DAG(s) 'example_xcom_args_with_operators', 'example_xcom_args' retrieved from /home/acer/.local/share/virtualenvs/custom_airflow-E5ZHcY_K/lib/python3.12/site-packages/airflow/example_dags/example_xcomargs.py
[2024-07-06T22:06:51.389+0700] {logging_mixin.py:188} INFO - [2024-07-06T22:06:51.389+0700] {dag.py:3096} INFO - Sync 2 DAGs
[2024-07-06T22:06:51.418+0700] {logging_mixin.py:188} INFO - [2024-07-06T22:06:51.418+0700] {dag.py:3954} INFO - Setting next_dagrun for example_xcom_args to None, run_after=None
[2024-07-06T22:06:51.425+0700] {logging_mixin.py:188} INFO - [2024-07-06T22:06:51.425+0700] {dag.py:3954} INFO - Setting next_dagrun for example_xcom_args_with_operators to None, run_after=None
[2024-07-06T22:06:51.460+0700] {processor.py:183} INFO - Processing /home/acer/.local/share/virtualenvs/custom_airflow-E5ZHcY_K/lib/python3.12/site-packages/airflow/example_dags/example_xcomargs.py took 0.132 seconds
[2024-07-06T22:07:45.359+0700] {processor.py:161} INFO - Started process (PID=18646) to work on /home/acer/.local/share/virtualenvs/custom_airflow-E5ZHcY_K/lib/python3.12/site-packages/airflow/example_dags/example_xcomargs.py
[2024-07-06T22:07:45.361+0700] {processor.py:830} INFO - Processing file /home/acer/.local/share/virtualenvs/custom_airflow-E5ZHcY_K/lib/python3.12/site-packages/airflow/example_dags/example_xcomargs.py for tasks to queue
[2024-07-06T22:07:45.363+0700] {logging_mixin.py:188} INFO - [2024-07-06T22:07:45.363+0700] {dagbag.py:545} INFO - Filling up the DagBag from /home/acer/.local/share/virtualenvs/custom_airflow-E5ZHcY_K/lib/python3.12/site-packages/airflow/example_dags/example_xcomargs.py
[2024-07-06T22:07:45.376+0700] {processor.py:840} INFO - DAG(s) 'example_xcom_args', 'example_xcom_args_with_operators' retrieved from /home/acer/.local/share/virtualenvs/custom_airflow-E5ZHcY_K/lib/python3.12/site-packages/airflow/example_dags/example_xcomargs.py
[2024-07-06T22:07:45.409+0700] {logging_mixin.py:188} INFO - [2024-07-06T22:07:45.409+0700] {dag.py:3096} INFO - Sync 2 DAGs
[2024-07-06T22:07:45.431+0700] {logging_mixin.py:188} INFO - [2024-07-06T22:07:45.430+0700] {dag.py:3954} INFO - Setting next_dagrun for example_xcom_args to None, run_after=None
[2024-07-06T22:07:45.436+0700] {logging_mixin.py:188} INFO - [2024-07-06T22:07:45.436+0700] {dag.py:3954} INFO - Setting next_dagrun for example_xcom_args_with_operators to None, run_after=None
[2024-07-06T22:07:45.465+0700] {processor.py:183} INFO - Processing /home/acer/.local/share/virtualenvs/custom_airflow-E5ZHcY_K/lib/python3.12/site-packages/airflow/example_dags/example_xcomargs.py took 0.116 seconds
[2024-07-06T22:08:41.720+0700] {processor.py:161} INFO - Started process (PID=18944) to work on /home/acer/.local/share/virtualenvs/custom_airflow-E5ZHcY_K/lib/python3.12/site-packages/airflow/example_dags/example_xcomargs.py
[2024-07-06T22:08:41.721+0700] {processor.py:830} INFO - Processing file /home/acer/.local/share/virtualenvs/custom_airflow-E5ZHcY_K/lib/python3.12/site-packages/airflow/example_dags/example_xcomargs.py for tasks to queue
[2024-07-06T22:08:41.723+0700] {logging_mixin.py:188} INFO - [2024-07-06T22:08:41.723+0700] {dagbag.py:545} INFO - Filling up the DagBag from /home/acer/.local/share/virtualenvs/custom_airflow-E5ZHcY_K/lib/python3.12/site-packages/airflow/example_dags/example_xcomargs.py
[2024-07-06T22:08:41.737+0700] {processor.py:840} INFO - DAG(s) 'example_xcom_args', 'example_xcom_args_with_operators' retrieved from /home/acer/.local/share/virtualenvs/custom_airflow-E5ZHcY_K/lib/python3.12/site-packages/airflow/example_dags/example_xcomargs.py
[2024-07-06T22:08:41.760+0700] {logging_mixin.py:188} INFO - [2024-07-06T22:08:41.759+0700] {dag.py:3096} INFO - Sync 2 DAGs
[2024-07-06T22:08:41.775+0700] {logging_mixin.py:188} INFO - [2024-07-06T22:08:41.775+0700] {dag.py:3954} INFO - Setting next_dagrun for example_xcom_args to None, run_after=None
[2024-07-06T22:08:41.781+0700] {logging_mixin.py:188} INFO - [2024-07-06T22:08:41.781+0700] {dag.py:3954} INFO - Setting next_dagrun for example_xcom_args_with_operators to None, run_after=None
[2024-07-06T22:08:41.807+0700] {processor.py:183} INFO - Processing /home/acer/.local/share/virtualenvs/custom_airflow-E5ZHcY_K/lib/python3.12/site-packages/airflow/example_dags/example_xcomargs.py took 0.098 seconds
[2024-07-06T22:09:36.330+0700] {processor.py:161} INFO - Started process (PID=19250) to work on /home/acer/.local/share/virtualenvs/custom_airflow-E5ZHcY_K/lib/python3.12/site-packages/airflow/example_dags/example_xcomargs.py
[2024-07-06T22:09:36.343+0700] {processor.py:830} INFO - Processing file /home/acer/.local/share/virtualenvs/custom_airflow-E5ZHcY_K/lib/python3.12/site-packages/airflow/example_dags/example_xcomargs.py for tasks to queue
[2024-07-06T22:09:36.348+0700] {logging_mixin.py:188} INFO - [2024-07-06T22:09:36.345+0700] {dagbag.py:545} INFO - Filling up the DagBag from /home/acer/.local/share/virtualenvs/custom_airflow-E5ZHcY_K/lib/python3.12/site-packages/airflow/example_dags/example_xcomargs.py
[2024-07-06T22:09:36.366+0700] {processor.py:840} INFO - DAG(s) 'example_xcom_args_with_operators', 'example_xcom_args' retrieved from /home/acer/.local/share/virtualenvs/custom_airflow-E5ZHcY_K/lib/python3.12/site-packages/airflow/example_dags/example_xcomargs.py
[2024-07-06T22:09:36.417+0700] {logging_mixin.py:188} INFO - [2024-07-06T22:09:36.417+0700] {dag.py:3096} INFO - Sync 2 DAGs
[2024-07-06T22:09:36.450+0700] {logging_mixin.py:188} INFO - [2024-07-06T22:09:36.450+0700] {dag.py:3954} INFO - Setting next_dagrun for example_xcom_args to None, run_after=None
[2024-07-06T22:09:36.460+0700] {logging_mixin.py:188} INFO - [2024-07-06T22:09:36.458+0700] {dag.py:3954} INFO - Setting next_dagrun for example_xcom_args_with_operators to None, run_after=None
[2024-07-06T22:09:36.524+0700] {processor.py:183} INFO - Processing /home/acer/.local/share/virtualenvs/custom_airflow-E5ZHcY_K/lib/python3.12/site-packages/airflow/example_dags/example_xcomargs.py took 0.203 seconds
[2024-07-06T22:10:40.857+0700] {processor.py:161} INFO - Started process (PID=19645) to work on /home/acer/.local/share/virtualenvs/custom_airflow-E5ZHcY_K/lib/python3.12/site-packages/airflow/example_dags/example_xcomargs.py
[2024-07-06T22:10:40.858+0700] {processor.py:830} INFO - Processing file /home/acer/.local/share/virtualenvs/custom_airflow-E5ZHcY_K/lib/python3.12/site-packages/airflow/example_dags/example_xcomargs.py for tasks to queue
[2024-07-06T22:10:40.860+0700] {logging_mixin.py:188} INFO - [2024-07-06T22:10:40.860+0700] {dagbag.py:545} INFO - Filling up the DagBag from /home/acer/.local/share/virtualenvs/custom_airflow-E5ZHcY_K/lib/python3.12/site-packages/airflow/example_dags/example_xcomargs.py
[2024-07-06T22:10:40.871+0700] {processor.py:840} INFO - DAG(s) 'example_xcom_args_with_operators', 'example_xcom_args' retrieved from /home/acer/.local/share/virtualenvs/custom_airflow-E5ZHcY_K/lib/python3.12/site-packages/airflow/example_dags/example_xcomargs.py
[2024-07-06T22:10:40.892+0700] {logging_mixin.py:188} INFO - [2024-07-06T22:10:40.891+0700] {dag.py:3096} INFO - Sync 2 DAGs
[2024-07-06T22:10:40.907+0700] {logging_mixin.py:188} INFO - [2024-07-06T22:10:40.907+0700] {dag.py:3954} INFO - Setting next_dagrun for example_xcom_args to None, run_after=None
[2024-07-06T22:10:40.911+0700] {logging_mixin.py:188} INFO - [2024-07-06T22:10:40.910+0700] {dag.py:3954} INFO - Setting next_dagrun for example_xcom_args_with_operators to None, run_after=None
[2024-07-06T22:10:40.930+0700] {processor.py:183} INFO - Processing /home/acer/.local/share/virtualenvs/custom_airflow-E5ZHcY_K/lib/python3.12/site-packages/airflow/example_dags/example_xcomargs.py took 0.081 seconds
[2024-07-06T22:11:43.636+0700] {processor.py:161} INFO - Started process (PID=19957) to work on /home/acer/.local/share/virtualenvs/custom_airflow-E5ZHcY_K/lib/python3.12/site-packages/airflow/example_dags/example_xcomargs.py
[2024-07-06T22:11:43.637+0700] {processor.py:830} INFO - Processing file /home/acer/.local/share/virtualenvs/custom_airflow-E5ZHcY_K/lib/python3.12/site-packages/airflow/example_dags/example_xcomargs.py for tasks to queue
[2024-07-06T22:11:43.640+0700] {logging_mixin.py:188} INFO - [2024-07-06T22:11:43.639+0700] {dagbag.py:545} INFO - Filling up the DagBag from /home/acer/.local/share/virtualenvs/custom_airflow-E5ZHcY_K/lib/python3.12/site-packages/airflow/example_dags/example_xcomargs.py
[2024-07-06T22:11:43.652+0700] {processor.py:840} INFO - DAG(s) 'example_xcom_args', 'example_xcom_args_with_operators' retrieved from /home/acer/.local/share/virtualenvs/custom_airflow-E5ZHcY_K/lib/python3.12/site-packages/airflow/example_dags/example_xcomargs.py
[2024-07-06T22:11:43.679+0700] {logging_mixin.py:188} INFO - [2024-07-06T22:11:43.679+0700] {dag.py:3096} INFO - Sync 2 DAGs
[2024-07-06T22:11:43.699+0700] {logging_mixin.py:188} INFO - [2024-07-06T22:11:43.699+0700] {dag.py:3954} INFO - Setting next_dagrun for example_xcom_args to None, run_after=None
[2024-07-06T22:11:43.703+0700] {logging_mixin.py:188} INFO - [2024-07-06T22:11:43.703+0700] {dag.py:3954} INFO - Setting next_dagrun for example_xcom_args_with_operators to None, run_after=None
[2024-07-06T22:11:43.733+0700] {processor.py:183} INFO - Processing /home/acer/.local/share/virtualenvs/custom_airflow-E5ZHcY_K/lib/python3.12/site-packages/airflow/example_dags/example_xcomargs.py took 0.104 seconds
[2024-07-06T22:12:43.318+0700] {processor.py:161} INFO - Started process (PID=20269) to work on /home/acer/.local/share/virtualenvs/custom_airflow-E5ZHcY_K/lib/python3.12/site-packages/airflow/example_dags/example_xcomargs.py
[2024-07-06T22:12:43.321+0700] {processor.py:830} INFO - Processing file /home/acer/.local/share/virtualenvs/custom_airflow-E5ZHcY_K/lib/python3.12/site-packages/airflow/example_dags/example_xcomargs.py for tasks to queue
[2024-07-06T22:12:43.329+0700] {logging_mixin.py:188} INFO - [2024-07-06T22:12:43.327+0700] {dagbag.py:545} INFO - Filling up the DagBag from /home/acer/.local/share/virtualenvs/custom_airflow-E5ZHcY_K/lib/python3.12/site-packages/airflow/example_dags/example_xcomargs.py
[2024-07-06T22:12:43.356+0700] {processor.py:840} INFO - DAG(s) 'example_xcom_args_with_operators', 'example_xcom_args' retrieved from /home/acer/.local/share/virtualenvs/custom_airflow-E5ZHcY_K/lib/python3.12/site-packages/airflow/example_dags/example_xcomargs.py
[2024-07-06T22:12:43.395+0700] {logging_mixin.py:188} INFO - [2024-07-06T22:12:43.395+0700] {dag.py:3096} INFO - Sync 2 DAGs
[2024-07-06T22:12:43.412+0700] {logging_mixin.py:188} INFO - [2024-07-06T22:12:43.411+0700] {dag.py:3954} INFO - Setting next_dagrun for example_xcom_args to None, run_after=None
[2024-07-06T22:12:43.416+0700] {logging_mixin.py:188} INFO - [2024-07-06T22:12:43.416+0700] {dag.py:3954} INFO - Setting next_dagrun for example_xcom_args_with_operators to None, run_after=None
[2024-07-06T22:12:43.443+0700] {processor.py:183} INFO - Processing /home/acer/.local/share/virtualenvs/custom_airflow-E5ZHcY_K/lib/python3.12/site-packages/airflow/example_dags/example_xcomargs.py took 0.147 seconds
[2024-07-06T22:13:42.082+0700] {processor.py:161} INFO - Started process (PID=20643) to work on /home/acer/.local/share/virtualenvs/custom_airflow-E5ZHcY_K/lib/python3.12/site-packages/airflow/example_dags/example_xcomargs.py
[2024-07-06T22:13:42.084+0700] {processor.py:830} INFO - Processing file /home/acer/.local/share/virtualenvs/custom_airflow-E5ZHcY_K/lib/python3.12/site-packages/airflow/example_dags/example_xcomargs.py for tasks to queue
[2024-07-06T22:13:42.088+0700] {logging_mixin.py:188} INFO - [2024-07-06T22:13:42.087+0700] {dagbag.py:545} INFO - Filling up the DagBag from /home/acer/.local/share/virtualenvs/custom_airflow-E5ZHcY_K/lib/python3.12/site-packages/airflow/example_dags/example_xcomargs.py
[2024-07-06T22:13:42.103+0700] {processor.py:840} INFO - DAG(s) 'example_xcom_args_with_operators', 'example_xcom_args' retrieved from /home/acer/.local/share/virtualenvs/custom_airflow-E5ZHcY_K/lib/python3.12/site-packages/airflow/example_dags/example_xcomargs.py
[2024-07-06T22:13:42.126+0700] {logging_mixin.py:188} INFO - [2024-07-06T22:13:42.126+0700] {dag.py:3096} INFO - Sync 2 DAGs
[2024-07-06T22:13:42.143+0700] {logging_mixin.py:188} INFO - [2024-07-06T22:13:42.143+0700] {dag.py:3954} INFO - Setting next_dagrun for example_xcom_args to None, run_after=None
[2024-07-06T22:13:42.149+0700] {logging_mixin.py:188} INFO - [2024-07-06T22:13:42.148+0700] {dag.py:3954} INFO - Setting next_dagrun for example_xcom_args_with_operators to None, run_after=None
[2024-07-06T22:13:42.176+0700] {processor.py:183} INFO - Processing /home/acer/.local/share/virtualenvs/custom_airflow-E5ZHcY_K/lib/python3.12/site-packages/airflow/example_dags/example_xcomargs.py took 0.105 seconds
[2024-07-06T22:14:41.806+0700] {processor.py:161} INFO - Started process (PID=20980) to work on /home/acer/.local/share/virtualenvs/custom_airflow-E5ZHcY_K/lib/python3.12/site-packages/airflow/example_dags/example_xcomargs.py
[2024-07-06T22:14:41.811+0700] {processor.py:830} INFO - Processing file /home/acer/.local/share/virtualenvs/custom_airflow-E5ZHcY_K/lib/python3.12/site-packages/airflow/example_dags/example_xcomargs.py for tasks to queue
[2024-07-06T22:14:41.817+0700] {logging_mixin.py:188} INFO - [2024-07-06T22:14:41.815+0700] {dagbag.py:545} INFO - Filling up the DagBag from /home/acer/.local/share/virtualenvs/custom_airflow-E5ZHcY_K/lib/python3.12/site-packages/airflow/example_dags/example_xcomargs.py
[2024-07-06T22:14:41.852+0700] {processor.py:840} INFO - DAG(s) 'example_xcom_args', 'example_xcom_args_with_operators' retrieved from /home/acer/.local/share/virtualenvs/custom_airflow-E5ZHcY_K/lib/python3.12/site-packages/airflow/example_dags/example_xcomargs.py
[2024-07-06T22:14:41.898+0700] {logging_mixin.py:188} INFO - [2024-07-06T22:14:41.898+0700] {dag.py:3096} INFO - Sync 2 DAGs
[2024-07-06T22:14:41.916+0700] {logging_mixin.py:188} INFO - [2024-07-06T22:14:41.916+0700] {dag.py:3954} INFO - Setting next_dagrun for example_xcom_args to None, run_after=None
[2024-07-06T22:14:41.921+0700] {logging_mixin.py:188} INFO - [2024-07-06T22:14:41.920+0700] {dag.py:3954} INFO - Setting next_dagrun for example_xcom_args_with_operators to None, run_after=None
[2024-07-06T22:14:41.949+0700] {processor.py:183} INFO - Processing /home/acer/.local/share/virtualenvs/custom_airflow-E5ZHcY_K/lib/python3.12/site-packages/airflow/example_dags/example_xcomargs.py took 0.155 seconds
[2024-07-06T22:15:46.911+0700] {processor.py:161} INFO - Started process (PID=21381) to work on /home/acer/.local/share/virtualenvs/custom_airflow-E5ZHcY_K/lib/python3.12/site-packages/airflow/example_dags/example_xcomargs.py
[2024-07-06T22:15:46.913+0700] {processor.py:830} INFO - Processing file /home/acer/.local/share/virtualenvs/custom_airflow-E5ZHcY_K/lib/python3.12/site-packages/airflow/example_dags/example_xcomargs.py for tasks to queue
[2024-07-06T22:15:46.919+0700] {logging_mixin.py:188} INFO - [2024-07-06T22:15:46.917+0700] {dagbag.py:545} INFO - Filling up the DagBag from /home/acer/.local/share/virtualenvs/custom_airflow-E5ZHcY_K/lib/python3.12/site-packages/airflow/example_dags/example_xcomargs.py
[2024-07-06T22:15:46.934+0700] {processor.py:840} INFO - DAG(s) 'example_xcom_args', 'example_xcom_args_with_operators' retrieved from /home/acer/.local/share/virtualenvs/custom_airflow-E5ZHcY_K/lib/python3.12/site-packages/airflow/example_dags/example_xcomargs.py
[2024-07-06T22:15:46.975+0700] {logging_mixin.py:188} INFO - [2024-07-06T22:15:46.975+0700] {dag.py:3096} INFO - Sync 2 DAGs
[2024-07-06T22:15:46.996+0700] {logging_mixin.py:188} INFO - [2024-07-06T22:15:46.996+0700] {dag.py:3954} INFO - Setting next_dagrun for example_xcom_args to None, run_after=None
[2024-07-06T22:15:47.003+0700] {logging_mixin.py:188} INFO - [2024-07-06T22:15:47.003+0700] {dag.py:3954} INFO - Setting next_dagrun for example_xcom_args_with_operators to None, run_after=None
[2024-07-06T22:15:47.033+0700] {processor.py:183} INFO - Processing /home/acer/.local/share/virtualenvs/custom_airflow-E5ZHcY_K/lib/python3.12/site-packages/airflow/example_dags/example_xcomargs.py took 0.149 seconds
[2024-07-06T22:16:43.098+0700] {processor.py:161} INFO - Started process (PID=21667) to work on /home/acer/.local/share/virtualenvs/custom_airflow-E5ZHcY_K/lib/python3.12/site-packages/airflow/example_dags/example_xcomargs.py
[2024-07-06T22:16:43.099+0700] {processor.py:830} INFO - Processing file /home/acer/.local/share/virtualenvs/custom_airflow-E5ZHcY_K/lib/python3.12/site-packages/airflow/example_dags/example_xcomargs.py for tasks to queue
[2024-07-06T22:16:43.101+0700] {logging_mixin.py:188} INFO - [2024-07-06T22:16:43.101+0700] {dagbag.py:545} INFO - Filling up the DagBag from /home/acer/.local/share/virtualenvs/custom_airflow-E5ZHcY_K/lib/python3.12/site-packages/airflow/example_dags/example_xcomargs.py
[2024-07-06T22:16:43.113+0700] {processor.py:840} INFO - DAG(s) 'example_xcom_args_with_operators', 'example_xcom_args' retrieved from /home/acer/.local/share/virtualenvs/custom_airflow-E5ZHcY_K/lib/python3.12/site-packages/airflow/example_dags/example_xcomargs.py
[2024-07-06T22:16:43.136+0700] {logging_mixin.py:188} INFO - [2024-07-06T22:16:43.136+0700] {dag.py:3096} INFO - Sync 2 DAGs
[2024-07-06T22:16:43.152+0700] {logging_mixin.py:188} INFO - [2024-07-06T22:16:43.152+0700] {dag.py:3954} INFO - Setting next_dagrun for example_xcom_args to None, run_after=None
[2024-07-06T22:16:43.156+0700] {logging_mixin.py:188} INFO - [2024-07-06T22:16:43.156+0700] {dag.py:3954} INFO - Setting next_dagrun for example_xcom_args_with_operators to None, run_after=None
[2024-07-06T22:16:43.183+0700] {processor.py:183} INFO - Processing /home/acer/.local/share/virtualenvs/custom_airflow-E5ZHcY_K/lib/python3.12/site-packages/airflow/example_dags/example_xcomargs.py took 0.093 seconds
[2024-07-06T22:17:36.737+0700] {processor.py:161} INFO - Started process (PID=21968) to work on /home/acer/.local/share/virtualenvs/custom_airflow-E5ZHcY_K/lib/python3.12/site-packages/airflow/example_dags/example_xcomargs.py
[2024-07-06T22:17:36.739+0700] {processor.py:830} INFO - Processing file /home/acer/.local/share/virtualenvs/custom_airflow-E5ZHcY_K/lib/python3.12/site-packages/airflow/example_dags/example_xcomargs.py for tasks to queue
[2024-07-06T22:17:36.741+0700] {logging_mixin.py:188} INFO - [2024-07-06T22:17:36.740+0700] {dagbag.py:545} INFO - Filling up the DagBag from /home/acer/.local/share/virtualenvs/custom_airflow-E5ZHcY_K/lib/python3.12/site-packages/airflow/example_dags/example_xcomargs.py
[2024-07-06T22:17:36.750+0700] {processor.py:840} INFO - DAG(s) 'example_xcom_args', 'example_xcom_args_with_operators' retrieved from /home/acer/.local/share/virtualenvs/custom_airflow-E5ZHcY_K/lib/python3.12/site-packages/airflow/example_dags/example_xcomargs.py
[2024-07-06T22:17:36.778+0700] {logging_mixin.py:188} INFO - [2024-07-06T22:17:36.778+0700] {dag.py:3096} INFO - Sync 2 DAGs
[2024-07-06T22:17:36.793+0700] {logging_mixin.py:188} INFO - [2024-07-06T22:17:36.793+0700] {dag.py:3954} INFO - Setting next_dagrun for example_xcom_args to None, run_after=None
[2024-07-06T22:17:36.798+0700] {logging_mixin.py:188} INFO - [2024-07-06T22:17:36.797+0700] {dag.py:3954} INFO - Setting next_dagrun for example_xcom_args_with_operators to None, run_after=None
[2024-07-06T22:17:36.832+0700] {processor.py:183} INFO - Processing /home/acer/.local/share/virtualenvs/custom_airflow-E5ZHcY_K/lib/python3.12/site-packages/airflow/example_dags/example_xcomargs.py took 0.103 seconds
[2024-07-06T22:18:41.592+0700] {processor.py:161} INFO - Started process (PID=22310) to work on /home/acer/.local/share/virtualenvs/custom_airflow-E5ZHcY_K/lib/python3.12/site-packages/airflow/example_dags/example_xcomargs.py
[2024-07-06T22:18:41.593+0700] {processor.py:830} INFO - Processing file /home/acer/.local/share/virtualenvs/custom_airflow-E5ZHcY_K/lib/python3.12/site-packages/airflow/example_dags/example_xcomargs.py for tasks to queue
[2024-07-06T22:18:41.596+0700] {logging_mixin.py:188} INFO - [2024-07-06T22:18:41.596+0700] {dagbag.py:545} INFO - Filling up the DagBag from /home/acer/.local/share/virtualenvs/custom_airflow-E5ZHcY_K/lib/python3.12/site-packages/airflow/example_dags/example_xcomargs.py
[2024-07-06T22:18:41.607+0700] {processor.py:840} INFO - DAG(s) 'example_xcom_args_with_operators', 'example_xcom_args' retrieved from /home/acer/.local/share/virtualenvs/custom_airflow-E5ZHcY_K/lib/python3.12/site-packages/airflow/example_dags/example_xcomargs.py
[2024-07-06T22:18:41.633+0700] {logging_mixin.py:188} INFO - [2024-07-06T22:18:41.633+0700] {dag.py:3096} INFO - Sync 2 DAGs
[2024-07-06T22:18:41.655+0700] {logging_mixin.py:188} INFO - [2024-07-06T22:18:41.655+0700] {dag.py:3954} INFO - Setting next_dagrun for example_xcom_args to None, run_after=None
[2024-07-06T22:18:41.663+0700] {logging_mixin.py:188} INFO - [2024-07-06T22:18:41.663+0700] {dag.py:3954} INFO - Setting next_dagrun for example_xcom_args_with_operators to None, run_after=None
[2024-07-06T22:18:41.688+0700] {processor.py:183} INFO - Processing /home/acer/.local/share/virtualenvs/custom_airflow-E5ZHcY_K/lib/python3.12/site-packages/airflow/example_dags/example_xcomargs.py took 0.103 seconds
[2024-07-06T22:19:41.714+0700] {processor.py:161} INFO - Started process (PID=22638) to work on /home/acer/.local/share/virtualenvs/custom_airflow-E5ZHcY_K/lib/python3.12/site-packages/airflow/example_dags/example_xcomargs.py
[2024-07-06T22:19:41.716+0700] {processor.py:830} INFO - Processing file /home/acer/.local/share/virtualenvs/custom_airflow-E5ZHcY_K/lib/python3.12/site-packages/airflow/example_dags/example_xcomargs.py for tasks to queue
[2024-07-06T22:19:41.719+0700] {logging_mixin.py:188} INFO - [2024-07-06T22:19:41.718+0700] {dagbag.py:545} INFO - Filling up the DagBag from /home/acer/.local/share/virtualenvs/custom_airflow-E5ZHcY_K/lib/python3.12/site-packages/airflow/example_dags/example_xcomargs.py
[2024-07-06T22:19:41.732+0700] {processor.py:840} INFO - DAG(s) 'example_xcom_args', 'example_xcom_args_with_operators' retrieved from /home/acer/.local/share/virtualenvs/custom_airflow-E5ZHcY_K/lib/python3.12/site-packages/airflow/example_dags/example_xcomargs.py
[2024-07-06T22:19:41.767+0700] {logging_mixin.py:188} INFO - [2024-07-06T22:19:41.766+0700] {dag.py:3096} INFO - Sync 2 DAGs
[2024-07-06T22:19:41.792+0700] {logging_mixin.py:188} INFO - [2024-07-06T22:19:41.792+0700] {dag.py:3954} INFO - Setting next_dagrun for example_xcom_args to None, run_after=None
[2024-07-06T22:19:41.799+0700] {logging_mixin.py:188} INFO - [2024-07-06T22:19:41.799+0700] {dag.py:3954} INFO - Setting next_dagrun for example_xcom_args_with_operators to None, run_after=None
[2024-07-06T22:19:41.827+0700] {processor.py:183} INFO - Processing /home/acer/.local/share/virtualenvs/custom_airflow-E5ZHcY_K/lib/python3.12/site-packages/airflow/example_dags/example_xcomargs.py took 0.120 seconds
[2024-07-06T22:20:42.744+0700] {processor.py:161} INFO - Started process (PID=22939) to work on /home/acer/.local/share/virtualenvs/custom_airflow-E5ZHcY_K/lib/python3.12/site-packages/airflow/example_dags/example_xcomargs.py
[2024-07-06T22:20:42.746+0700] {processor.py:830} INFO - Processing file /home/acer/.local/share/virtualenvs/custom_airflow-E5ZHcY_K/lib/python3.12/site-packages/airflow/example_dags/example_xcomargs.py for tasks to queue
[2024-07-06T22:20:42.750+0700] {logging_mixin.py:188} INFO - [2024-07-06T22:20:42.749+0700] {dagbag.py:545} INFO - Filling up the DagBag from /home/acer/.local/share/virtualenvs/custom_airflow-E5ZHcY_K/lib/python3.12/site-packages/airflow/example_dags/example_xcomargs.py
[2024-07-06T22:20:42.768+0700] {processor.py:840} INFO - DAG(s) 'example_xcom_args_with_operators', 'example_xcom_args' retrieved from /home/acer/.local/share/virtualenvs/custom_airflow-E5ZHcY_K/lib/python3.12/site-packages/airflow/example_dags/example_xcomargs.py
[2024-07-06T22:20:42.806+0700] {logging_mixin.py:188} INFO - [2024-07-06T22:20:42.806+0700] {dag.py:3096} INFO - Sync 2 DAGs
[2024-07-06T22:20:42.926+0700] {logging_mixin.py:188} INFO - [2024-07-06T22:20:42.925+0700] {dag.py:3954} INFO - Setting next_dagrun for example_xcom_args to None, run_after=None
[2024-07-06T22:20:42.932+0700] {logging_mixin.py:188} INFO - [2024-07-06T22:20:42.932+0700] {dag.py:3954} INFO - Setting next_dagrun for example_xcom_args_with_operators to None, run_after=None
[2024-07-06T22:20:42.998+0700] {processor.py:183} INFO - Processing /home/acer/.local/share/virtualenvs/custom_airflow-E5ZHcY_K/lib/python3.12/site-packages/airflow/example_dags/example_xcomargs.py took 0.261 seconds
