[2024-07-06T16:09:01.389+0700] {processor.py:161} INFO - Started process (PID=51185) to work on /home/acer/.local/share/virtualenvs/custom_airflow-E5ZHcY_K/lib/python3.12/site-packages/airflow/example_dags/example_setup_teardown.py
[2024-07-06T16:09:01.390+0700] {processor.py:830} INFO - Processing file /home/acer/.local/share/virtualenvs/custom_airflow-E5ZHcY_K/lib/python3.12/site-packages/airflow/example_dags/example_setup_teardown.py for tasks to queue
[2024-07-06T16:09:01.393+0700] {logging_mixin.py:188} INFO - [2024-07-06T16:09:01.392+0700] {dagbag.py:545} INFO - Filling up the DagBag from /home/acer/.local/share/virtualenvs/custom_airflow-E5ZHcY_K/lib/python3.12/site-packages/airflow/example_dags/example_setup_teardown.py
[2024-07-06T16:09:01.405+0700] {processor.py:840} INFO - DAG(s) 'example_setup_teardown' retrieved from /home/acer/.local/share/virtualenvs/custom_airflow-E5ZHcY_K/lib/python3.12/site-packages/airflow/example_dags/example_setup_teardown.py
[2024-07-06T16:09:01.539+0700] {logging_mixin.py:188} INFO - [2024-07-06T16:09:01.538+0700] {override.py:1847} INFO - Created Permission View: can delete on DAG:example_setup_teardown
[2024-07-06T16:09:01.553+0700] {logging_mixin.py:188} INFO - [2024-07-06T16:09:01.552+0700] {override.py:1847} INFO - Created Permission View: can edit on DAG:example_setup_teardown
[2024-07-06T16:09:01.561+0700] {logging_mixin.py:188} INFO - [2024-07-06T16:09:01.560+0700] {override.py:1847} INFO - Created Permission View: can read on DAG:example_setup_teardown
[2024-07-06T16:09:01.561+0700] {logging_mixin.py:188} INFO - [2024-07-06T16:09:01.561+0700] {dag.py:3096} INFO - Sync 1 DAGs
[2024-07-06T16:09:01.573+0700] {logging_mixin.py:188} INFO - [2024-07-06T16:09:01.573+0700] {dag.py:3118} INFO - Creating ORM DAG for example_setup_teardown
[2024-07-06T16:09:01.587+0700] {logging_mixin.py:188} INFO - [2024-07-06T16:09:01.586+0700] {dag.py:3954} INFO - Setting next_dagrun for example_setup_teardown to 2024-07-05 00:00:00+00:00, run_after=2024-07-06 00:00:00+00:00
[2024-07-06T16:09:01.621+0700] {processor.py:183} INFO - Processing /home/acer/.local/share/virtualenvs/custom_airflow-E5ZHcY_K/lib/python3.12/site-packages/airflow/example_dags/example_setup_teardown.py took 0.243 seconds
[2024-07-06T16:10:00.814+0700] {processor.py:161} INFO - Started process (PID=51626) to work on /home/acer/.local/share/virtualenvs/custom_airflow-E5ZHcY_K/lib/python3.12/site-packages/airflow/example_dags/example_setup_teardown.py
[2024-07-06T16:10:00.815+0700] {processor.py:830} INFO - Processing file /home/acer/.local/share/virtualenvs/custom_airflow-E5ZHcY_K/lib/python3.12/site-packages/airflow/example_dags/example_setup_teardown.py for tasks to queue
[2024-07-06T16:10:00.818+0700] {logging_mixin.py:188} INFO - [2024-07-06T16:10:00.817+0700] {dagbag.py:545} INFO - Filling up the DagBag from /home/acer/.local/share/virtualenvs/custom_airflow-E5ZHcY_K/lib/python3.12/site-packages/airflow/example_dags/example_setup_teardown.py
[2024-07-06T16:10:00.828+0700] {processor.py:840} INFO - DAG(s) 'example_setup_teardown' retrieved from /home/acer/.local/share/virtualenvs/custom_airflow-E5ZHcY_K/lib/python3.12/site-packages/airflow/example_dags/example_setup_teardown.py
[2024-07-06T16:10:00.844+0700] {logging_mixin.py:188} INFO - [2024-07-06T16:10:00.844+0700] {dag.py:3096} INFO - Sync 1 DAGs
[2024-07-06T16:10:00.865+0700] {logging_mixin.py:188} INFO - [2024-07-06T16:10:00.865+0700] {dag.py:3954} INFO - Setting next_dagrun for example_setup_teardown to 2024-07-05 00:00:00+00:00, run_after=2024-07-06 00:00:00+00:00
[2024-07-06T16:10:00.896+0700] {processor.py:183} INFO - Processing /home/acer/.local/share/virtualenvs/custom_airflow-E5ZHcY_K/lib/python3.12/site-packages/airflow/example_dags/example_setup_teardown.py took 0.089 seconds
[2024-07-06T16:10:53.283+0700] {processor.py:161} INFO - Started process (PID=52221) to work on /home/acer/.local/share/virtualenvs/custom_airflow-E5ZHcY_K/lib/python3.12/site-packages/airflow/example_dags/example_setup_teardown.py
[2024-07-06T16:10:53.284+0700] {processor.py:830} INFO - Processing file /home/acer/.local/share/virtualenvs/custom_airflow-E5ZHcY_K/lib/python3.12/site-packages/airflow/example_dags/example_setup_teardown.py for tasks to queue
[2024-07-06T16:10:53.285+0700] {logging_mixin.py:188} INFO - [2024-07-06T16:10:53.285+0700] {dagbag.py:545} INFO - Filling up the DagBag from /home/acer/.local/share/virtualenvs/custom_airflow-E5ZHcY_K/lib/python3.12/site-packages/airflow/example_dags/example_setup_teardown.py
[2024-07-06T16:10:53.293+0700] {processor.py:840} INFO - DAG(s) 'example_setup_teardown' retrieved from /home/acer/.local/share/virtualenvs/custom_airflow-E5ZHcY_K/lib/python3.12/site-packages/airflow/example_dags/example_setup_teardown.py
[2024-07-06T16:10:53.312+0700] {logging_mixin.py:188} INFO - [2024-07-06T16:10:53.312+0700] {dag.py:3096} INFO - Sync 1 DAGs
[2024-07-06T16:10:53.334+0700] {logging_mixin.py:188} INFO - [2024-07-06T16:10:53.334+0700] {dag.py:3954} INFO - Setting next_dagrun for example_setup_teardown to 2024-07-05 00:00:00+00:00, run_after=2024-07-06 00:00:00+00:00
[2024-07-06T16:10:53.368+0700] {processor.py:183} INFO - Processing /home/acer/.local/share/virtualenvs/custom_airflow-E5ZHcY_K/lib/python3.12/site-packages/airflow/example_dags/example_setup_teardown.py took 0.093 seconds
[2024-07-06T16:11:48.240+0700] {processor.py:161} INFO - Started process (PID=52564) to work on /home/acer/.local/share/virtualenvs/custom_airflow-E5ZHcY_K/lib/python3.12/site-packages/airflow/example_dags/example_setup_teardown.py
[2024-07-06T16:11:48.241+0700] {processor.py:830} INFO - Processing file /home/acer/.local/share/virtualenvs/custom_airflow-E5ZHcY_K/lib/python3.12/site-packages/airflow/example_dags/example_setup_teardown.py for tasks to queue
[2024-07-06T16:11:48.243+0700] {logging_mixin.py:188} INFO - [2024-07-06T16:11:48.242+0700] {dagbag.py:545} INFO - Filling up the DagBag from /home/acer/.local/share/virtualenvs/custom_airflow-E5ZHcY_K/lib/python3.12/site-packages/airflow/example_dags/example_setup_teardown.py
[2024-07-06T16:11:48.251+0700] {processor.py:840} INFO - DAG(s) 'example_setup_teardown' retrieved from /home/acer/.local/share/virtualenvs/custom_airflow-E5ZHcY_K/lib/python3.12/site-packages/airflow/example_dags/example_setup_teardown.py
[2024-07-06T16:11:48.267+0700] {logging_mixin.py:188} INFO - [2024-07-06T16:11:48.267+0700] {dag.py:3096} INFO - Sync 1 DAGs
[2024-07-06T16:11:48.288+0700] {logging_mixin.py:188} INFO - [2024-07-06T16:11:48.288+0700] {dag.py:3954} INFO - Setting next_dagrun for example_setup_teardown to 2024-07-05 00:00:00+00:00, run_after=2024-07-06 00:00:00+00:00
[2024-07-06T16:11:48.318+0700] {processor.py:183} INFO - Processing /home/acer/.local/share/virtualenvs/custom_airflow-E5ZHcY_K/lib/python3.12/site-packages/airflow/example_dags/example_setup_teardown.py took 0.087 seconds
[2024-07-06T16:15:53.128+0700] {processor.py:161} INFO - Started process (PID=54805) to work on /home/acer/.local/share/virtualenvs/custom_airflow-E5ZHcY_K/lib/python3.12/site-packages/airflow/example_dags/example_setup_teardown.py
[2024-07-06T16:15:53.130+0700] {processor.py:830} INFO - Processing file /home/acer/.local/share/virtualenvs/custom_airflow-E5ZHcY_K/lib/python3.12/site-packages/airflow/example_dags/example_setup_teardown.py for tasks to queue
[2024-07-06T16:15:53.132+0700] {logging_mixin.py:188} INFO - [2024-07-06T16:15:53.132+0700] {dagbag.py:545} INFO - Filling up the DagBag from /home/acer/.local/share/virtualenvs/custom_airflow-E5ZHcY_K/lib/python3.12/site-packages/airflow/example_dags/example_setup_teardown.py
[2024-07-06T16:15:53.144+0700] {processor.py:840} INFO - DAG(s) 'example_setup_teardown' retrieved from /home/acer/.local/share/virtualenvs/custom_airflow-E5ZHcY_K/lib/python3.12/site-packages/airflow/example_dags/example_setup_teardown.py
[2024-07-06T16:15:53.273+0700] {logging_mixin.py:188} INFO - [2024-07-06T16:15:53.273+0700] {dag.py:3096} INFO - Sync 1 DAGs
[2024-07-06T16:15:53.293+0700] {logging_mixin.py:188} INFO - [2024-07-06T16:15:53.293+0700] {dag.py:3954} INFO - Setting next_dagrun for example_setup_teardown to 2024-07-05 00:00:00+00:00, run_after=2024-07-06 00:00:00+00:00
[2024-07-06T16:15:53.317+0700] {processor.py:183} INFO - Processing /home/acer/.local/share/virtualenvs/custom_airflow-E5ZHcY_K/lib/python3.12/site-packages/airflow/example_dags/example_setup_teardown.py took 0.201 seconds
[2024-07-06T16:16:50.835+0700] {processor.py:161} INFO - Started process (PID=55359) to work on /home/acer/.local/share/virtualenvs/custom_airflow-E5ZHcY_K/lib/python3.12/site-packages/airflow/example_dags/example_setup_teardown.py
[2024-07-06T16:16:50.836+0700] {processor.py:830} INFO - Processing file /home/acer/.local/share/virtualenvs/custom_airflow-E5ZHcY_K/lib/python3.12/site-packages/airflow/example_dags/example_setup_teardown.py for tasks to queue
[2024-07-06T16:16:50.837+0700] {logging_mixin.py:188} INFO - [2024-07-06T16:16:50.837+0700] {dagbag.py:545} INFO - Filling up the DagBag from /home/acer/.local/share/virtualenvs/custom_airflow-E5ZHcY_K/lib/python3.12/site-packages/airflow/example_dags/example_setup_teardown.py
[2024-07-06T16:16:50.844+0700] {processor.py:840} INFO - DAG(s) 'example_setup_teardown' retrieved from /home/acer/.local/share/virtualenvs/custom_airflow-E5ZHcY_K/lib/python3.12/site-packages/airflow/example_dags/example_setup_teardown.py
[2024-07-06T16:16:50.860+0700] {logging_mixin.py:188} INFO - [2024-07-06T16:16:50.860+0700] {dag.py:3096} INFO - Sync 1 DAGs
[2024-07-06T16:16:50.881+0700] {logging_mixin.py:188} INFO - [2024-07-06T16:16:50.880+0700] {dag.py:3954} INFO - Setting next_dagrun for example_setup_teardown to 2024-07-05 00:00:00+00:00, run_after=2024-07-06 00:00:00+00:00
[2024-07-06T16:16:50.902+0700] {processor.py:183} INFO - Processing /home/acer/.local/share/virtualenvs/custom_airflow-E5ZHcY_K/lib/python3.12/site-packages/airflow/example_dags/example_setup_teardown.py took 0.073 seconds
[2024-07-06T16:17:42.135+0700] {processor.py:161} INFO - Started process (PID=55774) to work on /home/acer/.local/share/virtualenvs/custom_airflow-E5ZHcY_K/lib/python3.12/site-packages/airflow/example_dags/example_setup_teardown.py
[2024-07-06T16:17:42.136+0700] {processor.py:830} INFO - Processing file /home/acer/.local/share/virtualenvs/custom_airflow-E5ZHcY_K/lib/python3.12/site-packages/airflow/example_dags/example_setup_teardown.py for tasks to queue
[2024-07-06T16:17:42.137+0700] {logging_mixin.py:188} INFO - [2024-07-06T16:17:42.137+0700] {dagbag.py:545} INFO - Filling up the DagBag from /home/acer/.local/share/virtualenvs/custom_airflow-E5ZHcY_K/lib/python3.12/site-packages/airflow/example_dags/example_setup_teardown.py
[2024-07-06T16:17:42.144+0700] {processor.py:840} INFO - DAG(s) 'example_setup_teardown' retrieved from /home/acer/.local/share/virtualenvs/custom_airflow-E5ZHcY_K/lib/python3.12/site-packages/airflow/example_dags/example_setup_teardown.py
[2024-07-06T16:17:42.160+0700] {logging_mixin.py:188} INFO - [2024-07-06T16:17:42.160+0700] {dag.py:3096} INFO - Sync 1 DAGs
[2024-07-06T16:17:42.183+0700] {logging_mixin.py:188} INFO - [2024-07-06T16:17:42.183+0700] {dag.py:3954} INFO - Setting next_dagrun for example_setup_teardown to 2024-07-05 00:00:00+00:00, run_after=2024-07-06 00:00:00+00:00
[2024-07-06T16:17:42.211+0700] {processor.py:183} INFO - Processing /home/acer/.local/share/virtualenvs/custom_airflow-E5ZHcY_K/lib/python3.12/site-packages/airflow/example_dags/example_setup_teardown.py took 0.081 seconds
[2024-07-06T16:18:36.428+0700] {processor.py:161} INFO - Started process (PID=56036) to work on /home/acer/.local/share/virtualenvs/custom_airflow-E5ZHcY_K/lib/python3.12/site-packages/airflow/example_dags/example_setup_teardown.py
[2024-07-06T16:18:36.430+0700] {processor.py:830} INFO - Processing file /home/acer/.local/share/virtualenvs/custom_airflow-E5ZHcY_K/lib/python3.12/site-packages/airflow/example_dags/example_setup_teardown.py for tasks to queue
[2024-07-06T16:18:36.433+0700] {logging_mixin.py:188} INFO - [2024-07-06T16:18:36.432+0700] {dagbag.py:545} INFO - Filling up the DagBag from /home/acer/.local/share/virtualenvs/custom_airflow-E5ZHcY_K/lib/python3.12/site-packages/airflow/example_dags/example_setup_teardown.py
[2024-07-06T16:18:36.445+0700] {processor.py:840} INFO - DAG(s) 'example_setup_teardown' retrieved from /home/acer/.local/share/virtualenvs/custom_airflow-E5ZHcY_K/lib/python3.12/site-packages/airflow/example_dags/example_setup_teardown.py
[2024-07-06T16:18:36.462+0700] {logging_mixin.py:188} INFO - [2024-07-06T16:18:36.462+0700] {dag.py:3096} INFO - Sync 1 DAGs
[2024-07-06T16:18:36.483+0700] {logging_mixin.py:188} INFO - [2024-07-06T16:18:36.483+0700] {dag.py:3954} INFO - Setting next_dagrun for example_setup_teardown to 2024-07-05 00:00:00+00:00, run_after=2024-07-06 00:00:00+00:00
[2024-07-06T16:18:36.505+0700] {processor.py:183} INFO - Processing /home/acer/.local/share/virtualenvs/custom_airflow-E5ZHcY_K/lib/python3.12/site-packages/airflow/example_dags/example_setup_teardown.py took 0.087 seconds
[2024-07-06T16:19:25.702+0700] {processor.py:161} INFO - Started process (PID=56406) to work on /home/acer/.local/share/virtualenvs/custom_airflow-E5ZHcY_K/lib/python3.12/site-packages/airflow/example_dags/example_setup_teardown.py
[2024-07-06T16:19:25.705+0700] {processor.py:830} INFO - Processing file /home/acer/.local/share/virtualenvs/custom_airflow-E5ZHcY_K/lib/python3.12/site-packages/airflow/example_dags/example_setup_teardown.py for tasks to queue
[2024-07-06T16:19:25.709+0700] {logging_mixin.py:188} INFO - [2024-07-06T16:19:25.708+0700] {dagbag.py:545} INFO - Filling up the DagBag from /home/acer/.local/share/virtualenvs/custom_airflow-E5ZHcY_K/lib/python3.12/site-packages/airflow/example_dags/example_setup_teardown.py
[2024-07-06T16:19:25.720+0700] {processor.py:840} INFO - DAG(s) 'example_setup_teardown' retrieved from /home/acer/.local/share/virtualenvs/custom_airflow-E5ZHcY_K/lib/python3.12/site-packages/airflow/example_dags/example_setup_teardown.py
[2024-07-06T16:19:25.737+0700] {logging_mixin.py:188} INFO - [2024-07-06T16:19:25.737+0700] {dag.py:3096} INFO - Sync 1 DAGs
[2024-07-06T16:19:25.757+0700] {logging_mixin.py:188} INFO - [2024-07-06T16:19:25.757+0700] {dag.py:3954} INFO - Setting next_dagrun for example_setup_teardown to 2024-07-05 00:00:00+00:00, run_after=2024-07-06 00:00:00+00:00
[2024-07-06T16:19:25.778+0700] {processor.py:183} INFO - Processing /home/acer/.local/share/virtualenvs/custom_airflow-E5ZHcY_K/lib/python3.12/site-packages/airflow/example_dags/example_setup_teardown.py took 0.093 seconds
[2024-07-06T16:20:28.764+0700] {processor.py:161} INFO - Started process (PID=57114) to work on /home/acer/.local/share/virtualenvs/custom_airflow-E5ZHcY_K/lib/python3.12/site-packages/airflow/example_dags/example_setup_teardown.py
[2024-07-06T16:20:28.766+0700] {processor.py:830} INFO - Processing file /home/acer/.local/share/virtualenvs/custom_airflow-E5ZHcY_K/lib/python3.12/site-packages/airflow/example_dags/example_setup_teardown.py for tasks to queue
[2024-07-06T16:20:28.769+0700] {logging_mixin.py:188} INFO - [2024-07-06T16:20:28.769+0700] {dagbag.py:545} INFO - Filling up the DagBag from /home/acer/.local/share/virtualenvs/custom_airflow-E5ZHcY_K/lib/python3.12/site-packages/airflow/example_dags/example_setup_teardown.py
[2024-07-06T16:20:28.780+0700] {processor.py:840} INFO - DAG(s) 'example_setup_teardown' retrieved from /home/acer/.local/share/virtualenvs/custom_airflow-E5ZHcY_K/lib/python3.12/site-packages/airflow/example_dags/example_setup_teardown.py
[2024-07-06T16:20:28.802+0700] {logging_mixin.py:188} INFO - [2024-07-06T16:20:28.802+0700] {dag.py:3096} INFO - Sync 1 DAGs
[2024-07-06T16:20:28.831+0700] {logging_mixin.py:188} INFO - [2024-07-06T16:20:28.831+0700] {dag.py:3954} INFO - Setting next_dagrun for example_setup_teardown to 2024-07-05 00:00:00+00:00, run_after=2024-07-06 00:00:00+00:00
[2024-07-06T16:20:28.852+0700] {processor.py:183} INFO - Processing /home/acer/.local/share/virtualenvs/custom_airflow-E5ZHcY_K/lib/python3.12/site-packages/airflow/example_dags/example_setup_teardown.py took 0.097 seconds
[2024-07-06T16:21:21.078+0700] {processor.py:161} INFO - Started process (PID=57531) to work on /home/acer/.local/share/virtualenvs/custom_airflow-E5ZHcY_K/lib/python3.12/site-packages/airflow/example_dags/example_setup_teardown.py
[2024-07-06T16:21:21.080+0700] {processor.py:830} INFO - Processing file /home/acer/.local/share/virtualenvs/custom_airflow-E5ZHcY_K/lib/python3.12/site-packages/airflow/example_dags/example_setup_teardown.py for tasks to queue
[2024-07-06T16:21:21.084+0700] {logging_mixin.py:188} INFO - [2024-07-06T16:21:21.083+0700] {dagbag.py:545} INFO - Filling up the DagBag from /home/acer/.local/share/virtualenvs/custom_airflow-E5ZHcY_K/lib/python3.12/site-packages/airflow/example_dags/example_setup_teardown.py
[2024-07-06T16:21:21.095+0700] {processor.py:840} INFO - DAG(s) 'example_setup_teardown' retrieved from /home/acer/.local/share/virtualenvs/custom_airflow-E5ZHcY_K/lib/python3.12/site-packages/airflow/example_dags/example_setup_teardown.py
[2024-07-06T16:21:21.113+0700] {logging_mixin.py:188} INFO - [2024-07-06T16:21:21.113+0700] {dag.py:3096} INFO - Sync 1 DAGs
[2024-07-06T16:21:21.133+0700] {logging_mixin.py:188} INFO - [2024-07-06T16:21:21.133+0700] {dag.py:3954} INFO - Setting next_dagrun for example_setup_teardown to 2024-07-05 00:00:00+00:00, run_after=2024-07-06 00:00:00+00:00
[2024-07-06T16:21:21.154+0700] {processor.py:183} INFO - Processing /home/acer/.local/share/virtualenvs/custom_airflow-E5ZHcY_K/lib/python3.12/site-packages/airflow/example_dags/example_setup_teardown.py took 0.088 seconds
[2024-07-06T16:22:09.091+0700] {processor.py:161} INFO - Started process (PID=57833) to work on /home/acer/.local/share/virtualenvs/custom_airflow-E5ZHcY_K/lib/python3.12/site-packages/airflow/example_dags/example_setup_teardown.py
[2024-07-06T16:22:09.093+0700] {processor.py:830} INFO - Processing file /home/acer/.local/share/virtualenvs/custom_airflow-E5ZHcY_K/lib/python3.12/site-packages/airflow/example_dags/example_setup_teardown.py for tasks to queue
[2024-07-06T16:22:09.097+0700] {logging_mixin.py:188} INFO - [2024-07-06T16:22:09.096+0700] {dagbag.py:545} INFO - Filling up the DagBag from /home/acer/.local/share/virtualenvs/custom_airflow-E5ZHcY_K/lib/python3.12/site-packages/airflow/example_dags/example_setup_teardown.py
[2024-07-06T16:22:09.109+0700] {processor.py:840} INFO - DAG(s) 'example_setup_teardown' retrieved from /home/acer/.local/share/virtualenvs/custom_airflow-E5ZHcY_K/lib/python3.12/site-packages/airflow/example_dags/example_setup_teardown.py
[2024-07-06T16:22:09.127+0700] {logging_mixin.py:188} INFO - [2024-07-06T16:22:09.127+0700] {dag.py:3096} INFO - Sync 1 DAGs
[2024-07-06T16:22:09.154+0700] {logging_mixin.py:188} INFO - [2024-07-06T16:22:09.153+0700] {dag.py:3954} INFO - Setting next_dagrun for example_setup_teardown to 2024-07-05 00:00:00+00:00, run_after=2024-07-06 00:00:00+00:00
[2024-07-06T16:22:09.177+0700] {processor.py:183} INFO - Processing /home/acer/.local/share/virtualenvs/custom_airflow-E5ZHcY_K/lib/python3.12/site-packages/airflow/example_dags/example_setup_teardown.py took 0.099 seconds
[2024-07-06T16:23:01.520+0700] {processor.py:161} INFO - Started process (PID=58123) to work on /home/acer/.local/share/virtualenvs/custom_airflow-E5ZHcY_K/lib/python3.12/site-packages/airflow/example_dags/example_setup_teardown.py
[2024-07-06T16:23:01.523+0700] {processor.py:830} INFO - Processing file /home/acer/.local/share/virtualenvs/custom_airflow-E5ZHcY_K/lib/python3.12/site-packages/airflow/example_dags/example_setup_teardown.py for tasks to queue
[2024-07-06T16:23:01.529+0700] {logging_mixin.py:188} INFO - [2024-07-06T16:23:01.527+0700] {dagbag.py:545} INFO - Filling up the DagBag from /home/acer/.local/share/virtualenvs/custom_airflow-E5ZHcY_K/lib/python3.12/site-packages/airflow/example_dags/example_setup_teardown.py
[2024-07-06T16:23:01.547+0700] {processor.py:840} INFO - DAG(s) 'example_setup_teardown' retrieved from /home/acer/.local/share/virtualenvs/custom_airflow-E5ZHcY_K/lib/python3.12/site-packages/airflow/example_dags/example_setup_teardown.py
[2024-07-06T16:23:01.570+0700] {logging_mixin.py:188} INFO - [2024-07-06T16:23:01.570+0700] {dag.py:3096} INFO - Sync 1 DAGs
[2024-07-06T16:23:01.591+0700] {logging_mixin.py:188} INFO - [2024-07-06T16:23:01.591+0700] {dag.py:3954} INFO - Setting next_dagrun for example_setup_teardown to 2024-07-05 00:00:00+00:00, run_after=2024-07-06 00:00:00+00:00
[2024-07-06T16:23:01.612+0700] {processor.py:183} INFO - Processing /home/acer/.local/share/virtualenvs/custom_airflow-E5ZHcY_K/lib/python3.12/site-packages/airflow/example_dags/example_setup_teardown.py took 0.117 seconds
[2024-07-06T16:24:18.209+0700] {processor.py:161} INFO - Started process (PID=59183) to work on /home/acer/.local/share/virtualenvs/custom_airflow-E5ZHcY_K/lib/python3.12/site-packages/airflow/example_dags/example_setup_teardown.py
[2024-07-06T16:24:18.211+0700] {processor.py:830} INFO - Processing file /home/acer/.local/share/virtualenvs/custom_airflow-E5ZHcY_K/lib/python3.12/site-packages/airflow/example_dags/example_setup_teardown.py for tasks to queue
[2024-07-06T16:24:18.215+0700] {logging_mixin.py:188} INFO - [2024-07-06T16:24:18.214+0700] {dagbag.py:545} INFO - Filling up the DagBag from /home/acer/.local/share/virtualenvs/custom_airflow-E5ZHcY_K/lib/python3.12/site-packages/airflow/example_dags/example_setup_teardown.py
[2024-07-06T16:24:18.226+0700] {processor.py:840} INFO - DAG(s) 'example_setup_teardown' retrieved from /home/acer/.local/share/virtualenvs/custom_airflow-E5ZHcY_K/lib/python3.12/site-packages/airflow/example_dags/example_setup_teardown.py
[2024-07-06T16:24:18.244+0700] {logging_mixin.py:188} INFO - [2024-07-06T16:24:18.244+0700] {dag.py:3096} INFO - Sync 1 DAGs
[2024-07-06T16:24:18.264+0700] {logging_mixin.py:188} INFO - [2024-07-06T16:24:18.264+0700] {dag.py:3954} INFO - Setting next_dagrun for example_setup_teardown to 2024-07-05 00:00:00+00:00, run_after=2024-07-06 00:00:00+00:00
[2024-07-06T16:24:18.284+0700] {processor.py:183} INFO - Processing /home/acer/.local/share/virtualenvs/custom_airflow-E5ZHcY_K/lib/python3.12/site-packages/airflow/example_dags/example_setup_teardown.py took 0.085 seconds
[2024-07-06T16:25:13.743+0700] {processor.py:161} INFO - Started process (PID=59552) to work on /home/acer/.local/share/virtualenvs/custom_airflow-E5ZHcY_K/lib/python3.12/site-packages/airflow/example_dags/example_setup_teardown.py
[2024-07-06T16:25:13.745+0700] {processor.py:830} INFO - Processing file /home/acer/.local/share/virtualenvs/custom_airflow-E5ZHcY_K/lib/python3.12/site-packages/airflow/example_dags/example_setup_teardown.py for tasks to queue
[2024-07-06T16:25:13.748+0700] {logging_mixin.py:188} INFO - [2024-07-06T16:25:13.748+0700] {dagbag.py:545} INFO - Filling up the DagBag from /home/acer/.local/share/virtualenvs/custom_airflow-E5ZHcY_K/lib/python3.12/site-packages/airflow/example_dags/example_setup_teardown.py
[2024-07-06T16:25:13.757+0700] {processor.py:840} INFO - DAG(s) 'example_setup_teardown' retrieved from /home/acer/.local/share/virtualenvs/custom_airflow-E5ZHcY_K/lib/python3.12/site-packages/airflow/example_dags/example_setup_teardown.py
[2024-07-06T16:25:13.777+0700] {logging_mixin.py:188} INFO - [2024-07-06T16:25:13.776+0700] {dag.py:3096} INFO - Sync 1 DAGs
[2024-07-06T16:25:13.802+0700] {logging_mixin.py:188} INFO - [2024-07-06T16:25:13.802+0700] {dag.py:3954} INFO - Setting next_dagrun for example_setup_teardown to 2024-07-05 00:00:00+00:00, run_after=2024-07-06 00:00:00+00:00
[2024-07-06T16:25:13.830+0700] {processor.py:183} INFO - Processing /home/acer/.local/share/virtualenvs/custom_airflow-E5ZHcY_K/lib/python3.12/site-packages/airflow/example_dags/example_setup_teardown.py took 0.098 seconds
[2024-07-06T16:26:09.733+0700] {processor.py:161} INFO - Started process (PID=60029) to work on /home/acer/.local/share/virtualenvs/custom_airflow-E5ZHcY_K/lib/python3.12/site-packages/airflow/example_dags/example_setup_teardown.py
[2024-07-06T16:26:09.734+0700] {processor.py:830} INFO - Processing file /home/acer/.local/share/virtualenvs/custom_airflow-E5ZHcY_K/lib/python3.12/site-packages/airflow/example_dags/example_setup_teardown.py for tasks to queue
[2024-07-06T16:26:09.736+0700] {logging_mixin.py:188} INFO - [2024-07-06T16:26:09.735+0700] {dagbag.py:545} INFO - Filling up the DagBag from /home/acer/.local/share/virtualenvs/custom_airflow-E5ZHcY_K/lib/python3.12/site-packages/airflow/example_dags/example_setup_teardown.py
[2024-07-06T16:26:09.743+0700] {processor.py:840} INFO - DAG(s) 'example_setup_teardown' retrieved from /home/acer/.local/share/virtualenvs/custom_airflow-E5ZHcY_K/lib/python3.12/site-packages/airflow/example_dags/example_setup_teardown.py
[2024-07-06T16:26:09.759+0700] {logging_mixin.py:188} INFO - [2024-07-06T16:26:09.759+0700] {dag.py:3096} INFO - Sync 1 DAGs
[2024-07-06T16:26:09.780+0700] {logging_mixin.py:188} INFO - [2024-07-06T16:26:09.780+0700] {dag.py:3954} INFO - Setting next_dagrun for example_setup_teardown to 2024-07-05 00:00:00+00:00, run_after=2024-07-06 00:00:00+00:00
[2024-07-06T16:26:09.802+0700] {processor.py:183} INFO - Processing /home/acer/.local/share/virtualenvs/custom_airflow-E5ZHcY_K/lib/python3.12/site-packages/airflow/example_dags/example_setup_teardown.py took 0.074 seconds
[2024-07-06T16:26:59.333+0700] {processor.py:161} INFO - Started process (PID=60273) to work on /home/acer/.local/share/virtualenvs/custom_airflow-E5ZHcY_K/lib/python3.12/site-packages/airflow/example_dags/example_setup_teardown.py
[2024-07-06T16:26:59.334+0700] {processor.py:830} INFO - Processing file /home/acer/.local/share/virtualenvs/custom_airflow-E5ZHcY_K/lib/python3.12/site-packages/airflow/example_dags/example_setup_teardown.py for tasks to queue
[2024-07-06T16:26:59.336+0700] {logging_mixin.py:188} INFO - [2024-07-06T16:26:59.335+0700] {dagbag.py:545} INFO - Filling up the DagBag from /home/acer/.local/share/virtualenvs/custom_airflow-E5ZHcY_K/lib/python3.12/site-packages/airflow/example_dags/example_setup_teardown.py
[2024-07-06T16:26:59.343+0700] {processor.py:840} INFO - DAG(s) 'example_setup_teardown' retrieved from /home/acer/.local/share/virtualenvs/custom_airflow-E5ZHcY_K/lib/python3.12/site-packages/airflow/example_dags/example_setup_teardown.py
[2024-07-06T16:26:59.358+0700] {logging_mixin.py:188} INFO - [2024-07-06T16:26:59.358+0700] {dag.py:3096} INFO - Sync 1 DAGs
[2024-07-06T16:26:59.378+0700] {logging_mixin.py:188} INFO - [2024-07-06T16:26:59.378+0700] {dag.py:3954} INFO - Setting next_dagrun for example_setup_teardown to 2024-07-05 00:00:00+00:00, run_after=2024-07-06 00:00:00+00:00
[2024-07-06T16:26:59.409+0700] {processor.py:183} INFO - Processing /home/acer/.local/share/virtualenvs/custom_airflow-E5ZHcY_K/lib/python3.12/site-packages/airflow/example_dags/example_setup_teardown.py took 0.081 seconds
[2024-07-06T16:27:49.015+0700] {processor.py:161} INFO - Started process (PID=60539) to work on /home/acer/.local/share/virtualenvs/custom_airflow-E5ZHcY_K/lib/python3.12/site-packages/airflow/example_dags/example_setup_teardown.py
[2024-07-06T16:27:49.016+0700] {processor.py:830} INFO - Processing file /home/acer/.local/share/virtualenvs/custom_airflow-E5ZHcY_K/lib/python3.12/site-packages/airflow/example_dags/example_setup_teardown.py for tasks to queue
[2024-07-06T16:27:49.018+0700] {logging_mixin.py:188} INFO - [2024-07-06T16:27:49.018+0700] {dagbag.py:545} INFO - Filling up the DagBag from /home/acer/.local/share/virtualenvs/custom_airflow-E5ZHcY_K/lib/python3.12/site-packages/airflow/example_dags/example_setup_teardown.py
[2024-07-06T16:27:49.025+0700] {processor.py:840} INFO - DAG(s) 'example_setup_teardown' retrieved from /home/acer/.local/share/virtualenvs/custom_airflow-E5ZHcY_K/lib/python3.12/site-packages/airflow/example_dags/example_setup_teardown.py
[2024-07-06T16:27:49.041+0700] {logging_mixin.py:188} INFO - [2024-07-06T16:27:49.041+0700] {dag.py:3096} INFO - Sync 1 DAGs
[2024-07-06T16:27:49.061+0700] {logging_mixin.py:188} INFO - [2024-07-06T16:27:49.061+0700] {dag.py:3954} INFO - Setting next_dagrun for example_setup_teardown to 2024-07-05 00:00:00+00:00, run_after=2024-07-06 00:00:00+00:00
[2024-07-06T16:27:49.081+0700] {processor.py:183} INFO - Processing /home/acer/.local/share/virtualenvs/custom_airflow-E5ZHcY_K/lib/python3.12/site-packages/airflow/example_dags/example_setup_teardown.py took 0.075 seconds
[2024-07-06T16:28:34.212+0700] {processor.py:161} INFO - Started process (PID=60765) to work on /home/acer/.local/share/virtualenvs/custom_airflow-E5ZHcY_K/lib/python3.12/site-packages/airflow/example_dags/example_setup_teardown.py
[2024-07-06T16:28:34.215+0700] {processor.py:830} INFO - Processing file /home/acer/.local/share/virtualenvs/custom_airflow-E5ZHcY_K/lib/python3.12/site-packages/airflow/example_dags/example_setup_teardown.py for tasks to queue
[2024-07-06T16:28:34.219+0700] {logging_mixin.py:188} INFO - [2024-07-06T16:28:34.218+0700] {dagbag.py:545} INFO - Filling up the DagBag from /home/acer/.local/share/virtualenvs/custom_airflow-E5ZHcY_K/lib/python3.12/site-packages/airflow/example_dags/example_setup_teardown.py
[2024-07-06T16:28:34.231+0700] {processor.py:840} INFO - DAG(s) 'example_setup_teardown' retrieved from /home/acer/.local/share/virtualenvs/custom_airflow-E5ZHcY_K/lib/python3.12/site-packages/airflow/example_dags/example_setup_teardown.py
[2024-07-06T16:28:34.248+0700] {logging_mixin.py:188} INFO - [2024-07-06T16:28:34.248+0700] {dag.py:3096} INFO - Sync 1 DAGs
[2024-07-06T16:28:34.268+0700] {logging_mixin.py:188} INFO - [2024-07-06T16:28:34.268+0700] {dag.py:3954} INFO - Setting next_dagrun for example_setup_teardown to 2024-07-05 00:00:00+00:00, run_after=2024-07-06 00:00:00+00:00
[2024-07-06T16:28:34.290+0700] {processor.py:183} INFO - Processing /home/acer/.local/share/virtualenvs/custom_airflow-E5ZHcY_K/lib/python3.12/site-packages/airflow/example_dags/example_setup_teardown.py took 0.097 seconds
[2024-07-06T16:29:23.003+0700] {processor.py:161} INFO - Started process (PID=60996) to work on /home/acer/.local/share/virtualenvs/custom_airflow-E5ZHcY_K/lib/python3.12/site-packages/airflow/example_dags/example_setup_teardown.py
[2024-07-06T16:29:23.006+0700] {processor.py:830} INFO - Processing file /home/acer/.local/share/virtualenvs/custom_airflow-E5ZHcY_K/lib/python3.12/site-packages/airflow/example_dags/example_setup_teardown.py for tasks to queue
[2024-07-06T16:29:23.009+0700] {logging_mixin.py:188} INFO - [2024-07-06T16:29:23.008+0700] {dagbag.py:545} INFO - Filling up the DagBag from /home/acer/.local/share/virtualenvs/custom_airflow-E5ZHcY_K/lib/python3.12/site-packages/airflow/example_dags/example_setup_teardown.py
[2024-07-06T16:29:23.020+0700] {processor.py:840} INFO - DAG(s) 'example_setup_teardown' retrieved from /home/acer/.local/share/virtualenvs/custom_airflow-E5ZHcY_K/lib/python3.12/site-packages/airflow/example_dags/example_setup_teardown.py
[2024-07-06T16:29:23.037+0700] {logging_mixin.py:188} INFO - [2024-07-06T16:29:23.037+0700] {dag.py:3096} INFO - Sync 1 DAGs
[2024-07-06T16:29:23.059+0700] {logging_mixin.py:188} INFO - [2024-07-06T16:29:23.058+0700] {dag.py:3954} INFO - Setting next_dagrun for example_setup_teardown to 2024-07-05 00:00:00+00:00, run_after=2024-07-06 00:00:00+00:00
[2024-07-06T16:29:23.093+0700] {processor.py:183} INFO - Processing /home/acer/.local/share/virtualenvs/custom_airflow-E5ZHcY_K/lib/python3.12/site-packages/airflow/example_dags/example_setup_teardown.py took 0.109 seconds
[2024-07-06T16:30:09.577+0700] {processor.py:161} INFO - Started process (PID=61236) to work on /home/acer/.local/share/virtualenvs/custom_airflow-E5ZHcY_K/lib/python3.12/site-packages/airflow/example_dags/example_setup_teardown.py
[2024-07-06T16:30:09.580+0700] {processor.py:830} INFO - Processing file /home/acer/.local/share/virtualenvs/custom_airflow-E5ZHcY_K/lib/python3.12/site-packages/airflow/example_dags/example_setup_teardown.py for tasks to queue
[2024-07-06T16:30:09.584+0700] {logging_mixin.py:188} INFO - [2024-07-06T16:30:09.583+0700] {dagbag.py:545} INFO - Filling up the DagBag from /home/acer/.local/share/virtualenvs/custom_airflow-E5ZHcY_K/lib/python3.12/site-packages/airflow/example_dags/example_setup_teardown.py
[2024-07-06T16:30:09.595+0700] {processor.py:840} INFO - DAG(s) 'example_setup_teardown' retrieved from /home/acer/.local/share/virtualenvs/custom_airflow-E5ZHcY_K/lib/python3.12/site-packages/airflow/example_dags/example_setup_teardown.py
[2024-07-06T16:30:09.612+0700] {logging_mixin.py:188} INFO - [2024-07-06T16:30:09.612+0700] {dag.py:3096} INFO - Sync 1 DAGs
[2024-07-06T16:30:09.633+0700] {logging_mixin.py:188} INFO - [2024-07-06T16:30:09.633+0700] {dag.py:3954} INFO - Setting next_dagrun for example_setup_teardown to 2024-07-05 00:00:00+00:00, run_after=2024-07-06 00:00:00+00:00
[2024-07-06T16:30:09.654+0700] {processor.py:183} INFO - Processing /home/acer/.local/share/virtualenvs/custom_airflow-E5ZHcY_K/lib/python3.12/site-packages/airflow/example_dags/example_setup_teardown.py took 0.096 seconds
[2024-07-06T16:30:53.887+0700] {processor.py:161} INFO - Started process (PID=61493) to work on /home/acer/.local/share/virtualenvs/custom_airflow-E5ZHcY_K/lib/python3.12/site-packages/airflow/example_dags/example_setup_teardown.py
[2024-07-06T16:30:53.888+0700] {processor.py:830} INFO - Processing file /home/acer/.local/share/virtualenvs/custom_airflow-E5ZHcY_K/lib/python3.12/site-packages/airflow/example_dags/example_setup_teardown.py for tasks to queue
[2024-07-06T16:30:53.890+0700] {logging_mixin.py:188} INFO - [2024-07-06T16:30:53.890+0700] {dagbag.py:545} INFO - Filling up the DagBag from /home/acer/.local/share/virtualenvs/custom_airflow-E5ZHcY_K/lib/python3.12/site-packages/airflow/example_dags/example_setup_teardown.py
[2024-07-06T16:30:53.897+0700] {processor.py:840} INFO - DAG(s) 'example_setup_teardown' retrieved from /home/acer/.local/share/virtualenvs/custom_airflow-E5ZHcY_K/lib/python3.12/site-packages/airflow/example_dags/example_setup_teardown.py
[2024-07-06T16:30:53.912+0700] {logging_mixin.py:188} INFO - [2024-07-06T16:30:53.912+0700] {dag.py:3096} INFO - Sync 1 DAGs
[2024-07-06T16:30:53.933+0700] {logging_mixin.py:188} INFO - [2024-07-06T16:30:53.932+0700] {dag.py:3954} INFO - Setting next_dagrun for example_setup_teardown to 2024-07-05 00:00:00+00:00, run_after=2024-07-06 00:00:00+00:00
[2024-07-06T16:30:53.953+0700] {processor.py:183} INFO - Processing /home/acer/.local/share/virtualenvs/custom_airflow-E5ZHcY_K/lib/python3.12/site-packages/airflow/example_dags/example_setup_teardown.py took 0.071 seconds
[2024-07-06T16:31:39.942+0700] {processor.py:161} INFO - Started process (PID=61717) to work on /home/acer/.local/share/virtualenvs/custom_airflow-E5ZHcY_K/lib/python3.12/site-packages/airflow/example_dags/example_setup_teardown.py
[2024-07-06T16:31:39.944+0700] {processor.py:830} INFO - Processing file /home/acer/.local/share/virtualenvs/custom_airflow-E5ZHcY_K/lib/python3.12/site-packages/airflow/example_dags/example_setup_teardown.py for tasks to queue
[2024-07-06T16:31:39.948+0700] {logging_mixin.py:188} INFO - [2024-07-06T16:31:39.947+0700] {dagbag.py:545} INFO - Filling up the DagBag from /home/acer/.local/share/virtualenvs/custom_airflow-E5ZHcY_K/lib/python3.12/site-packages/airflow/example_dags/example_setup_teardown.py
[2024-07-06T16:31:39.961+0700] {processor.py:840} INFO - DAG(s) 'example_setup_teardown' retrieved from /home/acer/.local/share/virtualenvs/custom_airflow-E5ZHcY_K/lib/python3.12/site-packages/airflow/example_dags/example_setup_teardown.py
[2024-07-06T16:31:39.979+0700] {logging_mixin.py:188} INFO - [2024-07-06T16:31:39.978+0700] {dag.py:3096} INFO - Sync 1 DAGs
[2024-07-06T16:31:39.999+0700] {logging_mixin.py:188} INFO - [2024-07-06T16:31:39.998+0700] {dag.py:3954} INFO - Setting next_dagrun for example_setup_teardown to 2024-07-05 00:00:00+00:00, run_after=2024-07-06 00:00:00+00:00
[2024-07-06T16:31:40.020+0700] {processor.py:183} INFO - Processing /home/acer/.local/share/virtualenvs/custom_airflow-E5ZHcY_K/lib/python3.12/site-packages/airflow/example_dags/example_setup_teardown.py took 0.090 seconds
[2024-07-06T16:32:26.119+0700] {processor.py:161} INFO - Started process (PID=61952) to work on /home/acer/.local/share/virtualenvs/custom_airflow-E5ZHcY_K/lib/python3.12/site-packages/airflow/example_dags/example_setup_teardown.py
[2024-07-06T16:32:26.120+0700] {processor.py:830} INFO - Processing file /home/acer/.local/share/virtualenvs/custom_airflow-E5ZHcY_K/lib/python3.12/site-packages/airflow/example_dags/example_setup_teardown.py for tasks to queue
[2024-07-06T16:32:26.122+0700] {logging_mixin.py:188} INFO - [2024-07-06T16:32:26.122+0700] {dagbag.py:545} INFO - Filling up the DagBag from /home/acer/.local/share/virtualenvs/custom_airflow-E5ZHcY_K/lib/python3.12/site-packages/airflow/example_dags/example_setup_teardown.py
[2024-07-06T16:32:26.129+0700] {processor.py:840} INFO - DAG(s) 'example_setup_teardown' retrieved from /home/acer/.local/share/virtualenvs/custom_airflow-E5ZHcY_K/lib/python3.12/site-packages/airflow/example_dags/example_setup_teardown.py
[2024-07-06T16:32:26.145+0700] {logging_mixin.py:188} INFO - [2024-07-06T16:32:26.145+0700] {dag.py:3096} INFO - Sync 1 DAGs
[2024-07-06T16:32:26.165+0700] {logging_mixin.py:188} INFO - [2024-07-06T16:32:26.165+0700] {dag.py:3954} INFO - Setting next_dagrun for example_setup_teardown to 2024-07-05 00:00:00+00:00, run_after=2024-07-06 00:00:00+00:00
[2024-07-06T16:32:26.186+0700] {processor.py:183} INFO - Processing /home/acer/.local/share/virtualenvs/custom_airflow-E5ZHcY_K/lib/python3.12/site-packages/airflow/example_dags/example_setup_teardown.py took 0.072 seconds
[2024-07-06T16:33:16.214+0700] {processor.py:161} INFO - Started process (PID=62213) to work on /home/acer/.local/share/virtualenvs/custom_airflow-E5ZHcY_K/lib/python3.12/site-packages/airflow/example_dags/example_setup_teardown.py
[2024-07-06T16:33:16.215+0700] {processor.py:830} INFO - Processing file /home/acer/.local/share/virtualenvs/custom_airflow-E5ZHcY_K/lib/python3.12/site-packages/airflow/example_dags/example_setup_teardown.py for tasks to queue
[2024-07-06T16:33:16.217+0700] {logging_mixin.py:188} INFO - [2024-07-06T16:33:16.216+0700] {dagbag.py:545} INFO - Filling up the DagBag from /home/acer/.local/share/virtualenvs/custom_airflow-E5ZHcY_K/lib/python3.12/site-packages/airflow/example_dags/example_setup_teardown.py
[2024-07-06T16:33:16.224+0700] {processor.py:840} INFO - DAG(s) 'example_setup_teardown' retrieved from /home/acer/.local/share/virtualenvs/custom_airflow-E5ZHcY_K/lib/python3.12/site-packages/airflow/example_dags/example_setup_teardown.py
[2024-07-06T16:33:16.241+0700] {logging_mixin.py:188} INFO - [2024-07-06T16:33:16.241+0700] {dag.py:3096} INFO - Sync 1 DAGs
[2024-07-06T16:33:16.261+0700] {logging_mixin.py:188} INFO - [2024-07-06T16:33:16.261+0700] {dag.py:3954} INFO - Setting next_dagrun for example_setup_teardown to 2024-07-05 00:00:00+00:00, run_after=2024-07-06 00:00:00+00:00
[2024-07-06T16:33:16.282+0700] {processor.py:183} INFO - Processing /home/acer/.local/share/virtualenvs/custom_airflow-E5ZHcY_K/lib/python3.12/site-packages/airflow/example_dags/example_setup_teardown.py took 0.073 seconds
[2024-07-06T16:34:02.480+0700] {processor.py:161} INFO - Started process (PID=62444) to work on /home/acer/.local/share/virtualenvs/custom_airflow-E5ZHcY_K/lib/python3.12/site-packages/airflow/example_dags/example_setup_teardown.py
[2024-07-06T16:34:02.481+0700] {processor.py:830} INFO - Processing file /home/acer/.local/share/virtualenvs/custom_airflow-E5ZHcY_K/lib/python3.12/site-packages/airflow/example_dags/example_setup_teardown.py for tasks to queue
[2024-07-06T16:34:02.482+0700] {logging_mixin.py:188} INFO - [2024-07-06T16:34:02.482+0700] {dagbag.py:545} INFO - Filling up the DagBag from /home/acer/.local/share/virtualenvs/custom_airflow-E5ZHcY_K/lib/python3.12/site-packages/airflow/example_dags/example_setup_teardown.py
[2024-07-06T16:34:02.490+0700] {processor.py:840} INFO - DAG(s) 'example_setup_teardown' retrieved from /home/acer/.local/share/virtualenvs/custom_airflow-E5ZHcY_K/lib/python3.12/site-packages/airflow/example_dags/example_setup_teardown.py
[2024-07-06T16:34:02.507+0700] {logging_mixin.py:188} INFO - [2024-07-06T16:34:02.507+0700] {dag.py:3096} INFO - Sync 1 DAGs
[2024-07-06T16:34:02.527+0700] {logging_mixin.py:188} INFO - [2024-07-06T16:34:02.527+0700] {dag.py:3954} INFO - Setting next_dagrun for example_setup_teardown to 2024-07-05 00:00:00+00:00, run_after=2024-07-06 00:00:00+00:00
[2024-07-06T16:34:02.548+0700] {processor.py:183} INFO - Processing /home/acer/.local/share/virtualenvs/custom_airflow-E5ZHcY_K/lib/python3.12/site-packages/airflow/example_dags/example_setup_teardown.py took 0.074 seconds
[2024-07-06T16:34:49.101+0700] {processor.py:161} INFO - Started process (PID=62672) to work on /home/acer/.local/share/virtualenvs/custom_airflow-E5ZHcY_K/lib/python3.12/site-packages/airflow/example_dags/example_setup_teardown.py
[2024-07-06T16:34:49.102+0700] {processor.py:830} INFO - Processing file /home/acer/.local/share/virtualenvs/custom_airflow-E5ZHcY_K/lib/python3.12/site-packages/airflow/example_dags/example_setup_teardown.py for tasks to queue
[2024-07-06T16:34:49.104+0700] {logging_mixin.py:188} INFO - [2024-07-06T16:34:49.104+0700] {dagbag.py:545} INFO - Filling up the DagBag from /home/acer/.local/share/virtualenvs/custom_airflow-E5ZHcY_K/lib/python3.12/site-packages/airflow/example_dags/example_setup_teardown.py
[2024-07-06T16:34:49.111+0700] {processor.py:840} INFO - DAG(s) 'example_setup_teardown' retrieved from /home/acer/.local/share/virtualenvs/custom_airflow-E5ZHcY_K/lib/python3.12/site-packages/airflow/example_dags/example_setup_teardown.py
[2024-07-06T16:34:49.127+0700] {logging_mixin.py:188} INFO - [2024-07-06T16:34:49.126+0700] {dag.py:3096} INFO - Sync 1 DAGs
[2024-07-06T16:34:49.147+0700] {logging_mixin.py:188} INFO - [2024-07-06T16:34:49.147+0700] {dag.py:3954} INFO - Setting next_dagrun for example_setup_teardown to 2024-07-05 00:00:00+00:00, run_after=2024-07-06 00:00:00+00:00
[2024-07-06T16:34:49.168+0700] {processor.py:183} INFO - Processing /home/acer/.local/share/virtualenvs/custom_airflow-E5ZHcY_K/lib/python3.12/site-packages/airflow/example_dags/example_setup_teardown.py took 0.071 seconds
[2024-07-06T16:35:38.581+0700] {processor.py:161} INFO - Started process (PID=62952) to work on /home/acer/.local/share/virtualenvs/custom_airflow-E5ZHcY_K/lib/python3.12/site-packages/airflow/example_dags/example_setup_teardown.py
[2024-07-06T16:35:38.582+0700] {processor.py:830} INFO - Processing file /home/acer/.local/share/virtualenvs/custom_airflow-E5ZHcY_K/lib/python3.12/site-packages/airflow/example_dags/example_setup_teardown.py for tasks to queue
[2024-07-06T16:35:38.584+0700] {logging_mixin.py:188} INFO - [2024-07-06T16:35:38.583+0700] {dagbag.py:545} INFO - Filling up the DagBag from /home/acer/.local/share/virtualenvs/custom_airflow-E5ZHcY_K/lib/python3.12/site-packages/airflow/example_dags/example_setup_teardown.py
[2024-07-06T16:35:38.591+0700] {processor.py:840} INFO - DAG(s) 'example_setup_teardown' retrieved from /home/acer/.local/share/virtualenvs/custom_airflow-E5ZHcY_K/lib/python3.12/site-packages/airflow/example_dags/example_setup_teardown.py
[2024-07-06T16:35:38.606+0700] {logging_mixin.py:188} INFO - [2024-07-06T16:35:38.606+0700] {dag.py:3096} INFO - Sync 1 DAGs
[2024-07-06T16:35:38.626+0700] {logging_mixin.py:188} INFO - [2024-07-06T16:35:38.626+0700] {dag.py:3954} INFO - Setting next_dagrun for example_setup_teardown to 2024-07-05 00:00:00+00:00, run_after=2024-07-06 00:00:00+00:00
[2024-07-06T16:35:38.648+0700] {processor.py:183} INFO - Processing /home/acer/.local/share/virtualenvs/custom_airflow-E5ZHcY_K/lib/python3.12/site-packages/airflow/example_dags/example_setup_teardown.py took 0.072 seconds
[2024-07-06T16:36:26.036+0700] {processor.py:161} INFO - Started process (PID=63239) to work on /home/acer/.local/share/virtualenvs/custom_airflow-E5ZHcY_K/lib/python3.12/site-packages/airflow/example_dags/example_setup_teardown.py
[2024-07-06T16:36:26.039+0700] {processor.py:830} INFO - Processing file /home/acer/.local/share/virtualenvs/custom_airflow-E5ZHcY_K/lib/python3.12/site-packages/airflow/example_dags/example_setup_teardown.py for tasks to queue
[2024-07-06T16:36:26.042+0700] {logging_mixin.py:188} INFO - [2024-07-06T16:36:26.041+0700] {dagbag.py:545} INFO - Filling up the DagBag from /home/acer/.local/share/virtualenvs/custom_airflow-E5ZHcY_K/lib/python3.12/site-packages/airflow/example_dags/example_setup_teardown.py
[2024-07-06T16:36:26.058+0700] {processor.py:840} INFO - DAG(s) 'example_setup_teardown' retrieved from /home/acer/.local/share/virtualenvs/custom_airflow-E5ZHcY_K/lib/python3.12/site-packages/airflow/example_dags/example_setup_teardown.py
[2024-07-06T16:36:26.086+0700] {logging_mixin.py:188} INFO - [2024-07-06T16:36:26.086+0700] {dag.py:3096} INFO - Sync 1 DAGs
[2024-07-06T16:36:26.124+0700] {logging_mixin.py:188} INFO - [2024-07-06T16:36:26.123+0700] {dag.py:3954} INFO - Setting next_dagrun for example_setup_teardown to 2024-07-05 00:00:00+00:00, run_after=2024-07-06 00:00:00+00:00
[2024-07-06T16:36:26.159+0700] {processor.py:183} INFO - Processing /home/acer/.local/share/virtualenvs/custom_airflow-E5ZHcY_K/lib/python3.12/site-packages/airflow/example_dags/example_setup_teardown.py took 0.131 seconds
[2024-07-06T21:54:33.614+0700] {processor.py:161} INFO - Started process (PID=11921) to work on /home/acer/.local/share/virtualenvs/custom_airflow-E5ZHcY_K/lib/python3.12/site-packages/airflow/example_dags/example_setup_teardown.py
[2024-07-06T21:54:33.615+0700] {processor.py:830} INFO - Processing file /home/acer/.local/share/virtualenvs/custom_airflow-E5ZHcY_K/lib/python3.12/site-packages/airflow/example_dags/example_setup_teardown.py for tasks to queue
[2024-07-06T21:54:33.618+0700] {logging_mixin.py:188} INFO - [2024-07-06T21:54:33.617+0700] {dagbag.py:545} INFO - Filling up the DagBag from /home/acer/.local/share/virtualenvs/custom_airflow-E5ZHcY_K/lib/python3.12/site-packages/airflow/example_dags/example_setup_teardown.py
[2024-07-06T21:54:33.627+0700] {processor.py:840} INFO - DAG(s) 'example_setup_teardown' retrieved from /home/acer/.local/share/virtualenvs/custom_airflow-E5ZHcY_K/lib/python3.12/site-packages/airflow/example_dags/example_setup_teardown.py
[2024-07-06T21:54:33.647+0700] {logging_mixin.py:188} INFO - [2024-07-06T21:54:33.647+0700] {dag.py:3096} INFO - Sync 1 DAGs
[2024-07-06T21:54:33.667+0700] {logging_mixin.py:188} INFO - [2024-07-06T21:54:33.667+0700] {dag.py:3954} INFO - Setting next_dagrun for example_setup_teardown to 2024-07-05 00:00:00+00:00, run_after=2024-07-06 00:00:00+00:00
[2024-07-06T21:54:33.698+0700] {processor.py:183} INFO - Processing /home/acer/.local/share/virtualenvs/custom_airflow-E5ZHcY_K/lib/python3.12/site-packages/airflow/example_dags/example_setup_teardown.py took 0.089 seconds
[2024-07-06T21:55:30.674+0700] {processor.py:161} INFO - Started process (PID=12605) to work on /home/acer/.local/share/virtualenvs/custom_airflow-E5ZHcY_K/lib/python3.12/site-packages/airflow/example_dags/example_setup_teardown.py
[2024-07-06T21:55:30.675+0700] {processor.py:830} INFO - Processing file /home/acer/.local/share/virtualenvs/custom_airflow-E5ZHcY_K/lib/python3.12/site-packages/airflow/example_dags/example_setup_teardown.py for tasks to queue
[2024-07-06T21:55:30.678+0700] {logging_mixin.py:188} INFO - [2024-07-06T21:55:30.677+0700] {dagbag.py:545} INFO - Filling up the DagBag from /home/acer/.local/share/virtualenvs/custom_airflow-E5ZHcY_K/lib/python3.12/site-packages/airflow/example_dags/example_setup_teardown.py
[2024-07-06T21:55:30.687+0700] {processor.py:840} INFO - DAG(s) 'example_setup_teardown' retrieved from /home/acer/.local/share/virtualenvs/custom_airflow-E5ZHcY_K/lib/python3.12/site-packages/airflow/example_dags/example_setup_teardown.py
[2024-07-06T21:55:30.704+0700] {logging_mixin.py:188} INFO - [2024-07-06T21:55:30.704+0700] {dag.py:3096} INFO - Sync 1 DAGs
[2024-07-06T21:55:30.726+0700] {logging_mixin.py:188} INFO - [2024-07-06T21:55:30.725+0700] {dag.py:3954} INFO - Setting next_dagrun for example_setup_teardown to 2024-07-05 00:00:00+00:00, run_after=2024-07-06 00:00:00+00:00
[2024-07-06T21:55:30.748+0700] {processor.py:183} INFO - Processing /home/acer/.local/share/virtualenvs/custom_airflow-E5ZHcY_K/lib/python3.12/site-packages/airflow/example_dags/example_setup_teardown.py took 0.084 seconds
[2024-07-06T21:56:24.046+0700] {processor.py:161} INFO - Started process (PID=13133) to work on /home/acer/.local/share/virtualenvs/custom_airflow-E5ZHcY_K/lib/python3.12/site-packages/airflow/example_dags/example_setup_teardown.py
[2024-07-06T21:56:24.047+0700] {processor.py:830} INFO - Processing file /home/acer/.local/share/virtualenvs/custom_airflow-E5ZHcY_K/lib/python3.12/site-packages/airflow/example_dags/example_setup_teardown.py for tasks to queue
[2024-07-06T21:56:24.049+0700] {logging_mixin.py:188} INFO - [2024-07-06T21:56:24.048+0700] {dagbag.py:545} INFO - Filling up the DagBag from /home/acer/.local/share/virtualenvs/custom_airflow-E5ZHcY_K/lib/python3.12/site-packages/airflow/example_dags/example_setup_teardown.py
[2024-07-06T21:56:24.057+0700] {processor.py:840} INFO - DAG(s) 'example_setup_teardown' retrieved from /home/acer/.local/share/virtualenvs/custom_airflow-E5ZHcY_K/lib/python3.12/site-packages/airflow/example_dags/example_setup_teardown.py
[2024-07-06T21:56:24.077+0700] {logging_mixin.py:188} INFO - [2024-07-06T21:56:24.076+0700] {dag.py:3096} INFO - Sync 1 DAGs
[2024-07-06T21:56:24.104+0700] {logging_mixin.py:188} INFO - [2024-07-06T21:56:24.104+0700] {dag.py:3954} INFO - Setting next_dagrun for example_setup_teardown to 2024-07-05 00:00:00+00:00, run_after=2024-07-06 00:00:00+00:00
[2024-07-06T21:56:24.126+0700] {processor.py:183} INFO - Processing /home/acer/.local/share/virtualenvs/custom_airflow-E5ZHcY_K/lib/python3.12/site-packages/airflow/example_dags/example_setup_teardown.py took 0.086 seconds
[2024-07-06T21:57:15.229+0700] {processor.py:161} INFO - Started process (PID=13691) to work on /home/acer/.local/share/virtualenvs/custom_airflow-E5ZHcY_K/lib/python3.12/site-packages/airflow/example_dags/example_setup_teardown.py
[2024-07-06T21:57:15.232+0700] {processor.py:830} INFO - Processing file /home/acer/.local/share/virtualenvs/custom_airflow-E5ZHcY_K/lib/python3.12/site-packages/airflow/example_dags/example_setup_teardown.py for tasks to queue
[2024-07-06T21:57:15.240+0700] {logging_mixin.py:188} INFO - [2024-07-06T21:57:15.238+0700] {dagbag.py:545} INFO - Filling up the DagBag from /home/acer/.local/share/virtualenvs/custom_airflow-E5ZHcY_K/lib/python3.12/site-packages/airflow/example_dags/example_setup_teardown.py
[2024-07-06T21:57:15.262+0700] {processor.py:840} INFO - DAG(s) 'example_setup_teardown' retrieved from /home/acer/.local/share/virtualenvs/custom_airflow-E5ZHcY_K/lib/python3.12/site-packages/airflow/example_dags/example_setup_teardown.py
[2024-07-06T21:57:15.286+0700] {logging_mixin.py:188} INFO - [2024-07-06T21:57:15.286+0700] {dag.py:3096} INFO - Sync 1 DAGs
[2024-07-06T21:57:15.308+0700] {logging_mixin.py:188} INFO - [2024-07-06T21:57:15.308+0700] {dag.py:3954} INFO - Setting next_dagrun for example_setup_teardown to 2024-07-05 00:00:00+00:00, run_after=2024-07-06 00:00:00+00:00
[2024-07-06T21:57:15.334+0700] {processor.py:183} INFO - Processing /home/acer/.local/share/virtualenvs/custom_airflow-E5ZHcY_K/lib/python3.12/site-packages/airflow/example_dags/example_setup_teardown.py took 0.127 seconds
[2024-07-06T21:58:09.955+0700] {processor.py:161} INFO - Started process (PID=14120) to work on /home/acer/.local/share/virtualenvs/custom_airflow-E5ZHcY_K/lib/python3.12/site-packages/airflow/example_dags/example_setup_teardown.py
[2024-07-06T21:58:09.956+0700] {processor.py:830} INFO - Processing file /home/acer/.local/share/virtualenvs/custom_airflow-E5ZHcY_K/lib/python3.12/site-packages/airflow/example_dags/example_setup_teardown.py for tasks to queue
[2024-07-06T21:58:09.958+0700] {logging_mixin.py:188} INFO - [2024-07-06T21:58:09.958+0700] {dagbag.py:545} INFO - Filling up the DagBag from /home/acer/.local/share/virtualenvs/custom_airflow-E5ZHcY_K/lib/python3.12/site-packages/airflow/example_dags/example_setup_teardown.py
[2024-07-06T21:58:09.965+0700] {processor.py:840} INFO - DAG(s) 'example_setup_teardown' retrieved from /home/acer/.local/share/virtualenvs/custom_airflow-E5ZHcY_K/lib/python3.12/site-packages/airflow/example_dags/example_setup_teardown.py
[2024-07-06T21:58:09.981+0700] {logging_mixin.py:188} INFO - [2024-07-06T21:58:09.981+0700] {dag.py:3096} INFO - Sync 1 DAGs
[2024-07-06T21:58:10.001+0700] {logging_mixin.py:188} INFO - [2024-07-06T21:58:10.001+0700] {dag.py:3954} INFO - Setting next_dagrun for example_setup_teardown to 2024-07-05 00:00:00+00:00, run_after=2024-07-06 00:00:00+00:00
[2024-07-06T21:58:10.022+0700] {processor.py:183} INFO - Processing /home/acer/.local/share/virtualenvs/custom_airflow-E5ZHcY_K/lib/python3.12/site-packages/airflow/example_dags/example_setup_teardown.py took 0.073 seconds
[2024-07-06T21:59:01.013+0700] {processor.py:161} INFO - Started process (PID=14359) to work on /home/acer/.local/share/virtualenvs/custom_airflow-E5ZHcY_K/lib/python3.12/site-packages/airflow/example_dags/example_setup_teardown.py
[2024-07-06T21:59:01.014+0700] {processor.py:830} INFO - Processing file /home/acer/.local/share/virtualenvs/custom_airflow-E5ZHcY_K/lib/python3.12/site-packages/airflow/example_dags/example_setup_teardown.py for tasks to queue
[2024-07-06T21:59:01.016+0700] {logging_mixin.py:188} INFO - [2024-07-06T21:59:01.016+0700] {dagbag.py:545} INFO - Filling up the DagBag from /home/acer/.local/share/virtualenvs/custom_airflow-E5ZHcY_K/lib/python3.12/site-packages/airflow/example_dags/example_setup_teardown.py
[2024-07-06T21:59:01.023+0700] {processor.py:840} INFO - DAG(s) 'example_setup_teardown' retrieved from /home/acer/.local/share/virtualenvs/custom_airflow-E5ZHcY_K/lib/python3.12/site-packages/airflow/example_dags/example_setup_teardown.py
[2024-07-06T21:59:01.041+0700] {logging_mixin.py:188} INFO - [2024-07-06T21:59:01.040+0700] {dag.py:3096} INFO - Sync 1 DAGs
[2024-07-06T21:59:01.064+0700] {logging_mixin.py:188} INFO - [2024-07-06T21:59:01.064+0700] {dag.py:3954} INFO - Setting next_dagrun for example_setup_teardown to 2024-07-05 00:00:00+00:00, run_after=2024-07-06 00:00:00+00:00
[2024-07-06T21:59:01.090+0700] {processor.py:183} INFO - Processing /home/acer/.local/share/virtualenvs/custom_airflow-E5ZHcY_K/lib/python3.12/site-packages/airflow/example_dags/example_setup_teardown.py took 0.082 seconds
[2024-07-06T21:59:49.788+0700] {processor.py:161} INFO - Started process (PID=14704) to work on /home/acer/.local/share/virtualenvs/custom_airflow-E5ZHcY_K/lib/python3.12/site-packages/airflow/example_dags/example_setup_teardown.py
[2024-07-06T21:59:49.791+0700] {processor.py:830} INFO - Processing file /home/acer/.local/share/virtualenvs/custom_airflow-E5ZHcY_K/lib/python3.12/site-packages/airflow/example_dags/example_setup_teardown.py for tasks to queue
[2024-07-06T21:59:49.801+0700] {logging_mixin.py:188} INFO - [2024-07-06T21:59:49.799+0700] {dagbag.py:545} INFO - Filling up the DagBag from /home/acer/.local/share/virtualenvs/custom_airflow-E5ZHcY_K/lib/python3.12/site-packages/airflow/example_dags/example_setup_teardown.py
[2024-07-06T21:59:49.828+0700] {processor.py:840} INFO - DAG(s) 'example_setup_teardown' retrieved from /home/acer/.local/share/virtualenvs/custom_airflow-E5ZHcY_K/lib/python3.12/site-packages/airflow/example_dags/example_setup_teardown.py
[2024-07-06T21:59:49.857+0700] {logging_mixin.py:188} INFO - [2024-07-06T21:59:49.857+0700] {dag.py:3096} INFO - Sync 1 DAGs
[2024-07-06T21:59:49.885+0700] {logging_mixin.py:188} INFO - [2024-07-06T21:59:49.885+0700] {dag.py:3954} INFO - Setting next_dagrun for example_setup_teardown to 2024-07-05 00:00:00+00:00, run_after=2024-07-06 00:00:00+00:00
[2024-07-06T21:59:49.912+0700] {processor.py:183} INFO - Processing /home/acer/.local/share/virtualenvs/custom_airflow-E5ZHcY_K/lib/python3.12/site-packages/airflow/example_dags/example_setup_teardown.py took 0.152 seconds
[2024-07-06T22:00:42.916+0700] {processor.py:161} INFO - Started process (PID=14995) to work on /home/acer/.local/share/virtualenvs/custom_airflow-E5ZHcY_K/lib/python3.12/site-packages/airflow/example_dags/example_setup_teardown.py
[2024-07-06T22:00:42.918+0700] {processor.py:830} INFO - Processing file /home/acer/.local/share/virtualenvs/custom_airflow-E5ZHcY_K/lib/python3.12/site-packages/airflow/example_dags/example_setup_teardown.py for tasks to queue
[2024-07-06T22:00:42.921+0700] {logging_mixin.py:188} INFO - [2024-07-06T22:00:42.921+0700] {dagbag.py:545} INFO - Filling up the DagBag from /home/acer/.local/share/virtualenvs/custom_airflow-E5ZHcY_K/lib/python3.12/site-packages/airflow/example_dags/example_setup_teardown.py
[2024-07-06T22:00:42.931+0700] {processor.py:840} INFO - DAG(s) 'example_setup_teardown' retrieved from /home/acer/.local/share/virtualenvs/custom_airflow-E5ZHcY_K/lib/python3.12/site-packages/airflow/example_dags/example_setup_teardown.py
[2024-07-06T22:00:42.948+0700] {logging_mixin.py:188} INFO - [2024-07-06T22:00:42.948+0700] {dag.py:3096} INFO - Sync 1 DAGs
[2024-07-06T22:00:42.969+0700] {logging_mixin.py:188} INFO - [2024-07-06T22:00:42.969+0700] {dag.py:3954} INFO - Setting next_dagrun for example_setup_teardown to 2024-07-05 00:00:00+00:00, run_after=2024-07-06 00:00:00+00:00
[2024-07-06T22:00:42.991+0700] {processor.py:183} INFO - Processing /home/acer/.local/share/virtualenvs/custom_airflow-E5ZHcY_K/lib/python3.12/site-packages/airflow/example_dags/example_setup_teardown.py took 0.088 seconds
[2024-07-06T22:02:17.231+0700] {processor.py:161} INFO - Started process (PID=16090) to work on /home/acer/.local/share/virtualenvs/custom_airflow-E5ZHcY_K/lib/python3.12/site-packages/airflow/example_dags/example_setup_teardown.py
[2024-07-06T22:02:17.232+0700] {processor.py:830} INFO - Processing file /home/acer/.local/share/virtualenvs/custom_airflow-E5ZHcY_K/lib/python3.12/site-packages/airflow/example_dags/example_setup_teardown.py for tasks to queue
[2024-07-06T22:02:17.234+0700] {logging_mixin.py:188} INFO - [2024-07-06T22:02:17.234+0700] {dagbag.py:545} INFO - Filling up the DagBag from /home/acer/.local/share/virtualenvs/custom_airflow-E5ZHcY_K/lib/python3.12/site-packages/airflow/example_dags/example_setup_teardown.py
[2024-07-06T22:02:17.245+0700] {processor.py:840} INFO - DAG(s) 'example_setup_teardown' retrieved from /home/acer/.local/share/virtualenvs/custom_airflow-E5ZHcY_K/lib/python3.12/site-packages/airflow/example_dags/example_setup_teardown.py
[2024-07-06T22:02:17.265+0700] {logging_mixin.py:188} INFO - [2024-07-06T22:02:17.264+0700] {dag.py:3096} INFO - Sync 1 DAGs
[2024-07-06T22:02:17.285+0700] {logging_mixin.py:188} INFO - [2024-07-06T22:02:17.285+0700] {dag.py:3954} INFO - Setting next_dagrun for example_setup_teardown to 2024-07-05 00:00:00+00:00, run_after=2024-07-06 00:00:00+00:00
[2024-07-06T22:02:17.316+0700] {processor.py:183} INFO - Processing /home/acer/.local/share/virtualenvs/custom_airflow-E5ZHcY_K/lib/python3.12/site-packages/airflow/example_dags/example_setup_teardown.py took 0.091 seconds
[2024-07-06T22:03:13.006+0700] {processor.py:161} INFO - Started process (PID=16410) to work on /home/acer/.local/share/virtualenvs/custom_airflow-E5ZHcY_K/lib/python3.12/site-packages/airflow/example_dags/example_setup_teardown.py
[2024-07-06T22:03:13.007+0700] {processor.py:830} INFO - Processing file /home/acer/.local/share/virtualenvs/custom_airflow-E5ZHcY_K/lib/python3.12/site-packages/airflow/example_dags/example_setup_teardown.py for tasks to queue
[2024-07-06T22:03:13.009+0700] {logging_mixin.py:188} INFO - [2024-07-06T22:03:13.008+0700] {dagbag.py:545} INFO - Filling up the DagBag from /home/acer/.local/share/virtualenvs/custom_airflow-E5ZHcY_K/lib/python3.12/site-packages/airflow/example_dags/example_setup_teardown.py
[2024-07-06T22:03:13.015+0700] {processor.py:840} INFO - DAG(s) 'example_setup_teardown' retrieved from /home/acer/.local/share/virtualenvs/custom_airflow-E5ZHcY_K/lib/python3.12/site-packages/airflow/example_dags/example_setup_teardown.py
[2024-07-06T22:03:13.033+0700] {logging_mixin.py:188} INFO - [2024-07-06T22:03:13.033+0700] {dag.py:3096} INFO - Sync 1 DAGs
[2024-07-06T22:03:13.057+0700] {logging_mixin.py:188} INFO - [2024-07-06T22:03:13.057+0700] {dag.py:3954} INFO - Setting next_dagrun for example_setup_teardown to 2024-07-05 00:00:00+00:00, run_after=2024-07-06 00:00:00+00:00
[2024-07-06T22:03:13.079+0700] {processor.py:183} INFO - Processing /home/acer/.local/share/virtualenvs/custom_airflow-E5ZHcY_K/lib/python3.12/site-packages/airflow/example_dags/example_setup_teardown.py took 0.079 seconds
[2024-07-06T22:04:03.111+0700] {processor.py:161} INFO - Started process (PID=16639) to work on /home/acer/.local/share/virtualenvs/custom_airflow-E5ZHcY_K/lib/python3.12/site-packages/airflow/example_dags/example_setup_teardown.py
[2024-07-06T22:04:03.114+0700] {processor.py:830} INFO - Processing file /home/acer/.local/share/virtualenvs/custom_airflow-E5ZHcY_K/lib/python3.12/site-packages/airflow/example_dags/example_setup_teardown.py for tasks to queue
[2024-07-06T22:04:03.119+0700] {logging_mixin.py:188} INFO - [2024-07-06T22:04:03.118+0700] {dagbag.py:545} INFO - Filling up the DagBag from /home/acer/.local/share/virtualenvs/custom_airflow-E5ZHcY_K/lib/python3.12/site-packages/airflow/example_dags/example_setup_teardown.py
[2024-07-06T22:04:03.130+0700] {processor.py:840} INFO - DAG(s) 'example_setup_teardown' retrieved from /home/acer/.local/share/virtualenvs/custom_airflow-E5ZHcY_K/lib/python3.12/site-packages/airflow/example_dags/example_setup_teardown.py
[2024-07-06T22:04:03.147+0700] {logging_mixin.py:188} INFO - [2024-07-06T22:04:03.147+0700] {dag.py:3096} INFO - Sync 1 DAGs
[2024-07-06T22:04:03.168+0700] {logging_mixin.py:188} INFO - [2024-07-06T22:04:03.168+0700] {dag.py:3954} INFO - Setting next_dagrun for example_setup_teardown to 2024-07-05 00:00:00+00:00, run_after=2024-07-06 00:00:00+00:00
[2024-07-06T22:04:03.188+0700] {processor.py:183} INFO - Processing /home/acer/.local/share/virtualenvs/custom_airflow-E5ZHcY_K/lib/python3.12/site-packages/airflow/example_dags/example_setup_teardown.py took 0.092 seconds
[2024-07-06T22:05:23.166+0700] {processor.py:161} INFO - Started process (PID=17657) to work on /home/acer/.local/share/virtualenvs/custom_airflow-E5ZHcY_K/lib/python3.12/site-packages/airflow/example_dags/example_setup_teardown.py
[2024-07-06T22:05:23.167+0700] {processor.py:830} INFO - Processing file /home/acer/.local/share/virtualenvs/custom_airflow-E5ZHcY_K/lib/python3.12/site-packages/airflow/example_dags/example_setup_teardown.py for tasks to queue
[2024-07-06T22:05:23.168+0700] {logging_mixin.py:188} INFO - [2024-07-06T22:05:23.168+0700] {dagbag.py:545} INFO - Filling up the DagBag from /home/acer/.local/share/virtualenvs/custom_airflow-E5ZHcY_K/lib/python3.12/site-packages/airflow/example_dags/example_setup_teardown.py
[2024-07-06T22:05:23.175+0700] {processor.py:840} INFO - DAG(s) 'example_setup_teardown' retrieved from /home/acer/.local/share/virtualenvs/custom_airflow-E5ZHcY_K/lib/python3.12/site-packages/airflow/example_dags/example_setup_teardown.py
[2024-07-06T22:05:23.191+0700] {logging_mixin.py:188} INFO - [2024-07-06T22:05:23.190+0700] {dag.py:3096} INFO - Sync 1 DAGs
[2024-07-06T22:05:23.211+0700] {logging_mixin.py:188} INFO - [2024-07-06T22:05:23.211+0700] {dag.py:3954} INFO - Setting next_dagrun for example_setup_teardown to 2024-07-05 00:00:00+00:00, run_after=2024-07-06 00:00:00+00:00
[2024-07-06T22:05:23.231+0700] {processor.py:183} INFO - Processing /home/acer/.local/share/virtualenvs/custom_airflow-E5ZHcY_K/lib/python3.12/site-packages/airflow/example_dags/example_setup_teardown.py took 0.071 seconds
[2024-07-06T22:06:14.300+0700] {processor.py:161} INFO - Started process (PID=17911) to work on /home/acer/.local/share/virtualenvs/custom_airflow-E5ZHcY_K/lib/python3.12/site-packages/airflow/example_dags/example_setup_teardown.py
[2024-07-06T22:06:14.301+0700] {processor.py:830} INFO - Processing file /home/acer/.local/share/virtualenvs/custom_airflow-E5ZHcY_K/lib/python3.12/site-packages/airflow/example_dags/example_setup_teardown.py for tasks to queue
[2024-07-06T22:06:14.305+0700] {logging_mixin.py:188} INFO - [2024-07-06T22:06:14.304+0700] {dagbag.py:545} INFO - Filling up the DagBag from /home/acer/.local/share/virtualenvs/custom_airflow-E5ZHcY_K/lib/python3.12/site-packages/airflow/example_dags/example_setup_teardown.py
[2024-07-06T22:06:14.314+0700] {processor.py:840} INFO - DAG(s) 'example_setup_teardown' retrieved from /home/acer/.local/share/virtualenvs/custom_airflow-E5ZHcY_K/lib/python3.12/site-packages/airflow/example_dags/example_setup_teardown.py
[2024-07-06T22:06:14.331+0700] {logging_mixin.py:188} INFO - [2024-07-06T22:06:14.331+0700] {dag.py:3096} INFO - Sync 1 DAGs
[2024-07-06T22:06:14.353+0700] {logging_mixin.py:188} INFO - [2024-07-06T22:06:14.353+0700] {dag.py:3954} INFO - Setting next_dagrun for example_setup_teardown to 2024-07-05 00:00:00+00:00, run_after=2024-07-06 00:00:00+00:00
[2024-07-06T22:06:14.375+0700] {processor.py:183} INFO - Processing /home/acer/.local/share/virtualenvs/custom_airflow-E5ZHcY_K/lib/python3.12/site-packages/airflow/example_dags/example_setup_teardown.py took 0.087 seconds
[2024-07-06T22:07:11.888+0700] {processor.py:161} INFO - Started process (PID=18418) to work on /home/acer/.local/share/virtualenvs/custom_airflow-E5ZHcY_K/lib/python3.12/site-packages/airflow/example_dags/example_setup_teardown.py
[2024-07-06T22:07:11.890+0700] {processor.py:830} INFO - Processing file /home/acer/.local/share/virtualenvs/custom_airflow-E5ZHcY_K/lib/python3.12/site-packages/airflow/example_dags/example_setup_teardown.py for tasks to queue
[2024-07-06T22:07:11.892+0700] {logging_mixin.py:188} INFO - [2024-07-06T22:07:11.891+0700] {dagbag.py:545} INFO - Filling up the DagBag from /home/acer/.local/share/virtualenvs/custom_airflow-E5ZHcY_K/lib/python3.12/site-packages/airflow/example_dags/example_setup_teardown.py
[2024-07-06T22:07:11.904+0700] {processor.py:840} INFO - DAG(s) 'example_setup_teardown' retrieved from /home/acer/.local/share/virtualenvs/custom_airflow-E5ZHcY_K/lib/python3.12/site-packages/airflow/example_dags/example_setup_teardown.py
[2024-07-06T22:07:11.926+0700] {logging_mixin.py:188} INFO - [2024-07-06T22:07:11.926+0700] {dag.py:3096} INFO - Sync 1 DAGs
[2024-07-06T22:07:11.961+0700] {logging_mixin.py:188} INFO - [2024-07-06T22:07:11.961+0700] {dag.py:3954} INFO - Setting next_dagrun for example_setup_teardown to 2024-07-05 00:00:00+00:00, run_after=2024-07-06 00:00:00+00:00
[2024-07-06T22:07:11.987+0700] {processor.py:183} INFO - Processing /home/acer/.local/share/virtualenvs/custom_airflow-E5ZHcY_K/lib/python3.12/site-packages/airflow/example_dags/example_setup_teardown.py took 0.108 seconds
[2024-07-06T22:08:07.165+0700] {processor.py:161} INFO - Started process (PID=18768) to work on /home/acer/.local/share/virtualenvs/custom_airflow-E5ZHcY_K/lib/python3.12/site-packages/airflow/example_dags/example_setup_teardown.py
[2024-07-06T22:08:07.166+0700] {processor.py:830} INFO - Processing file /home/acer/.local/share/virtualenvs/custom_airflow-E5ZHcY_K/lib/python3.12/site-packages/airflow/example_dags/example_setup_teardown.py for tasks to queue
[2024-07-06T22:08:07.169+0700] {logging_mixin.py:188} INFO - [2024-07-06T22:08:07.169+0700] {dagbag.py:545} INFO - Filling up the DagBag from /home/acer/.local/share/virtualenvs/custom_airflow-E5ZHcY_K/lib/python3.12/site-packages/airflow/example_dags/example_setup_teardown.py
[2024-07-06T22:08:07.183+0700] {processor.py:840} INFO - DAG(s) 'example_setup_teardown' retrieved from /home/acer/.local/share/virtualenvs/custom_airflow-E5ZHcY_K/lib/python3.12/site-packages/airflow/example_dags/example_setup_teardown.py
[2024-07-06T22:08:07.211+0700] {logging_mixin.py:188} INFO - [2024-07-06T22:08:07.211+0700] {dag.py:3096} INFO - Sync 1 DAGs
[2024-07-06T22:08:07.236+0700] {logging_mixin.py:188} INFO - [2024-07-06T22:08:07.235+0700] {dag.py:3954} INFO - Setting next_dagrun for example_setup_teardown to 2024-07-05 00:00:00+00:00, run_after=2024-07-06 00:00:00+00:00
[2024-07-06T22:08:07.261+0700] {processor.py:183} INFO - Processing /home/acer/.local/share/virtualenvs/custom_airflow-E5ZHcY_K/lib/python3.12/site-packages/airflow/example_dags/example_setup_teardown.py took 0.102 seconds
[2024-07-06T22:09:02.514+0700] {processor.py:161} INFO - Started process (PID=19052) to work on /home/acer/.local/share/virtualenvs/custom_airflow-E5ZHcY_K/lib/python3.12/site-packages/airflow/example_dags/example_setup_teardown.py
[2024-07-06T22:09:02.515+0700] {processor.py:830} INFO - Processing file /home/acer/.local/share/virtualenvs/custom_airflow-E5ZHcY_K/lib/python3.12/site-packages/airflow/example_dags/example_setup_teardown.py for tasks to queue
[2024-07-06T22:09:02.519+0700] {logging_mixin.py:188} INFO - [2024-07-06T22:09:02.518+0700] {dagbag.py:545} INFO - Filling up the DagBag from /home/acer/.local/share/virtualenvs/custom_airflow-E5ZHcY_K/lib/python3.12/site-packages/airflow/example_dags/example_setup_teardown.py
[2024-07-06T22:09:02.533+0700] {processor.py:840} INFO - DAG(s) 'example_setup_teardown' retrieved from /home/acer/.local/share/virtualenvs/custom_airflow-E5ZHcY_K/lib/python3.12/site-packages/airflow/example_dags/example_setup_teardown.py
[2024-07-06T22:09:02.570+0700] {logging_mixin.py:188} INFO - [2024-07-06T22:09:02.570+0700] {dag.py:3096} INFO - Sync 1 DAGs
[2024-07-06T22:09:02.607+0700] {logging_mixin.py:188} INFO - [2024-07-06T22:09:02.607+0700] {dag.py:3954} INFO - Setting next_dagrun for example_setup_teardown to 2024-07-05 00:00:00+00:00, run_after=2024-07-06 00:00:00+00:00
[2024-07-06T22:09:02.638+0700] {processor.py:183} INFO - Processing /home/acer/.local/share/virtualenvs/custom_airflow-E5ZHcY_K/lib/python3.12/site-packages/airflow/example_dags/example_setup_teardown.py took 0.137 seconds
[2024-07-06T22:10:03.497+0700] {processor.py:161} INFO - Started process (PID=19377) to work on /home/acer/.local/share/virtualenvs/custom_airflow-E5ZHcY_K/lib/python3.12/site-packages/airflow/example_dags/example_setup_teardown.py
[2024-07-06T22:10:03.500+0700] {processor.py:830} INFO - Processing file /home/acer/.local/share/virtualenvs/custom_airflow-E5ZHcY_K/lib/python3.12/site-packages/airflow/example_dags/example_setup_teardown.py for tasks to queue
[2024-07-06T22:10:03.503+0700] {logging_mixin.py:188} INFO - [2024-07-06T22:10:03.502+0700] {dagbag.py:545} INFO - Filling up the DagBag from /home/acer/.local/share/virtualenvs/custom_airflow-E5ZHcY_K/lib/python3.12/site-packages/airflow/example_dags/example_setup_teardown.py
[2024-07-06T22:10:03.515+0700] {processor.py:840} INFO - DAG(s) 'example_setup_teardown' retrieved from /home/acer/.local/share/virtualenvs/custom_airflow-E5ZHcY_K/lib/python3.12/site-packages/airflow/example_dags/example_setup_teardown.py
[2024-07-06T22:10:03.549+0700] {logging_mixin.py:188} INFO - [2024-07-06T22:10:03.549+0700] {dag.py:3096} INFO - Sync 1 DAGs
[2024-07-06T22:10:03.584+0700] {logging_mixin.py:188} INFO - [2024-07-06T22:10:03.584+0700] {dag.py:3954} INFO - Setting next_dagrun for example_setup_teardown to 2024-07-05 00:00:00+00:00, run_after=2024-07-06 00:00:00+00:00
[2024-07-06T22:10:03.617+0700] {processor.py:183} INFO - Processing /home/acer/.local/share/virtualenvs/custom_airflow-E5ZHcY_K/lib/python3.12/site-packages/airflow/example_dags/example_setup_teardown.py took 0.133 seconds
[2024-07-06T22:11:06.543+0700] {processor.py:161} INFO - Started process (PID=19767) to work on /home/acer/.local/share/virtualenvs/custom_airflow-E5ZHcY_K/lib/python3.12/site-packages/airflow/example_dags/example_setup_teardown.py
[2024-07-06T22:11:06.544+0700] {processor.py:830} INFO - Processing file /home/acer/.local/share/virtualenvs/custom_airflow-E5ZHcY_K/lib/python3.12/site-packages/airflow/example_dags/example_setup_teardown.py for tasks to queue
[2024-07-06T22:11:06.548+0700] {logging_mixin.py:188} INFO - [2024-07-06T22:11:06.547+0700] {dagbag.py:545} INFO - Filling up the DagBag from /home/acer/.local/share/virtualenvs/custom_airflow-E5ZHcY_K/lib/python3.12/site-packages/airflow/example_dags/example_setup_teardown.py
[2024-07-06T22:11:06.559+0700] {processor.py:840} INFO - DAG(s) 'example_setup_teardown' retrieved from /home/acer/.local/share/virtualenvs/custom_airflow-E5ZHcY_K/lib/python3.12/site-packages/airflow/example_dags/example_setup_teardown.py
[2024-07-06T22:11:06.589+0700] {logging_mixin.py:188} INFO - [2024-07-06T22:11:06.588+0700] {dag.py:3096} INFO - Sync 1 DAGs
[2024-07-06T22:11:06.626+0700] {logging_mixin.py:188} INFO - [2024-07-06T22:11:06.625+0700] {dag.py:3954} INFO - Setting next_dagrun for example_setup_teardown to 2024-07-05 00:00:00+00:00, run_after=2024-07-06 00:00:00+00:00
[2024-07-06T22:11:06.667+0700] {processor.py:183} INFO - Processing /home/acer/.local/share/virtualenvs/custom_airflow-E5ZHcY_K/lib/python3.12/site-packages/airflow/example_dags/example_setup_teardown.py took 0.131 seconds
[2024-07-06T22:12:07.790+0700] {processor.py:161} INFO - Started process (PID=20077) to work on /home/acer/.local/share/virtualenvs/custom_airflow-E5ZHcY_K/lib/python3.12/site-packages/airflow/example_dags/example_setup_teardown.py
[2024-07-06T22:12:07.792+0700] {processor.py:830} INFO - Processing file /home/acer/.local/share/virtualenvs/custom_airflow-E5ZHcY_K/lib/python3.12/site-packages/airflow/example_dags/example_setup_teardown.py for tasks to queue
[2024-07-06T22:12:07.796+0700] {logging_mixin.py:188} INFO - [2024-07-06T22:12:07.795+0700] {dagbag.py:545} INFO - Filling up the DagBag from /home/acer/.local/share/virtualenvs/custom_airflow-E5ZHcY_K/lib/python3.12/site-packages/airflow/example_dags/example_setup_teardown.py
[2024-07-06T22:12:07.806+0700] {processor.py:840} INFO - DAG(s) 'example_setup_teardown' retrieved from /home/acer/.local/share/virtualenvs/custom_airflow-E5ZHcY_K/lib/python3.12/site-packages/airflow/example_dags/example_setup_teardown.py
[2024-07-06T22:12:07.832+0700] {logging_mixin.py:188} INFO - [2024-07-06T22:12:07.832+0700] {dag.py:3096} INFO - Sync 1 DAGs
[2024-07-06T22:12:07.869+0700] {logging_mixin.py:188} INFO - [2024-07-06T22:12:07.868+0700] {dag.py:3954} INFO - Setting next_dagrun for example_setup_teardown to 2024-07-05 00:00:00+00:00, run_after=2024-07-06 00:00:00+00:00
[2024-07-06T22:12:07.926+0700] {processor.py:183} INFO - Processing /home/acer/.local/share/virtualenvs/custom_airflow-E5ZHcY_K/lib/python3.12/site-packages/airflow/example_dags/example_setup_teardown.py took 0.157 seconds
[2024-07-06T22:13:06.124+0700] {processor.py:161} INFO - Started process (PID=20419) to work on /home/acer/.local/share/virtualenvs/custom_airflow-E5ZHcY_K/lib/python3.12/site-packages/airflow/example_dags/example_setup_teardown.py
[2024-07-06T22:13:06.125+0700] {processor.py:830} INFO - Processing file /home/acer/.local/share/virtualenvs/custom_airflow-E5ZHcY_K/lib/python3.12/site-packages/airflow/example_dags/example_setup_teardown.py for tasks to queue
[2024-07-06T22:13:06.128+0700] {logging_mixin.py:188} INFO - [2024-07-06T22:13:06.128+0700] {dagbag.py:545} INFO - Filling up the DagBag from /home/acer/.local/share/virtualenvs/custom_airflow-E5ZHcY_K/lib/python3.12/site-packages/airflow/example_dags/example_setup_teardown.py
[2024-07-06T22:13:06.142+0700] {processor.py:840} INFO - DAG(s) 'example_setup_teardown' retrieved from /home/acer/.local/share/virtualenvs/custom_airflow-E5ZHcY_K/lib/python3.12/site-packages/airflow/example_dags/example_setup_teardown.py
[2024-07-06T22:13:06.172+0700] {logging_mixin.py:188} INFO - [2024-07-06T22:13:06.172+0700] {dag.py:3096} INFO - Sync 1 DAGs
[2024-07-06T22:13:06.214+0700] {logging_mixin.py:188} INFO - [2024-07-06T22:13:06.213+0700] {dag.py:3954} INFO - Setting next_dagrun for example_setup_teardown to 2024-07-05 00:00:00+00:00, run_after=2024-07-06 00:00:00+00:00
[2024-07-06T22:13:06.267+0700] {processor.py:183} INFO - Processing /home/acer/.local/share/virtualenvs/custom_airflow-E5ZHcY_K/lib/python3.12/site-packages/airflow/example_dags/example_setup_teardown.py took 0.153 seconds
[2024-07-06T22:14:07.233+0700] {processor.py:161} INFO - Started process (PID=20769) to work on /home/acer/.local/share/virtualenvs/custom_airflow-E5ZHcY_K/lib/python3.12/site-packages/airflow/example_dags/example_setup_teardown.py
[2024-07-06T22:14:07.235+0700] {processor.py:830} INFO - Processing file /home/acer/.local/share/virtualenvs/custom_airflow-E5ZHcY_K/lib/python3.12/site-packages/airflow/example_dags/example_setup_teardown.py for tasks to queue
[2024-07-06T22:14:07.237+0700] {logging_mixin.py:188} INFO - [2024-07-06T22:14:07.236+0700] {dagbag.py:545} INFO - Filling up the DagBag from /home/acer/.local/share/virtualenvs/custom_airflow-E5ZHcY_K/lib/python3.12/site-packages/airflow/example_dags/example_setup_teardown.py
[2024-07-06T22:14:07.245+0700] {processor.py:840} INFO - DAG(s) 'example_setup_teardown' retrieved from /home/acer/.local/share/virtualenvs/custom_airflow-E5ZHcY_K/lib/python3.12/site-packages/airflow/example_dags/example_setup_teardown.py
[2024-07-06T22:14:07.262+0700] {logging_mixin.py:188} INFO - [2024-07-06T22:14:07.262+0700] {dag.py:3096} INFO - Sync 1 DAGs
[2024-07-06T22:14:07.284+0700] {logging_mixin.py:188} INFO - [2024-07-06T22:14:07.284+0700] {dag.py:3954} INFO - Setting next_dagrun for example_setup_teardown to 2024-07-05 00:00:00+00:00, run_after=2024-07-06 00:00:00+00:00
[2024-07-06T22:14:07.305+0700] {processor.py:183} INFO - Processing /home/acer/.local/share/virtualenvs/custom_airflow-E5ZHcY_K/lib/python3.12/site-packages/airflow/example_dags/example_setup_teardown.py took 0.084 seconds
[2024-07-06T22:15:10.279+0700] {processor.py:161} INFO - Started process (PID=21129) to work on /home/acer/.local/share/virtualenvs/custom_airflow-E5ZHcY_K/lib/python3.12/site-packages/airflow/example_dags/example_setup_teardown.py
[2024-07-06T22:15:10.282+0700] {processor.py:830} INFO - Processing file /home/acer/.local/share/virtualenvs/custom_airflow-E5ZHcY_K/lib/python3.12/site-packages/airflow/example_dags/example_setup_teardown.py for tasks to queue
[2024-07-06T22:15:10.285+0700] {logging_mixin.py:188} INFO - [2024-07-06T22:15:10.284+0700] {dagbag.py:545} INFO - Filling up the DagBag from /home/acer/.local/share/virtualenvs/custom_airflow-E5ZHcY_K/lib/python3.12/site-packages/airflow/example_dags/example_setup_teardown.py
[2024-07-06T22:15:10.296+0700] {processor.py:840} INFO - DAG(s) 'example_setup_teardown' retrieved from /home/acer/.local/share/virtualenvs/custom_airflow-E5ZHcY_K/lib/python3.12/site-packages/airflow/example_dags/example_setup_teardown.py
[2024-07-06T22:15:10.318+0700] {logging_mixin.py:188} INFO - [2024-07-06T22:15:10.318+0700] {dag.py:3096} INFO - Sync 1 DAGs
[2024-07-06T22:15:10.346+0700] {logging_mixin.py:188} INFO - [2024-07-06T22:15:10.345+0700] {dag.py:3954} INFO - Setting next_dagrun for example_setup_teardown to 2024-07-05 00:00:00+00:00, run_after=2024-07-06 00:00:00+00:00
[2024-07-06T22:15:10.370+0700] {processor.py:183} INFO - Processing /home/acer/.local/share/virtualenvs/custom_airflow-E5ZHcY_K/lib/python3.12/site-packages/airflow/example_dags/example_setup_teardown.py took 0.100 seconds
[2024-07-06T22:16:11.001+0700] {processor.py:161} INFO - Started process (PID=21501) to work on /home/acer/.local/share/virtualenvs/custom_airflow-E5ZHcY_K/lib/python3.12/site-packages/airflow/example_dags/example_setup_teardown.py
[2024-07-06T22:16:11.002+0700] {processor.py:830} INFO - Processing file /home/acer/.local/share/virtualenvs/custom_airflow-E5ZHcY_K/lib/python3.12/site-packages/airflow/example_dags/example_setup_teardown.py for tasks to queue
[2024-07-06T22:16:11.003+0700] {logging_mixin.py:188} INFO - [2024-07-06T22:16:11.003+0700] {dagbag.py:545} INFO - Filling up the DagBag from /home/acer/.local/share/virtualenvs/custom_airflow-E5ZHcY_K/lib/python3.12/site-packages/airflow/example_dags/example_setup_teardown.py
[2024-07-06T22:16:11.012+0700] {processor.py:840} INFO - DAG(s) 'example_setup_teardown' retrieved from /home/acer/.local/share/virtualenvs/custom_airflow-E5ZHcY_K/lib/python3.12/site-packages/airflow/example_dags/example_setup_teardown.py
[2024-07-06T22:16:11.033+0700] {logging_mixin.py:188} INFO - [2024-07-06T22:16:11.033+0700] {dag.py:3096} INFO - Sync 1 DAGs
[2024-07-06T22:16:11.058+0700] {logging_mixin.py:188} INFO - [2024-07-06T22:16:11.058+0700] {dag.py:3954} INFO - Setting next_dagrun for example_setup_teardown to 2024-07-05 00:00:00+00:00, run_after=2024-07-06 00:00:00+00:00
[2024-07-06T22:16:11.090+0700] {processor.py:183} INFO - Processing /home/acer/.local/share/virtualenvs/custom_airflow-E5ZHcY_K/lib/python3.12/site-packages/airflow/example_dags/example_setup_teardown.py took 0.097 seconds
[2024-07-06T22:17:05.022+0700] {processor.py:161} INFO - Started process (PID=21784) to work on /home/acer/.local/share/virtualenvs/custom_airflow-E5ZHcY_K/lib/python3.12/site-packages/airflow/example_dags/example_setup_teardown.py
[2024-07-06T22:17:05.028+0700] {processor.py:830} INFO - Processing file /home/acer/.local/share/virtualenvs/custom_airflow-E5ZHcY_K/lib/python3.12/site-packages/airflow/example_dags/example_setup_teardown.py for tasks to queue
[2024-07-06T22:17:05.033+0700] {logging_mixin.py:188} INFO - [2024-07-06T22:17:05.032+0700] {dagbag.py:545} INFO - Filling up the DagBag from /home/acer/.local/share/virtualenvs/custom_airflow-E5ZHcY_K/lib/python3.12/site-packages/airflow/example_dags/example_setup_teardown.py
[2024-07-06T22:17:05.051+0700] {processor.py:840} INFO - DAG(s) 'example_setup_teardown' retrieved from /home/acer/.local/share/virtualenvs/custom_airflow-E5ZHcY_K/lib/python3.12/site-packages/airflow/example_dags/example_setup_teardown.py
[2024-07-06T22:17:05.076+0700] {logging_mixin.py:188} INFO - [2024-07-06T22:17:05.076+0700] {dag.py:3096} INFO - Sync 1 DAGs
[2024-07-06T22:17:05.103+0700] {logging_mixin.py:188} INFO - [2024-07-06T22:17:05.103+0700] {dag.py:3954} INFO - Setting next_dagrun for example_setup_teardown to 2024-07-05 00:00:00+00:00, run_after=2024-07-06 00:00:00+00:00
[2024-07-06T22:17:05.134+0700] {processor.py:183} INFO - Processing /home/acer/.local/share/virtualenvs/custom_airflow-E5ZHcY_K/lib/python3.12/site-packages/airflow/example_dags/example_setup_teardown.py took 0.134 seconds
[2024-07-06T22:18:08.443+0700] {processor.py:161} INFO - Started process (PID=22136) to work on /home/acer/.local/share/virtualenvs/custom_airflow-E5ZHcY_K/lib/python3.12/site-packages/airflow/example_dags/example_setup_teardown.py
[2024-07-06T22:18:08.444+0700] {processor.py:830} INFO - Processing file /home/acer/.local/share/virtualenvs/custom_airflow-E5ZHcY_K/lib/python3.12/site-packages/airflow/example_dags/example_setup_teardown.py for tasks to queue
[2024-07-06T22:18:08.447+0700] {logging_mixin.py:188} INFO - [2024-07-06T22:18:08.446+0700] {dagbag.py:545} INFO - Filling up the DagBag from /home/acer/.local/share/virtualenvs/custom_airflow-E5ZHcY_K/lib/python3.12/site-packages/airflow/example_dags/example_setup_teardown.py
[2024-07-06T22:18:08.459+0700] {processor.py:840} INFO - DAG(s) 'example_setup_teardown' retrieved from /home/acer/.local/share/virtualenvs/custom_airflow-E5ZHcY_K/lib/python3.12/site-packages/airflow/example_dags/example_setup_teardown.py
[2024-07-06T22:18:08.480+0700] {logging_mixin.py:188} INFO - [2024-07-06T22:18:08.479+0700] {dag.py:3096} INFO - Sync 1 DAGs
[2024-07-06T22:18:08.510+0700] {logging_mixin.py:188} INFO - [2024-07-06T22:18:08.510+0700] {dag.py:3954} INFO - Setting next_dagrun for example_setup_teardown to 2024-07-05 00:00:00+00:00, run_after=2024-07-06 00:00:00+00:00
[2024-07-06T22:18:08.541+0700] {processor.py:183} INFO - Processing /home/acer/.local/share/virtualenvs/custom_airflow-E5ZHcY_K/lib/python3.12/site-packages/airflow/example_dags/example_setup_teardown.py took 0.109 seconds
[2024-07-06T22:19:11.120+0700] {processor.py:161} INFO - Started process (PID=22451) to work on /home/acer/.local/share/virtualenvs/custom_airflow-E5ZHcY_K/lib/python3.12/site-packages/airflow/example_dags/example_setup_teardown.py
[2024-07-06T22:19:11.122+0700] {processor.py:830} INFO - Processing file /home/acer/.local/share/virtualenvs/custom_airflow-E5ZHcY_K/lib/python3.12/site-packages/airflow/example_dags/example_setup_teardown.py for tasks to queue
[2024-07-06T22:19:11.128+0700] {logging_mixin.py:188} INFO - [2024-07-06T22:19:11.127+0700] {dagbag.py:545} INFO - Filling up the DagBag from /home/acer/.local/share/virtualenvs/custom_airflow-E5ZHcY_K/lib/python3.12/site-packages/airflow/example_dags/example_setup_teardown.py
[2024-07-06T22:19:11.137+0700] {processor.py:840} INFO - DAG(s) 'example_setup_teardown' retrieved from /home/acer/.local/share/virtualenvs/custom_airflow-E5ZHcY_K/lib/python3.12/site-packages/airflow/example_dags/example_setup_teardown.py
[2024-07-06T22:19:11.163+0700] {logging_mixin.py:188} INFO - [2024-07-06T22:19:11.163+0700] {dag.py:3096} INFO - Sync 1 DAGs
[2024-07-06T22:19:11.193+0700] {logging_mixin.py:188} INFO - [2024-07-06T22:19:11.193+0700] {dag.py:3954} INFO - Setting next_dagrun for example_setup_teardown to 2024-07-05 00:00:00+00:00, run_after=2024-07-06 00:00:00+00:00
[2024-07-06T22:19:11.312+0700] {processor.py:183} INFO - Processing /home/acer/.local/share/virtualenvs/custom_airflow-E5ZHcY_K/lib/python3.12/site-packages/airflow/example_dags/example_setup_teardown.py took 0.210 seconds
[2024-07-06T22:20:13.498+0700] {processor.py:161} INFO - Started process (PID=22796) to work on /home/acer/.local/share/virtualenvs/custom_airflow-E5ZHcY_K/lib/python3.12/site-packages/airflow/example_dags/example_setup_teardown.py
[2024-07-06T22:20:13.501+0700] {processor.py:830} INFO - Processing file /home/acer/.local/share/virtualenvs/custom_airflow-E5ZHcY_K/lib/python3.12/site-packages/airflow/example_dags/example_setup_teardown.py for tasks to queue
[2024-07-06T22:20:13.506+0700] {logging_mixin.py:188} INFO - [2024-07-06T22:20:13.505+0700] {dagbag.py:545} INFO - Filling up the DagBag from /home/acer/.local/share/virtualenvs/custom_airflow-E5ZHcY_K/lib/python3.12/site-packages/airflow/example_dags/example_setup_teardown.py
[2024-07-06T22:20:13.521+0700] {processor.py:840} INFO - DAG(s) 'example_setup_teardown' retrieved from /home/acer/.local/share/virtualenvs/custom_airflow-E5ZHcY_K/lib/python3.12/site-packages/airflow/example_dags/example_setup_teardown.py
[2024-07-06T22:20:13.552+0700] {logging_mixin.py:188} INFO - [2024-07-06T22:20:13.552+0700] {dag.py:3096} INFO - Sync 1 DAGs
[2024-07-06T22:20:13.578+0700] {logging_mixin.py:188} INFO - [2024-07-06T22:20:13.578+0700] {dag.py:3954} INFO - Setting next_dagrun for example_setup_teardown to 2024-07-05 00:00:00+00:00, run_after=2024-07-06 00:00:00+00:00
[2024-07-06T22:20:13.608+0700] {processor.py:183} INFO - Processing /home/acer/.local/share/virtualenvs/custom_airflow-E5ZHcY_K/lib/python3.12/site-packages/airflow/example_dags/example_setup_teardown.py took 0.136 seconds
