[2024-07-06T16:08:54.776+0700] {processor.py:161} INFO - Started process (PID=51158) to work on /home/acer/.local/share/virtualenvs/custom_airflow-E5ZHcY_K/lib/python3.12/site-packages/airflow/example_dags/example_short_circuit_operator.py
[2024-07-06T16:08:54.777+0700] {processor.py:830} INFO - Processing file /home/acer/.local/share/virtualenvs/custom_airflow-E5ZHcY_K/lib/python3.12/site-packages/airflow/example_dags/example_short_circuit_operator.py for tasks to queue
[2024-07-06T16:08:54.780+0700] {logging_mixin.py:188} INFO - [2024-07-06T16:08:54.779+0700] {dagbag.py:545} INFO - Filling up the DagBag from /home/acer/.local/share/virtualenvs/custom_airflow-E5ZHcY_K/lib/python3.12/site-packages/airflow/example_dags/example_short_circuit_operator.py
[2024-07-06T16:08:54.797+0700] {processor.py:840} INFO - DAG(s) 'example_short_circuit_operator' retrieved from /home/acer/.local/share/virtualenvs/custom_airflow-E5ZHcY_K/lib/python3.12/site-packages/airflow/example_dags/example_short_circuit_operator.py
[2024-07-06T16:08:54.923+0700] {logging_mixin.py:188} INFO - [2024-07-06T16:08:54.922+0700] {override.py:1847} INFO - Created Permission View: can delete on DAG:example_short_circuit_operator
[2024-07-06T16:08:54.934+0700] {logging_mixin.py:188} INFO - [2024-07-06T16:08:54.934+0700] {override.py:1847} INFO - Created Permission View: can edit on DAG:example_short_circuit_operator
[2024-07-06T16:08:54.948+0700] {logging_mixin.py:188} INFO - [2024-07-06T16:08:54.948+0700] {override.py:1847} INFO - Created Permission View: can read on DAG:example_short_circuit_operator
[2024-07-06T16:08:54.948+0700] {logging_mixin.py:188} INFO - [2024-07-06T16:08:54.948+0700] {dag.py:3096} INFO - Sync 1 DAGs
[2024-07-06T16:08:54.959+0700] {logging_mixin.py:188} INFO - [2024-07-06T16:08:54.959+0700] {dag.py:3118} INFO - Creating ORM DAG for example_short_circuit_operator
[2024-07-06T16:08:54.968+0700] {logging_mixin.py:188} INFO - [2024-07-06T16:08:54.968+0700] {dag.py:3954} INFO - Setting next_dagrun for example_short_circuit_operator to 2024-07-05 00:00:00+00:00, run_after=2024-07-06 00:00:00+00:00
[2024-07-06T16:08:54.999+0700] {processor.py:183} INFO - Processing /home/acer/.local/share/virtualenvs/custom_airflow-E5ZHcY_K/lib/python3.12/site-packages/airflow/example_dags/example_short_circuit_operator.py took 0.234 seconds
[2024-07-06T16:09:54.484+0700] {processor.py:161} INFO - Started process (PID=51595) to work on /home/acer/.local/share/virtualenvs/custom_airflow-E5ZHcY_K/lib/python3.12/site-packages/airflow/example_dags/example_short_circuit_operator.py
[2024-07-06T16:09:54.485+0700] {processor.py:830} INFO - Processing file /home/acer/.local/share/virtualenvs/custom_airflow-E5ZHcY_K/lib/python3.12/site-packages/airflow/example_dags/example_short_circuit_operator.py for tasks to queue
[2024-07-06T16:09:54.486+0700] {logging_mixin.py:188} INFO - [2024-07-06T16:09:54.486+0700] {dagbag.py:545} INFO - Filling up the DagBag from /home/acer/.local/share/virtualenvs/custom_airflow-E5ZHcY_K/lib/python3.12/site-packages/airflow/example_dags/example_short_circuit_operator.py
[2024-07-06T16:09:54.494+0700] {processor.py:840} INFO - DAG(s) 'example_short_circuit_operator' retrieved from /home/acer/.local/share/virtualenvs/custom_airflow-E5ZHcY_K/lib/python3.12/site-packages/airflow/example_dags/example_short_circuit_operator.py
[2024-07-06T16:09:54.515+0700] {logging_mixin.py:188} INFO - [2024-07-06T16:09:54.515+0700] {dag.py:3096} INFO - Sync 1 DAGs
[2024-07-06T16:09:54.536+0700] {logging_mixin.py:188} INFO - [2024-07-06T16:09:54.536+0700] {dag.py:3954} INFO - Setting next_dagrun for example_short_circuit_operator to 2024-07-05 00:00:00+00:00, run_after=2024-07-06 00:00:00+00:00
[2024-07-06T16:09:54.557+0700] {processor.py:183} INFO - Processing /home/acer/.local/share/virtualenvs/custom_airflow-E5ZHcY_K/lib/python3.12/site-packages/airflow/example_dags/example_short_circuit_operator.py took 0.079 seconds
[2024-07-06T16:10:46.668+0700] {processor.py:161} INFO - Started process (PID=52112) to work on /home/acer/.local/share/virtualenvs/custom_airflow-E5ZHcY_K/lib/python3.12/site-packages/airflow/example_dags/example_short_circuit_operator.py
[2024-07-06T16:10:46.671+0700] {processor.py:830} INFO - Processing file /home/acer/.local/share/virtualenvs/custom_airflow-E5ZHcY_K/lib/python3.12/site-packages/airflow/example_dags/example_short_circuit_operator.py for tasks to queue
[2024-07-06T16:10:46.673+0700] {logging_mixin.py:188} INFO - [2024-07-06T16:10:46.672+0700] {dagbag.py:545} INFO - Filling up the DagBag from /home/acer/.local/share/virtualenvs/custom_airflow-E5ZHcY_K/lib/python3.12/site-packages/airflow/example_dags/example_short_circuit_operator.py
[2024-07-06T16:10:46.693+0700] {processor.py:840} INFO - DAG(s) 'example_short_circuit_operator' retrieved from /home/acer/.local/share/virtualenvs/custom_airflow-E5ZHcY_K/lib/python3.12/site-packages/airflow/example_dags/example_short_circuit_operator.py
[2024-07-06T16:10:46.718+0700] {logging_mixin.py:188} INFO - [2024-07-06T16:10:46.718+0700] {dag.py:3096} INFO - Sync 1 DAGs
[2024-07-06T16:10:46.740+0700] {logging_mixin.py:188} INFO - [2024-07-06T16:10:46.740+0700] {dag.py:3954} INFO - Setting next_dagrun for example_short_circuit_operator to 2024-07-05 00:00:00+00:00, run_after=2024-07-06 00:00:00+00:00
[2024-07-06T16:10:46.764+0700] {processor.py:183} INFO - Processing /home/acer/.local/share/virtualenvs/custom_airflow-E5ZHcY_K/lib/python3.12/site-packages/airflow/example_dags/example_short_circuit_operator.py took 0.108 seconds
[2024-07-06T16:11:41.672+0700] {processor.py:161} INFO - Started process (PID=52532) to work on /home/acer/.local/share/virtualenvs/custom_airflow-E5ZHcY_K/lib/python3.12/site-packages/airflow/example_dags/example_short_circuit_operator.py
[2024-07-06T16:11:41.674+0700] {processor.py:830} INFO - Processing file /home/acer/.local/share/virtualenvs/custom_airflow-E5ZHcY_K/lib/python3.12/site-packages/airflow/example_dags/example_short_circuit_operator.py for tasks to queue
[2024-07-06T16:11:41.675+0700] {logging_mixin.py:188} INFO - [2024-07-06T16:11:41.674+0700] {dagbag.py:545} INFO - Filling up the DagBag from /home/acer/.local/share/virtualenvs/custom_airflow-E5ZHcY_K/lib/python3.12/site-packages/airflow/example_dags/example_short_circuit_operator.py
[2024-07-06T16:11:41.694+0700] {processor.py:840} INFO - DAG(s) 'example_short_circuit_operator' retrieved from /home/acer/.local/share/virtualenvs/custom_airflow-E5ZHcY_K/lib/python3.12/site-packages/airflow/example_dags/example_short_circuit_operator.py
[2024-07-06T16:11:41.723+0700] {logging_mixin.py:188} INFO - [2024-07-06T16:11:41.723+0700] {dag.py:3096} INFO - Sync 1 DAGs
[2024-07-06T16:11:41.750+0700] {logging_mixin.py:188} INFO - [2024-07-06T16:11:41.750+0700] {dag.py:3954} INFO - Setting next_dagrun for example_short_circuit_operator to 2024-07-05 00:00:00+00:00, run_after=2024-07-06 00:00:00+00:00
[2024-07-06T16:11:41.770+0700] {processor.py:183} INFO - Processing /home/acer/.local/share/virtualenvs/custom_airflow-E5ZHcY_K/lib/python3.12/site-packages/airflow/example_dags/example_short_circuit_operator.py took 0.108 seconds
[2024-07-06T16:15:45.018+0700] {processor.py:161} INFO - Started process (PID=54729) to work on /home/acer/.local/share/virtualenvs/custom_airflow-E5ZHcY_K/lib/python3.12/site-packages/airflow/example_dags/example_short_circuit_operator.py
[2024-07-06T16:15:45.019+0700] {processor.py:830} INFO - Processing file /home/acer/.local/share/virtualenvs/custom_airflow-E5ZHcY_K/lib/python3.12/site-packages/airflow/example_dags/example_short_circuit_operator.py for tasks to queue
[2024-07-06T16:15:45.021+0700] {logging_mixin.py:188} INFO - [2024-07-06T16:15:45.021+0700] {dagbag.py:545} INFO - Filling up the DagBag from /home/acer/.local/share/virtualenvs/custom_airflow-E5ZHcY_K/lib/python3.12/site-packages/airflow/example_dags/example_short_circuit_operator.py
[2024-07-06T16:15:45.041+0700] {processor.py:840} INFO - DAG(s) 'example_short_circuit_operator' retrieved from /home/acer/.local/share/virtualenvs/custom_airflow-E5ZHcY_K/lib/python3.12/site-packages/airflow/example_dags/example_short_circuit_operator.py
[2024-07-06T16:15:45.224+0700] {logging_mixin.py:188} INFO - [2024-07-06T16:15:45.223+0700] {dag.py:3096} INFO - Sync 1 DAGs
[2024-07-06T16:15:45.259+0700] {logging_mixin.py:188} INFO - [2024-07-06T16:15:45.259+0700] {dag.py:3954} INFO - Setting next_dagrun for example_short_circuit_operator to 2024-07-05 00:00:00+00:00, run_after=2024-07-06 00:00:00+00:00
[2024-07-06T16:15:45.297+0700] {processor.py:183} INFO - Processing /home/acer/.local/share/virtualenvs/custom_airflow-E5ZHcY_K/lib/python3.12/site-packages/airflow/example_dags/example_short_circuit_operator.py took 0.285 seconds
[2024-07-06T16:16:44.285+0700] {processor.py:161} INFO - Started process (PID=55291) to work on /home/acer/.local/share/virtualenvs/custom_airflow-E5ZHcY_K/lib/python3.12/site-packages/airflow/example_dags/example_short_circuit_operator.py
[2024-07-06T16:16:44.286+0700] {processor.py:830} INFO - Processing file /home/acer/.local/share/virtualenvs/custom_airflow-E5ZHcY_K/lib/python3.12/site-packages/airflow/example_dags/example_short_circuit_operator.py for tasks to queue
[2024-07-06T16:16:44.288+0700] {logging_mixin.py:188} INFO - [2024-07-06T16:16:44.288+0700] {dagbag.py:545} INFO - Filling up the DagBag from /home/acer/.local/share/virtualenvs/custom_airflow-E5ZHcY_K/lib/python3.12/site-packages/airflow/example_dags/example_short_circuit_operator.py
[2024-07-06T16:16:44.296+0700] {processor.py:840} INFO - DAG(s) 'example_short_circuit_operator' retrieved from /home/acer/.local/share/virtualenvs/custom_airflow-E5ZHcY_K/lib/python3.12/site-packages/airflow/example_dags/example_short_circuit_operator.py
[2024-07-06T16:16:44.315+0700] {logging_mixin.py:188} INFO - [2024-07-06T16:16:44.315+0700] {dag.py:3096} INFO - Sync 1 DAGs
[2024-07-06T16:16:44.336+0700] {logging_mixin.py:188} INFO - [2024-07-06T16:16:44.335+0700] {dag.py:3954} INFO - Setting next_dagrun for example_short_circuit_operator to 2024-07-05 00:00:00+00:00, run_after=2024-07-06 00:00:00+00:00
[2024-07-06T16:16:44.357+0700] {processor.py:183} INFO - Processing /home/acer/.local/share/virtualenvs/custom_airflow-E5ZHcY_K/lib/python3.12/site-packages/airflow/example_dags/example_short_circuit_operator.py took 0.076 seconds
[2024-07-06T16:17:36.299+0700] {processor.py:161} INFO - Started process (PID=55745) to work on /home/acer/.local/share/virtualenvs/custom_airflow-E5ZHcY_K/lib/python3.12/site-packages/airflow/example_dags/example_short_circuit_operator.py
[2024-07-06T16:17:36.300+0700] {processor.py:830} INFO - Processing file /home/acer/.local/share/virtualenvs/custom_airflow-E5ZHcY_K/lib/python3.12/site-packages/airflow/example_dags/example_short_circuit_operator.py for tasks to queue
[2024-07-06T16:17:36.303+0700] {logging_mixin.py:188} INFO - [2024-07-06T16:17:36.302+0700] {dagbag.py:545} INFO - Filling up the DagBag from /home/acer/.local/share/virtualenvs/custom_airflow-E5ZHcY_K/lib/python3.12/site-packages/airflow/example_dags/example_short_circuit_operator.py
[2024-07-06T16:17:36.311+0700] {processor.py:840} INFO - DAG(s) 'example_short_circuit_operator' retrieved from /home/acer/.local/share/virtualenvs/custom_airflow-E5ZHcY_K/lib/python3.12/site-packages/airflow/example_dags/example_short_circuit_operator.py
[2024-07-06T16:17:36.332+0700] {logging_mixin.py:188} INFO - [2024-07-06T16:17:36.332+0700] {dag.py:3096} INFO - Sync 1 DAGs
[2024-07-06T16:17:36.354+0700] {logging_mixin.py:188} INFO - [2024-07-06T16:17:36.354+0700] {dag.py:3954} INFO - Setting next_dagrun for example_short_circuit_operator to 2024-07-05 00:00:00+00:00, run_after=2024-07-06 00:00:00+00:00
[2024-07-06T16:17:36.377+0700] {processor.py:183} INFO - Processing /home/acer/.local/share/virtualenvs/custom_airflow-E5ZHcY_K/lib/python3.12/site-packages/airflow/example_dags/example_short_circuit_operator.py took 0.088 seconds
[2024-07-06T16:18:24.842+0700] {processor.py:161} INFO - Started process (PID=55982) to work on /home/acer/.local/share/virtualenvs/custom_airflow-E5ZHcY_K/lib/python3.12/site-packages/airflow/example_dags/example_short_circuit_operator.py
[2024-07-06T16:18:24.843+0700] {processor.py:830} INFO - Processing file /home/acer/.local/share/virtualenvs/custom_airflow-E5ZHcY_K/lib/python3.12/site-packages/airflow/example_dags/example_short_circuit_operator.py for tasks to queue
[2024-07-06T16:18:24.845+0700] {logging_mixin.py:188} INFO - [2024-07-06T16:18:24.845+0700] {dagbag.py:545} INFO - Filling up the DagBag from /home/acer/.local/share/virtualenvs/custom_airflow-E5ZHcY_K/lib/python3.12/site-packages/airflow/example_dags/example_short_circuit_operator.py
[2024-07-06T16:18:24.853+0700] {processor.py:840} INFO - DAG(s) 'example_short_circuit_operator' retrieved from /home/acer/.local/share/virtualenvs/custom_airflow-E5ZHcY_K/lib/python3.12/site-packages/airflow/example_dags/example_short_circuit_operator.py
[2024-07-06T16:18:24.873+0700] {logging_mixin.py:188} INFO - [2024-07-06T16:18:24.873+0700] {dag.py:3096} INFO - Sync 1 DAGs
[2024-07-06T16:18:24.893+0700] {logging_mixin.py:188} INFO - [2024-07-06T16:18:24.893+0700] {dag.py:3954} INFO - Setting next_dagrun for example_short_circuit_operator to 2024-07-05 00:00:00+00:00, run_after=2024-07-06 00:00:00+00:00
[2024-07-06T16:18:24.915+0700] {processor.py:183} INFO - Processing /home/acer/.local/share/virtualenvs/custom_airflow-E5ZHcY_K/lib/python3.12/site-packages/airflow/example_dags/example_short_circuit_operator.py took 0.079 seconds
[2024-07-06T16:19:13.269+0700] {processor.py:161} INFO - Started process (PID=56231) to work on /home/acer/.local/share/virtualenvs/custom_airflow-E5ZHcY_K/lib/python3.12/site-packages/airflow/example_dags/example_short_circuit_operator.py
[2024-07-06T16:19:13.270+0700] {processor.py:830} INFO - Processing file /home/acer/.local/share/virtualenvs/custom_airflow-E5ZHcY_K/lib/python3.12/site-packages/airflow/example_dags/example_short_circuit_operator.py for tasks to queue
[2024-07-06T16:19:13.273+0700] {logging_mixin.py:188} INFO - [2024-07-06T16:19:13.272+0700] {dagbag.py:545} INFO - Filling up the DagBag from /home/acer/.local/share/virtualenvs/custom_airflow-E5ZHcY_K/lib/python3.12/site-packages/airflow/example_dags/example_short_circuit_operator.py
[2024-07-06T16:19:13.289+0700] {processor.py:840} INFO - DAG(s) 'example_short_circuit_operator' retrieved from /home/acer/.local/share/virtualenvs/custom_airflow-E5ZHcY_K/lib/python3.12/site-packages/airflow/example_dags/example_short_circuit_operator.py
[2024-07-06T16:19:13.326+0700] {logging_mixin.py:188} INFO - [2024-07-06T16:19:13.326+0700] {dag.py:3096} INFO - Sync 1 DAGs
[2024-07-06T16:19:13.367+0700] {logging_mixin.py:188} INFO - [2024-07-06T16:19:13.366+0700] {dag.py:3954} INFO - Setting next_dagrun for example_short_circuit_operator to 2024-07-05 00:00:00+00:00, run_after=2024-07-06 00:00:00+00:00
[2024-07-06T16:19:13.404+0700] {processor.py:183} INFO - Processing /home/acer/.local/share/virtualenvs/custom_airflow-E5ZHcY_K/lib/python3.12/site-packages/airflow/example_dags/example_short_circuit_operator.py took 0.142 seconds
[2024-07-06T16:20:11.941+0700] {processor.py:161} INFO - Started process (PID=57008) to work on /home/acer/.local/share/virtualenvs/custom_airflow-E5ZHcY_K/lib/python3.12/site-packages/airflow/example_dags/example_short_circuit_operator.py
[2024-07-06T16:20:11.943+0700] {processor.py:830} INFO - Processing file /home/acer/.local/share/virtualenvs/custom_airflow-E5ZHcY_K/lib/python3.12/site-packages/airflow/example_dags/example_short_circuit_operator.py for tasks to queue
[2024-07-06T16:20:11.947+0700] {logging_mixin.py:188} INFO - [2024-07-06T16:20:11.946+0700] {dagbag.py:545} INFO - Filling up the DagBag from /home/acer/.local/share/virtualenvs/custom_airflow-E5ZHcY_K/lib/python3.12/site-packages/airflow/example_dags/example_short_circuit_operator.py
[2024-07-06T16:20:11.961+0700] {processor.py:840} INFO - DAG(s) 'example_short_circuit_operator' retrieved from /home/acer/.local/share/virtualenvs/custom_airflow-E5ZHcY_K/lib/python3.12/site-packages/airflow/example_dags/example_short_circuit_operator.py
[2024-07-06T16:20:11.982+0700] {logging_mixin.py:188} INFO - [2024-07-06T16:20:11.982+0700] {dag.py:3096} INFO - Sync 1 DAGs
[2024-07-06T16:20:12.002+0700] {logging_mixin.py:188} INFO - [2024-07-06T16:20:12.002+0700] {dag.py:3954} INFO - Setting next_dagrun for example_short_circuit_operator to 2024-07-05 00:00:00+00:00, run_after=2024-07-06 00:00:00+00:00
[2024-07-06T16:20:12.033+0700] {processor.py:183} INFO - Processing /home/acer/.local/share/virtualenvs/custom_airflow-E5ZHcY_K/lib/python3.12/site-packages/airflow/example_dags/example_short_circuit_operator.py took 0.105 seconds
[2024-07-06T16:21:09.091+0700] {processor.py:161} INFO - Started process (PID=57471) to work on /home/acer/.local/share/virtualenvs/custom_airflow-E5ZHcY_K/lib/python3.12/site-packages/airflow/example_dags/example_short_circuit_operator.py
[2024-07-06T16:21:09.094+0700] {processor.py:830} INFO - Processing file /home/acer/.local/share/virtualenvs/custom_airflow-E5ZHcY_K/lib/python3.12/site-packages/airflow/example_dags/example_short_circuit_operator.py for tasks to queue
[2024-07-06T16:21:09.101+0700] {logging_mixin.py:188} INFO - [2024-07-06T16:21:09.100+0700] {dagbag.py:545} INFO - Filling up the DagBag from /home/acer/.local/share/virtualenvs/custom_airflow-E5ZHcY_K/lib/python3.12/site-packages/airflow/example_dags/example_short_circuit_operator.py
[2024-07-06T16:21:09.115+0700] {processor.py:840} INFO - DAG(s) 'example_short_circuit_operator' retrieved from /home/acer/.local/share/virtualenvs/custom_airflow-E5ZHcY_K/lib/python3.12/site-packages/airflow/example_dags/example_short_circuit_operator.py
[2024-07-06T16:21:09.135+0700] {logging_mixin.py:188} INFO - [2024-07-06T16:21:09.135+0700] {dag.py:3096} INFO - Sync 1 DAGs
[2024-07-06T16:21:09.155+0700] {logging_mixin.py:188} INFO - [2024-07-06T16:21:09.155+0700] {dag.py:3954} INFO - Setting next_dagrun for example_short_circuit_operator to 2024-07-05 00:00:00+00:00, run_after=2024-07-06 00:00:00+00:00
[2024-07-06T16:21:09.176+0700] {processor.py:183} INFO - Processing /home/acer/.local/share/virtualenvs/custom_airflow-E5ZHcY_K/lib/python3.12/site-packages/airflow/example_dags/example_short_circuit_operator.py took 0.104 seconds
[2024-07-06T16:21:58.916+0700] {processor.py:161} INFO - Started process (PID=57785) to work on /home/acer/.local/share/virtualenvs/custom_airflow-E5ZHcY_K/lib/python3.12/site-packages/airflow/example_dags/example_short_circuit_operator.py
[2024-07-06T16:21:58.917+0700] {processor.py:830} INFO - Processing file /home/acer/.local/share/virtualenvs/custom_airflow-E5ZHcY_K/lib/python3.12/site-packages/airflow/example_dags/example_short_circuit_operator.py for tasks to queue
[2024-07-06T16:21:58.919+0700] {logging_mixin.py:188} INFO - [2024-07-06T16:21:58.918+0700] {dagbag.py:545} INFO - Filling up the DagBag from /home/acer/.local/share/virtualenvs/custom_airflow-E5ZHcY_K/lib/python3.12/site-packages/airflow/example_dags/example_short_circuit_operator.py
[2024-07-06T16:21:58.927+0700] {processor.py:840} INFO - DAG(s) 'example_short_circuit_operator' retrieved from /home/acer/.local/share/virtualenvs/custom_airflow-E5ZHcY_K/lib/python3.12/site-packages/airflow/example_dags/example_short_circuit_operator.py
[2024-07-06T16:21:58.946+0700] {logging_mixin.py:188} INFO - [2024-07-06T16:21:58.945+0700] {dag.py:3096} INFO - Sync 1 DAGs
[2024-07-06T16:21:58.966+0700] {logging_mixin.py:188} INFO - [2024-07-06T16:21:58.965+0700] {dag.py:3954} INFO - Setting next_dagrun for example_short_circuit_operator to 2024-07-05 00:00:00+00:00, run_after=2024-07-06 00:00:00+00:00
[2024-07-06T16:21:58.986+0700] {processor.py:183} INFO - Processing /home/acer/.local/share/virtualenvs/custom_airflow-E5ZHcY_K/lib/python3.12/site-packages/airflow/example_dags/example_short_circuit_operator.py took 0.076 seconds
[2024-07-06T16:22:46.552+0700] {processor.py:161} INFO - Started process (PID=58035) to work on /home/acer/.local/share/virtualenvs/custom_airflow-E5ZHcY_K/lib/python3.12/site-packages/airflow/example_dags/example_short_circuit_operator.py
[2024-07-06T16:22:46.553+0700] {processor.py:830} INFO - Processing file /home/acer/.local/share/virtualenvs/custom_airflow-E5ZHcY_K/lib/python3.12/site-packages/airflow/example_dags/example_short_circuit_operator.py for tasks to queue
[2024-07-06T16:22:46.555+0700] {logging_mixin.py:188} INFO - [2024-07-06T16:22:46.555+0700] {dagbag.py:545} INFO - Filling up the DagBag from /home/acer/.local/share/virtualenvs/custom_airflow-E5ZHcY_K/lib/python3.12/site-packages/airflow/example_dags/example_short_circuit_operator.py
[2024-07-06T16:22:46.567+0700] {processor.py:840} INFO - DAG(s) 'example_short_circuit_operator' retrieved from /home/acer/.local/share/virtualenvs/custom_airflow-E5ZHcY_K/lib/python3.12/site-packages/airflow/example_dags/example_short_circuit_operator.py
[2024-07-06T16:22:46.592+0700] {logging_mixin.py:188} INFO - [2024-07-06T16:22:46.591+0700] {dag.py:3096} INFO - Sync 1 DAGs
[2024-07-06T16:22:46.619+0700] {logging_mixin.py:188} INFO - [2024-07-06T16:22:46.618+0700] {dag.py:3954} INFO - Setting next_dagrun for example_short_circuit_operator to 2024-07-05 00:00:00+00:00, run_after=2024-07-06 00:00:00+00:00
[2024-07-06T16:22:46.644+0700] {processor.py:183} INFO - Processing /home/acer/.local/share/virtualenvs/custom_airflow-E5ZHcY_K/lib/python3.12/site-packages/airflow/example_dags/example_short_circuit_operator.py took 0.099 seconds
[2024-07-06T16:24:11.692+0700] {processor.py:161} INFO - Started process (PID=59120) to work on /home/acer/.local/share/virtualenvs/custom_airflow-E5ZHcY_K/lib/python3.12/site-packages/airflow/example_dags/example_short_circuit_operator.py
[2024-07-06T16:24:11.693+0700] {processor.py:830} INFO - Processing file /home/acer/.local/share/virtualenvs/custom_airflow-E5ZHcY_K/lib/python3.12/site-packages/airflow/example_dags/example_short_circuit_operator.py for tasks to queue
[2024-07-06T16:24:11.696+0700] {logging_mixin.py:188} INFO - [2024-07-06T16:24:11.695+0700] {dagbag.py:545} INFO - Filling up the DagBag from /home/acer/.local/share/virtualenvs/custom_airflow-E5ZHcY_K/lib/python3.12/site-packages/airflow/example_dags/example_short_circuit_operator.py
[2024-07-06T16:24:11.706+0700] {processor.py:840} INFO - DAG(s) 'example_short_circuit_operator' retrieved from /home/acer/.local/share/virtualenvs/custom_airflow-E5ZHcY_K/lib/python3.12/site-packages/airflow/example_dags/example_short_circuit_operator.py
[2024-07-06T16:24:11.727+0700] {logging_mixin.py:188} INFO - [2024-07-06T16:24:11.727+0700] {dag.py:3096} INFO - Sync 1 DAGs
[2024-07-06T16:24:11.748+0700] {logging_mixin.py:188} INFO - [2024-07-06T16:24:11.748+0700] {dag.py:3954} INFO - Setting next_dagrun for example_short_circuit_operator to 2024-07-05 00:00:00+00:00, run_after=2024-07-06 00:00:00+00:00
[2024-07-06T16:24:11.771+0700] {processor.py:183} INFO - Processing /home/acer/.local/share/virtualenvs/custom_airflow-E5ZHcY_K/lib/python3.12/site-packages/airflow/example_dags/example_short_circuit_operator.py took 0.090 seconds
[2024-07-06T16:25:07.322+0700] {processor.py:161} INFO - Started process (PID=59527) to work on /home/acer/.local/share/virtualenvs/custom_airflow-E5ZHcY_K/lib/python3.12/site-packages/airflow/example_dags/example_short_circuit_operator.py
[2024-07-06T16:25:07.323+0700] {processor.py:830} INFO - Processing file /home/acer/.local/share/virtualenvs/custom_airflow-E5ZHcY_K/lib/python3.12/site-packages/airflow/example_dags/example_short_circuit_operator.py for tasks to queue
[2024-07-06T16:25:07.325+0700] {logging_mixin.py:188} INFO - [2024-07-06T16:25:07.324+0700] {dagbag.py:545} INFO - Filling up the DagBag from /home/acer/.local/share/virtualenvs/custom_airflow-E5ZHcY_K/lib/python3.12/site-packages/airflow/example_dags/example_short_circuit_operator.py
[2024-07-06T16:25:07.333+0700] {processor.py:840} INFO - DAG(s) 'example_short_circuit_operator' retrieved from /home/acer/.local/share/virtualenvs/custom_airflow-E5ZHcY_K/lib/python3.12/site-packages/airflow/example_dags/example_short_circuit_operator.py
[2024-07-06T16:25:07.352+0700] {logging_mixin.py:188} INFO - [2024-07-06T16:25:07.352+0700] {dag.py:3096} INFO - Sync 1 DAGs
[2024-07-06T16:25:07.373+0700] {logging_mixin.py:188} INFO - [2024-07-06T16:25:07.372+0700] {dag.py:3954} INFO - Setting next_dagrun for example_short_circuit_operator to 2024-07-05 00:00:00+00:00, run_after=2024-07-06 00:00:00+00:00
[2024-07-06T16:25:07.396+0700] {processor.py:183} INFO - Processing /home/acer/.local/share/virtualenvs/custom_airflow-E5ZHcY_K/lib/python3.12/site-packages/airflow/example_dags/example_short_circuit_operator.py took 0.079 seconds
[2024-07-06T16:25:59.389+0700] {processor.py:161} INFO - Started process (PID=59982) to work on /home/acer/.local/share/virtualenvs/custom_airflow-E5ZHcY_K/lib/python3.12/site-packages/airflow/example_dags/example_short_circuit_operator.py
[2024-07-06T16:25:59.390+0700] {processor.py:830} INFO - Processing file /home/acer/.local/share/virtualenvs/custom_airflow-E5ZHcY_K/lib/python3.12/site-packages/airflow/example_dags/example_short_circuit_operator.py for tasks to queue
[2024-07-06T16:25:59.392+0700] {logging_mixin.py:188} INFO - [2024-07-06T16:25:59.391+0700] {dagbag.py:545} INFO - Filling up the DagBag from /home/acer/.local/share/virtualenvs/custom_airflow-E5ZHcY_K/lib/python3.12/site-packages/airflow/example_dags/example_short_circuit_operator.py
[2024-07-06T16:25:59.399+0700] {processor.py:840} INFO - DAG(s) 'example_short_circuit_operator' retrieved from /home/acer/.local/share/virtualenvs/custom_airflow-E5ZHcY_K/lib/python3.12/site-packages/airflow/example_dags/example_short_circuit_operator.py
[2024-07-06T16:25:59.418+0700] {logging_mixin.py:188} INFO - [2024-07-06T16:25:59.418+0700] {dag.py:3096} INFO - Sync 1 DAGs
[2024-07-06T16:25:59.439+0700] {logging_mixin.py:188} INFO - [2024-07-06T16:25:59.439+0700] {dag.py:3954} INFO - Setting next_dagrun for example_short_circuit_operator to 2024-07-05 00:00:00+00:00, run_after=2024-07-06 00:00:00+00:00
[2024-07-06T16:25:59.460+0700] {processor.py:183} INFO - Processing /home/acer/.local/share/virtualenvs/custom_airflow-E5ZHcY_K/lib/python3.12/site-packages/airflow/example_dags/example_short_circuit_operator.py took 0.076 seconds
[2024-07-06T16:26:50.981+0700] {processor.py:161} INFO - Started process (PID=60219) to work on /home/acer/.local/share/virtualenvs/custom_airflow-E5ZHcY_K/lib/python3.12/site-packages/airflow/example_dags/example_short_circuit_operator.py
[2024-07-06T16:26:50.984+0700] {processor.py:830} INFO - Processing file /home/acer/.local/share/virtualenvs/custom_airflow-E5ZHcY_K/lib/python3.12/site-packages/airflow/example_dags/example_short_circuit_operator.py for tasks to queue
[2024-07-06T16:26:50.988+0700] {logging_mixin.py:188} INFO - [2024-07-06T16:26:50.987+0700] {dagbag.py:545} INFO - Filling up the DagBag from /home/acer/.local/share/virtualenvs/custom_airflow-E5ZHcY_K/lib/python3.12/site-packages/airflow/example_dags/example_short_circuit_operator.py
[2024-07-06T16:26:51.000+0700] {processor.py:840} INFO - DAG(s) 'example_short_circuit_operator' retrieved from /home/acer/.local/share/virtualenvs/custom_airflow-E5ZHcY_K/lib/python3.12/site-packages/airflow/example_dags/example_short_circuit_operator.py
[2024-07-06T16:26:51.021+0700] {logging_mixin.py:188} INFO - [2024-07-06T16:26:51.020+0700] {dag.py:3096} INFO - Sync 1 DAGs
[2024-07-06T16:26:51.043+0700] {logging_mixin.py:188} INFO - [2024-07-06T16:26:51.043+0700] {dag.py:3954} INFO - Setting next_dagrun for example_short_circuit_operator to 2024-07-05 00:00:00+00:00, run_after=2024-07-06 00:00:00+00:00
[2024-07-06T16:26:51.064+0700] {processor.py:183} INFO - Processing /home/acer/.local/share/virtualenvs/custom_airflow-E5ZHcY_K/lib/python3.12/site-packages/airflow/example_dags/example_short_circuit_operator.py took 0.102 seconds
[2024-07-06T16:27:37.687+0700] {processor.py:161} INFO - Started process (PID=60482) to work on /home/acer/.local/share/virtualenvs/custom_airflow-E5ZHcY_K/lib/python3.12/site-packages/airflow/example_dags/example_short_circuit_operator.py
[2024-07-06T16:27:37.688+0700] {processor.py:830} INFO - Processing file /home/acer/.local/share/virtualenvs/custom_airflow-E5ZHcY_K/lib/python3.12/site-packages/airflow/example_dags/example_short_circuit_operator.py for tasks to queue
[2024-07-06T16:27:37.691+0700] {logging_mixin.py:188} INFO - [2024-07-06T16:27:37.690+0700] {dagbag.py:545} INFO - Filling up the DagBag from /home/acer/.local/share/virtualenvs/custom_airflow-E5ZHcY_K/lib/python3.12/site-packages/airflow/example_dags/example_short_circuit_operator.py
[2024-07-06T16:27:37.700+0700] {processor.py:840} INFO - DAG(s) 'example_short_circuit_operator' retrieved from /home/acer/.local/share/virtualenvs/custom_airflow-E5ZHcY_K/lib/python3.12/site-packages/airflow/example_dags/example_short_circuit_operator.py
[2024-07-06T16:27:37.722+0700] {logging_mixin.py:188} INFO - [2024-07-06T16:27:37.722+0700] {dag.py:3096} INFO - Sync 1 DAGs
[2024-07-06T16:27:37.743+0700] {logging_mixin.py:188} INFO - [2024-07-06T16:27:37.743+0700] {dag.py:3954} INFO - Setting next_dagrun for example_short_circuit_operator to 2024-07-05 00:00:00+00:00, run_after=2024-07-06 00:00:00+00:00
[2024-07-06T16:27:37.764+0700] {processor.py:183} INFO - Processing /home/acer/.local/share/virtualenvs/custom_airflow-E5ZHcY_K/lib/python3.12/site-packages/airflow/example_dags/example_short_circuit_operator.py took 0.083 seconds
[2024-07-06T16:28:23.219+0700] {processor.py:161} INFO - Started process (PID=60711) to work on /home/acer/.local/share/virtualenvs/custom_airflow-E5ZHcY_K/lib/python3.12/site-packages/airflow/example_dags/example_short_circuit_operator.py
[2024-07-06T16:28:23.222+0700] {processor.py:830} INFO - Processing file /home/acer/.local/share/virtualenvs/custom_airflow-E5ZHcY_K/lib/python3.12/site-packages/airflow/example_dags/example_short_circuit_operator.py for tasks to queue
[2024-07-06T16:28:23.227+0700] {logging_mixin.py:188} INFO - [2024-07-06T16:28:23.226+0700] {dagbag.py:545} INFO - Filling up the DagBag from /home/acer/.local/share/virtualenvs/custom_airflow-E5ZHcY_K/lib/python3.12/site-packages/airflow/example_dags/example_short_circuit_operator.py
[2024-07-06T16:28:23.239+0700] {processor.py:840} INFO - DAG(s) 'example_short_circuit_operator' retrieved from /home/acer/.local/share/virtualenvs/custom_airflow-E5ZHcY_K/lib/python3.12/site-packages/airflow/example_dags/example_short_circuit_operator.py
[2024-07-06T16:28:23.259+0700] {logging_mixin.py:188} INFO - [2024-07-06T16:28:23.259+0700] {dag.py:3096} INFO - Sync 1 DAGs
[2024-07-06T16:28:23.279+0700] {logging_mixin.py:188} INFO - [2024-07-06T16:28:23.279+0700] {dag.py:3954} INFO - Setting next_dagrun for example_short_circuit_operator to 2024-07-05 00:00:00+00:00, run_after=2024-07-06 00:00:00+00:00
[2024-07-06T16:28:23.299+0700] {processor.py:183} INFO - Processing /home/acer/.local/share/virtualenvs/custom_airflow-E5ZHcY_K/lib/python3.12/site-packages/airflow/example_dags/example_short_circuit_operator.py took 0.099 seconds
[2024-07-06T16:29:16.740+0700] {processor.py:161} INFO - Started process (PID=60969) to work on /home/acer/.local/share/virtualenvs/custom_airflow-E5ZHcY_K/lib/python3.12/site-packages/airflow/example_dags/example_short_circuit_operator.py
[2024-07-06T16:29:16.741+0700] {processor.py:830} INFO - Processing file /home/acer/.local/share/virtualenvs/custom_airflow-E5ZHcY_K/lib/python3.12/site-packages/airflow/example_dags/example_short_circuit_operator.py for tasks to queue
[2024-07-06T16:29:16.743+0700] {logging_mixin.py:188} INFO - [2024-07-06T16:29:16.743+0700] {dagbag.py:545} INFO - Filling up the DagBag from /home/acer/.local/share/virtualenvs/custom_airflow-E5ZHcY_K/lib/python3.12/site-packages/airflow/example_dags/example_short_circuit_operator.py
[2024-07-06T16:29:16.750+0700] {processor.py:840} INFO - DAG(s) 'example_short_circuit_operator' retrieved from /home/acer/.local/share/virtualenvs/custom_airflow-E5ZHcY_K/lib/python3.12/site-packages/airflow/example_dags/example_short_circuit_operator.py
[2024-07-06T16:29:16.770+0700] {logging_mixin.py:188} INFO - [2024-07-06T16:29:16.769+0700] {dag.py:3096} INFO - Sync 1 DAGs
[2024-07-06T16:29:16.790+0700] {logging_mixin.py:188} INFO - [2024-07-06T16:29:16.789+0700] {dag.py:3954} INFO - Setting next_dagrun for example_short_circuit_operator to 2024-07-05 00:00:00+00:00, run_after=2024-07-06 00:00:00+00:00
[2024-07-06T16:29:16.811+0700] {processor.py:183} INFO - Processing /home/acer/.local/share/virtualenvs/custom_airflow-E5ZHcY_K/lib/python3.12/site-packages/airflow/example_dags/example_short_circuit_operator.py took 0.078 seconds
[2024-07-06T16:30:03.263+0700] {processor.py:161} INFO - Started process (PID=61201) to work on /home/acer/.local/share/virtualenvs/custom_airflow-E5ZHcY_K/lib/python3.12/site-packages/airflow/example_dags/example_short_circuit_operator.py
[2024-07-06T16:30:03.264+0700] {processor.py:830} INFO - Processing file /home/acer/.local/share/virtualenvs/custom_airflow-E5ZHcY_K/lib/python3.12/site-packages/airflow/example_dags/example_short_circuit_operator.py for tasks to queue
[2024-07-06T16:30:03.266+0700] {logging_mixin.py:188} INFO - [2024-07-06T16:30:03.265+0700] {dagbag.py:545} INFO - Filling up the DagBag from /home/acer/.local/share/virtualenvs/custom_airflow-E5ZHcY_K/lib/python3.12/site-packages/airflow/example_dags/example_short_circuit_operator.py
[2024-07-06T16:30:03.274+0700] {processor.py:840} INFO - DAG(s) 'example_short_circuit_operator' retrieved from /home/acer/.local/share/virtualenvs/custom_airflow-E5ZHcY_K/lib/python3.12/site-packages/airflow/example_dags/example_short_circuit_operator.py
[2024-07-06T16:30:03.293+0700] {logging_mixin.py:188} INFO - [2024-07-06T16:30:03.293+0700] {dag.py:3096} INFO - Sync 1 DAGs
[2024-07-06T16:30:03.313+0700] {logging_mixin.py:188} INFO - [2024-07-06T16:30:03.313+0700] {dag.py:3954} INFO - Setting next_dagrun for example_short_circuit_operator to 2024-07-05 00:00:00+00:00, run_after=2024-07-06 00:00:00+00:00
[2024-07-06T16:30:03.334+0700] {processor.py:183} INFO - Processing /home/acer/.local/share/virtualenvs/custom_airflow-E5ZHcY_K/lib/python3.12/site-packages/airflow/example_dags/example_short_circuit_operator.py took 0.080 seconds
[2024-07-06T16:30:48.354+0700] {processor.py:161} INFO - Started process (PID=61457) to work on /home/acer/.local/share/virtualenvs/custom_airflow-E5ZHcY_K/lib/python3.12/site-packages/airflow/example_dags/example_short_circuit_operator.py
[2024-07-06T16:30:48.355+0700] {processor.py:830} INFO - Processing file /home/acer/.local/share/virtualenvs/custom_airflow-E5ZHcY_K/lib/python3.12/site-packages/airflow/example_dags/example_short_circuit_operator.py for tasks to queue
[2024-07-06T16:30:48.357+0700] {logging_mixin.py:188} INFO - [2024-07-06T16:30:48.357+0700] {dagbag.py:545} INFO - Filling up the DagBag from /home/acer/.local/share/virtualenvs/custom_airflow-E5ZHcY_K/lib/python3.12/site-packages/airflow/example_dags/example_short_circuit_operator.py
[2024-07-06T16:30:48.366+0700] {processor.py:840} INFO - DAG(s) 'example_short_circuit_operator' retrieved from /home/acer/.local/share/virtualenvs/custom_airflow-E5ZHcY_K/lib/python3.12/site-packages/airflow/example_dags/example_short_circuit_operator.py
[2024-07-06T16:30:48.388+0700] {logging_mixin.py:188} INFO - [2024-07-06T16:30:48.387+0700] {dag.py:3096} INFO - Sync 1 DAGs
[2024-07-06T16:30:48.408+0700] {logging_mixin.py:188} INFO - [2024-07-06T16:30:48.407+0700] {dag.py:3954} INFO - Setting next_dagrun for example_short_circuit_operator to 2024-07-05 00:00:00+00:00, run_after=2024-07-06 00:00:00+00:00
[2024-07-06T16:30:48.428+0700] {processor.py:183} INFO - Processing /home/acer/.local/share/virtualenvs/custom_airflow-E5ZHcY_K/lib/python3.12/site-packages/airflow/example_dags/example_short_circuit_operator.py took 0.080 seconds
[2024-07-06T16:31:32.958+0700] {processor.py:161} INFO - Started process (PID=61687) to work on /home/acer/.local/share/virtualenvs/custom_airflow-E5ZHcY_K/lib/python3.12/site-packages/airflow/example_dags/example_short_circuit_operator.py
[2024-07-06T16:31:32.960+0700] {processor.py:830} INFO - Processing file /home/acer/.local/share/virtualenvs/custom_airflow-E5ZHcY_K/lib/python3.12/site-packages/airflow/example_dags/example_short_circuit_operator.py for tasks to queue
[2024-07-06T16:31:32.963+0700] {logging_mixin.py:188} INFO - [2024-07-06T16:31:32.963+0700] {dagbag.py:545} INFO - Filling up the DagBag from /home/acer/.local/share/virtualenvs/custom_airflow-E5ZHcY_K/lib/python3.12/site-packages/airflow/example_dags/example_short_circuit_operator.py
[2024-07-06T16:31:32.977+0700] {processor.py:840} INFO - DAG(s) 'example_short_circuit_operator' retrieved from /home/acer/.local/share/virtualenvs/custom_airflow-E5ZHcY_K/lib/python3.12/site-packages/airflow/example_dags/example_short_circuit_operator.py
[2024-07-06T16:31:32.998+0700] {logging_mixin.py:188} INFO - [2024-07-06T16:31:32.998+0700] {dag.py:3096} INFO - Sync 1 DAGs
[2024-07-06T16:31:33.018+0700] {logging_mixin.py:188} INFO - [2024-07-06T16:31:33.018+0700] {dag.py:3954} INFO - Setting next_dagrun for example_short_circuit_operator to 2024-07-05 00:00:00+00:00, run_after=2024-07-06 00:00:00+00:00
[2024-07-06T16:31:33.045+0700] {processor.py:183} INFO - Processing /home/acer/.local/share/virtualenvs/custom_airflow-E5ZHcY_K/lib/python3.12/site-packages/airflow/example_dags/example_short_circuit_operator.py took 0.100 seconds
[2024-07-06T16:32:20.135+0700] {processor.py:161} INFO - Started process (PID=61917) to work on /home/acer/.local/share/virtualenvs/custom_airflow-E5ZHcY_K/lib/python3.12/site-packages/airflow/example_dags/example_short_circuit_operator.py
[2024-07-06T16:32:20.136+0700] {processor.py:830} INFO - Processing file /home/acer/.local/share/virtualenvs/custom_airflow-E5ZHcY_K/lib/python3.12/site-packages/airflow/example_dags/example_short_circuit_operator.py for tasks to queue
[2024-07-06T16:32:20.137+0700] {logging_mixin.py:188} INFO - [2024-07-06T16:32:20.137+0700] {dagbag.py:545} INFO - Filling up the DagBag from /home/acer/.local/share/virtualenvs/custom_airflow-E5ZHcY_K/lib/python3.12/site-packages/airflow/example_dags/example_short_circuit_operator.py
[2024-07-06T16:32:20.145+0700] {processor.py:840} INFO - DAG(s) 'example_short_circuit_operator' retrieved from /home/acer/.local/share/virtualenvs/custom_airflow-E5ZHcY_K/lib/python3.12/site-packages/airflow/example_dags/example_short_circuit_operator.py
[2024-07-06T16:32:20.164+0700] {logging_mixin.py:188} INFO - [2024-07-06T16:32:20.164+0700] {dag.py:3096} INFO - Sync 1 DAGs
[2024-07-06T16:32:20.184+0700] {logging_mixin.py:188} INFO - [2024-07-06T16:32:20.184+0700] {dag.py:3954} INFO - Setting next_dagrun for example_short_circuit_operator to 2024-07-05 00:00:00+00:00, run_after=2024-07-06 00:00:00+00:00
[2024-07-06T16:32:20.204+0700] {processor.py:183} INFO - Processing /home/acer/.local/share/virtualenvs/custom_airflow-E5ZHcY_K/lib/python3.12/site-packages/airflow/example_dags/example_short_circuit_operator.py took 0.075 seconds
[2024-07-06T16:33:09.948+0700] {processor.py:161} INFO - Started process (PID=62161) to work on /home/acer/.local/share/virtualenvs/custom_airflow-E5ZHcY_K/lib/python3.12/site-packages/airflow/example_dags/example_short_circuit_operator.py
[2024-07-06T16:33:09.950+0700] {processor.py:830} INFO - Processing file /home/acer/.local/share/virtualenvs/custom_airflow-E5ZHcY_K/lib/python3.12/site-packages/airflow/example_dags/example_short_circuit_operator.py for tasks to queue
[2024-07-06T16:33:09.953+0700] {logging_mixin.py:188} INFO - [2024-07-06T16:33:09.952+0700] {dagbag.py:545} INFO - Filling up the DagBag from /home/acer/.local/share/virtualenvs/custom_airflow-E5ZHcY_K/lib/python3.12/site-packages/airflow/example_dags/example_short_circuit_operator.py
[2024-07-06T16:33:09.964+0700] {processor.py:840} INFO - DAG(s) 'example_short_circuit_operator' retrieved from /home/acer/.local/share/virtualenvs/custom_airflow-E5ZHcY_K/lib/python3.12/site-packages/airflow/example_dags/example_short_circuit_operator.py
[2024-07-06T16:33:09.984+0700] {logging_mixin.py:188} INFO - [2024-07-06T16:33:09.984+0700] {dag.py:3096} INFO - Sync 1 DAGs
[2024-07-06T16:33:10.004+0700] {logging_mixin.py:188} INFO - [2024-07-06T16:33:10.004+0700] {dag.py:3954} INFO - Setting next_dagrun for example_short_circuit_operator to 2024-07-05 00:00:00+00:00, run_after=2024-07-06 00:00:00+00:00
[2024-07-06T16:33:10.025+0700] {processor.py:183} INFO - Processing /home/acer/.local/share/virtualenvs/custom_airflow-E5ZHcY_K/lib/python3.12/site-packages/airflow/example_dags/example_short_circuit_operator.py took 0.096 seconds
[2024-07-06T16:33:56.350+0700] {processor.py:161} INFO - Started process (PID=62420) to work on /home/acer/.local/share/virtualenvs/custom_airflow-E5ZHcY_K/lib/python3.12/site-packages/airflow/example_dags/example_short_circuit_operator.py
[2024-07-06T16:33:56.351+0700] {processor.py:830} INFO - Processing file /home/acer/.local/share/virtualenvs/custom_airflow-E5ZHcY_K/lib/python3.12/site-packages/airflow/example_dags/example_short_circuit_operator.py for tasks to queue
[2024-07-06T16:33:56.353+0700] {logging_mixin.py:188} INFO - [2024-07-06T16:33:56.353+0700] {dagbag.py:545} INFO - Filling up the DagBag from /home/acer/.local/share/virtualenvs/custom_airflow-E5ZHcY_K/lib/python3.12/site-packages/airflow/example_dags/example_short_circuit_operator.py
[2024-07-06T16:33:56.363+0700] {processor.py:840} INFO - DAG(s) 'example_short_circuit_operator' retrieved from /home/acer/.local/share/virtualenvs/custom_airflow-E5ZHcY_K/lib/python3.12/site-packages/airflow/example_dags/example_short_circuit_operator.py
[2024-07-06T16:33:56.384+0700] {logging_mixin.py:188} INFO - [2024-07-06T16:33:56.384+0700] {dag.py:3096} INFO - Sync 1 DAGs
[2024-07-06T16:33:56.404+0700] {logging_mixin.py:188} INFO - [2024-07-06T16:33:56.404+0700] {dag.py:3954} INFO - Setting next_dagrun for example_short_circuit_operator to 2024-07-05 00:00:00+00:00, run_after=2024-07-06 00:00:00+00:00
[2024-07-06T16:33:56.426+0700] {processor.py:183} INFO - Processing /home/acer/.local/share/virtualenvs/custom_airflow-E5ZHcY_K/lib/python3.12/site-packages/airflow/example_dags/example_short_circuit_operator.py took 0.082 seconds
[2024-07-06T16:34:43.094+0700] {processor.py:161} INFO - Started process (PID=62648) to work on /home/acer/.local/share/virtualenvs/custom_airflow-E5ZHcY_K/lib/python3.12/site-packages/airflow/example_dags/example_short_circuit_operator.py
[2024-07-06T16:34:43.095+0700] {processor.py:830} INFO - Processing file /home/acer/.local/share/virtualenvs/custom_airflow-E5ZHcY_K/lib/python3.12/site-packages/airflow/example_dags/example_short_circuit_operator.py for tasks to queue
[2024-07-06T16:34:43.097+0700] {logging_mixin.py:188} INFO - [2024-07-06T16:34:43.096+0700] {dagbag.py:545} INFO - Filling up the DagBag from /home/acer/.local/share/virtualenvs/custom_airflow-E5ZHcY_K/lib/python3.12/site-packages/airflow/example_dags/example_short_circuit_operator.py
[2024-07-06T16:34:43.104+0700] {processor.py:840} INFO - DAG(s) 'example_short_circuit_operator' retrieved from /home/acer/.local/share/virtualenvs/custom_airflow-E5ZHcY_K/lib/python3.12/site-packages/airflow/example_dags/example_short_circuit_operator.py
[2024-07-06T16:34:43.123+0700] {logging_mixin.py:188} INFO - [2024-07-06T16:34:43.123+0700] {dag.py:3096} INFO - Sync 1 DAGs
[2024-07-06T16:34:43.143+0700] {logging_mixin.py:188} INFO - [2024-07-06T16:34:43.143+0700] {dag.py:3954} INFO - Setting next_dagrun for example_short_circuit_operator to 2024-07-05 00:00:00+00:00, run_after=2024-07-06 00:00:00+00:00
[2024-07-06T16:34:43.164+0700] {processor.py:183} INFO - Processing /home/acer/.local/share/virtualenvs/custom_airflow-E5ZHcY_K/lib/python3.12/site-packages/airflow/example_dags/example_short_circuit_operator.py took 0.075 seconds
[2024-07-06T16:35:32.741+0700] {processor.py:161} INFO - Started process (PID=62921) to work on /home/acer/.local/share/virtualenvs/custom_airflow-E5ZHcY_K/lib/python3.12/site-packages/airflow/example_dags/example_short_circuit_operator.py
[2024-07-06T16:35:32.742+0700] {processor.py:830} INFO - Processing file /home/acer/.local/share/virtualenvs/custom_airflow-E5ZHcY_K/lib/python3.12/site-packages/airflow/example_dags/example_short_circuit_operator.py for tasks to queue
[2024-07-06T16:35:32.744+0700] {logging_mixin.py:188} INFO - [2024-07-06T16:35:32.743+0700] {dagbag.py:545} INFO - Filling up the DagBag from /home/acer/.local/share/virtualenvs/custom_airflow-E5ZHcY_K/lib/python3.12/site-packages/airflow/example_dags/example_short_circuit_operator.py
[2024-07-06T16:35:32.751+0700] {processor.py:840} INFO - DAG(s) 'example_short_circuit_operator' retrieved from /home/acer/.local/share/virtualenvs/custom_airflow-E5ZHcY_K/lib/python3.12/site-packages/airflow/example_dags/example_short_circuit_operator.py
[2024-07-06T16:35:32.770+0700] {logging_mixin.py:188} INFO - [2024-07-06T16:35:32.770+0700] {dag.py:3096} INFO - Sync 1 DAGs
[2024-07-06T16:35:32.790+0700] {logging_mixin.py:188} INFO - [2024-07-06T16:35:32.790+0700] {dag.py:3954} INFO - Setting next_dagrun for example_short_circuit_operator to 2024-07-05 00:00:00+00:00, run_after=2024-07-06 00:00:00+00:00
[2024-07-06T16:35:32.811+0700] {processor.py:183} INFO - Processing /home/acer/.local/share/virtualenvs/custom_airflow-E5ZHcY_K/lib/python3.12/site-packages/airflow/example_dags/example_short_circuit_operator.py took 0.076 seconds
[2024-07-06T16:36:20.505+0700] {processor.py:161} INFO - Started process (PID=63219) to work on /home/acer/.local/share/virtualenvs/custom_airflow-E5ZHcY_K/lib/python3.12/site-packages/airflow/example_dags/example_short_circuit_operator.py
[2024-07-06T16:36:20.506+0700] {processor.py:830} INFO - Processing file /home/acer/.local/share/virtualenvs/custom_airflow-E5ZHcY_K/lib/python3.12/site-packages/airflow/example_dags/example_short_circuit_operator.py for tasks to queue
[2024-07-06T16:36:20.507+0700] {logging_mixin.py:188} INFO - [2024-07-06T16:36:20.507+0700] {dagbag.py:545} INFO - Filling up the DagBag from /home/acer/.local/share/virtualenvs/custom_airflow-E5ZHcY_K/lib/python3.12/site-packages/airflow/example_dags/example_short_circuit_operator.py
[2024-07-06T16:36:20.515+0700] {processor.py:840} INFO - DAG(s) 'example_short_circuit_operator' retrieved from /home/acer/.local/share/virtualenvs/custom_airflow-E5ZHcY_K/lib/python3.12/site-packages/airflow/example_dags/example_short_circuit_operator.py
[2024-07-06T16:36:20.534+0700] {logging_mixin.py:188} INFO - [2024-07-06T16:36:20.534+0700] {dag.py:3096} INFO - Sync 1 DAGs
[2024-07-06T16:36:20.554+0700] {logging_mixin.py:188} INFO - [2024-07-06T16:36:20.554+0700] {dag.py:3954} INFO - Setting next_dagrun for example_short_circuit_operator to 2024-07-05 00:00:00+00:00, run_after=2024-07-06 00:00:00+00:00
[2024-07-06T16:36:20.575+0700] {processor.py:183} INFO - Processing /home/acer/.local/share/virtualenvs/custom_airflow-E5ZHcY_K/lib/python3.12/site-packages/airflow/example_dags/example_short_circuit_operator.py took 0.076 seconds
[2024-07-06T21:54:27.202+0700] {processor.py:161} INFO - Started process (PID=11862) to work on /home/acer/.local/share/virtualenvs/custom_airflow-E5ZHcY_K/lib/python3.12/site-packages/airflow/example_dags/example_short_circuit_operator.py
[2024-07-06T21:54:27.203+0700] {processor.py:830} INFO - Processing file /home/acer/.local/share/virtualenvs/custom_airflow-E5ZHcY_K/lib/python3.12/site-packages/airflow/example_dags/example_short_circuit_operator.py for tasks to queue
[2024-07-06T21:54:27.205+0700] {logging_mixin.py:188} INFO - [2024-07-06T21:54:27.204+0700] {dagbag.py:545} INFO - Filling up the DagBag from /home/acer/.local/share/virtualenvs/custom_airflow-E5ZHcY_K/lib/python3.12/site-packages/airflow/example_dags/example_short_circuit_operator.py
[2024-07-06T21:54:27.214+0700] {processor.py:840} INFO - DAG(s) 'example_short_circuit_operator' retrieved from /home/acer/.local/share/virtualenvs/custom_airflow-E5ZHcY_K/lib/python3.12/site-packages/airflow/example_dags/example_short_circuit_operator.py
[2024-07-06T21:54:27.238+0700] {logging_mixin.py:188} INFO - [2024-07-06T21:54:27.238+0700] {dag.py:3096} INFO - Sync 1 DAGs
[2024-07-06T21:54:27.260+0700] {logging_mixin.py:188} INFO - [2024-07-06T21:54:27.260+0700] {dag.py:3954} INFO - Setting next_dagrun for example_short_circuit_operator to 2024-07-05 00:00:00+00:00, run_after=2024-07-06 00:00:00+00:00
[2024-07-06T21:54:27.286+0700] {processor.py:183} INFO - Processing /home/acer/.local/share/virtualenvs/custom_airflow-E5ZHcY_K/lib/python3.12/site-packages/airflow/example_dags/example_short_circuit_operator.py took 0.089 seconds
[2024-07-06T21:55:24.244+0700] {processor.py:161} INFO - Started process (PID=12528) to work on /home/acer/.local/share/virtualenvs/custom_airflow-E5ZHcY_K/lib/python3.12/site-packages/airflow/example_dags/example_short_circuit_operator.py
[2024-07-06T21:55:24.246+0700] {processor.py:830} INFO - Processing file /home/acer/.local/share/virtualenvs/custom_airflow-E5ZHcY_K/lib/python3.12/site-packages/airflow/example_dags/example_short_circuit_operator.py for tasks to queue
[2024-07-06T21:55:24.249+0700] {logging_mixin.py:188} INFO - [2024-07-06T21:55:24.249+0700] {dagbag.py:545} INFO - Filling up the DagBag from /home/acer/.local/share/virtualenvs/custom_airflow-E5ZHcY_K/lib/python3.12/site-packages/airflow/example_dags/example_short_circuit_operator.py
[2024-07-06T21:55:24.262+0700] {processor.py:840} INFO - DAG(s) 'example_short_circuit_operator' retrieved from /home/acer/.local/share/virtualenvs/custom_airflow-E5ZHcY_K/lib/python3.12/site-packages/airflow/example_dags/example_short_circuit_operator.py
[2024-07-06T21:55:24.282+0700] {logging_mixin.py:188} INFO - [2024-07-06T21:55:24.282+0700] {dag.py:3096} INFO - Sync 1 DAGs
[2024-07-06T21:55:24.303+0700] {logging_mixin.py:188} INFO - [2024-07-06T21:55:24.303+0700] {dag.py:3954} INFO - Setting next_dagrun for example_short_circuit_operator to 2024-07-05 00:00:00+00:00, run_after=2024-07-06 00:00:00+00:00
[2024-07-06T21:55:24.325+0700] {processor.py:183} INFO - Processing /home/acer/.local/share/virtualenvs/custom_airflow-E5ZHcY_K/lib/python3.12/site-packages/airflow/example_dags/example_short_circuit_operator.py took 0.094 seconds
[2024-07-06T21:56:13.816+0700] {processor.py:161} INFO - Started process (PID=13088) to work on /home/acer/.local/share/virtualenvs/custom_airflow-E5ZHcY_K/lib/python3.12/site-packages/airflow/example_dags/example_short_circuit_operator.py
[2024-07-06T21:56:13.818+0700] {processor.py:830} INFO - Processing file /home/acer/.local/share/virtualenvs/custom_airflow-E5ZHcY_K/lib/python3.12/site-packages/airflow/example_dags/example_short_circuit_operator.py for tasks to queue
[2024-07-06T21:56:13.824+0700] {logging_mixin.py:188} INFO - [2024-07-06T21:56:13.823+0700] {dagbag.py:545} INFO - Filling up the DagBag from /home/acer/.local/share/virtualenvs/custom_airflow-E5ZHcY_K/lib/python3.12/site-packages/airflow/example_dags/example_short_circuit_operator.py
[2024-07-06T21:56:13.837+0700] {processor.py:840} INFO - DAG(s) 'example_short_circuit_operator' retrieved from /home/acer/.local/share/virtualenvs/custom_airflow-E5ZHcY_K/lib/python3.12/site-packages/airflow/example_dags/example_short_circuit_operator.py
[2024-07-06T21:56:13.858+0700] {logging_mixin.py:188} INFO - [2024-07-06T21:56:13.858+0700] {dag.py:3096} INFO - Sync 1 DAGs
[2024-07-06T21:56:13.879+0700] {logging_mixin.py:188} INFO - [2024-07-06T21:56:13.879+0700] {dag.py:3954} INFO - Setting next_dagrun for example_short_circuit_operator to 2024-07-05 00:00:00+00:00, run_after=2024-07-06 00:00:00+00:00
[2024-07-06T21:56:13.902+0700] {processor.py:183} INFO - Processing /home/acer/.local/share/virtualenvs/custom_airflow-E5ZHcY_K/lib/python3.12/site-packages/airflow/example_dags/example_short_circuit_operator.py took 0.105 seconds
[2024-07-06T21:57:02.526+0700] {processor.py:161} INFO - Started process (PID=13596) to work on /home/acer/.local/share/virtualenvs/custom_airflow-E5ZHcY_K/lib/python3.12/site-packages/airflow/example_dags/example_short_circuit_operator.py
[2024-07-06T21:57:02.528+0700] {processor.py:830} INFO - Processing file /home/acer/.local/share/virtualenvs/custom_airflow-E5ZHcY_K/lib/python3.12/site-packages/airflow/example_dags/example_short_circuit_operator.py for tasks to queue
[2024-07-06T21:57:02.533+0700] {logging_mixin.py:188} INFO - [2024-07-06T21:57:02.532+0700] {dagbag.py:545} INFO - Filling up the DagBag from /home/acer/.local/share/virtualenvs/custom_airflow-E5ZHcY_K/lib/python3.12/site-packages/airflow/example_dags/example_short_circuit_operator.py
[2024-07-06T21:57:02.553+0700] {processor.py:840} INFO - DAG(s) 'example_short_circuit_operator' retrieved from /home/acer/.local/share/virtualenvs/custom_airflow-E5ZHcY_K/lib/python3.12/site-packages/airflow/example_dags/example_short_circuit_operator.py
[2024-07-06T21:57:02.603+0700] {logging_mixin.py:188} INFO - [2024-07-06T21:57:02.602+0700] {dag.py:3096} INFO - Sync 1 DAGs
[2024-07-06T21:57:02.638+0700] {logging_mixin.py:188} INFO - [2024-07-06T21:57:02.638+0700] {dag.py:3954} INFO - Setting next_dagrun for example_short_circuit_operator to 2024-07-05 00:00:00+00:00, run_after=2024-07-06 00:00:00+00:00
[2024-07-06T21:57:02.666+0700] {processor.py:183} INFO - Processing /home/acer/.local/share/virtualenvs/custom_airflow-E5ZHcY_K/lib/python3.12/site-packages/airflow/example_dags/example_short_circuit_operator.py took 0.150 seconds
[2024-07-06T21:57:54.446+0700] {processor.py:161} INFO - Started process (PID=14049) to work on /home/acer/.local/share/virtualenvs/custom_airflow-E5ZHcY_K/lib/python3.12/site-packages/airflow/example_dags/example_short_circuit_operator.py
[2024-07-06T21:57:54.447+0700] {processor.py:830} INFO - Processing file /home/acer/.local/share/virtualenvs/custom_airflow-E5ZHcY_K/lib/python3.12/site-packages/airflow/example_dags/example_short_circuit_operator.py for tasks to queue
[2024-07-06T21:57:54.450+0700] {logging_mixin.py:188} INFO - [2024-07-06T21:57:54.449+0700] {dagbag.py:545} INFO - Filling up the DagBag from /home/acer/.local/share/virtualenvs/custom_airflow-E5ZHcY_K/lib/python3.12/site-packages/airflow/example_dags/example_short_circuit_operator.py
[2024-07-06T21:57:54.463+0700] {processor.py:840} INFO - DAG(s) 'example_short_circuit_operator' retrieved from /home/acer/.local/share/virtualenvs/custom_airflow-E5ZHcY_K/lib/python3.12/site-packages/airflow/example_dags/example_short_circuit_operator.py
[2024-07-06T21:57:54.494+0700] {logging_mixin.py:188} INFO - [2024-07-06T21:57:54.493+0700] {dag.py:3096} INFO - Sync 1 DAGs
[2024-07-06T21:57:54.518+0700] {logging_mixin.py:188} INFO - [2024-07-06T21:57:54.518+0700] {dag.py:3954} INFO - Setting next_dagrun for example_short_circuit_operator to 2024-07-05 00:00:00+00:00, run_after=2024-07-06 00:00:00+00:00
[2024-07-06T21:57:54.542+0700] {processor.py:183} INFO - Processing /home/acer/.local/share/virtualenvs/custom_airflow-E5ZHcY_K/lib/python3.12/site-packages/airflow/example_dags/example_short_circuit_operator.py took 0.100 seconds
[2024-07-06T21:58:48.239+0700] {processor.py:161} INFO - Started process (PID=14293) to work on /home/acer/.local/share/virtualenvs/custom_airflow-E5ZHcY_K/lib/python3.12/site-packages/airflow/example_dags/example_short_circuit_operator.py
[2024-07-06T21:58:48.240+0700] {processor.py:830} INFO - Processing file /home/acer/.local/share/virtualenvs/custom_airflow-E5ZHcY_K/lib/python3.12/site-packages/airflow/example_dags/example_short_circuit_operator.py for tasks to queue
[2024-07-06T21:58:48.242+0700] {logging_mixin.py:188} INFO - [2024-07-06T21:58:48.241+0700] {dagbag.py:545} INFO - Filling up the DagBag from /home/acer/.local/share/virtualenvs/custom_airflow-E5ZHcY_K/lib/python3.12/site-packages/airflow/example_dags/example_short_circuit_operator.py
[2024-07-06T21:58:48.249+0700] {processor.py:840} INFO - DAG(s) 'example_short_circuit_operator' retrieved from /home/acer/.local/share/virtualenvs/custom_airflow-E5ZHcY_K/lib/python3.12/site-packages/airflow/example_dags/example_short_circuit_operator.py
[2024-07-06T21:58:48.268+0700] {logging_mixin.py:188} INFO - [2024-07-06T21:58:48.268+0700] {dag.py:3096} INFO - Sync 1 DAGs
[2024-07-06T21:58:48.289+0700] {logging_mixin.py:188} INFO - [2024-07-06T21:58:48.289+0700] {dag.py:3954} INFO - Setting next_dagrun for example_short_circuit_operator to 2024-07-05 00:00:00+00:00, run_after=2024-07-06 00:00:00+00:00
[2024-07-06T21:58:48.310+0700] {processor.py:183} INFO - Processing /home/acer/.local/share/virtualenvs/custom_airflow-E5ZHcY_K/lib/python3.12/site-packages/airflow/example_dags/example_short_circuit_operator.py took 0.077 seconds
[2024-07-06T21:59:37.639+0700] {processor.py:161} INFO - Started process (PID=14563) to work on /home/acer/.local/share/virtualenvs/custom_airflow-E5ZHcY_K/lib/python3.12/site-packages/airflow/example_dags/example_short_circuit_operator.py
[2024-07-06T21:59:37.641+0700] {processor.py:830} INFO - Processing file /home/acer/.local/share/virtualenvs/custom_airflow-E5ZHcY_K/lib/python3.12/site-packages/airflow/example_dags/example_short_circuit_operator.py for tasks to queue
[2024-07-06T21:59:37.646+0700] {logging_mixin.py:188} INFO - [2024-07-06T21:59:37.645+0700] {dagbag.py:545} INFO - Filling up the DagBag from /home/acer/.local/share/virtualenvs/custom_airflow-E5ZHcY_K/lib/python3.12/site-packages/airflow/example_dags/example_short_circuit_operator.py
[2024-07-06T21:59:37.658+0700] {processor.py:840} INFO - DAG(s) 'example_short_circuit_operator' retrieved from /home/acer/.local/share/virtualenvs/custom_airflow-E5ZHcY_K/lib/python3.12/site-packages/airflow/example_dags/example_short_circuit_operator.py
[2024-07-06T21:59:37.678+0700] {logging_mixin.py:188} INFO - [2024-07-06T21:59:37.678+0700] {dag.py:3096} INFO - Sync 1 DAGs
[2024-07-06T21:59:37.698+0700] {logging_mixin.py:188} INFO - [2024-07-06T21:59:37.698+0700] {dag.py:3954} INFO - Setting next_dagrun for example_short_circuit_operator to 2024-07-05 00:00:00+00:00, run_after=2024-07-06 00:00:00+00:00
[2024-07-06T21:59:37.719+0700] {processor.py:183} INFO - Processing /home/acer/.local/share/virtualenvs/custom_airflow-E5ZHcY_K/lib/python3.12/site-packages/airflow/example_dags/example_short_circuit_operator.py took 0.096 seconds
[2024-07-06T22:00:28.887+0700] {processor.py:161} INFO - Started process (PID=14935) to work on /home/acer/.local/share/virtualenvs/custom_airflow-E5ZHcY_K/lib/python3.12/site-packages/airflow/example_dags/example_short_circuit_operator.py
[2024-07-06T22:00:28.888+0700] {processor.py:830} INFO - Processing file /home/acer/.local/share/virtualenvs/custom_airflow-E5ZHcY_K/lib/python3.12/site-packages/airflow/example_dags/example_short_circuit_operator.py for tasks to queue
[2024-07-06T22:00:28.890+0700] {logging_mixin.py:188} INFO - [2024-07-06T22:00:28.889+0700] {dagbag.py:545} INFO - Filling up the DagBag from /home/acer/.local/share/virtualenvs/custom_airflow-E5ZHcY_K/lib/python3.12/site-packages/airflow/example_dags/example_short_circuit_operator.py
[2024-07-06T22:00:28.900+0700] {processor.py:840} INFO - DAG(s) 'example_short_circuit_operator' retrieved from /home/acer/.local/share/virtualenvs/custom_airflow-E5ZHcY_K/lib/python3.12/site-packages/airflow/example_dags/example_short_circuit_operator.py
[2024-07-06T22:00:28.921+0700] {logging_mixin.py:188} INFO - [2024-07-06T22:00:28.921+0700] {dag.py:3096} INFO - Sync 1 DAGs
[2024-07-06T22:00:28.946+0700] {logging_mixin.py:188} INFO - [2024-07-06T22:00:28.945+0700] {dag.py:3954} INFO - Setting next_dagrun for example_short_circuit_operator to 2024-07-05 00:00:00+00:00, run_after=2024-07-06 00:00:00+00:00
[2024-07-06T22:00:28.967+0700] {processor.py:183} INFO - Processing /home/acer/.local/share/virtualenvs/custom_airflow-E5ZHcY_K/lib/python3.12/site-packages/airflow/example_dags/example_short_circuit_operator.py took 0.087 seconds
[2024-07-06T22:01:57.752+0700] {processor.py:161} INFO - Started process (PID=15910) to work on /home/acer/.local/share/virtualenvs/custom_airflow-E5ZHcY_K/lib/python3.12/site-packages/airflow/example_dags/example_short_circuit_operator.py
[2024-07-06T22:01:57.755+0700] {processor.py:830} INFO - Processing file /home/acer/.local/share/virtualenvs/custom_airflow-E5ZHcY_K/lib/python3.12/site-packages/airflow/example_dags/example_short_circuit_operator.py for tasks to queue
[2024-07-06T22:01:57.762+0700] {logging_mixin.py:188} INFO - [2024-07-06T22:01:57.760+0700] {dagbag.py:545} INFO - Filling up the DagBag from /home/acer/.local/share/virtualenvs/custom_airflow-E5ZHcY_K/lib/python3.12/site-packages/airflow/example_dags/example_short_circuit_operator.py
[2024-07-06T22:01:57.792+0700] {processor.py:840} INFO - DAG(s) 'example_short_circuit_operator' retrieved from /home/acer/.local/share/virtualenvs/custom_airflow-E5ZHcY_K/lib/python3.12/site-packages/airflow/example_dags/example_short_circuit_operator.py
[2024-07-06T22:01:57.823+0700] {logging_mixin.py:188} INFO - [2024-07-06T22:01:57.823+0700] {dag.py:3096} INFO - Sync 1 DAGs
[2024-07-06T22:01:57.845+0700] {logging_mixin.py:188} INFO - [2024-07-06T22:01:57.845+0700] {dag.py:3954} INFO - Setting next_dagrun for example_short_circuit_operator to 2024-07-05 00:00:00+00:00, run_after=2024-07-06 00:00:00+00:00
[2024-07-06T22:01:57.868+0700] {processor.py:183} INFO - Processing /home/acer/.local/share/virtualenvs/custom_airflow-E5ZHcY_K/lib/python3.12/site-packages/airflow/example_dags/example_short_circuit_operator.py took 0.136 seconds
[2024-07-06T22:02:56.351+0700] {processor.py:161} INFO - Started process (PID=16330) to work on /home/acer/.local/share/virtualenvs/custom_airflow-E5ZHcY_K/lib/python3.12/site-packages/airflow/example_dags/example_short_circuit_operator.py
[2024-07-06T22:02:56.352+0700] {processor.py:830} INFO - Processing file /home/acer/.local/share/virtualenvs/custom_airflow-E5ZHcY_K/lib/python3.12/site-packages/airflow/example_dags/example_short_circuit_operator.py for tasks to queue
[2024-07-06T22:02:56.354+0700] {logging_mixin.py:188} INFO - [2024-07-06T22:02:56.354+0700] {dagbag.py:545} INFO - Filling up the DagBag from /home/acer/.local/share/virtualenvs/custom_airflow-E5ZHcY_K/lib/python3.12/site-packages/airflow/example_dags/example_short_circuit_operator.py
[2024-07-06T22:02:56.361+0700] {processor.py:840} INFO - DAG(s) 'example_short_circuit_operator' retrieved from /home/acer/.local/share/virtualenvs/custom_airflow-E5ZHcY_K/lib/python3.12/site-packages/airflow/example_dags/example_short_circuit_operator.py
[2024-07-06T22:02:56.380+0700] {logging_mixin.py:188} INFO - [2024-07-06T22:02:56.380+0700] {dag.py:3096} INFO - Sync 1 DAGs
[2024-07-06T22:02:56.401+0700] {logging_mixin.py:188} INFO - [2024-07-06T22:02:56.401+0700] {dag.py:3954} INFO - Setting next_dagrun for example_short_circuit_operator to 2024-07-05 00:00:00+00:00, run_after=2024-07-06 00:00:00+00:00
[2024-07-06T22:02:56.421+0700] {processor.py:183} INFO - Processing /home/acer/.local/share/virtualenvs/custom_airflow-E5ZHcY_K/lib/python3.12/site-packages/airflow/example_dags/example_short_circuit_operator.py took 0.076 seconds
[2024-07-06T22:03:48.206+0700] {processor.py:161} INFO - Started process (PID=16576) to work on /home/acer/.local/share/virtualenvs/custom_airflow-E5ZHcY_K/lib/python3.12/site-packages/airflow/example_dags/example_short_circuit_operator.py
[2024-07-06T22:03:48.209+0700] {processor.py:830} INFO - Processing file /home/acer/.local/share/virtualenvs/custom_airflow-E5ZHcY_K/lib/python3.12/site-packages/airflow/example_dags/example_short_circuit_operator.py for tasks to queue
[2024-07-06T22:03:48.213+0700] {logging_mixin.py:188} INFO - [2024-07-06T22:03:48.212+0700] {dagbag.py:545} INFO - Filling up the DagBag from /home/acer/.local/share/virtualenvs/custom_airflow-E5ZHcY_K/lib/python3.12/site-packages/airflow/example_dags/example_short_circuit_operator.py
[2024-07-06T22:03:48.225+0700] {processor.py:840} INFO - DAG(s) 'example_short_circuit_operator' retrieved from /home/acer/.local/share/virtualenvs/custom_airflow-E5ZHcY_K/lib/python3.12/site-packages/airflow/example_dags/example_short_circuit_operator.py
[2024-07-06T22:03:48.245+0700] {logging_mixin.py:188} INFO - [2024-07-06T22:03:48.245+0700] {dag.py:3096} INFO - Sync 1 DAGs
[2024-07-06T22:03:48.266+0700] {logging_mixin.py:188} INFO - [2024-07-06T22:03:48.266+0700] {dag.py:3954} INFO - Setting next_dagrun for example_short_circuit_operator to 2024-07-05 00:00:00+00:00, run_after=2024-07-06 00:00:00+00:00
[2024-07-06T22:03:48.287+0700] {processor.py:183} INFO - Processing /home/acer/.local/share/virtualenvs/custom_airflow-E5ZHcY_K/lib/python3.12/site-packages/airflow/example_dags/example_short_circuit_operator.py took 0.099 seconds
[2024-07-06T22:05:16.219+0700] {processor.py:161} INFO - Started process (PID=17633) to work on /home/acer/.local/share/virtualenvs/custom_airflow-E5ZHcY_K/lib/python3.12/site-packages/airflow/example_dags/example_short_circuit_operator.py
[2024-07-06T22:05:16.220+0700] {processor.py:830} INFO - Processing file /home/acer/.local/share/virtualenvs/custom_airflow-E5ZHcY_K/lib/python3.12/site-packages/airflow/example_dags/example_short_circuit_operator.py for tasks to queue
[2024-07-06T22:05:16.224+0700] {logging_mixin.py:188} INFO - [2024-07-06T22:05:16.223+0700] {dagbag.py:545} INFO - Filling up the DagBag from /home/acer/.local/share/virtualenvs/custom_airflow-E5ZHcY_K/lib/python3.12/site-packages/airflow/example_dags/example_short_circuit_operator.py
[2024-07-06T22:05:16.237+0700] {processor.py:840} INFO - DAG(s) 'example_short_circuit_operator' retrieved from /home/acer/.local/share/virtualenvs/custom_airflow-E5ZHcY_K/lib/python3.12/site-packages/airflow/example_dags/example_short_circuit_operator.py
[2024-07-06T22:05:16.259+0700] {logging_mixin.py:188} INFO - [2024-07-06T22:05:16.259+0700] {dag.py:3096} INFO - Sync 1 DAGs
[2024-07-06T22:05:16.280+0700] {logging_mixin.py:188} INFO - [2024-07-06T22:05:16.279+0700] {dag.py:3954} INFO - Setting next_dagrun for example_short_circuit_operator to 2024-07-05 00:00:00+00:00, run_after=2024-07-06 00:00:00+00:00
[2024-07-06T22:05:16.301+0700] {processor.py:183} INFO - Processing /home/acer/.local/share/virtualenvs/custom_airflow-E5ZHcY_K/lib/python3.12/site-packages/airflow/example_dags/example_short_circuit_operator.py took 0.092 seconds
[2024-07-06T22:06:09.144+0700] {processor.py:161} INFO - Started process (PID=17893) to work on /home/acer/.local/share/virtualenvs/custom_airflow-E5ZHcY_K/lib/python3.12/site-packages/airflow/example_dags/example_short_circuit_operator.py
[2024-07-06T22:06:09.145+0700] {processor.py:830} INFO - Processing file /home/acer/.local/share/virtualenvs/custom_airflow-E5ZHcY_K/lib/python3.12/site-packages/airflow/example_dags/example_short_circuit_operator.py for tasks to queue
[2024-07-06T22:06:09.148+0700] {logging_mixin.py:188} INFO - [2024-07-06T22:06:09.147+0700] {dagbag.py:545} INFO - Filling up the DagBag from /home/acer/.local/share/virtualenvs/custom_airflow-E5ZHcY_K/lib/python3.12/site-packages/airflow/example_dags/example_short_circuit_operator.py
[2024-07-06T22:06:09.158+0700] {processor.py:840} INFO - DAG(s) 'example_short_circuit_operator' retrieved from /home/acer/.local/share/virtualenvs/custom_airflow-E5ZHcY_K/lib/python3.12/site-packages/airflow/example_dags/example_short_circuit_operator.py
[2024-07-06T22:06:09.182+0700] {logging_mixin.py:188} INFO - [2024-07-06T22:06:09.182+0700] {dag.py:3096} INFO - Sync 1 DAGs
[2024-07-06T22:06:09.209+0700] {logging_mixin.py:188} INFO - [2024-07-06T22:06:09.209+0700] {dag.py:3954} INFO - Setting next_dagrun for example_short_circuit_operator to 2024-07-05 00:00:00+00:00, run_after=2024-07-06 00:00:00+00:00
[2024-07-06T22:06:09.233+0700] {processor.py:183} INFO - Processing /home/acer/.local/share/virtualenvs/custom_airflow-E5ZHcY_K/lib/python3.12/site-packages/airflow/example_dags/example_short_circuit_operator.py took 0.102 seconds
[2024-07-06T22:06:57.901+0700] {processor.py:161} INFO - Started process (PID=18327) to work on /home/acer/.local/share/virtualenvs/custom_airflow-E5ZHcY_K/lib/python3.12/site-packages/airflow/example_dags/example_short_circuit_operator.py
[2024-07-06T22:06:57.902+0700] {processor.py:830} INFO - Processing file /home/acer/.local/share/virtualenvs/custom_airflow-E5ZHcY_K/lib/python3.12/site-packages/airflow/example_dags/example_short_circuit_operator.py for tasks to queue
[2024-07-06T22:06:57.906+0700] {logging_mixin.py:188} INFO - [2024-07-06T22:06:57.905+0700] {dagbag.py:545} INFO - Filling up the DagBag from /home/acer/.local/share/virtualenvs/custom_airflow-E5ZHcY_K/lib/python3.12/site-packages/airflow/example_dags/example_short_circuit_operator.py
[2024-07-06T22:06:57.918+0700] {processor.py:840} INFO - DAG(s) 'example_short_circuit_operator' retrieved from /home/acer/.local/share/virtualenvs/custom_airflow-E5ZHcY_K/lib/python3.12/site-packages/airflow/example_dags/example_short_circuit_operator.py
[2024-07-06T22:06:57.943+0700] {logging_mixin.py:188} INFO - [2024-07-06T22:06:57.942+0700] {dag.py:3096} INFO - Sync 1 DAGs
[2024-07-06T22:06:57.967+0700] {logging_mixin.py:188} INFO - [2024-07-06T22:06:57.967+0700] {dag.py:3954} INFO - Setting next_dagrun for example_short_circuit_operator to 2024-07-05 00:00:00+00:00, run_after=2024-07-06 00:00:00+00:00
[2024-07-06T22:06:57.990+0700] {processor.py:183} INFO - Processing /home/acer/.local/share/virtualenvs/custom_airflow-E5ZHcY_K/lib/python3.12/site-packages/airflow/example_dags/example_short_circuit_operator.py took 0.101 seconds
[2024-07-06T22:07:52.898+0700] {processor.py:161} INFO - Started process (PID=18686) to work on /home/acer/.local/share/virtualenvs/custom_airflow-E5ZHcY_K/lib/python3.12/site-packages/airflow/example_dags/example_short_circuit_operator.py
[2024-07-06T22:07:52.899+0700] {processor.py:830} INFO - Processing file /home/acer/.local/share/virtualenvs/custom_airflow-E5ZHcY_K/lib/python3.12/site-packages/airflow/example_dags/example_short_circuit_operator.py for tasks to queue
[2024-07-06T22:07:52.902+0700] {logging_mixin.py:188} INFO - [2024-07-06T22:07:52.901+0700] {dagbag.py:545} INFO - Filling up the DagBag from /home/acer/.local/share/virtualenvs/custom_airflow-E5ZHcY_K/lib/python3.12/site-packages/airflow/example_dags/example_short_circuit_operator.py
[2024-07-06T22:07:52.911+0700] {processor.py:840} INFO - DAG(s) 'example_short_circuit_operator' retrieved from /home/acer/.local/share/virtualenvs/custom_airflow-E5ZHcY_K/lib/python3.12/site-packages/airflow/example_dags/example_short_circuit_operator.py
[2024-07-06T22:07:52.944+0700] {logging_mixin.py:188} INFO - [2024-07-06T22:07:52.944+0700] {dag.py:3096} INFO - Sync 1 DAGs
[2024-07-06T22:07:52.971+0700] {logging_mixin.py:188} INFO - [2024-07-06T22:07:52.970+0700] {dag.py:3954} INFO - Setting next_dagrun for example_short_circuit_operator to 2024-07-05 00:00:00+00:00, run_after=2024-07-06 00:00:00+00:00
[2024-07-06T22:07:52.997+0700] {processor.py:183} INFO - Processing /home/acer/.local/share/virtualenvs/custom_airflow-E5ZHcY_K/lib/python3.12/site-packages/airflow/example_dags/example_short_circuit_operator.py took 0.105 seconds
[2024-07-06T22:08:47.699+0700] {processor.py:161} INFO - Started process (PID=18964) to work on /home/acer/.local/share/virtualenvs/custom_airflow-E5ZHcY_K/lib/python3.12/site-packages/airflow/example_dags/example_short_circuit_operator.py
[2024-07-06T22:08:47.710+0700] {processor.py:830} INFO - Processing file /home/acer/.local/share/virtualenvs/custom_airflow-E5ZHcY_K/lib/python3.12/site-packages/airflow/example_dags/example_short_circuit_operator.py for tasks to queue
[2024-07-06T22:08:47.713+0700] {logging_mixin.py:188} INFO - [2024-07-06T22:08:47.712+0700] {dagbag.py:545} INFO - Filling up the DagBag from /home/acer/.local/share/virtualenvs/custom_airflow-E5ZHcY_K/lib/python3.12/site-packages/airflow/example_dags/example_short_circuit_operator.py
[2024-07-06T22:08:47.721+0700] {processor.py:840} INFO - DAG(s) 'example_short_circuit_operator' retrieved from /home/acer/.local/share/virtualenvs/custom_airflow-E5ZHcY_K/lib/python3.12/site-packages/airflow/example_dags/example_short_circuit_operator.py
[2024-07-06T22:08:47.752+0700] {logging_mixin.py:188} INFO - [2024-07-06T22:08:47.752+0700] {dag.py:3096} INFO - Sync 1 DAGs
[2024-07-06T22:08:47.781+0700] {logging_mixin.py:188} INFO - [2024-07-06T22:08:47.780+0700] {dag.py:3954} INFO - Setting next_dagrun for example_short_circuit_operator to 2024-07-05 00:00:00+00:00, run_after=2024-07-06 00:00:00+00:00
[2024-07-06T22:08:47.820+0700] {processor.py:183} INFO - Processing /home/acer/.local/share/virtualenvs/custom_airflow-E5ZHcY_K/lib/python3.12/site-packages/airflow/example_dags/example_short_circuit_operator.py took 0.132 seconds
[2024-07-06T22:09:44.182+0700] {processor.py:161} INFO - Started process (PID=19288) to work on /home/acer/.local/share/virtualenvs/custom_airflow-E5ZHcY_K/lib/python3.12/site-packages/airflow/example_dags/example_short_circuit_operator.py
[2024-07-06T22:09:44.183+0700] {processor.py:830} INFO - Processing file /home/acer/.local/share/virtualenvs/custom_airflow-E5ZHcY_K/lib/python3.12/site-packages/airflow/example_dags/example_short_circuit_operator.py for tasks to queue
[2024-07-06T22:09:44.185+0700] {logging_mixin.py:188} INFO - [2024-07-06T22:09:44.184+0700] {dagbag.py:545} INFO - Filling up the DagBag from /home/acer/.local/share/virtualenvs/custom_airflow-E5ZHcY_K/lib/python3.12/site-packages/airflow/example_dags/example_short_circuit_operator.py
[2024-07-06T22:09:44.195+0700] {processor.py:840} INFO - DAG(s) 'example_short_circuit_operator' retrieved from /home/acer/.local/share/virtualenvs/custom_airflow-E5ZHcY_K/lib/python3.12/site-packages/airflow/example_dags/example_short_circuit_operator.py
[2024-07-06T22:09:44.227+0700] {logging_mixin.py:188} INFO - [2024-07-06T22:09:44.226+0700] {dag.py:3096} INFO - Sync 1 DAGs
[2024-07-06T22:09:44.250+0700] {logging_mixin.py:188} INFO - [2024-07-06T22:09:44.250+0700] {dag.py:3954} INFO - Setting next_dagrun for example_short_circuit_operator to 2024-07-05 00:00:00+00:00, run_after=2024-07-06 00:00:00+00:00
[2024-07-06T22:09:44.293+0700] {processor.py:183} INFO - Processing /home/acer/.local/share/virtualenvs/custom_airflow-E5ZHcY_K/lib/python3.12/site-packages/airflow/example_dags/example_short_circuit_operator.py took 0.121 seconds
[2024-07-06T22:10:46.231+0700] {processor.py:161} INFO - Started process (PID=19677) to work on /home/acer/.local/share/virtualenvs/custom_airflow-E5ZHcY_K/lib/python3.12/site-packages/airflow/example_dags/example_short_circuit_operator.py
[2024-07-06T22:10:46.234+0700] {processor.py:830} INFO - Processing file /home/acer/.local/share/virtualenvs/custom_airflow-E5ZHcY_K/lib/python3.12/site-packages/airflow/example_dags/example_short_circuit_operator.py for tasks to queue
[2024-07-06T22:10:46.239+0700] {logging_mixin.py:188} INFO - [2024-07-06T22:10:46.237+0700] {dagbag.py:545} INFO - Filling up the DagBag from /home/acer/.local/share/virtualenvs/custom_airflow-E5ZHcY_K/lib/python3.12/site-packages/airflow/example_dags/example_short_circuit_operator.py
[2024-07-06T22:10:46.264+0700] {processor.py:840} INFO - DAG(s) 'example_short_circuit_operator' retrieved from /home/acer/.local/share/virtualenvs/custom_airflow-E5ZHcY_K/lib/python3.12/site-packages/airflow/example_dags/example_short_circuit_operator.py
[2024-07-06T22:10:46.315+0700] {logging_mixin.py:188} INFO - [2024-07-06T22:10:46.315+0700] {dag.py:3096} INFO - Sync 1 DAGs
[2024-07-06T22:10:46.348+0700] {logging_mixin.py:188} INFO - [2024-07-06T22:10:46.348+0700] {dag.py:3954} INFO - Setting next_dagrun for example_short_circuit_operator to 2024-07-05 00:00:00+00:00, run_after=2024-07-06 00:00:00+00:00
[2024-07-06T22:10:46.378+0700] {processor.py:183} INFO - Processing /home/acer/.local/share/virtualenvs/custom_airflow-E5ZHcY_K/lib/python3.12/site-packages/airflow/example_dags/example_short_circuit_operator.py took 0.164 seconds
[2024-07-06T22:11:50.803+0700] {processor.py:161} INFO - Started process (PID=19999) to work on /home/acer/.local/share/virtualenvs/custom_airflow-E5ZHcY_K/lib/python3.12/site-packages/airflow/example_dags/example_short_circuit_operator.py
[2024-07-06T22:11:50.804+0700] {processor.py:830} INFO - Processing file /home/acer/.local/share/virtualenvs/custom_airflow-E5ZHcY_K/lib/python3.12/site-packages/airflow/example_dags/example_short_circuit_operator.py for tasks to queue
[2024-07-06T22:11:50.807+0700] {logging_mixin.py:188} INFO - [2024-07-06T22:11:50.806+0700] {dagbag.py:545} INFO - Filling up the DagBag from /home/acer/.local/share/virtualenvs/custom_airflow-E5ZHcY_K/lib/python3.12/site-packages/airflow/example_dags/example_short_circuit_operator.py
[2024-07-06T22:11:50.818+0700] {processor.py:840} INFO - DAG(s) 'example_short_circuit_operator' retrieved from /home/acer/.local/share/virtualenvs/custom_airflow-E5ZHcY_K/lib/python3.12/site-packages/airflow/example_dags/example_short_circuit_operator.py
[2024-07-06T22:11:50.845+0700] {logging_mixin.py:188} INFO - [2024-07-06T22:11:50.844+0700] {dag.py:3096} INFO - Sync 1 DAGs
[2024-07-06T22:11:50.869+0700] {logging_mixin.py:188} INFO - [2024-07-06T22:11:50.869+0700] {dag.py:3954} INFO - Setting next_dagrun for example_short_circuit_operator to 2024-07-05 00:00:00+00:00, run_after=2024-07-06 00:00:00+00:00
[2024-07-06T22:11:50.900+0700] {processor.py:183} INFO - Processing /home/acer/.local/share/virtualenvs/custom_airflow-E5ZHcY_K/lib/python3.12/site-packages/airflow/example_dags/example_short_circuit_operator.py took 0.107 seconds
[2024-07-06T22:12:49.878+0700] {processor.py:161} INFO - Started process (PID=20307) to work on /home/acer/.local/share/virtualenvs/custom_airflow-E5ZHcY_K/lib/python3.12/site-packages/airflow/example_dags/example_short_circuit_operator.py
[2024-07-06T22:12:49.879+0700] {processor.py:830} INFO - Processing file /home/acer/.local/share/virtualenvs/custom_airflow-E5ZHcY_K/lib/python3.12/site-packages/airflow/example_dags/example_short_circuit_operator.py for tasks to queue
[2024-07-06T22:12:49.881+0700] {logging_mixin.py:188} INFO - [2024-07-06T22:12:49.881+0700] {dagbag.py:545} INFO - Filling up the DagBag from /home/acer/.local/share/virtualenvs/custom_airflow-E5ZHcY_K/lib/python3.12/site-packages/airflow/example_dags/example_short_circuit_operator.py
[2024-07-06T22:12:49.892+0700] {processor.py:840} INFO - DAG(s) 'example_short_circuit_operator' retrieved from /home/acer/.local/share/virtualenvs/custom_airflow-E5ZHcY_K/lib/python3.12/site-packages/airflow/example_dags/example_short_circuit_operator.py
[2024-07-06T22:12:49.917+0700] {logging_mixin.py:188} INFO - [2024-07-06T22:12:49.917+0700] {dag.py:3096} INFO - Sync 1 DAGs
[2024-07-06T22:12:49.945+0700] {logging_mixin.py:188} INFO - [2024-07-06T22:12:49.945+0700] {dag.py:3954} INFO - Setting next_dagrun for example_short_circuit_operator to 2024-07-05 00:00:00+00:00, run_after=2024-07-06 00:00:00+00:00
[2024-07-06T22:12:49.975+0700] {processor.py:183} INFO - Processing /home/acer/.local/share/virtualenvs/custom_airflow-E5ZHcY_K/lib/python3.12/site-packages/airflow/example_dags/example_short_circuit_operator.py took 0.107 seconds
[2024-07-06T22:13:49.224+0700] {processor.py:161} INFO - Started process (PID=20685) to work on /home/acer/.local/share/virtualenvs/custom_airflow-E5ZHcY_K/lib/python3.12/site-packages/airflow/example_dags/example_short_circuit_operator.py
[2024-07-06T22:13:49.225+0700] {processor.py:830} INFO - Processing file /home/acer/.local/share/virtualenvs/custom_airflow-E5ZHcY_K/lib/python3.12/site-packages/airflow/example_dags/example_short_circuit_operator.py for tasks to queue
[2024-07-06T22:13:49.227+0700] {logging_mixin.py:188} INFO - [2024-07-06T22:13:49.226+0700] {dagbag.py:545} INFO - Filling up the DagBag from /home/acer/.local/share/virtualenvs/custom_airflow-E5ZHcY_K/lib/python3.12/site-packages/airflow/example_dags/example_short_circuit_operator.py
[2024-07-06T22:13:49.237+0700] {processor.py:840} INFO - DAG(s) 'example_short_circuit_operator' retrieved from /home/acer/.local/share/virtualenvs/custom_airflow-E5ZHcY_K/lib/python3.12/site-packages/airflow/example_dags/example_short_circuit_operator.py
[2024-07-06T22:13:49.262+0700] {logging_mixin.py:188} INFO - [2024-07-06T22:13:49.262+0700] {dag.py:3096} INFO - Sync 1 DAGs
[2024-07-06T22:13:49.293+0700] {logging_mixin.py:188} INFO - [2024-07-06T22:13:49.292+0700] {dag.py:3954} INFO - Setting next_dagrun for example_short_circuit_operator to 2024-07-05 00:00:00+00:00, run_after=2024-07-06 00:00:00+00:00
[2024-07-06T22:13:49.323+0700] {processor.py:183} INFO - Processing /home/acer/.local/share/virtualenvs/custom_airflow-E5ZHcY_K/lib/python3.12/site-packages/airflow/example_dags/example_short_circuit_operator.py took 0.105 seconds
[2024-07-06T22:14:48.933+0700] {processor.py:161} INFO - Started process (PID=21021) to work on /home/acer/.local/share/virtualenvs/custom_airflow-E5ZHcY_K/lib/python3.12/site-packages/airflow/example_dags/example_short_circuit_operator.py
[2024-07-06T22:14:48.936+0700] {processor.py:830} INFO - Processing file /home/acer/.local/share/virtualenvs/custom_airflow-E5ZHcY_K/lib/python3.12/site-packages/airflow/example_dags/example_short_circuit_operator.py for tasks to queue
[2024-07-06T22:14:48.946+0700] {logging_mixin.py:188} INFO - [2024-07-06T22:14:48.941+0700] {dagbag.py:545} INFO - Filling up the DagBag from /home/acer/.local/share/virtualenvs/custom_airflow-E5ZHcY_K/lib/python3.12/site-packages/airflow/example_dags/example_short_circuit_operator.py
[2024-07-06T22:14:48.976+0700] {processor.py:840} INFO - DAG(s) 'example_short_circuit_operator' retrieved from /home/acer/.local/share/virtualenvs/custom_airflow-E5ZHcY_K/lib/python3.12/site-packages/airflow/example_dags/example_short_circuit_operator.py
[2024-07-06T22:14:49.007+0700] {logging_mixin.py:188} INFO - [2024-07-06T22:14:49.007+0700] {dag.py:3096} INFO - Sync 1 DAGs
[2024-07-06T22:14:49.040+0700] {logging_mixin.py:188} INFO - [2024-07-06T22:14:49.039+0700] {dag.py:3954} INFO - Setting next_dagrun for example_short_circuit_operator to 2024-07-05 00:00:00+00:00, run_after=2024-07-06 00:00:00+00:00
[2024-07-06T22:14:49.069+0700] {processor.py:183} INFO - Processing /home/acer/.local/share/virtualenvs/custom_airflow-E5ZHcY_K/lib/python3.12/site-packages/airflow/example_dags/example_short_circuit_operator.py took 0.157 seconds
[2024-07-06T22:15:53.466+0700] {processor.py:161} INFO - Started process (PID=21416) to work on /home/acer/.local/share/virtualenvs/custom_airflow-E5ZHcY_K/lib/python3.12/site-packages/airflow/example_dags/example_short_circuit_operator.py
[2024-07-06T22:15:53.468+0700] {processor.py:830} INFO - Processing file /home/acer/.local/share/virtualenvs/custom_airflow-E5ZHcY_K/lib/python3.12/site-packages/airflow/example_dags/example_short_circuit_operator.py for tasks to queue
[2024-07-06T22:15:53.471+0700] {logging_mixin.py:188} INFO - [2024-07-06T22:15:53.470+0700] {dagbag.py:545} INFO - Filling up the DagBag from /home/acer/.local/share/virtualenvs/custom_airflow-E5ZHcY_K/lib/python3.12/site-packages/airflow/example_dags/example_short_circuit_operator.py
[2024-07-06T22:15:53.484+0700] {processor.py:840} INFO - DAG(s) 'example_short_circuit_operator' retrieved from /home/acer/.local/share/virtualenvs/custom_airflow-E5ZHcY_K/lib/python3.12/site-packages/airflow/example_dags/example_short_circuit_operator.py
[2024-07-06T22:15:53.512+0700] {logging_mixin.py:188} INFO - [2024-07-06T22:15:53.511+0700] {dag.py:3096} INFO - Sync 1 DAGs
[2024-07-06T22:15:53.543+0700] {logging_mixin.py:188} INFO - [2024-07-06T22:15:53.543+0700] {dag.py:3954} INFO - Setting next_dagrun for example_short_circuit_operator to 2024-07-05 00:00:00+00:00, run_after=2024-07-06 00:00:00+00:00
[2024-07-06T22:15:53.575+0700] {processor.py:183} INFO - Processing /home/acer/.local/share/virtualenvs/custom_airflow-E5ZHcY_K/lib/python3.12/site-packages/airflow/example_dags/example_short_circuit_operator.py took 0.119 seconds
[2024-07-06T22:16:49.192+0700] {processor.py:161} INFO - Started process (PID=21693) to work on /home/acer/.local/share/virtualenvs/custom_airflow-E5ZHcY_K/lib/python3.12/site-packages/airflow/example_dags/example_short_circuit_operator.py
[2024-07-06T22:16:49.197+0700] {processor.py:830} INFO - Processing file /home/acer/.local/share/virtualenvs/custom_airflow-E5ZHcY_K/lib/python3.12/site-packages/airflow/example_dags/example_short_circuit_operator.py for tasks to queue
[2024-07-06T22:16:49.209+0700] {logging_mixin.py:188} INFO - [2024-07-06T22:16:49.207+0700] {dagbag.py:545} INFO - Filling up the DagBag from /home/acer/.local/share/virtualenvs/custom_airflow-E5ZHcY_K/lib/python3.12/site-packages/airflow/example_dags/example_short_circuit_operator.py
[2024-07-06T22:16:49.247+0700] {processor.py:840} INFO - DAG(s) 'example_short_circuit_operator' retrieved from /home/acer/.local/share/virtualenvs/custom_airflow-E5ZHcY_K/lib/python3.12/site-packages/airflow/example_dags/example_short_circuit_operator.py
[2024-07-06T22:16:49.283+0700] {logging_mixin.py:188} INFO - [2024-07-06T22:16:49.282+0700] {dag.py:3096} INFO - Sync 1 DAGs
[2024-07-06T22:16:49.307+0700] {logging_mixin.py:188} INFO - [2024-07-06T22:16:49.306+0700] {dag.py:3954} INFO - Setting next_dagrun for example_short_circuit_operator to 2024-07-05 00:00:00+00:00, run_after=2024-07-06 00:00:00+00:00
[2024-07-06T22:16:49.335+0700] {processor.py:183} INFO - Processing /home/acer/.local/share/virtualenvs/custom_airflow-E5ZHcY_K/lib/python3.12/site-packages/airflow/example_dags/example_short_circuit_operator.py took 0.171 seconds
[2024-07-06T22:17:44.355+0700] {processor.py:161} INFO - Started process (PID=21995) to work on /home/acer/.local/share/virtualenvs/custom_airflow-E5ZHcY_K/lib/python3.12/site-packages/airflow/example_dags/example_short_circuit_operator.py
[2024-07-06T22:17:44.356+0700] {processor.py:830} INFO - Processing file /home/acer/.local/share/virtualenvs/custom_airflow-E5ZHcY_K/lib/python3.12/site-packages/airflow/example_dags/example_short_circuit_operator.py for tasks to queue
[2024-07-06T22:17:44.359+0700] {logging_mixin.py:188} INFO - [2024-07-06T22:17:44.358+0700] {dagbag.py:545} INFO - Filling up the DagBag from /home/acer/.local/share/virtualenvs/custom_airflow-E5ZHcY_K/lib/python3.12/site-packages/airflow/example_dags/example_short_circuit_operator.py
[2024-07-06T22:17:44.371+0700] {processor.py:840} INFO - DAG(s) 'example_short_circuit_operator' retrieved from /home/acer/.local/share/virtualenvs/custom_airflow-E5ZHcY_K/lib/python3.12/site-packages/airflow/example_dags/example_short_circuit_operator.py
[2024-07-06T22:17:44.397+0700] {logging_mixin.py:188} INFO - [2024-07-06T22:17:44.396+0700] {dag.py:3096} INFO - Sync 1 DAGs
[2024-07-06T22:17:44.427+0700] {logging_mixin.py:188} INFO - [2024-07-06T22:17:44.426+0700] {dag.py:3954} INFO - Setting next_dagrun for example_short_circuit_operator to 2024-07-05 00:00:00+00:00, run_after=2024-07-06 00:00:00+00:00
[2024-07-06T22:17:44.560+0700] {processor.py:183} INFO - Processing /home/acer/.local/share/virtualenvs/custom_airflow-E5ZHcY_K/lib/python3.12/site-packages/airflow/example_dags/example_short_circuit_operator.py took 0.213 seconds
[2024-07-06T22:18:48.295+0700] {processor.py:161} INFO - Started process (PID=22335) to work on /home/acer/.local/share/virtualenvs/custom_airflow-E5ZHcY_K/lib/python3.12/site-packages/airflow/example_dags/example_short_circuit_operator.py
[2024-07-06T22:18:48.296+0700] {processor.py:830} INFO - Processing file /home/acer/.local/share/virtualenvs/custom_airflow-E5ZHcY_K/lib/python3.12/site-packages/airflow/example_dags/example_short_circuit_operator.py for tasks to queue
[2024-07-06T22:18:48.299+0700] {logging_mixin.py:188} INFO - [2024-07-06T22:18:48.298+0700] {dagbag.py:545} INFO - Filling up the DagBag from /home/acer/.local/share/virtualenvs/custom_airflow-E5ZHcY_K/lib/python3.12/site-packages/airflow/example_dags/example_short_circuit_operator.py
[2024-07-06T22:18:48.313+0700] {processor.py:840} INFO - DAG(s) 'example_short_circuit_operator' retrieved from /home/acer/.local/share/virtualenvs/custom_airflow-E5ZHcY_K/lib/python3.12/site-packages/airflow/example_dags/example_short_circuit_operator.py
[2024-07-06T22:18:48.350+0700] {logging_mixin.py:188} INFO - [2024-07-06T22:18:48.350+0700] {dag.py:3096} INFO - Sync 1 DAGs
[2024-07-06T22:18:48.382+0700] {logging_mixin.py:188} INFO - [2024-07-06T22:18:48.382+0700] {dag.py:3954} INFO - Setting next_dagrun for example_short_circuit_operator to 2024-07-05 00:00:00+00:00, run_after=2024-07-06 00:00:00+00:00
[2024-07-06T22:18:48.407+0700] {processor.py:183} INFO - Processing /home/acer/.local/share/virtualenvs/custom_airflow-E5ZHcY_K/lib/python3.12/site-packages/airflow/example_dags/example_short_circuit_operator.py took 0.136 seconds
[2024-07-06T22:19:49.311+0700] {processor.py:161} INFO - Started process (PID=22673) to work on /home/acer/.local/share/virtualenvs/custom_airflow-E5ZHcY_K/lib/python3.12/site-packages/airflow/example_dags/example_short_circuit_operator.py
[2024-07-06T22:19:49.312+0700] {processor.py:830} INFO - Processing file /home/acer/.local/share/virtualenvs/custom_airflow-E5ZHcY_K/lib/python3.12/site-packages/airflow/example_dags/example_short_circuit_operator.py for tasks to queue
[2024-07-06T22:19:49.316+0700] {logging_mixin.py:188} INFO - [2024-07-06T22:19:49.315+0700] {dagbag.py:545} INFO - Filling up the DagBag from /home/acer/.local/share/virtualenvs/custom_airflow-E5ZHcY_K/lib/python3.12/site-packages/airflow/example_dags/example_short_circuit_operator.py
[2024-07-06T22:19:49.327+0700] {processor.py:840} INFO - DAG(s) 'example_short_circuit_operator' retrieved from /home/acer/.local/share/virtualenvs/custom_airflow-E5ZHcY_K/lib/python3.12/site-packages/airflow/example_dags/example_short_circuit_operator.py
[2024-07-06T22:19:49.355+0700] {logging_mixin.py:188} INFO - [2024-07-06T22:19:49.355+0700] {dag.py:3096} INFO - Sync 1 DAGs
[2024-07-06T22:19:49.382+0700] {logging_mixin.py:188} INFO - [2024-07-06T22:19:49.382+0700] {dag.py:3954} INFO - Setting next_dagrun for example_short_circuit_operator to 2024-07-05 00:00:00+00:00, run_after=2024-07-06 00:00:00+00:00
[2024-07-06T22:19:49.409+0700] {processor.py:183} INFO - Processing /home/acer/.local/share/virtualenvs/custom_airflow-E5ZHcY_K/lib/python3.12/site-packages/airflow/example_dags/example_short_circuit_operator.py took 0.112 seconds
[2024-07-06T22:20:50.853+0700] {processor.py:161} INFO - Started process (PID=22985) to work on /home/acer/.local/share/virtualenvs/custom_airflow-E5ZHcY_K/lib/python3.12/site-packages/airflow/example_dags/example_short_circuit_operator.py
[2024-07-06T22:20:50.854+0700] {processor.py:830} INFO - Processing file /home/acer/.local/share/virtualenvs/custom_airflow-E5ZHcY_K/lib/python3.12/site-packages/airflow/example_dags/example_short_circuit_operator.py for tasks to queue
[2024-07-06T22:20:50.857+0700] {logging_mixin.py:188} INFO - [2024-07-06T22:20:50.856+0700] {dagbag.py:545} INFO - Filling up the DagBag from /home/acer/.local/share/virtualenvs/custom_airflow-E5ZHcY_K/lib/python3.12/site-packages/airflow/example_dags/example_short_circuit_operator.py
[2024-07-06T22:20:50.876+0700] {processor.py:840} INFO - DAG(s) 'example_short_circuit_operator' retrieved from /home/acer/.local/share/virtualenvs/custom_airflow-E5ZHcY_K/lib/python3.12/site-packages/airflow/example_dags/example_short_circuit_operator.py
[2024-07-06T22:20:50.912+0700] {logging_mixin.py:188} INFO - [2024-07-06T22:20:50.911+0700] {dag.py:3096} INFO - Sync 1 DAGs
[2024-07-06T22:20:51.055+0700] {logging_mixin.py:188} INFO - [2024-07-06T22:20:51.055+0700] {dag.py:3954} INFO - Setting next_dagrun for example_short_circuit_operator to 2024-07-05 00:00:00+00:00, run_after=2024-07-06 00:00:00+00:00
[2024-07-06T22:20:51.083+0700] {processor.py:183} INFO - Processing /home/acer/.local/share/virtualenvs/custom_airflow-E5ZHcY_K/lib/python3.12/site-packages/airflow/example_dags/example_short_circuit_operator.py took 0.239 seconds
