[2024-07-06T16:09:04.319+0700] {processor.py:161} INFO - Started process (PID=51207) to work on /home/acer/.local/share/virtualenvs/custom_airflow-E5ZHcY_K/lib/python3.12/site-packages/airflow/example_dags/example_short_circuit_decorator.py
[2024-07-06T16:09:04.322+0700] {processor.py:830} INFO - Processing file /home/acer/.local/share/virtualenvs/custom_airflow-E5ZHcY_K/lib/python3.12/site-packages/airflow/example_dags/example_short_circuit_decorator.py for tasks to queue
[2024-07-06T16:09:04.331+0700] {logging_mixin.py:188} INFO - [2024-07-06T16:09:04.328+0700] {dagbag.py:545} INFO - Filling up the DagBag from /home/acer/.local/share/virtualenvs/custom_airflow-E5ZHcY_K/lib/python3.12/site-packages/airflow/example_dags/example_short_circuit_decorator.py
[2024-07-06T16:09:04.370+0700] {processor.py:840} INFO - DAG(s) 'example_short_circuit_decorator' retrieved from /home/acer/.local/share/virtualenvs/custom_airflow-E5ZHcY_K/lib/python3.12/site-packages/airflow/example_dags/example_short_circuit_decorator.py
[2024-07-06T16:09:04.535+0700] {logging_mixin.py:188} INFO - [2024-07-06T16:09:04.535+0700] {override.py:1847} INFO - Created Permission View: can delete on DAG:example_short_circuit_decorator
[2024-07-06T16:09:04.552+0700] {logging_mixin.py:188} INFO - [2024-07-06T16:09:04.551+0700] {override.py:1847} INFO - Created Permission View: can edit on DAG:example_short_circuit_decorator
[2024-07-06T16:09:04.561+0700] {logging_mixin.py:188} INFO - [2024-07-06T16:09:04.561+0700] {override.py:1847} INFO - Created Permission View: can read on DAG:example_short_circuit_decorator
[2024-07-06T16:09:04.562+0700] {logging_mixin.py:188} INFO - [2024-07-06T16:09:04.562+0700] {dag.py:3096} INFO - Sync 1 DAGs
[2024-07-06T16:09:04.573+0700] {logging_mixin.py:188} INFO - [2024-07-06T16:09:04.573+0700] {dag.py:3118} INFO - Creating ORM DAG for example_short_circuit_decorator
[2024-07-06T16:09:04.589+0700] {logging_mixin.py:188} INFO - [2024-07-06T16:09:04.589+0700] {dag.py:3954} INFO - Setting next_dagrun for example_short_circuit_decorator to 2024-07-05 00:00:00+00:00, run_after=2024-07-06 00:00:00+00:00
[2024-07-06T16:09:04.653+0700] {processor.py:183} INFO - Processing /home/acer/.local/share/virtualenvs/custom_airflow-E5ZHcY_K/lib/python3.12/site-packages/airflow/example_dags/example_short_circuit_decorator.py took 0.366 seconds
[2024-07-06T16:10:03.222+0700] {processor.py:161} INFO - Started process (PID=51640) to work on /home/acer/.local/share/virtualenvs/custom_airflow-E5ZHcY_K/lib/python3.12/site-packages/airflow/example_dags/example_short_circuit_decorator.py
[2024-07-06T16:10:03.224+0700] {processor.py:830} INFO - Processing file /home/acer/.local/share/virtualenvs/custom_airflow-E5ZHcY_K/lib/python3.12/site-packages/airflow/example_dags/example_short_circuit_decorator.py for tasks to queue
[2024-07-06T16:10:03.228+0700] {logging_mixin.py:188} INFO - [2024-07-06T16:10:03.227+0700] {dagbag.py:545} INFO - Filling up the DagBag from /home/acer/.local/share/virtualenvs/custom_airflow-E5ZHcY_K/lib/python3.12/site-packages/airflow/example_dags/example_short_circuit_decorator.py
[2024-07-06T16:10:03.250+0700] {processor.py:840} INFO - DAG(s) 'example_short_circuit_decorator' retrieved from /home/acer/.local/share/virtualenvs/custom_airflow-E5ZHcY_K/lib/python3.12/site-packages/airflow/example_dags/example_short_circuit_decorator.py
[2024-07-06T16:10:03.279+0700] {logging_mixin.py:188} INFO - [2024-07-06T16:10:03.279+0700] {dag.py:3096} INFO - Sync 1 DAGs
[2024-07-06T16:10:03.312+0700] {logging_mixin.py:188} INFO - [2024-07-06T16:10:03.311+0700] {dag.py:3954} INFO - Setting next_dagrun for example_short_circuit_decorator to 2024-07-05 00:00:00+00:00, run_after=2024-07-06 00:00:00+00:00
[2024-07-06T16:10:03.342+0700] {processor.py:183} INFO - Processing /home/acer/.local/share/virtualenvs/custom_airflow-E5ZHcY_K/lib/python3.12/site-packages/airflow/example_dags/example_short_circuit_decorator.py took 0.132 seconds
[2024-07-06T16:10:54.774+0700] {processor.py:161} INFO - Started process (PID=52248) to work on /home/acer/.local/share/virtualenvs/custom_airflow-E5ZHcY_K/lib/python3.12/site-packages/airflow/example_dags/example_short_circuit_decorator.py
[2024-07-06T16:10:54.776+0700] {processor.py:830} INFO - Processing file /home/acer/.local/share/virtualenvs/custom_airflow-E5ZHcY_K/lib/python3.12/site-packages/airflow/example_dags/example_short_circuit_decorator.py for tasks to queue
[2024-07-06T16:10:54.778+0700] {logging_mixin.py:188} INFO - [2024-07-06T16:10:54.777+0700] {dagbag.py:545} INFO - Filling up the DagBag from /home/acer/.local/share/virtualenvs/custom_airflow-E5ZHcY_K/lib/python3.12/site-packages/airflow/example_dags/example_short_circuit_decorator.py
[2024-07-06T16:10:54.794+0700] {processor.py:840} INFO - DAG(s) 'example_short_circuit_decorator' retrieved from /home/acer/.local/share/virtualenvs/custom_airflow-E5ZHcY_K/lib/python3.12/site-packages/airflow/example_dags/example_short_circuit_decorator.py
[2024-07-06T16:10:54.827+0700] {logging_mixin.py:188} INFO - [2024-07-06T16:10:54.827+0700] {dag.py:3096} INFO - Sync 1 DAGs
[2024-07-06T16:10:54.861+0700] {logging_mixin.py:188} INFO - [2024-07-06T16:10:54.861+0700] {dag.py:3954} INFO - Setting next_dagrun for example_short_circuit_decorator to 2024-07-05 00:00:00+00:00, run_after=2024-07-06 00:00:00+00:00
[2024-07-06T16:10:54.901+0700] {processor.py:183} INFO - Processing /home/acer/.local/share/virtualenvs/custom_airflow-E5ZHcY_K/lib/python3.12/site-packages/airflow/example_dags/example_short_circuit_decorator.py took 0.139 seconds
[2024-07-06T16:11:50.526+0700] {processor.py:161} INFO - Started process (PID=52572) to work on /home/acer/.local/share/virtualenvs/custom_airflow-E5ZHcY_K/lib/python3.12/site-packages/airflow/example_dags/example_short_circuit_decorator.py
[2024-07-06T16:11:50.527+0700] {processor.py:830} INFO - Processing file /home/acer/.local/share/virtualenvs/custom_airflow-E5ZHcY_K/lib/python3.12/site-packages/airflow/example_dags/example_short_circuit_decorator.py for tasks to queue
[2024-07-06T16:11:50.528+0700] {logging_mixin.py:188} INFO - [2024-07-06T16:11:50.528+0700] {dagbag.py:545} INFO - Filling up the DagBag from /home/acer/.local/share/virtualenvs/custom_airflow-E5ZHcY_K/lib/python3.12/site-packages/airflow/example_dags/example_short_circuit_decorator.py
[2024-07-06T16:11:50.540+0700] {processor.py:840} INFO - DAG(s) 'example_short_circuit_decorator' retrieved from /home/acer/.local/share/virtualenvs/custom_airflow-E5ZHcY_K/lib/python3.12/site-packages/airflow/example_dags/example_short_circuit_decorator.py
[2024-07-06T16:11:50.567+0700] {logging_mixin.py:188} INFO - [2024-07-06T16:11:50.566+0700] {dag.py:3096} INFO - Sync 1 DAGs
[2024-07-06T16:11:50.597+0700] {logging_mixin.py:188} INFO - [2024-07-06T16:11:50.597+0700] {dag.py:3954} INFO - Setting next_dagrun for example_short_circuit_decorator to 2024-07-05 00:00:00+00:00, run_after=2024-07-06 00:00:00+00:00
[2024-07-06T16:11:50.626+0700] {processor.py:183} INFO - Processing /home/acer/.local/share/virtualenvs/custom_airflow-E5ZHcY_K/lib/python3.12/site-packages/airflow/example_dags/example_short_circuit_decorator.py took 0.107 seconds
[2024-07-06T16:15:55.329+0700] {processor.py:161} INFO - Started process (PID=54849) to work on /home/acer/.local/share/virtualenvs/custom_airflow-E5ZHcY_K/lib/python3.12/site-packages/airflow/example_dags/example_short_circuit_decorator.py
[2024-07-06T16:15:55.330+0700] {processor.py:830} INFO - Processing file /home/acer/.local/share/virtualenvs/custom_airflow-E5ZHcY_K/lib/python3.12/site-packages/airflow/example_dags/example_short_circuit_decorator.py for tasks to queue
[2024-07-06T16:15:55.332+0700] {logging_mixin.py:188} INFO - [2024-07-06T16:15:55.331+0700] {dagbag.py:545} INFO - Filling up the DagBag from /home/acer/.local/share/virtualenvs/custom_airflow-E5ZHcY_K/lib/python3.12/site-packages/airflow/example_dags/example_short_circuit_decorator.py
[2024-07-06T16:15:55.345+0700] {processor.py:840} INFO - DAG(s) 'example_short_circuit_decorator' retrieved from /home/acer/.local/share/virtualenvs/custom_airflow-E5ZHcY_K/lib/python3.12/site-packages/airflow/example_dags/example_short_circuit_decorator.py
[2024-07-06T16:15:55.459+0700] {logging_mixin.py:188} INFO - [2024-07-06T16:15:55.459+0700] {dag.py:3096} INFO - Sync 1 DAGs
[2024-07-06T16:15:55.477+0700] {logging_mixin.py:188} INFO - [2024-07-06T16:15:55.476+0700] {dag.py:3954} INFO - Setting next_dagrun for example_short_circuit_decorator to 2024-07-05 00:00:00+00:00, run_after=2024-07-06 00:00:00+00:00
[2024-07-06T16:15:55.498+0700] {processor.py:183} INFO - Processing /home/acer/.local/share/virtualenvs/custom_airflow-E5ZHcY_K/lib/python3.12/site-packages/airflow/example_dags/example_short_circuit_decorator.py took 0.175 seconds
[2024-07-06T16:16:53.233+0700] {processor.py:161} INFO - Started process (PID=55373) to work on /home/acer/.local/share/virtualenvs/custom_airflow-E5ZHcY_K/lib/python3.12/site-packages/airflow/example_dags/example_short_circuit_decorator.py
[2024-07-06T16:16:53.234+0700] {processor.py:830} INFO - Processing file /home/acer/.local/share/virtualenvs/custom_airflow-E5ZHcY_K/lib/python3.12/site-packages/airflow/example_dags/example_short_circuit_decorator.py for tasks to queue
[2024-07-06T16:16:53.236+0700] {logging_mixin.py:188} INFO - [2024-07-06T16:16:53.236+0700] {dagbag.py:545} INFO - Filling up the DagBag from /home/acer/.local/share/virtualenvs/custom_airflow-E5ZHcY_K/lib/python3.12/site-packages/airflow/example_dags/example_short_circuit_decorator.py
[2024-07-06T16:16:53.247+0700] {processor.py:840} INFO - DAG(s) 'example_short_circuit_decorator' retrieved from /home/acer/.local/share/virtualenvs/custom_airflow-E5ZHcY_K/lib/python3.12/site-packages/airflow/example_dags/example_short_circuit_decorator.py
[2024-07-06T16:16:53.278+0700] {logging_mixin.py:188} INFO - [2024-07-06T16:16:53.277+0700] {dag.py:3096} INFO - Sync 1 DAGs
[2024-07-06T16:16:53.303+0700] {logging_mixin.py:188} INFO - [2024-07-06T16:16:53.302+0700] {dag.py:3954} INFO - Setting next_dagrun for example_short_circuit_decorator to 2024-07-05 00:00:00+00:00, run_after=2024-07-06 00:00:00+00:00
[2024-07-06T16:16:53.330+0700] {processor.py:183} INFO - Processing /home/acer/.local/share/virtualenvs/custom_airflow-E5ZHcY_K/lib/python3.12/site-packages/airflow/example_dags/example_short_circuit_decorator.py took 0.103 seconds
[2024-07-06T16:17:46.625+0700] {processor.py:161} INFO - Started process (PID=55802) to work on /home/acer/.local/share/virtualenvs/custom_airflow-E5ZHcY_K/lib/python3.12/site-packages/airflow/example_dags/example_short_circuit_decorator.py
[2024-07-06T16:17:46.626+0700] {processor.py:830} INFO - Processing file /home/acer/.local/share/virtualenvs/custom_airflow-E5ZHcY_K/lib/python3.12/site-packages/airflow/example_dags/example_short_circuit_decorator.py for tasks to queue
[2024-07-06T16:17:46.628+0700] {logging_mixin.py:188} INFO - [2024-07-06T16:17:46.628+0700] {dagbag.py:545} INFO - Filling up the DagBag from /home/acer/.local/share/virtualenvs/custom_airflow-E5ZHcY_K/lib/python3.12/site-packages/airflow/example_dags/example_short_circuit_decorator.py
[2024-07-06T16:17:46.641+0700] {processor.py:840} INFO - DAG(s) 'example_short_circuit_decorator' retrieved from /home/acer/.local/share/virtualenvs/custom_airflow-E5ZHcY_K/lib/python3.12/site-packages/airflow/example_dags/example_short_circuit_decorator.py
[2024-07-06T16:17:46.663+0700] {logging_mixin.py:188} INFO - [2024-07-06T16:17:46.663+0700] {dag.py:3096} INFO - Sync 1 DAGs
[2024-07-06T16:17:46.687+0700] {logging_mixin.py:188} INFO - [2024-07-06T16:17:46.687+0700] {dag.py:3954} INFO - Setting next_dagrun for example_short_circuit_decorator to 2024-07-05 00:00:00+00:00, run_after=2024-07-06 00:00:00+00:00
[2024-07-06T16:17:46.713+0700] {processor.py:183} INFO - Processing /home/acer/.local/share/virtualenvs/custom_airflow-E5ZHcY_K/lib/python3.12/site-packages/airflow/example_dags/example_short_circuit_decorator.py took 0.097 seconds
[2024-07-06T16:18:38.150+0700] {processor.py:161} INFO - Started process (PID=56045) to work on /home/acer/.local/share/virtualenvs/custom_airflow-E5ZHcY_K/lib/python3.12/site-packages/airflow/example_dags/example_short_circuit_decorator.py
[2024-07-06T16:18:38.152+0700] {processor.py:830} INFO - Processing file /home/acer/.local/share/virtualenvs/custom_airflow-E5ZHcY_K/lib/python3.12/site-packages/airflow/example_dags/example_short_circuit_decorator.py for tasks to queue
[2024-07-06T16:18:38.156+0700] {logging_mixin.py:188} INFO - [2024-07-06T16:18:38.155+0700] {dagbag.py:545} INFO - Filling up the DagBag from /home/acer/.local/share/virtualenvs/custom_airflow-E5ZHcY_K/lib/python3.12/site-packages/airflow/example_dags/example_short_circuit_decorator.py
[2024-07-06T16:18:38.170+0700] {processor.py:840} INFO - DAG(s) 'example_short_circuit_decorator' retrieved from /home/acer/.local/share/virtualenvs/custom_airflow-E5ZHcY_K/lib/python3.12/site-packages/airflow/example_dags/example_short_circuit_decorator.py
[2024-07-06T16:18:38.191+0700] {logging_mixin.py:188} INFO - [2024-07-06T16:18:38.191+0700] {dag.py:3096} INFO - Sync 1 DAGs
[2024-07-06T16:18:38.212+0700] {logging_mixin.py:188} INFO - [2024-07-06T16:18:38.212+0700] {dag.py:3954} INFO - Setting next_dagrun for example_short_circuit_decorator to 2024-07-05 00:00:00+00:00, run_after=2024-07-06 00:00:00+00:00
[2024-07-06T16:18:38.233+0700] {processor.py:183} INFO - Processing /home/acer/.local/share/virtualenvs/custom_airflow-E5ZHcY_K/lib/python3.12/site-packages/airflow/example_dags/example_short_circuit_decorator.py took 0.099 seconds
[2024-07-06T16:19:28.247+0700] {processor.py:161} INFO - Started process (PID=56416) to work on /home/acer/.local/share/virtualenvs/custom_airflow-E5ZHcY_K/lib/python3.12/site-packages/airflow/example_dags/example_short_circuit_decorator.py
[2024-07-06T16:19:28.248+0700] {processor.py:830} INFO - Processing file /home/acer/.local/share/virtualenvs/custom_airflow-E5ZHcY_K/lib/python3.12/site-packages/airflow/example_dags/example_short_circuit_decorator.py for tasks to queue
[2024-07-06T16:19:28.251+0700] {logging_mixin.py:188} INFO - [2024-07-06T16:19:28.250+0700] {dagbag.py:545} INFO - Filling up the DagBag from /home/acer/.local/share/virtualenvs/custom_airflow-E5ZHcY_K/lib/python3.12/site-packages/airflow/example_dags/example_short_circuit_decorator.py
[2024-07-06T16:19:28.264+0700] {processor.py:840} INFO - DAG(s) 'example_short_circuit_decorator' retrieved from /home/acer/.local/share/virtualenvs/custom_airflow-E5ZHcY_K/lib/python3.12/site-packages/airflow/example_dags/example_short_circuit_decorator.py
[2024-07-06T16:19:28.290+0700] {logging_mixin.py:188} INFO - [2024-07-06T16:19:28.289+0700] {dag.py:3096} INFO - Sync 1 DAGs
[2024-07-06T16:19:28.311+0700] {logging_mixin.py:188} INFO - [2024-07-06T16:19:28.311+0700] {dag.py:3954} INFO - Setting next_dagrun for example_short_circuit_decorator to 2024-07-05 00:00:00+00:00, run_after=2024-07-06 00:00:00+00:00
[2024-07-06T16:19:28.333+0700] {processor.py:183} INFO - Processing /home/acer/.local/share/virtualenvs/custom_airflow-E5ZHcY_K/lib/python3.12/site-packages/airflow/example_dags/example_short_circuit_decorator.py took 0.093 seconds
[2024-07-06T16:20:30.477+0700] {processor.py:161} INFO - Started process (PID=57128) to work on /home/acer/.local/share/virtualenvs/custom_airflow-E5ZHcY_K/lib/python3.12/site-packages/airflow/example_dags/example_short_circuit_decorator.py
[2024-07-06T16:20:30.479+0700] {processor.py:830} INFO - Processing file /home/acer/.local/share/virtualenvs/custom_airflow-E5ZHcY_K/lib/python3.12/site-packages/airflow/example_dags/example_short_circuit_decorator.py for tasks to queue
[2024-07-06T16:20:30.481+0700] {logging_mixin.py:188} INFO - [2024-07-06T16:20:30.481+0700] {dagbag.py:545} INFO - Filling up the DagBag from /home/acer/.local/share/virtualenvs/custom_airflow-E5ZHcY_K/lib/python3.12/site-packages/airflow/example_dags/example_short_circuit_decorator.py
[2024-07-06T16:20:30.493+0700] {processor.py:840} INFO - DAG(s) 'example_short_circuit_decorator' retrieved from /home/acer/.local/share/virtualenvs/custom_airflow-E5ZHcY_K/lib/python3.12/site-packages/airflow/example_dags/example_short_circuit_decorator.py
[2024-07-06T16:20:30.513+0700] {logging_mixin.py:188} INFO - [2024-07-06T16:20:30.512+0700] {dag.py:3096} INFO - Sync 1 DAGs
[2024-07-06T16:20:30.533+0700] {logging_mixin.py:188} INFO - [2024-07-06T16:20:30.533+0700] {dag.py:3954} INFO - Setting next_dagrun for example_short_circuit_decorator to 2024-07-05 00:00:00+00:00, run_after=2024-07-06 00:00:00+00:00
[2024-07-06T16:20:30.563+0700] {processor.py:183} INFO - Processing /home/acer/.local/share/virtualenvs/custom_airflow-E5ZHcY_K/lib/python3.12/site-packages/airflow/example_dags/example_short_circuit_decorator.py took 0.105 seconds
[2024-07-06T16:21:23.376+0700] {processor.py:161} INFO - Started process (PID=57541) to work on /home/acer/.local/share/virtualenvs/custom_airflow-E5ZHcY_K/lib/python3.12/site-packages/airflow/example_dags/example_short_circuit_decorator.py
[2024-07-06T16:21:23.378+0700] {processor.py:830} INFO - Processing file /home/acer/.local/share/virtualenvs/custom_airflow-E5ZHcY_K/lib/python3.12/site-packages/airflow/example_dags/example_short_circuit_decorator.py for tasks to queue
[2024-07-06T16:21:23.380+0700] {logging_mixin.py:188} INFO - [2024-07-06T16:21:23.379+0700] {dagbag.py:545} INFO - Filling up the DagBag from /home/acer/.local/share/virtualenvs/custom_airflow-E5ZHcY_K/lib/python3.12/site-packages/airflow/example_dags/example_short_circuit_decorator.py
[2024-07-06T16:21:23.391+0700] {processor.py:840} INFO - DAG(s) 'example_short_circuit_decorator' retrieved from /home/acer/.local/share/virtualenvs/custom_airflow-E5ZHcY_K/lib/python3.12/site-packages/airflow/example_dags/example_short_circuit_decorator.py
[2024-07-06T16:21:23.411+0700] {logging_mixin.py:188} INFO - [2024-07-06T16:21:23.411+0700] {dag.py:3096} INFO - Sync 1 DAGs
[2024-07-06T16:21:23.431+0700] {logging_mixin.py:188} INFO - [2024-07-06T16:21:23.431+0700] {dag.py:3954} INFO - Setting next_dagrun for example_short_circuit_decorator to 2024-07-05 00:00:00+00:00, run_after=2024-07-06 00:00:00+00:00
[2024-07-06T16:21:23.452+0700] {processor.py:183} INFO - Processing /home/acer/.local/share/virtualenvs/custom_airflow-E5ZHcY_K/lib/python3.12/site-packages/airflow/example_dags/example_short_circuit_decorator.py took 0.083 seconds
[2024-07-06T16:22:11.671+0700] {processor.py:161} INFO - Started process (PID=57841) to work on /home/acer/.local/share/virtualenvs/custom_airflow-E5ZHcY_K/lib/python3.12/site-packages/airflow/example_dags/example_short_circuit_decorator.py
[2024-07-06T16:22:11.672+0700] {processor.py:830} INFO - Processing file /home/acer/.local/share/virtualenvs/custom_airflow-E5ZHcY_K/lib/python3.12/site-packages/airflow/example_dags/example_short_circuit_decorator.py for tasks to queue
[2024-07-06T16:22:11.674+0700] {logging_mixin.py:188} INFO - [2024-07-06T16:22:11.673+0700] {dagbag.py:545} INFO - Filling up the DagBag from /home/acer/.local/share/virtualenvs/custom_airflow-E5ZHcY_K/lib/python3.12/site-packages/airflow/example_dags/example_short_circuit_decorator.py
[2024-07-06T16:22:11.685+0700] {processor.py:840} INFO - DAG(s) 'example_short_circuit_decorator' retrieved from /home/acer/.local/share/virtualenvs/custom_airflow-E5ZHcY_K/lib/python3.12/site-packages/airflow/example_dags/example_short_circuit_decorator.py
[2024-07-06T16:22:11.709+0700] {logging_mixin.py:188} INFO - [2024-07-06T16:22:11.708+0700] {dag.py:3096} INFO - Sync 1 DAGs
[2024-07-06T16:22:11.733+0700] {logging_mixin.py:188} INFO - [2024-07-06T16:22:11.733+0700] {dag.py:3954} INFO - Setting next_dagrun for example_short_circuit_decorator to 2024-07-05 00:00:00+00:00, run_after=2024-07-06 00:00:00+00:00
[2024-07-06T16:22:11.754+0700] {processor.py:183} INFO - Processing /home/acer/.local/share/virtualenvs/custom_airflow-E5ZHcY_K/lib/python3.12/site-packages/airflow/example_dags/example_short_circuit_decorator.py took 0.088 seconds
[2024-07-06T16:23:03.114+0700] {processor.py:161} INFO - Started process (PID=58154) to work on /home/acer/.local/share/virtualenvs/custom_airflow-E5ZHcY_K/lib/python3.12/site-packages/airflow/example_dags/example_short_circuit_decorator.py
[2024-07-06T16:23:03.115+0700] {processor.py:830} INFO - Processing file /home/acer/.local/share/virtualenvs/custom_airflow-E5ZHcY_K/lib/python3.12/site-packages/airflow/example_dags/example_short_circuit_decorator.py for tasks to queue
[2024-07-06T16:23:03.117+0700] {logging_mixin.py:188} INFO - [2024-07-06T16:23:03.116+0700] {dagbag.py:545} INFO - Filling up the DagBag from /home/acer/.local/share/virtualenvs/custom_airflow-E5ZHcY_K/lib/python3.12/site-packages/airflow/example_dags/example_short_circuit_decorator.py
[2024-07-06T16:23:03.126+0700] {processor.py:840} INFO - DAG(s) 'example_short_circuit_decorator' retrieved from /home/acer/.local/share/virtualenvs/custom_airflow-E5ZHcY_K/lib/python3.12/site-packages/airflow/example_dags/example_short_circuit_decorator.py
[2024-07-06T16:23:03.145+0700] {logging_mixin.py:188} INFO - [2024-07-06T16:23:03.145+0700] {dag.py:3096} INFO - Sync 1 DAGs
[2024-07-06T16:23:03.166+0700] {logging_mixin.py:188} INFO - [2024-07-06T16:23:03.166+0700] {dag.py:3954} INFO - Setting next_dagrun for example_short_circuit_decorator to 2024-07-05 00:00:00+00:00, run_after=2024-07-06 00:00:00+00:00
[2024-07-06T16:23:03.187+0700] {processor.py:183} INFO - Processing /home/acer/.local/share/virtualenvs/custom_airflow-E5ZHcY_K/lib/python3.12/site-packages/airflow/example_dags/example_short_circuit_decorator.py took 0.083 seconds
[2024-07-06T16:24:19.709+0700] {processor.py:161} INFO - Started process (PID=59213) to work on /home/acer/.local/share/virtualenvs/custom_airflow-E5ZHcY_K/lib/python3.12/site-packages/airflow/example_dags/example_short_circuit_decorator.py
[2024-07-06T16:24:19.711+0700] {processor.py:830} INFO - Processing file /home/acer/.local/share/virtualenvs/custom_airflow-E5ZHcY_K/lib/python3.12/site-packages/airflow/example_dags/example_short_circuit_decorator.py for tasks to queue
[2024-07-06T16:24:19.715+0700] {logging_mixin.py:188} INFO - [2024-07-06T16:24:19.714+0700] {dagbag.py:545} INFO - Filling up the DagBag from /home/acer/.local/share/virtualenvs/custom_airflow-E5ZHcY_K/lib/python3.12/site-packages/airflow/example_dags/example_short_circuit_decorator.py
[2024-07-06T16:24:19.729+0700] {processor.py:840} INFO - DAG(s) 'example_short_circuit_decorator' retrieved from /home/acer/.local/share/virtualenvs/custom_airflow-E5ZHcY_K/lib/python3.12/site-packages/airflow/example_dags/example_short_circuit_decorator.py
[2024-07-06T16:24:19.750+0700] {logging_mixin.py:188} INFO - [2024-07-06T16:24:19.749+0700] {dag.py:3096} INFO - Sync 1 DAGs
[2024-07-06T16:24:19.770+0700] {logging_mixin.py:188} INFO - [2024-07-06T16:24:19.770+0700] {dag.py:3954} INFO - Setting next_dagrun for example_short_circuit_decorator to 2024-07-05 00:00:00+00:00, run_after=2024-07-06 00:00:00+00:00
[2024-07-06T16:24:19.791+0700] {processor.py:183} INFO - Processing /home/acer/.local/share/virtualenvs/custom_airflow-E5ZHcY_K/lib/python3.12/site-packages/airflow/example_dags/example_short_circuit_decorator.py took 0.102 seconds
[2024-07-06T16:25:16.241+0700] {processor.py:161} INFO - Started process (PID=59565) to work on /home/acer/.local/share/virtualenvs/custom_airflow-E5ZHcY_K/lib/python3.12/site-packages/airflow/example_dags/example_short_circuit_decorator.py
[2024-07-06T16:25:16.243+0700] {processor.py:830} INFO - Processing file /home/acer/.local/share/virtualenvs/custom_airflow-E5ZHcY_K/lib/python3.12/site-packages/airflow/example_dags/example_short_circuit_decorator.py for tasks to queue
[2024-07-06T16:25:16.245+0700] {logging_mixin.py:188} INFO - [2024-07-06T16:25:16.244+0700] {dagbag.py:545} INFO - Filling up the DagBag from /home/acer/.local/share/virtualenvs/custom_airflow-E5ZHcY_K/lib/python3.12/site-packages/airflow/example_dags/example_short_circuit_decorator.py
[2024-07-06T16:25:16.256+0700] {processor.py:840} INFO - DAG(s) 'example_short_circuit_decorator' retrieved from /home/acer/.local/share/virtualenvs/custom_airflow-E5ZHcY_K/lib/python3.12/site-packages/airflow/example_dags/example_short_circuit_decorator.py
[2024-07-06T16:25:16.277+0700] {logging_mixin.py:188} INFO - [2024-07-06T16:25:16.277+0700] {dag.py:3096} INFO - Sync 1 DAGs
[2024-07-06T16:25:16.298+0700] {logging_mixin.py:188} INFO - [2024-07-06T16:25:16.298+0700] {dag.py:3954} INFO - Setting next_dagrun for example_short_circuit_decorator to 2024-07-05 00:00:00+00:00, run_after=2024-07-06 00:00:00+00:00
[2024-07-06T16:25:16.325+0700] {processor.py:183} INFO - Processing /home/acer/.local/share/virtualenvs/custom_airflow-E5ZHcY_K/lib/python3.12/site-packages/airflow/example_dags/example_short_circuit_decorator.py took 0.095 seconds
[2024-07-06T16:26:12.039+0700] {processor.py:161} INFO - Started process (PID=60037) to work on /home/acer/.local/share/virtualenvs/custom_airflow-E5ZHcY_K/lib/python3.12/site-packages/airflow/example_dags/example_short_circuit_decorator.py
[2024-07-06T16:26:12.040+0700] {processor.py:830} INFO - Processing file /home/acer/.local/share/virtualenvs/custom_airflow-E5ZHcY_K/lib/python3.12/site-packages/airflow/example_dags/example_short_circuit_decorator.py for tasks to queue
[2024-07-06T16:26:12.042+0700] {logging_mixin.py:188} INFO - [2024-07-06T16:26:12.042+0700] {dagbag.py:545} INFO - Filling up the DagBag from /home/acer/.local/share/virtualenvs/custom_airflow-E5ZHcY_K/lib/python3.12/site-packages/airflow/example_dags/example_short_circuit_decorator.py
[2024-07-06T16:26:12.053+0700] {processor.py:840} INFO - DAG(s) 'example_short_circuit_decorator' retrieved from /home/acer/.local/share/virtualenvs/custom_airflow-E5ZHcY_K/lib/python3.12/site-packages/airflow/example_dags/example_short_circuit_decorator.py
[2024-07-06T16:26:12.073+0700] {logging_mixin.py:188} INFO - [2024-07-06T16:26:12.073+0700] {dag.py:3096} INFO - Sync 1 DAGs
[2024-07-06T16:26:12.094+0700] {logging_mixin.py:188} INFO - [2024-07-06T16:26:12.094+0700] {dag.py:3954} INFO - Setting next_dagrun for example_short_circuit_decorator to 2024-07-05 00:00:00+00:00, run_after=2024-07-06 00:00:00+00:00
[2024-07-06T16:26:12.115+0700] {processor.py:183} INFO - Processing /home/acer/.local/share/virtualenvs/custom_airflow-E5ZHcY_K/lib/python3.12/site-packages/airflow/example_dags/example_short_circuit_decorator.py took 0.081 seconds
[2024-07-06T16:27:01.297+0700] {processor.py:161} INFO - Started process (PID=60282) to work on /home/acer/.local/share/virtualenvs/custom_airflow-E5ZHcY_K/lib/python3.12/site-packages/airflow/example_dags/example_short_circuit_decorator.py
[2024-07-06T16:27:01.298+0700] {processor.py:830} INFO - Processing file /home/acer/.local/share/virtualenvs/custom_airflow-E5ZHcY_K/lib/python3.12/site-packages/airflow/example_dags/example_short_circuit_decorator.py for tasks to queue
[2024-07-06T16:27:01.299+0700] {logging_mixin.py:188} INFO - [2024-07-06T16:27:01.299+0700] {dagbag.py:545} INFO - Filling up the DagBag from /home/acer/.local/share/virtualenvs/custom_airflow-E5ZHcY_K/lib/python3.12/site-packages/airflow/example_dags/example_short_circuit_decorator.py
[2024-07-06T16:27:01.308+0700] {processor.py:840} INFO - DAG(s) 'example_short_circuit_decorator' retrieved from /home/acer/.local/share/virtualenvs/custom_airflow-E5ZHcY_K/lib/python3.12/site-packages/airflow/example_dags/example_short_circuit_decorator.py
[2024-07-06T16:27:01.328+0700] {logging_mixin.py:188} INFO - [2024-07-06T16:27:01.327+0700] {dag.py:3096} INFO - Sync 1 DAGs
[2024-07-06T16:27:01.348+0700] {logging_mixin.py:188} INFO - [2024-07-06T16:27:01.348+0700] {dag.py:3954} INFO - Setting next_dagrun for example_short_circuit_decorator to 2024-07-05 00:00:00+00:00, run_after=2024-07-06 00:00:00+00:00
[2024-07-06T16:27:01.369+0700] {processor.py:183} INFO - Processing /home/acer/.local/share/virtualenvs/custom_airflow-E5ZHcY_K/lib/python3.12/site-packages/airflow/example_dags/example_short_circuit_decorator.py took 0.077 seconds
[2024-07-06T16:27:51.300+0700] {processor.py:161} INFO - Started process (PID=60547) to work on /home/acer/.local/share/virtualenvs/custom_airflow-E5ZHcY_K/lib/python3.12/site-packages/airflow/example_dags/example_short_circuit_decorator.py
[2024-07-06T16:27:51.301+0700] {processor.py:830} INFO - Processing file /home/acer/.local/share/virtualenvs/custom_airflow-E5ZHcY_K/lib/python3.12/site-packages/airflow/example_dags/example_short_circuit_decorator.py for tasks to queue
[2024-07-06T16:27:51.303+0700] {logging_mixin.py:188} INFO - [2024-07-06T16:27:51.303+0700] {dagbag.py:545} INFO - Filling up the DagBag from /home/acer/.local/share/virtualenvs/custom_airflow-E5ZHcY_K/lib/python3.12/site-packages/airflow/example_dags/example_short_circuit_decorator.py
[2024-07-06T16:27:51.313+0700] {processor.py:840} INFO - DAG(s) 'example_short_circuit_decorator' retrieved from /home/acer/.local/share/virtualenvs/custom_airflow-E5ZHcY_K/lib/python3.12/site-packages/airflow/example_dags/example_short_circuit_decorator.py
[2024-07-06T16:27:51.332+0700] {logging_mixin.py:188} INFO - [2024-07-06T16:27:51.332+0700] {dag.py:3096} INFO - Sync 1 DAGs
[2024-07-06T16:27:51.352+0700] {logging_mixin.py:188} INFO - [2024-07-06T16:27:51.352+0700] {dag.py:3954} INFO - Setting next_dagrun for example_short_circuit_decorator to 2024-07-05 00:00:00+00:00, run_after=2024-07-06 00:00:00+00:00
[2024-07-06T16:27:51.373+0700] {processor.py:183} INFO - Processing /home/acer/.local/share/virtualenvs/custom_airflow-E5ZHcY_K/lib/python3.12/site-packages/airflow/example_dags/example_short_circuit_decorator.py took 0.078 seconds
[2024-07-06T16:28:36.612+0700] {processor.py:161} INFO - Started process (PID=60773) to work on /home/acer/.local/share/virtualenvs/custom_airflow-E5ZHcY_K/lib/python3.12/site-packages/airflow/example_dags/example_short_circuit_decorator.py
[2024-07-06T16:28:36.613+0700] {processor.py:830} INFO - Processing file /home/acer/.local/share/virtualenvs/custom_airflow-E5ZHcY_K/lib/python3.12/site-packages/airflow/example_dags/example_short_circuit_decorator.py for tasks to queue
[2024-07-06T16:28:36.615+0700] {logging_mixin.py:188} INFO - [2024-07-06T16:28:36.615+0700] {dagbag.py:545} INFO - Filling up the DagBag from /home/acer/.local/share/virtualenvs/custom_airflow-E5ZHcY_K/lib/python3.12/site-packages/airflow/example_dags/example_short_circuit_decorator.py
[2024-07-06T16:28:36.624+0700] {processor.py:840} INFO - DAG(s) 'example_short_circuit_decorator' retrieved from /home/acer/.local/share/virtualenvs/custom_airflow-E5ZHcY_K/lib/python3.12/site-packages/airflow/example_dags/example_short_circuit_decorator.py
[2024-07-06T16:28:36.643+0700] {logging_mixin.py:188} INFO - [2024-07-06T16:28:36.643+0700] {dag.py:3096} INFO - Sync 1 DAGs
[2024-07-06T16:28:36.663+0700] {logging_mixin.py:188} INFO - [2024-07-06T16:28:36.663+0700] {dag.py:3954} INFO - Setting next_dagrun for example_short_circuit_decorator to 2024-07-05 00:00:00+00:00, run_after=2024-07-06 00:00:00+00:00
[2024-07-06T16:28:36.686+0700] {processor.py:183} INFO - Processing /home/acer/.local/share/virtualenvs/custom_airflow-E5ZHcY_K/lib/python3.12/site-packages/airflow/example_dags/example_short_circuit_decorator.py took 0.079 seconds
[2024-07-06T16:29:25.373+0700] {processor.py:161} INFO - Started process (PID=61019) to work on /home/acer/.local/share/virtualenvs/custom_airflow-E5ZHcY_K/lib/python3.12/site-packages/airflow/example_dags/example_short_circuit_decorator.py
[2024-07-06T16:29:25.374+0700] {processor.py:830} INFO - Processing file /home/acer/.local/share/virtualenvs/custom_airflow-E5ZHcY_K/lib/python3.12/site-packages/airflow/example_dags/example_short_circuit_decorator.py for tasks to queue
[2024-07-06T16:29:25.376+0700] {logging_mixin.py:188} INFO - [2024-07-06T16:29:25.375+0700] {dagbag.py:545} INFO - Filling up the DagBag from /home/acer/.local/share/virtualenvs/custom_airflow-E5ZHcY_K/lib/python3.12/site-packages/airflow/example_dags/example_short_circuit_decorator.py
[2024-07-06T16:29:25.385+0700] {processor.py:840} INFO - DAG(s) 'example_short_circuit_decorator' retrieved from /home/acer/.local/share/virtualenvs/custom_airflow-E5ZHcY_K/lib/python3.12/site-packages/airflow/example_dags/example_short_circuit_decorator.py
[2024-07-06T16:29:25.404+0700] {logging_mixin.py:188} INFO - [2024-07-06T16:29:25.404+0700] {dag.py:3096} INFO - Sync 1 DAGs
[2024-07-06T16:29:25.424+0700] {logging_mixin.py:188} INFO - [2024-07-06T16:29:25.424+0700] {dag.py:3954} INFO - Setting next_dagrun for example_short_circuit_decorator to 2024-07-05 00:00:00+00:00, run_after=2024-07-06 00:00:00+00:00
[2024-07-06T16:29:25.445+0700] {processor.py:183} INFO - Processing /home/acer/.local/share/virtualenvs/custom_airflow-E5ZHcY_K/lib/python3.12/site-packages/airflow/example_dags/example_short_circuit_decorator.py took 0.077 seconds
[2024-07-06T16:30:11.335+0700] {processor.py:161} INFO - Started process (PID=61238) to work on /home/acer/.local/share/virtualenvs/custom_airflow-E5ZHcY_K/lib/python3.12/site-packages/airflow/example_dags/example_short_circuit_decorator.py
[2024-07-06T16:30:11.338+0700] {processor.py:830} INFO - Processing file /home/acer/.local/share/virtualenvs/custom_airflow-E5ZHcY_K/lib/python3.12/site-packages/airflow/example_dags/example_short_circuit_decorator.py for tasks to queue
[2024-07-06T16:30:11.342+0700] {logging_mixin.py:188} INFO - [2024-07-06T16:30:11.341+0700] {dagbag.py:545} INFO - Filling up the DagBag from /home/acer/.local/share/virtualenvs/custom_airflow-E5ZHcY_K/lib/python3.12/site-packages/airflow/example_dags/example_short_circuit_decorator.py
[2024-07-06T16:30:11.361+0700] {processor.py:840} INFO - DAG(s) 'example_short_circuit_decorator' retrieved from /home/acer/.local/share/virtualenvs/custom_airflow-E5ZHcY_K/lib/python3.12/site-packages/airflow/example_dags/example_short_circuit_decorator.py
[2024-07-06T16:30:11.393+0700] {logging_mixin.py:188} INFO - [2024-07-06T16:30:11.393+0700] {dag.py:3096} INFO - Sync 1 DAGs
[2024-07-06T16:30:11.414+0700] {logging_mixin.py:188} INFO - [2024-07-06T16:30:11.414+0700] {dag.py:3954} INFO - Setting next_dagrun for example_short_circuit_decorator to 2024-07-05 00:00:00+00:00, run_after=2024-07-06 00:00:00+00:00
[2024-07-06T16:30:11.435+0700] {processor.py:183} INFO - Processing /home/acer/.local/share/virtualenvs/custom_airflow-E5ZHcY_K/lib/python3.12/site-packages/airflow/example_dags/example_short_circuit_decorator.py took 0.119 seconds
[2024-07-06T16:30:55.924+0700] {processor.py:161} INFO - Started process (PID=61502) to work on /home/acer/.local/share/virtualenvs/custom_airflow-E5ZHcY_K/lib/python3.12/site-packages/airflow/example_dags/example_short_circuit_decorator.py
[2024-07-06T16:30:55.925+0700] {processor.py:830} INFO - Processing file /home/acer/.local/share/virtualenvs/custom_airflow-E5ZHcY_K/lib/python3.12/site-packages/airflow/example_dags/example_short_circuit_decorator.py for tasks to queue
[2024-07-06T16:30:55.927+0700] {logging_mixin.py:188} INFO - [2024-07-06T16:30:55.926+0700] {dagbag.py:545} INFO - Filling up the DagBag from /home/acer/.local/share/virtualenvs/custom_airflow-E5ZHcY_K/lib/python3.12/site-packages/airflow/example_dags/example_short_circuit_decorator.py
[2024-07-06T16:30:55.936+0700] {processor.py:840} INFO - DAG(s) 'example_short_circuit_decorator' retrieved from /home/acer/.local/share/virtualenvs/custom_airflow-E5ZHcY_K/lib/python3.12/site-packages/airflow/example_dags/example_short_circuit_decorator.py
[2024-07-06T16:30:55.955+0700] {logging_mixin.py:188} INFO - [2024-07-06T16:30:55.955+0700] {dag.py:3096} INFO - Sync 1 DAGs
[2024-07-06T16:30:55.975+0700] {logging_mixin.py:188} INFO - [2024-07-06T16:30:55.975+0700] {dag.py:3954} INFO - Setting next_dagrun for example_short_circuit_decorator to 2024-07-05 00:00:00+00:00, run_after=2024-07-06 00:00:00+00:00
[2024-07-06T16:30:56.005+0700] {processor.py:183} INFO - Processing /home/acer/.local/share/virtualenvs/custom_airflow-E5ZHcY_K/lib/python3.12/site-packages/airflow/example_dags/example_short_circuit_decorator.py took 0.088 seconds
[2024-07-06T16:31:41.667+0700] {processor.py:161} INFO - Started process (PID=61725) to work on /home/acer/.local/share/virtualenvs/custom_airflow-E5ZHcY_K/lib/python3.12/site-packages/airflow/example_dags/example_short_circuit_decorator.py
[2024-07-06T16:31:41.669+0700] {processor.py:830} INFO - Processing file /home/acer/.local/share/virtualenvs/custom_airflow-E5ZHcY_K/lib/python3.12/site-packages/airflow/example_dags/example_short_circuit_decorator.py for tasks to queue
[2024-07-06T16:31:41.671+0700] {logging_mixin.py:188} INFO - [2024-07-06T16:31:41.671+0700] {dagbag.py:545} INFO - Filling up the DagBag from /home/acer/.local/share/virtualenvs/custom_airflow-E5ZHcY_K/lib/python3.12/site-packages/airflow/example_dags/example_short_circuit_decorator.py
[2024-07-06T16:31:41.682+0700] {processor.py:840} INFO - DAG(s) 'example_short_circuit_decorator' retrieved from /home/acer/.local/share/virtualenvs/custom_airflow-E5ZHcY_K/lib/python3.12/site-packages/airflow/example_dags/example_short_circuit_decorator.py
[2024-07-06T16:31:41.701+0700] {logging_mixin.py:188} INFO - [2024-07-06T16:31:41.701+0700] {dag.py:3096} INFO - Sync 1 DAGs
[2024-07-06T16:31:41.722+0700] {logging_mixin.py:188} INFO - [2024-07-06T16:31:41.722+0700] {dag.py:3954} INFO - Setting next_dagrun for example_short_circuit_decorator to 2024-07-05 00:00:00+00:00, run_after=2024-07-06 00:00:00+00:00
[2024-07-06T16:31:41.743+0700] {processor.py:183} INFO - Processing /home/acer/.local/share/virtualenvs/custom_airflow-E5ZHcY_K/lib/python3.12/site-packages/airflow/example_dags/example_short_circuit_decorator.py took 0.085 seconds
[2024-07-06T16:32:28.149+0700] {processor.py:161} INFO - Started process (PID=61966) to work on /home/acer/.local/share/virtualenvs/custom_airflow-E5ZHcY_K/lib/python3.12/site-packages/airflow/example_dags/example_short_circuit_decorator.py
[2024-07-06T16:32:28.150+0700] {processor.py:830} INFO - Processing file /home/acer/.local/share/virtualenvs/custom_airflow-E5ZHcY_K/lib/python3.12/site-packages/airflow/example_dags/example_short_circuit_decorator.py for tasks to queue
[2024-07-06T16:32:28.152+0700] {logging_mixin.py:188} INFO - [2024-07-06T16:32:28.151+0700] {dagbag.py:545} INFO - Filling up the DagBag from /home/acer/.local/share/virtualenvs/custom_airflow-E5ZHcY_K/lib/python3.12/site-packages/airflow/example_dags/example_short_circuit_decorator.py
[2024-07-06T16:32:28.161+0700] {processor.py:840} INFO - DAG(s) 'example_short_circuit_decorator' retrieved from /home/acer/.local/share/virtualenvs/custom_airflow-E5ZHcY_K/lib/python3.12/site-packages/airflow/example_dags/example_short_circuit_decorator.py
[2024-07-06T16:32:28.180+0700] {logging_mixin.py:188} INFO - [2024-07-06T16:32:28.180+0700] {dag.py:3096} INFO - Sync 1 DAGs
[2024-07-06T16:32:28.201+0700] {logging_mixin.py:188} INFO - [2024-07-06T16:32:28.201+0700] {dag.py:3954} INFO - Setting next_dagrun for example_short_circuit_decorator to 2024-07-05 00:00:00+00:00, run_after=2024-07-06 00:00:00+00:00
[2024-07-06T16:32:28.223+0700] {processor.py:183} INFO - Processing /home/acer/.local/share/virtualenvs/custom_airflow-E5ZHcY_K/lib/python3.12/site-packages/airflow/example_dags/example_short_circuit_decorator.py took 0.080 seconds
[2024-07-06T16:33:17.771+0700] {processor.py:161} INFO - Started process (PID=62221) to work on /home/acer/.local/share/virtualenvs/custom_airflow-E5ZHcY_K/lib/python3.12/site-packages/airflow/example_dags/example_short_circuit_decorator.py
[2024-07-06T16:33:17.772+0700] {processor.py:830} INFO - Processing file /home/acer/.local/share/virtualenvs/custom_airflow-E5ZHcY_K/lib/python3.12/site-packages/airflow/example_dags/example_short_circuit_decorator.py for tasks to queue
[2024-07-06T16:33:17.774+0700] {logging_mixin.py:188} INFO - [2024-07-06T16:33:17.774+0700] {dagbag.py:545} INFO - Filling up the DagBag from /home/acer/.local/share/virtualenvs/custom_airflow-E5ZHcY_K/lib/python3.12/site-packages/airflow/example_dags/example_short_circuit_decorator.py
[2024-07-06T16:33:17.783+0700] {processor.py:840} INFO - DAG(s) 'example_short_circuit_decorator' retrieved from /home/acer/.local/share/virtualenvs/custom_airflow-E5ZHcY_K/lib/python3.12/site-packages/airflow/example_dags/example_short_circuit_decorator.py
[2024-07-06T16:33:17.802+0700] {logging_mixin.py:188} INFO - [2024-07-06T16:33:17.802+0700] {dag.py:3096} INFO - Sync 1 DAGs
[2024-07-06T16:33:17.822+0700] {logging_mixin.py:188} INFO - [2024-07-06T16:33:17.822+0700] {dag.py:3954} INFO - Setting next_dagrun for example_short_circuit_decorator to 2024-07-05 00:00:00+00:00, run_after=2024-07-06 00:00:00+00:00
[2024-07-06T16:33:17.845+0700] {processor.py:183} INFO - Processing /home/acer/.local/share/virtualenvs/custom_airflow-E5ZHcY_K/lib/python3.12/site-packages/airflow/example_dags/example_short_circuit_decorator.py took 0.079 seconds
[2024-07-06T16:34:04.342+0700] {processor.py:161} INFO - Started process (PID=62452) to work on /home/acer/.local/share/virtualenvs/custom_airflow-E5ZHcY_K/lib/python3.12/site-packages/airflow/example_dags/example_short_circuit_decorator.py
[2024-07-06T16:34:04.343+0700] {processor.py:830} INFO - Processing file /home/acer/.local/share/virtualenvs/custom_airflow-E5ZHcY_K/lib/python3.12/site-packages/airflow/example_dags/example_short_circuit_decorator.py for tasks to queue
[2024-07-06T16:34:04.344+0700] {logging_mixin.py:188} INFO - [2024-07-06T16:34:04.344+0700] {dagbag.py:545} INFO - Filling up the DagBag from /home/acer/.local/share/virtualenvs/custom_airflow-E5ZHcY_K/lib/python3.12/site-packages/airflow/example_dags/example_short_circuit_decorator.py
[2024-07-06T16:34:04.353+0700] {processor.py:840} INFO - DAG(s) 'example_short_circuit_decorator' retrieved from /home/acer/.local/share/virtualenvs/custom_airflow-E5ZHcY_K/lib/python3.12/site-packages/airflow/example_dags/example_short_circuit_decorator.py
[2024-07-06T16:34:04.372+0700] {logging_mixin.py:188} INFO - [2024-07-06T16:34:04.372+0700] {dag.py:3096} INFO - Sync 1 DAGs
[2024-07-06T16:34:04.393+0700] {logging_mixin.py:188} INFO - [2024-07-06T16:34:04.392+0700] {dag.py:3954} INFO - Setting next_dagrun for example_short_circuit_decorator to 2024-07-05 00:00:00+00:00, run_after=2024-07-06 00:00:00+00:00
[2024-07-06T16:34:04.414+0700] {processor.py:183} INFO - Processing /home/acer/.local/share/virtualenvs/custom_airflow-E5ZHcY_K/lib/python3.12/site-packages/airflow/example_dags/example_short_circuit_decorator.py took 0.077 seconds
[2024-07-06T16:34:51.395+0700] {processor.py:161} INFO - Started process (PID=62686) to work on /home/acer/.local/share/virtualenvs/custom_airflow-E5ZHcY_K/lib/python3.12/site-packages/airflow/example_dags/example_short_circuit_decorator.py
[2024-07-06T16:34:51.396+0700] {processor.py:830} INFO - Processing file /home/acer/.local/share/virtualenvs/custom_airflow-E5ZHcY_K/lib/python3.12/site-packages/airflow/example_dags/example_short_circuit_decorator.py for tasks to queue
[2024-07-06T16:34:51.398+0700] {logging_mixin.py:188} INFO - [2024-07-06T16:34:51.397+0700] {dagbag.py:545} INFO - Filling up the DagBag from /home/acer/.local/share/virtualenvs/custom_airflow-E5ZHcY_K/lib/python3.12/site-packages/airflow/example_dags/example_short_circuit_decorator.py
[2024-07-06T16:34:51.407+0700] {processor.py:840} INFO - DAG(s) 'example_short_circuit_decorator' retrieved from /home/acer/.local/share/virtualenvs/custom_airflow-E5ZHcY_K/lib/python3.12/site-packages/airflow/example_dags/example_short_circuit_decorator.py
[2024-07-06T16:34:51.426+0700] {logging_mixin.py:188} INFO - [2024-07-06T16:34:51.425+0700] {dag.py:3096} INFO - Sync 1 DAGs
[2024-07-06T16:34:51.446+0700] {logging_mixin.py:188} INFO - [2024-07-06T16:34:51.445+0700] {dag.py:3954} INFO - Setting next_dagrun for example_short_circuit_decorator to 2024-07-05 00:00:00+00:00, run_after=2024-07-06 00:00:00+00:00
[2024-07-06T16:34:51.467+0700] {processor.py:183} INFO - Processing /home/acer/.local/share/virtualenvs/custom_airflow-E5ZHcY_K/lib/python3.12/site-packages/airflow/example_dags/example_short_circuit_decorator.py took 0.077 seconds
[2024-07-06T16:35:40.758+0700] {processor.py:161} INFO - Started process (PID=62960) to work on /home/acer/.local/share/virtualenvs/custom_airflow-E5ZHcY_K/lib/python3.12/site-packages/airflow/example_dags/example_short_circuit_decorator.py
[2024-07-06T16:35:40.759+0700] {processor.py:830} INFO - Processing file /home/acer/.local/share/virtualenvs/custom_airflow-E5ZHcY_K/lib/python3.12/site-packages/airflow/example_dags/example_short_circuit_decorator.py for tasks to queue
[2024-07-06T16:35:40.761+0700] {logging_mixin.py:188} INFO - [2024-07-06T16:35:40.761+0700] {dagbag.py:545} INFO - Filling up the DagBag from /home/acer/.local/share/virtualenvs/custom_airflow-E5ZHcY_K/lib/python3.12/site-packages/airflow/example_dags/example_short_circuit_decorator.py
[2024-07-06T16:35:40.771+0700] {processor.py:840} INFO - DAG(s) 'example_short_circuit_decorator' retrieved from /home/acer/.local/share/virtualenvs/custom_airflow-E5ZHcY_K/lib/python3.12/site-packages/airflow/example_dags/example_short_circuit_decorator.py
[2024-07-06T16:35:40.790+0700] {logging_mixin.py:188} INFO - [2024-07-06T16:35:40.790+0700] {dag.py:3096} INFO - Sync 1 DAGs
[2024-07-06T16:35:40.810+0700] {logging_mixin.py:188} INFO - [2024-07-06T16:35:40.810+0700] {dag.py:3954} INFO - Setting next_dagrun for example_short_circuit_decorator to 2024-07-05 00:00:00+00:00, run_after=2024-07-06 00:00:00+00:00
[2024-07-06T16:35:40.832+0700] {processor.py:183} INFO - Processing /home/acer/.local/share/virtualenvs/custom_airflow-E5ZHcY_K/lib/python3.12/site-packages/airflow/example_dags/example_short_circuit_decorator.py took 0.079 seconds
[2024-07-06T16:36:28.435+0700] {processor.py:161} INFO - Started process (PID=63283) to work on /home/acer/.local/share/virtualenvs/custom_airflow-E5ZHcY_K/lib/python3.12/site-packages/airflow/example_dags/example_short_circuit_decorator.py
[2024-07-06T16:36:28.438+0700] {processor.py:830} INFO - Processing file /home/acer/.local/share/virtualenvs/custom_airflow-E5ZHcY_K/lib/python3.12/site-packages/airflow/example_dags/example_short_circuit_decorator.py for tasks to queue
[2024-07-06T16:36:28.441+0700] {logging_mixin.py:188} INFO - [2024-07-06T16:36:28.440+0700] {dagbag.py:545} INFO - Filling up the DagBag from /home/acer/.local/share/virtualenvs/custom_airflow-E5ZHcY_K/lib/python3.12/site-packages/airflow/example_dags/example_short_circuit_decorator.py
[2024-07-06T16:36:28.458+0700] {processor.py:840} INFO - DAG(s) 'example_short_circuit_decorator' retrieved from /home/acer/.local/share/virtualenvs/custom_airflow-E5ZHcY_K/lib/python3.12/site-packages/airflow/example_dags/example_short_circuit_decorator.py
[2024-07-06T16:36:28.482+0700] {logging_mixin.py:188} INFO - [2024-07-06T16:36:28.482+0700] {dag.py:3096} INFO - Sync 1 DAGs
[2024-07-06T16:36:28.503+0700] {logging_mixin.py:188} INFO - [2024-07-06T16:36:28.503+0700] {dag.py:3954} INFO - Setting next_dagrun for example_short_circuit_decorator to 2024-07-05 00:00:00+00:00, run_after=2024-07-06 00:00:00+00:00
[2024-07-06T16:36:28.524+0700] {processor.py:183} INFO - Processing /home/acer/.local/share/virtualenvs/custom_airflow-E5ZHcY_K/lib/python3.12/site-packages/airflow/example_dags/example_short_circuit_decorator.py took 0.112 seconds
[2024-07-06T21:54:35.917+0700] {processor.py:161} INFO - Started process (PID=11968) to work on /home/acer/.local/share/virtualenvs/custom_airflow-E5ZHcY_K/lib/python3.12/site-packages/airflow/example_dags/example_short_circuit_decorator.py
[2024-07-06T21:54:35.918+0700] {processor.py:830} INFO - Processing file /home/acer/.local/share/virtualenvs/custom_airflow-E5ZHcY_K/lib/python3.12/site-packages/airflow/example_dags/example_short_circuit_decorator.py for tasks to queue
[2024-07-06T21:54:35.920+0700] {logging_mixin.py:188} INFO - [2024-07-06T21:54:35.919+0700] {dagbag.py:545} INFO - Filling up the DagBag from /home/acer/.local/share/virtualenvs/custom_airflow-E5ZHcY_K/lib/python3.12/site-packages/airflow/example_dags/example_short_circuit_decorator.py
[2024-07-06T21:54:35.930+0700] {processor.py:840} INFO - DAG(s) 'example_short_circuit_decorator' retrieved from /home/acer/.local/share/virtualenvs/custom_airflow-E5ZHcY_K/lib/python3.12/site-packages/airflow/example_dags/example_short_circuit_decorator.py
[2024-07-06T21:54:35.951+0700] {logging_mixin.py:188} INFO - [2024-07-06T21:54:35.951+0700] {dag.py:3096} INFO - Sync 1 DAGs
[2024-07-06T21:54:35.971+0700] {logging_mixin.py:188} INFO - [2024-07-06T21:54:35.971+0700] {dag.py:3954} INFO - Setting next_dagrun for example_short_circuit_decorator to 2024-07-05 00:00:00+00:00, run_after=2024-07-06 00:00:00+00:00
[2024-07-06T21:54:35.992+0700] {processor.py:183} INFO - Processing /home/acer/.local/share/virtualenvs/custom_airflow-E5ZHcY_K/lib/python3.12/site-packages/airflow/example_dags/example_short_circuit_decorator.py took 0.080 seconds
[2024-07-06T21:55:31.980+0700] {processor.py:161} INFO - Started process (PID=12625) to work on /home/acer/.local/share/virtualenvs/custom_airflow-E5ZHcY_K/lib/python3.12/site-packages/airflow/example_dags/example_short_circuit_decorator.py
[2024-07-06T21:55:31.982+0700] {processor.py:830} INFO - Processing file /home/acer/.local/share/virtualenvs/custom_airflow-E5ZHcY_K/lib/python3.12/site-packages/airflow/example_dags/example_short_circuit_decorator.py for tasks to queue
[2024-07-06T21:55:31.984+0700] {logging_mixin.py:188} INFO - [2024-07-06T21:55:31.983+0700] {dagbag.py:545} INFO - Filling up the DagBag from /home/acer/.local/share/virtualenvs/custom_airflow-E5ZHcY_K/lib/python3.12/site-packages/airflow/example_dags/example_short_circuit_decorator.py
[2024-07-06T21:55:31.998+0700] {processor.py:840} INFO - DAG(s) 'example_short_circuit_decorator' retrieved from /home/acer/.local/share/virtualenvs/custom_airflow-E5ZHcY_K/lib/python3.12/site-packages/airflow/example_dags/example_short_circuit_decorator.py
[2024-07-06T21:55:32.019+0700] {logging_mixin.py:188} INFO - [2024-07-06T21:55:32.018+0700] {dag.py:3096} INFO - Sync 1 DAGs
[2024-07-06T21:55:32.040+0700] {logging_mixin.py:188} INFO - [2024-07-06T21:55:32.040+0700] {dag.py:3954} INFO - Setting next_dagrun for example_short_circuit_decorator to 2024-07-05 00:00:00+00:00, run_after=2024-07-06 00:00:00+00:00
[2024-07-06T21:55:32.062+0700] {processor.py:183} INFO - Processing /home/acer/.local/share/virtualenvs/custom_airflow-E5ZHcY_K/lib/python3.12/site-packages/airflow/example_dags/example_short_circuit_decorator.py took 0.090 seconds
[2024-07-06T21:56:26.184+0700] {processor.py:161} INFO - Started process (PID=13143) to work on /home/acer/.local/share/virtualenvs/custom_airflow-E5ZHcY_K/lib/python3.12/site-packages/airflow/example_dags/example_short_circuit_decorator.py
[2024-07-06T21:56:26.185+0700] {processor.py:830} INFO - Processing file /home/acer/.local/share/virtualenvs/custom_airflow-E5ZHcY_K/lib/python3.12/site-packages/airflow/example_dags/example_short_circuit_decorator.py for tasks to queue
[2024-07-06T21:56:26.189+0700] {logging_mixin.py:188} INFO - [2024-07-06T21:56:26.188+0700] {dagbag.py:545} INFO - Filling up the DagBag from /home/acer/.local/share/virtualenvs/custom_airflow-E5ZHcY_K/lib/python3.12/site-packages/airflow/example_dags/example_short_circuit_decorator.py
[2024-07-06T21:56:26.205+0700] {processor.py:840} INFO - DAG(s) 'example_short_circuit_decorator' retrieved from /home/acer/.local/share/virtualenvs/custom_airflow-E5ZHcY_K/lib/python3.12/site-packages/airflow/example_dags/example_short_circuit_decorator.py
[2024-07-06T21:56:26.243+0700] {logging_mixin.py:188} INFO - [2024-07-06T21:56:26.243+0700] {dag.py:3096} INFO - Sync 1 DAGs
[2024-07-06T21:56:26.286+0700] {logging_mixin.py:188} INFO - [2024-07-06T21:56:26.286+0700] {dag.py:3954} INFO - Setting next_dagrun for example_short_circuit_decorator to 2024-07-05 00:00:00+00:00, run_after=2024-07-06 00:00:00+00:00
[2024-07-06T21:56:26.324+0700] {processor.py:183} INFO - Processing /home/acer/.local/share/virtualenvs/custom_airflow-E5ZHcY_K/lib/python3.12/site-packages/airflow/example_dags/example_short_circuit_decorator.py took 0.149 seconds
[2024-07-06T21:57:17.765+0700] {processor.py:161} INFO - Started process (PID=13749) to work on /home/acer/.local/share/virtualenvs/custom_airflow-E5ZHcY_K/lib/python3.12/site-packages/airflow/example_dags/example_short_circuit_decorator.py
[2024-07-06T21:57:17.767+0700] {processor.py:830} INFO - Processing file /home/acer/.local/share/virtualenvs/custom_airflow-E5ZHcY_K/lib/python3.12/site-packages/airflow/example_dags/example_short_circuit_decorator.py for tasks to queue
[2024-07-06T21:57:17.772+0700] {logging_mixin.py:188} INFO - [2024-07-06T21:57:17.771+0700] {dagbag.py:545} INFO - Filling up the DagBag from /home/acer/.local/share/virtualenvs/custom_airflow-E5ZHcY_K/lib/python3.12/site-packages/airflow/example_dags/example_short_circuit_decorator.py
[2024-07-06T21:57:17.786+0700] {processor.py:840} INFO - DAG(s) 'example_short_circuit_decorator' retrieved from /home/acer/.local/share/virtualenvs/custom_airflow-E5ZHcY_K/lib/python3.12/site-packages/airflow/example_dags/example_short_circuit_decorator.py
[2024-07-06T21:57:17.808+0700] {logging_mixin.py:188} INFO - [2024-07-06T21:57:17.808+0700] {dag.py:3096} INFO - Sync 1 DAGs
[2024-07-06T21:57:17.831+0700] {logging_mixin.py:188} INFO - [2024-07-06T21:57:17.831+0700] {dag.py:3954} INFO - Setting next_dagrun for example_short_circuit_decorator to 2024-07-05 00:00:00+00:00, run_after=2024-07-06 00:00:00+00:00
[2024-07-06T21:57:17.853+0700] {processor.py:183} INFO - Processing /home/acer/.local/share/virtualenvs/custom_airflow-E5ZHcY_K/lib/python3.12/site-packages/airflow/example_dags/example_short_circuit_decorator.py took 0.107 seconds
[2024-07-06T21:58:10.715+0700] {processor.py:161} INFO - Started process (PID=14122) to work on /home/acer/.local/share/virtualenvs/custom_airflow-E5ZHcY_K/lib/python3.12/site-packages/airflow/example_dags/example_short_circuit_decorator.py
[2024-07-06T21:58:10.716+0700] {processor.py:830} INFO - Processing file /home/acer/.local/share/virtualenvs/custom_airflow-E5ZHcY_K/lib/python3.12/site-packages/airflow/example_dags/example_short_circuit_decorator.py for tasks to queue
[2024-07-06T21:58:10.718+0700] {logging_mixin.py:188} INFO - [2024-07-06T21:58:10.718+0700] {dagbag.py:545} INFO - Filling up the DagBag from /home/acer/.local/share/virtualenvs/custom_airflow-E5ZHcY_K/lib/python3.12/site-packages/airflow/example_dags/example_short_circuit_decorator.py
[2024-07-06T21:58:10.730+0700] {processor.py:840} INFO - DAG(s) 'example_short_circuit_decorator' retrieved from /home/acer/.local/share/virtualenvs/custom_airflow-E5ZHcY_K/lib/python3.12/site-packages/airflow/example_dags/example_short_circuit_decorator.py
[2024-07-06T21:58:10.750+0700] {logging_mixin.py:188} INFO - [2024-07-06T21:58:10.750+0700] {dag.py:3096} INFO - Sync 1 DAGs
[2024-07-06T21:58:10.770+0700] {logging_mixin.py:188} INFO - [2024-07-06T21:58:10.770+0700] {dag.py:3954} INFO - Setting next_dagrun for example_short_circuit_decorator to 2024-07-05 00:00:00+00:00, run_after=2024-07-06 00:00:00+00:00
[2024-07-06T21:58:10.791+0700] {processor.py:183} INFO - Processing /home/acer/.local/share/virtualenvs/custom_airflow-E5ZHcY_K/lib/python3.12/site-packages/airflow/example_dags/example_short_circuit_decorator.py took 0.082 seconds
[2024-07-06T21:59:02.810+0700] {processor.py:161} INFO - Started process (PID=14362) to work on /home/acer/.local/share/virtualenvs/custom_airflow-E5ZHcY_K/lib/python3.12/site-packages/airflow/example_dags/example_short_circuit_decorator.py
[2024-07-06T21:59:02.812+0700] {processor.py:830} INFO - Processing file /home/acer/.local/share/virtualenvs/custom_airflow-E5ZHcY_K/lib/python3.12/site-packages/airflow/example_dags/example_short_circuit_decorator.py for tasks to queue
[2024-07-06T21:59:02.816+0700] {logging_mixin.py:188} INFO - [2024-07-06T21:59:02.815+0700] {dagbag.py:545} INFO - Filling up the DagBag from /home/acer/.local/share/virtualenvs/custom_airflow-E5ZHcY_K/lib/python3.12/site-packages/airflow/example_dags/example_short_circuit_decorator.py
[2024-07-06T21:59:02.833+0700] {processor.py:840} INFO - DAG(s) 'example_short_circuit_decorator' retrieved from /home/acer/.local/share/virtualenvs/custom_airflow-E5ZHcY_K/lib/python3.12/site-packages/airflow/example_dags/example_short_circuit_decorator.py
[2024-07-06T21:59:02.857+0700] {logging_mixin.py:188} INFO - [2024-07-06T21:59:02.857+0700] {dag.py:3096} INFO - Sync 1 DAGs
[2024-07-06T21:59:02.880+0700] {logging_mixin.py:188} INFO - [2024-07-06T21:59:02.879+0700] {dag.py:3954} INFO - Setting next_dagrun for example_short_circuit_decorator to 2024-07-05 00:00:00+00:00, run_after=2024-07-06 00:00:00+00:00
[2024-07-06T21:59:02.903+0700] {processor.py:183} INFO - Processing /home/acer/.local/share/virtualenvs/custom_airflow-E5ZHcY_K/lib/python3.12/site-packages/airflow/example_dags/example_short_circuit_decorator.py took 0.115 seconds
[2024-07-06T21:59:52.271+0700] {processor.py:161} INFO - Started process (PID=14719) to work on /home/acer/.local/share/virtualenvs/custom_airflow-E5ZHcY_K/lib/python3.12/site-packages/airflow/example_dags/example_short_circuit_decorator.py
[2024-07-06T21:59:52.272+0700] {processor.py:830} INFO - Processing file /home/acer/.local/share/virtualenvs/custom_airflow-E5ZHcY_K/lib/python3.12/site-packages/airflow/example_dags/example_short_circuit_decorator.py for tasks to queue
[2024-07-06T21:59:52.274+0700] {logging_mixin.py:188} INFO - [2024-07-06T21:59:52.274+0700] {dagbag.py:545} INFO - Filling up the DagBag from /home/acer/.local/share/virtualenvs/custom_airflow-E5ZHcY_K/lib/python3.12/site-packages/airflow/example_dags/example_short_circuit_decorator.py
[2024-07-06T21:59:52.285+0700] {processor.py:840} INFO - DAG(s) 'example_short_circuit_decorator' retrieved from /home/acer/.local/share/virtualenvs/custom_airflow-E5ZHcY_K/lib/python3.12/site-packages/airflow/example_dags/example_short_circuit_decorator.py
[2024-07-06T21:59:52.306+0700] {logging_mixin.py:188} INFO - [2024-07-06T21:59:52.306+0700] {dag.py:3096} INFO - Sync 1 DAGs
[2024-07-06T21:59:52.327+0700] {logging_mixin.py:188} INFO - [2024-07-06T21:59:52.326+0700] {dag.py:3954} INFO - Setting next_dagrun for example_short_circuit_decorator to 2024-07-05 00:00:00+00:00, run_after=2024-07-06 00:00:00+00:00
[2024-07-06T21:59:52.347+0700] {processor.py:183} INFO - Processing /home/acer/.local/share/virtualenvs/custom_airflow-E5ZHcY_K/lib/python3.12/site-packages/airflow/example_dags/example_short_circuit_decorator.py took 0.082 seconds
[2024-07-06T22:00:45.203+0700] {processor.py:161} INFO - Started process (PID=15009) to work on /home/acer/.local/share/virtualenvs/custom_airflow-E5ZHcY_K/lib/python3.12/site-packages/airflow/example_dags/example_short_circuit_decorator.py
[2024-07-06T22:00:45.205+0700] {processor.py:830} INFO - Processing file /home/acer/.local/share/virtualenvs/custom_airflow-E5ZHcY_K/lib/python3.12/site-packages/airflow/example_dags/example_short_circuit_decorator.py for tasks to queue
[2024-07-06T22:00:45.207+0700] {logging_mixin.py:188} INFO - [2024-07-06T22:00:45.207+0700] {dagbag.py:545} INFO - Filling up the DagBag from /home/acer/.local/share/virtualenvs/custom_airflow-E5ZHcY_K/lib/python3.12/site-packages/airflow/example_dags/example_short_circuit_decorator.py
[2024-07-06T22:00:45.217+0700] {processor.py:840} INFO - DAG(s) 'example_short_circuit_decorator' retrieved from /home/acer/.local/share/virtualenvs/custom_airflow-E5ZHcY_K/lib/python3.12/site-packages/airflow/example_dags/example_short_circuit_decorator.py
[2024-07-06T22:00:45.237+0700] {logging_mixin.py:188} INFO - [2024-07-06T22:00:45.236+0700] {dag.py:3096} INFO - Sync 1 DAGs
[2024-07-06T22:00:45.259+0700] {logging_mixin.py:188} INFO - [2024-07-06T22:00:45.258+0700] {dag.py:3954} INFO - Setting next_dagrun for example_short_circuit_decorator to 2024-07-05 00:00:00+00:00, run_after=2024-07-06 00:00:00+00:00
[2024-07-06T22:00:45.280+0700] {processor.py:183} INFO - Processing /home/acer/.local/share/virtualenvs/custom_airflow-E5ZHcY_K/lib/python3.12/site-packages/airflow/example_dags/example_short_circuit_decorator.py took 0.084 seconds
[2024-07-06T22:02:19.525+0700] {processor.py:161} INFO - Started process (PID=16133) to work on /home/acer/.local/share/virtualenvs/custom_airflow-E5ZHcY_K/lib/python3.12/site-packages/airflow/example_dags/example_short_circuit_decorator.py
[2024-07-06T22:02:19.526+0700] {processor.py:830} INFO - Processing file /home/acer/.local/share/virtualenvs/custom_airflow-E5ZHcY_K/lib/python3.12/site-packages/airflow/example_dags/example_short_circuit_decorator.py for tasks to queue
[2024-07-06T22:02:19.528+0700] {logging_mixin.py:188} INFO - [2024-07-06T22:02:19.528+0700] {dagbag.py:545} INFO - Filling up the DagBag from /home/acer/.local/share/virtualenvs/custom_airflow-E5ZHcY_K/lib/python3.12/site-packages/airflow/example_dags/example_short_circuit_decorator.py
[2024-07-06T22:02:19.544+0700] {processor.py:840} INFO - DAG(s) 'example_short_circuit_decorator' retrieved from /home/acer/.local/share/virtualenvs/custom_airflow-E5ZHcY_K/lib/python3.12/site-packages/airflow/example_dags/example_short_circuit_decorator.py
[2024-07-06T22:02:19.573+0700] {logging_mixin.py:188} INFO - [2024-07-06T22:02:19.573+0700] {dag.py:3096} INFO - Sync 1 DAGs
[2024-07-06T22:02:19.606+0700] {logging_mixin.py:188} INFO - [2024-07-06T22:02:19.606+0700] {dag.py:3954} INFO - Setting next_dagrun for example_short_circuit_decorator to 2024-07-05 00:00:00+00:00, run_after=2024-07-06 00:00:00+00:00
[2024-07-06T22:02:19.638+0700] {processor.py:183} INFO - Processing /home/acer/.local/share/virtualenvs/custom_airflow-E5ZHcY_K/lib/python3.12/site-packages/airflow/example_dags/example_short_circuit_decorator.py took 0.119 seconds
[2024-07-06T22:03:14.779+0700] {processor.py:161} INFO - Started process (PID=16425) to work on /home/acer/.local/share/virtualenvs/custom_airflow-E5ZHcY_K/lib/python3.12/site-packages/airflow/example_dags/example_short_circuit_decorator.py
[2024-07-06T22:03:14.782+0700] {processor.py:830} INFO - Processing file /home/acer/.local/share/virtualenvs/custom_airflow-E5ZHcY_K/lib/python3.12/site-packages/airflow/example_dags/example_short_circuit_decorator.py for tasks to queue
[2024-07-06T22:03:14.786+0700] {logging_mixin.py:188} INFO - [2024-07-06T22:03:14.785+0700] {dagbag.py:545} INFO - Filling up the DagBag from /home/acer/.local/share/virtualenvs/custom_airflow-E5ZHcY_K/lib/python3.12/site-packages/airflow/example_dags/example_short_circuit_decorator.py
[2024-07-06T22:03:14.800+0700] {processor.py:840} INFO - DAG(s) 'example_short_circuit_decorator' retrieved from /home/acer/.local/share/virtualenvs/custom_airflow-E5ZHcY_K/lib/python3.12/site-packages/airflow/example_dags/example_short_circuit_decorator.py
[2024-07-06T22:03:14.820+0700] {logging_mixin.py:188} INFO - [2024-07-06T22:03:14.820+0700] {dag.py:3096} INFO - Sync 1 DAGs
[2024-07-06T22:03:14.840+0700] {logging_mixin.py:188} INFO - [2024-07-06T22:03:14.840+0700] {dag.py:3954} INFO - Setting next_dagrun for example_short_circuit_decorator to 2024-07-05 00:00:00+00:00, run_after=2024-07-06 00:00:00+00:00
[2024-07-06T22:03:14.870+0700] {processor.py:183} INFO - Processing /home/acer/.local/share/virtualenvs/custom_airflow-E5ZHcY_K/lib/python3.12/site-packages/airflow/example_dags/example_short_circuit_decorator.py took 0.111 seconds
[2024-07-06T22:04:05.163+0700] {processor.py:161} INFO - Started process (PID=16647) to work on /home/acer/.local/share/virtualenvs/custom_airflow-E5ZHcY_K/lib/python3.12/site-packages/airflow/example_dags/example_short_circuit_decorator.py
[2024-07-06T22:04:05.165+0700] {processor.py:830} INFO - Processing file /home/acer/.local/share/virtualenvs/custom_airflow-E5ZHcY_K/lib/python3.12/site-packages/airflow/example_dags/example_short_circuit_decorator.py for tasks to queue
[2024-07-06T22:04:05.168+0700] {logging_mixin.py:188} INFO - [2024-07-06T22:04:05.167+0700] {dagbag.py:545} INFO - Filling up the DagBag from /home/acer/.local/share/virtualenvs/custom_airflow-E5ZHcY_K/lib/python3.12/site-packages/airflow/example_dags/example_short_circuit_decorator.py
[2024-07-06T22:04:05.182+0700] {processor.py:840} INFO - DAG(s) 'example_short_circuit_decorator' retrieved from /home/acer/.local/share/virtualenvs/custom_airflow-E5ZHcY_K/lib/python3.12/site-packages/airflow/example_dags/example_short_circuit_decorator.py
[2024-07-06T22:04:05.205+0700] {logging_mixin.py:188} INFO - [2024-07-06T22:04:05.205+0700] {dag.py:3096} INFO - Sync 1 DAGs
[2024-07-06T22:04:05.226+0700] {logging_mixin.py:188} INFO - [2024-07-06T22:04:05.226+0700] {dag.py:3954} INFO - Setting next_dagrun for example_short_circuit_decorator to 2024-07-05 00:00:00+00:00, run_after=2024-07-06 00:00:00+00:00
[2024-07-06T22:04:05.248+0700] {processor.py:183} INFO - Processing /home/acer/.local/share/virtualenvs/custom_airflow-E5ZHcY_K/lib/python3.12/site-packages/airflow/example_dags/example_short_circuit_decorator.py took 0.093 seconds
[2024-07-06T22:05:24.896+0700] {processor.py:161} INFO - Started process (PID=17672) to work on /home/acer/.local/share/virtualenvs/custom_airflow-E5ZHcY_K/lib/python3.12/site-packages/airflow/example_dags/example_short_circuit_decorator.py
[2024-07-06T22:05:24.897+0700] {processor.py:830} INFO - Processing file /home/acer/.local/share/virtualenvs/custom_airflow-E5ZHcY_K/lib/python3.12/site-packages/airflow/example_dags/example_short_circuit_decorator.py for tasks to queue
[2024-07-06T22:05:24.899+0700] {logging_mixin.py:188} INFO - [2024-07-06T22:05:24.898+0700] {dagbag.py:545} INFO - Filling up the DagBag from /home/acer/.local/share/virtualenvs/custom_airflow-E5ZHcY_K/lib/python3.12/site-packages/airflow/example_dags/example_short_circuit_decorator.py
[2024-07-06T22:05:24.909+0700] {processor.py:840} INFO - DAG(s) 'example_short_circuit_decorator' retrieved from /home/acer/.local/share/virtualenvs/custom_airflow-E5ZHcY_K/lib/python3.12/site-packages/airflow/example_dags/example_short_circuit_decorator.py
[2024-07-06T22:05:24.929+0700] {logging_mixin.py:188} INFO - [2024-07-06T22:05:24.928+0700] {dag.py:3096} INFO - Sync 1 DAGs
[2024-07-06T22:05:24.949+0700] {logging_mixin.py:188} INFO - [2024-07-06T22:05:24.949+0700] {dag.py:3954} INFO - Setting next_dagrun for example_short_circuit_decorator to 2024-07-05 00:00:00+00:00, run_after=2024-07-06 00:00:00+00:00
[2024-07-06T22:05:24.970+0700] {processor.py:183} INFO - Processing /home/acer/.local/share/virtualenvs/custom_airflow-E5ZHcY_K/lib/python3.12/site-packages/airflow/example_dags/example_short_circuit_decorator.py took 0.079 seconds
[2024-07-06T22:06:18.439+0700] {processor.py:161} INFO - Started process (PID=17967) to work on /home/acer/.local/share/virtualenvs/custom_airflow-E5ZHcY_K/lib/python3.12/site-packages/airflow/example_dags/example_short_circuit_decorator.py
[2024-07-06T22:06:18.441+0700] {processor.py:830} INFO - Processing file /home/acer/.local/share/virtualenvs/custom_airflow-E5ZHcY_K/lib/python3.12/site-packages/airflow/example_dags/example_short_circuit_decorator.py for tasks to queue
[2024-07-06T22:06:18.445+0700] {logging_mixin.py:188} INFO - [2024-07-06T22:06:18.444+0700] {dagbag.py:545} INFO - Filling up the DagBag from /home/acer/.local/share/virtualenvs/custom_airflow-E5ZHcY_K/lib/python3.12/site-packages/airflow/example_dags/example_short_circuit_decorator.py
[2024-07-06T22:06:18.476+0700] {processor.py:840} INFO - DAG(s) 'example_short_circuit_decorator' retrieved from /home/acer/.local/share/virtualenvs/custom_airflow-E5ZHcY_K/lib/python3.12/site-packages/airflow/example_dags/example_short_circuit_decorator.py
[2024-07-06T22:06:18.505+0700] {logging_mixin.py:188} INFO - [2024-07-06T22:06:18.505+0700] {dag.py:3096} INFO - Sync 1 DAGs
[2024-07-06T22:06:18.527+0700] {logging_mixin.py:188} INFO - [2024-07-06T22:06:18.527+0700] {dag.py:3954} INFO - Setting next_dagrun for example_short_circuit_decorator to 2024-07-05 00:00:00+00:00, run_after=2024-07-06 00:00:00+00:00
[2024-07-06T22:06:18.548+0700] {processor.py:183} INFO - Processing /home/acer/.local/share/virtualenvs/custom_airflow-E5ZHcY_K/lib/python3.12/site-packages/airflow/example_dags/example_short_circuit_decorator.py took 0.125 seconds
[2024-07-06T22:07:14.481+0700] {processor.py:161} INFO - Started process (PID=18434) to work on /home/acer/.local/share/virtualenvs/custom_airflow-E5ZHcY_K/lib/python3.12/site-packages/airflow/example_dags/example_short_circuit_decorator.py
[2024-07-06T22:07:14.483+0700] {processor.py:830} INFO - Processing file /home/acer/.local/share/virtualenvs/custom_airflow-E5ZHcY_K/lib/python3.12/site-packages/airflow/example_dags/example_short_circuit_decorator.py for tasks to queue
[2024-07-06T22:07:14.486+0700] {logging_mixin.py:188} INFO - [2024-07-06T22:07:14.485+0700] {dagbag.py:545} INFO - Filling up the DagBag from /home/acer/.local/share/virtualenvs/custom_airflow-E5ZHcY_K/lib/python3.12/site-packages/airflow/example_dags/example_short_circuit_decorator.py
[2024-07-06T22:07:14.500+0700] {processor.py:840} INFO - DAG(s) 'example_short_circuit_decorator' retrieved from /home/acer/.local/share/virtualenvs/custom_airflow-E5ZHcY_K/lib/python3.12/site-packages/airflow/example_dags/example_short_circuit_decorator.py
[2024-07-06T22:07:14.526+0700] {logging_mixin.py:188} INFO - [2024-07-06T22:07:14.526+0700] {dag.py:3096} INFO - Sync 1 DAGs
[2024-07-06T22:07:14.556+0700] {logging_mixin.py:188} INFO - [2024-07-06T22:07:14.555+0700] {dag.py:3954} INFO - Setting next_dagrun for example_short_circuit_decorator to 2024-07-05 00:00:00+00:00, run_after=2024-07-06 00:00:00+00:00
[2024-07-06T22:07:14.585+0700] {processor.py:183} INFO - Processing /home/acer/.local/share/virtualenvs/custom_airflow-E5ZHcY_K/lib/python3.12/site-packages/airflow/example_dags/example_short_circuit_decorator.py took 0.116 seconds
[2024-07-06T22:08:09.751+0700] {processor.py:161} INFO - Started process (PID=18777) to work on /home/acer/.local/share/virtualenvs/custom_airflow-E5ZHcY_K/lib/python3.12/site-packages/airflow/example_dags/example_short_circuit_decorator.py
[2024-07-06T22:08:09.760+0700] {processor.py:830} INFO - Processing file /home/acer/.local/share/virtualenvs/custom_airflow-E5ZHcY_K/lib/python3.12/site-packages/airflow/example_dags/example_short_circuit_decorator.py for tasks to queue
[2024-07-06T22:08:09.763+0700] {logging_mixin.py:188} INFO - [2024-07-06T22:08:09.763+0700] {dagbag.py:545} INFO - Filling up the DagBag from /home/acer/.local/share/virtualenvs/custom_airflow-E5ZHcY_K/lib/python3.12/site-packages/airflow/example_dags/example_short_circuit_decorator.py
[2024-07-06T22:08:09.786+0700] {processor.py:840} INFO - DAG(s) 'example_short_circuit_decorator' retrieved from /home/acer/.local/share/virtualenvs/custom_airflow-E5ZHcY_K/lib/python3.12/site-packages/airflow/example_dags/example_short_circuit_decorator.py
[2024-07-06T22:08:09.811+0700] {logging_mixin.py:188} INFO - [2024-07-06T22:08:09.811+0700] {dag.py:3096} INFO - Sync 1 DAGs
[2024-07-06T22:08:09.837+0700] {logging_mixin.py:188} INFO - [2024-07-06T22:08:09.837+0700] {dag.py:3954} INFO - Setting next_dagrun for example_short_circuit_decorator to 2024-07-05 00:00:00+00:00, run_after=2024-07-06 00:00:00+00:00
[2024-07-06T22:08:09.861+0700] {processor.py:183} INFO - Processing /home/acer/.local/share/virtualenvs/custom_airflow-E5ZHcY_K/lib/python3.12/site-packages/airflow/example_dags/example_short_circuit_decorator.py took 0.141 seconds
[2024-07-06T22:09:05.120+0700] {processor.py:161} INFO - Started process (PID=19062) to work on /home/acer/.local/share/virtualenvs/custom_airflow-E5ZHcY_K/lib/python3.12/site-packages/airflow/example_dags/example_short_circuit_decorator.py
[2024-07-06T22:09:05.121+0700] {processor.py:830} INFO - Processing file /home/acer/.local/share/virtualenvs/custom_airflow-E5ZHcY_K/lib/python3.12/site-packages/airflow/example_dags/example_short_circuit_decorator.py for tasks to queue
[2024-07-06T22:09:05.123+0700] {logging_mixin.py:188} INFO - [2024-07-06T22:09:05.122+0700] {dagbag.py:545} INFO - Filling up the DagBag from /home/acer/.local/share/virtualenvs/custom_airflow-E5ZHcY_K/lib/python3.12/site-packages/airflow/example_dags/example_short_circuit_decorator.py
[2024-07-06T22:09:05.137+0700] {processor.py:840} INFO - DAG(s) 'example_short_circuit_decorator' retrieved from /home/acer/.local/share/virtualenvs/custom_airflow-E5ZHcY_K/lib/python3.12/site-packages/airflow/example_dags/example_short_circuit_decorator.py
[2024-07-06T22:09:05.171+0700] {logging_mixin.py:188} INFO - [2024-07-06T22:09:05.170+0700] {dag.py:3096} INFO - Sync 1 DAGs
[2024-07-06T22:09:05.201+0700] {logging_mixin.py:188} INFO - [2024-07-06T22:09:05.201+0700] {dag.py:3954} INFO - Setting next_dagrun for example_short_circuit_decorator to 2024-07-05 00:00:00+00:00, run_after=2024-07-06 00:00:00+00:00
[2024-07-06T22:09:05.228+0700] {processor.py:183} INFO - Processing /home/acer/.local/share/virtualenvs/custom_airflow-E5ZHcY_K/lib/python3.12/site-packages/airflow/example_dags/example_short_circuit_decorator.py took 0.118 seconds
[2024-07-06T22:10:06.158+0700] {processor.py:161} INFO - Started process (PID=19397) to work on /home/acer/.local/share/virtualenvs/custom_airflow-E5ZHcY_K/lib/python3.12/site-packages/airflow/example_dags/example_short_circuit_decorator.py
[2024-07-06T22:10:06.164+0700] {processor.py:830} INFO - Processing file /home/acer/.local/share/virtualenvs/custom_airflow-E5ZHcY_K/lib/python3.12/site-packages/airflow/example_dags/example_short_circuit_decorator.py for tasks to queue
[2024-07-06T22:10:06.168+0700] {logging_mixin.py:188} INFO - [2024-07-06T22:10:06.167+0700] {dagbag.py:545} INFO - Filling up the DagBag from /home/acer/.local/share/virtualenvs/custom_airflow-E5ZHcY_K/lib/python3.12/site-packages/airflow/example_dags/example_short_circuit_decorator.py
[2024-07-06T22:10:06.188+0700] {processor.py:840} INFO - DAG(s) 'example_short_circuit_decorator' retrieved from /home/acer/.local/share/virtualenvs/custom_airflow-E5ZHcY_K/lib/python3.12/site-packages/airflow/example_dags/example_short_circuit_decorator.py
[2024-07-06T22:10:06.226+0700] {logging_mixin.py:188} INFO - [2024-07-06T22:10:06.226+0700] {dag.py:3096} INFO - Sync 1 DAGs
[2024-07-06T22:10:06.253+0700] {logging_mixin.py:188} INFO - [2024-07-06T22:10:06.252+0700] {dag.py:3954} INFO - Setting next_dagrun for example_short_circuit_decorator to 2024-07-05 00:00:00+00:00, run_after=2024-07-06 00:00:00+00:00
[2024-07-06T22:10:06.284+0700] {processor.py:183} INFO - Processing /home/acer/.local/share/virtualenvs/custom_airflow-E5ZHcY_K/lib/python3.12/site-packages/airflow/example_dags/example_short_circuit_decorator.py took 0.142 seconds
[2024-07-06T22:11:09.121+0700] {processor.py:161} INFO - Started process (PID=19776) to work on /home/acer/.local/share/virtualenvs/custom_airflow-E5ZHcY_K/lib/python3.12/site-packages/airflow/example_dags/example_short_circuit_decorator.py
[2024-07-06T22:11:09.123+0700] {processor.py:830} INFO - Processing file /home/acer/.local/share/virtualenvs/custom_airflow-E5ZHcY_K/lib/python3.12/site-packages/airflow/example_dags/example_short_circuit_decorator.py for tasks to queue
[2024-07-06T22:11:09.126+0700] {logging_mixin.py:188} INFO - [2024-07-06T22:11:09.126+0700] {dagbag.py:545} INFO - Filling up the DagBag from /home/acer/.local/share/virtualenvs/custom_airflow-E5ZHcY_K/lib/python3.12/site-packages/airflow/example_dags/example_short_circuit_decorator.py
[2024-07-06T22:11:09.143+0700] {processor.py:840} INFO - DAG(s) 'example_short_circuit_decorator' retrieved from /home/acer/.local/share/virtualenvs/custom_airflow-E5ZHcY_K/lib/python3.12/site-packages/airflow/example_dags/example_short_circuit_decorator.py
[2024-07-06T22:11:09.167+0700] {logging_mixin.py:188} INFO - [2024-07-06T22:11:09.167+0700] {dag.py:3096} INFO - Sync 1 DAGs
[2024-07-06T22:11:09.191+0700] {logging_mixin.py:188} INFO - [2024-07-06T22:11:09.191+0700] {dag.py:3954} INFO - Setting next_dagrun for example_short_circuit_decorator to 2024-07-05 00:00:00+00:00, run_after=2024-07-06 00:00:00+00:00
[2024-07-06T22:11:09.219+0700] {processor.py:183} INFO - Processing /home/acer/.local/share/virtualenvs/custom_airflow-E5ZHcY_K/lib/python3.12/site-packages/airflow/example_dags/example_short_circuit_decorator.py took 0.115 seconds
[2024-07-06T22:12:10.344+0700] {processor.py:161} INFO - Started process (PID=20085) to work on /home/acer/.local/share/virtualenvs/custom_airflow-E5ZHcY_K/lib/python3.12/site-packages/airflow/example_dags/example_short_circuit_decorator.py
[2024-07-06T22:12:10.346+0700] {processor.py:830} INFO - Processing file /home/acer/.local/share/virtualenvs/custom_airflow-E5ZHcY_K/lib/python3.12/site-packages/airflow/example_dags/example_short_circuit_decorator.py for tasks to queue
[2024-07-06T22:12:10.350+0700] {logging_mixin.py:188} INFO - [2024-07-06T22:12:10.349+0700] {dagbag.py:545} INFO - Filling up the DagBag from /home/acer/.local/share/virtualenvs/custom_airflow-E5ZHcY_K/lib/python3.12/site-packages/airflow/example_dags/example_short_circuit_decorator.py
[2024-07-06T22:12:10.370+0700] {processor.py:840} INFO - DAG(s) 'example_short_circuit_decorator' retrieved from /home/acer/.local/share/virtualenvs/custom_airflow-E5ZHcY_K/lib/python3.12/site-packages/airflow/example_dags/example_short_circuit_decorator.py
[2024-07-06T22:12:10.396+0700] {logging_mixin.py:188} INFO - [2024-07-06T22:12:10.396+0700] {dag.py:3096} INFO - Sync 1 DAGs
[2024-07-06T22:12:10.420+0700] {logging_mixin.py:188} INFO - [2024-07-06T22:12:10.420+0700] {dag.py:3954} INFO - Setting next_dagrun for example_short_circuit_decorator to 2024-07-05 00:00:00+00:00, run_after=2024-07-06 00:00:00+00:00
[2024-07-06T22:12:10.448+0700] {processor.py:183} INFO - Processing /home/acer/.local/share/virtualenvs/custom_airflow-E5ZHcY_K/lib/python3.12/site-packages/airflow/example_dags/example_short_circuit_decorator.py took 0.131 seconds
[2024-07-06T22:13:08.644+0700] {processor.py:161} INFO - Started process (PID=20451) to work on /home/acer/.local/share/virtualenvs/custom_airflow-E5ZHcY_K/lib/python3.12/site-packages/airflow/example_dags/example_short_circuit_decorator.py
[2024-07-06T22:13:08.647+0700] {processor.py:830} INFO - Processing file /home/acer/.local/share/virtualenvs/custom_airflow-E5ZHcY_K/lib/python3.12/site-packages/airflow/example_dags/example_short_circuit_decorator.py for tasks to queue
[2024-07-06T22:13:08.652+0700] {logging_mixin.py:188} INFO - [2024-07-06T22:13:08.651+0700] {dagbag.py:545} INFO - Filling up the DagBag from /home/acer/.local/share/virtualenvs/custom_airflow-E5ZHcY_K/lib/python3.12/site-packages/airflow/example_dags/example_short_circuit_decorator.py
[2024-07-06T22:13:08.674+0700] {processor.py:840} INFO - DAG(s) 'example_short_circuit_decorator' retrieved from /home/acer/.local/share/virtualenvs/custom_airflow-E5ZHcY_K/lib/python3.12/site-packages/airflow/example_dags/example_short_circuit_decorator.py
[2024-07-06T22:13:08.729+0700] {logging_mixin.py:188} INFO - [2024-07-06T22:13:08.728+0700] {dag.py:3096} INFO - Sync 1 DAGs
[2024-07-06T22:13:08.788+0700] {logging_mixin.py:188} INFO - [2024-07-06T22:13:08.787+0700] {dag.py:3954} INFO - Setting next_dagrun for example_short_circuit_decorator to 2024-07-05 00:00:00+00:00, run_after=2024-07-06 00:00:00+00:00
[2024-07-06T22:13:08.832+0700] {processor.py:183} INFO - Processing /home/acer/.local/share/virtualenvs/custom_airflow-E5ZHcY_K/lib/python3.12/site-packages/airflow/example_dags/example_short_circuit_decorator.py took 0.197 seconds
[2024-07-06T22:14:09.703+0700] {processor.py:161} INFO - Started process (PID=20779) to work on /home/acer/.local/share/virtualenvs/custom_airflow-E5ZHcY_K/lib/python3.12/site-packages/airflow/example_dags/example_short_circuit_decorator.py
[2024-07-06T22:14:09.707+0700] {processor.py:830} INFO - Processing file /home/acer/.local/share/virtualenvs/custom_airflow-E5ZHcY_K/lib/python3.12/site-packages/airflow/example_dags/example_short_circuit_decorator.py for tasks to queue
[2024-07-06T22:14:09.709+0700] {logging_mixin.py:188} INFO - [2024-07-06T22:14:09.709+0700] {dagbag.py:545} INFO - Filling up the DagBag from /home/acer/.local/share/virtualenvs/custom_airflow-E5ZHcY_K/lib/python3.12/site-packages/airflow/example_dags/example_short_circuit_decorator.py
[2024-07-06T22:14:09.726+0700] {processor.py:840} INFO - DAG(s) 'example_short_circuit_decorator' retrieved from /home/acer/.local/share/virtualenvs/custom_airflow-E5ZHcY_K/lib/python3.12/site-packages/airflow/example_dags/example_short_circuit_decorator.py
[2024-07-06T22:14:09.759+0700] {logging_mixin.py:188} INFO - [2024-07-06T22:14:09.759+0700] {dag.py:3096} INFO - Sync 1 DAGs
[2024-07-06T22:14:09.781+0700] {logging_mixin.py:188} INFO - [2024-07-06T22:14:09.781+0700] {dag.py:3954} INFO - Setting next_dagrun for example_short_circuit_decorator to 2024-07-05 00:00:00+00:00, run_after=2024-07-06 00:00:00+00:00
[2024-07-06T22:14:09.805+0700] {processor.py:183} INFO - Processing /home/acer/.local/share/virtualenvs/custom_airflow-E5ZHcY_K/lib/python3.12/site-packages/airflow/example_dags/example_short_circuit_decorator.py took 0.113 seconds
[2024-07-06T22:15:12.730+0700] {processor.py:161} INFO - Started process (PID=21150) to work on /home/acer/.local/share/virtualenvs/custom_airflow-E5ZHcY_K/lib/python3.12/site-packages/airflow/example_dags/example_short_circuit_decorator.py
[2024-07-06T22:15:12.732+0700] {processor.py:830} INFO - Processing file /home/acer/.local/share/virtualenvs/custom_airflow-E5ZHcY_K/lib/python3.12/site-packages/airflow/example_dags/example_short_circuit_decorator.py for tasks to queue
[2024-07-06T22:15:12.737+0700] {logging_mixin.py:188} INFO - [2024-07-06T22:15:12.736+0700] {dagbag.py:545} INFO - Filling up the DagBag from /home/acer/.local/share/virtualenvs/custom_airflow-E5ZHcY_K/lib/python3.12/site-packages/airflow/example_dags/example_short_circuit_decorator.py
[2024-07-06T22:15:12.759+0700] {processor.py:840} INFO - DAG(s) 'example_short_circuit_decorator' retrieved from /home/acer/.local/share/virtualenvs/custom_airflow-E5ZHcY_K/lib/python3.12/site-packages/airflow/example_dags/example_short_circuit_decorator.py
[2024-07-06T22:15:12.797+0700] {logging_mixin.py:188} INFO - [2024-07-06T22:15:12.796+0700] {dag.py:3096} INFO - Sync 1 DAGs
[2024-07-06T22:15:12.833+0700] {logging_mixin.py:188} INFO - [2024-07-06T22:15:12.833+0700] {dag.py:3954} INFO - Setting next_dagrun for example_short_circuit_decorator to 2024-07-05 00:00:00+00:00, run_after=2024-07-06 00:00:00+00:00
[2024-07-06T22:15:12.862+0700] {processor.py:183} INFO - Processing /home/acer/.local/share/virtualenvs/custom_airflow-E5ZHcY_K/lib/python3.12/site-packages/airflow/example_dags/example_short_circuit_decorator.py took 0.144 seconds
[2024-07-06T22:16:12.840+0700] {processor.py:161} INFO - Started process (PID=21510) to work on /home/acer/.local/share/virtualenvs/custom_airflow-E5ZHcY_K/lib/python3.12/site-packages/airflow/example_dags/example_short_circuit_decorator.py
[2024-07-06T22:16:12.841+0700] {processor.py:830} INFO - Processing file /home/acer/.local/share/virtualenvs/custom_airflow-E5ZHcY_K/lib/python3.12/site-packages/airflow/example_dags/example_short_circuit_decorator.py for tasks to queue
[2024-07-06T22:16:12.843+0700] {logging_mixin.py:188} INFO - [2024-07-06T22:16:12.843+0700] {dagbag.py:545} INFO - Filling up the DagBag from /home/acer/.local/share/virtualenvs/custom_airflow-E5ZHcY_K/lib/python3.12/site-packages/airflow/example_dags/example_short_circuit_decorator.py
[2024-07-06T22:16:12.857+0700] {processor.py:840} INFO - DAG(s) 'example_short_circuit_decorator' retrieved from /home/acer/.local/share/virtualenvs/custom_airflow-E5ZHcY_K/lib/python3.12/site-packages/airflow/example_dags/example_short_circuit_decorator.py
[2024-07-06T22:16:12.883+0700] {logging_mixin.py:188} INFO - [2024-07-06T22:16:12.883+0700] {dag.py:3096} INFO - Sync 1 DAGs
[2024-07-06T22:16:12.910+0700] {logging_mixin.py:188} INFO - [2024-07-06T22:16:12.910+0700] {dag.py:3954} INFO - Setting next_dagrun for example_short_circuit_decorator to 2024-07-05 00:00:00+00:00, run_after=2024-07-06 00:00:00+00:00
[2024-07-06T22:16:12.936+0700] {processor.py:183} INFO - Processing /home/acer/.local/share/virtualenvs/custom_airflow-E5ZHcY_K/lib/python3.12/site-packages/airflow/example_dags/example_short_circuit_decorator.py took 0.102 seconds
[2024-07-06T22:17:07.079+0700] {processor.py:161} INFO - Started process (PID=21793) to work on /home/acer/.local/share/virtualenvs/custom_airflow-E5ZHcY_K/lib/python3.12/site-packages/airflow/example_dags/example_short_circuit_decorator.py
[2024-07-06T22:17:07.081+0700] {processor.py:830} INFO - Processing file /home/acer/.local/share/virtualenvs/custom_airflow-E5ZHcY_K/lib/python3.12/site-packages/airflow/example_dags/example_short_circuit_decorator.py for tasks to queue
[2024-07-06T22:17:07.083+0700] {logging_mixin.py:188} INFO - [2024-07-06T22:17:07.082+0700] {dagbag.py:545} INFO - Filling up the DagBag from /home/acer/.local/share/virtualenvs/custom_airflow-E5ZHcY_K/lib/python3.12/site-packages/airflow/example_dags/example_short_circuit_decorator.py
[2024-07-06T22:17:07.100+0700] {processor.py:840} INFO - DAG(s) 'example_short_circuit_decorator' retrieved from /home/acer/.local/share/virtualenvs/custom_airflow-E5ZHcY_K/lib/python3.12/site-packages/airflow/example_dags/example_short_circuit_decorator.py
[2024-07-06T22:17:07.144+0700] {logging_mixin.py:188} INFO - [2024-07-06T22:17:07.144+0700] {dag.py:3096} INFO - Sync 1 DAGs
[2024-07-06T22:17:07.183+0700] {logging_mixin.py:188} INFO - [2024-07-06T22:17:07.183+0700] {dag.py:3954} INFO - Setting next_dagrun for example_short_circuit_decorator to 2024-07-05 00:00:00+00:00, run_after=2024-07-06 00:00:00+00:00
[2024-07-06T22:17:07.217+0700] {processor.py:183} INFO - Processing /home/acer/.local/share/virtualenvs/custom_airflow-E5ZHcY_K/lib/python3.12/site-packages/airflow/example_dags/example_short_circuit_decorator.py took 0.148 seconds
[2024-07-06T22:18:11.027+0700] {processor.py:161} INFO - Started process (PID=22144) to work on /home/acer/.local/share/virtualenvs/custom_airflow-E5ZHcY_K/lib/python3.12/site-packages/airflow/example_dags/example_short_circuit_decorator.py
[2024-07-06T22:18:11.030+0700] {processor.py:830} INFO - Processing file /home/acer/.local/share/virtualenvs/custom_airflow-E5ZHcY_K/lib/python3.12/site-packages/airflow/example_dags/example_short_circuit_decorator.py for tasks to queue
[2024-07-06T22:18:11.034+0700] {logging_mixin.py:188} INFO - [2024-07-06T22:18:11.033+0700] {dagbag.py:545} INFO - Filling up the DagBag from /home/acer/.local/share/virtualenvs/custom_airflow-E5ZHcY_K/lib/python3.12/site-packages/airflow/example_dags/example_short_circuit_decorator.py
[2024-07-06T22:18:11.051+0700] {processor.py:840} INFO - DAG(s) 'example_short_circuit_decorator' retrieved from /home/acer/.local/share/virtualenvs/custom_airflow-E5ZHcY_K/lib/python3.12/site-packages/airflow/example_dags/example_short_circuit_decorator.py
[2024-07-06T22:18:11.081+0700] {logging_mixin.py:188} INFO - [2024-07-06T22:18:11.081+0700] {dag.py:3096} INFO - Sync 1 DAGs
[2024-07-06T22:18:11.114+0700] {logging_mixin.py:188} INFO - [2024-07-06T22:18:11.114+0700] {dag.py:3954} INFO - Setting next_dagrun for example_short_circuit_decorator to 2024-07-05 00:00:00+00:00, run_after=2024-07-06 00:00:00+00:00
[2024-07-06T22:18:11.144+0700] {processor.py:183} INFO - Processing /home/acer/.local/share/virtualenvs/custom_airflow-E5ZHcY_K/lib/python3.12/site-packages/airflow/example_dags/example_short_circuit_decorator.py took 0.130 seconds
[2024-07-06T22:19:13.021+0700] {processor.py:161} INFO - Started process (PID=22482) to work on /home/acer/.local/share/virtualenvs/custom_airflow-E5ZHcY_K/lib/python3.12/site-packages/airflow/example_dags/example_short_circuit_decorator.py
[2024-07-06T22:19:13.023+0700] {processor.py:830} INFO - Processing file /home/acer/.local/share/virtualenvs/custom_airflow-E5ZHcY_K/lib/python3.12/site-packages/airflow/example_dags/example_short_circuit_decorator.py for tasks to queue
[2024-07-06T22:19:13.026+0700] {logging_mixin.py:188} INFO - [2024-07-06T22:19:13.025+0700] {dagbag.py:545} INFO - Filling up the DagBag from /home/acer/.local/share/virtualenvs/custom_airflow-E5ZHcY_K/lib/python3.12/site-packages/airflow/example_dags/example_short_circuit_decorator.py
[2024-07-06T22:19:13.041+0700] {processor.py:840} INFO - DAG(s) 'example_short_circuit_decorator' retrieved from /home/acer/.local/share/virtualenvs/custom_airflow-E5ZHcY_K/lib/python3.12/site-packages/airflow/example_dags/example_short_circuit_decorator.py
[2024-07-06T22:19:13.069+0700] {logging_mixin.py:188} INFO - [2024-07-06T22:19:13.069+0700] {dag.py:3096} INFO - Sync 1 DAGs
[2024-07-06T22:19:13.199+0700] {logging_mixin.py:188} INFO - [2024-07-06T22:19:13.199+0700] {dag.py:3954} INFO - Setting next_dagrun for example_short_circuit_decorator to 2024-07-05 00:00:00+00:00, run_after=2024-07-06 00:00:00+00:00
[2024-07-06T22:19:13.227+0700] {processor.py:183} INFO - Processing /home/acer/.local/share/virtualenvs/custom_airflow-E5ZHcY_K/lib/python3.12/site-packages/airflow/example_dags/example_short_circuit_decorator.py took 0.215 seconds
[2024-07-06T22:20:15.122+0700] {processor.py:161} INFO - Started process (PID=22805) to work on /home/acer/.local/share/virtualenvs/custom_airflow-E5ZHcY_K/lib/python3.12/site-packages/airflow/example_dags/example_short_circuit_decorator.py
[2024-07-06T22:20:15.124+0700] {processor.py:830} INFO - Processing file /home/acer/.local/share/virtualenvs/custom_airflow-E5ZHcY_K/lib/python3.12/site-packages/airflow/example_dags/example_short_circuit_decorator.py for tasks to queue
[2024-07-06T22:20:15.127+0700] {logging_mixin.py:188} INFO - [2024-07-06T22:20:15.126+0700] {dagbag.py:545} INFO - Filling up the DagBag from /home/acer/.local/share/virtualenvs/custom_airflow-E5ZHcY_K/lib/python3.12/site-packages/airflow/example_dags/example_short_circuit_decorator.py
[2024-07-06T22:20:15.144+0700] {processor.py:840} INFO - DAG(s) 'example_short_circuit_decorator' retrieved from /home/acer/.local/share/virtualenvs/custom_airflow-E5ZHcY_K/lib/python3.12/site-packages/airflow/example_dags/example_short_circuit_decorator.py
[2024-07-06T22:20:15.175+0700] {logging_mixin.py:188} INFO - [2024-07-06T22:20:15.175+0700] {dag.py:3096} INFO - Sync 1 DAGs
[2024-07-06T22:20:15.202+0700] {logging_mixin.py:188} INFO - [2024-07-06T22:20:15.202+0700] {dag.py:3954} INFO - Setting next_dagrun for example_short_circuit_decorator to 2024-07-05 00:00:00+00:00, run_after=2024-07-06 00:00:00+00:00
[2024-07-06T22:20:15.231+0700] {processor.py:183} INFO - Processing /home/acer/.local/share/virtualenvs/custom_airflow-E5ZHcY_K/lib/python3.12/site-packages/airflow/example_dags/example_short_circuit_decorator.py took 0.120 seconds
