[2024-07-06T16:08:45.151+0700] {processor.py:161} INFO - Started process (PID=51108) to work on /home/acer/.local/share/virtualenvs/custom_airflow-E5ZHcY_K/lib/python3.12/site-packages/airflow/example_dags/example_xcom.py
[2024-07-06T16:08:45.154+0700] {processor.py:830} INFO - Processing file /home/acer/.local/share/virtualenvs/custom_airflow-E5ZHcY_K/lib/python3.12/site-packages/airflow/example_dags/example_xcom.py for tasks to queue
[2024-07-06T16:08:45.162+0700] {logging_mixin.py:188} INFO - [2024-07-06T16:08:45.160+0700] {dagbag.py:545} INFO - Filling up the DagBag from /home/acer/.local/share/virtualenvs/custom_airflow-E5ZHcY_K/lib/python3.12/site-packages/airflow/example_dags/example_xcom.py
[2024-07-06T16:08:45.208+0700] {processor.py:840} INFO - DAG(s) 'example_xcom' retrieved from /home/acer/.local/share/virtualenvs/custom_airflow-E5ZHcY_K/lib/python3.12/site-packages/airflow/example_dags/example_xcom.py
[2024-07-06T16:08:45.435+0700] {logging_mixin.py:188} INFO - [2024-07-06T16:08:45.434+0700] {override.py:1847} INFO - Created Permission View: can delete on DAG:example_xcom
[2024-07-06T16:08:45.452+0700] {logging_mixin.py:188} INFO - [2024-07-06T16:08:45.451+0700] {override.py:1847} INFO - Created Permission View: can edit on DAG:example_xcom
[2024-07-06T16:08:45.461+0700] {logging_mixin.py:188} INFO - [2024-07-06T16:08:45.461+0700] {override.py:1847} INFO - Created Permission View: can read on DAG:example_xcom
[2024-07-06T16:08:45.462+0700] {logging_mixin.py:188} INFO - [2024-07-06T16:08:45.462+0700] {dag.py:3096} INFO - Sync 1 DAGs
[2024-07-06T16:08:45.473+0700] {logging_mixin.py:188} INFO - [2024-07-06T16:08:45.473+0700] {dag.py:3118} INFO - Creating ORM DAG for example_xcom
[2024-07-06T16:08:45.482+0700] {logging_mixin.py:188} INFO - [2024-07-06T16:08:45.482+0700] {dag.py:3954} INFO - Setting next_dagrun for example_xcom to 2021-01-01 00:00:00+00:00, run_after=2021-01-01 00:00:00+00:00
[2024-07-06T16:08:45.507+0700] {processor.py:183} INFO - Processing /home/acer/.local/share/virtualenvs/custom_airflow-E5ZHcY_K/lib/python3.12/site-packages/airflow/example_dags/example_xcom.py took 0.384 seconds
[2024-07-06T16:09:46.475+0700] {processor.py:161} INFO - Started process (PID=51557) to work on /home/acer/.local/share/virtualenvs/custom_airflow-E5ZHcY_K/lib/python3.12/site-packages/airflow/example_dags/example_xcom.py
[2024-07-06T16:09:46.476+0700] {processor.py:830} INFO - Processing file /home/acer/.local/share/virtualenvs/custom_airflow-E5ZHcY_K/lib/python3.12/site-packages/airflow/example_dags/example_xcom.py for tasks to queue
[2024-07-06T16:09:46.478+0700] {logging_mixin.py:188} INFO - [2024-07-06T16:09:46.478+0700] {dagbag.py:545} INFO - Filling up the DagBag from /home/acer/.local/share/virtualenvs/custom_airflow-E5ZHcY_K/lib/python3.12/site-packages/airflow/example_dags/example_xcom.py
[2024-07-06T16:09:46.488+0700] {processor.py:840} INFO - DAG(s) 'example_xcom' retrieved from /home/acer/.local/share/virtualenvs/custom_airflow-E5ZHcY_K/lib/python3.12/site-packages/airflow/example_dags/example_xcom.py
[2024-07-06T16:09:46.509+0700] {logging_mixin.py:188} INFO - [2024-07-06T16:09:46.508+0700] {dag.py:3096} INFO - Sync 1 DAGs
[2024-07-06T16:09:46.536+0700] {logging_mixin.py:188} INFO - [2024-07-06T16:09:46.536+0700] {dag.py:3954} INFO - Setting next_dagrun for example_xcom to 2021-01-01 00:00:00+00:00, run_after=2021-01-01 00:00:00+00:00
[2024-07-06T16:09:46.559+0700] {processor.py:183} INFO - Processing /home/acer/.local/share/virtualenvs/custom_airflow-E5ZHcY_K/lib/python3.12/site-packages/airflow/example_dags/example_xcom.py took 0.091 seconds
[2024-07-06T16:10:38.894+0700] {processor.py:161} INFO - Started process (PID=52021) to work on /home/acer/.local/share/virtualenvs/custom_airflow-E5ZHcY_K/lib/python3.12/site-packages/airflow/example_dags/example_xcom.py
[2024-07-06T16:10:38.895+0700] {processor.py:830} INFO - Processing file /home/acer/.local/share/virtualenvs/custom_airflow-E5ZHcY_K/lib/python3.12/site-packages/airflow/example_dags/example_xcom.py for tasks to queue
[2024-07-06T16:10:38.896+0700] {logging_mixin.py:188} INFO - [2024-07-06T16:10:38.896+0700] {dagbag.py:545} INFO - Filling up the DagBag from /home/acer/.local/share/virtualenvs/custom_airflow-E5ZHcY_K/lib/python3.12/site-packages/airflow/example_dags/example_xcom.py
[2024-07-06T16:10:38.907+0700] {processor.py:840} INFO - DAG(s) 'example_xcom' retrieved from /home/acer/.local/share/virtualenvs/custom_airflow-E5ZHcY_K/lib/python3.12/site-packages/airflow/example_dags/example_xcom.py
[2024-07-06T16:10:38.931+0700] {logging_mixin.py:188} INFO - [2024-07-06T16:10:38.931+0700] {dag.py:3096} INFO - Sync 1 DAGs
[2024-07-06T16:10:38.960+0700] {logging_mixin.py:188} INFO - [2024-07-06T16:10:38.959+0700] {dag.py:3954} INFO - Setting next_dagrun for example_xcom to 2021-01-01 00:00:00+00:00, run_after=2021-01-01 00:00:00+00:00
[2024-07-06T16:10:38.984+0700] {processor.py:183} INFO - Processing /home/acer/.local/share/virtualenvs/custom_airflow-E5ZHcY_K/lib/python3.12/site-packages/airflow/example_dags/example_xcom.py took 0.095 seconds
[2024-07-06T16:11:33.531+0700] {processor.py:161} INFO - Started process (PID=52484) to work on /home/acer/.local/share/virtualenvs/custom_airflow-E5ZHcY_K/lib/python3.12/site-packages/airflow/example_dags/example_xcom.py
[2024-07-06T16:11:33.532+0700] {processor.py:830} INFO - Processing file /home/acer/.local/share/virtualenvs/custom_airflow-E5ZHcY_K/lib/python3.12/site-packages/airflow/example_dags/example_xcom.py for tasks to queue
[2024-07-06T16:11:33.533+0700] {logging_mixin.py:188} INFO - [2024-07-06T16:11:33.533+0700] {dagbag.py:545} INFO - Filling up the DagBag from /home/acer/.local/share/virtualenvs/custom_airflow-E5ZHcY_K/lib/python3.12/site-packages/airflow/example_dags/example_xcom.py
[2024-07-06T16:11:33.542+0700] {processor.py:840} INFO - DAG(s) 'example_xcom' retrieved from /home/acer/.local/share/virtualenvs/custom_airflow-E5ZHcY_K/lib/python3.12/site-packages/airflow/example_dags/example_xcom.py
[2024-07-06T16:11:33.559+0700] {logging_mixin.py:188} INFO - [2024-07-06T16:11:33.558+0700] {dag.py:3096} INFO - Sync 1 DAGs
[2024-07-06T16:11:33.579+0700] {logging_mixin.py:188} INFO - [2024-07-06T16:11:33.579+0700] {dag.py:3954} INFO - Setting next_dagrun for example_xcom to 2021-01-01 00:00:00+00:00, run_after=2021-01-01 00:00:00+00:00
[2024-07-06T16:11:33.599+0700] {processor.py:183} INFO - Processing /home/acer/.local/share/virtualenvs/custom_airflow-E5ZHcY_K/lib/python3.12/site-packages/airflow/example_dags/example_xcom.py took 0.077 seconds
[2024-07-06T16:15:34.759+0700] {processor.py:161} INFO - Started process (PID=54538) to work on /home/acer/.local/share/virtualenvs/custom_airflow-E5ZHcY_K/lib/python3.12/site-packages/airflow/example_dags/example_xcom.py
[2024-07-06T16:15:34.760+0700] {processor.py:830} INFO - Processing file /home/acer/.local/share/virtualenvs/custom_airflow-E5ZHcY_K/lib/python3.12/site-packages/airflow/example_dags/example_xcom.py for tasks to queue
[2024-07-06T16:15:34.762+0700] {logging_mixin.py:188} INFO - [2024-07-06T16:15:34.761+0700] {dagbag.py:545} INFO - Filling up the DagBag from /home/acer/.local/share/virtualenvs/custom_airflow-E5ZHcY_K/lib/python3.12/site-packages/airflow/example_dags/example_xcom.py
[2024-07-06T16:15:34.771+0700] {processor.py:840} INFO - DAG(s) 'example_xcom' retrieved from /home/acer/.local/share/virtualenvs/custom_airflow-E5ZHcY_K/lib/python3.12/site-packages/airflow/example_dags/example_xcom.py
[2024-07-06T16:15:34.895+0700] {logging_mixin.py:188} INFO - [2024-07-06T16:15:34.894+0700] {dag.py:3096} INFO - Sync 1 DAGs
[2024-07-06T16:15:34.914+0700] {logging_mixin.py:188} INFO - [2024-07-06T16:15:34.914+0700] {dag.py:3954} INFO - Setting next_dagrun for example_xcom to 2021-01-01 00:00:00+00:00, run_after=2021-01-01 00:00:00+00:00
[2024-07-06T16:15:34.936+0700] {processor.py:183} INFO - Processing /home/acer/.local/share/virtualenvs/custom_airflow-E5ZHcY_K/lib/python3.12/site-packages/airflow/example_dags/example_xcom.py took 0.182 seconds
[2024-07-06T16:16:36.220+0700] {processor.py:161} INFO - Started process (PID=55253) to work on /home/acer/.local/share/virtualenvs/custom_airflow-E5ZHcY_K/lib/python3.12/site-packages/airflow/example_dags/example_xcom.py
[2024-07-06T16:16:36.222+0700] {processor.py:830} INFO - Processing file /home/acer/.local/share/virtualenvs/custom_airflow-E5ZHcY_K/lib/python3.12/site-packages/airflow/example_dags/example_xcom.py for tasks to queue
[2024-07-06T16:16:36.225+0700] {logging_mixin.py:188} INFO - [2024-07-06T16:16:36.224+0700] {dagbag.py:545} INFO - Filling up the DagBag from /home/acer/.local/share/virtualenvs/custom_airflow-E5ZHcY_K/lib/python3.12/site-packages/airflow/example_dags/example_xcom.py
[2024-07-06T16:16:36.236+0700] {processor.py:840} INFO - DAG(s) 'example_xcom' retrieved from /home/acer/.local/share/virtualenvs/custom_airflow-E5ZHcY_K/lib/python3.12/site-packages/airflow/example_dags/example_xcom.py
[2024-07-06T16:16:36.254+0700] {logging_mixin.py:188} INFO - [2024-07-06T16:16:36.253+0700] {dag.py:3096} INFO - Sync 1 DAGs
[2024-07-06T16:16:36.295+0700] {logging_mixin.py:188} INFO - [2024-07-06T16:16:36.294+0700] {dag.py:3954} INFO - Setting next_dagrun for example_xcom to 2021-01-01 00:00:00+00:00, run_after=2021-01-01 00:00:00+00:00
[2024-07-06T16:16:36.345+0700] {processor.py:183} INFO - Processing /home/acer/.local/share/virtualenvs/custom_airflow-E5ZHcY_K/lib/python3.12/site-packages/airflow/example_dags/example_xcom.py took 0.143 seconds
[2024-07-06T16:17:28.175+0700] {processor.py:161} INFO - Started process (PID=55704) to work on /home/acer/.local/share/virtualenvs/custom_airflow-E5ZHcY_K/lib/python3.12/site-packages/airflow/example_dags/example_xcom.py
[2024-07-06T16:17:28.177+0700] {processor.py:830} INFO - Processing file /home/acer/.local/share/virtualenvs/custom_airflow-E5ZHcY_K/lib/python3.12/site-packages/airflow/example_dags/example_xcom.py for tasks to queue
[2024-07-06T16:17:28.182+0700] {logging_mixin.py:188} INFO - [2024-07-06T16:17:28.181+0700] {dagbag.py:545} INFO - Filling up the DagBag from /home/acer/.local/share/virtualenvs/custom_airflow-E5ZHcY_K/lib/python3.12/site-packages/airflow/example_dags/example_xcom.py
[2024-07-06T16:17:28.195+0700] {processor.py:840} INFO - DAG(s) 'example_xcom' retrieved from /home/acer/.local/share/virtualenvs/custom_airflow-E5ZHcY_K/lib/python3.12/site-packages/airflow/example_dags/example_xcom.py
[2024-07-06T16:17:28.216+0700] {logging_mixin.py:188} INFO - [2024-07-06T16:17:28.216+0700] {dag.py:3096} INFO - Sync 1 DAGs
[2024-07-06T16:17:28.236+0700] {logging_mixin.py:188} INFO - [2024-07-06T16:17:28.236+0700] {dag.py:3954} INFO - Setting next_dagrun for example_xcom to 2021-01-01 00:00:00+00:00, run_after=2021-01-01 00:00:00+00:00
[2024-07-06T16:17:28.258+0700] {processor.py:183} INFO - Processing /home/acer/.local/share/virtualenvs/custom_airflow-E5ZHcY_K/lib/python3.12/site-packages/airflow/example_dags/example_xcom.py took 0.101 seconds
[2024-07-06T16:18:16.114+0700] {processor.py:161} INFO - Started process (PID=55942) to work on /home/acer/.local/share/virtualenvs/custom_airflow-E5ZHcY_K/lib/python3.12/site-packages/airflow/example_dags/example_xcom.py
[2024-07-06T16:18:16.115+0700] {processor.py:830} INFO - Processing file /home/acer/.local/share/virtualenvs/custom_airflow-E5ZHcY_K/lib/python3.12/site-packages/airflow/example_dags/example_xcom.py for tasks to queue
[2024-07-06T16:18:16.118+0700] {logging_mixin.py:188} INFO - [2024-07-06T16:18:16.117+0700] {dagbag.py:545} INFO - Filling up the DagBag from /home/acer/.local/share/virtualenvs/custom_airflow-E5ZHcY_K/lib/python3.12/site-packages/airflow/example_dags/example_xcom.py
[2024-07-06T16:18:16.131+0700] {processor.py:840} INFO - DAG(s) 'example_xcom' retrieved from /home/acer/.local/share/virtualenvs/custom_airflow-E5ZHcY_K/lib/python3.12/site-packages/airflow/example_dags/example_xcom.py
[2024-07-06T16:18:16.148+0700] {logging_mixin.py:188} INFO - [2024-07-06T16:18:16.148+0700] {dag.py:3096} INFO - Sync 1 DAGs
[2024-07-06T16:18:16.168+0700] {logging_mixin.py:188} INFO - [2024-07-06T16:18:16.168+0700] {dag.py:3954} INFO - Setting next_dagrun for example_xcom to 2021-01-01 00:00:00+00:00, run_after=2021-01-01 00:00:00+00:00
[2024-07-06T16:18:16.193+0700] {processor.py:183} INFO - Processing /home/acer/.local/share/virtualenvs/custom_airflow-E5ZHcY_K/lib/python3.12/site-packages/airflow/example_dags/example_xcom.py took 0.089 seconds
[2024-07-06T16:19:04.286+0700] {processor.py:161} INFO - Started process (PID=56182) to work on /home/acer/.local/share/virtualenvs/custom_airflow-E5ZHcY_K/lib/python3.12/site-packages/airflow/example_dags/example_xcom.py
[2024-07-06T16:19:04.288+0700] {processor.py:830} INFO - Processing file /home/acer/.local/share/virtualenvs/custom_airflow-E5ZHcY_K/lib/python3.12/site-packages/airflow/example_dags/example_xcom.py for tasks to queue
[2024-07-06T16:19:04.293+0700] {logging_mixin.py:188} INFO - [2024-07-06T16:19:04.292+0700] {dagbag.py:545} INFO - Filling up the DagBag from /home/acer/.local/share/virtualenvs/custom_airflow-E5ZHcY_K/lib/python3.12/site-packages/airflow/example_dags/example_xcom.py
[2024-07-06T16:19:04.304+0700] {processor.py:840} INFO - DAG(s) 'example_xcom' retrieved from /home/acer/.local/share/virtualenvs/custom_airflow-E5ZHcY_K/lib/python3.12/site-packages/airflow/example_dags/example_xcom.py
[2024-07-06T16:19:04.322+0700] {logging_mixin.py:188} INFO - [2024-07-06T16:19:04.322+0700] {dag.py:3096} INFO - Sync 1 DAGs
[2024-07-06T16:19:04.342+0700] {logging_mixin.py:188} INFO - [2024-07-06T16:19:04.342+0700] {dag.py:3954} INFO - Setting next_dagrun for example_xcom to 2021-01-01 00:00:00+00:00, run_after=2021-01-01 00:00:00+00:00
[2024-07-06T16:19:04.362+0700] {processor.py:183} INFO - Processing /home/acer/.local/share/virtualenvs/custom_airflow-E5ZHcY_K/lib/python3.12/site-packages/airflow/example_dags/example_xcom.py took 0.096 seconds
[2024-07-06T16:20:04.091+0700] {processor.py:161} INFO - Started process (PID=56933) to work on /home/acer/.local/share/virtualenvs/custom_airflow-E5ZHcY_K/lib/python3.12/site-packages/airflow/example_dags/example_xcom.py
[2024-07-06T16:20:04.093+0700] {processor.py:830} INFO - Processing file /home/acer/.local/share/virtualenvs/custom_airflow-E5ZHcY_K/lib/python3.12/site-packages/airflow/example_dags/example_xcom.py for tasks to queue
[2024-07-06T16:20:04.097+0700] {logging_mixin.py:188} INFO - [2024-07-06T16:20:04.096+0700] {dagbag.py:545} INFO - Filling up the DagBag from /home/acer/.local/share/virtualenvs/custom_airflow-E5ZHcY_K/lib/python3.12/site-packages/airflow/example_dags/example_xcom.py
[2024-07-06T16:20:04.112+0700] {processor.py:840} INFO - DAG(s) 'example_xcom' retrieved from /home/acer/.local/share/virtualenvs/custom_airflow-E5ZHcY_K/lib/python3.12/site-packages/airflow/example_dags/example_xcom.py
[2024-07-06T16:20:04.130+0700] {logging_mixin.py:188} INFO - [2024-07-06T16:20:04.130+0700] {dag.py:3096} INFO - Sync 1 DAGs
[2024-07-06T16:20:04.150+0700] {logging_mixin.py:188} INFO - [2024-07-06T16:20:04.150+0700] {dag.py:3954} INFO - Setting next_dagrun for example_xcom to 2021-01-01 00:00:00+00:00, run_after=2021-01-01 00:00:00+00:00
[2024-07-06T16:20:04.171+0700] {processor.py:183} INFO - Processing /home/acer/.local/share/virtualenvs/custom_airflow-E5ZHcY_K/lib/python3.12/site-packages/airflow/example_dags/example_xcom.py took 0.091 seconds
[2024-07-06T16:21:01.229+0700] {processor.py:161} INFO - Started process (PID=57376) to work on /home/acer/.local/share/virtualenvs/custom_airflow-E5ZHcY_K/lib/python3.12/site-packages/airflow/example_dags/example_xcom.py
[2024-07-06T16:21:01.231+0700] {processor.py:830} INFO - Processing file /home/acer/.local/share/virtualenvs/custom_airflow-E5ZHcY_K/lib/python3.12/site-packages/airflow/example_dags/example_xcom.py for tasks to queue
[2024-07-06T16:21:01.239+0700] {logging_mixin.py:188} INFO - [2024-07-06T16:21:01.237+0700] {dagbag.py:545} INFO - Filling up the DagBag from /home/acer/.local/share/virtualenvs/custom_airflow-E5ZHcY_K/lib/python3.12/site-packages/airflow/example_dags/example_xcom.py
[2024-07-06T16:21:01.264+0700] {processor.py:840} INFO - DAG(s) 'example_xcom' retrieved from /home/acer/.local/share/virtualenvs/custom_airflow-E5ZHcY_K/lib/python3.12/site-packages/airflow/example_dags/example_xcom.py
[2024-07-06T16:21:01.290+0700] {logging_mixin.py:188} INFO - [2024-07-06T16:21:01.290+0700] {dag.py:3096} INFO - Sync 1 DAGs
[2024-07-06T16:21:01.311+0700] {logging_mixin.py:188} INFO - [2024-07-06T16:21:01.311+0700] {dag.py:3954} INFO - Setting next_dagrun for example_xcom to 2021-01-01 00:00:00+00:00, run_after=2021-01-01 00:00:00+00:00
[2024-07-06T16:21:01.332+0700] {processor.py:183} INFO - Processing /home/acer/.local/share/virtualenvs/custom_airflow-E5ZHcY_K/lib/python3.12/site-packages/airflow/example_dags/example_xcom.py took 0.128 seconds
[2024-07-06T16:21:51.085+0700] {processor.py:161} INFO - Started process (PID=57711) to work on /home/acer/.local/share/virtualenvs/custom_airflow-E5ZHcY_K/lib/python3.12/site-packages/airflow/example_dags/example_xcom.py
[2024-07-06T16:21:51.086+0700] {processor.py:830} INFO - Processing file /home/acer/.local/share/virtualenvs/custom_airflow-E5ZHcY_K/lib/python3.12/site-packages/airflow/example_dags/example_xcom.py for tasks to queue
[2024-07-06T16:21:51.087+0700] {logging_mixin.py:188} INFO - [2024-07-06T16:21:51.087+0700] {dagbag.py:545} INFO - Filling up the DagBag from /home/acer/.local/share/virtualenvs/custom_airflow-E5ZHcY_K/lib/python3.12/site-packages/airflow/example_dags/example_xcom.py
[2024-07-06T16:21:51.095+0700] {processor.py:840} INFO - DAG(s) 'example_xcom' retrieved from /home/acer/.local/share/virtualenvs/custom_airflow-E5ZHcY_K/lib/python3.12/site-packages/airflow/example_dags/example_xcom.py
[2024-07-06T16:21:51.111+0700] {logging_mixin.py:188} INFO - [2024-07-06T16:21:51.111+0700] {dag.py:3096} INFO - Sync 1 DAGs
[2024-07-06T16:21:51.131+0700] {logging_mixin.py:188} INFO - [2024-07-06T16:21:51.130+0700] {dag.py:3954} INFO - Setting next_dagrun for example_xcom to 2021-01-01 00:00:00+00:00, run_after=2021-01-01 00:00:00+00:00
[2024-07-06T16:21:51.165+0700] {processor.py:183} INFO - Processing /home/acer/.local/share/virtualenvs/custom_airflow-E5ZHcY_K/lib/python3.12/site-packages/airflow/example_dags/example_xcom.py took 0.085 seconds
[2024-07-06T16:22:38.580+0700] {processor.py:161} INFO - Started process (PID=57995) to work on /home/acer/.local/share/virtualenvs/custom_airflow-E5ZHcY_K/lib/python3.12/site-packages/airflow/example_dags/example_xcom.py
[2024-07-06T16:22:38.582+0700] {processor.py:830} INFO - Processing file /home/acer/.local/share/virtualenvs/custom_airflow-E5ZHcY_K/lib/python3.12/site-packages/airflow/example_dags/example_xcom.py for tasks to queue
[2024-07-06T16:22:38.586+0700] {logging_mixin.py:188} INFO - [2024-07-06T16:22:38.585+0700] {dagbag.py:545} INFO - Filling up the DagBag from /home/acer/.local/share/virtualenvs/custom_airflow-E5ZHcY_K/lib/python3.12/site-packages/airflow/example_dags/example_xcom.py
[2024-07-06T16:22:38.598+0700] {processor.py:840} INFO - DAG(s) 'example_xcom' retrieved from /home/acer/.local/share/virtualenvs/custom_airflow-E5ZHcY_K/lib/python3.12/site-packages/airflow/example_dags/example_xcom.py
[2024-07-06T16:22:38.618+0700] {logging_mixin.py:188} INFO - [2024-07-06T16:22:38.617+0700] {dag.py:3096} INFO - Sync 1 DAGs
[2024-07-06T16:22:38.638+0700] {logging_mixin.py:188} INFO - [2024-07-06T16:22:38.638+0700] {dag.py:3954} INFO - Setting next_dagrun for example_xcom to 2021-01-01 00:00:00+00:00, run_after=2021-01-01 00:00:00+00:00
[2024-07-06T16:22:38.658+0700] {processor.py:183} INFO - Processing /home/acer/.local/share/virtualenvs/custom_airflow-E5ZHcY_K/lib/python3.12/site-packages/airflow/example_dags/example_xcom.py took 0.100 seconds
[2024-07-06T16:24:03.916+0700] {processor.py:161} INFO - Started process (PID=59046) to work on /home/acer/.local/share/virtualenvs/custom_airflow-E5ZHcY_K/lib/python3.12/site-packages/airflow/example_dags/example_xcom.py
[2024-07-06T16:24:03.918+0700] {processor.py:830} INFO - Processing file /home/acer/.local/share/virtualenvs/custom_airflow-E5ZHcY_K/lib/python3.12/site-packages/airflow/example_dags/example_xcom.py for tasks to queue
[2024-07-06T16:24:03.920+0700] {logging_mixin.py:188} INFO - [2024-07-06T16:24:03.920+0700] {dagbag.py:545} INFO - Filling up the DagBag from /home/acer/.local/share/virtualenvs/custom_airflow-E5ZHcY_K/lib/python3.12/site-packages/airflow/example_dags/example_xcom.py
[2024-07-06T16:24:03.929+0700] {processor.py:840} INFO - DAG(s) 'example_xcom' retrieved from /home/acer/.local/share/virtualenvs/custom_airflow-E5ZHcY_K/lib/python3.12/site-packages/airflow/example_dags/example_xcom.py
[2024-07-06T16:24:03.945+0700] {logging_mixin.py:188} INFO - [2024-07-06T16:24:03.945+0700] {dag.py:3096} INFO - Sync 1 DAGs
[2024-07-06T16:24:03.965+0700] {logging_mixin.py:188} INFO - [2024-07-06T16:24:03.965+0700] {dag.py:3954} INFO - Setting next_dagrun for example_xcom to 2021-01-01 00:00:00+00:00, run_after=2021-01-01 00:00:00+00:00
[2024-07-06T16:24:03.986+0700] {processor.py:183} INFO - Processing /home/acer/.local/share/virtualenvs/custom_airflow-E5ZHcY_K/lib/python3.12/site-packages/airflow/example_dags/example_xcom.py took 0.076 seconds
[2024-07-06T16:25:00.611+0700] {processor.py:161} INFO - Started process (PID=59494) to work on /home/acer/.local/share/virtualenvs/custom_airflow-E5ZHcY_K/lib/python3.12/site-packages/airflow/example_dags/example_xcom.py
[2024-07-06T16:25:00.613+0700] {processor.py:830} INFO - Processing file /home/acer/.local/share/virtualenvs/custom_airflow-E5ZHcY_K/lib/python3.12/site-packages/airflow/example_dags/example_xcom.py for tasks to queue
[2024-07-06T16:25:00.618+0700] {logging_mixin.py:188} INFO - [2024-07-06T16:25:00.617+0700] {dagbag.py:545} INFO - Filling up the DagBag from /home/acer/.local/share/virtualenvs/custom_airflow-E5ZHcY_K/lib/python3.12/site-packages/airflow/example_dags/example_xcom.py
[2024-07-06T16:25:00.632+0700] {processor.py:840} INFO - DAG(s) 'example_xcom' retrieved from /home/acer/.local/share/virtualenvs/custom_airflow-E5ZHcY_K/lib/python3.12/site-packages/airflow/example_dags/example_xcom.py
[2024-07-06T16:25:00.650+0700] {logging_mixin.py:188} INFO - [2024-07-06T16:25:00.650+0700] {dag.py:3096} INFO - Sync 1 DAGs
[2024-07-06T16:25:00.670+0700] {logging_mixin.py:188} INFO - [2024-07-06T16:25:00.670+0700] {dag.py:3954} INFO - Setting next_dagrun for example_xcom to 2021-01-01 00:00:00+00:00, run_after=2021-01-01 00:00:00+00:00
[2024-07-06T16:25:00.691+0700] {processor.py:183} INFO - Processing /home/acer/.local/share/virtualenvs/custom_airflow-E5ZHcY_K/lib/python3.12/site-packages/airflow/example_dags/example_xcom.py took 0.101 seconds
[2024-07-06T16:25:51.493+0700] {processor.py:161} INFO - Started process (PID=59943) to work on /home/acer/.local/share/virtualenvs/custom_airflow-E5ZHcY_K/lib/python3.12/site-packages/airflow/example_dags/example_xcom.py
[2024-07-06T16:25:51.494+0700] {processor.py:830} INFO - Processing file /home/acer/.local/share/virtualenvs/custom_airflow-E5ZHcY_K/lib/python3.12/site-packages/airflow/example_dags/example_xcom.py for tasks to queue
[2024-07-06T16:25:51.497+0700] {logging_mixin.py:188} INFO - [2024-07-06T16:25:51.496+0700] {dagbag.py:545} INFO - Filling up the DagBag from /home/acer/.local/share/virtualenvs/custom_airflow-E5ZHcY_K/lib/python3.12/site-packages/airflow/example_dags/example_xcom.py
[2024-07-06T16:25:51.507+0700] {processor.py:840} INFO - DAG(s) 'example_xcom' retrieved from /home/acer/.local/share/virtualenvs/custom_airflow-E5ZHcY_K/lib/python3.12/site-packages/airflow/example_dags/example_xcom.py
[2024-07-06T16:25:51.525+0700] {logging_mixin.py:188} INFO - [2024-07-06T16:25:51.524+0700] {dag.py:3096} INFO - Sync 1 DAGs
[2024-07-06T16:25:51.546+0700] {logging_mixin.py:188} INFO - [2024-07-06T16:25:51.545+0700] {dag.py:3954} INFO - Setting next_dagrun for example_xcom to 2021-01-01 00:00:00+00:00, run_after=2021-01-01 00:00:00+00:00
[2024-07-06T16:25:51.569+0700] {processor.py:183} INFO - Processing /home/acer/.local/share/virtualenvs/custom_airflow-E5ZHcY_K/lib/python3.12/site-packages/airflow/example_dags/example_xcom.py took 0.083 seconds
[2024-07-06T16:26:42.507+0700] {processor.py:161} INFO - Started process (PID=60187) to work on /home/acer/.local/share/virtualenvs/custom_airflow-E5ZHcY_K/lib/python3.12/site-packages/airflow/example_dags/example_xcom.py
[2024-07-06T16:26:42.508+0700] {processor.py:830} INFO - Processing file /home/acer/.local/share/virtualenvs/custom_airflow-E5ZHcY_K/lib/python3.12/site-packages/airflow/example_dags/example_xcom.py for tasks to queue
[2024-07-06T16:26:42.509+0700] {logging_mixin.py:188} INFO - [2024-07-06T16:26:42.509+0700] {dagbag.py:545} INFO - Filling up the DagBag from /home/acer/.local/share/virtualenvs/custom_airflow-E5ZHcY_K/lib/python3.12/site-packages/airflow/example_dags/example_xcom.py
[2024-07-06T16:26:42.517+0700] {processor.py:840} INFO - DAG(s) 'example_xcom' retrieved from /home/acer/.local/share/virtualenvs/custom_airflow-E5ZHcY_K/lib/python3.12/site-packages/airflow/example_dags/example_xcom.py
[2024-07-06T16:26:42.533+0700] {logging_mixin.py:188} INFO - [2024-07-06T16:26:42.533+0700] {dag.py:3096} INFO - Sync 1 DAGs
[2024-07-06T16:26:42.552+0700] {logging_mixin.py:188} INFO - [2024-07-06T16:26:42.552+0700] {dag.py:3954} INFO - Setting next_dagrun for example_xcom to 2021-01-01 00:00:00+00:00, run_after=2021-01-01 00:00:00+00:00
[2024-07-06T16:26:42.573+0700] {processor.py:183} INFO - Processing /home/acer/.local/share/virtualenvs/custom_airflow-E5ZHcY_K/lib/python3.12/site-packages/airflow/example_dags/example_xcom.py took 0.072 seconds
[2024-07-06T16:27:29.842+0700] {processor.py:161} INFO - Started process (PID=60443) to work on /home/acer/.local/share/virtualenvs/custom_airflow-E5ZHcY_K/lib/python3.12/site-packages/airflow/example_dags/example_xcom.py
[2024-07-06T16:27:29.843+0700] {processor.py:830} INFO - Processing file /home/acer/.local/share/virtualenvs/custom_airflow-E5ZHcY_K/lib/python3.12/site-packages/airflow/example_dags/example_xcom.py for tasks to queue
[2024-07-06T16:27:29.845+0700] {logging_mixin.py:188} INFO - [2024-07-06T16:27:29.845+0700] {dagbag.py:545} INFO - Filling up the DagBag from /home/acer/.local/share/virtualenvs/custom_airflow-E5ZHcY_K/lib/python3.12/site-packages/airflow/example_dags/example_xcom.py
[2024-07-06T16:27:29.853+0700] {processor.py:840} INFO - DAG(s) 'example_xcom' retrieved from /home/acer/.local/share/virtualenvs/custom_airflow-E5ZHcY_K/lib/python3.12/site-packages/airflow/example_dags/example_xcom.py
[2024-07-06T16:27:29.870+0700] {logging_mixin.py:188} INFO - [2024-07-06T16:27:29.870+0700] {dag.py:3096} INFO - Sync 1 DAGs
[2024-07-06T16:27:29.890+0700] {logging_mixin.py:188} INFO - [2024-07-06T16:27:29.890+0700] {dag.py:3954} INFO - Setting next_dagrun for example_xcom to 2021-01-01 00:00:00+00:00, run_after=2021-01-01 00:00:00+00:00
[2024-07-06T16:27:29.911+0700] {processor.py:183} INFO - Processing /home/acer/.local/share/virtualenvs/custom_airflow-E5ZHcY_K/lib/python3.12/site-packages/airflow/example_dags/example_xcom.py took 0.074 seconds
[2024-07-06T16:28:15.793+0700] {processor.py:161} INFO - Started process (PID=60669) to work on /home/acer/.local/share/virtualenvs/custom_airflow-E5ZHcY_K/lib/python3.12/site-packages/airflow/example_dags/example_xcom.py
[2024-07-06T16:28:15.795+0700] {processor.py:830} INFO - Processing file /home/acer/.local/share/virtualenvs/custom_airflow-E5ZHcY_K/lib/python3.12/site-packages/airflow/example_dags/example_xcom.py for tasks to queue
[2024-07-06T16:28:15.800+0700] {logging_mixin.py:188} INFO - [2024-07-06T16:28:15.799+0700] {dagbag.py:545} INFO - Filling up the DagBag from /home/acer/.local/share/virtualenvs/custom_airflow-E5ZHcY_K/lib/python3.12/site-packages/airflow/example_dags/example_xcom.py
[2024-07-06T16:28:15.813+0700] {processor.py:840} INFO - DAG(s) 'example_xcom' retrieved from /home/acer/.local/share/virtualenvs/custom_airflow-E5ZHcY_K/lib/python3.12/site-packages/airflow/example_dags/example_xcom.py
[2024-07-06T16:28:15.832+0700] {logging_mixin.py:188} INFO - [2024-07-06T16:28:15.832+0700] {dag.py:3096} INFO - Sync 1 DAGs
[2024-07-06T16:28:15.854+0700] {logging_mixin.py:188} INFO - [2024-07-06T16:28:15.853+0700] {dag.py:3954} INFO - Setting next_dagrun for example_xcom to 2021-01-01 00:00:00+00:00, run_after=2021-01-01 00:00:00+00:00
[2024-07-06T16:28:15.875+0700] {processor.py:183} INFO - Processing /home/acer/.local/share/virtualenvs/custom_airflow-E5ZHcY_K/lib/python3.12/site-packages/airflow/example_dags/example_xcom.py took 0.094 seconds
[2024-07-06T16:29:00.225+0700] {processor.py:161} INFO - Started process (PID=60888) to work on /home/acer/.local/share/virtualenvs/custom_airflow-E5ZHcY_K/lib/python3.12/site-packages/airflow/example_dags/example_xcom.py
[2024-07-06T16:29:00.226+0700] {processor.py:830} INFO - Processing file /home/acer/.local/share/virtualenvs/custom_airflow-E5ZHcY_K/lib/python3.12/site-packages/airflow/example_dags/example_xcom.py for tasks to queue
[2024-07-06T16:29:00.228+0700] {logging_mixin.py:188} INFO - [2024-07-06T16:29:00.227+0700] {dagbag.py:545} INFO - Filling up the DagBag from /home/acer/.local/share/virtualenvs/custom_airflow-E5ZHcY_K/lib/python3.12/site-packages/airflow/example_dags/example_xcom.py
[2024-07-06T16:29:00.235+0700] {processor.py:840} INFO - DAG(s) 'example_xcom' retrieved from /home/acer/.local/share/virtualenvs/custom_airflow-E5ZHcY_K/lib/python3.12/site-packages/airflow/example_dags/example_xcom.py
[2024-07-06T16:29:00.252+0700] {logging_mixin.py:188} INFO - [2024-07-06T16:29:00.251+0700] {dag.py:3096} INFO - Sync 1 DAGs
[2024-07-06T16:29:00.271+0700] {logging_mixin.py:188} INFO - [2024-07-06T16:29:00.271+0700] {dag.py:3954} INFO - Setting next_dagrun for example_xcom to 2021-01-01 00:00:00+00:00, run_after=2021-01-01 00:00:00+00:00
[2024-07-06T16:29:00.292+0700] {processor.py:183} INFO - Processing /home/acer/.local/share/virtualenvs/custom_airflow-E5ZHcY_K/lib/python3.12/site-packages/airflow/example_dags/example_xcom.py took 0.076 seconds
[2024-07-06T16:29:48.955+0700] {processor.py:161} INFO - Started process (PID=61123) to work on /home/acer/.local/share/virtualenvs/custom_airflow-E5ZHcY_K/lib/python3.12/site-packages/airflow/example_dags/example_xcom.py
[2024-07-06T16:29:48.956+0700] {processor.py:830} INFO - Processing file /home/acer/.local/share/virtualenvs/custom_airflow-E5ZHcY_K/lib/python3.12/site-packages/airflow/example_dags/example_xcom.py for tasks to queue
[2024-07-06T16:29:48.957+0700] {logging_mixin.py:188} INFO - [2024-07-06T16:29:48.957+0700] {dagbag.py:545} INFO - Filling up the DagBag from /home/acer/.local/share/virtualenvs/custom_airflow-E5ZHcY_K/lib/python3.12/site-packages/airflow/example_dags/example_xcom.py
[2024-07-06T16:29:48.965+0700] {processor.py:840} INFO - DAG(s) 'example_xcom' retrieved from /home/acer/.local/share/virtualenvs/custom_airflow-E5ZHcY_K/lib/python3.12/site-packages/airflow/example_dags/example_xcom.py
[2024-07-06T16:29:48.981+0700] {logging_mixin.py:188} INFO - [2024-07-06T16:29:48.981+0700] {dag.py:3096} INFO - Sync 1 DAGs
[2024-07-06T16:29:49.007+0700] {logging_mixin.py:188} INFO - [2024-07-06T16:29:49.006+0700] {dag.py:3954} INFO - Setting next_dagrun for example_xcom to 2021-01-01 00:00:00+00:00, run_after=2021-01-01 00:00:00+00:00
[2024-07-06T16:29:49.028+0700] {processor.py:183} INFO - Processing /home/acer/.local/share/virtualenvs/custom_airflow-E5ZHcY_K/lib/python3.12/site-packages/airflow/example_dags/example_xcom.py took 0.078 seconds
[2024-07-06T16:30:32.820+0700] {processor.py:161} INFO - Started process (PID=61386) to work on /home/acer/.local/share/virtualenvs/custom_airflow-E5ZHcY_K/lib/python3.12/site-packages/airflow/example_dags/example_xcom.py
[2024-07-06T16:30:32.821+0700] {processor.py:830} INFO - Processing file /home/acer/.local/share/virtualenvs/custom_airflow-E5ZHcY_K/lib/python3.12/site-packages/airflow/example_dags/example_xcom.py for tasks to queue
[2024-07-06T16:30:32.823+0700] {logging_mixin.py:188} INFO - [2024-07-06T16:30:32.822+0700] {dagbag.py:545} INFO - Filling up the DagBag from /home/acer/.local/share/virtualenvs/custom_airflow-E5ZHcY_K/lib/python3.12/site-packages/airflow/example_dags/example_xcom.py
[2024-07-06T16:30:32.830+0700] {processor.py:840} INFO - DAG(s) 'example_xcom' retrieved from /home/acer/.local/share/virtualenvs/custom_airflow-E5ZHcY_K/lib/python3.12/site-packages/airflow/example_dags/example_xcom.py
[2024-07-06T16:30:32.847+0700] {logging_mixin.py:188} INFO - [2024-07-06T16:30:32.847+0700] {dag.py:3096} INFO - Sync 1 DAGs
[2024-07-06T16:30:32.870+0700] {logging_mixin.py:188} INFO - [2024-07-06T16:30:32.870+0700] {dag.py:3954} INFO - Setting next_dagrun for example_xcom to 2021-01-01 00:00:00+00:00, run_after=2021-01-01 00:00:00+00:00
[2024-07-06T16:30:32.891+0700] {processor.py:183} INFO - Processing /home/acer/.local/share/virtualenvs/custom_airflow-E5ZHcY_K/lib/python3.12/site-packages/airflow/example_dags/example_xcom.py took 0.076 seconds
[2024-07-06T16:31:18.423+0700] {processor.py:161} INFO - Started process (PID=61607) to work on /home/acer/.local/share/virtualenvs/custom_airflow-E5ZHcY_K/lib/python3.12/site-packages/airflow/example_dags/example_xcom.py
[2024-07-06T16:31:18.424+0700] {processor.py:830} INFO - Processing file /home/acer/.local/share/virtualenvs/custom_airflow-E5ZHcY_K/lib/python3.12/site-packages/airflow/example_dags/example_xcom.py for tasks to queue
[2024-07-06T16:31:18.426+0700] {logging_mixin.py:188} INFO - [2024-07-06T16:31:18.425+0700] {dagbag.py:545} INFO - Filling up the DagBag from /home/acer/.local/share/virtualenvs/custom_airflow-E5ZHcY_K/lib/python3.12/site-packages/airflow/example_dags/example_xcom.py
[2024-07-06T16:31:18.434+0700] {processor.py:840} INFO - DAG(s) 'example_xcom' retrieved from /home/acer/.local/share/virtualenvs/custom_airflow-E5ZHcY_K/lib/python3.12/site-packages/airflow/example_dags/example_xcom.py
[2024-07-06T16:31:18.451+0700] {logging_mixin.py:188} INFO - [2024-07-06T16:31:18.451+0700] {dag.py:3096} INFO - Sync 1 DAGs
[2024-07-06T16:31:18.471+0700] {logging_mixin.py:188} INFO - [2024-07-06T16:31:18.471+0700] {dag.py:3954} INFO - Setting next_dagrun for example_xcom to 2021-01-01 00:00:00+00:00, run_after=2021-01-01 00:00:00+00:00
[2024-07-06T16:31:18.497+0700] {processor.py:183} INFO - Processing /home/acer/.local/share/virtualenvs/custom_airflow-E5ZHcY_K/lib/python3.12/site-packages/airflow/example_dags/example_xcom.py took 0.079 seconds
[2024-07-06T16:32:03.317+0700] {processor.py:161} INFO - Started process (PID=61834) to work on /home/acer/.local/share/virtualenvs/custom_airflow-E5ZHcY_K/lib/python3.12/site-packages/airflow/example_dags/example_xcom.py
[2024-07-06T16:32:03.318+0700] {processor.py:830} INFO - Processing file /home/acer/.local/share/virtualenvs/custom_airflow-E5ZHcY_K/lib/python3.12/site-packages/airflow/example_dags/example_xcom.py for tasks to queue
[2024-07-06T16:32:03.320+0700] {logging_mixin.py:188} INFO - [2024-07-06T16:32:03.320+0700] {dagbag.py:545} INFO - Filling up the DagBag from /home/acer/.local/share/virtualenvs/custom_airflow-E5ZHcY_K/lib/python3.12/site-packages/airflow/example_dags/example_xcom.py
[2024-07-06T16:32:03.328+0700] {processor.py:840} INFO - DAG(s) 'example_xcom' retrieved from /home/acer/.local/share/virtualenvs/custom_airflow-E5ZHcY_K/lib/python3.12/site-packages/airflow/example_dags/example_xcom.py
[2024-07-06T16:32:03.344+0700] {logging_mixin.py:188} INFO - [2024-07-06T16:32:03.344+0700] {dag.py:3096} INFO - Sync 1 DAGs
[2024-07-06T16:32:03.364+0700] {logging_mixin.py:188} INFO - [2024-07-06T16:32:03.364+0700] {dag.py:3954} INFO - Setting next_dagrun for example_xcom to 2021-01-01 00:00:00+00:00, run_after=2021-01-01 00:00:00+00:00
[2024-07-06T16:32:03.392+0700] {processor.py:183} INFO - Processing /home/acer/.local/share/virtualenvs/custom_airflow-E5ZHcY_K/lib/python3.12/site-packages/airflow/example_dags/example_xcom.py took 0.083 seconds
[2024-07-06T16:32:52.577+0700] {processor.py:161} INFO - Started process (PID=62078) to work on /home/acer/.local/share/virtualenvs/custom_airflow-E5ZHcY_K/lib/python3.12/site-packages/airflow/example_dags/example_xcom.py
[2024-07-06T16:32:52.579+0700] {processor.py:830} INFO - Processing file /home/acer/.local/share/virtualenvs/custom_airflow-E5ZHcY_K/lib/python3.12/site-packages/airflow/example_dags/example_xcom.py for tasks to queue
[2024-07-06T16:32:52.582+0700] {logging_mixin.py:188} INFO - [2024-07-06T16:32:52.581+0700] {dagbag.py:545} INFO - Filling up the DagBag from /home/acer/.local/share/virtualenvs/custom_airflow-E5ZHcY_K/lib/python3.12/site-packages/airflow/example_dags/example_xcom.py
[2024-07-06T16:32:52.597+0700] {processor.py:840} INFO - DAG(s) 'example_xcom' retrieved from /home/acer/.local/share/virtualenvs/custom_airflow-E5ZHcY_K/lib/python3.12/site-packages/airflow/example_dags/example_xcom.py
[2024-07-06T16:32:52.615+0700] {logging_mixin.py:188} INFO - [2024-07-06T16:32:52.614+0700] {dag.py:3096} INFO - Sync 1 DAGs
[2024-07-06T16:32:52.635+0700] {logging_mixin.py:188} INFO - [2024-07-06T16:32:52.634+0700] {dag.py:3954} INFO - Setting next_dagrun for example_xcom to 2021-01-01 00:00:00+00:00, run_after=2021-01-01 00:00:00+00:00
[2024-07-06T16:32:52.655+0700] {processor.py:183} INFO - Processing /home/acer/.local/share/virtualenvs/custom_airflow-E5ZHcY_K/lib/python3.12/site-packages/airflow/example_dags/example_xcom.py took 0.091 seconds
[2024-07-06T16:33:39.575+0700] {processor.py:161} INFO - Started process (PID=62332) to work on /home/acer/.local/share/virtualenvs/custom_airflow-E5ZHcY_K/lib/python3.12/site-packages/airflow/example_dags/example_xcom.py
[2024-07-06T16:33:39.576+0700] {processor.py:830} INFO - Processing file /home/acer/.local/share/virtualenvs/custom_airflow-E5ZHcY_K/lib/python3.12/site-packages/airflow/example_dags/example_xcom.py for tasks to queue
[2024-07-06T16:33:39.578+0700] {logging_mixin.py:188} INFO - [2024-07-06T16:33:39.577+0700] {dagbag.py:545} INFO - Filling up the DagBag from /home/acer/.local/share/virtualenvs/custom_airflow-E5ZHcY_K/lib/python3.12/site-packages/airflow/example_dags/example_xcom.py
[2024-07-06T16:33:39.586+0700] {processor.py:840} INFO - DAG(s) 'example_xcom' retrieved from /home/acer/.local/share/virtualenvs/custom_airflow-E5ZHcY_K/lib/python3.12/site-packages/airflow/example_dags/example_xcom.py
[2024-07-06T16:33:39.603+0700] {logging_mixin.py:188} INFO - [2024-07-06T16:33:39.603+0700] {dag.py:3096} INFO - Sync 1 DAGs
[2024-07-06T16:33:39.623+0700] {logging_mixin.py:188} INFO - [2024-07-06T16:33:39.622+0700] {dag.py:3954} INFO - Setting next_dagrun for example_xcom to 2021-01-01 00:00:00+00:00, run_after=2021-01-01 00:00:00+00:00
[2024-07-06T16:33:39.644+0700] {processor.py:183} INFO - Processing /home/acer/.local/share/virtualenvs/custom_airflow-E5ZHcY_K/lib/python3.12/site-packages/airflow/example_dags/example_xcom.py took 0.074 seconds
[2024-07-06T16:34:25.928+0700] {processor.py:161} INFO - Started process (PID=62568) to work on /home/acer/.local/share/virtualenvs/custom_airflow-E5ZHcY_K/lib/python3.12/site-packages/airflow/example_dags/example_xcom.py
[2024-07-06T16:34:25.937+0700] {processor.py:830} INFO - Processing file /home/acer/.local/share/virtualenvs/custom_airflow-E5ZHcY_K/lib/python3.12/site-packages/airflow/example_dags/example_xcom.py for tasks to queue
[2024-07-06T16:34:25.939+0700] {logging_mixin.py:188} INFO - [2024-07-06T16:34:25.939+0700] {dagbag.py:545} INFO - Filling up the DagBag from /home/acer/.local/share/virtualenvs/custom_airflow-E5ZHcY_K/lib/python3.12/site-packages/airflow/example_dags/example_xcom.py
[2024-07-06T16:34:25.949+0700] {processor.py:840} INFO - DAG(s) 'example_xcom' retrieved from /home/acer/.local/share/virtualenvs/custom_airflow-E5ZHcY_K/lib/python3.12/site-packages/airflow/example_dags/example_xcom.py
[2024-07-06T16:34:25.966+0700] {logging_mixin.py:188} INFO - [2024-07-06T16:34:25.966+0700] {dag.py:3096} INFO - Sync 1 DAGs
[2024-07-06T16:34:25.986+0700] {logging_mixin.py:188} INFO - [2024-07-06T16:34:25.985+0700] {dag.py:3954} INFO - Setting next_dagrun for example_xcom to 2021-01-01 00:00:00+00:00, run_after=2021-01-01 00:00:00+00:00
[2024-07-06T16:34:26.027+0700] {processor.py:183} INFO - Processing /home/acer/.local/share/virtualenvs/custom_airflow-E5ZHcY_K/lib/python3.12/site-packages/airflow/example_dags/example_xcom.py took 0.106 seconds
[2024-07-06T16:35:15.412+0700] {processor.py:161} INFO - Started process (PID=62805) to work on /home/acer/.local/share/virtualenvs/custom_airflow-E5ZHcY_K/lib/python3.12/site-packages/airflow/example_dags/example_xcom.py
[2024-07-06T16:35:15.413+0700] {processor.py:830} INFO - Processing file /home/acer/.local/share/virtualenvs/custom_airflow-E5ZHcY_K/lib/python3.12/site-packages/airflow/example_dags/example_xcom.py for tasks to queue
[2024-07-06T16:35:15.415+0700] {logging_mixin.py:188} INFO - [2024-07-06T16:35:15.415+0700] {dagbag.py:545} INFO - Filling up the DagBag from /home/acer/.local/share/virtualenvs/custom_airflow-E5ZHcY_K/lib/python3.12/site-packages/airflow/example_dags/example_xcom.py
[2024-07-06T16:35:15.422+0700] {processor.py:840} INFO - DAG(s) 'example_xcom' retrieved from /home/acer/.local/share/virtualenvs/custom_airflow-E5ZHcY_K/lib/python3.12/site-packages/airflow/example_dags/example_xcom.py
[2024-07-06T16:35:15.439+0700] {logging_mixin.py:188} INFO - [2024-07-06T16:35:15.439+0700] {dag.py:3096} INFO - Sync 1 DAGs
[2024-07-06T16:35:15.459+0700] {logging_mixin.py:188} INFO - [2024-07-06T16:35:15.458+0700] {dag.py:3954} INFO - Setting next_dagrun for example_xcom to 2021-01-01 00:00:00+00:00, run_after=2021-01-01 00:00:00+00:00
[2024-07-06T16:35:15.479+0700] {processor.py:183} INFO - Processing /home/acer/.local/share/virtualenvs/custom_airflow-E5ZHcY_K/lib/python3.12/site-packages/airflow/example_dags/example_xcom.py took 0.072 seconds
[2024-07-06T16:36:01.441+0700] {processor.py:161} INFO - Started process (PID=63064) to work on /home/acer/.local/share/virtualenvs/custom_airflow-E5ZHcY_K/lib/python3.12/site-packages/airflow/example_dags/example_xcom.py
[2024-07-06T16:36:01.442+0700] {processor.py:830} INFO - Processing file /home/acer/.local/share/virtualenvs/custom_airflow-E5ZHcY_K/lib/python3.12/site-packages/airflow/example_dags/example_xcom.py for tasks to queue
[2024-07-06T16:36:01.444+0700] {logging_mixin.py:188} INFO - [2024-07-06T16:36:01.444+0700] {dagbag.py:545} INFO - Filling up the DagBag from /home/acer/.local/share/virtualenvs/custom_airflow-E5ZHcY_K/lib/python3.12/site-packages/airflow/example_dags/example_xcom.py
[2024-07-06T16:36:01.452+0700] {processor.py:840} INFO - DAG(s) 'example_xcom' retrieved from /home/acer/.local/share/virtualenvs/custom_airflow-E5ZHcY_K/lib/python3.12/site-packages/airflow/example_dags/example_xcom.py
[2024-07-06T16:36:01.468+0700] {logging_mixin.py:188} INFO - [2024-07-06T16:36:01.468+0700] {dag.py:3096} INFO - Sync 1 DAGs
[2024-07-06T16:36:01.488+0700] {logging_mixin.py:188} INFO - [2024-07-06T16:36:01.488+0700] {dag.py:3954} INFO - Setting next_dagrun for example_xcom to 2021-01-01 00:00:00+00:00, run_after=2021-01-01 00:00:00+00:00
[2024-07-06T16:36:01.510+0700] {processor.py:183} INFO - Processing /home/acer/.local/share/virtualenvs/custom_airflow-E5ZHcY_K/lib/python3.12/site-packages/airflow/example_dags/example_xcom.py took 0.073 seconds
[2024-07-06T21:54:19.222+0700] {processor.py:161} INFO - Started process (PID=11759) to work on /home/acer/.local/share/virtualenvs/custom_airflow-E5ZHcY_K/lib/python3.12/site-packages/airflow/example_dags/example_xcom.py
[2024-07-06T21:54:19.223+0700] {processor.py:830} INFO - Processing file /home/acer/.local/share/virtualenvs/custom_airflow-E5ZHcY_K/lib/python3.12/site-packages/airflow/example_dags/example_xcom.py for tasks to queue
[2024-07-06T21:54:19.225+0700] {logging_mixin.py:188} INFO - [2024-07-06T21:54:19.225+0700] {dagbag.py:545} INFO - Filling up the DagBag from /home/acer/.local/share/virtualenvs/custom_airflow-E5ZHcY_K/lib/python3.12/site-packages/airflow/example_dags/example_xcom.py
[2024-07-06T21:54:19.240+0700] {processor.py:840} INFO - DAG(s) 'example_xcom' retrieved from /home/acer/.local/share/virtualenvs/custom_airflow-E5ZHcY_K/lib/python3.12/site-packages/airflow/example_dags/example_xcom.py
[2024-07-06T21:54:19.283+0700] {logging_mixin.py:188} INFO - [2024-07-06T21:54:19.282+0700] {dag.py:3096} INFO - Sync 1 DAGs
[2024-07-06T21:54:19.318+0700] {logging_mixin.py:188} INFO - [2024-07-06T21:54:19.318+0700] {dag.py:3954} INFO - Setting next_dagrun for example_xcom to 2021-01-01 00:00:00+00:00, run_after=2021-01-01 00:00:00+00:00
[2024-07-06T21:54:19.366+0700] {processor.py:183} INFO - Processing /home/acer/.local/share/virtualenvs/custom_airflow-E5ZHcY_K/lib/python3.12/site-packages/airflow/example_dags/example_xcom.py took 0.149 seconds
[2024-07-06T21:55:14.930+0700] {processor.py:161} INFO - Started process (PID=12386) to work on /home/acer/.local/share/virtualenvs/custom_airflow-E5ZHcY_K/lib/python3.12/site-packages/airflow/example_dags/example_xcom.py
[2024-07-06T21:55:14.931+0700] {processor.py:830} INFO - Processing file /home/acer/.local/share/virtualenvs/custom_airflow-E5ZHcY_K/lib/python3.12/site-packages/airflow/example_dags/example_xcom.py for tasks to queue
[2024-07-06T21:55:14.933+0700] {logging_mixin.py:188} INFO - [2024-07-06T21:55:14.933+0700] {dagbag.py:545} INFO - Filling up the DagBag from /home/acer/.local/share/virtualenvs/custom_airflow-E5ZHcY_K/lib/python3.12/site-packages/airflow/example_dags/example_xcom.py
[2024-07-06T21:55:14.943+0700] {processor.py:840} INFO - DAG(s) 'example_xcom' retrieved from /home/acer/.local/share/virtualenvs/custom_airflow-E5ZHcY_K/lib/python3.12/site-packages/airflow/example_dags/example_xcom.py
[2024-07-06T21:55:14.960+0700] {logging_mixin.py:188} INFO - [2024-07-06T21:55:14.960+0700] {dag.py:3096} INFO - Sync 1 DAGs
[2024-07-06T21:55:14.980+0700] {logging_mixin.py:188} INFO - [2024-07-06T21:55:14.980+0700] {dag.py:3954} INFO - Setting next_dagrun for example_xcom to 2021-01-01 00:00:00+00:00, run_after=2021-01-01 00:00:00+00:00
[2024-07-06T21:55:15.001+0700] {processor.py:183} INFO - Processing /home/acer/.local/share/virtualenvs/custom_airflow-E5ZHcY_K/lib/python3.12/site-packages/airflow/example_dags/example_xcom.py took 0.078 seconds
[2024-07-06T21:56:06.554+0700] {processor.py:161} INFO - Started process (PID=13053) to work on /home/acer/.local/share/virtualenvs/custom_airflow-E5ZHcY_K/lib/python3.12/site-packages/airflow/example_dags/example_xcom.py
[2024-07-06T21:56:06.555+0700] {processor.py:830} INFO - Processing file /home/acer/.local/share/virtualenvs/custom_airflow-E5ZHcY_K/lib/python3.12/site-packages/airflow/example_dags/example_xcom.py for tasks to queue
[2024-07-06T21:56:06.559+0700] {logging_mixin.py:188} INFO - [2024-07-06T21:56:06.558+0700] {dagbag.py:545} INFO - Filling up the DagBag from /home/acer/.local/share/virtualenvs/custom_airflow-E5ZHcY_K/lib/python3.12/site-packages/airflow/example_dags/example_xcom.py
[2024-07-06T21:56:06.572+0700] {processor.py:840} INFO - DAG(s) 'example_xcom' retrieved from /home/acer/.local/share/virtualenvs/custom_airflow-E5ZHcY_K/lib/python3.12/site-packages/airflow/example_dags/example_xcom.py
[2024-07-06T21:56:06.590+0700] {logging_mixin.py:188} INFO - [2024-07-06T21:56:06.590+0700] {dag.py:3096} INFO - Sync 1 DAGs
[2024-07-06T21:56:06.612+0700] {logging_mixin.py:188} INFO - [2024-07-06T21:56:06.612+0700] {dag.py:3954} INFO - Setting next_dagrun for example_xcom to 2021-01-01 00:00:00+00:00, run_after=2021-01-01 00:00:00+00:00
[2024-07-06T21:56:06.639+0700] {processor.py:183} INFO - Processing /home/acer/.local/share/virtualenvs/custom_airflow-E5ZHcY_K/lib/python3.12/site-packages/airflow/example_dags/example_xcom.py took 0.095 seconds
[2024-07-06T21:56:54.681+0700] {processor.py:161} INFO - Started process (PID=13518) to work on /home/acer/.local/share/virtualenvs/custom_airflow-E5ZHcY_K/lib/python3.12/site-packages/airflow/example_dags/example_xcom.py
[2024-07-06T21:56:54.682+0700] {processor.py:830} INFO - Processing file /home/acer/.local/share/virtualenvs/custom_airflow-E5ZHcY_K/lib/python3.12/site-packages/airflow/example_dags/example_xcom.py for tasks to queue
[2024-07-06T21:56:54.685+0700] {logging_mixin.py:188} INFO - [2024-07-06T21:56:54.685+0700] {dagbag.py:545} INFO - Filling up the DagBag from /home/acer/.local/share/virtualenvs/custom_airflow-E5ZHcY_K/lib/python3.12/site-packages/airflow/example_dags/example_xcom.py
[2024-07-06T21:56:54.697+0700] {processor.py:840} INFO - DAG(s) 'example_xcom' retrieved from /home/acer/.local/share/virtualenvs/custom_airflow-E5ZHcY_K/lib/python3.12/site-packages/airflow/example_dags/example_xcom.py
[2024-07-06T21:56:54.715+0700] {logging_mixin.py:188} INFO - [2024-07-06T21:56:54.715+0700] {dag.py:3096} INFO - Sync 1 DAGs
[2024-07-06T21:56:54.737+0700] {logging_mixin.py:188} INFO - [2024-07-06T21:56:54.736+0700] {dag.py:3954} INFO - Setting next_dagrun for example_xcom to 2021-01-01 00:00:00+00:00, run_after=2021-01-01 00:00:00+00:00
[2024-07-06T21:56:54.759+0700] {processor.py:183} INFO - Processing /home/acer/.local/share/virtualenvs/custom_airflow-E5ZHcY_K/lib/python3.12/site-packages/airflow/example_dags/example_xcom.py took 0.087 seconds
[2024-07-06T21:57:45.794+0700] {processor.py:161} INFO - Started process (PID=13987) to work on /home/acer/.local/share/virtualenvs/custom_airflow-E5ZHcY_K/lib/python3.12/site-packages/airflow/example_dags/example_xcom.py
[2024-07-06T21:57:45.795+0700] {processor.py:830} INFO - Processing file /home/acer/.local/share/virtualenvs/custom_airflow-E5ZHcY_K/lib/python3.12/site-packages/airflow/example_dags/example_xcom.py for tasks to queue
[2024-07-06T21:57:45.798+0700] {logging_mixin.py:188} INFO - [2024-07-06T21:57:45.798+0700] {dagbag.py:545} INFO - Filling up the DagBag from /home/acer/.local/share/virtualenvs/custom_airflow-E5ZHcY_K/lib/python3.12/site-packages/airflow/example_dags/example_xcom.py
[2024-07-06T21:57:45.807+0700] {processor.py:840} INFO - DAG(s) 'example_xcom' retrieved from /home/acer/.local/share/virtualenvs/custom_airflow-E5ZHcY_K/lib/python3.12/site-packages/airflow/example_dags/example_xcom.py
[2024-07-06T21:57:45.823+0700] {logging_mixin.py:188} INFO - [2024-07-06T21:57:45.823+0700] {dag.py:3096} INFO - Sync 1 DAGs
[2024-07-06T21:57:45.843+0700] {logging_mixin.py:188} INFO - [2024-07-06T21:57:45.842+0700] {dag.py:3954} INFO - Setting next_dagrun for example_xcom to 2021-01-01 00:00:00+00:00, run_after=2021-01-01 00:00:00+00:00
[2024-07-06T21:57:45.863+0700] {processor.py:183} INFO - Processing /home/acer/.local/share/virtualenvs/custom_airflow-E5ZHcY_K/lib/python3.12/site-packages/airflow/example_dags/example_xcom.py took 0.078 seconds
[2024-07-06T21:58:41.429+0700] {processor.py:161} INFO - Started process (PID=14264) to work on /home/acer/.local/share/virtualenvs/custom_airflow-E5ZHcY_K/lib/python3.12/site-packages/airflow/example_dags/example_xcom.py
[2024-07-06T21:58:41.432+0700] {processor.py:830} INFO - Processing file /home/acer/.local/share/virtualenvs/custom_airflow-E5ZHcY_K/lib/python3.12/site-packages/airflow/example_dags/example_xcom.py for tasks to queue
[2024-07-06T21:58:41.437+0700] {logging_mixin.py:188} INFO - [2024-07-06T21:58:41.436+0700] {dagbag.py:545} INFO - Filling up the DagBag from /home/acer/.local/share/virtualenvs/custom_airflow-E5ZHcY_K/lib/python3.12/site-packages/airflow/example_dags/example_xcom.py
[2024-07-06T21:58:41.449+0700] {processor.py:840} INFO - DAG(s) 'example_xcom' retrieved from /home/acer/.local/share/virtualenvs/custom_airflow-E5ZHcY_K/lib/python3.12/site-packages/airflow/example_dags/example_xcom.py
[2024-07-06T21:58:41.467+0700] {logging_mixin.py:188} INFO - [2024-07-06T21:58:41.466+0700] {dag.py:3096} INFO - Sync 1 DAGs
[2024-07-06T21:58:41.487+0700] {logging_mixin.py:188} INFO - [2024-07-06T21:58:41.486+0700] {dag.py:3954} INFO - Setting next_dagrun for example_xcom to 2021-01-01 00:00:00+00:00, run_after=2021-01-01 00:00:00+00:00
[2024-07-06T21:58:41.509+0700] {processor.py:183} INFO - Processing /home/acer/.local/share/virtualenvs/custom_airflow-E5ZHcY_K/lib/python3.12/site-packages/airflow/example_dags/example_xcom.py took 0.099 seconds
[2024-07-06T21:59:28.743+0700] {processor.py:161} INFO - Started process (PID=14517) to work on /home/acer/.local/share/virtualenvs/custom_airflow-E5ZHcY_K/lib/python3.12/site-packages/airflow/example_dags/example_xcom.py
[2024-07-06T21:59:28.744+0700] {processor.py:830} INFO - Processing file /home/acer/.local/share/virtualenvs/custom_airflow-E5ZHcY_K/lib/python3.12/site-packages/airflow/example_dags/example_xcom.py for tasks to queue
[2024-07-06T21:59:28.746+0700] {logging_mixin.py:188} INFO - [2024-07-06T21:59:28.745+0700] {dagbag.py:545} INFO - Filling up the DagBag from /home/acer/.local/share/virtualenvs/custom_airflow-E5ZHcY_K/lib/python3.12/site-packages/airflow/example_dags/example_xcom.py
[2024-07-06T21:59:28.754+0700] {processor.py:840} INFO - DAG(s) 'example_xcom' retrieved from /home/acer/.local/share/virtualenvs/custom_airflow-E5ZHcY_K/lib/python3.12/site-packages/airflow/example_dags/example_xcom.py
[2024-07-06T21:59:28.771+0700] {logging_mixin.py:188} INFO - [2024-07-06T21:59:28.771+0700] {dag.py:3096} INFO - Sync 1 DAGs
[2024-07-06T21:59:28.791+0700] {logging_mixin.py:188} INFO - [2024-07-06T21:59:28.790+0700] {dag.py:3954} INFO - Setting next_dagrun for example_xcom to 2021-01-01 00:00:00+00:00, run_after=2021-01-01 00:00:00+00:00
[2024-07-06T21:59:28.811+0700] {processor.py:183} INFO - Processing /home/acer/.local/share/virtualenvs/custom_airflow-E5ZHcY_K/lib/python3.12/site-packages/airflow/example_dags/example_xcom.py took 0.074 seconds
[2024-07-06T22:00:20.940+0700] {processor.py:161} INFO - Started process (PID=14895) to work on /home/acer/.local/share/virtualenvs/custom_airflow-E5ZHcY_K/lib/python3.12/site-packages/airflow/example_dags/example_xcom.py
[2024-07-06T22:00:20.941+0700] {processor.py:830} INFO - Processing file /home/acer/.local/share/virtualenvs/custom_airflow-E5ZHcY_K/lib/python3.12/site-packages/airflow/example_dags/example_xcom.py for tasks to queue
[2024-07-06T22:00:20.943+0700] {logging_mixin.py:188} INFO - [2024-07-06T22:00:20.943+0700] {dagbag.py:545} INFO - Filling up the DagBag from /home/acer/.local/share/virtualenvs/custom_airflow-E5ZHcY_K/lib/python3.12/site-packages/airflow/example_dags/example_xcom.py
[2024-07-06T22:00:20.951+0700] {processor.py:840} INFO - DAG(s) 'example_xcom' retrieved from /home/acer/.local/share/virtualenvs/custom_airflow-E5ZHcY_K/lib/python3.12/site-packages/airflow/example_dags/example_xcom.py
[2024-07-06T22:00:20.967+0700] {logging_mixin.py:188} INFO - [2024-07-06T22:00:20.967+0700] {dag.py:3096} INFO - Sync 1 DAGs
[2024-07-06T22:00:20.987+0700] {logging_mixin.py:188} INFO - [2024-07-06T22:00:20.987+0700] {dag.py:3954} INFO - Setting next_dagrun for example_xcom to 2021-01-01 00:00:00+00:00, run_after=2021-01-01 00:00:00+00:00
[2024-07-06T22:00:21.008+0700] {processor.py:183} INFO - Processing /home/acer/.local/share/virtualenvs/custom_airflow-E5ZHcY_K/lib/python3.12/site-packages/airflow/example_dags/example_xcom.py took 0.073 seconds
[2024-07-06T22:01:49.150+0700] {processor.py:161} INFO - Started process (PID=15774) to work on /home/acer/.local/share/virtualenvs/custom_airflow-E5ZHcY_K/lib/python3.12/site-packages/airflow/example_dags/example_xcom.py
[2024-07-06T22:01:49.155+0700] {processor.py:830} INFO - Processing file /home/acer/.local/share/virtualenvs/custom_airflow-E5ZHcY_K/lib/python3.12/site-packages/airflow/example_dags/example_xcom.py for tasks to queue
[2024-07-06T22:01:49.162+0700] {logging_mixin.py:188} INFO - [2024-07-06T22:01:49.161+0700] {dagbag.py:545} INFO - Filling up the DagBag from /home/acer/.local/share/virtualenvs/custom_airflow-E5ZHcY_K/lib/python3.12/site-packages/airflow/example_dags/example_xcom.py
[2024-07-06T22:01:49.185+0700] {processor.py:840} INFO - DAG(s) 'example_xcom' retrieved from /home/acer/.local/share/virtualenvs/custom_airflow-E5ZHcY_K/lib/python3.12/site-packages/airflow/example_dags/example_xcom.py
[2024-07-06T22:01:49.219+0700] {logging_mixin.py:188} INFO - [2024-07-06T22:01:49.219+0700] {dag.py:3096} INFO - Sync 1 DAGs
[2024-07-06T22:01:49.256+0700] {logging_mixin.py:188} INFO - [2024-07-06T22:01:49.256+0700] {dag.py:3954} INFO - Setting next_dagrun for example_xcom to 2021-01-01 00:00:00+00:00, run_after=2021-01-01 00:00:00+00:00
[2024-07-06T22:01:49.300+0700] {processor.py:183} INFO - Processing /home/acer/.local/share/virtualenvs/custom_airflow-E5ZHcY_K/lib/python3.12/site-packages/airflow/example_dags/example_xcom.py took 0.172 seconds
[2024-07-06T22:02:48.341+0700] {processor.py:161} INFO - Started process (PID=16290) to work on /home/acer/.local/share/virtualenvs/custom_airflow-E5ZHcY_K/lib/python3.12/site-packages/airflow/example_dags/example_xcom.py
[2024-07-06T22:02:48.342+0700] {processor.py:830} INFO - Processing file /home/acer/.local/share/virtualenvs/custom_airflow-E5ZHcY_K/lib/python3.12/site-packages/airflow/example_dags/example_xcom.py for tasks to queue
[2024-07-06T22:02:48.344+0700] {logging_mixin.py:188} INFO - [2024-07-06T22:02:48.344+0700] {dagbag.py:545} INFO - Filling up the DagBag from /home/acer/.local/share/virtualenvs/custom_airflow-E5ZHcY_K/lib/python3.12/site-packages/airflow/example_dags/example_xcom.py
[2024-07-06T22:02:48.353+0700] {processor.py:840} INFO - DAG(s) 'example_xcom' retrieved from /home/acer/.local/share/virtualenvs/custom_airflow-E5ZHcY_K/lib/python3.12/site-packages/airflow/example_dags/example_xcom.py
[2024-07-06T22:02:48.370+0700] {logging_mixin.py:188} INFO - [2024-07-06T22:02:48.370+0700] {dag.py:3096} INFO - Sync 1 DAGs
[2024-07-06T22:02:48.389+0700] {logging_mixin.py:188} INFO - [2024-07-06T22:02:48.389+0700] {dag.py:3954} INFO - Setting next_dagrun for example_xcom to 2021-01-01 00:00:00+00:00, run_after=2021-01-01 00:00:00+00:00
[2024-07-06T22:02:48.410+0700] {processor.py:183} INFO - Processing /home/acer/.local/share/virtualenvs/custom_airflow-E5ZHcY_K/lib/python3.12/site-packages/airflow/example_dags/example_xcom.py took 0.074 seconds
[2024-07-06T22:03:40.167+0700] {processor.py:161} INFO - Started process (PID=16537) to work on /home/acer/.local/share/virtualenvs/custom_airflow-E5ZHcY_K/lib/python3.12/site-packages/airflow/example_dags/example_xcom.py
[2024-07-06T22:03:40.168+0700] {processor.py:830} INFO - Processing file /home/acer/.local/share/virtualenvs/custom_airflow-E5ZHcY_K/lib/python3.12/site-packages/airflow/example_dags/example_xcom.py for tasks to queue
[2024-07-06T22:03:40.170+0700] {logging_mixin.py:188} INFO - [2024-07-06T22:03:40.169+0700] {dagbag.py:545} INFO - Filling up the DagBag from /home/acer/.local/share/virtualenvs/custom_airflow-E5ZHcY_K/lib/python3.12/site-packages/airflow/example_dags/example_xcom.py
[2024-07-06T22:03:40.177+0700] {processor.py:840} INFO - DAG(s) 'example_xcom' retrieved from /home/acer/.local/share/virtualenvs/custom_airflow-E5ZHcY_K/lib/python3.12/site-packages/airflow/example_dags/example_xcom.py
[2024-07-06T22:03:40.193+0700] {logging_mixin.py:188} INFO - [2024-07-06T22:03:40.193+0700] {dag.py:3096} INFO - Sync 1 DAGs
[2024-07-06T22:03:40.214+0700] {logging_mixin.py:188} INFO - [2024-07-06T22:03:40.214+0700] {dag.py:3954} INFO - Setting next_dagrun for example_xcom to 2021-01-01 00:00:00+00:00, run_after=2021-01-01 00:00:00+00:00
[2024-07-06T22:03:40.235+0700] {processor.py:183} INFO - Processing /home/acer/.local/share/virtualenvs/custom_airflow-E5ZHcY_K/lib/python3.12/site-packages/airflow/example_dags/example_xcom.py took 0.073 seconds
[2024-07-06T22:05:08.757+0700] {processor.py:161} INFO - Started process (PID=17584) to work on /home/acer/.local/share/virtualenvs/custom_airflow-E5ZHcY_K/lib/python3.12/site-packages/airflow/example_dags/example_xcom.py
[2024-07-06T22:05:08.758+0700] {processor.py:830} INFO - Processing file /home/acer/.local/share/virtualenvs/custom_airflow-E5ZHcY_K/lib/python3.12/site-packages/airflow/example_dags/example_xcom.py for tasks to queue
[2024-07-06T22:05:08.760+0700] {logging_mixin.py:188} INFO - [2024-07-06T22:05:08.760+0700] {dagbag.py:545} INFO - Filling up the DagBag from /home/acer/.local/share/virtualenvs/custom_airflow-E5ZHcY_K/lib/python3.12/site-packages/airflow/example_dags/example_xcom.py
[2024-07-06T22:05:08.768+0700] {processor.py:840} INFO - DAG(s) 'example_xcom' retrieved from /home/acer/.local/share/virtualenvs/custom_airflow-E5ZHcY_K/lib/python3.12/site-packages/airflow/example_dags/example_xcom.py
[2024-07-06T22:05:08.785+0700] {logging_mixin.py:188} INFO - [2024-07-06T22:05:08.784+0700] {dag.py:3096} INFO - Sync 1 DAGs
[2024-07-06T22:05:08.805+0700] {logging_mixin.py:188} INFO - [2024-07-06T22:05:08.805+0700] {dag.py:3954} INFO - Setting next_dagrun for example_xcom to 2021-01-01 00:00:00+00:00, run_after=2021-01-01 00:00:00+00:00
[2024-07-06T22:05:08.827+0700] {processor.py:183} INFO - Processing /home/acer/.local/share/virtualenvs/custom_airflow-E5ZHcY_K/lib/python3.12/site-packages/airflow/example_dags/example_xcom.py took 0.075 seconds
[2024-07-06T22:06:01.149+0700] {processor.py:161} INFO - Started process (PID=17845) to work on /home/acer/.local/share/virtualenvs/custom_airflow-E5ZHcY_K/lib/python3.12/site-packages/airflow/example_dags/example_xcom.py
[2024-07-06T22:06:01.150+0700] {processor.py:830} INFO - Processing file /home/acer/.local/share/virtualenvs/custom_airflow-E5ZHcY_K/lib/python3.12/site-packages/airflow/example_dags/example_xcom.py for tasks to queue
[2024-07-06T22:06:01.153+0700] {logging_mixin.py:188} INFO - [2024-07-06T22:06:01.153+0700] {dagbag.py:545} INFO - Filling up the DagBag from /home/acer/.local/share/virtualenvs/custom_airflow-E5ZHcY_K/lib/python3.12/site-packages/airflow/example_dags/example_xcom.py
[2024-07-06T22:06:01.167+0700] {processor.py:840} INFO - DAG(s) 'example_xcom' retrieved from /home/acer/.local/share/virtualenvs/custom_airflow-E5ZHcY_K/lib/python3.12/site-packages/airflow/example_dags/example_xcom.py
[2024-07-06T22:06:01.185+0700] {logging_mixin.py:188} INFO - [2024-07-06T22:06:01.185+0700] {dag.py:3096} INFO - Sync 1 DAGs
[2024-07-06T22:06:01.205+0700] {logging_mixin.py:188} INFO - [2024-07-06T22:06:01.205+0700] {dag.py:3954} INFO - Setting next_dagrun for example_xcom to 2021-01-01 00:00:00+00:00, run_after=2021-01-01 00:00:00+00:00
[2024-07-06T22:06:01.226+0700] {processor.py:183} INFO - Processing /home/acer/.local/share/virtualenvs/custom_airflow-E5ZHcY_K/lib/python3.12/site-packages/airflow/example_dags/example_xcom.py took 0.087 seconds
[2024-07-06T22:06:48.952+0700] {processor.py:161} INFO - Started process (PID=18245) to work on /home/acer/.local/share/virtualenvs/custom_airflow-E5ZHcY_K/lib/python3.12/site-packages/airflow/example_dags/example_xcom.py
[2024-07-06T22:06:48.954+0700] {processor.py:830} INFO - Processing file /home/acer/.local/share/virtualenvs/custom_airflow-E5ZHcY_K/lib/python3.12/site-packages/airflow/example_dags/example_xcom.py for tasks to queue
[2024-07-06T22:06:48.957+0700] {logging_mixin.py:188} INFO - [2024-07-06T22:06:48.956+0700] {dagbag.py:545} INFO - Filling up the DagBag from /home/acer/.local/share/virtualenvs/custom_airflow-E5ZHcY_K/lib/python3.12/site-packages/airflow/example_dags/example_xcom.py
[2024-07-06T22:06:48.972+0700] {processor.py:840} INFO - DAG(s) 'example_xcom' retrieved from /home/acer/.local/share/virtualenvs/custom_airflow-E5ZHcY_K/lib/python3.12/site-packages/airflow/example_dags/example_xcom.py
[2024-07-06T22:06:48.991+0700] {logging_mixin.py:188} INFO - [2024-07-06T22:06:48.991+0700] {dag.py:3096} INFO - Sync 1 DAGs
[2024-07-06T22:06:49.015+0700] {logging_mixin.py:188} INFO - [2024-07-06T22:06:49.015+0700] {dag.py:3954} INFO - Setting next_dagrun for example_xcom to 2021-01-01 00:00:00+00:00, run_after=2021-01-01 00:00:00+00:00
[2024-07-06T22:06:49.038+0700] {processor.py:183} INFO - Processing /home/acer/.local/share/virtualenvs/custom_airflow-E5ZHcY_K/lib/python3.12/site-packages/airflow/example_dags/example_xcom.py took 0.104 seconds
[2024-07-06T22:07:42.714+0700] {processor.py:161} INFO - Started process (PID=18638) to work on /home/acer/.local/share/virtualenvs/custom_airflow-E5ZHcY_K/lib/python3.12/site-packages/airflow/example_dags/example_xcom.py
[2024-07-06T22:07:42.715+0700] {processor.py:830} INFO - Processing file /home/acer/.local/share/virtualenvs/custom_airflow-E5ZHcY_K/lib/python3.12/site-packages/airflow/example_dags/example_xcom.py for tasks to queue
[2024-07-06T22:07:42.717+0700] {logging_mixin.py:188} INFO - [2024-07-06T22:07:42.717+0700] {dagbag.py:545} INFO - Filling up the DagBag from /home/acer/.local/share/virtualenvs/custom_airflow-E5ZHcY_K/lib/python3.12/site-packages/airflow/example_dags/example_xcom.py
[2024-07-06T22:07:42.727+0700] {processor.py:840} INFO - DAG(s) 'example_xcom' retrieved from /home/acer/.local/share/virtualenvs/custom_airflow-E5ZHcY_K/lib/python3.12/site-packages/airflow/example_dags/example_xcom.py
[2024-07-06T22:07:42.748+0700] {logging_mixin.py:188} INFO - [2024-07-06T22:07:42.748+0700] {dag.py:3096} INFO - Sync 1 DAGs
[2024-07-06T22:07:42.776+0700] {logging_mixin.py:188} INFO - [2024-07-06T22:07:42.775+0700] {dag.py:3954} INFO - Setting next_dagrun for example_xcom to 2021-01-01 00:00:00+00:00, run_after=2021-01-01 00:00:00+00:00
[2024-07-06T22:07:42.805+0700] {processor.py:183} INFO - Processing /home/acer/.local/share/virtualenvs/custom_airflow-E5ZHcY_K/lib/python3.12/site-packages/airflow/example_dags/example_xcom.py took 0.105 seconds
[2024-07-06T22:08:39.181+0700] {processor.py:161} INFO - Started process (PID=18930) to work on /home/acer/.local/share/virtualenvs/custom_airflow-E5ZHcY_K/lib/python3.12/site-packages/airflow/example_dags/example_xcom.py
[2024-07-06T22:08:39.184+0700] {processor.py:830} INFO - Processing file /home/acer/.local/share/virtualenvs/custom_airflow-E5ZHcY_K/lib/python3.12/site-packages/airflow/example_dags/example_xcom.py for tasks to queue
[2024-07-06T22:08:39.190+0700] {logging_mixin.py:188} INFO - [2024-07-06T22:08:39.189+0700] {dagbag.py:545} INFO - Filling up the DagBag from /home/acer/.local/share/virtualenvs/custom_airflow-E5ZHcY_K/lib/python3.12/site-packages/airflow/example_dags/example_xcom.py
[2024-07-06T22:08:39.202+0700] {processor.py:840} INFO - DAG(s) 'example_xcom' retrieved from /home/acer/.local/share/virtualenvs/custom_airflow-E5ZHcY_K/lib/python3.12/site-packages/airflow/example_dags/example_xcom.py
[2024-07-06T22:08:39.226+0700] {logging_mixin.py:188} INFO - [2024-07-06T22:08:39.226+0700] {dag.py:3096} INFO - Sync 1 DAGs
[2024-07-06T22:08:39.256+0700] {logging_mixin.py:188} INFO - [2024-07-06T22:08:39.256+0700] {dag.py:3954} INFO - Setting next_dagrun for example_xcom to 2021-01-01 00:00:00+00:00, run_after=2021-01-01 00:00:00+00:00
[2024-07-06T22:08:39.285+0700] {processor.py:183} INFO - Processing /home/acer/.local/share/virtualenvs/custom_airflow-E5ZHcY_K/lib/python3.12/site-packages/airflow/example_dags/example_xcom.py took 0.122 seconds
[2024-07-06T22:09:33.866+0700] {processor.py:161} INFO - Started process (PID=19241) to work on /home/acer/.local/share/virtualenvs/custom_airflow-E5ZHcY_K/lib/python3.12/site-packages/airflow/example_dags/example_xcom.py
[2024-07-06T22:09:33.870+0700] {processor.py:830} INFO - Processing file /home/acer/.local/share/virtualenvs/custom_airflow-E5ZHcY_K/lib/python3.12/site-packages/airflow/example_dags/example_xcom.py for tasks to queue
[2024-07-06T22:09:33.877+0700] {logging_mixin.py:188} INFO - [2024-07-06T22:09:33.877+0700] {dagbag.py:545} INFO - Filling up the DagBag from /home/acer/.local/share/virtualenvs/custom_airflow-E5ZHcY_K/lib/python3.12/site-packages/airflow/example_dags/example_xcom.py
[2024-07-06T22:09:33.891+0700] {processor.py:840} INFO - DAG(s) 'example_xcom' retrieved from /home/acer/.local/share/virtualenvs/custom_airflow-E5ZHcY_K/lib/python3.12/site-packages/airflow/example_dags/example_xcom.py
[2024-07-06T22:09:33.917+0700] {logging_mixin.py:188} INFO - [2024-07-06T22:09:33.916+0700] {dag.py:3096} INFO - Sync 1 DAGs
[2024-07-06T22:09:33.949+0700] {logging_mixin.py:188} INFO - [2024-07-06T22:09:33.948+0700] {dag.py:3954} INFO - Setting next_dagrun for example_xcom to 2021-01-01 00:00:00+00:00, run_after=2021-01-01 00:00:00+00:00
[2024-07-06T22:09:33.977+0700] {processor.py:183} INFO - Processing /home/acer/.local/share/virtualenvs/custom_airflow-E5ZHcY_K/lib/python3.12/site-packages/airflow/example_dags/example_xcom.py took 0.125 seconds
[2024-07-06T22:10:38.412+0700] {processor.py:161} INFO - Started process (PID=19630) to work on /home/acer/.local/share/virtualenvs/custom_airflow-E5ZHcY_K/lib/python3.12/site-packages/airflow/example_dags/example_xcom.py
[2024-07-06T22:10:38.415+0700] {processor.py:830} INFO - Processing file /home/acer/.local/share/virtualenvs/custom_airflow-E5ZHcY_K/lib/python3.12/site-packages/airflow/example_dags/example_xcom.py for tasks to queue
[2024-07-06T22:10:38.424+0700] {logging_mixin.py:188} INFO - [2024-07-06T22:10:38.422+0700] {dagbag.py:545} INFO - Filling up the DagBag from /home/acer/.local/share/virtualenvs/custom_airflow-E5ZHcY_K/lib/python3.12/site-packages/airflow/example_dags/example_xcom.py
[2024-07-06T22:10:38.463+0700] {processor.py:840} INFO - DAG(s) 'example_xcom' retrieved from /home/acer/.local/share/virtualenvs/custom_airflow-E5ZHcY_K/lib/python3.12/site-packages/airflow/example_dags/example_xcom.py
[2024-07-06T22:10:38.493+0700] {logging_mixin.py:188} INFO - [2024-07-06T22:10:38.492+0700] {dag.py:3096} INFO - Sync 1 DAGs
[2024-07-06T22:10:38.515+0700] {logging_mixin.py:188} INFO - [2024-07-06T22:10:38.514+0700] {dag.py:3954} INFO - Setting next_dagrun for example_xcom to 2021-01-01 00:00:00+00:00, run_after=2021-01-01 00:00:00+00:00
[2024-07-06T22:10:38.540+0700] {processor.py:183} INFO - Processing /home/acer/.local/share/virtualenvs/custom_airflow-E5ZHcY_K/lib/python3.12/site-packages/airflow/example_dags/example_xcom.py took 0.151 seconds
[2024-07-06T22:11:41.614+0700] {processor.py:161} INFO - Started process (PID=19942) to work on /home/acer/.local/share/virtualenvs/custom_airflow-E5ZHcY_K/lib/python3.12/site-packages/airflow/example_dags/example_xcom.py
[2024-07-06T22:11:41.615+0700] {processor.py:830} INFO - Processing file /home/acer/.local/share/virtualenvs/custom_airflow-E5ZHcY_K/lib/python3.12/site-packages/airflow/example_dags/example_xcom.py for tasks to queue
[2024-07-06T22:11:41.618+0700] {logging_mixin.py:188} INFO - [2024-07-06T22:11:41.617+0700] {dagbag.py:545} INFO - Filling up the DagBag from /home/acer/.local/share/virtualenvs/custom_airflow-E5ZHcY_K/lib/python3.12/site-packages/airflow/example_dags/example_xcom.py
[2024-07-06T22:11:41.626+0700] {processor.py:840} INFO - DAG(s) 'example_xcom' retrieved from /home/acer/.local/share/virtualenvs/custom_airflow-E5ZHcY_K/lib/python3.12/site-packages/airflow/example_dags/example_xcom.py
[2024-07-06T22:11:41.649+0700] {logging_mixin.py:188} INFO - [2024-07-06T22:11:41.648+0700] {dag.py:3096} INFO - Sync 1 DAGs
[2024-07-06T22:11:41.672+0700] {logging_mixin.py:188} INFO - [2024-07-06T22:11:41.672+0700] {dag.py:3954} INFO - Setting next_dagrun for example_xcom to 2021-01-01 00:00:00+00:00, run_after=2021-01-01 00:00:00+00:00
[2024-07-06T22:11:41.702+0700] {processor.py:183} INFO - Processing /home/acer/.local/share/virtualenvs/custom_airflow-E5ZHcY_K/lib/python3.12/site-packages/airflow/example_dags/example_xcom.py took 0.096 seconds
[2024-07-06T22:12:41.747+0700] {processor.py:161} INFO - Started process (PID=20261) to work on /home/acer/.local/share/virtualenvs/custom_airflow-E5ZHcY_K/lib/python3.12/site-packages/airflow/example_dags/example_xcom.py
[2024-07-06T22:12:41.748+0700] {processor.py:830} INFO - Processing file /home/acer/.local/share/virtualenvs/custom_airflow-E5ZHcY_K/lib/python3.12/site-packages/airflow/example_dags/example_xcom.py for tasks to queue
[2024-07-06T22:12:41.751+0700] {logging_mixin.py:188} INFO - [2024-07-06T22:12:41.750+0700] {dagbag.py:545} INFO - Filling up the DagBag from /home/acer/.local/share/virtualenvs/custom_airflow-E5ZHcY_K/lib/python3.12/site-packages/airflow/example_dags/example_xcom.py
[2024-07-06T22:12:41.764+0700] {processor.py:840} INFO - DAG(s) 'example_xcom' retrieved from /home/acer/.local/share/virtualenvs/custom_airflow-E5ZHcY_K/lib/python3.12/site-packages/airflow/example_dags/example_xcom.py
[2024-07-06T22:12:41.784+0700] {logging_mixin.py:188} INFO - [2024-07-06T22:12:41.784+0700] {dag.py:3096} INFO - Sync 1 DAGs
[2024-07-06T22:12:41.811+0700] {logging_mixin.py:188} INFO - [2024-07-06T22:12:41.811+0700] {dag.py:3954} INFO - Setting next_dagrun for example_xcom to 2021-01-01 00:00:00+00:00, run_after=2021-01-01 00:00:00+00:00
[2024-07-06T22:12:41.836+0700] {processor.py:183} INFO - Processing /home/acer/.local/share/virtualenvs/custom_airflow-E5ZHcY_K/lib/python3.12/site-packages/airflow/example_dags/example_xcom.py took 0.099 seconds
[2024-07-06T22:13:39.477+0700] {processor.py:161} INFO - Started process (PID=20634) to work on /home/acer/.local/share/virtualenvs/custom_airflow-E5ZHcY_K/lib/python3.12/site-packages/airflow/example_dags/example_xcom.py
[2024-07-06T22:13:39.479+0700] {processor.py:830} INFO - Processing file /home/acer/.local/share/virtualenvs/custom_airflow-E5ZHcY_K/lib/python3.12/site-packages/airflow/example_dags/example_xcom.py for tasks to queue
[2024-07-06T22:13:39.482+0700] {logging_mixin.py:188} INFO - [2024-07-06T22:13:39.481+0700] {dagbag.py:545} INFO - Filling up the DagBag from /home/acer/.local/share/virtualenvs/custom_airflow-E5ZHcY_K/lib/python3.12/site-packages/airflow/example_dags/example_xcom.py
[2024-07-06T22:13:39.492+0700] {processor.py:840} INFO - DAG(s) 'example_xcom' retrieved from /home/acer/.local/share/virtualenvs/custom_airflow-E5ZHcY_K/lib/python3.12/site-packages/airflow/example_dags/example_xcom.py
[2024-07-06T22:13:39.516+0700] {logging_mixin.py:188} INFO - [2024-07-06T22:13:39.516+0700] {dag.py:3096} INFO - Sync 1 DAGs
[2024-07-06T22:13:39.541+0700] {logging_mixin.py:188} INFO - [2024-07-06T22:13:39.541+0700] {dag.py:3954} INFO - Setting next_dagrun for example_xcom to 2021-01-01 00:00:00+00:00, run_after=2021-01-01 00:00:00+00:00
[2024-07-06T22:13:39.593+0700] {processor.py:183} INFO - Processing /home/acer/.local/share/virtualenvs/custom_airflow-E5ZHcY_K/lib/python3.12/site-packages/airflow/example_dags/example_xcom.py took 0.123 seconds
[2024-07-06T22:14:39.201+0700] {processor.py:161} INFO - Started process (PID=20972) to work on /home/acer/.local/share/virtualenvs/custom_airflow-E5ZHcY_K/lib/python3.12/site-packages/airflow/example_dags/example_xcom.py
[2024-07-06T22:14:39.202+0700] {processor.py:830} INFO - Processing file /home/acer/.local/share/virtualenvs/custom_airflow-E5ZHcY_K/lib/python3.12/site-packages/airflow/example_dags/example_xcom.py for tasks to queue
[2024-07-06T22:14:39.205+0700] {logging_mixin.py:188} INFO - [2024-07-06T22:14:39.204+0700] {dagbag.py:545} INFO - Filling up the DagBag from /home/acer/.local/share/virtualenvs/custom_airflow-E5ZHcY_K/lib/python3.12/site-packages/airflow/example_dags/example_xcom.py
[2024-07-06T22:14:39.218+0700] {processor.py:840} INFO - DAG(s) 'example_xcom' retrieved from /home/acer/.local/share/virtualenvs/custom_airflow-E5ZHcY_K/lib/python3.12/site-packages/airflow/example_dags/example_xcom.py
[2024-07-06T22:14:39.243+0700] {logging_mixin.py:188} INFO - [2024-07-06T22:14:39.242+0700] {dag.py:3096} INFO - Sync 1 DAGs
[2024-07-06T22:14:39.270+0700] {logging_mixin.py:188} INFO - [2024-07-06T22:14:39.270+0700] {dag.py:3954} INFO - Setting next_dagrun for example_xcom to 2021-01-01 00:00:00+00:00, run_after=2021-01-01 00:00:00+00:00
[2024-07-06T22:14:39.301+0700] {processor.py:183} INFO - Processing /home/acer/.local/share/virtualenvs/custom_airflow-E5ZHcY_K/lib/python3.12/site-packages/airflow/example_dags/example_xcom.py took 0.107 seconds
[2024-07-06T22:15:44.240+0700] {processor.py:161} INFO - Started process (PID=21372) to work on /home/acer/.local/share/virtualenvs/custom_airflow-E5ZHcY_K/lib/python3.12/site-packages/airflow/example_dags/example_xcom.py
[2024-07-06T22:15:44.241+0700] {processor.py:830} INFO - Processing file /home/acer/.local/share/virtualenvs/custom_airflow-E5ZHcY_K/lib/python3.12/site-packages/airflow/example_dags/example_xcom.py for tasks to queue
[2024-07-06T22:15:44.244+0700] {logging_mixin.py:188} INFO - [2024-07-06T22:15:44.243+0700] {dagbag.py:545} INFO - Filling up the DagBag from /home/acer/.local/share/virtualenvs/custom_airflow-E5ZHcY_K/lib/python3.12/site-packages/airflow/example_dags/example_xcom.py
[2024-07-06T22:15:44.259+0700] {processor.py:840} INFO - DAG(s) 'example_xcom' retrieved from /home/acer/.local/share/virtualenvs/custom_airflow-E5ZHcY_K/lib/python3.12/site-packages/airflow/example_dags/example_xcom.py
[2024-07-06T22:15:44.289+0700] {logging_mixin.py:188} INFO - [2024-07-06T22:15:44.289+0700] {dag.py:3096} INFO - Sync 1 DAGs
[2024-07-06T22:15:44.331+0700] {logging_mixin.py:188} INFO - [2024-07-06T22:15:44.330+0700] {dag.py:3954} INFO - Setting next_dagrun for example_xcom to 2021-01-01 00:00:00+00:00, run_after=2021-01-01 00:00:00+00:00
[2024-07-06T22:15:44.397+0700] {processor.py:183} INFO - Processing /home/acer/.local/share/virtualenvs/custom_airflow-E5ZHcY_K/lib/python3.12/site-packages/airflow/example_dags/example_xcom.py took 0.165 seconds
[2024-07-06T22:16:40.689+0700] {processor.py:161} INFO - Started process (PID=21659) to work on /home/acer/.local/share/virtualenvs/custom_airflow-E5ZHcY_K/lib/python3.12/site-packages/airflow/example_dags/example_xcom.py
[2024-07-06T22:16:40.690+0700] {processor.py:830} INFO - Processing file /home/acer/.local/share/virtualenvs/custom_airflow-E5ZHcY_K/lib/python3.12/site-packages/airflow/example_dags/example_xcom.py for tasks to queue
[2024-07-06T22:16:40.692+0700] {logging_mixin.py:188} INFO - [2024-07-06T22:16:40.692+0700] {dagbag.py:545} INFO - Filling up the DagBag from /home/acer/.local/share/virtualenvs/custom_airflow-E5ZHcY_K/lib/python3.12/site-packages/airflow/example_dags/example_xcom.py
[2024-07-06T22:16:40.700+0700] {processor.py:840} INFO - DAG(s) 'example_xcom' retrieved from /home/acer/.local/share/virtualenvs/custom_airflow-E5ZHcY_K/lib/python3.12/site-packages/airflow/example_dags/example_xcom.py
[2024-07-06T22:16:40.717+0700] {logging_mixin.py:188} INFO - [2024-07-06T22:16:40.717+0700] {dag.py:3096} INFO - Sync 1 DAGs
[2024-07-06T22:16:40.738+0700] {logging_mixin.py:188} INFO - [2024-07-06T22:16:40.738+0700] {dag.py:3954} INFO - Setting next_dagrun for example_xcom to 2021-01-01 00:00:00+00:00, run_after=2021-01-01 00:00:00+00:00
[2024-07-06T22:16:40.760+0700] {processor.py:183} INFO - Processing /home/acer/.local/share/virtualenvs/custom_airflow-E5ZHcY_K/lib/python3.12/site-packages/airflow/example_dags/example_xcom.py took 0.081 seconds
[2024-07-06T22:17:34.977+0700] {processor.py:161} INFO - Started process (PID=21960) to work on /home/acer/.local/share/virtualenvs/custom_airflow-E5ZHcY_K/lib/python3.12/site-packages/airflow/example_dags/example_xcom.py
[2024-07-06T22:17:34.980+0700] {processor.py:830} INFO - Processing file /home/acer/.local/share/virtualenvs/custom_airflow-E5ZHcY_K/lib/python3.12/site-packages/airflow/example_dags/example_xcom.py for tasks to queue
[2024-07-06T22:17:34.986+0700] {logging_mixin.py:188} INFO - [2024-07-06T22:17:34.985+0700] {dagbag.py:545} INFO - Filling up the DagBag from /home/acer/.local/share/virtualenvs/custom_airflow-E5ZHcY_K/lib/python3.12/site-packages/airflow/example_dags/example_xcom.py
[2024-07-06T22:17:35.000+0700] {processor.py:840} INFO - DAG(s) 'example_xcom' retrieved from /home/acer/.local/share/virtualenvs/custom_airflow-E5ZHcY_K/lib/python3.12/site-packages/airflow/example_dags/example_xcom.py
[2024-07-06T22:17:35.029+0700] {logging_mixin.py:188} INFO - [2024-07-06T22:17:35.029+0700] {dag.py:3096} INFO - Sync 1 DAGs
[2024-07-06T22:17:35.062+0700] {logging_mixin.py:188} INFO - [2024-07-06T22:17:35.062+0700] {dag.py:3954} INFO - Setting next_dagrun for example_xcom to 2021-01-01 00:00:00+00:00, run_after=2021-01-01 00:00:00+00:00
[2024-07-06T22:17:35.190+0700] {processor.py:183} INFO - Processing /home/acer/.local/share/virtualenvs/custom_airflow-E5ZHcY_K/lib/python3.12/site-packages/airflow/example_dags/example_xcom.py took 0.229 seconds
[2024-07-06T22:18:39.352+0700] {processor.py:161} INFO - Started process (PID=22295) to work on /home/acer/.local/share/virtualenvs/custom_airflow-E5ZHcY_K/lib/python3.12/site-packages/airflow/example_dags/example_xcom.py
[2024-07-06T22:18:39.355+0700] {processor.py:830} INFO - Processing file /home/acer/.local/share/virtualenvs/custom_airflow-E5ZHcY_K/lib/python3.12/site-packages/airflow/example_dags/example_xcom.py for tasks to queue
[2024-07-06T22:18:39.374+0700] {logging_mixin.py:188} INFO - [2024-07-06T22:18:39.358+0700] {dagbag.py:545} INFO - Filling up the DagBag from /home/acer/.local/share/virtualenvs/custom_airflow-E5ZHcY_K/lib/python3.12/site-packages/airflow/example_dags/example_xcom.py
[2024-07-06T22:18:39.408+0700] {processor.py:840} INFO - DAG(s) 'example_xcom' retrieved from /home/acer/.local/share/virtualenvs/custom_airflow-E5ZHcY_K/lib/python3.12/site-packages/airflow/example_dags/example_xcom.py
[2024-07-06T22:18:39.472+0700] {logging_mixin.py:188} INFO - [2024-07-06T22:18:39.471+0700] {dag.py:3096} INFO - Sync 1 DAGs
[2024-07-06T22:18:39.513+0700] {logging_mixin.py:188} INFO - [2024-07-06T22:18:39.512+0700] {dag.py:3954} INFO - Setting next_dagrun for example_xcom to 2021-01-01 00:00:00+00:00, run_after=2021-01-01 00:00:00+00:00
[2024-07-06T22:18:39.574+0700] {processor.py:183} INFO - Processing /home/acer/.local/share/virtualenvs/custom_airflow-E5ZHcY_K/lib/python3.12/site-packages/airflow/example_dags/example_xcom.py took 0.239 seconds
[2024-07-06T22:19:39.309+0700] {processor.py:161} INFO - Started process (PID=22624) to work on /home/acer/.local/share/virtualenvs/custom_airflow-E5ZHcY_K/lib/python3.12/site-packages/airflow/example_dags/example_xcom.py
[2024-07-06T22:19:39.311+0700] {processor.py:830} INFO - Processing file /home/acer/.local/share/virtualenvs/custom_airflow-E5ZHcY_K/lib/python3.12/site-packages/airflow/example_dags/example_xcom.py for tasks to queue
[2024-07-06T22:19:39.313+0700] {logging_mixin.py:188} INFO - [2024-07-06T22:19:39.313+0700] {dagbag.py:545} INFO - Filling up the DagBag from /home/acer/.local/share/virtualenvs/custom_airflow-E5ZHcY_K/lib/python3.12/site-packages/airflow/example_dags/example_xcom.py
[2024-07-06T22:19:39.325+0700] {processor.py:840} INFO - DAG(s) 'example_xcom' retrieved from /home/acer/.local/share/virtualenvs/custom_airflow-E5ZHcY_K/lib/python3.12/site-packages/airflow/example_dags/example_xcom.py
[2024-07-06T22:19:39.350+0700] {logging_mixin.py:188} INFO - [2024-07-06T22:19:39.350+0700] {dag.py:3096} INFO - Sync 1 DAGs
[2024-07-06T22:19:39.379+0700] {logging_mixin.py:188} INFO - [2024-07-06T22:19:39.379+0700] {dag.py:3954} INFO - Setting next_dagrun for example_xcom to 2021-01-01 00:00:00+00:00, run_after=2021-01-01 00:00:00+00:00
[2024-07-06T22:19:39.417+0700] {processor.py:183} INFO - Processing /home/acer/.local/share/virtualenvs/custom_airflow-E5ZHcY_K/lib/python3.12/site-packages/airflow/example_dags/example_xcom.py took 0.118 seconds
[2024-07-06T22:20:40.001+0700] {processor.py:161} INFO - Started process (PID=22924) to work on /home/acer/.local/share/virtualenvs/custom_airflow-E5ZHcY_K/lib/python3.12/site-packages/airflow/example_dags/example_xcom.py
[2024-07-06T22:20:40.003+0700] {processor.py:830} INFO - Processing file /home/acer/.local/share/virtualenvs/custom_airflow-E5ZHcY_K/lib/python3.12/site-packages/airflow/example_dags/example_xcom.py for tasks to queue
[2024-07-06T22:20:40.006+0700] {logging_mixin.py:188} INFO - [2024-07-06T22:20:40.005+0700] {dagbag.py:545} INFO - Filling up the DagBag from /home/acer/.local/share/virtualenvs/custom_airflow-E5ZHcY_K/lib/python3.12/site-packages/airflow/example_dags/example_xcom.py
[2024-07-06T22:20:40.019+0700] {processor.py:840} INFO - DAG(s) 'example_xcom' retrieved from /home/acer/.local/share/virtualenvs/custom_airflow-E5ZHcY_K/lib/python3.12/site-packages/airflow/example_dags/example_xcom.py
[2024-07-06T22:20:40.060+0700] {logging_mixin.py:188} INFO - [2024-07-06T22:20:40.059+0700] {dag.py:3096} INFO - Sync 1 DAGs
[2024-07-06T22:20:40.206+0700] {logging_mixin.py:188} INFO - [2024-07-06T22:20:40.206+0700] {dag.py:3954} INFO - Setting next_dagrun for example_xcom to 2021-01-01 00:00:00+00:00, run_after=2021-01-01 00:00:00+00:00
[2024-07-06T22:20:40.232+0700] {processor.py:183} INFO - Processing /home/acer/.local/share/virtualenvs/custom_airflow-E5ZHcY_K/lib/python3.12/site-packages/airflow/example_dags/example_xcom.py took 0.242 seconds
