[2024-07-06T16:09:05.537+0700] {processor.py:161} INFO - Started process (PID=51248) to work on /home/acer/.local/share/virtualenvs/custom_airflow-E5ZHcY_K/lib/python3.12/site-packages/airflow/example_dags/example_sensors.py
[2024-07-06T16:09:05.539+0700] {processor.py:830} INFO - Processing file /home/acer/.local/share/virtualenvs/custom_airflow-E5ZHcY_K/lib/python3.12/site-packages/airflow/example_dags/example_sensors.py for tasks to queue
[2024-07-06T16:09:05.545+0700] {logging_mixin.py:188} INFO - [2024-07-06T16:09:05.544+0700] {dagbag.py:545} INFO - Filling up the DagBag from /home/acer/.local/share/virtualenvs/custom_airflow-E5ZHcY_K/lib/python3.12/site-packages/airflow/example_dags/example_sensors.py
[2024-07-06T16:09:05.564+0700] {processor.py:840} INFO - DAG(s) 'example_sensors' retrieved from /home/acer/.local/share/virtualenvs/custom_airflow-E5ZHcY_K/lib/python3.12/site-packages/airflow/example_dags/example_sensors.py
[2024-07-06T16:09:05.730+0700] {logging_mixin.py:188} INFO - [2024-07-06T16:09:05.729+0700] {override.py:1847} INFO - Created Permission View: can delete on DAG:example_sensors
[2024-07-06T16:09:05.759+0700] {logging_mixin.py:188} INFO - [2024-07-06T16:09:05.758+0700] {override.py:1847} INFO - Created Permission View: can edit on DAG:example_sensors
[2024-07-06T16:09:05.769+0700] {logging_mixin.py:188} INFO - [2024-07-06T16:09:05.768+0700] {override.py:1847} INFO - Created Permission View: can read on DAG:example_sensors
[2024-07-06T16:09:05.769+0700] {logging_mixin.py:188} INFO - [2024-07-06T16:09:05.769+0700] {dag.py:3096} INFO - Sync 1 DAGs
[2024-07-06T16:09:05.782+0700] {logging_mixin.py:188} INFO - [2024-07-06T16:09:05.782+0700] {dag.py:3118} INFO - Creating ORM DAG for example_sensors
[2024-07-06T16:09:05.783+0700] {logging_mixin.py:188} INFO - [2024-07-06T16:09:05.783+0700] {dag.py:3954} INFO - Setting next_dagrun for example_sensors to None, run_after=None
[2024-07-06T16:09:05.812+0700] {processor.py:183} INFO - Processing /home/acer/.local/share/virtualenvs/custom_airflow-E5ZHcY_K/lib/python3.12/site-packages/airflow/example_dags/example_sensors.py took 0.292 seconds
[2024-07-06T16:10:04.485+0700] {processor.py:161} INFO - Started process (PID=51641) to work on /home/acer/.local/share/virtualenvs/custom_airflow-E5ZHcY_K/lib/python3.12/site-packages/airflow/example_dags/example_sensors.py
[2024-07-06T16:10:04.487+0700] {processor.py:830} INFO - Processing file /home/acer/.local/share/virtualenvs/custom_airflow-E5ZHcY_K/lib/python3.12/site-packages/airflow/example_dags/example_sensors.py for tasks to queue
[2024-07-06T16:10:04.490+0700] {logging_mixin.py:188} INFO - [2024-07-06T16:10:04.489+0700] {dagbag.py:545} INFO - Filling up the DagBag from /home/acer/.local/share/virtualenvs/custom_airflow-E5ZHcY_K/lib/python3.12/site-packages/airflow/example_dags/example_sensors.py
[2024-07-06T16:10:04.501+0700] {processor.py:840} INFO - DAG(s) 'example_sensors' retrieved from /home/acer/.local/share/virtualenvs/custom_airflow-E5ZHcY_K/lib/python3.12/site-packages/airflow/example_dags/example_sensors.py
[2024-07-06T16:10:04.531+0700] {logging_mixin.py:188} INFO - [2024-07-06T16:10:04.531+0700] {dag.py:3096} INFO - Sync 1 DAGs
[2024-07-06T16:10:04.546+0700] {logging_mixin.py:188} INFO - [2024-07-06T16:10:04.546+0700] {dag.py:3954} INFO - Setting next_dagrun for example_sensors to None, run_after=None
[2024-07-06T16:10:04.579+0700] {processor.py:183} INFO - Processing /home/acer/.local/share/virtualenvs/custom_airflow-E5ZHcY_K/lib/python3.12/site-packages/airflow/example_dags/example_sensors.py took 0.105 seconds
[2024-07-06T16:10:56.102+0700] {processor.py:161} INFO - Started process (PID=52257) to work on /home/acer/.local/share/virtualenvs/custom_airflow-E5ZHcY_K/lib/python3.12/site-packages/airflow/example_dags/example_sensors.py
[2024-07-06T16:10:56.103+0700] {processor.py:830} INFO - Processing file /home/acer/.local/share/virtualenvs/custom_airflow-E5ZHcY_K/lib/python3.12/site-packages/airflow/example_dags/example_sensors.py for tasks to queue
[2024-07-06T16:10:56.104+0700] {logging_mixin.py:188} INFO - [2024-07-06T16:10:56.104+0700] {dagbag.py:545} INFO - Filling up the DagBag from /home/acer/.local/share/virtualenvs/custom_airflow-E5ZHcY_K/lib/python3.12/site-packages/airflow/example_dags/example_sensors.py
[2024-07-06T16:10:56.118+0700] {processor.py:840} INFO - DAG(s) 'example_sensors' retrieved from /home/acer/.local/share/virtualenvs/custom_airflow-E5ZHcY_K/lib/python3.12/site-packages/airflow/example_dags/example_sensors.py
[2024-07-06T16:10:56.145+0700] {logging_mixin.py:188} INFO - [2024-07-06T16:10:56.145+0700] {dag.py:3096} INFO - Sync 1 DAGs
[2024-07-06T16:10:56.157+0700] {logging_mixin.py:188} INFO - [2024-07-06T16:10:56.156+0700] {dag.py:3954} INFO - Setting next_dagrun for example_sensors to None, run_after=None
[2024-07-06T16:10:56.181+0700] {processor.py:183} INFO - Processing /home/acer/.local/share/virtualenvs/custom_airflow-E5ZHcY_K/lib/python3.12/site-packages/airflow/example_dags/example_sensors.py took 0.087 seconds
[2024-07-06T16:11:50.853+0700] {processor.py:161} INFO - Started process (PID=52574) to work on /home/acer/.local/share/virtualenvs/custom_airflow-E5ZHcY_K/lib/python3.12/site-packages/airflow/example_dags/example_sensors.py
[2024-07-06T16:11:50.855+0700] {processor.py:830} INFO - Processing file /home/acer/.local/share/virtualenvs/custom_airflow-E5ZHcY_K/lib/python3.12/site-packages/airflow/example_dags/example_sensors.py for tasks to queue
[2024-07-06T16:11:50.856+0700] {logging_mixin.py:188} INFO - [2024-07-06T16:11:50.855+0700] {dagbag.py:545} INFO - Filling up the DagBag from /home/acer/.local/share/virtualenvs/custom_airflow-E5ZHcY_K/lib/python3.12/site-packages/airflow/example_dags/example_sensors.py
[2024-07-06T16:11:50.872+0700] {processor.py:840} INFO - DAG(s) 'example_sensors' retrieved from /home/acer/.local/share/virtualenvs/custom_airflow-E5ZHcY_K/lib/python3.12/site-packages/airflow/example_dags/example_sensors.py
[2024-07-06T16:11:50.903+0700] {logging_mixin.py:188} INFO - [2024-07-06T16:11:50.903+0700] {dag.py:3096} INFO - Sync 1 DAGs
[2024-07-06T16:11:50.923+0700] {logging_mixin.py:188} INFO - [2024-07-06T16:11:50.922+0700] {dag.py:3954} INFO - Setting next_dagrun for example_sensors to None, run_after=None
[2024-07-06T16:11:50.954+0700] {processor.py:183} INFO - Processing /home/acer/.local/share/virtualenvs/custom_airflow-E5ZHcY_K/lib/python3.12/site-packages/airflow/example_dags/example_sensors.py took 0.108 seconds
[2024-07-06T16:15:55.766+0700] {processor.py:161} INFO - Started process (PID=54850) to work on /home/acer/.local/share/virtualenvs/custom_airflow-E5ZHcY_K/lib/python3.12/site-packages/airflow/example_dags/example_sensors.py
[2024-07-06T16:15:55.768+0700] {processor.py:830} INFO - Processing file /home/acer/.local/share/virtualenvs/custom_airflow-E5ZHcY_K/lib/python3.12/site-packages/airflow/example_dags/example_sensors.py for tasks to queue
[2024-07-06T16:15:55.770+0700] {logging_mixin.py:188} INFO - [2024-07-06T16:15:55.769+0700] {dagbag.py:545} INFO - Filling up the DagBag from /home/acer/.local/share/virtualenvs/custom_airflow-E5ZHcY_K/lib/python3.12/site-packages/airflow/example_dags/example_sensors.py
[2024-07-06T16:15:55.783+0700] {processor.py:840} INFO - DAG(s) 'example_sensors' retrieved from /home/acer/.local/share/virtualenvs/custom_airflow-E5ZHcY_K/lib/python3.12/site-packages/airflow/example_dags/example_sensors.py
[2024-07-06T16:15:55.921+0700] {logging_mixin.py:188} INFO - [2024-07-06T16:15:55.921+0700] {dag.py:3096} INFO - Sync 1 DAGs
[2024-07-06T16:15:55.931+0700] {logging_mixin.py:188} INFO - [2024-07-06T16:15:55.931+0700] {dag.py:3954} INFO - Setting next_dagrun for example_sensors to None, run_after=None
[2024-07-06T16:15:55.952+0700] {processor.py:183} INFO - Processing /home/acer/.local/share/virtualenvs/custom_airflow-E5ZHcY_K/lib/python3.12/site-packages/airflow/example_dags/example_sensors.py took 0.192 seconds
[2024-07-06T16:16:53.551+0700] {processor.py:161} INFO - Started process (PID=55374) to work on /home/acer/.local/share/virtualenvs/custom_airflow-E5ZHcY_K/lib/python3.12/site-packages/airflow/example_dags/example_sensors.py
[2024-07-06T16:16:53.552+0700] {processor.py:830} INFO - Processing file /home/acer/.local/share/virtualenvs/custom_airflow-E5ZHcY_K/lib/python3.12/site-packages/airflow/example_dags/example_sensors.py for tasks to queue
[2024-07-06T16:16:53.554+0700] {logging_mixin.py:188} INFO - [2024-07-06T16:16:53.554+0700] {dagbag.py:545} INFO - Filling up the DagBag from /home/acer/.local/share/virtualenvs/custom_airflow-E5ZHcY_K/lib/python3.12/site-packages/airflow/example_dags/example_sensors.py
[2024-07-06T16:16:53.563+0700] {processor.py:840} INFO - DAG(s) 'example_sensors' retrieved from /home/acer/.local/share/virtualenvs/custom_airflow-E5ZHcY_K/lib/python3.12/site-packages/airflow/example_dags/example_sensors.py
[2024-07-06T16:16:53.586+0700] {logging_mixin.py:188} INFO - [2024-07-06T16:16:53.585+0700] {dag.py:3096} INFO - Sync 1 DAGs
[2024-07-06T16:16:53.598+0700] {logging_mixin.py:188} INFO - [2024-07-06T16:16:53.597+0700] {dag.py:3954} INFO - Setting next_dagrun for example_sensors to None, run_after=None
[2024-07-06T16:16:53.618+0700] {processor.py:183} INFO - Processing /home/acer/.local/share/virtualenvs/custom_airflow-E5ZHcY_K/lib/python3.12/site-packages/airflow/example_dags/example_sensors.py took 0.073 seconds
[2024-07-06T16:17:47.884+0700] {processor.py:161} INFO - Started process (PID=55803) to work on /home/acer/.local/share/virtualenvs/custom_airflow-E5ZHcY_K/lib/python3.12/site-packages/airflow/example_dags/example_sensors.py
[2024-07-06T16:17:47.885+0700] {processor.py:830} INFO - Processing file /home/acer/.local/share/virtualenvs/custom_airflow-E5ZHcY_K/lib/python3.12/site-packages/airflow/example_dags/example_sensors.py for tasks to queue
[2024-07-06T16:17:47.887+0700] {logging_mixin.py:188} INFO - [2024-07-06T16:17:47.887+0700] {dagbag.py:545} INFO - Filling up the DagBag from /home/acer/.local/share/virtualenvs/custom_airflow-E5ZHcY_K/lib/python3.12/site-packages/airflow/example_dags/example_sensors.py
[2024-07-06T16:17:47.904+0700] {processor.py:840} INFO - DAG(s) 'example_sensors' retrieved from /home/acer/.local/share/virtualenvs/custom_airflow-E5ZHcY_K/lib/python3.12/site-packages/airflow/example_dags/example_sensors.py
[2024-07-06T16:17:47.943+0700] {logging_mixin.py:188} INFO - [2024-07-06T16:17:47.942+0700] {dag.py:3096} INFO - Sync 1 DAGs
[2024-07-06T16:17:47.964+0700] {logging_mixin.py:188} INFO - [2024-07-06T16:17:47.964+0700] {dag.py:3954} INFO - Setting next_dagrun for example_sensors to None, run_after=None
[2024-07-06T16:17:48.008+0700] {processor.py:183} INFO - Processing /home/acer/.local/share/virtualenvs/custom_airflow-E5ZHcY_K/lib/python3.12/site-packages/airflow/example_dags/example_sensors.py took 0.133 seconds
[2024-07-06T16:18:39.399+0700] {processor.py:161} INFO - Started process (PID=56067) to work on /home/acer/.local/share/virtualenvs/custom_airflow-E5ZHcY_K/lib/python3.12/site-packages/airflow/example_dags/example_sensors.py
[2024-07-06T16:18:39.400+0700] {processor.py:830} INFO - Processing file /home/acer/.local/share/virtualenvs/custom_airflow-E5ZHcY_K/lib/python3.12/site-packages/airflow/example_dags/example_sensors.py for tasks to queue
[2024-07-06T16:18:39.402+0700] {logging_mixin.py:188} INFO - [2024-07-06T16:18:39.402+0700] {dagbag.py:545} INFO - Filling up the DagBag from /home/acer/.local/share/virtualenvs/custom_airflow-E5ZHcY_K/lib/python3.12/site-packages/airflow/example_dags/example_sensors.py
[2024-07-06T16:18:39.411+0700] {processor.py:840} INFO - DAG(s) 'example_sensors' retrieved from /home/acer/.local/share/virtualenvs/custom_airflow-E5ZHcY_K/lib/python3.12/site-packages/airflow/example_dags/example_sensors.py
[2024-07-06T16:18:39.433+0700] {logging_mixin.py:188} INFO - [2024-07-06T16:18:39.432+0700] {dag.py:3096} INFO - Sync 1 DAGs
[2024-07-06T16:18:39.447+0700] {logging_mixin.py:188} INFO - [2024-07-06T16:18:39.447+0700] {dag.py:3954} INFO - Setting next_dagrun for example_sensors to None, run_after=None
[2024-07-06T16:18:39.470+0700] {processor.py:183} INFO - Processing /home/acer/.local/share/virtualenvs/custom_airflow-E5ZHcY_K/lib/python3.12/site-packages/airflow/example_dags/example_sensors.py took 0.077 seconds
[2024-07-06T16:19:28.526+0700] {processor.py:161} INFO - Started process (PID=56427) to work on /home/acer/.local/share/virtualenvs/custom_airflow-E5ZHcY_K/lib/python3.12/site-packages/airflow/example_dags/example_sensors.py
[2024-07-06T16:19:28.527+0700] {processor.py:830} INFO - Processing file /home/acer/.local/share/virtualenvs/custom_airflow-E5ZHcY_K/lib/python3.12/site-packages/airflow/example_dags/example_sensors.py for tasks to queue
[2024-07-06T16:19:28.530+0700] {logging_mixin.py:188} INFO - [2024-07-06T16:19:28.529+0700] {dagbag.py:545} INFO - Filling up the DagBag from /home/acer/.local/share/virtualenvs/custom_airflow-E5ZHcY_K/lib/python3.12/site-packages/airflow/example_dags/example_sensors.py
[2024-07-06T16:19:28.541+0700] {processor.py:840} INFO - DAG(s) 'example_sensors' retrieved from /home/acer/.local/share/virtualenvs/custom_airflow-E5ZHcY_K/lib/python3.12/site-packages/airflow/example_dags/example_sensors.py
[2024-07-06T16:19:28.566+0700] {logging_mixin.py:188} INFO - [2024-07-06T16:19:28.565+0700] {dag.py:3096} INFO - Sync 1 DAGs
[2024-07-06T16:19:28.580+0700] {logging_mixin.py:188} INFO - [2024-07-06T16:19:28.579+0700] {dag.py:3954} INFO - Setting next_dagrun for example_sensors to None, run_after=None
[2024-07-06T16:19:28.608+0700] {processor.py:183} INFO - Processing /home/acer/.local/share/virtualenvs/custom_airflow-E5ZHcY_K/lib/python3.12/site-packages/airflow/example_dags/example_sensors.py took 0.087 seconds
[2024-07-06T16:20:31.764+0700] {processor.py:161} INFO - Started process (PID=57139) to work on /home/acer/.local/share/virtualenvs/custom_airflow-E5ZHcY_K/lib/python3.12/site-packages/airflow/example_dags/example_sensors.py
[2024-07-06T16:20:31.766+0700] {processor.py:830} INFO - Processing file /home/acer/.local/share/virtualenvs/custom_airflow-E5ZHcY_K/lib/python3.12/site-packages/airflow/example_dags/example_sensors.py for tasks to queue
[2024-07-06T16:20:31.768+0700] {logging_mixin.py:188} INFO - [2024-07-06T16:20:31.767+0700] {dagbag.py:545} INFO - Filling up the DagBag from /home/acer/.local/share/virtualenvs/custom_airflow-E5ZHcY_K/lib/python3.12/site-packages/airflow/example_dags/example_sensors.py
[2024-07-06T16:20:31.783+0700] {processor.py:840} INFO - DAG(s) 'example_sensors' retrieved from /home/acer/.local/share/virtualenvs/custom_airflow-E5ZHcY_K/lib/python3.12/site-packages/airflow/example_dags/example_sensors.py
[2024-07-06T16:20:31.817+0700] {logging_mixin.py:188} INFO - [2024-07-06T16:20:31.817+0700] {dag.py:3096} INFO - Sync 1 DAGs
[2024-07-06T16:20:31.840+0700] {logging_mixin.py:188} INFO - [2024-07-06T16:20:31.839+0700] {dag.py:3954} INFO - Setting next_dagrun for example_sensors to None, run_after=None
[2024-07-06T16:20:31.870+0700] {processor.py:183} INFO - Processing /home/acer/.local/share/virtualenvs/custom_airflow-E5ZHcY_K/lib/python3.12/site-packages/airflow/example_dags/example_sensors.py took 0.119 seconds
[2024-07-06T16:21:24.509+0700] {processor.py:161} INFO - Started process (PID=57547) to work on /home/acer/.local/share/virtualenvs/custom_airflow-E5ZHcY_K/lib/python3.12/site-packages/airflow/example_dags/example_sensors.py
[2024-07-06T16:21:24.510+0700] {processor.py:830} INFO - Processing file /home/acer/.local/share/virtualenvs/custom_airflow-E5ZHcY_K/lib/python3.12/site-packages/airflow/example_dags/example_sensors.py for tasks to queue
[2024-07-06T16:21:24.512+0700] {logging_mixin.py:188} INFO - [2024-07-06T16:21:24.511+0700] {dagbag.py:545} INFO - Filling up the DagBag from /home/acer/.local/share/virtualenvs/custom_airflow-E5ZHcY_K/lib/python3.12/site-packages/airflow/example_dags/example_sensors.py
[2024-07-06T16:21:24.521+0700] {processor.py:840} INFO - DAG(s) 'example_sensors' retrieved from /home/acer/.local/share/virtualenvs/custom_airflow-E5ZHcY_K/lib/python3.12/site-packages/airflow/example_dags/example_sensors.py
[2024-07-06T16:21:24.558+0700] {logging_mixin.py:188} INFO - [2024-07-06T16:21:24.557+0700] {dag.py:3096} INFO - Sync 1 DAGs
[2024-07-06T16:21:24.577+0700] {logging_mixin.py:188} INFO - [2024-07-06T16:21:24.577+0700] {dag.py:3954} INFO - Setting next_dagrun for example_sensors to None, run_after=None
[2024-07-06T16:21:24.601+0700] {processor.py:183} INFO - Processing /home/acer/.local/share/virtualenvs/custom_airflow-E5ZHcY_K/lib/python3.12/site-packages/airflow/example_dags/example_sensors.py took 0.098 seconds
[2024-07-06T16:22:12.411+0700] {processor.py:161} INFO - Started process (PID=57848) to work on /home/acer/.local/share/virtualenvs/custom_airflow-E5ZHcY_K/lib/python3.12/site-packages/airflow/example_dags/example_sensors.py
[2024-07-06T16:22:12.413+0700] {processor.py:830} INFO - Processing file /home/acer/.local/share/virtualenvs/custom_airflow-E5ZHcY_K/lib/python3.12/site-packages/airflow/example_dags/example_sensors.py for tasks to queue
[2024-07-06T16:22:12.416+0700] {logging_mixin.py:188} INFO - [2024-07-06T16:22:12.415+0700] {dagbag.py:545} INFO - Filling up the DagBag from /home/acer/.local/share/virtualenvs/custom_airflow-E5ZHcY_K/lib/python3.12/site-packages/airflow/example_dags/example_sensors.py
[2024-07-06T16:22:12.432+0700] {processor.py:840} INFO - DAG(s) 'example_sensors' retrieved from /home/acer/.local/share/virtualenvs/custom_airflow-E5ZHcY_K/lib/python3.12/site-packages/airflow/example_dags/example_sensors.py
[2024-07-06T16:22:12.456+0700] {logging_mixin.py:188} INFO - [2024-07-06T16:22:12.456+0700] {dag.py:3096} INFO - Sync 1 DAGs
[2024-07-06T16:22:12.468+0700] {logging_mixin.py:188} INFO - [2024-07-06T16:22:12.468+0700] {dag.py:3954} INFO - Setting next_dagrun for example_sensors to None, run_after=None
[2024-07-06T16:22:12.489+0700] {processor.py:183} INFO - Processing /home/acer/.local/share/virtualenvs/custom_airflow-E5ZHcY_K/lib/python3.12/site-packages/airflow/example_dags/example_sensors.py took 0.088 seconds
[2024-07-06T16:23:04.276+0700] {processor.py:161} INFO - Started process (PID=58168) to work on /home/acer/.local/share/virtualenvs/custom_airflow-E5ZHcY_K/lib/python3.12/site-packages/airflow/example_dags/example_sensors.py
[2024-07-06T16:23:04.278+0700] {processor.py:830} INFO - Processing file /home/acer/.local/share/virtualenvs/custom_airflow-E5ZHcY_K/lib/python3.12/site-packages/airflow/example_dags/example_sensors.py for tasks to queue
[2024-07-06T16:23:04.282+0700] {logging_mixin.py:188} INFO - [2024-07-06T16:23:04.281+0700] {dagbag.py:545} INFO - Filling up the DagBag from /home/acer/.local/share/virtualenvs/custom_airflow-E5ZHcY_K/lib/python3.12/site-packages/airflow/example_dags/example_sensors.py
[2024-07-06T16:23:04.296+0700] {processor.py:840} INFO - DAG(s) 'example_sensors' retrieved from /home/acer/.local/share/virtualenvs/custom_airflow-E5ZHcY_K/lib/python3.12/site-packages/airflow/example_dags/example_sensors.py
[2024-07-06T16:23:04.319+0700] {logging_mixin.py:188} INFO - [2024-07-06T16:23:04.318+0700] {dag.py:3096} INFO - Sync 1 DAGs
[2024-07-06T16:23:04.331+0700] {logging_mixin.py:188} INFO - [2024-07-06T16:23:04.330+0700] {dag.py:3954} INFO - Setting next_dagrun for example_sensors to None, run_after=None
[2024-07-06T16:23:04.358+0700] {processor.py:183} INFO - Processing /home/acer/.local/share/virtualenvs/custom_airflow-E5ZHcY_K/lib/python3.12/site-packages/airflow/example_dags/example_sensors.py took 0.095 seconds
[2024-07-06T16:24:20.958+0700] {processor.py:161} INFO - Started process (PID=59233) to work on /home/acer/.local/share/virtualenvs/custom_airflow-E5ZHcY_K/lib/python3.12/site-packages/airflow/example_dags/example_sensors.py
[2024-07-06T16:24:20.960+0700] {processor.py:830} INFO - Processing file /home/acer/.local/share/virtualenvs/custom_airflow-E5ZHcY_K/lib/python3.12/site-packages/airflow/example_dags/example_sensors.py for tasks to queue
[2024-07-06T16:24:20.964+0700] {logging_mixin.py:188} INFO - [2024-07-06T16:24:20.963+0700] {dagbag.py:545} INFO - Filling up the DagBag from /home/acer/.local/share/virtualenvs/custom_airflow-E5ZHcY_K/lib/python3.12/site-packages/airflow/example_dags/example_sensors.py
[2024-07-06T16:24:20.995+0700] {processor.py:840} INFO - DAG(s) 'example_sensors' retrieved from /home/acer/.local/share/virtualenvs/custom_airflow-E5ZHcY_K/lib/python3.12/site-packages/airflow/example_dags/example_sensors.py
[2024-07-06T16:24:21.044+0700] {logging_mixin.py:188} INFO - [2024-07-06T16:24:21.044+0700] {dag.py:3096} INFO - Sync 1 DAGs
[2024-07-06T16:24:21.057+0700] {logging_mixin.py:188} INFO - [2024-07-06T16:24:21.057+0700] {dag.py:3954} INFO - Setting next_dagrun for example_sensors to None, run_after=None
[2024-07-06T16:24:21.078+0700] {processor.py:183} INFO - Processing /home/acer/.local/share/virtualenvs/custom_airflow-E5ZHcY_K/lib/python3.12/site-packages/airflow/example_dags/example_sensors.py took 0.132 seconds
[2024-07-06T16:25:16.575+0700] {processor.py:161} INFO - Started process (PID=59573) to work on /home/acer/.local/share/virtualenvs/custom_airflow-E5ZHcY_K/lib/python3.12/site-packages/airflow/example_dags/example_sensors.py
[2024-07-06T16:25:16.576+0700] {processor.py:830} INFO - Processing file /home/acer/.local/share/virtualenvs/custom_airflow-E5ZHcY_K/lib/python3.12/site-packages/airflow/example_dags/example_sensors.py for tasks to queue
[2024-07-06T16:25:16.579+0700] {logging_mixin.py:188} INFO - [2024-07-06T16:25:16.578+0700] {dagbag.py:545} INFO - Filling up the DagBag from /home/acer/.local/share/virtualenvs/custom_airflow-E5ZHcY_K/lib/python3.12/site-packages/airflow/example_dags/example_sensors.py
[2024-07-06T16:25:16.589+0700] {processor.py:840} INFO - DAG(s) 'example_sensors' retrieved from /home/acer/.local/share/virtualenvs/custom_airflow-E5ZHcY_K/lib/python3.12/site-packages/airflow/example_dags/example_sensors.py
[2024-07-06T16:25:16.621+0700] {logging_mixin.py:188} INFO - [2024-07-06T16:25:16.620+0700] {dag.py:3096} INFO - Sync 1 DAGs
[2024-07-06T16:25:16.640+0700] {logging_mixin.py:188} INFO - [2024-07-06T16:25:16.640+0700] {dag.py:3954} INFO - Setting next_dagrun for example_sensors to None, run_after=None
[2024-07-06T16:25:16.670+0700] {processor.py:183} INFO - Processing /home/acer/.local/share/virtualenvs/custom_airflow-E5ZHcY_K/lib/python3.12/site-packages/airflow/example_dags/example_sensors.py took 0.103 seconds
[2024-07-06T16:26:13.179+0700] {processor.py:161} INFO - Started process (PID=60038) to work on /home/acer/.local/share/virtualenvs/custom_airflow-E5ZHcY_K/lib/python3.12/site-packages/airflow/example_dags/example_sensors.py
[2024-07-06T16:26:13.180+0700] {processor.py:830} INFO - Processing file /home/acer/.local/share/virtualenvs/custom_airflow-E5ZHcY_K/lib/python3.12/site-packages/airflow/example_dags/example_sensors.py for tasks to queue
[2024-07-06T16:26:13.182+0700] {logging_mixin.py:188} INFO - [2024-07-06T16:26:13.182+0700] {dagbag.py:545} INFO - Filling up the DagBag from /home/acer/.local/share/virtualenvs/custom_airflow-E5ZHcY_K/lib/python3.12/site-packages/airflow/example_dags/example_sensors.py
[2024-07-06T16:26:13.192+0700] {processor.py:840} INFO - DAG(s) 'example_sensors' retrieved from /home/acer/.local/share/virtualenvs/custom_airflow-E5ZHcY_K/lib/python3.12/site-packages/airflow/example_dags/example_sensors.py
[2024-07-06T16:26:13.215+0700] {logging_mixin.py:188} INFO - [2024-07-06T16:26:13.215+0700] {dag.py:3096} INFO - Sync 1 DAGs
[2024-07-06T16:26:13.228+0700] {logging_mixin.py:188} INFO - [2024-07-06T16:26:13.227+0700] {dag.py:3954} INFO - Setting next_dagrun for example_sensors to None, run_after=None
[2024-07-06T16:26:13.249+0700] {processor.py:183} INFO - Processing /home/acer/.local/share/virtualenvs/custom_airflow-E5ZHcY_K/lib/python3.12/site-packages/airflow/example_dags/example_sensors.py took 0.075 seconds
[2024-07-06T16:27:02.473+0700] {processor.py:161} INFO - Started process (PID=60294) to work on /home/acer/.local/share/virtualenvs/custom_airflow-E5ZHcY_K/lib/python3.12/site-packages/airflow/example_dags/example_sensors.py
[2024-07-06T16:27:02.475+0700] {processor.py:830} INFO - Processing file /home/acer/.local/share/virtualenvs/custom_airflow-E5ZHcY_K/lib/python3.12/site-packages/airflow/example_dags/example_sensors.py for tasks to queue
[2024-07-06T16:27:02.479+0700] {logging_mixin.py:188} INFO - [2024-07-06T16:27:02.478+0700] {dagbag.py:545} INFO - Filling up the DagBag from /home/acer/.local/share/virtualenvs/custom_airflow-E5ZHcY_K/lib/python3.12/site-packages/airflow/example_dags/example_sensors.py
[2024-07-06T16:27:02.497+0700] {processor.py:840} INFO - DAG(s) 'example_sensors' retrieved from /home/acer/.local/share/virtualenvs/custom_airflow-E5ZHcY_K/lib/python3.12/site-packages/airflow/example_dags/example_sensors.py
[2024-07-06T16:27:02.519+0700] {logging_mixin.py:188} INFO - [2024-07-06T16:27:02.519+0700] {dag.py:3096} INFO - Sync 1 DAGs
[2024-07-06T16:27:02.531+0700] {logging_mixin.py:188} INFO - [2024-07-06T16:27:02.531+0700] {dag.py:3954} INFO - Setting next_dagrun for example_sensors to None, run_after=None
[2024-07-06T16:27:02.552+0700] {processor.py:183} INFO - Processing /home/acer/.local/share/virtualenvs/custom_airflow-E5ZHcY_K/lib/python3.12/site-packages/airflow/example_dags/example_sensors.py took 0.098 seconds
[2024-07-06T16:27:52.396+0700] {processor.py:161} INFO - Started process (PID=60548) to work on /home/acer/.local/share/virtualenvs/custom_airflow-E5ZHcY_K/lib/python3.12/site-packages/airflow/example_dags/example_sensors.py
[2024-07-06T16:27:52.397+0700] {processor.py:830} INFO - Processing file /home/acer/.local/share/virtualenvs/custom_airflow-E5ZHcY_K/lib/python3.12/site-packages/airflow/example_dags/example_sensors.py for tasks to queue
[2024-07-06T16:27:52.399+0700] {logging_mixin.py:188} INFO - [2024-07-06T16:27:52.399+0700] {dagbag.py:545} INFO - Filling up the DagBag from /home/acer/.local/share/virtualenvs/custom_airflow-E5ZHcY_K/lib/python3.12/site-packages/airflow/example_dags/example_sensors.py
[2024-07-06T16:27:52.409+0700] {processor.py:840} INFO - DAG(s) 'example_sensors' retrieved from /home/acer/.local/share/virtualenvs/custom_airflow-E5ZHcY_K/lib/python3.12/site-packages/airflow/example_dags/example_sensors.py
[2024-07-06T16:27:52.432+0700] {logging_mixin.py:188} INFO - [2024-07-06T16:27:52.431+0700] {dag.py:3096} INFO - Sync 1 DAGs
[2024-07-06T16:27:52.444+0700] {logging_mixin.py:188} INFO - [2024-07-06T16:27:52.444+0700] {dag.py:3954} INFO - Setting next_dagrun for example_sensors to None, run_after=None
[2024-07-06T16:27:52.465+0700] {processor.py:183} INFO - Processing /home/acer/.local/share/virtualenvs/custom_airflow-E5ZHcY_K/lib/python3.12/site-packages/airflow/example_dags/example_sensors.py took 0.074 seconds
[2024-07-06T16:28:37.754+0700] {processor.py:161} INFO - Started process (PID=60774) to work on /home/acer/.local/share/virtualenvs/custom_airflow-E5ZHcY_K/lib/python3.12/site-packages/airflow/example_dags/example_sensors.py
[2024-07-06T16:28:37.755+0700] {processor.py:830} INFO - Processing file /home/acer/.local/share/virtualenvs/custom_airflow-E5ZHcY_K/lib/python3.12/site-packages/airflow/example_dags/example_sensors.py for tasks to queue
[2024-07-06T16:28:37.757+0700] {logging_mixin.py:188} INFO - [2024-07-06T16:28:37.757+0700] {dagbag.py:545} INFO - Filling up the DagBag from /home/acer/.local/share/virtualenvs/custom_airflow-E5ZHcY_K/lib/python3.12/site-packages/airflow/example_dags/example_sensors.py
[2024-07-06T16:28:37.767+0700] {processor.py:840} INFO - DAG(s) 'example_sensors' retrieved from /home/acer/.local/share/virtualenvs/custom_airflow-E5ZHcY_K/lib/python3.12/site-packages/airflow/example_dags/example_sensors.py
[2024-07-06T16:28:37.789+0700] {logging_mixin.py:188} INFO - [2024-07-06T16:28:37.788+0700] {dag.py:3096} INFO - Sync 1 DAGs
[2024-07-06T16:28:37.801+0700] {logging_mixin.py:188} INFO - [2024-07-06T16:28:37.800+0700] {dag.py:3954} INFO - Setting next_dagrun for example_sensors to None, run_after=None
[2024-07-06T16:28:37.822+0700] {processor.py:183} INFO - Processing /home/acer/.local/share/virtualenvs/custom_airflow-E5ZHcY_K/lib/python3.12/site-packages/airflow/example_dags/example_sensors.py took 0.073 seconds
[2024-07-06T16:29:25.862+0700] {processor.py:161} INFO - Started process (PID=61020) to work on /home/acer/.local/share/virtualenvs/custom_airflow-E5ZHcY_K/lib/python3.12/site-packages/airflow/example_dags/example_sensors.py
[2024-07-06T16:29:25.863+0700] {processor.py:830} INFO - Processing file /home/acer/.local/share/virtualenvs/custom_airflow-E5ZHcY_K/lib/python3.12/site-packages/airflow/example_dags/example_sensors.py for tasks to queue
[2024-07-06T16:29:25.867+0700] {logging_mixin.py:188} INFO - [2024-07-06T16:29:25.866+0700] {dagbag.py:545} INFO - Filling up the DagBag from /home/acer/.local/share/virtualenvs/custom_airflow-E5ZHcY_K/lib/python3.12/site-packages/airflow/example_dags/example_sensors.py
[2024-07-06T16:29:25.880+0700] {processor.py:840} INFO - DAG(s) 'example_sensors' retrieved from /home/acer/.local/share/virtualenvs/custom_airflow-E5ZHcY_K/lib/python3.12/site-packages/airflow/example_dags/example_sensors.py
[2024-07-06T16:29:25.902+0700] {logging_mixin.py:188} INFO - [2024-07-06T16:29:25.902+0700] {dag.py:3096} INFO - Sync 1 DAGs
[2024-07-06T16:29:25.914+0700] {logging_mixin.py:188} INFO - [2024-07-06T16:29:25.914+0700] {dag.py:3954} INFO - Setting next_dagrun for example_sensors to None, run_after=None
[2024-07-06T16:29:25.935+0700] {processor.py:183} INFO - Processing /home/acer/.local/share/virtualenvs/custom_airflow-E5ZHcY_K/lib/python3.12/site-packages/airflow/example_dags/example_sensors.py took 0.083 seconds
[2024-07-06T16:30:12.408+0700] {processor.py:161} INFO - Started process (PID=61245) to work on /home/acer/.local/share/virtualenvs/custom_airflow-E5ZHcY_K/lib/python3.12/site-packages/airflow/example_dags/example_sensors.py
[2024-07-06T16:30:12.408+0700] {processor.py:830} INFO - Processing file /home/acer/.local/share/virtualenvs/custom_airflow-E5ZHcY_K/lib/python3.12/site-packages/airflow/example_dags/example_sensors.py for tasks to queue
[2024-07-06T16:30:12.410+0700] {logging_mixin.py:188} INFO - [2024-07-06T16:30:12.410+0700] {dagbag.py:545} INFO - Filling up the DagBag from /home/acer/.local/share/virtualenvs/custom_airflow-E5ZHcY_K/lib/python3.12/site-packages/airflow/example_dags/example_sensors.py
[2024-07-06T16:30:12.419+0700] {processor.py:840} INFO - DAG(s) 'example_sensors' retrieved from /home/acer/.local/share/virtualenvs/custom_airflow-E5ZHcY_K/lib/python3.12/site-packages/airflow/example_dags/example_sensors.py
[2024-07-06T16:30:12.441+0700] {logging_mixin.py:188} INFO - [2024-07-06T16:30:12.441+0700] {dag.py:3096} INFO - Sync 1 DAGs
[2024-07-06T16:30:12.453+0700] {logging_mixin.py:188} INFO - [2024-07-06T16:30:12.453+0700] {dag.py:3954} INFO - Setting next_dagrun for example_sensors to None, run_after=None
[2024-07-06T16:30:12.474+0700] {processor.py:183} INFO - Processing /home/acer/.local/share/virtualenvs/custom_airflow-E5ZHcY_K/lib/python3.12/site-packages/airflow/example_dags/example_sensors.py took 0.072 seconds
[2024-07-06T16:30:57.091+0700] {processor.py:161} INFO - Started process (PID=61510) to work on /home/acer/.local/share/virtualenvs/custom_airflow-E5ZHcY_K/lib/python3.12/site-packages/airflow/example_dags/example_sensors.py
[2024-07-06T16:30:57.093+0700] {processor.py:830} INFO - Processing file /home/acer/.local/share/virtualenvs/custom_airflow-E5ZHcY_K/lib/python3.12/site-packages/airflow/example_dags/example_sensors.py for tasks to queue
[2024-07-06T16:30:57.097+0700] {logging_mixin.py:188} INFO - [2024-07-06T16:30:57.096+0700] {dagbag.py:545} INFO - Filling up the DagBag from /home/acer/.local/share/virtualenvs/custom_airflow-E5ZHcY_K/lib/python3.12/site-packages/airflow/example_dags/example_sensors.py
[2024-07-06T16:30:57.111+0700] {processor.py:840} INFO - DAG(s) 'example_sensors' retrieved from /home/acer/.local/share/virtualenvs/custom_airflow-E5ZHcY_K/lib/python3.12/site-packages/airflow/example_dags/example_sensors.py
[2024-07-06T16:30:57.134+0700] {logging_mixin.py:188} INFO - [2024-07-06T16:30:57.134+0700] {dag.py:3096} INFO - Sync 1 DAGs
[2024-07-06T16:30:57.146+0700] {logging_mixin.py:188} INFO - [2024-07-06T16:30:57.146+0700] {dag.py:3954} INFO - Setting next_dagrun for example_sensors to None, run_after=None
[2024-07-06T16:30:57.167+0700] {processor.py:183} INFO - Processing /home/acer/.local/share/virtualenvs/custom_airflow-E5ZHcY_K/lib/python3.12/site-packages/airflow/example_dags/example_sensors.py took 0.089 seconds
[2024-07-06T16:31:41.958+0700] {processor.py:161} INFO - Started process (PID=61726) to work on /home/acer/.local/share/virtualenvs/custom_airflow-E5ZHcY_K/lib/python3.12/site-packages/airflow/example_dags/example_sensors.py
[2024-07-06T16:31:41.960+0700] {processor.py:830} INFO - Processing file /home/acer/.local/share/virtualenvs/custom_airflow-E5ZHcY_K/lib/python3.12/site-packages/airflow/example_dags/example_sensors.py for tasks to queue
[2024-07-06T16:31:41.964+0700] {logging_mixin.py:188} INFO - [2024-07-06T16:31:41.963+0700] {dagbag.py:545} INFO - Filling up the DagBag from /home/acer/.local/share/virtualenvs/custom_airflow-E5ZHcY_K/lib/python3.12/site-packages/airflow/example_dags/example_sensors.py
[2024-07-06T16:31:41.980+0700] {processor.py:840} INFO - DAG(s) 'example_sensors' retrieved from /home/acer/.local/share/virtualenvs/custom_airflow-E5ZHcY_K/lib/python3.12/site-packages/airflow/example_dags/example_sensors.py
[2024-07-06T16:31:42.003+0700] {logging_mixin.py:188} INFO - [2024-07-06T16:31:42.003+0700] {dag.py:3096} INFO - Sync 1 DAGs
[2024-07-06T16:31:42.015+0700] {logging_mixin.py:188} INFO - [2024-07-06T16:31:42.015+0700] {dag.py:3954} INFO - Setting next_dagrun for example_sensors to None, run_after=None
[2024-07-06T16:31:42.036+0700] {processor.py:183} INFO - Processing /home/acer/.local/share/virtualenvs/custom_airflow-E5ZHcY_K/lib/python3.12/site-packages/airflow/example_dags/example_sensors.py took 0.091 seconds
[2024-07-06T16:32:29.289+0700] {processor.py:161} INFO - Started process (PID=61968) to work on /home/acer/.local/share/virtualenvs/custom_airflow-E5ZHcY_K/lib/python3.12/site-packages/airflow/example_dags/example_sensors.py
[2024-07-06T16:32:29.290+0700] {processor.py:830} INFO - Processing file /home/acer/.local/share/virtualenvs/custom_airflow-E5ZHcY_K/lib/python3.12/site-packages/airflow/example_dags/example_sensors.py for tasks to queue
[2024-07-06T16:32:29.292+0700] {logging_mixin.py:188} INFO - [2024-07-06T16:32:29.291+0700] {dagbag.py:545} INFO - Filling up the DagBag from /home/acer/.local/share/virtualenvs/custom_airflow-E5ZHcY_K/lib/python3.12/site-packages/airflow/example_dags/example_sensors.py
[2024-07-06T16:32:29.302+0700] {processor.py:840} INFO - DAG(s) 'example_sensors' retrieved from /home/acer/.local/share/virtualenvs/custom_airflow-E5ZHcY_K/lib/python3.12/site-packages/airflow/example_dags/example_sensors.py
[2024-07-06T16:32:29.326+0700] {logging_mixin.py:188} INFO - [2024-07-06T16:32:29.326+0700] {dag.py:3096} INFO - Sync 1 DAGs
[2024-07-06T16:32:29.338+0700] {logging_mixin.py:188} INFO - [2024-07-06T16:32:29.338+0700] {dag.py:3954} INFO - Setting next_dagrun for example_sensors to None, run_after=None
[2024-07-06T16:32:29.359+0700] {processor.py:183} INFO - Processing /home/acer/.local/share/virtualenvs/custom_airflow-E5ZHcY_K/lib/python3.12/site-packages/airflow/example_dags/example_sensors.py took 0.076 seconds
[2024-07-06T16:33:18.941+0700] {processor.py:161} INFO - Started process (PID=62228) to work on /home/acer/.local/share/virtualenvs/custom_airflow-E5ZHcY_K/lib/python3.12/site-packages/airflow/example_dags/example_sensors.py
[2024-07-06T16:33:18.943+0700] {processor.py:830} INFO - Processing file /home/acer/.local/share/virtualenvs/custom_airflow-E5ZHcY_K/lib/python3.12/site-packages/airflow/example_dags/example_sensors.py for tasks to queue
[2024-07-06T16:33:18.948+0700] {logging_mixin.py:188} INFO - [2024-07-06T16:33:18.947+0700] {dagbag.py:545} INFO - Filling up the DagBag from /home/acer/.local/share/virtualenvs/custom_airflow-E5ZHcY_K/lib/python3.12/site-packages/airflow/example_dags/example_sensors.py
[2024-07-06T16:33:18.964+0700] {processor.py:840} INFO - DAG(s) 'example_sensors' retrieved from /home/acer/.local/share/virtualenvs/custom_airflow-E5ZHcY_K/lib/python3.12/site-packages/airflow/example_dags/example_sensors.py
[2024-07-06T16:33:18.987+0700] {logging_mixin.py:188} INFO - [2024-07-06T16:33:18.987+0700] {dag.py:3096} INFO - Sync 1 DAGs
[2024-07-06T16:33:18.999+0700] {logging_mixin.py:188} INFO - [2024-07-06T16:33:18.998+0700] {dag.py:3954} INFO - Setting next_dagrun for example_sensors to None, run_after=None
[2024-07-06T16:33:19.020+0700] {processor.py:183} INFO - Processing /home/acer/.local/share/virtualenvs/custom_airflow-E5ZHcY_K/lib/python3.12/site-packages/airflow/example_dags/example_sensors.py took 0.091 seconds
[2024-07-06T16:34:05.493+0700] {processor.py:161} INFO - Started process (PID=62454) to work on /home/acer/.local/share/virtualenvs/custom_airflow-E5ZHcY_K/lib/python3.12/site-packages/airflow/example_dags/example_sensors.py
[2024-07-06T16:34:05.494+0700] {processor.py:830} INFO - Processing file /home/acer/.local/share/virtualenvs/custom_airflow-E5ZHcY_K/lib/python3.12/site-packages/airflow/example_dags/example_sensors.py for tasks to queue
[2024-07-06T16:34:05.496+0700] {logging_mixin.py:188} INFO - [2024-07-06T16:34:05.496+0700] {dagbag.py:545} INFO - Filling up the DagBag from /home/acer/.local/share/virtualenvs/custom_airflow-E5ZHcY_K/lib/python3.12/site-packages/airflow/example_dags/example_sensors.py
[2024-07-06T16:34:05.505+0700] {processor.py:840} INFO - DAG(s) 'example_sensors' retrieved from /home/acer/.local/share/virtualenvs/custom_airflow-E5ZHcY_K/lib/python3.12/site-packages/airflow/example_dags/example_sensors.py
[2024-07-06T16:34:05.528+0700] {logging_mixin.py:188} INFO - [2024-07-06T16:34:05.528+0700] {dag.py:3096} INFO - Sync 1 DAGs
[2024-07-06T16:34:05.543+0700] {logging_mixin.py:188} INFO - [2024-07-06T16:34:05.543+0700] {dag.py:3954} INFO - Setting next_dagrun for example_sensors to None, run_after=None
[2024-07-06T16:34:05.564+0700] {processor.py:183} INFO - Processing /home/acer/.local/share/virtualenvs/custom_airflow-E5ZHcY_K/lib/python3.12/site-packages/airflow/example_dags/example_sensors.py took 0.076 seconds
[2024-07-06T16:34:52.284+0700] {processor.py:161} INFO - Started process (PID=62687) to work on /home/acer/.local/share/virtualenvs/custom_airflow-E5ZHcY_K/lib/python3.12/site-packages/airflow/example_dags/example_sensors.py
[2024-07-06T16:34:52.285+0700] {processor.py:830} INFO - Processing file /home/acer/.local/share/virtualenvs/custom_airflow-E5ZHcY_K/lib/python3.12/site-packages/airflow/example_dags/example_sensors.py for tasks to queue
[2024-07-06T16:34:52.286+0700] {logging_mixin.py:188} INFO - [2024-07-06T16:34:52.286+0700] {dagbag.py:545} INFO - Filling up the DagBag from /home/acer/.local/share/virtualenvs/custom_airflow-E5ZHcY_K/lib/python3.12/site-packages/airflow/example_dags/example_sensors.py
[2024-07-06T16:34:52.295+0700] {processor.py:840} INFO - DAG(s) 'example_sensors' retrieved from /home/acer/.local/share/virtualenvs/custom_airflow-E5ZHcY_K/lib/python3.12/site-packages/airflow/example_dags/example_sensors.py
[2024-07-06T16:34:52.317+0700] {logging_mixin.py:188} INFO - [2024-07-06T16:34:52.317+0700] {dag.py:3096} INFO - Sync 1 DAGs
[2024-07-06T16:34:52.329+0700] {logging_mixin.py:188} INFO - [2024-07-06T16:34:52.329+0700] {dag.py:3954} INFO - Setting next_dagrun for example_sensors to None, run_after=None
[2024-07-06T16:34:52.351+0700] {processor.py:183} INFO - Processing /home/acer/.local/share/virtualenvs/custom_airflow-E5ZHcY_K/lib/python3.12/site-packages/airflow/example_dags/example_sensors.py took 0.072 seconds
[2024-07-06T16:35:41.899+0700] {processor.py:161} INFO - Started process (PID=62967) to work on /home/acer/.local/share/virtualenvs/custom_airflow-E5ZHcY_K/lib/python3.12/site-packages/airflow/example_dags/example_sensors.py
[2024-07-06T16:35:41.900+0700] {processor.py:830} INFO - Processing file /home/acer/.local/share/virtualenvs/custom_airflow-E5ZHcY_K/lib/python3.12/site-packages/airflow/example_dags/example_sensors.py for tasks to queue
[2024-07-06T16:35:41.902+0700] {logging_mixin.py:188} INFO - [2024-07-06T16:35:41.902+0700] {dagbag.py:545} INFO - Filling up the DagBag from /home/acer/.local/share/virtualenvs/custom_airflow-E5ZHcY_K/lib/python3.12/site-packages/airflow/example_dags/example_sensors.py
[2024-07-06T16:35:41.911+0700] {processor.py:840} INFO - DAG(s) 'example_sensors' retrieved from /home/acer/.local/share/virtualenvs/custom_airflow-E5ZHcY_K/lib/python3.12/site-packages/airflow/example_dags/example_sensors.py
[2024-07-06T16:35:41.933+0700] {logging_mixin.py:188} INFO - [2024-07-06T16:35:41.932+0700] {dag.py:3096} INFO - Sync 1 DAGs
[2024-07-06T16:35:41.945+0700] {logging_mixin.py:188} INFO - [2024-07-06T16:35:41.944+0700] {dag.py:3954} INFO - Setting next_dagrun for example_sensors to None, run_after=None
[2024-07-06T16:35:41.965+0700] {processor.py:183} INFO - Processing /home/acer/.local/share/virtualenvs/custom_airflow-E5ZHcY_K/lib/python3.12/site-packages/airflow/example_dags/example_sensors.py took 0.071 seconds
[2024-07-06T16:36:29.728+0700] {processor.py:161} INFO - Started process (PID=63284) to work on /home/acer/.local/share/virtualenvs/custom_airflow-E5ZHcY_K/lib/python3.12/site-packages/airflow/example_dags/example_sensors.py
[2024-07-06T16:36:29.732+0700] {processor.py:830} INFO - Processing file /home/acer/.local/share/virtualenvs/custom_airflow-E5ZHcY_K/lib/python3.12/site-packages/airflow/example_dags/example_sensors.py for tasks to queue
[2024-07-06T16:36:29.736+0700] {logging_mixin.py:188} INFO - [2024-07-06T16:36:29.735+0700] {dagbag.py:545} INFO - Filling up the DagBag from /home/acer/.local/share/virtualenvs/custom_airflow-E5ZHcY_K/lib/python3.12/site-packages/airflow/example_dags/example_sensors.py
[2024-07-06T16:36:29.754+0700] {processor.py:840} INFO - DAG(s) 'example_sensors' retrieved from /home/acer/.local/share/virtualenvs/custom_airflow-E5ZHcY_K/lib/python3.12/site-packages/airflow/example_dags/example_sensors.py
[2024-07-06T16:36:29.796+0700] {logging_mixin.py:188} INFO - [2024-07-06T16:36:29.796+0700] {dag.py:3096} INFO - Sync 1 DAGs
[2024-07-06T16:36:29.811+0700] {logging_mixin.py:188} INFO - [2024-07-06T16:36:29.811+0700] {dag.py:3954} INFO - Setting next_dagrun for example_sensors to None, run_after=None
[2024-07-06T16:36:29.836+0700] {processor.py:183} INFO - Processing /home/acer/.local/share/virtualenvs/custom_airflow-E5ZHcY_K/lib/python3.12/site-packages/airflow/example_dags/example_sensors.py took 0.131 seconds
[2024-07-06T21:54:36.501+0700] {processor.py:161} INFO - Started process (PID=11969) to work on /home/acer/.local/share/virtualenvs/custom_airflow-E5ZHcY_K/lib/python3.12/site-packages/airflow/example_dags/example_sensors.py
[2024-07-06T21:54:36.503+0700] {processor.py:830} INFO - Processing file /home/acer/.local/share/virtualenvs/custom_airflow-E5ZHcY_K/lib/python3.12/site-packages/airflow/example_dags/example_sensors.py for tasks to queue
[2024-07-06T21:54:36.506+0700] {logging_mixin.py:188} INFO - [2024-07-06T21:54:36.505+0700] {dagbag.py:545} INFO - Filling up the DagBag from /home/acer/.local/share/virtualenvs/custom_airflow-E5ZHcY_K/lib/python3.12/site-packages/airflow/example_dags/example_sensors.py
[2024-07-06T21:54:36.521+0700] {processor.py:840} INFO - DAG(s) 'example_sensors' retrieved from /home/acer/.local/share/virtualenvs/custom_airflow-E5ZHcY_K/lib/python3.12/site-packages/airflow/example_dags/example_sensors.py
[2024-07-06T21:54:36.546+0700] {logging_mixin.py:188} INFO - [2024-07-06T21:54:36.546+0700] {dag.py:3096} INFO - Sync 1 DAGs
[2024-07-06T21:54:36.558+0700] {logging_mixin.py:188} INFO - [2024-07-06T21:54:36.558+0700] {dag.py:3954} INFO - Setting next_dagrun for example_sensors to None, run_after=None
[2024-07-06T21:54:36.586+0700] {processor.py:183} INFO - Processing /home/acer/.local/share/virtualenvs/custom_airflow-E5ZHcY_K/lib/python3.12/site-packages/airflow/example_dags/example_sensors.py took 0.095 seconds
[2024-07-06T21:55:33.146+0700] {processor.py:161} INFO - Started process (PID=12655) to work on /home/acer/.local/share/virtualenvs/custom_airflow-E5ZHcY_K/lib/python3.12/site-packages/airflow/example_dags/example_sensors.py
[2024-07-06T21:55:33.148+0700] {processor.py:830} INFO - Processing file /home/acer/.local/share/virtualenvs/custom_airflow-E5ZHcY_K/lib/python3.12/site-packages/airflow/example_dags/example_sensors.py for tasks to queue
[2024-07-06T21:55:33.151+0700] {logging_mixin.py:188} INFO - [2024-07-06T21:55:33.151+0700] {dagbag.py:545} INFO - Filling up the DagBag from /home/acer/.local/share/virtualenvs/custom_airflow-E5ZHcY_K/lib/python3.12/site-packages/airflow/example_dags/example_sensors.py
[2024-07-06T21:55:33.167+0700] {processor.py:840} INFO - DAG(s) 'example_sensors' retrieved from /home/acer/.local/share/virtualenvs/custom_airflow-E5ZHcY_K/lib/python3.12/site-packages/airflow/example_dags/example_sensors.py
[2024-07-06T21:55:33.189+0700] {logging_mixin.py:188} INFO - [2024-07-06T21:55:33.189+0700] {dag.py:3096} INFO - Sync 1 DAGs
[2024-07-06T21:55:33.201+0700] {logging_mixin.py:188} INFO - [2024-07-06T21:55:33.201+0700] {dag.py:3954} INFO - Setting next_dagrun for example_sensors to None, run_after=None
[2024-07-06T21:55:33.222+0700] {processor.py:183} INFO - Processing /home/acer/.local/share/virtualenvs/custom_airflow-E5ZHcY_K/lib/python3.12/site-packages/airflow/example_dags/example_sensors.py took 0.089 seconds
[2024-07-06T21:56:27.179+0700] {processor.py:161} INFO - Started process (PID=13167) to work on /home/acer/.local/share/virtualenvs/custom_airflow-E5ZHcY_K/lib/python3.12/site-packages/airflow/example_dags/example_sensors.py
[2024-07-06T21:56:27.181+0700] {processor.py:830} INFO - Processing file /home/acer/.local/share/virtualenvs/custom_airflow-E5ZHcY_K/lib/python3.12/site-packages/airflow/example_dags/example_sensors.py for tasks to queue
[2024-07-06T21:56:27.184+0700] {logging_mixin.py:188} INFO - [2024-07-06T21:56:27.184+0700] {dagbag.py:545} INFO - Filling up the DagBag from /home/acer/.local/share/virtualenvs/custom_airflow-E5ZHcY_K/lib/python3.12/site-packages/airflow/example_dags/example_sensors.py
[2024-07-06T21:56:27.202+0700] {processor.py:840} INFO - DAG(s) 'example_sensors' retrieved from /home/acer/.local/share/virtualenvs/custom_airflow-E5ZHcY_K/lib/python3.12/site-packages/airflow/example_dags/example_sensors.py
[2024-07-06T21:56:27.238+0700] {logging_mixin.py:188} INFO - [2024-07-06T21:56:27.238+0700] {dag.py:3096} INFO - Sync 1 DAGs
[2024-07-06T21:56:27.261+0700] {logging_mixin.py:188} INFO - [2024-07-06T21:56:27.260+0700] {dag.py:3954} INFO - Setting next_dagrun for example_sensors to None, run_after=None
[2024-07-06T21:56:27.304+0700] {processor.py:183} INFO - Processing /home/acer/.local/share/virtualenvs/custom_airflow-E5ZHcY_K/lib/python3.12/site-packages/airflow/example_dags/example_sensors.py took 0.134 seconds
[2024-07-06T21:57:18.245+0700] {processor.py:161} INFO - Started process (PID=13750) to work on /home/acer/.local/share/virtualenvs/custom_airflow-E5ZHcY_K/lib/python3.12/site-packages/airflow/example_dags/example_sensors.py
[2024-07-06T21:57:18.246+0700] {processor.py:830} INFO - Processing file /home/acer/.local/share/virtualenvs/custom_airflow-E5ZHcY_K/lib/python3.12/site-packages/airflow/example_dags/example_sensors.py for tasks to queue
[2024-07-06T21:57:18.248+0700] {logging_mixin.py:188} INFO - [2024-07-06T21:57:18.248+0700] {dagbag.py:545} INFO - Filling up the DagBag from /home/acer/.local/share/virtualenvs/custom_airflow-E5ZHcY_K/lib/python3.12/site-packages/airflow/example_dags/example_sensors.py
[2024-07-06T21:57:18.257+0700] {processor.py:840} INFO - DAG(s) 'example_sensors' retrieved from /home/acer/.local/share/virtualenvs/custom_airflow-E5ZHcY_K/lib/python3.12/site-packages/airflow/example_dags/example_sensors.py
[2024-07-06T21:57:18.281+0700] {logging_mixin.py:188} INFO - [2024-07-06T21:57:18.281+0700] {dag.py:3096} INFO - Sync 1 DAGs
[2024-07-06T21:57:18.295+0700] {logging_mixin.py:188} INFO - [2024-07-06T21:57:18.294+0700] {dag.py:3954} INFO - Setting next_dagrun for example_sensors to None, run_after=None
[2024-07-06T21:57:18.324+0700] {processor.py:183} INFO - Processing /home/acer/.local/share/virtualenvs/custom_airflow-E5ZHcY_K/lib/python3.12/site-packages/airflow/example_dags/example_sensors.py took 0.087 seconds
[2024-07-06T21:58:11.897+0700] {processor.py:161} INFO - Started process (PID=14130) to work on /home/acer/.local/share/virtualenvs/custom_airflow-E5ZHcY_K/lib/python3.12/site-packages/airflow/example_dags/example_sensors.py
[2024-07-06T21:58:11.899+0700] {processor.py:830} INFO - Processing file /home/acer/.local/share/virtualenvs/custom_airflow-E5ZHcY_K/lib/python3.12/site-packages/airflow/example_dags/example_sensors.py for tasks to queue
[2024-07-06T21:58:11.904+0700] {logging_mixin.py:188} INFO - [2024-07-06T21:58:11.903+0700] {dagbag.py:545} INFO - Filling up the DagBag from /home/acer/.local/share/virtualenvs/custom_airflow-E5ZHcY_K/lib/python3.12/site-packages/airflow/example_dags/example_sensors.py
[2024-07-06T21:58:11.917+0700] {processor.py:840} INFO - DAG(s) 'example_sensors' retrieved from /home/acer/.local/share/virtualenvs/custom_airflow-E5ZHcY_K/lib/python3.12/site-packages/airflow/example_dags/example_sensors.py
[2024-07-06T21:58:11.939+0700] {logging_mixin.py:188} INFO - [2024-07-06T21:58:11.939+0700] {dag.py:3096} INFO - Sync 1 DAGs
[2024-07-06T21:58:11.951+0700] {logging_mixin.py:188} INFO - [2024-07-06T21:58:11.951+0700] {dag.py:3954} INFO - Setting next_dagrun for example_sensors to None, run_after=None
[2024-07-06T21:58:11.973+0700] {processor.py:183} INFO - Processing /home/acer/.local/share/virtualenvs/custom_airflow-E5ZHcY_K/lib/python3.12/site-packages/airflow/example_dags/example_sensors.py took 0.094 seconds
[2024-07-06T21:59:04.117+0700] {processor.py:161} INFO - Started process (PID=14369) to work on /home/acer/.local/share/virtualenvs/custom_airflow-E5ZHcY_K/lib/python3.12/site-packages/airflow/example_dags/example_sensors.py
[2024-07-06T21:59:04.120+0700] {processor.py:830} INFO - Processing file /home/acer/.local/share/virtualenvs/custom_airflow-E5ZHcY_K/lib/python3.12/site-packages/airflow/example_dags/example_sensors.py for tasks to queue
[2024-07-06T21:59:04.124+0700] {logging_mixin.py:188} INFO - [2024-07-06T21:59:04.123+0700] {dagbag.py:545} INFO - Filling up the DagBag from /home/acer/.local/share/virtualenvs/custom_airflow-E5ZHcY_K/lib/python3.12/site-packages/airflow/example_dags/example_sensors.py
[2024-07-06T21:59:04.139+0700] {processor.py:840} INFO - DAG(s) 'example_sensors' retrieved from /home/acer/.local/share/virtualenvs/custom_airflow-E5ZHcY_K/lib/python3.12/site-packages/airflow/example_dags/example_sensors.py
[2024-07-06T21:59:04.166+0700] {logging_mixin.py:188} INFO - [2024-07-06T21:59:04.165+0700] {dag.py:3096} INFO - Sync 1 DAGs
[2024-07-06T21:59:04.180+0700] {logging_mixin.py:188} INFO - [2024-07-06T21:59:04.180+0700] {dag.py:3954} INFO - Setting next_dagrun for example_sensors to None, run_after=None
[2024-07-06T21:59:04.203+0700] {processor.py:183} INFO - Processing /home/acer/.local/share/virtualenvs/custom_airflow-E5ZHcY_K/lib/python3.12/site-packages/airflow/example_dags/example_sensors.py took 0.100 seconds
[2024-07-06T21:59:53.450+0700] {processor.py:161} INFO - Started process (PID=14721) to work on /home/acer/.local/share/virtualenvs/custom_airflow-E5ZHcY_K/lib/python3.12/site-packages/airflow/example_dags/example_sensors.py
[2024-07-06T21:59:53.452+0700] {processor.py:830} INFO - Processing file /home/acer/.local/share/virtualenvs/custom_airflow-E5ZHcY_K/lib/python3.12/site-packages/airflow/example_dags/example_sensors.py for tasks to queue
[2024-07-06T21:59:53.456+0700] {logging_mixin.py:188} INFO - [2024-07-06T21:59:53.455+0700] {dagbag.py:545} INFO - Filling up the DagBag from /home/acer/.local/share/virtualenvs/custom_airflow-E5ZHcY_K/lib/python3.12/site-packages/airflow/example_dags/example_sensors.py
[2024-07-06T21:59:53.470+0700] {processor.py:840} INFO - DAG(s) 'example_sensors' retrieved from /home/acer/.local/share/virtualenvs/custom_airflow-E5ZHcY_K/lib/python3.12/site-packages/airflow/example_dags/example_sensors.py
[2024-07-06T21:59:53.492+0700] {logging_mixin.py:188} INFO - [2024-07-06T21:59:53.492+0700] {dag.py:3096} INFO - Sync 1 DAGs
[2024-07-06T21:59:53.504+0700] {logging_mixin.py:188} INFO - [2024-07-06T21:59:53.504+0700] {dag.py:3954} INFO - Setting next_dagrun for example_sensors to None, run_after=None
[2024-07-06T21:59:53.525+0700] {processor.py:183} INFO - Processing /home/acer/.local/share/virtualenvs/custom_airflow-E5ZHcY_K/lib/python3.12/site-packages/airflow/example_dags/example_sensors.py took 0.094 seconds
[2024-07-06T22:00:46.353+0700] {processor.py:161} INFO - Started process (PID=15010) to work on /home/acer/.local/share/virtualenvs/custom_airflow-E5ZHcY_K/lib/python3.12/site-packages/airflow/example_dags/example_sensors.py
[2024-07-06T22:00:46.354+0700] {processor.py:830} INFO - Processing file /home/acer/.local/share/virtualenvs/custom_airflow-E5ZHcY_K/lib/python3.12/site-packages/airflow/example_dags/example_sensors.py for tasks to queue
[2024-07-06T22:00:46.357+0700] {logging_mixin.py:188} INFO - [2024-07-06T22:00:46.356+0700] {dagbag.py:545} INFO - Filling up the DagBag from /home/acer/.local/share/virtualenvs/custom_airflow-E5ZHcY_K/lib/python3.12/site-packages/airflow/example_dags/example_sensors.py
[2024-07-06T22:00:46.371+0700] {processor.py:840} INFO - DAG(s) 'example_sensors' retrieved from /home/acer/.local/share/virtualenvs/custom_airflow-E5ZHcY_K/lib/python3.12/site-packages/airflow/example_dags/example_sensors.py
[2024-07-06T22:00:46.394+0700] {logging_mixin.py:188} INFO - [2024-07-06T22:00:46.394+0700] {dag.py:3096} INFO - Sync 1 DAGs
[2024-07-06T22:00:46.406+0700] {logging_mixin.py:188} INFO - [2024-07-06T22:00:46.406+0700] {dag.py:3954} INFO - Setting next_dagrun for example_sensors to None, run_after=None
[2024-07-06T22:00:46.428+0700] {processor.py:183} INFO - Processing /home/acer/.local/share/virtualenvs/custom_airflow-E5ZHcY_K/lib/python3.12/site-packages/airflow/example_dags/example_sensors.py took 0.082 seconds
[2024-07-06T22:02:20.115+0700] {processor.py:161} INFO - Started process (PID=16142) to work on /home/acer/.local/share/virtualenvs/custom_airflow-E5ZHcY_K/lib/python3.12/site-packages/airflow/example_dags/example_sensors.py
[2024-07-06T22:02:20.117+0700] {processor.py:830} INFO - Processing file /home/acer/.local/share/virtualenvs/custom_airflow-E5ZHcY_K/lib/python3.12/site-packages/airflow/example_dags/example_sensors.py for tasks to queue
[2024-07-06T22:02:20.119+0700] {logging_mixin.py:188} INFO - [2024-07-06T22:02:20.119+0700] {dagbag.py:545} INFO - Filling up the DagBag from /home/acer/.local/share/virtualenvs/custom_airflow-E5ZHcY_K/lib/python3.12/site-packages/airflow/example_dags/example_sensors.py
[2024-07-06T22:02:20.129+0700] {processor.py:840} INFO - DAG(s) 'example_sensors' retrieved from /home/acer/.local/share/virtualenvs/custom_airflow-E5ZHcY_K/lib/python3.12/site-packages/airflow/example_dags/example_sensors.py
[2024-07-06T22:02:20.151+0700] {logging_mixin.py:188} INFO - [2024-07-06T22:02:20.151+0700] {dag.py:3096} INFO - Sync 1 DAGs
[2024-07-06T22:02:20.163+0700] {logging_mixin.py:188} INFO - [2024-07-06T22:02:20.163+0700] {dag.py:3954} INFO - Setting next_dagrun for example_sensors to None, run_after=None
[2024-07-06T22:02:20.184+0700] {processor.py:183} INFO - Processing /home/acer/.local/share/virtualenvs/custom_airflow-E5ZHcY_K/lib/python3.12/site-packages/airflow/example_dags/example_sensors.py took 0.077 seconds
[2024-07-06T22:03:15.257+0700] {processor.py:161} INFO - Started process (PID=16426) to work on /home/acer/.local/share/virtualenvs/custom_airflow-E5ZHcY_K/lib/python3.12/site-packages/airflow/example_dags/example_sensors.py
[2024-07-06T22:03:15.258+0700] {processor.py:830} INFO - Processing file /home/acer/.local/share/virtualenvs/custom_airflow-E5ZHcY_K/lib/python3.12/site-packages/airflow/example_dags/example_sensors.py for tasks to queue
[2024-07-06T22:03:15.260+0700] {logging_mixin.py:188} INFO - [2024-07-06T22:03:15.260+0700] {dagbag.py:545} INFO - Filling up the DagBag from /home/acer/.local/share/virtualenvs/custom_airflow-E5ZHcY_K/lib/python3.12/site-packages/airflow/example_dags/example_sensors.py
[2024-07-06T22:03:15.270+0700] {processor.py:840} INFO - DAG(s) 'example_sensors' retrieved from /home/acer/.local/share/virtualenvs/custom_airflow-E5ZHcY_K/lib/python3.12/site-packages/airflow/example_dags/example_sensors.py
[2024-07-06T22:03:15.293+0700] {logging_mixin.py:188} INFO - [2024-07-06T22:03:15.293+0700] {dag.py:3096} INFO - Sync 1 DAGs
[2024-07-06T22:03:15.305+0700] {logging_mixin.py:188} INFO - [2024-07-06T22:03:15.305+0700] {dag.py:3954} INFO - Setting next_dagrun for example_sensors to None, run_after=None
[2024-07-06T22:03:15.327+0700] {processor.py:183} INFO - Processing /home/acer/.local/share/virtualenvs/custom_airflow-E5ZHcY_K/lib/python3.12/site-packages/airflow/example_dags/example_sensors.py took 0.075 seconds
[2024-07-06T22:04:06.325+0700] {processor.py:161} INFO - Started process (PID=16654) to work on /home/acer/.local/share/virtualenvs/custom_airflow-E5ZHcY_K/lib/python3.12/site-packages/airflow/example_dags/example_sensors.py
[2024-07-06T22:04:06.326+0700] {processor.py:830} INFO - Processing file /home/acer/.local/share/virtualenvs/custom_airflow-E5ZHcY_K/lib/python3.12/site-packages/airflow/example_dags/example_sensors.py for tasks to queue
[2024-07-06T22:04:06.328+0700] {logging_mixin.py:188} INFO - [2024-07-06T22:04:06.328+0700] {dagbag.py:545} INFO - Filling up the DagBag from /home/acer/.local/share/virtualenvs/custom_airflow-E5ZHcY_K/lib/python3.12/site-packages/airflow/example_dags/example_sensors.py
[2024-07-06T22:04:06.341+0700] {processor.py:840} INFO - DAG(s) 'example_sensors' retrieved from /home/acer/.local/share/virtualenvs/custom_airflow-E5ZHcY_K/lib/python3.12/site-packages/airflow/example_dags/example_sensors.py
[2024-07-06T22:04:06.369+0700] {logging_mixin.py:188} INFO - [2024-07-06T22:04:06.369+0700] {dag.py:3096} INFO - Sync 1 DAGs
[2024-07-06T22:04:06.384+0700] {logging_mixin.py:188} INFO - [2024-07-06T22:04:06.384+0700] {dag.py:3954} INFO - Setting next_dagrun for example_sensors to None, run_after=None
[2024-07-06T22:04:06.410+0700] {processor.py:183} INFO - Processing /home/acer/.local/share/virtualenvs/custom_airflow-E5ZHcY_K/lib/python3.12/site-packages/airflow/example_dags/example_sensors.py took 0.094 seconds
[2024-07-06T22:05:26.069+0700] {processor.py:161} INFO - Started process (PID=17679) to work on /home/acer/.local/share/virtualenvs/custom_airflow-E5ZHcY_K/lib/python3.12/site-packages/airflow/example_dags/example_sensors.py
[2024-07-06T22:05:26.071+0700] {processor.py:830} INFO - Processing file /home/acer/.local/share/virtualenvs/custom_airflow-E5ZHcY_K/lib/python3.12/site-packages/airflow/example_dags/example_sensors.py for tasks to queue
[2024-07-06T22:05:26.073+0700] {logging_mixin.py:188} INFO - [2024-07-06T22:05:26.073+0700] {dagbag.py:545} INFO - Filling up the DagBag from /home/acer/.local/share/virtualenvs/custom_airflow-E5ZHcY_K/lib/python3.12/site-packages/airflow/example_dags/example_sensors.py
[2024-07-06T22:05:26.083+0700] {processor.py:840} INFO - DAG(s) 'example_sensors' retrieved from /home/acer/.local/share/virtualenvs/custom_airflow-E5ZHcY_K/lib/python3.12/site-packages/airflow/example_dags/example_sensors.py
[2024-07-06T22:05:26.105+0700] {logging_mixin.py:188} INFO - [2024-07-06T22:05:26.104+0700] {dag.py:3096} INFO - Sync 1 DAGs
[2024-07-06T22:05:26.117+0700] {logging_mixin.py:188} INFO - [2024-07-06T22:05:26.116+0700] {dag.py:3954} INFO - Setting next_dagrun for example_sensors to None, run_after=None
[2024-07-06T22:05:26.138+0700] {processor.py:183} INFO - Processing /home/acer/.local/share/virtualenvs/custom_airflow-E5ZHcY_K/lib/python3.12/site-packages/airflow/example_dags/example_sensors.py took 0.076 seconds
[2024-07-06T22:06:19.746+0700] {processor.py:161} INFO - Started process (PID=17975) to work on /home/acer/.local/share/virtualenvs/custom_airflow-E5ZHcY_K/lib/python3.12/site-packages/airflow/example_dags/example_sensors.py
[2024-07-06T22:06:19.750+0700] {processor.py:830} INFO - Processing file /home/acer/.local/share/virtualenvs/custom_airflow-E5ZHcY_K/lib/python3.12/site-packages/airflow/example_dags/example_sensors.py for tasks to queue
[2024-07-06T22:06:19.756+0700] {logging_mixin.py:188} INFO - [2024-07-06T22:06:19.755+0700] {dagbag.py:545} INFO - Filling up the DagBag from /home/acer/.local/share/virtualenvs/custom_airflow-E5ZHcY_K/lib/python3.12/site-packages/airflow/example_dags/example_sensors.py
[2024-07-06T22:06:19.775+0700] {processor.py:840} INFO - DAG(s) 'example_sensors' retrieved from /home/acer/.local/share/virtualenvs/custom_airflow-E5ZHcY_K/lib/python3.12/site-packages/airflow/example_dags/example_sensors.py
[2024-07-06T22:06:19.802+0700] {logging_mixin.py:188} INFO - [2024-07-06T22:06:19.802+0700] {dag.py:3096} INFO - Sync 1 DAGs
[2024-07-06T22:06:19.814+0700] {logging_mixin.py:188} INFO - [2024-07-06T22:06:19.814+0700] {dag.py:3954} INFO - Setting next_dagrun for example_sensors to None, run_after=None
[2024-07-06T22:06:19.836+0700] {processor.py:183} INFO - Processing /home/acer/.local/share/virtualenvs/custom_airflow-E5ZHcY_K/lib/python3.12/site-packages/airflow/example_dags/example_sensors.py took 0.114 seconds
[2024-07-06T22:07:15.028+0700] {processor.py:161} INFO - Started process (PID=18436) to work on /home/acer/.local/share/virtualenvs/custom_airflow-E5ZHcY_K/lib/python3.12/site-packages/airflow/example_dags/example_sensors.py
[2024-07-06T22:07:15.030+0700] {processor.py:830} INFO - Processing file /home/acer/.local/share/virtualenvs/custom_airflow-E5ZHcY_K/lib/python3.12/site-packages/airflow/example_dags/example_sensors.py for tasks to queue
[2024-07-06T22:07:15.034+0700] {logging_mixin.py:188} INFO - [2024-07-06T22:07:15.033+0700] {dagbag.py:545} INFO - Filling up the DagBag from /home/acer/.local/share/virtualenvs/custom_airflow-E5ZHcY_K/lib/python3.12/site-packages/airflow/example_dags/example_sensors.py
[2024-07-06T22:07:15.054+0700] {processor.py:840} INFO - DAG(s) 'example_sensors' retrieved from /home/acer/.local/share/virtualenvs/custom_airflow-E5ZHcY_K/lib/python3.12/site-packages/airflow/example_dags/example_sensors.py
[2024-07-06T22:07:15.086+0700] {logging_mixin.py:188} INFO - [2024-07-06T22:07:15.085+0700] {dag.py:3096} INFO - Sync 1 DAGs
[2024-07-06T22:07:15.102+0700] {logging_mixin.py:188} INFO - [2024-07-06T22:07:15.102+0700] {dag.py:3954} INFO - Setting next_dagrun for example_sensors to None, run_after=None
[2024-07-06T22:07:15.129+0700] {processor.py:183} INFO - Processing /home/acer/.local/share/virtualenvs/custom_airflow-E5ZHcY_K/lib/python3.12/site-packages/airflow/example_dags/example_sensors.py took 0.129 seconds
[2024-07-06T22:08:11.017+0700] {processor.py:161} INFO - Started process (PID=18779) to work on /home/acer/.local/share/virtualenvs/custom_airflow-E5ZHcY_K/lib/python3.12/site-packages/airflow/example_dags/example_sensors.py
[2024-07-06T22:08:11.020+0700] {processor.py:830} INFO - Processing file /home/acer/.local/share/virtualenvs/custom_airflow-E5ZHcY_K/lib/python3.12/site-packages/airflow/example_dags/example_sensors.py for tasks to queue
[2024-07-06T22:08:11.029+0700] {logging_mixin.py:188} INFO - [2024-07-06T22:08:11.023+0700] {dagbag.py:545} INFO - Filling up the DagBag from /home/acer/.local/share/virtualenvs/custom_airflow-E5ZHcY_K/lib/python3.12/site-packages/airflow/example_dags/example_sensors.py
[2024-07-06T22:08:11.051+0700] {processor.py:840} INFO - DAG(s) 'example_sensors' retrieved from /home/acer/.local/share/virtualenvs/custom_airflow-E5ZHcY_K/lib/python3.12/site-packages/airflow/example_dags/example_sensors.py
[2024-07-06T22:08:11.090+0700] {logging_mixin.py:188} INFO - [2024-07-06T22:08:11.090+0700] {dag.py:3096} INFO - Sync 1 DAGs
[2024-07-06T22:08:11.105+0700] {logging_mixin.py:188} INFO - [2024-07-06T22:08:11.105+0700] {dag.py:3954} INFO - Setting next_dagrun for example_sensors to None, run_after=None
[2024-07-06T22:08:11.128+0700] {processor.py:183} INFO - Processing /home/acer/.local/share/virtualenvs/custom_airflow-E5ZHcY_K/lib/python3.12/site-packages/airflow/example_dags/example_sensors.py took 0.138 seconds
[2024-07-06T22:09:06.377+0700] {processor.py:161} INFO - Started process (PID=19069) to work on /home/acer/.local/share/virtualenvs/custom_airflow-E5ZHcY_K/lib/python3.12/site-packages/airflow/example_dags/example_sensors.py
[2024-07-06T22:09:06.379+0700] {processor.py:830} INFO - Processing file /home/acer/.local/share/virtualenvs/custom_airflow-E5ZHcY_K/lib/python3.12/site-packages/airflow/example_dags/example_sensors.py for tasks to queue
[2024-07-06T22:09:06.382+0700] {logging_mixin.py:188} INFO - [2024-07-06T22:09:06.381+0700] {dagbag.py:545} INFO - Filling up the DagBag from /home/acer/.local/share/virtualenvs/custom_airflow-E5ZHcY_K/lib/python3.12/site-packages/airflow/example_dags/example_sensors.py
[2024-07-06T22:09:06.395+0700] {processor.py:840} INFO - DAG(s) 'example_sensors' retrieved from /home/acer/.local/share/virtualenvs/custom_airflow-E5ZHcY_K/lib/python3.12/site-packages/airflow/example_dags/example_sensors.py
[2024-07-06T22:09:06.428+0700] {logging_mixin.py:188} INFO - [2024-07-06T22:09:06.427+0700] {dag.py:3096} INFO - Sync 1 DAGs
[2024-07-06T22:09:06.444+0700] {logging_mixin.py:188} INFO - [2024-07-06T22:09:06.444+0700] {dag.py:3954} INFO - Setting next_dagrun for example_sensors to None, run_after=None
[2024-07-06T22:09:06.473+0700] {processor.py:183} INFO - Processing /home/acer/.local/share/virtualenvs/custom_airflow-E5ZHcY_K/lib/python3.12/site-packages/airflow/example_dags/example_sensors.py took 0.103 seconds
[2024-07-06T22:10:07.441+0700] {processor.py:161} INFO - Started process (PID=19398) to work on /home/acer/.local/share/virtualenvs/custom_airflow-E5ZHcY_K/lib/python3.12/site-packages/airflow/example_dags/example_sensors.py
[2024-07-06T22:10:07.444+0700] {processor.py:830} INFO - Processing file /home/acer/.local/share/virtualenvs/custom_airflow-E5ZHcY_K/lib/python3.12/site-packages/airflow/example_dags/example_sensors.py for tasks to queue
[2024-07-06T22:10:07.446+0700] {logging_mixin.py:188} INFO - [2024-07-06T22:10:07.446+0700] {dagbag.py:545} INFO - Filling up the DagBag from /home/acer/.local/share/virtualenvs/custom_airflow-E5ZHcY_K/lib/python3.12/site-packages/airflow/example_dags/example_sensors.py
[2024-07-06T22:10:07.461+0700] {processor.py:840} INFO - DAG(s) 'example_sensors' retrieved from /home/acer/.local/share/virtualenvs/custom_airflow-E5ZHcY_K/lib/python3.12/site-packages/airflow/example_dags/example_sensors.py
[2024-07-06T22:10:07.491+0700] {logging_mixin.py:188} INFO - [2024-07-06T22:10:07.491+0700] {dag.py:3096} INFO - Sync 1 DAGs
[2024-07-06T22:10:07.511+0700] {logging_mixin.py:188} INFO - [2024-07-06T22:10:07.511+0700] {dag.py:3954} INFO - Setting next_dagrun for example_sensors to None, run_after=None
[2024-07-06T22:10:07.542+0700] {processor.py:183} INFO - Processing /home/acer/.local/share/virtualenvs/custom_airflow-E5ZHcY_K/lib/python3.12/site-packages/airflow/example_dags/example_sensors.py took 0.114 seconds
[2024-07-06T22:11:10.381+0700] {processor.py:161} INFO - Started process (PID=19788) to work on /home/acer/.local/share/virtualenvs/custom_airflow-E5ZHcY_K/lib/python3.12/site-packages/airflow/example_dags/example_sensors.py
[2024-07-06T22:11:10.383+0700] {processor.py:830} INFO - Processing file /home/acer/.local/share/virtualenvs/custom_airflow-E5ZHcY_K/lib/python3.12/site-packages/airflow/example_dags/example_sensors.py for tasks to queue
[2024-07-06T22:11:10.387+0700] {logging_mixin.py:188} INFO - [2024-07-06T22:11:10.386+0700] {dagbag.py:545} INFO - Filling up the DagBag from /home/acer/.local/share/virtualenvs/custom_airflow-E5ZHcY_K/lib/python3.12/site-packages/airflow/example_dags/example_sensors.py
[2024-07-06T22:11:10.414+0700] {processor.py:840} INFO - DAG(s) 'example_sensors' retrieved from /home/acer/.local/share/virtualenvs/custom_airflow-E5ZHcY_K/lib/python3.12/site-packages/airflow/example_dags/example_sensors.py
[2024-07-06T22:11:10.457+0700] {logging_mixin.py:188} INFO - [2024-07-06T22:11:10.457+0700] {dag.py:3096} INFO - Sync 1 DAGs
[2024-07-06T22:11:10.477+0700] {logging_mixin.py:188} INFO - [2024-07-06T22:11:10.477+0700] {dag.py:3954} INFO - Setting next_dagrun for example_sensors to None, run_after=None
[2024-07-06T22:11:10.516+0700] {processor.py:183} INFO - Processing /home/acer/.local/share/virtualenvs/custom_airflow-E5ZHcY_K/lib/python3.12/site-packages/airflow/example_dags/example_sensors.py took 0.149 seconds
[2024-07-06T22:12:11.594+0700] {processor.py:161} INFO - Started process (PID=20093) to work on /home/acer/.local/share/virtualenvs/custom_airflow-E5ZHcY_K/lib/python3.12/site-packages/airflow/example_dags/example_sensors.py
[2024-07-06T22:12:11.599+0700] {processor.py:830} INFO - Processing file /home/acer/.local/share/virtualenvs/custom_airflow-E5ZHcY_K/lib/python3.12/site-packages/airflow/example_dags/example_sensors.py for tasks to queue
[2024-07-06T22:12:11.606+0700] {logging_mixin.py:188} INFO - [2024-07-06T22:12:11.604+0700] {dagbag.py:545} INFO - Filling up the DagBag from /home/acer/.local/share/virtualenvs/custom_airflow-E5ZHcY_K/lib/python3.12/site-packages/airflow/example_dags/example_sensors.py
[2024-07-06T22:12:11.639+0700] {processor.py:840} INFO - DAG(s) 'example_sensors' retrieved from /home/acer/.local/share/virtualenvs/custom_airflow-E5ZHcY_K/lib/python3.12/site-packages/airflow/example_dags/example_sensors.py
[2024-07-06T22:12:11.682+0700] {logging_mixin.py:188} INFO - [2024-07-06T22:12:11.682+0700] {dag.py:3096} INFO - Sync 1 DAGs
[2024-07-06T22:12:11.698+0700] {logging_mixin.py:188} INFO - [2024-07-06T22:12:11.698+0700] {dag.py:3954} INFO - Setting next_dagrun for example_sensors to None, run_after=None
[2024-07-06T22:12:11.725+0700] {processor.py:183} INFO - Processing /home/acer/.local/share/virtualenvs/custom_airflow-E5ZHcY_K/lib/python3.12/site-packages/airflow/example_dags/example_sensors.py took 0.149 seconds
[2024-07-06T22:13:09.494+0700] {processor.py:161} INFO - Started process (PID=20463) to work on /home/acer/.local/share/virtualenvs/custom_airflow-E5ZHcY_K/lib/python3.12/site-packages/airflow/example_dags/example_sensors.py
[2024-07-06T22:13:09.495+0700] {processor.py:830} INFO - Processing file /home/acer/.local/share/virtualenvs/custom_airflow-E5ZHcY_K/lib/python3.12/site-packages/airflow/example_dags/example_sensors.py for tasks to queue
[2024-07-06T22:13:09.497+0700] {logging_mixin.py:188} INFO - [2024-07-06T22:13:09.497+0700] {dagbag.py:545} INFO - Filling up the DagBag from /home/acer/.local/share/virtualenvs/custom_airflow-E5ZHcY_K/lib/python3.12/site-packages/airflow/example_dags/example_sensors.py
[2024-07-06T22:13:09.514+0700] {processor.py:840} INFO - DAG(s) 'example_sensors' retrieved from /home/acer/.local/share/virtualenvs/custom_airflow-E5ZHcY_K/lib/python3.12/site-packages/airflow/example_dags/example_sensors.py
[2024-07-06T22:13:09.576+0700] {logging_mixin.py:188} INFO - [2024-07-06T22:13:09.575+0700] {dag.py:3096} INFO - Sync 1 DAGs
[2024-07-06T22:13:09.604+0700] {logging_mixin.py:188} INFO - [2024-07-06T22:13:09.603+0700] {dag.py:3954} INFO - Setting next_dagrun for example_sensors to None, run_after=None
[2024-07-06T22:13:09.646+0700] {processor.py:183} INFO - Processing /home/acer/.local/share/virtualenvs/custom_airflow-E5ZHcY_K/lib/python3.12/site-packages/airflow/example_dags/example_sensors.py took 0.159 seconds
[2024-07-06T22:14:10.935+0700] {processor.py:161} INFO - Started process (PID=20786) to work on /home/acer/.local/share/virtualenvs/custom_airflow-E5ZHcY_K/lib/python3.12/site-packages/airflow/example_dags/example_sensors.py
[2024-07-06T22:14:10.936+0700] {processor.py:830} INFO - Processing file /home/acer/.local/share/virtualenvs/custom_airflow-E5ZHcY_K/lib/python3.12/site-packages/airflow/example_dags/example_sensors.py for tasks to queue
[2024-07-06T22:14:10.938+0700] {logging_mixin.py:188} INFO - [2024-07-06T22:14:10.937+0700] {dagbag.py:545} INFO - Filling up the DagBag from /home/acer/.local/share/virtualenvs/custom_airflow-E5ZHcY_K/lib/python3.12/site-packages/airflow/example_dags/example_sensors.py
[2024-07-06T22:14:10.950+0700] {processor.py:840} INFO - DAG(s) 'example_sensors' retrieved from /home/acer/.local/share/virtualenvs/custom_airflow-E5ZHcY_K/lib/python3.12/site-packages/airflow/example_dags/example_sensors.py
[2024-07-06T22:14:10.973+0700] {logging_mixin.py:188} INFO - [2024-07-06T22:14:10.972+0700] {dag.py:3096} INFO - Sync 1 DAGs
[2024-07-06T22:14:10.985+0700] {logging_mixin.py:188} INFO - [2024-07-06T22:14:10.985+0700] {dag.py:3954} INFO - Setting next_dagrun for example_sensors to None, run_after=None
[2024-07-06T22:14:11.006+0700] {processor.py:183} INFO - Processing /home/acer/.local/share/virtualenvs/custom_airflow-E5ZHcY_K/lib/python3.12/site-packages/airflow/example_dags/example_sensors.py took 0.077 seconds
[2024-07-06T22:15:14.000+0700] {processor.py:161} INFO - Started process (PID=21163) to work on /home/acer/.local/share/virtualenvs/custom_airflow-E5ZHcY_K/lib/python3.12/site-packages/airflow/example_dags/example_sensors.py
[2024-07-06T22:15:14.007+0700] {processor.py:830} INFO - Processing file /home/acer/.local/share/virtualenvs/custom_airflow-E5ZHcY_K/lib/python3.12/site-packages/airflow/example_dags/example_sensors.py for tasks to queue
[2024-07-06T22:15:14.009+0700] {logging_mixin.py:188} INFO - [2024-07-06T22:15:14.008+0700] {dagbag.py:545} INFO - Filling up the DagBag from /home/acer/.local/share/virtualenvs/custom_airflow-E5ZHcY_K/lib/python3.12/site-packages/airflow/example_dags/example_sensors.py
[2024-07-06T22:15:14.053+0700] {processor.py:840} INFO - DAG(s) 'example_sensors' retrieved from /home/acer/.local/share/virtualenvs/custom_airflow-E5ZHcY_K/lib/python3.12/site-packages/airflow/example_dags/example_sensors.py
[2024-07-06T22:15:14.130+0700] {logging_mixin.py:188} INFO - [2024-07-06T22:15:14.130+0700] {dag.py:3096} INFO - Sync 1 DAGs
[2024-07-06T22:15:14.165+0700] {logging_mixin.py:188} INFO - [2024-07-06T22:15:14.164+0700] {dag.py:3954} INFO - Setting next_dagrun for example_sensors to None, run_after=None
[2024-07-06T22:15:14.240+0700] {processor.py:183} INFO - Processing /home/acer/.local/share/virtualenvs/custom_airflow-E5ZHcY_K/lib/python3.12/site-packages/airflow/example_dags/example_sensors.py took 0.255 seconds
[2024-07-06T22:16:13.184+0700] {processor.py:161} INFO - Started process (PID=21511) to work on /home/acer/.local/share/virtualenvs/custom_airflow-E5ZHcY_K/lib/python3.12/site-packages/airflow/example_dags/example_sensors.py
[2024-07-06T22:16:13.186+0700] {processor.py:830} INFO - Processing file /home/acer/.local/share/virtualenvs/custom_airflow-E5ZHcY_K/lib/python3.12/site-packages/airflow/example_dags/example_sensors.py for tasks to queue
[2024-07-06T22:16:13.189+0700] {logging_mixin.py:188} INFO - [2024-07-06T22:16:13.189+0700] {dagbag.py:545} INFO - Filling up the DagBag from /home/acer/.local/share/virtualenvs/custom_airflow-E5ZHcY_K/lib/python3.12/site-packages/airflow/example_dags/example_sensors.py
[2024-07-06T22:16:13.205+0700] {processor.py:840} INFO - DAG(s) 'example_sensors' retrieved from /home/acer/.local/share/virtualenvs/custom_airflow-E5ZHcY_K/lib/python3.12/site-packages/airflow/example_dags/example_sensors.py
[2024-07-06T22:16:13.237+0700] {logging_mixin.py:188} INFO - [2024-07-06T22:16:13.236+0700] {dag.py:3096} INFO - Sync 1 DAGs
[2024-07-06T22:16:13.251+0700] {logging_mixin.py:188} INFO - [2024-07-06T22:16:13.251+0700] {dag.py:3954} INFO - Setting next_dagrun for example_sensors to None, run_after=None
[2024-07-06T22:16:13.274+0700] {processor.py:183} INFO - Processing /home/acer/.local/share/virtualenvs/custom_airflow-E5ZHcY_K/lib/python3.12/site-packages/airflow/example_dags/example_sensors.py took 0.102 seconds
[2024-07-06T22:17:08.370+0700] {processor.py:161} INFO - Started process (PID=21800) to work on /home/acer/.local/share/virtualenvs/custom_airflow-E5ZHcY_K/lib/python3.12/site-packages/airflow/example_dags/example_sensors.py
[2024-07-06T22:17:08.373+0700] {processor.py:830} INFO - Processing file /home/acer/.local/share/virtualenvs/custom_airflow-E5ZHcY_K/lib/python3.12/site-packages/airflow/example_dags/example_sensors.py for tasks to queue
[2024-07-06T22:17:08.379+0700] {logging_mixin.py:188} INFO - [2024-07-06T22:17:08.378+0700] {dagbag.py:545} INFO - Filling up the DagBag from /home/acer/.local/share/virtualenvs/custom_airflow-E5ZHcY_K/lib/python3.12/site-packages/airflow/example_dags/example_sensors.py
[2024-07-06T22:17:08.411+0700] {processor.py:840} INFO - DAG(s) 'example_sensors' retrieved from /home/acer/.local/share/virtualenvs/custom_airflow-E5ZHcY_K/lib/python3.12/site-packages/airflow/example_dags/example_sensors.py
[2024-07-06T22:17:08.459+0700] {logging_mixin.py:188} INFO - [2024-07-06T22:17:08.458+0700] {dag.py:3096} INFO - Sync 1 DAGs
[2024-07-06T22:17:08.480+0700] {logging_mixin.py:188} INFO - [2024-07-06T22:17:08.479+0700] {dag.py:3954} INFO - Setting next_dagrun for example_sensors to None, run_after=None
[2024-07-06T22:17:08.527+0700] {processor.py:183} INFO - Processing /home/acer/.local/share/virtualenvs/custom_airflow-E5ZHcY_K/lib/python3.12/site-packages/airflow/example_dags/example_sensors.py took 0.177 seconds
[2024-07-06T22:18:12.274+0700] {processor.py:161} INFO - Started process (PID=22152) to work on /home/acer/.local/share/virtualenvs/custom_airflow-E5ZHcY_K/lib/python3.12/site-packages/airflow/example_dags/example_sensors.py
[2024-07-06T22:18:12.275+0700] {processor.py:830} INFO - Processing file /home/acer/.local/share/virtualenvs/custom_airflow-E5ZHcY_K/lib/python3.12/site-packages/airflow/example_dags/example_sensors.py for tasks to queue
[2024-07-06T22:18:12.277+0700] {logging_mixin.py:188} INFO - [2024-07-06T22:18:12.277+0700] {dagbag.py:545} INFO - Filling up the DagBag from /home/acer/.local/share/virtualenvs/custom_airflow-E5ZHcY_K/lib/python3.12/site-packages/airflow/example_dags/example_sensors.py
[2024-07-06T22:18:12.291+0700] {processor.py:840} INFO - DAG(s) 'example_sensors' retrieved from /home/acer/.local/share/virtualenvs/custom_airflow-E5ZHcY_K/lib/python3.12/site-packages/airflow/example_dags/example_sensors.py
[2024-07-06T22:18:12.327+0700] {logging_mixin.py:188} INFO - [2024-07-06T22:18:12.327+0700] {dag.py:3096} INFO - Sync 1 DAGs
[2024-07-06T22:18:12.349+0700] {logging_mixin.py:188} INFO - [2024-07-06T22:18:12.349+0700] {dag.py:3954} INFO - Setting next_dagrun for example_sensors to None, run_after=None
[2024-07-06T22:18:12.381+0700] {processor.py:183} INFO - Processing /home/acer/.local/share/virtualenvs/custom_airflow-E5ZHcY_K/lib/python3.12/site-packages/airflow/example_dags/example_sensors.py took 0.113 seconds
[2024-07-06T22:19:14.436+0700] {processor.py:161} INFO - Started process (PID=22502) to work on /home/acer/.local/share/virtualenvs/custom_airflow-E5ZHcY_K/lib/python3.12/site-packages/airflow/example_dags/example_sensors.py
[2024-07-06T22:19:14.438+0700] {processor.py:830} INFO - Processing file /home/acer/.local/share/virtualenvs/custom_airflow-E5ZHcY_K/lib/python3.12/site-packages/airflow/example_dags/example_sensors.py for tasks to queue
[2024-07-06T22:19:14.441+0700] {logging_mixin.py:188} INFO - [2024-07-06T22:19:14.440+0700] {dagbag.py:545} INFO - Filling up the DagBag from /home/acer/.local/share/virtualenvs/custom_airflow-E5ZHcY_K/lib/python3.12/site-packages/airflow/example_dags/example_sensors.py
[2024-07-06T22:19:14.454+0700] {processor.py:840} INFO - DAG(s) 'example_sensors' retrieved from /home/acer/.local/share/virtualenvs/custom_airflow-E5ZHcY_K/lib/python3.12/site-packages/airflow/example_dags/example_sensors.py
[2024-07-06T22:19:14.485+0700] {logging_mixin.py:188} INFO - [2024-07-06T22:19:14.485+0700] {dag.py:3096} INFO - Sync 1 DAGs
[2024-07-06T22:19:14.506+0700] {logging_mixin.py:188} INFO - [2024-07-06T22:19:14.506+0700] {dag.py:3954} INFO - Setting next_dagrun for example_sensors to None, run_after=None
[2024-07-06T22:19:14.629+0700] {processor.py:183} INFO - Processing /home/acer/.local/share/virtualenvs/custom_airflow-E5ZHcY_K/lib/python3.12/site-packages/airflow/example_dags/example_sensors.py took 0.210 seconds
[2024-07-06T22:20:16.450+0700] {processor.py:161} INFO - Started process (PID=22807) to work on /home/acer/.local/share/virtualenvs/custom_airflow-E5ZHcY_K/lib/python3.12/site-packages/airflow/example_dags/example_sensors.py
[2024-07-06T22:20:16.453+0700] {processor.py:830} INFO - Processing file /home/acer/.local/share/virtualenvs/custom_airflow-E5ZHcY_K/lib/python3.12/site-packages/airflow/example_dags/example_sensors.py for tasks to queue
[2024-07-06T22:20:16.457+0700] {logging_mixin.py:188} INFO - [2024-07-06T22:20:16.456+0700] {dagbag.py:545} INFO - Filling up the DagBag from /home/acer/.local/share/virtualenvs/custom_airflow-E5ZHcY_K/lib/python3.12/site-packages/airflow/example_dags/example_sensors.py
[2024-07-06T22:20:16.472+0700] {processor.py:840} INFO - DAG(s) 'example_sensors' retrieved from /home/acer/.local/share/virtualenvs/custom_airflow-E5ZHcY_K/lib/python3.12/site-packages/airflow/example_dags/example_sensors.py
[2024-07-06T22:20:16.506+0700] {logging_mixin.py:188} INFO - [2024-07-06T22:20:16.505+0700] {dag.py:3096} INFO - Sync 1 DAGs
[2024-07-06T22:20:16.521+0700] {logging_mixin.py:188} INFO - [2024-07-06T22:20:16.521+0700] {dag.py:3954} INFO - Setting next_dagrun for example_sensors to None, run_after=None
[2024-07-06T22:20:16.548+0700] {processor.py:183} INFO - Processing /home/acer/.local/share/virtualenvs/custom_airflow-E5ZHcY_K/lib/python3.12/site-packages/airflow/example_dags/example_sensors.py took 0.115 seconds
