[2024-07-06T16:09:28.276+0700] {processor.py:161} INFO - Started process (PID=51468) to work on /home/acer/.local/share/virtualenvs/custom_airflow-E5ZHcY_K/lib/python3.12/site-packages/airflow/example_dags/example_branch_python_dop_operator_3.py
[2024-07-06T16:09:28.277+0700] {processor.py:830} INFO - Processing file /home/acer/.local/share/virtualenvs/custom_airflow-E5ZHcY_K/lib/python3.12/site-packages/airflow/example_dags/example_branch_python_dop_operator_3.py for tasks to queue
[2024-07-06T16:09:28.279+0700] {logging_mixin.py:188} INFO - [2024-07-06T16:09:28.279+0700] {dagbag.py:545} INFO - Filling up the DagBag from /home/acer/.local/share/virtualenvs/custom_airflow-E5ZHcY_K/lib/python3.12/site-packages/airflow/example_dags/example_branch_python_dop_operator_3.py
[2024-07-06T16:09:28.289+0700] {processor.py:840} INFO - DAG(s) 'example_branch_dop_operator_v3' retrieved from /home/acer/.local/share/virtualenvs/custom_airflow-E5ZHcY_K/lib/python3.12/site-packages/airflow/example_dags/example_branch_python_dop_operator_3.py
[2024-07-06T16:09:28.411+0700] {logging_mixin.py:188} INFO - [2024-07-06T16:09:28.409+0700] {override.py:1847} INFO - Created Permission View: can delete on DAG:example_branch_dop_operator_v3
[2024-07-06T16:09:28.425+0700] {logging_mixin.py:188} INFO - [2024-07-06T16:09:28.425+0700] {override.py:1847} INFO - Created Permission View: can edit on DAG:example_branch_dop_operator_v3
[2024-07-06T16:09:28.438+0700] {logging_mixin.py:188} INFO - [2024-07-06T16:09:28.438+0700] {override.py:1847} INFO - Created Permission View: can read on DAG:example_branch_dop_operator_v3
[2024-07-06T16:09:28.439+0700] {logging_mixin.py:188} INFO - [2024-07-06T16:09:28.439+0700] {dag.py:3096} INFO - Sync 1 DAGs
[2024-07-06T16:09:28.456+0700] {logging_mixin.py:188} INFO - [2024-07-06T16:09:28.455+0700] {dag.py:3118} INFO - Creating ORM DAG for example_branch_dop_operator_v3
[2024-07-06T16:09:28.478+0700] {logging_mixin.py:188} INFO - [2024-07-06T16:09:28.477+0700] {dag.py:3954} INFO - Setting next_dagrun for example_branch_dop_operator_v3 to 2024-07-06 09:08:00+00:00, run_after=2024-07-06 09:09:00+00:00
[2024-07-06T16:09:28.520+0700] {processor.py:183} INFO - Processing /home/acer/.local/share/virtualenvs/custom_airflow-E5ZHcY_K/lib/python3.12/site-packages/airflow/example_dags/example_branch_python_dop_operator_3.py took 0.256 seconds
[2024-07-06T16:11:16.780+0700] {processor.py:161} INFO - Started process (PID=52398) to work on /home/acer/.local/share/virtualenvs/custom_airflow-E5ZHcY_K/lib/python3.12/site-packages/airflow/example_dags/example_branch_python_dop_operator_3.py
[2024-07-06T16:11:16.781+0700] {processor.py:830} INFO - Processing file /home/acer/.local/share/virtualenvs/custom_airflow-E5ZHcY_K/lib/python3.12/site-packages/airflow/example_dags/example_branch_python_dop_operator_3.py for tasks to queue
[2024-07-06T16:11:16.782+0700] {logging_mixin.py:188} INFO - [2024-07-06T16:11:16.782+0700] {dagbag.py:545} INFO - Filling up the DagBag from /home/acer/.local/share/virtualenvs/custom_airflow-E5ZHcY_K/lib/python3.12/site-packages/airflow/example_dags/example_branch_python_dop_operator_3.py
[2024-07-06T16:11:16.790+0700] {processor.py:840} INFO - DAG(s) 'example_branch_dop_operator_v3' retrieved from /home/acer/.local/share/virtualenvs/custom_airflow-E5ZHcY_K/lib/python3.12/site-packages/airflow/example_dags/example_branch_python_dop_operator_3.py
[2024-07-06T16:11:16.805+0700] {logging_mixin.py:188} INFO - [2024-07-06T16:11:16.805+0700] {dag.py:3096} INFO - Sync 1 DAGs
[2024-07-06T16:11:16.829+0700] {logging_mixin.py:188} INFO - [2024-07-06T16:11:16.828+0700] {dag.py:3954} INFO - Setting next_dagrun for example_branch_dop_operator_v3 to 2024-07-06 09:10:00+00:00, run_after=2024-07-06 09:11:00+00:00
[2024-07-06T16:11:16.853+0700] {processor.py:183} INFO - Processing /home/acer/.local/share/virtualenvs/custom_airflow-E5ZHcY_K/lib/python3.12/site-packages/airflow/example_dags/example_branch_python_dop_operator_3.py took 0.078 seconds
[2024-07-06T16:16:18.214+0700] {processor.py:161} INFO - Started process (PID=55083) to work on /home/acer/.local/share/virtualenvs/custom_airflow-E5ZHcY_K/lib/python3.12/site-packages/airflow/example_dags/example_branch_python_dop_operator_3.py
[2024-07-06T16:16:18.217+0700] {processor.py:830} INFO - Processing file /home/acer/.local/share/virtualenvs/custom_airflow-E5ZHcY_K/lib/python3.12/site-packages/airflow/example_dags/example_branch_python_dop_operator_3.py for tasks to queue
[2024-07-06T16:16:18.227+0700] {logging_mixin.py:188} INFO - [2024-07-06T16:16:18.224+0700] {dagbag.py:545} INFO - Filling up the DagBag from /home/acer/.local/share/virtualenvs/custom_airflow-E5ZHcY_K/lib/python3.12/site-packages/airflow/example_dags/example_branch_python_dop_operator_3.py
[2024-07-06T16:16:18.260+0700] {processor.py:840} INFO - DAG(s) 'example_branch_dop_operator_v3' retrieved from /home/acer/.local/share/virtualenvs/custom_airflow-E5ZHcY_K/lib/python3.12/site-packages/airflow/example_dags/example_branch_python_dop_operator_3.py
[2024-07-06T16:16:18.399+0700] {logging_mixin.py:188} INFO - [2024-07-06T16:16:18.399+0700] {dag.py:3096} INFO - Sync 1 DAGs
[2024-07-06T16:16:18.423+0700] {logging_mixin.py:188} INFO - [2024-07-06T16:16:18.423+0700] {dag.py:3954} INFO - Setting next_dagrun for example_branch_dop_operator_v3 to 2024-07-06 09:15:00+00:00, run_after=2024-07-06 09:16:00+00:00
[2024-07-06T16:16:18.444+0700] {processor.py:183} INFO - Processing /home/acer/.local/share/virtualenvs/custom_airflow-E5ZHcY_K/lib/python3.12/site-packages/airflow/example_dags/example_branch_python_dop_operator_3.py took 0.255 seconds
[2024-07-06T16:17:15.339+0700] {processor.py:161} INFO - Started process (PID=55615) to work on /home/acer/.local/share/virtualenvs/custom_airflow-E5ZHcY_K/lib/python3.12/site-packages/airflow/example_dags/example_branch_python_dop_operator_3.py
[2024-07-06T16:17:15.340+0700] {processor.py:830} INFO - Processing file /home/acer/.local/share/virtualenvs/custom_airflow-E5ZHcY_K/lib/python3.12/site-packages/airflow/example_dags/example_branch_python_dop_operator_3.py for tasks to queue
[2024-07-06T16:17:15.343+0700] {logging_mixin.py:188} INFO - [2024-07-06T16:17:15.342+0700] {dagbag.py:545} INFO - Filling up the DagBag from /home/acer/.local/share/virtualenvs/custom_airflow-E5ZHcY_K/lib/python3.12/site-packages/airflow/example_dags/example_branch_python_dop_operator_3.py
[2024-07-06T16:17:15.353+0700] {processor.py:840} INFO - DAG(s) 'example_branch_dop_operator_v3' retrieved from /home/acer/.local/share/virtualenvs/custom_airflow-E5ZHcY_K/lib/python3.12/site-packages/airflow/example_dags/example_branch_python_dop_operator_3.py
[2024-07-06T16:17:15.370+0700] {logging_mixin.py:188} INFO - [2024-07-06T16:17:15.370+0700] {dag.py:3096} INFO - Sync 1 DAGs
[2024-07-06T16:17:15.395+0700] {logging_mixin.py:188} INFO - [2024-07-06T16:17:15.395+0700] {dag.py:3954} INFO - Setting next_dagrun for example_branch_dop_operator_v3 to 2024-07-06 09:16:00+00:00, run_after=2024-07-06 09:17:00+00:00
[2024-07-06T16:17:15.418+0700] {processor.py:183} INFO - Processing /home/acer/.local/share/virtualenvs/custom_airflow-E5ZHcY_K/lib/python3.12/site-packages/airflow/example_dags/example_branch_python_dop_operator_3.py took 0.088 seconds
[2024-07-06T16:18:08.036+0700] {processor.py:161} INFO - Started process (PID=55898) to work on /home/acer/.local/share/virtualenvs/custom_airflow-E5ZHcY_K/lib/python3.12/site-packages/airflow/example_dags/example_branch_python_dop_operator_3.py
[2024-07-06T16:18:08.037+0700] {processor.py:830} INFO - Processing file /home/acer/.local/share/virtualenvs/custom_airflow-E5ZHcY_K/lib/python3.12/site-packages/airflow/example_dags/example_branch_python_dop_operator_3.py for tasks to queue
[2024-07-06T16:18:08.039+0700] {logging_mixin.py:188} INFO - [2024-07-06T16:18:08.039+0700] {dagbag.py:545} INFO - Filling up the DagBag from /home/acer/.local/share/virtualenvs/custom_airflow-E5ZHcY_K/lib/python3.12/site-packages/airflow/example_dags/example_branch_python_dop_operator_3.py
[2024-07-06T16:18:08.049+0700] {processor.py:840} INFO - DAG(s) 'example_branch_dop_operator_v3' retrieved from /home/acer/.local/share/virtualenvs/custom_airflow-E5ZHcY_K/lib/python3.12/site-packages/airflow/example_dags/example_branch_python_dop_operator_3.py
[2024-07-06T16:18:08.064+0700] {logging_mixin.py:188} INFO - [2024-07-06T16:18:08.064+0700] {dag.py:3096} INFO - Sync 1 DAGs
[2024-07-06T16:18:08.088+0700] {logging_mixin.py:188} INFO - [2024-07-06T16:18:08.088+0700] {dag.py:3954} INFO - Setting next_dagrun for example_branch_dop_operator_v3 to 2024-07-06 09:17:00+00:00, run_after=2024-07-06 09:18:00+00:00
[2024-07-06T16:18:08.109+0700] {processor.py:183} INFO - Processing /home/acer/.local/share/virtualenvs/custom_airflow-E5ZHcY_K/lib/python3.12/site-packages/airflow/example_dags/example_branch_python_dop_operator_3.py took 0.083 seconds
[2024-07-06T16:19:20.960+0700] {processor.py:161} INFO - Started process (PID=56345) to work on /home/acer/.local/share/virtualenvs/custom_airflow-E5ZHcY_K/lib/python3.12/site-packages/airflow/example_dags/example_branch_python_dop_operator_3.py
[2024-07-06T16:19:20.961+0700] {processor.py:830} INFO - Processing file /home/acer/.local/share/virtualenvs/custom_airflow-E5ZHcY_K/lib/python3.12/site-packages/airflow/example_dags/example_branch_python_dop_operator_3.py for tasks to queue
[2024-07-06T16:19:20.963+0700] {logging_mixin.py:188} INFO - [2024-07-06T16:19:20.962+0700] {dagbag.py:545} INFO - Filling up the DagBag from /home/acer/.local/share/virtualenvs/custom_airflow-E5ZHcY_K/lib/python3.12/site-packages/airflow/example_dags/example_branch_python_dop_operator_3.py
[2024-07-06T16:19:20.973+0700] {processor.py:840} INFO - DAG(s) 'example_branch_dop_operator_v3' retrieved from /home/acer/.local/share/virtualenvs/custom_airflow-E5ZHcY_K/lib/python3.12/site-packages/airflow/example_dags/example_branch_python_dop_operator_3.py
[2024-07-06T16:19:20.992+0700] {logging_mixin.py:188} INFO - [2024-07-06T16:19:20.992+0700] {dag.py:3096} INFO - Sync 1 DAGs
[2024-07-06T16:19:21.038+0700] {logging_mixin.py:188} INFO - [2024-07-06T16:19:21.038+0700] {dag.py:3954} INFO - Setting next_dagrun for example_branch_dop_operator_v3 to 2024-07-06 09:18:00+00:00, run_after=2024-07-06 09:19:00+00:00
[2024-07-06T16:19:21.085+0700] {processor.py:183} INFO - Processing /home/acer/.local/share/virtualenvs/custom_airflow-E5ZHcY_K/lib/python3.12/site-packages/airflow/example_dags/example_branch_python_dop_operator_3.py took 0.132 seconds
[2024-07-06T16:20:23.579+0700] {processor.py:161} INFO - Started process (PID=57057) to work on /home/acer/.local/share/virtualenvs/custom_airflow-E5ZHcY_K/lib/python3.12/site-packages/airflow/example_dags/example_branch_python_dop_operator_3.py
[2024-07-06T16:20:23.581+0700] {processor.py:830} INFO - Processing file /home/acer/.local/share/virtualenvs/custom_airflow-E5ZHcY_K/lib/python3.12/site-packages/airflow/example_dags/example_branch_python_dop_operator_3.py for tasks to queue
[2024-07-06T16:20:23.585+0700] {logging_mixin.py:188} INFO - [2024-07-06T16:20:23.584+0700] {dagbag.py:545} INFO - Filling up the DagBag from /home/acer/.local/share/virtualenvs/custom_airflow-E5ZHcY_K/lib/python3.12/site-packages/airflow/example_dags/example_branch_python_dop_operator_3.py
[2024-07-06T16:20:23.600+0700] {processor.py:840} INFO - DAG(s) 'example_branch_dop_operator_v3' retrieved from /home/acer/.local/share/virtualenvs/custom_airflow-E5ZHcY_K/lib/python3.12/site-packages/airflow/example_dags/example_branch_python_dop_operator_3.py
[2024-07-06T16:20:23.617+0700] {logging_mixin.py:188} INFO - [2024-07-06T16:20:23.616+0700] {dag.py:3096} INFO - Sync 1 DAGs
[2024-07-06T16:20:23.641+0700] {logging_mixin.py:188} INFO - [2024-07-06T16:20:23.640+0700] {dag.py:3954} INFO - Setting next_dagrun for example_branch_dop_operator_v3 to 2024-07-06 09:19:00+00:00, run_after=2024-07-06 09:20:00+00:00
[2024-07-06T16:20:23.663+0700] {processor.py:183} INFO - Processing /home/acer/.local/share/virtualenvs/custom_airflow-E5ZHcY_K/lib/python3.12/site-packages/airflow/example_dags/example_branch_python_dop_operator_3.py took 0.096 seconds
[2024-07-06T16:21:38.268+0700] {processor.py:161} INFO - Started process (PID=57621) to work on /home/acer/.local/share/virtualenvs/custom_airflow-E5ZHcY_K/lib/python3.12/site-packages/airflow/example_dags/example_branch_python_dop_operator_3.py
[2024-07-06T16:21:38.270+0700] {processor.py:830} INFO - Processing file /home/acer/.local/share/virtualenvs/custom_airflow-E5ZHcY_K/lib/python3.12/site-packages/airflow/example_dags/example_branch_python_dop_operator_3.py for tasks to queue
[2024-07-06T16:21:38.274+0700] {logging_mixin.py:188} INFO - [2024-07-06T16:21:38.273+0700] {dagbag.py:545} INFO - Filling up the DagBag from /home/acer/.local/share/virtualenvs/custom_airflow-E5ZHcY_K/lib/python3.12/site-packages/airflow/example_dags/example_branch_python_dop_operator_3.py
[2024-07-06T16:21:38.286+0700] {processor.py:840} INFO - DAG(s) 'example_branch_dop_operator_v3' retrieved from /home/acer/.local/share/virtualenvs/custom_airflow-E5ZHcY_K/lib/python3.12/site-packages/airflow/example_dags/example_branch_python_dop_operator_3.py
[2024-07-06T16:21:38.301+0700] {logging_mixin.py:188} INFO - [2024-07-06T16:21:38.301+0700] {dag.py:3096} INFO - Sync 1 DAGs
[2024-07-06T16:21:38.326+0700] {logging_mixin.py:188} INFO - [2024-07-06T16:21:38.325+0700] {dag.py:3954} INFO - Setting next_dagrun for example_branch_dop_operator_v3 to 2024-07-06 09:20:00+00:00, run_after=2024-07-06 09:21:00+00:00
[2024-07-06T16:21:38.348+0700] {processor.py:183} INFO - Processing /home/acer/.local/share/virtualenvs/custom_airflow-E5ZHcY_K/lib/python3.12/site-packages/airflow/example_dags/example_branch_python_dop_operator_3.py took 0.098 seconds
[2024-07-06T16:22:50.054+0700] {processor.py:161} INFO - Started process (PID=58064) to work on /home/acer/.local/share/virtualenvs/custom_airflow-E5ZHcY_K/lib/python3.12/site-packages/airflow/example_dags/example_branch_python_dop_operator_3.py
[2024-07-06T16:22:50.055+0700] {processor.py:830} INFO - Processing file /home/acer/.local/share/virtualenvs/custom_airflow-E5ZHcY_K/lib/python3.12/site-packages/airflow/example_dags/example_branch_python_dop_operator_3.py for tasks to queue
[2024-07-06T16:22:50.057+0700] {logging_mixin.py:188} INFO - [2024-07-06T16:22:50.057+0700] {dagbag.py:545} INFO - Filling up the DagBag from /home/acer/.local/share/virtualenvs/custom_airflow-E5ZHcY_K/lib/python3.12/site-packages/airflow/example_dags/example_branch_python_dop_operator_3.py
[2024-07-06T16:22:50.067+0700] {processor.py:840} INFO - DAG(s) 'example_branch_dop_operator_v3' retrieved from /home/acer/.local/share/virtualenvs/custom_airflow-E5ZHcY_K/lib/python3.12/site-packages/airflow/example_dags/example_branch_python_dop_operator_3.py
[2024-07-06T16:22:50.082+0700] {logging_mixin.py:188} INFO - [2024-07-06T16:22:50.082+0700] {dag.py:3096} INFO - Sync 1 DAGs
[2024-07-06T16:22:50.107+0700] {logging_mixin.py:188} INFO - [2024-07-06T16:22:50.107+0700] {dag.py:3954} INFO - Setting next_dagrun for example_branch_dop_operator_v3 to 2024-07-06 09:21:00+00:00, run_after=2024-07-06 09:22:00+00:00
[2024-07-06T16:22:50.127+0700] {processor.py:183} INFO - Processing /home/acer/.local/share/virtualenvs/custom_airflow-E5ZHcY_K/lib/python3.12/site-packages/airflow/example_dags/example_branch_python_dop_operator_3.py took 0.082 seconds
[2024-07-06T16:24:41.784+0700] {processor.py:161} INFO - Started process (PID=59400) to work on /home/acer/.local/share/virtualenvs/custom_airflow-E5ZHcY_K/lib/python3.12/site-packages/airflow/example_dags/example_branch_python_dop_operator_3.py
[2024-07-06T16:24:41.794+0700] {processor.py:830} INFO - Processing file /home/acer/.local/share/virtualenvs/custom_airflow-E5ZHcY_K/lib/python3.12/site-packages/airflow/example_dags/example_branch_python_dop_operator_3.py for tasks to queue
[2024-07-06T16:24:41.800+0700] {logging_mixin.py:188} INFO - [2024-07-06T16:24:41.798+0700] {dagbag.py:545} INFO - Filling up the DagBag from /home/acer/.local/share/virtualenvs/custom_airflow-E5ZHcY_K/lib/python3.12/site-packages/airflow/example_dags/example_branch_python_dop_operator_3.py
[2024-07-06T16:24:41.816+0700] {processor.py:840} INFO - DAG(s) 'example_branch_dop_operator_v3' retrieved from /home/acer/.local/share/virtualenvs/custom_airflow-E5ZHcY_K/lib/python3.12/site-packages/airflow/example_dags/example_branch_python_dop_operator_3.py
[2024-07-06T16:24:41.834+0700] {logging_mixin.py:188} INFO - [2024-07-06T16:24:41.833+0700] {dag.py:3096} INFO - Sync 1 DAGs
[2024-07-06T16:24:41.860+0700] {logging_mixin.py:188} INFO - [2024-07-06T16:24:41.860+0700] {dag.py:3954} INFO - Setting next_dagrun for example_branch_dop_operator_v3 to 2024-07-06 09:23:00+00:00, run_after=2024-07-06 09:24:00+00:00
[2024-07-06T16:24:41.906+0700] {processor.py:183} INFO - Processing /home/acer/.local/share/virtualenvs/custom_airflow-E5ZHcY_K/lib/python3.12/site-packages/airflow/example_dags/example_branch_python_dop_operator_3.py took 0.139 seconds
[2024-07-06T16:25:37.476+0700] {processor.py:161} INFO - Started process (PID=59826) to work on /home/acer/.local/share/virtualenvs/custom_airflow-E5ZHcY_K/lib/python3.12/site-packages/airflow/example_dags/example_branch_python_dop_operator_3.py
[2024-07-06T16:25:37.480+0700] {processor.py:830} INFO - Processing file /home/acer/.local/share/virtualenvs/custom_airflow-E5ZHcY_K/lib/python3.12/site-packages/airflow/example_dags/example_branch_python_dop_operator_3.py for tasks to queue
[2024-07-06T16:25:37.487+0700] {logging_mixin.py:188} INFO - [2024-07-06T16:25:37.486+0700] {dagbag.py:545} INFO - Filling up the DagBag from /home/acer/.local/share/virtualenvs/custom_airflow-E5ZHcY_K/lib/python3.12/site-packages/airflow/example_dags/example_branch_python_dop_operator_3.py
[2024-07-06T16:25:37.526+0700] {processor.py:840} INFO - DAG(s) 'example_branch_dop_operator_v3' retrieved from /home/acer/.local/share/virtualenvs/custom_airflow-E5ZHcY_K/lib/python3.12/site-packages/airflow/example_dags/example_branch_python_dop_operator_3.py
[2024-07-06T16:25:37.560+0700] {logging_mixin.py:188} INFO - [2024-07-06T16:25:37.559+0700] {dag.py:3096} INFO - Sync 1 DAGs
[2024-07-06T16:25:37.586+0700] {logging_mixin.py:188} INFO - [2024-07-06T16:25:37.586+0700] {dag.py:3954} INFO - Setting next_dagrun for example_branch_dop_operator_v3 to 2024-07-06 09:24:00+00:00, run_after=2024-07-06 09:25:00+00:00
[2024-07-06T16:25:37.608+0700] {processor.py:183} INFO - Processing /home/acer/.local/share/virtualenvs/custom_airflow-E5ZHcY_K/lib/python3.12/site-packages/airflow/example_dags/example_branch_python_dop_operator_3.py took 0.155 seconds
[2024-07-06T16:26:32.671+0700] {processor.py:161} INFO - Started process (PID=60140) to work on /home/acer/.local/share/virtualenvs/custom_airflow-E5ZHcY_K/lib/python3.12/site-packages/airflow/example_dags/example_branch_python_dop_operator_3.py
[2024-07-06T16:26:32.674+0700] {processor.py:830} INFO - Processing file /home/acer/.local/share/virtualenvs/custom_airflow-E5ZHcY_K/lib/python3.12/site-packages/airflow/example_dags/example_branch_python_dop_operator_3.py for tasks to queue
[2024-07-06T16:26:32.678+0700] {logging_mixin.py:188} INFO - [2024-07-06T16:26:32.677+0700] {dagbag.py:545} INFO - Filling up the DagBag from /home/acer/.local/share/virtualenvs/custom_airflow-E5ZHcY_K/lib/python3.12/site-packages/airflow/example_dags/example_branch_python_dop_operator_3.py
[2024-07-06T16:26:32.692+0700] {processor.py:840} INFO - DAG(s) 'example_branch_dop_operator_v3' retrieved from /home/acer/.local/share/virtualenvs/custom_airflow-E5ZHcY_K/lib/python3.12/site-packages/airflow/example_dags/example_branch_python_dop_operator_3.py
[2024-07-06T16:26:32.708+0700] {logging_mixin.py:188} INFO - [2024-07-06T16:26:32.708+0700] {dag.py:3096} INFO - Sync 1 DAGs
[2024-07-06T16:26:32.732+0700] {logging_mixin.py:188} INFO - [2024-07-06T16:26:32.732+0700] {dag.py:3954} INFO - Setting next_dagrun for example_branch_dop_operator_v3 to 2024-07-06 09:25:00+00:00, run_after=2024-07-06 09:26:00+00:00
[2024-07-06T16:26:32.754+0700] {processor.py:183} INFO - Processing /home/acer/.local/share/virtualenvs/custom_airflow-E5ZHcY_K/lib/python3.12/site-packages/airflow/example_dags/example_branch_python_dop_operator_3.py took 0.100 seconds
[2024-07-06T16:27:43.246+0700] {processor.py:161} INFO - Started process (PID=60508) to work on /home/acer/.local/share/virtualenvs/custom_airflow-E5ZHcY_K/lib/python3.12/site-packages/airflow/example_dags/example_branch_python_dop_operator_3.py
[2024-07-06T16:27:43.247+0700] {processor.py:830} INFO - Processing file /home/acer/.local/share/virtualenvs/custom_airflow-E5ZHcY_K/lib/python3.12/site-packages/airflow/example_dags/example_branch_python_dop_operator_3.py for tasks to queue
[2024-07-06T16:27:43.249+0700] {logging_mixin.py:188} INFO - [2024-07-06T16:27:43.249+0700] {dagbag.py:545} INFO - Filling up the DagBag from /home/acer/.local/share/virtualenvs/custom_airflow-E5ZHcY_K/lib/python3.12/site-packages/airflow/example_dags/example_branch_python_dop_operator_3.py
[2024-07-06T16:27:43.258+0700] {processor.py:840} INFO - DAG(s) 'example_branch_dop_operator_v3' retrieved from /home/acer/.local/share/virtualenvs/custom_airflow-E5ZHcY_K/lib/python3.12/site-packages/airflow/example_dags/example_branch_python_dop_operator_3.py
[2024-07-06T16:27:43.274+0700] {logging_mixin.py:188} INFO - [2024-07-06T16:27:43.274+0700] {dag.py:3096} INFO - Sync 1 DAGs
[2024-07-06T16:27:43.298+0700] {logging_mixin.py:188} INFO - [2024-07-06T16:27:43.298+0700] {dag.py:3954} INFO - Setting next_dagrun for example_branch_dop_operator_v3 to 2024-07-06 09:26:00+00:00, run_after=2024-07-06 09:27:00+00:00
[2024-07-06T16:27:43.318+0700] {processor.py:183} INFO - Processing /home/acer/.local/share/virtualenvs/custom_airflow-E5ZHcY_K/lib/python3.12/site-packages/airflow/example_dags/example_branch_python_dop_operator_3.py took 0.078 seconds
[2024-07-06T16:28:49.896+0700] {processor.py:161} INFO - Started process (PID=60829) to work on /home/acer/.local/share/virtualenvs/custom_airflow-E5ZHcY_K/lib/python3.12/site-packages/airflow/example_dags/example_branch_python_dop_operator_3.py
[2024-07-06T16:28:49.898+0700] {processor.py:830} INFO - Processing file /home/acer/.local/share/virtualenvs/custom_airflow-E5ZHcY_K/lib/python3.12/site-packages/airflow/example_dags/example_branch_python_dop_operator_3.py for tasks to queue
[2024-07-06T16:28:49.901+0700] {logging_mixin.py:188} INFO - [2024-07-06T16:28:49.900+0700] {dagbag.py:545} INFO - Filling up the DagBag from /home/acer/.local/share/virtualenvs/custom_airflow-E5ZHcY_K/lib/python3.12/site-packages/airflow/example_dags/example_branch_python_dop_operator_3.py
[2024-07-06T16:28:49.914+0700] {processor.py:840} INFO - DAG(s) 'example_branch_dop_operator_v3' retrieved from /home/acer/.local/share/virtualenvs/custom_airflow-E5ZHcY_K/lib/python3.12/site-packages/airflow/example_dags/example_branch_python_dop_operator_3.py
[2024-07-06T16:28:49.930+0700] {logging_mixin.py:188} INFO - [2024-07-06T16:28:49.930+0700] {dag.py:3096} INFO - Sync 1 DAGs
[2024-07-06T16:28:49.955+0700] {logging_mixin.py:188} INFO - [2024-07-06T16:28:49.954+0700] {dag.py:3954} INFO - Setting next_dagrun for example_branch_dop_operator_v3 to 2024-07-06 09:27:00+00:00, run_after=2024-07-06 09:28:00+00:00
[2024-07-06T16:28:49.976+0700] {processor.py:183} INFO - Processing /home/acer/.local/share/virtualenvs/custom_airflow-E5ZHcY_K/lib/python3.12/site-packages/airflow/example_dags/example_branch_python_dop_operator_3.py took 0.088 seconds
[2024-07-06T16:30:01.188+0700] {processor.py:161} INFO - Started process (PID=61192) to work on /home/acer/.local/share/virtualenvs/custom_airflow-E5ZHcY_K/lib/python3.12/site-packages/airflow/example_dags/example_branch_python_dop_operator_3.py
[2024-07-06T16:30:01.189+0700] {processor.py:830} INFO - Processing file /home/acer/.local/share/virtualenvs/custom_airflow-E5ZHcY_K/lib/python3.12/site-packages/airflow/example_dags/example_branch_python_dop_operator_3.py for tasks to queue
[2024-07-06T16:30:01.191+0700] {logging_mixin.py:188} INFO - [2024-07-06T16:30:01.191+0700] {dagbag.py:545} INFO - Filling up the DagBag from /home/acer/.local/share/virtualenvs/custom_airflow-E5ZHcY_K/lib/python3.12/site-packages/airflow/example_dags/example_branch_python_dop_operator_3.py
[2024-07-06T16:30:01.203+0700] {processor.py:840} INFO - DAG(s) 'example_branch_dop_operator_v3' retrieved from /home/acer/.local/share/virtualenvs/custom_airflow-E5ZHcY_K/lib/python3.12/site-packages/airflow/example_dags/example_branch_python_dop_operator_3.py
[2024-07-06T16:30:01.223+0700] {logging_mixin.py:188} INFO - [2024-07-06T16:30:01.222+0700] {dag.py:3096} INFO - Sync 1 DAGs
[2024-07-06T16:30:01.247+0700] {logging_mixin.py:188} INFO - [2024-07-06T16:30:01.246+0700] {dag.py:3954} INFO - Setting next_dagrun for example_branch_dop_operator_v3 to 2024-07-06 09:29:00+00:00, run_after=2024-07-06 09:30:00+00:00
[2024-07-06T16:30:01.268+0700] {processor.py:183} INFO - Processing /home/acer/.local/share/virtualenvs/custom_airflow-E5ZHcY_K/lib/python3.12/site-packages/airflow/example_dags/example_branch_python_dop_operator_3.py took 0.095 seconds
[2024-07-06T16:31:09.071+0700] {processor.py:161} INFO - Started process (PID=61567) to work on /home/acer/.local/share/virtualenvs/custom_airflow-E5ZHcY_K/lib/python3.12/site-packages/airflow/example_dags/example_branch_python_dop_operator_3.py
[2024-07-06T16:31:09.072+0700] {processor.py:830} INFO - Processing file /home/acer/.local/share/virtualenvs/custom_airflow-E5ZHcY_K/lib/python3.12/site-packages/airflow/example_dags/example_branch_python_dop_operator_3.py for tasks to queue
[2024-07-06T16:31:09.074+0700] {logging_mixin.py:188} INFO - [2024-07-06T16:31:09.073+0700] {dagbag.py:545} INFO - Filling up the DagBag from /home/acer/.local/share/virtualenvs/custom_airflow-E5ZHcY_K/lib/python3.12/site-packages/airflow/example_dags/example_branch_python_dop_operator_3.py
[2024-07-06T16:31:09.082+0700] {processor.py:840} INFO - DAG(s) 'example_branch_dop_operator_v3' retrieved from /home/acer/.local/share/virtualenvs/custom_airflow-E5ZHcY_K/lib/python3.12/site-packages/airflow/example_dags/example_branch_python_dop_operator_3.py
[2024-07-06T16:31:09.097+0700] {logging_mixin.py:188} INFO - [2024-07-06T16:31:09.097+0700] {dag.py:3096} INFO - Sync 1 DAGs
[2024-07-06T16:31:09.121+0700] {logging_mixin.py:188} INFO - [2024-07-06T16:31:09.121+0700] {dag.py:3954} INFO - Setting next_dagrun for example_branch_dop_operator_v3 to 2024-07-06 09:30:00+00:00, run_after=2024-07-06 09:31:00+00:00
[2024-07-06T16:31:09.142+0700] {processor.py:183} INFO - Processing /home/acer/.local/share/virtualenvs/custom_airflow-E5ZHcY_K/lib/python3.12/site-packages/airflow/example_dags/example_branch_python_dop_operator_3.py took 0.076 seconds
[2024-07-06T16:32:16.544+0700] {processor.py:161} INFO - Started process (PID=61897) to work on /home/acer/.local/share/virtualenvs/custom_airflow-E5ZHcY_K/lib/python3.12/site-packages/airflow/example_dags/example_branch_python_dop_operator_3.py
[2024-07-06T16:32:16.545+0700] {processor.py:830} INFO - Processing file /home/acer/.local/share/virtualenvs/custom_airflow-E5ZHcY_K/lib/python3.12/site-packages/airflow/example_dags/example_branch_python_dop_operator_3.py for tasks to queue
[2024-07-06T16:32:16.547+0700] {logging_mixin.py:188} INFO - [2024-07-06T16:32:16.546+0700] {dagbag.py:545} INFO - Filling up the DagBag from /home/acer/.local/share/virtualenvs/custom_airflow-E5ZHcY_K/lib/python3.12/site-packages/airflow/example_dags/example_branch_python_dop_operator_3.py
[2024-07-06T16:32:16.555+0700] {processor.py:840} INFO - DAG(s) 'example_branch_dop_operator_v3' retrieved from /home/acer/.local/share/virtualenvs/custom_airflow-E5ZHcY_K/lib/python3.12/site-packages/airflow/example_dags/example_branch_python_dop_operator_3.py
[2024-07-06T16:32:16.570+0700] {logging_mixin.py:188} INFO - [2024-07-06T16:32:16.570+0700] {dag.py:3096} INFO - Sync 1 DAGs
[2024-07-06T16:32:16.594+0700] {logging_mixin.py:188} INFO - [2024-07-06T16:32:16.593+0700] {dag.py:3954} INFO - Setting next_dagrun for example_branch_dop_operator_v3 to 2024-07-06 09:31:00+00:00, run_after=2024-07-06 09:32:00+00:00
[2024-07-06T16:32:16.614+0700] {processor.py:183} INFO - Processing /home/acer/.local/share/virtualenvs/custom_airflow-E5ZHcY_K/lib/python3.12/site-packages/airflow/example_dags/example_branch_python_dop_operator_3.py took 0.076 seconds
[2024-07-06T16:33:30.412+0700] {processor.py:161} INFO - Started process (PID=62285) to work on /home/acer/.local/share/virtualenvs/custom_airflow-E5ZHcY_K/lib/python3.12/site-packages/airflow/example_dags/example_branch_python_dop_operator_3.py
[2024-07-06T16:33:30.413+0700] {processor.py:830} INFO - Processing file /home/acer/.local/share/virtualenvs/custom_airflow-E5ZHcY_K/lib/python3.12/site-packages/airflow/example_dags/example_branch_python_dop_operator_3.py for tasks to queue
[2024-07-06T16:33:30.415+0700] {logging_mixin.py:188} INFO - [2024-07-06T16:33:30.415+0700] {dagbag.py:545} INFO - Filling up the DagBag from /home/acer/.local/share/virtualenvs/custom_airflow-E5ZHcY_K/lib/python3.12/site-packages/airflow/example_dags/example_branch_python_dop_operator_3.py
[2024-07-06T16:33:30.423+0700] {processor.py:840} INFO - DAG(s) 'example_branch_dop_operator_v3' retrieved from /home/acer/.local/share/virtualenvs/custom_airflow-E5ZHcY_K/lib/python3.12/site-packages/airflow/example_dags/example_branch_python_dop_operator_3.py
[2024-07-06T16:33:30.438+0700] {logging_mixin.py:188} INFO - [2024-07-06T16:33:30.438+0700] {dag.py:3096} INFO - Sync 1 DAGs
[2024-07-06T16:33:30.462+0700] {logging_mixin.py:188} INFO - [2024-07-06T16:33:30.462+0700] {dag.py:3954} INFO - Setting next_dagrun for example_branch_dop_operator_v3 to 2024-07-06 09:32:00+00:00, run_after=2024-07-06 09:33:00+00:00
[2024-07-06T16:33:30.483+0700] {processor.py:183} INFO - Processing /home/acer/.local/share/virtualenvs/custom_airflow-E5ZHcY_K/lib/python3.12/site-packages/airflow/example_dags/example_branch_python_dop_operator_3.py took 0.076 seconds
[2024-07-06T16:34:40.264+0700] {processor.py:161} INFO - Started process (PID=62636) to work on /home/acer/.local/share/virtualenvs/custom_airflow-E5ZHcY_K/lib/python3.12/site-packages/airflow/example_dags/example_branch_python_dop_operator_3.py
[2024-07-06T16:34:40.267+0700] {processor.py:830} INFO - Processing file /home/acer/.local/share/virtualenvs/custom_airflow-E5ZHcY_K/lib/python3.12/site-packages/airflow/example_dags/example_branch_python_dop_operator_3.py for tasks to queue
[2024-07-06T16:34:40.271+0700] {logging_mixin.py:188} INFO - [2024-07-06T16:34:40.270+0700] {dagbag.py:545} INFO - Filling up the DagBag from /home/acer/.local/share/virtualenvs/custom_airflow-E5ZHcY_K/lib/python3.12/site-packages/airflow/example_dags/example_branch_python_dop_operator_3.py
[2024-07-06T16:34:40.284+0700] {processor.py:840} INFO - DAG(s) 'example_branch_dop_operator_v3' retrieved from /home/acer/.local/share/virtualenvs/custom_airflow-E5ZHcY_K/lib/python3.12/site-packages/airflow/example_dags/example_branch_python_dop_operator_3.py
[2024-07-06T16:34:40.301+0700] {logging_mixin.py:188} INFO - [2024-07-06T16:34:40.301+0700] {dag.py:3096} INFO - Sync 1 DAGs
[2024-07-06T16:34:40.326+0700] {logging_mixin.py:188} INFO - [2024-07-06T16:34:40.325+0700] {dag.py:3954} INFO - Setting next_dagrun for example_branch_dop_operator_v3 to 2024-07-06 09:33:00+00:00, run_after=2024-07-06 09:34:00+00:00
[2024-07-06T16:34:40.347+0700] {processor.py:183} INFO - Processing /home/acer/.local/share/virtualenvs/custom_airflow-E5ZHcY_K/lib/python3.12/site-packages/airflow/example_dags/example_branch_python_dop_operator_3.py took 0.102 seconds
[2024-07-06T16:35:52.323+0700] {processor.py:161} INFO - Started process (PID=63013) to work on /home/acer/.local/share/virtualenvs/custom_airflow-E5ZHcY_K/lib/python3.12/site-packages/airflow/example_dags/example_branch_python_dop_operator_3.py
[2024-07-06T16:35:52.324+0700] {processor.py:830} INFO - Processing file /home/acer/.local/share/virtualenvs/custom_airflow-E5ZHcY_K/lib/python3.12/site-packages/airflow/example_dags/example_branch_python_dop_operator_3.py for tasks to queue
[2024-07-06T16:35:52.327+0700] {logging_mixin.py:188} INFO - [2024-07-06T16:35:52.326+0700] {dagbag.py:545} INFO - Filling up the DagBag from /home/acer/.local/share/virtualenvs/custom_airflow-E5ZHcY_K/lib/python3.12/site-packages/airflow/example_dags/example_branch_python_dop_operator_3.py
[2024-07-06T16:35:52.336+0700] {processor.py:840} INFO - DAG(s) 'example_branch_dop_operator_v3' retrieved from /home/acer/.local/share/virtualenvs/custom_airflow-E5ZHcY_K/lib/python3.12/site-packages/airflow/example_dags/example_branch_python_dop_operator_3.py
[2024-07-06T16:35:52.352+0700] {logging_mixin.py:188} INFO - [2024-07-06T16:35:52.351+0700] {dag.py:3096} INFO - Sync 1 DAGs
[2024-07-06T16:35:52.375+0700] {logging_mixin.py:188} INFO - [2024-07-06T16:35:52.375+0700] {dag.py:3954} INFO - Setting next_dagrun for example_branch_dop_operator_v3 to 2024-07-06 09:34:00+00:00, run_after=2024-07-06 09:35:00+00:00
[2024-07-06T16:35:52.396+0700] {processor.py:183} INFO - Processing /home/acer/.local/share/virtualenvs/custom_airflow-E5ZHcY_K/lib/python3.12/site-packages/airflow/example_dags/example_branch_python_dop_operator_3.py took 0.078 seconds
[2024-07-06T21:54:58.391+0700] {processor.py:161} INFO - Started process (PID=12069) to work on /home/acer/.local/share/virtualenvs/custom_airflow-E5ZHcY_K/lib/python3.12/site-packages/airflow/example_dags/example_branch_python_dop_operator_3.py
[2024-07-06T21:54:58.392+0700] {processor.py:830} INFO - Processing file /home/acer/.local/share/virtualenvs/custom_airflow-E5ZHcY_K/lib/python3.12/site-packages/airflow/example_dags/example_branch_python_dop_operator_3.py for tasks to queue
[2024-07-06T21:54:58.394+0700] {logging_mixin.py:188} INFO - [2024-07-06T21:54:58.393+0700] {dagbag.py:545} INFO - Filling up the DagBag from /home/acer/.local/share/virtualenvs/custom_airflow-E5ZHcY_K/lib/python3.12/site-packages/airflow/example_dags/example_branch_python_dop_operator_3.py
[2024-07-06T21:54:58.402+0700] {processor.py:840} INFO - DAG(s) 'example_branch_dop_operator_v3' retrieved from /home/acer/.local/share/virtualenvs/custom_airflow-E5ZHcY_K/lib/python3.12/site-packages/airflow/example_dags/example_branch_python_dop_operator_3.py
[2024-07-06T21:54:58.417+0700] {logging_mixin.py:188} INFO - [2024-07-06T21:54:58.417+0700] {dag.py:3096} INFO - Sync 1 DAGs
[2024-07-06T21:54:58.441+0700] {logging_mixin.py:188} INFO - [2024-07-06T21:54:58.441+0700] {dag.py:3954} INFO - Setting next_dagrun for example_branch_dop_operator_v3 to 2024-07-06 14:53:00+00:00, run_after=2024-07-06 14:54:00+00:00
[2024-07-06T21:54:58.462+0700] {processor.py:183} INFO - Processing /home/acer/.local/share/virtualenvs/custom_airflow-E5ZHcY_K/lib/python3.12/site-packages/airflow/example_dags/example_branch_python_dop_operator_3.py took 0.077 seconds
[2024-07-06T21:55:53.469+0700] {processor.py:161} INFO - Started process (PID=12887) to work on /home/acer/.local/share/virtualenvs/custom_airflow-E5ZHcY_K/lib/python3.12/site-packages/airflow/example_dags/example_branch_python_dop_operator_3.py
[2024-07-06T21:55:53.470+0700] {processor.py:830} INFO - Processing file /home/acer/.local/share/virtualenvs/custom_airflow-E5ZHcY_K/lib/python3.12/site-packages/airflow/example_dags/example_branch_python_dop_operator_3.py for tasks to queue
[2024-07-06T21:55:53.472+0700] {logging_mixin.py:188} INFO - [2024-07-06T21:55:53.472+0700] {dagbag.py:545} INFO - Filling up the DagBag from /home/acer/.local/share/virtualenvs/custom_airflow-E5ZHcY_K/lib/python3.12/site-packages/airflow/example_dags/example_branch_python_dop_operator_3.py
[2024-07-06T21:55:53.481+0700] {processor.py:840} INFO - DAG(s) 'example_branch_dop_operator_v3' retrieved from /home/acer/.local/share/virtualenvs/custom_airflow-E5ZHcY_K/lib/python3.12/site-packages/airflow/example_dags/example_branch_python_dop_operator_3.py
[2024-07-06T21:55:53.496+0700] {logging_mixin.py:188} INFO - [2024-07-06T21:55:53.496+0700] {dag.py:3096} INFO - Sync 1 DAGs
[2024-07-06T21:55:53.521+0700] {logging_mixin.py:188} INFO - [2024-07-06T21:55:53.520+0700] {dag.py:3954} INFO - Setting next_dagrun for example_branch_dop_operator_v3 to 2024-07-06 14:54:00+00:00, run_after=2024-07-06 14:55:00+00:00
[2024-07-06T21:55:53.547+0700] {processor.py:183} INFO - Processing /home/acer/.local/share/virtualenvs/custom_airflow-E5ZHcY_K/lib/python3.12/site-packages/airflow/example_dags/example_branch_python_dop_operator_3.py took 0.084 seconds
[2024-07-06T21:57:07.517+0700] {processor.py:161} INFO - Started process (PID=13631) to work on /home/acer/.local/share/virtualenvs/custom_airflow-E5ZHcY_K/lib/python3.12/site-packages/airflow/example_dags/example_branch_python_dop_operator_3.py
[2024-07-06T21:57:07.520+0700] {processor.py:830} INFO - Processing file /home/acer/.local/share/virtualenvs/custom_airflow-E5ZHcY_K/lib/python3.12/site-packages/airflow/example_dags/example_branch_python_dop_operator_3.py for tasks to queue
[2024-07-06T21:57:07.527+0700] {logging_mixin.py:188} INFO - [2024-07-06T21:57:07.525+0700] {dagbag.py:545} INFO - Filling up the DagBag from /home/acer/.local/share/virtualenvs/custom_airflow-E5ZHcY_K/lib/python3.12/site-packages/airflow/example_dags/example_branch_python_dop_operator_3.py
[2024-07-06T21:57:07.553+0700] {processor.py:840} INFO - DAG(s) 'example_branch_dop_operator_v3' retrieved from /home/acer/.local/share/virtualenvs/custom_airflow-E5ZHcY_K/lib/python3.12/site-packages/airflow/example_dags/example_branch_python_dop_operator_3.py
[2024-07-06T21:57:07.586+0700] {logging_mixin.py:188} INFO - [2024-07-06T21:57:07.585+0700] {dag.py:3096} INFO - Sync 1 DAGs
[2024-07-06T21:57:07.617+0700] {logging_mixin.py:188} INFO - [2024-07-06T21:57:07.617+0700] {dag.py:3954} INFO - Setting next_dagrun for example_branch_dop_operator_v3 to 2024-07-06 14:56:00+00:00, run_after=2024-07-06 14:57:00+00:00
[2024-07-06T21:57:07.642+0700] {processor.py:183} INFO - Processing /home/acer/.local/share/virtualenvs/custom_airflow-E5ZHcY_K/lib/python3.12/site-packages/airflow/example_dags/example_branch_python_dop_operator_3.py took 0.147 seconds
[2024-07-06T21:58:04.834+0700] {processor.py:161} INFO - Started process (PID=14090) to work on /home/acer/.local/share/virtualenvs/custom_airflow-E5ZHcY_K/lib/python3.12/site-packages/airflow/example_dags/example_branch_python_dop_operator_3.py
[2024-07-06T21:58:04.836+0700] {processor.py:830} INFO - Processing file /home/acer/.local/share/virtualenvs/custom_airflow-E5ZHcY_K/lib/python3.12/site-packages/airflow/example_dags/example_branch_python_dop_operator_3.py for tasks to queue
[2024-07-06T21:58:04.840+0700] {logging_mixin.py:188} INFO - [2024-07-06T21:58:04.839+0700] {dagbag.py:545} INFO - Filling up the DagBag from /home/acer/.local/share/virtualenvs/custom_airflow-E5ZHcY_K/lib/python3.12/site-packages/airflow/example_dags/example_branch_python_dop_operator_3.py
[2024-07-06T21:58:04.854+0700] {processor.py:840} INFO - DAG(s) 'example_branch_dop_operator_v3' retrieved from /home/acer/.local/share/virtualenvs/custom_airflow-E5ZHcY_K/lib/python3.12/site-packages/airflow/example_dags/example_branch_python_dop_operator_3.py
[2024-07-06T21:58:04.870+0700] {logging_mixin.py:188} INFO - [2024-07-06T21:58:04.870+0700] {dag.py:3096} INFO - Sync 1 DAGs
[2024-07-06T21:58:04.894+0700] {logging_mixin.py:188} INFO - [2024-07-06T21:58:04.894+0700] {dag.py:3954} INFO - Setting next_dagrun for example_branch_dop_operator_v3 to 2024-07-06 14:57:00+00:00, run_after=2024-07-06 14:58:00+00:00
[2024-07-06T21:58:04.915+0700] {processor.py:183} INFO - Processing /home/acer/.local/share/virtualenvs/custom_airflow-E5ZHcY_K/lib/python3.12/site-packages/airflow/example_dags/example_branch_python_dop_operator_3.py took 0.094 seconds
[2024-07-06T21:59:18.415+0700] {processor.py:161} INFO - Started process (PID=14470) to work on /home/acer/.local/share/virtualenvs/custom_airflow-E5ZHcY_K/lib/python3.12/site-packages/airflow/example_dags/example_branch_python_dop_operator_3.py
[2024-07-06T21:59:18.416+0700] {processor.py:830} INFO - Processing file /home/acer/.local/share/virtualenvs/custom_airflow-E5ZHcY_K/lib/python3.12/site-packages/airflow/example_dags/example_branch_python_dop_operator_3.py for tasks to queue
[2024-07-06T21:59:18.418+0700] {logging_mixin.py:188} INFO - [2024-07-06T21:59:18.418+0700] {dagbag.py:545} INFO - Filling up the DagBag from /home/acer/.local/share/virtualenvs/custom_airflow-E5ZHcY_K/lib/python3.12/site-packages/airflow/example_dags/example_branch_python_dop_operator_3.py
[2024-07-06T21:59:18.427+0700] {processor.py:840} INFO - DAG(s) 'example_branch_dop_operator_v3' retrieved from /home/acer/.local/share/virtualenvs/custom_airflow-E5ZHcY_K/lib/python3.12/site-packages/airflow/example_dags/example_branch_python_dop_operator_3.py
[2024-07-06T21:59:18.442+0700] {logging_mixin.py:188} INFO - [2024-07-06T21:59:18.442+0700] {dag.py:3096} INFO - Sync 1 DAGs
[2024-07-06T21:59:18.466+0700] {logging_mixin.py:188} INFO - [2024-07-06T21:59:18.466+0700] {dag.py:3954} INFO - Setting next_dagrun for example_branch_dop_operator_v3 to 2024-07-06 14:58:00+00:00, run_after=2024-07-06 14:59:00+00:00
[2024-07-06T21:59:18.487+0700] {processor.py:183} INFO - Processing /home/acer/.local/share/virtualenvs/custom_airflow-E5ZHcY_K/lib/python3.12/site-packages/airflow/example_dags/example_branch_python_dop_operator_3.py took 0.077 seconds
[2024-07-06T22:00:33.020+0700] {processor.py:161} INFO - Started process (PID=14952) to work on /home/acer/.local/share/virtualenvs/custom_airflow-E5ZHcY_K/lib/python3.12/site-packages/airflow/example_dags/example_branch_python_dop_operator_3.py
[2024-07-06T22:00:33.022+0700] {processor.py:830} INFO - Processing file /home/acer/.local/share/virtualenvs/custom_airflow-E5ZHcY_K/lib/python3.12/site-packages/airflow/example_dags/example_branch_python_dop_operator_3.py for tasks to queue
[2024-07-06T22:00:33.026+0700] {logging_mixin.py:188} INFO - [2024-07-06T22:00:33.025+0700] {dagbag.py:545} INFO - Filling up the DagBag from /home/acer/.local/share/virtualenvs/custom_airflow-E5ZHcY_K/lib/python3.12/site-packages/airflow/example_dags/example_branch_python_dop_operator_3.py
[2024-07-06T22:00:33.037+0700] {processor.py:840} INFO - DAG(s) 'example_branch_dop_operator_v3' retrieved from /home/acer/.local/share/virtualenvs/custom_airflow-E5ZHcY_K/lib/python3.12/site-packages/airflow/example_dags/example_branch_python_dop_operator_3.py
[2024-07-06T22:00:33.053+0700] {logging_mixin.py:188} INFO - [2024-07-06T22:00:33.053+0700] {dag.py:3096} INFO - Sync 1 DAGs
[2024-07-06T22:00:33.077+0700] {logging_mixin.py:188} INFO - [2024-07-06T22:00:33.077+0700] {dag.py:3954} INFO - Setting next_dagrun for example_branch_dop_operator_v3 to 2024-07-06 14:59:00+00:00, run_after=2024-07-06 15:00:00+00:00
[2024-07-06T22:00:33.098+0700] {processor.py:183} INFO - Processing /home/acer/.local/share/virtualenvs/custom_airflow-E5ZHcY_K/lib/python3.12/site-packages/airflow/example_dags/example_branch_python_dop_operator_3.py took 0.099 seconds
[2024-07-06T22:02:04.144+0700] {processor.py:161} INFO - Started process (PID=15975) to work on /home/acer/.local/share/virtualenvs/custom_airflow-E5ZHcY_K/lib/python3.12/site-packages/airflow/example_dags/example_branch_python_dop_operator_3.py
[2024-07-06T22:02:04.146+0700] {processor.py:830} INFO - Processing file /home/acer/.local/share/virtualenvs/custom_airflow-E5ZHcY_K/lib/python3.12/site-packages/airflow/example_dags/example_branch_python_dop_operator_3.py for tasks to queue
[2024-07-06T22:02:04.149+0700] {logging_mixin.py:188} INFO - [2024-07-06T22:02:04.149+0700] {dagbag.py:545} INFO - Filling up the DagBag from /home/acer/.local/share/virtualenvs/custom_airflow-E5ZHcY_K/lib/python3.12/site-packages/airflow/example_dags/example_branch_python_dop_operator_3.py
[2024-07-06T22:02:04.161+0700] {processor.py:840} INFO - DAG(s) 'example_branch_dop_operator_v3' retrieved from /home/acer/.local/share/virtualenvs/custom_airflow-E5ZHcY_K/lib/python3.12/site-packages/airflow/example_dags/example_branch_python_dop_operator_3.py
[2024-07-06T22:02:04.176+0700] {logging_mixin.py:188} INFO - [2024-07-06T22:02:04.176+0700] {dag.py:3096} INFO - Sync 1 DAGs
[2024-07-06T22:02:04.200+0700] {logging_mixin.py:188} INFO - [2024-07-06T22:02:04.200+0700] {dag.py:3954} INFO - Setting next_dagrun for example_branch_dop_operator_v3 to 2024-07-06 15:01:00+00:00, run_after=2024-07-06 15:02:00+00:00
[2024-07-06T22:02:04.220+0700] {processor.py:183} INFO - Processing /home/acer/.local/share/virtualenvs/custom_airflow-E5ZHcY_K/lib/python3.12/site-packages/airflow/example_dags/example_branch_python_dop_operator_3.py took 0.092 seconds
[2024-07-06T22:03:03.848+0700] {processor.py:161} INFO - Started process (PID=16360) to work on /home/acer/.local/share/virtualenvs/custom_airflow-E5ZHcY_K/lib/python3.12/site-packages/airflow/example_dags/example_branch_python_dop_operator_3.py
[2024-07-06T22:03:03.851+0700] {processor.py:830} INFO - Processing file /home/acer/.local/share/virtualenvs/custom_airflow-E5ZHcY_K/lib/python3.12/site-packages/airflow/example_dags/example_branch_python_dop_operator_3.py for tasks to queue
[2024-07-06T22:03:03.855+0700] {logging_mixin.py:188} INFO - [2024-07-06T22:03:03.854+0700] {dagbag.py:545} INFO - Filling up the DagBag from /home/acer/.local/share/virtualenvs/custom_airflow-E5ZHcY_K/lib/python3.12/site-packages/airflow/example_dags/example_branch_python_dop_operator_3.py
[2024-07-06T22:03:03.869+0700] {processor.py:840} INFO - DAG(s) 'example_branch_dop_operator_v3' retrieved from /home/acer/.local/share/virtualenvs/custom_airflow-E5ZHcY_K/lib/python3.12/site-packages/airflow/example_dags/example_branch_python_dop_operator_3.py
[2024-07-06T22:03:03.888+0700] {logging_mixin.py:188} INFO - [2024-07-06T22:03:03.887+0700] {dag.py:3096} INFO - Sync 1 DAGs
[2024-07-06T22:03:03.913+0700] {logging_mixin.py:188} INFO - [2024-07-06T22:03:03.913+0700] {dag.py:3954} INFO - Setting next_dagrun for example_branch_dop_operator_v3 to 2024-07-06 15:02:00+00:00, run_after=2024-07-06 15:03:00+00:00
[2024-07-06T22:03:03.934+0700] {processor.py:183} INFO - Processing /home/acer/.local/share/virtualenvs/custom_airflow-E5ZHcY_K/lib/python3.12/site-packages/airflow/example_dags/example_branch_python_dop_operator_3.py took 0.105 seconds
[2024-07-06T22:04:53.777+0700] {processor.py:161} INFO - Started process (PID=17345) to work on /home/acer/.local/share/virtualenvs/custom_airflow-E5ZHcY_K/lib/python3.12/site-packages/airflow/example_dags/example_branch_python_dop_operator_3.py
[2024-07-06T22:04:53.778+0700] {processor.py:830} INFO - Processing file /home/acer/.local/share/virtualenvs/custom_airflow-E5ZHcY_K/lib/python3.12/site-packages/airflow/example_dags/example_branch_python_dop_operator_3.py for tasks to queue
[2024-07-06T22:04:53.780+0700] {logging_mixin.py:188} INFO - [2024-07-06T22:04:53.779+0700] {dagbag.py:545} INFO - Filling up the DagBag from /home/acer/.local/share/virtualenvs/custom_airflow-E5ZHcY_K/lib/python3.12/site-packages/airflow/example_dags/example_branch_python_dop_operator_3.py
[2024-07-06T22:04:53.788+0700] {processor.py:840} INFO - DAG(s) 'example_branch_dop_operator_v3' retrieved from /home/acer/.local/share/virtualenvs/custom_airflow-E5ZHcY_K/lib/python3.12/site-packages/airflow/example_dags/example_branch_python_dop_operator_3.py
[2024-07-06T22:04:53.805+0700] {logging_mixin.py:188} INFO - [2024-07-06T22:04:53.804+0700] {dag.py:3096} INFO - Sync 1 DAGs
[2024-07-06T22:04:53.833+0700] {logging_mixin.py:188} INFO - [2024-07-06T22:04:53.833+0700] {dag.py:3954} INFO - Setting next_dagrun for example_branch_dop_operator_v3 to 2024-07-06 15:03:00+00:00, run_after=2024-07-06 15:04:00+00:00
[2024-07-06T22:04:53.856+0700] {processor.py:183} INFO - Processing /home/acer/.local/share/virtualenvs/custom_airflow-E5ZHcY_K/lib/python3.12/site-packages/airflow/example_dags/example_branch_python_dop_operator_3.py took 0.085 seconds
[2024-07-06T22:06:14.845+0700] {processor.py:161} INFO - Started process (PID=17918) to work on /home/acer/.local/share/virtualenvs/custom_airflow-E5ZHcY_K/lib/python3.12/site-packages/airflow/example_dags/example_branch_python_dop_operator_3.py
[2024-07-06T22:06:14.847+0700] {processor.py:830} INFO - Processing file /home/acer/.local/share/virtualenvs/custom_airflow-E5ZHcY_K/lib/python3.12/site-packages/airflow/example_dags/example_branch_python_dop_operator_3.py for tasks to queue
[2024-07-06T22:06:14.851+0700] {logging_mixin.py:188} INFO - [2024-07-06T22:06:14.851+0700] {dagbag.py:545} INFO - Filling up the DagBag from /home/acer/.local/share/virtualenvs/custom_airflow-E5ZHcY_K/lib/python3.12/site-packages/airflow/example_dags/example_branch_python_dop_operator_3.py
[2024-07-06T22:06:14.864+0700] {processor.py:840} INFO - DAG(s) 'example_branch_dop_operator_v3' retrieved from /home/acer/.local/share/virtualenvs/custom_airflow-E5ZHcY_K/lib/python3.12/site-packages/airflow/example_dags/example_branch_python_dop_operator_3.py
[2024-07-06T22:06:14.879+0700] {logging_mixin.py:188} INFO - [2024-07-06T22:06:14.879+0700] {dag.py:3096} INFO - Sync 1 DAGs
[2024-07-06T22:06:14.903+0700] {logging_mixin.py:188} INFO - [2024-07-06T22:06:14.903+0700] {dag.py:3954} INFO - Setting next_dagrun for example_branch_dop_operator_v3 to 2024-07-06 15:05:00+00:00, run_after=2024-07-06 15:06:00+00:00
[2024-07-06T22:06:14.925+0700] {processor.py:183} INFO - Processing /home/acer/.local/share/virtualenvs/custom_airflow-E5ZHcY_K/lib/python3.12/site-packages/airflow/example_dags/example_branch_python_dop_operator_3.py took 0.094 seconds
[2024-07-06T22:07:30.734+0700] {processor.py:161} INFO - Started process (PID=18582) to work on /home/acer/.local/share/virtualenvs/custom_airflow-E5ZHcY_K/lib/python3.12/site-packages/airflow/example_dags/example_branch_python_dop_operator_3.py
[2024-07-06T22:07:30.736+0700] {processor.py:830} INFO - Processing file /home/acer/.local/share/virtualenvs/custom_airflow-E5ZHcY_K/lib/python3.12/site-packages/airflow/example_dags/example_branch_python_dop_operator_3.py for tasks to queue
[2024-07-06T22:07:30.739+0700] {logging_mixin.py:188} INFO - [2024-07-06T22:07:30.738+0700] {dagbag.py:545} INFO - Filling up the DagBag from /home/acer/.local/share/virtualenvs/custom_airflow-E5ZHcY_K/lib/python3.12/site-packages/airflow/example_dags/example_branch_python_dop_operator_3.py
[2024-07-06T22:07:30.754+0700] {processor.py:840} INFO - DAG(s) 'example_branch_dop_operator_v3' retrieved from /home/acer/.local/share/virtualenvs/custom_airflow-E5ZHcY_K/lib/python3.12/site-packages/airflow/example_dags/example_branch_python_dop_operator_3.py
[2024-07-06T22:07:30.787+0700] {logging_mixin.py:188} INFO - [2024-07-06T22:07:30.787+0700] {dag.py:3096} INFO - Sync 1 DAGs
[2024-07-06T22:07:30.839+0700] {logging_mixin.py:188} INFO - [2024-07-06T22:07:30.838+0700] {dag.py:3954} INFO - Setting next_dagrun for example_branch_dop_operator_v3 to 2024-07-06 15:06:00+00:00, run_after=2024-07-06 15:07:00+00:00
[2024-07-06T22:07:30.906+0700] {processor.py:183} INFO - Processing /home/acer/.local/share/virtualenvs/custom_airflow-E5ZHcY_K/lib/python3.12/site-packages/airflow/example_dags/example_branch_python_dop_operator_3.py took 0.181 seconds
[2024-07-06T22:08:27.181+0700] {processor.py:161} INFO - Started process (PID=18864) to work on /home/acer/.local/share/virtualenvs/custom_airflow-E5ZHcY_K/lib/python3.12/site-packages/airflow/example_dags/example_branch_python_dop_operator_3.py
[2024-07-06T22:08:27.182+0700] {processor.py:830} INFO - Processing file /home/acer/.local/share/virtualenvs/custom_airflow-E5ZHcY_K/lib/python3.12/site-packages/airflow/example_dags/example_branch_python_dop_operator_3.py for tasks to queue
[2024-07-06T22:08:27.184+0700] {logging_mixin.py:188} INFO - [2024-07-06T22:08:27.184+0700] {dagbag.py:545} INFO - Filling up the DagBag from /home/acer/.local/share/virtualenvs/custom_airflow-E5ZHcY_K/lib/python3.12/site-packages/airflow/example_dags/example_branch_python_dop_operator_3.py
[2024-07-06T22:08:27.194+0700] {processor.py:840} INFO - DAG(s) 'example_branch_dop_operator_v3' retrieved from /home/acer/.local/share/virtualenvs/custom_airflow-E5ZHcY_K/lib/python3.12/site-packages/airflow/example_dags/example_branch_python_dop_operator_3.py
[2024-07-06T22:08:27.210+0700] {logging_mixin.py:188} INFO - [2024-07-06T22:08:27.209+0700] {dag.py:3096} INFO - Sync 1 DAGs
[2024-07-06T22:08:27.253+0700] {logging_mixin.py:188} INFO - [2024-07-06T22:08:27.252+0700] {dag.py:3954} INFO - Setting next_dagrun for example_branch_dop_operator_v3 to 2024-07-06 15:07:00+00:00, run_after=2024-07-06 15:08:00+00:00
[2024-07-06T22:08:27.297+0700] {processor.py:183} INFO - Processing /home/acer/.local/share/virtualenvs/custom_airflow-E5ZHcY_K/lib/python3.12/site-packages/airflow/example_dags/example_branch_python_dop_operator_3.py took 0.122 seconds
[2024-07-06T22:09:23.534+0700] {processor.py:161} INFO - Started process (PID=19183) to work on /home/acer/.local/share/virtualenvs/custom_airflow-E5ZHcY_K/lib/python3.12/site-packages/airflow/example_dags/example_branch_python_dop_operator_3.py
[2024-07-06T22:09:23.536+0700] {processor.py:830} INFO - Processing file /home/acer/.local/share/virtualenvs/custom_airflow-E5ZHcY_K/lib/python3.12/site-packages/airflow/example_dags/example_branch_python_dop_operator_3.py for tasks to queue
[2024-07-06T22:09:23.538+0700] {logging_mixin.py:188} INFO - [2024-07-06T22:09:23.537+0700] {dagbag.py:545} INFO - Filling up the DagBag from /home/acer/.local/share/virtualenvs/custom_airflow-E5ZHcY_K/lib/python3.12/site-packages/airflow/example_dags/example_branch_python_dop_operator_3.py
[2024-07-06T22:09:23.551+0700] {processor.py:840} INFO - DAG(s) 'example_branch_dop_operator_v3' retrieved from /home/acer/.local/share/virtualenvs/custom_airflow-E5ZHcY_K/lib/python3.12/site-packages/airflow/example_dags/example_branch_python_dop_operator_3.py
[2024-07-06T22:09:23.570+0700] {logging_mixin.py:188} INFO - [2024-07-06T22:09:23.570+0700] {dag.py:3096} INFO - Sync 1 DAGs
[2024-07-06T22:09:23.605+0700] {logging_mixin.py:188} INFO - [2024-07-06T22:09:23.604+0700] {dag.py:3954} INFO - Setting next_dagrun for example_branch_dop_operator_v3 to 2024-07-06 15:08:00+00:00, run_after=2024-07-06 15:09:00+00:00
[2024-07-06T22:09:23.635+0700] {processor.py:183} INFO - Processing /home/acer/.local/share/virtualenvs/custom_airflow-E5ZHcY_K/lib/python3.12/site-packages/airflow/example_dags/example_branch_python_dop_operator_3.py took 0.107 seconds
[2024-07-06T22:10:25.436+0700] {processor.py:161} INFO - Started process (PID=19510) to work on /home/acer/.local/share/virtualenvs/custom_airflow-E5ZHcY_K/lib/python3.12/site-packages/airflow/example_dags/example_branch_python_dop_operator_3.py
[2024-07-06T22:10:25.438+0700] {processor.py:830} INFO - Processing file /home/acer/.local/share/virtualenvs/custom_airflow-E5ZHcY_K/lib/python3.12/site-packages/airflow/example_dags/example_branch_python_dop_operator_3.py for tasks to queue
[2024-07-06T22:10:25.451+0700] {logging_mixin.py:188} INFO - [2024-07-06T22:10:25.450+0700] {dagbag.py:545} INFO - Filling up the DagBag from /home/acer/.local/share/virtualenvs/custom_airflow-E5ZHcY_K/lib/python3.12/site-packages/airflow/example_dags/example_branch_python_dop_operator_3.py
[2024-07-06T22:10:25.482+0700] {processor.py:840} INFO - DAG(s) 'example_branch_dop_operator_v3' retrieved from /home/acer/.local/share/virtualenvs/custom_airflow-E5ZHcY_K/lib/python3.12/site-packages/airflow/example_dags/example_branch_python_dop_operator_3.py
[2024-07-06T22:10:25.517+0700] {logging_mixin.py:188} INFO - [2024-07-06T22:10:25.516+0700] {dag.py:3096} INFO - Sync 1 DAGs
[2024-07-06T22:10:25.605+0700] {logging_mixin.py:188} INFO - [2024-07-06T22:10:25.605+0700] {dag.py:3954} INFO - Setting next_dagrun for example_branch_dop_operator_v3 to 2024-07-06 15:09:00+00:00, run_after=2024-07-06 15:10:00+00:00
[2024-07-06T22:10:25.676+0700] {processor.py:183} INFO - Processing /home/acer/.local/share/virtualenvs/custom_airflow-E5ZHcY_K/lib/python3.12/site-packages/airflow/example_dags/example_branch_python_dop_operator_3.py took 0.249 seconds
[2024-07-06T22:11:29.457+0700] {processor.py:161} INFO - Started process (PID=19876) to work on /home/acer/.local/share/virtualenvs/custom_airflow-E5ZHcY_K/lib/python3.12/site-packages/airflow/example_dags/example_branch_python_dop_operator_3.py
[2024-07-06T22:11:29.459+0700] {processor.py:830} INFO - Processing file /home/acer/.local/share/virtualenvs/custom_airflow-E5ZHcY_K/lib/python3.12/site-packages/airflow/example_dags/example_branch_python_dop_operator_3.py for tasks to queue
[2024-07-06T22:11:29.462+0700] {logging_mixin.py:188} INFO - [2024-07-06T22:11:29.461+0700] {dagbag.py:545} INFO - Filling up the DagBag from /home/acer/.local/share/virtualenvs/custom_airflow-E5ZHcY_K/lib/python3.12/site-packages/airflow/example_dags/example_branch_python_dop_operator_3.py
[2024-07-06T22:11:29.473+0700] {processor.py:840} INFO - DAG(s) 'example_branch_dop_operator_v3' retrieved from /home/acer/.local/share/virtualenvs/custom_airflow-E5ZHcY_K/lib/python3.12/site-packages/airflow/example_dags/example_branch_python_dop_operator_3.py
[2024-07-06T22:11:29.491+0700] {logging_mixin.py:188} INFO - [2024-07-06T22:11:29.491+0700] {dag.py:3096} INFO - Sync 1 DAGs
[2024-07-06T22:11:29.524+0700] {logging_mixin.py:188} INFO - [2024-07-06T22:11:29.523+0700] {dag.py:3954} INFO - Setting next_dagrun for example_branch_dop_operator_v3 to 2024-07-06 15:10:00+00:00, run_after=2024-07-06 15:11:00+00:00
[2024-07-06T22:11:29.556+0700] {processor.py:183} INFO - Processing /home/acer/.local/share/virtualenvs/custom_airflow-E5ZHcY_K/lib/python3.12/site-packages/airflow/example_dags/example_branch_python_dop_operator_3.py took 0.104 seconds
[2024-07-06T22:12:28.766+0700] {processor.py:161} INFO - Started process (PID=20204) to work on /home/acer/.local/share/virtualenvs/custom_airflow-E5ZHcY_K/lib/python3.12/site-packages/airflow/example_dags/example_branch_python_dop_operator_3.py
[2024-07-06T22:12:28.767+0700] {processor.py:830} INFO - Processing file /home/acer/.local/share/virtualenvs/custom_airflow-E5ZHcY_K/lib/python3.12/site-packages/airflow/example_dags/example_branch_python_dop_operator_3.py for tasks to queue
[2024-07-06T22:12:28.770+0700] {logging_mixin.py:188} INFO - [2024-07-06T22:12:28.769+0700] {dagbag.py:545} INFO - Filling up the DagBag from /home/acer/.local/share/virtualenvs/custom_airflow-E5ZHcY_K/lib/python3.12/site-packages/airflow/example_dags/example_branch_python_dop_operator_3.py
[2024-07-06T22:12:28.784+0700] {processor.py:840} INFO - DAG(s) 'example_branch_dop_operator_v3' retrieved from /home/acer/.local/share/virtualenvs/custom_airflow-E5ZHcY_K/lib/python3.12/site-packages/airflow/example_dags/example_branch_python_dop_operator_3.py
[2024-07-06T22:12:28.806+0700] {logging_mixin.py:188} INFO - [2024-07-06T22:12:28.805+0700] {dag.py:3096} INFO - Sync 1 DAGs
[2024-07-06T22:12:28.835+0700] {logging_mixin.py:188} INFO - [2024-07-06T22:12:28.835+0700] {dag.py:3954} INFO - Setting next_dagrun for example_branch_dop_operator_v3 to 2024-07-06 15:11:00+00:00, run_after=2024-07-06 15:12:00+00:00
[2024-07-06T22:12:28.868+0700] {processor.py:183} INFO - Processing /home/acer/.local/share/virtualenvs/custom_airflow-E5ZHcY_K/lib/python3.12/site-packages/airflow/example_dags/example_branch_python_dop_operator_3.py took 0.116 seconds
[2024-07-06T22:13:28.018+0700] {processor.py:161} INFO - Started process (PID=20578) to work on /home/acer/.local/share/virtualenvs/custom_airflow-E5ZHcY_K/lib/python3.12/site-packages/airflow/example_dags/example_branch_python_dop_operator_3.py
[2024-07-06T22:13:28.020+0700] {processor.py:830} INFO - Processing file /home/acer/.local/share/virtualenvs/custom_airflow-E5ZHcY_K/lib/python3.12/site-packages/airflow/example_dags/example_branch_python_dop_operator_3.py for tasks to queue
[2024-07-06T22:13:28.023+0700] {logging_mixin.py:188} INFO - [2024-07-06T22:13:28.022+0700] {dagbag.py:545} INFO - Filling up the DagBag from /home/acer/.local/share/virtualenvs/custom_airflow-E5ZHcY_K/lib/python3.12/site-packages/airflow/example_dags/example_branch_python_dop_operator_3.py
[2024-07-06T22:13:28.038+0700] {processor.py:840} INFO - DAG(s) 'example_branch_dop_operator_v3' retrieved from /home/acer/.local/share/virtualenvs/custom_airflow-E5ZHcY_K/lib/python3.12/site-packages/airflow/example_dags/example_branch_python_dop_operator_3.py
[2024-07-06T22:13:28.058+0700] {logging_mixin.py:188} INFO - [2024-07-06T22:13:28.058+0700] {dag.py:3096} INFO - Sync 1 DAGs
[2024-07-06T22:13:28.095+0700] {logging_mixin.py:188} INFO - [2024-07-06T22:13:28.094+0700] {dag.py:3954} INFO - Setting next_dagrun for example_branch_dop_operator_v3 to 2024-07-06 15:12:00+00:00, run_after=2024-07-06 15:13:00+00:00
[2024-07-06T22:13:28.125+0700] {processor.py:183} INFO - Processing /home/acer/.local/share/virtualenvs/custom_airflow-E5ZHcY_K/lib/python3.12/site-packages/airflow/example_dags/example_branch_python_dop_operator_3.py took 0.132 seconds
[2024-07-06T22:14:27.975+0700] {processor.py:161} INFO - Started process (PID=20913) to work on /home/acer/.local/share/virtualenvs/custom_airflow-E5ZHcY_K/lib/python3.12/site-packages/airflow/example_dags/example_branch_python_dop_operator_3.py
[2024-07-06T22:14:27.979+0700] {processor.py:830} INFO - Processing file /home/acer/.local/share/virtualenvs/custom_airflow-E5ZHcY_K/lib/python3.12/site-packages/airflow/example_dags/example_branch_python_dop_operator_3.py for tasks to queue
[2024-07-06T22:14:27.982+0700] {logging_mixin.py:188} INFO - [2024-07-06T22:14:27.982+0700] {dagbag.py:545} INFO - Filling up the DagBag from /home/acer/.local/share/virtualenvs/custom_airflow-E5ZHcY_K/lib/python3.12/site-packages/airflow/example_dags/example_branch_python_dop_operator_3.py
[2024-07-06T22:14:27.996+0700] {processor.py:840} INFO - DAG(s) 'example_branch_dop_operator_v3' retrieved from /home/acer/.local/share/virtualenvs/custom_airflow-E5ZHcY_K/lib/python3.12/site-packages/airflow/example_dags/example_branch_python_dop_operator_3.py
[2024-07-06T22:14:28.018+0700] {logging_mixin.py:188} INFO - [2024-07-06T22:14:28.017+0700] {dag.py:3096} INFO - Sync 1 DAGs
[2024-07-06T22:14:28.059+0700] {logging_mixin.py:188} INFO - [2024-07-06T22:14:28.058+0700] {dag.py:3954} INFO - Setting next_dagrun for example_branch_dop_operator_v3 to 2024-07-06 15:13:00+00:00, run_after=2024-07-06 15:14:00+00:00
[2024-07-06T22:14:28.095+0700] {processor.py:183} INFO - Processing /home/acer/.local/share/virtualenvs/custom_airflow-E5ZHcY_K/lib/python3.12/site-packages/airflow/example_dags/example_branch_python_dop_operator_3.py took 0.136 seconds
[2024-07-06T22:15:32.541+0700] {processor.py:161} INFO - Started process (PID=21309) to work on /home/acer/.local/share/virtualenvs/custom_airflow-E5ZHcY_K/lib/python3.12/site-packages/airflow/example_dags/example_branch_python_dop_operator_3.py
[2024-07-06T22:15:32.544+0700] {processor.py:830} INFO - Processing file /home/acer/.local/share/virtualenvs/custom_airflow-E5ZHcY_K/lib/python3.12/site-packages/airflow/example_dags/example_branch_python_dop_operator_3.py for tasks to queue
[2024-07-06T22:15:32.550+0700] {logging_mixin.py:188} INFO - [2024-07-06T22:15:32.549+0700] {dagbag.py:545} INFO - Filling up the DagBag from /home/acer/.local/share/virtualenvs/custom_airflow-E5ZHcY_K/lib/python3.12/site-packages/airflow/example_dags/example_branch_python_dop_operator_3.py
[2024-07-06T22:15:32.580+0700] {processor.py:840} INFO - DAG(s) 'example_branch_dop_operator_v3' retrieved from /home/acer/.local/share/virtualenvs/custom_airflow-E5ZHcY_K/lib/python3.12/site-packages/airflow/example_dags/example_branch_python_dop_operator_3.py
[2024-07-06T22:15:32.602+0700] {logging_mixin.py:188} INFO - [2024-07-06T22:15:32.602+0700] {dag.py:3096} INFO - Sync 1 DAGs
[2024-07-06T22:15:32.637+0700] {logging_mixin.py:188} INFO - [2024-07-06T22:15:32.637+0700] {dag.py:3954} INFO - Setting next_dagrun for example_branch_dop_operator_v3 to 2024-07-06 15:14:00+00:00, run_after=2024-07-06 15:15:00+00:00
[2024-07-06T22:15:32.669+0700] {processor.py:183} INFO - Processing /home/acer/.local/share/virtualenvs/custom_airflow-E5ZHcY_K/lib/python3.12/site-packages/airflow/example_dags/example_branch_python_dop_operator_3.py took 0.156 seconds
[2024-07-06T22:16:30.392+0700] {processor.py:161} INFO - Started process (PID=21609) to work on /home/acer/.local/share/virtualenvs/custom_airflow-E5ZHcY_K/lib/python3.12/site-packages/airflow/example_dags/example_branch_python_dop_operator_3.py
[2024-07-06T22:16:30.394+0700] {processor.py:830} INFO - Processing file /home/acer/.local/share/virtualenvs/custom_airflow-E5ZHcY_K/lib/python3.12/site-packages/airflow/example_dags/example_branch_python_dop_operator_3.py for tasks to queue
[2024-07-06T22:16:30.399+0700] {logging_mixin.py:188} INFO - [2024-07-06T22:16:30.399+0700] {dagbag.py:545} INFO - Filling up the DagBag from /home/acer/.local/share/virtualenvs/custom_airflow-E5ZHcY_K/lib/python3.12/site-packages/airflow/example_dags/example_branch_python_dop_operator_3.py
[2024-07-06T22:16:30.414+0700] {processor.py:840} INFO - DAG(s) 'example_branch_dop_operator_v3' retrieved from /home/acer/.local/share/virtualenvs/custom_airflow-E5ZHcY_K/lib/python3.12/site-packages/airflow/example_dags/example_branch_python_dop_operator_3.py
[2024-07-06T22:16:30.441+0700] {logging_mixin.py:188} INFO - [2024-07-06T22:16:30.441+0700] {dag.py:3096} INFO - Sync 1 DAGs
[2024-07-06T22:16:30.488+0700] {logging_mixin.py:188} INFO - [2024-07-06T22:16:30.487+0700] {dag.py:3954} INFO - Setting next_dagrun for example_branch_dop_operator_v3 to 2024-07-06 15:15:00+00:00, run_after=2024-07-06 15:16:00+00:00
[2024-07-06T22:16:30.517+0700] {processor.py:183} INFO - Processing /home/acer/.local/share/virtualenvs/custom_airflow-E5ZHcY_K/lib/python3.12/site-packages/airflow/example_dags/example_branch_python_dop_operator_3.py took 0.136 seconds
[2024-07-06T22:17:53.847+0700] {processor.py:161} INFO - Started process (PID=22055) to work on /home/acer/.local/share/virtualenvs/custom_airflow-E5ZHcY_K/lib/python3.12/site-packages/airflow/example_dags/example_branch_python_dop_operator_3.py
[2024-07-06T22:17:53.848+0700] {processor.py:830} INFO - Processing file /home/acer/.local/share/virtualenvs/custom_airflow-E5ZHcY_K/lib/python3.12/site-packages/airflow/example_dags/example_branch_python_dop_operator_3.py for tasks to queue
[2024-07-06T22:17:53.852+0700] {logging_mixin.py:188} INFO - [2024-07-06T22:17:53.851+0700] {dagbag.py:545} INFO - Filling up the DagBag from /home/acer/.local/share/virtualenvs/custom_airflow-E5ZHcY_K/lib/python3.12/site-packages/airflow/example_dags/example_branch_python_dop_operator_3.py
[2024-07-06T22:17:53.864+0700] {processor.py:840} INFO - DAG(s) 'example_branch_dop_operator_v3' retrieved from /home/acer/.local/share/virtualenvs/custom_airflow-E5ZHcY_K/lib/python3.12/site-packages/airflow/example_dags/example_branch_python_dop_operator_3.py
[2024-07-06T22:17:53.895+0700] {logging_mixin.py:188} INFO - [2024-07-06T22:17:53.895+0700] {dag.py:3096} INFO - Sync 1 DAGs
[2024-07-06T22:17:53.936+0700] {logging_mixin.py:188} INFO - [2024-07-06T22:17:53.935+0700] {dag.py:3954} INFO - Setting next_dagrun for example_branch_dop_operator_v3 to 2024-07-06 15:16:00+00:00, run_after=2024-07-06 15:17:00+00:00
[2024-07-06T22:17:54.079+0700] {processor.py:183} INFO - Processing /home/acer/.local/share/virtualenvs/custom_airflow-E5ZHcY_K/lib/python3.12/site-packages/airflow/example_dags/example_branch_python_dop_operator_3.py took 0.240 seconds
[2024-07-06T22:18:57.288+0700] {processor.py:161} INFO - Started process (PID=22390) to work on /home/acer/.local/share/virtualenvs/custom_airflow-E5ZHcY_K/lib/python3.12/site-packages/airflow/example_dags/example_branch_python_dop_operator_3.py
[2024-07-06T22:18:57.289+0700] {processor.py:830} INFO - Processing file /home/acer/.local/share/virtualenvs/custom_airflow-E5ZHcY_K/lib/python3.12/site-packages/airflow/example_dags/example_branch_python_dop_operator_3.py for tasks to queue
[2024-07-06T22:18:57.292+0700] {logging_mixin.py:188} INFO - [2024-07-06T22:18:57.291+0700] {dagbag.py:545} INFO - Filling up the DagBag from /home/acer/.local/share/virtualenvs/custom_airflow-E5ZHcY_K/lib/python3.12/site-packages/airflow/example_dags/example_branch_python_dop_operator_3.py
[2024-07-06T22:18:57.302+0700] {processor.py:840} INFO - DAG(s) 'example_branch_dop_operator_v3' retrieved from /home/acer/.local/share/virtualenvs/custom_airflow-E5ZHcY_K/lib/python3.12/site-packages/airflow/example_dags/example_branch_python_dop_operator_3.py
[2024-07-06T22:18:57.320+0700] {logging_mixin.py:188} INFO - [2024-07-06T22:18:57.320+0700] {dag.py:3096} INFO - Sync 1 DAGs
[2024-07-06T22:18:57.355+0700] {logging_mixin.py:188} INFO - [2024-07-06T22:18:57.355+0700] {dag.py:3954} INFO - Setting next_dagrun for example_branch_dop_operator_v3 to 2024-07-06 15:17:00+00:00, run_after=2024-07-06 15:18:00+00:00
[2024-07-06T22:18:57.382+0700] {processor.py:183} INFO - Processing /home/acer/.local/share/virtualenvs/custom_airflow-E5ZHcY_K/lib/python3.12/site-packages/airflow/example_dags/example_branch_python_dop_operator_3.py took 0.100 seconds
[2024-07-06T22:19:58.434+0700] {processor.py:161} INFO - Started process (PID=22732) to work on /home/acer/.local/share/virtualenvs/custom_airflow-E5ZHcY_K/lib/python3.12/site-packages/airflow/example_dags/example_branch_python_dop_operator_3.py
[2024-07-06T22:19:58.436+0700] {processor.py:830} INFO - Processing file /home/acer/.local/share/virtualenvs/custom_airflow-E5ZHcY_K/lib/python3.12/site-packages/airflow/example_dags/example_branch_python_dop_operator_3.py for tasks to queue
[2024-07-06T22:19:58.442+0700] {logging_mixin.py:188} INFO - [2024-07-06T22:19:58.440+0700] {dagbag.py:545} INFO - Filling up the DagBag from /home/acer/.local/share/virtualenvs/custom_airflow-E5ZHcY_K/lib/python3.12/site-packages/airflow/example_dags/example_branch_python_dop_operator_3.py
[2024-07-06T22:19:58.461+0700] {processor.py:840} INFO - DAG(s) 'example_branch_dop_operator_v3' retrieved from /home/acer/.local/share/virtualenvs/custom_airflow-E5ZHcY_K/lib/python3.12/site-packages/airflow/example_dags/example_branch_python_dop_operator_3.py
[2024-07-06T22:19:58.488+0700] {logging_mixin.py:188} INFO - [2024-07-06T22:19:58.488+0700] {dag.py:3096} INFO - Sync 1 DAGs
[2024-07-06T22:19:58.524+0700] {logging_mixin.py:188} INFO - [2024-07-06T22:19:58.524+0700] {dag.py:3954} INFO - Setting next_dagrun for example_branch_dop_operator_v3 to 2024-07-06 15:18:00+00:00, run_after=2024-07-06 15:19:00+00:00
[2024-07-06T22:19:58.553+0700] {processor.py:183} INFO - Processing /home/acer/.local/share/virtualenvs/custom_airflow-E5ZHcY_K/lib/python3.12/site-packages/airflow/example_dags/example_branch_python_dop_operator_3.py took 0.136 seconds
[2024-07-06T22:20:59.809+0700] {processor.py:161} INFO - Started process (PID=23029) to work on /home/acer/.local/share/virtualenvs/custom_airflow-E5ZHcY_K/lib/python3.12/site-packages/airflow/example_dags/example_branch_python_dop_operator_3.py
[2024-07-06T22:20:59.811+0700] {processor.py:830} INFO - Processing file /home/acer/.local/share/virtualenvs/custom_airflow-E5ZHcY_K/lib/python3.12/site-packages/airflow/example_dags/example_branch_python_dop_operator_3.py for tasks to queue
[2024-07-06T22:20:59.815+0700] {logging_mixin.py:188} INFO - [2024-07-06T22:20:59.814+0700] {dagbag.py:545} INFO - Filling up the DagBag from /home/acer/.local/share/virtualenvs/custom_airflow-E5ZHcY_K/lib/python3.12/site-packages/airflow/example_dags/example_branch_python_dop_operator_3.py
[2024-07-06T22:20:59.828+0700] {processor.py:840} INFO - DAG(s) 'example_branch_dop_operator_v3' retrieved from /home/acer/.local/share/virtualenvs/custom_airflow-E5ZHcY_K/lib/python3.12/site-packages/airflow/example_dags/example_branch_python_dop_operator_3.py
[2024-07-06T22:20:59.852+0700] {logging_mixin.py:188} INFO - [2024-07-06T22:20:59.852+0700] {dag.py:3096} INFO - Sync 1 DAGs
[2024-07-06T22:20:59.884+0700] {logging_mixin.py:188} INFO - [2024-07-06T22:20:59.884+0700] {dag.py:3954} INFO - Setting next_dagrun for example_branch_dop_operator_v3 to 2024-07-06 15:19:00+00:00, run_after=2024-07-06 15:20:00+00:00
[2024-07-06T22:20:59.932+0700] {processor.py:183} INFO - Processing /home/acer/.local/share/virtualenvs/custom_airflow-E5ZHcY_K/lib/python3.12/site-packages/airflow/example_dags/example_branch_python_dop_operator_3.py took 0.144 seconds
