[2024-07-06T16:09:32.405+0700] {processor.py:161} INFO - Started process (PID=51485) to work on /home/acer/.local/share/virtualenvs/custom_airflow-E5ZHcY_K/lib/python3.12/site-packages/airflow/example_dags/example_branch_operator_decorator.py
[2024-07-06T16:09:32.406+0700] {processor.py:830} INFO - Processing file /home/acer/.local/share/virtualenvs/custom_airflow-E5ZHcY_K/lib/python3.12/site-packages/airflow/example_dags/example_branch_operator_decorator.py for tasks to queue
[2024-07-06T16:09:32.407+0700] {logging_mixin.py:188} INFO - [2024-07-06T16:09:32.407+0700] {dagbag.py:545} INFO - Filling up the DagBag from /home/acer/.local/share/virtualenvs/custom_airflow-E5ZHcY_K/lib/python3.12/site-packages/airflow/example_dags/example_branch_operator_decorator.py
[2024-07-06T16:09:32.430+0700] {processor.py:840} INFO - DAG(s) 'example_branch_python_operator_decorator' retrieved from /home/acer/.local/share/virtualenvs/custom_airflow-E5ZHcY_K/lib/python3.12/site-packages/airflow/example_dags/example_branch_operator_decorator.py
[2024-07-06T16:09:32.552+0700] {logging_mixin.py:188} INFO - [2024-07-06T16:09:32.550+0700] {override.py:1847} INFO - Created Permission View: can delete on DAG:example_branch_python_operator_decorator
[2024-07-06T16:09:32.571+0700] {logging_mixin.py:188} INFO - [2024-07-06T16:09:32.570+0700] {override.py:1847} INFO - Created Permission View: can edit on DAG:example_branch_python_operator_decorator
[2024-07-06T16:09:32.579+0700] {logging_mixin.py:188} INFO - [2024-07-06T16:09:32.579+0700] {override.py:1847} INFO - Created Permission View: can read on DAG:example_branch_python_operator_decorator
[2024-07-06T16:09:32.580+0700] {logging_mixin.py:188} INFO - [2024-07-06T16:09:32.580+0700] {dag.py:3096} INFO - Sync 1 DAGs
[2024-07-06T16:09:32.590+0700] {logging_mixin.py:188} INFO - [2024-07-06T16:09:32.590+0700] {dag.py:3118} INFO - Creating ORM DAG for example_branch_python_operator_decorator
[2024-07-06T16:09:32.603+0700] {logging_mixin.py:188} INFO - [2024-07-06T16:09:32.602+0700] {dag.py:3954} INFO - Setting next_dagrun for example_branch_python_operator_decorator to 2024-07-05 00:00:00+00:00, run_after=2024-07-06 00:00:00+00:00
[2024-07-06T16:09:32.631+0700] {processor.py:183} INFO - Processing /home/acer/.local/share/virtualenvs/custom_airflow-E5ZHcY_K/lib/python3.12/site-packages/airflow/example_dags/example_branch_operator_decorator.py took 0.234 seconds
[2024-07-06T16:11:20.104+0700] {processor.py:161} INFO - Started process (PID=52407) to work on /home/acer/.local/share/virtualenvs/custom_airflow-E5ZHcY_K/lib/python3.12/site-packages/airflow/example_dags/example_branch_operator_decorator.py
[2024-07-06T16:11:20.108+0700] {processor.py:830} INFO - Processing file /home/acer/.local/share/virtualenvs/custom_airflow-E5ZHcY_K/lib/python3.12/site-packages/airflow/example_dags/example_branch_operator_decorator.py for tasks to queue
[2024-07-06T16:11:20.112+0700] {logging_mixin.py:188} INFO - [2024-07-06T16:11:20.110+0700] {dagbag.py:545} INFO - Filling up the DagBag from /home/acer/.local/share/virtualenvs/custom_airflow-E5ZHcY_K/lib/python3.12/site-packages/airflow/example_dags/example_branch_operator_decorator.py
[2024-07-06T16:11:20.150+0700] {processor.py:840} INFO - DAG(s) 'example_branch_python_operator_decorator' retrieved from /home/acer/.local/share/virtualenvs/custom_airflow-E5ZHcY_K/lib/python3.12/site-packages/airflow/example_dags/example_branch_operator_decorator.py
[2024-07-06T16:11:20.275+0700] {logging_mixin.py:188} INFO - [2024-07-06T16:11:20.275+0700] {dag.py:3096} INFO - Sync 1 DAGs
[2024-07-06T16:11:20.295+0700] {logging_mixin.py:188} INFO - [2024-07-06T16:11:20.295+0700] {dag.py:3954} INFO - Setting next_dagrun for example_branch_python_operator_decorator to 2024-07-05 00:00:00+00:00, run_after=2024-07-06 00:00:00+00:00
[2024-07-06T16:11:20.362+0700] {processor.py:183} INFO - Processing /home/acer/.local/share/virtualenvs/custom_airflow-E5ZHcY_K/lib/python3.12/site-packages/airflow/example_dags/example_branch_operator_decorator.py took 0.266 seconds
[2024-07-06T16:16:22.159+0700] {processor.py:161} INFO - Started process (PID=55118) to work on /home/acer/.local/share/virtualenvs/custom_airflow-E5ZHcY_K/lib/python3.12/site-packages/airflow/example_dags/example_branch_operator_decorator.py
[2024-07-06T16:16:22.160+0700] {processor.py:830} INFO - Processing file /home/acer/.local/share/virtualenvs/custom_airflow-E5ZHcY_K/lib/python3.12/site-packages/airflow/example_dags/example_branch_operator_decorator.py for tasks to queue
[2024-07-06T16:16:22.162+0700] {logging_mixin.py:188} INFO - [2024-07-06T16:16:22.161+0700] {dagbag.py:545} INFO - Filling up the DagBag from /home/acer/.local/share/virtualenvs/custom_airflow-E5ZHcY_K/lib/python3.12/site-packages/airflow/example_dags/example_branch_operator_decorator.py
[2024-07-06T16:16:22.194+0700] {processor.py:840} INFO - DAG(s) 'example_branch_python_operator_decorator' retrieved from /home/acer/.local/share/virtualenvs/custom_airflow-E5ZHcY_K/lib/python3.12/site-packages/airflow/example_dags/example_branch_operator_decorator.py
[2024-07-06T16:16:22.326+0700] {logging_mixin.py:188} INFO - [2024-07-06T16:16:22.326+0700] {dag.py:3096} INFO - Sync 1 DAGs
[2024-07-06T16:16:22.349+0700] {logging_mixin.py:188} INFO - [2024-07-06T16:16:22.349+0700] {dag.py:3954} INFO - Setting next_dagrun for example_branch_python_operator_decorator to 2024-07-05 00:00:00+00:00, run_after=2024-07-06 00:00:00+00:00
[2024-07-06T16:16:22.374+0700] {processor.py:183} INFO - Processing /home/acer/.local/share/virtualenvs/custom_airflow-E5ZHcY_K/lib/python3.12/site-packages/airflow/example_dags/example_branch_operator_decorator.py took 0.222 seconds
[2024-07-06T16:17:17.930+0700] {processor.py:161} INFO - Started process (PID=55653) to work on /home/acer/.local/share/virtualenvs/custom_airflow-E5ZHcY_K/lib/python3.12/site-packages/airflow/example_dags/example_branch_operator_decorator.py
[2024-07-06T16:17:17.931+0700] {processor.py:830} INFO - Processing file /home/acer/.local/share/virtualenvs/custom_airflow-E5ZHcY_K/lib/python3.12/site-packages/airflow/example_dags/example_branch_operator_decorator.py for tasks to queue
[2024-07-06T16:17:17.934+0700] {logging_mixin.py:188} INFO - [2024-07-06T16:17:17.933+0700] {dagbag.py:545} INFO - Filling up the DagBag from /home/acer/.local/share/virtualenvs/custom_airflow-E5ZHcY_K/lib/python3.12/site-packages/airflow/example_dags/example_branch_operator_decorator.py
[2024-07-06T16:17:17.963+0700] {processor.py:840} INFO - DAG(s) 'example_branch_python_operator_decorator' retrieved from /home/acer/.local/share/virtualenvs/custom_airflow-E5ZHcY_K/lib/python3.12/site-packages/airflow/example_dags/example_branch_operator_decorator.py
[2024-07-06T16:17:17.989+0700] {logging_mixin.py:188} INFO - [2024-07-06T16:17:17.989+0700] {dag.py:3096} INFO - Sync 1 DAGs
[2024-07-06T16:17:18.010+0700] {logging_mixin.py:188} INFO - [2024-07-06T16:17:18.010+0700] {dag.py:3954} INFO - Setting next_dagrun for example_branch_python_operator_decorator to 2024-07-05 00:00:00+00:00, run_after=2024-07-06 00:00:00+00:00
[2024-07-06T16:17:18.032+0700] {processor.py:183} INFO - Processing /home/acer/.local/share/virtualenvs/custom_airflow-E5ZHcY_K/lib/python3.12/site-packages/airflow/example_dags/example_branch_operator_decorator.py took 0.109 seconds
[2024-07-06T16:18:29.807+0700] {processor.py:161} INFO - Started process (PID=56011) to work on /home/acer/.local/share/virtualenvs/custom_airflow-E5ZHcY_K/lib/python3.12/site-packages/airflow/example_dags/example_branch_operator_decorator.py
[2024-07-06T16:18:29.809+0700] {processor.py:830} INFO - Processing file /home/acer/.local/share/virtualenvs/custom_airflow-E5ZHcY_K/lib/python3.12/site-packages/airflow/example_dags/example_branch_operator_decorator.py for tasks to queue
[2024-07-06T16:18:29.811+0700] {logging_mixin.py:188} INFO - [2024-07-06T16:18:29.810+0700] {dagbag.py:545} INFO - Filling up the DagBag from /home/acer/.local/share/virtualenvs/custom_airflow-E5ZHcY_K/lib/python3.12/site-packages/airflow/example_dags/example_branch_operator_decorator.py
[2024-07-06T16:18:29.837+0700] {processor.py:840} INFO - DAG(s) 'example_branch_python_operator_decorator' retrieved from /home/acer/.local/share/virtualenvs/custom_airflow-E5ZHcY_K/lib/python3.12/site-packages/airflow/example_dags/example_branch_operator_decorator.py
[2024-07-06T16:18:29.862+0700] {logging_mixin.py:188} INFO - [2024-07-06T16:18:29.862+0700] {dag.py:3096} INFO - Sync 1 DAGs
[2024-07-06T16:18:29.884+0700] {logging_mixin.py:188} INFO - [2024-07-06T16:18:29.884+0700] {dag.py:3954} INFO - Setting next_dagrun for example_branch_python_operator_decorator to 2024-07-05 00:00:00+00:00, run_after=2024-07-06 00:00:00+00:00
[2024-07-06T16:18:29.906+0700] {processor.py:183} INFO - Processing /home/acer/.local/share/virtualenvs/custom_airflow-E5ZHcY_K/lib/python3.12/site-packages/airflow/example_dags/example_branch_operator_decorator.py took 0.109 seconds
[2024-07-06T16:19:51.424+0700] {processor.py:161} INFO - Started process (PID=56788) to work on /home/acer/.local/share/virtualenvs/custom_airflow-E5ZHcY_K/lib/python3.12/site-packages/airflow/example_dags/example_branch_operator_decorator.py
[2024-07-06T16:19:51.425+0700] {processor.py:830} INFO - Processing file /home/acer/.local/share/virtualenvs/custom_airflow-E5ZHcY_K/lib/python3.12/site-packages/airflow/example_dags/example_branch_operator_decorator.py for tasks to queue
[2024-07-06T16:19:51.428+0700] {logging_mixin.py:188} INFO - [2024-07-06T16:19:51.427+0700] {dagbag.py:545} INFO - Filling up the DagBag from /home/acer/.local/share/virtualenvs/custom_airflow-E5ZHcY_K/lib/python3.12/site-packages/airflow/example_dags/example_branch_operator_decorator.py
[2024-07-06T16:19:51.470+0700] {processor.py:840} INFO - DAG(s) 'example_branch_python_operator_decorator' retrieved from /home/acer/.local/share/virtualenvs/custom_airflow-E5ZHcY_K/lib/python3.12/site-packages/airflow/example_dags/example_branch_operator_decorator.py
[2024-07-06T16:19:51.500+0700] {logging_mixin.py:188} INFO - [2024-07-06T16:19:51.500+0700] {dag.py:3096} INFO - Sync 1 DAGs
[2024-07-06T16:19:51.527+0700] {logging_mixin.py:188} INFO - [2024-07-06T16:19:51.527+0700] {dag.py:3954} INFO - Setting next_dagrun for example_branch_python_operator_decorator to 2024-07-05 00:00:00+00:00, run_after=2024-07-06 00:00:00+00:00
[2024-07-06T16:19:51.553+0700] {processor.py:183} INFO - Processing /home/acer/.local/share/virtualenvs/custom_airflow-E5ZHcY_K/lib/python3.12/site-packages/airflow/example_dags/example_branch_operator_decorator.py took 0.141 seconds
[2024-07-06T16:20:49.716+0700] {processor.py:161} INFO - Started process (PID=57254) to work on /home/acer/.local/share/virtualenvs/custom_airflow-E5ZHcY_K/lib/python3.12/site-packages/airflow/example_dags/example_branch_operator_decorator.py
[2024-07-06T16:20:49.717+0700] {processor.py:830} INFO - Processing file /home/acer/.local/share/virtualenvs/custom_airflow-E5ZHcY_K/lib/python3.12/site-packages/airflow/example_dags/example_branch_operator_decorator.py for tasks to queue
[2024-07-06T16:20:49.719+0700] {logging_mixin.py:188} INFO - [2024-07-06T16:20:49.719+0700] {dagbag.py:545} INFO - Filling up the DagBag from /home/acer/.local/share/virtualenvs/custom_airflow-E5ZHcY_K/lib/python3.12/site-packages/airflow/example_dags/example_branch_operator_decorator.py
[2024-07-06T16:20:49.744+0700] {processor.py:840} INFO - DAG(s) 'example_branch_python_operator_decorator' retrieved from /home/acer/.local/share/virtualenvs/custom_airflow-E5ZHcY_K/lib/python3.12/site-packages/airflow/example_dags/example_branch_operator_decorator.py
[2024-07-06T16:20:49.769+0700] {logging_mixin.py:188} INFO - [2024-07-06T16:20:49.769+0700] {dag.py:3096} INFO - Sync 1 DAGs
[2024-07-06T16:20:49.791+0700] {logging_mixin.py:188} INFO - [2024-07-06T16:20:49.791+0700] {dag.py:3954} INFO - Setting next_dagrun for example_branch_python_operator_decorator to 2024-07-05 00:00:00+00:00, run_after=2024-07-06 00:00:00+00:00
[2024-07-06T16:20:49.812+0700] {processor.py:183} INFO - Processing /home/acer/.local/share/virtualenvs/custom_airflow-E5ZHcY_K/lib/python3.12/site-packages/airflow/example_dags/example_branch_operator_decorator.py took 0.100 seconds
[2024-07-06T16:22:04.527+0700] {processor.py:161} INFO - Started process (PID=57809) to work on /home/acer/.local/share/virtualenvs/custom_airflow-E5ZHcY_K/lib/python3.12/site-packages/airflow/example_dags/example_branch_operator_decorator.py
[2024-07-06T16:22:04.529+0700] {processor.py:830} INFO - Processing file /home/acer/.local/share/virtualenvs/custom_airflow-E5ZHcY_K/lib/python3.12/site-packages/airflow/example_dags/example_branch_operator_decorator.py for tasks to queue
[2024-07-06T16:22:04.532+0700] {logging_mixin.py:188} INFO - [2024-07-06T16:22:04.532+0700] {dagbag.py:545} INFO - Filling up the DagBag from /home/acer/.local/share/virtualenvs/custom_airflow-E5ZHcY_K/lib/python3.12/site-packages/airflow/example_dags/example_branch_operator_decorator.py
[2024-07-06T16:22:04.569+0700] {processor.py:840} INFO - DAG(s) 'example_branch_python_operator_decorator' retrieved from /home/acer/.local/share/virtualenvs/custom_airflow-E5ZHcY_K/lib/python3.12/site-packages/airflow/example_dags/example_branch_operator_decorator.py
[2024-07-06T16:22:04.604+0700] {logging_mixin.py:188} INFO - [2024-07-06T16:22:04.604+0700] {dag.py:3096} INFO - Sync 1 DAGs
[2024-07-06T16:22:04.627+0700] {logging_mixin.py:188} INFO - [2024-07-06T16:22:04.627+0700] {dag.py:3954} INFO - Setting next_dagrun for example_branch_python_operator_decorator to 2024-07-05 00:00:00+00:00, run_after=2024-07-06 00:00:00+00:00
[2024-07-06T16:22:04.648+0700] {processor.py:183} INFO - Processing /home/acer/.local/share/virtualenvs/custom_airflow-E5ZHcY_K/lib/python3.12/site-packages/airflow/example_dags/example_branch_operator_decorator.py took 0.143 seconds
[2024-07-06T16:23:16.609+0700] {processor.py:161} INFO - Started process (PID=58307) to work on /home/acer/.local/share/virtualenvs/custom_airflow-E5ZHcY_K/lib/python3.12/site-packages/airflow/example_dags/example_branch_operator_decorator.py
[2024-07-06T16:23:16.610+0700] {processor.py:830} INFO - Processing file /home/acer/.local/share/virtualenvs/custom_airflow-E5ZHcY_K/lib/python3.12/site-packages/airflow/example_dags/example_branch_operator_decorator.py for tasks to queue
[2024-07-06T16:23:16.613+0700] {logging_mixin.py:188} INFO - [2024-07-06T16:23:16.612+0700] {dagbag.py:545} INFO - Filling up the DagBag from /home/acer/.local/share/virtualenvs/custom_airflow-E5ZHcY_K/lib/python3.12/site-packages/airflow/example_dags/example_branch_operator_decorator.py
[2024-07-06T16:23:16.663+0700] {processor.py:840} INFO - DAG(s) 'example_branch_python_operator_decorator' retrieved from /home/acer/.local/share/virtualenvs/custom_airflow-E5ZHcY_K/lib/python3.12/site-packages/airflow/example_dags/example_branch_operator_decorator.py
[2024-07-06T16:23:16.711+0700] {logging_mixin.py:188} INFO - [2024-07-06T16:23:16.711+0700] {dag.py:3096} INFO - Sync 1 DAGs
[2024-07-06T16:23:16.751+0700] {logging_mixin.py:188} INFO - [2024-07-06T16:23:16.751+0700] {dag.py:3954} INFO - Setting next_dagrun for example_branch_python_operator_decorator to 2024-07-05 00:00:00+00:00, run_after=2024-07-06 00:00:00+00:00
[2024-07-06T16:23:16.792+0700] {processor.py:183} INFO - Processing /home/acer/.local/share/virtualenvs/custom_airflow-E5ZHcY_K/lib/python3.12/site-packages/airflow/example_dags/example_branch_operator_decorator.py took 0.192 seconds
[2024-07-06T16:24:45.604+0700] {processor.py:161} INFO - Started process (PID=59414) to work on /home/acer/.local/share/virtualenvs/custom_airflow-E5ZHcY_K/lib/python3.12/site-packages/airflow/example_dags/example_branch_operator_decorator.py
[2024-07-06T16:24:45.606+0700] {processor.py:830} INFO - Processing file /home/acer/.local/share/virtualenvs/custom_airflow-E5ZHcY_K/lib/python3.12/site-packages/airflow/example_dags/example_branch_operator_decorator.py for tasks to queue
[2024-07-06T16:24:45.608+0700] {logging_mixin.py:188} INFO - [2024-07-06T16:24:45.608+0700] {dagbag.py:545} INFO - Filling up the DagBag from /home/acer/.local/share/virtualenvs/custom_airflow-E5ZHcY_K/lib/python3.12/site-packages/airflow/example_dags/example_branch_operator_decorator.py
[2024-07-06T16:24:45.637+0700] {processor.py:840} INFO - DAG(s) 'example_branch_python_operator_decorator' retrieved from /home/acer/.local/share/virtualenvs/custom_airflow-E5ZHcY_K/lib/python3.12/site-packages/airflow/example_dags/example_branch_operator_decorator.py
[2024-07-06T16:24:45.666+0700] {logging_mixin.py:188} INFO - [2024-07-06T16:24:45.666+0700] {dag.py:3096} INFO - Sync 1 DAGs
[2024-07-06T16:24:45.689+0700] {logging_mixin.py:188} INFO - [2024-07-06T16:24:45.688+0700] {dag.py:3954} INFO - Setting next_dagrun for example_branch_python_operator_decorator to 2024-07-05 00:00:00+00:00, run_after=2024-07-06 00:00:00+00:00
[2024-07-06T16:24:45.710+0700] {processor.py:183} INFO - Processing /home/acer/.local/share/virtualenvs/custom_airflow-E5ZHcY_K/lib/python3.12/site-packages/airflow/example_dags/example_branch_operator_decorator.py took 0.113 seconds
[2024-07-06T16:25:40.494+0700] {processor.py:161} INFO - Started process (PID=59854) to work on /home/acer/.local/share/virtualenvs/custom_airflow-E5ZHcY_K/lib/python3.12/site-packages/airflow/example_dags/example_branch_operator_decorator.py
[2024-07-06T16:25:40.498+0700] {processor.py:830} INFO - Processing file /home/acer/.local/share/virtualenvs/custom_airflow-E5ZHcY_K/lib/python3.12/site-packages/airflow/example_dags/example_branch_operator_decorator.py for tasks to queue
[2024-07-06T16:25:40.509+0700] {logging_mixin.py:188} INFO - [2024-07-06T16:25:40.506+0700] {dagbag.py:545} INFO - Filling up the DagBag from /home/acer/.local/share/virtualenvs/custom_airflow-E5ZHcY_K/lib/python3.12/site-packages/airflow/example_dags/example_branch_operator_decorator.py
[2024-07-06T16:25:40.569+0700] {processor.py:840} INFO - DAG(s) 'example_branch_python_operator_decorator' retrieved from /home/acer/.local/share/virtualenvs/custom_airflow-E5ZHcY_K/lib/python3.12/site-packages/airflow/example_dags/example_branch_operator_decorator.py
[2024-07-06T16:25:40.603+0700] {logging_mixin.py:188} INFO - [2024-07-06T16:25:40.603+0700] {dag.py:3096} INFO - Sync 1 DAGs
[2024-07-06T16:25:40.633+0700] {logging_mixin.py:188} INFO - [2024-07-06T16:25:40.633+0700] {dag.py:3954} INFO - Setting next_dagrun for example_branch_python_operator_decorator to 2024-07-05 00:00:00+00:00, run_after=2024-07-06 00:00:00+00:00
[2024-07-06T16:25:40.660+0700] {processor.py:183} INFO - Processing /home/acer/.local/share/virtualenvs/custom_airflow-E5ZHcY_K/lib/python3.12/site-packages/airflow/example_dags/example_branch_operator_decorator.py took 0.197 seconds
[2024-07-06T16:26:56.546+0700] {processor.py:161} INFO - Started process (PID=60263) to work on /home/acer/.local/share/virtualenvs/custom_airflow-E5ZHcY_K/lib/python3.12/site-packages/airflow/example_dags/example_branch_operator_decorator.py
[2024-07-06T16:26:56.548+0700] {processor.py:830} INFO - Processing file /home/acer/.local/share/virtualenvs/custom_airflow-E5ZHcY_K/lib/python3.12/site-packages/airflow/example_dags/example_branch_operator_decorator.py for tasks to queue
[2024-07-06T16:26:56.553+0700] {logging_mixin.py:188} INFO - [2024-07-06T16:26:56.552+0700] {dagbag.py:545} INFO - Filling up the DagBag from /home/acer/.local/share/virtualenvs/custom_airflow-E5ZHcY_K/lib/python3.12/site-packages/airflow/example_dags/example_branch_operator_decorator.py
[2024-07-06T16:26:56.580+0700] {processor.py:840} INFO - DAG(s) 'example_branch_python_operator_decorator' retrieved from /home/acer/.local/share/virtualenvs/custom_airflow-E5ZHcY_K/lib/python3.12/site-packages/airflow/example_dags/example_branch_operator_decorator.py
[2024-07-06T16:26:56.605+0700] {logging_mixin.py:188} INFO - [2024-07-06T16:26:56.605+0700] {dag.py:3096} INFO - Sync 1 DAGs
[2024-07-06T16:26:56.627+0700] {logging_mixin.py:188} INFO - [2024-07-06T16:26:56.627+0700] {dag.py:3954} INFO - Setting next_dagrun for example_branch_python_operator_decorator to 2024-07-05 00:00:00+00:00, run_after=2024-07-06 00:00:00+00:00
[2024-07-06T16:26:56.656+0700] {processor.py:183} INFO - Processing /home/acer/.local/share/virtualenvs/custom_airflow-E5ZHcY_K/lib/python3.12/site-packages/airflow/example_dags/example_branch_operator_decorator.py took 0.129 seconds
[2024-07-06T16:28:05.394+0700] {processor.py:161} INFO - Started process (PID=60621) to work on /home/acer/.local/share/virtualenvs/custom_airflow-E5ZHcY_K/lib/python3.12/site-packages/airflow/example_dags/example_branch_operator_decorator.py
[2024-07-06T16:28:05.395+0700] {processor.py:830} INFO - Processing file /home/acer/.local/share/virtualenvs/custom_airflow-E5ZHcY_K/lib/python3.12/site-packages/airflow/example_dags/example_branch_operator_decorator.py for tasks to queue
[2024-07-06T16:28:05.397+0700] {logging_mixin.py:188} INFO - [2024-07-06T16:28:05.397+0700] {dagbag.py:545} INFO - Filling up the DagBag from /home/acer/.local/share/virtualenvs/custom_airflow-E5ZHcY_K/lib/python3.12/site-packages/airflow/example_dags/example_branch_operator_decorator.py
[2024-07-06T16:28:05.419+0700] {processor.py:840} INFO - DAG(s) 'example_branch_python_operator_decorator' retrieved from /home/acer/.local/share/virtualenvs/custom_airflow-E5ZHcY_K/lib/python3.12/site-packages/airflow/example_dags/example_branch_operator_decorator.py
[2024-07-06T16:28:05.446+0700] {logging_mixin.py:188} INFO - [2024-07-06T16:28:05.445+0700] {dag.py:3096} INFO - Sync 1 DAGs
[2024-07-06T16:28:05.467+0700] {logging_mixin.py:188} INFO - [2024-07-06T16:28:05.466+0700] {dag.py:3954} INFO - Setting next_dagrun for example_branch_python_operator_decorator to 2024-07-05 00:00:00+00:00, run_after=2024-07-06 00:00:00+00:00
[2024-07-06T16:28:05.488+0700] {processor.py:183} INFO - Processing /home/acer/.local/share/virtualenvs/custom_airflow-E5ZHcY_K/lib/python3.12/site-packages/airflow/example_dags/example_branch_operator_decorator.py took 0.100 seconds
[2024-07-06T16:29:14.474+0700] {processor.py:161} INFO - Started process (PID=60961) to work on /home/acer/.local/share/virtualenvs/custom_airflow-E5ZHcY_K/lib/python3.12/site-packages/airflow/example_dags/example_branch_operator_decorator.py
[2024-07-06T16:29:14.477+0700] {processor.py:830} INFO - Processing file /home/acer/.local/share/virtualenvs/custom_airflow-E5ZHcY_K/lib/python3.12/site-packages/airflow/example_dags/example_branch_operator_decorator.py for tasks to queue
[2024-07-06T16:29:14.482+0700] {logging_mixin.py:188} INFO - [2024-07-06T16:29:14.480+0700] {dagbag.py:545} INFO - Filling up the DagBag from /home/acer/.local/share/virtualenvs/custom_airflow-E5ZHcY_K/lib/python3.12/site-packages/airflow/example_dags/example_branch_operator_decorator.py
[2024-07-06T16:29:14.511+0700] {processor.py:840} INFO - DAG(s) 'example_branch_python_operator_decorator' retrieved from /home/acer/.local/share/virtualenvs/custom_airflow-E5ZHcY_K/lib/python3.12/site-packages/airflow/example_dags/example_branch_operator_decorator.py
[2024-07-06T16:29:14.537+0700] {logging_mixin.py:188} INFO - [2024-07-06T16:29:14.537+0700] {dag.py:3096} INFO - Sync 1 DAGs
[2024-07-06T16:29:14.558+0700] {logging_mixin.py:188} INFO - [2024-07-06T16:29:14.558+0700] {dag.py:3954} INFO - Setting next_dagrun for example_branch_python_operator_decorator to 2024-07-05 00:00:00+00:00, run_after=2024-07-06 00:00:00+00:00
[2024-07-06T16:29:14.578+0700] {processor.py:183} INFO - Processing /home/acer/.local/share/virtualenvs/custom_airflow-E5ZHcY_K/lib/python3.12/site-packages/airflow/example_dags/example_branch_operator_decorator.py took 0.119 seconds
[2024-07-06T16:30:24.000+0700] {processor.py:161} INFO - Started process (PID=61310) to work on /home/acer/.local/share/virtualenvs/custom_airflow-E5ZHcY_K/lib/python3.12/site-packages/airflow/example_dags/example_branch_operator_decorator.py
[2024-07-06T16:30:24.001+0700] {processor.py:830} INFO - Processing file /home/acer/.local/share/virtualenvs/custom_airflow-E5ZHcY_K/lib/python3.12/site-packages/airflow/example_dags/example_branch_operator_decorator.py for tasks to queue
[2024-07-06T16:30:24.003+0700] {logging_mixin.py:188} INFO - [2024-07-06T16:30:24.002+0700] {dagbag.py:545} INFO - Filling up the DagBag from /home/acer/.local/share/virtualenvs/custom_airflow-E5ZHcY_K/lib/python3.12/site-packages/airflow/example_dags/example_branch_operator_decorator.py
[2024-07-06T16:30:24.025+0700] {processor.py:840} INFO - DAG(s) 'example_branch_python_operator_decorator' retrieved from /home/acer/.local/share/virtualenvs/custom_airflow-E5ZHcY_K/lib/python3.12/site-packages/airflow/example_dags/example_branch_operator_decorator.py
[2024-07-06T16:30:24.051+0700] {logging_mixin.py:188} INFO - [2024-07-06T16:30:24.051+0700] {dag.py:3096} INFO - Sync 1 DAGs
[2024-07-06T16:30:24.072+0700] {logging_mixin.py:188} INFO - [2024-07-06T16:30:24.072+0700] {dag.py:3954} INFO - Setting next_dagrun for example_branch_python_operator_decorator to 2024-07-05 00:00:00+00:00, run_after=2024-07-06 00:00:00+00:00
[2024-07-06T16:30:24.094+0700] {processor.py:183} INFO - Processing /home/acer/.local/share/virtualenvs/custom_airflow-E5ZHcY_K/lib/python3.12/site-packages/airflow/example_dags/example_branch_operator_decorator.py took 0.099 seconds
[2024-07-06T16:31:31.388+0700] {processor.py:161} INFO - Started process (PID=61679) to work on /home/acer/.local/share/virtualenvs/custom_airflow-E5ZHcY_K/lib/python3.12/site-packages/airflow/example_dags/example_branch_operator_decorator.py
[2024-07-06T16:31:31.389+0700] {processor.py:830} INFO - Processing file /home/acer/.local/share/virtualenvs/custom_airflow-E5ZHcY_K/lib/python3.12/site-packages/airflow/example_dags/example_branch_operator_decorator.py for tasks to queue
[2024-07-06T16:31:31.390+0700] {logging_mixin.py:188} INFO - [2024-07-06T16:31:31.390+0700] {dagbag.py:545} INFO - Filling up the DagBag from /home/acer/.local/share/virtualenvs/custom_airflow-E5ZHcY_K/lib/python3.12/site-packages/airflow/example_dags/example_branch_operator_decorator.py
[2024-07-06T16:31:31.413+0700] {processor.py:840} INFO - DAG(s) 'example_branch_python_operator_decorator' retrieved from /home/acer/.local/share/virtualenvs/custom_airflow-E5ZHcY_K/lib/python3.12/site-packages/airflow/example_dags/example_branch_operator_decorator.py
[2024-07-06T16:31:31.439+0700] {logging_mixin.py:188} INFO - [2024-07-06T16:31:31.439+0700] {dag.py:3096} INFO - Sync 1 DAGs
[2024-07-06T16:31:31.460+0700] {logging_mixin.py:188} INFO - [2024-07-06T16:31:31.460+0700] {dag.py:3954} INFO - Setting next_dagrun for example_branch_python_operator_decorator to 2024-07-05 00:00:00+00:00, run_after=2024-07-06 00:00:00+00:00
[2024-07-06T16:31:31.481+0700] {processor.py:183} INFO - Processing /home/acer/.local/share/virtualenvs/custom_airflow-E5ZHcY_K/lib/python3.12/site-packages/airflow/example_dags/example_branch_operator_decorator.py took 0.098 seconds
[2024-07-06T16:32:42.572+0700] {processor.py:161} INFO - Started process (PID=62031) to work on /home/acer/.local/share/virtualenvs/custom_airflow-E5ZHcY_K/lib/python3.12/site-packages/airflow/example_dags/example_branch_operator_decorator.py
[2024-07-06T16:32:42.573+0700] {processor.py:830} INFO - Processing file /home/acer/.local/share/virtualenvs/custom_airflow-E5ZHcY_K/lib/python3.12/site-packages/airflow/example_dags/example_branch_operator_decorator.py for tasks to queue
[2024-07-06T16:32:42.575+0700] {logging_mixin.py:188} INFO - [2024-07-06T16:32:42.575+0700] {dagbag.py:545} INFO - Filling up the DagBag from /home/acer/.local/share/virtualenvs/custom_airflow-E5ZHcY_K/lib/python3.12/site-packages/airflow/example_dags/example_branch_operator_decorator.py
[2024-07-06T16:32:42.600+0700] {processor.py:840} INFO - DAG(s) 'example_branch_python_operator_decorator' retrieved from /home/acer/.local/share/virtualenvs/custom_airflow-E5ZHcY_K/lib/python3.12/site-packages/airflow/example_dags/example_branch_operator_decorator.py
[2024-07-06T16:32:42.626+0700] {logging_mixin.py:188} INFO - [2024-07-06T16:32:42.625+0700] {dag.py:3096} INFO - Sync 1 DAGs
[2024-07-06T16:32:42.647+0700] {logging_mixin.py:188} INFO - [2024-07-06T16:32:42.647+0700] {dag.py:3954} INFO - Setting next_dagrun for example_branch_python_operator_decorator to 2024-07-05 00:00:00+00:00, run_after=2024-07-06 00:00:00+00:00
[2024-07-06T16:32:42.668+0700] {processor.py:183} INFO - Processing /home/acer/.local/share/virtualenvs/custom_airflow-E5ZHcY_K/lib/python3.12/site-packages/airflow/example_dags/example_branch_operator_decorator.py took 0.100 seconds
[2024-07-06T16:33:54.078+0700] {processor.py:161} INFO - Started process (PID=62406) to work on /home/acer/.local/share/virtualenvs/custom_airflow-E5ZHcY_K/lib/python3.12/site-packages/airflow/example_dags/example_branch_operator_decorator.py
[2024-07-06T16:33:54.079+0700] {processor.py:830} INFO - Processing file /home/acer/.local/share/virtualenvs/custom_airflow-E5ZHcY_K/lib/python3.12/site-packages/airflow/example_dags/example_branch_operator_decorator.py for tasks to queue
[2024-07-06T16:33:54.082+0700] {logging_mixin.py:188} INFO - [2024-07-06T16:33:54.081+0700] {dagbag.py:545} INFO - Filling up the DagBag from /home/acer/.local/share/virtualenvs/custom_airflow-E5ZHcY_K/lib/python3.12/site-packages/airflow/example_dags/example_branch_operator_decorator.py
[2024-07-06T16:33:54.110+0700] {processor.py:840} INFO - DAG(s) 'example_branch_python_operator_decorator' retrieved from /home/acer/.local/share/virtualenvs/custom_airflow-E5ZHcY_K/lib/python3.12/site-packages/airflow/example_dags/example_branch_operator_decorator.py
[2024-07-06T16:33:54.136+0700] {logging_mixin.py:188} INFO - [2024-07-06T16:33:54.136+0700] {dag.py:3096} INFO - Sync 1 DAGs
[2024-07-06T16:33:54.157+0700] {logging_mixin.py:188} INFO - [2024-07-06T16:33:54.157+0700] {dag.py:3954} INFO - Setting next_dagrun for example_branch_python_operator_decorator to 2024-07-05 00:00:00+00:00, run_after=2024-07-06 00:00:00+00:00
[2024-07-06T16:33:54.178+0700] {processor.py:183} INFO - Processing /home/acer/.local/share/virtualenvs/custom_airflow-E5ZHcY_K/lib/python3.12/site-packages/airflow/example_dags/example_branch_operator_decorator.py took 0.108 seconds
[2024-07-06T16:35:04.346+0700] {processor.py:161} INFO - Started process (PID=62752) to work on /home/acer/.local/share/virtualenvs/custom_airflow-E5ZHcY_K/lib/python3.12/site-packages/airflow/example_dags/example_branch_operator_decorator.py
[2024-07-06T16:35:04.347+0700] {processor.py:830} INFO - Processing file /home/acer/.local/share/virtualenvs/custom_airflow-E5ZHcY_K/lib/python3.12/site-packages/airflow/example_dags/example_branch_operator_decorator.py for tasks to queue
[2024-07-06T16:35:04.349+0700] {logging_mixin.py:188} INFO - [2024-07-06T16:35:04.348+0700] {dagbag.py:545} INFO - Filling up the DagBag from /home/acer/.local/share/virtualenvs/custom_airflow-E5ZHcY_K/lib/python3.12/site-packages/airflow/example_dags/example_branch_operator_decorator.py
[2024-07-06T16:35:04.371+0700] {processor.py:840} INFO - DAG(s) 'example_branch_python_operator_decorator' retrieved from /home/acer/.local/share/virtualenvs/custom_airflow-E5ZHcY_K/lib/python3.12/site-packages/airflow/example_dags/example_branch_operator_decorator.py
[2024-07-06T16:35:04.397+0700] {logging_mixin.py:188} INFO - [2024-07-06T16:35:04.397+0700] {dag.py:3096} INFO - Sync 1 DAGs
[2024-07-06T16:35:04.418+0700] {logging_mixin.py:188} INFO - [2024-07-06T16:35:04.418+0700] {dag.py:3954} INFO - Setting next_dagrun for example_branch_python_operator_decorator to 2024-07-05 00:00:00+00:00, run_after=2024-07-06 00:00:00+00:00
[2024-07-06T16:35:04.448+0700] {processor.py:183} INFO - Processing /home/acer/.local/share/virtualenvs/custom_airflow-E5ZHcY_K/lib/python3.12/site-packages/airflow/example_dags/example_branch_operator_decorator.py took 0.107 seconds
[2024-07-06T16:36:16.862+0700] {processor.py:161} INFO - Started process (PID=63199) to work on /home/acer/.local/share/virtualenvs/custom_airflow-E5ZHcY_K/lib/python3.12/site-packages/airflow/example_dags/example_branch_operator_decorator.py
[2024-07-06T16:36:16.865+0700] {processor.py:830} INFO - Processing file /home/acer/.local/share/virtualenvs/custom_airflow-E5ZHcY_K/lib/python3.12/site-packages/airflow/example_dags/example_branch_operator_decorator.py for tasks to queue
[2024-07-06T16:36:16.867+0700] {logging_mixin.py:188} INFO - [2024-07-06T16:36:16.866+0700] {dagbag.py:545} INFO - Filling up the DagBag from /home/acer/.local/share/virtualenvs/custom_airflow-E5ZHcY_K/lib/python3.12/site-packages/airflow/example_dags/example_branch_operator_decorator.py
[2024-07-06T16:36:16.891+0700] {processor.py:840} INFO - DAG(s) 'example_branch_python_operator_decorator' retrieved from /home/acer/.local/share/virtualenvs/custom_airflow-E5ZHcY_K/lib/python3.12/site-packages/airflow/example_dags/example_branch_operator_decorator.py
[2024-07-06T16:36:16.919+0700] {logging_mixin.py:188} INFO - [2024-07-06T16:36:16.919+0700] {dag.py:3096} INFO - Sync 1 DAGs
[2024-07-06T16:36:16.942+0700] {logging_mixin.py:188} INFO - [2024-07-06T16:36:16.942+0700] {dag.py:3954} INFO - Setting next_dagrun for example_branch_python_operator_decorator to 2024-07-05 00:00:00+00:00, run_after=2024-07-06 00:00:00+00:00
[2024-07-06T16:36:17.008+0700] {processor.py:183} INFO - Processing /home/acer/.local/share/virtualenvs/custom_airflow-E5ZHcY_K/lib/python3.12/site-packages/airflow/example_dags/example_branch_operator_decorator.py took 0.152 seconds
[2024-07-06T21:55:01.141+0700] {processor.py:161} INFO - Started process (PID=12079) to work on /home/acer/.local/share/virtualenvs/custom_airflow-E5ZHcY_K/lib/python3.12/site-packages/airflow/example_dags/example_branch_operator_decorator.py
[2024-07-06T21:55:01.143+0700] {processor.py:830} INFO - Processing file /home/acer/.local/share/virtualenvs/custom_airflow-E5ZHcY_K/lib/python3.12/site-packages/airflow/example_dags/example_branch_operator_decorator.py for tasks to queue
[2024-07-06T21:55:01.147+0700] {logging_mixin.py:188} INFO - [2024-07-06T21:55:01.146+0700] {dagbag.py:545} INFO - Filling up the DagBag from /home/acer/.local/share/virtualenvs/custom_airflow-E5ZHcY_K/lib/python3.12/site-packages/airflow/example_dags/example_branch_operator_decorator.py
[2024-07-06T21:55:01.177+0700] {processor.py:840} INFO - DAG(s) 'example_branch_python_operator_decorator' retrieved from /home/acer/.local/share/virtualenvs/custom_airflow-E5ZHcY_K/lib/python3.12/site-packages/airflow/example_dags/example_branch_operator_decorator.py
[2024-07-06T21:55:01.292+0700] {logging_mixin.py:188} INFO - [2024-07-06T21:55:01.292+0700] {dag.py:3096} INFO - Sync 1 DAGs
[2024-07-06T21:55:01.313+0700] {logging_mixin.py:188} INFO - [2024-07-06T21:55:01.313+0700] {dag.py:3954} INFO - Setting next_dagrun for example_branch_python_operator_decorator to 2024-07-05 00:00:00+00:00, run_after=2024-07-06 00:00:00+00:00
[2024-07-06T21:55:01.335+0700] {processor.py:183} INFO - Processing /home/acer/.local/share/virtualenvs/custom_airflow-E5ZHcY_K/lib/python3.12/site-packages/airflow/example_dags/example_branch_operator_decorator.py took 0.206 seconds
[2024-07-06T21:55:56.190+0700] {processor.py:161} INFO - Started process (PID=12924) to work on /home/acer/.local/share/virtualenvs/custom_airflow-E5ZHcY_K/lib/python3.12/site-packages/airflow/example_dags/example_branch_operator_decorator.py
[2024-07-06T21:55:56.191+0700] {processor.py:830} INFO - Processing file /home/acer/.local/share/virtualenvs/custom_airflow-E5ZHcY_K/lib/python3.12/site-packages/airflow/example_dags/example_branch_operator_decorator.py for tasks to queue
[2024-07-06T21:55:56.194+0700] {logging_mixin.py:188} INFO - [2024-07-06T21:55:56.193+0700] {dagbag.py:545} INFO - Filling up the DagBag from /home/acer/.local/share/virtualenvs/custom_airflow-E5ZHcY_K/lib/python3.12/site-packages/airflow/example_dags/example_branch_operator_decorator.py
[2024-07-06T21:55:56.224+0700] {processor.py:840} INFO - DAG(s) 'example_branch_python_operator_decorator' retrieved from /home/acer/.local/share/virtualenvs/custom_airflow-E5ZHcY_K/lib/python3.12/site-packages/airflow/example_dags/example_branch_operator_decorator.py
[2024-07-06T21:55:56.251+0700] {logging_mixin.py:188} INFO - [2024-07-06T21:55:56.251+0700] {dag.py:3096} INFO - Sync 1 DAGs
[2024-07-06T21:55:56.275+0700] {logging_mixin.py:188} INFO - [2024-07-06T21:55:56.275+0700] {dag.py:3954} INFO - Setting next_dagrun for example_branch_python_operator_decorator to 2024-07-05 00:00:00+00:00, run_after=2024-07-06 00:00:00+00:00
[2024-07-06T21:55:56.298+0700] {processor.py:183} INFO - Processing /home/acer/.local/share/virtualenvs/custom_airflow-E5ZHcY_K/lib/python3.12/site-packages/airflow/example_dags/example_branch_operator_decorator.py took 0.118 seconds
[2024-07-06T21:57:10.439+0700] {processor.py:161} INFO - Started process (PID=13673) to work on /home/acer/.local/share/virtualenvs/custom_airflow-E5ZHcY_K/lib/python3.12/site-packages/airflow/example_dags/example_branch_operator_decorator.py
[2024-07-06T21:57:10.441+0700] {processor.py:830} INFO - Processing file /home/acer/.local/share/virtualenvs/custom_airflow-E5ZHcY_K/lib/python3.12/site-packages/airflow/example_dags/example_branch_operator_decorator.py for tasks to queue
[2024-07-06T21:57:10.444+0700] {logging_mixin.py:188} INFO - [2024-07-06T21:57:10.443+0700] {dagbag.py:545} INFO - Filling up the DagBag from /home/acer/.local/share/virtualenvs/custom_airflow-E5ZHcY_K/lib/python3.12/site-packages/airflow/example_dags/example_branch_operator_decorator.py
[2024-07-06T21:57:10.475+0700] {processor.py:840} INFO - DAG(s) 'example_branch_python_operator_decorator' retrieved from /home/acer/.local/share/virtualenvs/custom_airflow-E5ZHcY_K/lib/python3.12/site-packages/airflow/example_dags/example_branch_operator_decorator.py
[2024-07-06T21:57:10.503+0700] {logging_mixin.py:188} INFO - [2024-07-06T21:57:10.502+0700] {dag.py:3096} INFO - Sync 1 DAGs
[2024-07-06T21:57:10.526+0700] {logging_mixin.py:188} INFO - [2024-07-06T21:57:10.526+0700] {dag.py:3954} INFO - Setting next_dagrun for example_branch_python_operator_decorator to 2024-07-05 00:00:00+00:00, run_after=2024-07-06 00:00:00+00:00
[2024-07-06T21:57:10.551+0700] {processor.py:183} INFO - Processing /home/acer/.local/share/virtualenvs/custom_airflow-E5ZHcY_K/lib/python3.12/site-packages/airflow/example_dags/example_branch_operator_decorator.py took 0.136 seconds
[2024-07-06T21:58:28.841+0700] {processor.py:161} INFO - Started process (PID=14209) to work on /home/acer/.local/share/virtualenvs/custom_airflow-E5ZHcY_K/lib/python3.12/site-packages/airflow/example_dags/example_branch_operator_decorator.py
[2024-07-06T21:58:28.843+0700] {processor.py:830} INFO - Processing file /home/acer/.local/share/virtualenvs/custom_airflow-E5ZHcY_K/lib/python3.12/site-packages/airflow/example_dags/example_branch_operator_decorator.py for tasks to queue
[2024-07-06T21:58:28.846+0700] {logging_mixin.py:188} INFO - [2024-07-06T21:58:28.846+0700] {dagbag.py:545} INFO - Filling up the DagBag from /home/acer/.local/share/virtualenvs/custom_airflow-E5ZHcY_K/lib/python3.12/site-packages/airflow/example_dags/example_branch_operator_decorator.py
[2024-07-06T21:58:28.885+0700] {processor.py:840} INFO - DAG(s) 'example_branch_python_operator_decorator' retrieved from /home/acer/.local/share/virtualenvs/custom_airflow-E5ZHcY_K/lib/python3.12/site-packages/airflow/example_dags/example_branch_operator_decorator.py
[2024-07-06T21:58:28.925+0700] {logging_mixin.py:188} INFO - [2024-07-06T21:58:28.924+0700] {dag.py:3096} INFO - Sync 1 DAGs
[2024-07-06T21:58:28.952+0700] {logging_mixin.py:188} INFO - [2024-07-06T21:58:28.952+0700] {dag.py:3954} INFO - Setting next_dagrun for example_branch_python_operator_decorator to 2024-07-05 00:00:00+00:00, run_after=2024-07-06 00:00:00+00:00
[2024-07-06T21:58:28.982+0700] {processor.py:183} INFO - Processing /home/acer/.local/share/virtualenvs/custom_airflow-E5ZHcY_K/lib/python3.12/site-packages/airflow/example_dags/example_branch_operator_decorator.py took 0.153 seconds
[2024-07-06T21:59:40.536+0700] {processor.py:161} INFO - Started process (PID=14572) to work on /home/acer/.local/share/virtualenvs/custom_airflow-E5ZHcY_K/lib/python3.12/site-packages/airflow/example_dags/example_branch_operator_decorator.py
[2024-07-06T21:59:40.540+0700] {processor.py:830} INFO - Processing file /home/acer/.local/share/virtualenvs/custom_airflow-E5ZHcY_K/lib/python3.12/site-packages/airflow/example_dags/example_branch_operator_decorator.py for tasks to queue
[2024-07-06T21:59:40.549+0700] {logging_mixin.py:188} INFO - [2024-07-06T21:59:40.547+0700] {dagbag.py:545} INFO - Filling up the DagBag from /home/acer/.local/share/virtualenvs/custom_airflow-E5ZHcY_K/lib/python3.12/site-packages/airflow/example_dags/example_branch_operator_decorator.py
[2024-07-06T21:59:40.617+0700] {processor.py:840} INFO - DAG(s) 'example_branch_python_operator_decorator' retrieved from /home/acer/.local/share/virtualenvs/custom_airflow-E5ZHcY_K/lib/python3.12/site-packages/airflow/example_dags/example_branch_operator_decorator.py
[2024-07-06T21:59:40.690+0700] {logging_mixin.py:188} INFO - [2024-07-06T21:59:40.689+0700] {dag.py:3096} INFO - Sync 1 DAGs
[2024-07-06T21:59:40.724+0700] {logging_mixin.py:188} INFO - [2024-07-06T21:59:40.723+0700] {dag.py:3954} INFO - Setting next_dagrun for example_branch_python_operator_decorator to 2024-07-05 00:00:00+00:00, run_after=2024-07-06 00:00:00+00:00
[2024-07-06T21:59:40.755+0700] {processor.py:183} INFO - Processing /home/acer/.local/share/virtualenvs/custom_airflow-E5ZHcY_K/lib/python3.12/site-packages/airflow/example_dags/example_branch_operator_decorator.py took 0.247 seconds
[2024-07-06T22:00:36.477+0700] {processor.py:161} INFO - Started process (PID=14961) to work on /home/acer/.local/share/virtualenvs/custom_airflow-E5ZHcY_K/lib/python3.12/site-packages/airflow/example_dags/example_branch_operator_decorator.py
[2024-07-06T22:00:36.480+0700] {processor.py:830} INFO - Processing file /home/acer/.local/share/virtualenvs/custom_airflow-E5ZHcY_K/lib/python3.12/site-packages/airflow/example_dags/example_branch_operator_decorator.py for tasks to queue
[2024-07-06T22:00:36.484+0700] {logging_mixin.py:188} INFO - [2024-07-06T22:00:36.483+0700] {dagbag.py:545} INFO - Filling up the DagBag from /home/acer/.local/share/virtualenvs/custom_airflow-E5ZHcY_K/lib/python3.12/site-packages/airflow/example_dags/example_branch_operator_decorator.py
[2024-07-06T22:00:36.513+0700] {processor.py:840} INFO - DAG(s) 'example_branch_python_operator_decorator' retrieved from /home/acer/.local/share/virtualenvs/custom_airflow-E5ZHcY_K/lib/python3.12/site-packages/airflow/example_dags/example_branch_operator_decorator.py
[2024-07-06T22:00:36.544+0700] {logging_mixin.py:188} INFO - [2024-07-06T22:00:36.544+0700] {dag.py:3096} INFO - Sync 1 DAGs
[2024-07-06T22:00:36.575+0700] {logging_mixin.py:188} INFO - [2024-07-06T22:00:36.575+0700] {dag.py:3954} INFO - Setting next_dagrun for example_branch_python_operator_decorator to 2024-07-05 00:00:00+00:00, run_after=2024-07-06 00:00:00+00:00
[2024-07-06T22:00:36.603+0700] {processor.py:183} INFO - Processing /home/acer/.local/share/virtualenvs/custom_airflow-E5ZHcY_K/lib/python3.12/site-packages/airflow/example_dags/example_branch_operator_decorator.py took 0.146 seconds
[2024-07-06T22:02:36.866+0700] {processor.py:161} INFO - Started process (PID=16225) to work on /home/acer/.local/share/virtualenvs/custom_airflow-E5ZHcY_K/lib/python3.12/site-packages/airflow/example_dags/example_branch_operator_decorator.py
[2024-07-06T22:02:36.868+0700] {processor.py:830} INFO - Processing file /home/acer/.local/share/virtualenvs/custom_airflow-E5ZHcY_K/lib/python3.12/site-packages/airflow/example_dags/example_branch_operator_decorator.py for tasks to queue
[2024-07-06T22:02:36.872+0700] {logging_mixin.py:188} INFO - [2024-07-06T22:02:36.871+0700] {dagbag.py:545} INFO - Filling up the DagBag from /home/acer/.local/share/virtualenvs/custom_airflow-E5ZHcY_K/lib/python3.12/site-packages/airflow/example_dags/example_branch_operator_decorator.py
[2024-07-06T22:02:36.904+0700] {processor.py:840} INFO - DAG(s) 'example_branch_python_operator_decorator' retrieved from /home/acer/.local/share/virtualenvs/custom_airflow-E5ZHcY_K/lib/python3.12/site-packages/airflow/example_dags/example_branch_operator_decorator.py
[2024-07-06T22:02:36.931+0700] {logging_mixin.py:188} INFO - [2024-07-06T22:02:36.931+0700] {dag.py:3096} INFO - Sync 1 DAGs
[2024-07-06T22:02:36.953+0700] {logging_mixin.py:188} INFO - [2024-07-06T22:02:36.953+0700] {dag.py:3954} INFO - Setting next_dagrun for example_branch_python_operator_decorator to 2024-07-05 00:00:00+00:00, run_after=2024-07-06 00:00:00+00:00
[2024-07-06T22:02:36.980+0700] {processor.py:183} INFO - Processing /home/acer/.local/share/virtualenvs/custom_airflow-E5ZHcY_K/lib/python3.12/site-packages/airflow/example_dags/example_branch_operator_decorator.py took 0.127 seconds
[2024-07-06T22:03:53.460+0700] {processor.py:161} INFO - Started process (PID=16599) to work on /home/acer/.local/share/virtualenvs/custom_airflow-E5ZHcY_K/lib/python3.12/site-packages/airflow/example_dags/example_branch_operator_decorator.py
[2024-07-06T22:03:53.462+0700] {processor.py:830} INFO - Processing file /home/acer/.local/share/virtualenvs/custom_airflow-E5ZHcY_K/lib/python3.12/site-packages/airflow/example_dags/example_branch_operator_decorator.py for tasks to queue
[2024-07-06T22:03:53.464+0700] {logging_mixin.py:188} INFO - [2024-07-06T22:03:53.464+0700] {dagbag.py:545} INFO - Filling up the DagBag from /home/acer/.local/share/virtualenvs/custom_airflow-E5ZHcY_K/lib/python3.12/site-packages/airflow/example_dags/example_branch_operator_decorator.py
[2024-07-06T22:03:53.490+0700] {processor.py:840} INFO - DAG(s) 'example_branch_python_operator_decorator' retrieved from /home/acer/.local/share/virtualenvs/custom_airflow-E5ZHcY_K/lib/python3.12/site-packages/airflow/example_dags/example_branch_operator_decorator.py
[2024-07-06T22:03:53.518+0700] {logging_mixin.py:188} INFO - [2024-07-06T22:03:53.518+0700] {dag.py:3096} INFO - Sync 1 DAGs
[2024-07-06T22:03:53.541+0700] {logging_mixin.py:188} INFO - [2024-07-06T22:03:53.541+0700] {dag.py:3954} INFO - Setting next_dagrun for example_branch_python_operator_decorator to 2024-07-05 00:00:00+00:00, run_after=2024-07-06 00:00:00+00:00
[2024-07-06T22:03:53.562+0700] {processor.py:183} INFO - Processing /home/acer/.local/share/virtualenvs/custom_airflow-E5ZHcY_K/lib/python3.12/site-packages/airflow/example_dags/example_branch_operator_decorator.py took 0.113 seconds
[2024-07-06T22:05:49.628+0700] {processor.py:161} INFO - Started process (PID=17788) to work on /home/acer/.local/share/virtualenvs/custom_airflow-E5ZHcY_K/lib/python3.12/site-packages/airflow/example_dags/example_branch_operator_decorator.py
[2024-07-06T22:05:49.629+0700] {processor.py:830} INFO - Processing file /home/acer/.local/share/virtualenvs/custom_airflow-E5ZHcY_K/lib/python3.12/site-packages/airflow/example_dags/example_branch_operator_decorator.py for tasks to queue
[2024-07-06T22:05:49.631+0700] {logging_mixin.py:188} INFO - [2024-07-06T22:05:49.630+0700] {dagbag.py:545} INFO - Filling up the DagBag from /home/acer/.local/share/virtualenvs/custom_airflow-E5ZHcY_K/lib/python3.12/site-packages/airflow/example_dags/example_branch_operator_decorator.py
[2024-07-06T22:05:49.653+0700] {processor.py:840} INFO - DAG(s) 'example_branch_python_operator_decorator' retrieved from /home/acer/.local/share/virtualenvs/custom_airflow-E5ZHcY_K/lib/python3.12/site-packages/airflow/example_dags/example_branch_operator_decorator.py
[2024-07-06T22:05:49.679+0700] {logging_mixin.py:188} INFO - [2024-07-06T22:05:49.679+0700] {dag.py:3096} INFO - Sync 1 DAGs
[2024-07-06T22:05:49.701+0700] {logging_mixin.py:188} INFO - [2024-07-06T22:05:49.700+0700] {dag.py:3954} INFO - Setting next_dagrun for example_branch_python_operator_decorator to 2024-07-05 00:00:00+00:00, run_after=2024-07-06 00:00:00+00:00
[2024-07-06T22:05:49.722+0700] {processor.py:183} INFO - Processing /home/acer/.local/share/virtualenvs/custom_airflow-E5ZHcY_K/lib/python3.12/site-packages/airflow/example_dags/example_branch_operator_decorator.py took 0.099 seconds
[2024-07-06T22:07:02.070+0700] {processor.py:161} INFO - Started process (PID=18353) to work on /home/acer/.local/share/virtualenvs/custom_airflow-E5ZHcY_K/lib/python3.12/site-packages/airflow/example_dags/example_branch_operator_decorator.py
[2024-07-06T22:07:02.071+0700] {processor.py:830} INFO - Processing file /home/acer/.local/share/virtualenvs/custom_airflow-E5ZHcY_K/lib/python3.12/site-packages/airflow/example_dags/example_branch_operator_decorator.py for tasks to queue
[2024-07-06T22:07:02.074+0700] {logging_mixin.py:188} INFO - [2024-07-06T22:07:02.073+0700] {dagbag.py:545} INFO - Filling up the DagBag from /home/acer/.local/share/virtualenvs/custom_airflow-E5ZHcY_K/lib/python3.12/site-packages/airflow/example_dags/example_branch_operator_decorator.py
[2024-07-06T22:07:02.127+0700] {processor.py:840} INFO - DAG(s) 'example_branch_python_operator_decorator' retrieved from /home/acer/.local/share/virtualenvs/custom_airflow-E5ZHcY_K/lib/python3.12/site-packages/airflow/example_dags/example_branch_operator_decorator.py
[2024-07-06T22:07:02.169+0700] {logging_mixin.py:188} INFO - [2024-07-06T22:07:02.168+0700] {dag.py:3096} INFO - Sync 1 DAGs
[2024-07-06T22:07:02.195+0700] {logging_mixin.py:188} INFO - [2024-07-06T22:07:02.194+0700] {dag.py:3954} INFO - Setting next_dagrun for example_branch_python_operator_decorator to 2024-07-05 00:00:00+00:00, run_after=2024-07-06 00:00:00+00:00
[2024-07-06T22:07:02.229+0700] {processor.py:183} INFO - Processing /home/acer/.local/share/virtualenvs/custom_airflow-E5ZHcY_K/lib/python3.12/site-packages/airflow/example_dags/example_branch_operator_decorator.py took 0.167 seconds
[2024-07-06T22:08:00.656+0700] {processor.py:161} INFO - Started process (PID=18730) to work on /home/acer/.local/share/virtualenvs/custom_airflow-E5ZHcY_K/lib/python3.12/site-packages/airflow/example_dags/example_branch_operator_decorator.py
[2024-07-06T22:08:00.660+0700] {processor.py:830} INFO - Processing file /home/acer/.local/share/virtualenvs/custom_airflow-E5ZHcY_K/lib/python3.12/site-packages/airflow/example_dags/example_branch_operator_decorator.py for tasks to queue
[2024-07-06T22:08:00.664+0700] {logging_mixin.py:188} INFO - [2024-07-06T22:08:00.663+0700] {dagbag.py:545} INFO - Filling up the DagBag from /home/acer/.local/share/virtualenvs/custom_airflow-E5ZHcY_K/lib/python3.12/site-packages/airflow/example_dags/example_branch_operator_decorator.py
[2024-07-06T22:08:00.697+0700] {processor.py:840} INFO - DAG(s) 'example_branch_python_operator_decorator' retrieved from /home/acer/.local/share/virtualenvs/custom_airflow-E5ZHcY_K/lib/python3.12/site-packages/airflow/example_dags/example_branch_operator_decorator.py
[2024-07-06T22:08:00.740+0700] {logging_mixin.py:188} INFO - [2024-07-06T22:08:00.740+0700] {dag.py:3096} INFO - Sync 1 DAGs
[2024-07-06T22:08:00.769+0700] {logging_mixin.py:188} INFO - [2024-07-06T22:08:00.769+0700] {dag.py:3954} INFO - Setting next_dagrun for example_branch_python_operator_decorator to 2024-07-05 00:00:00+00:00, run_after=2024-07-06 00:00:00+00:00
[2024-07-06T22:08:00.797+0700] {processor.py:183} INFO - Processing /home/acer/.local/share/virtualenvs/custom_airflow-E5ZHcY_K/lib/python3.12/site-packages/airflow/example_dags/example_branch_operator_decorator.py took 0.158 seconds
[2024-07-06T22:08:56.009+0700] {processor.py:161} INFO - Started process (PID=19010) to work on /home/acer/.local/share/virtualenvs/custom_airflow-E5ZHcY_K/lib/python3.12/site-packages/airflow/example_dags/example_branch_operator_decorator.py
[2024-07-06T22:08:56.011+0700] {processor.py:830} INFO - Processing file /home/acer/.local/share/virtualenvs/custom_airflow-E5ZHcY_K/lib/python3.12/site-packages/airflow/example_dags/example_branch_operator_decorator.py for tasks to queue
[2024-07-06T22:08:56.014+0700] {logging_mixin.py:188} INFO - [2024-07-06T22:08:56.014+0700] {dagbag.py:545} INFO - Filling up the DagBag from /home/acer/.local/share/virtualenvs/custom_airflow-E5ZHcY_K/lib/python3.12/site-packages/airflow/example_dags/example_branch_operator_decorator.py
[2024-07-06T22:08:56.050+0700] {processor.py:840} INFO - DAG(s) 'example_branch_python_operator_decorator' retrieved from /home/acer/.local/share/virtualenvs/custom_airflow-E5ZHcY_K/lib/python3.12/site-packages/airflow/example_dags/example_branch_operator_decorator.py
[2024-07-06T22:08:56.096+0700] {logging_mixin.py:188} INFO - [2024-07-06T22:08:56.096+0700] {dag.py:3096} INFO - Sync 1 DAGs
[2024-07-06T22:08:56.135+0700] {logging_mixin.py:188} INFO - [2024-07-06T22:08:56.135+0700] {dag.py:3954} INFO - Setting next_dagrun for example_branch_python_operator_decorator to 2024-07-05 00:00:00+00:00, run_after=2024-07-06 00:00:00+00:00
[2024-07-06T22:08:56.175+0700] {processor.py:183} INFO - Processing /home/acer/.local/share/virtualenvs/custom_airflow-E5ZHcY_K/lib/python3.12/site-packages/airflow/example_dags/example_branch_operator_decorator.py took 0.178 seconds
[2024-07-06T22:10:26.824+0700] {processor.py:161} INFO - Started process (PID=19521) to work on /home/acer/.local/share/virtualenvs/custom_airflow-E5ZHcY_K/lib/python3.12/site-packages/airflow/example_dags/example_branch_operator_decorator.py
[2024-07-06T22:10:26.826+0700] {processor.py:830} INFO - Processing file /home/acer/.local/share/virtualenvs/custom_airflow-E5ZHcY_K/lib/python3.12/site-packages/airflow/example_dags/example_branch_operator_decorator.py for tasks to queue
[2024-07-06T22:10:26.831+0700] {logging_mixin.py:188} INFO - [2024-07-06T22:10:26.830+0700] {dagbag.py:545} INFO - Filling up the DagBag from /home/acer/.local/share/virtualenvs/custom_airflow-E5ZHcY_K/lib/python3.12/site-packages/airflow/example_dags/example_branch_operator_decorator.py
[2024-07-06T22:10:26.873+0700] {processor.py:840} INFO - DAG(s) 'example_branch_python_operator_decorator' retrieved from /home/acer/.local/share/virtualenvs/custom_airflow-E5ZHcY_K/lib/python3.12/site-packages/airflow/example_dags/example_branch_operator_decorator.py
[2024-07-06T22:10:26.901+0700] {logging_mixin.py:188} INFO - [2024-07-06T22:10:26.901+0700] {dag.py:3096} INFO - Sync 1 DAGs
[2024-07-06T22:10:26.928+0700] {logging_mixin.py:188} INFO - [2024-07-06T22:10:26.928+0700] {dag.py:3954} INFO - Setting next_dagrun for example_branch_python_operator_decorator to 2024-07-05 00:00:00+00:00, run_after=2024-07-06 00:00:00+00:00
[2024-07-06T22:10:26.955+0700] {processor.py:183} INFO - Processing /home/acer/.local/share/virtualenvs/custom_airflow-E5ZHcY_K/lib/python3.12/site-packages/airflow/example_dags/example_branch_operator_decorator.py took 0.149 seconds
[2024-07-06T22:11:30.027+0700] {processor.py:161} INFO - Started process (PID=19883) to work on /home/acer/.local/share/virtualenvs/custom_airflow-E5ZHcY_K/lib/python3.12/site-packages/airflow/example_dags/example_branch_operator_decorator.py
[2024-07-06T22:11:30.031+0700] {processor.py:830} INFO - Processing file /home/acer/.local/share/virtualenvs/custom_airflow-E5ZHcY_K/lib/python3.12/site-packages/airflow/example_dags/example_branch_operator_decorator.py for tasks to queue
[2024-07-06T22:11:30.036+0700] {logging_mixin.py:188} INFO - [2024-07-06T22:11:30.036+0700] {dagbag.py:545} INFO - Filling up the DagBag from /home/acer/.local/share/virtualenvs/custom_airflow-E5ZHcY_K/lib/python3.12/site-packages/airflow/example_dags/example_branch_operator_decorator.py
[2024-07-06T22:11:30.090+0700] {processor.py:840} INFO - DAG(s) 'example_branch_python_operator_decorator' retrieved from /home/acer/.local/share/virtualenvs/custom_airflow-E5ZHcY_K/lib/python3.12/site-packages/airflow/example_dags/example_branch_operator_decorator.py
[2024-07-06T22:11:30.125+0700] {logging_mixin.py:188} INFO - [2024-07-06T22:11:30.125+0700] {dag.py:3096} INFO - Sync 1 DAGs
[2024-07-06T22:11:30.158+0700] {logging_mixin.py:188} INFO - [2024-07-06T22:11:30.158+0700] {dag.py:3954} INFO - Setting next_dagrun for example_branch_python_operator_decorator to 2024-07-05 00:00:00+00:00, run_after=2024-07-06 00:00:00+00:00
[2024-07-06T22:11:30.187+0700] {processor.py:183} INFO - Processing /home/acer/.local/share/virtualenvs/custom_airflow-E5ZHcY_K/lib/python3.12/site-packages/airflow/example_dags/example_branch_operator_decorator.py took 0.168 seconds
[2024-07-06T22:12:30.089+0700] {processor.py:161} INFO - Started process (PID=20212) to work on /home/acer/.local/share/virtualenvs/custom_airflow-E5ZHcY_K/lib/python3.12/site-packages/airflow/example_dags/example_branch_operator_decorator.py
[2024-07-06T22:12:30.101+0700] {processor.py:830} INFO - Processing file /home/acer/.local/share/virtualenvs/custom_airflow-E5ZHcY_K/lib/python3.12/site-packages/airflow/example_dags/example_branch_operator_decorator.py for tasks to queue
[2024-07-06T22:12:30.111+0700] {logging_mixin.py:188} INFO - [2024-07-06T22:12:30.109+0700] {dagbag.py:545} INFO - Filling up the DagBag from /home/acer/.local/share/virtualenvs/custom_airflow-E5ZHcY_K/lib/python3.12/site-packages/airflow/example_dags/example_branch_operator_decorator.py
[2024-07-06T22:12:30.159+0700] {processor.py:840} INFO - DAG(s) 'example_branch_python_operator_decorator' retrieved from /home/acer/.local/share/virtualenvs/custom_airflow-E5ZHcY_K/lib/python3.12/site-packages/airflow/example_dags/example_branch_operator_decorator.py
[2024-07-06T22:12:30.192+0700] {logging_mixin.py:188} INFO - [2024-07-06T22:12:30.192+0700] {dag.py:3096} INFO - Sync 1 DAGs
[2024-07-06T22:12:30.218+0700] {logging_mixin.py:188} INFO - [2024-07-06T22:12:30.218+0700] {dag.py:3954} INFO - Setting next_dagrun for example_branch_python_operator_decorator to 2024-07-05 00:00:00+00:00, run_after=2024-07-06 00:00:00+00:00
[2024-07-06T22:12:30.266+0700] {processor.py:183} INFO - Processing /home/acer/.local/share/virtualenvs/custom_airflow-E5ZHcY_K/lib/python3.12/site-packages/airflow/example_dags/example_branch_operator_decorator.py took 0.213 seconds
[2024-07-06T22:13:29.240+0700] {processor.py:161} INFO - Started process (PID=20586) to work on /home/acer/.local/share/virtualenvs/custom_airflow-E5ZHcY_K/lib/python3.12/site-packages/airflow/example_dags/example_branch_operator_decorator.py
[2024-07-06T22:13:29.242+0700] {processor.py:830} INFO - Processing file /home/acer/.local/share/virtualenvs/custom_airflow-E5ZHcY_K/lib/python3.12/site-packages/airflow/example_dags/example_branch_operator_decorator.py for tasks to queue
[2024-07-06T22:13:29.245+0700] {logging_mixin.py:188} INFO - [2024-07-06T22:13:29.244+0700] {dagbag.py:545} INFO - Filling up the DagBag from /home/acer/.local/share/virtualenvs/custom_airflow-E5ZHcY_K/lib/python3.12/site-packages/airflow/example_dags/example_branch_operator_decorator.py
[2024-07-06T22:13:29.296+0700] {processor.py:840} INFO - DAG(s) 'example_branch_python_operator_decorator' retrieved from /home/acer/.local/share/virtualenvs/custom_airflow-E5ZHcY_K/lib/python3.12/site-packages/airflow/example_dags/example_branch_operator_decorator.py
[2024-07-06T22:13:29.338+0700] {logging_mixin.py:188} INFO - [2024-07-06T22:13:29.338+0700] {dag.py:3096} INFO - Sync 1 DAGs
[2024-07-06T22:13:29.373+0700] {logging_mixin.py:188} INFO - [2024-07-06T22:13:29.373+0700] {dag.py:3954} INFO - Setting next_dagrun for example_branch_python_operator_decorator to 2024-07-05 00:00:00+00:00, run_after=2024-07-06 00:00:00+00:00
[2024-07-06T22:13:29.407+0700] {processor.py:183} INFO - Processing /home/acer/.local/share/virtualenvs/custom_airflow-E5ZHcY_K/lib/python3.12/site-packages/airflow/example_dags/example_branch_operator_decorator.py took 0.180 seconds
[2024-07-06T22:14:28.933+0700] {processor.py:161} INFO - Started process (PID=20926) to work on /home/acer/.local/share/virtualenvs/custom_airflow-E5ZHcY_K/lib/python3.12/site-packages/airflow/example_dags/example_branch_operator_decorator.py
[2024-07-06T22:14:28.934+0700] {processor.py:830} INFO - Processing file /home/acer/.local/share/virtualenvs/custom_airflow-E5ZHcY_K/lib/python3.12/site-packages/airflow/example_dags/example_branch_operator_decorator.py for tasks to queue
[2024-07-06T22:14:28.937+0700] {logging_mixin.py:188} INFO - [2024-07-06T22:14:28.936+0700] {dagbag.py:545} INFO - Filling up the DagBag from /home/acer/.local/share/virtualenvs/custom_airflow-E5ZHcY_K/lib/python3.12/site-packages/airflow/example_dags/example_branch_operator_decorator.py
[2024-07-06T22:14:28.970+0700] {processor.py:840} INFO - DAG(s) 'example_branch_python_operator_decorator' retrieved from /home/acer/.local/share/virtualenvs/custom_airflow-E5ZHcY_K/lib/python3.12/site-packages/airflow/example_dags/example_branch_operator_decorator.py
[2024-07-06T22:14:29.007+0700] {logging_mixin.py:188} INFO - [2024-07-06T22:14:29.006+0700] {dag.py:3096} INFO - Sync 1 DAGs
[2024-07-06T22:14:29.038+0700] {logging_mixin.py:188} INFO - [2024-07-06T22:14:29.038+0700] {dag.py:3954} INFO - Setting next_dagrun for example_branch_python_operator_decorator to 2024-07-05 00:00:00+00:00, run_after=2024-07-06 00:00:00+00:00
[2024-07-06T22:14:29.069+0700] {processor.py:183} INFO - Processing /home/acer/.local/share/virtualenvs/custom_airflow-E5ZHcY_K/lib/python3.12/site-packages/airflow/example_dags/example_branch_operator_decorator.py took 0.149 seconds
[2024-07-06T22:15:33.381+0700] {processor.py:161} INFO - Started process (PID=21315) to work on /home/acer/.local/share/virtualenvs/custom_airflow-E5ZHcY_K/lib/python3.12/site-packages/airflow/example_dags/example_branch_operator_decorator.py
[2024-07-06T22:15:33.384+0700] {processor.py:830} INFO - Processing file /home/acer/.local/share/virtualenvs/custom_airflow-E5ZHcY_K/lib/python3.12/site-packages/airflow/example_dags/example_branch_operator_decorator.py for tasks to queue
[2024-07-06T22:15:33.389+0700] {logging_mixin.py:188} INFO - [2024-07-06T22:15:33.388+0700] {dagbag.py:545} INFO - Filling up the DagBag from /home/acer/.local/share/virtualenvs/custom_airflow-E5ZHcY_K/lib/python3.12/site-packages/airflow/example_dags/example_branch_operator_decorator.py
[2024-07-06T22:15:33.429+0700] {processor.py:840} INFO - DAG(s) 'example_branch_python_operator_decorator' retrieved from /home/acer/.local/share/virtualenvs/custom_airflow-E5ZHcY_K/lib/python3.12/site-packages/airflow/example_dags/example_branch_operator_decorator.py
[2024-07-06T22:15:33.465+0700] {logging_mixin.py:188} INFO - [2024-07-06T22:15:33.465+0700] {dag.py:3096} INFO - Sync 1 DAGs
[2024-07-06T22:15:33.497+0700] {logging_mixin.py:188} INFO - [2024-07-06T22:15:33.496+0700] {dag.py:3954} INFO - Setting next_dagrun for example_branch_python_operator_decorator to 2024-07-05 00:00:00+00:00, run_after=2024-07-06 00:00:00+00:00
[2024-07-06T22:15:33.524+0700] {processor.py:183} INFO - Processing /home/acer/.local/share/virtualenvs/custom_airflow-E5ZHcY_K/lib/python3.12/site-packages/airflow/example_dags/example_branch_operator_decorator.py took 0.156 seconds
[2024-07-06T22:16:31.647+0700] {processor.py:161} INFO - Started process (PID=21618) to work on /home/acer/.local/share/virtualenvs/custom_airflow-E5ZHcY_K/lib/python3.12/site-packages/airflow/example_dags/example_branch_operator_decorator.py
[2024-07-06T22:16:31.654+0700] {processor.py:830} INFO - Processing file /home/acer/.local/share/virtualenvs/custom_airflow-E5ZHcY_K/lib/python3.12/site-packages/airflow/example_dags/example_branch_operator_decorator.py for tasks to queue
[2024-07-06T22:16:31.656+0700] {logging_mixin.py:188} INFO - [2024-07-06T22:16:31.655+0700] {dagbag.py:545} INFO - Filling up the DagBag from /home/acer/.local/share/virtualenvs/custom_airflow-E5ZHcY_K/lib/python3.12/site-packages/airflow/example_dags/example_branch_operator_decorator.py
[2024-07-06T22:16:31.690+0700] {processor.py:840} INFO - DAG(s) 'example_branch_python_operator_decorator' retrieved from /home/acer/.local/share/virtualenvs/custom_airflow-E5ZHcY_K/lib/python3.12/site-packages/airflow/example_dags/example_branch_operator_decorator.py
[2024-07-06T22:16:31.737+0700] {logging_mixin.py:188} INFO - [2024-07-06T22:16:31.737+0700] {dag.py:3096} INFO - Sync 1 DAGs
[2024-07-06T22:16:31.768+0700] {logging_mixin.py:188} INFO - [2024-07-06T22:16:31.768+0700] {dag.py:3954} INFO - Setting next_dagrun for example_branch_python_operator_decorator to 2024-07-05 00:00:00+00:00, run_after=2024-07-06 00:00:00+00:00
[2024-07-06T22:16:31.802+0700] {processor.py:183} INFO - Processing /home/acer/.local/share/virtualenvs/custom_airflow-E5ZHcY_K/lib/python3.12/site-packages/airflow/example_dags/example_branch_operator_decorator.py took 0.165 seconds
[2024-07-06T22:17:57.957+0700] {processor.py:161} INFO - Started process (PID=22080) to work on /home/acer/.local/share/virtualenvs/custom_airflow-E5ZHcY_K/lib/python3.12/site-packages/airflow/example_dags/example_branch_operator_decorator.py
[2024-07-06T22:17:57.958+0700] {processor.py:830} INFO - Processing file /home/acer/.local/share/virtualenvs/custom_airflow-E5ZHcY_K/lib/python3.12/site-packages/airflow/example_dags/example_branch_operator_decorator.py for tasks to queue
[2024-07-06T22:17:57.961+0700] {logging_mixin.py:188} INFO - [2024-07-06T22:17:57.960+0700] {dagbag.py:545} INFO - Filling up the DagBag from /home/acer/.local/share/virtualenvs/custom_airflow-E5ZHcY_K/lib/python3.12/site-packages/airflow/example_dags/example_branch_operator_decorator.py
[2024-07-06T22:17:58.002+0700] {processor.py:840} INFO - DAG(s) 'example_branch_python_operator_decorator' retrieved from /home/acer/.local/share/virtualenvs/custom_airflow-E5ZHcY_K/lib/python3.12/site-packages/airflow/example_dags/example_branch_operator_decorator.py
[2024-07-06T22:17:58.052+0700] {logging_mixin.py:188} INFO - [2024-07-06T22:17:58.052+0700] {dag.py:3096} INFO - Sync 1 DAGs
[2024-07-06T22:17:58.091+0700] {logging_mixin.py:188} INFO - [2024-07-06T22:17:58.091+0700] {dag.py:3954} INFO - Setting next_dagrun for example_branch_python_operator_decorator to 2024-07-05 00:00:00+00:00, run_after=2024-07-06 00:00:00+00:00
[2024-07-06T22:17:58.132+0700] {processor.py:183} INFO - Processing /home/acer/.local/share/virtualenvs/custom_airflow-E5ZHcY_K/lib/python3.12/site-packages/airflow/example_dags/example_branch_operator_decorator.py took 0.184 seconds
[2024-07-06T22:19:01.222+0700] {processor.py:161} INFO - Started process (PID=22406) to work on /home/acer/.local/share/virtualenvs/custom_airflow-E5ZHcY_K/lib/python3.12/site-packages/airflow/example_dags/example_branch_operator_decorator.py
[2024-07-06T22:19:01.224+0700] {processor.py:830} INFO - Processing file /home/acer/.local/share/virtualenvs/custom_airflow-E5ZHcY_K/lib/python3.12/site-packages/airflow/example_dags/example_branch_operator_decorator.py for tasks to queue
[2024-07-06T22:19:01.228+0700] {logging_mixin.py:188} INFO - [2024-07-06T22:19:01.227+0700] {dagbag.py:545} INFO - Filling up the DagBag from /home/acer/.local/share/virtualenvs/custom_airflow-E5ZHcY_K/lib/python3.12/site-packages/airflow/example_dags/example_branch_operator_decorator.py
[2024-07-06T22:19:01.263+0700] {processor.py:840} INFO - DAG(s) 'example_branch_python_operator_decorator' retrieved from /home/acer/.local/share/virtualenvs/custom_airflow-E5ZHcY_K/lib/python3.12/site-packages/airflow/example_dags/example_branch_operator_decorator.py
[2024-07-06T22:19:01.294+0700] {logging_mixin.py:188} INFO - [2024-07-06T22:19:01.294+0700] {dag.py:3096} INFO - Sync 1 DAGs
[2024-07-06T22:19:01.323+0700] {logging_mixin.py:188} INFO - [2024-07-06T22:19:01.323+0700] {dag.py:3954} INFO - Setting next_dagrun for example_branch_python_operator_decorator to 2024-07-05 00:00:00+00:00, run_after=2024-07-06 00:00:00+00:00
[2024-07-06T22:19:01.444+0700] {processor.py:183} INFO - Processing /home/acer/.local/share/virtualenvs/custom_airflow-E5ZHcY_K/lib/python3.12/site-packages/airflow/example_dags/example_branch_operator_decorator.py took 0.234 seconds
[2024-07-06T22:20:02.335+0700] {processor.py:161} INFO - Started process (PID=22749) to work on /home/acer/.local/share/virtualenvs/custom_airflow-E5ZHcY_K/lib/python3.12/site-packages/airflow/example_dags/example_branch_operator_decorator.py
[2024-07-06T22:20:02.337+0700] {processor.py:830} INFO - Processing file /home/acer/.local/share/virtualenvs/custom_airflow-E5ZHcY_K/lib/python3.12/site-packages/airflow/example_dags/example_branch_operator_decorator.py for tasks to queue
[2024-07-06T22:20:02.342+0700] {logging_mixin.py:188} INFO - [2024-07-06T22:20:02.341+0700] {dagbag.py:545} INFO - Filling up the DagBag from /home/acer/.local/share/virtualenvs/custom_airflow-E5ZHcY_K/lib/python3.12/site-packages/airflow/example_dags/example_branch_operator_decorator.py
[2024-07-06T22:20:02.377+0700] {processor.py:840} INFO - DAG(s) 'example_branch_python_operator_decorator' retrieved from /home/acer/.local/share/virtualenvs/custom_airflow-E5ZHcY_K/lib/python3.12/site-packages/airflow/example_dags/example_branch_operator_decorator.py
[2024-07-06T22:20:02.413+0700] {logging_mixin.py:188} INFO - [2024-07-06T22:20:02.413+0700] {dag.py:3096} INFO - Sync 1 DAGs
[2024-07-06T22:20:02.442+0700] {logging_mixin.py:188} INFO - [2024-07-06T22:20:02.442+0700] {dag.py:3954} INFO - Setting next_dagrun for example_branch_python_operator_decorator to 2024-07-05 00:00:00+00:00, run_after=2024-07-06 00:00:00+00:00
[2024-07-06T22:20:02.472+0700] {processor.py:183} INFO - Processing /home/acer/.local/share/virtualenvs/custom_airflow-E5ZHcY_K/lib/python3.12/site-packages/airflow/example_dags/example_branch_operator_decorator.py took 0.157 seconds
[2024-07-06T22:21:03.615+0700] {processor.py:161} INFO - Started process (PID=23046) to work on /home/acer/.local/share/virtualenvs/custom_airflow-E5ZHcY_K/lib/python3.12/site-packages/airflow/example_dags/example_branch_operator_decorator.py
[2024-07-06T22:21:03.617+0700] {processor.py:830} INFO - Processing file /home/acer/.local/share/virtualenvs/custom_airflow-E5ZHcY_K/lib/python3.12/site-packages/airflow/example_dags/example_branch_operator_decorator.py for tasks to queue
[2024-07-06T22:21:03.624+0700] {logging_mixin.py:188} INFO - [2024-07-06T22:21:03.623+0700] {dagbag.py:545} INFO - Filling up the DagBag from /home/acer/.local/share/virtualenvs/custom_airflow-E5ZHcY_K/lib/python3.12/site-packages/airflow/example_dags/example_branch_operator_decorator.py
[2024-07-06T22:21:03.663+0700] {processor.py:840} INFO - DAG(s) 'example_branch_python_operator_decorator' retrieved from /home/acer/.local/share/virtualenvs/custom_airflow-E5ZHcY_K/lib/python3.12/site-packages/airflow/example_dags/example_branch_operator_decorator.py
[2024-07-06T22:21:03.696+0700] {logging_mixin.py:188} INFO - [2024-07-06T22:21:03.696+0700] {dag.py:3096} INFO - Sync 1 DAGs
[2024-07-06T22:21:03.725+0700] {logging_mixin.py:188} INFO - [2024-07-06T22:21:03.725+0700] {dag.py:3954} INFO - Setting next_dagrun for example_branch_python_operator_decorator to 2024-07-05 00:00:00+00:00, run_after=2024-07-06 00:00:00+00:00
[2024-07-06T22:21:03.754+0700] {processor.py:183} INFO - Processing /home/acer/.local/share/virtualenvs/custom_airflow-E5ZHcY_K/lib/python3.12/site-packages/airflow/example_dags/example_branch_operator_decorator.py took 0.169 seconds
