[2024-07-06T16:09:36.047+0700] {processor.py:161} INFO - Started process (PID=51502) to work on /home/acer/.local/share/virtualenvs/custom_airflow-E5ZHcY_K/lib/python3.12/site-packages/airflow/example_dags/example_dag_decorator.py
[2024-07-06T16:09:36.049+0700] {processor.py:830} INFO - Processing file /home/acer/.local/share/virtualenvs/custom_airflow-E5ZHcY_K/lib/python3.12/site-packages/airflow/example_dags/example_dag_decorator.py for tasks to queue
[2024-07-06T16:09:36.051+0700] {logging_mixin.py:188} INFO - [2024-07-06T16:09:36.050+0700] {dagbag.py:545} INFO - Filling up the DagBag from /home/acer/.local/share/virtualenvs/custom_airflow-E5ZHcY_K/lib/python3.12/site-packages/airflow/example_dags/example_dag_decorator.py
[2024-07-06T16:09:36.181+0700] {processor.py:840} INFO - DAG(s) 'example_dag_decorator' retrieved from /home/acer/.local/share/virtualenvs/custom_airflow-E5ZHcY_K/lib/python3.12/site-packages/airflow/example_dags/example_dag_decorator.py
[2024-07-06T16:09:36.339+0700] {logging_mixin.py:188} INFO - [2024-07-06T16:09:36.337+0700] {override.py:1847} INFO - Created Permission View: can delete on DAG:example_dag_decorator
[2024-07-06T16:09:36.371+0700] {logging_mixin.py:188} INFO - [2024-07-06T16:09:36.370+0700] {override.py:1847} INFO - Created Permission View: can edit on DAG:example_dag_decorator
[2024-07-06T16:09:36.384+0700] {logging_mixin.py:188} INFO - [2024-07-06T16:09:36.384+0700] {override.py:1847} INFO - Created Permission View: can read on DAG:example_dag_decorator
[2024-07-06T16:09:36.385+0700] {logging_mixin.py:188} INFO - [2024-07-06T16:09:36.385+0700] {dag.py:3096} INFO - Sync 1 DAGs
[2024-07-06T16:09:36.407+0700] {logging_mixin.py:188} INFO - [2024-07-06T16:09:36.406+0700] {dag.py:3118} INFO - Creating ORM DAG for example_dag_decorator
[2024-07-06T16:09:36.408+0700] {logging_mixin.py:188} INFO - [2024-07-06T16:09:36.408+0700] {dag.py:3954} INFO - Setting next_dagrun for example_dag_decorator to None, run_after=None
[2024-07-06T16:09:36.457+0700] {processor.py:183} INFO - Processing /home/acer/.local/share/virtualenvs/custom_airflow-E5ZHcY_K/lib/python3.12/site-packages/airflow/example_dags/example_dag_decorator.py took 0.424 seconds
[2024-07-06T16:11:23.333+0700] {processor.py:161} INFO - Started process (PID=52423) to work on /home/acer/.local/share/virtualenvs/custom_airflow-E5ZHcY_K/lib/python3.12/site-packages/airflow/example_dags/example_dag_decorator.py
[2024-07-06T16:11:23.334+0700] {processor.py:830} INFO - Processing file /home/acer/.local/share/virtualenvs/custom_airflow-E5ZHcY_K/lib/python3.12/site-packages/airflow/example_dags/example_dag_decorator.py for tasks to queue
[2024-07-06T16:11:23.335+0700] {logging_mixin.py:188} INFO - [2024-07-06T16:11:23.334+0700] {dagbag.py:545} INFO - Filling up the DagBag from /home/acer/.local/share/virtualenvs/custom_airflow-E5ZHcY_K/lib/python3.12/site-packages/airflow/example_dags/example_dag_decorator.py
[2024-07-06T16:11:23.452+0700] {processor.py:840} INFO - DAG(s) 'example_dag_decorator' retrieved from /home/acer/.local/share/virtualenvs/custom_airflow-E5ZHcY_K/lib/python3.12/site-packages/airflow/example_dags/example_dag_decorator.py
[2024-07-06T16:11:23.584+0700] {logging_mixin.py:188} INFO - [2024-07-06T16:11:23.584+0700] {dag.py:3096} INFO - Sync 1 DAGs
[2024-07-06T16:11:23.597+0700] {logging_mixin.py:188} INFO - [2024-07-06T16:11:23.596+0700] {dag.py:3954} INFO - Setting next_dagrun for example_dag_decorator to None, run_after=None
[2024-07-06T16:11:23.625+0700] {processor.py:183} INFO - Processing /home/acer/.local/share/virtualenvs/custom_airflow-E5ZHcY_K/lib/python3.12/site-packages/airflow/example_dags/example_dag_decorator.py took 0.302 seconds
[2024-07-06T16:16:25.990+0700] {processor.py:161} INFO - Started process (PID=55169) to work on /home/acer/.local/share/virtualenvs/custom_airflow-E5ZHcY_K/lib/python3.12/site-packages/airflow/example_dags/example_dag_decorator.py
[2024-07-06T16:16:25.991+0700] {processor.py:830} INFO - Processing file /home/acer/.local/share/virtualenvs/custom_airflow-E5ZHcY_K/lib/python3.12/site-packages/airflow/example_dags/example_dag_decorator.py for tasks to queue
[2024-07-06T16:16:25.994+0700] {logging_mixin.py:188} INFO - [2024-07-06T16:16:25.993+0700] {dagbag.py:545} INFO - Filling up the DagBag from /home/acer/.local/share/virtualenvs/custom_airflow-E5ZHcY_K/lib/python3.12/site-packages/airflow/example_dags/example_dag_decorator.py
[2024-07-06T16:16:26.107+0700] {processor.py:840} INFO - DAG(s) 'example_dag_decorator' retrieved from /home/acer/.local/share/virtualenvs/custom_airflow-E5ZHcY_K/lib/python3.12/site-packages/airflow/example_dags/example_dag_decorator.py
[2024-07-06T16:16:26.225+0700] {logging_mixin.py:188} INFO - [2024-07-06T16:16:26.225+0700] {dag.py:3096} INFO - Sync 1 DAGs
[2024-07-06T16:16:26.236+0700] {logging_mixin.py:188} INFO - [2024-07-06T16:16:26.236+0700] {dag.py:3954} INFO - Setting next_dagrun for example_dag_decorator to None, run_after=None
[2024-07-06T16:16:26.257+0700] {processor.py:183} INFO - Processing /home/acer/.local/share/virtualenvs/custom_airflow-E5ZHcY_K/lib/python3.12/site-packages/airflow/example_dags/example_dag_decorator.py took 0.274 seconds
[2024-07-06T16:17:43.279+0700] {processor.py:161} INFO - Started process (PID=55782) to work on /home/acer/.local/share/virtualenvs/custom_airflow-E5ZHcY_K/lib/python3.12/site-packages/airflow/example_dags/example_dag_decorator.py
[2024-07-06T16:17:43.280+0700] {processor.py:830} INFO - Processing file /home/acer/.local/share/virtualenvs/custom_airflow-E5ZHcY_K/lib/python3.12/site-packages/airflow/example_dags/example_dag_decorator.py for tasks to queue
[2024-07-06T16:17:43.283+0700] {logging_mixin.py:188} INFO - [2024-07-06T16:17:43.282+0700] {dagbag.py:545} INFO - Filling up the DagBag from /home/acer/.local/share/virtualenvs/custom_airflow-E5ZHcY_K/lib/python3.12/site-packages/airflow/example_dags/example_dag_decorator.py
[2024-07-06T16:17:43.382+0700] {processor.py:840} INFO - DAG(s) 'example_dag_decorator' retrieved from /home/acer/.local/share/virtualenvs/custom_airflow-E5ZHcY_K/lib/python3.12/site-packages/airflow/example_dags/example_dag_decorator.py
[2024-07-06T16:17:43.506+0700] {logging_mixin.py:188} INFO - [2024-07-06T16:17:43.505+0700] {dag.py:3096} INFO - Sync 1 DAGs
[2024-07-06T16:17:43.516+0700] {logging_mixin.py:188} INFO - [2024-07-06T16:17:43.516+0700] {dag.py:3954} INFO - Setting next_dagrun for example_dag_decorator to None, run_after=None
[2024-07-06T16:17:43.537+0700] {processor.py:183} INFO - Processing /home/acer/.local/share/virtualenvs/custom_airflow-E5ZHcY_K/lib/python3.12/site-packages/airflow/example_dags/example_dag_decorator.py took 0.265 seconds
[2024-07-06T16:18:53.821+0700] {processor.py:161} INFO - Started process (PID=56133) to work on /home/acer/.local/share/virtualenvs/custom_airflow-E5ZHcY_K/lib/python3.12/site-packages/airflow/example_dags/example_dag_decorator.py
[2024-07-06T16:18:53.824+0700] {processor.py:830} INFO - Processing file /home/acer/.local/share/virtualenvs/custom_airflow-E5ZHcY_K/lib/python3.12/site-packages/airflow/example_dags/example_dag_decorator.py for tasks to queue
[2024-07-06T16:18:53.828+0700] {logging_mixin.py:188} INFO - [2024-07-06T16:18:53.827+0700] {dagbag.py:545} INFO - Filling up the DagBag from /home/acer/.local/share/virtualenvs/custom_airflow-E5ZHcY_K/lib/python3.12/site-packages/airflow/example_dags/example_dag_decorator.py
[2024-07-06T16:18:53.928+0700] {processor.py:840} INFO - DAG(s) 'example_dag_decorator' retrieved from /home/acer/.local/share/virtualenvs/custom_airflow-E5ZHcY_K/lib/python3.12/site-packages/airflow/example_dags/example_dag_decorator.py
[2024-07-06T16:18:54.039+0700] {logging_mixin.py:188} INFO - [2024-07-06T16:18:54.039+0700] {dag.py:3096} INFO - Sync 1 DAGs
[2024-07-06T16:18:54.049+0700] {logging_mixin.py:188} INFO - [2024-07-06T16:18:54.049+0700] {dag.py:3954} INFO - Setting next_dagrun for example_dag_decorator to None, run_after=None
[2024-07-06T16:18:54.070+0700] {processor.py:183} INFO - Processing /home/acer/.local/share/virtualenvs/custom_airflow-E5ZHcY_K/lib/python3.12/site-packages/airflow/example_dags/example_dag_decorator.py took 0.267 seconds
[2024-07-06T16:20:24.825+0700] {processor.py:161} INFO - Started process (PID=57064) to work on /home/acer/.local/share/virtualenvs/custom_airflow-E5ZHcY_K/lib/python3.12/site-packages/airflow/example_dags/example_dag_decorator.py
[2024-07-06T16:20:24.826+0700] {processor.py:830} INFO - Processing file /home/acer/.local/share/virtualenvs/custom_airflow-E5ZHcY_K/lib/python3.12/site-packages/airflow/example_dags/example_dag_decorator.py for tasks to queue
[2024-07-06T16:20:24.829+0700] {logging_mixin.py:188} INFO - [2024-07-06T16:20:24.828+0700] {dagbag.py:545} INFO - Filling up the DagBag from /home/acer/.local/share/virtualenvs/custom_airflow-E5ZHcY_K/lib/python3.12/site-packages/airflow/example_dags/example_dag_decorator.py
[2024-07-06T16:20:24.933+0700] {processor.py:840} INFO - DAG(s) 'example_dag_decorator' retrieved from /home/acer/.local/share/virtualenvs/custom_airflow-E5ZHcY_K/lib/python3.12/site-packages/airflow/example_dags/example_dag_decorator.py
[2024-07-06T16:20:25.040+0700] {logging_mixin.py:188} INFO - [2024-07-06T16:20:25.039+0700] {dag.py:3096} INFO - Sync 1 DAGs
[2024-07-06T16:20:25.050+0700] {logging_mixin.py:188} INFO - [2024-07-06T16:20:25.049+0700] {dag.py:3954} INFO - Setting next_dagrun for example_dag_decorator to None, run_after=None
[2024-07-06T16:20:25.070+0700] {processor.py:183} INFO - Processing /home/acer/.local/share/virtualenvs/custom_airflow-E5ZHcY_K/lib/python3.12/site-packages/airflow/example_dags/example_dag_decorator.py took 0.255 seconds
[2024-07-06T16:21:40.961+0700] {processor.py:161} INFO - Started process (PID=57630) to work on /home/acer/.local/share/virtualenvs/custom_airflow-E5ZHcY_K/lib/python3.12/site-packages/airflow/example_dags/example_dag_decorator.py
[2024-07-06T16:21:40.962+0700] {processor.py:830} INFO - Processing file /home/acer/.local/share/virtualenvs/custom_airflow-E5ZHcY_K/lib/python3.12/site-packages/airflow/example_dags/example_dag_decorator.py for tasks to queue
[2024-07-06T16:21:40.964+0700] {logging_mixin.py:188} INFO - [2024-07-06T16:21:40.963+0700] {dagbag.py:545} INFO - Filling up the DagBag from /home/acer/.local/share/virtualenvs/custom_airflow-E5ZHcY_K/lib/python3.12/site-packages/airflow/example_dags/example_dag_decorator.py
[2024-07-06T16:21:41.127+0700] {processor.py:840} INFO - DAG(s) 'example_dag_decorator' retrieved from /home/acer/.local/share/virtualenvs/custom_airflow-E5ZHcY_K/lib/python3.12/site-packages/airflow/example_dags/example_dag_decorator.py
[2024-07-06T16:21:41.293+0700] {logging_mixin.py:188} INFO - [2024-07-06T16:21:41.293+0700] {dag.py:3096} INFO - Sync 1 DAGs
[2024-07-06T16:21:41.307+0700] {logging_mixin.py:188} INFO - [2024-07-06T16:21:41.307+0700] {dag.py:3954} INFO - Setting next_dagrun for example_dag_decorator to None, run_after=None
[2024-07-06T16:21:41.335+0700] {processor.py:183} INFO - Processing /home/acer/.local/share/virtualenvs/custom_airflow-E5ZHcY_K/lib/python3.12/site-packages/airflow/example_dags/example_dag_decorator.py took 0.384 seconds
[2024-07-06T16:22:53.738+0700] {processor.py:161} INFO - Started process (PID=58085) to work on /home/acer/.local/share/virtualenvs/custom_airflow-E5ZHcY_K/lib/python3.12/site-packages/airflow/example_dags/example_dag_decorator.py
[2024-07-06T16:22:53.742+0700] {processor.py:830} INFO - Processing file /home/acer/.local/share/virtualenvs/custom_airflow-E5ZHcY_K/lib/python3.12/site-packages/airflow/example_dags/example_dag_decorator.py for tasks to queue
[2024-07-06T16:22:53.750+0700] {logging_mixin.py:188} INFO - [2024-07-06T16:22:53.748+0700] {dagbag.py:545} INFO - Filling up the DagBag from /home/acer/.local/share/virtualenvs/custom_airflow-E5ZHcY_K/lib/python3.12/site-packages/airflow/example_dags/example_dag_decorator.py
[2024-07-06T16:22:53.901+0700] {processor.py:840} INFO - DAG(s) 'example_dag_decorator' retrieved from /home/acer/.local/share/virtualenvs/custom_airflow-E5ZHcY_K/lib/python3.12/site-packages/airflow/example_dags/example_dag_decorator.py
[2024-07-06T16:22:54.093+0700] {logging_mixin.py:188} INFO - [2024-07-06T16:22:54.093+0700] {dag.py:3096} INFO - Sync 1 DAGs
[2024-07-06T16:22:54.104+0700] {logging_mixin.py:188} INFO - [2024-07-06T16:22:54.103+0700] {dag.py:3954} INFO - Setting next_dagrun for example_dag_decorator to None, run_after=None
[2024-07-06T16:22:54.125+0700] {processor.py:183} INFO - Processing /home/acer/.local/share/virtualenvs/custom_airflow-E5ZHcY_K/lib/python3.12/site-packages/airflow/example_dags/example_dag_decorator.py took 0.409 seconds
[2024-07-06T16:24:49.360+0700] {processor.py:161} INFO - Started process (PID=59429) to work on /home/acer/.local/share/virtualenvs/custom_airflow-E5ZHcY_K/lib/python3.12/site-packages/airflow/example_dags/example_dag_decorator.py
[2024-07-06T16:24:49.363+0700] {processor.py:830} INFO - Processing file /home/acer/.local/share/virtualenvs/custom_airflow-E5ZHcY_K/lib/python3.12/site-packages/airflow/example_dags/example_dag_decorator.py for tasks to queue
[2024-07-06T16:24:49.368+0700] {logging_mixin.py:188} INFO - [2024-07-06T16:24:49.367+0700] {dagbag.py:545} INFO - Filling up the DagBag from /home/acer/.local/share/virtualenvs/custom_airflow-E5ZHcY_K/lib/python3.12/site-packages/airflow/example_dags/example_dag_decorator.py
[2024-07-06T16:24:49.474+0700] {processor.py:840} INFO - DAG(s) 'example_dag_decorator' retrieved from /home/acer/.local/share/virtualenvs/custom_airflow-E5ZHcY_K/lib/python3.12/site-packages/airflow/example_dags/example_dag_decorator.py
[2024-07-06T16:24:49.671+0700] {logging_mixin.py:188} INFO - [2024-07-06T16:24:49.671+0700] {dag.py:3096} INFO - Sync 1 DAGs
[2024-07-06T16:24:49.682+0700] {logging_mixin.py:188} INFO - [2024-07-06T16:24:49.682+0700] {dag.py:3954} INFO - Setting next_dagrun for example_dag_decorator to None, run_after=None
[2024-07-06T16:24:49.706+0700] {processor.py:183} INFO - Processing /home/acer/.local/share/virtualenvs/custom_airflow-E5ZHcY_K/lib/python3.12/site-packages/airflow/example_dags/example_dag_decorator.py took 0.381 seconds
[2024-07-06T16:26:07.138+0700] {processor.py:161} INFO - Started process (PID=60009) to work on /home/acer/.local/share/virtualenvs/custom_airflow-E5ZHcY_K/lib/python3.12/site-packages/airflow/example_dags/example_dag_decorator.py
[2024-07-06T16:26:07.139+0700] {processor.py:830} INFO - Processing file /home/acer/.local/share/virtualenvs/custom_airflow-E5ZHcY_K/lib/python3.12/site-packages/airflow/example_dags/example_dag_decorator.py for tasks to queue
[2024-07-06T16:26:07.142+0700] {logging_mixin.py:188} INFO - [2024-07-06T16:26:07.142+0700] {dagbag.py:545} INFO - Filling up the DagBag from /home/acer/.local/share/virtualenvs/custom_airflow-E5ZHcY_K/lib/python3.12/site-packages/airflow/example_dags/example_dag_decorator.py
[2024-07-06T16:26:07.250+0700] {processor.py:840} INFO - DAG(s) 'example_dag_decorator' retrieved from /home/acer/.local/share/virtualenvs/custom_airflow-E5ZHcY_K/lib/python3.12/site-packages/airflow/example_dags/example_dag_decorator.py
[2024-07-06T16:26:07.439+0700] {logging_mixin.py:188} INFO - [2024-07-06T16:26:07.438+0700] {dag.py:3096} INFO - Sync 1 DAGs
[2024-07-06T16:26:07.448+0700] {logging_mixin.py:188} INFO - [2024-07-06T16:26:07.448+0700] {dag.py:3954} INFO - Setting next_dagrun for example_dag_decorator to None, run_after=None
[2024-07-06T16:26:07.468+0700] {processor.py:183} INFO - Processing /home/acer/.local/share/virtualenvs/custom_airflow-E5ZHcY_K/lib/python3.12/site-packages/airflow/example_dags/example_dag_decorator.py took 0.338 seconds
[2024-07-06T16:27:19.831+0700] {processor.py:161} INFO - Started process (PID=60386) to work on /home/acer/.local/share/virtualenvs/custom_airflow-E5ZHcY_K/lib/python3.12/site-packages/airflow/example_dags/example_dag_decorator.py
[2024-07-06T16:27:19.832+0700] {processor.py:830} INFO - Processing file /home/acer/.local/share/virtualenvs/custom_airflow-E5ZHcY_K/lib/python3.12/site-packages/airflow/example_dags/example_dag_decorator.py for tasks to queue
[2024-07-06T16:27:19.834+0700] {logging_mixin.py:188} INFO - [2024-07-06T16:27:19.834+0700] {dagbag.py:545} INFO - Filling up the DagBag from /home/acer/.local/share/virtualenvs/custom_airflow-E5ZHcY_K/lib/python3.12/site-packages/airflow/example_dags/example_dag_decorator.py
[2024-07-06T16:27:19.932+0700] {processor.py:840} INFO - DAG(s) 'example_dag_decorator' retrieved from /home/acer/.local/share/virtualenvs/custom_airflow-E5ZHcY_K/lib/python3.12/site-packages/airflow/example_dags/example_dag_decorator.py
[2024-07-06T16:27:20.119+0700] {logging_mixin.py:188} INFO - [2024-07-06T16:27:20.119+0700] {dag.py:3096} INFO - Sync 1 DAGs
[2024-07-06T16:27:20.130+0700] {logging_mixin.py:188} INFO - [2024-07-06T16:27:20.130+0700] {dag.py:3954} INFO - Setting next_dagrun for example_dag_decorator to None, run_after=None
[2024-07-06T16:27:20.150+0700] {processor.py:183} INFO - Processing /home/acer/.local/share/virtualenvs/custom_airflow-E5ZHcY_K/lib/python3.12/site-packages/airflow/example_dags/example_dag_decorator.py took 0.325 seconds
[2024-07-06T16:28:27.535+0700] {processor.py:161} INFO - Started process (PID=60734) to work on /home/acer/.local/share/virtualenvs/custom_airflow-E5ZHcY_K/lib/python3.12/site-packages/airflow/example_dags/example_dag_decorator.py
[2024-07-06T16:28:27.536+0700] {processor.py:830} INFO - Processing file /home/acer/.local/share/virtualenvs/custom_airflow-E5ZHcY_K/lib/python3.12/site-packages/airflow/example_dags/example_dag_decorator.py for tasks to queue
[2024-07-06T16:28:27.538+0700] {logging_mixin.py:188} INFO - [2024-07-06T16:28:27.537+0700] {dagbag.py:545} INFO - Filling up the DagBag from /home/acer/.local/share/virtualenvs/custom_airflow-E5ZHcY_K/lib/python3.12/site-packages/airflow/example_dags/example_dag_decorator.py
[2024-07-06T16:28:27.640+0700] {processor.py:840} INFO - DAG(s) 'example_dag_decorator' retrieved from /home/acer/.local/share/virtualenvs/custom_airflow-E5ZHcY_K/lib/python3.12/site-packages/airflow/example_dags/example_dag_decorator.py
[2024-07-06T16:28:27.667+0700] {logging_mixin.py:188} INFO - [2024-07-06T16:28:27.667+0700] {dag.py:3096} INFO - Sync 1 DAGs
[2024-07-06T16:28:27.762+0700] {logging_mixin.py:188} INFO - [2024-07-06T16:28:27.762+0700] {dag.py:3954} INFO - Setting next_dagrun for example_dag_decorator to None, run_after=None
[2024-07-06T16:28:27.783+0700] {processor.py:183} INFO - Processing /home/acer/.local/share/virtualenvs/custom_airflow-E5ZHcY_K/lib/python3.12/site-packages/airflow/example_dags/example_dag_decorator.py took 0.253 seconds
[2024-07-06T16:29:38.593+0700] {processor.py:161} INFO - Started process (PID=61077) to work on /home/acer/.local/share/virtualenvs/custom_airflow-E5ZHcY_K/lib/python3.12/site-packages/airflow/example_dags/example_dag_decorator.py
[2024-07-06T16:29:38.594+0700] {processor.py:830} INFO - Processing file /home/acer/.local/share/virtualenvs/custom_airflow-E5ZHcY_K/lib/python3.12/site-packages/airflow/example_dags/example_dag_decorator.py for tasks to queue
[2024-07-06T16:29:38.596+0700] {logging_mixin.py:188} INFO - [2024-07-06T16:29:38.595+0700] {dagbag.py:545} INFO - Filling up the DagBag from /home/acer/.local/share/virtualenvs/custom_airflow-E5ZHcY_K/lib/python3.12/site-packages/airflow/example_dags/example_dag_decorator.py
[2024-07-06T16:29:38.691+0700] {processor.py:840} INFO - DAG(s) 'example_dag_decorator' retrieved from /home/acer/.local/share/virtualenvs/custom_airflow-E5ZHcY_K/lib/python3.12/site-packages/airflow/example_dags/example_dag_decorator.py
[2024-07-06T16:29:38.887+0700] {logging_mixin.py:188} INFO - [2024-07-06T16:29:38.887+0700] {dag.py:3096} INFO - Sync 1 DAGs
[2024-07-06T16:29:38.898+0700] {logging_mixin.py:188} INFO - [2024-07-06T16:29:38.897+0700] {dag.py:3954} INFO - Setting next_dagrun for example_dag_decorator to None, run_after=None
[2024-07-06T16:29:38.917+0700] {processor.py:183} INFO - Processing /home/acer/.local/share/virtualenvs/custom_airflow-E5ZHcY_K/lib/python3.12/site-packages/airflow/example_dags/example_dag_decorator.py took 0.330 seconds
[2024-07-06T16:30:45.626+0700] {processor.py:161} INFO - Started process (PID=61443) to work on /home/acer/.local/share/virtualenvs/custom_airflow-E5ZHcY_K/lib/python3.12/site-packages/airflow/example_dags/example_dag_decorator.py
[2024-07-06T16:30:45.627+0700] {processor.py:830} INFO - Processing file /home/acer/.local/share/virtualenvs/custom_airflow-E5ZHcY_K/lib/python3.12/site-packages/airflow/example_dags/example_dag_decorator.py for tasks to queue
[2024-07-06T16:30:45.629+0700] {logging_mixin.py:188} INFO - [2024-07-06T16:30:45.628+0700] {dagbag.py:545} INFO - Filling up the DagBag from /home/acer/.local/share/virtualenvs/custom_airflow-E5ZHcY_K/lib/python3.12/site-packages/airflow/example_dags/example_dag_decorator.py
[2024-07-06T16:30:45.727+0700] {processor.py:840} INFO - DAG(s) 'example_dag_decorator' retrieved from /home/acer/.local/share/virtualenvs/custom_airflow-E5ZHcY_K/lib/python3.12/site-packages/airflow/example_dags/example_dag_decorator.py
[2024-07-06T16:30:45.916+0700] {logging_mixin.py:188} INFO - [2024-07-06T16:30:45.916+0700] {dag.py:3096} INFO - Sync 1 DAGs
[2024-07-06T16:30:45.925+0700] {logging_mixin.py:188} INFO - [2024-07-06T16:30:45.925+0700] {dag.py:3954} INFO - Setting next_dagrun for example_dag_decorator to None, run_after=None
[2024-07-06T16:30:45.946+0700] {processor.py:183} INFO - Processing /home/acer/.local/share/virtualenvs/custom_airflow-E5ZHcY_K/lib/python3.12/site-packages/airflow/example_dags/example_dag_decorator.py took 0.325 seconds
[2024-07-06T16:31:53.155+0700] {processor.py:161} INFO - Started process (PID=61773) to work on /home/acer/.local/share/virtualenvs/custom_airflow-E5ZHcY_K/lib/python3.12/site-packages/airflow/example_dags/example_dag_decorator.py
[2024-07-06T16:31:53.157+0700] {processor.py:830} INFO - Processing file /home/acer/.local/share/virtualenvs/custom_airflow-E5ZHcY_K/lib/python3.12/site-packages/airflow/example_dags/example_dag_decorator.py for tasks to queue
[2024-07-06T16:31:53.160+0700] {logging_mixin.py:188} INFO - [2024-07-06T16:31:53.160+0700] {dagbag.py:545} INFO - Filling up the DagBag from /home/acer/.local/share/virtualenvs/custom_airflow-E5ZHcY_K/lib/python3.12/site-packages/airflow/example_dags/example_dag_decorator.py
[2024-07-06T16:31:53.264+0700] {processor.py:840} INFO - DAG(s) 'example_dag_decorator' retrieved from /home/acer/.local/share/virtualenvs/custom_airflow-E5ZHcY_K/lib/python3.12/site-packages/airflow/example_dags/example_dag_decorator.py
[2024-07-06T16:31:53.459+0700] {logging_mixin.py:188} INFO - [2024-07-06T16:31:53.459+0700] {dag.py:3096} INFO - Sync 1 DAGs
[2024-07-06T16:31:53.469+0700] {logging_mixin.py:188} INFO - [2024-07-06T16:31:53.468+0700] {dag.py:3954} INFO - Setting next_dagrun for example_dag_decorator to None, run_after=None
[2024-07-06T16:31:53.489+0700] {processor.py:183} INFO - Processing /home/acer/.local/share/virtualenvs/custom_airflow-E5ZHcY_K/lib/python3.12/site-packages/airflow/example_dags/example_dag_decorator.py took 0.352 seconds
[2024-07-06T16:33:05.926+0700] {processor.py:161} INFO - Started process (PID=62144) to work on /home/acer/.local/share/virtualenvs/custom_airflow-E5ZHcY_K/lib/python3.12/site-packages/airflow/example_dags/example_dag_decorator.py
[2024-07-06T16:33:05.928+0700] {processor.py:830} INFO - Processing file /home/acer/.local/share/virtualenvs/custom_airflow-E5ZHcY_K/lib/python3.12/site-packages/airflow/example_dags/example_dag_decorator.py for tasks to queue
[2024-07-06T16:33:05.931+0700] {logging_mixin.py:188} INFO - [2024-07-06T16:33:05.930+0700] {dagbag.py:545} INFO - Filling up the DagBag from /home/acer/.local/share/virtualenvs/custom_airflow-E5ZHcY_K/lib/python3.12/site-packages/airflow/example_dags/example_dag_decorator.py
[2024-07-06T16:33:06.119+0700] {processor.py:840} INFO - DAG(s) 'example_dag_decorator' retrieved from /home/acer/.local/share/virtualenvs/custom_airflow-E5ZHcY_K/lib/python3.12/site-packages/airflow/example_dags/example_dag_decorator.py
[2024-07-06T16:33:06.218+0700] {logging_mixin.py:188} INFO - [2024-07-06T16:33:06.218+0700] {dag.py:3096} INFO - Sync 1 DAGs
[2024-07-06T16:33:06.227+0700] {logging_mixin.py:188} INFO - [2024-07-06T16:33:06.227+0700] {dag.py:3954} INFO - Setting next_dagrun for example_dag_decorator to None, run_after=None
[2024-07-06T16:33:06.247+0700] {processor.py:183} INFO - Processing /home/acer/.local/share/virtualenvs/custom_airflow-E5ZHcY_K/lib/python3.12/site-packages/airflow/example_dags/example_dag_decorator.py took 0.334 seconds
[2024-07-06T16:34:15.806+0700] {processor.py:161} INFO - Started process (PID=62507) to work on /home/acer/.local/share/virtualenvs/custom_airflow-E5ZHcY_K/lib/python3.12/site-packages/airflow/example_dags/example_dag_decorator.py
[2024-07-06T16:34:15.808+0700] {processor.py:830} INFO - Processing file /home/acer/.local/share/virtualenvs/custom_airflow-E5ZHcY_K/lib/python3.12/site-packages/airflow/example_dags/example_dag_decorator.py for tasks to queue
[2024-07-06T16:34:15.811+0700] {logging_mixin.py:188} INFO - [2024-07-06T16:34:15.810+0700] {dagbag.py:545} INFO - Filling up the DagBag from /home/acer/.local/share/virtualenvs/custom_airflow-E5ZHcY_K/lib/python3.12/site-packages/airflow/example_dags/example_dag_decorator.py
[2024-07-06T16:34:16.003+0700] {processor.py:840} INFO - DAG(s) 'example_dag_decorator' retrieved from /home/acer/.local/share/virtualenvs/custom_airflow-E5ZHcY_K/lib/python3.12/site-packages/airflow/example_dags/example_dag_decorator.py
[2024-07-06T16:34:16.105+0700] {logging_mixin.py:188} INFO - [2024-07-06T16:34:16.105+0700] {dag.py:3096} INFO - Sync 1 DAGs
[2024-07-06T16:34:16.114+0700] {logging_mixin.py:188} INFO - [2024-07-06T16:34:16.114+0700] {dag.py:3954} INFO - Setting next_dagrun for example_dag_decorator to None, run_after=None
[2024-07-06T16:34:16.134+0700] {processor.py:183} INFO - Processing /home/acer/.local/share/virtualenvs/custom_airflow-E5ZHcY_K/lib/python3.12/site-packages/airflow/example_dags/example_dag_decorator.py took 0.347 seconds
[2024-07-06T16:35:28.985+0700] {processor.py:161} INFO - Started process (PID=62912) to work on /home/acer/.local/share/virtualenvs/custom_airflow-E5ZHcY_K/lib/python3.12/site-packages/airflow/example_dags/example_dag_decorator.py
[2024-07-06T16:35:28.986+0700] {processor.py:830} INFO - Processing file /home/acer/.local/share/virtualenvs/custom_airflow-E5ZHcY_K/lib/python3.12/site-packages/airflow/example_dags/example_dag_decorator.py for tasks to queue
[2024-07-06T16:35:28.987+0700] {logging_mixin.py:188} INFO - [2024-07-06T16:35:28.987+0700] {dagbag.py:545} INFO - Filling up the DagBag from /home/acer/.local/share/virtualenvs/custom_airflow-E5ZHcY_K/lib/python3.12/site-packages/airflow/example_dags/example_dag_decorator.py
[2024-07-06T16:35:29.168+0700] {processor.py:840} INFO - DAG(s) 'example_dag_decorator' retrieved from /home/acer/.local/share/virtualenvs/custom_airflow-E5ZHcY_K/lib/python3.12/site-packages/airflow/example_dags/example_dag_decorator.py
[2024-07-06T16:35:29.268+0700] {logging_mixin.py:188} INFO - [2024-07-06T16:35:29.267+0700] {dag.py:3096} INFO - Sync 1 DAGs
[2024-07-06T16:35:29.277+0700] {logging_mixin.py:188} INFO - [2024-07-06T16:35:29.277+0700] {dag.py:3954} INFO - Setting next_dagrun for example_dag_decorator to None, run_after=None
[2024-07-06T16:35:29.296+0700] {processor.py:183} INFO - Processing /home/acer/.local/share/virtualenvs/custom_airflow-E5ZHcY_K/lib/python3.12/site-packages/airflow/example_dags/example_dag_decorator.py took 0.318 seconds
[2024-07-06T21:55:04.817+0700] {processor.py:161} INFO - Started process (PID=12099) to work on /home/acer/.local/share/virtualenvs/custom_airflow-E5ZHcY_K/lib/python3.12/site-packages/airflow/example_dags/example_dag_decorator.py
[2024-07-06T21:55:04.819+0700] {processor.py:830} INFO - Processing file /home/acer/.local/share/virtualenvs/custom_airflow-E5ZHcY_K/lib/python3.12/site-packages/airflow/example_dags/example_dag_decorator.py for tasks to queue
[2024-07-06T21:55:04.821+0700] {logging_mixin.py:188} INFO - [2024-07-06T21:55:04.821+0700] {dagbag.py:545} INFO - Filling up the DagBag from /home/acer/.local/share/virtualenvs/custom_airflow-E5ZHcY_K/lib/python3.12/site-packages/airflow/example_dags/example_dag_decorator.py
[2024-07-06T21:55:04.987+0700] {processor.py:840} INFO - DAG(s) 'example_dag_decorator' retrieved from /home/acer/.local/share/virtualenvs/custom_airflow-E5ZHcY_K/lib/python3.12/site-packages/airflow/example_dags/example_dag_decorator.py
[2024-07-06T21:55:05.100+0700] {logging_mixin.py:188} INFO - [2024-07-06T21:55:05.100+0700] {dag.py:3096} INFO - Sync 1 DAGs
[2024-07-06T21:55:05.111+0700] {logging_mixin.py:188} INFO - [2024-07-06T21:55:05.111+0700] {dag.py:3954} INFO - Setting next_dagrun for example_dag_decorator to None, run_after=None
[2024-07-06T21:55:05.133+0700] {processor.py:183} INFO - Processing /home/acer/.local/share/virtualenvs/custom_airflow-E5ZHcY_K/lib/python3.12/site-packages/airflow/example_dags/example_dag_decorator.py took 0.324 seconds
[2024-07-06T21:56:19.577+0700] {processor.py:161} INFO - Started process (PID=13117) to work on /home/acer/.local/share/virtualenvs/custom_airflow-E5ZHcY_K/lib/python3.12/site-packages/airflow/example_dags/example_dag_decorator.py
[2024-07-06T21:56:19.578+0700] {processor.py:830} INFO - Processing file /home/acer/.local/share/virtualenvs/custom_airflow-E5ZHcY_K/lib/python3.12/site-packages/airflow/example_dags/example_dag_decorator.py for tasks to queue
[2024-07-06T21:56:19.582+0700] {logging_mixin.py:188} INFO - [2024-07-06T21:56:19.581+0700] {dagbag.py:545} INFO - Filling up the DagBag from /home/acer/.local/share/virtualenvs/custom_airflow-E5ZHcY_K/lib/python3.12/site-packages/airflow/example_dags/example_dag_decorator.py
[2024-07-06T21:56:19.686+0700] {processor.py:840} INFO - DAG(s) 'example_dag_decorator' retrieved from /home/acer/.local/share/virtualenvs/custom_airflow-E5ZHcY_K/lib/python3.12/site-packages/airflow/example_dags/example_dag_decorator.py
[2024-07-06T21:56:19.823+0700] {logging_mixin.py:188} INFO - [2024-07-06T21:56:19.823+0700] {dag.py:3096} INFO - Sync 1 DAGs
[2024-07-06T21:56:19.836+0700] {logging_mixin.py:188} INFO - [2024-07-06T21:56:19.836+0700] {dag.py:3954} INFO - Setting next_dagrun for example_dag_decorator to None, run_after=None
[2024-07-06T21:56:19.857+0700] {processor.py:183} INFO - Processing /home/acer/.local/share/virtualenvs/custom_airflow-E5ZHcY_K/lib/python3.12/site-packages/airflow/example_dags/example_dag_decorator.py took 0.295 seconds
[2024-07-06T21:57:35.603+0700] {processor.py:161} INFO - Started process (PID=13884) to work on /home/acer/.local/share/virtualenvs/custom_airflow-E5ZHcY_K/lib/python3.12/site-packages/airflow/example_dags/example_dag_decorator.py
[2024-07-06T21:57:35.604+0700] {processor.py:830} INFO - Processing file /home/acer/.local/share/virtualenvs/custom_airflow-E5ZHcY_K/lib/python3.12/site-packages/airflow/example_dags/example_dag_decorator.py for tasks to queue
[2024-07-06T21:57:35.606+0700] {logging_mixin.py:188} INFO - [2024-07-06T21:57:35.605+0700] {dagbag.py:545} INFO - Filling up the DagBag from /home/acer/.local/share/virtualenvs/custom_airflow-E5ZHcY_K/lib/python3.12/site-packages/airflow/example_dags/example_dag_decorator.py
[2024-07-06T21:57:35.721+0700] {processor.py:840} INFO - DAG(s) 'example_dag_decorator' retrieved from /home/acer/.local/share/virtualenvs/custom_airflow-E5ZHcY_K/lib/python3.12/site-packages/airflow/example_dags/example_dag_decorator.py
[2024-07-06T21:57:35.836+0700] {logging_mixin.py:188} INFO - [2024-07-06T21:57:35.836+0700] {dag.py:3096} INFO - Sync 1 DAGs
[2024-07-06T21:57:35.846+0700] {logging_mixin.py:188} INFO - [2024-07-06T21:57:35.846+0700] {dag.py:3954} INFO - Setting next_dagrun for example_dag_decorator to None, run_after=None
[2024-07-06T21:57:35.867+0700] {processor.py:183} INFO - Processing /home/acer/.local/share/virtualenvs/custom_airflow-E5ZHcY_K/lib/python3.12/site-packages/airflow/example_dags/example_dag_decorator.py took 0.269 seconds
[2024-07-06T21:58:31.501+0700] {processor.py:161} INFO - Started process (PID=14218) to work on /home/acer/.local/share/virtualenvs/custom_airflow-E5ZHcY_K/lib/python3.12/site-packages/airflow/example_dags/example_dag_decorator.py
[2024-07-06T21:58:31.502+0700] {processor.py:830} INFO - Processing file /home/acer/.local/share/virtualenvs/custom_airflow-E5ZHcY_K/lib/python3.12/site-packages/airflow/example_dags/example_dag_decorator.py for tasks to queue
[2024-07-06T21:58:31.504+0700] {logging_mixin.py:188} INFO - [2024-07-06T21:58:31.503+0700] {dagbag.py:545} INFO - Filling up the DagBag from /home/acer/.local/share/virtualenvs/custom_airflow-E5ZHcY_K/lib/python3.12/site-packages/airflow/example_dags/example_dag_decorator.py
[2024-07-06T21:58:31.608+0700] {processor.py:840} INFO - DAG(s) 'example_dag_decorator' retrieved from /home/acer/.local/share/virtualenvs/custom_airflow-E5ZHcY_K/lib/python3.12/site-packages/airflow/example_dags/example_dag_decorator.py
[2024-07-06T21:58:31.628+0700] {logging_mixin.py:188} INFO - [2024-07-06T21:58:31.627+0700] {dag.py:3096} INFO - Sync 1 DAGs
[2024-07-06T21:58:31.642+0700] {logging_mixin.py:188} INFO - [2024-07-06T21:58:31.642+0700] {dag.py:3954} INFO - Setting next_dagrun for example_dag_decorator to None, run_after=None
[2024-07-06T21:58:31.663+0700] {processor.py:183} INFO - Processing /home/acer/.local/share/virtualenvs/custom_airflow-E5ZHcY_K/lib/python3.12/site-packages/airflow/example_dags/example_dag_decorator.py took 0.168 seconds
[2024-07-06T21:59:44.253+0700] {processor.py:161} INFO - Started process (PID=14632) to work on /home/acer/.local/share/virtualenvs/custom_airflow-E5ZHcY_K/lib/python3.12/site-packages/airflow/example_dags/example_dag_decorator.py
[2024-07-06T21:59:44.254+0700] {processor.py:830} INFO - Processing file /home/acer/.local/share/virtualenvs/custom_airflow-E5ZHcY_K/lib/python3.12/site-packages/airflow/example_dags/example_dag_decorator.py for tasks to queue
[2024-07-06T21:59:44.256+0700] {logging_mixin.py:188} INFO - [2024-07-06T21:59:44.256+0700] {dagbag.py:545} INFO - Filling up the DagBag from /home/acer/.local/share/virtualenvs/custom_airflow-E5ZHcY_K/lib/python3.12/site-packages/airflow/example_dags/example_dag_decorator.py
[2024-07-06T21:59:44.360+0700] {processor.py:840} INFO - DAG(s) 'example_dag_decorator' retrieved from /home/acer/.local/share/virtualenvs/custom_airflow-E5ZHcY_K/lib/python3.12/site-packages/airflow/example_dags/example_dag_decorator.py
[2024-07-06T21:59:44.473+0700] {logging_mixin.py:188} INFO - [2024-07-06T21:59:44.472+0700] {dag.py:3096} INFO - Sync 1 DAGs
[2024-07-06T21:59:44.486+0700] {logging_mixin.py:188} INFO - [2024-07-06T21:59:44.485+0700] {dag.py:3954} INFO - Setting next_dagrun for example_dag_decorator to None, run_after=None
[2024-07-06T21:59:44.590+0700] {processor.py:183} INFO - Processing /home/acer/.local/share/virtualenvs/custom_airflow-E5ZHcY_K/lib/python3.12/site-packages/airflow/example_dags/example_dag_decorator.py took 0.344 seconds
[2024-07-06T22:01:03.693+0700] {processor.py:161} INFO - Started process (PID=15094) to work on /home/acer/.local/share/virtualenvs/custom_airflow-E5ZHcY_K/lib/python3.12/site-packages/airflow/example_dags/example_dag_decorator.py
[2024-07-06T22:01:03.696+0700] {processor.py:830} INFO - Processing file /home/acer/.local/share/virtualenvs/custom_airflow-E5ZHcY_K/lib/python3.12/site-packages/airflow/example_dags/example_dag_decorator.py for tasks to queue
[2024-07-06T22:01:03.700+0700] {logging_mixin.py:188} INFO - [2024-07-06T22:01:03.699+0700] {dagbag.py:545} INFO - Filling up the DagBag from /home/acer/.local/share/virtualenvs/custom_airflow-E5ZHcY_K/lib/python3.12/site-packages/airflow/example_dags/example_dag_decorator.py
[2024-07-06T22:01:03.805+0700] {processor.py:840} INFO - DAG(s) 'example_dag_decorator' retrieved from /home/acer/.local/share/virtualenvs/custom_airflow-E5ZHcY_K/lib/python3.12/site-packages/airflow/example_dags/example_dag_decorator.py
[2024-07-06T22:01:03.912+0700] {logging_mixin.py:188} INFO - [2024-07-06T22:01:03.911+0700] {dag.py:3096} INFO - Sync 1 DAGs
[2024-07-06T22:01:03.923+0700] {logging_mixin.py:188} INFO - [2024-07-06T22:01:03.922+0700] {dag.py:3954} INFO - Setting next_dagrun for example_dag_decorator to None, run_after=None
[2024-07-06T22:01:04.026+0700] {processor.py:183} INFO - Processing /home/acer/.local/share/virtualenvs/custom_airflow-E5ZHcY_K/lib/python3.12/site-packages/airflow/example_dags/example_dag_decorator.py took 0.352 seconds
[2024-07-06T22:02:40.662+0700] {processor.py:161} INFO - Started process (PID=16242) to work on /home/acer/.local/share/virtualenvs/custom_airflow-E5ZHcY_K/lib/python3.12/site-packages/airflow/example_dags/example_dag_decorator.py
[2024-07-06T22:02:40.664+0700] {processor.py:830} INFO - Processing file /home/acer/.local/share/virtualenvs/custom_airflow-E5ZHcY_K/lib/python3.12/site-packages/airflow/example_dags/example_dag_decorator.py for tasks to queue
[2024-07-06T22:02:40.667+0700] {logging_mixin.py:188} INFO - [2024-07-06T22:02:40.666+0700] {dagbag.py:545} INFO - Filling up the DagBag from /home/acer/.local/share/virtualenvs/custom_airflow-E5ZHcY_K/lib/python3.12/site-packages/airflow/example_dags/example_dag_decorator.py
[2024-07-06T22:02:40.778+0700] {processor.py:840} INFO - DAG(s) 'example_dag_decorator' retrieved from /home/acer/.local/share/virtualenvs/custom_airflow-E5ZHcY_K/lib/python3.12/site-packages/airflow/example_dags/example_dag_decorator.py
[2024-07-06T22:02:40.891+0700] {logging_mixin.py:188} INFO - [2024-07-06T22:02:40.891+0700] {dag.py:3096} INFO - Sync 1 DAGs
[2024-07-06T22:02:40.903+0700] {logging_mixin.py:188} INFO - [2024-07-06T22:02:40.903+0700] {dag.py:3954} INFO - Setting next_dagrun for example_dag_decorator to None, run_after=None
[2024-07-06T22:02:40.925+0700] {processor.py:183} INFO - Processing /home/acer/.local/share/virtualenvs/custom_airflow-E5ZHcY_K/lib/python3.12/site-packages/airflow/example_dags/example_dag_decorator.py took 0.274 seconds
[2024-07-06T22:03:56.545+0700] {processor.py:161} INFO - Started process (PID=16610) to work on /home/acer/.local/share/virtualenvs/custom_airflow-E5ZHcY_K/lib/python3.12/site-packages/airflow/example_dags/example_dag_decorator.py
[2024-07-06T22:03:56.546+0700] {processor.py:830} INFO - Processing file /home/acer/.local/share/virtualenvs/custom_airflow-E5ZHcY_K/lib/python3.12/site-packages/airflow/example_dags/example_dag_decorator.py for tasks to queue
[2024-07-06T22:03:56.548+0700] {logging_mixin.py:188} INFO - [2024-07-06T22:03:56.548+0700] {dagbag.py:545} INFO - Filling up the DagBag from /home/acer/.local/share/virtualenvs/custom_airflow-E5ZHcY_K/lib/python3.12/site-packages/airflow/example_dags/example_dag_decorator.py
[2024-07-06T22:03:56.645+0700] {processor.py:840} INFO - DAG(s) 'example_dag_decorator' retrieved from /home/acer/.local/share/virtualenvs/custom_airflow-E5ZHcY_K/lib/python3.12/site-packages/airflow/example_dags/example_dag_decorator.py
[2024-07-06T22:03:56.834+0700] {logging_mixin.py:188} INFO - [2024-07-06T22:03:56.834+0700] {dag.py:3096} INFO - Sync 1 DAGs
[2024-07-06T22:03:56.843+0700] {logging_mixin.py:188} INFO - [2024-07-06T22:03:56.843+0700] {dag.py:3954} INFO - Setting next_dagrun for example_dag_decorator to None, run_after=None
[2024-07-06T22:03:56.863+0700] {processor.py:183} INFO - Processing /home/acer/.local/share/virtualenvs/custom_airflow-E5ZHcY_K/lib/python3.12/site-packages/airflow/example_dags/example_dag_decorator.py took 0.323 seconds
[2024-07-06T22:05:52.507+0700] {processor.py:161} INFO - Started process (PID=17804) to work on /home/acer/.local/share/virtualenvs/custom_airflow-E5ZHcY_K/lib/python3.12/site-packages/airflow/example_dags/example_dag_decorator.py
[2024-07-06T22:05:52.510+0700] {processor.py:830} INFO - Processing file /home/acer/.local/share/virtualenvs/custom_airflow-E5ZHcY_K/lib/python3.12/site-packages/airflow/example_dags/example_dag_decorator.py for tasks to queue
[2024-07-06T22:05:52.514+0700] {logging_mixin.py:188} INFO - [2024-07-06T22:05:52.514+0700] {dagbag.py:545} INFO - Filling up the DagBag from /home/acer/.local/share/virtualenvs/custom_airflow-E5ZHcY_K/lib/python3.12/site-packages/airflow/example_dags/example_dag_decorator.py
[2024-07-06T22:05:52.617+0700] {processor.py:840} INFO - DAG(s) 'example_dag_decorator' retrieved from /home/acer/.local/share/virtualenvs/custom_airflow-E5ZHcY_K/lib/python3.12/site-packages/airflow/example_dags/example_dag_decorator.py
[2024-07-06T22:05:52.804+0700] {logging_mixin.py:188} INFO - [2024-07-06T22:05:52.804+0700] {dag.py:3096} INFO - Sync 1 DAGs
[2024-07-06T22:05:52.813+0700] {logging_mixin.py:188} INFO - [2024-07-06T22:05:52.813+0700] {dag.py:3954} INFO - Setting next_dagrun for example_dag_decorator to None, run_after=None
[2024-07-06T22:05:52.833+0700] {processor.py:183} INFO - Processing /home/acer/.local/share/virtualenvs/custom_airflow-E5ZHcY_K/lib/python3.12/site-packages/airflow/example_dags/example_dag_decorator.py took 0.345 seconds
[2024-07-06T22:07:05.636+0700] {processor.py:161} INFO - Started process (PID=18383) to work on /home/acer/.local/share/virtualenvs/custom_airflow-E5ZHcY_K/lib/python3.12/site-packages/airflow/example_dags/example_dag_decorator.py
[2024-07-06T22:07:05.637+0700] {processor.py:830} INFO - Processing file /home/acer/.local/share/virtualenvs/custom_airflow-E5ZHcY_K/lib/python3.12/site-packages/airflow/example_dags/example_dag_decorator.py for tasks to queue
[2024-07-06T22:07:05.639+0700] {logging_mixin.py:188} INFO - [2024-07-06T22:07:05.638+0700] {dagbag.py:545} INFO - Filling up the DagBag from /home/acer/.local/share/virtualenvs/custom_airflow-E5ZHcY_K/lib/python3.12/site-packages/airflow/example_dags/example_dag_decorator.py
[2024-07-06T22:07:05.763+0700] {processor.py:840} INFO - DAG(s) 'example_dag_decorator' retrieved from /home/acer/.local/share/virtualenvs/custom_airflow-E5ZHcY_K/lib/python3.12/site-packages/airflow/example_dags/example_dag_decorator.py
[2024-07-06T22:07:05.984+0700] {logging_mixin.py:188} INFO - [2024-07-06T22:07:05.983+0700] {dag.py:3096} INFO - Sync 1 DAGs
[2024-07-06T22:07:05.996+0700] {logging_mixin.py:188} INFO - [2024-07-06T22:07:05.996+0700] {dag.py:3954} INFO - Setting next_dagrun for example_dag_decorator to None, run_after=None
[2024-07-06T22:07:06.028+0700] {processor.py:183} INFO - Processing /home/acer/.local/share/virtualenvs/custom_airflow-E5ZHcY_K/lib/python3.12/site-packages/airflow/example_dags/example_dag_decorator.py took 0.398 seconds
[2024-07-06T22:08:29.994+0700] {processor.py:161} INFO - Started process (PID=18879) to work on /home/acer/.local/share/virtualenvs/custom_airflow-E5ZHcY_K/lib/python3.12/site-packages/airflow/example_dags/example_dag_decorator.py
[2024-07-06T22:08:29.998+0700] {processor.py:830} INFO - Processing file /home/acer/.local/share/virtualenvs/custom_airflow-E5ZHcY_K/lib/python3.12/site-packages/airflow/example_dags/example_dag_decorator.py for tasks to queue
[2024-07-06T22:08:30.001+0700] {logging_mixin.py:188} INFO - [2024-07-06T22:08:30.001+0700] {dagbag.py:545} INFO - Filling up the DagBag from /home/acer/.local/share/virtualenvs/custom_airflow-E5ZHcY_K/lib/python3.12/site-packages/airflow/example_dags/example_dag_decorator.py
[2024-07-06T22:08:30.103+0700] {processor.py:840} INFO - DAG(s) 'example_dag_decorator' retrieved from /home/acer/.local/share/virtualenvs/custom_airflow-E5ZHcY_K/lib/python3.12/site-packages/airflow/example_dags/example_dag_decorator.py
[2024-07-06T22:08:30.320+0700] {logging_mixin.py:188} INFO - [2024-07-06T22:08:30.320+0700] {dag.py:3096} INFO - Sync 1 DAGs
[2024-07-06T22:08:30.330+0700] {logging_mixin.py:188} INFO - [2024-07-06T22:08:30.329+0700] {dag.py:3954} INFO - Setting next_dagrun for example_dag_decorator to None, run_after=None
[2024-07-06T22:08:30.352+0700] {processor.py:183} INFO - Processing /home/acer/.local/share/virtualenvs/custom_airflow-E5ZHcY_K/lib/python3.12/site-packages/airflow/example_dags/example_dag_decorator.py took 0.368 seconds
[2024-07-06T22:09:55.753+0700] {processor.py:161} INFO - Started process (PID=19341) to work on /home/acer/.local/share/virtualenvs/custom_airflow-E5ZHcY_K/lib/python3.12/site-packages/airflow/example_dags/example_dag_decorator.py
[2024-07-06T22:09:55.754+0700] {processor.py:830} INFO - Processing file /home/acer/.local/share/virtualenvs/custom_airflow-E5ZHcY_K/lib/python3.12/site-packages/airflow/example_dags/example_dag_decorator.py for tasks to queue
[2024-07-06T22:09:55.756+0700] {logging_mixin.py:188} INFO - [2024-07-06T22:09:55.756+0700] {dagbag.py:545} INFO - Filling up the DagBag from /home/acer/.local/share/virtualenvs/custom_airflow-E5ZHcY_K/lib/python3.12/site-packages/airflow/example_dags/example_dag_decorator.py
[2024-07-06T22:09:55.888+0700] {processor.py:840} INFO - DAG(s) 'example_dag_decorator' retrieved from /home/acer/.local/share/virtualenvs/custom_airflow-E5ZHcY_K/lib/python3.12/site-packages/airflow/example_dags/example_dag_decorator.py
[2024-07-06T22:09:56.157+0700] {logging_mixin.py:188} INFO - [2024-07-06T22:09:56.157+0700] {dag.py:3096} INFO - Sync 1 DAGs
[2024-07-06T22:09:56.168+0700] {logging_mixin.py:188} INFO - [2024-07-06T22:09:56.168+0700] {dag.py:3954} INFO - Setting next_dagrun for example_dag_decorator to None, run_after=None
[2024-07-06T22:09:56.196+0700] {processor.py:183} INFO - Processing /home/acer/.local/share/virtualenvs/custom_airflow-E5ZHcY_K/lib/python3.12/site-packages/airflow/example_dags/example_dag_decorator.py took 0.449 seconds
[2024-07-06T22:11:00.235+0700] {processor.py:161} INFO - Started process (PID=19744) to work on /home/acer/.local/share/virtualenvs/custom_airflow-E5ZHcY_K/lib/python3.12/site-packages/airflow/example_dags/example_dag_decorator.py
[2024-07-06T22:11:00.237+0700] {processor.py:830} INFO - Processing file /home/acer/.local/share/virtualenvs/custom_airflow-E5ZHcY_K/lib/python3.12/site-packages/airflow/example_dags/example_dag_decorator.py for tasks to queue
[2024-07-06T22:11:00.240+0700] {logging_mixin.py:188} INFO - [2024-07-06T22:11:00.239+0700] {dagbag.py:545} INFO - Filling up the DagBag from /home/acer/.local/share/virtualenvs/custom_airflow-E5ZHcY_K/lib/python3.12/site-packages/airflow/example_dags/example_dag_decorator.py
[2024-07-06T22:11:00.378+0700] {processor.py:840} INFO - DAG(s) 'example_dag_decorator' retrieved from /home/acer/.local/share/virtualenvs/custom_airflow-E5ZHcY_K/lib/python3.12/site-packages/airflow/example_dags/example_dag_decorator.py
[2024-07-06T22:11:00.620+0700] {logging_mixin.py:188} INFO - [2024-07-06T22:11:00.619+0700] {dag.py:3096} INFO - Sync 1 DAGs
[2024-07-06T22:11:00.638+0700] {logging_mixin.py:188} INFO - [2024-07-06T22:11:00.637+0700] {dag.py:3954} INFO - Setting next_dagrun for example_dag_decorator to None, run_after=None
[2024-07-06T22:11:00.680+0700] {processor.py:183} INFO - Processing /home/acer/.local/share/virtualenvs/custom_airflow-E5ZHcY_K/lib/python3.12/site-packages/airflow/example_dags/example_dag_decorator.py took 0.460 seconds
[2024-07-06T22:12:03.054+0700] {processor.py:161} INFO - Started process (PID=20054) to work on /home/acer/.local/share/virtualenvs/custom_airflow-E5ZHcY_K/lib/python3.12/site-packages/airflow/example_dags/example_dag_decorator.py
[2024-07-06T22:12:03.056+0700] {processor.py:830} INFO - Processing file /home/acer/.local/share/virtualenvs/custom_airflow-E5ZHcY_K/lib/python3.12/site-packages/airflow/example_dags/example_dag_decorator.py for tasks to queue
[2024-07-06T22:12:03.063+0700] {logging_mixin.py:188} INFO - [2024-07-06T22:12:03.062+0700] {dagbag.py:545} INFO - Filling up the DagBag from /home/acer/.local/share/virtualenvs/custom_airflow-E5ZHcY_K/lib/python3.12/site-packages/airflow/example_dags/example_dag_decorator.py
[2024-07-06T22:12:03.214+0700] {processor.py:840} INFO - DAG(s) 'example_dag_decorator' retrieved from /home/acer/.local/share/virtualenvs/custom_airflow-E5ZHcY_K/lib/python3.12/site-packages/airflow/example_dags/example_dag_decorator.py
[2024-07-06T22:12:03.453+0700] {logging_mixin.py:188} INFO - [2024-07-06T22:12:03.452+0700] {dag.py:3096} INFO - Sync 1 DAGs
[2024-07-06T22:12:03.466+0700] {logging_mixin.py:188} INFO - [2024-07-06T22:12:03.466+0700] {dag.py:3954} INFO - Setting next_dagrun for example_dag_decorator to None, run_after=None
[2024-07-06T22:12:03.495+0700] {processor.py:183} INFO - Processing /home/acer/.local/share/virtualenvs/custom_airflow-E5ZHcY_K/lib/python3.12/site-packages/airflow/example_dags/example_dag_decorator.py took 0.464 seconds
[2024-07-06T22:13:02.105+0700] {processor.py:161} INFO - Started process (PID=20385) to work on /home/acer/.local/share/virtualenvs/custom_airflow-E5ZHcY_K/lib/python3.12/site-packages/airflow/example_dags/example_dag_decorator.py
[2024-07-06T22:13:02.108+0700] {processor.py:830} INFO - Processing file /home/acer/.local/share/virtualenvs/custom_airflow-E5ZHcY_K/lib/python3.12/site-packages/airflow/example_dags/example_dag_decorator.py for tasks to queue
[2024-07-06T22:13:02.111+0700] {logging_mixin.py:188} INFO - [2024-07-06T22:13:02.110+0700] {dagbag.py:545} INFO - Filling up the DagBag from /home/acer/.local/share/virtualenvs/custom_airflow-E5ZHcY_K/lib/python3.12/site-packages/airflow/example_dags/example_dag_decorator.py
[2024-07-06T22:13:02.368+0700] {processor.py:840} INFO - DAG(s) 'example_dag_decorator' retrieved from /home/acer/.local/share/virtualenvs/custom_airflow-E5ZHcY_K/lib/python3.12/site-packages/airflow/example_dags/example_dag_decorator.py
[2024-07-06T22:13:02.492+0700] {logging_mixin.py:188} INFO - [2024-07-06T22:13:02.492+0700] {dag.py:3096} INFO - Sync 1 DAGs
[2024-07-06T22:13:02.503+0700] {logging_mixin.py:188} INFO - [2024-07-06T22:13:02.503+0700] {dag.py:3954} INFO - Setting next_dagrun for example_dag_decorator to None, run_after=None
[2024-07-06T22:13:02.523+0700] {processor.py:183} INFO - Processing /home/acer/.local/share/virtualenvs/custom_airflow-E5ZHcY_K/lib/python3.12/site-packages/airflow/example_dags/example_dag_decorator.py took 0.429 seconds
[2024-07-06T22:14:01.545+0700] {processor.py:161} INFO - Started process (PID=20740) to work on /home/acer/.local/share/virtualenvs/custom_airflow-E5ZHcY_K/lib/python3.12/site-packages/airflow/example_dags/example_dag_decorator.py
[2024-07-06T22:14:01.551+0700] {processor.py:830} INFO - Processing file /home/acer/.local/share/virtualenvs/custom_airflow-E5ZHcY_K/lib/python3.12/site-packages/airflow/example_dags/example_dag_decorator.py for tasks to queue
[2024-07-06T22:14:01.559+0700] {logging_mixin.py:188} INFO - [2024-07-06T22:14:01.558+0700] {dagbag.py:545} INFO - Filling up the DagBag from /home/acer/.local/share/virtualenvs/custom_airflow-E5ZHcY_K/lib/python3.12/site-packages/airflow/example_dags/example_dag_decorator.py
[2024-07-06T22:14:01.750+0700] {processor.py:840} INFO - DAG(s) 'example_dag_decorator' retrieved from /home/acer/.local/share/virtualenvs/custom_airflow-E5ZHcY_K/lib/python3.12/site-packages/airflow/example_dags/example_dag_decorator.py
[2024-07-06T22:14:01.980+0700] {logging_mixin.py:188} INFO - [2024-07-06T22:14:01.980+0700] {dag.py:3096} INFO - Sync 1 DAGs
[2024-07-06T22:14:01.991+0700] {logging_mixin.py:188} INFO - [2024-07-06T22:14:01.990+0700] {dag.py:3954} INFO - Setting next_dagrun for example_dag_decorator to None, run_after=None
[2024-07-06T22:14:02.016+0700] {processor.py:183} INFO - Processing /home/acer/.local/share/virtualenvs/custom_airflow-E5ZHcY_K/lib/python3.12/site-packages/airflow/example_dags/example_dag_decorator.py took 0.499 seconds
[2024-07-06T22:15:02.418+0700] {processor.py:161} INFO - Started process (PID=21081) to work on /home/acer/.local/share/virtualenvs/custom_airflow-E5ZHcY_K/lib/python3.12/site-packages/airflow/example_dags/example_dag_decorator.py
[2024-07-06T22:15:02.420+0700] {processor.py:830} INFO - Processing file /home/acer/.local/share/virtualenvs/custom_airflow-E5ZHcY_K/lib/python3.12/site-packages/airflow/example_dags/example_dag_decorator.py for tasks to queue
[2024-07-06T22:15:02.427+0700] {logging_mixin.py:188} INFO - [2024-07-06T22:15:02.424+0700] {dagbag.py:545} INFO - Filling up the DagBag from /home/acer/.local/share/virtualenvs/custom_airflow-E5ZHcY_K/lib/python3.12/site-packages/airflow/example_dags/example_dag_decorator.py
[2024-07-06T22:15:02.651+0700] {processor.py:840} INFO - DAG(s) 'example_dag_decorator' retrieved from /home/acer/.local/share/virtualenvs/custom_airflow-E5ZHcY_K/lib/python3.12/site-packages/airflow/example_dags/example_dag_decorator.py
[2024-07-06T22:15:02.939+0700] {logging_mixin.py:188} INFO - [2024-07-06T22:15:02.939+0700] {dag.py:3096} INFO - Sync 1 DAGs
[2024-07-06T22:15:02.956+0700] {logging_mixin.py:188} INFO - [2024-07-06T22:15:02.955+0700] {dag.py:3954} INFO - Setting next_dagrun for example_dag_decorator to None, run_after=None
[2024-07-06T22:15:02.985+0700] {processor.py:183} INFO - Processing /home/acer/.local/share/virtualenvs/custom_airflow-E5ZHcY_K/lib/python3.12/site-packages/airflow/example_dags/example_dag_decorator.py took 0.588 seconds
[2024-07-06T22:16:05.320+0700] {processor.py:161} INFO - Started process (PID=21471) to work on /home/acer/.local/share/virtualenvs/custom_airflow-E5ZHcY_K/lib/python3.12/site-packages/airflow/example_dags/example_dag_decorator.py
[2024-07-06T22:16:05.321+0700] {processor.py:830} INFO - Processing file /home/acer/.local/share/virtualenvs/custom_airflow-E5ZHcY_K/lib/python3.12/site-packages/airflow/example_dags/example_dag_decorator.py for tasks to queue
[2024-07-06T22:16:05.324+0700] {logging_mixin.py:188} INFO - [2024-07-06T22:16:05.324+0700] {dagbag.py:545} INFO - Filling up the DagBag from /home/acer/.local/share/virtualenvs/custom_airflow-E5ZHcY_K/lib/python3.12/site-packages/airflow/example_dags/example_dag_decorator.py
[2024-07-06T22:16:05.566+0700] {processor.py:840} INFO - DAG(s) 'example_dag_decorator' retrieved from /home/acer/.local/share/virtualenvs/custom_airflow-E5ZHcY_K/lib/python3.12/site-packages/airflow/example_dags/example_dag_decorator.py
[2024-07-06T22:16:05.722+0700] {logging_mixin.py:188} INFO - [2024-07-06T22:16:05.722+0700] {dag.py:3096} INFO - Sync 1 DAGs
[2024-07-06T22:16:05.735+0700] {logging_mixin.py:188} INFO - [2024-07-06T22:16:05.734+0700] {dag.py:3954} INFO - Setting next_dagrun for example_dag_decorator to None, run_after=None
[2024-07-06T22:16:05.760+0700] {processor.py:183} INFO - Processing /home/acer/.local/share/virtualenvs/custom_airflow-E5ZHcY_K/lib/python3.12/site-packages/airflow/example_dags/example_dag_decorator.py took 0.462 seconds
[2024-07-06T22:17:27.107+0700] {processor.py:161} INFO - Started process (PID=21910) to work on /home/acer/.local/share/virtualenvs/custom_airflow-E5ZHcY_K/lib/python3.12/site-packages/airflow/example_dags/example_dag_decorator.py
[2024-07-06T22:17:27.108+0700] {processor.py:830} INFO - Processing file /home/acer/.local/share/virtualenvs/custom_airflow-E5ZHcY_K/lib/python3.12/site-packages/airflow/example_dags/example_dag_decorator.py for tasks to queue
[2024-07-06T22:17:27.110+0700] {logging_mixin.py:188} INFO - [2024-07-06T22:17:27.109+0700] {dagbag.py:545} INFO - Filling up the DagBag from /home/acer/.local/share/virtualenvs/custom_airflow-E5ZHcY_K/lib/python3.12/site-packages/airflow/example_dags/example_dag_decorator.py
[2024-07-06T22:17:27.341+0700] {processor.py:840} INFO - DAG(s) 'example_dag_decorator' retrieved from /home/acer/.local/share/virtualenvs/custom_airflow-E5ZHcY_K/lib/python3.12/site-packages/airflow/example_dags/example_dag_decorator.py
[2024-07-06T22:17:27.363+0700] {logging_mixin.py:188} INFO - [2024-07-06T22:17:27.362+0700] {dag.py:3096} INFO - Sync 1 DAGs
[2024-07-06T22:17:27.380+0700] {logging_mixin.py:188} INFO - [2024-07-06T22:17:27.380+0700] {dag.py:3954} INFO - Setting next_dagrun for example_dag_decorator to None, run_after=None
[2024-07-06T22:17:27.406+0700] {processor.py:183} INFO - Processing /home/acer/.local/share/virtualenvs/custom_airflow-E5ZHcY_K/lib/python3.12/site-packages/airflow/example_dags/example_dag_decorator.py took 0.307 seconds
[2024-07-06T22:18:31.919+0700] {processor.py:161} INFO - Started process (PID=22251) to work on /home/acer/.local/share/virtualenvs/custom_airflow-E5ZHcY_K/lib/python3.12/site-packages/airflow/example_dags/example_dag_decorator.py
[2024-07-06T22:18:31.926+0700] {processor.py:830} INFO - Processing file /home/acer/.local/share/virtualenvs/custom_airflow-E5ZHcY_K/lib/python3.12/site-packages/airflow/example_dags/example_dag_decorator.py for tasks to queue
[2024-07-06T22:18:31.933+0700] {logging_mixin.py:188} INFO - [2024-07-06T22:18:31.932+0700] {dagbag.py:545} INFO - Filling up the DagBag from /home/acer/.local/share/virtualenvs/custom_airflow-E5ZHcY_K/lib/python3.12/site-packages/airflow/example_dags/example_dag_decorator.py
[2024-07-06T22:18:32.185+0700] {processor.py:840} INFO - DAG(s) 'example_dag_decorator' retrieved from /home/acer/.local/share/virtualenvs/custom_airflow-E5ZHcY_K/lib/python3.12/site-packages/airflow/example_dags/example_dag_decorator.py
[2024-07-06T22:18:32.333+0700] {logging_mixin.py:188} INFO - [2024-07-06T22:18:32.332+0700] {dag.py:3096} INFO - Sync 1 DAGs
[2024-07-06T22:18:32.349+0700] {logging_mixin.py:188} INFO - [2024-07-06T22:18:32.349+0700] {dag.py:3954} INFO - Setting next_dagrun for example_dag_decorator to None, run_after=None
[2024-07-06T22:18:32.377+0700] {processor.py:183} INFO - Processing /home/acer/.local/share/virtualenvs/custom_airflow-E5ZHcY_K/lib/python3.12/site-packages/airflow/example_dags/example_dag_decorator.py took 0.479 seconds
[2024-07-06T22:19:33.773+0700] {processor.py:161} INFO - Started process (PID=22601) to work on /home/acer/.local/share/virtualenvs/custom_airflow-E5ZHcY_K/lib/python3.12/site-packages/airflow/example_dags/example_dag_decorator.py
[2024-07-06T22:19:33.776+0700] {processor.py:830} INFO - Processing file /home/acer/.local/share/virtualenvs/custom_airflow-E5ZHcY_K/lib/python3.12/site-packages/airflow/example_dags/example_dag_decorator.py for tasks to queue
[2024-07-06T22:19:33.780+0700] {logging_mixin.py:188} INFO - [2024-07-06T22:19:33.779+0700] {dagbag.py:545} INFO - Filling up the DagBag from /home/acer/.local/share/virtualenvs/custom_airflow-E5ZHcY_K/lib/python3.12/site-packages/airflow/example_dags/example_dag_decorator.py
[2024-07-06T22:19:34.008+0700] {processor.py:840} INFO - DAG(s) 'example_dag_decorator' retrieved from /home/acer/.local/share/virtualenvs/custom_airflow-E5ZHcY_K/lib/python3.12/site-packages/airflow/example_dags/example_dag_decorator.py
[2024-07-06T22:19:34.147+0700] {logging_mixin.py:188} INFO - [2024-07-06T22:19:34.147+0700] {dag.py:3096} INFO - Sync 1 DAGs
[2024-07-06T22:19:34.161+0700] {logging_mixin.py:188} INFO - [2024-07-06T22:19:34.160+0700] {dag.py:3954} INFO - Setting next_dagrun for example_dag_decorator to None, run_after=None
[2024-07-06T22:19:34.188+0700] {processor.py:183} INFO - Processing /home/acer/.local/share/virtualenvs/custom_airflow-E5ZHcY_K/lib/python3.12/site-packages/airflow/example_dags/example_dag_decorator.py took 0.445 seconds
[2024-07-06T22:20:35.155+0700] {processor.py:161} INFO - Started process (PID=22908) to work on /home/acer/.local/share/virtualenvs/custom_airflow-E5ZHcY_K/lib/python3.12/site-packages/airflow/example_dags/example_dag_decorator.py
[2024-07-06T22:20:35.157+0700] {processor.py:830} INFO - Processing file /home/acer/.local/share/virtualenvs/custom_airflow-E5ZHcY_K/lib/python3.12/site-packages/airflow/example_dags/example_dag_decorator.py for tasks to queue
[2024-07-06T22:20:35.160+0700] {logging_mixin.py:188} INFO - [2024-07-06T22:20:35.159+0700] {dagbag.py:545} INFO - Filling up the DagBag from /home/acer/.local/share/virtualenvs/custom_airflow-E5ZHcY_K/lib/python3.12/site-packages/airflow/example_dags/example_dag_decorator.py
[2024-07-06T22:20:35.394+0700] {processor.py:840} INFO - DAG(s) 'example_dag_decorator' retrieved from /home/acer/.local/share/virtualenvs/custom_airflow-E5ZHcY_K/lib/python3.12/site-packages/airflow/example_dags/example_dag_decorator.py
[2024-07-06T22:20:35.535+0700] {logging_mixin.py:188} INFO - [2024-07-06T22:20:35.535+0700] {dag.py:3096} INFO - Sync 1 DAGs
[2024-07-06T22:20:35.547+0700] {logging_mixin.py:188} INFO - [2024-07-06T22:20:35.547+0700] {dag.py:3954} INFO - Setting next_dagrun for example_dag_decorator to None, run_after=None
[2024-07-06T22:20:35.574+0700] {processor.py:183} INFO - Processing /home/acer/.local/share/virtualenvs/custom_airflow-E5ZHcY_K/lib/python3.12/site-packages/airflow/example_dags/example_dag_decorator.py took 0.435 seconds
