[2024-07-06T16:08:52.065+0700] {processor.py:161} INFO - Started process (PID=51144) to work on /home/acer/.local/share/virtualenvs/custom_airflow-E5ZHcY_K/lib/python3.12/site-packages/airflow/example_dags/example_trigger_controller_dag.py
[2024-07-06T16:08:52.065+0700] {processor.py:830} INFO - Processing file /home/acer/.local/share/virtualenvs/custom_airflow-E5ZHcY_K/lib/python3.12/site-packages/airflow/example_dags/example_trigger_controller_dag.py for tasks to queue
[2024-07-06T16:08:52.067+0700] {logging_mixin.py:188} INFO - [2024-07-06T16:08:52.067+0700] {dagbag.py:545} INFO - Filling up the DagBag from /home/acer/.local/share/virtualenvs/custom_airflow-E5ZHcY_K/lib/python3.12/site-packages/airflow/example_dags/example_trigger_controller_dag.py
[2024-07-06T16:08:52.074+0700] {processor.py:840} INFO - DAG(s) 'example_trigger_controller_dag' retrieved from /home/acer/.local/share/virtualenvs/custom_airflow-E5ZHcY_K/lib/python3.12/site-packages/airflow/example_dags/example_trigger_controller_dag.py
[2024-07-06T16:08:52.200+0700] {logging_mixin.py:188} INFO - [2024-07-06T16:08:52.199+0700] {override.py:1847} INFO - Created Permission View: can delete on DAG:example_trigger_controller_dag
[2024-07-06T16:08:52.211+0700] {logging_mixin.py:188} INFO - [2024-07-06T16:08:52.211+0700] {override.py:1847} INFO - Created Permission View: can edit on DAG:example_trigger_controller_dag
[2024-07-06T16:08:52.220+0700] {logging_mixin.py:188} INFO - [2024-07-06T16:08:52.219+0700] {override.py:1847} INFO - Created Permission View: can read on DAG:example_trigger_controller_dag
[2024-07-06T16:08:52.222+0700] {logging_mixin.py:188} INFO - [2024-07-06T16:08:52.221+0700] {dag.py:3096} INFO - Sync 1 DAGs
[2024-07-06T16:08:52.245+0700] {logging_mixin.py:188} INFO - [2024-07-06T16:08:52.245+0700] {dag.py:3118} INFO - Creating ORM DAG for example_trigger_controller_dag
[2024-07-06T16:08:52.255+0700] {logging_mixin.py:188} INFO - [2024-07-06T16:08:52.254+0700] {dag.py:3954} INFO - Setting next_dagrun for example_trigger_controller_dag to 2021-01-01 00:00:00+00:00, run_after=2021-01-01 00:00:00+00:00
[2024-07-06T16:08:52.286+0700] {processor.py:183} INFO - Processing /home/acer/.local/share/virtualenvs/custom_airflow-E5ZHcY_K/lib/python3.12/site-packages/airflow/example_dags/example_trigger_controller_dag.py took 0.228 seconds
[2024-07-06T16:09:52.746+0700] {processor.py:161} INFO - Started process (PID=51593) to work on /home/acer/.local/share/virtualenvs/custom_airflow-E5ZHcY_K/lib/python3.12/site-packages/airflow/example_dags/example_trigger_controller_dag.py
[2024-07-06T16:09:52.747+0700] {processor.py:830} INFO - Processing file /home/acer/.local/share/virtualenvs/custom_airflow-E5ZHcY_K/lib/python3.12/site-packages/airflow/example_dags/example_trigger_controller_dag.py for tasks to queue
[2024-07-06T16:09:52.750+0700] {logging_mixin.py:188} INFO - [2024-07-06T16:09:52.749+0700] {dagbag.py:545} INFO - Filling up the DagBag from /home/acer/.local/share/virtualenvs/custom_airflow-E5ZHcY_K/lib/python3.12/site-packages/airflow/example_dags/example_trigger_controller_dag.py
[2024-07-06T16:09:52.756+0700] {processor.py:840} INFO - DAG(s) 'example_trigger_controller_dag' retrieved from /home/acer/.local/share/virtualenvs/custom_airflow-E5ZHcY_K/lib/python3.12/site-packages/airflow/example_dags/example_trigger_controller_dag.py
[2024-07-06T16:09:52.770+0700] {logging_mixin.py:188} INFO - [2024-07-06T16:09:52.770+0700] {dag.py:3096} INFO - Sync 1 DAGs
[2024-07-06T16:09:52.791+0700] {logging_mixin.py:188} INFO - [2024-07-06T16:09:52.791+0700] {dag.py:3954} INFO - Setting next_dagrun for example_trigger_controller_dag to 2021-01-01 00:00:00+00:00, run_after=2021-01-01 00:00:00+00:00
[2024-07-06T16:09:52.812+0700] {processor.py:183} INFO - Processing /home/acer/.local/share/virtualenvs/custom_airflow-E5ZHcY_K/lib/python3.12/site-packages/airflow/example_dags/example_trigger_controller_dag.py took 0.072 seconds
[2024-07-06T16:10:44.358+0700] {processor.py:161} INFO - Started process (PID=52086) to work on /home/acer/.local/share/virtualenvs/custom_airflow-E5ZHcY_K/lib/python3.12/site-packages/airflow/example_dags/example_trigger_controller_dag.py
[2024-07-06T16:10:44.359+0700] {processor.py:830} INFO - Processing file /home/acer/.local/share/virtualenvs/custom_airflow-E5ZHcY_K/lib/python3.12/site-packages/airflow/example_dags/example_trigger_controller_dag.py for tasks to queue
[2024-07-06T16:10:44.360+0700] {logging_mixin.py:188} INFO - [2024-07-06T16:10:44.359+0700] {dagbag.py:545} INFO - Filling up the DagBag from /home/acer/.local/share/virtualenvs/custom_airflow-E5ZHcY_K/lib/python3.12/site-packages/airflow/example_dags/example_trigger_controller_dag.py
[2024-07-06T16:10:44.367+0700] {processor.py:840} INFO - DAG(s) 'example_trigger_controller_dag' retrieved from /home/acer/.local/share/virtualenvs/custom_airflow-E5ZHcY_K/lib/python3.12/site-packages/airflow/example_dags/example_trigger_controller_dag.py
[2024-07-06T16:10:44.383+0700] {logging_mixin.py:188} INFO - [2024-07-06T16:10:44.382+0700] {dag.py:3096} INFO - Sync 1 DAGs
[2024-07-06T16:10:44.404+0700] {logging_mixin.py:188} INFO - [2024-07-06T16:10:44.403+0700] {dag.py:3954} INFO - Setting next_dagrun for example_trigger_controller_dag to 2021-01-01 00:00:00+00:00, run_after=2021-01-01 00:00:00+00:00
[2024-07-06T16:10:44.428+0700] {processor.py:183} INFO - Processing /home/acer/.local/share/virtualenvs/custom_airflow-E5ZHcY_K/lib/python3.12/site-packages/airflow/example_dags/example_trigger_controller_dag.py took 0.078 seconds
[2024-07-06T16:11:40.059+0700] {processor.py:161} INFO - Started process (PID=52524) to work on /home/acer/.local/share/virtualenvs/custom_airflow-E5ZHcY_K/lib/python3.12/site-packages/airflow/example_dags/example_trigger_controller_dag.py
[2024-07-06T16:11:40.060+0700] {processor.py:830} INFO - Processing file /home/acer/.local/share/virtualenvs/custom_airflow-E5ZHcY_K/lib/python3.12/site-packages/airflow/example_dags/example_trigger_controller_dag.py for tasks to queue
[2024-07-06T16:11:40.062+0700] {logging_mixin.py:188} INFO - [2024-07-06T16:11:40.061+0700] {dagbag.py:545} INFO - Filling up the DagBag from /home/acer/.local/share/virtualenvs/custom_airflow-E5ZHcY_K/lib/python3.12/site-packages/airflow/example_dags/example_trigger_controller_dag.py
[2024-07-06T16:11:40.068+0700] {processor.py:840} INFO - DAG(s) 'example_trigger_controller_dag' retrieved from /home/acer/.local/share/virtualenvs/custom_airflow-E5ZHcY_K/lib/python3.12/site-packages/airflow/example_dags/example_trigger_controller_dag.py
[2024-07-06T16:11:40.088+0700] {logging_mixin.py:188} INFO - [2024-07-06T16:11:40.088+0700] {dag.py:3096} INFO - Sync 1 DAGs
[2024-07-06T16:11:40.110+0700] {logging_mixin.py:188} INFO - [2024-07-06T16:11:40.109+0700] {dag.py:3954} INFO - Setting next_dagrun for example_trigger_controller_dag to 2021-01-01 00:00:00+00:00, run_after=2021-01-01 00:00:00+00:00
[2024-07-06T16:11:40.130+0700] {processor.py:183} INFO - Processing /home/acer/.local/share/virtualenvs/custom_airflow-E5ZHcY_K/lib/python3.12/site-packages/airflow/example_dags/example_trigger_controller_dag.py took 0.077 seconds
[2024-07-06T16:15:42.597+0700] {processor.py:161} INFO - Started process (PID=54670) to work on /home/acer/.local/share/virtualenvs/custom_airflow-E5ZHcY_K/lib/python3.12/site-packages/airflow/example_dags/example_trigger_controller_dag.py
[2024-07-06T16:15:42.598+0700] {processor.py:830} INFO - Processing file /home/acer/.local/share/virtualenvs/custom_airflow-E5ZHcY_K/lib/python3.12/site-packages/airflow/example_dags/example_trigger_controller_dag.py for tasks to queue
[2024-07-06T16:15:42.601+0700] {logging_mixin.py:188} INFO - [2024-07-06T16:15:42.600+0700] {dagbag.py:545} INFO - Filling up the DagBag from /home/acer/.local/share/virtualenvs/custom_airflow-E5ZHcY_K/lib/python3.12/site-packages/airflow/example_dags/example_trigger_controller_dag.py
[2024-07-06T16:15:42.610+0700] {processor.py:840} INFO - DAG(s) 'example_trigger_controller_dag' retrieved from /home/acer/.local/share/virtualenvs/custom_airflow-E5ZHcY_K/lib/python3.12/site-packages/airflow/example_dags/example_trigger_controller_dag.py
[2024-07-06T16:15:42.723+0700] {logging_mixin.py:188} INFO - [2024-07-06T16:15:42.723+0700] {dag.py:3096} INFO - Sync 1 DAGs
[2024-07-06T16:15:42.741+0700] {logging_mixin.py:188} INFO - [2024-07-06T16:15:42.741+0700] {dag.py:3954} INFO - Setting next_dagrun for example_trigger_controller_dag to 2021-01-01 00:00:00+00:00, run_after=2021-01-01 00:00:00+00:00
[2024-07-06T16:15:42.762+0700] {processor.py:183} INFO - Processing /home/acer/.local/share/virtualenvs/custom_airflow-E5ZHcY_K/lib/python3.12/site-packages/airflow/example_dags/example_trigger_controller_dag.py took 0.173 seconds
[2024-07-06T16:16:42.495+0700] {processor.py:161} INFO - Started process (PID=55283) to work on /home/acer/.local/share/virtualenvs/custom_airflow-E5ZHcY_K/lib/python3.12/site-packages/airflow/example_dags/example_trigger_controller_dag.py
[2024-07-06T16:16:42.498+0700] {processor.py:830} INFO - Processing file /home/acer/.local/share/virtualenvs/custom_airflow-E5ZHcY_K/lib/python3.12/site-packages/airflow/example_dags/example_trigger_controller_dag.py for tasks to queue
[2024-07-06T16:16:42.502+0700] {logging_mixin.py:188} INFO - [2024-07-06T16:16:42.501+0700] {dagbag.py:545} INFO - Filling up the DagBag from /home/acer/.local/share/virtualenvs/custom_airflow-E5ZHcY_K/lib/python3.12/site-packages/airflow/example_dags/example_trigger_controller_dag.py
[2024-07-06T16:16:42.511+0700] {processor.py:840} INFO - DAG(s) 'example_trigger_controller_dag' retrieved from /home/acer/.local/share/virtualenvs/custom_airflow-E5ZHcY_K/lib/python3.12/site-packages/airflow/example_dags/example_trigger_controller_dag.py
[2024-07-06T16:16:42.529+0700] {logging_mixin.py:188} INFO - [2024-07-06T16:16:42.529+0700] {dag.py:3096} INFO - Sync 1 DAGs
[2024-07-06T16:16:42.551+0700] {logging_mixin.py:188} INFO - [2024-07-06T16:16:42.551+0700] {dag.py:3954} INFO - Setting next_dagrun for example_trigger_controller_dag to 2021-01-01 00:00:00+00:00, run_after=2021-01-01 00:00:00+00:00
[2024-07-06T16:16:42.572+0700] {processor.py:183} INFO - Processing /home/acer/.local/share/virtualenvs/custom_airflow-E5ZHcY_K/lib/python3.12/site-packages/airflow/example_dags/example_trigger_controller_dag.py took 0.096 seconds
[2024-07-06T16:17:34.735+0700] {processor.py:161} INFO - Started process (PID=55737) to work on /home/acer/.local/share/virtualenvs/custom_airflow-E5ZHcY_K/lib/python3.12/site-packages/airflow/example_dags/example_trigger_controller_dag.py
[2024-07-06T16:17:34.738+0700] {processor.py:830} INFO - Processing file /home/acer/.local/share/virtualenvs/custom_airflow-E5ZHcY_K/lib/python3.12/site-packages/airflow/example_dags/example_trigger_controller_dag.py for tasks to queue
[2024-07-06T16:17:34.745+0700] {logging_mixin.py:188} INFO - [2024-07-06T16:17:34.743+0700] {dagbag.py:545} INFO - Filling up the DagBag from /home/acer/.local/share/virtualenvs/custom_airflow-E5ZHcY_K/lib/python3.12/site-packages/airflow/example_dags/example_trigger_controller_dag.py
[2024-07-06T16:17:34.765+0700] {processor.py:840} INFO - DAG(s) 'example_trigger_controller_dag' retrieved from /home/acer/.local/share/virtualenvs/custom_airflow-E5ZHcY_K/lib/python3.12/site-packages/airflow/example_dags/example_trigger_controller_dag.py
[2024-07-06T16:17:34.791+0700] {logging_mixin.py:188} INFO - [2024-07-06T16:17:34.791+0700] {dag.py:3096} INFO - Sync 1 DAGs
[2024-07-06T16:17:34.813+0700] {logging_mixin.py:188} INFO - [2024-07-06T16:17:34.813+0700] {dag.py:3954} INFO - Setting next_dagrun for example_trigger_controller_dag to 2021-01-01 00:00:00+00:00, run_after=2021-01-01 00:00:00+00:00
[2024-07-06T16:17:34.836+0700] {processor.py:183} INFO - Processing /home/acer/.local/share/virtualenvs/custom_airflow-E5ZHcY_K/lib/python3.12/site-packages/airflow/example_dags/example_trigger_controller_dag.py took 0.122 seconds
[2024-07-06T16:18:22.402+0700] {processor.py:161} INFO - Started process (PID=55974) to work on /home/acer/.local/share/virtualenvs/custom_airflow-E5ZHcY_K/lib/python3.12/site-packages/airflow/example_dags/example_trigger_controller_dag.py
[2024-07-06T16:18:22.404+0700] {processor.py:830} INFO - Processing file /home/acer/.local/share/virtualenvs/custom_airflow-E5ZHcY_K/lib/python3.12/site-packages/airflow/example_dags/example_trigger_controller_dag.py for tasks to queue
[2024-07-06T16:18:22.407+0700] {logging_mixin.py:188} INFO - [2024-07-06T16:18:22.406+0700] {dagbag.py:545} INFO - Filling up the DagBag from /home/acer/.local/share/virtualenvs/custom_airflow-E5ZHcY_K/lib/python3.12/site-packages/airflow/example_dags/example_trigger_controller_dag.py
[2024-07-06T16:18:22.416+0700] {processor.py:840} INFO - DAG(s) 'example_trigger_controller_dag' retrieved from /home/acer/.local/share/virtualenvs/custom_airflow-E5ZHcY_K/lib/python3.12/site-packages/airflow/example_dags/example_trigger_controller_dag.py
[2024-07-06T16:18:22.434+0700] {logging_mixin.py:188} INFO - [2024-07-06T16:18:22.434+0700] {dag.py:3096} INFO - Sync 1 DAGs
[2024-07-06T16:18:22.457+0700] {logging_mixin.py:188} INFO - [2024-07-06T16:18:22.456+0700] {dag.py:3954} INFO - Setting next_dagrun for example_trigger_controller_dag to 2021-01-01 00:00:00+00:00, run_after=2021-01-01 00:00:00+00:00
[2024-07-06T16:18:22.477+0700] {processor.py:183} INFO - Processing /home/acer/.local/share/virtualenvs/custom_airflow-E5ZHcY_K/lib/python3.12/site-packages/airflow/example_dags/example_trigger_controller_dag.py took 0.085 seconds
[2024-07-06T16:19:10.740+0700] {processor.py:161} INFO - Started process (PID=56217) to work on /home/acer/.local/share/virtualenvs/custom_airflow-E5ZHcY_K/lib/python3.12/site-packages/airflow/example_dags/example_trigger_controller_dag.py
[2024-07-06T16:19:10.743+0700] {processor.py:830} INFO - Processing file /home/acer/.local/share/virtualenvs/custom_airflow-E5ZHcY_K/lib/python3.12/site-packages/airflow/example_dags/example_trigger_controller_dag.py for tasks to queue
[2024-07-06T16:19:10.750+0700] {logging_mixin.py:188} INFO - [2024-07-06T16:19:10.748+0700] {dagbag.py:545} INFO - Filling up the DagBag from /home/acer/.local/share/virtualenvs/custom_airflow-E5ZHcY_K/lib/python3.12/site-packages/airflow/example_dags/example_trigger_controller_dag.py
[2024-07-06T16:19:10.767+0700] {processor.py:840} INFO - DAG(s) 'example_trigger_controller_dag' retrieved from /home/acer/.local/share/virtualenvs/custom_airflow-E5ZHcY_K/lib/python3.12/site-packages/airflow/example_dags/example_trigger_controller_dag.py
[2024-07-06T16:19:10.791+0700] {logging_mixin.py:188} INFO - [2024-07-06T16:19:10.791+0700] {dag.py:3096} INFO - Sync 1 DAGs
[2024-07-06T16:19:10.814+0700] {logging_mixin.py:188} INFO - [2024-07-06T16:19:10.813+0700] {dag.py:3954} INFO - Setting next_dagrun for example_trigger_controller_dag to 2021-01-01 00:00:00+00:00, run_after=2021-01-01 00:00:00+00:00
[2024-07-06T16:19:10.839+0700] {processor.py:183} INFO - Processing /home/acer/.local/share/virtualenvs/custom_airflow-E5ZHcY_K/lib/python3.12/site-packages/airflow/example_dags/example_trigger_controller_dag.py took 0.118 seconds
[2024-07-06T16:20:10.265+0700] {processor.py:161} INFO - Started process (PID=57000) to work on /home/acer/.local/share/virtualenvs/custom_airflow-E5ZHcY_K/lib/python3.12/site-packages/airflow/example_dags/example_trigger_controller_dag.py
[2024-07-06T16:20:10.267+0700] {processor.py:830} INFO - Processing file /home/acer/.local/share/virtualenvs/custom_airflow-E5ZHcY_K/lib/python3.12/site-packages/airflow/example_dags/example_trigger_controller_dag.py for tasks to queue
[2024-07-06T16:20:10.272+0700] {logging_mixin.py:188} INFO - [2024-07-06T16:20:10.271+0700] {dagbag.py:545} INFO - Filling up the DagBag from /home/acer/.local/share/virtualenvs/custom_airflow-E5ZHcY_K/lib/python3.12/site-packages/airflow/example_dags/example_trigger_controller_dag.py
[2024-07-06T16:20:10.289+0700] {processor.py:840} INFO - DAG(s) 'example_trigger_controller_dag' retrieved from /home/acer/.local/share/virtualenvs/custom_airflow-E5ZHcY_K/lib/python3.12/site-packages/airflow/example_dags/example_trigger_controller_dag.py
[2024-07-06T16:20:10.317+0700] {logging_mixin.py:188} INFO - [2024-07-06T16:20:10.316+0700] {dag.py:3096} INFO - Sync 1 DAGs
[2024-07-06T16:20:10.339+0700] {logging_mixin.py:188} INFO - [2024-07-06T16:20:10.338+0700] {dag.py:3954} INFO - Setting next_dagrun for example_trigger_controller_dag to 2021-01-01 00:00:00+00:00, run_after=2021-01-01 00:00:00+00:00
[2024-07-06T16:20:10.360+0700] {processor.py:183} INFO - Processing /home/acer/.local/share/virtualenvs/custom_airflow-E5ZHcY_K/lib/python3.12/site-packages/airflow/example_dags/example_trigger_controller_dag.py took 0.114 seconds
[2024-07-06T16:21:07.739+0700] {processor.py:161} INFO - Started process (PID=57462) to work on /home/acer/.local/share/virtualenvs/custom_airflow-E5ZHcY_K/lib/python3.12/site-packages/airflow/example_dags/example_trigger_controller_dag.py
[2024-07-06T16:21:07.741+0700] {processor.py:830} INFO - Processing file /home/acer/.local/share/virtualenvs/custom_airflow-E5ZHcY_K/lib/python3.12/site-packages/airflow/example_dags/example_trigger_controller_dag.py for tasks to queue
[2024-07-06T16:21:07.743+0700] {logging_mixin.py:188} INFO - [2024-07-06T16:21:07.743+0700] {dagbag.py:545} INFO - Filling up the DagBag from /home/acer/.local/share/virtualenvs/custom_airflow-E5ZHcY_K/lib/python3.12/site-packages/airflow/example_dags/example_trigger_controller_dag.py
[2024-07-06T16:21:07.749+0700] {processor.py:840} INFO - DAG(s) 'example_trigger_controller_dag' retrieved from /home/acer/.local/share/virtualenvs/custom_airflow-E5ZHcY_K/lib/python3.12/site-packages/airflow/example_dags/example_trigger_controller_dag.py
[2024-07-06T16:21:07.764+0700] {logging_mixin.py:188} INFO - [2024-07-06T16:21:07.764+0700] {dag.py:3096} INFO - Sync 1 DAGs
[2024-07-06T16:21:07.785+0700] {logging_mixin.py:188} INFO - [2024-07-06T16:21:07.784+0700] {dag.py:3954} INFO - Setting next_dagrun for example_trigger_controller_dag to 2021-01-01 00:00:00+00:00, run_after=2021-01-01 00:00:00+00:00
[2024-07-06T16:21:07.807+0700] {processor.py:183} INFO - Processing /home/acer/.local/share/virtualenvs/custom_airflow-E5ZHcY_K/lib/python3.12/site-packages/airflow/example_dags/example_trigger_controller_dag.py took 0.078 seconds
[2024-07-06T16:21:56.771+0700] {processor.py:161} INFO - Started process (PID=57777) to work on /home/acer/.local/share/virtualenvs/custom_airflow-E5ZHcY_K/lib/python3.12/site-packages/airflow/example_dags/example_trigger_controller_dag.py
[2024-07-06T16:21:56.773+0700] {processor.py:830} INFO - Processing file /home/acer/.local/share/virtualenvs/custom_airflow-E5ZHcY_K/lib/python3.12/site-packages/airflow/example_dags/example_trigger_controller_dag.py for tasks to queue
[2024-07-06T16:21:56.775+0700] {logging_mixin.py:188} INFO - [2024-07-06T16:21:56.775+0700] {dagbag.py:545} INFO - Filling up the DagBag from /home/acer/.local/share/virtualenvs/custom_airflow-E5ZHcY_K/lib/python3.12/site-packages/airflow/example_dags/example_trigger_controller_dag.py
[2024-07-06T16:21:56.783+0700] {processor.py:840} INFO - DAG(s) 'example_trigger_controller_dag' retrieved from /home/acer/.local/share/virtualenvs/custom_airflow-E5ZHcY_K/lib/python3.12/site-packages/airflow/example_dags/example_trigger_controller_dag.py
[2024-07-06T16:21:56.802+0700] {logging_mixin.py:188} INFO - [2024-07-06T16:21:56.802+0700] {dag.py:3096} INFO - Sync 1 DAGs
[2024-07-06T16:21:56.822+0700] {logging_mixin.py:188} INFO - [2024-07-06T16:21:56.822+0700] {dag.py:3954} INFO - Setting next_dagrun for example_trigger_controller_dag to 2021-01-01 00:00:00+00:00, run_after=2021-01-01 00:00:00+00:00
[2024-07-06T16:21:56.842+0700] {processor.py:183} INFO - Processing /home/acer/.local/share/virtualenvs/custom_airflow-E5ZHcY_K/lib/python3.12/site-packages/airflow/example_dags/example_trigger_controller_dag.py took 0.080 seconds
[2024-07-06T16:22:45.004+0700] {processor.py:161} INFO - Started process (PID=58032) to work on /home/acer/.local/share/virtualenvs/custom_airflow-E5ZHcY_K/lib/python3.12/site-packages/airflow/example_dags/example_trigger_controller_dag.py
[2024-07-06T16:22:45.007+0700] {processor.py:830} INFO - Processing file /home/acer/.local/share/virtualenvs/custom_airflow-E5ZHcY_K/lib/python3.12/site-packages/airflow/example_dags/example_trigger_controller_dag.py for tasks to queue
[2024-07-06T16:22:45.011+0700] {logging_mixin.py:188} INFO - [2024-07-06T16:22:45.010+0700] {dagbag.py:545} INFO - Filling up the DagBag from /home/acer/.local/share/virtualenvs/custom_airflow-E5ZHcY_K/lib/python3.12/site-packages/airflow/example_dags/example_trigger_controller_dag.py
[2024-07-06T16:22:45.023+0700] {processor.py:840} INFO - DAG(s) 'example_trigger_controller_dag' retrieved from /home/acer/.local/share/virtualenvs/custom_airflow-E5ZHcY_K/lib/python3.12/site-packages/airflow/example_dags/example_trigger_controller_dag.py
[2024-07-06T16:22:45.050+0700] {logging_mixin.py:188} INFO - [2024-07-06T16:22:45.049+0700] {dag.py:3096} INFO - Sync 1 DAGs
[2024-07-06T16:22:45.072+0700] {logging_mixin.py:188} INFO - [2024-07-06T16:22:45.072+0700] {dag.py:3954} INFO - Setting next_dagrun for example_trigger_controller_dag to 2021-01-01 00:00:00+00:00, run_after=2021-01-01 00:00:00+00:00
[2024-07-06T16:22:45.096+0700] {processor.py:183} INFO - Processing /home/acer/.local/share/virtualenvs/custom_airflow-E5ZHcY_K/lib/python3.12/site-packages/airflow/example_dags/example_trigger_controller_dag.py took 0.109 seconds
[2024-07-06T16:24:09.263+0700] {processor.py:161} INFO - Started process (PID=59093) to work on /home/acer/.local/share/virtualenvs/custom_airflow-E5ZHcY_K/lib/python3.12/site-packages/airflow/example_dags/example_trigger_controller_dag.py
[2024-07-06T16:24:09.265+0700] {processor.py:830} INFO - Processing file /home/acer/.local/share/virtualenvs/custom_airflow-E5ZHcY_K/lib/python3.12/site-packages/airflow/example_dags/example_trigger_controller_dag.py for tasks to queue
[2024-07-06T16:24:09.267+0700] {logging_mixin.py:188} INFO - [2024-07-06T16:24:09.266+0700] {dagbag.py:545} INFO - Filling up the DagBag from /home/acer/.local/share/virtualenvs/custom_airflow-E5ZHcY_K/lib/python3.12/site-packages/airflow/example_dags/example_trigger_controller_dag.py
[2024-07-06T16:24:09.274+0700] {processor.py:840} INFO - DAG(s) 'example_trigger_controller_dag' retrieved from /home/acer/.local/share/virtualenvs/custom_airflow-E5ZHcY_K/lib/python3.12/site-packages/airflow/example_dags/example_trigger_controller_dag.py
[2024-07-06T16:24:09.289+0700] {logging_mixin.py:188} INFO - [2024-07-06T16:24:09.289+0700] {dag.py:3096} INFO - Sync 1 DAGs
[2024-07-06T16:24:09.310+0700] {logging_mixin.py:188} INFO - [2024-07-06T16:24:09.309+0700] {dag.py:3954} INFO - Setting next_dagrun for example_trigger_controller_dag to 2021-01-01 00:00:00+00:00, run_after=2021-01-01 00:00:00+00:00
[2024-07-06T16:24:09.331+0700] {processor.py:183} INFO - Processing /home/acer/.local/share/virtualenvs/custom_airflow-E5ZHcY_K/lib/python3.12/site-packages/airflow/example_dags/example_trigger_controller_dag.py took 0.081 seconds
[2024-07-06T16:25:05.952+0700] {processor.py:161} INFO - Started process (PID=59518) to work on /home/acer/.local/share/virtualenvs/custom_airflow-E5ZHcY_K/lib/python3.12/site-packages/airflow/example_dags/example_trigger_controller_dag.py
[2024-07-06T16:25:05.954+0700] {processor.py:830} INFO - Processing file /home/acer/.local/share/virtualenvs/custom_airflow-E5ZHcY_K/lib/python3.12/site-packages/airflow/example_dags/example_trigger_controller_dag.py for tasks to queue
[2024-07-06T16:25:05.957+0700] {logging_mixin.py:188} INFO - [2024-07-06T16:25:05.956+0700] {dagbag.py:545} INFO - Filling up the DagBag from /home/acer/.local/share/virtualenvs/custom_airflow-E5ZHcY_K/lib/python3.12/site-packages/airflow/example_dags/example_trigger_controller_dag.py
[2024-07-06T16:25:05.965+0700] {processor.py:840} INFO - DAG(s) 'example_trigger_controller_dag' retrieved from /home/acer/.local/share/virtualenvs/custom_airflow-E5ZHcY_K/lib/python3.12/site-packages/airflow/example_dags/example_trigger_controller_dag.py
[2024-07-06T16:25:05.982+0700] {logging_mixin.py:188} INFO - [2024-07-06T16:25:05.982+0700] {dag.py:3096} INFO - Sync 1 DAGs
[2024-07-06T16:25:06.002+0700] {logging_mixin.py:188} INFO - [2024-07-06T16:25:06.002+0700] {dag.py:3954} INFO - Setting next_dagrun for example_trigger_controller_dag to 2021-01-01 00:00:00+00:00, run_after=2021-01-01 00:00:00+00:00
[2024-07-06T16:25:06.023+0700] {processor.py:183} INFO - Processing /home/acer/.local/share/virtualenvs/custom_airflow-E5ZHcY_K/lib/python3.12/site-packages/airflow/example_dags/example_trigger_controller_dag.py took 0.080 seconds
[2024-07-06T16:25:57.009+0700] {processor.py:161} INFO - Started process (PID=59961) to work on /home/acer/.local/share/virtualenvs/custom_airflow-E5ZHcY_K/lib/python3.12/site-packages/airflow/example_dags/example_trigger_controller_dag.py
[2024-07-06T16:25:57.012+0700] {processor.py:830} INFO - Processing file /home/acer/.local/share/virtualenvs/custom_airflow-E5ZHcY_K/lib/python3.12/site-packages/airflow/example_dags/example_trigger_controller_dag.py for tasks to queue
[2024-07-06T16:25:57.016+0700] {logging_mixin.py:188} INFO - [2024-07-06T16:25:57.015+0700] {dagbag.py:545} INFO - Filling up the DagBag from /home/acer/.local/share/virtualenvs/custom_airflow-E5ZHcY_K/lib/python3.12/site-packages/airflow/example_dags/example_trigger_controller_dag.py
[2024-07-06T16:25:57.024+0700] {processor.py:840} INFO - DAG(s) 'example_trigger_controller_dag' retrieved from /home/acer/.local/share/virtualenvs/custom_airflow-E5ZHcY_K/lib/python3.12/site-packages/airflow/example_dags/example_trigger_controller_dag.py
[2024-07-06T16:25:57.045+0700] {logging_mixin.py:188} INFO - [2024-07-06T16:25:57.044+0700] {dag.py:3096} INFO - Sync 1 DAGs
[2024-07-06T16:25:57.068+0700] {logging_mixin.py:188} INFO - [2024-07-06T16:25:57.068+0700] {dag.py:3954} INFO - Setting next_dagrun for example_trigger_controller_dag to 2021-01-01 00:00:00+00:00, run_after=2021-01-01 00:00:00+00:00
[2024-07-06T16:25:57.090+0700] {processor.py:183} INFO - Processing /home/acer/.local/share/virtualenvs/custom_airflow-E5ZHcY_K/lib/python3.12/site-packages/airflow/example_dags/example_trigger_controller_dag.py took 0.099 seconds
[2024-07-06T16:26:49.098+0700] {processor.py:161} INFO - Started process (PID=60211) to work on /home/acer/.local/share/virtualenvs/custom_airflow-E5ZHcY_K/lib/python3.12/site-packages/airflow/example_dags/example_trigger_controller_dag.py
[2024-07-06T16:26:49.099+0700] {processor.py:830} INFO - Processing file /home/acer/.local/share/virtualenvs/custom_airflow-E5ZHcY_K/lib/python3.12/site-packages/airflow/example_dags/example_trigger_controller_dag.py for tasks to queue
[2024-07-06T16:26:49.101+0700] {logging_mixin.py:188} INFO - [2024-07-06T16:26:49.101+0700] {dagbag.py:545} INFO - Filling up the DagBag from /home/acer/.local/share/virtualenvs/custom_airflow-E5ZHcY_K/lib/python3.12/site-packages/airflow/example_dags/example_trigger_controller_dag.py
[2024-07-06T16:26:49.107+0700] {processor.py:840} INFO - DAG(s) 'example_trigger_controller_dag' retrieved from /home/acer/.local/share/virtualenvs/custom_airflow-E5ZHcY_K/lib/python3.12/site-packages/airflow/example_dags/example_trigger_controller_dag.py
[2024-07-06T16:26:49.121+0700] {logging_mixin.py:188} INFO - [2024-07-06T16:26:49.121+0700] {dag.py:3096} INFO - Sync 1 DAGs
[2024-07-06T16:26:49.141+0700] {logging_mixin.py:188} INFO - [2024-07-06T16:26:49.141+0700] {dag.py:3954} INFO - Setting next_dagrun for example_trigger_controller_dag to 2021-01-01 00:00:00+00:00, run_after=2021-01-01 00:00:00+00:00
[2024-07-06T16:26:49.161+0700] {processor.py:183} INFO - Processing /home/acer/.local/share/virtualenvs/custom_airflow-E5ZHcY_K/lib/python3.12/site-packages/airflow/example_dags/example_trigger_controller_dag.py took 0.074 seconds
[2024-07-06T16:27:36.360+0700] {processor.py:161} INFO - Started process (PID=60474) to work on /home/acer/.local/share/virtualenvs/custom_airflow-E5ZHcY_K/lib/python3.12/site-packages/airflow/example_dags/example_trigger_controller_dag.py
[2024-07-06T16:27:36.361+0700] {processor.py:830} INFO - Processing file /home/acer/.local/share/virtualenvs/custom_airflow-E5ZHcY_K/lib/python3.12/site-packages/airflow/example_dags/example_trigger_controller_dag.py for tasks to queue
[2024-07-06T16:27:36.364+0700] {logging_mixin.py:188} INFO - [2024-07-06T16:27:36.363+0700] {dagbag.py:545} INFO - Filling up the DagBag from /home/acer/.local/share/virtualenvs/custom_airflow-E5ZHcY_K/lib/python3.12/site-packages/airflow/example_dags/example_trigger_controller_dag.py
[2024-07-06T16:27:36.369+0700] {processor.py:840} INFO - DAG(s) 'example_trigger_controller_dag' retrieved from /home/acer/.local/share/virtualenvs/custom_airflow-E5ZHcY_K/lib/python3.12/site-packages/airflow/example_dags/example_trigger_controller_dag.py
[2024-07-06T16:27:36.385+0700] {logging_mixin.py:188} INFO - [2024-07-06T16:27:36.385+0700] {dag.py:3096} INFO - Sync 1 DAGs
[2024-07-06T16:27:36.405+0700] {logging_mixin.py:188} INFO - [2024-07-06T16:27:36.404+0700] {dag.py:3954} INFO - Setting next_dagrun for example_trigger_controller_dag to 2021-01-01 00:00:00+00:00, run_after=2021-01-01 00:00:00+00:00
[2024-07-06T16:27:36.425+0700] {processor.py:183} INFO - Processing /home/acer/.local/share/virtualenvs/custom_airflow-E5ZHcY_K/lib/python3.12/site-packages/airflow/example_dags/example_trigger_controller_dag.py took 0.071 seconds
[2024-07-06T16:28:20.913+0700] {processor.py:161} INFO - Started process (PID=60693) to work on /home/acer/.local/share/virtualenvs/custom_airflow-E5ZHcY_K/lib/python3.12/site-packages/airflow/example_dags/example_trigger_controller_dag.py
[2024-07-06T16:28:20.915+0700] {processor.py:830} INFO - Processing file /home/acer/.local/share/virtualenvs/custom_airflow-E5ZHcY_K/lib/python3.12/site-packages/airflow/example_dags/example_trigger_controller_dag.py for tasks to queue
[2024-07-06T16:28:20.919+0700] {logging_mixin.py:188} INFO - [2024-07-06T16:28:20.918+0700] {dagbag.py:545} INFO - Filling up the DagBag from /home/acer/.local/share/virtualenvs/custom_airflow-E5ZHcY_K/lib/python3.12/site-packages/airflow/example_dags/example_trigger_controller_dag.py
[2024-07-06T16:28:20.928+0700] {processor.py:840} INFO - DAG(s) 'example_trigger_controller_dag' retrieved from /home/acer/.local/share/virtualenvs/custom_airflow-E5ZHcY_K/lib/python3.12/site-packages/airflow/example_dags/example_trigger_controller_dag.py
[2024-07-06T16:28:20.945+0700] {logging_mixin.py:188} INFO - [2024-07-06T16:28:20.945+0700] {dag.py:3096} INFO - Sync 1 DAGs
[2024-07-06T16:28:20.965+0700] {logging_mixin.py:188} INFO - [2024-07-06T16:28:20.964+0700] {dag.py:3954} INFO - Setting next_dagrun for example_trigger_controller_dag to 2021-01-01 00:00:00+00:00, run_after=2021-01-01 00:00:00+00:00
[2024-07-06T16:28:20.985+0700] {processor.py:183} INFO - Processing /home/acer/.local/share/virtualenvs/custom_airflow-E5ZHcY_K/lib/python3.12/site-packages/airflow/example_dags/example_trigger_controller_dag.py took 0.082 seconds
[2024-07-06T16:29:06.580+0700] {processor.py:161} INFO - Started process (PID=60922) to work on /home/acer/.local/share/virtualenvs/custom_airflow-E5ZHcY_K/lib/python3.12/site-packages/airflow/example_dags/example_trigger_controller_dag.py
[2024-07-06T16:29:06.582+0700] {processor.py:830} INFO - Processing file /home/acer/.local/share/virtualenvs/custom_airflow-E5ZHcY_K/lib/python3.12/site-packages/airflow/example_dags/example_trigger_controller_dag.py for tasks to queue
[2024-07-06T16:29:06.585+0700] {logging_mixin.py:188} INFO - [2024-07-06T16:29:06.585+0700] {dagbag.py:545} INFO - Filling up the DagBag from /home/acer/.local/share/virtualenvs/custom_airflow-E5ZHcY_K/lib/python3.12/site-packages/airflow/example_dags/example_trigger_controller_dag.py
[2024-07-06T16:29:06.593+0700] {processor.py:840} INFO - DAG(s) 'example_trigger_controller_dag' retrieved from /home/acer/.local/share/virtualenvs/custom_airflow-E5ZHcY_K/lib/python3.12/site-packages/airflow/example_dags/example_trigger_controller_dag.py
[2024-07-06T16:29:06.609+0700] {logging_mixin.py:188} INFO - [2024-07-06T16:29:06.609+0700] {dag.py:3096} INFO - Sync 1 DAGs
[2024-07-06T16:29:06.629+0700] {logging_mixin.py:188} INFO - [2024-07-06T16:29:06.629+0700] {dag.py:3954} INFO - Setting next_dagrun for example_trigger_controller_dag to 2021-01-01 00:00:00+00:00, run_after=2021-01-01 00:00:00+00:00
[2024-07-06T16:29:06.649+0700] {processor.py:183} INFO - Processing /home/acer/.local/share/virtualenvs/custom_airflow-E5ZHcY_K/lib/python3.12/site-packages/airflow/example_dags/example_trigger_controller_dag.py took 0.089 seconds
[2024-07-06T16:29:54.470+0700] {processor.py:161} INFO - Started process (PID=61159) to work on /home/acer/.local/share/virtualenvs/custom_airflow-E5ZHcY_K/lib/python3.12/site-packages/airflow/example_dags/example_trigger_controller_dag.py
[2024-07-06T16:29:54.473+0700] {processor.py:830} INFO - Processing file /home/acer/.local/share/virtualenvs/custom_airflow-E5ZHcY_K/lib/python3.12/site-packages/airflow/example_dags/example_trigger_controller_dag.py for tasks to queue
[2024-07-06T16:29:54.478+0700] {logging_mixin.py:188} INFO - [2024-07-06T16:29:54.477+0700] {dagbag.py:545} INFO - Filling up the DagBag from /home/acer/.local/share/virtualenvs/custom_airflow-E5ZHcY_K/lib/python3.12/site-packages/airflow/example_dags/example_trigger_controller_dag.py
[2024-07-06T16:29:54.486+0700] {processor.py:840} INFO - DAG(s) 'example_trigger_controller_dag' retrieved from /home/acer/.local/share/virtualenvs/custom_airflow-E5ZHcY_K/lib/python3.12/site-packages/airflow/example_dags/example_trigger_controller_dag.py
[2024-07-06T16:29:54.501+0700] {logging_mixin.py:188} INFO - [2024-07-06T16:29:54.501+0700] {dag.py:3096} INFO - Sync 1 DAGs
[2024-07-06T16:29:54.521+0700] {logging_mixin.py:188} INFO - [2024-07-06T16:29:54.521+0700] {dag.py:3954} INFO - Setting next_dagrun for example_trigger_controller_dag to 2021-01-01 00:00:00+00:00, run_after=2021-01-01 00:00:00+00:00
[2024-07-06T16:29:54.542+0700] {processor.py:183} INFO - Processing /home/acer/.local/share/virtualenvs/custom_airflow-E5ZHcY_K/lib/python3.12/site-packages/airflow/example_dags/example_trigger_controller_dag.py took 0.090 seconds
[2024-07-06T16:30:38.434+0700] {processor.py:161} INFO - Started process (PID=61410) to work on /home/acer/.local/share/virtualenvs/custom_airflow-E5ZHcY_K/lib/python3.12/site-packages/airflow/example_dags/example_trigger_controller_dag.py
[2024-07-06T16:30:38.436+0700] {processor.py:830} INFO - Processing file /home/acer/.local/share/virtualenvs/custom_airflow-E5ZHcY_K/lib/python3.12/site-packages/airflow/example_dags/example_trigger_controller_dag.py for tasks to queue
[2024-07-06T16:30:38.437+0700] {logging_mixin.py:188} INFO - [2024-07-06T16:30:38.437+0700] {dagbag.py:545} INFO - Filling up the DagBag from /home/acer/.local/share/virtualenvs/custom_airflow-E5ZHcY_K/lib/python3.12/site-packages/airflow/example_dags/example_trigger_controller_dag.py
[2024-07-06T16:30:38.442+0700] {processor.py:840} INFO - DAG(s) 'example_trigger_controller_dag' retrieved from /home/acer/.local/share/virtualenvs/custom_airflow-E5ZHcY_K/lib/python3.12/site-packages/airflow/example_dags/example_trigger_controller_dag.py
[2024-07-06T16:30:38.458+0700] {logging_mixin.py:188} INFO - [2024-07-06T16:30:38.458+0700] {dag.py:3096} INFO - Sync 1 DAGs
[2024-07-06T16:30:38.478+0700] {logging_mixin.py:188} INFO - [2024-07-06T16:30:38.477+0700] {dag.py:3954} INFO - Setting next_dagrun for example_trigger_controller_dag to 2021-01-01 00:00:00+00:00, run_after=2021-01-01 00:00:00+00:00
[2024-07-06T16:30:38.498+0700] {processor.py:183} INFO - Processing /home/acer/.local/share/virtualenvs/custom_airflow-E5ZHcY_K/lib/python3.12/site-packages/airflow/example_dags/example_trigger_controller_dag.py took 0.069 seconds
[2024-07-06T16:31:23.805+0700] {processor.py:161} INFO - Started process (PID=61647) to work on /home/acer/.local/share/virtualenvs/custom_airflow-E5ZHcY_K/lib/python3.12/site-packages/airflow/example_dags/example_trigger_controller_dag.py
[2024-07-06T16:31:23.805+0700] {processor.py:830} INFO - Processing file /home/acer/.local/share/virtualenvs/custom_airflow-E5ZHcY_K/lib/python3.12/site-packages/airflow/example_dags/example_trigger_controller_dag.py for tasks to queue
[2024-07-06T16:31:23.807+0700] {logging_mixin.py:188} INFO - [2024-07-06T16:31:23.807+0700] {dagbag.py:545} INFO - Filling up the DagBag from /home/acer/.local/share/virtualenvs/custom_airflow-E5ZHcY_K/lib/python3.12/site-packages/airflow/example_dags/example_trigger_controller_dag.py
[2024-07-06T16:31:23.812+0700] {processor.py:840} INFO - DAG(s) 'example_trigger_controller_dag' retrieved from /home/acer/.local/share/virtualenvs/custom_airflow-E5ZHcY_K/lib/python3.12/site-packages/airflow/example_dags/example_trigger_controller_dag.py
[2024-07-06T16:31:23.826+0700] {logging_mixin.py:188} INFO - [2024-07-06T16:31:23.825+0700] {dag.py:3096} INFO - Sync 1 DAGs
[2024-07-06T16:31:23.849+0700] {logging_mixin.py:188} INFO - [2024-07-06T16:31:23.849+0700] {dag.py:3954} INFO - Setting next_dagrun for example_trigger_controller_dag to 2021-01-01 00:00:00+00:00, run_after=2021-01-01 00:00:00+00:00
[2024-07-06T16:31:23.871+0700] {processor.py:183} INFO - Processing /home/acer/.local/share/virtualenvs/custom_airflow-E5ZHcY_K/lib/python3.12/site-packages/airflow/example_dags/example_trigger_controller_dag.py took 0.072 seconds
[2024-07-06T16:32:09.752+0700] {processor.py:161} INFO - Started process (PID=61871) to work on /home/acer/.local/share/virtualenvs/custom_airflow-E5ZHcY_K/lib/python3.12/site-packages/airflow/example_dags/example_trigger_controller_dag.py
[2024-07-06T16:32:09.754+0700] {processor.py:830} INFO - Processing file /home/acer/.local/share/virtualenvs/custom_airflow-E5ZHcY_K/lib/python3.12/site-packages/airflow/example_dags/example_trigger_controller_dag.py for tasks to queue
[2024-07-06T16:32:09.758+0700] {logging_mixin.py:188} INFO - [2024-07-06T16:32:09.757+0700] {dagbag.py:545} INFO - Filling up the DagBag from /home/acer/.local/share/virtualenvs/custom_airflow-E5ZHcY_K/lib/python3.12/site-packages/airflow/example_dags/example_trigger_controller_dag.py
[2024-07-06T16:32:09.765+0700] {processor.py:840} INFO - DAG(s) 'example_trigger_controller_dag' retrieved from /home/acer/.local/share/virtualenvs/custom_airflow-E5ZHcY_K/lib/python3.12/site-packages/airflow/example_dags/example_trigger_controller_dag.py
[2024-07-06T16:32:09.780+0700] {logging_mixin.py:188} INFO - [2024-07-06T16:32:09.780+0700] {dag.py:3096} INFO - Sync 1 DAGs
[2024-07-06T16:32:09.800+0700] {logging_mixin.py:188} INFO - [2024-07-06T16:32:09.799+0700] {dag.py:3954} INFO - Setting next_dagrun for example_trigger_controller_dag to 2021-01-01 00:00:00+00:00, run_after=2021-01-01 00:00:00+00:00
[2024-07-06T16:32:09.820+0700] {processor.py:183} INFO - Processing /home/acer/.local/share/virtualenvs/custom_airflow-E5ZHcY_K/lib/python3.12/site-packages/airflow/example_dags/example_trigger_controller_dag.py took 0.089 seconds
[2024-07-06T16:32:58.230+0700] {processor.py:161} INFO - Started process (PID=62107) to work on /home/acer/.local/share/virtualenvs/custom_airflow-E5ZHcY_K/lib/python3.12/site-packages/airflow/example_dags/example_trigger_controller_dag.py
[2024-07-06T16:32:58.233+0700] {processor.py:830} INFO - Processing file /home/acer/.local/share/virtualenvs/custom_airflow-E5ZHcY_K/lib/python3.12/site-packages/airflow/example_dags/example_trigger_controller_dag.py for tasks to queue
[2024-07-06T16:32:58.238+0700] {logging_mixin.py:188} INFO - [2024-07-06T16:32:58.237+0700] {dagbag.py:545} INFO - Filling up the DagBag from /home/acer/.local/share/virtualenvs/custom_airflow-E5ZHcY_K/lib/python3.12/site-packages/airflow/example_dags/example_trigger_controller_dag.py
[2024-07-06T16:32:58.250+0700] {processor.py:840} INFO - DAG(s) 'example_trigger_controller_dag' retrieved from /home/acer/.local/share/virtualenvs/custom_airflow-E5ZHcY_K/lib/python3.12/site-packages/airflow/example_dags/example_trigger_controller_dag.py
[2024-07-06T16:32:58.275+0700] {logging_mixin.py:188} INFO - [2024-07-06T16:32:58.274+0700] {dag.py:3096} INFO - Sync 1 DAGs
[2024-07-06T16:32:58.296+0700] {logging_mixin.py:188} INFO - [2024-07-06T16:32:58.295+0700] {dag.py:3954} INFO - Setting next_dagrun for example_trigger_controller_dag to 2021-01-01 00:00:00+00:00, run_after=2021-01-01 00:00:00+00:00
[2024-07-06T16:32:58.317+0700] {processor.py:183} INFO - Processing /home/acer/.local/share/virtualenvs/custom_airflow-E5ZHcY_K/lib/python3.12/site-packages/airflow/example_dags/example_trigger_controller_dag.py took 0.106 seconds
[2024-07-06T16:33:45.908+0700] {processor.py:161} INFO - Started process (PID=62364) to work on /home/acer/.local/share/virtualenvs/custom_airflow-E5ZHcY_K/lib/python3.12/site-packages/airflow/example_dags/example_trigger_controller_dag.py
[2024-07-06T16:33:45.909+0700] {processor.py:830} INFO - Processing file /home/acer/.local/share/virtualenvs/custom_airflow-E5ZHcY_K/lib/python3.12/site-packages/airflow/example_dags/example_trigger_controller_dag.py for tasks to queue
[2024-07-06T16:33:45.912+0700] {logging_mixin.py:188} INFO - [2024-07-06T16:33:45.912+0700] {dagbag.py:545} INFO - Filling up the DagBag from /home/acer/.local/share/virtualenvs/custom_airflow-E5ZHcY_K/lib/python3.12/site-packages/airflow/example_dags/example_trigger_controller_dag.py
[2024-07-06T16:33:45.919+0700] {processor.py:840} INFO - DAG(s) 'example_trigger_controller_dag' retrieved from /home/acer/.local/share/virtualenvs/custom_airflow-E5ZHcY_K/lib/python3.12/site-packages/airflow/example_dags/example_trigger_controller_dag.py
[2024-07-06T16:33:45.935+0700] {logging_mixin.py:188} INFO - [2024-07-06T16:33:45.934+0700] {dag.py:3096} INFO - Sync 1 DAGs
[2024-07-06T16:33:45.954+0700] {logging_mixin.py:188} INFO - [2024-07-06T16:33:45.954+0700] {dag.py:3954} INFO - Setting next_dagrun for example_trigger_controller_dag to 2021-01-01 00:00:00+00:00, run_after=2021-01-01 00:00:00+00:00
[2024-07-06T16:33:45.976+0700] {processor.py:183} INFO - Processing /home/acer/.local/share/virtualenvs/custom_airflow-E5ZHcY_K/lib/python3.12/site-packages/airflow/example_dags/example_trigger_controller_dag.py took 0.081 seconds
[2024-07-06T16:34:31.478+0700] {processor.py:161} INFO - Started process (PID=62592) to work on /home/acer/.local/share/virtualenvs/custom_airflow-E5ZHcY_K/lib/python3.12/site-packages/airflow/example_dags/example_trigger_controller_dag.py
[2024-07-06T16:34:31.479+0700] {processor.py:830} INFO - Processing file /home/acer/.local/share/virtualenvs/custom_airflow-E5ZHcY_K/lib/python3.12/site-packages/airflow/example_dags/example_trigger_controller_dag.py for tasks to queue
[2024-07-06T16:34:31.481+0700] {logging_mixin.py:188} INFO - [2024-07-06T16:34:31.480+0700] {dagbag.py:545} INFO - Filling up the DagBag from /home/acer/.local/share/virtualenvs/custom_airflow-E5ZHcY_K/lib/python3.12/site-packages/airflow/example_dags/example_trigger_controller_dag.py
[2024-07-06T16:34:31.486+0700] {processor.py:840} INFO - DAG(s) 'example_trigger_controller_dag' retrieved from /home/acer/.local/share/virtualenvs/custom_airflow-E5ZHcY_K/lib/python3.12/site-packages/airflow/example_dags/example_trigger_controller_dag.py
[2024-07-06T16:34:31.501+0700] {logging_mixin.py:188} INFO - [2024-07-06T16:34:31.501+0700] {dag.py:3096} INFO - Sync 1 DAGs
[2024-07-06T16:34:31.521+0700] {logging_mixin.py:188} INFO - [2024-07-06T16:34:31.520+0700] {dag.py:3954} INFO - Setting next_dagrun for example_trigger_controller_dag to 2021-01-01 00:00:00+00:00, run_after=2021-01-01 00:00:00+00:00
[2024-07-06T16:34:31.541+0700] {processor.py:183} INFO - Processing /home/acer/.local/share/virtualenvs/custom_airflow-E5ZHcY_K/lib/python3.12/site-packages/airflow/example_dags/example_trigger_controller_dag.py took 0.068 seconds
[2024-07-06T16:35:20.536+0700] {processor.py:161} INFO - Started process (PID=62824) to work on /home/acer/.local/share/virtualenvs/custom_airflow-E5ZHcY_K/lib/python3.12/site-packages/airflow/example_dags/example_trigger_controller_dag.py
[2024-07-06T16:35:20.537+0700] {processor.py:830} INFO - Processing file /home/acer/.local/share/virtualenvs/custom_airflow-E5ZHcY_K/lib/python3.12/site-packages/airflow/example_dags/example_trigger_controller_dag.py for tasks to queue
[2024-07-06T16:35:20.539+0700] {logging_mixin.py:188} INFO - [2024-07-06T16:35:20.538+0700] {dagbag.py:545} INFO - Filling up the DagBag from /home/acer/.local/share/virtualenvs/custom_airflow-E5ZHcY_K/lib/python3.12/site-packages/airflow/example_dags/example_trigger_controller_dag.py
[2024-07-06T16:35:20.543+0700] {processor.py:840} INFO - DAG(s) 'example_trigger_controller_dag' retrieved from /home/acer/.local/share/virtualenvs/custom_airflow-E5ZHcY_K/lib/python3.12/site-packages/airflow/example_dags/example_trigger_controller_dag.py
[2024-07-06T16:35:20.557+0700] {logging_mixin.py:188} INFO - [2024-07-06T16:35:20.557+0700] {dag.py:3096} INFO - Sync 1 DAGs
[2024-07-06T16:35:20.577+0700] {logging_mixin.py:188} INFO - [2024-07-06T16:35:20.577+0700] {dag.py:3954} INFO - Setting next_dagrun for example_trigger_controller_dag to 2021-01-01 00:00:00+00:00, run_after=2021-01-01 00:00:00+00:00
[2024-07-06T16:35:20.597+0700] {processor.py:183} INFO - Processing /home/acer/.local/share/virtualenvs/custom_airflow-E5ZHcY_K/lib/python3.12/site-packages/airflow/example_dags/example_trigger_controller_dag.py took 0.067 seconds
[2024-07-06T16:36:07.903+0700] {processor.py:161} INFO - Started process (PID=63129) to work on /home/acer/.local/share/virtualenvs/custom_airflow-E5ZHcY_K/lib/python3.12/site-packages/airflow/example_dags/example_trigger_controller_dag.py
[2024-07-06T16:36:07.905+0700] {processor.py:830} INFO - Processing file /home/acer/.local/share/virtualenvs/custom_airflow-E5ZHcY_K/lib/python3.12/site-packages/airflow/example_dags/example_trigger_controller_dag.py for tasks to queue
[2024-07-06T16:36:07.907+0700] {logging_mixin.py:188} INFO - [2024-07-06T16:36:07.907+0700] {dagbag.py:545} INFO - Filling up the DagBag from /home/acer/.local/share/virtualenvs/custom_airflow-E5ZHcY_K/lib/python3.12/site-packages/airflow/example_dags/example_trigger_controller_dag.py
[2024-07-06T16:36:07.915+0700] {processor.py:840} INFO - DAG(s) 'example_trigger_controller_dag' retrieved from /home/acer/.local/share/virtualenvs/custom_airflow-E5ZHcY_K/lib/python3.12/site-packages/airflow/example_dags/example_trigger_controller_dag.py
[2024-07-06T16:36:07.935+0700] {logging_mixin.py:188} INFO - [2024-07-06T16:36:07.935+0700] {dag.py:3096} INFO - Sync 1 DAGs
[2024-07-06T16:36:07.955+0700] {logging_mixin.py:188} INFO - [2024-07-06T16:36:07.955+0700] {dag.py:3954} INFO - Setting next_dagrun for example_trigger_controller_dag to 2021-01-01 00:00:00+00:00, run_after=2021-01-01 00:00:00+00:00
[2024-07-06T16:36:07.977+0700] {processor.py:183} INFO - Processing /home/acer/.local/share/virtualenvs/custom_airflow-E5ZHcY_K/lib/python3.12/site-packages/airflow/example_dags/example_trigger_controller_dag.py took 0.081 seconds
[2024-07-06T21:54:25.430+0700] {processor.py:161} INFO - Started process (PID=11841) to work on /home/acer/.local/share/virtualenvs/custom_airflow-E5ZHcY_K/lib/python3.12/site-packages/airflow/example_dags/example_trigger_controller_dag.py
[2024-07-06T21:54:25.432+0700] {processor.py:830} INFO - Processing file /home/acer/.local/share/virtualenvs/custom_airflow-E5ZHcY_K/lib/python3.12/site-packages/airflow/example_dags/example_trigger_controller_dag.py for tasks to queue
[2024-07-06T21:54:25.434+0700] {logging_mixin.py:188} INFO - [2024-07-06T21:54:25.433+0700] {dagbag.py:545} INFO - Filling up the DagBag from /home/acer/.local/share/virtualenvs/custom_airflow-E5ZHcY_K/lib/python3.12/site-packages/airflow/example_dags/example_trigger_controller_dag.py
[2024-07-06T21:54:25.440+0700] {processor.py:840} INFO - DAG(s) 'example_trigger_controller_dag' retrieved from /home/acer/.local/share/virtualenvs/custom_airflow-E5ZHcY_K/lib/python3.12/site-packages/airflow/example_dags/example_trigger_controller_dag.py
[2024-07-06T21:54:25.458+0700] {logging_mixin.py:188} INFO - [2024-07-06T21:54:25.458+0700] {dag.py:3096} INFO - Sync 1 DAGs
[2024-07-06T21:54:25.480+0700] {logging_mixin.py:188} INFO - [2024-07-06T21:54:25.480+0700] {dag.py:3954} INFO - Setting next_dagrun for example_trigger_controller_dag to 2021-01-01 00:00:00+00:00, run_after=2021-01-01 00:00:00+00:00
[2024-07-06T21:54:25.502+0700] {processor.py:183} INFO - Processing /home/acer/.local/share/virtualenvs/custom_airflow-E5ZHcY_K/lib/python3.12/site-packages/airflow/example_dags/example_trigger_controller_dag.py took 0.077 seconds
[2024-07-06T21:55:21.577+0700] {processor.py:161} INFO - Started process (PID=12485) to work on /home/acer/.local/share/virtualenvs/custom_airflow-E5ZHcY_K/lib/python3.12/site-packages/airflow/example_dags/example_trigger_controller_dag.py
[2024-07-06T21:55:21.578+0700] {processor.py:830} INFO - Processing file /home/acer/.local/share/virtualenvs/custom_airflow-E5ZHcY_K/lib/python3.12/site-packages/airflow/example_dags/example_trigger_controller_dag.py for tasks to queue
[2024-07-06T21:55:21.581+0700] {logging_mixin.py:188} INFO - [2024-07-06T21:55:21.580+0700] {dagbag.py:545} INFO - Filling up the DagBag from /home/acer/.local/share/virtualenvs/custom_airflow-E5ZHcY_K/lib/python3.12/site-packages/airflow/example_dags/example_trigger_controller_dag.py
[2024-07-06T21:55:21.589+0700] {processor.py:840} INFO - DAG(s) 'example_trigger_controller_dag' retrieved from /home/acer/.local/share/virtualenvs/custom_airflow-E5ZHcY_K/lib/python3.12/site-packages/airflow/example_dags/example_trigger_controller_dag.py
[2024-07-06T21:55:21.614+0700] {logging_mixin.py:188} INFO - [2024-07-06T21:55:21.614+0700] {dag.py:3096} INFO - Sync 1 DAGs
[2024-07-06T21:55:21.711+0700] {logging_mixin.py:188} INFO - [2024-07-06T21:55:21.696+0700] {dag.py:3954} INFO - Setting next_dagrun for example_trigger_controller_dag to 2021-01-01 00:00:00+00:00, run_after=2021-01-01 00:00:00+00:00
[2024-07-06T21:55:21.803+0700] {processor.py:183} INFO - Processing /home/acer/.local/share/virtualenvs/custom_airflow-E5ZHcY_K/lib/python3.12/site-packages/airflow/example_dags/example_trigger_controller_dag.py took 0.234 seconds
[2024-07-06T21:56:12.033+0700] {processor.py:161} INFO - Started process (PID=13080) to work on /home/acer/.local/share/virtualenvs/custom_airflow-E5ZHcY_K/lib/python3.12/site-packages/airflow/example_dags/example_trigger_controller_dag.py
[2024-07-06T21:56:12.035+0700] {processor.py:830} INFO - Processing file /home/acer/.local/share/virtualenvs/custom_airflow-E5ZHcY_K/lib/python3.12/site-packages/airflow/example_dags/example_trigger_controller_dag.py for tasks to queue
[2024-07-06T21:56:12.037+0700] {logging_mixin.py:188} INFO - [2024-07-06T21:56:12.036+0700] {dagbag.py:545} INFO - Filling up the DagBag from /home/acer/.local/share/virtualenvs/custom_airflow-E5ZHcY_K/lib/python3.12/site-packages/airflow/example_dags/example_trigger_controller_dag.py
[2024-07-06T21:56:12.043+0700] {processor.py:840} INFO - DAG(s) 'example_trigger_controller_dag' retrieved from /home/acer/.local/share/virtualenvs/custom_airflow-E5ZHcY_K/lib/python3.12/site-packages/airflow/example_dags/example_trigger_controller_dag.py
[2024-07-06T21:56:12.061+0700] {logging_mixin.py:188} INFO - [2024-07-06T21:56:12.061+0700] {dag.py:3096} INFO - Sync 1 DAGs
[2024-07-06T21:56:12.082+0700] {logging_mixin.py:188} INFO - [2024-07-06T21:56:12.082+0700] {dag.py:3954} INFO - Setting next_dagrun for example_trigger_controller_dag to 2021-01-01 00:00:00+00:00, run_after=2021-01-01 00:00:00+00:00
[2024-07-06T21:56:12.104+0700] {processor.py:183} INFO - Processing /home/acer/.local/share/virtualenvs/custom_airflow-E5ZHcY_K/lib/python3.12/site-packages/airflow/example_dags/example_trigger_controller_dag.py took 0.079 seconds
[2024-07-06T21:57:00.145+0700] {processor.py:161} INFO - Started process (PID=13587) to work on /home/acer/.local/share/virtualenvs/custom_airflow-E5ZHcY_K/lib/python3.12/site-packages/airflow/example_dags/example_trigger_controller_dag.py
[2024-07-06T21:57:00.149+0700] {processor.py:830} INFO - Processing file /home/acer/.local/share/virtualenvs/custom_airflow-E5ZHcY_K/lib/python3.12/site-packages/airflow/example_dags/example_trigger_controller_dag.py for tasks to queue
[2024-07-06T21:57:00.153+0700] {logging_mixin.py:188} INFO - [2024-07-06T21:57:00.152+0700] {dagbag.py:545} INFO - Filling up the DagBag from /home/acer/.local/share/virtualenvs/custom_airflow-E5ZHcY_K/lib/python3.12/site-packages/airflow/example_dags/example_trigger_controller_dag.py
[2024-07-06T21:57:00.164+0700] {processor.py:840} INFO - DAG(s) 'example_trigger_controller_dag' retrieved from /home/acer/.local/share/virtualenvs/custom_airflow-E5ZHcY_K/lib/python3.12/site-packages/airflow/example_dags/example_trigger_controller_dag.py
[2024-07-06T21:57:00.184+0700] {logging_mixin.py:188} INFO - [2024-07-06T21:57:00.184+0700] {dag.py:3096} INFO - Sync 1 DAGs
[2024-07-06T21:57:00.207+0700] {logging_mixin.py:188} INFO - [2024-07-06T21:57:00.207+0700] {dag.py:3954} INFO - Setting next_dagrun for example_trigger_controller_dag to 2021-01-01 00:00:00+00:00, run_after=2021-01-01 00:00:00+00:00
[2024-07-06T21:57:00.234+0700] {processor.py:183} INFO - Processing /home/acer/.local/share/virtualenvs/custom_airflow-E5ZHcY_K/lib/python3.12/site-packages/airflow/example_dags/example_trigger_controller_dag.py took 0.113 seconds
[2024-07-06T21:57:53.004+0700] {processor.py:161} INFO - Started process (PID=14034) to work on /home/acer/.local/share/virtualenvs/custom_airflow-E5ZHcY_K/lib/python3.12/site-packages/airflow/example_dags/example_trigger_controller_dag.py
[2024-07-06T21:57:53.006+0700] {processor.py:830} INFO - Processing file /home/acer/.local/share/virtualenvs/custom_airflow-E5ZHcY_K/lib/python3.12/site-packages/airflow/example_dags/example_trigger_controller_dag.py for tasks to queue
[2024-07-06T21:57:53.008+0700] {logging_mixin.py:188} INFO - [2024-07-06T21:57:53.008+0700] {dagbag.py:545} INFO - Filling up the DagBag from /home/acer/.local/share/virtualenvs/custom_airflow-E5ZHcY_K/lib/python3.12/site-packages/airflow/example_dags/example_trigger_controller_dag.py
[2024-07-06T21:57:53.015+0700] {processor.py:840} INFO - DAG(s) 'example_trigger_controller_dag' retrieved from /home/acer/.local/share/virtualenvs/custom_airflow-E5ZHcY_K/lib/python3.12/site-packages/airflow/example_dags/example_trigger_controller_dag.py
[2024-07-06T21:57:53.033+0700] {logging_mixin.py:188} INFO - [2024-07-06T21:57:53.033+0700] {dag.py:3096} INFO - Sync 1 DAGs
[2024-07-06T21:57:53.060+0700] {logging_mixin.py:188} INFO - [2024-07-06T21:57:53.060+0700] {dag.py:3954} INFO - Setting next_dagrun for example_trigger_controller_dag to 2021-01-01 00:00:00+00:00, run_after=2021-01-01 00:00:00+00:00
[2024-07-06T21:57:53.085+0700] {processor.py:183} INFO - Processing /home/acer/.local/share/virtualenvs/custom_airflow-E5ZHcY_K/lib/python3.12/site-packages/airflow/example_dags/example_trigger_controller_dag.py took 0.089 seconds
[2024-07-06T21:58:46.699+0700] {processor.py:161} INFO - Started process (PID=14290) to work on /home/acer/.local/share/virtualenvs/custom_airflow-E5ZHcY_K/lib/python3.12/site-packages/airflow/example_dags/example_trigger_controller_dag.py
[2024-07-06T21:58:46.702+0700] {processor.py:830} INFO - Processing file /home/acer/.local/share/virtualenvs/custom_airflow-E5ZHcY_K/lib/python3.12/site-packages/airflow/example_dags/example_trigger_controller_dag.py for tasks to queue
[2024-07-06T21:58:46.706+0700] {logging_mixin.py:188} INFO - [2024-07-06T21:58:46.705+0700] {dagbag.py:545} INFO - Filling up the DagBag from /home/acer/.local/share/virtualenvs/custom_airflow-E5ZHcY_K/lib/python3.12/site-packages/airflow/example_dags/example_trigger_controller_dag.py
[2024-07-06T21:58:46.715+0700] {processor.py:840} INFO - DAG(s) 'example_trigger_controller_dag' retrieved from /home/acer/.local/share/virtualenvs/custom_airflow-E5ZHcY_K/lib/python3.12/site-packages/airflow/example_dags/example_trigger_controller_dag.py
[2024-07-06T21:58:46.733+0700] {logging_mixin.py:188} INFO - [2024-07-06T21:58:46.733+0700] {dag.py:3096} INFO - Sync 1 DAGs
[2024-07-06T21:58:46.760+0700] {logging_mixin.py:188} INFO - [2024-07-06T21:58:46.759+0700] {dag.py:3954} INFO - Setting next_dagrun for example_trigger_controller_dag to 2021-01-01 00:00:00+00:00, run_after=2021-01-01 00:00:00+00:00
[2024-07-06T21:58:46.785+0700] {processor.py:183} INFO - Processing /home/acer/.local/share/virtualenvs/custom_airflow-E5ZHcY_K/lib/python3.12/site-packages/airflow/example_dags/example_trigger_controller_dag.py took 0.105 seconds
[2024-07-06T21:59:35.255+0700] {processor.py:161} INFO - Started process (PID=14548) to work on /home/acer/.local/share/virtualenvs/custom_airflow-E5ZHcY_K/lib/python3.12/site-packages/airflow/example_dags/example_trigger_controller_dag.py
[2024-07-06T21:59:35.258+0700] {processor.py:830} INFO - Processing file /home/acer/.local/share/virtualenvs/custom_airflow-E5ZHcY_K/lib/python3.12/site-packages/airflow/example_dags/example_trigger_controller_dag.py for tasks to queue
[2024-07-06T21:59:35.268+0700] {logging_mixin.py:188} INFO - [2024-07-06T21:59:35.264+0700] {dagbag.py:545} INFO - Filling up the DagBag from /home/acer/.local/share/virtualenvs/custom_airflow-E5ZHcY_K/lib/python3.12/site-packages/airflow/example_dags/example_trigger_controller_dag.py
[2024-07-06T21:59:35.290+0700] {processor.py:840} INFO - DAG(s) 'example_trigger_controller_dag' retrieved from /home/acer/.local/share/virtualenvs/custom_airflow-E5ZHcY_K/lib/python3.12/site-packages/airflow/example_dags/example_trigger_controller_dag.py
[2024-07-06T21:59:35.336+0700] {logging_mixin.py:188} INFO - [2024-07-06T21:59:35.335+0700] {dag.py:3096} INFO - Sync 1 DAGs
[2024-07-06T21:59:35.375+0700] {logging_mixin.py:188} INFO - [2024-07-06T21:59:35.375+0700] {dag.py:3954} INFO - Setting next_dagrun for example_trigger_controller_dag to 2021-01-01 00:00:00+00:00, run_after=2021-01-01 00:00:00+00:00
[2024-07-06T21:59:35.411+0700] {processor.py:183} INFO - Processing /home/acer/.local/share/virtualenvs/custom_airflow-E5ZHcY_K/lib/python3.12/site-packages/airflow/example_dags/example_trigger_controller_dag.py took 0.187 seconds
[2024-07-06T22:00:27.283+0700] {processor.py:161} INFO - Started process (PID=14926) to work on /home/acer/.local/share/virtualenvs/custom_airflow-E5ZHcY_K/lib/python3.12/site-packages/airflow/example_dags/example_trigger_controller_dag.py
[2024-07-06T22:00:27.284+0700] {processor.py:830} INFO - Processing file /home/acer/.local/share/virtualenvs/custom_airflow-E5ZHcY_K/lib/python3.12/site-packages/airflow/example_dags/example_trigger_controller_dag.py for tasks to queue
[2024-07-06T22:00:27.286+0700] {logging_mixin.py:188} INFO - [2024-07-06T22:00:27.286+0700] {dagbag.py:545} INFO - Filling up the DagBag from /home/acer/.local/share/virtualenvs/custom_airflow-E5ZHcY_K/lib/python3.12/site-packages/airflow/example_dags/example_trigger_controller_dag.py
[2024-07-06T22:00:27.291+0700] {processor.py:840} INFO - DAG(s) 'example_trigger_controller_dag' retrieved from /home/acer/.local/share/virtualenvs/custom_airflow-E5ZHcY_K/lib/python3.12/site-packages/airflow/example_dags/example_trigger_controller_dag.py
[2024-07-06T22:00:27.305+0700] {logging_mixin.py:188} INFO - [2024-07-06T22:00:27.305+0700] {dag.py:3096} INFO - Sync 1 DAGs
[2024-07-06T22:00:27.326+0700] {logging_mixin.py:188} INFO - [2024-07-06T22:00:27.326+0700] {dag.py:3954} INFO - Setting next_dagrun for example_trigger_controller_dag to 2021-01-01 00:00:00+00:00, run_after=2021-01-01 00:00:00+00:00
[2024-07-06T22:00:27.346+0700] {processor.py:183} INFO - Processing /home/acer/.local/share/virtualenvs/custom_airflow-E5ZHcY_K/lib/python3.12/site-packages/airflow/example_dags/example_trigger_controller_dag.py took 0.068 seconds
[2024-07-06T22:01:55.434+0700] {processor.py:161} INFO - Started process (PID=15896) to work on /home/acer/.local/share/virtualenvs/custom_airflow-E5ZHcY_K/lib/python3.12/site-packages/airflow/example_dags/example_trigger_controller_dag.py
[2024-07-06T22:01:55.435+0700] {processor.py:830} INFO - Processing file /home/acer/.local/share/virtualenvs/custom_airflow-E5ZHcY_K/lib/python3.12/site-packages/airflow/example_dags/example_trigger_controller_dag.py for tasks to queue
[2024-07-06T22:01:55.437+0700] {logging_mixin.py:188} INFO - [2024-07-06T22:01:55.436+0700] {dagbag.py:545} INFO - Filling up the DagBag from /home/acer/.local/share/virtualenvs/custom_airflow-E5ZHcY_K/lib/python3.12/site-packages/airflow/example_dags/example_trigger_controller_dag.py
[2024-07-06T22:01:55.442+0700] {processor.py:840} INFO - DAG(s) 'example_trigger_controller_dag' retrieved from /home/acer/.local/share/virtualenvs/custom_airflow-E5ZHcY_K/lib/python3.12/site-packages/airflow/example_dags/example_trigger_controller_dag.py
[2024-07-06T22:01:55.455+0700] {logging_mixin.py:188} INFO - [2024-07-06T22:01:55.455+0700] {dag.py:3096} INFO - Sync 1 DAGs
[2024-07-06T22:01:55.475+0700] {logging_mixin.py:188} INFO - [2024-07-06T22:01:55.475+0700] {dag.py:3954} INFO - Setting next_dagrun for example_trigger_controller_dag to 2021-01-01 00:00:00+00:00, run_after=2021-01-01 00:00:00+00:00
[2024-07-06T22:01:55.495+0700] {processor.py:183} INFO - Processing /home/acer/.local/share/virtualenvs/custom_airflow-E5ZHcY_K/lib/python3.12/site-packages/airflow/example_dags/example_trigger_controller_dag.py took 0.067 seconds
[2024-07-06T22:02:54.667+0700] {processor.py:161} INFO - Started process (PID=16321) to work on /home/acer/.local/share/virtualenvs/custom_airflow-E5ZHcY_K/lib/python3.12/site-packages/airflow/example_dags/example_trigger_controller_dag.py
[2024-07-06T22:02:54.669+0700] {processor.py:830} INFO - Processing file /home/acer/.local/share/virtualenvs/custom_airflow-E5ZHcY_K/lib/python3.12/site-packages/airflow/example_dags/example_trigger_controller_dag.py for tasks to queue
[2024-07-06T22:02:54.673+0700] {logging_mixin.py:188} INFO - [2024-07-06T22:02:54.672+0700] {dagbag.py:545} INFO - Filling up the DagBag from /home/acer/.local/share/virtualenvs/custom_airflow-E5ZHcY_K/lib/python3.12/site-packages/airflow/example_dags/example_trigger_controller_dag.py
[2024-07-06T22:02:54.681+0700] {processor.py:840} INFO - DAG(s) 'example_trigger_controller_dag' retrieved from /home/acer/.local/share/virtualenvs/custom_airflow-E5ZHcY_K/lib/python3.12/site-packages/airflow/example_dags/example_trigger_controller_dag.py
[2024-07-06T22:02:54.697+0700] {logging_mixin.py:188} INFO - [2024-07-06T22:02:54.697+0700] {dag.py:3096} INFO - Sync 1 DAGs
[2024-07-06T22:02:54.716+0700] {logging_mixin.py:188} INFO - [2024-07-06T22:02:54.716+0700] {dag.py:3954} INFO - Setting next_dagrun for example_trigger_controller_dag to 2021-01-01 00:00:00+00:00, run_after=2021-01-01 00:00:00+00:00
[2024-07-06T22:02:54.737+0700] {processor.py:183} INFO - Processing /home/acer/.local/share/virtualenvs/custom_airflow-E5ZHcY_K/lib/python3.12/site-packages/airflow/example_dags/example_trigger_controller_dag.py took 0.083 seconds
[2024-07-06T22:03:46.330+0700] {processor.py:161} INFO - Started process (PID=16568) to work on /home/acer/.local/share/virtualenvs/custom_airflow-E5ZHcY_K/lib/python3.12/site-packages/airflow/example_dags/example_trigger_controller_dag.py
[2024-07-06T22:03:46.334+0700] {processor.py:830} INFO - Processing file /home/acer/.local/share/virtualenvs/custom_airflow-E5ZHcY_K/lib/python3.12/site-packages/airflow/example_dags/example_trigger_controller_dag.py for tasks to queue
[2024-07-06T22:03:46.343+0700] {logging_mixin.py:188} INFO - [2024-07-06T22:03:46.341+0700] {dagbag.py:545} INFO - Filling up the DagBag from /home/acer/.local/share/virtualenvs/custom_airflow-E5ZHcY_K/lib/python3.12/site-packages/airflow/example_dags/example_trigger_controller_dag.py
[2024-07-06T22:03:46.364+0700] {processor.py:840} INFO - DAG(s) 'example_trigger_controller_dag' retrieved from /home/acer/.local/share/virtualenvs/custom_airflow-E5ZHcY_K/lib/python3.12/site-packages/airflow/example_dags/example_trigger_controller_dag.py
[2024-07-06T22:03:46.392+0700] {logging_mixin.py:188} INFO - [2024-07-06T22:03:46.391+0700] {dag.py:3096} INFO - Sync 1 DAGs
[2024-07-06T22:03:46.417+0700] {logging_mixin.py:188} INFO - [2024-07-06T22:03:46.417+0700] {dag.py:3954} INFO - Setting next_dagrun for example_trigger_controller_dag to 2021-01-01 00:00:00+00:00, run_after=2021-01-01 00:00:00+00:00
[2024-07-06T22:03:46.441+0700] {processor.py:183} INFO - Processing /home/acer/.local/share/virtualenvs/custom_airflow-E5ZHcY_K/lib/python3.12/site-packages/airflow/example_dags/example_trigger_controller_dag.py took 0.142 seconds
[2024-07-06T22:05:14.440+0700] {processor.py:161} INFO - Started process (PID=17615) to work on /home/acer/.local/share/virtualenvs/custom_airflow-E5ZHcY_K/lib/python3.12/site-packages/airflow/example_dags/example_trigger_controller_dag.py
[2024-07-06T22:05:14.441+0700] {processor.py:830} INFO - Processing file /home/acer/.local/share/virtualenvs/custom_airflow-E5ZHcY_K/lib/python3.12/site-packages/airflow/example_dags/example_trigger_controller_dag.py for tasks to queue
[2024-07-06T22:05:14.443+0700] {logging_mixin.py:188} INFO - [2024-07-06T22:05:14.442+0700] {dagbag.py:545} INFO - Filling up the DagBag from /home/acer/.local/share/virtualenvs/custom_airflow-E5ZHcY_K/lib/python3.12/site-packages/airflow/example_dags/example_trigger_controller_dag.py
[2024-07-06T22:05:14.448+0700] {processor.py:840} INFO - DAG(s) 'example_trigger_controller_dag' retrieved from /home/acer/.local/share/virtualenvs/custom_airflow-E5ZHcY_K/lib/python3.12/site-packages/airflow/example_dags/example_trigger_controller_dag.py
[2024-07-06T22:05:14.463+0700] {logging_mixin.py:188} INFO - [2024-07-06T22:05:14.463+0700] {dag.py:3096} INFO - Sync 1 DAGs
[2024-07-06T22:05:14.483+0700] {logging_mixin.py:188} INFO - [2024-07-06T22:05:14.483+0700] {dag.py:3954} INFO - Setting next_dagrun for example_trigger_controller_dag to 2021-01-01 00:00:00+00:00, run_after=2021-01-01 00:00:00+00:00
[2024-07-06T22:05:14.503+0700] {processor.py:183} INFO - Processing /home/acer/.local/share/virtualenvs/custom_airflow-E5ZHcY_K/lib/python3.12/site-packages/airflow/example_dags/example_trigger_controller_dag.py took 0.068 seconds
[2024-07-06T22:06:06.831+0700] {processor.py:161} INFO - Started process (PID=17880) to work on /home/acer/.local/share/virtualenvs/custom_airflow-E5ZHcY_K/lib/python3.12/site-packages/airflow/example_dags/example_trigger_controller_dag.py
[2024-07-06T22:06:06.832+0700] {processor.py:830} INFO - Processing file /home/acer/.local/share/virtualenvs/custom_airflow-E5ZHcY_K/lib/python3.12/site-packages/airflow/example_dags/example_trigger_controller_dag.py for tasks to queue
[2024-07-06T22:06:06.836+0700] {logging_mixin.py:188} INFO - [2024-07-06T22:06:06.835+0700] {dagbag.py:545} INFO - Filling up the DagBag from /home/acer/.local/share/virtualenvs/custom_airflow-E5ZHcY_K/lib/python3.12/site-packages/airflow/example_dags/example_trigger_controller_dag.py
[2024-07-06T22:06:06.843+0700] {processor.py:840} INFO - DAG(s) 'example_trigger_controller_dag' retrieved from /home/acer/.local/share/virtualenvs/custom_airflow-E5ZHcY_K/lib/python3.12/site-packages/airflow/example_dags/example_trigger_controller_dag.py
[2024-07-06T22:06:06.865+0700] {logging_mixin.py:188} INFO - [2024-07-06T22:06:06.864+0700] {dag.py:3096} INFO - Sync 1 DAGs
[2024-07-06T22:06:06.890+0700] {logging_mixin.py:188} INFO - [2024-07-06T22:06:06.890+0700] {dag.py:3954} INFO - Setting next_dagrun for example_trigger_controller_dag to 2021-01-01 00:00:00+00:00, run_after=2021-01-01 00:00:00+00:00
[2024-07-06T22:06:06.914+0700] {processor.py:183} INFO - Processing /home/acer/.local/share/virtualenvs/custom_airflow-E5ZHcY_K/lib/python3.12/site-packages/airflow/example_dags/example_trigger_controller_dag.py took 0.094 seconds
[2024-07-06T22:06:55.368+0700] {processor.py:161} INFO - Started process (PID=18293) to work on /home/acer/.local/share/virtualenvs/custom_airflow-E5ZHcY_K/lib/python3.12/site-packages/airflow/example_dags/example_trigger_controller_dag.py
[2024-07-06T22:06:55.370+0700] {processor.py:830} INFO - Processing file /home/acer/.local/share/virtualenvs/custom_airflow-E5ZHcY_K/lib/python3.12/site-packages/airflow/example_dags/example_trigger_controller_dag.py for tasks to queue
[2024-07-06T22:06:55.373+0700] {logging_mixin.py:188} INFO - [2024-07-06T22:06:55.373+0700] {dagbag.py:545} INFO - Filling up the DagBag from /home/acer/.local/share/virtualenvs/custom_airflow-E5ZHcY_K/lib/python3.12/site-packages/airflow/example_dags/example_trigger_controller_dag.py
[2024-07-06T22:06:55.383+0700] {processor.py:840} INFO - DAG(s) 'example_trigger_controller_dag' retrieved from /home/acer/.local/share/virtualenvs/custom_airflow-E5ZHcY_K/lib/python3.12/site-packages/airflow/example_dags/example_trigger_controller_dag.py
[2024-07-06T22:06:55.406+0700] {logging_mixin.py:188} INFO - [2024-07-06T22:06:55.405+0700] {dag.py:3096} INFO - Sync 1 DAGs
[2024-07-06T22:06:55.442+0700] {logging_mixin.py:188} INFO - [2024-07-06T22:06:55.442+0700] {dag.py:3954} INFO - Setting next_dagrun for example_trigger_controller_dag to 2021-01-01 00:00:00+00:00, run_after=2021-01-01 00:00:00+00:00
[2024-07-06T22:06:55.474+0700] {processor.py:183} INFO - Processing /home/acer/.local/share/virtualenvs/custom_airflow-E5ZHcY_K/lib/python3.12/site-packages/airflow/example_dags/example_trigger_controller_dag.py took 0.121 seconds
[2024-07-06T22:07:50.313+0700] {processor.py:161} INFO - Started process (PID=18671) to work on /home/acer/.local/share/virtualenvs/custom_airflow-E5ZHcY_K/lib/python3.12/site-packages/airflow/example_dags/example_trigger_controller_dag.py
[2024-07-06T22:07:50.314+0700] {processor.py:830} INFO - Processing file /home/acer/.local/share/virtualenvs/custom_airflow-E5ZHcY_K/lib/python3.12/site-packages/airflow/example_dags/example_trigger_controller_dag.py for tasks to queue
[2024-07-06T22:07:50.318+0700] {logging_mixin.py:188} INFO - [2024-07-06T22:07:50.317+0700] {dagbag.py:545} INFO - Filling up the DagBag from /home/acer/.local/share/virtualenvs/custom_airflow-E5ZHcY_K/lib/python3.12/site-packages/airflow/example_dags/example_trigger_controller_dag.py
[2024-07-06T22:07:50.330+0700] {processor.py:840} INFO - DAG(s) 'example_trigger_controller_dag' retrieved from /home/acer/.local/share/virtualenvs/custom_airflow-E5ZHcY_K/lib/python3.12/site-packages/airflow/example_dags/example_trigger_controller_dag.py
[2024-07-06T22:07:50.356+0700] {logging_mixin.py:188} INFO - [2024-07-06T22:07:50.356+0700] {dag.py:3096} INFO - Sync 1 DAGs
[2024-07-06T22:07:50.386+0700] {logging_mixin.py:188} INFO - [2024-07-06T22:07:50.386+0700] {dag.py:3954} INFO - Setting next_dagrun for example_trigger_controller_dag to 2021-01-01 00:00:00+00:00, run_after=2021-01-01 00:00:00+00:00
[2024-07-06T22:07:50.428+0700] {processor.py:183} INFO - Processing /home/acer/.local/share/virtualenvs/custom_airflow-E5ZHcY_K/lib/python3.12/site-packages/airflow/example_dags/example_trigger_controller_dag.py took 0.140 seconds
[2024-07-06T22:08:45.667+0700] {processor.py:161} INFO - Started process (PID=18954) to work on /home/acer/.local/share/virtualenvs/custom_airflow-E5ZHcY_K/lib/python3.12/site-packages/airflow/example_dags/example_trigger_controller_dag.py
[2024-07-06T22:08:45.672+0700] {processor.py:830} INFO - Processing file /home/acer/.local/share/virtualenvs/custom_airflow-E5ZHcY_K/lib/python3.12/site-packages/airflow/example_dags/example_trigger_controller_dag.py for tasks to queue
[2024-07-06T22:08:45.675+0700] {logging_mixin.py:188} INFO - [2024-07-06T22:08:45.674+0700] {dagbag.py:545} INFO - Filling up the DagBag from /home/acer/.local/share/virtualenvs/custom_airflow-E5ZHcY_K/lib/python3.12/site-packages/airflow/example_dags/example_trigger_controller_dag.py
[2024-07-06T22:08:45.682+0700] {processor.py:840} INFO - DAG(s) 'example_trigger_controller_dag' retrieved from /home/acer/.local/share/virtualenvs/custom_airflow-E5ZHcY_K/lib/python3.12/site-packages/airflow/example_dags/example_trigger_controller_dag.py
[2024-07-06T22:08:45.701+0700] {logging_mixin.py:188} INFO - [2024-07-06T22:08:45.700+0700] {dag.py:3096} INFO - Sync 1 DAGs
[2024-07-06T22:08:45.728+0700] {logging_mixin.py:188} INFO - [2024-07-06T22:08:45.727+0700] {dag.py:3954} INFO - Setting next_dagrun for example_trigger_controller_dag to 2021-01-01 00:00:00+00:00, run_after=2021-01-01 00:00:00+00:00
[2024-07-06T22:08:45.758+0700] {processor.py:183} INFO - Processing /home/acer/.local/share/virtualenvs/custom_airflow-E5ZHcY_K/lib/python3.12/site-packages/airflow/example_dags/example_trigger_controller_dag.py took 0.105 seconds
[2024-07-06T22:09:41.625+0700] {processor.py:161} INFO - Started process (PID=19272) to work on /home/acer/.local/share/virtualenvs/custom_airflow-E5ZHcY_K/lib/python3.12/site-packages/airflow/example_dags/example_trigger_controller_dag.py
[2024-07-06T22:09:41.626+0700] {processor.py:830} INFO - Processing file /home/acer/.local/share/virtualenvs/custom_airflow-E5ZHcY_K/lib/python3.12/site-packages/airflow/example_dags/example_trigger_controller_dag.py for tasks to queue
[2024-07-06T22:09:41.629+0700] {logging_mixin.py:188} INFO - [2024-07-06T22:09:41.628+0700] {dagbag.py:545} INFO - Filling up the DagBag from /home/acer/.local/share/virtualenvs/custom_airflow-E5ZHcY_K/lib/python3.12/site-packages/airflow/example_dags/example_trigger_controller_dag.py
[2024-07-06T22:09:41.634+0700] {processor.py:840} INFO - DAG(s) 'example_trigger_controller_dag' retrieved from /home/acer/.local/share/virtualenvs/custom_airflow-E5ZHcY_K/lib/python3.12/site-packages/airflow/example_dags/example_trigger_controller_dag.py
[2024-07-06T22:09:41.651+0700] {logging_mixin.py:188} INFO - [2024-07-06T22:09:41.650+0700] {dag.py:3096} INFO - Sync 1 DAGs
[2024-07-06T22:09:41.680+0700] {logging_mixin.py:188} INFO - [2024-07-06T22:09:41.679+0700] {dag.py:3954} INFO - Setting next_dagrun for example_trigger_controller_dag to 2021-01-01 00:00:00+00:00, run_after=2021-01-01 00:00:00+00:00
[2024-07-06T22:09:41.712+0700] {processor.py:183} INFO - Processing /home/acer/.local/share/virtualenvs/custom_airflow-E5ZHcY_K/lib/python3.12/site-packages/airflow/example_dags/example_trigger_controller_dag.py took 0.114 seconds
[2024-07-06T22:10:43.694+0700] {processor.py:161} INFO - Started process (PID=19668) to work on /home/acer/.local/share/virtualenvs/custom_airflow-E5ZHcY_K/lib/python3.12/site-packages/airflow/example_dags/example_trigger_controller_dag.py
[2024-07-06T22:10:43.695+0700] {processor.py:830} INFO - Processing file /home/acer/.local/share/virtualenvs/custom_airflow-E5ZHcY_K/lib/python3.12/site-packages/airflow/example_dags/example_trigger_controller_dag.py for tasks to queue
[2024-07-06T22:10:43.698+0700] {logging_mixin.py:188} INFO - [2024-07-06T22:10:43.697+0700] {dagbag.py:545} INFO - Filling up the DagBag from /home/acer/.local/share/virtualenvs/custom_airflow-E5ZHcY_K/lib/python3.12/site-packages/airflow/example_dags/example_trigger_controller_dag.py
[2024-07-06T22:10:43.705+0700] {processor.py:840} INFO - DAG(s) 'example_trigger_controller_dag' retrieved from /home/acer/.local/share/virtualenvs/custom_airflow-E5ZHcY_K/lib/python3.12/site-packages/airflow/example_dags/example_trigger_controller_dag.py
[2024-07-06T22:10:43.727+0700] {logging_mixin.py:188} INFO - [2024-07-06T22:10:43.726+0700] {dag.py:3096} INFO - Sync 1 DAGs
[2024-07-06T22:10:43.757+0700] {logging_mixin.py:188} INFO - [2024-07-06T22:10:43.756+0700] {dag.py:3954} INFO - Setting next_dagrun for example_trigger_controller_dag to 2021-01-01 00:00:00+00:00, run_after=2021-01-01 00:00:00+00:00
[2024-07-06T22:10:43.795+0700] {processor.py:183} INFO - Processing /home/acer/.local/share/virtualenvs/custom_airflow-E5ZHcY_K/lib/python3.12/site-packages/airflow/example_dags/example_trigger_controller_dag.py took 0.114 seconds
[2024-07-06T22:11:48.254+0700] {processor.py:161} INFO - Started process (PID=19984) to work on /home/acer/.local/share/virtualenvs/custom_airflow-E5ZHcY_K/lib/python3.12/site-packages/airflow/example_dags/example_trigger_controller_dag.py
[2024-07-06T22:11:48.255+0700] {processor.py:830} INFO - Processing file /home/acer/.local/share/virtualenvs/custom_airflow-E5ZHcY_K/lib/python3.12/site-packages/airflow/example_dags/example_trigger_controller_dag.py for tasks to queue
[2024-07-06T22:11:48.258+0700] {logging_mixin.py:188} INFO - [2024-07-06T22:11:48.257+0700] {dagbag.py:545} INFO - Filling up the DagBag from /home/acer/.local/share/virtualenvs/custom_airflow-E5ZHcY_K/lib/python3.12/site-packages/airflow/example_dags/example_trigger_controller_dag.py
[2024-07-06T22:11:48.266+0700] {processor.py:840} INFO - DAG(s) 'example_trigger_controller_dag' retrieved from /home/acer/.local/share/virtualenvs/custom_airflow-E5ZHcY_K/lib/python3.12/site-packages/airflow/example_dags/example_trigger_controller_dag.py
[2024-07-06T22:11:48.285+0700] {logging_mixin.py:188} INFO - [2024-07-06T22:11:48.285+0700] {dag.py:3096} INFO - Sync 1 DAGs
[2024-07-06T22:11:48.308+0700] {logging_mixin.py:188} INFO - [2024-07-06T22:11:48.308+0700] {dag.py:3954} INFO - Setting next_dagrun for example_trigger_controller_dag to 2021-01-01 00:00:00+00:00, run_after=2021-01-01 00:00:00+00:00
[2024-07-06T22:11:48.336+0700] {processor.py:183} INFO - Processing /home/acer/.local/share/virtualenvs/custom_airflow-E5ZHcY_K/lib/python3.12/site-packages/airflow/example_dags/example_trigger_controller_dag.py took 0.095 seconds
[2024-07-06T22:12:47.929+0700] {processor.py:161} INFO - Started process (PID=20296) to work on /home/acer/.local/share/virtualenvs/custom_airflow-E5ZHcY_K/lib/python3.12/site-packages/airflow/example_dags/example_trigger_controller_dag.py
[2024-07-06T22:12:47.933+0700] {processor.py:830} INFO - Processing file /home/acer/.local/share/virtualenvs/custom_airflow-E5ZHcY_K/lib/python3.12/site-packages/airflow/example_dags/example_trigger_controller_dag.py for tasks to queue
[2024-07-06T22:12:47.939+0700] {logging_mixin.py:188} INFO - [2024-07-06T22:12:47.938+0700] {dagbag.py:545} INFO - Filling up the DagBag from /home/acer/.local/share/virtualenvs/custom_airflow-E5ZHcY_K/lib/python3.12/site-packages/airflow/example_dags/example_trigger_controller_dag.py
[2024-07-06T22:12:47.956+0700] {processor.py:840} INFO - DAG(s) 'example_trigger_controller_dag' retrieved from /home/acer/.local/share/virtualenvs/custom_airflow-E5ZHcY_K/lib/python3.12/site-packages/airflow/example_dags/example_trigger_controller_dag.py
[2024-07-06T22:12:48.003+0700] {logging_mixin.py:188} INFO - [2024-07-06T22:12:48.002+0700] {dag.py:3096} INFO - Sync 1 DAGs
[2024-07-06T22:12:48.034+0700] {logging_mixin.py:188} INFO - [2024-07-06T22:12:48.033+0700] {dag.py:3954} INFO - Setting next_dagrun for example_trigger_controller_dag to 2021-01-01 00:00:00+00:00, run_after=2021-01-01 00:00:00+00:00
[2024-07-06T22:12:48.060+0700] {processor.py:183} INFO - Processing /home/acer/.local/share/virtualenvs/custom_airflow-E5ZHcY_K/lib/python3.12/site-packages/airflow/example_dags/example_trigger_controller_dag.py took 0.155 seconds
[2024-07-06T22:13:46.625+0700] {processor.py:161} INFO - Started process (PID=20677) to work on /home/acer/.local/share/virtualenvs/custom_airflow-E5ZHcY_K/lib/python3.12/site-packages/airflow/example_dags/example_trigger_controller_dag.py
[2024-07-06T22:13:46.626+0700] {processor.py:830} INFO - Processing file /home/acer/.local/share/virtualenvs/custom_airflow-E5ZHcY_K/lib/python3.12/site-packages/airflow/example_dags/example_trigger_controller_dag.py for tasks to queue
[2024-07-06T22:13:46.633+0700] {logging_mixin.py:188} INFO - [2024-07-06T22:13:46.629+0700] {dagbag.py:545} INFO - Filling up the DagBag from /home/acer/.local/share/virtualenvs/custom_airflow-E5ZHcY_K/lib/python3.12/site-packages/airflow/example_dags/example_trigger_controller_dag.py
[2024-07-06T22:13:46.640+0700] {processor.py:840} INFO - DAG(s) 'example_trigger_controller_dag' retrieved from /home/acer/.local/share/virtualenvs/custom_airflow-E5ZHcY_K/lib/python3.12/site-packages/airflow/example_dags/example_trigger_controller_dag.py
[2024-07-06T22:13:46.660+0700] {logging_mixin.py:188} INFO - [2024-07-06T22:13:46.659+0700] {dag.py:3096} INFO - Sync 1 DAGs
[2024-07-06T22:13:46.704+0700] {logging_mixin.py:188} INFO - [2024-07-06T22:13:46.702+0700] {dag.py:3954} INFO - Setting next_dagrun for example_trigger_controller_dag to 2021-01-01 00:00:00+00:00, run_after=2021-01-01 00:00:00+00:00
[2024-07-06T22:13:46.763+0700] {processor.py:183} INFO - Processing /home/acer/.local/share/virtualenvs/custom_airflow-E5ZHcY_K/lib/python3.12/site-packages/airflow/example_dags/example_trigger_controller_dag.py took 0.144 seconds
[2024-07-06T22:14:46.904+0700] {processor.py:161} INFO - Started process (PID=21013) to work on /home/acer/.local/share/virtualenvs/custom_airflow-E5ZHcY_K/lib/python3.12/site-packages/airflow/example_dags/example_trigger_controller_dag.py
[2024-07-06T22:14:46.905+0700] {processor.py:830} INFO - Processing file /home/acer/.local/share/virtualenvs/custom_airflow-E5ZHcY_K/lib/python3.12/site-packages/airflow/example_dags/example_trigger_controller_dag.py for tasks to queue
[2024-07-06T22:14:46.908+0700] {logging_mixin.py:188} INFO - [2024-07-06T22:14:46.908+0700] {dagbag.py:545} INFO - Filling up the DagBag from /home/acer/.local/share/virtualenvs/custom_airflow-E5ZHcY_K/lib/python3.12/site-packages/airflow/example_dags/example_trigger_controller_dag.py
[2024-07-06T22:14:46.916+0700] {processor.py:840} INFO - DAG(s) 'example_trigger_controller_dag' retrieved from /home/acer/.local/share/virtualenvs/custom_airflow-E5ZHcY_K/lib/python3.12/site-packages/airflow/example_dags/example_trigger_controller_dag.py
[2024-07-06T22:14:46.937+0700] {logging_mixin.py:188} INFO - [2024-07-06T22:14:46.937+0700] {dag.py:3096} INFO - Sync 1 DAGs
[2024-07-06T22:14:46.970+0700] {logging_mixin.py:188} INFO - [2024-07-06T22:14:46.970+0700] {dag.py:3954} INFO - Setting next_dagrun for example_trigger_controller_dag to 2021-01-01 00:00:00+00:00, run_after=2021-01-01 00:00:00+00:00
[2024-07-06T22:14:46.999+0700] {processor.py:183} INFO - Processing /home/acer/.local/share/virtualenvs/custom_airflow-E5ZHcY_K/lib/python3.12/site-packages/airflow/example_dags/example_trigger_controller_dag.py took 0.104 seconds
[2024-07-06T22:15:51.454+0700] {processor.py:161} INFO - Started process (PID=21397) to work on /home/acer/.local/share/virtualenvs/custom_airflow-E5ZHcY_K/lib/python3.12/site-packages/airflow/example_dags/example_trigger_controller_dag.py
[2024-07-06T22:15:51.460+0700] {processor.py:830} INFO - Processing file /home/acer/.local/share/virtualenvs/custom_airflow-E5ZHcY_K/lib/python3.12/site-packages/airflow/example_dags/example_trigger_controller_dag.py for tasks to queue
[2024-07-06T22:15:51.462+0700] {logging_mixin.py:188} INFO - [2024-07-06T22:15:51.461+0700] {dagbag.py:545} INFO - Filling up the DagBag from /home/acer/.local/share/virtualenvs/custom_airflow-E5ZHcY_K/lib/python3.12/site-packages/airflow/example_dags/example_trigger_controller_dag.py
[2024-07-06T22:15:51.470+0700] {processor.py:840} INFO - DAG(s) 'example_trigger_controller_dag' retrieved from /home/acer/.local/share/virtualenvs/custom_airflow-E5ZHcY_K/lib/python3.12/site-packages/airflow/example_dags/example_trigger_controller_dag.py
[2024-07-06T22:15:51.490+0700] {logging_mixin.py:188} INFO - [2024-07-06T22:15:51.490+0700] {dag.py:3096} INFO - Sync 1 DAGs
[2024-07-06T22:15:51.517+0700] {logging_mixin.py:188} INFO - [2024-07-06T22:15:51.517+0700] {dag.py:3954} INFO - Setting next_dagrun for example_trigger_controller_dag to 2021-01-01 00:00:00+00:00, run_after=2021-01-01 00:00:00+00:00
[2024-07-06T22:15:51.544+0700] {processor.py:183} INFO - Processing /home/acer/.local/share/virtualenvs/custom_airflow-E5ZHcY_K/lib/python3.12/site-packages/airflow/example_dags/example_trigger_controller_dag.py took 0.115 seconds
[2024-07-06T22:16:47.252+0700] {processor.py:161} INFO - Started process (PID=21684) to work on /home/acer/.local/share/virtualenvs/custom_airflow-E5ZHcY_K/lib/python3.12/site-packages/airflow/example_dags/example_trigger_controller_dag.py
[2024-07-06T22:16:47.256+0700] {processor.py:830} INFO - Processing file /home/acer/.local/share/virtualenvs/custom_airflow-E5ZHcY_K/lib/python3.12/site-packages/airflow/example_dags/example_trigger_controller_dag.py for tasks to queue
[2024-07-06T22:16:47.259+0700] {logging_mixin.py:188} INFO - [2024-07-06T22:16:47.258+0700] {dagbag.py:545} INFO - Filling up the DagBag from /home/acer/.local/share/virtualenvs/custom_airflow-E5ZHcY_K/lib/python3.12/site-packages/airflow/example_dags/example_trigger_controller_dag.py
[2024-07-06T22:16:47.269+0700] {processor.py:840} INFO - DAG(s) 'example_trigger_controller_dag' retrieved from /home/acer/.local/share/virtualenvs/custom_airflow-E5ZHcY_K/lib/python3.12/site-packages/airflow/example_dags/example_trigger_controller_dag.py
[2024-07-06T22:16:47.295+0700] {logging_mixin.py:188} INFO - [2024-07-06T22:16:47.295+0700] {dag.py:3096} INFO - Sync 1 DAGs
[2024-07-06T22:16:47.323+0700] {logging_mixin.py:188} INFO - [2024-07-06T22:16:47.323+0700] {dag.py:3954} INFO - Setting next_dagrun for example_trigger_controller_dag to 2021-01-01 00:00:00+00:00, run_after=2021-01-01 00:00:00+00:00
[2024-07-06T22:16:47.352+0700] {processor.py:183} INFO - Processing /home/acer/.local/share/virtualenvs/custom_airflow-E5ZHcY_K/lib/python3.12/site-packages/airflow/example_dags/example_trigger_controller_dag.py took 0.126 seconds
[2024-07-06T22:17:41.526+0700] {processor.py:161} INFO - Started process (PID=21986) to work on /home/acer/.local/share/virtualenvs/custom_airflow-E5ZHcY_K/lib/python3.12/site-packages/airflow/example_dags/example_trigger_controller_dag.py
[2024-07-06T22:17:41.530+0700] {processor.py:830} INFO - Processing file /home/acer/.local/share/virtualenvs/custom_airflow-E5ZHcY_K/lib/python3.12/site-packages/airflow/example_dags/example_trigger_controller_dag.py for tasks to queue
[2024-07-06T22:17:41.537+0700] {logging_mixin.py:188} INFO - [2024-07-06T22:17:41.535+0700] {dagbag.py:545} INFO - Filling up the DagBag from /home/acer/.local/share/virtualenvs/custom_airflow-E5ZHcY_K/lib/python3.12/site-packages/airflow/example_dags/example_trigger_controller_dag.py
[2024-07-06T22:17:41.550+0700] {processor.py:840} INFO - DAG(s) 'example_trigger_controller_dag' retrieved from /home/acer/.local/share/virtualenvs/custom_airflow-E5ZHcY_K/lib/python3.12/site-packages/airflow/example_dags/example_trigger_controller_dag.py
[2024-07-06T22:17:41.580+0700] {logging_mixin.py:188} INFO - [2024-07-06T22:17:41.579+0700] {dag.py:3096} INFO - Sync 1 DAGs
[2024-07-06T22:17:41.610+0700] {logging_mixin.py:188} INFO - [2024-07-06T22:17:41.610+0700] {dag.py:3954} INFO - Setting next_dagrun for example_trigger_controller_dag to 2021-01-01 00:00:00+00:00, run_after=2021-01-01 00:00:00+00:00
[2024-07-06T22:17:41.740+0700] {processor.py:183} INFO - Processing /home/acer/.local/share/virtualenvs/custom_airflow-E5ZHcY_K/lib/python3.12/site-packages/airflow/example_dags/example_trigger_controller_dag.py took 0.231 seconds
[2024-07-06T22:18:46.123+0700] {processor.py:161} INFO - Started process (PID=22326) to work on /home/acer/.local/share/virtualenvs/custom_airflow-E5ZHcY_K/lib/python3.12/site-packages/airflow/example_dags/example_trigger_controller_dag.py
[2024-07-06T22:18:46.124+0700] {processor.py:830} INFO - Processing file /home/acer/.local/share/virtualenvs/custom_airflow-E5ZHcY_K/lib/python3.12/site-packages/airflow/example_dags/example_trigger_controller_dag.py for tasks to queue
[2024-07-06T22:18:46.127+0700] {logging_mixin.py:188} INFO - [2024-07-06T22:18:46.127+0700] {dagbag.py:545} INFO - Filling up the DagBag from /home/acer/.local/share/virtualenvs/custom_airflow-E5ZHcY_K/lib/python3.12/site-packages/airflow/example_dags/example_trigger_controller_dag.py
[2024-07-06T22:18:46.135+0700] {processor.py:840} INFO - DAG(s) 'example_trigger_controller_dag' retrieved from /home/acer/.local/share/virtualenvs/custom_airflow-E5ZHcY_K/lib/python3.12/site-packages/airflow/example_dags/example_trigger_controller_dag.py
[2024-07-06T22:18:46.158+0700] {logging_mixin.py:188} INFO - [2024-07-06T22:18:46.158+0700] {dag.py:3096} INFO - Sync 1 DAGs
[2024-07-06T22:18:46.197+0700] {logging_mixin.py:188} INFO - [2024-07-06T22:18:46.196+0700] {dag.py:3954} INFO - Setting next_dagrun for example_trigger_controller_dag to 2021-01-01 00:00:00+00:00, run_after=2021-01-01 00:00:00+00:00
[2024-07-06T22:18:46.237+0700] {processor.py:183} INFO - Processing /home/acer/.local/share/virtualenvs/custom_airflow-E5ZHcY_K/lib/python3.12/site-packages/airflow/example_dags/example_trigger_controller_dag.py took 0.123 seconds
[2024-07-06T22:19:46.830+0700] {processor.py:161} INFO - Started process (PID=22664) to work on /home/acer/.local/share/virtualenvs/custom_airflow-E5ZHcY_K/lib/python3.12/site-packages/airflow/example_dags/example_trigger_controller_dag.py
[2024-07-06T22:19:46.833+0700] {processor.py:830} INFO - Processing file /home/acer/.local/share/virtualenvs/custom_airflow-E5ZHcY_K/lib/python3.12/site-packages/airflow/example_dags/example_trigger_controller_dag.py for tasks to queue
[2024-07-06T22:19:46.844+0700] {logging_mixin.py:188} INFO - [2024-07-06T22:19:46.844+0700] {dagbag.py:545} INFO - Filling up the DagBag from /home/acer/.local/share/virtualenvs/custom_airflow-E5ZHcY_K/lib/python3.12/site-packages/airflow/example_dags/example_trigger_controller_dag.py
[2024-07-06T22:19:46.851+0700] {processor.py:840} INFO - DAG(s) 'example_trigger_controller_dag' retrieved from /home/acer/.local/share/virtualenvs/custom_airflow-E5ZHcY_K/lib/python3.12/site-packages/airflow/example_dags/example_trigger_controller_dag.py
[2024-07-06T22:19:46.872+0700] {logging_mixin.py:188} INFO - [2024-07-06T22:19:46.872+0700] {dag.py:3096} INFO - Sync 1 DAGs
[2024-07-06T22:19:46.897+0700] {logging_mixin.py:188} INFO - [2024-07-06T22:19:46.897+0700] {dag.py:3954} INFO - Setting next_dagrun for example_trigger_controller_dag to 2021-01-01 00:00:00+00:00, run_after=2021-01-01 00:00:00+00:00
[2024-07-06T22:19:46.928+0700] {processor.py:183} INFO - Processing /home/acer/.local/share/virtualenvs/custom_airflow-E5ZHcY_K/lib/python3.12/site-packages/airflow/example_dags/example_trigger_controller_dag.py took 0.138 seconds
[2024-07-06T22:20:48.126+0700] {processor.py:161} INFO - Started process (PID=22966) to work on /home/acer/.local/share/virtualenvs/custom_airflow-E5ZHcY_K/lib/python3.12/site-packages/airflow/example_dags/example_trigger_controller_dag.py
[2024-07-06T22:20:48.128+0700] {processor.py:830} INFO - Processing file /home/acer/.local/share/virtualenvs/custom_airflow-E5ZHcY_K/lib/python3.12/site-packages/airflow/example_dags/example_trigger_controller_dag.py for tasks to queue
[2024-07-06T22:20:48.132+0700] {logging_mixin.py:188} INFO - [2024-07-06T22:20:48.131+0700] {dagbag.py:545} INFO - Filling up the DagBag from /home/acer/.local/share/virtualenvs/custom_airflow-E5ZHcY_K/lib/python3.12/site-packages/airflow/example_dags/example_trigger_controller_dag.py
[2024-07-06T22:20:48.139+0700] {processor.py:840} INFO - DAG(s) 'example_trigger_controller_dag' retrieved from /home/acer/.local/share/virtualenvs/custom_airflow-E5ZHcY_K/lib/python3.12/site-packages/airflow/example_dags/example_trigger_controller_dag.py
[2024-07-06T22:20:48.161+0700] {logging_mixin.py:188} INFO - [2024-07-06T22:20:48.160+0700] {dag.py:3096} INFO - Sync 1 DAGs
[2024-07-06T22:20:48.294+0700] {logging_mixin.py:188} INFO - [2024-07-06T22:20:48.294+0700] {dag.py:3954} INFO - Setting next_dagrun for example_trigger_controller_dag to 2021-01-01 00:00:00+00:00, run_after=2021-01-01 00:00:00+00:00
[2024-07-06T22:20:48.323+0700] {processor.py:183} INFO - Processing /home/acer/.local/share/virtualenvs/custom_airflow-E5ZHcY_K/lib/python3.12/site-packages/airflow/example_dags/example_trigger_controller_dag.py took 0.208 seconds
