[2024-07-06T16:09:27.763+0700] {processor.py:161} INFO - Started process (PID=51460) to work on /home/acer/.local/share/virtualenvs/custom_airflow-E5ZHcY_K/lib/python3.12/site-packages/airflow/example_dags/example_branch_labels.py
[2024-07-06T16:09:27.764+0700] {processor.py:830} INFO - Processing file /home/acer/.local/share/virtualenvs/custom_airflow-E5ZHcY_K/lib/python3.12/site-packages/airflow/example_dags/example_branch_labels.py for tasks to queue
[2024-07-06T16:09:27.766+0700] {logging_mixin.py:188} INFO - [2024-07-06T16:09:27.766+0700] {dagbag.py:545} INFO - Filling up the DagBag from /home/acer/.local/share/virtualenvs/custom_airflow-E5ZHcY_K/lib/python3.12/site-packages/airflow/example_dags/example_branch_labels.py
[2024-07-06T16:09:27.774+0700] {processor.py:840} INFO - DAG(s) 'example_branch_labels' retrieved from /home/acer/.local/share/virtualenvs/custom_airflow-E5ZHcY_K/lib/python3.12/site-packages/airflow/example_dags/example_branch_labels.py
[2024-07-06T16:09:27.885+0700] {logging_mixin.py:188} INFO - [2024-07-06T16:09:27.884+0700] {override.py:1847} INFO - Created Permission View: can delete on DAG:example_branch_labels
[2024-07-06T16:09:27.896+0700] {logging_mixin.py:188} INFO - [2024-07-06T16:09:27.895+0700] {override.py:1847} INFO - Created Permission View: can edit on DAG:example_branch_labels
[2024-07-06T16:09:27.905+0700] {logging_mixin.py:188} INFO - [2024-07-06T16:09:27.904+0700] {override.py:1847} INFO - Created Permission View: can read on DAG:example_branch_labels
[2024-07-06T16:09:27.906+0700] {logging_mixin.py:188} INFO - [2024-07-06T16:09:27.906+0700] {dag.py:3096} INFO - Sync 1 DAGs
[2024-07-06T16:09:27.925+0700] {logging_mixin.py:188} INFO - [2024-07-06T16:09:27.925+0700] {dag.py:3118} INFO - Creating ORM DAG for example_branch_labels
[2024-07-06T16:09:27.936+0700] {logging_mixin.py:188} INFO - [2024-07-06T16:09:27.936+0700] {dag.py:3954} INFO - Setting next_dagrun for example_branch_labels to 2024-07-05 00:00:00+00:00, run_after=2024-07-06 00:00:00+00:00
[2024-07-06T16:09:27.959+0700] {processor.py:183} INFO - Processing /home/acer/.local/share/virtualenvs/custom_airflow-E5ZHcY_K/lib/python3.12/site-packages/airflow/example_dags/example_branch_labels.py took 0.201 seconds
[2024-07-06T16:11:15.628+0700] {processor.py:161} INFO - Started process (PID=52391) to work on /home/acer/.local/share/virtualenvs/custom_airflow-E5ZHcY_K/lib/python3.12/site-packages/airflow/example_dags/example_branch_labels.py
[2024-07-06T16:11:15.629+0700] {processor.py:830} INFO - Processing file /home/acer/.local/share/virtualenvs/custom_airflow-E5ZHcY_K/lib/python3.12/site-packages/airflow/example_dags/example_branch_labels.py for tasks to queue
[2024-07-06T16:11:15.630+0700] {logging_mixin.py:188} INFO - [2024-07-06T16:11:15.629+0700] {dagbag.py:545} INFO - Filling up the DagBag from /home/acer/.local/share/virtualenvs/custom_airflow-E5ZHcY_K/lib/python3.12/site-packages/airflow/example_dags/example_branch_labels.py
[2024-07-06T16:11:15.637+0700] {processor.py:840} INFO - DAG(s) 'example_branch_labels' retrieved from /home/acer/.local/share/virtualenvs/custom_airflow-E5ZHcY_K/lib/python3.12/site-packages/airflow/example_dags/example_branch_labels.py
[2024-07-06T16:11:15.654+0700] {logging_mixin.py:188} INFO - [2024-07-06T16:11:15.653+0700] {dag.py:3096} INFO - Sync 1 DAGs
[2024-07-06T16:11:15.675+0700] {logging_mixin.py:188} INFO - [2024-07-06T16:11:15.674+0700] {dag.py:3954} INFO - Setting next_dagrun for example_branch_labels to 2024-07-05 00:00:00+00:00, run_after=2024-07-06 00:00:00+00:00
[2024-07-06T16:11:15.698+0700] {processor.py:183} INFO - Processing /home/acer/.local/share/virtualenvs/custom_airflow-E5ZHcY_K/lib/python3.12/site-packages/airflow/example_dags/example_branch_labels.py took 0.076 seconds
[2024-07-06T16:16:16.800+0700] {processor.py:161} INFO - Started process (PID=55065) to work on /home/acer/.local/share/virtualenvs/custom_airflow-E5ZHcY_K/lib/python3.12/site-packages/airflow/example_dags/example_branch_labels.py
[2024-07-06T16:16:16.802+0700] {processor.py:830} INFO - Processing file /home/acer/.local/share/virtualenvs/custom_airflow-E5ZHcY_K/lib/python3.12/site-packages/airflow/example_dags/example_branch_labels.py for tasks to queue
[2024-07-06T16:16:16.805+0700] {logging_mixin.py:188} INFO - [2024-07-06T16:16:16.804+0700] {dagbag.py:545} INFO - Filling up the DagBag from /home/acer/.local/share/virtualenvs/custom_airflow-E5ZHcY_K/lib/python3.12/site-packages/airflow/example_dags/example_branch_labels.py
[2024-07-06T16:16:16.814+0700] {processor.py:840} INFO - DAG(s) 'example_branch_labels' retrieved from /home/acer/.local/share/virtualenvs/custom_airflow-E5ZHcY_K/lib/python3.12/site-packages/airflow/example_dags/example_branch_labels.py
[2024-07-06T16:16:16.943+0700] {logging_mixin.py:188} INFO - [2024-07-06T16:16:16.943+0700] {dag.py:3096} INFO - Sync 1 DAGs
[2024-07-06T16:16:16.968+0700] {logging_mixin.py:188} INFO - [2024-07-06T16:16:16.967+0700] {dag.py:3954} INFO - Setting next_dagrun for example_branch_labels to 2024-07-05 00:00:00+00:00, run_after=2024-07-06 00:00:00+00:00
[2024-07-06T16:16:16.994+0700] {processor.py:183} INFO - Processing /home/acer/.local/share/virtualenvs/custom_airflow-E5ZHcY_K/lib/python3.12/site-packages/airflow/example_dags/example_branch_labels.py took 0.200 seconds
[2024-07-06T16:17:14.168+0700] {processor.py:161} INFO - Started process (PID=55614) to work on /home/acer/.local/share/virtualenvs/custom_airflow-E5ZHcY_K/lib/python3.12/site-packages/airflow/example_dags/example_branch_labels.py
[2024-07-06T16:17:14.169+0700] {processor.py:830} INFO - Processing file /home/acer/.local/share/virtualenvs/custom_airflow-E5ZHcY_K/lib/python3.12/site-packages/airflow/example_dags/example_branch_labels.py for tasks to queue
[2024-07-06T16:17:14.171+0700] {logging_mixin.py:188} INFO - [2024-07-06T16:17:14.170+0700] {dagbag.py:545} INFO - Filling up the DagBag from /home/acer/.local/share/virtualenvs/custom_airflow-E5ZHcY_K/lib/python3.12/site-packages/airflow/example_dags/example_branch_labels.py
[2024-07-06T16:17:14.180+0700] {processor.py:840} INFO - DAG(s) 'example_branch_labels' retrieved from /home/acer/.local/share/virtualenvs/custom_airflow-E5ZHcY_K/lib/python3.12/site-packages/airflow/example_dags/example_branch_labels.py
[2024-07-06T16:17:14.199+0700] {logging_mixin.py:188} INFO - [2024-07-06T16:17:14.198+0700] {dag.py:3096} INFO - Sync 1 DAGs
[2024-07-06T16:17:14.220+0700] {logging_mixin.py:188} INFO - [2024-07-06T16:17:14.220+0700] {dag.py:3954} INFO - Setting next_dagrun for example_branch_labels to 2024-07-05 00:00:00+00:00, run_after=2024-07-06 00:00:00+00:00
[2024-07-06T16:17:14.240+0700] {processor.py:183} INFO - Processing /home/acer/.local/share/virtualenvs/custom_airflow-E5ZHcY_K/lib/python3.12/site-packages/airflow/example_dags/example_branch_labels.py took 0.078 seconds
[2024-07-06T16:18:06.777+0700] {processor.py:161} INFO - Started process (PID=55897) to work on /home/acer/.local/share/virtualenvs/custom_airflow-E5ZHcY_K/lib/python3.12/site-packages/airflow/example_dags/example_branch_labels.py
[2024-07-06T16:18:06.779+0700] {processor.py:830} INFO - Processing file /home/acer/.local/share/virtualenvs/custom_airflow-E5ZHcY_K/lib/python3.12/site-packages/airflow/example_dags/example_branch_labels.py for tasks to queue
[2024-07-06T16:18:06.781+0700] {logging_mixin.py:188} INFO - [2024-07-06T16:18:06.781+0700] {dagbag.py:545} INFO - Filling up the DagBag from /home/acer/.local/share/virtualenvs/custom_airflow-E5ZHcY_K/lib/python3.12/site-packages/airflow/example_dags/example_branch_labels.py
[2024-07-06T16:18:06.794+0700] {processor.py:840} INFO - DAG(s) 'example_branch_labels' retrieved from /home/acer/.local/share/virtualenvs/custom_airflow-E5ZHcY_K/lib/python3.12/site-packages/airflow/example_dags/example_branch_labels.py
[2024-07-06T16:18:06.815+0700] {logging_mixin.py:188} INFO - [2024-07-06T16:18:06.815+0700] {dag.py:3096} INFO - Sync 1 DAGs
[2024-07-06T16:18:06.841+0700] {logging_mixin.py:188} INFO - [2024-07-06T16:18:06.841+0700] {dag.py:3954} INFO - Setting next_dagrun for example_branch_labels to 2024-07-05 00:00:00+00:00, run_after=2024-07-06 00:00:00+00:00
[2024-07-06T16:18:06.868+0700] {processor.py:183} INFO - Processing /home/acer/.local/share/virtualenvs/custom_airflow-E5ZHcY_K/lib/python3.12/site-packages/airflow/example_dags/example_branch_labels.py took 0.109 seconds
[2024-07-06T16:19:19.805+0700] {processor.py:161} INFO - Started process (PID=56328) to work on /home/acer/.local/share/virtualenvs/custom_airflow-E5ZHcY_K/lib/python3.12/site-packages/airflow/example_dags/example_branch_labels.py
[2024-07-06T16:19:19.806+0700] {processor.py:830} INFO - Processing file /home/acer/.local/share/virtualenvs/custom_airflow-E5ZHcY_K/lib/python3.12/site-packages/airflow/example_dags/example_branch_labels.py for tasks to queue
[2024-07-06T16:19:19.809+0700] {logging_mixin.py:188} INFO - [2024-07-06T16:19:19.809+0700] {dagbag.py:545} INFO - Filling up the DagBag from /home/acer/.local/share/virtualenvs/custom_airflow-E5ZHcY_K/lib/python3.12/site-packages/airflow/example_dags/example_branch_labels.py
[2024-07-06T16:19:19.822+0700] {processor.py:840} INFO - DAG(s) 'example_branch_labels' retrieved from /home/acer/.local/share/virtualenvs/custom_airflow-E5ZHcY_K/lib/python3.12/site-packages/airflow/example_dags/example_branch_labels.py
[2024-07-06T16:19:19.840+0700] {logging_mixin.py:188} INFO - [2024-07-06T16:19:19.840+0700] {dag.py:3096} INFO - Sync 1 DAGs
[2024-07-06T16:19:19.867+0700] {logging_mixin.py:188} INFO - [2024-07-06T16:19:19.867+0700] {dag.py:3954} INFO - Setting next_dagrun for example_branch_labels to 2024-07-05 00:00:00+00:00, run_after=2024-07-06 00:00:00+00:00
[2024-07-06T16:19:19.891+0700] {processor.py:183} INFO - Processing /home/acer/.local/share/virtualenvs/custom_airflow-E5ZHcY_K/lib/python3.12/site-packages/airflow/example_dags/example_branch_labels.py took 0.095 seconds
[2024-07-06T16:20:22.407+0700] {processor.py:161} INFO - Started process (PID=57056) to work on /home/acer/.local/share/virtualenvs/custom_airflow-E5ZHcY_K/lib/python3.12/site-packages/airflow/example_dags/example_branch_labels.py
[2024-07-06T16:20:22.408+0700] {processor.py:830} INFO - Processing file /home/acer/.local/share/virtualenvs/custom_airflow-E5ZHcY_K/lib/python3.12/site-packages/airflow/example_dags/example_branch_labels.py for tasks to queue
[2024-07-06T16:20:22.410+0700] {logging_mixin.py:188} INFO - [2024-07-06T16:20:22.410+0700] {dagbag.py:545} INFO - Filling up the DagBag from /home/acer/.local/share/virtualenvs/custom_airflow-E5ZHcY_K/lib/python3.12/site-packages/airflow/example_dags/example_branch_labels.py
[2024-07-06T16:20:22.420+0700] {processor.py:840} INFO - DAG(s) 'example_branch_labels' retrieved from /home/acer/.local/share/virtualenvs/custom_airflow-E5ZHcY_K/lib/python3.12/site-packages/airflow/example_dags/example_branch_labels.py
[2024-07-06T16:20:22.437+0700] {logging_mixin.py:188} INFO - [2024-07-06T16:20:22.437+0700] {dag.py:3096} INFO - Sync 1 DAGs
[2024-07-06T16:20:22.459+0700] {logging_mixin.py:188} INFO - [2024-07-06T16:20:22.459+0700] {dag.py:3954} INFO - Setting next_dagrun for example_branch_labels to 2024-07-05 00:00:00+00:00, run_after=2024-07-06 00:00:00+00:00
[2024-07-06T16:20:22.480+0700] {processor.py:183} INFO - Processing /home/acer/.local/share/virtualenvs/custom_airflow-E5ZHcY_K/lib/python3.12/site-packages/airflow/example_dags/example_branch_labels.py took 0.082 seconds
[2024-07-06T16:21:19.313+0700] {processor.py:161} INFO - Started process (PID=57522) to work on /home/acer/.local/share/virtualenvs/custom_airflow-E5ZHcY_K/lib/python3.12/site-packages/airflow/example_dags/example_branch_labels.py
[2024-07-06T16:21:19.314+0700] {processor.py:830} INFO - Processing file /home/acer/.local/share/virtualenvs/custom_airflow-E5ZHcY_K/lib/python3.12/site-packages/airflow/example_dags/example_branch_labels.py for tasks to queue
[2024-07-06T16:21:19.316+0700] {logging_mixin.py:188} INFO - [2024-07-06T16:21:19.316+0700] {dagbag.py:545} INFO - Filling up the DagBag from /home/acer/.local/share/virtualenvs/custom_airflow-E5ZHcY_K/lib/python3.12/site-packages/airflow/example_dags/example_branch_labels.py
[2024-07-06T16:21:19.326+0700] {processor.py:840} INFO - DAG(s) 'example_branch_labels' retrieved from /home/acer/.local/share/virtualenvs/custom_airflow-E5ZHcY_K/lib/python3.12/site-packages/airflow/example_dags/example_branch_labels.py
[2024-07-06T16:21:19.344+0700] {logging_mixin.py:188} INFO - [2024-07-06T16:21:19.344+0700] {dag.py:3096} INFO - Sync 1 DAGs
[2024-07-06T16:21:19.367+0700] {logging_mixin.py:188} INFO - [2024-07-06T16:21:19.367+0700] {dag.py:3954} INFO - Setting next_dagrun for example_branch_labels to 2024-07-05 00:00:00+00:00, run_after=2024-07-06 00:00:00+00:00
[2024-07-06T16:21:19.389+0700] {processor.py:183} INFO - Processing /home/acer/.local/share/virtualenvs/custom_airflow-E5ZHcY_K/lib/python3.12/site-packages/airflow/example_dags/example_branch_labels.py took 0.082 seconds
[2024-07-06T16:22:30.785+0700] {processor.py:161} INFO - Started process (PID=57967) to work on /home/acer/.local/share/virtualenvs/custom_airflow-E5ZHcY_K/lib/python3.12/site-packages/airflow/example_dags/example_branch_labels.py
[2024-07-06T16:22:30.786+0700] {processor.py:830} INFO - Processing file /home/acer/.local/share/virtualenvs/custom_airflow-E5ZHcY_K/lib/python3.12/site-packages/airflow/example_dags/example_branch_labels.py for tasks to queue
[2024-07-06T16:22:30.792+0700] {logging_mixin.py:188} INFO - [2024-07-06T16:22:30.791+0700] {dagbag.py:545} INFO - Filling up the DagBag from /home/acer/.local/share/virtualenvs/custom_airflow-E5ZHcY_K/lib/python3.12/site-packages/airflow/example_dags/example_branch_labels.py
[2024-07-06T16:22:30.801+0700] {processor.py:840} INFO - DAG(s) 'example_branch_labels' retrieved from /home/acer/.local/share/virtualenvs/custom_airflow-E5ZHcY_K/lib/python3.12/site-packages/airflow/example_dags/example_branch_labels.py
[2024-07-06T16:22:30.820+0700] {logging_mixin.py:188} INFO - [2024-07-06T16:22:30.820+0700] {dag.py:3096} INFO - Sync 1 DAGs
[2024-07-06T16:22:30.844+0700] {logging_mixin.py:188} INFO - [2024-07-06T16:22:30.844+0700] {dag.py:3954} INFO - Setting next_dagrun for example_branch_labels to 2024-07-05 00:00:00+00:00, run_after=2024-07-06 00:00:00+00:00
[2024-07-06T16:22:30.873+0700] {processor.py:183} INFO - Processing /home/acer/.local/share/virtualenvs/custom_airflow-E5ZHcY_K/lib/python3.12/site-packages/airflow/example_dags/example_branch_labels.py took 0.094 seconds
[2024-07-06T16:24:40.597+0700] {processor.py:161} INFO - Started process (PID=59392) to work on /home/acer/.local/share/virtualenvs/custom_airflow-E5ZHcY_K/lib/python3.12/site-packages/airflow/example_dags/example_branch_labels.py
[2024-07-06T16:24:40.598+0700] {processor.py:830} INFO - Processing file /home/acer/.local/share/virtualenvs/custom_airflow-E5ZHcY_K/lib/python3.12/site-packages/airflow/example_dags/example_branch_labels.py for tasks to queue
[2024-07-06T16:24:40.599+0700] {logging_mixin.py:188} INFO - [2024-07-06T16:24:40.599+0700] {dagbag.py:545} INFO - Filling up the DagBag from /home/acer/.local/share/virtualenvs/custom_airflow-E5ZHcY_K/lib/python3.12/site-packages/airflow/example_dags/example_branch_labels.py
[2024-07-06T16:24:40.607+0700] {processor.py:840} INFO - DAG(s) 'example_branch_labels' retrieved from /home/acer/.local/share/virtualenvs/custom_airflow-E5ZHcY_K/lib/python3.12/site-packages/airflow/example_dags/example_branch_labels.py
[2024-07-06T16:24:40.624+0700] {logging_mixin.py:188} INFO - [2024-07-06T16:24:40.623+0700] {dag.py:3096} INFO - Sync 1 DAGs
[2024-07-06T16:24:40.645+0700] {logging_mixin.py:188} INFO - [2024-07-06T16:24:40.645+0700] {dag.py:3954} INFO - Setting next_dagrun for example_branch_labels to 2024-07-05 00:00:00+00:00, run_after=2024-07-06 00:00:00+00:00
[2024-07-06T16:24:40.667+0700] {processor.py:183} INFO - Processing /home/acer/.local/share/virtualenvs/custom_airflow-E5ZHcY_K/lib/python3.12/site-packages/airflow/example_dags/example_branch_labels.py took 0.075 seconds
[2024-07-06T16:25:36.733+0700] {processor.py:161} INFO - Started process (PID=59808) to work on /home/acer/.local/share/virtualenvs/custom_airflow-E5ZHcY_K/lib/python3.12/site-packages/airflow/example_dags/example_branch_labels.py
[2024-07-06T16:25:36.735+0700] {processor.py:830} INFO - Processing file /home/acer/.local/share/virtualenvs/custom_airflow-E5ZHcY_K/lib/python3.12/site-packages/airflow/example_dags/example_branch_labels.py for tasks to queue
[2024-07-06T16:25:36.737+0700] {logging_mixin.py:188} INFO - [2024-07-06T16:25:36.736+0700] {dagbag.py:545} INFO - Filling up the DagBag from /home/acer/.local/share/virtualenvs/custom_airflow-E5ZHcY_K/lib/python3.12/site-packages/airflow/example_dags/example_branch_labels.py
[2024-07-06T16:25:36.748+0700] {processor.py:840} INFO - DAG(s) 'example_branch_labels' retrieved from /home/acer/.local/share/virtualenvs/custom_airflow-E5ZHcY_K/lib/python3.12/site-packages/airflow/example_dags/example_branch_labels.py
[2024-07-06T16:25:36.768+0700] {logging_mixin.py:188} INFO - [2024-07-06T16:25:36.768+0700] {dag.py:3096} INFO - Sync 1 DAGs
[2024-07-06T16:25:36.794+0700] {logging_mixin.py:188} INFO - [2024-07-06T16:25:36.794+0700] {dag.py:3954} INFO - Setting next_dagrun for example_branch_labels to 2024-07-05 00:00:00+00:00, run_after=2024-07-06 00:00:00+00:00
[2024-07-06T16:25:36.817+0700] {processor.py:183} INFO - Processing /home/acer/.local/share/virtualenvs/custom_airflow-E5ZHcY_K/lib/python3.12/site-packages/airflow/example_dags/example_branch_labels.py took 0.092 seconds
[2024-07-06T16:26:31.495+0700] {processor.py:161} INFO - Started process (PID=60133) to work on /home/acer/.local/share/virtualenvs/custom_airflow-E5ZHcY_K/lib/python3.12/site-packages/airflow/example_dags/example_branch_labels.py
[2024-07-06T16:26:31.496+0700] {processor.py:830} INFO - Processing file /home/acer/.local/share/virtualenvs/custom_airflow-E5ZHcY_K/lib/python3.12/site-packages/airflow/example_dags/example_branch_labels.py for tasks to queue
[2024-07-06T16:26:31.498+0700] {logging_mixin.py:188} INFO - [2024-07-06T16:26:31.498+0700] {dagbag.py:545} INFO - Filling up the DagBag from /home/acer/.local/share/virtualenvs/custom_airflow-E5ZHcY_K/lib/python3.12/site-packages/airflow/example_dags/example_branch_labels.py
[2024-07-06T16:26:31.506+0700] {processor.py:840} INFO - DAG(s) 'example_branch_labels' retrieved from /home/acer/.local/share/virtualenvs/custom_airflow-E5ZHcY_K/lib/python3.12/site-packages/airflow/example_dags/example_branch_labels.py
[2024-07-06T16:26:31.522+0700] {logging_mixin.py:188} INFO - [2024-07-06T16:26:31.522+0700] {dag.py:3096} INFO - Sync 1 DAGs
[2024-07-06T16:26:31.543+0700] {logging_mixin.py:188} INFO - [2024-07-06T16:26:31.543+0700] {dag.py:3954} INFO - Setting next_dagrun for example_branch_labels to 2024-07-05 00:00:00+00:00, run_after=2024-07-06 00:00:00+00:00
[2024-07-06T16:26:31.564+0700] {processor.py:183} INFO - Processing /home/acer/.local/share/virtualenvs/custom_airflow-E5ZHcY_K/lib/python3.12/site-packages/airflow/example_dags/example_branch_labels.py took 0.074 seconds
[2024-07-06T16:27:42.104+0700] {processor.py:161} INFO - Started process (PID=60500) to work on /home/acer/.local/share/virtualenvs/custom_airflow-E5ZHcY_K/lib/python3.12/site-packages/airflow/example_dags/example_branch_labels.py
[2024-07-06T16:27:42.105+0700] {processor.py:830} INFO - Processing file /home/acer/.local/share/virtualenvs/custom_airflow-E5ZHcY_K/lib/python3.12/site-packages/airflow/example_dags/example_branch_labels.py for tasks to queue
[2024-07-06T16:27:42.107+0700] {logging_mixin.py:188} INFO - [2024-07-06T16:27:42.106+0700] {dagbag.py:545} INFO - Filling up the DagBag from /home/acer/.local/share/virtualenvs/custom_airflow-E5ZHcY_K/lib/python3.12/site-packages/airflow/example_dags/example_branch_labels.py
[2024-07-06T16:27:42.114+0700] {processor.py:840} INFO - DAG(s) 'example_branch_labels' retrieved from /home/acer/.local/share/virtualenvs/custom_airflow-E5ZHcY_K/lib/python3.12/site-packages/airflow/example_dags/example_branch_labels.py
[2024-07-06T16:27:42.131+0700] {logging_mixin.py:188} INFO - [2024-07-06T16:27:42.131+0700] {dag.py:3096} INFO - Sync 1 DAGs
[2024-07-06T16:27:42.153+0700] {logging_mixin.py:188} INFO - [2024-07-06T16:27:42.152+0700] {dag.py:3954} INFO - Setting next_dagrun for example_branch_labels to 2024-07-05 00:00:00+00:00, run_after=2024-07-06 00:00:00+00:00
[2024-07-06T16:27:42.173+0700] {processor.py:183} INFO - Processing /home/acer/.local/share/virtualenvs/custom_airflow-E5ZHcY_K/lib/python3.12/site-packages/airflow/example_dags/example_branch_labels.py took 0.074 seconds
[2024-07-06T16:28:48.911+0700] {processor.py:161} INFO - Started process (PID=60827) to work on /home/acer/.local/share/virtualenvs/custom_airflow-E5ZHcY_K/lib/python3.12/site-packages/airflow/example_dags/example_branch_labels.py
[2024-07-06T16:28:48.912+0700] {processor.py:830} INFO - Processing file /home/acer/.local/share/virtualenvs/custom_airflow-E5ZHcY_K/lib/python3.12/site-packages/airflow/example_dags/example_branch_labels.py for tasks to queue
[2024-07-06T16:28:48.914+0700] {logging_mixin.py:188} INFO - [2024-07-06T16:28:48.913+0700] {dagbag.py:545} INFO - Filling up the DagBag from /home/acer/.local/share/virtualenvs/custom_airflow-E5ZHcY_K/lib/python3.12/site-packages/airflow/example_dags/example_branch_labels.py
[2024-07-06T16:28:48.922+0700] {processor.py:840} INFO - DAG(s) 'example_branch_labels' retrieved from /home/acer/.local/share/virtualenvs/custom_airflow-E5ZHcY_K/lib/python3.12/site-packages/airflow/example_dags/example_branch_labels.py
[2024-07-06T16:28:48.938+0700] {logging_mixin.py:188} INFO - [2024-07-06T16:28:48.938+0700] {dag.py:3096} INFO - Sync 1 DAGs
[2024-07-06T16:28:48.960+0700] {logging_mixin.py:188} INFO - [2024-07-06T16:28:48.960+0700] {dag.py:3954} INFO - Setting next_dagrun for example_branch_labels to 2024-07-05 00:00:00+00:00, run_after=2024-07-06 00:00:00+00:00
[2024-07-06T16:28:48.981+0700] {processor.py:183} INFO - Processing /home/acer/.local/share/virtualenvs/custom_airflow-E5ZHcY_K/lib/python3.12/site-packages/airflow/example_dags/example_branch_labels.py took 0.078 seconds
[2024-07-06T16:30:00.000+0700] {processor.py:161} INFO - Started process (PID=61189) to work on /home/acer/.local/share/virtualenvs/custom_airflow-E5ZHcY_K/lib/python3.12/site-packages/airflow/example_dags/example_branch_labels.py
[2024-07-06T16:30:00.001+0700] {processor.py:830} INFO - Processing file /home/acer/.local/share/virtualenvs/custom_airflow-E5ZHcY_K/lib/python3.12/site-packages/airflow/example_dags/example_branch_labels.py for tasks to queue
[2024-07-06T16:30:00.004+0700] {logging_mixin.py:188} INFO - [2024-07-06T16:30:00.003+0700] {dagbag.py:545} INFO - Filling up the DagBag from /home/acer/.local/share/virtualenvs/custom_airflow-E5ZHcY_K/lib/python3.12/site-packages/airflow/example_dags/example_branch_labels.py
[2024-07-06T16:30:00.012+0700] {processor.py:840} INFO - DAG(s) 'example_branch_labels' retrieved from /home/acer/.local/share/virtualenvs/custom_airflow-E5ZHcY_K/lib/python3.12/site-packages/airflow/example_dags/example_branch_labels.py
[2024-07-06T16:30:00.028+0700] {logging_mixin.py:188} INFO - [2024-07-06T16:30:00.028+0700] {dag.py:3096} INFO - Sync 1 DAGs
[2024-07-06T16:30:00.050+0700] {logging_mixin.py:188} INFO - [2024-07-06T16:30:00.049+0700] {dag.py:3954} INFO - Setting next_dagrun for example_branch_labels to 2024-07-05 00:00:00+00:00, run_after=2024-07-06 00:00:00+00:00
[2024-07-06T16:30:00.071+0700] {processor.py:183} INFO - Processing /home/acer/.local/share/virtualenvs/custom_airflow-E5ZHcY_K/lib/python3.12/site-packages/airflow/example_dags/example_branch_labels.py took 0.076 seconds
[2024-07-06T16:31:07.827+0700] {processor.py:161} INFO - Started process (PID=61560) to work on /home/acer/.local/share/virtualenvs/custom_airflow-E5ZHcY_K/lib/python3.12/site-packages/airflow/example_dags/example_branch_labels.py
[2024-07-06T16:31:07.829+0700] {processor.py:830} INFO - Processing file /home/acer/.local/share/virtualenvs/custom_airflow-E5ZHcY_K/lib/python3.12/site-packages/airflow/example_dags/example_branch_labels.py for tasks to queue
[2024-07-06T16:31:07.833+0700] {logging_mixin.py:188} INFO - [2024-07-06T16:31:07.832+0700] {dagbag.py:545} INFO - Filling up the DagBag from /home/acer/.local/share/virtualenvs/custom_airflow-E5ZHcY_K/lib/python3.12/site-packages/airflow/example_dags/example_branch_labels.py
[2024-07-06T16:31:07.846+0700] {processor.py:840} INFO - DAG(s) 'example_branch_labels' retrieved from /home/acer/.local/share/virtualenvs/custom_airflow-E5ZHcY_K/lib/python3.12/site-packages/airflow/example_dags/example_branch_labels.py
[2024-07-06T16:31:07.863+0700] {logging_mixin.py:188} INFO - [2024-07-06T16:31:07.863+0700] {dag.py:3096} INFO - Sync 1 DAGs
[2024-07-06T16:31:07.885+0700] {logging_mixin.py:188} INFO - [2024-07-06T16:31:07.885+0700] {dag.py:3954} INFO - Setting next_dagrun for example_branch_labels to 2024-07-05 00:00:00+00:00, run_after=2024-07-06 00:00:00+00:00
[2024-07-06T16:31:07.906+0700] {processor.py:183} INFO - Processing /home/acer/.local/share/virtualenvs/custom_airflow-E5ZHcY_K/lib/python3.12/site-packages/airflow/example_dags/example_branch_labels.py took 0.098 seconds
[2024-07-06T16:32:15.648+0700] {processor.py:161} INFO - Started process (PID=61895) to work on /home/acer/.local/share/virtualenvs/custom_airflow-E5ZHcY_K/lib/python3.12/site-packages/airflow/example_dags/example_branch_labels.py
[2024-07-06T16:32:15.650+0700] {processor.py:830} INFO - Processing file /home/acer/.local/share/virtualenvs/custom_airflow-E5ZHcY_K/lib/python3.12/site-packages/airflow/example_dags/example_branch_labels.py for tasks to queue
[2024-07-06T16:32:15.655+0700] {logging_mixin.py:188} INFO - [2024-07-06T16:32:15.654+0700] {dagbag.py:545} INFO - Filling up the DagBag from /home/acer/.local/share/virtualenvs/custom_airflow-E5ZHcY_K/lib/python3.12/site-packages/airflow/example_dags/example_branch_labels.py
[2024-07-06T16:32:15.666+0700] {processor.py:840} INFO - DAG(s) 'example_branch_labels' retrieved from /home/acer/.local/share/virtualenvs/custom_airflow-E5ZHcY_K/lib/python3.12/site-packages/airflow/example_dags/example_branch_labels.py
[2024-07-06T16:32:15.684+0700] {logging_mixin.py:188} INFO - [2024-07-06T16:32:15.684+0700] {dag.py:3096} INFO - Sync 1 DAGs
[2024-07-06T16:32:15.706+0700] {logging_mixin.py:188} INFO - [2024-07-06T16:32:15.705+0700] {dag.py:3954} INFO - Setting next_dagrun for example_branch_labels to 2024-07-05 00:00:00+00:00, run_after=2024-07-06 00:00:00+00:00
[2024-07-06T16:32:15.726+0700] {processor.py:183} INFO - Processing /home/acer/.local/share/virtualenvs/custom_airflow-E5ZHcY_K/lib/python3.12/site-packages/airflow/example_dags/example_branch_labels.py took 0.097 seconds
[2024-07-06T16:33:29.245+0700] {processor.py:161} INFO - Started process (PID=62284) to work on /home/acer/.local/share/virtualenvs/custom_airflow-E5ZHcY_K/lib/python3.12/site-packages/airflow/example_dags/example_branch_labels.py
[2024-07-06T16:33:29.246+0700] {processor.py:830} INFO - Processing file /home/acer/.local/share/virtualenvs/custom_airflow-E5ZHcY_K/lib/python3.12/site-packages/airflow/example_dags/example_branch_labels.py for tasks to queue
[2024-07-06T16:33:29.248+0700] {logging_mixin.py:188} INFO - [2024-07-06T16:33:29.248+0700] {dagbag.py:545} INFO - Filling up the DagBag from /home/acer/.local/share/virtualenvs/custom_airflow-E5ZHcY_K/lib/python3.12/site-packages/airflow/example_dags/example_branch_labels.py
[2024-07-06T16:33:29.258+0700] {processor.py:840} INFO - DAG(s) 'example_branch_labels' retrieved from /home/acer/.local/share/virtualenvs/custom_airflow-E5ZHcY_K/lib/python3.12/site-packages/airflow/example_dags/example_branch_labels.py
[2024-07-06T16:33:29.276+0700] {logging_mixin.py:188} INFO - [2024-07-06T16:33:29.276+0700] {dag.py:3096} INFO - Sync 1 DAGs
[2024-07-06T16:33:29.297+0700] {logging_mixin.py:188} INFO - [2024-07-06T16:33:29.297+0700] {dag.py:3954} INFO - Setting next_dagrun for example_branch_labels to 2024-07-05 00:00:00+00:00, run_after=2024-07-06 00:00:00+00:00
[2024-07-06T16:33:29.317+0700] {processor.py:183} INFO - Processing /home/acer/.local/share/virtualenvs/custom_airflow-E5ZHcY_K/lib/python3.12/site-packages/airflow/example_dags/example_branch_labels.py took 0.078 seconds
[2024-07-06T16:34:39.089+0700] {processor.py:161} INFO - Started process (PID=62624) to work on /home/acer/.local/share/virtualenvs/custom_airflow-E5ZHcY_K/lib/python3.12/site-packages/airflow/example_dags/example_branch_labels.py
[2024-07-06T16:34:39.090+0700] {processor.py:830} INFO - Processing file /home/acer/.local/share/virtualenvs/custom_airflow-E5ZHcY_K/lib/python3.12/site-packages/airflow/example_dags/example_branch_labels.py for tasks to queue
[2024-07-06T16:34:39.092+0700] {logging_mixin.py:188} INFO - [2024-07-06T16:34:39.092+0700] {dagbag.py:545} INFO - Filling up the DagBag from /home/acer/.local/share/virtualenvs/custom_airflow-E5ZHcY_K/lib/python3.12/site-packages/airflow/example_dags/example_branch_labels.py
[2024-07-06T16:34:39.100+0700] {processor.py:840} INFO - DAG(s) 'example_branch_labels' retrieved from /home/acer/.local/share/virtualenvs/custom_airflow-E5ZHcY_K/lib/python3.12/site-packages/airflow/example_dags/example_branch_labels.py
[2024-07-06T16:34:39.117+0700] {logging_mixin.py:188} INFO - [2024-07-06T16:34:39.117+0700] {dag.py:3096} INFO - Sync 1 DAGs
[2024-07-06T16:34:39.138+0700] {logging_mixin.py:188} INFO - [2024-07-06T16:34:39.138+0700] {dag.py:3954} INFO - Setting next_dagrun for example_branch_labels to 2024-07-05 00:00:00+00:00, run_after=2024-07-06 00:00:00+00:00
[2024-07-06T16:34:39.158+0700] {processor.py:183} INFO - Processing /home/acer/.local/share/virtualenvs/custom_airflow-E5ZHcY_K/lib/python3.12/site-packages/airflow/example_dags/example_branch_labels.py took 0.075 seconds
[2024-07-06T16:35:51.185+0700] {processor.py:161} INFO - Started process (PID=63006) to work on /home/acer/.local/share/virtualenvs/custom_airflow-E5ZHcY_K/lib/python3.12/site-packages/airflow/example_dags/example_branch_labels.py
[2024-07-06T16:35:51.186+0700] {processor.py:830} INFO - Processing file /home/acer/.local/share/virtualenvs/custom_airflow-E5ZHcY_K/lib/python3.12/site-packages/airflow/example_dags/example_branch_labels.py for tasks to queue
[2024-07-06T16:35:51.188+0700] {logging_mixin.py:188} INFO - [2024-07-06T16:35:51.188+0700] {dagbag.py:545} INFO - Filling up the DagBag from /home/acer/.local/share/virtualenvs/custom_airflow-E5ZHcY_K/lib/python3.12/site-packages/airflow/example_dags/example_branch_labels.py
[2024-07-06T16:35:51.198+0700] {processor.py:840} INFO - DAG(s) 'example_branch_labels' retrieved from /home/acer/.local/share/virtualenvs/custom_airflow-E5ZHcY_K/lib/python3.12/site-packages/airflow/example_dags/example_branch_labels.py
[2024-07-06T16:35:51.216+0700] {logging_mixin.py:188} INFO - [2024-07-06T16:35:51.216+0700] {dag.py:3096} INFO - Sync 1 DAGs
[2024-07-06T16:35:51.237+0700] {logging_mixin.py:188} INFO - [2024-07-06T16:35:51.237+0700] {dag.py:3954} INFO - Setting next_dagrun for example_branch_labels to 2024-07-05 00:00:00+00:00, run_after=2024-07-06 00:00:00+00:00
[2024-07-06T16:35:51.258+0700] {processor.py:183} INFO - Processing /home/acer/.local/share/virtualenvs/custom_airflow-E5ZHcY_K/lib/python3.12/site-packages/airflow/example_dags/example_branch_labels.py took 0.079 seconds
[2024-07-06T21:54:57.227+0700] {processor.py:161} INFO - Started process (PID=12062) to work on /home/acer/.local/share/virtualenvs/custom_airflow-E5ZHcY_K/lib/python3.12/site-packages/airflow/example_dags/example_branch_labels.py
[2024-07-06T21:54:57.229+0700] {processor.py:830} INFO - Processing file /home/acer/.local/share/virtualenvs/custom_airflow-E5ZHcY_K/lib/python3.12/site-packages/airflow/example_dags/example_branch_labels.py for tasks to queue
[2024-07-06T21:54:57.231+0700] {logging_mixin.py:188} INFO - [2024-07-06T21:54:57.230+0700] {dagbag.py:545} INFO - Filling up the DagBag from /home/acer/.local/share/virtualenvs/custom_airflow-E5ZHcY_K/lib/python3.12/site-packages/airflow/example_dags/example_branch_labels.py
[2024-07-06T21:54:57.240+0700] {processor.py:840} INFO - DAG(s) 'example_branch_labels' retrieved from /home/acer/.local/share/virtualenvs/custom_airflow-E5ZHcY_K/lib/python3.12/site-packages/airflow/example_dags/example_branch_labels.py
[2024-07-06T21:54:57.258+0700] {logging_mixin.py:188} INFO - [2024-07-06T21:54:57.257+0700] {dag.py:3096} INFO - Sync 1 DAGs
[2024-07-06T21:54:57.279+0700] {logging_mixin.py:188} INFO - [2024-07-06T21:54:57.279+0700] {dag.py:3954} INFO - Setting next_dagrun for example_branch_labels to 2024-07-05 00:00:00+00:00, run_after=2024-07-06 00:00:00+00:00
[2024-07-06T21:54:57.301+0700] {processor.py:183} INFO - Processing /home/acer/.local/share/virtualenvs/custom_airflow-E5ZHcY_K/lib/python3.12/site-packages/airflow/example_dags/example_branch_labels.py took 0.079 seconds
[2024-07-06T21:55:52.226+0700] {processor.py:161} INFO - Started process (PID=12858) to work on /home/acer/.local/share/virtualenvs/custom_airflow-E5ZHcY_K/lib/python3.12/site-packages/airflow/example_dags/example_branch_labels.py
[2024-07-06T21:55:52.230+0700] {processor.py:830} INFO - Processing file /home/acer/.local/share/virtualenvs/custom_airflow-E5ZHcY_K/lib/python3.12/site-packages/airflow/example_dags/example_branch_labels.py for tasks to queue
[2024-07-06T21:55:52.240+0700] {logging_mixin.py:188} INFO - [2024-07-06T21:55:52.238+0700] {dagbag.py:545} INFO - Filling up the DagBag from /home/acer/.local/share/virtualenvs/custom_airflow-E5ZHcY_K/lib/python3.12/site-packages/airflow/example_dags/example_branch_labels.py
[2024-07-06T21:55:52.268+0700] {processor.py:840} INFO - DAG(s) 'example_branch_labels' retrieved from /home/acer/.local/share/virtualenvs/custom_airflow-E5ZHcY_K/lib/python3.12/site-packages/airflow/example_dags/example_branch_labels.py
[2024-07-06T21:55:52.298+0700] {logging_mixin.py:188} INFO - [2024-07-06T21:55:52.298+0700] {dag.py:3096} INFO - Sync 1 DAGs
[2024-07-06T21:55:52.341+0700] {logging_mixin.py:188} INFO - [2024-07-06T21:55:52.341+0700] {dag.py:3954} INFO - Setting next_dagrun for example_branch_labels to 2024-07-05 00:00:00+00:00, run_after=2024-07-06 00:00:00+00:00
[2024-07-06T21:55:52.381+0700] {processor.py:183} INFO - Processing /home/acer/.local/share/virtualenvs/custom_airflow-E5ZHcY_K/lib/python3.12/site-packages/airflow/example_dags/example_branch_labels.py took 0.186 seconds
[2024-07-06T21:57:06.270+0700] {processor.py:161} INFO - Started process (PID=13612) to work on /home/acer/.local/share/virtualenvs/custom_airflow-E5ZHcY_K/lib/python3.12/site-packages/airflow/example_dags/example_branch_labels.py
[2024-07-06T21:57:06.274+0700] {processor.py:830} INFO - Processing file /home/acer/.local/share/virtualenvs/custom_airflow-E5ZHcY_K/lib/python3.12/site-packages/airflow/example_dags/example_branch_labels.py for tasks to queue
[2024-07-06T21:57:06.283+0700] {logging_mixin.py:188} INFO - [2024-07-06T21:57:06.281+0700] {dagbag.py:545} INFO - Filling up the DagBag from /home/acer/.local/share/virtualenvs/custom_airflow-E5ZHcY_K/lib/python3.12/site-packages/airflow/example_dags/example_branch_labels.py
[2024-07-06T21:57:06.311+0700] {processor.py:840} INFO - DAG(s) 'example_branch_labels' retrieved from /home/acer/.local/share/virtualenvs/custom_airflow-E5ZHcY_K/lib/python3.12/site-packages/airflow/example_dags/example_branch_labels.py
[2024-07-06T21:57:06.338+0700] {logging_mixin.py:188} INFO - [2024-07-06T21:57:06.337+0700] {dag.py:3096} INFO - Sync 1 DAGs
[2024-07-06T21:57:06.366+0700] {logging_mixin.py:188} INFO - [2024-07-06T21:57:06.365+0700] {dag.py:3954} INFO - Setting next_dagrun for example_branch_labels to 2024-07-05 00:00:00+00:00, run_after=2024-07-06 00:00:00+00:00
[2024-07-06T21:57:06.393+0700] {processor.py:183} INFO - Processing /home/acer/.local/share/virtualenvs/custom_airflow-E5ZHcY_K/lib/python3.12/site-packages/airflow/example_dags/example_branch_labels.py took 0.153 seconds
[2024-07-06T21:58:03.559+0700] {processor.py:161} INFO - Started process (PID=14089) to work on /home/acer/.local/share/virtualenvs/custom_airflow-E5ZHcY_K/lib/python3.12/site-packages/airflow/example_dags/example_branch_labels.py
[2024-07-06T21:58:03.561+0700] {processor.py:830} INFO - Processing file /home/acer/.local/share/virtualenvs/custom_airflow-E5ZHcY_K/lib/python3.12/site-packages/airflow/example_dags/example_branch_labels.py for tasks to queue
[2024-07-06T21:58:03.563+0700] {logging_mixin.py:188} INFO - [2024-07-06T21:58:03.563+0700] {dagbag.py:545} INFO - Filling up the DagBag from /home/acer/.local/share/virtualenvs/custom_airflow-E5ZHcY_K/lib/python3.12/site-packages/airflow/example_dags/example_branch_labels.py
[2024-07-06T21:58:03.575+0700] {processor.py:840} INFO - DAG(s) 'example_branch_labels' retrieved from /home/acer/.local/share/virtualenvs/custom_airflow-E5ZHcY_K/lib/python3.12/site-packages/airflow/example_dags/example_branch_labels.py
[2024-07-06T21:58:03.598+0700] {logging_mixin.py:188} INFO - [2024-07-06T21:58:03.597+0700] {dag.py:3096} INFO - Sync 1 DAGs
[2024-07-06T21:58:03.626+0700] {logging_mixin.py:188} INFO - [2024-07-06T21:58:03.625+0700] {dag.py:3954} INFO - Setting next_dagrun for example_branch_labels to 2024-07-05 00:00:00+00:00, run_after=2024-07-06 00:00:00+00:00
[2024-07-06T21:58:03.653+0700] {processor.py:183} INFO - Processing /home/acer/.local/share/virtualenvs/custom_airflow-E5ZHcY_K/lib/python3.12/site-packages/airflow/example_dags/example_branch_labels.py took 0.103 seconds
[2024-07-06T21:59:17.444+0700] {processor.py:161} INFO - Started process (PID=14469) to work on /home/acer/.local/share/virtualenvs/custom_airflow-E5ZHcY_K/lib/python3.12/site-packages/airflow/example_dags/example_branch_labels.py
[2024-07-06T21:59:17.446+0700] {processor.py:830} INFO - Processing file /home/acer/.local/share/virtualenvs/custom_airflow-E5ZHcY_K/lib/python3.12/site-packages/airflow/example_dags/example_branch_labels.py for tasks to queue
[2024-07-06T21:59:17.450+0700] {logging_mixin.py:188} INFO - [2024-07-06T21:59:17.449+0700] {dagbag.py:545} INFO - Filling up the DagBag from /home/acer/.local/share/virtualenvs/custom_airflow-E5ZHcY_K/lib/python3.12/site-packages/airflow/example_dags/example_branch_labels.py
[2024-07-06T21:59:17.463+0700] {processor.py:840} INFO - DAG(s) 'example_branch_labels' retrieved from /home/acer/.local/share/virtualenvs/custom_airflow-E5ZHcY_K/lib/python3.12/site-packages/airflow/example_dags/example_branch_labels.py
[2024-07-06T21:59:17.489+0700] {logging_mixin.py:188} INFO - [2024-07-06T21:59:17.488+0700] {dag.py:3096} INFO - Sync 1 DAGs
[2024-07-06T21:59:17.514+0700] {logging_mixin.py:188} INFO - [2024-07-06T21:59:17.513+0700] {dag.py:3954} INFO - Setting next_dagrun for example_branch_labels to 2024-07-05 00:00:00+00:00, run_after=2024-07-06 00:00:00+00:00
[2024-07-06T21:59:17.535+0700] {processor.py:183} INFO - Processing /home/acer/.local/share/virtualenvs/custom_airflow-E5ZHcY_K/lib/python3.12/site-packages/airflow/example_dags/example_branch_labels.py took 0.106 seconds
[2024-07-06T22:00:31.838+0700] {processor.py:161} INFO - Started process (PID=14945) to work on /home/acer/.local/share/virtualenvs/custom_airflow-E5ZHcY_K/lib/python3.12/site-packages/airflow/example_dags/example_branch_labels.py
[2024-07-06T22:00:31.839+0700] {processor.py:830} INFO - Processing file /home/acer/.local/share/virtualenvs/custom_airflow-E5ZHcY_K/lib/python3.12/site-packages/airflow/example_dags/example_branch_labels.py for tasks to queue
[2024-07-06T22:00:31.841+0700] {logging_mixin.py:188} INFO - [2024-07-06T22:00:31.841+0700] {dagbag.py:545} INFO - Filling up the DagBag from /home/acer/.local/share/virtualenvs/custom_airflow-E5ZHcY_K/lib/python3.12/site-packages/airflow/example_dags/example_branch_labels.py
[2024-07-06T22:00:31.849+0700] {processor.py:840} INFO - DAG(s) 'example_branch_labels' retrieved from /home/acer/.local/share/virtualenvs/custom_airflow-E5ZHcY_K/lib/python3.12/site-packages/airflow/example_dags/example_branch_labels.py
[2024-07-06T22:00:31.867+0700] {logging_mixin.py:188} INFO - [2024-07-06T22:00:31.867+0700] {dag.py:3096} INFO - Sync 1 DAGs
[2024-07-06T22:00:31.892+0700] {logging_mixin.py:188} INFO - [2024-07-06T22:00:31.892+0700] {dag.py:3954} INFO - Setting next_dagrun for example_branch_labels to 2024-07-05 00:00:00+00:00, run_after=2024-07-06 00:00:00+00:00
[2024-07-06T22:00:31.914+0700] {processor.py:183} INFO - Processing /home/acer/.local/share/virtualenvs/custom_airflow-E5ZHcY_K/lib/python3.12/site-packages/airflow/example_dags/example_branch_labels.py took 0.081 seconds
[2024-07-06T22:02:02.978+0700] {processor.py:161} INFO - Started process (PID=15974) to work on /home/acer/.local/share/virtualenvs/custom_airflow-E5ZHcY_K/lib/python3.12/site-packages/airflow/example_dags/example_branch_labels.py
[2024-07-06T22:02:02.980+0700] {processor.py:830} INFO - Processing file /home/acer/.local/share/virtualenvs/custom_airflow-E5ZHcY_K/lib/python3.12/site-packages/airflow/example_dags/example_branch_labels.py for tasks to queue
[2024-07-06T22:02:02.982+0700] {logging_mixin.py:188} INFO - [2024-07-06T22:02:02.982+0700] {dagbag.py:545} INFO - Filling up the DagBag from /home/acer/.local/share/virtualenvs/custom_airflow-E5ZHcY_K/lib/python3.12/site-packages/airflow/example_dags/example_branch_labels.py
[2024-07-06T22:02:02.993+0700] {processor.py:840} INFO - DAG(s) 'example_branch_labels' retrieved from /home/acer/.local/share/virtualenvs/custom_airflow-E5ZHcY_K/lib/python3.12/site-packages/airflow/example_dags/example_branch_labels.py
[2024-07-06T22:02:03.010+0700] {logging_mixin.py:188} INFO - [2024-07-06T22:02:03.010+0700] {dag.py:3096} INFO - Sync 1 DAGs
[2024-07-06T22:02:03.032+0700] {logging_mixin.py:188} INFO - [2024-07-06T22:02:03.031+0700] {dag.py:3954} INFO - Setting next_dagrun for example_branch_labels to 2024-07-05 00:00:00+00:00, run_after=2024-07-06 00:00:00+00:00
[2024-07-06T22:02:03.052+0700] {processor.py:183} INFO - Processing /home/acer/.local/share/virtualenvs/custom_airflow-E5ZHcY_K/lib/python3.12/site-packages/airflow/example_dags/example_branch_labels.py took 0.081 seconds
[2024-07-06T22:03:02.590+0700] {processor.py:161} INFO - Started process (PID=16354) to work on /home/acer/.local/share/virtualenvs/custom_airflow-E5ZHcY_K/lib/python3.12/site-packages/airflow/example_dags/example_branch_labels.py
[2024-07-06T22:03:02.593+0700] {processor.py:830} INFO - Processing file /home/acer/.local/share/virtualenvs/custom_airflow-E5ZHcY_K/lib/python3.12/site-packages/airflow/example_dags/example_branch_labels.py for tasks to queue
[2024-07-06T22:03:02.600+0700] {logging_mixin.py:188} INFO - [2024-07-06T22:03:02.598+0700] {dagbag.py:545} INFO - Filling up the DagBag from /home/acer/.local/share/virtualenvs/custom_airflow-E5ZHcY_K/lib/python3.12/site-packages/airflow/example_dags/example_branch_labels.py
[2024-07-06T22:03:02.614+0700] {processor.py:840} INFO - DAG(s) 'example_branch_labels' retrieved from /home/acer/.local/share/virtualenvs/custom_airflow-E5ZHcY_K/lib/python3.12/site-packages/airflow/example_dags/example_branch_labels.py
[2024-07-06T22:03:02.632+0700] {logging_mixin.py:188} INFO - [2024-07-06T22:03:02.632+0700] {dag.py:3096} INFO - Sync 1 DAGs
[2024-07-06T22:03:02.654+0700] {logging_mixin.py:188} INFO - [2024-07-06T22:03:02.654+0700] {dag.py:3954} INFO - Setting next_dagrun for example_branch_labels to 2024-07-05 00:00:00+00:00, run_after=2024-07-06 00:00:00+00:00
[2024-07-06T22:03:02.675+0700] {processor.py:183} INFO - Processing /home/acer/.local/share/virtualenvs/custom_airflow-E5ZHcY_K/lib/python3.12/site-packages/airflow/example_dags/example_branch_labels.py took 0.107 seconds
[2024-07-06T22:04:24.175+0700] {processor.py:161} INFO - Started process (PID=16925) to work on /home/acer/.local/share/virtualenvs/custom_airflow-E5ZHcY_K/lib/python3.12/site-packages/airflow/example_dags/example_branch_labels.py
[2024-07-06T22:04:24.176+0700] {processor.py:830} INFO - Processing file /home/acer/.local/share/virtualenvs/custom_airflow-E5ZHcY_K/lib/python3.12/site-packages/airflow/example_dags/example_branch_labels.py for tasks to queue
[2024-07-06T22:04:24.178+0700] {logging_mixin.py:188} INFO - [2024-07-06T22:04:24.177+0700] {dagbag.py:545} INFO - Filling up the DagBag from /home/acer/.local/share/virtualenvs/custom_airflow-E5ZHcY_K/lib/python3.12/site-packages/airflow/example_dags/example_branch_labels.py
[2024-07-06T22:04:24.187+0700] {processor.py:840} INFO - DAG(s) 'example_branch_labels' retrieved from /home/acer/.local/share/virtualenvs/custom_airflow-E5ZHcY_K/lib/python3.12/site-packages/airflow/example_dags/example_branch_labels.py
[2024-07-06T22:04:24.204+0700] {logging_mixin.py:188} INFO - [2024-07-06T22:04:24.204+0700] {dag.py:3096} INFO - Sync 1 DAGs
[2024-07-06T22:04:24.231+0700] {logging_mixin.py:188} INFO - [2024-07-06T22:04:24.231+0700] {dag.py:3954} INFO - Setting next_dagrun for example_branch_labels to 2024-07-05 00:00:00+00:00, run_after=2024-07-06 00:00:00+00:00
[2024-07-06T22:04:24.254+0700] {processor.py:183} INFO - Processing /home/acer/.local/share/virtualenvs/custom_airflow-E5ZHcY_K/lib/python3.12/site-packages/airflow/example_dags/example_branch_labels.py took 0.085 seconds
[2024-07-06T22:05:47.223+0700] {processor.py:161} INFO - Started process (PID=17779) to work on /home/acer/.local/share/virtualenvs/custom_airflow-E5ZHcY_K/lib/python3.12/site-packages/airflow/example_dags/example_branch_labels.py
[2024-07-06T22:05:47.224+0700] {processor.py:830} INFO - Processing file /home/acer/.local/share/virtualenvs/custom_airflow-E5ZHcY_K/lib/python3.12/site-packages/airflow/example_dags/example_branch_labels.py for tasks to queue
[2024-07-06T22:05:47.226+0700] {logging_mixin.py:188} INFO - [2024-07-06T22:05:47.226+0700] {dagbag.py:545} INFO - Filling up the DagBag from /home/acer/.local/share/virtualenvs/custom_airflow-E5ZHcY_K/lib/python3.12/site-packages/airflow/example_dags/example_branch_labels.py
[2024-07-06T22:05:47.234+0700] {processor.py:840} INFO - DAG(s) 'example_branch_labels' retrieved from /home/acer/.local/share/virtualenvs/custom_airflow-E5ZHcY_K/lib/python3.12/site-packages/airflow/example_dags/example_branch_labels.py
[2024-07-06T22:05:47.250+0700] {logging_mixin.py:188} INFO - [2024-07-06T22:05:47.250+0700] {dag.py:3096} INFO - Sync 1 DAGs
[2024-07-06T22:05:47.272+0700] {logging_mixin.py:188} INFO - [2024-07-06T22:05:47.272+0700] {dag.py:3954} INFO - Setting next_dagrun for example_branch_labels to 2024-07-05 00:00:00+00:00, run_after=2024-07-06 00:00:00+00:00
[2024-07-06T22:05:47.292+0700] {processor.py:183} INFO - Processing /home/acer/.local/share/virtualenvs/custom_airflow-E5ZHcY_K/lib/python3.12/site-packages/airflow/example_dags/example_branch_labels.py took 0.074 seconds
[2024-07-06T22:06:59.490+0700] {processor.py:161} INFO - Started process (PID=18329) to work on /home/acer/.local/share/virtualenvs/custom_airflow-E5ZHcY_K/lib/python3.12/site-packages/airflow/example_dags/example_branch_labels.py
[2024-07-06T22:06:59.494+0700] {processor.py:830} INFO - Processing file /home/acer/.local/share/virtualenvs/custom_airflow-E5ZHcY_K/lib/python3.12/site-packages/airflow/example_dags/example_branch_labels.py for tasks to queue
[2024-07-06T22:06:59.503+0700] {logging_mixin.py:188} INFO - [2024-07-06T22:06:59.501+0700] {dagbag.py:545} INFO - Filling up the DagBag from /home/acer/.local/share/virtualenvs/custom_airflow-E5ZHcY_K/lib/python3.12/site-packages/airflow/example_dags/example_branch_labels.py
[2024-07-06T22:06:59.536+0700] {processor.py:840} INFO - DAG(s) 'example_branch_labels' retrieved from /home/acer/.local/share/virtualenvs/custom_airflow-E5ZHcY_K/lib/python3.12/site-packages/airflow/example_dags/example_branch_labels.py
[2024-07-06T22:06:59.563+0700] {logging_mixin.py:188} INFO - [2024-07-06T22:06:59.562+0700] {dag.py:3096} INFO - Sync 1 DAGs
[2024-07-06T22:06:59.585+0700] {logging_mixin.py:188} INFO - [2024-07-06T22:06:59.585+0700] {dag.py:3954} INFO - Setting next_dagrun for example_branch_labels to 2024-07-05 00:00:00+00:00, run_after=2024-07-06 00:00:00+00:00
[2024-07-06T22:06:59.609+0700] {processor.py:183} INFO - Processing /home/acer/.local/share/virtualenvs/custom_airflow-E5ZHcY_K/lib/python3.12/site-packages/airflow/example_dags/example_branch_labels.py took 0.144 seconds
[2024-07-06T22:07:58.088+0700] {processor.py:161} INFO - Started process (PID=18710) to work on /home/acer/.local/share/virtualenvs/custom_airflow-E5ZHcY_K/lib/python3.12/site-packages/airflow/example_dags/example_branch_labels.py
[2024-07-06T22:07:58.089+0700] {processor.py:830} INFO - Processing file /home/acer/.local/share/virtualenvs/custom_airflow-E5ZHcY_K/lib/python3.12/site-packages/airflow/example_dags/example_branch_labels.py for tasks to queue
[2024-07-06T22:07:58.092+0700] {logging_mixin.py:188} INFO - [2024-07-06T22:07:58.091+0700] {dagbag.py:545} INFO - Filling up the DagBag from /home/acer/.local/share/virtualenvs/custom_airflow-E5ZHcY_K/lib/python3.12/site-packages/airflow/example_dags/example_branch_labels.py
[2024-07-06T22:07:58.102+0700] {processor.py:840} INFO - DAG(s) 'example_branch_labels' retrieved from /home/acer/.local/share/virtualenvs/custom_airflow-E5ZHcY_K/lib/python3.12/site-packages/airflow/example_dags/example_branch_labels.py
[2024-07-06T22:07:58.123+0700] {logging_mixin.py:188} INFO - [2024-07-06T22:07:58.123+0700] {dag.py:3096} INFO - Sync 1 DAGs
[2024-07-06T22:07:58.152+0700] {logging_mixin.py:188} INFO - [2024-07-06T22:07:58.152+0700] {dag.py:3954} INFO - Setting next_dagrun for example_branch_labels to 2024-07-05 00:00:00+00:00, run_after=2024-07-06 00:00:00+00:00
[2024-07-06T22:07:58.190+0700] {processor.py:183} INFO - Processing /home/acer/.local/share/virtualenvs/custom_airflow-E5ZHcY_K/lib/python3.12/site-packages/airflow/example_dags/example_branch_labels.py took 0.113 seconds
[2024-07-06T22:08:53.425+0700] {processor.py:161} INFO - Started process (PID=18995) to work on /home/acer/.local/share/virtualenvs/custom_airflow-E5ZHcY_K/lib/python3.12/site-packages/airflow/example_dags/example_branch_labels.py
[2024-07-06T22:08:53.427+0700] {processor.py:830} INFO - Processing file /home/acer/.local/share/virtualenvs/custom_airflow-E5ZHcY_K/lib/python3.12/site-packages/airflow/example_dags/example_branch_labels.py for tasks to queue
[2024-07-06T22:08:53.432+0700] {logging_mixin.py:188} INFO - [2024-07-06T22:08:53.431+0700] {dagbag.py:545} INFO - Filling up the DagBag from /home/acer/.local/share/virtualenvs/custom_airflow-E5ZHcY_K/lib/python3.12/site-packages/airflow/example_dags/example_branch_labels.py
[2024-07-06T22:08:53.454+0700] {processor.py:840} INFO - DAG(s) 'example_branch_labels' retrieved from /home/acer/.local/share/virtualenvs/custom_airflow-E5ZHcY_K/lib/python3.12/site-packages/airflow/example_dags/example_branch_labels.py
[2024-07-06T22:08:53.488+0700] {logging_mixin.py:188} INFO - [2024-07-06T22:08:53.488+0700] {dag.py:3096} INFO - Sync 1 DAGs
[2024-07-06T22:08:53.521+0700] {logging_mixin.py:188} INFO - [2024-07-06T22:08:53.521+0700] {dag.py:3954} INFO - Setting next_dagrun for example_branch_labels to 2024-07-05 00:00:00+00:00, run_after=2024-07-06 00:00:00+00:00
[2024-07-06T22:08:53.551+0700] {processor.py:183} INFO - Processing /home/acer/.local/share/virtualenvs/custom_airflow-E5ZHcY_K/lib/python3.12/site-packages/airflow/example_dags/example_branch_labels.py took 0.143 seconds
[2024-07-06T22:09:50.658+0700] {processor.py:161} INFO - Started process (PID=19312) to work on /home/acer/.local/share/virtualenvs/custom_airflow-E5ZHcY_K/lib/python3.12/site-packages/airflow/example_dags/example_branch_labels.py
[2024-07-06T22:09:50.662+0700] {processor.py:830} INFO - Processing file /home/acer/.local/share/virtualenvs/custom_airflow-E5ZHcY_K/lib/python3.12/site-packages/airflow/example_dags/example_branch_labels.py for tasks to queue
[2024-07-06T22:09:50.665+0700] {logging_mixin.py:188} INFO - [2024-07-06T22:09:50.664+0700] {dagbag.py:545} INFO - Filling up the DagBag from /home/acer/.local/share/virtualenvs/custom_airflow-E5ZHcY_K/lib/python3.12/site-packages/airflow/example_dags/example_branch_labels.py
[2024-07-06T22:09:50.683+0700] {processor.py:840} INFO - DAG(s) 'example_branch_labels' retrieved from /home/acer/.local/share/virtualenvs/custom_airflow-E5ZHcY_K/lib/python3.12/site-packages/airflow/example_dags/example_branch_labels.py
[2024-07-06T22:09:50.731+0700] {logging_mixin.py:188} INFO - [2024-07-06T22:09:50.731+0700] {dag.py:3096} INFO - Sync 1 DAGs
[2024-07-06T22:09:50.769+0700] {logging_mixin.py:188} INFO - [2024-07-06T22:09:50.769+0700] {dag.py:3954} INFO - Setting next_dagrun for example_branch_labels to 2024-07-05 00:00:00+00:00, run_after=2024-07-06 00:00:00+00:00
[2024-07-06T22:09:50.799+0700] {processor.py:183} INFO - Processing /home/acer/.local/share/virtualenvs/custom_airflow-E5ZHcY_K/lib/python3.12/site-packages/airflow/example_dags/example_branch_labels.py took 0.151 seconds
[2024-07-06T22:10:55.133+0700] {processor.py:161} INFO - Started process (PID=19722) to work on /home/acer/.local/share/virtualenvs/custom_airflow-E5ZHcY_K/lib/python3.12/site-packages/airflow/example_dags/example_branch_labels.py
[2024-07-06T22:10:55.135+0700] {processor.py:830} INFO - Processing file /home/acer/.local/share/virtualenvs/custom_airflow-E5ZHcY_K/lib/python3.12/site-packages/airflow/example_dags/example_branch_labels.py for tasks to queue
[2024-07-06T22:10:55.138+0700] {logging_mixin.py:188} INFO - [2024-07-06T22:10:55.137+0700] {dagbag.py:545} INFO - Filling up the DagBag from /home/acer/.local/share/virtualenvs/custom_airflow-E5ZHcY_K/lib/python3.12/site-packages/airflow/example_dags/example_branch_labels.py
[2024-07-06T22:10:55.146+0700] {processor.py:840} INFO - DAG(s) 'example_branch_labels' retrieved from /home/acer/.local/share/virtualenvs/custom_airflow-E5ZHcY_K/lib/python3.12/site-packages/airflow/example_dags/example_branch_labels.py
[2024-07-06T22:10:55.167+0700] {logging_mixin.py:188} INFO - [2024-07-06T22:10:55.167+0700] {dag.py:3096} INFO - Sync 1 DAGs
[2024-07-06T22:10:55.193+0700] {logging_mixin.py:188} INFO - [2024-07-06T22:10:55.193+0700] {dag.py:3954} INFO - Setting next_dagrun for example_branch_labels to 2024-07-05 00:00:00+00:00, run_after=2024-07-06 00:00:00+00:00
[2024-07-06T22:10:55.222+0700] {processor.py:183} INFO - Processing /home/acer/.local/share/virtualenvs/custom_airflow-E5ZHcY_K/lib/python3.12/site-packages/airflow/example_dags/example_branch_labels.py took 0.097 seconds
[2024-07-06T22:11:58.571+0700] {processor.py:161} INFO - Started process (PID=20037) to work on /home/acer/.local/share/virtualenvs/custom_airflow-E5ZHcY_K/lib/python3.12/site-packages/airflow/example_dags/example_branch_labels.py
[2024-07-06T22:11:58.572+0700] {processor.py:830} INFO - Processing file /home/acer/.local/share/virtualenvs/custom_airflow-E5ZHcY_K/lib/python3.12/site-packages/airflow/example_dags/example_branch_labels.py for tasks to queue
[2024-07-06T22:11:58.575+0700] {logging_mixin.py:188} INFO - [2024-07-06T22:11:58.575+0700] {dagbag.py:545} INFO - Filling up the DagBag from /home/acer/.local/share/virtualenvs/custom_airflow-E5ZHcY_K/lib/python3.12/site-packages/airflow/example_dags/example_branch_labels.py
[2024-07-06T22:11:58.586+0700] {processor.py:840} INFO - DAG(s) 'example_branch_labels' retrieved from /home/acer/.local/share/virtualenvs/custom_airflow-E5ZHcY_K/lib/python3.12/site-packages/airflow/example_dags/example_branch_labels.py
[2024-07-06T22:11:58.612+0700] {logging_mixin.py:188} INFO - [2024-07-06T22:11:58.611+0700] {dag.py:3096} INFO - Sync 1 DAGs
[2024-07-06T22:11:58.638+0700] {logging_mixin.py:188} INFO - [2024-07-06T22:11:58.638+0700] {dag.py:3954} INFO - Setting next_dagrun for example_branch_labels to 2024-07-05 00:00:00+00:00, run_after=2024-07-06 00:00:00+00:00
[2024-07-06T22:11:58.666+0700] {processor.py:183} INFO - Processing /home/acer/.local/share/virtualenvs/custom_airflow-E5ZHcY_K/lib/python3.12/site-packages/airflow/example_dags/example_branch_labels.py took 0.105 seconds
[2024-07-06T22:12:58.336+0700] {processor.py:161} INFO - Started process (PID=20352) to work on /home/acer/.local/share/virtualenvs/custom_airflow-E5ZHcY_K/lib/python3.12/site-packages/airflow/example_dags/example_branch_labels.py
[2024-07-06T22:12:58.337+0700] {processor.py:830} INFO - Processing file /home/acer/.local/share/virtualenvs/custom_airflow-E5ZHcY_K/lib/python3.12/site-packages/airflow/example_dags/example_branch_labels.py for tasks to queue
[2024-07-06T22:12:58.340+0700] {logging_mixin.py:188} INFO - [2024-07-06T22:12:58.339+0700] {dagbag.py:545} INFO - Filling up the DagBag from /home/acer/.local/share/virtualenvs/custom_airflow-E5ZHcY_K/lib/python3.12/site-packages/airflow/example_dags/example_branch_labels.py
[2024-07-06T22:12:58.349+0700] {processor.py:840} INFO - DAG(s) 'example_branch_labels' retrieved from /home/acer/.local/share/virtualenvs/custom_airflow-E5ZHcY_K/lib/python3.12/site-packages/airflow/example_dags/example_branch_labels.py
[2024-07-06T22:12:58.378+0700] {logging_mixin.py:188} INFO - [2024-07-06T22:12:58.378+0700] {dag.py:3096} INFO - Sync 1 DAGs
[2024-07-06T22:12:58.414+0700] {logging_mixin.py:188} INFO - [2024-07-06T22:12:58.414+0700] {dag.py:3954} INFO - Setting next_dagrun for example_branch_labels to 2024-07-05 00:00:00+00:00, run_after=2024-07-06 00:00:00+00:00
[2024-07-06T22:12:58.448+0700] {processor.py:183} INFO - Processing /home/acer/.local/share/virtualenvs/custom_airflow-E5ZHcY_K/lib/python3.12/site-packages/airflow/example_dags/example_branch_labels.py took 0.119 seconds
[2024-07-06T22:13:56.475+0700] {processor.py:161} INFO - Started process (PID=20724) to work on /home/acer/.local/share/virtualenvs/custom_airflow-E5ZHcY_K/lib/python3.12/site-packages/airflow/example_dags/example_branch_labels.py
[2024-07-06T22:13:56.478+0700] {processor.py:830} INFO - Processing file /home/acer/.local/share/virtualenvs/custom_airflow-E5ZHcY_K/lib/python3.12/site-packages/airflow/example_dags/example_branch_labels.py for tasks to queue
[2024-07-06T22:13:56.483+0700] {logging_mixin.py:188} INFO - [2024-07-06T22:13:56.481+0700] {dagbag.py:545} INFO - Filling up the DagBag from /home/acer/.local/share/virtualenvs/custom_airflow-E5ZHcY_K/lib/python3.12/site-packages/airflow/example_dags/example_branch_labels.py
[2024-07-06T22:13:56.516+0700] {processor.py:840} INFO - DAG(s) 'example_branch_labels' retrieved from /home/acer/.local/share/virtualenvs/custom_airflow-E5ZHcY_K/lib/python3.12/site-packages/airflow/example_dags/example_branch_labels.py
[2024-07-06T22:13:56.549+0700] {logging_mixin.py:188} INFO - [2024-07-06T22:13:56.548+0700] {dag.py:3096} INFO - Sync 1 DAGs
[2024-07-06T22:13:56.577+0700] {logging_mixin.py:188} INFO - [2024-07-06T22:13:56.576+0700] {dag.py:3954} INFO - Setting next_dagrun for example_branch_labels to 2024-07-05 00:00:00+00:00, run_after=2024-07-06 00:00:00+00:00
[2024-07-06T22:13:56.611+0700] {processor.py:183} INFO - Processing /home/acer/.local/share/virtualenvs/custom_airflow-E5ZHcY_K/lib/python3.12/site-packages/airflow/example_dags/example_branch_labels.py took 0.150 seconds
[2024-07-06T22:14:57.158+0700] {processor.py:161} INFO - Started process (PID=21059) to work on /home/acer/.local/share/virtualenvs/custom_airflow-E5ZHcY_K/lib/python3.12/site-packages/airflow/example_dags/example_branch_labels.py
[2024-07-06T22:14:57.167+0700] {processor.py:830} INFO - Processing file /home/acer/.local/share/virtualenvs/custom_airflow-E5ZHcY_K/lib/python3.12/site-packages/airflow/example_dags/example_branch_labels.py for tasks to queue
[2024-07-06T22:14:57.170+0700] {logging_mixin.py:188} INFO - [2024-07-06T22:14:57.169+0700] {dagbag.py:545} INFO - Filling up the DagBag from /home/acer/.local/share/virtualenvs/custom_airflow-E5ZHcY_K/lib/python3.12/site-packages/airflow/example_dags/example_branch_labels.py
[2024-07-06T22:14:57.185+0700] {processor.py:840} INFO - DAG(s) 'example_branch_labels' retrieved from /home/acer/.local/share/virtualenvs/custom_airflow-E5ZHcY_K/lib/python3.12/site-packages/airflow/example_dags/example_branch_labels.py
[2024-07-06T22:14:57.216+0700] {logging_mixin.py:188} INFO - [2024-07-06T22:14:57.215+0700] {dag.py:3096} INFO - Sync 1 DAGs
[2024-07-06T22:14:57.299+0700] {logging_mixin.py:188} INFO - [2024-07-06T22:14:57.298+0700] {dag.py:3954} INFO - Setting next_dagrun for example_branch_labels to 2024-07-05 00:00:00+00:00, run_after=2024-07-06 00:00:00+00:00
[2024-07-06T22:14:57.365+0700] {processor.py:183} INFO - Processing /home/acer/.local/share/virtualenvs/custom_airflow-E5ZHcY_K/lib/python3.12/site-packages/airflow/example_dags/example_branch_labels.py took 0.217 seconds
[2024-07-06T22:16:00.830+0700] {processor.py:161} INFO - Started process (PID=21453) to work on /home/acer/.local/share/virtualenvs/custom_airflow-E5ZHcY_K/lib/python3.12/site-packages/airflow/example_dags/example_branch_labels.py
[2024-07-06T22:16:00.831+0700] {processor.py:830} INFO - Processing file /home/acer/.local/share/virtualenvs/custom_airflow-E5ZHcY_K/lib/python3.12/site-packages/airflow/example_dags/example_branch_labels.py for tasks to queue
[2024-07-06T22:16:00.834+0700] {logging_mixin.py:188} INFO - [2024-07-06T22:16:00.834+0700] {dagbag.py:545} INFO - Filling up the DagBag from /home/acer/.local/share/virtualenvs/custom_airflow-E5ZHcY_K/lib/python3.12/site-packages/airflow/example_dags/example_branch_labels.py
[2024-07-06T22:16:00.844+0700] {processor.py:840} INFO - DAG(s) 'example_branch_labels' retrieved from /home/acer/.local/share/virtualenvs/custom_airflow-E5ZHcY_K/lib/python3.12/site-packages/airflow/example_dags/example_branch_labels.py
[2024-07-06T22:16:00.864+0700] {logging_mixin.py:188} INFO - [2024-07-06T22:16:00.864+0700] {dag.py:3096} INFO - Sync 1 DAGs
[2024-07-06T22:16:00.894+0700] {logging_mixin.py:188} INFO - [2024-07-06T22:16:00.894+0700] {dag.py:3954} INFO - Setting next_dagrun for example_branch_labels to 2024-07-05 00:00:00+00:00, run_after=2024-07-06 00:00:00+00:00
[2024-07-06T22:16:00.924+0700] {processor.py:183} INFO - Processing /home/acer/.local/share/virtualenvs/custom_airflow-E5ZHcY_K/lib/python3.12/site-packages/airflow/example_dags/example_branch_labels.py took 0.103 seconds
[2024-07-06T22:16:55.282+0700] {processor.py:161} INFO - Started process (PID=21725) to work on /home/acer/.local/share/virtualenvs/custom_airflow-E5ZHcY_K/lib/python3.12/site-packages/airflow/example_dags/example_branch_labels.py
[2024-07-06T22:16:55.283+0700] {processor.py:830} INFO - Processing file /home/acer/.local/share/virtualenvs/custom_airflow-E5ZHcY_K/lib/python3.12/site-packages/airflow/example_dags/example_branch_labels.py for tasks to queue
[2024-07-06T22:16:55.285+0700] {logging_mixin.py:188} INFO - [2024-07-06T22:16:55.284+0700] {dagbag.py:545} INFO - Filling up the DagBag from /home/acer/.local/share/virtualenvs/custom_airflow-E5ZHcY_K/lib/python3.12/site-packages/airflow/example_dags/example_branch_labels.py
[2024-07-06T22:16:55.295+0700] {processor.py:840} INFO - DAG(s) 'example_branch_labels' retrieved from /home/acer/.local/share/virtualenvs/custom_airflow-E5ZHcY_K/lib/python3.12/site-packages/airflow/example_dags/example_branch_labels.py
[2024-07-06T22:16:55.313+0700] {logging_mixin.py:188} INFO - [2024-07-06T22:16:55.313+0700] {dag.py:3096} INFO - Sync 1 DAGs
[2024-07-06T22:16:55.345+0700] {logging_mixin.py:188} INFO - [2024-07-06T22:16:55.344+0700] {dag.py:3954} INFO - Setting next_dagrun for example_branch_labels to 2024-07-05 00:00:00+00:00, run_after=2024-07-06 00:00:00+00:00
[2024-07-06T22:16:55.372+0700] {processor.py:183} INFO - Processing /home/acer/.local/share/virtualenvs/custom_airflow-E5ZHcY_K/lib/python3.12/site-packages/airflow/example_dags/example_branch_labels.py took 0.098 seconds
[2024-07-06T22:17:53.229+0700] {processor.py:161} INFO - Started process (PID=22054) to work on /home/acer/.local/share/virtualenvs/custom_airflow-E5ZHcY_K/lib/python3.12/site-packages/airflow/example_dags/example_branch_labels.py
[2024-07-06T22:17:53.231+0700] {processor.py:830} INFO - Processing file /home/acer/.local/share/virtualenvs/custom_airflow-E5ZHcY_K/lib/python3.12/site-packages/airflow/example_dags/example_branch_labels.py for tasks to queue
[2024-07-06T22:17:53.234+0700] {logging_mixin.py:188} INFO - [2024-07-06T22:17:53.233+0700] {dagbag.py:545} INFO - Filling up the DagBag from /home/acer/.local/share/virtualenvs/custom_airflow-E5ZHcY_K/lib/python3.12/site-packages/airflow/example_dags/example_branch_labels.py
[2024-07-06T22:17:53.249+0700] {processor.py:840} INFO - DAG(s) 'example_branch_labels' retrieved from /home/acer/.local/share/virtualenvs/custom_airflow-E5ZHcY_K/lib/python3.12/site-packages/airflow/example_dags/example_branch_labels.py
[2024-07-06T22:17:53.277+0700] {logging_mixin.py:188} INFO - [2024-07-06T22:17:53.277+0700] {dag.py:3096} INFO - Sync 1 DAGs
[2024-07-06T22:17:53.318+0700] {logging_mixin.py:188} INFO - [2024-07-06T22:17:53.317+0700] {dag.py:3954} INFO - Setting next_dagrun for example_branch_labels to 2024-07-05 00:00:00+00:00, run_after=2024-07-06 00:00:00+00:00
[2024-07-06T22:17:53.476+0700] {processor.py:183} INFO - Processing /home/acer/.local/share/virtualenvs/custom_airflow-E5ZHcY_K/lib/python3.12/site-packages/airflow/example_dags/example_branch_labels.py took 0.255 seconds
[2024-07-06T22:18:56.426+0700] {processor.py:161} INFO - Started process (PID=22383) to work on /home/acer/.local/share/virtualenvs/custom_airflow-E5ZHcY_K/lib/python3.12/site-packages/airflow/example_dags/example_branch_labels.py
[2024-07-06T22:18:56.430+0700] {processor.py:830} INFO - Processing file /home/acer/.local/share/virtualenvs/custom_airflow-E5ZHcY_K/lib/python3.12/site-packages/airflow/example_dags/example_branch_labels.py for tasks to queue
[2024-07-06T22:18:56.433+0700] {logging_mixin.py:188} INFO - [2024-07-06T22:18:56.432+0700] {dagbag.py:545} INFO - Filling up the DagBag from /home/acer/.local/share/virtualenvs/custom_airflow-E5ZHcY_K/lib/python3.12/site-packages/airflow/example_dags/example_branch_labels.py
[2024-07-06T22:18:56.452+0700] {processor.py:840} INFO - DAG(s) 'example_branch_labels' retrieved from /home/acer/.local/share/virtualenvs/custom_airflow-E5ZHcY_K/lib/python3.12/site-packages/airflow/example_dags/example_branch_labels.py
[2024-07-06T22:18:56.483+0700] {logging_mixin.py:188} INFO - [2024-07-06T22:18:56.483+0700] {dag.py:3096} INFO - Sync 1 DAGs
[2024-07-06T22:18:56.528+0700] {logging_mixin.py:188} INFO - [2024-07-06T22:18:56.527+0700] {dag.py:3954} INFO - Setting next_dagrun for example_branch_labels to 2024-07-05 00:00:00+00:00, run_after=2024-07-06 00:00:00+00:00
[2024-07-06T22:18:56.567+0700] {processor.py:183} INFO - Processing /home/acer/.local/share/virtualenvs/custom_airflow-E5ZHcY_K/lib/python3.12/site-packages/airflow/example_dags/example_branch_labels.py took 0.154 seconds
[2024-07-06T22:19:57.160+0700] {processor.py:161} INFO - Started process (PID=22724) to work on /home/acer/.local/share/virtualenvs/custom_airflow-E5ZHcY_K/lib/python3.12/site-packages/airflow/example_dags/example_branch_labels.py
[2024-07-06T22:19:57.161+0700] {processor.py:830} INFO - Processing file /home/acer/.local/share/virtualenvs/custom_airflow-E5ZHcY_K/lib/python3.12/site-packages/airflow/example_dags/example_branch_labels.py for tasks to queue
[2024-07-06T22:19:57.163+0700] {logging_mixin.py:188} INFO - [2024-07-06T22:19:57.163+0700] {dagbag.py:545} INFO - Filling up the DagBag from /home/acer/.local/share/virtualenvs/custom_airflow-E5ZHcY_K/lib/python3.12/site-packages/airflow/example_dags/example_branch_labels.py
[2024-07-06T22:19:57.176+0700] {processor.py:840} INFO - DAG(s) 'example_branch_labels' retrieved from /home/acer/.local/share/virtualenvs/custom_airflow-E5ZHcY_K/lib/python3.12/site-packages/airflow/example_dags/example_branch_labels.py
[2024-07-06T22:19:57.196+0700] {logging_mixin.py:188} INFO - [2024-07-06T22:19:57.196+0700] {dag.py:3096} INFO - Sync 1 DAGs
[2024-07-06T22:19:57.226+0700] {logging_mixin.py:188} INFO - [2024-07-06T22:19:57.226+0700] {dag.py:3954} INFO - Setting next_dagrun for example_branch_labels to 2024-07-05 00:00:00+00:00, run_after=2024-07-06 00:00:00+00:00
[2024-07-06T22:19:57.253+0700] {processor.py:183} INFO - Processing /home/acer/.local/share/virtualenvs/custom_airflow-E5ZHcY_K/lib/python3.12/site-packages/airflow/example_dags/example_branch_labels.py took 0.100 seconds
[2024-07-06T22:20:58.493+0700] {processor.py:161} INFO - Started process (PID=23022) to work on /home/acer/.local/share/virtualenvs/custom_airflow-E5ZHcY_K/lib/python3.12/site-packages/airflow/example_dags/example_branch_labels.py
[2024-07-06T22:20:58.495+0700] {processor.py:830} INFO - Processing file /home/acer/.local/share/virtualenvs/custom_airflow-E5ZHcY_K/lib/python3.12/site-packages/airflow/example_dags/example_branch_labels.py for tasks to queue
[2024-07-06T22:20:58.498+0700] {logging_mixin.py:188} INFO - [2024-07-06T22:20:58.497+0700] {dagbag.py:545} INFO - Filling up the DagBag from /home/acer/.local/share/virtualenvs/custom_airflow-E5ZHcY_K/lib/python3.12/site-packages/airflow/example_dags/example_branch_labels.py
[2024-07-06T22:20:58.510+0700] {processor.py:840} INFO - DAG(s) 'example_branch_labels' retrieved from /home/acer/.local/share/virtualenvs/custom_airflow-E5ZHcY_K/lib/python3.12/site-packages/airflow/example_dags/example_branch_labels.py
[2024-07-06T22:20:58.539+0700] {logging_mixin.py:188} INFO - [2024-07-06T22:20:58.539+0700] {dag.py:3096} INFO - Sync 1 DAGs
[2024-07-06T22:20:58.568+0700] {logging_mixin.py:188} INFO - [2024-07-06T22:20:58.567+0700] {dag.py:3954} INFO - Setting next_dagrun for example_branch_labels to 2024-07-05 00:00:00+00:00, run_after=2024-07-06 00:00:00+00:00
[2024-07-06T22:20:58.595+0700] {processor.py:183} INFO - Processing /home/acer/.local/share/virtualenvs/custom_airflow-E5ZHcY_K/lib/python3.12/site-packages/airflow/example_dags/example_branch_labels.py took 0.110 seconds
