[2024-07-06T16:09:22.052+0700] {processor.py:161} INFO - Started process (PID=51427) to work on /home/acer/.local/share/virtualenvs/custom_airflow-E5ZHcY_K/lib/python3.12/site-packages/airflow/example_dags/example_latest_only.py
[2024-07-06T16:09:22.055+0700] {processor.py:830} INFO - Processing file /home/acer/.local/share/virtualenvs/custom_airflow-E5ZHcY_K/lib/python3.12/site-packages/airflow/example_dags/example_latest_only.py for tasks to queue
[2024-07-06T16:09:22.064+0700] {logging_mixin.py:188} INFO - [2024-07-06T16:09:22.062+0700] {dagbag.py:545} INFO - Filling up the DagBag from /home/acer/.local/share/virtualenvs/custom_airflow-E5ZHcY_K/lib/python3.12/site-packages/airflow/example_dags/example_latest_only.py
[2024-07-06T16:09:22.075+0700] {processor.py:840} INFO - DAG(s) 'latest_only' retrieved from /home/acer/.local/share/virtualenvs/custom_airflow-E5ZHcY_K/lib/python3.12/site-packages/airflow/example_dags/example_latest_only.py
[2024-07-06T16:09:22.196+0700] {logging_mixin.py:188} INFO - [2024-07-06T16:09:22.195+0700] {override.py:1847} INFO - Created Permission View: can delete on DAG:latest_only
[2024-07-06T16:09:22.207+0700] {logging_mixin.py:188} INFO - [2024-07-06T16:09:22.206+0700] {override.py:1847} INFO - Created Permission View: can edit on DAG:latest_only
[2024-07-06T16:09:22.215+0700] {logging_mixin.py:188} INFO - [2024-07-06T16:09:22.215+0700] {override.py:1847} INFO - Created Permission View: can read on DAG:latest_only
[2024-07-06T16:09:22.215+0700] {logging_mixin.py:188} INFO - [2024-07-06T16:09:22.215+0700] {dag.py:3096} INFO - Sync 1 DAGs
[2024-07-06T16:09:22.226+0700] {logging_mixin.py:188} INFO - [2024-07-06T16:09:22.226+0700] {dag.py:3118} INFO - Creating ORM DAG for latest_only
[2024-07-06T16:09:22.235+0700] {logging_mixin.py:188} INFO - [2024-07-06T16:09:22.235+0700] {dag.py:3954} INFO - Setting next_dagrun for latest_only to 2024-07-06 04:00:00+00:00, run_after=2024-07-06 08:00:00+00:00
[2024-07-06T16:09:22.259+0700] {processor.py:183} INFO - Processing /home/acer/.local/share/virtualenvs/custom_airflow-E5ZHcY_K/lib/python3.12/site-packages/airflow/example_dags/example_latest_only.py took 0.239 seconds
[2024-07-06T16:11:10.389+0700] {processor.py:161} INFO - Started process (PID=52368) to work on /home/acer/.local/share/virtualenvs/custom_airflow-E5ZHcY_K/lib/python3.12/site-packages/airflow/example_dags/example_latest_only.py
[2024-07-06T16:11:10.392+0700] {processor.py:830} INFO - Processing file /home/acer/.local/share/virtualenvs/custom_airflow-E5ZHcY_K/lib/python3.12/site-packages/airflow/example_dags/example_latest_only.py for tasks to queue
[2024-07-06T16:11:10.394+0700] {logging_mixin.py:188} INFO - [2024-07-06T16:11:10.393+0700] {dagbag.py:545} INFO - Filling up the DagBag from /home/acer/.local/share/virtualenvs/custom_airflow-E5ZHcY_K/lib/python3.12/site-packages/airflow/example_dags/example_latest_only.py
[2024-07-06T16:11:10.404+0700] {processor.py:840} INFO - DAG(s) 'latest_only' retrieved from /home/acer/.local/share/virtualenvs/custom_airflow-E5ZHcY_K/lib/python3.12/site-packages/airflow/example_dags/example_latest_only.py
[2024-07-06T16:11:10.423+0700] {logging_mixin.py:188} INFO - [2024-07-06T16:11:10.422+0700] {dag.py:3096} INFO - Sync 1 DAGs
[2024-07-06T16:11:10.443+0700] {logging_mixin.py:188} INFO - [2024-07-06T16:11:10.442+0700] {dag.py:3954} INFO - Setting next_dagrun for latest_only to 2024-07-06 04:00:00+00:00, run_after=2024-07-06 08:00:00+00:00
[2024-07-06T16:11:10.467+0700] {processor.py:183} INFO - Processing /home/acer/.local/share/virtualenvs/custom_airflow-E5ZHcY_K/lib/python3.12/site-packages/airflow/example_dags/example_latest_only.py took 0.097 seconds
[2024-07-06T16:16:11.541+0700] {processor.py:161} INFO - Started process (PID=54999) to work on /home/acer/.local/share/virtualenvs/custom_airflow-E5ZHcY_K/lib/python3.12/site-packages/airflow/example_dags/example_latest_only.py
[2024-07-06T16:16:11.542+0700] {processor.py:830} INFO - Processing file /home/acer/.local/share/virtualenvs/custom_airflow-E5ZHcY_K/lib/python3.12/site-packages/airflow/example_dags/example_latest_only.py for tasks to queue
[2024-07-06T16:16:11.544+0700] {logging_mixin.py:188} INFO - [2024-07-06T16:16:11.543+0700] {dagbag.py:545} INFO - Filling up the DagBag from /home/acer/.local/share/virtualenvs/custom_airflow-E5ZHcY_K/lib/python3.12/site-packages/airflow/example_dags/example_latest_only.py
[2024-07-06T16:16:11.548+0700] {processor.py:840} INFO - DAG(s) 'latest_only' retrieved from /home/acer/.local/share/virtualenvs/custom_airflow-E5ZHcY_K/lib/python3.12/site-packages/airflow/example_dags/example_latest_only.py
[2024-07-06T16:16:11.655+0700] {logging_mixin.py:188} INFO - [2024-07-06T16:16:11.655+0700] {dag.py:3096} INFO - Sync 1 DAGs
[2024-07-06T16:16:11.673+0700] {logging_mixin.py:188} INFO - [2024-07-06T16:16:11.673+0700] {dag.py:3954} INFO - Setting next_dagrun for latest_only to 2024-07-06 04:00:00+00:00, run_after=2024-07-06 08:00:00+00:00
[2024-07-06T16:16:11.695+0700] {processor.py:183} INFO - Processing /home/acer/.local/share/virtualenvs/custom_airflow-E5ZHcY_K/lib/python3.12/site-packages/airflow/example_dags/example_latest_only.py took 0.159 seconds
[2024-07-06T16:17:08.915+0700] {processor.py:161} INFO - Started process (PID=55548) to work on /home/acer/.local/share/virtualenvs/custom_airflow-E5ZHcY_K/lib/python3.12/site-packages/airflow/example_dags/example_latest_only.py
[2024-07-06T16:17:08.917+0700] {processor.py:830} INFO - Processing file /home/acer/.local/share/virtualenvs/custom_airflow-E5ZHcY_K/lib/python3.12/site-packages/airflow/example_dags/example_latest_only.py for tasks to queue
[2024-07-06T16:17:08.921+0700] {logging_mixin.py:188} INFO - [2024-07-06T16:17:08.920+0700] {dagbag.py:545} INFO - Filling up the DagBag from /home/acer/.local/share/virtualenvs/custom_airflow-E5ZHcY_K/lib/python3.12/site-packages/airflow/example_dags/example_latest_only.py
[2024-07-06T16:17:08.932+0700] {processor.py:840} INFO - DAG(s) 'latest_only' retrieved from /home/acer/.local/share/virtualenvs/custom_airflow-E5ZHcY_K/lib/python3.12/site-packages/airflow/example_dags/example_latest_only.py
[2024-07-06T16:17:08.959+0700] {logging_mixin.py:188} INFO - [2024-07-06T16:17:08.959+0700] {dag.py:3096} INFO - Sync 1 DAGs
[2024-07-06T16:17:08.981+0700] {logging_mixin.py:188} INFO - [2024-07-06T16:17:08.980+0700] {dag.py:3954} INFO - Setting next_dagrun for latest_only to 2024-07-06 04:00:00+00:00, run_after=2024-07-06 08:00:00+00:00
[2024-07-06T16:17:09.005+0700] {processor.py:183} INFO - Processing /home/acer/.local/share/virtualenvs/custom_airflow-E5ZHcY_K/lib/python3.12/site-packages/airflow/example_dags/example_latest_only.py took 0.102 seconds
[2024-07-06T16:18:01.606+0700] {processor.py:161} INFO - Started process (PID=55866) to work on /home/acer/.local/share/virtualenvs/custom_airflow-E5ZHcY_K/lib/python3.12/site-packages/airflow/example_dags/example_latest_only.py
[2024-07-06T16:18:01.609+0700] {processor.py:830} INFO - Processing file /home/acer/.local/share/virtualenvs/custom_airflow-E5ZHcY_K/lib/python3.12/site-packages/airflow/example_dags/example_latest_only.py for tasks to queue
[2024-07-06T16:18:01.612+0700] {logging_mixin.py:188} INFO - [2024-07-06T16:18:01.611+0700] {dagbag.py:545} INFO - Filling up the DagBag from /home/acer/.local/share/virtualenvs/custom_airflow-E5ZHcY_K/lib/python3.12/site-packages/airflow/example_dags/example_latest_only.py
[2024-07-06T16:18:01.620+0700] {processor.py:840} INFO - DAG(s) 'latest_only' retrieved from /home/acer/.local/share/virtualenvs/custom_airflow-E5ZHcY_K/lib/python3.12/site-packages/airflow/example_dags/example_latest_only.py
[2024-07-06T16:18:01.637+0700] {logging_mixin.py:188} INFO - [2024-07-06T16:18:01.636+0700] {dag.py:3096} INFO - Sync 1 DAGs
[2024-07-06T16:18:01.657+0700] {logging_mixin.py:188} INFO - [2024-07-06T16:18:01.657+0700] {dag.py:3954} INFO - Setting next_dagrun for latest_only to 2024-07-06 04:00:00+00:00, run_after=2024-07-06 08:00:00+00:00
[2024-07-06T16:18:01.678+0700] {processor.py:183} INFO - Processing /home/acer/.local/share/virtualenvs/custom_airflow-E5ZHcY_K/lib/python3.12/site-packages/airflow/example_dags/example_latest_only.py took 0.090 seconds
[2024-07-06T16:18:53.087+0700] {processor.py:161} INFO - Started process (PID=56126) to work on /home/acer/.local/share/virtualenvs/custom_airflow-E5ZHcY_K/lib/python3.12/site-packages/airflow/example_dags/example_latest_only.py
[2024-07-06T16:18:53.091+0700] {processor.py:830} INFO - Processing file /home/acer/.local/share/virtualenvs/custom_airflow-E5ZHcY_K/lib/python3.12/site-packages/airflow/example_dags/example_latest_only.py for tasks to queue
[2024-07-06T16:18:53.099+0700] {logging_mixin.py:188} INFO - [2024-07-06T16:18:53.098+0700] {dagbag.py:545} INFO - Filling up the DagBag from /home/acer/.local/share/virtualenvs/custom_airflow-E5ZHcY_K/lib/python3.12/site-packages/airflow/example_dags/example_latest_only.py
[2024-07-06T16:18:53.116+0700] {processor.py:840} INFO - DAG(s) 'latest_only' retrieved from /home/acer/.local/share/virtualenvs/custom_airflow-E5ZHcY_K/lib/python3.12/site-packages/airflow/example_dags/example_latest_only.py
[2024-07-06T16:18:53.146+0700] {logging_mixin.py:188} INFO - [2024-07-06T16:18:53.146+0700] {dag.py:3096} INFO - Sync 1 DAGs
[2024-07-06T16:18:53.169+0700] {logging_mixin.py:188} INFO - [2024-07-06T16:18:53.169+0700] {dag.py:3954} INFO - Setting next_dagrun for latest_only to 2024-07-06 04:00:00+00:00, run_after=2024-07-06 08:00:00+00:00
[2024-07-06T16:18:53.190+0700] {processor.py:183} INFO - Processing /home/acer/.local/share/virtualenvs/custom_airflow-E5ZHcY_K/lib/python3.12/site-packages/airflow/example_dags/example_latest_only.py took 0.125 seconds
[2024-07-06T16:20:17.228+0700] {processor.py:161} INFO - Started process (PID=57026) to work on /home/acer/.local/share/virtualenvs/custom_airflow-E5ZHcY_K/lib/python3.12/site-packages/airflow/example_dags/example_latest_only.py
[2024-07-06T16:20:17.229+0700] {processor.py:830} INFO - Processing file /home/acer/.local/share/virtualenvs/custom_airflow-E5ZHcY_K/lib/python3.12/site-packages/airflow/example_dags/example_latest_only.py for tasks to queue
[2024-07-06T16:20:17.233+0700] {logging_mixin.py:188} INFO - [2024-07-06T16:20:17.232+0700] {dagbag.py:545} INFO - Filling up the DagBag from /home/acer/.local/share/virtualenvs/custom_airflow-E5ZHcY_K/lib/python3.12/site-packages/airflow/example_dags/example_latest_only.py
[2024-07-06T16:20:17.239+0700] {processor.py:840} INFO - DAG(s) 'latest_only' retrieved from /home/acer/.local/share/virtualenvs/custom_airflow-E5ZHcY_K/lib/python3.12/site-packages/airflow/example_dags/example_latest_only.py
[2024-07-06T16:20:17.256+0700] {logging_mixin.py:188} INFO - [2024-07-06T16:20:17.256+0700] {dag.py:3096} INFO - Sync 1 DAGs
[2024-07-06T16:20:17.283+0700] {logging_mixin.py:188} INFO - [2024-07-06T16:20:17.283+0700] {dag.py:3954} INFO - Setting next_dagrun for latest_only to 2024-07-06 04:00:00+00:00, run_after=2024-07-06 08:00:00+00:00
[2024-07-06T16:20:17.309+0700] {processor.py:183} INFO - Processing /home/acer/.local/share/virtualenvs/custom_airflow-E5ZHcY_K/lib/python3.12/site-packages/airflow/example_dags/example_latest_only.py took 0.092 seconds
[2024-07-06T16:21:14.642+0700] {processor.py:161} INFO - Started process (PID=57495) to work on /home/acer/.local/share/virtualenvs/custom_airflow-E5ZHcY_K/lib/python3.12/site-packages/airflow/example_dags/example_latest_only.py
[2024-07-06T16:21:14.644+0700] {processor.py:830} INFO - Processing file /home/acer/.local/share/virtualenvs/custom_airflow-E5ZHcY_K/lib/python3.12/site-packages/airflow/example_dags/example_latest_only.py for tasks to queue
[2024-07-06T16:21:14.649+0700] {logging_mixin.py:188} INFO - [2024-07-06T16:21:14.649+0700] {dagbag.py:545} INFO - Filling up the DagBag from /home/acer/.local/share/virtualenvs/custom_airflow-E5ZHcY_K/lib/python3.12/site-packages/airflow/example_dags/example_latest_only.py
[2024-07-06T16:21:14.656+0700] {processor.py:840} INFO - DAG(s) 'latest_only' retrieved from /home/acer/.local/share/virtualenvs/custom_airflow-E5ZHcY_K/lib/python3.12/site-packages/airflow/example_dags/example_latest_only.py
[2024-07-06T16:21:14.673+0700] {logging_mixin.py:188} INFO - [2024-07-06T16:21:14.673+0700] {dag.py:3096} INFO - Sync 1 DAGs
[2024-07-06T16:21:14.693+0700] {logging_mixin.py:188} INFO - [2024-07-06T16:21:14.693+0700] {dag.py:3954} INFO - Setting next_dagrun for latest_only to 2024-07-06 04:00:00+00:00, run_after=2024-07-06 08:00:00+00:00
[2024-07-06T16:21:14.714+0700] {processor.py:183} INFO - Processing /home/acer/.local/share/virtualenvs/custom_airflow-E5ZHcY_K/lib/python3.12/site-packages/airflow/example_dags/example_latest_only.py took 0.091 seconds
[2024-07-06T16:22:26.482+0700] {processor.py:161} INFO - Started process (PID=57937) to work on /home/acer/.local/share/virtualenvs/custom_airflow-E5ZHcY_K/lib/python3.12/site-packages/airflow/example_dags/example_latest_only.py
[2024-07-06T16:22:26.485+0700] {processor.py:830} INFO - Processing file /home/acer/.local/share/virtualenvs/custom_airflow-E5ZHcY_K/lib/python3.12/site-packages/airflow/example_dags/example_latest_only.py for tasks to queue
[2024-07-06T16:22:26.488+0700] {logging_mixin.py:188} INFO - [2024-07-06T16:22:26.488+0700] {dagbag.py:545} INFO - Filling up the DagBag from /home/acer/.local/share/virtualenvs/custom_airflow-E5ZHcY_K/lib/python3.12/site-packages/airflow/example_dags/example_latest_only.py
[2024-07-06T16:22:26.495+0700] {processor.py:840} INFO - DAG(s) 'latest_only' retrieved from /home/acer/.local/share/virtualenvs/custom_airflow-E5ZHcY_K/lib/python3.12/site-packages/airflow/example_dags/example_latest_only.py
[2024-07-06T16:22:26.512+0700] {logging_mixin.py:188} INFO - [2024-07-06T16:22:26.512+0700] {dag.py:3096} INFO - Sync 1 DAGs
[2024-07-06T16:22:26.543+0700] {logging_mixin.py:188} INFO - [2024-07-06T16:22:26.542+0700] {dag.py:3954} INFO - Setting next_dagrun for latest_only to 2024-07-06 04:00:00+00:00, run_after=2024-07-06 08:00:00+00:00
[2024-07-06T16:22:26.572+0700] {processor.py:183} INFO - Processing /home/acer/.local/share/virtualenvs/custom_airflow-E5ZHcY_K/lib/python3.12/site-packages/airflow/example_dags/example_latest_only.py took 0.110 seconds
[2024-07-06T16:24:35.398+0700] {processor.py:161} INFO - Started process (PID=59368) to work on /home/acer/.local/share/virtualenvs/custom_airflow-E5ZHcY_K/lib/python3.12/site-packages/airflow/example_dags/example_latest_only.py
[2024-07-06T16:24:35.400+0700] {processor.py:830} INFO - Processing file /home/acer/.local/share/virtualenvs/custom_airflow-E5ZHcY_K/lib/python3.12/site-packages/airflow/example_dags/example_latest_only.py for tasks to queue
[2024-07-06T16:24:35.404+0700] {logging_mixin.py:188} INFO - [2024-07-06T16:24:35.403+0700] {dagbag.py:545} INFO - Filling up the DagBag from /home/acer/.local/share/virtualenvs/custom_airflow-E5ZHcY_K/lib/python3.12/site-packages/airflow/example_dags/example_latest_only.py
[2024-07-06T16:24:35.411+0700] {processor.py:840} INFO - DAG(s) 'latest_only' retrieved from /home/acer/.local/share/virtualenvs/custom_airflow-E5ZHcY_K/lib/python3.12/site-packages/airflow/example_dags/example_latest_only.py
[2024-07-06T16:24:35.428+0700] {logging_mixin.py:188} INFO - [2024-07-06T16:24:35.428+0700] {dag.py:3096} INFO - Sync 1 DAGs
[2024-07-06T16:24:35.449+0700] {logging_mixin.py:188} INFO - [2024-07-06T16:24:35.448+0700] {dag.py:3954} INFO - Setting next_dagrun for latest_only to 2024-07-06 04:00:00+00:00, run_after=2024-07-06 08:00:00+00:00
[2024-07-06T16:24:35.470+0700] {processor.py:183} INFO - Processing /home/acer/.local/share/virtualenvs/custom_airflow-E5ZHcY_K/lib/python3.12/site-packages/airflow/example_dags/example_latest_only.py took 0.092 seconds
[2024-07-06T16:25:31.098+0700] {processor.py:161} INFO - Started process (PID=59743) to work on /home/acer/.local/share/virtualenvs/custom_airflow-E5ZHcY_K/lib/python3.12/site-packages/airflow/example_dags/example_latest_only.py
[2024-07-06T16:25:31.099+0700] {processor.py:830} INFO - Processing file /home/acer/.local/share/virtualenvs/custom_airflow-E5ZHcY_K/lib/python3.12/site-packages/airflow/example_dags/example_latest_only.py for tasks to queue
[2024-07-06T16:25:31.101+0700] {logging_mixin.py:188} INFO - [2024-07-06T16:25:31.101+0700] {dagbag.py:545} INFO - Filling up the DagBag from /home/acer/.local/share/virtualenvs/custom_airflow-E5ZHcY_K/lib/python3.12/site-packages/airflow/example_dags/example_latest_only.py
[2024-07-06T16:25:31.107+0700] {processor.py:840} INFO - DAG(s) 'latest_only' retrieved from /home/acer/.local/share/virtualenvs/custom_airflow-E5ZHcY_K/lib/python3.12/site-packages/airflow/example_dags/example_latest_only.py
[2024-07-06T16:25:31.131+0700] {logging_mixin.py:188} INFO - [2024-07-06T16:25:31.130+0700] {dag.py:3096} INFO - Sync 1 DAGs
[2024-07-06T16:25:31.172+0700] {logging_mixin.py:188} INFO - [2024-07-06T16:25:31.172+0700] {dag.py:3954} INFO - Setting next_dagrun for latest_only to 2024-07-06 04:00:00+00:00, run_after=2024-07-06 08:00:00+00:00
[2024-07-06T16:25:31.208+0700] {processor.py:183} INFO - Processing /home/acer/.local/share/virtualenvs/custom_airflow-E5ZHcY_K/lib/python3.12/site-packages/airflow/example_dags/example_latest_only.py took 0.116 seconds
[2024-07-06T16:26:26.460+0700] {processor.py:161} INFO - Started process (PID=60109) to work on /home/acer/.local/share/virtualenvs/custom_airflow-E5ZHcY_K/lib/python3.12/site-packages/airflow/example_dags/example_latest_only.py
[2024-07-06T16:26:26.462+0700] {processor.py:830} INFO - Processing file /home/acer/.local/share/virtualenvs/custom_airflow-E5ZHcY_K/lib/python3.12/site-packages/airflow/example_dags/example_latest_only.py for tasks to queue
[2024-07-06T16:26:26.466+0700] {logging_mixin.py:188} INFO - [2024-07-06T16:26:26.465+0700] {dagbag.py:545} INFO - Filling up the DagBag from /home/acer/.local/share/virtualenvs/custom_airflow-E5ZHcY_K/lib/python3.12/site-packages/airflow/example_dags/example_latest_only.py
[2024-07-06T16:26:26.473+0700] {processor.py:840} INFO - DAG(s) 'latest_only' retrieved from /home/acer/.local/share/virtualenvs/custom_airflow-E5ZHcY_K/lib/python3.12/site-packages/airflow/example_dags/example_latest_only.py
[2024-07-06T16:26:26.489+0700] {logging_mixin.py:188} INFO - [2024-07-06T16:26:26.489+0700] {dag.py:3096} INFO - Sync 1 DAGs
[2024-07-06T16:26:26.510+0700] {logging_mixin.py:188} INFO - [2024-07-06T16:26:26.509+0700] {dag.py:3954} INFO - Setting next_dagrun for latest_only to 2024-07-06 04:00:00+00:00, run_after=2024-07-06 08:00:00+00:00
[2024-07-06T16:26:26.531+0700] {processor.py:183} INFO - Processing /home/acer/.local/share/virtualenvs/custom_airflow-E5ZHcY_K/lib/python3.12/site-packages/airflow/example_dags/example_latest_only.py took 0.090 seconds
[2024-07-06T16:27:16.126+0700] {processor.py:161} INFO - Started process (PID=60351) to work on /home/acer/.local/share/virtualenvs/custom_airflow-E5ZHcY_K/lib/python3.12/site-packages/airflow/example_dags/example_latest_only.py
[2024-07-06T16:27:16.127+0700] {processor.py:830} INFO - Processing file /home/acer/.local/share/virtualenvs/custom_airflow-E5ZHcY_K/lib/python3.12/site-packages/airflow/example_dags/example_latest_only.py for tasks to queue
[2024-07-06T16:27:16.128+0700] {logging_mixin.py:188} INFO - [2024-07-06T16:27:16.128+0700] {dagbag.py:545} INFO - Filling up the DagBag from /home/acer/.local/share/virtualenvs/custom_airflow-E5ZHcY_K/lib/python3.12/site-packages/airflow/example_dags/example_latest_only.py
[2024-07-06T16:27:16.133+0700] {processor.py:840} INFO - DAG(s) 'latest_only' retrieved from /home/acer/.local/share/virtualenvs/custom_airflow-E5ZHcY_K/lib/python3.12/site-packages/airflow/example_dags/example_latest_only.py
[2024-07-06T16:27:16.147+0700] {logging_mixin.py:188} INFO - [2024-07-06T16:27:16.147+0700] {dag.py:3096} INFO - Sync 1 DAGs
[2024-07-06T16:27:16.168+0700] {logging_mixin.py:188} INFO - [2024-07-06T16:27:16.168+0700] {dag.py:3954} INFO - Setting next_dagrun for latest_only to 2024-07-06 04:00:00+00:00, run_after=2024-07-06 08:00:00+00:00
[2024-07-06T16:27:16.189+0700] {processor.py:183} INFO - Processing /home/acer/.local/share/virtualenvs/custom_airflow-E5ZHcY_K/lib/python3.12/site-packages/airflow/example_dags/example_latest_only.py took 0.069 seconds
[2024-07-06T16:28:25.010+0700] {processor.py:161} INFO - Started process (PID=60719) to work on /home/acer/.local/share/virtualenvs/custom_airflow-E5ZHcY_K/lib/python3.12/site-packages/airflow/example_dags/example_latest_only.py
[2024-07-06T16:28:25.011+0700] {processor.py:830} INFO - Processing file /home/acer/.local/share/virtualenvs/custom_airflow-E5ZHcY_K/lib/python3.12/site-packages/airflow/example_dags/example_latest_only.py for tasks to queue
[2024-07-06T16:28:25.013+0700] {logging_mixin.py:188} INFO - [2024-07-06T16:28:25.012+0700] {dagbag.py:545} INFO - Filling up the DagBag from /home/acer/.local/share/virtualenvs/custom_airflow-E5ZHcY_K/lib/python3.12/site-packages/airflow/example_dags/example_latest_only.py
[2024-07-06T16:28:25.018+0700] {processor.py:840} INFO - DAG(s) 'latest_only' retrieved from /home/acer/.local/share/virtualenvs/custom_airflow-E5ZHcY_K/lib/python3.12/site-packages/airflow/example_dags/example_latest_only.py
[2024-07-06T16:28:25.034+0700] {logging_mixin.py:188} INFO - [2024-07-06T16:28:25.034+0700] {dag.py:3096} INFO - Sync 1 DAGs
[2024-07-06T16:28:25.054+0700] {logging_mixin.py:188} INFO - [2024-07-06T16:28:25.054+0700] {dag.py:3954} INFO - Setting next_dagrun for latest_only to 2024-07-06 04:00:00+00:00, run_after=2024-07-06 08:00:00+00:00
[2024-07-06T16:28:25.076+0700] {processor.py:183} INFO - Processing /home/acer/.local/share/virtualenvs/custom_airflow-E5ZHcY_K/lib/python3.12/site-packages/airflow/example_dags/example_latest_only.py took 0.072 seconds
[2024-07-06T16:29:34.860+0700] {processor.py:161} INFO - Started process (PID=61067) to work on /home/acer/.local/share/virtualenvs/custom_airflow-E5ZHcY_K/lib/python3.12/site-packages/airflow/example_dags/example_latest_only.py
[2024-07-06T16:29:34.862+0700] {processor.py:830} INFO - Processing file /home/acer/.local/share/virtualenvs/custom_airflow-E5ZHcY_K/lib/python3.12/site-packages/airflow/example_dags/example_latest_only.py for tasks to queue
[2024-07-06T16:29:34.866+0700] {logging_mixin.py:188} INFO - [2024-07-06T16:29:34.865+0700] {dagbag.py:545} INFO - Filling up the DagBag from /home/acer/.local/share/virtualenvs/custom_airflow-E5ZHcY_K/lib/python3.12/site-packages/airflow/example_dags/example_latest_only.py
[2024-07-06T16:29:34.874+0700] {processor.py:840} INFO - DAG(s) 'latest_only' retrieved from /home/acer/.local/share/virtualenvs/custom_airflow-E5ZHcY_K/lib/python3.12/site-packages/airflow/example_dags/example_latest_only.py
[2024-07-06T16:29:34.891+0700] {logging_mixin.py:188} INFO - [2024-07-06T16:29:34.891+0700] {dag.py:3096} INFO - Sync 1 DAGs
[2024-07-06T16:29:34.911+0700] {logging_mixin.py:188} INFO - [2024-07-06T16:29:34.911+0700] {dag.py:3954} INFO - Setting next_dagrun for latest_only to 2024-07-06 04:00:00+00:00, run_after=2024-07-06 08:00:00+00:00
[2024-07-06T16:29:34.933+0700] {processor.py:183} INFO - Processing /home/acer/.local/share/virtualenvs/custom_airflow-E5ZHcY_K/lib/python3.12/site-packages/airflow/example_dags/example_latest_only.py took 0.088 seconds
[2024-07-06T16:30:41.944+0700] {processor.py:161} INFO - Started process (PID=61431) to work on /home/acer/.local/share/virtualenvs/custom_airflow-E5ZHcY_K/lib/python3.12/site-packages/airflow/example_dags/example_latest_only.py
[2024-07-06T16:30:41.945+0700] {processor.py:830} INFO - Processing file /home/acer/.local/share/virtualenvs/custom_airflow-E5ZHcY_K/lib/python3.12/site-packages/airflow/example_dags/example_latest_only.py for tasks to queue
[2024-07-06T16:30:41.947+0700] {logging_mixin.py:188} INFO - [2024-07-06T16:30:41.947+0700] {dagbag.py:545} INFO - Filling up the DagBag from /home/acer/.local/share/virtualenvs/custom_airflow-E5ZHcY_K/lib/python3.12/site-packages/airflow/example_dags/example_latest_only.py
[2024-07-06T16:30:41.952+0700] {processor.py:840} INFO - DAG(s) 'latest_only' retrieved from /home/acer/.local/share/virtualenvs/custom_airflow-E5ZHcY_K/lib/python3.12/site-packages/airflow/example_dags/example_latest_only.py
[2024-07-06T16:30:41.967+0700] {logging_mixin.py:188} INFO - [2024-07-06T16:30:41.967+0700] {dag.py:3096} INFO - Sync 1 DAGs
[2024-07-06T16:30:41.987+0700] {logging_mixin.py:188} INFO - [2024-07-06T16:30:41.987+0700] {dag.py:3954} INFO - Setting next_dagrun for latest_only to 2024-07-06 04:00:00+00:00, run_after=2024-07-06 08:00:00+00:00
[2024-07-06T16:30:42.008+0700] {processor.py:183} INFO - Processing /home/acer/.local/share/virtualenvs/custom_airflow-E5ZHcY_K/lib/python3.12/site-packages/airflow/example_dags/example_latest_only.py took 0.072 seconds
[2024-07-06T16:31:49.336+0700] {processor.py:161} INFO - Started process (PID=61763) to work on /home/acer/.local/share/virtualenvs/custom_airflow-E5ZHcY_K/lib/python3.12/site-packages/airflow/example_dags/example_latest_only.py
[2024-07-06T16:31:49.338+0700] {processor.py:830} INFO - Processing file /home/acer/.local/share/virtualenvs/custom_airflow-E5ZHcY_K/lib/python3.12/site-packages/airflow/example_dags/example_latest_only.py for tasks to queue
[2024-07-06T16:31:49.342+0700] {logging_mixin.py:188} INFO - [2024-07-06T16:31:49.341+0700] {dagbag.py:545} INFO - Filling up the DagBag from /home/acer/.local/share/virtualenvs/custom_airflow-E5ZHcY_K/lib/python3.12/site-packages/airflow/example_dags/example_latest_only.py
[2024-07-06T16:31:49.349+0700] {processor.py:840} INFO - DAG(s) 'latest_only' retrieved from /home/acer/.local/share/virtualenvs/custom_airflow-E5ZHcY_K/lib/python3.12/site-packages/airflow/example_dags/example_latest_only.py
[2024-07-06T16:31:49.366+0700] {logging_mixin.py:188} INFO - [2024-07-06T16:31:49.366+0700] {dag.py:3096} INFO - Sync 1 DAGs
[2024-07-06T16:31:49.386+0700] {logging_mixin.py:188} INFO - [2024-07-06T16:31:49.386+0700] {dag.py:3954} INFO - Setting next_dagrun for latest_only to 2024-07-06 04:00:00+00:00, run_after=2024-07-06 08:00:00+00:00
[2024-07-06T16:31:49.407+0700] {processor.py:183} INFO - Processing /home/acer/.local/share/virtualenvs/custom_airflow-E5ZHcY_K/lib/python3.12/site-packages/airflow/example_dags/example_latest_only.py took 0.090 seconds
[2024-07-06T16:33:01.361+0700] {processor.py:161} INFO - Started process (PID=62127) to work on /home/acer/.local/share/virtualenvs/custom_airflow-E5ZHcY_K/lib/python3.12/site-packages/airflow/example_dags/example_latest_only.py
[2024-07-06T16:33:01.363+0700] {processor.py:830} INFO - Processing file /home/acer/.local/share/virtualenvs/custom_airflow-E5ZHcY_K/lib/python3.12/site-packages/airflow/example_dags/example_latest_only.py for tasks to queue
[2024-07-06T16:33:01.367+0700] {logging_mixin.py:188} INFO - [2024-07-06T16:33:01.366+0700] {dagbag.py:545} INFO - Filling up the DagBag from /home/acer/.local/share/virtualenvs/custom_airflow-E5ZHcY_K/lib/python3.12/site-packages/airflow/example_dags/example_latest_only.py
[2024-07-06T16:33:01.375+0700] {processor.py:840} INFO - DAG(s) 'latest_only' retrieved from /home/acer/.local/share/virtualenvs/custom_airflow-E5ZHcY_K/lib/python3.12/site-packages/airflow/example_dags/example_latest_only.py
[2024-07-06T16:33:01.393+0700] {logging_mixin.py:188} INFO - [2024-07-06T16:33:01.393+0700] {dag.py:3096} INFO - Sync 1 DAGs
[2024-07-06T16:33:01.428+0700] {logging_mixin.py:188} INFO - [2024-07-06T16:33:01.427+0700] {dag.py:3954} INFO - Setting next_dagrun for latest_only to 2024-07-06 04:00:00+00:00, run_after=2024-07-06 08:00:00+00:00
[2024-07-06T16:33:01.448+0700] {processor.py:183} INFO - Processing /home/acer/.local/share/virtualenvs/custom_airflow-E5ZHcY_K/lib/python3.12/site-packages/airflow/example_dags/example_latest_only.py took 0.106 seconds
[2024-07-06T16:33:52.430+0700] {processor.py:161} INFO - Started process (PID=62387) to work on /home/acer/.local/share/virtualenvs/custom_airflow-E5ZHcY_K/lib/python3.12/site-packages/airflow/example_dags/example_latest_only.py
[2024-07-06T16:33:52.431+0700] {processor.py:830} INFO - Processing file /home/acer/.local/share/virtualenvs/custom_airflow-E5ZHcY_K/lib/python3.12/site-packages/airflow/example_dags/example_latest_only.py for tasks to queue
[2024-07-06T16:33:52.432+0700] {logging_mixin.py:188} INFO - [2024-07-06T16:33:52.432+0700] {dagbag.py:545} INFO - Filling up the DagBag from /home/acer/.local/share/virtualenvs/custom_airflow-E5ZHcY_K/lib/python3.12/site-packages/airflow/example_dags/example_latest_only.py
[2024-07-06T16:33:52.437+0700] {processor.py:840} INFO - DAG(s) 'latest_only' retrieved from /home/acer/.local/share/virtualenvs/custom_airflow-E5ZHcY_K/lib/python3.12/site-packages/airflow/example_dags/example_latest_only.py
[2024-07-06T16:33:52.451+0700] {logging_mixin.py:188} INFO - [2024-07-06T16:33:52.451+0700] {dag.py:3096} INFO - Sync 1 DAGs
[2024-07-06T16:33:52.472+0700] {logging_mixin.py:188} INFO - [2024-07-06T16:33:52.472+0700] {dag.py:3954} INFO - Setting next_dagrun for latest_only to 2024-07-06 04:00:00+00:00, run_after=2024-07-06 08:00:00+00:00
[2024-07-06T16:33:52.493+0700] {processor.py:183} INFO - Processing /home/acer/.local/share/virtualenvs/custom_airflow-E5ZHcY_K/lib/python3.12/site-packages/airflow/example_dags/example_latest_only.py took 0.069 seconds
[2024-07-06T16:35:02.639+0700] {processor.py:161} INFO - Started process (PID=62750) to work on /home/acer/.local/share/virtualenvs/custom_airflow-E5ZHcY_K/lib/python3.12/site-packages/airflow/example_dags/example_latest_only.py
[2024-07-06T16:35:02.641+0700] {processor.py:830} INFO - Processing file /home/acer/.local/share/virtualenvs/custom_airflow-E5ZHcY_K/lib/python3.12/site-packages/airflow/example_dags/example_latest_only.py for tasks to queue
[2024-07-06T16:35:02.646+0700] {logging_mixin.py:188} INFO - [2024-07-06T16:35:02.645+0700] {dagbag.py:545} INFO - Filling up the DagBag from /home/acer/.local/share/virtualenvs/custom_airflow-E5ZHcY_K/lib/python3.12/site-packages/airflow/example_dags/example_latest_only.py
[2024-07-06T16:35:02.654+0700] {processor.py:840} INFO - DAG(s) 'latest_only' retrieved from /home/acer/.local/share/virtualenvs/custom_airflow-E5ZHcY_K/lib/python3.12/site-packages/airflow/example_dags/example_latest_only.py
[2024-07-06T16:35:02.671+0700] {logging_mixin.py:188} INFO - [2024-07-06T16:35:02.671+0700] {dag.py:3096} INFO - Sync 1 DAGs
[2024-07-06T16:35:02.692+0700] {logging_mixin.py:188} INFO - [2024-07-06T16:35:02.692+0700] {dag.py:3954} INFO - Setting next_dagrun for latest_only to 2024-07-06 04:00:00+00:00, run_after=2024-07-06 08:00:00+00:00
[2024-07-06T16:35:02.713+0700] {processor.py:183} INFO - Processing /home/acer/.local/share/virtualenvs/custom_airflow-E5ZHcY_K/lib/python3.12/site-packages/airflow/example_dags/example_latest_only.py took 0.094 seconds
[2024-07-06T16:36:14.701+0700] {processor.py:161} INFO - Started process (PID=63153) to work on /home/acer/.local/share/virtualenvs/custom_airflow-E5ZHcY_K/lib/python3.12/site-packages/airflow/example_dags/example_latest_only.py
[2024-07-06T16:36:14.702+0700] {processor.py:830} INFO - Processing file /home/acer/.local/share/virtualenvs/custom_airflow-E5ZHcY_K/lib/python3.12/site-packages/airflow/example_dags/example_latest_only.py for tasks to queue
[2024-07-06T16:36:14.703+0700] {logging_mixin.py:188} INFO - [2024-07-06T16:36:14.703+0700] {dagbag.py:545} INFO - Filling up the DagBag from /home/acer/.local/share/virtualenvs/custom_airflow-E5ZHcY_K/lib/python3.12/site-packages/airflow/example_dags/example_latest_only.py
[2024-07-06T16:36:14.708+0700] {processor.py:840} INFO - DAG(s) 'latest_only' retrieved from /home/acer/.local/share/virtualenvs/custom_airflow-E5ZHcY_K/lib/python3.12/site-packages/airflow/example_dags/example_latest_only.py
[2024-07-06T16:36:14.723+0700] {logging_mixin.py:188} INFO - [2024-07-06T16:36:14.723+0700] {dag.py:3096} INFO - Sync 1 DAGs
[2024-07-06T16:36:14.745+0700] {logging_mixin.py:188} INFO - [2024-07-06T16:36:14.745+0700] {dag.py:3954} INFO - Setting next_dagrun for latest_only to 2024-07-06 04:00:00+00:00, run_after=2024-07-06 08:00:00+00:00
[2024-07-06T16:36:14.769+0700] {processor.py:183} INFO - Processing /home/acer/.local/share/virtualenvs/custom_airflow-E5ZHcY_K/lib/python3.12/site-packages/airflow/example_dags/example_latest_only.py took 0.074 seconds
[2024-07-06T21:54:52.108+0700] {processor.py:161} INFO - Started process (PID=12044) to work on /home/acer/.local/share/virtualenvs/custom_airflow-E5ZHcY_K/lib/python3.12/site-packages/airflow/example_dags/example_latest_only.py
[2024-07-06T21:54:52.109+0700] {processor.py:830} INFO - Processing file /home/acer/.local/share/virtualenvs/custom_airflow-E5ZHcY_K/lib/python3.12/site-packages/airflow/example_dags/example_latest_only.py for tasks to queue
[2024-07-06T21:54:52.111+0700] {logging_mixin.py:188} INFO - [2024-07-06T21:54:52.110+0700] {dagbag.py:545} INFO - Filling up the DagBag from /home/acer/.local/share/virtualenvs/custom_airflow-E5ZHcY_K/lib/python3.12/site-packages/airflow/example_dags/example_latest_only.py
[2024-07-06T21:54:52.115+0700] {processor.py:840} INFO - DAG(s) 'latest_only' retrieved from /home/acer/.local/share/virtualenvs/custom_airflow-E5ZHcY_K/lib/python3.12/site-packages/airflow/example_dags/example_latest_only.py
[2024-07-06T21:54:52.132+0700] {logging_mixin.py:188} INFO - [2024-07-06T21:54:52.132+0700] {dag.py:3096} INFO - Sync 1 DAGs
[2024-07-06T21:54:52.152+0700] {logging_mixin.py:188} INFO - [2024-07-06T21:54:52.152+0700] {dag.py:3954} INFO - Setting next_dagrun for latest_only to 2024-07-06 08:00:00+00:00, run_after=2024-07-06 12:00:00+00:00
[2024-07-06T21:54:52.174+0700] {processor.py:183} INFO - Processing /home/acer/.local/share/virtualenvs/custom_airflow-E5ZHcY_K/lib/python3.12/site-packages/airflow/example_dags/example_latest_only.py took 0.071 seconds
[2024-07-06T21:55:46.908+0700] {processor.py:161} INFO - Started process (PID=12802) to work on /home/acer/.local/share/virtualenvs/custom_airflow-E5ZHcY_K/lib/python3.12/site-packages/airflow/example_dags/example_latest_only.py
[2024-07-06T21:55:46.911+0700] {processor.py:830} INFO - Processing file /home/acer/.local/share/virtualenvs/custom_airflow-E5ZHcY_K/lib/python3.12/site-packages/airflow/example_dags/example_latest_only.py for tasks to queue
[2024-07-06T21:55:46.917+0700] {logging_mixin.py:188} INFO - [2024-07-06T21:55:46.916+0700] {dagbag.py:545} INFO - Filling up the DagBag from /home/acer/.local/share/virtualenvs/custom_airflow-E5ZHcY_K/lib/python3.12/site-packages/airflow/example_dags/example_latest_only.py
[2024-07-06T21:55:46.927+0700] {processor.py:840} INFO - DAG(s) 'latest_only' retrieved from /home/acer/.local/share/virtualenvs/custom_airflow-E5ZHcY_K/lib/python3.12/site-packages/airflow/example_dags/example_latest_only.py
[2024-07-06T21:55:46.947+0700] {logging_mixin.py:188} INFO - [2024-07-06T21:55:46.946+0700] {dag.py:3096} INFO - Sync 1 DAGs
[2024-07-06T21:55:46.968+0700] {logging_mixin.py:188} INFO - [2024-07-06T21:55:46.967+0700] {dag.py:3954} INFO - Setting next_dagrun for latest_only to 2024-07-06 08:00:00+00:00, run_after=2024-07-06 12:00:00+00:00
[2024-07-06T21:55:46.988+0700] {processor.py:183} INFO - Processing /home/acer/.local/share/virtualenvs/custom_airflow-E5ZHcY_K/lib/python3.12/site-packages/airflow/example_dags/example_latest_only.py took 0.104 seconds
[2024-07-06T21:56:41.858+0700] {processor.py:161} INFO - Started process (PID=13345) to work on /home/acer/.local/share/virtualenvs/custom_airflow-E5ZHcY_K/lib/python3.12/site-packages/airflow/example_dags/example_latest_only.py
[2024-07-06T21:56:41.859+0700] {processor.py:830} INFO - Processing file /home/acer/.local/share/virtualenvs/custom_airflow-E5ZHcY_K/lib/python3.12/site-packages/airflow/example_dags/example_latest_only.py for tasks to queue
[2024-07-06T21:56:41.861+0700] {logging_mixin.py:188} INFO - [2024-07-06T21:56:41.860+0700] {dagbag.py:545} INFO - Filling up the DagBag from /home/acer/.local/share/virtualenvs/custom_airflow-E5ZHcY_K/lib/python3.12/site-packages/airflow/example_dags/example_latest_only.py
[2024-07-06T21:56:41.866+0700] {processor.py:840} INFO - DAG(s) 'latest_only' retrieved from /home/acer/.local/share/virtualenvs/custom_airflow-E5ZHcY_K/lib/python3.12/site-packages/airflow/example_dags/example_latest_only.py
[2024-07-06T21:56:41.881+0700] {logging_mixin.py:188} INFO - [2024-07-06T21:56:41.881+0700] {dag.py:3096} INFO - Sync 1 DAGs
[2024-07-06T21:56:41.903+0700] {logging_mixin.py:188} INFO - [2024-07-06T21:56:41.903+0700] {dag.py:3954} INFO - Setting next_dagrun for latest_only to 2024-07-06 08:00:00+00:00, run_after=2024-07-06 12:00:00+00:00
[2024-07-06T21:56:41.925+0700] {processor.py:183} INFO - Processing /home/acer/.local/share/virtualenvs/custom_airflow-E5ZHcY_K/lib/python3.12/site-packages/airflow/example_dags/example_latest_only.py took 0.072 seconds
[2024-07-06T21:57:57.221+0700] {processor.py:161} INFO - Started process (PID=14059) to work on /home/acer/.local/share/virtualenvs/custom_airflow-E5ZHcY_K/lib/python3.12/site-packages/airflow/example_dags/example_latest_only.py
[2024-07-06T21:57:57.222+0700] {processor.py:830} INFO - Processing file /home/acer/.local/share/virtualenvs/custom_airflow-E5ZHcY_K/lib/python3.12/site-packages/airflow/example_dags/example_latest_only.py for tasks to queue
[2024-07-06T21:57:57.226+0700] {logging_mixin.py:188} INFO - [2024-07-06T21:57:57.225+0700] {dagbag.py:545} INFO - Filling up the DagBag from /home/acer/.local/share/virtualenvs/custom_airflow-E5ZHcY_K/lib/python3.12/site-packages/airflow/example_dags/example_latest_only.py
[2024-07-06T21:57:57.234+0700] {processor.py:840} INFO - DAG(s) 'latest_only' retrieved from /home/acer/.local/share/virtualenvs/custom_airflow-E5ZHcY_K/lib/python3.12/site-packages/airflow/example_dags/example_latest_only.py
[2024-07-06T21:57:57.251+0700] {logging_mixin.py:188} INFO - [2024-07-06T21:57:57.251+0700] {dag.py:3096} INFO - Sync 1 DAGs
[2024-07-06T21:57:57.274+0700] {logging_mixin.py:188} INFO - [2024-07-06T21:57:57.274+0700] {dag.py:3954} INFO - Setting next_dagrun for latest_only to 2024-07-06 08:00:00+00:00, run_after=2024-07-06 12:00:00+00:00
[2024-07-06T21:57:57.296+0700] {processor.py:183} INFO - Processing /home/acer/.local/share/virtualenvs/custom_airflow-E5ZHcY_K/lib/python3.12/site-packages/airflow/example_dags/example_latest_only.py took 0.087 seconds
[2024-07-06T21:58:51.852+0700] {processor.py:161} INFO - Started process (PID=14314) to work on /home/acer/.local/share/virtualenvs/custom_airflow-E5ZHcY_K/lib/python3.12/site-packages/airflow/example_dags/example_latest_only.py
[2024-07-06T21:58:51.855+0700] {processor.py:830} INFO - Processing file /home/acer/.local/share/virtualenvs/custom_airflow-E5ZHcY_K/lib/python3.12/site-packages/airflow/example_dags/example_latest_only.py for tasks to queue
[2024-07-06T21:58:51.859+0700] {logging_mixin.py:188} INFO - [2024-07-06T21:58:51.858+0700] {dagbag.py:545} INFO - Filling up the DagBag from /home/acer/.local/share/virtualenvs/custom_airflow-E5ZHcY_K/lib/python3.12/site-packages/airflow/example_dags/example_latest_only.py
[2024-07-06T21:58:51.867+0700] {processor.py:840} INFO - DAG(s) 'latest_only' retrieved from /home/acer/.local/share/virtualenvs/custom_airflow-E5ZHcY_K/lib/python3.12/site-packages/airflow/example_dags/example_latest_only.py
[2024-07-06T21:58:51.883+0700] {logging_mixin.py:188} INFO - [2024-07-06T21:58:51.882+0700] {dag.py:3096} INFO - Sync 1 DAGs
[2024-07-06T21:58:51.905+0700] {logging_mixin.py:188} INFO - [2024-07-06T21:58:51.905+0700] {dag.py:3954} INFO - Setting next_dagrun for latest_only to 2024-07-06 08:00:00+00:00, run_after=2024-07-06 12:00:00+00:00
[2024-07-06T21:58:51.939+0700] {processor.py:183} INFO - Processing /home/acer/.local/share/virtualenvs/custom_airflow-E5ZHcY_K/lib/python3.12/site-packages/airflow/example_dags/example_latest_only.py took 0.106 seconds
[2024-07-06T22:00:06.724+0700] {processor.py:161} INFO - Started process (PID=14796) to work on /home/acer/.local/share/virtualenvs/custom_airflow-E5ZHcY_K/lib/python3.12/site-packages/airflow/example_dags/example_latest_only.py
[2024-07-06T22:00:06.729+0700] {processor.py:830} INFO - Processing file /home/acer/.local/share/virtualenvs/custom_airflow-E5ZHcY_K/lib/python3.12/site-packages/airflow/example_dags/example_latest_only.py for tasks to queue
[2024-07-06T22:00:06.736+0700] {logging_mixin.py:188} INFO - [2024-07-06T22:00:06.735+0700] {dagbag.py:545} INFO - Filling up the DagBag from /home/acer/.local/share/virtualenvs/custom_airflow-E5ZHcY_K/lib/python3.12/site-packages/airflow/example_dags/example_latest_only.py
[2024-07-06T22:00:06.751+0700] {processor.py:840} INFO - DAG(s) 'latest_only' retrieved from /home/acer/.local/share/virtualenvs/custom_airflow-E5ZHcY_K/lib/python3.12/site-packages/airflow/example_dags/example_latest_only.py
[2024-07-06T22:00:06.786+0700] {logging_mixin.py:188} INFO - [2024-07-06T22:00:06.785+0700] {dag.py:3096} INFO - Sync 1 DAGs
[2024-07-06T22:00:06.809+0700] {logging_mixin.py:188} INFO - [2024-07-06T22:00:06.808+0700] {dag.py:3954} INFO - Setting next_dagrun for latest_only to 2024-07-06 08:00:00+00:00, run_after=2024-07-06 12:00:00+00:00
[2024-07-06T22:00:06.841+0700] {processor.py:183} INFO - Processing /home/acer/.local/share/virtualenvs/custom_airflow-E5ZHcY_K/lib/python3.12/site-packages/airflow/example_dags/example_latest_only.py took 0.154 seconds
[2024-07-06T22:00:59.751+0700] {processor.py:161} INFO - Started process (PID=15072) to work on /home/acer/.local/share/virtualenvs/custom_airflow-E5ZHcY_K/lib/python3.12/site-packages/airflow/example_dags/example_latest_only.py
[2024-07-06T22:00:59.752+0700] {processor.py:830} INFO - Processing file /home/acer/.local/share/virtualenvs/custom_airflow-E5ZHcY_K/lib/python3.12/site-packages/airflow/example_dags/example_latest_only.py for tasks to queue
[2024-07-06T22:00:59.756+0700] {logging_mixin.py:188} INFO - [2024-07-06T22:00:59.755+0700] {dagbag.py:545} INFO - Filling up the DagBag from /home/acer/.local/share/virtualenvs/custom_airflow-E5ZHcY_K/lib/python3.12/site-packages/airflow/example_dags/example_latest_only.py
[2024-07-06T22:00:59.763+0700] {processor.py:840} INFO - DAG(s) 'latest_only' retrieved from /home/acer/.local/share/virtualenvs/custom_airflow-E5ZHcY_K/lib/python3.12/site-packages/airflow/example_dags/example_latest_only.py
[2024-07-06T22:00:59.779+0700] {logging_mixin.py:188} INFO - [2024-07-06T22:00:59.779+0700] {dag.py:3096} INFO - Sync 1 DAGs
[2024-07-06T22:00:59.801+0700] {logging_mixin.py:188} INFO - [2024-07-06T22:00:59.801+0700] {dag.py:3954} INFO - Setting next_dagrun for latest_only to 2024-07-06 08:00:00+00:00, run_after=2024-07-06 12:00:00+00:00
[2024-07-06T22:00:59.823+0700] {processor.py:183} INFO - Processing /home/acer/.local/share/virtualenvs/custom_airflow-E5ZHcY_K/lib/python3.12/site-packages/airflow/example_dags/example_latest_only.py took 0.087 seconds
[2024-07-06T22:02:33.302+0700] {processor.py:161} INFO - Started process (PID=16209) to work on /home/acer/.local/share/virtualenvs/custom_airflow-E5ZHcY_K/lib/python3.12/site-packages/airflow/example_dags/example_latest_only.py
[2024-07-06T22:02:33.306+0700] {processor.py:830} INFO - Processing file /home/acer/.local/share/virtualenvs/custom_airflow-E5ZHcY_K/lib/python3.12/site-packages/airflow/example_dags/example_latest_only.py for tasks to queue
[2024-07-06T22:02:33.311+0700] {logging_mixin.py:188} INFO - [2024-07-06T22:02:33.309+0700] {dagbag.py:545} INFO - Filling up the DagBag from /home/acer/.local/share/virtualenvs/custom_airflow-E5ZHcY_K/lib/python3.12/site-packages/airflow/example_dags/example_latest_only.py
[2024-07-06T22:02:33.319+0700] {processor.py:840} INFO - DAG(s) 'latest_only' retrieved from /home/acer/.local/share/virtualenvs/custom_airflow-E5ZHcY_K/lib/python3.12/site-packages/airflow/example_dags/example_latest_only.py
[2024-07-06T22:02:33.337+0700] {logging_mixin.py:188} INFO - [2024-07-06T22:02:33.336+0700] {dag.py:3096} INFO - Sync 1 DAGs
[2024-07-06T22:02:33.362+0700] {logging_mixin.py:188} INFO - [2024-07-06T22:02:33.361+0700] {dag.py:3954} INFO - Setting next_dagrun for latest_only to 2024-07-06 08:00:00+00:00, run_after=2024-07-06 12:00:00+00:00
[2024-07-06T22:02:33.390+0700] {processor.py:183} INFO - Processing /home/acer/.local/share/virtualenvs/custom_airflow-E5ZHcY_K/lib/python3.12/site-packages/airflow/example_dags/example_latest_only.py took 0.107 seconds
[2024-07-06T22:03:28.693+0700] {processor.py:161} INFO - Started process (PID=16487) to work on /home/acer/.local/share/virtualenvs/custom_airflow-E5ZHcY_K/lib/python3.12/site-packages/airflow/example_dags/example_latest_only.py
[2024-07-06T22:03:28.694+0700] {processor.py:830} INFO - Processing file /home/acer/.local/share/virtualenvs/custom_airflow-E5ZHcY_K/lib/python3.12/site-packages/airflow/example_dags/example_latest_only.py for tasks to queue
[2024-07-06T22:03:28.698+0700] {logging_mixin.py:188} INFO - [2024-07-06T22:03:28.697+0700] {dagbag.py:545} INFO - Filling up the DagBag from /home/acer/.local/share/virtualenvs/custom_airflow-E5ZHcY_K/lib/python3.12/site-packages/airflow/example_dags/example_latest_only.py
[2024-07-06T22:03:28.706+0700] {processor.py:840} INFO - DAG(s) 'latest_only' retrieved from /home/acer/.local/share/virtualenvs/custom_airflow-E5ZHcY_K/lib/python3.12/site-packages/airflow/example_dags/example_latest_only.py
[2024-07-06T22:03:28.725+0700] {logging_mixin.py:188} INFO - [2024-07-06T22:03:28.724+0700] {dag.py:3096} INFO - Sync 1 DAGs
[2024-07-06T22:03:28.745+0700] {logging_mixin.py:188} INFO - [2024-07-06T22:03:28.745+0700] {dag.py:3954} INFO - Setting next_dagrun for latest_only to 2024-07-06 08:00:00+00:00, run_after=2024-07-06 12:00:00+00:00
[2024-07-06T22:03:28.769+0700] {processor.py:183} INFO - Processing /home/acer/.local/share/virtualenvs/custom_airflow-E5ZHcY_K/lib/python3.12/site-packages/airflow/example_dags/example_latest_only.py took 0.086 seconds
[2024-07-06T22:05:41.913+0700] {processor.py:161} INFO - Started process (PID=17756) to work on /home/acer/.local/share/virtualenvs/custom_airflow-E5ZHcY_K/lib/python3.12/site-packages/airflow/example_dags/example_latest_only.py
[2024-07-06T22:05:41.914+0700] {processor.py:830} INFO - Processing file /home/acer/.local/share/virtualenvs/custom_airflow-E5ZHcY_K/lib/python3.12/site-packages/airflow/example_dags/example_latest_only.py for tasks to queue
[2024-07-06T22:05:41.916+0700] {logging_mixin.py:188} INFO - [2024-07-06T22:05:41.916+0700] {dagbag.py:545} INFO - Filling up the DagBag from /home/acer/.local/share/virtualenvs/custom_airflow-E5ZHcY_K/lib/python3.12/site-packages/airflow/example_dags/example_latest_only.py
[2024-07-06T22:05:41.921+0700] {processor.py:840} INFO - DAG(s) 'latest_only' retrieved from /home/acer/.local/share/virtualenvs/custom_airflow-E5ZHcY_K/lib/python3.12/site-packages/airflow/example_dags/example_latest_only.py
[2024-07-06T22:05:41.937+0700] {logging_mixin.py:188} INFO - [2024-07-06T22:05:41.937+0700] {dag.py:3096} INFO - Sync 1 DAGs
[2024-07-06T22:05:41.959+0700] {logging_mixin.py:188} INFO - [2024-07-06T22:05:41.959+0700] {dag.py:3954} INFO - Setting next_dagrun for latest_only to 2024-07-06 08:00:00+00:00, run_after=2024-07-06 12:00:00+00:00
[2024-07-06T22:05:41.982+0700] {processor.py:183} INFO - Processing /home/acer/.local/share/virtualenvs/custom_airflow-E5ZHcY_K/lib/python3.12/site-packages/airflow/example_dags/example_latest_only.py took 0.074 seconds
[2024-07-06T22:06:35.200+0700] {processor.py:161} INFO - Started process (PID=18172) to work on /home/acer/.local/share/virtualenvs/custom_airflow-E5ZHcY_K/lib/python3.12/site-packages/airflow/example_dags/example_latest_only.py
[2024-07-06T22:06:35.201+0700] {processor.py:830} INFO - Processing file /home/acer/.local/share/virtualenvs/custom_airflow-E5ZHcY_K/lib/python3.12/site-packages/airflow/example_dags/example_latest_only.py for tasks to queue
[2024-07-06T22:06:35.203+0700] {logging_mixin.py:188} INFO - [2024-07-06T22:06:35.203+0700] {dagbag.py:545} INFO - Filling up the DagBag from /home/acer/.local/share/virtualenvs/custom_airflow-E5ZHcY_K/lib/python3.12/site-packages/airflow/example_dags/example_latest_only.py
[2024-07-06T22:06:35.209+0700] {processor.py:840} INFO - DAG(s) 'latest_only' retrieved from /home/acer/.local/share/virtualenvs/custom_airflow-E5ZHcY_K/lib/python3.12/site-packages/airflow/example_dags/example_latest_only.py
[2024-07-06T22:06:35.224+0700] {logging_mixin.py:188} INFO - [2024-07-06T22:06:35.224+0700] {dag.py:3096} INFO - Sync 1 DAGs
[2024-07-06T22:06:35.246+0700] {logging_mixin.py:188} INFO - [2024-07-06T22:06:35.246+0700] {dag.py:3954} INFO - Setting next_dagrun for latest_only to 2024-07-06 08:00:00+00:00, run_after=2024-07-06 12:00:00+00:00
[2024-07-06T22:06:35.271+0700] {processor.py:183} INFO - Processing /home/acer/.local/share/virtualenvs/custom_airflow-E5ZHcY_K/lib/python3.12/site-packages/airflow/example_dags/example_latest_only.py took 0.078 seconds
[2024-07-06T22:07:28.876+0700] {processor.py:161} INFO - Started process (PID=18566) to work on /home/acer/.local/share/virtualenvs/custom_airflow-E5ZHcY_K/lib/python3.12/site-packages/airflow/example_dags/example_latest_only.py
[2024-07-06T22:07:28.877+0700] {processor.py:830} INFO - Processing file /home/acer/.local/share/virtualenvs/custom_airflow-E5ZHcY_K/lib/python3.12/site-packages/airflow/example_dags/example_latest_only.py for tasks to queue
[2024-07-06T22:07:28.879+0700] {logging_mixin.py:188} INFO - [2024-07-06T22:07:28.879+0700] {dagbag.py:545} INFO - Filling up the DagBag from /home/acer/.local/share/virtualenvs/custom_airflow-E5ZHcY_K/lib/python3.12/site-packages/airflow/example_dags/example_latest_only.py
[2024-07-06T22:07:28.884+0700] {processor.py:840} INFO - DAG(s) 'latest_only' retrieved from /home/acer/.local/share/virtualenvs/custom_airflow-E5ZHcY_K/lib/python3.12/site-packages/airflow/example_dags/example_latest_only.py
[2024-07-06T22:07:28.901+0700] {logging_mixin.py:188} INFO - [2024-07-06T22:07:28.901+0700] {dag.py:3096} INFO - Sync 1 DAGs
[2024-07-06T22:07:28.930+0700] {logging_mixin.py:188} INFO - [2024-07-06T22:07:28.929+0700] {dag.py:3954} INFO - Setting next_dagrun for latest_only to 2024-07-06 08:00:00+00:00, run_after=2024-07-06 12:00:00+00:00
[2024-07-06T22:07:28.956+0700] {processor.py:183} INFO - Processing /home/acer/.local/share/virtualenvs/custom_airflow-E5ZHcY_K/lib/python3.12/site-packages/airflow/example_dags/example_latest_only.py took 0.087 seconds
[2024-07-06T22:08:26.056+0700] {processor.py:161} INFO - Started process (PID=18854) to work on /home/acer/.local/share/virtualenvs/custom_airflow-E5ZHcY_K/lib/python3.12/site-packages/airflow/example_dags/example_latest_only.py
[2024-07-06T22:08:26.064+0700] {processor.py:830} INFO - Processing file /home/acer/.local/share/virtualenvs/custom_airflow-E5ZHcY_K/lib/python3.12/site-packages/airflow/example_dags/example_latest_only.py for tasks to queue
[2024-07-06T22:08:26.066+0700] {logging_mixin.py:188} INFO - [2024-07-06T22:08:26.066+0700] {dagbag.py:545} INFO - Filling up the DagBag from /home/acer/.local/share/virtualenvs/custom_airflow-E5ZHcY_K/lib/python3.12/site-packages/airflow/example_dags/example_latest_only.py
[2024-07-06T22:08:26.074+0700] {processor.py:840} INFO - DAG(s) 'latest_only' retrieved from /home/acer/.local/share/virtualenvs/custom_airflow-E5ZHcY_K/lib/python3.12/site-packages/airflow/example_dags/example_latest_only.py
[2024-07-06T22:08:26.089+0700] {logging_mixin.py:188} INFO - [2024-07-06T22:08:26.089+0700] {dag.py:3096} INFO - Sync 1 DAGs
[2024-07-06T22:08:26.119+0700] {logging_mixin.py:188} INFO - [2024-07-06T22:08:26.119+0700] {dag.py:3954} INFO - Setting next_dagrun for latest_only to 2024-07-06 08:00:00+00:00, run_after=2024-07-06 12:00:00+00:00
[2024-07-06T22:08:26.156+0700] {processor.py:183} INFO - Processing /home/acer/.local/share/virtualenvs/custom_airflow-E5ZHcY_K/lib/python3.12/site-packages/airflow/example_dags/example_latest_only.py took 0.116 seconds
[2024-07-06T22:09:20.988+0700] {processor.py:161} INFO - Started process (PID=19168) to work on /home/acer/.local/share/virtualenvs/custom_airflow-E5ZHcY_K/lib/python3.12/site-packages/airflow/example_dags/example_latest_only.py
[2024-07-06T22:09:20.989+0700] {processor.py:830} INFO - Processing file /home/acer/.local/share/virtualenvs/custom_airflow-E5ZHcY_K/lib/python3.12/site-packages/airflow/example_dags/example_latest_only.py for tasks to queue
[2024-07-06T22:09:20.994+0700] {logging_mixin.py:188} INFO - [2024-07-06T22:09:20.993+0700] {dagbag.py:545} INFO - Filling up the DagBag from /home/acer/.local/share/virtualenvs/custom_airflow-E5ZHcY_K/lib/python3.12/site-packages/airflow/example_dags/example_latest_only.py
[2024-07-06T22:09:21.003+0700] {processor.py:840} INFO - DAG(s) 'latest_only' retrieved from /home/acer/.local/share/virtualenvs/custom_airflow-E5ZHcY_K/lib/python3.12/site-packages/airflow/example_dags/example_latest_only.py
[2024-07-06T22:09:21.030+0700] {logging_mixin.py:188} INFO - [2024-07-06T22:09:21.029+0700] {dag.py:3096} INFO - Sync 1 DAGs
[2024-07-06T22:09:21.060+0700] {logging_mixin.py:188} INFO - [2024-07-06T22:09:21.059+0700] {dag.py:3954} INFO - Setting next_dagrun for latest_only to 2024-07-06 08:00:00+00:00, run_after=2024-07-06 12:00:00+00:00
[2024-07-06T22:09:21.104+0700] {processor.py:183} INFO - Processing /home/acer/.local/share/virtualenvs/custom_airflow-E5ZHcY_K/lib/python3.12/site-packages/airflow/example_dags/example_latest_only.py took 0.130 seconds
[2024-07-06T22:10:23.014+0700] {processor.py:161} INFO - Started process (PID=19488) to work on /home/acer/.local/share/virtualenvs/custom_airflow-E5ZHcY_K/lib/python3.12/site-packages/airflow/example_dags/example_latest_only.py
[2024-07-06T22:10:23.016+0700] {processor.py:830} INFO - Processing file /home/acer/.local/share/virtualenvs/custom_airflow-E5ZHcY_K/lib/python3.12/site-packages/airflow/example_dags/example_latest_only.py for tasks to queue
[2024-07-06T22:10:23.018+0700] {logging_mixin.py:188} INFO - [2024-07-06T22:10:23.017+0700] {dagbag.py:545} INFO - Filling up the DagBag from /home/acer/.local/share/virtualenvs/custom_airflow-E5ZHcY_K/lib/python3.12/site-packages/airflow/example_dags/example_latest_only.py
[2024-07-06T22:10:23.023+0700] {processor.py:840} INFO - DAG(s) 'latest_only' retrieved from /home/acer/.local/share/virtualenvs/custom_airflow-E5ZHcY_K/lib/python3.12/site-packages/airflow/example_dags/example_latest_only.py
[2024-07-06T22:10:23.038+0700] {logging_mixin.py:188} INFO - [2024-07-06T22:10:23.038+0700] {dag.py:3096} INFO - Sync 1 DAGs
[2024-07-06T22:10:23.065+0700] {logging_mixin.py:188} INFO - [2024-07-06T22:10:23.065+0700] {dag.py:3954} INFO - Setting next_dagrun for latest_only to 2024-07-06 08:00:00+00:00, run_after=2024-07-06 12:00:00+00:00
[2024-07-06T22:10:23.105+0700] {processor.py:183} INFO - Processing /home/acer/.local/share/virtualenvs/custom_airflow-E5ZHcY_K/lib/python3.12/site-packages/airflow/example_dags/example_latest_only.py took 0.097 seconds
[2024-07-06T22:11:27.418+0700] {processor.py:161} INFO - Started process (PID=19867) to work on /home/acer/.local/share/virtualenvs/custom_airflow-E5ZHcY_K/lib/python3.12/site-packages/airflow/example_dags/example_latest_only.py
[2024-07-06T22:11:27.422+0700] {processor.py:830} INFO - Processing file /home/acer/.local/share/virtualenvs/custom_airflow-E5ZHcY_K/lib/python3.12/site-packages/airflow/example_dags/example_latest_only.py for tasks to queue
[2024-07-06T22:11:27.429+0700] {logging_mixin.py:188} INFO - [2024-07-06T22:11:27.428+0700] {dagbag.py:545} INFO - Filling up the DagBag from /home/acer/.local/share/virtualenvs/custom_airflow-E5ZHcY_K/lib/python3.12/site-packages/airflow/example_dags/example_latest_only.py
[2024-07-06T22:11:27.452+0700] {processor.py:840} INFO - DAG(s) 'latest_only' retrieved from /home/acer/.local/share/virtualenvs/custom_airflow-E5ZHcY_K/lib/python3.12/site-packages/airflow/example_dags/example_latest_only.py
[2024-07-06T22:11:27.499+0700] {logging_mixin.py:188} INFO - [2024-07-06T22:11:27.498+0700] {dag.py:3096} INFO - Sync 1 DAGs
[2024-07-06T22:11:27.526+0700] {logging_mixin.py:188} INFO - [2024-07-06T22:11:27.526+0700] {dag.py:3954} INFO - Setting next_dagrun for latest_only to 2024-07-06 08:00:00+00:00, run_after=2024-07-06 12:00:00+00:00
[2024-07-06T22:11:27.559+0700] {processor.py:183} INFO - Processing /home/acer/.local/share/virtualenvs/custom_airflow-E5ZHcY_K/lib/python3.12/site-packages/airflow/example_dags/example_latest_only.py took 0.170 seconds
[2024-07-06T22:12:26.452+0700] {processor.py:161} INFO - Started process (PID=20190) to work on /home/acer/.local/share/virtualenvs/custom_airflow-E5ZHcY_K/lib/python3.12/site-packages/airflow/example_dags/example_latest_only.py
[2024-07-06T22:12:26.453+0700] {processor.py:830} INFO - Processing file /home/acer/.local/share/virtualenvs/custom_airflow-E5ZHcY_K/lib/python3.12/site-packages/airflow/example_dags/example_latest_only.py for tasks to queue
[2024-07-06T22:12:26.456+0700] {logging_mixin.py:188} INFO - [2024-07-06T22:12:26.455+0700] {dagbag.py:545} INFO - Filling up the DagBag from /home/acer/.local/share/virtualenvs/custom_airflow-E5ZHcY_K/lib/python3.12/site-packages/airflow/example_dags/example_latest_only.py
[2024-07-06T22:12:26.463+0700] {processor.py:840} INFO - DAG(s) 'latest_only' retrieved from /home/acer/.local/share/virtualenvs/custom_airflow-E5ZHcY_K/lib/python3.12/site-packages/airflow/example_dags/example_latest_only.py
[2024-07-06T22:12:26.482+0700] {logging_mixin.py:188} INFO - [2024-07-06T22:12:26.481+0700] {dag.py:3096} INFO - Sync 1 DAGs
[2024-07-06T22:12:26.507+0700] {logging_mixin.py:188} INFO - [2024-07-06T22:12:26.507+0700] {dag.py:3954} INFO - Setting next_dagrun for latest_only to 2024-07-06 08:00:00+00:00, run_after=2024-07-06 12:00:00+00:00
[2024-07-06T22:12:26.539+0700] {processor.py:183} INFO - Processing /home/acer/.local/share/virtualenvs/custom_airflow-E5ZHcY_K/lib/python3.12/site-packages/airflow/example_dags/example_latest_only.py took 0.095 seconds
[2024-07-06T22:13:25.345+0700] {processor.py:161} INFO - Started process (PID=20570) to work on /home/acer/.local/share/virtualenvs/custom_airflow-E5ZHcY_K/lib/python3.12/site-packages/airflow/example_dags/example_latest_only.py
[2024-07-06T22:13:25.346+0700] {processor.py:830} INFO - Processing file /home/acer/.local/share/virtualenvs/custom_airflow-E5ZHcY_K/lib/python3.12/site-packages/airflow/example_dags/example_latest_only.py for tasks to queue
[2024-07-06T22:13:25.350+0700] {logging_mixin.py:188} INFO - [2024-07-06T22:13:25.349+0700] {dagbag.py:545} INFO - Filling up the DagBag from /home/acer/.local/share/virtualenvs/custom_airflow-E5ZHcY_K/lib/python3.12/site-packages/airflow/example_dags/example_latest_only.py
[2024-07-06T22:13:25.360+0700] {processor.py:840} INFO - DAG(s) 'latest_only' retrieved from /home/acer/.local/share/virtualenvs/custom_airflow-E5ZHcY_K/lib/python3.12/site-packages/airflow/example_dags/example_latest_only.py
[2024-07-06T22:13:25.382+0700] {logging_mixin.py:188} INFO - [2024-07-06T22:13:25.382+0700] {dag.py:3096} INFO - Sync 1 DAGs
[2024-07-06T22:13:25.417+0700] {logging_mixin.py:188} INFO - [2024-07-06T22:13:25.416+0700] {dag.py:3954} INFO - Setting next_dagrun for latest_only to 2024-07-06 08:00:00+00:00, run_after=2024-07-06 12:00:00+00:00
[2024-07-06T22:13:25.446+0700] {processor.py:183} INFO - Processing /home/acer/.local/share/virtualenvs/custom_airflow-E5ZHcY_K/lib/python3.12/site-packages/airflow/example_dags/example_latest_only.py took 0.117 seconds
[2024-07-06T22:14:26.355+0700] {processor.py:161} INFO - Started process (PID=20910) to work on /home/acer/.local/share/virtualenvs/custom_airflow-E5ZHcY_K/lib/python3.12/site-packages/airflow/example_dags/example_latest_only.py
[2024-07-06T22:14:26.357+0700] {processor.py:830} INFO - Processing file /home/acer/.local/share/virtualenvs/custom_airflow-E5ZHcY_K/lib/python3.12/site-packages/airflow/example_dags/example_latest_only.py for tasks to queue
[2024-07-06T22:14:26.362+0700] {logging_mixin.py:188} INFO - [2024-07-06T22:14:26.361+0700] {dagbag.py:545} INFO - Filling up the DagBag from /home/acer/.local/share/virtualenvs/custom_airflow-E5ZHcY_K/lib/python3.12/site-packages/airflow/example_dags/example_latest_only.py
[2024-07-06T22:14:26.375+0700] {processor.py:840} INFO - DAG(s) 'latest_only' retrieved from /home/acer/.local/share/virtualenvs/custom_airflow-E5ZHcY_K/lib/python3.12/site-packages/airflow/example_dags/example_latest_only.py
[2024-07-06T22:14:26.413+0700] {logging_mixin.py:188} INFO - [2024-07-06T22:14:26.412+0700] {dag.py:3096} INFO - Sync 1 DAGs
[2024-07-06T22:14:26.453+0700] {logging_mixin.py:188} INFO - [2024-07-06T22:14:26.452+0700] {dag.py:3954} INFO - Setting next_dagrun for latest_only to 2024-07-06 08:00:00+00:00, run_after=2024-07-06 12:00:00+00:00
[2024-07-06T22:14:26.488+0700] {processor.py:183} INFO - Processing /home/acer/.local/share/virtualenvs/custom_airflow-E5ZHcY_K/lib/python3.12/site-packages/airflow/example_dags/example_latest_only.py took 0.148 seconds
[2024-07-06T22:15:30.360+0700] {processor.py:161} INFO - Started process (PID=21299) to work on /home/acer/.local/share/virtualenvs/custom_airflow-E5ZHcY_K/lib/python3.12/site-packages/airflow/example_dags/example_latest_only.py
[2024-07-06T22:15:30.361+0700] {processor.py:830} INFO - Processing file /home/acer/.local/share/virtualenvs/custom_airflow-E5ZHcY_K/lib/python3.12/site-packages/airflow/example_dags/example_latest_only.py for tasks to queue
[2024-07-06T22:15:30.364+0700] {logging_mixin.py:188} INFO - [2024-07-06T22:15:30.363+0700] {dagbag.py:545} INFO - Filling up the DagBag from /home/acer/.local/share/virtualenvs/custom_airflow-E5ZHcY_K/lib/python3.12/site-packages/airflow/example_dags/example_latest_only.py
[2024-07-06T22:15:30.370+0700] {processor.py:840} INFO - DAG(s) 'latest_only' retrieved from /home/acer/.local/share/virtualenvs/custom_airflow-E5ZHcY_K/lib/python3.12/site-packages/airflow/example_dags/example_latest_only.py
[2024-07-06T22:15:30.387+0700] {logging_mixin.py:188} INFO - [2024-07-06T22:15:30.387+0700] {dag.py:3096} INFO - Sync 1 DAGs
[2024-07-06T22:15:30.416+0700] {logging_mixin.py:188} INFO - [2024-07-06T22:15:30.415+0700] {dag.py:3954} INFO - Setting next_dagrun for latest_only to 2024-07-06 08:00:00+00:00, run_after=2024-07-06 12:00:00+00:00
[2024-07-06T22:15:30.443+0700] {processor.py:183} INFO - Processing /home/acer/.local/share/virtualenvs/custom_airflow-E5ZHcY_K/lib/python3.12/site-packages/airflow/example_dags/example_latest_only.py took 0.088 seconds
[2024-07-06T22:16:28.732+0700] {processor.py:161} INFO - Started process (PID=21594) to work on /home/acer/.local/share/virtualenvs/custom_airflow-E5ZHcY_K/lib/python3.12/site-packages/airflow/example_dags/example_latest_only.py
[2024-07-06T22:16:28.734+0700] {processor.py:830} INFO - Processing file /home/acer/.local/share/virtualenvs/custom_airflow-E5ZHcY_K/lib/python3.12/site-packages/airflow/example_dags/example_latest_only.py for tasks to queue
[2024-07-06T22:16:28.736+0700] {logging_mixin.py:188} INFO - [2024-07-06T22:16:28.736+0700] {dagbag.py:545} INFO - Filling up the DagBag from /home/acer/.local/share/virtualenvs/custom_airflow-E5ZHcY_K/lib/python3.12/site-packages/airflow/example_dags/example_latest_only.py
[2024-07-06T22:16:28.744+0700] {processor.py:840} INFO - DAG(s) 'latest_only' retrieved from /home/acer/.local/share/virtualenvs/custom_airflow-E5ZHcY_K/lib/python3.12/site-packages/airflow/example_dags/example_latest_only.py
[2024-07-06T22:16:28.772+0700] {logging_mixin.py:188} INFO - [2024-07-06T22:16:28.771+0700] {dag.py:3096} INFO - Sync 1 DAGs
[2024-07-06T22:16:28.813+0700] {logging_mixin.py:188} INFO - [2024-07-06T22:16:28.812+0700] {dag.py:3954} INFO - Setting next_dagrun for latest_only to 2024-07-06 08:00:00+00:00, run_after=2024-07-06 12:00:00+00:00
[2024-07-06T22:16:28.848+0700] {processor.py:183} INFO - Processing /home/acer/.local/share/virtualenvs/custom_airflow-E5ZHcY_K/lib/python3.12/site-packages/airflow/example_dags/example_latest_only.py took 0.128 seconds
[2024-07-06T22:17:24.604+0700] {processor.py:161} INFO - Started process (PID=21901) to work on /home/acer/.local/share/virtualenvs/custom_airflow-E5ZHcY_K/lib/python3.12/site-packages/airflow/example_dags/example_latest_only.py
[2024-07-06T22:17:24.608+0700] {processor.py:830} INFO - Processing file /home/acer/.local/share/virtualenvs/custom_airflow-E5ZHcY_K/lib/python3.12/site-packages/airflow/example_dags/example_latest_only.py for tasks to queue
[2024-07-06T22:17:24.614+0700] {logging_mixin.py:188} INFO - [2024-07-06T22:17:24.612+0700] {dagbag.py:545} INFO - Filling up the DagBag from /home/acer/.local/share/virtualenvs/custom_airflow-E5ZHcY_K/lib/python3.12/site-packages/airflow/example_dags/example_latest_only.py
[2024-07-06T22:17:24.641+0700] {processor.py:840} INFO - DAG(s) 'latest_only' retrieved from /home/acer/.local/share/virtualenvs/custom_airflow-E5ZHcY_K/lib/python3.12/site-packages/airflow/example_dags/example_latest_only.py
[2024-07-06T22:17:24.670+0700] {logging_mixin.py:188} INFO - [2024-07-06T22:17:24.669+0700] {dag.py:3096} INFO - Sync 1 DAGs
[2024-07-06T22:17:24.697+0700] {logging_mixin.py:188} INFO - [2024-07-06T22:17:24.696+0700] {dag.py:3954} INFO - Setting next_dagrun for latest_only to 2024-07-06 08:00:00+00:00, run_after=2024-07-06 12:00:00+00:00
[2024-07-06T22:17:24.726+0700] {processor.py:183} INFO - Processing /home/acer/.local/share/virtualenvs/custom_airflow-E5ZHcY_K/lib/python3.12/site-packages/airflow/example_dags/example_latest_only.py took 0.139 seconds
[2024-07-06T22:18:28.486+0700] {processor.py:161} INFO - Started process (PID=22225) to work on /home/acer/.local/share/virtualenvs/custom_airflow-E5ZHcY_K/lib/python3.12/site-packages/airflow/example_dags/example_latest_only.py
[2024-07-06T22:18:28.488+0700] {processor.py:830} INFO - Processing file /home/acer/.local/share/virtualenvs/custom_airflow-E5ZHcY_K/lib/python3.12/site-packages/airflow/example_dags/example_latest_only.py for tasks to queue
[2024-07-06T22:18:28.490+0700] {logging_mixin.py:188} INFO - [2024-07-06T22:18:28.490+0700] {dagbag.py:545} INFO - Filling up the DagBag from /home/acer/.local/share/virtualenvs/custom_airflow-E5ZHcY_K/lib/python3.12/site-packages/airflow/example_dags/example_latest_only.py
[2024-07-06T22:18:28.499+0700] {processor.py:840} INFO - DAG(s) 'latest_only' retrieved from /home/acer/.local/share/virtualenvs/custom_airflow-E5ZHcY_K/lib/python3.12/site-packages/airflow/example_dags/example_latest_only.py
[2024-07-06T22:18:28.523+0700] {logging_mixin.py:188} INFO - [2024-07-06T22:18:28.522+0700] {dag.py:3096} INFO - Sync 1 DAGs
[2024-07-06T22:18:28.557+0700] {logging_mixin.py:188} INFO - [2024-07-06T22:18:28.556+0700] {dag.py:3954} INFO - Setting next_dagrun for latest_only to 2024-07-06 08:00:00+00:00, run_after=2024-07-06 12:00:00+00:00
[2024-07-06T22:18:28.587+0700] {processor.py:183} INFO - Processing /home/acer/.local/share/virtualenvs/custom_airflow-E5ZHcY_K/lib/python3.12/site-packages/airflow/example_dags/example_latest_only.py took 0.108 seconds
[2024-07-06T22:19:30.070+0700] {processor.py:161} INFO - Started process (PID=22585) to work on /home/acer/.local/share/virtualenvs/custom_airflow-E5ZHcY_K/lib/python3.12/site-packages/airflow/example_dags/example_latest_only.py
[2024-07-06T22:19:30.073+0700] {processor.py:830} INFO - Processing file /home/acer/.local/share/virtualenvs/custom_airflow-E5ZHcY_K/lib/python3.12/site-packages/airflow/example_dags/example_latest_only.py for tasks to queue
[2024-07-06T22:19:30.078+0700] {logging_mixin.py:188} INFO - [2024-07-06T22:19:30.077+0700] {dagbag.py:545} INFO - Filling up the DagBag from /home/acer/.local/share/virtualenvs/custom_airflow-E5ZHcY_K/lib/python3.12/site-packages/airflow/example_dags/example_latest_only.py
[2024-07-06T22:19:30.087+0700] {processor.py:840} INFO - DAG(s) 'latest_only' retrieved from /home/acer/.local/share/virtualenvs/custom_airflow-E5ZHcY_K/lib/python3.12/site-packages/airflow/example_dags/example_latest_only.py
[2024-07-06T22:19:30.116+0700] {logging_mixin.py:188} INFO - [2024-07-06T22:19:30.116+0700] {dag.py:3096} INFO - Sync 1 DAGs
[2024-07-06T22:19:30.143+0700] {logging_mixin.py:188} INFO - [2024-07-06T22:19:30.143+0700] {dag.py:3954} INFO - Setting next_dagrun for latest_only to 2024-07-06 08:00:00+00:00, run_after=2024-07-06 12:00:00+00:00
[2024-07-06T22:19:30.168+0700] {processor.py:183} INFO - Processing /home/acer/.local/share/virtualenvs/custom_airflow-E5ZHcY_K/lib/python3.12/site-packages/airflow/example_dags/example_latest_only.py took 0.114 seconds
[2024-07-06T22:20:31.091+0700] {processor.py:161} INFO - Started process (PID=22892) to work on /home/acer/.local/share/virtualenvs/custom_airflow-E5ZHcY_K/lib/python3.12/site-packages/airflow/example_dags/example_latest_only.py
[2024-07-06T22:20:31.093+0700] {processor.py:830} INFO - Processing file /home/acer/.local/share/virtualenvs/custom_airflow-E5ZHcY_K/lib/python3.12/site-packages/airflow/example_dags/example_latest_only.py for tasks to queue
[2024-07-06T22:20:31.095+0700] {logging_mixin.py:188} INFO - [2024-07-06T22:20:31.095+0700] {dagbag.py:545} INFO - Filling up the DagBag from /home/acer/.local/share/virtualenvs/custom_airflow-E5ZHcY_K/lib/python3.12/site-packages/airflow/example_dags/example_latest_only.py
[2024-07-06T22:20:31.104+0700] {processor.py:840} INFO - DAG(s) 'latest_only' retrieved from /home/acer/.local/share/virtualenvs/custom_airflow-E5ZHcY_K/lib/python3.12/site-packages/airflow/example_dags/example_latest_only.py
[2024-07-06T22:20:31.127+0700] {logging_mixin.py:188} INFO - [2024-07-06T22:20:31.126+0700] {dag.py:3096} INFO - Sync 1 DAGs
[2024-07-06T22:20:31.246+0700] {logging_mixin.py:188} INFO - [2024-07-06T22:20:31.246+0700] {dag.py:3954} INFO - Setting next_dagrun for latest_only to 2024-07-06 08:00:00+00:00, run_after=2024-07-06 12:00:00+00:00
[2024-07-06T22:20:31.272+0700] {processor.py:183} INFO - Processing /home/acer/.local/share/virtualenvs/custom_airflow-E5ZHcY_K/lib/python3.12/site-packages/airflow/example_dags/example_latest_only.py took 0.189 seconds
