[2024-07-06T16:09:29.677+0700] {processor.py:161} INFO - Started process (PID=51470) to work on /home/acer/.local/share/virtualenvs/custom_airflow-E5ZHcY_K/lib/python3.12/site-packages/airflow/example_dags/example_bash_operator.py
[2024-07-06T16:09:29.679+0700] {processor.py:830} INFO - Processing file /home/acer/.local/share/virtualenvs/custom_airflow-E5ZHcY_K/lib/python3.12/site-packages/airflow/example_dags/example_bash_operator.py for tasks to queue
[2024-07-06T16:09:29.682+0700] {logging_mixin.py:188} INFO - [2024-07-06T16:09:29.682+0700] {dagbag.py:545} INFO - Filling up the DagBag from /home/acer/.local/share/virtualenvs/custom_airflow-E5ZHcY_K/lib/python3.12/site-packages/airflow/example_dags/example_bash_operator.py
[2024-07-06T16:09:29.698+0700] {processor.py:840} INFO - DAG(s) 'example_bash_operator' retrieved from /home/acer/.local/share/virtualenvs/custom_airflow-E5ZHcY_K/lib/python3.12/site-packages/airflow/example_dags/example_bash_operator.py
[2024-07-06T16:09:29.828+0700] {logging_mixin.py:188} INFO - [2024-07-06T16:09:29.827+0700] {override.py:1847} INFO - Created Permission View: can delete on DAG:example_bash_operator
[2024-07-06T16:09:29.843+0700] {logging_mixin.py:188} INFO - [2024-07-06T16:09:29.842+0700] {override.py:1847} INFO - Created Permission View: can edit on DAG:example_bash_operator
[2024-07-06T16:09:29.854+0700] {logging_mixin.py:188} INFO - [2024-07-06T16:09:29.854+0700] {override.py:1847} INFO - Created Permission View: can read on DAG:example_bash_operator
[2024-07-06T16:09:29.855+0700] {logging_mixin.py:188} INFO - [2024-07-06T16:09:29.855+0700] {dag.py:3096} INFO - Sync 1 DAGs
[2024-07-06T16:09:29.872+0700] {logging_mixin.py:188} INFO - [2024-07-06T16:09:29.871+0700] {dag.py:3118} INFO - Creating ORM DAG for example_bash_operator
[2024-07-06T16:09:29.889+0700] {logging_mixin.py:188} INFO - [2024-07-06T16:09:29.888+0700] {dag.py:3954} INFO - Setting next_dagrun for example_bash_operator to 2024-07-05 00:00:00+00:00, run_after=2024-07-06 00:00:00+00:00
[2024-07-06T16:09:29.928+0700] {processor.py:183} INFO - Processing /home/acer/.local/share/virtualenvs/custom_airflow-E5ZHcY_K/lib/python3.12/site-packages/airflow/example_dags/example_bash_operator.py took 0.267 seconds
[2024-07-06T16:11:17.967+0700] {processor.py:161} INFO - Started process (PID=52399) to work on /home/acer/.local/share/virtualenvs/custom_airflow-E5ZHcY_K/lib/python3.12/site-packages/airflow/example_dags/example_bash_operator.py
[2024-07-06T16:11:17.969+0700] {processor.py:830} INFO - Processing file /home/acer/.local/share/virtualenvs/custom_airflow-E5ZHcY_K/lib/python3.12/site-packages/airflow/example_dags/example_bash_operator.py for tasks to queue
[2024-07-06T16:11:17.970+0700] {logging_mixin.py:188} INFO - [2024-07-06T16:11:17.970+0700] {dagbag.py:545} INFO - Filling up the DagBag from /home/acer/.local/share/virtualenvs/custom_airflow-E5ZHcY_K/lib/python3.12/site-packages/airflow/example_dags/example_bash_operator.py
[2024-07-06T16:11:17.989+0700] {processor.py:840} INFO - DAG(s) 'example_bash_operator' retrieved from /home/acer/.local/share/virtualenvs/custom_airflow-E5ZHcY_K/lib/python3.12/site-packages/airflow/example_dags/example_bash_operator.py
[2024-07-06T16:11:18.020+0700] {logging_mixin.py:188} INFO - [2024-07-06T16:11:18.019+0700] {dag.py:3096} INFO - Sync 1 DAGs
[2024-07-06T16:11:18.046+0700] {logging_mixin.py:188} INFO - [2024-07-06T16:11:18.046+0700] {dag.py:3954} INFO - Setting next_dagrun for example_bash_operator to 2024-07-05 00:00:00+00:00, run_after=2024-07-06 00:00:00+00:00
[2024-07-06T16:11:18.070+0700] {processor.py:183} INFO - Processing /home/acer/.local/share/virtualenvs/custom_airflow-E5ZHcY_K/lib/python3.12/site-packages/airflow/example_dags/example_bash_operator.py took 0.116 seconds
[2024-07-06T16:16:19.554+0700] {processor.py:161} INFO - Started process (PID=55109) to work on /home/acer/.local/share/virtualenvs/custom_airflow-E5ZHcY_K/lib/python3.12/site-packages/airflow/example_dags/example_bash_operator.py
[2024-07-06T16:16:19.555+0700] {processor.py:830} INFO - Processing file /home/acer/.local/share/virtualenvs/custom_airflow-E5ZHcY_K/lib/python3.12/site-packages/airflow/example_dags/example_bash_operator.py for tasks to queue
[2024-07-06T16:16:19.558+0700] {logging_mixin.py:188} INFO - [2024-07-06T16:16:19.557+0700] {dagbag.py:545} INFO - Filling up the DagBag from /home/acer/.local/share/virtualenvs/custom_airflow-E5ZHcY_K/lib/python3.12/site-packages/airflow/example_dags/example_bash_operator.py
[2024-07-06T16:16:19.577+0700] {processor.py:840} INFO - DAG(s) 'example_bash_operator' retrieved from /home/acer/.local/share/virtualenvs/custom_airflow-E5ZHcY_K/lib/python3.12/site-packages/airflow/example_dags/example_bash_operator.py
[2024-07-06T16:16:19.784+0700] {logging_mixin.py:188} INFO - [2024-07-06T16:16:19.783+0700] {dag.py:3096} INFO - Sync 1 DAGs
[2024-07-06T16:16:19.814+0700] {logging_mixin.py:188} INFO - [2024-07-06T16:16:19.814+0700] {dag.py:3954} INFO - Setting next_dagrun for example_bash_operator to 2024-07-05 00:00:00+00:00, run_after=2024-07-06 00:00:00+00:00
[2024-07-06T16:16:19.844+0700] {processor.py:183} INFO - Processing /home/acer/.local/share/virtualenvs/custom_airflow-E5ZHcY_K/lib/python3.12/site-packages/airflow/example_dags/example_bash_operator.py took 0.300 seconds
[2024-07-06T16:17:16.492+0700] {processor.py:161} INFO - Started process (PID=55622) to work on /home/acer/.local/share/virtualenvs/custom_airflow-E5ZHcY_K/lib/python3.12/site-packages/airflow/example_dags/example_bash_operator.py
[2024-07-06T16:17:16.493+0700] {processor.py:830} INFO - Processing file /home/acer/.local/share/virtualenvs/custom_airflow-E5ZHcY_K/lib/python3.12/site-packages/airflow/example_dags/example_bash_operator.py for tasks to queue
[2024-07-06T16:17:16.495+0700] {logging_mixin.py:188} INFO - [2024-07-06T16:17:16.495+0700] {dagbag.py:545} INFO - Filling up the DagBag from /home/acer/.local/share/virtualenvs/custom_airflow-E5ZHcY_K/lib/python3.12/site-packages/airflow/example_dags/example_bash_operator.py
[2024-07-06T16:17:16.508+0700] {processor.py:840} INFO - DAG(s) 'example_bash_operator' retrieved from /home/acer/.local/share/virtualenvs/custom_airflow-E5ZHcY_K/lib/python3.12/site-packages/airflow/example_dags/example_bash_operator.py
[2024-07-06T16:17:16.535+0700] {logging_mixin.py:188} INFO - [2024-07-06T16:17:16.535+0700] {dag.py:3096} INFO - Sync 1 DAGs
[2024-07-06T16:17:16.558+0700] {logging_mixin.py:188} INFO - [2024-07-06T16:17:16.557+0700] {dag.py:3954} INFO - Setting next_dagrun for example_bash_operator to 2024-07-05 00:00:00+00:00, run_after=2024-07-06 00:00:00+00:00
[2024-07-06T16:17:16.580+0700] {processor.py:183} INFO - Processing /home/acer/.local/share/virtualenvs/custom_airflow-E5ZHcY_K/lib/python3.12/site-packages/airflow/example_dags/example_bash_operator.py took 0.094 seconds
[2024-07-06T16:18:27.584+0700] {processor.py:161} INFO - Started process (PID=55998) to work on /home/acer/.local/share/virtualenvs/custom_airflow-E5ZHcY_K/lib/python3.12/site-packages/airflow/example_dags/example_bash_operator.py
[2024-07-06T16:18:27.586+0700] {processor.py:830} INFO - Processing file /home/acer/.local/share/virtualenvs/custom_airflow-E5ZHcY_K/lib/python3.12/site-packages/airflow/example_dags/example_bash_operator.py for tasks to queue
[2024-07-06T16:18:27.591+0700] {logging_mixin.py:188} INFO - [2024-07-06T16:18:27.590+0700] {dagbag.py:545} INFO - Filling up the DagBag from /home/acer/.local/share/virtualenvs/custom_airflow-E5ZHcY_K/lib/python3.12/site-packages/airflow/example_dags/example_bash_operator.py
[2024-07-06T16:18:27.615+0700] {processor.py:840} INFO - DAG(s) 'example_bash_operator' retrieved from /home/acer/.local/share/virtualenvs/custom_airflow-E5ZHcY_K/lib/python3.12/site-packages/airflow/example_dags/example_bash_operator.py
[2024-07-06T16:18:27.640+0700] {logging_mixin.py:188} INFO - [2024-07-06T16:18:27.640+0700] {dag.py:3096} INFO - Sync 1 DAGs
[2024-07-06T16:18:27.661+0700] {logging_mixin.py:188} INFO - [2024-07-06T16:18:27.661+0700] {dag.py:3954} INFO - Setting next_dagrun for example_bash_operator to 2024-07-05 00:00:00+00:00, run_after=2024-07-06 00:00:00+00:00
[2024-07-06T16:18:27.682+0700] {processor.py:183} INFO - Processing /home/acer/.local/share/virtualenvs/custom_airflow-E5ZHcY_K/lib/python3.12/site-packages/airflow/example_dags/example_bash_operator.py took 0.118 seconds
[2024-07-06T16:19:48.896+0700] {processor.py:161} INFO - Started process (PID=56763) to work on /home/acer/.local/share/virtualenvs/custom_airflow-E5ZHcY_K/lib/python3.12/site-packages/airflow/example_dags/example_bash_operator.py
[2024-07-06T16:19:48.898+0700] {processor.py:830} INFO - Processing file /home/acer/.local/share/virtualenvs/custom_airflow-E5ZHcY_K/lib/python3.12/site-packages/airflow/example_dags/example_bash_operator.py for tasks to queue
[2024-07-06T16:19:48.901+0700] {logging_mixin.py:188} INFO - [2024-07-06T16:19:48.900+0700] {dagbag.py:545} INFO - Filling up the DagBag from /home/acer/.local/share/virtualenvs/custom_airflow-E5ZHcY_K/lib/python3.12/site-packages/airflow/example_dags/example_bash_operator.py
[2024-07-06T16:19:48.920+0700] {processor.py:840} INFO - DAG(s) 'example_bash_operator' retrieved from /home/acer/.local/share/virtualenvs/custom_airflow-E5ZHcY_K/lib/python3.12/site-packages/airflow/example_dags/example_bash_operator.py
[2024-07-06T16:19:48.949+0700] {logging_mixin.py:188} INFO - [2024-07-06T16:19:48.949+0700] {dag.py:3096} INFO - Sync 1 DAGs
[2024-07-06T16:19:48.977+0700] {logging_mixin.py:188} INFO - [2024-07-06T16:19:48.976+0700] {dag.py:3954} INFO - Setting next_dagrun for example_bash_operator to 2024-07-05 00:00:00+00:00, run_after=2024-07-06 00:00:00+00:00
[2024-07-06T16:19:48.999+0700] {processor.py:183} INFO - Processing /home/acer/.local/share/virtualenvs/custom_airflow-E5ZHcY_K/lib/python3.12/site-packages/airflow/example_dags/example_bash_operator.py took 0.121 seconds
[2024-07-06T16:20:47.393+0700] {processor.py:161} INFO - Started process (PID=57227) to work on /home/acer/.local/share/virtualenvs/custom_airflow-E5ZHcY_K/lib/python3.12/site-packages/airflow/example_dags/example_bash_operator.py
[2024-07-06T16:20:47.396+0700] {processor.py:830} INFO - Processing file /home/acer/.local/share/virtualenvs/custom_airflow-E5ZHcY_K/lib/python3.12/site-packages/airflow/example_dags/example_bash_operator.py for tasks to queue
[2024-07-06T16:20:47.400+0700] {logging_mixin.py:188} INFO - [2024-07-06T16:20:47.399+0700] {dagbag.py:545} INFO - Filling up the DagBag from /home/acer/.local/share/virtualenvs/custom_airflow-E5ZHcY_K/lib/python3.12/site-packages/airflow/example_dags/example_bash_operator.py
[2024-07-06T16:20:47.418+0700] {processor.py:840} INFO - DAG(s) 'example_bash_operator' retrieved from /home/acer/.local/share/virtualenvs/custom_airflow-E5ZHcY_K/lib/python3.12/site-packages/airflow/example_dags/example_bash_operator.py
[2024-07-06T16:20:47.445+0700] {logging_mixin.py:188} INFO - [2024-07-06T16:20:47.445+0700] {dag.py:3096} INFO - Sync 1 DAGs
[2024-07-06T16:20:47.468+0700] {logging_mixin.py:188} INFO - [2024-07-06T16:20:47.468+0700] {dag.py:3954} INFO - Setting next_dagrun for example_bash_operator to 2024-07-05 00:00:00+00:00, run_after=2024-07-06 00:00:00+00:00
[2024-07-06T16:20:47.488+0700] {processor.py:183} INFO - Processing /home/acer/.local/share/virtualenvs/custom_airflow-E5ZHcY_K/lib/python3.12/site-packages/airflow/example_dags/example_bash_operator.py took 0.116 seconds
[2024-07-06T16:21:38.616+0700] {processor.py:161} INFO - Started process (PID=57622) to work on /home/acer/.local/share/virtualenvs/custom_airflow-E5ZHcY_K/lib/python3.12/site-packages/airflow/example_dags/example_bash_operator.py
[2024-07-06T16:21:38.618+0700] {processor.py:830} INFO - Processing file /home/acer/.local/share/virtualenvs/custom_airflow-E5ZHcY_K/lib/python3.12/site-packages/airflow/example_dags/example_bash_operator.py for tasks to queue
[2024-07-06T16:21:38.622+0700] {logging_mixin.py:188} INFO - [2024-07-06T16:21:38.621+0700] {dagbag.py:545} INFO - Filling up the DagBag from /home/acer/.local/share/virtualenvs/custom_airflow-E5ZHcY_K/lib/python3.12/site-packages/airflow/example_dags/example_bash_operator.py
[2024-07-06T16:21:38.642+0700] {processor.py:840} INFO - DAG(s) 'example_bash_operator' retrieved from /home/acer/.local/share/virtualenvs/custom_airflow-E5ZHcY_K/lib/python3.12/site-packages/airflow/example_dags/example_bash_operator.py
[2024-07-06T16:21:38.670+0700] {logging_mixin.py:188} INFO - [2024-07-06T16:21:38.670+0700] {dag.py:3096} INFO - Sync 1 DAGs
[2024-07-06T16:21:38.692+0700] {logging_mixin.py:188} INFO - [2024-07-06T16:21:38.692+0700] {dag.py:3954} INFO - Setting next_dagrun for example_bash_operator to 2024-07-05 00:00:00+00:00, run_after=2024-07-06 00:00:00+00:00
[2024-07-06T16:21:38.712+0700] {processor.py:183} INFO - Processing /home/acer/.local/share/virtualenvs/custom_airflow-E5ZHcY_K/lib/python3.12/site-packages/airflow/example_dags/example_bash_operator.py took 0.116 seconds
[2024-07-06T16:22:51.209+0700] {processor.py:161} INFO - Started process (PID=58077) to work on /home/acer/.local/share/virtualenvs/custom_airflow-E5ZHcY_K/lib/python3.12/site-packages/airflow/example_dags/example_bash_operator.py
[2024-07-06T16:22:51.210+0700] {processor.py:830} INFO - Processing file /home/acer/.local/share/virtualenvs/custom_airflow-E5ZHcY_K/lib/python3.12/site-packages/airflow/example_dags/example_bash_operator.py for tasks to queue
[2024-07-06T16:22:51.212+0700] {logging_mixin.py:188} INFO - [2024-07-06T16:22:51.211+0700] {dagbag.py:545} INFO - Filling up the DagBag from /home/acer/.local/share/virtualenvs/custom_airflow-E5ZHcY_K/lib/python3.12/site-packages/airflow/example_dags/example_bash_operator.py
[2024-07-06T16:22:51.225+0700] {processor.py:840} INFO - DAG(s) 'example_bash_operator' retrieved from /home/acer/.local/share/virtualenvs/custom_airflow-E5ZHcY_K/lib/python3.12/site-packages/airflow/example_dags/example_bash_operator.py
[2024-07-06T16:22:51.249+0700] {logging_mixin.py:188} INFO - [2024-07-06T16:22:51.249+0700] {dag.py:3096} INFO - Sync 1 DAGs
[2024-07-06T16:22:51.272+0700] {logging_mixin.py:188} INFO - [2024-07-06T16:22:51.272+0700] {dag.py:3954} INFO - Setting next_dagrun for example_bash_operator to 2024-07-05 00:00:00+00:00, run_after=2024-07-06 00:00:00+00:00
[2024-07-06T16:22:51.293+0700] {processor.py:183} INFO - Processing /home/acer/.local/share/virtualenvs/custom_airflow-E5ZHcY_K/lib/python3.12/site-packages/airflow/example_dags/example_bash_operator.py took 0.093 seconds
[2024-07-06T16:24:43.038+0700] {processor.py:161} INFO - Started process (PID=59406) to work on /home/acer/.local/share/virtualenvs/custom_airflow-E5ZHcY_K/lib/python3.12/site-packages/airflow/example_dags/example_bash_operator.py
[2024-07-06T16:24:43.039+0700] {processor.py:830} INFO - Processing file /home/acer/.local/share/virtualenvs/custom_airflow-E5ZHcY_K/lib/python3.12/site-packages/airflow/example_dags/example_bash_operator.py for tasks to queue
[2024-07-06T16:24:43.041+0700] {logging_mixin.py:188} INFO - [2024-07-06T16:24:43.041+0700] {dagbag.py:545} INFO - Filling up the DagBag from /home/acer/.local/share/virtualenvs/custom_airflow-E5ZHcY_K/lib/python3.12/site-packages/airflow/example_dags/example_bash_operator.py
[2024-07-06T16:24:43.053+0700] {processor.py:840} INFO - DAG(s) 'example_bash_operator' retrieved from /home/acer/.local/share/virtualenvs/custom_airflow-E5ZHcY_K/lib/python3.12/site-packages/airflow/example_dags/example_bash_operator.py
[2024-07-06T16:24:43.081+0700] {logging_mixin.py:188} INFO - [2024-07-06T16:24:43.081+0700] {dag.py:3096} INFO - Sync 1 DAGs
[2024-07-06T16:24:43.104+0700] {logging_mixin.py:188} INFO - [2024-07-06T16:24:43.104+0700] {dag.py:3954} INFO - Setting next_dagrun for example_bash_operator to 2024-07-05 00:00:00+00:00, run_after=2024-07-06 00:00:00+00:00
[2024-07-06T16:24:43.131+0700] {processor.py:183} INFO - Processing /home/acer/.local/share/virtualenvs/custom_airflow-E5ZHcY_K/lib/python3.12/site-packages/airflow/example_dags/example_bash_operator.py took 0.100 seconds
[2024-07-06T16:25:38.695+0700] {processor.py:161} INFO - Started process (PID=59846) to work on /home/acer/.local/share/virtualenvs/custom_airflow-E5ZHcY_K/lib/python3.12/site-packages/airflow/example_dags/example_bash_operator.py
[2024-07-06T16:25:38.697+0700] {processor.py:830} INFO - Processing file /home/acer/.local/share/virtualenvs/custom_airflow-E5ZHcY_K/lib/python3.12/site-packages/airflow/example_dags/example_bash_operator.py for tasks to queue
[2024-07-06T16:25:38.699+0700] {logging_mixin.py:188} INFO - [2024-07-06T16:25:38.698+0700] {dagbag.py:545} INFO - Filling up the DagBag from /home/acer/.local/share/virtualenvs/custom_airflow-E5ZHcY_K/lib/python3.12/site-packages/airflow/example_dags/example_bash_operator.py
[2024-07-06T16:25:38.711+0700] {processor.py:840} INFO - DAG(s) 'example_bash_operator' retrieved from /home/acer/.local/share/virtualenvs/custom_airflow-E5ZHcY_K/lib/python3.12/site-packages/airflow/example_dags/example_bash_operator.py
[2024-07-06T16:25:38.751+0700] {logging_mixin.py:188} INFO - [2024-07-06T16:25:38.750+0700] {dag.py:3096} INFO - Sync 1 DAGs
[2024-07-06T16:25:38.778+0700] {logging_mixin.py:188} INFO - [2024-07-06T16:25:38.778+0700] {dag.py:3954} INFO - Setting next_dagrun for example_bash_operator to 2024-07-05 00:00:00+00:00, run_after=2024-07-06 00:00:00+00:00
[2024-07-06T16:25:38.813+0700] {processor.py:183} INFO - Processing /home/acer/.local/share/virtualenvs/custom_airflow-E5ZHcY_K/lib/python3.12/site-packages/airflow/example_dags/example_bash_operator.py took 0.123 seconds
[2024-07-06T16:26:33.951+0700] {processor.py:161} INFO - Started process (PID=60147) to work on /home/acer/.local/share/virtualenvs/custom_airflow-E5ZHcY_K/lib/python3.12/site-packages/airflow/example_dags/example_bash_operator.py
[2024-07-06T16:26:33.953+0700] {processor.py:830} INFO - Processing file /home/acer/.local/share/virtualenvs/custom_airflow-E5ZHcY_K/lib/python3.12/site-packages/airflow/example_dags/example_bash_operator.py for tasks to queue
[2024-07-06T16:26:33.957+0700] {logging_mixin.py:188} INFO - [2024-07-06T16:26:33.956+0700] {dagbag.py:545} INFO - Filling up the DagBag from /home/acer/.local/share/virtualenvs/custom_airflow-E5ZHcY_K/lib/python3.12/site-packages/airflow/example_dags/example_bash_operator.py
[2024-07-06T16:26:33.974+0700] {processor.py:840} INFO - DAG(s) 'example_bash_operator' retrieved from /home/acer/.local/share/virtualenvs/custom_airflow-E5ZHcY_K/lib/python3.12/site-packages/airflow/example_dags/example_bash_operator.py
[2024-07-06T16:26:33.999+0700] {logging_mixin.py:188} INFO - [2024-07-06T16:26:33.999+0700] {dag.py:3096} INFO - Sync 1 DAGs
[2024-07-06T16:26:34.021+0700] {logging_mixin.py:188} INFO - [2024-07-06T16:26:34.021+0700] {dag.py:3954} INFO - Setting next_dagrun for example_bash_operator to 2024-07-05 00:00:00+00:00, run_after=2024-07-06 00:00:00+00:00
[2024-07-06T16:26:34.041+0700] {processor.py:183} INFO - Processing /home/acer/.local/share/virtualenvs/custom_airflow-E5ZHcY_K/lib/python3.12/site-packages/airflow/example_dags/example_bash_operator.py took 0.109 seconds
[2024-07-06T16:27:44.425+0700] {processor.py:161} INFO - Started process (PID=60510) to work on /home/acer/.local/share/virtualenvs/custom_airflow-E5ZHcY_K/lib/python3.12/site-packages/airflow/example_dags/example_bash_operator.py
[2024-07-06T16:27:44.427+0700] {processor.py:830} INFO - Processing file /home/acer/.local/share/virtualenvs/custom_airflow-E5ZHcY_K/lib/python3.12/site-packages/airflow/example_dags/example_bash_operator.py for tasks to queue
[2024-07-06T16:27:44.431+0700] {logging_mixin.py:188} INFO - [2024-07-06T16:27:44.430+0700] {dagbag.py:545} INFO - Filling up the DagBag from /home/acer/.local/share/virtualenvs/custom_airflow-E5ZHcY_K/lib/python3.12/site-packages/airflow/example_dags/example_bash_operator.py
[2024-07-06T16:27:44.448+0700] {processor.py:840} INFO - DAG(s) 'example_bash_operator' retrieved from /home/acer/.local/share/virtualenvs/custom_airflow-E5ZHcY_K/lib/python3.12/site-packages/airflow/example_dags/example_bash_operator.py
[2024-07-06T16:27:44.473+0700] {logging_mixin.py:188} INFO - [2024-07-06T16:27:44.473+0700] {dag.py:3096} INFO - Sync 1 DAGs
[2024-07-06T16:27:44.494+0700] {logging_mixin.py:188} INFO - [2024-07-06T16:27:44.494+0700] {dag.py:3954} INFO - Setting next_dagrun for example_bash_operator to 2024-07-05 00:00:00+00:00, run_after=2024-07-06 00:00:00+00:00
[2024-07-06T16:27:44.516+0700] {processor.py:183} INFO - Processing /home/acer/.local/share/virtualenvs/custom_airflow-E5ZHcY_K/lib/python3.12/site-packages/airflow/example_dags/example_bash_operator.py took 0.110 seconds
[2024-07-06T16:28:51.074+0700] {processor.py:161} INFO - Started process (PID=60842) to work on /home/acer/.local/share/virtualenvs/custom_airflow-E5ZHcY_K/lib/python3.12/site-packages/airflow/example_dags/example_bash_operator.py
[2024-07-06T16:28:51.077+0700] {processor.py:830} INFO - Processing file /home/acer/.local/share/virtualenvs/custom_airflow-E5ZHcY_K/lib/python3.12/site-packages/airflow/example_dags/example_bash_operator.py for tasks to queue
[2024-07-06T16:28:51.081+0700] {logging_mixin.py:188} INFO - [2024-07-06T16:28:51.080+0700] {dagbag.py:545} INFO - Filling up the DagBag from /home/acer/.local/share/virtualenvs/custom_airflow-E5ZHcY_K/lib/python3.12/site-packages/airflow/example_dags/example_bash_operator.py
[2024-07-06T16:28:51.100+0700] {processor.py:840} INFO - DAG(s) 'example_bash_operator' retrieved from /home/acer/.local/share/virtualenvs/custom_airflow-E5ZHcY_K/lib/python3.12/site-packages/airflow/example_dags/example_bash_operator.py
[2024-07-06T16:28:51.126+0700] {logging_mixin.py:188} INFO - [2024-07-06T16:28:51.125+0700] {dag.py:3096} INFO - Sync 1 DAGs
[2024-07-06T16:28:51.147+0700] {logging_mixin.py:188} INFO - [2024-07-06T16:28:51.147+0700] {dag.py:3954} INFO - Setting next_dagrun for example_bash_operator to 2024-07-05 00:00:00+00:00, run_after=2024-07-06 00:00:00+00:00
[2024-07-06T16:28:51.168+0700] {processor.py:183} INFO - Processing /home/acer/.local/share/virtualenvs/custom_airflow-E5ZHcY_K/lib/python3.12/site-packages/airflow/example_dags/example_bash_operator.py took 0.113 seconds
[2024-07-06T16:30:02.089+0700] {processor.py:161} INFO - Started process (PID=61199) to work on /home/acer/.local/share/virtualenvs/custom_airflow-E5ZHcY_K/lib/python3.12/site-packages/airflow/example_dags/example_bash_operator.py
[2024-07-06T16:30:02.090+0700] {processor.py:830} INFO - Processing file /home/acer/.local/share/virtualenvs/custom_airflow-E5ZHcY_K/lib/python3.12/site-packages/airflow/example_dags/example_bash_operator.py for tasks to queue
[2024-07-06T16:30:02.092+0700] {logging_mixin.py:188} INFO - [2024-07-06T16:30:02.091+0700] {dagbag.py:545} INFO - Filling up the DagBag from /home/acer/.local/share/virtualenvs/custom_airflow-E5ZHcY_K/lib/python3.12/site-packages/airflow/example_dags/example_bash_operator.py
[2024-07-06T16:30:02.103+0700] {processor.py:840} INFO - DAG(s) 'example_bash_operator' retrieved from /home/acer/.local/share/virtualenvs/custom_airflow-E5ZHcY_K/lib/python3.12/site-packages/airflow/example_dags/example_bash_operator.py
[2024-07-06T16:30:02.128+0700] {logging_mixin.py:188} INFO - [2024-07-06T16:30:02.127+0700] {dag.py:3096} INFO - Sync 1 DAGs
[2024-07-06T16:30:02.150+0700] {logging_mixin.py:188} INFO - [2024-07-06T16:30:02.150+0700] {dag.py:3954} INFO - Setting next_dagrun for example_bash_operator to 2024-07-05 00:00:00+00:00, run_after=2024-07-06 00:00:00+00:00
[2024-07-06T16:30:02.171+0700] {processor.py:183} INFO - Processing /home/acer/.local/share/virtualenvs/custom_airflow-E5ZHcY_K/lib/python3.12/site-packages/airflow/example_dags/example_bash_operator.py took 0.088 seconds
[2024-07-06T16:31:09.468+0700] {processor.py:161} INFO - Started process (PID=61568) to work on /home/acer/.local/share/virtualenvs/custom_airflow-E5ZHcY_K/lib/python3.12/site-packages/airflow/example_dags/example_bash_operator.py
[2024-07-06T16:31:09.468+0700] {processor.py:830} INFO - Processing file /home/acer/.local/share/virtualenvs/custom_airflow-E5ZHcY_K/lib/python3.12/site-packages/airflow/example_dags/example_bash_operator.py for tasks to queue
[2024-07-06T16:31:09.470+0700] {logging_mixin.py:188} INFO - [2024-07-06T16:31:09.470+0700] {dagbag.py:545} INFO - Filling up the DagBag from /home/acer/.local/share/virtualenvs/custom_airflow-E5ZHcY_K/lib/python3.12/site-packages/airflow/example_dags/example_bash_operator.py
[2024-07-06T16:31:09.482+0700] {processor.py:840} INFO - DAG(s) 'example_bash_operator' retrieved from /home/acer/.local/share/virtualenvs/custom_airflow-E5ZHcY_K/lib/python3.12/site-packages/airflow/example_dags/example_bash_operator.py
[2024-07-06T16:31:09.506+0700] {logging_mixin.py:188} INFO - [2024-07-06T16:31:09.506+0700] {dag.py:3096} INFO - Sync 1 DAGs
[2024-07-06T16:31:09.528+0700] {logging_mixin.py:188} INFO - [2024-07-06T16:31:09.528+0700] {dag.py:3954} INFO - Setting next_dagrun for example_bash_operator to 2024-07-05 00:00:00+00:00, run_after=2024-07-06 00:00:00+00:00
[2024-07-06T16:31:09.549+0700] {processor.py:183} INFO - Processing /home/acer/.local/share/virtualenvs/custom_airflow-E5ZHcY_K/lib/python3.12/site-packages/airflow/example_dags/example_bash_operator.py took 0.087 seconds
[2024-07-06T16:32:17.724+0700] {processor.py:161} INFO - Started process (PID=61909) to work on /home/acer/.local/share/virtualenvs/custom_airflow-E5ZHcY_K/lib/python3.12/site-packages/airflow/example_dags/example_bash_operator.py
[2024-07-06T16:32:17.725+0700] {processor.py:830} INFO - Processing file /home/acer/.local/share/virtualenvs/custom_airflow-E5ZHcY_K/lib/python3.12/site-packages/airflow/example_dags/example_bash_operator.py for tasks to queue
[2024-07-06T16:32:17.729+0700] {logging_mixin.py:188} INFO - [2024-07-06T16:32:17.728+0700] {dagbag.py:545} INFO - Filling up the DagBag from /home/acer/.local/share/virtualenvs/custom_airflow-E5ZHcY_K/lib/python3.12/site-packages/airflow/example_dags/example_bash_operator.py
[2024-07-06T16:32:17.745+0700] {processor.py:840} INFO - DAG(s) 'example_bash_operator' retrieved from /home/acer/.local/share/virtualenvs/custom_airflow-E5ZHcY_K/lib/python3.12/site-packages/airflow/example_dags/example_bash_operator.py
[2024-07-06T16:32:17.769+0700] {logging_mixin.py:188} INFO - [2024-07-06T16:32:17.769+0700] {dag.py:3096} INFO - Sync 1 DAGs
[2024-07-06T16:32:17.791+0700] {logging_mixin.py:188} INFO - [2024-07-06T16:32:17.791+0700] {dag.py:3954} INFO - Setting next_dagrun for example_bash_operator to 2024-07-05 00:00:00+00:00, run_after=2024-07-06 00:00:00+00:00
[2024-07-06T16:32:17.812+0700] {processor.py:183} INFO - Processing /home/acer/.local/share/virtualenvs/custom_airflow-E5ZHcY_K/lib/python3.12/site-packages/airflow/example_dags/example_bash_operator.py took 0.103 seconds
[2024-07-06T16:33:31.551+0700] {processor.py:161} INFO - Started process (PID=62293) to work on /home/acer/.local/share/virtualenvs/custom_airflow-E5ZHcY_K/lib/python3.12/site-packages/airflow/example_dags/example_bash_operator.py
[2024-07-06T16:33:31.552+0700] {processor.py:830} INFO - Processing file /home/acer/.local/share/virtualenvs/custom_airflow-E5ZHcY_K/lib/python3.12/site-packages/airflow/example_dags/example_bash_operator.py for tasks to queue
[2024-07-06T16:33:31.553+0700] {logging_mixin.py:188} INFO - [2024-07-06T16:33:31.553+0700] {dagbag.py:545} INFO - Filling up the DagBag from /home/acer/.local/share/virtualenvs/custom_airflow-E5ZHcY_K/lib/python3.12/site-packages/airflow/example_dags/example_bash_operator.py
[2024-07-06T16:33:31.565+0700] {processor.py:840} INFO - DAG(s) 'example_bash_operator' retrieved from /home/acer/.local/share/virtualenvs/custom_airflow-E5ZHcY_K/lib/python3.12/site-packages/airflow/example_dags/example_bash_operator.py
[2024-07-06T16:33:31.589+0700] {logging_mixin.py:188} INFO - [2024-07-06T16:33:31.589+0700] {dag.py:3096} INFO - Sync 1 DAGs
[2024-07-06T16:33:31.611+0700] {logging_mixin.py:188} INFO - [2024-07-06T16:33:31.611+0700] {dag.py:3954} INFO - Setting next_dagrun for example_bash_operator to 2024-07-05 00:00:00+00:00, run_after=2024-07-06 00:00:00+00:00
[2024-07-06T16:33:31.632+0700] {processor.py:183} INFO - Processing /home/acer/.local/share/virtualenvs/custom_airflow-E5ZHcY_K/lib/python3.12/site-packages/airflow/example_dags/example_bash_operator.py took 0.087 seconds
[2024-07-06T16:34:41.510+0700] {processor.py:161} INFO - Started process (PID=62639) to work on /home/acer/.local/share/virtualenvs/custom_airflow-E5ZHcY_K/lib/python3.12/site-packages/airflow/example_dags/example_bash_operator.py
[2024-07-06T16:34:41.512+0700] {processor.py:830} INFO - Processing file /home/acer/.local/share/virtualenvs/custom_airflow-E5ZHcY_K/lib/python3.12/site-packages/airflow/example_dags/example_bash_operator.py for tasks to queue
[2024-07-06T16:34:41.517+0700] {logging_mixin.py:188} INFO - [2024-07-06T16:34:41.516+0700] {dagbag.py:545} INFO - Filling up the DagBag from /home/acer/.local/share/virtualenvs/custom_airflow-E5ZHcY_K/lib/python3.12/site-packages/airflow/example_dags/example_bash_operator.py
[2024-07-06T16:34:41.536+0700] {processor.py:840} INFO - DAG(s) 'example_bash_operator' retrieved from /home/acer/.local/share/virtualenvs/custom_airflow-E5ZHcY_K/lib/python3.12/site-packages/airflow/example_dags/example_bash_operator.py
[2024-07-06T16:34:41.560+0700] {logging_mixin.py:188} INFO - [2024-07-06T16:34:41.560+0700] {dag.py:3096} INFO - Sync 1 DAGs
[2024-07-06T16:34:41.582+0700] {logging_mixin.py:188} INFO - [2024-07-06T16:34:41.581+0700] {dag.py:3954} INFO - Setting next_dagrun for example_bash_operator to 2024-07-05 00:00:00+00:00, run_after=2024-07-06 00:00:00+00:00
[2024-07-06T16:34:41.603+0700] {processor.py:183} INFO - Processing /home/acer/.local/share/virtualenvs/custom_airflow-E5ZHcY_K/lib/python3.12/site-packages/airflow/example_dags/example_bash_operator.py took 0.108 seconds
[2024-07-06T16:35:53.463+0700] {processor.py:161} INFO - Started process (PID=63014) to work on /home/acer/.local/share/virtualenvs/custom_airflow-E5ZHcY_K/lib/python3.12/site-packages/airflow/example_dags/example_bash_operator.py
[2024-07-06T16:35:53.464+0700] {processor.py:830} INFO - Processing file /home/acer/.local/share/virtualenvs/custom_airflow-E5ZHcY_K/lib/python3.12/site-packages/airflow/example_dags/example_bash_operator.py for tasks to queue
[2024-07-06T16:35:53.466+0700] {logging_mixin.py:188} INFO - [2024-07-06T16:35:53.465+0700] {dagbag.py:545} INFO - Filling up the DagBag from /home/acer/.local/share/virtualenvs/custom_airflow-E5ZHcY_K/lib/python3.12/site-packages/airflow/example_dags/example_bash_operator.py
[2024-07-06T16:35:53.481+0700] {processor.py:840} INFO - DAG(s) 'example_bash_operator' retrieved from /home/acer/.local/share/virtualenvs/custom_airflow-E5ZHcY_K/lib/python3.12/site-packages/airflow/example_dags/example_bash_operator.py
[2024-07-06T16:35:53.514+0700] {logging_mixin.py:188} INFO - [2024-07-06T16:35:53.513+0700] {dag.py:3096} INFO - Sync 1 DAGs
[2024-07-06T16:35:53.535+0700] {logging_mixin.py:188} INFO - [2024-07-06T16:35:53.535+0700] {dag.py:3954} INFO - Setting next_dagrun for example_bash_operator to 2024-07-05 00:00:00+00:00, run_after=2024-07-06 00:00:00+00:00
[2024-07-06T16:35:53.565+0700] {processor.py:183} INFO - Processing /home/acer/.local/share/virtualenvs/custom_airflow-E5ZHcY_K/lib/python3.12/site-packages/airflow/example_dags/example_bash_operator.py took 0.109 seconds
[2024-07-06T21:54:59.545+0700] {processor.py:161} INFO - Started process (PID=12070) to work on /home/acer/.local/share/virtualenvs/custom_airflow-E5ZHcY_K/lib/python3.12/site-packages/airflow/example_dags/example_bash_operator.py
[2024-07-06T21:54:59.546+0700] {processor.py:830} INFO - Processing file /home/acer/.local/share/virtualenvs/custom_airflow-E5ZHcY_K/lib/python3.12/site-packages/airflow/example_dags/example_bash_operator.py for tasks to queue
[2024-07-06T21:54:59.548+0700] {logging_mixin.py:188} INFO - [2024-07-06T21:54:59.547+0700] {dagbag.py:545} INFO - Filling up the DagBag from /home/acer/.local/share/virtualenvs/custom_airflow-E5ZHcY_K/lib/python3.12/site-packages/airflow/example_dags/example_bash_operator.py
[2024-07-06T21:54:59.559+0700] {processor.py:840} INFO - DAG(s) 'example_bash_operator' retrieved from /home/acer/.local/share/virtualenvs/custom_airflow-E5ZHcY_K/lib/python3.12/site-packages/airflow/example_dags/example_bash_operator.py
[2024-07-06T21:54:59.591+0700] {logging_mixin.py:188} INFO - [2024-07-06T21:54:59.591+0700] {dag.py:3096} INFO - Sync 1 DAGs
[2024-07-06T21:54:59.614+0700] {logging_mixin.py:188} INFO - [2024-07-06T21:54:59.613+0700] {dag.py:3954} INFO - Setting next_dagrun for example_bash_operator to 2024-07-05 00:00:00+00:00, run_after=2024-07-06 00:00:00+00:00
[2024-07-06T21:54:59.635+0700] {processor.py:183} INFO - Processing /home/acer/.local/share/virtualenvs/custom_airflow-E5ZHcY_K/lib/python3.12/site-packages/airflow/example_dags/example_bash_operator.py took 0.095 seconds
[2024-07-06T21:55:54.637+0700] {processor.py:161} INFO - Started process (PID=12915) to work on /home/acer/.local/share/virtualenvs/custom_airflow-E5ZHcY_K/lib/python3.12/site-packages/airflow/example_dags/example_bash_operator.py
[2024-07-06T21:55:54.640+0700] {processor.py:830} INFO - Processing file /home/acer/.local/share/virtualenvs/custom_airflow-E5ZHcY_K/lib/python3.12/site-packages/airflow/example_dags/example_bash_operator.py for tasks to queue
[2024-07-06T21:55:54.644+0700] {logging_mixin.py:188} INFO - [2024-07-06T21:55:54.643+0700] {dagbag.py:545} INFO - Filling up the DagBag from /home/acer/.local/share/virtualenvs/custom_airflow-E5ZHcY_K/lib/python3.12/site-packages/airflow/example_dags/example_bash_operator.py
[2024-07-06T21:55:54.662+0700] {processor.py:840} INFO - DAG(s) 'example_bash_operator' retrieved from /home/acer/.local/share/virtualenvs/custom_airflow-E5ZHcY_K/lib/python3.12/site-packages/airflow/example_dags/example_bash_operator.py
[2024-07-06T21:55:54.688+0700] {logging_mixin.py:188} INFO - [2024-07-06T21:55:54.688+0700] {dag.py:3096} INFO - Sync 1 DAGs
[2024-07-06T21:55:54.710+0700] {logging_mixin.py:188} INFO - [2024-07-06T21:55:54.709+0700] {dag.py:3954} INFO - Setting next_dagrun for example_bash_operator to 2024-07-05 00:00:00+00:00, run_after=2024-07-06 00:00:00+00:00
[2024-07-06T21:55:54.739+0700] {processor.py:183} INFO - Processing /home/acer/.local/share/virtualenvs/custom_airflow-E5ZHcY_K/lib/python3.12/site-packages/airflow/example_dags/example_bash_operator.py took 0.120 seconds
[2024-07-06T21:57:07.771+0700] {processor.py:161} INFO - Started process (PID=13653) to work on /home/acer/.local/share/virtualenvs/custom_airflow-E5ZHcY_K/lib/python3.12/site-packages/airflow/example_dags/example_bash_operator.py
[2024-07-06T21:57:07.772+0700] {processor.py:830} INFO - Processing file /home/acer/.local/share/virtualenvs/custom_airflow-E5ZHcY_K/lib/python3.12/site-packages/airflow/example_dags/example_bash_operator.py for tasks to queue
[2024-07-06T21:57:07.776+0700] {logging_mixin.py:188} INFO - [2024-07-06T21:57:07.775+0700] {dagbag.py:545} INFO - Filling up the DagBag from /home/acer/.local/share/virtualenvs/custom_airflow-E5ZHcY_K/lib/python3.12/site-packages/airflow/example_dags/example_bash_operator.py
[2024-07-06T21:57:07.794+0700] {processor.py:840} INFO - DAG(s) 'example_bash_operator' retrieved from /home/acer/.local/share/virtualenvs/custom_airflow-E5ZHcY_K/lib/python3.12/site-packages/airflow/example_dags/example_bash_operator.py
[2024-07-06T21:57:07.829+0700] {logging_mixin.py:188} INFO - [2024-07-06T21:57:07.828+0700] {dag.py:3096} INFO - Sync 1 DAGs
[2024-07-06T21:57:07.855+0700] {logging_mixin.py:188} INFO - [2024-07-06T21:57:07.855+0700] {dag.py:3954} INFO - Setting next_dagrun for example_bash_operator to 2024-07-05 00:00:00+00:00, run_after=2024-07-06 00:00:00+00:00
[2024-07-06T21:57:07.881+0700] {processor.py:183} INFO - Processing /home/acer/.local/share/virtualenvs/custom_airflow-E5ZHcY_K/lib/python3.12/site-packages/airflow/example_dags/example_bash_operator.py took 0.117 seconds
[2024-07-06T21:58:05.043+0700] {processor.py:161} INFO - Started process (PID=14091) to work on /home/acer/.local/share/virtualenvs/custom_airflow-E5ZHcY_K/lib/python3.12/site-packages/airflow/example_dags/example_bash_operator.py
[2024-07-06T21:58:05.045+0700] {processor.py:830} INFO - Processing file /home/acer/.local/share/virtualenvs/custom_airflow-E5ZHcY_K/lib/python3.12/site-packages/airflow/example_dags/example_bash_operator.py for tasks to queue
[2024-07-06T21:58:05.049+0700] {logging_mixin.py:188} INFO - [2024-07-06T21:58:05.048+0700] {dagbag.py:545} INFO - Filling up the DagBag from /home/acer/.local/share/virtualenvs/custom_airflow-E5ZHcY_K/lib/python3.12/site-packages/airflow/example_dags/example_bash_operator.py
[2024-07-06T21:58:05.069+0700] {processor.py:840} INFO - DAG(s) 'example_bash_operator' retrieved from /home/acer/.local/share/virtualenvs/custom_airflow-E5ZHcY_K/lib/python3.12/site-packages/airflow/example_dags/example_bash_operator.py
[2024-07-06T21:58:05.095+0700] {logging_mixin.py:188} INFO - [2024-07-06T21:58:05.095+0700] {dag.py:3096} INFO - Sync 1 DAGs
[2024-07-06T21:58:05.117+0700] {logging_mixin.py:188} INFO - [2024-07-06T21:58:05.116+0700] {dag.py:3954} INFO - Setting next_dagrun for example_bash_operator to 2024-07-05 00:00:00+00:00, run_after=2024-07-06 00:00:00+00:00
[2024-07-06T21:58:05.138+0700] {processor.py:183} INFO - Processing /home/acer/.local/share/virtualenvs/custom_airflow-E5ZHcY_K/lib/python3.12/site-packages/airflow/example_dags/example_bash_operator.py took 0.111 seconds
[2024-07-06T21:59:19.580+0700] {processor.py:161} INFO - Started process (PID=14477) to work on /home/acer/.local/share/virtualenvs/custom_airflow-E5ZHcY_K/lib/python3.12/site-packages/airflow/example_dags/example_bash_operator.py
[2024-07-06T21:59:19.581+0700] {processor.py:830} INFO - Processing file /home/acer/.local/share/virtualenvs/custom_airflow-E5ZHcY_K/lib/python3.12/site-packages/airflow/example_dags/example_bash_operator.py for tasks to queue
[2024-07-06T21:59:19.583+0700] {logging_mixin.py:188} INFO - [2024-07-06T21:59:19.582+0700] {dagbag.py:545} INFO - Filling up the DagBag from /home/acer/.local/share/virtualenvs/custom_airflow-E5ZHcY_K/lib/python3.12/site-packages/airflow/example_dags/example_bash_operator.py
[2024-07-06T21:59:19.595+0700] {processor.py:840} INFO - DAG(s) 'example_bash_operator' retrieved from /home/acer/.local/share/virtualenvs/custom_airflow-E5ZHcY_K/lib/python3.12/site-packages/airflow/example_dags/example_bash_operator.py
[2024-07-06T21:59:19.620+0700] {logging_mixin.py:188} INFO - [2024-07-06T21:59:19.620+0700] {dag.py:3096} INFO - Sync 1 DAGs
[2024-07-06T21:59:19.641+0700] {logging_mixin.py:188} INFO - [2024-07-06T21:59:19.641+0700] {dag.py:3954} INFO - Setting next_dagrun for example_bash_operator to 2024-07-05 00:00:00+00:00, run_after=2024-07-06 00:00:00+00:00
[2024-07-06T21:59:19.663+0700] {processor.py:183} INFO - Processing /home/acer/.local/share/virtualenvs/custom_airflow-E5ZHcY_K/lib/python3.12/site-packages/airflow/example_dags/example_bash_operator.py took 0.090 seconds
[2024-07-06T22:00:34.260+0700] {processor.py:161} INFO - Started process (PID=14953) to work on /home/acer/.local/share/virtualenvs/custom_airflow-E5ZHcY_K/lib/python3.12/site-packages/airflow/example_dags/example_bash_operator.py
[2024-07-06T22:00:34.261+0700] {processor.py:830} INFO - Processing file /home/acer/.local/share/virtualenvs/custom_airflow-E5ZHcY_K/lib/python3.12/site-packages/airflow/example_dags/example_bash_operator.py for tasks to queue
[2024-07-06T22:00:34.263+0700] {logging_mixin.py:188} INFO - [2024-07-06T22:00:34.262+0700] {dagbag.py:545} INFO - Filling up the DagBag from /home/acer/.local/share/virtualenvs/custom_airflow-E5ZHcY_K/lib/python3.12/site-packages/airflow/example_dags/example_bash_operator.py
[2024-07-06T22:00:34.275+0700] {processor.py:840} INFO - DAG(s) 'example_bash_operator' retrieved from /home/acer/.local/share/virtualenvs/custom_airflow-E5ZHcY_K/lib/python3.12/site-packages/airflow/example_dags/example_bash_operator.py
[2024-07-06T22:00:34.301+0700] {logging_mixin.py:188} INFO - [2024-07-06T22:00:34.301+0700] {dag.py:3096} INFO - Sync 1 DAGs
[2024-07-06T22:00:34.323+0700] {logging_mixin.py:188} INFO - [2024-07-06T22:00:34.322+0700] {dag.py:3954} INFO - Setting next_dagrun for example_bash_operator to 2024-07-05 00:00:00+00:00, run_after=2024-07-06 00:00:00+00:00
[2024-07-06T22:00:34.344+0700] {processor.py:183} INFO - Processing /home/acer/.local/share/virtualenvs/custom_airflow-E5ZHcY_K/lib/python3.12/site-packages/airflow/example_dags/example_bash_operator.py took 0.090 seconds
[2024-07-06T22:02:04.446+0700] {processor.py:161} INFO - Started process (PID=15976) to work on /home/acer/.local/share/virtualenvs/custom_airflow-E5ZHcY_K/lib/python3.12/site-packages/airflow/example_dags/example_bash_operator.py
[2024-07-06T22:02:04.448+0700] {processor.py:830} INFO - Processing file /home/acer/.local/share/virtualenvs/custom_airflow-E5ZHcY_K/lib/python3.12/site-packages/airflow/example_dags/example_bash_operator.py for tasks to queue
[2024-07-06T22:02:04.452+0700] {logging_mixin.py:188} INFO - [2024-07-06T22:02:04.451+0700] {dagbag.py:545} INFO - Filling up the DagBag from /home/acer/.local/share/virtualenvs/custom_airflow-E5ZHcY_K/lib/python3.12/site-packages/airflow/example_dags/example_bash_operator.py
[2024-07-06T22:02:04.474+0700] {processor.py:840} INFO - DAG(s) 'example_bash_operator' retrieved from /home/acer/.local/share/virtualenvs/custom_airflow-E5ZHcY_K/lib/python3.12/site-packages/airflow/example_dags/example_bash_operator.py
[2024-07-06T22:02:04.499+0700] {logging_mixin.py:188} INFO - [2024-07-06T22:02:04.499+0700] {dag.py:3096} INFO - Sync 1 DAGs
[2024-07-06T22:02:04.521+0700] {logging_mixin.py:188} INFO - [2024-07-06T22:02:04.520+0700] {dag.py:3954} INFO - Setting next_dagrun for example_bash_operator to 2024-07-05 00:00:00+00:00, run_after=2024-07-06 00:00:00+00:00
[2024-07-06T22:02:04.543+0700] {processor.py:183} INFO - Processing /home/acer/.local/share/virtualenvs/custom_airflow-E5ZHcY_K/lib/python3.12/site-packages/airflow/example_dags/example_bash_operator.py took 0.110 seconds
[2024-07-06T22:03:05.125+0700] {processor.py:161} INFO - Started process (PID=16368) to work on /home/acer/.local/share/virtualenvs/custom_airflow-E5ZHcY_K/lib/python3.12/site-packages/airflow/example_dags/example_bash_operator.py
[2024-07-06T22:03:05.127+0700] {processor.py:830} INFO - Processing file /home/acer/.local/share/virtualenvs/custom_airflow-E5ZHcY_K/lib/python3.12/site-packages/airflow/example_dags/example_bash_operator.py for tasks to queue
[2024-07-06T22:03:05.129+0700] {logging_mixin.py:188} INFO - [2024-07-06T22:03:05.129+0700] {dagbag.py:545} INFO - Filling up the DagBag from /home/acer/.local/share/virtualenvs/custom_airflow-E5ZHcY_K/lib/python3.12/site-packages/airflow/example_dags/example_bash_operator.py
[2024-07-06T22:03:05.144+0700] {processor.py:840} INFO - DAG(s) 'example_bash_operator' retrieved from /home/acer/.local/share/virtualenvs/custom_airflow-E5ZHcY_K/lib/python3.12/site-packages/airflow/example_dags/example_bash_operator.py
[2024-07-06T22:03:05.182+0700] {logging_mixin.py:188} INFO - [2024-07-06T22:03:05.181+0700] {dag.py:3096} INFO - Sync 1 DAGs
[2024-07-06T22:03:05.219+0700] {logging_mixin.py:188} INFO - [2024-07-06T22:03:05.219+0700] {dag.py:3954} INFO - Setting next_dagrun for example_bash_operator to 2024-07-05 00:00:00+00:00, run_after=2024-07-06 00:00:00+00:00
[2024-07-06T22:03:05.243+0700] {processor.py:183} INFO - Processing /home/acer/.local/share/virtualenvs/custom_airflow-E5ZHcY_K/lib/python3.12/site-packages/airflow/example_dags/example_bash_operator.py took 0.129 seconds
[2024-07-06T22:04:57.464+0700] {processor.py:161} INFO - Started process (PID=17422) to work on /home/acer/.local/share/virtualenvs/custom_airflow-E5ZHcY_K/lib/python3.12/site-packages/airflow/example_dags/example_bash_operator.py
[2024-07-06T22:04:57.465+0700] {processor.py:830} INFO - Processing file /home/acer/.local/share/virtualenvs/custom_airflow-E5ZHcY_K/lib/python3.12/site-packages/airflow/example_dags/example_bash_operator.py for tasks to queue
[2024-07-06T22:04:57.467+0700] {logging_mixin.py:188} INFO - [2024-07-06T22:04:57.467+0700] {dagbag.py:545} INFO - Filling up the DagBag from /home/acer/.local/share/virtualenvs/custom_airflow-E5ZHcY_K/lib/python3.12/site-packages/airflow/example_dags/example_bash_operator.py
[2024-07-06T22:04:57.481+0700] {processor.py:840} INFO - DAG(s) 'example_bash_operator' retrieved from /home/acer/.local/share/virtualenvs/custom_airflow-E5ZHcY_K/lib/python3.12/site-packages/airflow/example_dags/example_bash_operator.py
[2024-07-06T22:04:57.514+0700] {logging_mixin.py:188} INFO - [2024-07-06T22:04:57.513+0700] {dag.py:3096} INFO - Sync 1 DAGs
[2024-07-06T22:04:57.538+0700] {logging_mixin.py:188} INFO - [2024-07-06T22:04:57.538+0700] {dag.py:3954} INFO - Setting next_dagrun for example_bash_operator to 2024-07-05 00:00:00+00:00, run_after=2024-07-06 00:00:00+00:00
[2024-07-06T22:04:57.566+0700] {processor.py:183} INFO - Processing /home/acer/.local/share/virtualenvs/custom_airflow-E5ZHcY_K/lib/python3.12/site-packages/airflow/example_dags/example_bash_operator.py took 0.108 seconds
[2024-07-06T22:06:15.186+0700] {processor.py:161} INFO - Started process (PID=17919) to work on /home/acer/.local/share/virtualenvs/custom_airflow-E5ZHcY_K/lib/python3.12/site-packages/airflow/example_dags/example_bash_operator.py
[2024-07-06T22:06:15.187+0700] {processor.py:830} INFO - Processing file /home/acer/.local/share/virtualenvs/custom_airflow-E5ZHcY_K/lib/python3.12/site-packages/airflow/example_dags/example_bash_operator.py for tasks to queue
[2024-07-06T22:06:15.189+0700] {logging_mixin.py:188} INFO - [2024-07-06T22:06:15.189+0700] {dagbag.py:545} INFO - Filling up the DagBag from /home/acer/.local/share/virtualenvs/custom_airflow-E5ZHcY_K/lib/python3.12/site-packages/airflow/example_dags/example_bash_operator.py
[2024-07-06T22:06:15.201+0700] {processor.py:840} INFO - DAG(s) 'example_bash_operator' retrieved from /home/acer/.local/share/virtualenvs/custom_airflow-E5ZHcY_K/lib/python3.12/site-packages/airflow/example_dags/example_bash_operator.py
[2024-07-06T22:06:15.226+0700] {logging_mixin.py:188} INFO - [2024-07-06T22:06:15.226+0700] {dag.py:3096} INFO - Sync 1 DAGs
[2024-07-06T22:06:15.249+0700] {logging_mixin.py:188} INFO - [2024-07-06T22:06:15.248+0700] {dag.py:3954} INFO - Setting next_dagrun for example_bash_operator to 2024-07-05 00:00:00+00:00, run_after=2024-07-06 00:00:00+00:00
[2024-07-06T22:06:15.269+0700] {processor.py:183} INFO - Processing /home/acer/.local/share/virtualenvs/custom_airflow-E5ZHcY_K/lib/python3.12/site-packages/airflow/example_dags/example_bash_operator.py took 0.088 seconds
[2024-07-06T22:07:32.081+0700] {processor.py:161} INFO - Started process (PID=18589) to work on /home/acer/.local/share/virtualenvs/custom_airflow-E5ZHcY_K/lib/python3.12/site-packages/airflow/example_dags/example_bash_operator.py
[2024-07-06T22:07:32.083+0700] {processor.py:830} INFO - Processing file /home/acer/.local/share/virtualenvs/custom_airflow-E5ZHcY_K/lib/python3.12/site-packages/airflow/example_dags/example_bash_operator.py for tasks to queue
[2024-07-06T22:07:32.086+0700] {logging_mixin.py:188} INFO - [2024-07-06T22:07:32.085+0700] {dagbag.py:545} INFO - Filling up the DagBag from /home/acer/.local/share/virtualenvs/custom_airflow-E5ZHcY_K/lib/python3.12/site-packages/airflow/example_dags/example_bash_operator.py
[2024-07-06T22:07:32.109+0700] {processor.py:840} INFO - DAG(s) 'example_bash_operator' retrieved from /home/acer/.local/share/virtualenvs/custom_airflow-E5ZHcY_K/lib/python3.12/site-packages/airflow/example_dags/example_bash_operator.py
[2024-07-06T22:07:32.151+0700] {logging_mixin.py:188} INFO - [2024-07-06T22:07:32.151+0700] {dag.py:3096} INFO - Sync 1 DAGs
[2024-07-06T22:07:32.189+0700] {logging_mixin.py:188} INFO - [2024-07-06T22:07:32.189+0700] {dag.py:3954} INFO - Setting next_dagrun for example_bash_operator to 2024-07-05 00:00:00+00:00, run_after=2024-07-06 00:00:00+00:00
[2024-07-06T22:07:32.223+0700] {processor.py:183} INFO - Processing /home/acer/.local/share/virtualenvs/custom_airflow-E5ZHcY_K/lib/python3.12/site-packages/airflow/example_dags/example_bash_operator.py took 0.153 seconds
[2024-07-06T22:08:28.442+0700] {processor.py:161} INFO - Started process (PID=18871) to work on /home/acer/.local/share/virtualenvs/custom_airflow-E5ZHcY_K/lib/python3.12/site-packages/airflow/example_dags/example_bash_operator.py
[2024-07-06T22:08:28.444+0700] {processor.py:830} INFO - Processing file /home/acer/.local/share/virtualenvs/custom_airflow-E5ZHcY_K/lib/python3.12/site-packages/airflow/example_dags/example_bash_operator.py for tasks to queue
[2024-07-06T22:08:28.446+0700] {logging_mixin.py:188} INFO - [2024-07-06T22:08:28.446+0700] {dagbag.py:545} INFO - Filling up the DagBag from /home/acer/.local/share/virtualenvs/custom_airflow-E5ZHcY_K/lib/python3.12/site-packages/airflow/example_dags/example_bash_operator.py
[2024-07-06T22:08:28.459+0700] {processor.py:840} INFO - DAG(s) 'example_bash_operator' retrieved from /home/acer/.local/share/virtualenvs/custom_airflow-E5ZHcY_K/lib/python3.12/site-packages/airflow/example_dags/example_bash_operator.py
[2024-07-06T22:08:28.502+0700] {logging_mixin.py:188} INFO - [2024-07-06T22:08:28.501+0700] {dag.py:3096} INFO - Sync 1 DAGs
[2024-07-06T22:08:28.536+0700] {logging_mixin.py:188} INFO - [2024-07-06T22:08:28.536+0700] {dag.py:3954} INFO - Setting next_dagrun for example_bash_operator to 2024-07-05 00:00:00+00:00, run_after=2024-07-06 00:00:00+00:00
[2024-07-06T22:08:28.561+0700] {processor.py:183} INFO - Processing /home/acer/.local/share/virtualenvs/custom_airflow-E5ZHcY_K/lib/python3.12/site-packages/airflow/example_dags/example_bash_operator.py took 0.125 seconds
[2024-07-06T22:09:51.932+0700] {processor.py:161} INFO - Started process (PID=19319) to work on /home/acer/.local/share/virtualenvs/custom_airflow-E5ZHcY_K/lib/python3.12/site-packages/airflow/example_dags/example_bash_operator.py
[2024-07-06T22:09:51.934+0700] {processor.py:830} INFO - Processing file /home/acer/.local/share/virtualenvs/custom_airflow-E5ZHcY_K/lib/python3.12/site-packages/airflow/example_dags/example_bash_operator.py for tasks to queue
[2024-07-06T22:09:51.940+0700] {logging_mixin.py:188} INFO - [2024-07-06T22:09:51.938+0700] {dagbag.py:545} INFO - Filling up the DagBag from /home/acer/.local/share/virtualenvs/custom_airflow-E5ZHcY_K/lib/python3.12/site-packages/airflow/example_dags/example_bash_operator.py
[2024-07-06T22:09:51.978+0700] {processor.py:840} INFO - DAG(s) 'example_bash_operator' retrieved from /home/acer/.local/share/virtualenvs/custom_airflow-E5ZHcY_K/lib/python3.12/site-packages/airflow/example_dags/example_bash_operator.py
[2024-07-06T22:09:52.013+0700] {logging_mixin.py:188} INFO - [2024-07-06T22:09:52.013+0700] {dag.py:3096} INFO - Sync 1 DAGs
[2024-07-06T22:09:52.048+0700] {logging_mixin.py:188} INFO - [2024-07-06T22:09:52.048+0700] {dag.py:3954} INFO - Setting next_dagrun for example_bash_operator to 2024-07-05 00:00:00+00:00, run_after=2024-07-06 00:00:00+00:00
[2024-07-06T22:09:52.079+0700] {processor.py:183} INFO - Processing /home/acer/.local/share/virtualenvs/custom_airflow-E5ZHcY_K/lib/python3.12/site-packages/airflow/example_dags/example_bash_operator.py took 0.161 seconds
[2024-07-06T22:10:56.298+0700] {processor.py:161} INFO - Started process (PID=19723) to work on /home/acer/.local/share/virtualenvs/custom_airflow-E5ZHcY_K/lib/python3.12/site-packages/airflow/example_dags/example_bash_operator.py
[2024-07-06T22:10:56.300+0700] {processor.py:830} INFO - Processing file /home/acer/.local/share/virtualenvs/custom_airflow-E5ZHcY_K/lib/python3.12/site-packages/airflow/example_dags/example_bash_operator.py for tasks to queue
[2024-07-06T22:10:56.305+0700] {logging_mixin.py:188} INFO - [2024-07-06T22:10:56.304+0700] {dagbag.py:545} INFO - Filling up the DagBag from /home/acer/.local/share/virtualenvs/custom_airflow-E5ZHcY_K/lib/python3.12/site-packages/airflow/example_dags/example_bash_operator.py
[2024-07-06T22:10:56.330+0700] {processor.py:840} INFO - DAG(s) 'example_bash_operator' retrieved from /home/acer/.local/share/virtualenvs/custom_airflow-E5ZHcY_K/lib/python3.12/site-packages/airflow/example_dags/example_bash_operator.py
[2024-07-06T22:10:56.388+0700] {logging_mixin.py:188} INFO - [2024-07-06T22:10:56.388+0700] {dag.py:3096} INFO - Sync 1 DAGs
[2024-07-06T22:10:56.417+0700] {logging_mixin.py:188} INFO - [2024-07-06T22:10:56.416+0700] {dag.py:3954} INFO - Setting next_dagrun for example_bash_operator to 2024-07-05 00:00:00+00:00, run_after=2024-07-06 00:00:00+00:00
[2024-07-06T22:10:56.441+0700] {processor.py:183} INFO - Processing /home/acer/.local/share/virtualenvs/custom_airflow-E5ZHcY_K/lib/python3.12/site-packages/airflow/example_dags/example_bash_operator.py took 0.158 seconds
[2024-07-06T22:11:59.845+0700] {processor.py:161} INFO - Started process (PID=20038) to work on /home/acer/.local/share/virtualenvs/custom_airflow-E5ZHcY_K/lib/python3.12/site-packages/airflow/example_dags/example_bash_operator.py
[2024-07-06T22:11:59.847+0700] {processor.py:830} INFO - Processing file /home/acer/.local/share/virtualenvs/custom_airflow-E5ZHcY_K/lib/python3.12/site-packages/airflow/example_dags/example_bash_operator.py for tasks to queue
[2024-07-06T22:11:59.849+0700] {logging_mixin.py:188} INFO - [2024-07-06T22:11:59.849+0700] {dagbag.py:545} INFO - Filling up the DagBag from /home/acer/.local/share/virtualenvs/custom_airflow-E5ZHcY_K/lib/python3.12/site-packages/airflow/example_dags/example_bash_operator.py
[2024-07-06T22:11:59.865+0700] {processor.py:840} INFO - DAG(s) 'example_bash_operator' retrieved from /home/acer/.local/share/virtualenvs/custom_airflow-E5ZHcY_K/lib/python3.12/site-packages/airflow/example_dags/example_bash_operator.py
[2024-07-06T22:11:59.904+0700] {logging_mixin.py:188} INFO - [2024-07-06T22:11:59.903+0700] {dag.py:3096} INFO - Sync 1 DAGs
[2024-07-06T22:11:59.957+0700] {logging_mixin.py:188} INFO - [2024-07-06T22:11:59.956+0700] {dag.py:3954} INFO - Setting next_dagrun for example_bash_operator to 2024-07-05 00:00:00+00:00, run_after=2024-07-06 00:00:00+00:00
[2024-07-06T22:11:59.985+0700] {processor.py:183} INFO - Processing /home/acer/.local/share/virtualenvs/custom_airflow-E5ZHcY_K/lib/python3.12/site-packages/airflow/example_dags/example_bash_operator.py took 0.150 seconds
[2024-07-06T22:12:58.967+0700] {processor.py:161} INFO - Started process (PID=20353) to work on /home/acer/.local/share/virtualenvs/custom_airflow-E5ZHcY_K/lib/python3.12/site-packages/airflow/example_dags/example_bash_operator.py
[2024-07-06T22:12:58.972+0700] {processor.py:830} INFO - Processing file /home/acer/.local/share/virtualenvs/custom_airflow-E5ZHcY_K/lib/python3.12/site-packages/airflow/example_dags/example_bash_operator.py for tasks to queue
[2024-07-06T22:12:58.976+0700] {logging_mixin.py:188} INFO - [2024-07-06T22:12:58.975+0700] {dagbag.py:545} INFO - Filling up the DagBag from /home/acer/.local/share/virtualenvs/custom_airflow-E5ZHcY_K/lib/python3.12/site-packages/airflow/example_dags/example_bash_operator.py
[2024-07-06T22:12:59.003+0700] {processor.py:840} INFO - DAG(s) 'example_bash_operator' retrieved from /home/acer/.local/share/virtualenvs/custom_airflow-E5ZHcY_K/lib/python3.12/site-packages/airflow/example_dags/example_bash_operator.py
[2024-07-06T22:12:59.054+0700] {logging_mixin.py:188} INFO - [2024-07-06T22:12:59.053+0700] {dag.py:3096} INFO - Sync 1 DAGs
[2024-07-06T22:12:59.085+0700] {logging_mixin.py:188} INFO - [2024-07-06T22:12:59.085+0700] {dag.py:3954} INFO - Setting next_dagrun for example_bash_operator to 2024-07-05 00:00:00+00:00, run_after=2024-07-06 00:00:00+00:00
[2024-07-06T22:12:59.119+0700] {processor.py:183} INFO - Processing /home/acer/.local/share/virtualenvs/custom_airflow-E5ZHcY_K/lib/python3.12/site-packages/airflow/example_dags/example_bash_operator.py took 0.164 seconds
[2024-07-06T22:13:57.720+0700] {processor.py:161} INFO - Started process (PID=20731) to work on /home/acer/.local/share/virtualenvs/custom_airflow-E5ZHcY_K/lib/python3.12/site-packages/airflow/example_dags/example_bash_operator.py
[2024-07-06T22:13:57.721+0700] {processor.py:830} INFO - Processing file /home/acer/.local/share/virtualenvs/custom_airflow-E5ZHcY_K/lib/python3.12/site-packages/airflow/example_dags/example_bash_operator.py for tasks to queue
[2024-07-06T22:13:57.723+0700] {logging_mixin.py:188} INFO - [2024-07-06T22:13:57.722+0700] {dagbag.py:545} INFO - Filling up the DagBag from /home/acer/.local/share/virtualenvs/custom_airflow-E5ZHcY_K/lib/python3.12/site-packages/airflow/example_dags/example_bash_operator.py
[2024-07-06T22:13:57.740+0700] {processor.py:840} INFO - DAG(s) 'example_bash_operator' retrieved from /home/acer/.local/share/virtualenvs/custom_airflow-E5ZHcY_K/lib/python3.12/site-packages/airflow/example_dags/example_bash_operator.py
[2024-07-06T22:13:57.777+0700] {logging_mixin.py:188} INFO - [2024-07-06T22:13:57.776+0700] {dag.py:3096} INFO - Sync 1 DAGs
[2024-07-06T22:13:57.813+0700] {logging_mixin.py:188} INFO - [2024-07-06T22:13:57.812+0700] {dag.py:3954} INFO - Setting next_dagrun for example_bash_operator to 2024-07-05 00:00:00+00:00, run_after=2024-07-06 00:00:00+00:00
[2024-07-06T22:13:57.844+0700] {processor.py:183} INFO - Processing /home/acer/.local/share/virtualenvs/custom_airflow-E5ZHcY_K/lib/python3.12/site-packages/airflow/example_dags/example_bash_operator.py took 0.131 seconds
[2024-07-06T22:14:58.571+0700] {processor.py:161} INFO - Started process (PID=21060) to work on /home/acer/.local/share/virtualenvs/custom_airflow-E5ZHcY_K/lib/python3.12/site-packages/airflow/example_dags/example_bash_operator.py
[2024-07-06T22:14:58.574+0700] {processor.py:830} INFO - Processing file /home/acer/.local/share/virtualenvs/custom_airflow-E5ZHcY_K/lib/python3.12/site-packages/airflow/example_dags/example_bash_operator.py for tasks to queue
[2024-07-06T22:14:58.577+0700] {logging_mixin.py:188} INFO - [2024-07-06T22:14:58.576+0700] {dagbag.py:545} INFO - Filling up the DagBag from /home/acer/.local/share/virtualenvs/custom_airflow-E5ZHcY_K/lib/python3.12/site-packages/airflow/example_dags/example_bash_operator.py
[2024-07-06T22:14:58.595+0700] {processor.py:840} INFO - DAG(s) 'example_bash_operator' retrieved from /home/acer/.local/share/virtualenvs/custom_airflow-E5ZHcY_K/lib/python3.12/site-packages/airflow/example_dags/example_bash_operator.py
[2024-07-06T22:14:58.634+0700] {logging_mixin.py:188} INFO - [2024-07-06T22:14:58.634+0700] {dag.py:3096} INFO - Sync 1 DAGs
[2024-07-06T22:14:58.671+0700] {logging_mixin.py:188} INFO - [2024-07-06T22:14:58.670+0700] {dag.py:3954} INFO - Setting next_dagrun for example_bash_operator to 2024-07-05 00:00:00+00:00, run_after=2024-07-06 00:00:00+00:00
[2024-07-06T22:14:58.699+0700] {processor.py:183} INFO - Processing /home/acer/.local/share/virtualenvs/custom_airflow-E5ZHcY_K/lib/python3.12/site-packages/airflow/example_dags/example_bash_operator.py took 0.144 seconds
[2024-07-06T22:16:02.113+0700] {processor.py:161} INFO - Started process (PID=21454) to work on /home/acer/.local/share/virtualenvs/custom_airflow-E5ZHcY_K/lib/python3.12/site-packages/airflow/example_dags/example_bash_operator.py
[2024-07-06T22:16:02.117+0700] {processor.py:830} INFO - Processing file /home/acer/.local/share/virtualenvs/custom_airflow-E5ZHcY_K/lib/python3.12/site-packages/airflow/example_dags/example_bash_operator.py for tasks to queue
[2024-07-06T22:16:02.123+0700] {logging_mixin.py:188} INFO - [2024-07-06T22:16:02.122+0700] {dagbag.py:545} INFO - Filling up the DagBag from /home/acer/.local/share/virtualenvs/custom_airflow-E5ZHcY_K/lib/python3.12/site-packages/airflow/example_dags/example_bash_operator.py
[2024-07-06T22:16:02.141+0700] {processor.py:840} INFO - DAG(s) 'example_bash_operator' retrieved from /home/acer/.local/share/virtualenvs/custom_airflow-E5ZHcY_K/lib/python3.12/site-packages/airflow/example_dags/example_bash_operator.py
[2024-07-06T22:16:02.176+0700] {logging_mixin.py:188} INFO - [2024-07-06T22:16:02.175+0700] {dag.py:3096} INFO - Sync 1 DAGs
[2024-07-06T22:16:02.205+0700] {logging_mixin.py:188} INFO - [2024-07-06T22:16:02.204+0700] {dag.py:3954} INFO - Setting next_dagrun for example_bash_operator to 2024-07-05 00:00:00+00:00, run_after=2024-07-06 00:00:00+00:00
[2024-07-06T22:16:02.236+0700] {processor.py:183} INFO - Processing /home/acer/.local/share/virtualenvs/custom_airflow-E5ZHcY_K/lib/python3.12/site-packages/airflow/example_dags/example_bash_operator.py took 0.145 seconds
[2024-07-06T22:16:56.584+0700] {processor.py:161} INFO - Started process (PID=21732) to work on /home/acer/.local/share/virtualenvs/custom_airflow-E5ZHcY_K/lib/python3.12/site-packages/airflow/example_dags/example_bash_operator.py
[2024-07-06T22:16:56.585+0700] {processor.py:830} INFO - Processing file /home/acer/.local/share/virtualenvs/custom_airflow-E5ZHcY_K/lib/python3.12/site-packages/airflow/example_dags/example_bash_operator.py for tasks to queue
[2024-07-06T22:16:56.588+0700] {logging_mixin.py:188} INFO - [2024-07-06T22:16:56.587+0700] {dagbag.py:545} INFO - Filling up the DagBag from /home/acer/.local/share/virtualenvs/custom_airflow-E5ZHcY_K/lib/python3.12/site-packages/airflow/example_dags/example_bash_operator.py
[2024-07-06T22:16:56.605+0700] {processor.py:840} INFO - DAG(s) 'example_bash_operator' retrieved from /home/acer/.local/share/virtualenvs/custom_airflow-E5ZHcY_K/lib/python3.12/site-packages/airflow/example_dags/example_bash_operator.py
[2024-07-06T22:16:56.645+0700] {logging_mixin.py:188} INFO - [2024-07-06T22:16:56.645+0700] {dag.py:3096} INFO - Sync 1 DAGs
[2024-07-06T22:16:56.686+0700] {logging_mixin.py:188} INFO - [2024-07-06T22:16:56.685+0700] {dag.py:3954} INFO - Setting next_dagrun for example_bash_operator to 2024-07-05 00:00:00+00:00, run_after=2024-07-06 00:00:00+00:00
[2024-07-06T22:16:56.719+0700] {processor.py:183} INFO - Processing /home/acer/.local/share/virtualenvs/custom_airflow-E5ZHcY_K/lib/python3.12/site-packages/airflow/example_dags/example_bash_operator.py took 0.145 seconds
[2024-07-06T22:17:55.220+0700] {processor.py:161} INFO - Started process (PID=22064) to work on /home/acer/.local/share/virtualenvs/custom_airflow-E5ZHcY_K/lib/python3.12/site-packages/airflow/example_dags/example_bash_operator.py
[2024-07-06T22:17:55.221+0700] {processor.py:830} INFO - Processing file /home/acer/.local/share/virtualenvs/custom_airflow-E5ZHcY_K/lib/python3.12/site-packages/airflow/example_dags/example_bash_operator.py for tasks to queue
[2024-07-06T22:17:55.223+0700] {logging_mixin.py:188} INFO - [2024-07-06T22:17:55.223+0700] {dagbag.py:545} INFO - Filling up the DagBag from /home/acer/.local/share/virtualenvs/custom_airflow-E5ZHcY_K/lib/python3.12/site-packages/airflow/example_dags/example_bash_operator.py
[2024-07-06T22:17:55.242+0700] {processor.py:840} INFO - DAG(s) 'example_bash_operator' retrieved from /home/acer/.local/share/virtualenvs/custom_airflow-E5ZHcY_K/lib/python3.12/site-packages/airflow/example_dags/example_bash_operator.py
[2024-07-06T22:17:55.290+0700] {logging_mixin.py:188} INFO - [2024-07-06T22:17:55.290+0700] {dag.py:3096} INFO - Sync 1 DAGs
[2024-07-06T22:17:55.426+0700] {logging_mixin.py:188} INFO - [2024-07-06T22:17:55.426+0700] {dag.py:3954} INFO - Setting next_dagrun for example_bash_operator to 2024-07-05 00:00:00+00:00, run_after=2024-07-06 00:00:00+00:00
[2024-07-06T22:17:55.469+0700] {processor.py:183} INFO - Processing /home/acer/.local/share/virtualenvs/custom_airflow-E5ZHcY_K/lib/python3.12/site-packages/airflow/example_dags/example_bash_operator.py took 0.259 seconds
[2024-07-06T22:18:58.545+0700] {processor.py:161} INFO - Started process (PID=22391) to work on /home/acer/.local/share/virtualenvs/custom_airflow-E5ZHcY_K/lib/python3.12/site-packages/airflow/example_dags/example_bash_operator.py
[2024-07-06T22:18:58.546+0700] {processor.py:830} INFO - Processing file /home/acer/.local/share/virtualenvs/custom_airflow-E5ZHcY_K/lib/python3.12/site-packages/airflow/example_dags/example_bash_operator.py for tasks to queue
[2024-07-06T22:18:58.548+0700] {logging_mixin.py:188} INFO - [2024-07-06T22:18:58.548+0700] {dagbag.py:545} INFO - Filling up the DagBag from /home/acer/.local/share/virtualenvs/custom_airflow-E5ZHcY_K/lib/python3.12/site-packages/airflow/example_dags/example_bash_operator.py
[2024-07-06T22:18:58.564+0700] {processor.py:840} INFO - DAG(s) 'example_bash_operator' retrieved from /home/acer/.local/share/virtualenvs/custom_airflow-E5ZHcY_K/lib/python3.12/site-packages/airflow/example_dags/example_bash_operator.py
[2024-07-06T22:18:58.594+0700] {logging_mixin.py:188} INFO - [2024-07-06T22:18:58.594+0700] {dag.py:3096} INFO - Sync 1 DAGs
[2024-07-06T22:18:58.631+0700] {logging_mixin.py:188} INFO - [2024-07-06T22:18:58.631+0700] {dag.py:3954} INFO - Setting next_dagrun for example_bash_operator to 2024-07-05 00:00:00+00:00, run_after=2024-07-06 00:00:00+00:00
[2024-07-06T22:18:58.660+0700] {processor.py:183} INFO - Processing /home/acer/.local/share/virtualenvs/custom_airflow-E5ZHcY_K/lib/python3.12/site-packages/airflow/example_dags/example_bash_operator.py took 0.123 seconds
[2024-07-06T22:19:59.736+0700] {processor.py:161} INFO - Started process (PID=22733) to work on /home/acer/.local/share/virtualenvs/custom_airflow-E5ZHcY_K/lib/python3.12/site-packages/airflow/example_dags/example_bash_operator.py
[2024-07-06T22:19:59.738+0700] {processor.py:830} INFO - Processing file /home/acer/.local/share/virtualenvs/custom_airflow-E5ZHcY_K/lib/python3.12/site-packages/airflow/example_dags/example_bash_operator.py for tasks to queue
[2024-07-06T22:19:59.741+0700] {logging_mixin.py:188} INFO - [2024-07-06T22:19:59.740+0700] {dagbag.py:545} INFO - Filling up the DagBag from /home/acer/.local/share/virtualenvs/custom_airflow-E5ZHcY_K/lib/python3.12/site-packages/airflow/example_dags/example_bash_operator.py
[2024-07-06T22:19:59.757+0700] {processor.py:840} INFO - DAG(s) 'example_bash_operator' retrieved from /home/acer/.local/share/virtualenvs/custom_airflow-E5ZHcY_K/lib/python3.12/site-packages/airflow/example_dags/example_bash_operator.py
[2024-07-06T22:19:59.789+0700] {logging_mixin.py:188} INFO - [2024-07-06T22:19:59.789+0700] {dag.py:3096} INFO - Sync 1 DAGs
[2024-07-06T22:19:59.816+0700] {logging_mixin.py:188} INFO - [2024-07-06T22:19:59.815+0700] {dag.py:3954} INFO - Setting next_dagrun for example_bash_operator to 2024-07-05 00:00:00+00:00, run_after=2024-07-06 00:00:00+00:00
[2024-07-06T22:19:59.844+0700] {processor.py:183} INFO - Processing /home/acer/.local/share/virtualenvs/custom_airflow-E5ZHcY_K/lib/python3.12/site-packages/airflow/example_dags/example_bash_operator.py took 0.118 seconds
[2024-07-06T22:21:01.032+0700] {processor.py:161} INFO - Started process (PID=23030) to work on /home/acer/.local/share/virtualenvs/custom_airflow-E5ZHcY_K/lib/python3.12/site-packages/airflow/example_dags/example_bash_operator.py
[2024-07-06T22:21:01.035+0700] {processor.py:830} INFO - Processing file /home/acer/.local/share/virtualenvs/custom_airflow-E5ZHcY_K/lib/python3.12/site-packages/airflow/example_dags/example_bash_operator.py for tasks to queue
[2024-07-06T22:21:01.039+0700] {logging_mixin.py:188} INFO - [2024-07-06T22:21:01.038+0700] {dagbag.py:545} INFO - Filling up the DagBag from /home/acer/.local/share/virtualenvs/custom_airflow-E5ZHcY_K/lib/python3.12/site-packages/airflow/example_dags/example_bash_operator.py
[2024-07-06T22:21:01.066+0700] {processor.py:840} INFO - DAG(s) 'example_bash_operator' retrieved from /home/acer/.local/share/virtualenvs/custom_airflow-E5ZHcY_K/lib/python3.12/site-packages/airflow/example_dags/example_bash_operator.py
[2024-07-06T22:21:01.105+0700] {logging_mixin.py:188} INFO - [2024-07-06T22:21:01.105+0700] {dag.py:3096} INFO - Sync 1 DAGs
[2024-07-06T22:21:01.138+0700] {logging_mixin.py:188} INFO - [2024-07-06T22:21:01.138+0700] {dag.py:3954} INFO - Setting next_dagrun for example_bash_operator to 2024-07-05 00:00:00+00:00, run_after=2024-07-06 00:00:00+00:00
[2024-07-06T22:21:01.169+0700] {processor.py:183} INFO - Processing /home/acer/.local/share/virtualenvs/custom_airflow-E5ZHcY_K/lib/python3.12/site-packages/airflow/example_dags/example_bash_operator.py took 0.150 seconds
