[2024-07-06T16:09:33.646+0700] {processor.py:161} INFO - Started process (PID=51487) to work on /home/acer/.local/share/virtualenvs/custom_airflow-E5ZHcY_K/lib/python3.12/site-packages/airflow/example_dags/example_branch_day_of_week_operator.py
[2024-07-06T16:09:33.647+0700] {processor.py:830} INFO - Processing file /home/acer/.local/share/virtualenvs/custom_airflow-E5ZHcY_K/lib/python3.12/site-packages/airflow/example_dags/example_branch_day_of_week_operator.py for tasks to queue
[2024-07-06T16:09:33.648+0700] {logging_mixin.py:188} INFO - [2024-07-06T16:09:33.648+0700] {dagbag.py:545} INFO - Filling up the DagBag from /home/acer/.local/share/virtualenvs/custom_airflow-E5ZHcY_K/lib/python3.12/site-packages/airflow/example_dags/example_branch_day_of_week_operator.py
[2024-07-06T16:09:33.656+0700] {processor.py:840} INFO - DAG(s) 'example_weekday_branch_operator' retrieved from /home/acer/.local/share/virtualenvs/custom_airflow-E5ZHcY_K/lib/python3.12/site-packages/airflow/example_dags/example_branch_day_of_week_operator.py
[2024-07-06T16:09:33.778+0700] {logging_mixin.py:188} INFO - [2024-07-06T16:09:33.777+0700] {override.py:1847} INFO - Created Permission View: can delete on DAG:example_weekday_branch_operator
[2024-07-06T16:09:33.789+0700] {logging_mixin.py:188} INFO - [2024-07-06T16:09:33.788+0700] {override.py:1847} INFO - Created Permission View: can edit on DAG:example_weekday_branch_operator
[2024-07-06T16:09:33.798+0700] {logging_mixin.py:188} INFO - [2024-07-06T16:09:33.797+0700] {override.py:1847} INFO - Created Permission View: can read on DAG:example_weekday_branch_operator
[2024-07-06T16:09:33.798+0700] {logging_mixin.py:188} INFO - [2024-07-06T16:09:33.798+0700] {dag.py:3096} INFO - Sync 1 DAGs
[2024-07-06T16:09:33.809+0700] {logging_mixin.py:188} INFO - [2024-07-06T16:09:33.809+0700] {dag.py:3118} INFO - Creating ORM DAG for example_weekday_branch_operator
[2024-07-06T16:09:33.820+0700] {logging_mixin.py:188} INFO - [2024-07-06T16:09:33.819+0700] {dag.py:3954} INFO - Setting next_dagrun for example_weekday_branch_operator to 2024-07-05 00:00:00+00:00, run_after=2024-07-06 00:00:00+00:00
[2024-07-06T16:09:33.854+0700] {processor.py:183} INFO - Processing /home/acer/.local/share/virtualenvs/custom_airflow-E5ZHcY_K/lib/python3.12/site-packages/airflow/example_dags/example_branch_day_of_week_operator.py took 0.216 seconds
[2024-07-06T16:11:20.809+0700] {processor.py:161} INFO - Started process (PID=52414) to work on /home/acer/.local/share/virtualenvs/custom_airflow-E5ZHcY_K/lib/python3.12/site-packages/airflow/example_dags/example_branch_day_of_week_operator.py
[2024-07-06T16:11:20.811+0700] {processor.py:830} INFO - Processing file /home/acer/.local/share/virtualenvs/custom_airflow-E5ZHcY_K/lib/python3.12/site-packages/airflow/example_dags/example_branch_day_of_week_operator.py for tasks to queue
[2024-07-06T16:11:20.815+0700] {logging_mixin.py:188} INFO - [2024-07-06T16:11:20.814+0700] {dagbag.py:545} INFO - Filling up the DagBag from /home/acer/.local/share/virtualenvs/custom_airflow-E5ZHcY_K/lib/python3.12/site-packages/airflow/example_dags/example_branch_day_of_week_operator.py
[2024-07-06T16:11:20.833+0700] {processor.py:840} INFO - DAG(s) 'example_weekday_branch_operator' retrieved from /home/acer/.local/share/virtualenvs/custom_airflow-E5ZHcY_K/lib/python3.12/site-packages/airflow/example_dags/example_branch_day_of_week_operator.py
[2024-07-06T16:11:20.851+0700] {logging_mixin.py:188} INFO - [2024-07-06T16:11:20.851+0700] {dag.py:3096} INFO - Sync 1 DAGs
[2024-07-06T16:11:20.874+0700] {logging_mixin.py:188} INFO - [2024-07-06T16:11:20.873+0700] {dag.py:3954} INFO - Setting next_dagrun for example_weekday_branch_operator to 2024-07-05 00:00:00+00:00, run_after=2024-07-06 00:00:00+00:00
[2024-07-06T16:11:20.907+0700] {processor.py:183} INFO - Processing /home/acer/.local/share/virtualenvs/custom_airflow-E5ZHcY_K/lib/python3.12/site-packages/airflow/example_dags/example_branch_day_of_week_operator.py took 0.110 seconds
[2024-07-06T16:16:23.548+0700] {processor.py:161} INFO - Started process (PID=55161) to work on /home/acer/.local/share/virtualenvs/custom_airflow-E5ZHcY_K/lib/python3.12/site-packages/airflow/example_dags/example_branch_day_of_week_operator.py
[2024-07-06T16:16:23.550+0700] {processor.py:830} INFO - Processing file /home/acer/.local/share/virtualenvs/custom_airflow-E5ZHcY_K/lib/python3.12/site-packages/airflow/example_dags/example_branch_day_of_week_operator.py for tasks to queue
[2024-07-06T16:16:23.553+0700] {logging_mixin.py:188} INFO - [2024-07-06T16:16:23.552+0700] {dagbag.py:545} INFO - Filling up the DagBag from /home/acer/.local/share/virtualenvs/custom_airflow-E5ZHcY_K/lib/python3.12/site-packages/airflow/example_dags/example_branch_day_of_week_operator.py
[2024-07-06T16:16:23.564+0700] {processor.py:840} INFO - DAG(s) 'example_weekday_branch_operator' retrieved from /home/acer/.local/share/virtualenvs/custom_airflow-E5ZHcY_K/lib/python3.12/site-packages/airflow/example_dags/example_branch_day_of_week_operator.py
[2024-07-06T16:16:23.668+0700] {logging_mixin.py:188} INFO - [2024-07-06T16:16:23.668+0700] {dag.py:3096} INFO - Sync 1 DAGs
[2024-07-06T16:16:23.688+0700] {logging_mixin.py:188} INFO - [2024-07-06T16:16:23.688+0700] {dag.py:3954} INFO - Setting next_dagrun for example_weekday_branch_operator to 2024-07-05 00:00:00+00:00, run_after=2024-07-06 00:00:00+00:00
[2024-07-06T16:16:23.708+0700] {processor.py:183} INFO - Processing /home/acer/.local/share/virtualenvs/custom_airflow-E5ZHcY_K/lib/python3.12/site-packages/airflow/example_dags/example_branch_day_of_week_operator.py took 0.177 seconds
[2024-07-06T16:17:19.239+0700] {processor.py:161} INFO - Started process (PID=55655) to work on /home/acer/.local/share/virtualenvs/custom_airflow-E5ZHcY_K/lib/python3.12/site-packages/airflow/example_dags/example_branch_day_of_week_operator.py
[2024-07-06T16:17:19.241+0700] {processor.py:830} INFO - Processing file /home/acer/.local/share/virtualenvs/custom_airflow-E5ZHcY_K/lib/python3.12/site-packages/airflow/example_dags/example_branch_day_of_week_operator.py for tasks to queue
[2024-07-06T16:17:19.244+0700] {logging_mixin.py:188} INFO - [2024-07-06T16:17:19.243+0700] {dagbag.py:545} INFO - Filling up the DagBag from /home/acer/.local/share/virtualenvs/custom_airflow-E5ZHcY_K/lib/python3.12/site-packages/airflow/example_dags/example_branch_day_of_week_operator.py
[2024-07-06T16:17:19.254+0700] {processor.py:840} INFO - DAG(s) 'example_weekday_branch_operator' retrieved from /home/acer/.local/share/virtualenvs/custom_airflow-E5ZHcY_K/lib/python3.12/site-packages/airflow/example_dags/example_branch_day_of_week_operator.py
[2024-07-06T16:17:19.271+0700] {logging_mixin.py:188} INFO - [2024-07-06T16:17:19.270+0700] {dag.py:3096} INFO - Sync 1 DAGs
[2024-07-06T16:17:19.293+0700] {logging_mixin.py:188} INFO - [2024-07-06T16:17:19.293+0700] {dag.py:3954} INFO - Setting next_dagrun for example_weekday_branch_operator to 2024-07-05 00:00:00+00:00, run_after=2024-07-06 00:00:00+00:00
[2024-07-06T16:17:19.314+0700] {processor.py:183} INFO - Processing /home/acer/.local/share/virtualenvs/custom_airflow-E5ZHcY_K/lib/python3.12/site-packages/airflow/example_dags/example_branch_day_of_week_operator.py took 0.092 seconds
[2024-07-06T16:18:31.061+0700] {processor.py:161} INFO - Started process (PID=56012) to work on /home/acer/.local/share/virtualenvs/custom_airflow-E5ZHcY_K/lib/python3.12/site-packages/airflow/example_dags/example_branch_day_of_week_operator.py
[2024-07-06T16:18:31.062+0700] {processor.py:830} INFO - Processing file /home/acer/.local/share/virtualenvs/custom_airflow-E5ZHcY_K/lib/python3.12/site-packages/airflow/example_dags/example_branch_day_of_week_operator.py for tasks to queue
[2024-07-06T16:18:31.065+0700] {logging_mixin.py:188} INFO - [2024-07-06T16:18:31.064+0700] {dagbag.py:545} INFO - Filling up the DagBag from /home/acer/.local/share/virtualenvs/custom_airflow-E5ZHcY_K/lib/python3.12/site-packages/airflow/example_dags/example_branch_day_of_week_operator.py
[2024-07-06T16:18:31.076+0700] {processor.py:840} INFO - DAG(s) 'example_weekday_branch_operator' retrieved from /home/acer/.local/share/virtualenvs/custom_airflow-E5ZHcY_K/lib/python3.12/site-packages/airflow/example_dags/example_branch_day_of_week_operator.py
[2024-07-06T16:18:31.104+0700] {logging_mixin.py:188} INFO - [2024-07-06T16:18:31.103+0700] {dag.py:3096} INFO - Sync 1 DAGs
[2024-07-06T16:18:31.133+0700] {logging_mixin.py:188} INFO - [2024-07-06T16:18:31.133+0700] {dag.py:3954} INFO - Setting next_dagrun for example_weekday_branch_operator to 2024-07-05 00:00:00+00:00, run_after=2024-07-06 00:00:00+00:00
[2024-07-06T16:18:31.161+0700] {processor.py:183} INFO - Processing /home/acer/.local/share/virtualenvs/custom_airflow-E5ZHcY_K/lib/python3.12/site-packages/airflow/example_dags/example_branch_day_of_week_operator.py took 0.106 seconds
[2024-07-06T16:19:52.729+0700] {processor.py:161} INFO - Started process (PID=56808) to work on /home/acer/.local/share/virtualenvs/custom_airflow-E5ZHcY_K/lib/python3.12/site-packages/airflow/example_dags/example_branch_day_of_week_operator.py
[2024-07-06T16:19:52.732+0700] {processor.py:830} INFO - Processing file /home/acer/.local/share/virtualenvs/custom_airflow-E5ZHcY_K/lib/python3.12/site-packages/airflow/example_dags/example_branch_day_of_week_operator.py for tasks to queue
[2024-07-06T16:19:52.735+0700] {logging_mixin.py:188} INFO - [2024-07-06T16:19:52.734+0700] {dagbag.py:545} INFO - Filling up the DagBag from /home/acer/.local/share/virtualenvs/custom_airflow-E5ZHcY_K/lib/python3.12/site-packages/airflow/example_dags/example_branch_day_of_week_operator.py
[2024-07-06T16:19:52.747+0700] {processor.py:840} INFO - DAG(s) 'example_weekday_branch_operator' retrieved from /home/acer/.local/share/virtualenvs/custom_airflow-E5ZHcY_K/lib/python3.12/site-packages/airflow/example_dags/example_branch_day_of_week_operator.py
[2024-07-06T16:19:52.764+0700] {logging_mixin.py:188} INFO - [2024-07-06T16:19:52.764+0700] {dag.py:3096} INFO - Sync 1 DAGs
[2024-07-06T16:19:52.785+0700] {logging_mixin.py:188} INFO - [2024-07-06T16:19:52.785+0700] {dag.py:3954} INFO - Setting next_dagrun for example_weekday_branch_operator to 2024-07-05 00:00:00+00:00, run_after=2024-07-06 00:00:00+00:00
[2024-07-06T16:19:52.808+0700] {processor.py:183} INFO - Processing /home/acer/.local/share/virtualenvs/custom_airflow-E5ZHcY_K/lib/python3.12/site-packages/airflow/example_dags/example_branch_day_of_week_operator.py took 0.097 seconds
[2024-07-06T16:20:51.003+0700] {processor.py:161} INFO - Started process (PID=57261) to work on /home/acer/.local/share/virtualenvs/custom_airflow-E5ZHcY_K/lib/python3.12/site-packages/airflow/example_dags/example_branch_day_of_week_operator.py
[2024-07-06T16:20:51.004+0700] {processor.py:830} INFO - Processing file /home/acer/.local/share/virtualenvs/custom_airflow-E5ZHcY_K/lib/python3.12/site-packages/airflow/example_dags/example_branch_day_of_week_operator.py for tasks to queue
[2024-07-06T16:20:51.006+0700] {logging_mixin.py:188} INFO - [2024-07-06T16:20:51.005+0700] {dagbag.py:545} INFO - Filling up the DagBag from /home/acer/.local/share/virtualenvs/custom_airflow-E5ZHcY_K/lib/python3.12/site-packages/airflow/example_dags/example_branch_day_of_week_operator.py
[2024-07-06T16:20:51.013+0700] {processor.py:840} INFO - DAG(s) 'example_weekday_branch_operator' retrieved from /home/acer/.local/share/virtualenvs/custom_airflow-E5ZHcY_K/lib/python3.12/site-packages/airflow/example_dags/example_branch_day_of_week_operator.py
[2024-07-06T16:20:51.031+0700] {logging_mixin.py:188} INFO - [2024-07-06T16:20:51.031+0700] {dag.py:3096} INFO - Sync 1 DAGs
[2024-07-06T16:20:51.054+0700] {logging_mixin.py:188} INFO - [2024-07-06T16:20:51.054+0700] {dag.py:3954} INFO - Setting next_dagrun for example_weekday_branch_operator to 2024-07-05 00:00:00+00:00, run_after=2024-07-06 00:00:00+00:00
[2024-07-06T16:20:51.084+0700] {processor.py:183} INFO - Processing /home/acer/.local/share/virtualenvs/custom_airflow-E5ZHcY_K/lib/python3.12/site-packages/airflow/example_dags/example_branch_day_of_week_operator.py took 0.087 seconds
[2024-07-06T16:22:05.739+0700] {processor.py:161} INFO - Started process (PID=57811) to work on /home/acer/.local/share/virtualenvs/custom_airflow-E5ZHcY_K/lib/python3.12/site-packages/airflow/example_dags/example_branch_day_of_week_operator.py
[2024-07-06T16:22:05.740+0700] {processor.py:830} INFO - Processing file /home/acer/.local/share/virtualenvs/custom_airflow-E5ZHcY_K/lib/python3.12/site-packages/airflow/example_dags/example_branch_day_of_week_operator.py for tasks to queue
[2024-07-06T16:22:05.742+0700] {logging_mixin.py:188} INFO - [2024-07-06T16:22:05.742+0700] {dagbag.py:545} INFO - Filling up the DagBag from /home/acer/.local/share/virtualenvs/custom_airflow-E5ZHcY_K/lib/python3.12/site-packages/airflow/example_dags/example_branch_day_of_week_operator.py
[2024-07-06T16:22:05.752+0700] {processor.py:840} INFO - DAG(s) 'example_weekday_branch_operator' retrieved from /home/acer/.local/share/virtualenvs/custom_airflow-E5ZHcY_K/lib/python3.12/site-packages/airflow/example_dags/example_branch_day_of_week_operator.py
[2024-07-06T16:22:05.768+0700] {logging_mixin.py:188} INFO - [2024-07-06T16:22:05.768+0700] {dag.py:3096} INFO - Sync 1 DAGs
[2024-07-06T16:22:05.790+0700] {logging_mixin.py:188} INFO - [2024-07-06T16:22:05.790+0700] {dag.py:3954} INFO - Setting next_dagrun for example_weekday_branch_operator to 2024-07-05 00:00:00+00:00, run_after=2024-07-06 00:00:00+00:00
[2024-07-06T16:22:05.810+0700] {processor.py:183} INFO - Processing /home/acer/.local/share/virtualenvs/custom_airflow-E5ZHcY_K/lib/python3.12/site-packages/airflow/example_dags/example_branch_day_of_week_operator.py took 0.080 seconds
[2024-07-06T16:23:17.106+0700] {processor.py:161} INFO - Started process (PID=58308) to work on /home/acer/.local/share/virtualenvs/custom_airflow-E5ZHcY_K/lib/python3.12/site-packages/airflow/example_dags/example_branch_day_of_week_operator.py
[2024-07-06T16:23:17.108+0700] {processor.py:830} INFO - Processing file /home/acer/.local/share/virtualenvs/custom_airflow-E5ZHcY_K/lib/python3.12/site-packages/airflow/example_dags/example_branch_day_of_week_operator.py for tasks to queue
[2024-07-06T16:23:17.110+0700] {logging_mixin.py:188} INFO - [2024-07-06T16:23:17.110+0700] {dagbag.py:545} INFO - Filling up the DagBag from /home/acer/.local/share/virtualenvs/custom_airflow-E5ZHcY_K/lib/python3.12/site-packages/airflow/example_dags/example_branch_day_of_week_operator.py
[2024-07-06T16:23:17.121+0700] {processor.py:840} INFO - DAG(s) 'example_weekday_branch_operator' retrieved from /home/acer/.local/share/virtualenvs/custom_airflow-E5ZHcY_K/lib/python3.12/site-packages/airflow/example_dags/example_branch_day_of_week_operator.py
[2024-07-06T16:23:17.148+0700] {logging_mixin.py:188} INFO - [2024-07-06T16:23:17.148+0700] {dag.py:3096} INFO - Sync 1 DAGs
[2024-07-06T16:23:17.189+0700] {logging_mixin.py:188} INFO - [2024-07-06T16:23:17.188+0700] {dag.py:3954} INFO - Setting next_dagrun for example_weekday_branch_operator to 2024-07-05 00:00:00+00:00, run_after=2024-07-06 00:00:00+00:00
[2024-07-06T16:23:17.235+0700] {processor.py:183} INFO - Processing /home/acer/.local/share/virtualenvs/custom_airflow-E5ZHcY_K/lib/python3.12/site-packages/airflow/example_dags/example_branch_day_of_week_operator.py took 0.137 seconds
[2024-07-06T16:24:46.893+0700] {processor.py:161} INFO - Started process (PID=59421) to work on /home/acer/.local/share/virtualenvs/custom_airflow-E5ZHcY_K/lib/python3.12/site-packages/airflow/example_dags/example_branch_day_of_week_operator.py
[2024-07-06T16:24:46.894+0700] {processor.py:830} INFO - Processing file /home/acer/.local/share/virtualenvs/custom_airflow-E5ZHcY_K/lib/python3.12/site-packages/airflow/example_dags/example_branch_day_of_week_operator.py for tasks to queue
[2024-07-06T16:24:46.898+0700] {logging_mixin.py:188} INFO - [2024-07-06T16:24:46.897+0700] {dagbag.py:545} INFO - Filling up the DagBag from /home/acer/.local/share/virtualenvs/custom_airflow-E5ZHcY_K/lib/python3.12/site-packages/airflow/example_dags/example_branch_day_of_week_operator.py
[2024-07-06T16:24:46.909+0700] {processor.py:840} INFO - DAG(s) 'example_weekday_branch_operator' retrieved from /home/acer/.local/share/virtualenvs/custom_airflow-E5ZHcY_K/lib/python3.12/site-packages/airflow/example_dags/example_branch_day_of_week_operator.py
[2024-07-06T16:24:46.926+0700] {logging_mixin.py:188} INFO - [2024-07-06T16:24:46.925+0700] {dag.py:3096} INFO - Sync 1 DAGs
[2024-07-06T16:24:46.947+0700] {logging_mixin.py:188} INFO - [2024-07-06T16:24:46.947+0700] {dag.py:3954} INFO - Setting next_dagrun for example_weekday_branch_operator to 2024-07-05 00:00:00+00:00, run_after=2024-07-06 00:00:00+00:00
[2024-07-06T16:24:46.968+0700] {processor.py:183} INFO - Processing /home/acer/.local/share/virtualenvs/custom_airflow-E5ZHcY_K/lib/python3.12/site-packages/airflow/example_dags/example_branch_day_of_week_operator.py took 0.086 seconds
[2024-07-06T16:25:41.823+0700] {processor.py:161} INFO - Started process (PID=59861) to work on /home/acer/.local/share/virtualenvs/custom_airflow-E5ZHcY_K/lib/python3.12/site-packages/airflow/example_dags/example_branch_day_of_week_operator.py
[2024-07-06T16:25:41.825+0700] {processor.py:830} INFO - Processing file /home/acer/.local/share/virtualenvs/custom_airflow-E5ZHcY_K/lib/python3.12/site-packages/airflow/example_dags/example_branch_day_of_week_operator.py for tasks to queue
[2024-07-06T16:25:41.827+0700] {logging_mixin.py:188} INFO - [2024-07-06T16:25:41.827+0700] {dagbag.py:545} INFO - Filling up the DagBag from /home/acer/.local/share/virtualenvs/custom_airflow-E5ZHcY_K/lib/python3.12/site-packages/airflow/example_dags/example_branch_day_of_week_operator.py
[2024-07-06T16:25:41.844+0700] {processor.py:840} INFO - DAG(s) 'example_weekday_branch_operator' retrieved from /home/acer/.local/share/virtualenvs/custom_airflow-E5ZHcY_K/lib/python3.12/site-packages/airflow/example_dags/example_branch_day_of_week_operator.py
[2024-07-06T16:25:41.862+0700] {logging_mixin.py:188} INFO - [2024-07-06T16:25:41.862+0700] {dag.py:3096} INFO - Sync 1 DAGs
[2024-07-06T16:25:41.884+0700] {logging_mixin.py:188} INFO - [2024-07-06T16:25:41.884+0700] {dag.py:3954} INFO - Setting next_dagrun for example_weekday_branch_operator to 2024-07-05 00:00:00+00:00, run_after=2024-07-06 00:00:00+00:00
[2024-07-06T16:25:41.906+0700] {processor.py:183} INFO - Processing /home/acer/.local/share/virtualenvs/custom_airflow-E5ZHcY_K/lib/python3.12/site-packages/airflow/example_dags/example_branch_day_of_week_operator.py took 0.093 seconds
[2024-07-06T16:26:56.955+0700] {processor.py:161} INFO - Started process (PID=60265) to work on /home/acer/.local/share/virtualenvs/custom_airflow-E5ZHcY_K/lib/python3.12/site-packages/airflow/example_dags/example_branch_day_of_week_operator.py
[2024-07-06T16:26:56.958+0700] {processor.py:830} INFO - Processing file /home/acer/.local/share/virtualenvs/custom_airflow-E5ZHcY_K/lib/python3.12/site-packages/airflow/example_dags/example_branch_day_of_week_operator.py for tasks to queue
[2024-07-06T16:26:56.962+0700] {logging_mixin.py:188} INFO - [2024-07-06T16:26:56.961+0700] {dagbag.py:545} INFO - Filling up the DagBag from /home/acer/.local/share/virtualenvs/custom_airflow-E5ZHcY_K/lib/python3.12/site-packages/airflow/example_dags/example_branch_day_of_week_operator.py
[2024-07-06T16:26:56.974+0700] {processor.py:840} INFO - DAG(s) 'example_weekday_branch_operator' retrieved from /home/acer/.local/share/virtualenvs/custom_airflow-E5ZHcY_K/lib/python3.12/site-packages/airflow/example_dags/example_branch_day_of_week_operator.py
[2024-07-06T16:26:56.991+0700] {logging_mixin.py:188} INFO - [2024-07-06T16:26:56.991+0700] {dag.py:3096} INFO - Sync 1 DAGs
[2024-07-06T16:26:57.012+0700] {logging_mixin.py:188} INFO - [2024-07-06T16:26:57.012+0700] {dag.py:3954} INFO - Setting next_dagrun for example_weekday_branch_operator to 2024-07-05 00:00:00+00:00, run_after=2024-07-06 00:00:00+00:00
[2024-07-06T16:26:57.035+0700] {processor.py:183} INFO - Processing /home/acer/.local/share/virtualenvs/custom_airflow-E5ZHcY_K/lib/python3.12/site-packages/airflow/example_dags/example_branch_day_of_week_operator.py took 0.099 seconds
[2024-07-06T16:28:06.654+0700] {processor.py:161} INFO - Started process (PID=60624) to work on /home/acer/.local/share/virtualenvs/custom_airflow-E5ZHcY_K/lib/python3.12/site-packages/airflow/example_dags/example_branch_day_of_week_operator.py
[2024-07-06T16:28:06.655+0700] {processor.py:830} INFO - Processing file /home/acer/.local/share/virtualenvs/custom_airflow-E5ZHcY_K/lib/python3.12/site-packages/airflow/example_dags/example_branch_day_of_week_operator.py for tasks to queue
[2024-07-06T16:28:06.656+0700] {logging_mixin.py:188} INFO - [2024-07-06T16:28:06.656+0700] {dagbag.py:545} INFO - Filling up the DagBag from /home/acer/.local/share/virtualenvs/custom_airflow-E5ZHcY_K/lib/python3.12/site-packages/airflow/example_dags/example_branch_day_of_week_operator.py
[2024-07-06T16:28:06.665+0700] {processor.py:840} INFO - DAG(s) 'example_weekday_branch_operator' retrieved from /home/acer/.local/share/virtualenvs/custom_airflow-E5ZHcY_K/lib/python3.12/site-packages/airflow/example_dags/example_branch_day_of_week_operator.py
[2024-07-06T16:28:06.682+0700] {logging_mixin.py:188} INFO - [2024-07-06T16:28:06.682+0700] {dag.py:3096} INFO - Sync 1 DAGs
[2024-07-06T16:28:06.704+0700] {logging_mixin.py:188} INFO - [2024-07-06T16:28:06.704+0700] {dag.py:3954} INFO - Setting next_dagrun for example_weekday_branch_operator to 2024-07-05 00:00:00+00:00, run_after=2024-07-06 00:00:00+00:00
[2024-07-06T16:28:06.726+0700] {processor.py:183} INFO - Processing /home/acer/.local/share/virtualenvs/custom_airflow-E5ZHcY_K/lib/python3.12/site-packages/airflow/example_dags/example_branch_day_of_week_operator.py took 0.077 seconds
[2024-07-06T16:29:15.557+0700] {processor.py:161} INFO - Started process (PID=60962) to work on /home/acer/.local/share/virtualenvs/custom_airflow-E5ZHcY_K/lib/python3.12/site-packages/airflow/example_dags/example_branch_day_of_week_operator.py
[2024-07-06T16:29:15.558+0700] {processor.py:830} INFO - Processing file /home/acer/.local/share/virtualenvs/custom_airflow-E5ZHcY_K/lib/python3.12/site-packages/airflow/example_dags/example_branch_day_of_week_operator.py for tasks to queue
[2024-07-06T16:29:15.560+0700] {logging_mixin.py:188} INFO - [2024-07-06T16:29:15.560+0700] {dagbag.py:545} INFO - Filling up the DagBag from /home/acer/.local/share/virtualenvs/custom_airflow-E5ZHcY_K/lib/python3.12/site-packages/airflow/example_dags/example_branch_day_of_week_operator.py
[2024-07-06T16:29:15.568+0700] {processor.py:840} INFO - DAG(s) 'example_weekday_branch_operator' retrieved from /home/acer/.local/share/virtualenvs/custom_airflow-E5ZHcY_K/lib/python3.12/site-packages/airflow/example_dags/example_branch_day_of_week_operator.py
[2024-07-06T16:29:15.584+0700] {logging_mixin.py:188} INFO - [2024-07-06T16:29:15.583+0700] {dag.py:3096} INFO - Sync 1 DAGs
[2024-07-06T16:29:15.605+0700] {logging_mixin.py:188} INFO - [2024-07-06T16:29:15.605+0700] {dag.py:3954} INFO - Setting next_dagrun for example_weekday_branch_operator to 2024-07-05 00:00:00+00:00, run_after=2024-07-06 00:00:00+00:00
[2024-07-06T16:29:15.626+0700] {processor.py:183} INFO - Processing /home/acer/.local/share/virtualenvs/custom_airflow-E5ZHcY_K/lib/python3.12/site-packages/airflow/example_dags/example_branch_day_of_week_operator.py took 0.074 seconds
[2024-07-06T16:30:25.261+0700] {processor.py:161} INFO - Started process (PID=61311) to work on /home/acer/.local/share/virtualenvs/custom_airflow-E5ZHcY_K/lib/python3.12/site-packages/airflow/example_dags/example_branch_day_of_week_operator.py
[2024-07-06T16:30:25.262+0700] {processor.py:830} INFO - Processing file /home/acer/.local/share/virtualenvs/custom_airflow-E5ZHcY_K/lib/python3.12/site-packages/airflow/example_dags/example_branch_day_of_week_operator.py for tasks to queue
[2024-07-06T16:30:25.264+0700] {logging_mixin.py:188} INFO - [2024-07-06T16:30:25.263+0700] {dagbag.py:545} INFO - Filling up the DagBag from /home/acer/.local/share/virtualenvs/custom_airflow-E5ZHcY_K/lib/python3.12/site-packages/airflow/example_dags/example_branch_day_of_week_operator.py
[2024-07-06T16:30:25.271+0700] {processor.py:840} INFO - DAG(s) 'example_weekday_branch_operator' retrieved from /home/acer/.local/share/virtualenvs/custom_airflow-E5ZHcY_K/lib/python3.12/site-packages/airflow/example_dags/example_branch_day_of_week_operator.py
[2024-07-06T16:30:25.287+0700] {logging_mixin.py:188} INFO - [2024-07-06T16:30:25.287+0700] {dag.py:3096} INFO - Sync 1 DAGs
[2024-07-06T16:30:25.309+0700] {logging_mixin.py:188} INFO - [2024-07-06T16:30:25.309+0700] {dag.py:3954} INFO - Setting next_dagrun for example_weekday_branch_operator to 2024-07-05 00:00:00+00:00, run_after=2024-07-06 00:00:00+00:00
[2024-07-06T16:30:25.330+0700] {processor.py:183} INFO - Processing /home/acer/.local/share/virtualenvs/custom_airflow-E5ZHcY_K/lib/python3.12/site-packages/airflow/example_dags/example_branch_day_of_week_operator.py took 0.075 seconds
[2024-07-06T16:31:31.684+0700] {processor.py:161} INFO - Started process (PID=61680) to work on /home/acer/.local/share/virtualenvs/custom_airflow-E5ZHcY_K/lib/python3.12/site-packages/airflow/example_dags/example_branch_day_of_week_operator.py
[2024-07-06T16:31:31.685+0700] {processor.py:830} INFO - Processing file /home/acer/.local/share/virtualenvs/custom_airflow-E5ZHcY_K/lib/python3.12/site-packages/airflow/example_dags/example_branch_day_of_week_operator.py for tasks to queue
[2024-07-06T16:31:31.690+0700] {logging_mixin.py:188} INFO - [2024-07-06T16:31:31.689+0700] {dagbag.py:545} INFO - Filling up the DagBag from /home/acer/.local/share/virtualenvs/custom_airflow-E5ZHcY_K/lib/python3.12/site-packages/airflow/example_dags/example_branch_day_of_week_operator.py
[2024-07-06T16:31:31.701+0700] {processor.py:840} INFO - DAG(s) 'example_weekday_branch_operator' retrieved from /home/acer/.local/share/virtualenvs/custom_airflow-E5ZHcY_K/lib/python3.12/site-packages/airflow/example_dags/example_branch_day_of_week_operator.py
[2024-07-06T16:31:31.718+0700] {logging_mixin.py:188} INFO - [2024-07-06T16:31:31.717+0700] {dag.py:3096} INFO - Sync 1 DAGs
[2024-07-06T16:31:31.739+0700] {logging_mixin.py:188} INFO - [2024-07-06T16:31:31.739+0700] {dag.py:3954} INFO - Setting next_dagrun for example_weekday_branch_operator to 2024-07-05 00:00:00+00:00, run_after=2024-07-06 00:00:00+00:00
[2024-07-06T16:31:31.761+0700] {processor.py:183} INFO - Processing /home/acer/.local/share/virtualenvs/custom_airflow-E5ZHcY_K/lib/python3.12/site-packages/airflow/example_dags/example_branch_day_of_week_operator.py took 0.095 seconds
[2024-07-06T16:32:43.006+0700] {processor.py:161} INFO - Started process (PID=62032) to work on /home/acer/.local/share/virtualenvs/custom_airflow-E5ZHcY_K/lib/python3.12/site-packages/airflow/example_dags/example_branch_day_of_week_operator.py
[2024-07-06T16:32:43.007+0700] {processor.py:830} INFO - Processing file /home/acer/.local/share/virtualenvs/custom_airflow-E5ZHcY_K/lib/python3.12/site-packages/airflow/example_dags/example_branch_day_of_week_operator.py for tasks to queue
[2024-07-06T16:32:43.010+0700] {logging_mixin.py:188} INFO - [2024-07-06T16:32:43.009+0700] {dagbag.py:545} INFO - Filling up the DagBag from /home/acer/.local/share/virtualenvs/custom_airflow-E5ZHcY_K/lib/python3.12/site-packages/airflow/example_dags/example_branch_day_of_week_operator.py
[2024-07-06T16:32:43.018+0700] {processor.py:840} INFO - DAG(s) 'example_weekday_branch_operator' retrieved from /home/acer/.local/share/virtualenvs/custom_airflow-E5ZHcY_K/lib/python3.12/site-packages/airflow/example_dags/example_branch_day_of_week_operator.py
[2024-07-06T16:32:43.035+0700] {logging_mixin.py:188} INFO - [2024-07-06T16:32:43.035+0700] {dag.py:3096} INFO - Sync 1 DAGs
[2024-07-06T16:32:43.056+0700] {logging_mixin.py:188} INFO - [2024-07-06T16:32:43.056+0700] {dag.py:3954} INFO - Setting next_dagrun for example_weekday_branch_operator to 2024-07-05 00:00:00+00:00, run_after=2024-07-06 00:00:00+00:00
[2024-07-06T16:32:43.077+0700] {processor.py:183} INFO - Processing /home/acer/.local/share/virtualenvs/custom_airflow-E5ZHcY_K/lib/python3.12/site-packages/airflow/example_dags/example_branch_day_of_week_operator.py took 0.079 seconds
[2024-07-06T16:33:54.747+0700] {processor.py:161} INFO - Started process (PID=62412) to work on /home/acer/.local/share/virtualenvs/custom_airflow-E5ZHcY_K/lib/python3.12/site-packages/airflow/example_dags/example_branch_day_of_week_operator.py
[2024-07-06T16:33:54.749+0700] {processor.py:830} INFO - Processing file /home/acer/.local/share/virtualenvs/custom_airflow-E5ZHcY_K/lib/python3.12/site-packages/airflow/example_dags/example_branch_day_of_week_operator.py for tasks to queue
[2024-07-06T16:33:54.753+0700] {logging_mixin.py:188} INFO - [2024-07-06T16:33:54.752+0700] {dagbag.py:545} INFO - Filling up the DagBag from /home/acer/.local/share/virtualenvs/custom_airflow-E5ZHcY_K/lib/python3.12/site-packages/airflow/example_dags/example_branch_day_of_week_operator.py
[2024-07-06T16:33:54.767+0700] {processor.py:840} INFO - DAG(s) 'example_weekday_branch_operator' retrieved from /home/acer/.local/share/virtualenvs/custom_airflow-E5ZHcY_K/lib/python3.12/site-packages/airflow/example_dags/example_branch_day_of_week_operator.py
[2024-07-06T16:33:54.785+0700] {logging_mixin.py:188} INFO - [2024-07-06T16:33:54.785+0700] {dag.py:3096} INFO - Sync 1 DAGs
[2024-07-06T16:33:54.807+0700] {logging_mixin.py:188} INFO - [2024-07-06T16:33:54.807+0700] {dag.py:3954} INFO - Setting next_dagrun for example_weekday_branch_operator to 2024-07-05 00:00:00+00:00, run_after=2024-07-06 00:00:00+00:00
[2024-07-06T16:33:54.839+0700] {processor.py:183} INFO - Processing /home/acer/.local/share/virtualenvs/custom_airflow-E5ZHcY_K/lib/python3.12/site-packages/airflow/example_dags/example_branch_day_of_week_operator.py took 0.105 seconds
[2024-07-06T16:35:05.604+0700] {processor.py:161} INFO - Started process (PID=62760) to work on /home/acer/.local/share/virtualenvs/custom_airflow-E5ZHcY_K/lib/python3.12/site-packages/airflow/example_dags/example_branch_day_of_week_operator.py
[2024-07-06T16:35:05.605+0700] {processor.py:830} INFO - Processing file /home/acer/.local/share/virtualenvs/custom_airflow-E5ZHcY_K/lib/python3.12/site-packages/airflow/example_dags/example_branch_day_of_week_operator.py for tasks to queue
[2024-07-06T16:35:05.607+0700] {logging_mixin.py:188} INFO - [2024-07-06T16:35:05.606+0700] {dagbag.py:545} INFO - Filling up the DagBag from /home/acer/.local/share/virtualenvs/custom_airflow-E5ZHcY_K/lib/python3.12/site-packages/airflow/example_dags/example_branch_day_of_week_operator.py
[2024-07-06T16:35:05.614+0700] {processor.py:840} INFO - DAG(s) 'example_weekday_branch_operator' retrieved from /home/acer/.local/share/virtualenvs/custom_airflow-E5ZHcY_K/lib/python3.12/site-packages/airflow/example_dags/example_branch_day_of_week_operator.py
[2024-07-06T16:35:05.630+0700] {logging_mixin.py:188} INFO - [2024-07-06T16:35:05.630+0700] {dag.py:3096} INFO - Sync 1 DAGs
[2024-07-06T16:35:05.652+0700] {logging_mixin.py:188} INFO - [2024-07-06T16:35:05.651+0700] {dag.py:3954} INFO - Setting next_dagrun for example_weekday_branch_operator to 2024-07-05 00:00:00+00:00, run_after=2024-07-06 00:00:00+00:00
[2024-07-06T16:35:05.672+0700] {processor.py:183} INFO - Processing /home/acer/.local/share/virtualenvs/custom_airflow-E5ZHcY_K/lib/python3.12/site-packages/airflow/example_dags/example_branch_day_of_week_operator.py took 0.073 seconds
[2024-07-06T16:36:18.123+0700] {processor.py:161} INFO - Started process (PID=63211) to work on /home/acer/.local/share/virtualenvs/custom_airflow-E5ZHcY_K/lib/python3.12/site-packages/airflow/example_dags/example_branch_day_of_week_operator.py
[2024-07-06T16:36:18.125+0700] {processor.py:830} INFO - Processing file /home/acer/.local/share/virtualenvs/custom_airflow-E5ZHcY_K/lib/python3.12/site-packages/airflow/example_dags/example_branch_day_of_week_operator.py for tasks to queue
[2024-07-06T16:36:18.130+0700] {logging_mixin.py:188} INFO - [2024-07-06T16:36:18.129+0700] {dagbag.py:545} INFO - Filling up the DagBag from /home/acer/.local/share/virtualenvs/custom_airflow-E5ZHcY_K/lib/python3.12/site-packages/airflow/example_dags/example_branch_day_of_week_operator.py
[2024-07-06T16:36:18.144+0700] {processor.py:840} INFO - DAG(s) 'example_weekday_branch_operator' retrieved from /home/acer/.local/share/virtualenvs/custom_airflow-E5ZHcY_K/lib/python3.12/site-packages/airflow/example_dags/example_branch_day_of_week_operator.py
[2024-07-06T16:36:18.162+0700] {logging_mixin.py:188} INFO - [2024-07-06T16:36:18.162+0700] {dag.py:3096} INFO - Sync 1 DAGs
[2024-07-06T16:36:18.184+0700] {logging_mixin.py:188} INFO - [2024-07-06T16:36:18.184+0700] {dag.py:3954} INFO - Setting next_dagrun for example_weekday_branch_operator to 2024-07-05 00:00:00+00:00, run_after=2024-07-06 00:00:00+00:00
[2024-07-06T16:36:18.205+0700] {processor.py:183} INFO - Processing /home/acer/.local/share/virtualenvs/custom_airflow-E5ZHcY_K/lib/python3.12/site-packages/airflow/example_dags/example_branch_day_of_week_operator.py took 0.094 seconds
[2024-07-06T21:55:02.373+0700] {processor.py:161} INFO - Started process (PID=12091) to work on /home/acer/.local/share/virtualenvs/custom_airflow-E5ZHcY_K/lib/python3.12/site-packages/airflow/example_dags/example_branch_day_of_week_operator.py
[2024-07-06T21:55:02.374+0700] {processor.py:830} INFO - Processing file /home/acer/.local/share/virtualenvs/custom_airflow-E5ZHcY_K/lib/python3.12/site-packages/airflow/example_dags/example_branch_day_of_week_operator.py for tasks to queue
[2024-07-06T21:55:02.376+0700] {logging_mixin.py:188} INFO - [2024-07-06T21:55:02.376+0700] {dagbag.py:545} INFO - Filling up the DagBag from /home/acer/.local/share/virtualenvs/custom_airflow-E5ZHcY_K/lib/python3.12/site-packages/airflow/example_dags/example_branch_day_of_week_operator.py
[2024-07-06T21:55:02.384+0700] {processor.py:840} INFO - DAG(s) 'example_weekday_branch_operator' retrieved from /home/acer/.local/share/virtualenvs/custom_airflow-E5ZHcY_K/lib/python3.12/site-packages/airflow/example_dags/example_branch_day_of_week_operator.py
[2024-07-06T21:55:02.400+0700] {logging_mixin.py:188} INFO - [2024-07-06T21:55:02.399+0700] {dag.py:3096} INFO - Sync 1 DAGs
[2024-07-06T21:55:02.422+0700] {logging_mixin.py:188} INFO - [2024-07-06T21:55:02.422+0700] {dag.py:3954} INFO - Setting next_dagrun for example_weekday_branch_operator to 2024-07-05 00:00:00+00:00, run_after=2024-07-06 00:00:00+00:00
[2024-07-06T21:55:02.442+0700] {processor.py:183} INFO - Processing /home/acer/.local/share/virtualenvs/custom_airflow-E5ZHcY_K/lib/python3.12/site-packages/airflow/example_dags/example_branch_day_of_week_operator.py took 0.074 seconds
[2024-07-06T21:55:56.897+0700] {processor.py:161} INFO - Started process (PID=12931) to work on /home/acer/.local/share/virtualenvs/custom_airflow-E5ZHcY_K/lib/python3.12/site-packages/airflow/example_dags/example_branch_day_of_week_operator.py
[2024-07-06T21:55:56.898+0700] {processor.py:830} INFO - Processing file /home/acer/.local/share/virtualenvs/custom_airflow-E5ZHcY_K/lib/python3.12/site-packages/airflow/example_dags/example_branch_day_of_week_operator.py for tasks to queue
[2024-07-06T21:55:56.900+0700] {logging_mixin.py:188} INFO - [2024-07-06T21:55:56.900+0700] {dagbag.py:545} INFO - Filling up the DagBag from /home/acer/.local/share/virtualenvs/custom_airflow-E5ZHcY_K/lib/python3.12/site-packages/airflow/example_dags/example_branch_day_of_week_operator.py
[2024-07-06T21:55:56.909+0700] {processor.py:840} INFO - DAG(s) 'example_weekday_branch_operator' retrieved from /home/acer/.local/share/virtualenvs/custom_airflow-E5ZHcY_K/lib/python3.12/site-packages/airflow/example_dags/example_branch_day_of_week_operator.py
[2024-07-06T21:55:56.926+0700] {logging_mixin.py:188} INFO - [2024-07-06T21:55:56.925+0700] {dag.py:3096} INFO - Sync 1 DAGs
[2024-07-06T21:55:56.948+0700] {logging_mixin.py:188} INFO - [2024-07-06T21:55:56.948+0700] {dag.py:3954} INFO - Setting next_dagrun for example_weekday_branch_operator to 2024-07-05 00:00:00+00:00, run_after=2024-07-06 00:00:00+00:00
[2024-07-06T21:55:56.972+0700] {processor.py:183} INFO - Processing /home/acer/.local/share/virtualenvs/custom_airflow-E5ZHcY_K/lib/python3.12/site-packages/airflow/example_dags/example_branch_day_of_week_operator.py took 0.084 seconds
[2024-07-06T21:57:10.702+0700] {processor.py:161} INFO - Started process (PID=13674) to work on /home/acer/.local/share/virtualenvs/custom_airflow-E5ZHcY_K/lib/python3.12/site-packages/airflow/example_dags/example_branch_day_of_week_operator.py
[2024-07-06T21:57:10.703+0700] {processor.py:830} INFO - Processing file /home/acer/.local/share/virtualenvs/custom_airflow-E5ZHcY_K/lib/python3.12/site-packages/airflow/example_dags/example_branch_day_of_week_operator.py for tasks to queue
[2024-07-06T21:57:10.705+0700] {logging_mixin.py:188} INFO - [2024-07-06T21:57:10.705+0700] {dagbag.py:545} INFO - Filling up the DagBag from /home/acer/.local/share/virtualenvs/custom_airflow-E5ZHcY_K/lib/python3.12/site-packages/airflow/example_dags/example_branch_day_of_week_operator.py
[2024-07-06T21:57:10.714+0700] {processor.py:840} INFO - DAG(s) 'example_weekday_branch_operator' retrieved from /home/acer/.local/share/virtualenvs/custom_airflow-E5ZHcY_K/lib/python3.12/site-packages/airflow/example_dags/example_branch_day_of_week_operator.py
[2024-07-06T21:57:10.731+0700] {logging_mixin.py:188} INFO - [2024-07-06T21:57:10.731+0700] {dag.py:3096} INFO - Sync 1 DAGs
[2024-07-06T21:57:10.754+0700] {logging_mixin.py:188} INFO - [2024-07-06T21:57:10.753+0700] {dag.py:3954} INFO - Setting next_dagrun for example_weekday_branch_operator to 2024-07-05 00:00:00+00:00, run_after=2024-07-06 00:00:00+00:00
[2024-07-06T21:57:10.776+0700] {processor.py:183} INFO - Processing /home/acer/.local/share/virtualenvs/custom_airflow-E5ZHcY_K/lib/python3.12/site-packages/airflow/example_dags/example_branch_day_of_week_operator.py took 0.080 seconds
[2024-07-06T21:58:29.265+0700] {processor.py:161} INFO - Started process (PID=14210) to work on /home/acer/.local/share/virtualenvs/custom_airflow-E5ZHcY_K/lib/python3.12/site-packages/airflow/example_dags/example_branch_day_of_week_operator.py
[2024-07-06T21:58:29.270+0700] {processor.py:830} INFO - Processing file /home/acer/.local/share/virtualenvs/custom_airflow-E5ZHcY_K/lib/python3.12/site-packages/airflow/example_dags/example_branch_day_of_week_operator.py for tasks to queue
[2024-07-06T21:58:29.275+0700] {logging_mixin.py:188} INFO - [2024-07-06T21:58:29.274+0700] {dagbag.py:545} INFO - Filling up the DagBag from /home/acer/.local/share/virtualenvs/custom_airflow-E5ZHcY_K/lib/python3.12/site-packages/airflow/example_dags/example_branch_day_of_week_operator.py
[2024-07-06T21:58:29.296+0700] {processor.py:840} INFO - DAG(s) 'example_weekday_branch_operator' retrieved from /home/acer/.local/share/virtualenvs/custom_airflow-E5ZHcY_K/lib/python3.12/site-packages/airflow/example_dags/example_branch_day_of_week_operator.py
[2024-07-06T21:58:29.326+0700] {logging_mixin.py:188} INFO - [2024-07-06T21:58:29.326+0700] {dag.py:3096} INFO - Sync 1 DAGs
[2024-07-06T21:58:29.364+0700] {logging_mixin.py:188} INFO - [2024-07-06T21:58:29.364+0700] {dag.py:3954} INFO - Setting next_dagrun for example_weekday_branch_operator to 2024-07-05 00:00:00+00:00, run_after=2024-07-06 00:00:00+00:00
[2024-07-06T21:58:29.396+0700] {processor.py:183} INFO - Processing /home/acer/.local/share/virtualenvs/custom_airflow-E5ZHcY_K/lib/python3.12/site-packages/airflow/example_dags/example_branch_day_of_week_operator.py took 0.171 seconds
[2024-07-06T21:59:41.855+0700] {processor.py:161} INFO - Started process (PID=14618) to work on /home/acer/.local/share/virtualenvs/custom_airflow-E5ZHcY_K/lib/python3.12/site-packages/airflow/example_dags/example_branch_day_of_week_operator.py
[2024-07-06T21:59:41.856+0700] {processor.py:830} INFO - Processing file /home/acer/.local/share/virtualenvs/custom_airflow-E5ZHcY_K/lib/python3.12/site-packages/airflow/example_dags/example_branch_day_of_week_operator.py for tasks to queue
[2024-07-06T21:59:41.858+0700] {logging_mixin.py:188} INFO - [2024-07-06T21:59:41.857+0700] {dagbag.py:545} INFO - Filling up the DagBag from /home/acer/.local/share/virtualenvs/custom_airflow-E5ZHcY_K/lib/python3.12/site-packages/airflow/example_dags/example_branch_day_of_week_operator.py
[2024-07-06T21:59:41.867+0700] {processor.py:840} INFO - DAG(s) 'example_weekday_branch_operator' retrieved from /home/acer/.local/share/virtualenvs/custom_airflow-E5ZHcY_K/lib/python3.12/site-packages/airflow/example_dags/example_branch_day_of_week_operator.py
[2024-07-06T21:59:41.890+0700] {logging_mixin.py:188} INFO - [2024-07-06T21:59:41.889+0700] {dag.py:3096} INFO - Sync 1 DAGs
[2024-07-06T21:59:41.924+0700] {logging_mixin.py:188} INFO - [2024-07-06T21:59:41.924+0700] {dag.py:3954} INFO - Setting next_dagrun for example_weekday_branch_operator to 2024-07-05 00:00:00+00:00, run_after=2024-07-06 00:00:00+00:00
[2024-07-06T21:59:41.947+0700] {processor.py:183} INFO - Processing /home/acer/.local/share/virtualenvs/custom_airflow-E5ZHcY_K/lib/python3.12/site-packages/airflow/example_dags/example_branch_day_of_week_operator.py took 0.097 seconds
[2024-07-06T22:00:37.740+0700] {processor.py:161} INFO - Started process (PID=14972) to work on /home/acer/.local/share/virtualenvs/custom_airflow-E5ZHcY_K/lib/python3.12/site-packages/airflow/example_dags/example_branch_day_of_week_operator.py
[2024-07-06T22:00:37.741+0700] {processor.py:830} INFO - Processing file /home/acer/.local/share/virtualenvs/custom_airflow-E5ZHcY_K/lib/python3.12/site-packages/airflow/example_dags/example_branch_day_of_week_operator.py for tasks to queue
[2024-07-06T22:00:37.744+0700] {logging_mixin.py:188} INFO - [2024-07-06T22:00:37.743+0700] {dagbag.py:545} INFO - Filling up the DagBag from /home/acer/.local/share/virtualenvs/custom_airflow-E5ZHcY_K/lib/python3.12/site-packages/airflow/example_dags/example_branch_day_of_week_operator.py
[2024-07-06T22:00:37.755+0700] {processor.py:840} INFO - DAG(s) 'example_weekday_branch_operator' retrieved from /home/acer/.local/share/virtualenvs/custom_airflow-E5ZHcY_K/lib/python3.12/site-packages/airflow/example_dags/example_branch_day_of_week_operator.py
[2024-07-06T22:00:37.772+0700] {logging_mixin.py:188} INFO - [2024-07-06T22:00:37.771+0700] {dag.py:3096} INFO - Sync 1 DAGs
[2024-07-06T22:00:37.794+0700] {logging_mixin.py:188} INFO - [2024-07-06T22:00:37.794+0700] {dag.py:3954} INFO - Setting next_dagrun for example_weekday_branch_operator to 2024-07-05 00:00:00+00:00, run_after=2024-07-06 00:00:00+00:00
[2024-07-06T22:00:37.816+0700] {processor.py:183} INFO - Processing /home/acer/.local/share/virtualenvs/custom_airflow-E5ZHcY_K/lib/python3.12/site-packages/airflow/example_dags/example_branch_day_of_week_operator.py took 0.084 seconds
[2024-07-06T22:02:38.133+0700] {processor.py:161} INFO - Started process (PID=16232) to work on /home/acer/.local/share/virtualenvs/custom_airflow-E5ZHcY_K/lib/python3.12/site-packages/airflow/example_dags/example_branch_day_of_week_operator.py
[2024-07-06T22:02:38.136+0700] {processor.py:830} INFO - Processing file /home/acer/.local/share/virtualenvs/custom_airflow-E5ZHcY_K/lib/python3.12/site-packages/airflow/example_dags/example_branch_day_of_week_operator.py for tasks to queue
[2024-07-06T22:02:38.139+0700] {logging_mixin.py:188} INFO - [2024-07-06T22:02:38.138+0700] {dagbag.py:545} INFO - Filling up the DagBag from /home/acer/.local/share/virtualenvs/custom_airflow-E5ZHcY_K/lib/python3.12/site-packages/airflow/example_dags/example_branch_day_of_week_operator.py
[2024-07-06T22:02:38.151+0700] {processor.py:840} INFO - DAG(s) 'example_weekday_branch_operator' retrieved from /home/acer/.local/share/virtualenvs/custom_airflow-E5ZHcY_K/lib/python3.12/site-packages/airflow/example_dags/example_branch_day_of_week_operator.py
[2024-07-06T22:02:38.168+0700] {logging_mixin.py:188} INFO - [2024-07-06T22:02:38.168+0700] {dag.py:3096} INFO - Sync 1 DAGs
[2024-07-06T22:02:38.195+0700] {logging_mixin.py:188} INFO - [2024-07-06T22:02:38.195+0700] {dag.py:3954} INFO - Setting next_dagrun for example_weekday_branch_operator to 2024-07-05 00:00:00+00:00, run_after=2024-07-06 00:00:00+00:00
[2024-07-06T22:02:38.217+0700] {processor.py:183} INFO - Processing /home/acer/.local/share/virtualenvs/custom_airflow-E5ZHcY_K/lib/python3.12/site-packages/airflow/example_dags/example_branch_day_of_week_operator.py took 0.100 seconds
[2024-07-06T22:03:54.739+0700] {processor.py:161} INFO - Started process (PID=16601) to work on /home/acer/.local/share/virtualenvs/custom_airflow-E5ZHcY_K/lib/python3.12/site-packages/airflow/example_dags/example_branch_day_of_week_operator.py
[2024-07-06T22:03:54.740+0700] {processor.py:830} INFO - Processing file /home/acer/.local/share/virtualenvs/custom_airflow-E5ZHcY_K/lib/python3.12/site-packages/airflow/example_dags/example_branch_day_of_week_operator.py for tasks to queue
[2024-07-06T22:03:54.742+0700] {logging_mixin.py:188} INFO - [2024-07-06T22:03:54.742+0700] {dagbag.py:545} INFO - Filling up the DagBag from /home/acer/.local/share/virtualenvs/custom_airflow-E5ZHcY_K/lib/python3.12/site-packages/airflow/example_dags/example_branch_day_of_week_operator.py
[2024-07-06T22:03:54.752+0700] {processor.py:840} INFO - DAG(s) 'example_weekday_branch_operator' retrieved from /home/acer/.local/share/virtualenvs/custom_airflow-E5ZHcY_K/lib/python3.12/site-packages/airflow/example_dags/example_branch_day_of_week_operator.py
[2024-07-06T22:03:54.772+0700] {logging_mixin.py:188} INFO - [2024-07-06T22:03:54.771+0700] {dag.py:3096} INFO - Sync 1 DAGs
[2024-07-06T22:03:54.795+0700] {logging_mixin.py:188} INFO - [2024-07-06T22:03:54.795+0700] {dag.py:3954} INFO - Setting next_dagrun for example_weekday_branch_operator to 2024-07-05 00:00:00+00:00, run_after=2024-07-06 00:00:00+00:00
[2024-07-06T22:03:54.818+0700] {processor.py:183} INFO - Processing /home/acer/.local/share/virtualenvs/custom_airflow-E5ZHcY_K/lib/python3.12/site-packages/airflow/example_dags/example_branch_day_of_week_operator.py took 0.086 seconds
[2024-07-06T22:05:50.916+0700] {processor.py:161} INFO - Started process (PID=17795) to work on /home/acer/.local/share/virtualenvs/custom_airflow-E5ZHcY_K/lib/python3.12/site-packages/airflow/example_dags/example_branch_day_of_week_operator.py
[2024-07-06T22:05:50.929+0700] {processor.py:830} INFO - Processing file /home/acer/.local/share/virtualenvs/custom_airflow-E5ZHcY_K/lib/python3.12/site-packages/airflow/example_dags/example_branch_day_of_week_operator.py for tasks to queue
[2024-07-06T22:05:50.935+0700] {logging_mixin.py:188} INFO - [2024-07-06T22:05:50.933+0700] {dagbag.py:545} INFO - Filling up the DagBag from /home/acer/.local/share/virtualenvs/custom_airflow-E5ZHcY_K/lib/python3.12/site-packages/airflow/example_dags/example_branch_day_of_week_operator.py
[2024-07-06T22:05:50.958+0700] {processor.py:840} INFO - DAG(s) 'example_weekday_branch_operator' retrieved from /home/acer/.local/share/virtualenvs/custom_airflow-E5ZHcY_K/lib/python3.12/site-packages/airflow/example_dags/example_branch_day_of_week_operator.py
[2024-07-06T22:05:50.978+0700] {logging_mixin.py:188} INFO - [2024-07-06T22:05:50.978+0700] {dag.py:3096} INFO - Sync 1 DAGs
[2024-07-06T22:05:51.000+0700] {logging_mixin.py:188} INFO - [2024-07-06T22:05:51.000+0700] {dag.py:3954} INFO - Setting next_dagrun for example_weekday_branch_operator to 2024-07-05 00:00:00+00:00, run_after=2024-07-06 00:00:00+00:00
[2024-07-06T22:05:51.034+0700] {processor.py:183} INFO - Processing /home/acer/.local/share/virtualenvs/custom_airflow-E5ZHcY_K/lib/python3.12/site-packages/airflow/example_dags/example_branch_day_of_week_operator.py took 0.123 seconds
[2024-07-06T22:07:03.320+0700] {processor.py:161} INFO - Started process (PID=18359) to work on /home/acer/.local/share/virtualenvs/custom_airflow-E5ZHcY_K/lib/python3.12/site-packages/airflow/example_dags/example_branch_day_of_week_operator.py
[2024-07-06T22:07:03.321+0700] {processor.py:830} INFO - Processing file /home/acer/.local/share/virtualenvs/custom_airflow-E5ZHcY_K/lib/python3.12/site-packages/airflow/example_dags/example_branch_day_of_week_operator.py for tasks to queue
[2024-07-06T22:07:03.323+0700] {logging_mixin.py:188} INFO - [2024-07-06T22:07:03.323+0700] {dagbag.py:545} INFO - Filling up the DagBag from /home/acer/.local/share/virtualenvs/custom_airflow-E5ZHcY_K/lib/python3.12/site-packages/airflow/example_dags/example_branch_day_of_week_operator.py
[2024-07-06T22:07:03.332+0700] {processor.py:840} INFO - DAG(s) 'example_weekday_branch_operator' retrieved from /home/acer/.local/share/virtualenvs/custom_airflow-E5ZHcY_K/lib/python3.12/site-packages/airflow/example_dags/example_branch_day_of_week_operator.py
[2024-07-06T22:07:03.352+0700] {logging_mixin.py:188} INFO - [2024-07-06T22:07:03.352+0700] {dag.py:3096} INFO - Sync 1 DAGs
[2024-07-06T22:07:03.388+0700] {logging_mixin.py:188} INFO - [2024-07-06T22:07:03.387+0700] {dag.py:3954} INFO - Setting next_dagrun for example_weekday_branch_operator to 2024-07-05 00:00:00+00:00, run_after=2024-07-06 00:00:00+00:00
[2024-07-06T22:07:03.421+0700] {processor.py:183} INFO - Processing /home/acer/.local/share/virtualenvs/custom_airflow-E5ZHcY_K/lib/python3.12/site-packages/airflow/example_dags/example_branch_day_of_week_operator.py took 0.107 seconds
[2024-07-06T22:08:01.877+0700] {processor.py:161} INFO - Started process (PID=18738) to work on /home/acer/.local/share/virtualenvs/custom_airflow-E5ZHcY_K/lib/python3.12/site-packages/airflow/example_dags/example_branch_day_of_week_operator.py
[2024-07-06T22:08:01.878+0700] {processor.py:830} INFO - Processing file /home/acer/.local/share/virtualenvs/custom_airflow-E5ZHcY_K/lib/python3.12/site-packages/airflow/example_dags/example_branch_day_of_week_operator.py for tasks to queue
[2024-07-06T22:08:01.880+0700] {logging_mixin.py:188} INFO - [2024-07-06T22:08:01.880+0700] {dagbag.py:545} INFO - Filling up the DagBag from /home/acer/.local/share/virtualenvs/custom_airflow-E5ZHcY_K/lib/python3.12/site-packages/airflow/example_dags/example_branch_day_of_week_operator.py
[2024-07-06T22:08:01.892+0700] {processor.py:840} INFO - DAG(s) 'example_weekday_branch_operator' retrieved from /home/acer/.local/share/virtualenvs/custom_airflow-E5ZHcY_K/lib/python3.12/site-packages/airflow/example_dags/example_branch_day_of_week_operator.py
[2024-07-06T22:08:01.912+0700] {logging_mixin.py:188} INFO - [2024-07-06T22:08:01.911+0700] {dag.py:3096} INFO - Sync 1 DAGs
[2024-07-06T22:08:01.946+0700] {logging_mixin.py:188} INFO - [2024-07-06T22:08:01.946+0700] {dag.py:3954} INFO - Setting next_dagrun for example_weekday_branch_operator to 2024-07-05 00:00:00+00:00, run_after=2024-07-06 00:00:00+00:00
[2024-07-06T22:08:01.975+0700] {processor.py:183} INFO - Processing /home/acer/.local/share/virtualenvs/custom_airflow-E5ZHcY_K/lib/python3.12/site-packages/airflow/example_dags/example_branch_day_of_week_operator.py took 0.104 seconds
[2024-07-06T22:09:24.800+0700] {processor.py:161} INFO - Started process (PID=19185) to work on /home/acer/.local/share/virtualenvs/custom_airflow-E5ZHcY_K/lib/python3.12/site-packages/airflow/example_dags/example_branch_day_of_week_operator.py
[2024-07-06T22:09:24.801+0700] {processor.py:830} INFO - Processing file /home/acer/.local/share/virtualenvs/custom_airflow-E5ZHcY_K/lib/python3.12/site-packages/airflow/example_dags/example_branch_day_of_week_operator.py for tasks to queue
[2024-07-06T22:09:24.803+0700] {logging_mixin.py:188} INFO - [2024-07-06T22:09:24.803+0700] {dagbag.py:545} INFO - Filling up the DagBag from /home/acer/.local/share/virtualenvs/custom_airflow-E5ZHcY_K/lib/python3.12/site-packages/airflow/example_dags/example_branch_day_of_week_operator.py
[2024-07-06T22:09:24.816+0700] {processor.py:840} INFO - DAG(s) 'example_weekday_branch_operator' retrieved from /home/acer/.local/share/virtualenvs/custom_airflow-E5ZHcY_K/lib/python3.12/site-packages/airflow/example_dags/example_branch_day_of_week_operator.py
[2024-07-06T22:09:24.835+0700] {logging_mixin.py:188} INFO - [2024-07-06T22:09:24.835+0700] {dag.py:3096} INFO - Sync 1 DAGs
[2024-07-06T22:09:24.865+0700] {logging_mixin.py:188} INFO - [2024-07-06T22:09:24.864+0700] {dag.py:3954} INFO - Setting next_dagrun for example_weekday_branch_operator to 2024-07-05 00:00:00+00:00, run_after=2024-07-06 00:00:00+00:00
[2024-07-06T22:09:24.889+0700] {processor.py:183} INFO - Processing /home/acer/.local/share/virtualenvs/custom_airflow-E5ZHcY_K/lib/python3.12/site-packages/airflow/example_dags/example_branch_day_of_week_operator.py took 0.098 seconds
[2024-07-06T22:10:28.053+0700] {processor.py:161} INFO - Started process (PID=19538) to work on /home/acer/.local/share/virtualenvs/custom_airflow-E5ZHcY_K/lib/python3.12/site-packages/airflow/example_dags/example_branch_day_of_week_operator.py
[2024-07-06T22:10:28.055+0700] {processor.py:830} INFO - Processing file /home/acer/.local/share/virtualenvs/custom_airflow-E5ZHcY_K/lib/python3.12/site-packages/airflow/example_dags/example_branch_day_of_week_operator.py for tasks to queue
[2024-07-06T22:10:28.060+0700] {logging_mixin.py:188} INFO - [2024-07-06T22:10:28.059+0700] {dagbag.py:545} INFO - Filling up the DagBag from /home/acer/.local/share/virtualenvs/custom_airflow-E5ZHcY_K/lib/python3.12/site-packages/airflow/example_dags/example_branch_day_of_week_operator.py
[2024-07-06T22:10:28.073+0700] {processor.py:840} INFO - DAG(s) 'example_weekday_branch_operator' retrieved from /home/acer/.local/share/virtualenvs/custom_airflow-E5ZHcY_K/lib/python3.12/site-packages/airflow/example_dags/example_branch_day_of_week_operator.py
[2024-07-06T22:10:28.111+0700] {logging_mixin.py:188} INFO - [2024-07-06T22:10:28.110+0700] {dag.py:3096} INFO - Sync 1 DAGs
[2024-07-06T22:10:28.167+0700] {logging_mixin.py:188} INFO - [2024-07-06T22:10:28.166+0700] {dag.py:3954} INFO - Setting next_dagrun for example_weekday_branch_operator to 2024-07-05 00:00:00+00:00, run_after=2024-07-06 00:00:00+00:00
[2024-07-06T22:10:28.207+0700] {processor.py:183} INFO - Processing /home/acer/.local/share/virtualenvs/custom_airflow-E5ZHcY_K/lib/python3.12/site-packages/airflow/example_dags/example_branch_day_of_week_operator.py took 0.163 seconds
[2024-07-06T22:11:31.286+0700] {processor.py:161} INFO - Started process (PID=19885) to work on /home/acer/.local/share/virtualenvs/custom_airflow-E5ZHcY_K/lib/python3.12/site-packages/airflow/example_dags/example_branch_day_of_week_operator.py
[2024-07-06T22:11:31.288+0700] {processor.py:830} INFO - Processing file /home/acer/.local/share/virtualenvs/custom_airflow-E5ZHcY_K/lib/python3.12/site-packages/airflow/example_dags/example_branch_day_of_week_operator.py for tasks to queue
[2024-07-06T22:11:31.290+0700] {logging_mixin.py:188} INFO - [2024-07-06T22:11:31.290+0700] {dagbag.py:545} INFO - Filling up the DagBag from /home/acer/.local/share/virtualenvs/custom_airflow-E5ZHcY_K/lib/python3.12/site-packages/airflow/example_dags/example_branch_day_of_week_operator.py
[2024-07-06T22:11:31.304+0700] {processor.py:840} INFO - DAG(s) 'example_weekday_branch_operator' retrieved from /home/acer/.local/share/virtualenvs/custom_airflow-E5ZHcY_K/lib/python3.12/site-packages/airflow/example_dags/example_branch_day_of_week_operator.py
[2024-07-06T22:11:31.339+0700] {logging_mixin.py:188} INFO - [2024-07-06T22:11:31.339+0700] {dag.py:3096} INFO - Sync 1 DAGs
[2024-07-06T22:11:31.382+0700] {logging_mixin.py:188} INFO - [2024-07-06T22:11:31.382+0700] {dag.py:3954} INFO - Setting next_dagrun for example_weekday_branch_operator to 2024-07-05 00:00:00+00:00, run_after=2024-07-06 00:00:00+00:00
[2024-07-06T22:11:31.409+0700] {processor.py:183} INFO - Processing /home/acer/.local/share/virtualenvs/custom_airflow-E5ZHcY_K/lib/python3.12/site-packages/airflow/example_dags/example_branch_day_of_week_operator.py took 0.133 seconds
[2024-07-06T22:12:31.502+0700] {processor.py:161} INFO - Started process (PID=20219) to work on /home/acer/.local/share/virtualenvs/custom_airflow-E5ZHcY_K/lib/python3.12/site-packages/airflow/example_dags/example_branch_day_of_week_operator.py
[2024-07-06T22:12:31.512+0700] {processor.py:830} INFO - Processing file /home/acer/.local/share/virtualenvs/custom_airflow-E5ZHcY_K/lib/python3.12/site-packages/airflow/example_dags/example_branch_day_of_week_operator.py for tasks to queue
[2024-07-06T22:12:31.518+0700] {logging_mixin.py:188} INFO - [2024-07-06T22:12:31.517+0700] {dagbag.py:545} INFO - Filling up the DagBag from /home/acer/.local/share/virtualenvs/custom_airflow-E5ZHcY_K/lib/python3.12/site-packages/airflow/example_dags/example_branch_day_of_week_operator.py
[2024-07-06T22:12:31.530+0700] {processor.py:840} INFO - DAG(s) 'example_weekday_branch_operator' retrieved from /home/acer/.local/share/virtualenvs/custom_airflow-E5ZHcY_K/lib/python3.12/site-packages/airflow/example_dags/example_branch_day_of_week_operator.py
[2024-07-06T22:12:31.549+0700] {logging_mixin.py:188} INFO - [2024-07-06T22:12:31.549+0700] {dag.py:3096} INFO - Sync 1 DAGs
[2024-07-06T22:12:31.577+0700] {logging_mixin.py:188} INFO - [2024-07-06T22:12:31.577+0700] {dag.py:3954} INFO - Setting next_dagrun for example_weekday_branch_operator to 2024-07-05 00:00:00+00:00, run_after=2024-07-06 00:00:00+00:00
[2024-07-06T22:12:31.607+0700] {processor.py:183} INFO - Processing /home/acer/.local/share/virtualenvs/custom_airflow-E5ZHcY_K/lib/python3.12/site-packages/airflow/example_dags/example_branch_day_of_week_operator.py took 0.134 seconds
[2024-07-06T22:13:30.594+0700] {processor.py:161} INFO - Started process (PID=20587) to work on /home/acer/.local/share/virtualenvs/custom_airflow-E5ZHcY_K/lib/python3.12/site-packages/airflow/example_dags/example_branch_day_of_week_operator.py
[2024-07-06T22:13:30.595+0700] {processor.py:830} INFO - Processing file /home/acer/.local/share/virtualenvs/custom_airflow-E5ZHcY_K/lib/python3.12/site-packages/airflow/example_dags/example_branch_day_of_week_operator.py for tasks to queue
[2024-07-06T22:13:30.598+0700] {logging_mixin.py:188} INFO - [2024-07-06T22:13:30.597+0700] {dagbag.py:545} INFO - Filling up the DagBag from /home/acer/.local/share/virtualenvs/custom_airflow-E5ZHcY_K/lib/python3.12/site-packages/airflow/example_dags/example_branch_day_of_week_operator.py
[2024-07-06T22:13:30.611+0700] {processor.py:840} INFO - DAG(s) 'example_weekday_branch_operator' retrieved from /home/acer/.local/share/virtualenvs/custom_airflow-E5ZHcY_K/lib/python3.12/site-packages/airflow/example_dags/example_branch_day_of_week_operator.py
[2024-07-06T22:13:30.631+0700] {logging_mixin.py:188} INFO - [2024-07-06T22:13:30.630+0700] {dag.py:3096} INFO - Sync 1 DAGs
[2024-07-06T22:13:30.671+0700] {logging_mixin.py:188} INFO - [2024-07-06T22:13:30.671+0700] {dag.py:3954} INFO - Setting next_dagrun for example_weekday_branch_operator to 2024-07-05 00:00:00+00:00, run_after=2024-07-06 00:00:00+00:00
[2024-07-06T22:13:30.700+0700] {processor.py:183} INFO - Processing /home/acer/.local/share/virtualenvs/custom_airflow-E5ZHcY_K/lib/python3.12/site-packages/airflow/example_dags/example_branch_day_of_week_operator.py took 0.121 seconds
[2024-07-06T22:14:30.212+0700] {processor.py:161} INFO - Started process (PID=20928) to work on /home/acer/.local/share/virtualenvs/custom_airflow-E5ZHcY_K/lib/python3.12/site-packages/airflow/example_dags/example_branch_day_of_week_operator.py
[2024-07-06T22:14:30.217+0700] {processor.py:830} INFO - Processing file /home/acer/.local/share/virtualenvs/custom_airflow-E5ZHcY_K/lib/python3.12/site-packages/airflow/example_dags/example_branch_day_of_week_operator.py for tasks to queue
[2024-07-06T22:14:30.235+0700] {logging_mixin.py:188} INFO - [2024-07-06T22:14:30.234+0700] {dagbag.py:545} INFO - Filling up the DagBag from /home/acer/.local/share/virtualenvs/custom_airflow-E5ZHcY_K/lib/python3.12/site-packages/airflow/example_dags/example_branch_day_of_week_operator.py
[2024-07-06T22:14:30.252+0700] {processor.py:840} INFO - DAG(s) 'example_weekday_branch_operator' retrieved from /home/acer/.local/share/virtualenvs/custom_airflow-E5ZHcY_K/lib/python3.12/site-packages/airflow/example_dags/example_branch_day_of_week_operator.py
[2024-07-06T22:14:30.277+0700] {logging_mixin.py:188} INFO - [2024-07-06T22:14:30.277+0700] {dag.py:3096} INFO - Sync 1 DAGs
[2024-07-06T22:14:30.311+0700] {logging_mixin.py:188} INFO - [2024-07-06T22:14:30.310+0700] {dag.py:3954} INFO - Setting next_dagrun for example_weekday_branch_operator to 2024-07-05 00:00:00+00:00, run_after=2024-07-06 00:00:00+00:00
[2024-07-06T22:14:30.337+0700] {processor.py:183} INFO - Processing /home/acer/.local/share/virtualenvs/custom_airflow-E5ZHcY_K/lib/python3.12/site-packages/airflow/example_dags/example_branch_day_of_week_operator.py took 0.145 seconds
[2024-07-06T22:15:34.707+0700] {processor.py:161} INFO - Started process (PID=21322) to work on /home/acer/.local/share/virtualenvs/custom_airflow-E5ZHcY_K/lib/python3.12/site-packages/airflow/example_dags/example_branch_day_of_week_operator.py
[2024-07-06T22:15:34.708+0700] {processor.py:830} INFO - Processing file /home/acer/.local/share/virtualenvs/custom_airflow-E5ZHcY_K/lib/python3.12/site-packages/airflow/example_dags/example_branch_day_of_week_operator.py for tasks to queue
[2024-07-06T22:15:34.710+0700] {logging_mixin.py:188} INFO - [2024-07-06T22:15:34.709+0700] {dagbag.py:545} INFO - Filling up the DagBag from /home/acer/.local/share/virtualenvs/custom_airflow-E5ZHcY_K/lib/python3.12/site-packages/airflow/example_dags/example_branch_day_of_week_operator.py
[2024-07-06T22:15:34.720+0700] {processor.py:840} INFO - DAG(s) 'example_weekday_branch_operator' retrieved from /home/acer/.local/share/virtualenvs/custom_airflow-E5ZHcY_K/lib/python3.12/site-packages/airflow/example_dags/example_branch_day_of_week_operator.py
[2024-07-06T22:15:34.740+0700] {logging_mixin.py:188} INFO - [2024-07-06T22:15:34.740+0700] {dag.py:3096} INFO - Sync 1 DAGs
[2024-07-06T22:15:34.766+0700] {logging_mixin.py:188} INFO - [2024-07-06T22:15:34.766+0700] {dag.py:3954} INFO - Setting next_dagrun for example_weekday_branch_operator to 2024-07-05 00:00:00+00:00, run_after=2024-07-06 00:00:00+00:00
[2024-07-06T22:15:34.794+0700] {processor.py:183} INFO - Processing /home/acer/.local/share/virtualenvs/custom_airflow-E5ZHcY_K/lib/python3.12/site-packages/airflow/example_dags/example_branch_day_of_week_operator.py took 0.093 seconds
[2024-07-06T22:16:32.895+0700] {processor.py:161} INFO - Started process (PID=21619) to work on /home/acer/.local/share/virtualenvs/custom_airflow-E5ZHcY_K/lib/python3.12/site-packages/airflow/example_dags/example_branch_day_of_week_operator.py
[2024-07-06T22:16:32.896+0700] {processor.py:830} INFO - Processing file /home/acer/.local/share/virtualenvs/custom_airflow-E5ZHcY_K/lib/python3.12/site-packages/airflow/example_dags/example_branch_day_of_week_operator.py for tasks to queue
[2024-07-06T22:16:32.899+0700] {logging_mixin.py:188} INFO - [2024-07-06T22:16:32.899+0700] {dagbag.py:545} INFO - Filling up the DagBag from /home/acer/.local/share/virtualenvs/custom_airflow-E5ZHcY_K/lib/python3.12/site-packages/airflow/example_dags/example_branch_day_of_week_operator.py
[2024-07-06T22:16:32.909+0700] {processor.py:840} INFO - DAG(s) 'example_weekday_branch_operator' retrieved from /home/acer/.local/share/virtualenvs/custom_airflow-E5ZHcY_K/lib/python3.12/site-packages/airflow/example_dags/example_branch_day_of_week_operator.py
[2024-07-06T22:16:32.935+0700] {logging_mixin.py:188} INFO - [2024-07-06T22:16:32.935+0700] {dag.py:3096} INFO - Sync 1 DAGs
[2024-07-06T22:16:32.970+0700] {logging_mixin.py:188} INFO - [2024-07-06T22:16:32.970+0700] {dag.py:3954} INFO - Setting next_dagrun for example_weekday_branch_operator to 2024-07-05 00:00:00+00:00, run_after=2024-07-06 00:00:00+00:00
[2024-07-06T22:16:32.998+0700] {processor.py:183} INFO - Processing /home/acer/.local/share/virtualenvs/custom_airflow-E5ZHcY_K/lib/python3.12/site-packages/airflow/example_dags/example_branch_day_of_week_operator.py took 0.110 seconds
[2024-07-06T22:17:59.206+0700] {processor.py:161} INFO - Started process (PID=22097) to work on /home/acer/.local/share/virtualenvs/custom_airflow-E5ZHcY_K/lib/python3.12/site-packages/airflow/example_dags/example_branch_day_of_week_operator.py
[2024-07-06T22:17:59.207+0700] {processor.py:830} INFO - Processing file /home/acer/.local/share/virtualenvs/custom_airflow-E5ZHcY_K/lib/python3.12/site-packages/airflow/example_dags/example_branch_day_of_week_operator.py for tasks to queue
[2024-07-06T22:17:59.210+0700] {logging_mixin.py:188} INFO - [2024-07-06T22:17:59.209+0700] {dagbag.py:545} INFO - Filling up the DagBag from /home/acer/.local/share/virtualenvs/custom_airflow-E5ZHcY_K/lib/python3.12/site-packages/airflow/example_dags/example_branch_day_of_week_operator.py
[2024-07-06T22:17:59.224+0700] {processor.py:840} INFO - DAG(s) 'example_weekday_branch_operator' retrieved from /home/acer/.local/share/virtualenvs/custom_airflow-E5ZHcY_K/lib/python3.12/site-packages/airflow/example_dags/example_branch_day_of_week_operator.py
[2024-07-06T22:17:59.243+0700] {logging_mixin.py:188} INFO - [2024-07-06T22:17:59.243+0700] {dag.py:3096} INFO - Sync 1 DAGs
[2024-07-06T22:17:59.283+0700] {logging_mixin.py:188} INFO - [2024-07-06T22:17:59.282+0700] {dag.py:3954} INFO - Setting next_dagrun for example_weekday_branch_operator to 2024-07-05 00:00:00+00:00, run_after=2024-07-06 00:00:00+00:00
[2024-07-06T22:17:59.336+0700] {processor.py:183} INFO - Processing /home/acer/.local/share/virtualenvs/custom_airflow-E5ZHcY_K/lib/python3.12/site-packages/airflow/example_dags/example_branch_day_of_week_operator.py took 0.136 seconds
[2024-07-06T22:19:02.553+0700] {processor.py:161} INFO - Started process (PID=22412) to work on /home/acer/.local/share/virtualenvs/custom_airflow-E5ZHcY_K/lib/python3.12/site-packages/airflow/example_dags/example_branch_day_of_week_operator.py
[2024-07-06T22:19:02.555+0700] {processor.py:830} INFO - Processing file /home/acer/.local/share/virtualenvs/custom_airflow-E5ZHcY_K/lib/python3.12/site-packages/airflow/example_dags/example_branch_day_of_week_operator.py for tasks to queue
[2024-07-06T22:19:02.559+0700] {logging_mixin.py:188} INFO - [2024-07-06T22:19:02.558+0700] {dagbag.py:545} INFO - Filling up the DagBag from /home/acer/.local/share/virtualenvs/custom_airflow-E5ZHcY_K/lib/python3.12/site-packages/airflow/example_dags/example_branch_day_of_week_operator.py
[2024-07-06T22:19:02.573+0700] {processor.py:840} INFO - DAG(s) 'example_weekday_branch_operator' retrieved from /home/acer/.local/share/virtualenvs/custom_airflow-E5ZHcY_K/lib/python3.12/site-packages/airflow/example_dags/example_branch_day_of_week_operator.py
[2024-07-06T22:19:02.608+0700] {logging_mixin.py:188} INFO - [2024-07-06T22:19:02.607+0700] {dag.py:3096} INFO - Sync 1 DAGs
[2024-07-06T22:19:02.647+0700] {logging_mixin.py:188} INFO - [2024-07-06T22:19:02.646+0700] {dag.py:3954} INFO - Setting next_dagrun for example_weekday_branch_operator to 2024-07-05 00:00:00+00:00, run_after=2024-07-06 00:00:00+00:00
[2024-07-06T22:19:02.678+0700] {processor.py:183} INFO - Processing /home/acer/.local/share/virtualenvs/custom_airflow-E5ZHcY_K/lib/python3.12/site-packages/airflow/example_dags/example_branch_day_of_week_operator.py took 0.138 seconds
[2024-07-06T22:20:03.576+0700] {processor.py:161} INFO - Started process (PID=22750) to work on /home/acer/.local/share/virtualenvs/custom_airflow-E5ZHcY_K/lib/python3.12/site-packages/airflow/example_dags/example_branch_day_of_week_operator.py
[2024-07-06T22:20:03.577+0700] {processor.py:830} INFO - Processing file /home/acer/.local/share/virtualenvs/custom_airflow-E5ZHcY_K/lib/python3.12/site-packages/airflow/example_dags/example_branch_day_of_week_operator.py for tasks to queue
[2024-07-06T22:20:03.582+0700] {logging_mixin.py:188} INFO - [2024-07-06T22:20:03.581+0700] {dagbag.py:545} INFO - Filling up the DagBag from /home/acer/.local/share/virtualenvs/custom_airflow-E5ZHcY_K/lib/python3.12/site-packages/airflow/example_dags/example_branch_day_of_week_operator.py
[2024-07-06T22:20:03.603+0700] {processor.py:840} INFO - DAG(s) 'example_weekday_branch_operator' retrieved from /home/acer/.local/share/virtualenvs/custom_airflow-E5ZHcY_K/lib/python3.12/site-packages/airflow/example_dags/example_branch_day_of_week_operator.py
[2024-07-06T22:20:03.632+0700] {logging_mixin.py:188} INFO - [2024-07-06T22:20:03.632+0700] {dag.py:3096} INFO - Sync 1 DAGs
[2024-07-06T22:20:03.667+0700] {logging_mixin.py:188} INFO - [2024-07-06T22:20:03.667+0700] {dag.py:3954} INFO - Setting next_dagrun for example_weekday_branch_operator to 2024-07-05 00:00:00+00:00, run_after=2024-07-06 00:00:00+00:00
[2024-07-06T22:20:03.694+0700] {processor.py:183} INFO - Processing /home/acer/.local/share/virtualenvs/custom_airflow-E5ZHcY_K/lib/python3.12/site-packages/airflow/example_dags/example_branch_day_of_week_operator.py took 0.133 seconds
[2024-07-06T22:21:04.827+0700] {processor.py:161} INFO - Started process (PID=23053) to work on /home/acer/.local/share/virtualenvs/custom_airflow-E5ZHcY_K/lib/python3.12/site-packages/airflow/example_dags/example_branch_day_of_week_operator.py
[2024-07-06T22:21:04.829+0700] {processor.py:830} INFO - Processing file /home/acer/.local/share/virtualenvs/custom_airflow-E5ZHcY_K/lib/python3.12/site-packages/airflow/example_dags/example_branch_day_of_week_operator.py for tasks to queue
[2024-07-06T22:21:04.831+0700] {logging_mixin.py:188} INFO - [2024-07-06T22:21:04.830+0700] {dagbag.py:545} INFO - Filling up the DagBag from /home/acer/.local/share/virtualenvs/custom_airflow-E5ZHcY_K/lib/python3.12/site-packages/airflow/example_dags/example_branch_day_of_week_operator.py
[2024-07-06T22:21:04.840+0700] {processor.py:840} INFO - DAG(s) 'example_weekday_branch_operator' retrieved from /home/acer/.local/share/virtualenvs/custom_airflow-E5ZHcY_K/lib/python3.12/site-packages/airflow/example_dags/example_branch_day_of_week_operator.py
[2024-07-06T22:21:04.860+0700] {logging_mixin.py:188} INFO - [2024-07-06T22:21:04.859+0700] {dag.py:3096} INFO - Sync 1 DAGs
[2024-07-06T22:21:04.882+0700] {logging_mixin.py:188} INFO - [2024-07-06T22:21:04.882+0700] {dag.py:3954} INFO - Setting next_dagrun for example_weekday_branch_operator to 2024-07-05 00:00:00+00:00, run_after=2024-07-06 00:00:00+00:00
[2024-07-06T22:21:04.913+0700] {processor.py:183} INFO - Processing /home/acer/.local/share/virtualenvs/custom_airflow-E5ZHcY_K/lib/python3.12/site-packages/airflow/example_dags/example_branch_day_of_week_operator.py took 0.092 seconds
