[2024-07-06T16:09:10.835+0700] {processor.py:161} INFO - Started process (PID=51295) to work on /home/acer/.local/share/virtualenvs/custom_airflow-E5ZHcY_K/lib/python3.12/site-packages/airflow/example_dags/example_python_decorator.py
[2024-07-06T16:09:10.836+0700] {processor.py:830} INFO - Processing file /home/acer/.local/share/virtualenvs/custom_airflow-E5ZHcY_K/lib/python3.12/site-packages/airflow/example_dags/example_python_decorator.py for tasks to queue
[2024-07-06T16:09:10.839+0700] {logging_mixin.py:188} INFO - [2024-07-06T16:09:10.838+0700] {dagbag.py:545} INFO - Filling up the DagBag from /home/acer/.local/share/virtualenvs/custom_airflow-E5ZHcY_K/lib/python3.12/site-packages/airflow/example_dags/example_python_decorator.py
[2024-07-06T16:09:10.854+0700] {processor.py:840} INFO - DAG(s) 'example_python_decorator' retrieved from /home/acer/.local/share/virtualenvs/custom_airflow-E5ZHcY_K/lib/python3.12/site-packages/airflow/example_dags/example_python_decorator.py
[2024-07-06T16:09:10.984+0700] {logging_mixin.py:188} INFO - [2024-07-06T16:09:10.983+0700] {override.py:1847} INFO - Created Permission View: can delete on DAG:example_python_decorator
[2024-07-06T16:09:10.995+0700] {logging_mixin.py:188} INFO - [2024-07-06T16:09:10.994+0700] {override.py:1847} INFO - Created Permission View: can edit on DAG:example_python_decorator
[2024-07-06T16:09:11.002+0700] {logging_mixin.py:188} INFO - [2024-07-06T16:09:11.002+0700] {override.py:1847} INFO - Created Permission View: can read on DAG:example_python_decorator
[2024-07-06T16:09:11.003+0700] {logging_mixin.py:188} INFO - [2024-07-06T16:09:11.003+0700] {dag.py:3096} INFO - Sync 1 DAGs
[2024-07-06T16:09:11.013+0700] {logging_mixin.py:188} INFO - [2024-07-06T16:09:11.013+0700] {dag.py:3118} INFO - Creating ORM DAG for example_python_decorator
[2024-07-06T16:09:11.014+0700] {logging_mixin.py:188} INFO - [2024-07-06T16:09:11.014+0700] {dag.py:3954} INFO - Setting next_dagrun for example_python_decorator to None, run_after=None
[2024-07-06T16:09:11.039+0700] {processor.py:183} INFO - Processing /home/acer/.local/share/virtualenvs/custom_airflow-E5ZHcY_K/lib/python3.12/site-packages/airflow/example_dags/example_python_decorator.py took 0.210 seconds
[2024-07-06T16:10:08.831+0700] {processor.py:161} INFO - Started process (PID=51661) to work on /home/acer/.local/share/virtualenvs/custom_airflow-E5ZHcY_K/lib/python3.12/site-packages/airflow/example_dags/example_python_decorator.py
[2024-07-06T16:10:08.833+0700] {processor.py:830} INFO - Processing file /home/acer/.local/share/virtualenvs/custom_airflow-E5ZHcY_K/lib/python3.12/site-packages/airflow/example_dags/example_python_decorator.py for tasks to queue
[2024-07-06T16:10:08.838+0700] {logging_mixin.py:188} INFO - [2024-07-06T16:10:08.837+0700] {dagbag.py:545} INFO - Filling up the DagBag from /home/acer/.local/share/virtualenvs/custom_airflow-E5ZHcY_K/lib/python3.12/site-packages/airflow/example_dags/example_python_decorator.py
[2024-07-06T16:10:08.857+0700] {processor.py:840} INFO - DAG(s) 'example_python_decorator' retrieved from /home/acer/.local/share/virtualenvs/custom_airflow-E5ZHcY_K/lib/python3.12/site-packages/airflow/example_dags/example_python_decorator.py
[2024-07-06T16:10:08.876+0700] {logging_mixin.py:188} INFO - [2024-07-06T16:10:08.875+0700] {dag.py:3096} INFO - Sync 1 DAGs
[2024-07-06T16:10:08.888+0700] {logging_mixin.py:188} INFO - [2024-07-06T16:10:08.888+0700] {dag.py:3954} INFO - Setting next_dagrun for example_python_decorator to None, run_after=None
[2024-07-06T16:10:08.909+0700] {processor.py:183} INFO - Processing /home/acer/.local/share/virtualenvs/custom_airflow-E5ZHcY_K/lib/python3.12/site-packages/airflow/example_dags/example_python_decorator.py took 0.097 seconds
[2024-07-06T16:11:01.231+0700] {processor.py:161} INFO - Started process (PID=52322) to work on /home/acer/.local/share/virtualenvs/custom_airflow-E5ZHcY_K/lib/python3.12/site-packages/airflow/example_dags/example_python_decorator.py
[2024-07-06T16:11:01.232+0700] {processor.py:830} INFO - Processing file /home/acer/.local/share/virtualenvs/custom_airflow-E5ZHcY_K/lib/python3.12/site-packages/airflow/example_dags/example_python_decorator.py for tasks to queue
[2024-07-06T16:11:01.234+0700] {logging_mixin.py:188} INFO - [2024-07-06T16:11:01.233+0700] {dagbag.py:545} INFO - Filling up the DagBag from /home/acer/.local/share/virtualenvs/custom_airflow-E5ZHcY_K/lib/python3.12/site-packages/airflow/example_dags/example_python_decorator.py
[2024-07-06T16:11:01.257+0700] {processor.py:840} INFO - DAG(s) 'example_python_decorator' retrieved from /home/acer/.local/share/virtualenvs/custom_airflow-E5ZHcY_K/lib/python3.12/site-packages/airflow/example_dags/example_python_decorator.py
[2024-07-06T16:11:01.395+0700] {logging_mixin.py:188} INFO - [2024-07-06T16:11:01.394+0700] {dag.py:3096} INFO - Sync 1 DAGs
[2024-07-06T16:11:01.407+0700] {logging_mixin.py:188} INFO - [2024-07-06T16:11:01.407+0700] {dag.py:3954} INFO - Setting next_dagrun for example_python_decorator to None, run_after=None
[2024-07-06T16:11:01.432+0700] {processor.py:183} INFO - Processing /home/acer/.local/share/virtualenvs/custom_airflow-E5ZHcY_K/lib/python3.12/site-packages/airflow/example_dags/example_python_decorator.py took 0.213 seconds
[2024-07-06T16:11:57.158+0700] {processor.py:161} INFO - Started process (PID=52616) to work on /home/acer/.local/share/virtualenvs/custom_airflow-E5ZHcY_K/lib/python3.12/site-packages/airflow/example_dags/example_python_decorator.py
[2024-07-06T16:11:57.162+0700] {processor.py:830} INFO - Processing file /home/acer/.local/share/virtualenvs/custom_airflow-E5ZHcY_K/lib/python3.12/site-packages/airflow/example_dags/example_python_decorator.py for tasks to queue
[2024-07-06T16:11:57.163+0700] {logging_mixin.py:188} INFO - [2024-07-06T16:11:57.162+0700] {dagbag.py:545} INFO - Filling up the DagBag from /home/acer/.local/share/virtualenvs/custom_airflow-E5ZHcY_K/lib/python3.12/site-packages/airflow/example_dags/example_python_decorator.py
[2024-07-06T16:11:57.181+0700] {processor.py:840} INFO - DAG(s) 'example_python_decorator' retrieved from /home/acer/.local/share/virtualenvs/custom_airflow-E5ZHcY_K/lib/python3.12/site-packages/airflow/example_dags/example_python_decorator.py
[2024-07-06T16:11:57.202+0700] {logging_mixin.py:188} INFO - [2024-07-06T16:11:57.201+0700] {dag.py:3096} INFO - Sync 1 DAGs
[2024-07-06T16:11:57.216+0700] {logging_mixin.py:188} INFO - [2024-07-06T16:11:57.216+0700] {dag.py:3954} INFO - Setting next_dagrun for example_python_decorator to None, run_after=None
[2024-07-06T16:11:57.244+0700] {processor.py:183} INFO - Processing /home/acer/.local/share/virtualenvs/custom_airflow-E5ZHcY_K/lib/python3.12/site-packages/airflow/example_dags/example_python_decorator.py took 0.098 seconds
[2024-07-06T16:16:02.301+0700] {processor.py:161} INFO - Started process (PID=54903) to work on /home/acer/.local/share/virtualenvs/custom_airflow-E5ZHcY_K/lib/python3.12/site-packages/airflow/example_dags/example_python_decorator.py
[2024-07-06T16:16:02.303+0700] {processor.py:830} INFO - Processing file /home/acer/.local/share/virtualenvs/custom_airflow-E5ZHcY_K/lib/python3.12/site-packages/airflow/example_dags/example_python_decorator.py for tasks to queue
[2024-07-06T16:16:02.306+0700] {logging_mixin.py:188} INFO - [2024-07-06T16:16:02.305+0700] {dagbag.py:545} INFO - Filling up the DagBag from /home/acer/.local/share/virtualenvs/custom_airflow-E5ZHcY_K/lib/python3.12/site-packages/airflow/example_dags/example_python_decorator.py
[2024-07-06T16:16:02.326+0700] {processor.py:840} INFO - DAG(s) 'example_python_decorator' retrieved from /home/acer/.local/share/virtualenvs/custom_airflow-E5ZHcY_K/lib/python3.12/site-packages/airflow/example_dags/example_python_decorator.py
[2024-07-06T16:16:02.439+0700] {logging_mixin.py:188} INFO - [2024-07-06T16:16:02.439+0700] {dag.py:3096} INFO - Sync 1 DAGs
[2024-07-06T16:16:02.449+0700] {logging_mixin.py:188} INFO - [2024-07-06T16:16:02.449+0700] {dag.py:3954} INFO - Setting next_dagrun for example_python_decorator to None, run_after=None
[2024-07-06T16:16:02.470+0700] {processor.py:183} INFO - Processing /home/acer/.local/share/virtualenvs/custom_airflow-E5ZHcY_K/lib/python3.12/site-packages/airflow/example_dags/example_python_decorator.py took 0.178 seconds
[2024-07-06T16:16:58.605+0700] {processor.py:161} INFO - Started process (PID=55427) to work on /home/acer/.local/share/virtualenvs/custom_airflow-E5ZHcY_K/lib/python3.12/site-packages/airflow/example_dags/example_python_decorator.py
[2024-07-06T16:16:58.607+0700] {processor.py:830} INFO - Processing file /home/acer/.local/share/virtualenvs/custom_airflow-E5ZHcY_K/lib/python3.12/site-packages/airflow/example_dags/example_python_decorator.py for tasks to queue
[2024-07-06T16:16:58.610+0700] {logging_mixin.py:188} INFO - [2024-07-06T16:16:58.610+0700] {dagbag.py:545} INFO - Filling up the DagBag from /home/acer/.local/share/virtualenvs/custom_airflow-E5ZHcY_K/lib/python3.12/site-packages/airflow/example_dags/example_python_decorator.py
[2024-07-06T16:16:58.633+0700] {processor.py:840} INFO - DAG(s) 'example_python_decorator' retrieved from /home/acer/.local/share/virtualenvs/custom_airflow-E5ZHcY_K/lib/python3.12/site-packages/airflow/example_dags/example_python_decorator.py
[2024-07-06T16:16:58.652+0700] {logging_mixin.py:188} INFO - [2024-07-06T16:16:58.652+0700] {dag.py:3096} INFO - Sync 1 DAGs
[2024-07-06T16:16:58.664+0700] {logging_mixin.py:188} INFO - [2024-07-06T16:16:58.664+0700] {dag.py:3954} INFO - Setting next_dagrun for example_python_decorator to None, run_after=None
[2024-07-06T16:16:58.685+0700] {processor.py:183} INFO - Processing /home/acer/.local/share/virtualenvs/custom_airflow-E5ZHcY_K/lib/python3.12/site-packages/airflow/example_dags/example_python_decorator.py took 0.093 seconds
[2024-07-06T16:17:53.039+0700] {processor.py:161} INFO - Started process (PID=55827) to work on /home/acer/.local/share/virtualenvs/custom_airflow-E5ZHcY_K/lib/python3.12/site-packages/airflow/example_dags/example_python_decorator.py
[2024-07-06T16:17:53.040+0700] {processor.py:830} INFO - Processing file /home/acer/.local/share/virtualenvs/custom_airflow-E5ZHcY_K/lib/python3.12/site-packages/airflow/example_dags/example_python_decorator.py for tasks to queue
[2024-07-06T16:17:53.042+0700] {logging_mixin.py:188} INFO - [2024-07-06T16:17:53.041+0700] {dagbag.py:545} INFO - Filling up the DagBag from /home/acer/.local/share/virtualenvs/custom_airflow-E5ZHcY_K/lib/python3.12/site-packages/airflow/example_dags/example_python_decorator.py
[2024-07-06T16:17:53.059+0700] {processor.py:840} INFO - DAG(s) 'example_python_decorator' retrieved from /home/acer/.local/share/virtualenvs/custom_airflow-E5ZHcY_K/lib/python3.12/site-packages/airflow/example_dags/example_python_decorator.py
[2024-07-06T16:17:53.078+0700] {logging_mixin.py:188} INFO - [2024-07-06T16:17:53.077+0700] {dag.py:3096} INFO - Sync 1 DAGs
[2024-07-06T16:17:53.090+0700] {logging_mixin.py:188} INFO - [2024-07-06T16:17:53.090+0700] {dag.py:3954} INFO - Setting next_dagrun for example_python_decorator to None, run_after=None
[2024-07-06T16:17:53.111+0700] {processor.py:183} INFO - Processing /home/acer/.local/share/virtualenvs/custom_airflow-E5ZHcY_K/lib/python3.12/site-packages/airflow/example_dags/example_python_decorator.py took 0.078 seconds
[2024-07-06T16:18:43.426+0700] {processor.py:161} INFO - Started process (PID=56080) to work on /home/acer/.local/share/virtualenvs/custom_airflow-E5ZHcY_K/lib/python3.12/site-packages/airflow/example_dags/example_python_decorator.py
[2024-07-06T16:18:43.427+0700] {processor.py:830} INFO - Processing file /home/acer/.local/share/virtualenvs/custom_airflow-E5ZHcY_K/lib/python3.12/site-packages/airflow/example_dags/example_python_decorator.py for tasks to queue
[2024-07-06T16:18:43.429+0700] {logging_mixin.py:188} INFO - [2024-07-06T16:18:43.429+0700] {dagbag.py:545} INFO - Filling up the DagBag from /home/acer/.local/share/virtualenvs/custom_airflow-E5ZHcY_K/lib/python3.12/site-packages/airflow/example_dags/example_python_decorator.py
[2024-07-06T16:18:43.458+0700] {processor.py:840} INFO - DAG(s) 'example_python_decorator' retrieved from /home/acer/.local/share/virtualenvs/custom_airflow-E5ZHcY_K/lib/python3.12/site-packages/airflow/example_dags/example_python_decorator.py
[2024-07-06T16:18:43.489+0700] {logging_mixin.py:188} INFO - [2024-07-06T16:18:43.489+0700] {dag.py:3096} INFO - Sync 1 DAGs
[2024-07-06T16:18:43.509+0700] {logging_mixin.py:188} INFO - [2024-07-06T16:18:43.509+0700] {dag.py:3954} INFO - Setting next_dagrun for example_python_decorator to None, run_after=None
[2024-07-06T16:18:43.549+0700] {processor.py:183} INFO - Processing /home/acer/.local/share/virtualenvs/custom_airflow-E5ZHcY_K/lib/python3.12/site-packages/airflow/example_dags/example_python_decorator.py took 0.135 seconds
[2024-07-06T16:19:38.994+0700] {processor.py:161} INFO - Started process (PID=56630) to work on /home/acer/.local/share/virtualenvs/custom_airflow-E5ZHcY_K/lib/python3.12/site-packages/airflow/example_dags/example_python_decorator.py
[2024-07-06T16:19:38.997+0700] {processor.py:830} INFO - Processing file /home/acer/.local/share/virtualenvs/custom_airflow-E5ZHcY_K/lib/python3.12/site-packages/airflow/example_dags/example_python_decorator.py for tasks to queue
[2024-07-06T16:19:39.004+0700] {logging_mixin.py:188} INFO - [2024-07-06T16:19:39.002+0700] {dagbag.py:545} INFO - Filling up the DagBag from /home/acer/.local/share/virtualenvs/custom_airflow-E5ZHcY_K/lib/python3.12/site-packages/airflow/example_dags/example_python_decorator.py
[2024-07-06T16:19:39.038+0700] {processor.py:840} INFO - DAG(s) 'example_python_decorator' retrieved from /home/acer/.local/share/virtualenvs/custom_airflow-E5ZHcY_K/lib/python3.12/site-packages/airflow/example_dags/example_python_decorator.py
[2024-07-06T16:19:39.060+0700] {logging_mixin.py:188} INFO - [2024-07-06T16:19:39.060+0700] {dag.py:3096} INFO - Sync 1 DAGs
[2024-07-06T16:19:39.072+0700] {logging_mixin.py:188} INFO - [2024-07-06T16:19:39.072+0700] {dag.py:3954} INFO - Setting next_dagrun for example_python_decorator to None, run_after=None
[2024-07-06T16:19:39.093+0700] {processor.py:183} INFO - Processing /home/acer/.local/share/virtualenvs/custom_airflow-E5ZHcY_K/lib/python3.12/site-packages/airflow/example_dags/example_python_decorator.py took 0.123 seconds
[2024-07-06T16:20:37.288+0700] {processor.py:161} INFO - Started process (PID=57162) to work on /home/acer/.local/share/virtualenvs/custom_airflow-E5ZHcY_K/lib/python3.12/site-packages/airflow/example_dags/example_python_decorator.py
[2024-07-06T16:20:37.291+0700] {processor.py:830} INFO - Processing file /home/acer/.local/share/virtualenvs/custom_airflow-E5ZHcY_K/lib/python3.12/site-packages/airflow/example_dags/example_python_decorator.py for tasks to queue
[2024-07-06T16:20:37.295+0700] {logging_mixin.py:188} INFO - [2024-07-06T16:20:37.294+0700] {dagbag.py:545} INFO - Filling up the DagBag from /home/acer/.local/share/virtualenvs/custom_airflow-E5ZHcY_K/lib/python3.12/site-packages/airflow/example_dags/example_python_decorator.py
[2024-07-06T16:20:37.322+0700] {processor.py:840} INFO - DAG(s) 'example_python_decorator' retrieved from /home/acer/.local/share/virtualenvs/custom_airflow-E5ZHcY_K/lib/python3.12/site-packages/airflow/example_dags/example_python_decorator.py
[2024-07-06T16:20:37.342+0700] {logging_mixin.py:188} INFO - [2024-07-06T16:20:37.341+0700] {dag.py:3096} INFO - Sync 1 DAGs
[2024-07-06T16:20:37.354+0700] {logging_mixin.py:188} INFO - [2024-07-06T16:20:37.353+0700] {dag.py:3954} INFO - Setting next_dagrun for example_python_decorator to None, run_after=None
[2024-07-06T16:20:37.375+0700] {processor.py:183} INFO - Processing /home/acer/.local/share/virtualenvs/custom_airflow-E5ZHcY_K/lib/python3.12/site-packages/airflow/example_dags/example_python_decorator.py took 0.112 seconds
[2024-07-06T16:21:28.333+0700] {processor.py:161} INFO - Started process (PID=57566) to work on /home/acer/.local/share/virtualenvs/custom_airflow-E5ZHcY_K/lib/python3.12/site-packages/airflow/example_dags/example_python_decorator.py
[2024-07-06T16:21:28.335+0700] {processor.py:830} INFO - Processing file /home/acer/.local/share/virtualenvs/custom_airflow-E5ZHcY_K/lib/python3.12/site-packages/airflow/example_dags/example_python_decorator.py for tasks to queue
[2024-07-06T16:21:28.337+0700] {logging_mixin.py:188} INFO - [2024-07-06T16:21:28.336+0700] {dagbag.py:545} INFO - Filling up the DagBag from /home/acer/.local/share/virtualenvs/custom_airflow-E5ZHcY_K/lib/python3.12/site-packages/airflow/example_dags/example_python_decorator.py
[2024-07-06T16:21:28.363+0700] {processor.py:840} INFO - DAG(s) 'example_python_decorator' retrieved from /home/acer/.local/share/virtualenvs/custom_airflow-E5ZHcY_K/lib/python3.12/site-packages/airflow/example_dags/example_python_decorator.py
[2024-07-06T16:21:28.396+0700] {logging_mixin.py:188} INFO - [2024-07-06T16:21:28.395+0700] {dag.py:3096} INFO - Sync 1 DAGs
[2024-07-06T16:21:28.416+0700] {logging_mixin.py:188} INFO - [2024-07-06T16:21:28.416+0700] {dag.py:3954} INFO - Setting next_dagrun for example_python_decorator to None, run_after=None
[2024-07-06T16:21:28.461+0700] {processor.py:183} INFO - Processing /home/acer/.local/share/virtualenvs/custom_airflow-E5ZHcY_K/lib/python3.12/site-packages/airflow/example_dags/example_python_decorator.py took 0.143 seconds
[2024-07-06T16:22:17.557+0700] {processor.py:161} INFO - Started process (PID=57897) to work on /home/acer/.local/share/virtualenvs/custom_airflow-E5ZHcY_K/lib/python3.12/site-packages/airflow/example_dags/example_python_decorator.py
[2024-07-06T16:22:17.574+0700] {processor.py:830} INFO - Processing file /home/acer/.local/share/virtualenvs/custom_airflow-E5ZHcY_K/lib/python3.12/site-packages/airflow/example_dags/example_python_decorator.py for tasks to queue
[2024-07-06T16:22:17.576+0700] {logging_mixin.py:188} INFO - [2024-07-06T16:22:17.576+0700] {dagbag.py:545} INFO - Filling up the DagBag from /home/acer/.local/share/virtualenvs/custom_airflow-E5ZHcY_K/lib/python3.12/site-packages/airflow/example_dags/example_python_decorator.py
[2024-07-06T16:22:17.593+0700] {processor.py:840} INFO - DAG(s) 'example_python_decorator' retrieved from /home/acer/.local/share/virtualenvs/custom_airflow-E5ZHcY_K/lib/python3.12/site-packages/airflow/example_dags/example_python_decorator.py
[2024-07-06T16:22:17.622+0700] {logging_mixin.py:188} INFO - [2024-07-06T16:22:17.622+0700] {dag.py:3096} INFO - Sync 1 DAGs
[2024-07-06T16:22:17.648+0700] {logging_mixin.py:188} INFO - [2024-07-06T16:22:17.647+0700] {dag.py:3954} INFO - Setting next_dagrun for example_python_decorator to None, run_after=None
[2024-07-06T16:22:17.715+0700] {processor.py:183} INFO - Processing /home/acer/.local/share/virtualenvs/custom_airflow-E5ZHcY_K/lib/python3.12/site-packages/airflow/example_dags/example_python_decorator.py took 0.163 seconds
[2024-07-06T16:23:09.586+0700] {processor.py:161} INFO - Started process (PID=58224) to work on /home/acer/.local/share/virtualenvs/custom_airflow-E5ZHcY_K/lib/python3.12/site-packages/airflow/example_dags/example_python_decorator.py
[2024-07-06T16:23:09.588+0700] {processor.py:830} INFO - Processing file /home/acer/.local/share/virtualenvs/custom_airflow-E5ZHcY_K/lib/python3.12/site-packages/airflow/example_dags/example_python_decorator.py for tasks to queue
[2024-07-06T16:23:09.590+0700] {logging_mixin.py:188} INFO - [2024-07-06T16:23:09.589+0700] {dagbag.py:545} INFO - Filling up the DagBag from /home/acer/.local/share/virtualenvs/custom_airflow-E5ZHcY_K/lib/python3.12/site-packages/airflow/example_dags/example_python_decorator.py
[2024-07-06T16:23:09.605+0700] {processor.py:840} INFO - DAG(s) 'example_python_decorator' retrieved from /home/acer/.local/share/virtualenvs/custom_airflow-E5ZHcY_K/lib/python3.12/site-packages/airflow/example_dags/example_python_decorator.py
[2024-07-06T16:23:09.626+0700] {logging_mixin.py:188} INFO - [2024-07-06T16:23:09.625+0700] {dag.py:3096} INFO - Sync 1 DAGs
[2024-07-06T16:23:09.640+0700] {logging_mixin.py:188} INFO - [2024-07-06T16:23:09.640+0700] {dag.py:3954} INFO - Setting next_dagrun for example_python_decorator to None, run_after=None
[2024-07-06T16:23:09.667+0700] {processor.py:183} INFO - Processing /home/acer/.local/share/virtualenvs/custom_airflow-E5ZHcY_K/lib/python3.12/site-packages/airflow/example_dags/example_python_decorator.py took 0.090 seconds
[2024-07-06T16:24:26.239+0700] {processor.py:161} INFO - Started process (PID=59274) to work on /home/acer/.local/share/virtualenvs/custom_airflow-E5ZHcY_K/lib/python3.12/site-packages/airflow/example_dags/example_python_decorator.py
[2024-07-06T16:24:26.240+0700] {processor.py:830} INFO - Processing file /home/acer/.local/share/virtualenvs/custom_airflow-E5ZHcY_K/lib/python3.12/site-packages/airflow/example_dags/example_python_decorator.py for tasks to queue
[2024-07-06T16:24:26.244+0700] {logging_mixin.py:188} INFO - [2024-07-06T16:24:26.243+0700] {dagbag.py:545} INFO - Filling up the DagBag from /home/acer/.local/share/virtualenvs/custom_airflow-E5ZHcY_K/lib/python3.12/site-packages/airflow/example_dags/example_python_decorator.py
[2024-07-06T16:24:26.263+0700] {processor.py:840} INFO - DAG(s) 'example_python_decorator' retrieved from /home/acer/.local/share/virtualenvs/custom_airflow-E5ZHcY_K/lib/python3.12/site-packages/airflow/example_dags/example_python_decorator.py
[2024-07-06T16:24:26.282+0700] {logging_mixin.py:188} INFO - [2024-07-06T16:24:26.281+0700] {dag.py:3096} INFO - Sync 1 DAGs
[2024-07-06T16:24:26.297+0700] {logging_mixin.py:188} INFO - [2024-07-06T16:24:26.297+0700] {dag.py:3954} INFO - Setting next_dagrun for example_python_decorator to None, run_after=None
[2024-07-06T16:24:26.318+0700] {processor.py:183} INFO - Processing /home/acer/.local/share/virtualenvs/custom_airflow-E5ZHcY_K/lib/python3.12/site-packages/airflow/example_dags/example_python_decorator.py took 0.088 seconds
[2024-07-06T16:25:21.858+0700] {processor.py:161} INFO - Started process (PID=59627) to work on /home/acer/.local/share/virtualenvs/custom_airflow-E5ZHcY_K/lib/python3.12/site-packages/airflow/example_dags/example_python_decorator.py
[2024-07-06T16:25:21.860+0700] {processor.py:830} INFO - Processing file /home/acer/.local/share/virtualenvs/custom_airflow-E5ZHcY_K/lib/python3.12/site-packages/airflow/example_dags/example_python_decorator.py for tasks to queue
[2024-07-06T16:25:21.862+0700] {logging_mixin.py:188} INFO - [2024-07-06T16:25:21.862+0700] {dagbag.py:545} INFO - Filling up the DagBag from /home/acer/.local/share/virtualenvs/custom_airflow-E5ZHcY_K/lib/python3.12/site-packages/airflow/example_dags/example_python_decorator.py
[2024-07-06T16:25:21.877+0700] {processor.py:840} INFO - DAG(s) 'example_python_decorator' retrieved from /home/acer/.local/share/virtualenvs/custom_airflow-E5ZHcY_K/lib/python3.12/site-packages/airflow/example_dags/example_python_decorator.py
[2024-07-06T16:25:21.896+0700] {logging_mixin.py:188} INFO - [2024-07-06T16:25:21.895+0700] {dag.py:3096} INFO - Sync 1 DAGs
[2024-07-06T16:25:21.908+0700] {logging_mixin.py:188} INFO - [2024-07-06T16:25:21.907+0700] {dag.py:3954} INFO - Setting next_dagrun for example_python_decorator to None, run_after=None
[2024-07-06T16:25:21.940+0700] {processor.py:183} INFO - Processing /home/acer/.local/share/virtualenvs/custom_airflow-E5ZHcY_K/lib/python3.12/site-packages/airflow/example_dags/example_python_decorator.py took 0.093 seconds
[2024-07-06T16:26:18.573+0700] {processor.py:161} INFO - Started process (PID=60062) to work on /home/acer/.local/share/virtualenvs/custom_airflow-E5ZHcY_K/lib/python3.12/site-packages/airflow/example_dags/example_python_decorator.py
[2024-07-06T16:26:18.574+0700] {processor.py:830} INFO - Processing file /home/acer/.local/share/virtualenvs/custom_airflow-E5ZHcY_K/lib/python3.12/site-packages/airflow/example_dags/example_python_decorator.py for tasks to queue
[2024-07-06T16:26:18.576+0700] {logging_mixin.py:188} INFO - [2024-07-06T16:26:18.576+0700] {dagbag.py:545} INFO - Filling up the DagBag from /home/acer/.local/share/virtualenvs/custom_airflow-E5ZHcY_K/lib/python3.12/site-packages/airflow/example_dags/example_python_decorator.py
[2024-07-06T16:26:18.589+0700] {processor.py:840} INFO - DAG(s) 'example_python_decorator' retrieved from /home/acer/.local/share/virtualenvs/custom_airflow-E5ZHcY_K/lib/python3.12/site-packages/airflow/example_dags/example_python_decorator.py
[2024-07-06T16:26:18.607+0700] {logging_mixin.py:188} INFO - [2024-07-06T16:26:18.607+0700] {dag.py:3096} INFO - Sync 1 DAGs
[2024-07-06T16:26:18.619+0700] {logging_mixin.py:188} INFO - [2024-07-06T16:26:18.619+0700] {dag.py:3954} INFO - Setting next_dagrun for example_python_decorator to None, run_after=None
[2024-07-06T16:26:18.640+0700] {processor.py:183} INFO - Processing /home/acer/.local/share/virtualenvs/custom_airflow-E5ZHcY_K/lib/python3.12/site-packages/airflow/example_dags/example_python_decorator.py took 0.072 seconds
[2024-07-06T16:27:07.215+0700] {processor.py:161} INFO - Started process (PID=60312) to work on /home/acer/.local/share/virtualenvs/custom_airflow-E5ZHcY_K/lib/python3.12/site-packages/airflow/example_dags/example_python_decorator.py
[2024-07-06T16:27:07.216+0700] {processor.py:830} INFO - Processing file /home/acer/.local/share/virtualenvs/custom_airflow-E5ZHcY_K/lib/python3.12/site-packages/airflow/example_dags/example_python_decorator.py for tasks to queue
[2024-07-06T16:27:07.218+0700] {logging_mixin.py:188} INFO - [2024-07-06T16:27:07.218+0700] {dagbag.py:545} INFO - Filling up the DagBag from /home/acer/.local/share/virtualenvs/custom_airflow-E5ZHcY_K/lib/python3.12/site-packages/airflow/example_dags/example_python_decorator.py
[2024-07-06T16:27:07.231+0700] {processor.py:840} INFO - DAG(s) 'example_python_decorator' retrieved from /home/acer/.local/share/virtualenvs/custom_airflow-E5ZHcY_K/lib/python3.12/site-packages/airflow/example_dags/example_python_decorator.py
[2024-07-06T16:27:07.249+0700] {logging_mixin.py:188} INFO - [2024-07-06T16:27:07.249+0700] {dag.py:3096} INFO - Sync 1 DAGs
[2024-07-06T16:27:07.261+0700] {logging_mixin.py:188} INFO - [2024-07-06T16:27:07.261+0700] {dag.py:3954} INFO - Setting next_dagrun for example_python_decorator to None, run_after=None
[2024-07-06T16:27:07.283+0700] {processor.py:183} INFO - Processing /home/acer/.local/share/virtualenvs/custom_airflow-E5ZHcY_K/lib/python3.12/site-packages/airflow/example_dags/example_python_decorator.py took 0.073 seconds
[2024-07-06T16:27:57.247+0700] {processor.py:161} INFO - Started process (PID=60589) to work on /home/acer/.local/share/virtualenvs/custom_airflow-E5ZHcY_K/lib/python3.12/site-packages/airflow/example_dags/example_python_decorator.py
[2024-07-06T16:27:57.248+0700] {processor.py:830} INFO - Processing file /home/acer/.local/share/virtualenvs/custom_airflow-E5ZHcY_K/lib/python3.12/site-packages/airflow/example_dags/example_python_decorator.py for tasks to queue
[2024-07-06T16:27:57.251+0700] {logging_mixin.py:188} INFO - [2024-07-06T16:27:57.250+0700] {dagbag.py:545} INFO - Filling up the DagBag from /home/acer/.local/share/virtualenvs/custom_airflow-E5ZHcY_K/lib/python3.12/site-packages/airflow/example_dags/example_python_decorator.py
[2024-07-06T16:27:57.268+0700] {processor.py:840} INFO - DAG(s) 'example_python_decorator' retrieved from /home/acer/.local/share/virtualenvs/custom_airflow-E5ZHcY_K/lib/python3.12/site-packages/airflow/example_dags/example_python_decorator.py
[2024-07-06T16:27:57.286+0700] {logging_mixin.py:188} INFO - [2024-07-06T16:27:57.286+0700] {dag.py:3096} INFO - Sync 1 DAGs
[2024-07-06T16:27:57.298+0700] {logging_mixin.py:188} INFO - [2024-07-06T16:27:57.298+0700] {dag.py:3954} INFO - Setting next_dagrun for example_python_decorator to None, run_after=None
[2024-07-06T16:27:57.318+0700] {processor.py:183} INFO - Processing /home/acer/.local/share/virtualenvs/custom_airflow-E5ZHcY_K/lib/python3.12/site-packages/airflow/example_dags/example_python_decorator.py took 0.078 seconds
[2024-07-06T16:28:42.917+0700] {processor.py:161} INFO - Started process (PID=60803) to work on /home/acer/.local/share/virtualenvs/custom_airflow-E5ZHcY_K/lib/python3.12/site-packages/airflow/example_dags/example_python_decorator.py
[2024-07-06T16:28:42.919+0700] {processor.py:830} INFO - Processing file /home/acer/.local/share/virtualenvs/custom_airflow-E5ZHcY_K/lib/python3.12/site-packages/airflow/example_dags/example_python_decorator.py for tasks to queue
[2024-07-06T16:28:42.923+0700] {logging_mixin.py:188} INFO - [2024-07-06T16:28:42.922+0700] {dagbag.py:545} INFO - Filling up the DagBag from /home/acer/.local/share/virtualenvs/custom_airflow-E5ZHcY_K/lib/python3.12/site-packages/airflow/example_dags/example_python_decorator.py
[2024-07-06T16:28:42.945+0700] {processor.py:840} INFO - DAG(s) 'example_python_decorator' retrieved from /home/acer/.local/share/virtualenvs/custom_airflow-E5ZHcY_K/lib/python3.12/site-packages/airflow/example_dags/example_python_decorator.py
[2024-07-06T16:28:42.963+0700] {logging_mixin.py:188} INFO - [2024-07-06T16:28:42.963+0700] {dag.py:3096} INFO - Sync 1 DAGs
[2024-07-06T16:28:42.975+0700] {logging_mixin.py:188} INFO - [2024-07-06T16:28:42.975+0700] {dag.py:3954} INFO - Setting next_dagrun for example_python_decorator to None, run_after=None
[2024-07-06T16:28:42.996+0700] {processor.py:183} INFO - Processing /home/acer/.local/share/virtualenvs/custom_airflow-E5ZHcY_K/lib/python3.12/site-packages/airflow/example_dags/example_python_decorator.py took 0.091 seconds
[2024-07-06T16:29:30.734+0700] {processor.py:161} INFO - Started process (PID=61045) to work on /home/acer/.local/share/virtualenvs/custom_airflow-E5ZHcY_K/lib/python3.12/site-packages/airflow/example_dags/example_python_decorator.py
[2024-07-06T16:29:30.735+0700] {processor.py:830} INFO - Processing file /home/acer/.local/share/virtualenvs/custom_airflow-E5ZHcY_K/lib/python3.12/site-packages/airflow/example_dags/example_python_decorator.py for tasks to queue
[2024-07-06T16:29:30.739+0700] {logging_mixin.py:188} INFO - [2024-07-06T16:29:30.738+0700] {dagbag.py:545} INFO - Filling up the DagBag from /home/acer/.local/share/virtualenvs/custom_airflow-E5ZHcY_K/lib/python3.12/site-packages/airflow/example_dags/example_python_decorator.py
[2024-07-06T16:29:30.758+0700] {processor.py:840} INFO - DAG(s) 'example_python_decorator' retrieved from /home/acer/.local/share/virtualenvs/custom_airflow-E5ZHcY_K/lib/python3.12/site-packages/airflow/example_dags/example_python_decorator.py
[2024-07-06T16:29:30.776+0700] {logging_mixin.py:188} INFO - [2024-07-06T16:29:30.776+0700] {dag.py:3096} INFO - Sync 1 DAGs
[2024-07-06T16:29:30.788+0700] {logging_mixin.py:188} INFO - [2024-07-06T16:29:30.788+0700] {dag.py:3954} INFO - Setting next_dagrun for example_python_decorator to None, run_after=None
[2024-07-06T16:29:30.809+0700] {processor.py:183} INFO - Processing /home/acer/.local/share/virtualenvs/custom_airflow-E5ZHcY_K/lib/python3.12/site-packages/airflow/example_dags/example_python_decorator.py took 0.088 seconds
[2024-07-06T16:30:17.556+0700] {processor.py:161} INFO - Started process (PID=61268) to work on /home/acer/.local/share/virtualenvs/custom_airflow-E5ZHcY_K/lib/python3.12/site-packages/airflow/example_dags/example_python_decorator.py
[2024-07-06T16:30:17.557+0700] {processor.py:830} INFO - Processing file /home/acer/.local/share/virtualenvs/custom_airflow-E5ZHcY_K/lib/python3.12/site-packages/airflow/example_dags/example_python_decorator.py for tasks to queue
[2024-07-06T16:30:17.560+0700] {logging_mixin.py:188} INFO - [2024-07-06T16:30:17.559+0700] {dagbag.py:545} INFO - Filling up the DagBag from /home/acer/.local/share/virtualenvs/custom_airflow-E5ZHcY_K/lib/python3.12/site-packages/airflow/example_dags/example_python_decorator.py
[2024-07-06T16:30:17.583+0700] {processor.py:840} INFO - DAG(s) 'example_python_decorator' retrieved from /home/acer/.local/share/virtualenvs/custom_airflow-E5ZHcY_K/lib/python3.12/site-packages/airflow/example_dags/example_python_decorator.py
[2024-07-06T16:30:17.609+0700] {logging_mixin.py:188} INFO - [2024-07-06T16:30:17.609+0700] {dag.py:3096} INFO - Sync 1 DAGs
[2024-07-06T16:30:17.621+0700] {logging_mixin.py:188} INFO - [2024-07-06T16:30:17.621+0700] {dag.py:3954} INFO - Setting next_dagrun for example_python_decorator to None, run_after=None
[2024-07-06T16:30:17.650+0700] {processor.py:183} INFO - Processing /home/acer/.local/share/virtualenvs/custom_airflow-E5ZHcY_K/lib/python3.12/site-packages/airflow/example_dags/example_python_decorator.py took 0.099 seconds
[2024-07-06T16:31:02.193+0700] {processor.py:161} INFO - Started process (PID=61535) to work on /home/acer/.local/share/virtualenvs/custom_airflow-E5ZHcY_K/lib/python3.12/site-packages/airflow/example_dags/example_python_decorator.py
[2024-07-06T16:31:02.194+0700] {processor.py:830} INFO - Processing file /home/acer/.local/share/virtualenvs/custom_airflow-E5ZHcY_K/lib/python3.12/site-packages/airflow/example_dags/example_python_decorator.py for tasks to queue
[2024-07-06T16:31:02.196+0700] {logging_mixin.py:188} INFO - [2024-07-06T16:31:02.196+0700] {dagbag.py:545} INFO - Filling up the DagBag from /home/acer/.local/share/virtualenvs/custom_airflow-E5ZHcY_K/lib/python3.12/site-packages/airflow/example_dags/example_python_decorator.py
[2024-07-06T16:31:02.210+0700] {processor.py:840} INFO - DAG(s) 'example_python_decorator' retrieved from /home/acer/.local/share/virtualenvs/custom_airflow-E5ZHcY_K/lib/python3.12/site-packages/airflow/example_dags/example_python_decorator.py
[2024-07-06T16:31:02.228+0700] {logging_mixin.py:188} INFO - [2024-07-06T16:31:02.227+0700] {dag.py:3096} INFO - Sync 1 DAGs
[2024-07-06T16:31:02.239+0700] {logging_mixin.py:188} INFO - [2024-07-06T16:31:02.239+0700] {dag.py:3954} INFO - Setting next_dagrun for example_python_decorator to None, run_after=None
[2024-07-06T16:31:02.260+0700] {processor.py:183} INFO - Processing /home/acer/.local/share/virtualenvs/custom_airflow-E5ZHcY_K/lib/python3.12/site-packages/airflow/example_dags/example_python_decorator.py took 0.072 seconds
[2024-07-06T16:31:46.810+0700] {processor.py:161} INFO - Started process (PID=61749) to work on /home/acer/.local/share/virtualenvs/custom_airflow-E5ZHcY_K/lib/python3.12/site-packages/airflow/example_dags/example_python_decorator.py
[2024-07-06T16:31:46.811+0700] {processor.py:830} INFO - Processing file /home/acer/.local/share/virtualenvs/custom_airflow-E5ZHcY_K/lib/python3.12/site-packages/airflow/example_dags/example_python_decorator.py for tasks to queue
[2024-07-06T16:31:46.813+0700] {logging_mixin.py:188} INFO - [2024-07-06T16:31:46.813+0700] {dagbag.py:545} INFO - Filling up the DagBag from /home/acer/.local/share/virtualenvs/custom_airflow-E5ZHcY_K/lib/python3.12/site-packages/airflow/example_dags/example_python_decorator.py
[2024-07-06T16:31:46.831+0700] {processor.py:840} INFO - DAG(s) 'example_python_decorator' retrieved from /home/acer/.local/share/virtualenvs/custom_airflow-E5ZHcY_K/lib/python3.12/site-packages/airflow/example_dags/example_python_decorator.py
[2024-07-06T16:31:46.854+0700] {logging_mixin.py:188} INFO - [2024-07-06T16:31:46.854+0700] {dag.py:3096} INFO - Sync 1 DAGs
[2024-07-06T16:31:46.867+0700] {logging_mixin.py:188} INFO - [2024-07-06T16:31:46.867+0700] {dag.py:3954} INFO - Setting next_dagrun for example_python_decorator to None, run_after=None
[2024-07-06T16:31:46.888+0700] {processor.py:183} INFO - Processing /home/acer/.local/share/virtualenvs/custom_airflow-E5ZHcY_K/lib/python3.12/site-packages/airflow/example_dags/example_python_decorator.py took 0.083 seconds
[2024-07-06T16:32:34.034+0700] {processor.py:161} INFO - Started process (PID=61994) to work on /home/acer/.local/share/virtualenvs/custom_airflow-E5ZHcY_K/lib/python3.12/site-packages/airflow/example_dags/example_python_decorator.py
[2024-07-06T16:32:34.036+0700] {processor.py:830} INFO - Processing file /home/acer/.local/share/virtualenvs/custom_airflow-E5ZHcY_K/lib/python3.12/site-packages/airflow/example_dags/example_python_decorator.py for tasks to queue
[2024-07-06T16:32:34.040+0700] {logging_mixin.py:188} INFO - [2024-07-06T16:32:34.039+0700] {dagbag.py:545} INFO - Filling up the DagBag from /home/acer/.local/share/virtualenvs/custom_airflow-E5ZHcY_K/lib/python3.12/site-packages/airflow/example_dags/example_python_decorator.py
[2024-07-06T16:32:34.060+0700] {processor.py:840} INFO - DAG(s) 'example_python_decorator' retrieved from /home/acer/.local/share/virtualenvs/custom_airflow-E5ZHcY_K/lib/python3.12/site-packages/airflow/example_dags/example_python_decorator.py
[2024-07-06T16:32:34.078+0700] {logging_mixin.py:188} INFO - [2024-07-06T16:32:34.078+0700] {dag.py:3096} INFO - Sync 1 DAGs
[2024-07-06T16:32:34.090+0700] {logging_mixin.py:188} INFO - [2024-07-06T16:32:34.090+0700] {dag.py:3954} INFO - Setting next_dagrun for example_python_decorator to None, run_after=None
[2024-07-06T16:32:34.111+0700] {processor.py:183} INFO - Processing /home/acer/.local/share/virtualenvs/custom_airflow-E5ZHcY_K/lib/python3.12/site-packages/airflow/example_dags/example_python_decorator.py took 0.092 seconds
[2024-07-06T16:33:24.091+0700] {processor.py:161} INFO - Started process (PID=62261) to work on /home/acer/.local/share/virtualenvs/custom_airflow-E5ZHcY_K/lib/python3.12/site-packages/airflow/example_dags/example_python_decorator.py
[2024-07-06T16:33:24.092+0700] {processor.py:830} INFO - Processing file /home/acer/.local/share/virtualenvs/custom_airflow-E5ZHcY_K/lib/python3.12/site-packages/airflow/example_dags/example_python_decorator.py for tasks to queue
[2024-07-06T16:33:24.094+0700] {logging_mixin.py:188} INFO - [2024-07-06T16:33:24.094+0700] {dagbag.py:545} INFO - Filling up the DagBag from /home/acer/.local/share/virtualenvs/custom_airflow-E5ZHcY_K/lib/python3.12/site-packages/airflow/example_dags/example_python_decorator.py
[2024-07-06T16:33:24.109+0700] {processor.py:840} INFO - DAG(s) 'example_python_decorator' retrieved from /home/acer/.local/share/virtualenvs/custom_airflow-E5ZHcY_K/lib/python3.12/site-packages/airflow/example_dags/example_python_decorator.py
[2024-07-06T16:33:24.127+0700] {logging_mixin.py:188} INFO - [2024-07-06T16:33:24.127+0700] {dag.py:3096} INFO - Sync 1 DAGs
[2024-07-06T16:33:24.139+0700] {logging_mixin.py:188} INFO - [2024-07-06T16:33:24.139+0700] {dag.py:3954} INFO - Setting next_dagrun for example_python_decorator to None, run_after=None
[2024-07-06T16:33:24.160+0700] {processor.py:183} INFO - Processing /home/acer/.local/share/virtualenvs/custom_airflow-E5ZHcY_K/lib/python3.12/site-packages/airflow/example_dags/example_python_decorator.py took 0.074 seconds
[2024-07-06T16:34:10.671+0700] {processor.py:161} INFO - Started process (PID=62483) to work on /home/acer/.local/share/virtualenvs/custom_airflow-E5ZHcY_K/lib/python3.12/site-packages/airflow/example_dags/example_python_decorator.py
[2024-07-06T16:34:10.673+0700] {processor.py:830} INFO - Processing file /home/acer/.local/share/virtualenvs/custom_airflow-E5ZHcY_K/lib/python3.12/site-packages/airflow/example_dags/example_python_decorator.py for tasks to queue
[2024-07-06T16:34:10.678+0700] {logging_mixin.py:188} INFO - [2024-07-06T16:34:10.677+0700] {dagbag.py:545} INFO - Filling up the DagBag from /home/acer/.local/share/virtualenvs/custom_airflow-E5ZHcY_K/lib/python3.12/site-packages/airflow/example_dags/example_python_decorator.py
[2024-07-06T16:34:10.699+0700] {processor.py:840} INFO - DAG(s) 'example_python_decorator' retrieved from /home/acer/.local/share/virtualenvs/custom_airflow-E5ZHcY_K/lib/python3.12/site-packages/airflow/example_dags/example_python_decorator.py
[2024-07-06T16:34:10.718+0700] {logging_mixin.py:188} INFO - [2024-07-06T16:34:10.717+0700] {dag.py:3096} INFO - Sync 1 DAGs
[2024-07-06T16:34:10.730+0700] {logging_mixin.py:188} INFO - [2024-07-06T16:34:10.729+0700] {dag.py:3954} INFO - Setting next_dagrun for example_python_decorator to None, run_after=None
[2024-07-06T16:34:10.751+0700] {processor.py:183} INFO - Processing /home/acer/.local/share/virtualenvs/custom_airflow-E5ZHcY_K/lib/python3.12/site-packages/airflow/example_dags/example_python_decorator.py took 0.093 seconds
[2024-07-06T16:34:57.454+0700] {processor.py:161} INFO - Started process (PID=62720) to work on /home/acer/.local/share/virtualenvs/custom_airflow-E5ZHcY_K/lib/python3.12/site-packages/airflow/example_dags/example_python_decorator.py
[2024-07-06T16:34:57.455+0700] {processor.py:830} INFO - Processing file /home/acer/.local/share/virtualenvs/custom_airflow-E5ZHcY_K/lib/python3.12/site-packages/airflow/example_dags/example_python_decorator.py for tasks to queue
[2024-07-06T16:34:57.457+0700] {logging_mixin.py:188} INFO - [2024-07-06T16:34:57.457+0700] {dagbag.py:545} INFO - Filling up the DagBag from /home/acer/.local/share/virtualenvs/custom_airflow-E5ZHcY_K/lib/python3.12/site-packages/airflow/example_dags/example_python_decorator.py
[2024-07-06T16:34:57.470+0700] {processor.py:840} INFO - DAG(s) 'example_python_decorator' retrieved from /home/acer/.local/share/virtualenvs/custom_airflow-E5ZHcY_K/lib/python3.12/site-packages/airflow/example_dags/example_python_decorator.py
[2024-07-06T16:34:57.488+0700] {logging_mixin.py:188} INFO - [2024-07-06T16:34:57.488+0700] {dag.py:3096} INFO - Sync 1 DAGs
[2024-07-06T16:34:57.500+0700] {logging_mixin.py:188} INFO - [2024-07-06T16:34:57.500+0700] {dag.py:3954} INFO - Setting next_dagrun for example_python_decorator to None, run_after=None
[2024-07-06T16:34:57.521+0700] {processor.py:183} INFO - Processing /home/acer/.local/share/virtualenvs/custom_airflow-E5ZHcY_K/lib/python3.12/site-packages/airflow/example_dags/example_python_decorator.py took 0.072 seconds
[2024-07-06T16:35:46.368+0700] {processor.py:161} INFO - Started process (PID=62990) to work on /home/acer/.local/share/virtualenvs/custom_airflow-E5ZHcY_K/lib/python3.12/site-packages/airflow/example_dags/example_python_decorator.py
[2024-07-06T16:35:46.370+0700] {processor.py:830} INFO - Processing file /home/acer/.local/share/virtualenvs/custom_airflow-E5ZHcY_K/lib/python3.12/site-packages/airflow/example_dags/example_python_decorator.py for tasks to queue
[2024-07-06T16:35:46.374+0700] {logging_mixin.py:188} INFO - [2024-07-06T16:35:46.373+0700] {dagbag.py:545} INFO - Filling up the DagBag from /home/acer/.local/share/virtualenvs/custom_airflow-E5ZHcY_K/lib/python3.12/site-packages/airflow/example_dags/example_python_decorator.py
[2024-07-06T16:35:46.392+0700] {processor.py:840} INFO - DAG(s) 'example_python_decorator' retrieved from /home/acer/.local/share/virtualenvs/custom_airflow-E5ZHcY_K/lib/python3.12/site-packages/airflow/example_dags/example_python_decorator.py
[2024-07-06T16:35:46.411+0700] {logging_mixin.py:188} INFO - [2024-07-06T16:35:46.410+0700] {dag.py:3096} INFO - Sync 1 DAGs
[2024-07-06T16:35:46.422+0700] {logging_mixin.py:188} INFO - [2024-07-06T16:35:46.422+0700] {dag.py:3954} INFO - Setting next_dagrun for example_python_decorator to None, run_after=None
[2024-07-06T16:35:46.444+0700] {processor.py:183} INFO - Processing /home/acer/.local/share/virtualenvs/custom_airflow-E5ZHcY_K/lib/python3.12/site-packages/airflow/example_dags/example_python_decorator.py took 0.095 seconds
[2024-07-06T21:54:41.658+0700] {processor.py:161} INFO - Started process (PID=11998) to work on /home/acer/.local/share/virtualenvs/custom_airflow-E5ZHcY_K/lib/python3.12/site-packages/airflow/example_dags/example_python_decorator.py
[2024-07-06T21:54:41.659+0700] {processor.py:830} INFO - Processing file /home/acer/.local/share/virtualenvs/custom_airflow-E5ZHcY_K/lib/python3.12/site-packages/airflow/example_dags/example_python_decorator.py for tasks to queue
[2024-07-06T21:54:41.661+0700] {logging_mixin.py:188} INFO - [2024-07-06T21:54:41.660+0700] {dagbag.py:545} INFO - Filling up the DagBag from /home/acer/.local/share/virtualenvs/custom_airflow-E5ZHcY_K/lib/python3.12/site-packages/airflow/example_dags/example_python_decorator.py
[2024-07-06T21:54:41.674+0700] {processor.py:840} INFO - DAG(s) 'example_python_decorator' retrieved from /home/acer/.local/share/virtualenvs/custom_airflow-E5ZHcY_K/lib/python3.12/site-packages/airflow/example_dags/example_python_decorator.py
[2024-07-06T21:54:41.783+0700] {logging_mixin.py:188} INFO - [2024-07-06T21:54:41.783+0700] {dag.py:3096} INFO - Sync 1 DAGs
[2024-07-06T21:54:41.793+0700] {logging_mixin.py:188} INFO - [2024-07-06T21:54:41.793+0700] {dag.py:3954} INFO - Setting next_dagrun for example_python_decorator to None, run_after=None
[2024-07-06T21:54:41.813+0700] {processor.py:183} INFO - Processing /home/acer/.local/share/virtualenvs/custom_airflow-E5ZHcY_K/lib/python3.12/site-packages/airflow/example_dags/example_python_decorator.py took 0.160 seconds
[2024-07-06T21:55:38.455+0700] {processor.py:161} INFO - Started process (PID=12724) to work on /home/acer/.local/share/virtualenvs/custom_airflow-E5ZHcY_K/lib/python3.12/site-packages/airflow/example_dags/example_python_decorator.py
[2024-07-06T21:55:38.458+0700] {processor.py:830} INFO - Processing file /home/acer/.local/share/virtualenvs/custom_airflow-E5ZHcY_K/lib/python3.12/site-packages/airflow/example_dags/example_python_decorator.py for tasks to queue
[2024-07-06T21:55:38.463+0700] {logging_mixin.py:188} INFO - [2024-07-06T21:55:38.462+0700] {dagbag.py:545} INFO - Filling up the DagBag from /home/acer/.local/share/virtualenvs/custom_airflow-E5ZHcY_K/lib/python3.12/site-packages/airflow/example_dags/example_python_decorator.py
[2024-07-06T21:55:38.481+0700] {processor.py:840} INFO - DAG(s) 'example_python_decorator' retrieved from /home/acer/.local/share/virtualenvs/custom_airflow-E5ZHcY_K/lib/python3.12/site-packages/airflow/example_dags/example_python_decorator.py
[2024-07-06T21:55:38.500+0700] {logging_mixin.py:188} INFO - [2024-07-06T21:55:38.499+0700] {dag.py:3096} INFO - Sync 1 DAGs
[2024-07-06T21:55:38.512+0700] {logging_mixin.py:188} INFO - [2024-07-06T21:55:38.512+0700] {dag.py:3954} INFO - Setting next_dagrun for example_python_decorator to None, run_after=None
[2024-07-06T21:55:38.536+0700] {processor.py:183} INFO - Processing /home/acer/.local/share/virtualenvs/custom_airflow-E5ZHcY_K/lib/python3.12/site-packages/airflow/example_dags/example_python_decorator.py took 0.101 seconds
[2024-07-06T21:56:32.746+0700] {processor.py:161} INFO - Started process (PID=13231) to work on /home/acer/.local/share/virtualenvs/custom_airflow-E5ZHcY_K/lib/python3.12/site-packages/airflow/example_dags/example_python_decorator.py
[2024-07-06T21:56:32.749+0700] {processor.py:830} INFO - Processing file /home/acer/.local/share/virtualenvs/custom_airflow-E5ZHcY_K/lib/python3.12/site-packages/airflow/example_dags/example_python_decorator.py for tasks to queue
[2024-07-06T21:56:32.753+0700] {logging_mixin.py:188} INFO - [2024-07-06T21:56:32.752+0700] {dagbag.py:545} INFO - Filling up the DagBag from /home/acer/.local/share/virtualenvs/custom_airflow-E5ZHcY_K/lib/python3.12/site-packages/airflow/example_dags/example_python_decorator.py
[2024-07-06T21:56:32.772+0700] {processor.py:840} INFO - DAG(s) 'example_python_decorator' retrieved from /home/acer/.local/share/virtualenvs/custom_airflow-E5ZHcY_K/lib/python3.12/site-packages/airflow/example_dags/example_python_decorator.py
[2024-07-06T21:56:32.790+0700] {logging_mixin.py:188} INFO - [2024-07-06T21:56:32.790+0700] {dag.py:3096} INFO - Sync 1 DAGs
[2024-07-06T21:56:32.802+0700] {logging_mixin.py:188} INFO - [2024-07-06T21:56:32.802+0700] {dag.py:3954} INFO - Setting next_dagrun for example_python_decorator to None, run_after=None
[2024-07-06T21:56:32.823+0700] {processor.py:183} INFO - Processing /home/acer/.local/share/virtualenvs/custom_airflow-E5ZHcY_K/lib/python3.12/site-packages/airflow/example_dags/example_python_decorator.py took 0.091 seconds
[2024-07-06T21:57:24.215+0700] {processor.py:161} INFO - Started process (PID=13830) to work on /home/acer/.local/share/virtualenvs/custom_airflow-E5ZHcY_K/lib/python3.12/site-packages/airflow/example_dags/example_python_decorator.py
[2024-07-06T21:57:24.216+0700] {processor.py:830} INFO - Processing file /home/acer/.local/share/virtualenvs/custom_airflow-E5ZHcY_K/lib/python3.12/site-packages/airflow/example_dags/example_python_decorator.py for tasks to queue
[2024-07-06T21:57:24.219+0700] {logging_mixin.py:188} INFO - [2024-07-06T21:57:24.219+0700] {dagbag.py:545} INFO - Filling up the DagBag from /home/acer/.local/share/virtualenvs/custom_airflow-E5ZHcY_K/lib/python3.12/site-packages/airflow/example_dags/example_python_decorator.py
[2024-07-06T21:57:24.238+0700] {processor.py:840} INFO - DAG(s) 'example_python_decorator' retrieved from /home/acer/.local/share/virtualenvs/custom_airflow-E5ZHcY_K/lib/python3.12/site-packages/airflow/example_dags/example_python_decorator.py
[2024-07-06T21:57:24.257+0700] {logging_mixin.py:188} INFO - [2024-07-06T21:57:24.257+0700] {dag.py:3096} INFO - Sync 1 DAGs
[2024-07-06T21:57:24.271+0700] {logging_mixin.py:188} INFO - [2024-07-06T21:57:24.270+0700] {dag.py:3954} INFO - Setting next_dagrun for example_python_decorator to None, run_after=None
[2024-07-06T21:57:24.302+0700] {processor.py:183} INFO - Processing /home/acer/.local/share/virtualenvs/custom_airflow-E5ZHcY_K/lib/python3.12/site-packages/airflow/example_dags/example_python_decorator.py took 0.097 seconds
[2024-07-06T21:58:16.876+0700] {processor.py:161} INFO - Started process (PID=14157) to work on /home/acer/.local/share/virtualenvs/custom_airflow-E5ZHcY_K/lib/python3.12/site-packages/airflow/example_dags/example_python_decorator.py
[2024-07-06T21:58:16.878+0700] {processor.py:830} INFO - Processing file /home/acer/.local/share/virtualenvs/custom_airflow-E5ZHcY_K/lib/python3.12/site-packages/airflow/example_dags/example_python_decorator.py for tasks to queue
[2024-07-06T21:58:16.880+0700] {logging_mixin.py:188} INFO - [2024-07-06T21:58:16.880+0700] {dagbag.py:545} INFO - Filling up the DagBag from /home/acer/.local/share/virtualenvs/custom_airflow-E5ZHcY_K/lib/python3.12/site-packages/airflow/example_dags/example_python_decorator.py
[2024-07-06T21:58:16.894+0700] {processor.py:840} INFO - DAG(s) 'example_python_decorator' retrieved from /home/acer/.local/share/virtualenvs/custom_airflow-E5ZHcY_K/lib/python3.12/site-packages/airflow/example_dags/example_python_decorator.py
[2024-07-06T21:58:16.913+0700] {logging_mixin.py:188} INFO - [2024-07-06T21:58:16.912+0700] {dag.py:3096} INFO - Sync 1 DAGs
[2024-07-06T21:58:16.925+0700] {logging_mixin.py:188} INFO - [2024-07-06T21:58:16.925+0700] {dag.py:3954} INFO - Setting next_dagrun for example_python_decorator to None, run_after=None
[2024-07-06T21:58:16.947+0700] {processor.py:183} INFO - Processing /home/acer/.local/share/virtualenvs/custom_airflow-E5ZHcY_K/lib/python3.12/site-packages/airflow/example_dags/example_python_decorator.py took 0.080 seconds
[2024-07-06T21:59:09.240+0700] {processor.py:161} INFO - Started process (PID=14394) to work on /home/acer/.local/share/virtualenvs/custom_airflow-E5ZHcY_K/lib/python3.12/site-packages/airflow/example_dags/example_python_decorator.py
[2024-07-06T21:59:09.241+0700] {processor.py:830} INFO - Processing file /home/acer/.local/share/virtualenvs/custom_airflow-E5ZHcY_K/lib/python3.12/site-packages/airflow/example_dags/example_python_decorator.py for tasks to queue
[2024-07-06T21:59:09.243+0700] {logging_mixin.py:188} INFO - [2024-07-06T21:59:09.243+0700] {dagbag.py:545} INFO - Filling up the DagBag from /home/acer/.local/share/virtualenvs/custom_airflow-E5ZHcY_K/lib/python3.12/site-packages/airflow/example_dags/example_python_decorator.py
[2024-07-06T21:59:09.257+0700] {processor.py:840} INFO - DAG(s) 'example_python_decorator' retrieved from /home/acer/.local/share/virtualenvs/custom_airflow-E5ZHcY_K/lib/python3.12/site-packages/airflow/example_dags/example_python_decorator.py
[2024-07-06T21:59:09.275+0700] {logging_mixin.py:188} INFO - [2024-07-06T21:59:09.275+0700] {dag.py:3096} INFO - Sync 1 DAGs
[2024-07-06T21:59:09.288+0700] {logging_mixin.py:188} INFO - [2024-07-06T21:59:09.287+0700] {dag.py:3954} INFO - Setting next_dagrun for example_python_decorator to None, run_after=None
[2024-07-06T21:59:09.313+0700] {processor.py:183} INFO - Processing /home/acer/.local/share/virtualenvs/custom_airflow-E5ZHcY_K/lib/python3.12/site-packages/airflow/example_dags/example_python_decorator.py took 0.079 seconds
[2024-07-06T21:59:58.198+0700] {processor.py:161} INFO - Started process (PID=14759) to work on /home/acer/.local/share/virtualenvs/custom_airflow-E5ZHcY_K/lib/python3.12/site-packages/airflow/example_dags/example_python_decorator.py
[2024-07-06T21:59:58.200+0700] {processor.py:830} INFO - Processing file /home/acer/.local/share/virtualenvs/custom_airflow-E5ZHcY_K/lib/python3.12/site-packages/airflow/example_dags/example_python_decorator.py for tasks to queue
[2024-07-06T21:59:58.205+0700] {logging_mixin.py:188} INFO - [2024-07-06T21:59:58.204+0700] {dagbag.py:545} INFO - Filling up the DagBag from /home/acer/.local/share/virtualenvs/custom_airflow-E5ZHcY_K/lib/python3.12/site-packages/airflow/example_dags/example_python_decorator.py
[2024-07-06T21:59:58.245+0700] {processor.py:840} INFO - DAG(s) 'example_python_decorator' retrieved from /home/acer/.local/share/virtualenvs/custom_airflow-E5ZHcY_K/lib/python3.12/site-packages/airflow/example_dags/example_python_decorator.py
[2024-07-06T21:59:58.270+0700] {logging_mixin.py:188} INFO - [2024-07-06T21:59:58.270+0700] {dag.py:3096} INFO - Sync 1 DAGs
[2024-07-06T21:59:58.286+0700] {logging_mixin.py:188} INFO - [2024-07-06T21:59:58.286+0700] {dag.py:3954} INFO - Setting next_dagrun for example_python_decorator to None, run_after=None
[2024-07-06T21:59:58.308+0700] {processor.py:183} INFO - Processing /home/acer/.local/share/virtualenvs/custom_airflow-E5ZHcY_K/lib/python3.12/site-packages/airflow/example_dags/example_python_decorator.py took 0.130 seconds
[2024-07-06T22:00:51.593+0700] {processor.py:161} INFO - Started process (PID=15040) to work on /home/acer/.local/share/virtualenvs/custom_airflow-E5ZHcY_K/lib/python3.12/site-packages/airflow/example_dags/example_python_decorator.py
[2024-07-06T22:00:51.594+0700] {processor.py:830} INFO - Processing file /home/acer/.local/share/virtualenvs/custom_airflow-E5ZHcY_K/lib/python3.12/site-packages/airflow/example_dags/example_python_decorator.py for tasks to queue
[2024-07-06T22:00:51.596+0700] {logging_mixin.py:188} INFO - [2024-07-06T22:00:51.595+0700] {dagbag.py:545} INFO - Filling up the DagBag from /home/acer/.local/share/virtualenvs/custom_airflow-E5ZHcY_K/lib/python3.12/site-packages/airflow/example_dags/example_python_decorator.py
[2024-07-06T22:00:51.610+0700] {processor.py:840} INFO - DAG(s) 'example_python_decorator' retrieved from /home/acer/.local/share/virtualenvs/custom_airflow-E5ZHcY_K/lib/python3.12/site-packages/airflow/example_dags/example_python_decorator.py
[2024-07-06T22:00:51.630+0700] {logging_mixin.py:188} INFO - [2024-07-06T22:00:51.629+0700] {dag.py:3096} INFO - Sync 1 DAGs
[2024-07-06T22:00:51.643+0700] {logging_mixin.py:188} INFO - [2024-07-06T22:00:51.643+0700] {dag.py:3954} INFO - Setting next_dagrun for example_python_decorator to None, run_after=None
[2024-07-06T22:00:51.665+0700] {processor.py:183} INFO - Processing /home/acer/.local/share/virtualenvs/custom_airflow-E5ZHcY_K/lib/python3.12/site-packages/airflow/example_dags/example_python_decorator.py took 0.079 seconds
[2024-07-06T22:02:25.294+0700] {processor.py:161} INFO - Started process (PID=16172) to work on /home/acer/.local/share/virtualenvs/custom_airflow-E5ZHcY_K/lib/python3.12/site-packages/airflow/example_dags/example_python_decorator.py
[2024-07-06T22:02:25.297+0700] {processor.py:830} INFO - Processing file /home/acer/.local/share/virtualenvs/custom_airflow-E5ZHcY_K/lib/python3.12/site-packages/airflow/example_dags/example_python_decorator.py for tasks to queue
[2024-07-06T22:02:25.302+0700] {logging_mixin.py:188} INFO - [2024-07-06T22:02:25.301+0700] {dagbag.py:545} INFO - Filling up the DagBag from /home/acer/.local/share/virtualenvs/custom_airflow-E5ZHcY_K/lib/python3.12/site-packages/airflow/example_dags/example_python_decorator.py
[2024-07-06T22:02:25.325+0700] {processor.py:840} INFO - DAG(s) 'example_python_decorator' retrieved from /home/acer/.local/share/virtualenvs/custom_airflow-E5ZHcY_K/lib/python3.12/site-packages/airflow/example_dags/example_python_decorator.py
[2024-07-06T22:02:25.343+0700] {logging_mixin.py:188} INFO - [2024-07-06T22:02:25.342+0700] {dag.py:3096} INFO - Sync 1 DAGs
[2024-07-06T22:02:25.355+0700] {logging_mixin.py:188} INFO - [2024-07-06T22:02:25.355+0700] {dag.py:3954} INFO - Setting next_dagrun for example_python_decorator to None, run_after=None
[2024-07-06T22:02:25.376+0700] {processor.py:183} INFO - Processing /home/acer/.local/share/virtualenvs/custom_airflow-E5ZHcY_K/lib/python3.12/site-packages/airflow/example_dags/example_python_decorator.py took 0.101 seconds
[2024-07-06T22:03:20.624+0700] {processor.py:161} INFO - Started process (PID=16450) to work on /home/acer/.local/share/virtualenvs/custom_airflow-E5ZHcY_K/lib/python3.12/site-packages/airflow/example_dags/example_python_decorator.py
[2024-07-06T22:03:20.625+0700] {processor.py:830} INFO - Processing file /home/acer/.local/share/virtualenvs/custom_airflow-E5ZHcY_K/lib/python3.12/site-packages/airflow/example_dags/example_python_decorator.py for tasks to queue
[2024-07-06T22:03:20.629+0700] {logging_mixin.py:188} INFO - [2024-07-06T22:03:20.628+0700] {dagbag.py:545} INFO - Filling up the DagBag from /home/acer/.local/share/virtualenvs/custom_airflow-E5ZHcY_K/lib/python3.12/site-packages/airflow/example_dags/example_python_decorator.py
[2024-07-06T22:03:20.647+0700] {processor.py:840} INFO - DAG(s) 'example_python_decorator' retrieved from /home/acer/.local/share/virtualenvs/custom_airflow-E5ZHcY_K/lib/python3.12/site-packages/airflow/example_dags/example_python_decorator.py
[2024-07-06T22:03:20.666+0700] {logging_mixin.py:188} INFO - [2024-07-06T22:03:20.666+0700] {dag.py:3096} INFO - Sync 1 DAGs
[2024-07-06T22:03:20.679+0700] {logging_mixin.py:188} INFO - [2024-07-06T22:03:20.679+0700] {dag.py:3954} INFO - Setting next_dagrun for example_python_decorator to None, run_after=None
[2024-07-06T22:03:20.700+0700] {processor.py:183} INFO - Processing /home/acer/.local/share/virtualenvs/custom_airflow-E5ZHcY_K/lib/python3.12/site-packages/airflow/example_dags/example_python_decorator.py took 0.088 seconds
[2024-07-06T22:04:11.162+0700] {processor.py:161} INFO - Started process (PID=16697) to work on /home/acer/.local/share/virtualenvs/custom_airflow-E5ZHcY_K/lib/python3.12/site-packages/airflow/example_dags/example_python_decorator.py
[2024-07-06T22:04:11.163+0700] {processor.py:830} INFO - Processing file /home/acer/.local/share/virtualenvs/custom_airflow-E5ZHcY_K/lib/python3.12/site-packages/airflow/example_dags/example_python_decorator.py for tasks to queue
[2024-07-06T22:04:11.165+0700] {logging_mixin.py:188} INFO - [2024-07-06T22:04:11.165+0700] {dagbag.py:545} INFO - Filling up the DagBag from /home/acer/.local/share/virtualenvs/custom_airflow-E5ZHcY_K/lib/python3.12/site-packages/airflow/example_dags/example_python_decorator.py
[2024-07-06T22:04:11.179+0700] {processor.py:840} INFO - DAG(s) 'example_python_decorator' retrieved from /home/acer/.local/share/virtualenvs/custom_airflow-E5ZHcY_K/lib/python3.12/site-packages/airflow/example_dags/example_python_decorator.py
[2024-07-06T22:04:11.199+0700] {logging_mixin.py:188} INFO - [2024-07-06T22:04:11.199+0700] {dag.py:3096} INFO - Sync 1 DAGs
[2024-07-06T22:04:11.211+0700] {logging_mixin.py:188} INFO - [2024-07-06T22:04:11.211+0700] {dag.py:3954} INFO - Setting next_dagrun for example_python_decorator to None, run_after=None
[2024-07-06T22:04:11.234+0700] {processor.py:183} INFO - Processing /home/acer/.local/share/virtualenvs/custom_airflow-E5ZHcY_K/lib/python3.12/site-packages/airflow/example_dags/example_python_decorator.py took 0.077 seconds
[2024-07-06T22:05:31.378+0700] {processor.py:161} INFO - Started process (PID=17698) to work on /home/acer/.local/share/virtualenvs/custom_airflow-E5ZHcY_K/lib/python3.12/site-packages/airflow/example_dags/example_python_decorator.py
[2024-07-06T22:05:31.380+0700] {processor.py:830} INFO - Processing file /home/acer/.local/share/virtualenvs/custom_airflow-E5ZHcY_K/lib/python3.12/site-packages/airflow/example_dags/example_python_decorator.py for tasks to queue
[2024-07-06T22:05:31.385+0700] {logging_mixin.py:188} INFO - [2024-07-06T22:05:31.384+0700] {dagbag.py:545} INFO - Filling up the DagBag from /home/acer/.local/share/virtualenvs/custom_airflow-E5ZHcY_K/lib/python3.12/site-packages/airflow/example_dags/example_python_decorator.py
[2024-07-06T22:05:31.403+0700] {processor.py:840} INFO - DAG(s) 'example_python_decorator' retrieved from /home/acer/.local/share/virtualenvs/custom_airflow-E5ZHcY_K/lib/python3.12/site-packages/airflow/example_dags/example_python_decorator.py
[2024-07-06T22:05:31.422+0700] {logging_mixin.py:188} INFO - [2024-07-06T22:05:31.421+0700] {dag.py:3096} INFO - Sync 1 DAGs
[2024-07-06T22:05:31.434+0700] {logging_mixin.py:188} INFO - [2024-07-06T22:05:31.433+0700] {dag.py:3954} INFO - Setting next_dagrun for example_python_decorator to None, run_after=None
[2024-07-06T22:05:31.454+0700] {processor.py:183} INFO - Processing /home/acer/.local/share/virtualenvs/custom_airflow-E5ZHcY_K/lib/python3.12/site-packages/airflow/example_dags/example_python_decorator.py took 0.096 seconds
[2024-07-06T22:06:26.197+0700] {processor.py:161} INFO - Started process (PID=18088) to work on /home/acer/.local/share/virtualenvs/custom_airflow-E5ZHcY_K/lib/python3.12/site-packages/airflow/example_dags/example_python_decorator.py
[2024-07-06T22:06:26.198+0700] {processor.py:830} INFO - Processing file /home/acer/.local/share/virtualenvs/custom_airflow-E5ZHcY_K/lib/python3.12/site-packages/airflow/example_dags/example_python_decorator.py for tasks to queue
[2024-07-06T22:06:26.200+0700] {logging_mixin.py:188} INFO - [2024-07-06T22:06:26.199+0700] {dagbag.py:545} INFO - Filling up the DagBag from /home/acer/.local/share/virtualenvs/custom_airflow-E5ZHcY_K/lib/python3.12/site-packages/airflow/example_dags/example_python_decorator.py
[2024-07-06T22:06:26.222+0700] {processor.py:840} INFO - DAG(s) 'example_python_decorator' retrieved from /home/acer/.local/share/virtualenvs/custom_airflow-E5ZHcY_K/lib/python3.12/site-packages/airflow/example_dags/example_python_decorator.py
[2024-07-06T22:06:26.251+0700] {logging_mixin.py:188} INFO - [2024-07-06T22:06:26.250+0700] {dag.py:3096} INFO - Sync 1 DAGs
[2024-07-06T22:06:26.276+0700] {logging_mixin.py:188} INFO - [2024-07-06T22:06:26.276+0700] {dag.py:3954} INFO - Setting next_dagrun for example_python_decorator to None, run_after=None
[2024-07-06T22:06:26.313+0700] {processor.py:183} INFO - Processing /home/acer/.local/share/virtualenvs/custom_airflow-E5ZHcY_K/lib/python3.12/site-packages/airflow/example_dags/example_python_decorator.py took 0.122 seconds
[2024-07-06T22:07:19.956+0700] {processor.py:161} INFO - Started process (PID=18508) to work on /home/acer/.local/share/virtualenvs/custom_airflow-E5ZHcY_K/lib/python3.12/site-packages/airflow/example_dags/example_python_decorator.py
[2024-07-06T22:07:19.957+0700] {processor.py:830} INFO - Processing file /home/acer/.local/share/virtualenvs/custom_airflow-E5ZHcY_K/lib/python3.12/site-packages/airflow/example_dags/example_python_decorator.py for tasks to queue
[2024-07-06T22:07:19.959+0700] {logging_mixin.py:188} INFO - [2024-07-06T22:07:19.959+0700] {dagbag.py:545} INFO - Filling up the DagBag from /home/acer/.local/share/virtualenvs/custom_airflow-E5ZHcY_K/lib/python3.12/site-packages/airflow/example_dags/example_python_decorator.py
[2024-07-06T22:07:19.976+0700] {processor.py:840} INFO - DAG(s) 'example_python_decorator' retrieved from /home/acer/.local/share/virtualenvs/custom_airflow-E5ZHcY_K/lib/python3.12/site-packages/airflow/example_dags/example_python_decorator.py
[2024-07-06T22:07:19.995+0700] {logging_mixin.py:188} INFO - [2024-07-06T22:07:19.995+0700] {dag.py:3096} INFO - Sync 1 DAGs
[2024-07-06T22:07:20.008+0700] {logging_mixin.py:188} INFO - [2024-07-06T22:07:20.008+0700] {dag.py:3954} INFO - Setting next_dagrun for example_python_decorator to None, run_after=None
[2024-07-06T22:07:20.031+0700] {processor.py:183} INFO - Processing /home/acer/.local/share/virtualenvs/custom_airflow-E5ZHcY_K/lib/python3.12/site-packages/airflow/example_dags/example_python_decorator.py took 0.081 seconds
[2024-07-06T22:08:15.685+0700] {processor.py:161} INFO - Started process (PID=18805) to work on /home/acer/.local/share/virtualenvs/custom_airflow-E5ZHcY_K/lib/python3.12/site-packages/airflow/example_dags/example_python_decorator.py
[2024-07-06T22:08:15.687+0700] {processor.py:830} INFO - Processing file /home/acer/.local/share/virtualenvs/custom_airflow-E5ZHcY_K/lib/python3.12/site-packages/airflow/example_dags/example_python_decorator.py for tasks to queue
[2024-07-06T22:08:15.692+0700] {logging_mixin.py:188} INFO - [2024-07-06T22:08:15.691+0700] {dagbag.py:545} INFO - Filling up the DagBag from /home/acer/.local/share/virtualenvs/custom_airflow-E5ZHcY_K/lib/python3.12/site-packages/airflow/example_dags/example_python_decorator.py
[2024-07-06T22:08:15.723+0700] {processor.py:840} INFO - DAG(s) 'example_python_decorator' retrieved from /home/acer/.local/share/virtualenvs/custom_airflow-E5ZHcY_K/lib/python3.12/site-packages/airflow/example_dags/example_python_decorator.py
[2024-07-06T22:08:15.755+0700] {logging_mixin.py:188} INFO - [2024-07-06T22:08:15.755+0700] {dag.py:3096} INFO - Sync 1 DAGs
[2024-07-06T22:08:15.770+0700] {logging_mixin.py:188} INFO - [2024-07-06T22:08:15.769+0700] {dag.py:3954} INFO - Setting next_dagrun for example_python_decorator to None, run_after=None
[2024-07-06T22:08:15.791+0700] {processor.py:183} INFO - Processing /home/acer/.local/share/virtualenvs/custom_airflow-E5ZHcY_K/lib/python3.12/site-packages/airflow/example_dags/example_python_decorator.py took 0.132 seconds
[2024-07-06T22:09:10.703+0700] {processor.py:161} INFO - Started process (PID=19092) to work on /home/acer/.local/share/virtualenvs/custom_airflow-E5ZHcY_K/lib/python3.12/site-packages/airflow/example_dags/example_python_decorator.py
[2024-07-06T22:09:10.704+0700] {processor.py:830} INFO - Processing file /home/acer/.local/share/virtualenvs/custom_airflow-E5ZHcY_K/lib/python3.12/site-packages/airflow/example_dags/example_python_decorator.py for tasks to queue
[2024-07-06T22:09:10.706+0700] {logging_mixin.py:188} INFO - [2024-07-06T22:09:10.706+0700] {dagbag.py:545} INFO - Filling up the DagBag from /home/acer/.local/share/virtualenvs/custom_airflow-E5ZHcY_K/lib/python3.12/site-packages/airflow/example_dags/example_python_decorator.py
[2024-07-06T22:09:10.723+0700] {processor.py:840} INFO - DAG(s) 'example_python_decorator' retrieved from /home/acer/.local/share/virtualenvs/custom_airflow-E5ZHcY_K/lib/python3.12/site-packages/airflow/example_dags/example_python_decorator.py
[2024-07-06T22:09:10.750+0700] {logging_mixin.py:188} INFO - [2024-07-06T22:09:10.749+0700] {dag.py:3096} INFO - Sync 1 DAGs
[2024-07-06T22:09:10.769+0700] {logging_mixin.py:188} INFO - [2024-07-06T22:09:10.769+0700] {dag.py:3954} INFO - Setting next_dagrun for example_python_decorator to None, run_after=None
[2024-07-06T22:09:10.800+0700] {processor.py:183} INFO - Processing /home/acer/.local/share/virtualenvs/custom_airflow-E5ZHcY_K/lib/python3.12/site-packages/airflow/example_dags/example_python_decorator.py took 0.106 seconds
[2024-07-06T22:10:12.685+0700] {processor.py:161} INFO - Started process (PID=19426) to work on /home/acer/.local/share/virtualenvs/custom_airflow-E5ZHcY_K/lib/python3.12/site-packages/airflow/example_dags/example_python_decorator.py
[2024-07-06T22:10:12.688+0700] {processor.py:830} INFO - Processing file /home/acer/.local/share/virtualenvs/custom_airflow-E5ZHcY_K/lib/python3.12/site-packages/airflow/example_dags/example_python_decorator.py for tasks to queue
[2024-07-06T22:10:12.691+0700] {logging_mixin.py:188} INFO - [2024-07-06T22:10:12.690+0700] {dagbag.py:545} INFO - Filling up the DagBag from /home/acer/.local/share/virtualenvs/custom_airflow-E5ZHcY_K/lib/python3.12/site-packages/airflow/example_dags/example_python_decorator.py
[2024-07-06T22:10:12.713+0700] {processor.py:840} INFO - DAG(s) 'example_python_decorator' retrieved from /home/acer/.local/share/virtualenvs/custom_airflow-E5ZHcY_K/lib/python3.12/site-packages/airflow/example_dags/example_python_decorator.py
[2024-07-06T22:10:12.740+0700] {logging_mixin.py:188} INFO - [2024-07-06T22:10:12.739+0700] {dag.py:3096} INFO - Sync 1 DAGs
[2024-07-06T22:10:12.756+0700] {logging_mixin.py:188} INFO - [2024-07-06T22:10:12.756+0700] {dag.py:3954} INFO - Setting next_dagrun for example_python_decorator to None, run_after=None
[2024-07-06T22:10:12.790+0700] {processor.py:183} INFO - Processing /home/acer/.local/share/virtualenvs/custom_airflow-E5ZHcY_K/lib/python3.12/site-packages/airflow/example_dags/example_python_decorator.py took 0.111 seconds
[2024-07-06T22:11:16.690+0700] {processor.py:161} INFO - Started process (PID=19821) to work on /home/acer/.local/share/virtualenvs/custom_airflow-E5ZHcY_K/lib/python3.12/site-packages/airflow/example_dags/example_python_decorator.py
[2024-07-06T22:11:16.691+0700] {processor.py:830} INFO - Processing file /home/acer/.local/share/virtualenvs/custom_airflow-E5ZHcY_K/lib/python3.12/site-packages/airflow/example_dags/example_python_decorator.py for tasks to queue
[2024-07-06T22:11:16.693+0700] {logging_mixin.py:188} INFO - [2024-07-06T22:11:16.693+0700] {dagbag.py:545} INFO - Filling up the DagBag from /home/acer/.local/share/virtualenvs/custom_airflow-E5ZHcY_K/lib/python3.12/site-packages/airflow/example_dags/example_python_decorator.py
[2024-07-06T22:11:16.709+0700] {processor.py:840} INFO - DAG(s) 'example_python_decorator' retrieved from /home/acer/.local/share/virtualenvs/custom_airflow-E5ZHcY_K/lib/python3.12/site-packages/airflow/example_dags/example_python_decorator.py
[2024-07-06T22:11:16.730+0700] {logging_mixin.py:188} INFO - [2024-07-06T22:11:16.729+0700] {dag.py:3096} INFO - Sync 1 DAGs
[2024-07-06T22:11:16.744+0700] {logging_mixin.py:188} INFO - [2024-07-06T22:11:16.744+0700] {dag.py:3954} INFO - Setting next_dagrun for example_python_decorator to None, run_after=None
[2024-07-06T22:11:16.786+0700] {processor.py:183} INFO - Processing /home/acer/.local/share/virtualenvs/custom_airflow-E5ZHcY_K/lib/python3.12/site-packages/airflow/example_dags/example_python_decorator.py took 0.101 seconds
[2024-07-06T22:12:16.358+0700] {processor.py:161} INFO - Started process (PID=20123) to work on /home/acer/.local/share/virtualenvs/custom_airflow-E5ZHcY_K/lib/python3.12/site-packages/airflow/example_dags/example_python_decorator.py
[2024-07-06T22:12:16.361+0700] {processor.py:830} INFO - Processing file /home/acer/.local/share/virtualenvs/custom_airflow-E5ZHcY_K/lib/python3.12/site-packages/airflow/example_dags/example_python_decorator.py for tasks to queue
[2024-07-06T22:12:16.366+0700] {logging_mixin.py:188} INFO - [2024-07-06T22:12:16.365+0700] {dagbag.py:545} INFO - Filling up the DagBag from /home/acer/.local/share/virtualenvs/custom_airflow-E5ZHcY_K/lib/python3.12/site-packages/airflow/example_dags/example_python_decorator.py
[2024-07-06T22:12:16.403+0700] {processor.py:840} INFO - DAG(s) 'example_python_decorator' retrieved from /home/acer/.local/share/virtualenvs/custom_airflow-E5ZHcY_K/lib/python3.12/site-packages/airflow/example_dags/example_python_decorator.py
[2024-07-06T22:12:16.435+0700] {logging_mixin.py:188} INFO - [2024-07-06T22:12:16.434+0700] {dag.py:3096} INFO - Sync 1 DAGs
[2024-07-06T22:12:16.452+0700] {logging_mixin.py:188} INFO - [2024-07-06T22:12:16.452+0700] {dag.py:3954} INFO - Setting next_dagrun for example_python_decorator to None, run_after=None
[2024-07-06T22:12:16.483+0700] {processor.py:183} INFO - Processing /home/acer/.local/share/virtualenvs/custom_airflow-E5ZHcY_K/lib/python3.12/site-packages/airflow/example_dags/example_python_decorator.py took 0.155 seconds
[2024-07-06T22:13:15.204+0700] {processor.py:161} INFO - Started process (PID=20522) to work on /home/acer/.local/share/virtualenvs/custom_airflow-E5ZHcY_K/lib/python3.12/site-packages/airflow/example_dags/example_python_decorator.py
[2024-07-06T22:13:15.207+0700] {processor.py:830} INFO - Processing file /home/acer/.local/share/virtualenvs/custom_airflow-E5ZHcY_K/lib/python3.12/site-packages/airflow/example_dags/example_python_decorator.py for tasks to queue
[2024-07-06T22:13:15.210+0700] {logging_mixin.py:188} INFO - [2024-07-06T22:13:15.209+0700] {dagbag.py:545} INFO - Filling up the DagBag from /home/acer/.local/share/virtualenvs/custom_airflow-E5ZHcY_K/lib/python3.12/site-packages/airflow/example_dags/example_python_decorator.py
[2024-07-06T22:13:15.237+0700] {processor.py:840} INFO - DAG(s) 'example_python_decorator' retrieved from /home/acer/.local/share/virtualenvs/custom_airflow-E5ZHcY_K/lib/python3.12/site-packages/airflow/example_dags/example_python_decorator.py
[2024-07-06T22:13:15.262+0700] {logging_mixin.py:188} INFO - [2024-07-06T22:13:15.261+0700] {dag.py:3096} INFO - Sync 1 DAGs
[2024-07-06T22:13:15.280+0700] {logging_mixin.py:188} INFO - [2024-07-06T22:13:15.280+0700] {dag.py:3954} INFO - Setting next_dagrun for example_python_decorator to None, run_after=None
[2024-07-06T22:13:15.311+0700] {processor.py:183} INFO - Processing /home/acer/.local/share/virtualenvs/custom_airflow-E5ZHcY_K/lib/python3.12/site-packages/airflow/example_dags/example_python_decorator.py took 0.129 seconds
[2024-07-06T22:14:16.453+0700] {processor.py:161} INFO - Started process (PID=20863) to work on /home/acer/.local/share/virtualenvs/custom_airflow-E5ZHcY_K/lib/python3.12/site-packages/airflow/example_dags/example_python_decorator.py
[2024-07-06T22:14:16.454+0700] {processor.py:830} INFO - Processing file /home/acer/.local/share/virtualenvs/custom_airflow-E5ZHcY_K/lib/python3.12/site-packages/airflow/example_dags/example_python_decorator.py for tasks to queue
[2024-07-06T22:14:16.458+0700] {logging_mixin.py:188} INFO - [2024-07-06T22:14:16.457+0700] {dagbag.py:545} INFO - Filling up the DagBag from /home/acer/.local/share/virtualenvs/custom_airflow-E5ZHcY_K/lib/python3.12/site-packages/airflow/example_dags/example_python_decorator.py
[2024-07-06T22:14:16.489+0700] {processor.py:840} INFO - DAG(s) 'example_python_decorator' retrieved from /home/acer/.local/share/virtualenvs/custom_airflow-E5ZHcY_K/lib/python3.12/site-packages/airflow/example_dags/example_python_decorator.py
[2024-07-06T22:14:16.517+0700] {logging_mixin.py:188} INFO - [2024-07-06T22:14:16.517+0700] {dag.py:3096} INFO - Sync 1 DAGs
[2024-07-06T22:14:16.536+0700] {logging_mixin.py:188} INFO - [2024-07-06T22:14:16.535+0700] {dag.py:3954} INFO - Setting next_dagrun for example_python_decorator to None, run_after=None
[2024-07-06T22:14:16.566+0700] {processor.py:183} INFO - Processing /home/acer/.local/share/virtualenvs/custom_airflow-E5ZHcY_K/lib/python3.12/site-packages/airflow/example_dags/example_python_decorator.py took 0.128 seconds
[2024-07-06T22:15:19.335+0700] {processor.py:161} INFO - Started process (PID=21215) to work on /home/acer/.local/share/virtualenvs/custom_airflow-E5ZHcY_K/lib/python3.12/site-packages/airflow/example_dags/example_python_decorator.py
[2024-07-06T22:15:19.336+0700] {processor.py:830} INFO - Processing file /home/acer/.local/share/virtualenvs/custom_airflow-E5ZHcY_K/lib/python3.12/site-packages/airflow/example_dags/example_python_decorator.py for tasks to queue
[2024-07-06T22:15:19.339+0700] {logging_mixin.py:188} INFO - [2024-07-06T22:15:19.338+0700] {dagbag.py:545} INFO - Filling up the DagBag from /home/acer/.local/share/virtualenvs/custom_airflow-E5ZHcY_K/lib/python3.12/site-packages/airflow/example_dags/example_python_decorator.py
[2024-07-06T22:15:19.363+0700] {processor.py:840} INFO - DAG(s) 'example_python_decorator' retrieved from /home/acer/.local/share/virtualenvs/custom_airflow-E5ZHcY_K/lib/python3.12/site-packages/airflow/example_dags/example_python_decorator.py
[2024-07-06T22:15:19.394+0700] {logging_mixin.py:188} INFO - [2024-07-06T22:15:19.394+0700] {dag.py:3096} INFO - Sync 1 DAGs
[2024-07-06T22:15:19.412+0700] {logging_mixin.py:188} INFO - [2024-07-06T22:15:19.412+0700] {dag.py:3954} INFO - Setting next_dagrun for example_python_decorator to None, run_after=None
[2024-07-06T22:15:19.444+0700] {processor.py:183} INFO - Processing /home/acer/.local/share/virtualenvs/custom_airflow-E5ZHcY_K/lib/python3.12/site-packages/airflow/example_dags/example_python_decorator.py took 0.115 seconds
[2024-07-06T22:16:18.461+0700] {processor.py:161} INFO - Started process (PID=21538) to work on /home/acer/.local/share/virtualenvs/custom_airflow-E5ZHcY_K/lib/python3.12/site-packages/airflow/example_dags/example_python_decorator.py
[2024-07-06T22:16:18.465+0700] {processor.py:830} INFO - Processing file /home/acer/.local/share/virtualenvs/custom_airflow-E5ZHcY_K/lib/python3.12/site-packages/airflow/example_dags/example_python_decorator.py for tasks to queue
[2024-07-06T22:16:18.470+0700] {logging_mixin.py:188} INFO - [2024-07-06T22:16:18.469+0700] {dagbag.py:545} INFO - Filling up the DagBag from /home/acer/.local/share/virtualenvs/custom_airflow-E5ZHcY_K/lib/python3.12/site-packages/airflow/example_dags/example_python_decorator.py
[2024-07-06T22:16:18.505+0700] {processor.py:840} INFO - DAG(s) 'example_python_decorator' retrieved from /home/acer/.local/share/virtualenvs/custom_airflow-E5ZHcY_K/lib/python3.12/site-packages/airflow/example_dags/example_python_decorator.py
[2024-07-06T22:16:18.531+0700] {logging_mixin.py:188} INFO - [2024-07-06T22:16:18.530+0700] {dag.py:3096} INFO - Sync 1 DAGs
[2024-07-06T22:16:18.544+0700] {logging_mixin.py:188} INFO - [2024-07-06T22:16:18.544+0700] {dag.py:3954} INFO - Setting next_dagrun for example_python_decorator to None, run_after=None
[2024-07-06T22:16:18.573+0700] {processor.py:183} INFO - Processing /home/acer/.local/share/virtualenvs/custom_airflow-E5ZHcY_K/lib/python3.12/site-packages/airflow/example_dags/example_python_decorator.py took 0.122 seconds
[2024-07-06T22:17:14.709+0700] {processor.py:161} INFO - Started process (PID=21834) to work on /home/acer/.local/share/virtualenvs/custom_airflow-E5ZHcY_K/lib/python3.12/site-packages/airflow/example_dags/example_python_decorator.py
[2024-07-06T22:17:14.710+0700] {processor.py:830} INFO - Processing file /home/acer/.local/share/virtualenvs/custom_airflow-E5ZHcY_K/lib/python3.12/site-packages/airflow/example_dags/example_python_decorator.py for tasks to queue
[2024-07-06T22:17:14.713+0700] {logging_mixin.py:188} INFO - [2024-07-06T22:17:14.712+0700] {dagbag.py:545} INFO - Filling up the DagBag from /home/acer/.local/share/virtualenvs/custom_airflow-E5ZHcY_K/lib/python3.12/site-packages/airflow/example_dags/example_python_decorator.py
[2024-07-06T22:17:14.732+0700] {processor.py:840} INFO - DAG(s) 'example_python_decorator' retrieved from /home/acer/.local/share/virtualenvs/custom_airflow-E5ZHcY_K/lib/python3.12/site-packages/airflow/example_dags/example_python_decorator.py
[2024-07-06T22:17:14.755+0700] {logging_mixin.py:188} INFO - [2024-07-06T22:17:14.754+0700] {dag.py:3096} INFO - Sync 1 DAGs
[2024-07-06T22:17:14.782+0700] {logging_mixin.py:188} INFO - [2024-07-06T22:17:14.782+0700] {dag.py:3954} INFO - Setting next_dagrun for example_python_decorator to None, run_after=None
[2024-07-06T22:17:14.814+0700] {processor.py:183} INFO - Processing /home/acer/.local/share/virtualenvs/custom_airflow-E5ZHcY_K/lib/python3.12/site-packages/airflow/example_dags/example_python_decorator.py took 0.114 seconds
[2024-07-06T22:18:17.556+0700] {processor.py:161} INFO - Started process (PID=22171) to work on /home/acer/.local/share/virtualenvs/custom_airflow-E5ZHcY_K/lib/python3.12/site-packages/airflow/example_dags/example_python_decorator.py
[2024-07-06T22:18:17.558+0700] {processor.py:830} INFO - Processing file /home/acer/.local/share/virtualenvs/custom_airflow-E5ZHcY_K/lib/python3.12/site-packages/airflow/example_dags/example_python_decorator.py for tasks to queue
[2024-07-06T22:18:17.561+0700] {logging_mixin.py:188} INFO - [2024-07-06T22:18:17.560+0700] {dagbag.py:545} INFO - Filling up the DagBag from /home/acer/.local/share/virtualenvs/custom_airflow-E5ZHcY_K/lib/python3.12/site-packages/airflow/example_dags/example_python_decorator.py
[2024-07-06T22:18:17.583+0700] {processor.py:840} INFO - DAG(s) 'example_python_decorator' retrieved from /home/acer/.local/share/virtualenvs/custom_airflow-E5ZHcY_K/lib/python3.12/site-packages/airflow/example_dags/example_python_decorator.py
[2024-07-06T22:18:17.604+0700] {logging_mixin.py:188} INFO - [2024-07-06T22:18:17.603+0700] {dag.py:3096} INFO - Sync 1 DAGs
[2024-07-06T22:18:17.620+0700] {logging_mixin.py:188} INFO - [2024-07-06T22:18:17.620+0700] {dag.py:3954} INFO - Setting next_dagrun for example_python_decorator to None, run_after=None
[2024-07-06T22:18:17.644+0700] {processor.py:183} INFO - Processing /home/acer/.local/share/virtualenvs/custom_airflow-E5ZHcY_K/lib/python3.12/site-packages/airflow/example_dags/example_python_decorator.py took 0.098 seconds
[2024-07-06T22:19:20.375+0700] {processor.py:161} INFO - Started process (PID=22538) to work on /home/acer/.local/share/virtualenvs/custom_airflow-E5ZHcY_K/lib/python3.12/site-packages/airflow/example_dags/example_python_decorator.py
[2024-07-06T22:19:20.377+0700] {processor.py:830} INFO - Processing file /home/acer/.local/share/virtualenvs/custom_airflow-E5ZHcY_K/lib/python3.12/site-packages/airflow/example_dags/example_python_decorator.py for tasks to queue
[2024-07-06T22:19:20.381+0700] {logging_mixin.py:188} INFO - [2024-07-06T22:19:20.380+0700] {dagbag.py:545} INFO - Filling up the DagBag from /home/acer/.local/share/virtualenvs/custom_airflow-E5ZHcY_K/lib/python3.12/site-packages/airflow/example_dags/example_python_decorator.py
[2024-07-06T22:19:20.421+0700] {processor.py:840} INFO - DAG(s) 'example_python_decorator' retrieved from /home/acer/.local/share/virtualenvs/custom_airflow-E5ZHcY_K/lib/python3.12/site-packages/airflow/example_dags/example_python_decorator.py
[2024-07-06T22:19:20.448+0700] {logging_mixin.py:188} INFO - [2024-07-06T22:19:20.448+0700] {dag.py:3096} INFO - Sync 1 DAGs
[2024-07-06T22:19:20.561+0700] {logging_mixin.py:188} INFO - [2024-07-06T22:19:20.561+0700] {dag.py:3954} INFO - Setting next_dagrun for example_python_decorator to None, run_after=None
[2024-07-06T22:19:20.588+0700] {processor.py:183} INFO - Processing /home/acer/.local/share/virtualenvs/custom_airflow-E5ZHcY_K/lib/python3.12/site-packages/airflow/example_dags/example_python_decorator.py took 0.228 seconds
[2024-07-06T22:20:21.774+0700] {processor.py:161} INFO - Started process (PID=22847) to work on /home/acer/.local/share/virtualenvs/custom_airflow-E5ZHcY_K/lib/python3.12/site-packages/airflow/example_dags/example_python_decorator.py
[2024-07-06T22:20:21.776+0700] {processor.py:830} INFO - Processing file /home/acer/.local/share/virtualenvs/custom_airflow-E5ZHcY_K/lib/python3.12/site-packages/airflow/example_dags/example_python_decorator.py for tasks to queue
[2024-07-06T22:20:21.779+0700] {logging_mixin.py:188} INFO - [2024-07-06T22:20:21.778+0700] {dagbag.py:545} INFO - Filling up the DagBag from /home/acer/.local/share/virtualenvs/custom_airflow-E5ZHcY_K/lib/python3.12/site-packages/airflow/example_dags/example_python_decorator.py
[2024-07-06T22:20:21.801+0700] {processor.py:840} INFO - DAG(s) 'example_python_decorator' retrieved from /home/acer/.local/share/virtualenvs/custom_airflow-E5ZHcY_K/lib/python3.12/site-packages/airflow/example_dags/example_python_decorator.py
[2024-07-06T22:20:21.826+0700] {logging_mixin.py:188} INFO - [2024-07-06T22:20:21.825+0700] {dag.py:3096} INFO - Sync 1 DAGs
[2024-07-06T22:20:21.841+0700] {logging_mixin.py:188} INFO - [2024-07-06T22:20:21.841+0700] {dag.py:3954} INFO - Setting next_dagrun for example_python_decorator to None, run_after=None
[2024-07-06T22:20:21.870+0700] {processor.py:183} INFO - Processing /home/acer/.local/share/virtualenvs/custom_airflow-E5ZHcY_K/lib/python3.12/site-packages/airflow/example_dags/example_python_decorator.py took 0.109 seconds
