[2024-07-06T16:08:55.611+0700] {processor.py:161} INFO - Started process (PID=51166) to work on /home/acer/.local/share/virtualenvs/custom_airflow-E5ZHcY_K/lib/python3.12/site-packages/airflow/example_dags/example_time_delta_sensor_async.py
[2024-07-06T16:08:55.612+0700] {processor.py:830} INFO - Processing file /home/acer/.local/share/virtualenvs/custom_airflow-E5ZHcY_K/lib/python3.12/site-packages/airflow/example_dags/example_time_delta_sensor_async.py for tasks to queue
[2024-07-06T16:08:55.614+0700] {logging_mixin.py:188} INFO - [2024-07-06T16:08:55.614+0700] {dagbag.py:545} INFO - Filling up the DagBag from /home/acer/.local/share/virtualenvs/custom_airflow-E5ZHcY_K/lib/python3.12/site-packages/airflow/example_dags/example_time_delta_sensor_async.py
[2024-07-06T16:08:55.626+0700] {processor.py:840} INFO - DAG(s) 'example_time_delta_sensor_async' retrieved from /home/acer/.local/share/virtualenvs/custom_airflow-E5ZHcY_K/lib/python3.12/site-packages/airflow/example_dags/example_time_delta_sensor_async.py
[2024-07-06T16:08:55.748+0700] {logging_mixin.py:188} INFO - [2024-07-06T16:08:55.747+0700] {override.py:1847} INFO - Created Permission View: can delete on DAG:example_time_delta_sensor_async
[2024-07-06T16:08:55.759+0700] {logging_mixin.py:188} INFO - [2024-07-06T16:08:55.758+0700] {override.py:1847} INFO - Created Permission View: can edit on DAG:example_time_delta_sensor_async
[2024-07-06T16:08:55.766+0700] {logging_mixin.py:188} INFO - [2024-07-06T16:08:55.766+0700] {override.py:1847} INFO - Created Permission View: can read on DAG:example_time_delta_sensor_async
[2024-07-06T16:08:55.767+0700] {logging_mixin.py:188} INFO - [2024-07-06T16:08:55.767+0700] {dag.py:3096} INFO - Sync 1 DAGs
[2024-07-06T16:08:55.779+0700] {logging_mixin.py:188} INFO - [2024-07-06T16:08:55.779+0700] {dag.py:3118} INFO - Creating ORM DAG for example_time_delta_sensor_async
[2024-07-06T16:08:55.779+0700] {logging_mixin.py:188} INFO - [2024-07-06T16:08:55.779+0700] {dag.py:3954} INFO - Setting next_dagrun for example_time_delta_sensor_async to None, run_after=None
[2024-07-06T16:08:55.804+0700] {processor.py:183} INFO - Processing /home/acer/.local/share/virtualenvs/custom_airflow-E5ZHcY_K/lib/python3.12/site-packages/airflow/example_dags/example_time_delta_sensor_async.py took 0.202 seconds
[2024-07-06T16:09:55.628+0700] {processor.py:161} INFO - Started process (PID=51602) to work on /home/acer/.local/share/virtualenvs/custom_airflow-E5ZHcY_K/lib/python3.12/site-packages/airflow/example_dags/example_time_delta_sensor_async.py
[2024-07-06T16:09:55.629+0700] {processor.py:830} INFO - Processing file /home/acer/.local/share/virtualenvs/custom_airflow-E5ZHcY_K/lib/python3.12/site-packages/airflow/example_dags/example_time_delta_sensor_async.py for tasks to queue
[2024-07-06T16:09:55.631+0700] {logging_mixin.py:188} INFO - [2024-07-06T16:09:55.631+0700] {dagbag.py:545} INFO - Filling up the DagBag from /home/acer/.local/share/virtualenvs/custom_airflow-E5ZHcY_K/lib/python3.12/site-packages/airflow/example_dags/example_time_delta_sensor_async.py
[2024-07-06T16:09:55.636+0700] {processor.py:840} INFO - DAG(s) 'example_time_delta_sensor_async' retrieved from /home/acer/.local/share/virtualenvs/custom_airflow-E5ZHcY_K/lib/python3.12/site-packages/airflow/example_dags/example_time_delta_sensor_async.py
[2024-07-06T16:09:55.650+0700] {logging_mixin.py:188} INFO - [2024-07-06T16:09:55.650+0700] {dag.py:3096} INFO - Sync 1 DAGs
[2024-07-06T16:09:55.662+0700] {logging_mixin.py:188} INFO - [2024-07-06T16:09:55.662+0700] {dag.py:3954} INFO - Setting next_dagrun for example_time_delta_sensor_async to None, run_after=None
[2024-07-06T16:09:55.685+0700] {processor.py:183} INFO - Processing /home/acer/.local/share/virtualenvs/custom_airflow-E5ZHcY_K/lib/python3.12/site-packages/airflow/example_dags/example_time_delta_sensor_async.py took 0.062 seconds
[2024-07-06T16:10:47.965+0700] {processor.py:161} INFO - Started process (PID=52138) to work on /home/acer/.local/share/virtualenvs/custom_airflow-E5ZHcY_K/lib/python3.12/site-packages/airflow/example_dags/example_time_delta_sensor_async.py
[2024-07-06T16:10:47.967+0700] {processor.py:830} INFO - Processing file /home/acer/.local/share/virtualenvs/custom_airflow-E5ZHcY_K/lib/python3.12/site-packages/airflow/example_dags/example_time_delta_sensor_async.py for tasks to queue
[2024-07-06T16:10:47.970+0700] {logging_mixin.py:188} INFO - [2024-07-06T16:10:47.969+0700] {dagbag.py:545} INFO - Filling up the DagBag from /home/acer/.local/share/virtualenvs/custom_airflow-E5ZHcY_K/lib/python3.12/site-packages/airflow/example_dags/example_time_delta_sensor_async.py
[2024-07-06T16:10:47.982+0700] {processor.py:840} INFO - DAG(s) 'example_time_delta_sensor_async' retrieved from /home/acer/.local/share/virtualenvs/custom_airflow-E5ZHcY_K/lib/python3.12/site-packages/airflow/example_dags/example_time_delta_sensor_async.py
[2024-07-06T16:10:48.000+0700] {logging_mixin.py:188} INFO - [2024-07-06T16:10:47.999+0700] {dag.py:3096} INFO - Sync 1 DAGs
[2024-07-06T16:10:48.013+0700] {logging_mixin.py:188} INFO - [2024-07-06T16:10:48.013+0700] {dag.py:3954} INFO - Setting next_dagrun for example_time_delta_sensor_async to None, run_after=None
[2024-07-06T16:10:48.037+0700] {processor.py:183} INFO - Processing /home/acer/.local/share/virtualenvs/custom_airflow-E5ZHcY_K/lib/python3.12/site-packages/airflow/example_dags/example_time_delta_sensor_async.py took 0.091 seconds
[2024-07-06T16:11:42.981+0700] {processor.py:161} INFO - Started process (PID=52540) to work on /home/acer/.local/share/virtualenvs/custom_airflow-E5ZHcY_K/lib/python3.12/site-packages/airflow/example_dags/example_time_delta_sensor_async.py
[2024-07-06T16:11:42.984+0700] {processor.py:830} INFO - Processing file /home/acer/.local/share/virtualenvs/custom_airflow-E5ZHcY_K/lib/python3.12/site-packages/airflow/example_dags/example_time_delta_sensor_async.py for tasks to queue
[2024-07-06T16:11:42.986+0700] {logging_mixin.py:188} INFO - [2024-07-06T16:11:42.985+0700] {dagbag.py:545} INFO - Filling up the DagBag from /home/acer/.local/share/virtualenvs/custom_airflow-E5ZHcY_K/lib/python3.12/site-packages/airflow/example_dags/example_time_delta_sensor_async.py
[2024-07-06T16:11:42.993+0700] {processor.py:840} INFO - DAG(s) 'example_time_delta_sensor_async' retrieved from /home/acer/.local/share/virtualenvs/custom_airflow-E5ZHcY_K/lib/python3.12/site-packages/airflow/example_dags/example_time_delta_sensor_async.py
[2024-07-06T16:11:43.009+0700] {logging_mixin.py:188} INFO - [2024-07-06T16:11:43.009+0700] {dag.py:3096} INFO - Sync 1 DAGs
[2024-07-06T16:11:43.021+0700] {logging_mixin.py:188} INFO - [2024-07-06T16:11:43.021+0700] {dag.py:3954} INFO - Setting next_dagrun for example_time_delta_sensor_async to None, run_after=None
[2024-07-06T16:11:43.043+0700] {processor.py:183} INFO - Processing /home/acer/.local/share/virtualenvs/custom_airflow-E5ZHcY_K/lib/python3.12/site-packages/airflow/example_dags/example_time_delta_sensor_async.py took 0.081 seconds
[2024-07-06T16:15:46.387+0700] {processor.py:161} INFO - Started process (PID=54743) to work on /home/acer/.local/share/virtualenvs/custom_airflow-E5ZHcY_K/lib/python3.12/site-packages/airflow/example_dags/example_time_delta_sensor_async.py
[2024-07-06T16:15:46.389+0700] {processor.py:830} INFO - Processing file /home/acer/.local/share/virtualenvs/custom_airflow-E5ZHcY_K/lib/python3.12/site-packages/airflow/example_dags/example_time_delta_sensor_async.py for tasks to queue
[2024-07-06T16:15:46.392+0700] {logging_mixin.py:188} INFO - [2024-07-06T16:15:46.391+0700] {dagbag.py:545} INFO - Filling up the DagBag from /home/acer/.local/share/virtualenvs/custom_airflow-E5ZHcY_K/lib/python3.12/site-packages/airflow/example_dags/example_time_delta_sensor_async.py
[2024-07-06T16:15:46.402+0700] {processor.py:840} INFO - DAG(s) 'example_time_delta_sensor_async' retrieved from /home/acer/.local/share/virtualenvs/custom_airflow-E5ZHcY_K/lib/python3.12/site-packages/airflow/example_dags/example_time_delta_sensor_async.py
[2024-07-06T16:15:46.593+0700] {logging_mixin.py:188} INFO - [2024-07-06T16:15:46.593+0700] {dag.py:3096} INFO - Sync 1 DAGs
[2024-07-06T16:15:46.610+0700] {logging_mixin.py:188} INFO - [2024-07-06T16:15:46.610+0700] {dag.py:3954} INFO - Setting next_dagrun for example_time_delta_sensor_async to None, run_after=None
[2024-07-06T16:15:46.644+0700] {processor.py:183} INFO - Processing /home/acer/.local/share/virtualenvs/custom_airflow-E5ZHcY_K/lib/python3.12/site-packages/airflow/example_dags/example_time_delta_sensor_async.py took 0.264 seconds
[2024-07-06T16:16:45.427+0700] {processor.py:161} INFO - Started process (PID=55299) to work on /home/acer/.local/share/virtualenvs/custom_airflow-E5ZHcY_K/lib/python3.12/site-packages/airflow/example_dags/example_time_delta_sensor_async.py
[2024-07-06T16:16:45.428+0700] {processor.py:830} INFO - Processing file /home/acer/.local/share/virtualenvs/custom_airflow-E5ZHcY_K/lib/python3.12/site-packages/airflow/example_dags/example_time_delta_sensor_async.py for tasks to queue
[2024-07-06T16:16:45.431+0700] {logging_mixin.py:188} INFO - [2024-07-06T16:16:45.430+0700] {dagbag.py:545} INFO - Filling up the DagBag from /home/acer/.local/share/virtualenvs/custom_airflow-E5ZHcY_K/lib/python3.12/site-packages/airflow/example_dags/example_time_delta_sensor_async.py
[2024-07-06T16:16:45.438+0700] {processor.py:840} INFO - DAG(s) 'example_time_delta_sensor_async' retrieved from /home/acer/.local/share/virtualenvs/custom_airflow-E5ZHcY_K/lib/python3.12/site-packages/airflow/example_dags/example_time_delta_sensor_async.py
[2024-07-06T16:16:45.460+0700] {logging_mixin.py:188} INFO - [2024-07-06T16:16:45.459+0700] {dag.py:3096} INFO - Sync 1 DAGs
[2024-07-06T16:16:45.478+0700] {logging_mixin.py:188} INFO - [2024-07-06T16:16:45.477+0700] {dag.py:3954} INFO - Setting next_dagrun for example_time_delta_sensor_async to None, run_after=None
[2024-07-06T16:16:45.507+0700] {processor.py:183} INFO - Processing /home/acer/.local/share/virtualenvs/custom_airflow-E5ZHcY_K/lib/python3.12/site-packages/airflow/example_dags/example_time_delta_sensor_async.py took 0.089 seconds
[2024-07-06T16:17:37.438+0700] {processor.py:161} INFO - Started process (PID=55746) to work on /home/acer/.local/share/virtualenvs/custom_airflow-E5ZHcY_K/lib/python3.12/site-packages/airflow/example_dags/example_time_delta_sensor_async.py
[2024-07-06T16:17:37.440+0700] {processor.py:830} INFO - Processing file /home/acer/.local/share/virtualenvs/custom_airflow-E5ZHcY_K/lib/python3.12/site-packages/airflow/example_dags/example_time_delta_sensor_async.py for tasks to queue
[2024-07-06T16:17:37.443+0700] {logging_mixin.py:188} INFO - [2024-07-06T16:17:37.442+0700] {dagbag.py:545} INFO - Filling up the DagBag from /home/acer/.local/share/virtualenvs/custom_airflow-E5ZHcY_K/lib/python3.12/site-packages/airflow/example_dags/example_time_delta_sensor_async.py
[2024-07-06T16:17:37.450+0700] {processor.py:840} INFO - DAG(s) 'example_time_delta_sensor_async' retrieved from /home/acer/.local/share/virtualenvs/custom_airflow-E5ZHcY_K/lib/python3.12/site-packages/airflow/example_dags/example_time_delta_sensor_async.py
[2024-07-06T16:17:37.467+0700] {logging_mixin.py:188} INFO - [2024-07-06T16:17:37.467+0700] {dag.py:3096} INFO - Sync 1 DAGs
[2024-07-06T16:17:37.481+0700] {logging_mixin.py:188} INFO - [2024-07-06T16:17:37.481+0700] {dag.py:3954} INFO - Setting next_dagrun for example_time_delta_sensor_async to None, run_after=None
[2024-07-06T16:17:37.504+0700] {processor.py:183} INFO - Processing /home/acer/.local/share/virtualenvs/custom_airflow-E5ZHcY_K/lib/python3.12/site-packages/airflow/example_dags/example_time_delta_sensor_async.py took 0.073 seconds
[2024-07-06T16:18:25.444+0700] {processor.py:161} INFO - Started process (PID=55989) to work on /home/acer/.local/share/virtualenvs/custom_airflow-E5ZHcY_K/lib/python3.12/site-packages/airflow/example_dags/example_time_delta_sensor_async.py
[2024-07-06T16:18:25.448+0700] {processor.py:830} INFO - Processing file /home/acer/.local/share/virtualenvs/custom_airflow-E5ZHcY_K/lib/python3.12/site-packages/airflow/example_dags/example_time_delta_sensor_async.py for tasks to queue
[2024-07-06T16:18:25.453+0700] {logging_mixin.py:188} INFO - [2024-07-06T16:18:25.452+0700] {dagbag.py:545} INFO - Filling up the DagBag from /home/acer/.local/share/virtualenvs/custom_airflow-E5ZHcY_K/lib/python3.12/site-packages/airflow/example_dags/example_time_delta_sensor_async.py
[2024-07-06T16:18:25.467+0700] {processor.py:840} INFO - DAG(s) 'example_time_delta_sensor_async' retrieved from /home/acer/.local/share/virtualenvs/custom_airflow-E5ZHcY_K/lib/python3.12/site-packages/airflow/example_dags/example_time_delta_sensor_async.py
[2024-07-06T16:18:25.489+0700] {logging_mixin.py:188} INFO - [2024-07-06T16:18:25.489+0700] {dag.py:3096} INFO - Sync 1 DAGs
[2024-07-06T16:18:25.502+0700] {logging_mixin.py:188} INFO - [2024-07-06T16:18:25.502+0700] {dag.py:3954} INFO - Setting next_dagrun for example_time_delta_sensor_async to None, run_after=None
[2024-07-06T16:18:25.523+0700] {processor.py:183} INFO - Processing /home/acer/.local/share/virtualenvs/custom_airflow-E5ZHcY_K/lib/python3.12/site-packages/airflow/example_dags/example_time_delta_sensor_async.py took 0.097 seconds
[2024-07-06T16:19:14.531+0700] {processor.py:161} INFO - Started process (PID=56255) to work on /home/acer/.local/share/virtualenvs/custom_airflow-E5ZHcY_K/lib/python3.12/site-packages/airflow/example_dags/example_time_delta_sensor_async.py
[2024-07-06T16:19:14.532+0700] {processor.py:830} INFO - Processing file /home/acer/.local/share/virtualenvs/custom_airflow-E5ZHcY_K/lib/python3.12/site-packages/airflow/example_dags/example_time_delta_sensor_async.py for tasks to queue
[2024-07-06T16:19:14.535+0700] {logging_mixin.py:188} INFO - [2024-07-06T16:19:14.534+0700] {dagbag.py:545} INFO - Filling up the DagBag from /home/acer/.local/share/virtualenvs/custom_airflow-E5ZHcY_K/lib/python3.12/site-packages/airflow/example_dags/example_time_delta_sensor_async.py
[2024-07-06T16:19:14.542+0700] {processor.py:840} INFO - DAG(s) 'example_time_delta_sensor_async' retrieved from /home/acer/.local/share/virtualenvs/custom_airflow-E5ZHcY_K/lib/python3.12/site-packages/airflow/example_dags/example_time_delta_sensor_async.py
[2024-07-06T16:19:14.569+0700] {logging_mixin.py:188} INFO - [2024-07-06T16:19:14.569+0700] {dag.py:3096} INFO - Sync 1 DAGs
[2024-07-06T16:19:14.596+0700] {logging_mixin.py:188} INFO - [2024-07-06T16:19:14.596+0700] {dag.py:3954} INFO - Setting next_dagrun for example_time_delta_sensor_async to None, run_after=None
[2024-07-06T16:19:14.636+0700] {processor.py:183} INFO - Processing /home/acer/.local/share/virtualenvs/custom_airflow-E5ZHcY_K/lib/python3.12/site-packages/airflow/example_dags/example_time_delta_sensor_async.py took 0.116 seconds
[2024-07-06T16:20:13.232+0700] {processor.py:161} INFO - Started process (PID=57009) to work on /home/acer/.local/share/virtualenvs/custom_airflow-E5ZHcY_K/lib/python3.12/site-packages/airflow/example_dags/example_time_delta_sensor_async.py
[2024-07-06T16:20:13.233+0700] {processor.py:830} INFO - Processing file /home/acer/.local/share/virtualenvs/custom_airflow-E5ZHcY_K/lib/python3.12/site-packages/airflow/example_dags/example_time_delta_sensor_async.py for tasks to queue
[2024-07-06T16:20:13.236+0700] {logging_mixin.py:188} INFO - [2024-07-06T16:20:13.235+0700] {dagbag.py:545} INFO - Filling up the DagBag from /home/acer/.local/share/virtualenvs/custom_airflow-E5ZHcY_K/lib/python3.12/site-packages/airflow/example_dags/example_time_delta_sensor_async.py
[2024-07-06T16:20:13.243+0700] {processor.py:840} INFO - DAG(s) 'example_time_delta_sensor_async' retrieved from /home/acer/.local/share/virtualenvs/custom_airflow-E5ZHcY_K/lib/python3.12/site-packages/airflow/example_dags/example_time_delta_sensor_async.py
[2024-07-06T16:20:13.260+0700] {logging_mixin.py:188} INFO - [2024-07-06T16:20:13.260+0700] {dag.py:3096} INFO - Sync 1 DAGs
[2024-07-06T16:20:13.274+0700] {logging_mixin.py:188} INFO - [2024-07-06T16:20:13.274+0700] {dag.py:3954} INFO - Setting next_dagrun for example_time_delta_sensor_async to None, run_after=None
[2024-07-06T16:20:13.296+0700] {processor.py:183} INFO - Processing /home/acer/.local/share/virtualenvs/custom_airflow-E5ZHcY_K/lib/python3.12/site-packages/airflow/example_dags/example_time_delta_sensor_async.py took 0.079 seconds
[2024-07-06T16:21:09.441+0700] {processor.py:161} INFO - Started process (PID=57472) to work on /home/acer/.local/share/virtualenvs/custom_airflow-E5ZHcY_K/lib/python3.12/site-packages/airflow/example_dags/example_time_delta_sensor_async.py
[2024-07-06T16:21:09.442+0700] {processor.py:830} INFO - Processing file /home/acer/.local/share/virtualenvs/custom_airflow-E5ZHcY_K/lib/python3.12/site-packages/airflow/example_dags/example_time_delta_sensor_async.py for tasks to queue
[2024-07-06T16:21:09.445+0700] {logging_mixin.py:188} INFO - [2024-07-06T16:21:09.444+0700] {dagbag.py:545} INFO - Filling up the DagBag from /home/acer/.local/share/virtualenvs/custom_airflow-E5ZHcY_K/lib/python3.12/site-packages/airflow/example_dags/example_time_delta_sensor_async.py
[2024-07-06T16:21:09.451+0700] {processor.py:840} INFO - DAG(s) 'example_time_delta_sensor_async' retrieved from /home/acer/.local/share/virtualenvs/custom_airflow-E5ZHcY_K/lib/python3.12/site-packages/airflow/example_dags/example_time_delta_sensor_async.py
[2024-07-06T16:21:09.466+0700] {logging_mixin.py:188} INFO - [2024-07-06T16:21:09.465+0700] {dag.py:3096} INFO - Sync 1 DAGs
[2024-07-06T16:21:09.478+0700] {logging_mixin.py:188} INFO - [2024-07-06T16:21:09.478+0700] {dag.py:3954} INFO - Setting next_dagrun for example_time_delta_sensor_async to None, run_after=None
[2024-07-06T16:21:09.499+0700] {processor.py:183} INFO - Processing /home/acer/.local/share/virtualenvs/custom_airflow-E5ZHcY_K/lib/python3.12/site-packages/airflow/example_dags/example_time_delta_sensor_async.py took 0.069 seconds
[2024-07-06T16:22:00.095+0700] {processor.py:161} INFO - Started process (PID=57792) to work on /home/acer/.local/share/virtualenvs/custom_airflow-E5ZHcY_K/lib/python3.12/site-packages/airflow/example_dags/example_time_delta_sensor_async.py
[2024-07-06T16:22:00.097+0700] {processor.py:830} INFO - Processing file /home/acer/.local/share/virtualenvs/custom_airflow-E5ZHcY_K/lib/python3.12/site-packages/airflow/example_dags/example_time_delta_sensor_async.py for tasks to queue
[2024-07-06T16:22:00.100+0700] {logging_mixin.py:188} INFO - [2024-07-06T16:22:00.099+0700] {dagbag.py:545} INFO - Filling up the DagBag from /home/acer/.local/share/virtualenvs/custom_airflow-E5ZHcY_K/lib/python3.12/site-packages/airflow/example_dags/example_time_delta_sensor_async.py
[2024-07-06T16:22:00.109+0700] {processor.py:840} INFO - DAG(s) 'example_time_delta_sensor_async' retrieved from /home/acer/.local/share/virtualenvs/custom_airflow-E5ZHcY_K/lib/python3.12/site-packages/airflow/example_dags/example_time_delta_sensor_async.py
[2024-07-06T16:22:00.138+0700] {logging_mixin.py:188} INFO - [2024-07-06T16:22:00.138+0700] {dag.py:3096} INFO - Sync 1 DAGs
[2024-07-06T16:22:00.155+0700] {logging_mixin.py:188} INFO - [2024-07-06T16:22:00.155+0700] {dag.py:3954} INFO - Setting next_dagrun for example_time_delta_sensor_async to None, run_after=None
[2024-07-06T16:22:00.180+0700] {processor.py:183} INFO - Processing /home/acer/.local/share/virtualenvs/custom_airflow-E5ZHcY_K/lib/python3.12/site-packages/airflow/example_dags/example_time_delta_sensor_async.py took 0.096 seconds
[2024-07-06T16:22:47.876+0700] {processor.py:161} INFO - Started process (PID=58053) to work on /home/acer/.local/share/virtualenvs/custom_airflow-E5ZHcY_K/lib/python3.12/site-packages/airflow/example_dags/example_time_delta_sensor_async.py
[2024-07-06T16:22:47.880+0700] {processor.py:830} INFO - Processing file /home/acer/.local/share/virtualenvs/custom_airflow-E5ZHcY_K/lib/python3.12/site-packages/airflow/example_dags/example_time_delta_sensor_async.py for tasks to queue
[2024-07-06T16:22:47.886+0700] {logging_mixin.py:188} INFO - [2024-07-06T16:22:47.885+0700] {dagbag.py:545} INFO - Filling up the DagBag from /home/acer/.local/share/virtualenvs/custom_airflow-E5ZHcY_K/lib/python3.12/site-packages/airflow/example_dags/example_time_delta_sensor_async.py
[2024-07-06T16:22:47.906+0700] {processor.py:840} INFO - DAG(s) 'example_time_delta_sensor_async' retrieved from /home/acer/.local/share/virtualenvs/custom_airflow-E5ZHcY_K/lib/python3.12/site-packages/airflow/example_dags/example_time_delta_sensor_async.py
[2024-07-06T16:22:47.934+0700] {logging_mixin.py:188} INFO - [2024-07-06T16:22:47.933+0700] {dag.py:3096} INFO - Sync 1 DAGs
[2024-07-06T16:22:47.947+0700] {logging_mixin.py:188} INFO - [2024-07-06T16:22:47.947+0700] {dag.py:3954} INFO - Setting next_dagrun for example_time_delta_sensor_async to None, run_after=None
[2024-07-06T16:22:47.969+0700] {processor.py:183} INFO - Processing /home/acer/.local/share/virtualenvs/custom_airflow-E5ZHcY_K/lib/python3.12/site-packages/airflow/example_dags/example_time_delta_sensor_async.py took 0.114 seconds
[2024-07-06T16:24:12.869+0700] {processor.py:161} INFO - Started process (PID=59123) to work on /home/acer/.local/share/virtualenvs/custom_airflow-E5ZHcY_K/lib/python3.12/site-packages/airflow/example_dags/example_time_delta_sensor_async.py
[2024-07-06T16:24:12.870+0700] {processor.py:830} INFO - Processing file /home/acer/.local/share/virtualenvs/custom_airflow-E5ZHcY_K/lib/python3.12/site-packages/airflow/example_dags/example_time_delta_sensor_async.py for tasks to queue
[2024-07-06T16:24:12.874+0700] {logging_mixin.py:188} INFO - [2024-07-06T16:24:12.873+0700] {dagbag.py:545} INFO - Filling up the DagBag from /home/acer/.local/share/virtualenvs/custom_airflow-E5ZHcY_K/lib/python3.12/site-packages/airflow/example_dags/example_time_delta_sensor_async.py
[2024-07-06T16:24:12.880+0700] {processor.py:840} INFO - DAG(s) 'example_time_delta_sensor_async' retrieved from /home/acer/.local/share/virtualenvs/custom_airflow-E5ZHcY_K/lib/python3.12/site-packages/airflow/example_dags/example_time_delta_sensor_async.py
[2024-07-06T16:24:12.897+0700] {logging_mixin.py:188} INFO - [2024-07-06T16:24:12.897+0700] {dag.py:3096} INFO - Sync 1 DAGs
[2024-07-06T16:24:12.910+0700] {logging_mixin.py:188} INFO - [2024-07-06T16:24:12.910+0700] {dag.py:3954} INFO - Setting next_dagrun for example_time_delta_sensor_async to None, run_after=None
[2024-07-06T16:24:12.932+0700] {processor.py:183} INFO - Processing /home/acer/.local/share/virtualenvs/custom_airflow-E5ZHcY_K/lib/python3.12/site-packages/airflow/example_dags/example_time_delta_sensor_async.py took 0.076 seconds
[2024-07-06T16:25:08.472+0700] {processor.py:161} INFO - Started process (PID=59534) to work on /home/acer/.local/share/virtualenvs/custom_airflow-E5ZHcY_K/lib/python3.12/site-packages/airflow/example_dags/example_time_delta_sensor_async.py
[2024-07-06T16:25:08.474+0700] {processor.py:830} INFO - Processing file /home/acer/.local/share/virtualenvs/custom_airflow-E5ZHcY_K/lib/python3.12/site-packages/airflow/example_dags/example_time_delta_sensor_async.py for tasks to queue
[2024-07-06T16:25:08.479+0700] {logging_mixin.py:188} INFO - [2024-07-06T16:25:08.478+0700] {dagbag.py:545} INFO - Filling up the DagBag from /home/acer/.local/share/virtualenvs/custom_airflow-E5ZHcY_K/lib/python3.12/site-packages/airflow/example_dags/example_time_delta_sensor_async.py
[2024-07-06T16:25:08.489+0700] {processor.py:840} INFO - DAG(s) 'example_time_delta_sensor_async' retrieved from /home/acer/.local/share/virtualenvs/custom_airflow-E5ZHcY_K/lib/python3.12/site-packages/airflow/example_dags/example_time_delta_sensor_async.py
[2024-07-06T16:25:08.506+0700] {logging_mixin.py:188} INFO - [2024-07-06T16:25:08.506+0700] {dag.py:3096} INFO - Sync 1 DAGs
[2024-07-06T16:25:08.518+0700] {logging_mixin.py:188} INFO - [2024-07-06T16:25:08.518+0700] {dag.py:3954} INFO - Setting next_dagrun for example_time_delta_sensor_async to None, run_after=None
[2024-07-06T16:25:08.549+0700] {processor.py:183} INFO - Processing /home/acer/.local/share/virtualenvs/custom_airflow-E5ZHcY_K/lib/python3.12/site-packages/airflow/example_dags/example_time_delta_sensor_async.py took 0.089 seconds
[2024-07-06T16:26:00.530+0700] {processor.py:161} INFO - Started process (PID=59983) to work on /home/acer/.local/share/virtualenvs/custom_airflow-E5ZHcY_K/lib/python3.12/site-packages/airflow/example_dags/example_time_delta_sensor_async.py
[2024-07-06T16:26:00.531+0700] {processor.py:830} INFO - Processing file /home/acer/.local/share/virtualenvs/custom_airflow-E5ZHcY_K/lib/python3.12/site-packages/airflow/example_dags/example_time_delta_sensor_async.py for tasks to queue
[2024-07-06T16:26:00.533+0700] {logging_mixin.py:188} INFO - [2024-07-06T16:26:00.533+0700] {dagbag.py:545} INFO - Filling up the DagBag from /home/acer/.local/share/virtualenvs/custom_airflow-E5ZHcY_K/lib/python3.12/site-packages/airflow/example_dags/example_time_delta_sensor_async.py
[2024-07-06T16:26:00.539+0700] {processor.py:840} INFO - DAG(s) 'example_time_delta_sensor_async' retrieved from /home/acer/.local/share/virtualenvs/custom_airflow-E5ZHcY_K/lib/python3.12/site-packages/airflow/example_dags/example_time_delta_sensor_async.py
[2024-07-06T16:26:00.556+0700] {logging_mixin.py:188} INFO - [2024-07-06T16:26:00.556+0700] {dag.py:3096} INFO - Sync 1 DAGs
[2024-07-06T16:26:00.569+0700] {logging_mixin.py:188} INFO - [2024-07-06T16:26:00.568+0700] {dag.py:3954} INFO - Setting next_dagrun for example_time_delta_sensor_async to None, run_after=None
[2024-07-06T16:26:00.590+0700] {processor.py:183} INFO - Processing /home/acer/.local/share/virtualenvs/custom_airflow-E5ZHcY_K/lib/python3.12/site-packages/airflow/example_dags/example_time_delta_sensor_async.py took 0.066 seconds
[2024-07-06T16:26:52.230+0700] {processor.py:161} INFO - Started process (PID=60233) to work on /home/acer/.local/share/virtualenvs/custom_airflow-E5ZHcY_K/lib/python3.12/site-packages/airflow/example_dags/example_time_delta_sensor_async.py
[2024-07-06T16:26:52.231+0700] {processor.py:830} INFO - Processing file /home/acer/.local/share/virtualenvs/custom_airflow-E5ZHcY_K/lib/python3.12/site-packages/airflow/example_dags/example_time_delta_sensor_async.py for tasks to queue
[2024-07-06T16:26:52.233+0700] {logging_mixin.py:188} INFO - [2024-07-06T16:26:52.233+0700] {dagbag.py:545} INFO - Filling up the DagBag from /home/acer/.local/share/virtualenvs/custom_airflow-E5ZHcY_K/lib/python3.12/site-packages/airflow/example_dags/example_time_delta_sensor_async.py
[2024-07-06T16:26:52.239+0700] {processor.py:840} INFO - DAG(s) 'example_time_delta_sensor_async' retrieved from /home/acer/.local/share/virtualenvs/custom_airflow-E5ZHcY_K/lib/python3.12/site-packages/airflow/example_dags/example_time_delta_sensor_async.py
[2024-07-06T16:26:52.253+0700] {logging_mixin.py:188} INFO - [2024-07-06T16:26:52.253+0700] {dag.py:3096} INFO - Sync 1 DAGs
[2024-07-06T16:26:52.265+0700] {logging_mixin.py:188} INFO - [2024-07-06T16:26:52.265+0700] {dag.py:3954} INFO - Setting next_dagrun for example_time_delta_sensor_async to None, run_after=None
[2024-07-06T16:26:52.286+0700] {processor.py:183} INFO - Processing /home/acer/.local/share/virtualenvs/custom_airflow-E5ZHcY_K/lib/python3.12/site-packages/airflow/example_dags/example_time_delta_sensor_async.py took 0.065 seconds
[2024-07-06T16:27:38.848+0700] {processor.py:161} INFO - Started process (PID=60490) to work on /home/acer/.local/share/virtualenvs/custom_airflow-E5ZHcY_K/lib/python3.12/site-packages/airflow/example_dags/example_time_delta_sensor_async.py
[2024-07-06T16:27:38.849+0700] {processor.py:830} INFO - Processing file /home/acer/.local/share/virtualenvs/custom_airflow-E5ZHcY_K/lib/python3.12/site-packages/airflow/example_dags/example_time_delta_sensor_async.py for tasks to queue
[2024-07-06T16:27:38.852+0700] {logging_mixin.py:188} INFO - [2024-07-06T16:27:38.851+0700] {dagbag.py:545} INFO - Filling up the DagBag from /home/acer/.local/share/virtualenvs/custom_airflow-E5ZHcY_K/lib/python3.12/site-packages/airflow/example_dags/example_time_delta_sensor_async.py
[2024-07-06T16:27:38.859+0700] {processor.py:840} INFO - DAG(s) 'example_time_delta_sensor_async' retrieved from /home/acer/.local/share/virtualenvs/custom_airflow-E5ZHcY_K/lib/python3.12/site-packages/airflow/example_dags/example_time_delta_sensor_async.py
[2024-07-06T16:27:38.874+0700] {logging_mixin.py:188} INFO - [2024-07-06T16:27:38.874+0700] {dag.py:3096} INFO - Sync 1 DAGs
[2024-07-06T16:27:38.886+0700] {logging_mixin.py:188} INFO - [2024-07-06T16:27:38.886+0700] {dag.py:3954} INFO - Setting next_dagrun for example_time_delta_sensor_async to None, run_after=None
[2024-07-06T16:27:38.908+0700] {processor.py:183} INFO - Processing /home/acer/.local/share/virtualenvs/custom_airflow-E5ZHcY_K/lib/python3.12/site-packages/airflow/example_dags/example_time_delta_sensor_async.py took 0.068 seconds
[2024-07-06T16:28:29.048+0700] {processor.py:161} INFO - Started process (PID=60742) to work on /home/acer/.local/share/virtualenvs/custom_airflow-E5ZHcY_K/lib/python3.12/site-packages/airflow/example_dags/example_time_delta_sensor_async.py
[2024-07-06T16:28:29.051+0700] {processor.py:830} INFO - Processing file /home/acer/.local/share/virtualenvs/custom_airflow-E5ZHcY_K/lib/python3.12/site-packages/airflow/example_dags/example_time_delta_sensor_async.py for tasks to queue
[2024-07-06T16:28:29.055+0700] {logging_mixin.py:188} INFO - [2024-07-06T16:28:29.054+0700] {dagbag.py:545} INFO - Filling up the DagBag from /home/acer/.local/share/virtualenvs/custom_airflow-E5ZHcY_K/lib/python3.12/site-packages/airflow/example_dags/example_time_delta_sensor_async.py
[2024-07-06T16:28:29.063+0700] {processor.py:840} INFO - DAG(s) 'example_time_delta_sensor_async' retrieved from /home/acer/.local/share/virtualenvs/custom_airflow-E5ZHcY_K/lib/python3.12/site-packages/airflow/example_dags/example_time_delta_sensor_async.py
[2024-07-06T16:28:29.080+0700] {logging_mixin.py:188} INFO - [2024-07-06T16:28:29.080+0700] {dag.py:3096} INFO - Sync 1 DAGs
[2024-07-06T16:28:29.093+0700] {logging_mixin.py:188} INFO - [2024-07-06T16:28:29.092+0700] {dag.py:3954} INFO - Setting next_dagrun for example_time_delta_sensor_async to None, run_after=None
[2024-07-06T16:28:29.113+0700] {processor.py:183} INFO - Processing /home/acer/.local/share/virtualenvs/custom_airflow-E5ZHcY_K/lib/python3.12/site-packages/airflow/example_dags/example_time_delta_sensor_async.py took 0.084 seconds
[2024-07-06T16:29:17.906+0700] {processor.py:161} INFO - Started process (PID=60970) to work on /home/acer/.local/share/virtualenvs/custom_airflow-E5ZHcY_K/lib/python3.12/site-packages/airflow/example_dags/example_time_delta_sensor_async.py
[2024-07-06T16:29:17.908+0700] {processor.py:830} INFO - Processing file /home/acer/.local/share/virtualenvs/custom_airflow-E5ZHcY_K/lib/python3.12/site-packages/airflow/example_dags/example_time_delta_sensor_async.py for tasks to queue
[2024-07-06T16:29:17.911+0700] {logging_mixin.py:188} INFO - [2024-07-06T16:29:17.911+0700] {dagbag.py:545} INFO - Filling up the DagBag from /home/acer/.local/share/virtualenvs/custom_airflow-E5ZHcY_K/lib/python3.12/site-packages/airflow/example_dags/example_time_delta_sensor_async.py
[2024-07-06T16:29:17.918+0700] {processor.py:840} INFO - DAG(s) 'example_time_delta_sensor_async' retrieved from /home/acer/.local/share/virtualenvs/custom_airflow-E5ZHcY_K/lib/python3.12/site-packages/airflow/example_dags/example_time_delta_sensor_async.py
[2024-07-06T16:29:17.935+0700] {logging_mixin.py:188} INFO - [2024-07-06T16:29:17.935+0700] {dag.py:3096} INFO - Sync 1 DAGs
[2024-07-06T16:29:17.947+0700] {logging_mixin.py:188} INFO - [2024-07-06T16:29:17.947+0700] {dag.py:3954} INFO - Setting next_dagrun for example_time_delta_sensor_async to None, run_after=None
[2024-07-06T16:29:17.968+0700] {processor.py:183} INFO - Processing /home/acer/.local/share/virtualenvs/custom_airflow-E5ZHcY_K/lib/python3.12/site-packages/airflow/example_dags/example_time_delta_sensor_async.py took 0.075 seconds
[2024-07-06T16:30:04.430+0700] {processor.py:161} INFO - Started process (PID=61207) to work on /home/acer/.local/share/virtualenvs/custom_airflow-E5ZHcY_K/lib/python3.12/site-packages/airflow/example_dags/example_time_delta_sensor_async.py
[2024-07-06T16:30:04.432+0700] {processor.py:830} INFO - Processing file /home/acer/.local/share/virtualenvs/custom_airflow-E5ZHcY_K/lib/python3.12/site-packages/airflow/example_dags/example_time_delta_sensor_async.py for tasks to queue
[2024-07-06T16:30:04.436+0700] {logging_mixin.py:188} INFO - [2024-07-06T16:30:04.435+0700] {dagbag.py:545} INFO - Filling up the DagBag from /home/acer/.local/share/virtualenvs/custom_airflow-E5ZHcY_K/lib/python3.12/site-packages/airflow/example_dags/example_time_delta_sensor_async.py
[2024-07-06T16:30:04.442+0700] {processor.py:840} INFO - DAG(s) 'example_time_delta_sensor_async' retrieved from /home/acer/.local/share/virtualenvs/custom_airflow-E5ZHcY_K/lib/python3.12/site-packages/airflow/example_dags/example_time_delta_sensor_async.py
[2024-07-06T16:30:04.459+0700] {logging_mixin.py:188} INFO - [2024-07-06T16:30:04.459+0700] {dag.py:3096} INFO - Sync 1 DAGs
[2024-07-06T16:30:04.471+0700] {logging_mixin.py:188} INFO - [2024-07-06T16:30:04.471+0700] {dag.py:3954} INFO - Setting next_dagrun for example_time_delta_sensor_async to None, run_after=None
[2024-07-06T16:30:04.492+0700] {processor.py:183} INFO - Processing /home/acer/.local/share/virtualenvs/custom_airflow-E5ZHcY_K/lib/python3.12/site-packages/airflow/example_dags/example_time_delta_sensor_async.py took 0.080 seconds
[2024-07-06T16:30:48.746+0700] {processor.py:161} INFO - Started process (PID=61458) to work on /home/acer/.local/share/virtualenvs/custom_airflow-E5ZHcY_K/lib/python3.12/site-packages/airflow/example_dags/example_time_delta_sensor_async.py
[2024-07-06T16:30:48.747+0700] {processor.py:830} INFO - Processing file /home/acer/.local/share/virtualenvs/custom_airflow-E5ZHcY_K/lib/python3.12/site-packages/airflow/example_dags/example_time_delta_sensor_async.py for tasks to queue
[2024-07-06T16:30:48.751+0700] {logging_mixin.py:188} INFO - [2024-07-06T16:30:48.750+0700] {dagbag.py:545} INFO - Filling up the DagBag from /home/acer/.local/share/virtualenvs/custom_airflow-E5ZHcY_K/lib/python3.12/site-packages/airflow/example_dags/example_time_delta_sensor_async.py
[2024-07-06T16:30:48.759+0700] {processor.py:840} INFO - DAG(s) 'example_time_delta_sensor_async' retrieved from /home/acer/.local/share/virtualenvs/custom_airflow-E5ZHcY_K/lib/python3.12/site-packages/airflow/example_dags/example_time_delta_sensor_async.py
[2024-07-06T16:30:48.778+0700] {logging_mixin.py:188} INFO - [2024-07-06T16:30:48.778+0700] {dag.py:3096} INFO - Sync 1 DAGs
[2024-07-06T16:30:48.790+0700] {logging_mixin.py:188} INFO - [2024-07-06T16:30:48.790+0700] {dag.py:3954} INFO - Setting next_dagrun for example_time_delta_sensor_async to None, run_after=None
[2024-07-06T16:30:48.810+0700] {processor.py:183} INFO - Processing /home/acer/.local/share/virtualenvs/custom_airflow-E5ZHcY_K/lib/python3.12/site-packages/airflow/example_dags/example_time_delta_sensor_async.py took 0.074 seconds
[2024-07-06T16:31:34.197+0700] {processor.py:161} INFO - Started process (PID=61694) to work on /home/acer/.local/share/virtualenvs/custom_airflow-E5ZHcY_K/lib/python3.12/site-packages/airflow/example_dags/example_time_delta_sensor_async.py
[2024-07-06T16:31:34.198+0700] {processor.py:830} INFO - Processing file /home/acer/.local/share/virtualenvs/custom_airflow-E5ZHcY_K/lib/python3.12/site-packages/airflow/example_dags/example_time_delta_sensor_async.py for tasks to queue
[2024-07-06T16:31:34.200+0700] {logging_mixin.py:188} INFO - [2024-07-06T16:31:34.199+0700] {dagbag.py:545} INFO - Filling up the DagBag from /home/acer/.local/share/virtualenvs/custom_airflow-E5ZHcY_K/lib/python3.12/site-packages/airflow/example_dags/example_time_delta_sensor_async.py
[2024-07-06T16:31:34.204+0700] {processor.py:840} INFO - DAG(s) 'example_time_delta_sensor_async' retrieved from /home/acer/.local/share/virtualenvs/custom_airflow-E5ZHcY_K/lib/python3.12/site-packages/airflow/example_dags/example_time_delta_sensor_async.py
[2024-07-06T16:31:34.219+0700] {logging_mixin.py:188} INFO - [2024-07-06T16:31:34.219+0700] {dag.py:3096} INFO - Sync 1 DAGs
[2024-07-06T16:31:34.231+0700] {logging_mixin.py:188} INFO - [2024-07-06T16:31:34.231+0700] {dag.py:3954} INFO - Setting next_dagrun for example_time_delta_sensor_async to None, run_after=None
[2024-07-06T16:31:34.252+0700] {processor.py:183} INFO - Processing /home/acer/.local/share/virtualenvs/custom_airflow-E5ZHcY_K/lib/python3.12/site-packages/airflow/example_dags/example_time_delta_sensor_async.py took 0.060 seconds
[2024-07-06T16:32:21.274+0700] {processor.py:161} INFO - Started process (PID=61918) to work on /home/acer/.local/share/virtualenvs/custom_airflow-E5ZHcY_K/lib/python3.12/site-packages/airflow/example_dags/example_time_delta_sensor_async.py
[2024-07-06T16:32:21.275+0700] {processor.py:830} INFO - Processing file /home/acer/.local/share/virtualenvs/custom_airflow-E5ZHcY_K/lib/python3.12/site-packages/airflow/example_dags/example_time_delta_sensor_async.py for tasks to queue
[2024-07-06T16:32:21.277+0700] {logging_mixin.py:188} INFO - [2024-07-06T16:32:21.276+0700] {dagbag.py:545} INFO - Filling up the DagBag from /home/acer/.local/share/virtualenvs/custom_airflow-E5ZHcY_K/lib/python3.12/site-packages/airflow/example_dags/example_time_delta_sensor_async.py
[2024-07-06T16:32:21.281+0700] {processor.py:840} INFO - DAG(s) 'example_time_delta_sensor_async' retrieved from /home/acer/.local/share/virtualenvs/custom_airflow-E5ZHcY_K/lib/python3.12/site-packages/airflow/example_dags/example_time_delta_sensor_async.py
[2024-07-06T16:32:21.297+0700] {logging_mixin.py:188} INFO - [2024-07-06T16:32:21.297+0700] {dag.py:3096} INFO - Sync 1 DAGs
[2024-07-06T16:32:21.309+0700] {logging_mixin.py:188} INFO - [2024-07-06T16:32:21.309+0700] {dag.py:3954} INFO - Setting next_dagrun for example_time_delta_sensor_async to None, run_after=None
[2024-07-06T16:32:21.330+0700] {processor.py:183} INFO - Processing /home/acer/.local/share/virtualenvs/custom_airflow-E5ZHcY_K/lib/python3.12/site-packages/airflow/example_dags/example_time_delta_sensor_async.py took 0.061 seconds
[2024-07-06T16:33:11.183+0700] {processor.py:161} INFO - Started process (PID=62182) to work on /home/acer/.local/share/virtualenvs/custom_airflow-E5ZHcY_K/lib/python3.12/site-packages/airflow/example_dags/example_time_delta_sensor_async.py
[2024-07-06T16:33:11.186+0700] {processor.py:830} INFO - Processing file /home/acer/.local/share/virtualenvs/custom_airflow-E5ZHcY_K/lib/python3.12/site-packages/airflow/example_dags/example_time_delta_sensor_async.py for tasks to queue
[2024-07-06T16:33:11.189+0700] {logging_mixin.py:188} INFO - [2024-07-06T16:33:11.188+0700] {dagbag.py:545} INFO - Filling up the DagBag from /home/acer/.local/share/virtualenvs/custom_airflow-E5ZHcY_K/lib/python3.12/site-packages/airflow/example_dags/example_time_delta_sensor_async.py
[2024-07-06T16:33:11.195+0700] {processor.py:840} INFO - DAG(s) 'example_time_delta_sensor_async' retrieved from /home/acer/.local/share/virtualenvs/custom_airflow-E5ZHcY_K/lib/python3.12/site-packages/airflow/example_dags/example_time_delta_sensor_async.py
[2024-07-06T16:33:11.219+0700] {logging_mixin.py:188} INFO - [2024-07-06T16:33:11.219+0700] {dag.py:3096} INFO - Sync 1 DAGs
[2024-07-06T16:33:11.239+0700] {logging_mixin.py:188} INFO - [2024-07-06T16:33:11.239+0700] {dag.py:3954} INFO - Setting next_dagrun for example_time_delta_sensor_async to None, run_after=None
[2024-07-06T16:33:11.271+0700] {processor.py:183} INFO - Processing /home/acer/.local/share/virtualenvs/custom_airflow-E5ZHcY_K/lib/python3.12/site-packages/airflow/example_dags/example_time_delta_sensor_async.py took 0.098 seconds
[2024-07-06T16:33:57.492+0700] {processor.py:161} INFO - Started process (PID=62427) to work on /home/acer/.local/share/virtualenvs/custom_airflow-E5ZHcY_K/lib/python3.12/site-packages/airflow/example_dags/example_time_delta_sensor_async.py
[2024-07-06T16:33:57.494+0700] {processor.py:830} INFO - Processing file /home/acer/.local/share/virtualenvs/custom_airflow-E5ZHcY_K/lib/python3.12/site-packages/airflow/example_dags/example_time_delta_sensor_async.py for tasks to queue
[2024-07-06T16:33:57.496+0700] {logging_mixin.py:188} INFO - [2024-07-06T16:33:57.496+0700] {dagbag.py:545} INFO - Filling up the DagBag from /home/acer/.local/share/virtualenvs/custom_airflow-E5ZHcY_K/lib/python3.12/site-packages/airflow/example_dags/example_time_delta_sensor_async.py
[2024-07-06T16:33:57.503+0700] {processor.py:840} INFO - DAG(s) 'example_time_delta_sensor_async' retrieved from /home/acer/.local/share/virtualenvs/custom_airflow-E5ZHcY_K/lib/python3.12/site-packages/airflow/example_dags/example_time_delta_sensor_async.py
[2024-07-06T16:33:57.523+0700] {logging_mixin.py:188} INFO - [2024-07-06T16:33:57.522+0700] {dag.py:3096} INFO - Sync 1 DAGs
[2024-07-06T16:33:57.535+0700] {logging_mixin.py:188} INFO - [2024-07-06T16:33:57.535+0700] {dag.py:3954} INFO - Setting next_dagrun for example_time_delta_sensor_async to None, run_after=None
[2024-07-06T16:33:57.556+0700] {processor.py:183} INFO - Processing /home/acer/.local/share/virtualenvs/custom_airflow-E5ZHcY_K/lib/python3.12/site-packages/airflow/example_dags/example_time_delta_sensor_async.py took 0.071 seconds
[2024-07-06T16:34:44.233+0700] {processor.py:161} INFO - Started process (PID=62655) to work on /home/acer/.local/share/virtualenvs/custom_airflow-E5ZHcY_K/lib/python3.12/site-packages/airflow/example_dags/example_time_delta_sensor_async.py
[2024-07-06T16:34:44.234+0700] {processor.py:830} INFO - Processing file /home/acer/.local/share/virtualenvs/custom_airflow-E5ZHcY_K/lib/python3.12/site-packages/airflow/example_dags/example_time_delta_sensor_async.py for tasks to queue
[2024-07-06T16:34:44.236+0700] {logging_mixin.py:188} INFO - [2024-07-06T16:34:44.235+0700] {dagbag.py:545} INFO - Filling up the DagBag from /home/acer/.local/share/virtualenvs/custom_airflow-E5ZHcY_K/lib/python3.12/site-packages/airflow/example_dags/example_time_delta_sensor_async.py
[2024-07-06T16:34:44.240+0700] {processor.py:840} INFO - DAG(s) 'example_time_delta_sensor_async' retrieved from /home/acer/.local/share/virtualenvs/custom_airflow-E5ZHcY_K/lib/python3.12/site-packages/airflow/example_dags/example_time_delta_sensor_async.py
[2024-07-06T16:34:44.255+0700] {logging_mixin.py:188} INFO - [2024-07-06T16:34:44.255+0700] {dag.py:3096} INFO - Sync 1 DAGs
[2024-07-06T16:34:44.267+0700] {logging_mixin.py:188} INFO - [2024-07-06T16:34:44.267+0700] {dag.py:3954} INFO - Setting next_dagrun for example_time_delta_sensor_async to None, run_after=None
[2024-07-06T16:34:44.296+0700] {processor.py:183} INFO - Processing /home/acer/.local/share/virtualenvs/custom_airflow-E5ZHcY_K/lib/python3.12/site-packages/airflow/example_dags/example_time_delta_sensor_async.py took 0.069 seconds
[2024-07-06T16:35:33.393+0700] {processor.py:161} INFO - Started process (PID=62928) to work on /home/acer/.local/share/virtualenvs/custom_airflow-E5ZHcY_K/lib/python3.12/site-packages/airflow/example_dags/example_time_delta_sensor_async.py
[2024-07-06T16:35:33.394+0700] {processor.py:830} INFO - Processing file /home/acer/.local/share/virtualenvs/custom_airflow-E5ZHcY_K/lib/python3.12/site-packages/airflow/example_dags/example_time_delta_sensor_async.py for tasks to queue
[2024-07-06T16:35:33.396+0700] {logging_mixin.py:188} INFO - [2024-07-06T16:35:33.395+0700] {dagbag.py:545} INFO - Filling up the DagBag from /home/acer/.local/share/virtualenvs/custom_airflow-E5ZHcY_K/lib/python3.12/site-packages/airflow/example_dags/example_time_delta_sensor_async.py
[2024-07-06T16:35:33.400+0700] {processor.py:840} INFO - DAG(s) 'example_time_delta_sensor_async' retrieved from /home/acer/.local/share/virtualenvs/custom_airflow-E5ZHcY_K/lib/python3.12/site-packages/airflow/example_dags/example_time_delta_sensor_async.py
[2024-07-06T16:35:33.415+0700] {logging_mixin.py:188} INFO - [2024-07-06T16:35:33.415+0700] {dag.py:3096} INFO - Sync 1 DAGs
[2024-07-06T16:35:33.427+0700] {logging_mixin.py:188} INFO - [2024-07-06T16:35:33.427+0700] {dag.py:3954} INFO - Setting next_dagrun for example_time_delta_sensor_async to None, run_after=None
[2024-07-06T16:35:33.448+0700] {processor.py:183} INFO - Processing /home/acer/.local/share/virtualenvs/custom_airflow-E5ZHcY_K/lib/python3.12/site-packages/airflow/example_dags/example_time_delta_sensor_async.py took 0.061 seconds
[2024-07-06T16:36:20.883+0700] {processor.py:161} INFO - Started process (PID=63221) to work on /home/acer/.local/share/virtualenvs/custom_airflow-E5ZHcY_K/lib/python3.12/site-packages/airflow/example_dags/example_time_delta_sensor_async.py
[2024-07-06T16:36:20.885+0700] {processor.py:830} INFO - Processing file /home/acer/.local/share/virtualenvs/custom_airflow-E5ZHcY_K/lib/python3.12/site-packages/airflow/example_dags/example_time_delta_sensor_async.py for tasks to queue
[2024-07-06T16:36:20.888+0700] {logging_mixin.py:188} INFO - [2024-07-06T16:36:20.888+0700] {dagbag.py:545} INFO - Filling up the DagBag from /home/acer/.local/share/virtualenvs/custom_airflow-E5ZHcY_K/lib/python3.12/site-packages/airflow/example_dags/example_time_delta_sensor_async.py
[2024-07-06T16:36:20.896+0700] {processor.py:840} INFO - DAG(s) 'example_time_delta_sensor_async' retrieved from /home/acer/.local/share/virtualenvs/custom_airflow-E5ZHcY_K/lib/python3.12/site-packages/airflow/example_dags/example_time_delta_sensor_async.py
[2024-07-06T16:36:20.913+0700] {logging_mixin.py:188} INFO - [2024-07-06T16:36:20.913+0700] {dag.py:3096} INFO - Sync 1 DAGs
[2024-07-06T16:36:20.925+0700] {logging_mixin.py:188} INFO - [2024-07-06T16:36:20.925+0700] {dag.py:3954} INFO - Setting next_dagrun for example_time_delta_sensor_async to None, run_after=None
[2024-07-06T16:36:20.946+0700] {processor.py:183} INFO - Processing /home/acer/.local/share/virtualenvs/custom_airflow-E5ZHcY_K/lib/python3.12/site-packages/airflow/example_dags/example_time_delta_sensor_async.py took 0.073 seconds
[2024-07-06T21:54:28.342+0700] {processor.py:161} INFO - Started process (PID=11864) to work on /home/acer/.local/share/virtualenvs/custom_airflow-E5ZHcY_K/lib/python3.12/site-packages/airflow/example_dags/example_time_delta_sensor_async.py
[2024-07-06T21:54:28.343+0700] {processor.py:830} INFO - Processing file /home/acer/.local/share/virtualenvs/custom_airflow-E5ZHcY_K/lib/python3.12/site-packages/airflow/example_dags/example_time_delta_sensor_async.py for tasks to queue
[2024-07-06T21:54:28.345+0700] {logging_mixin.py:188} INFO - [2024-07-06T21:54:28.345+0700] {dagbag.py:545} INFO - Filling up the DagBag from /home/acer/.local/share/virtualenvs/custom_airflow-E5ZHcY_K/lib/python3.12/site-packages/airflow/example_dags/example_time_delta_sensor_async.py
[2024-07-06T21:54:28.352+0700] {processor.py:840} INFO - DAG(s) 'example_time_delta_sensor_async' retrieved from /home/acer/.local/share/virtualenvs/custom_airflow-E5ZHcY_K/lib/python3.12/site-packages/airflow/example_dags/example_time_delta_sensor_async.py
[2024-07-06T21:54:28.371+0700] {logging_mixin.py:188} INFO - [2024-07-06T21:54:28.370+0700] {dag.py:3096} INFO - Sync 1 DAGs
[2024-07-06T21:54:28.383+0700] {logging_mixin.py:188} INFO - [2024-07-06T21:54:28.383+0700] {dag.py:3954} INFO - Setting next_dagrun for example_time_delta_sensor_async to None, run_after=None
[2024-07-06T21:54:28.411+0700] {processor.py:183} INFO - Processing /home/acer/.local/share/virtualenvs/custom_airflow-E5ZHcY_K/lib/python3.12/site-packages/airflow/example_dags/example_time_delta_sensor_async.py took 0.074 seconds
[2024-07-06T21:55:25.397+0700] {processor.py:161} INFO - Started process (PID=12530) to work on /home/acer/.local/share/virtualenvs/custom_airflow-E5ZHcY_K/lib/python3.12/site-packages/airflow/example_dags/example_time_delta_sensor_async.py
[2024-07-06T21:55:25.398+0700] {processor.py:830} INFO - Processing file /home/acer/.local/share/virtualenvs/custom_airflow-E5ZHcY_K/lib/python3.12/site-packages/airflow/example_dags/example_time_delta_sensor_async.py for tasks to queue
[2024-07-06T21:55:25.402+0700] {logging_mixin.py:188} INFO - [2024-07-06T21:55:25.402+0700] {dagbag.py:545} INFO - Filling up the DagBag from /home/acer/.local/share/virtualenvs/custom_airflow-E5ZHcY_K/lib/python3.12/site-packages/airflow/example_dags/example_time_delta_sensor_async.py
[2024-07-06T21:55:25.408+0700] {processor.py:840} INFO - DAG(s) 'example_time_delta_sensor_async' retrieved from /home/acer/.local/share/virtualenvs/custom_airflow-E5ZHcY_K/lib/python3.12/site-packages/airflow/example_dags/example_time_delta_sensor_async.py
[2024-07-06T21:55:25.427+0700] {logging_mixin.py:188} INFO - [2024-07-06T21:55:25.427+0700] {dag.py:3096} INFO - Sync 1 DAGs
[2024-07-06T21:55:25.443+0700] {logging_mixin.py:188} INFO - [2024-07-06T21:55:25.443+0700] {dag.py:3954} INFO - Setting next_dagrun for example_time_delta_sensor_async to None, run_after=None
[2024-07-06T21:55:25.469+0700] {processor.py:183} INFO - Processing /home/acer/.local/share/virtualenvs/custom_airflow-E5ZHcY_K/lib/python3.12/site-packages/airflow/example_dags/example_time_delta_sensor_async.py took 0.080 seconds
[2024-07-06T21:56:15.099+0700] {processor.py:161} INFO - Started process (PID=13095) to work on /home/acer/.local/share/virtualenvs/custom_airflow-E5ZHcY_K/lib/python3.12/site-packages/airflow/example_dags/example_time_delta_sensor_async.py
[2024-07-06T21:56:15.103+0700] {processor.py:830} INFO - Processing file /home/acer/.local/share/virtualenvs/custom_airflow-E5ZHcY_K/lib/python3.12/site-packages/airflow/example_dags/example_time_delta_sensor_async.py for tasks to queue
[2024-07-06T21:56:15.111+0700] {logging_mixin.py:188} INFO - [2024-07-06T21:56:15.109+0700] {dagbag.py:545} INFO - Filling up the DagBag from /home/acer/.local/share/virtualenvs/custom_airflow-E5ZHcY_K/lib/python3.12/site-packages/airflow/example_dags/example_time_delta_sensor_async.py
[2024-07-06T21:56:15.123+0700] {processor.py:840} INFO - DAG(s) 'example_time_delta_sensor_async' retrieved from /home/acer/.local/share/virtualenvs/custom_airflow-E5ZHcY_K/lib/python3.12/site-packages/airflow/example_dags/example_time_delta_sensor_async.py
[2024-07-06T21:56:15.148+0700] {logging_mixin.py:188} INFO - [2024-07-06T21:56:15.147+0700] {dag.py:3096} INFO - Sync 1 DAGs
[2024-07-06T21:56:15.166+0700] {logging_mixin.py:188} INFO - [2024-07-06T21:56:15.166+0700] {dag.py:3954} INFO - Setting next_dagrun for example_time_delta_sensor_async to None, run_after=None
[2024-07-06T21:56:15.192+0700] {processor.py:183} INFO - Processing /home/acer/.local/share/virtualenvs/custom_airflow-E5ZHcY_K/lib/python3.12/site-packages/airflow/example_dags/example_time_delta_sensor_async.py took 0.119 seconds
[2024-07-06T21:57:03.714+0700] {processor.py:161} INFO - Started process (PID=13598) to work on /home/acer/.local/share/virtualenvs/custom_airflow-E5ZHcY_K/lib/python3.12/site-packages/airflow/example_dags/example_time_delta_sensor_async.py
[2024-07-06T21:57:03.717+0700] {processor.py:830} INFO - Processing file /home/acer/.local/share/virtualenvs/custom_airflow-E5ZHcY_K/lib/python3.12/site-packages/airflow/example_dags/example_time_delta_sensor_async.py for tasks to queue
[2024-07-06T21:57:03.723+0700] {logging_mixin.py:188} INFO - [2024-07-06T21:57:03.722+0700] {dagbag.py:545} INFO - Filling up the DagBag from /home/acer/.local/share/virtualenvs/custom_airflow-E5ZHcY_K/lib/python3.12/site-packages/airflow/example_dags/example_time_delta_sensor_async.py
[2024-07-06T21:57:03.733+0700] {processor.py:840} INFO - DAG(s) 'example_time_delta_sensor_async' retrieved from /home/acer/.local/share/virtualenvs/custom_airflow-E5ZHcY_K/lib/python3.12/site-packages/airflow/example_dags/example_time_delta_sensor_async.py
[2024-07-06T21:57:03.752+0700] {logging_mixin.py:188} INFO - [2024-07-06T21:57:03.752+0700] {dag.py:3096} INFO - Sync 1 DAGs
[2024-07-06T21:57:03.765+0700] {logging_mixin.py:188} INFO - [2024-07-06T21:57:03.765+0700] {dag.py:3954} INFO - Setting next_dagrun for example_time_delta_sensor_async to None, run_after=None
[2024-07-06T21:57:03.786+0700] {processor.py:183} INFO - Processing /home/acer/.local/share/virtualenvs/custom_airflow-E5ZHcY_K/lib/python3.12/site-packages/airflow/example_dags/example_time_delta_sensor_async.py took 0.097 seconds
[2024-07-06T21:57:54.784+0700] {processor.py:161} INFO - Started process (PID=14050) to work on /home/acer/.local/share/virtualenvs/custom_airflow-E5ZHcY_K/lib/python3.12/site-packages/airflow/example_dags/example_time_delta_sensor_async.py
[2024-07-06T21:57:54.786+0700] {processor.py:830} INFO - Processing file /home/acer/.local/share/virtualenvs/custom_airflow-E5ZHcY_K/lib/python3.12/site-packages/airflow/example_dags/example_time_delta_sensor_async.py for tasks to queue
[2024-07-06T21:57:54.790+0700] {logging_mixin.py:188} INFO - [2024-07-06T21:57:54.789+0700] {dagbag.py:545} INFO - Filling up the DagBag from /home/acer/.local/share/virtualenvs/custom_airflow-E5ZHcY_K/lib/python3.12/site-packages/airflow/example_dags/example_time_delta_sensor_async.py
[2024-07-06T21:57:54.797+0700] {processor.py:840} INFO - DAG(s) 'example_time_delta_sensor_async' retrieved from /home/acer/.local/share/virtualenvs/custom_airflow-E5ZHcY_K/lib/python3.12/site-packages/airflow/example_dags/example_time_delta_sensor_async.py
[2024-07-06T21:57:54.814+0700] {logging_mixin.py:188} INFO - [2024-07-06T21:57:54.814+0700] {dag.py:3096} INFO - Sync 1 DAGs
[2024-07-06T21:57:54.833+0700] {logging_mixin.py:188} INFO - [2024-07-06T21:57:54.833+0700] {dag.py:3954} INFO - Setting next_dagrun for example_time_delta_sensor_async to None, run_after=None
[2024-07-06T21:57:54.855+0700] {processor.py:183} INFO - Processing /home/acer/.local/share/virtualenvs/custom_airflow-E5ZHcY_K/lib/python3.12/site-packages/airflow/example_dags/example_time_delta_sensor_async.py took 0.084 seconds
[2024-07-06T21:58:49.402+0700] {processor.py:161} INFO - Started process (PID=14305) to work on /home/acer/.local/share/virtualenvs/custom_airflow-E5ZHcY_K/lib/python3.12/site-packages/airflow/example_dags/example_time_delta_sensor_async.py
[2024-07-06T21:58:49.404+0700] {processor.py:830} INFO - Processing file /home/acer/.local/share/virtualenvs/custom_airflow-E5ZHcY_K/lib/python3.12/site-packages/airflow/example_dags/example_time_delta_sensor_async.py for tasks to queue
[2024-07-06T21:58:49.407+0700] {logging_mixin.py:188} INFO - [2024-07-06T21:58:49.407+0700] {dagbag.py:545} INFO - Filling up the DagBag from /home/acer/.local/share/virtualenvs/custom_airflow-E5ZHcY_K/lib/python3.12/site-packages/airflow/example_dags/example_time_delta_sensor_async.py
[2024-07-06T21:58:49.414+0700] {processor.py:840} INFO - DAG(s) 'example_time_delta_sensor_async' retrieved from /home/acer/.local/share/virtualenvs/custom_airflow-E5ZHcY_K/lib/python3.12/site-packages/airflow/example_dags/example_time_delta_sensor_async.py
[2024-07-06T21:58:49.430+0700] {logging_mixin.py:188} INFO - [2024-07-06T21:58:49.430+0700] {dag.py:3096} INFO - Sync 1 DAGs
[2024-07-06T21:58:49.450+0700] {logging_mixin.py:188} INFO - [2024-07-06T21:58:49.450+0700] {dag.py:3954} INFO - Setting next_dagrun for example_time_delta_sensor_async to None, run_after=None
[2024-07-06T21:58:49.475+0700] {processor.py:183} INFO - Processing /home/acer/.local/share/virtualenvs/custom_airflow-E5ZHcY_K/lib/python3.12/site-packages/airflow/example_dags/example_time_delta_sensor_async.py took 0.083 seconds
[2024-07-06T21:59:38.899+0700] {processor.py:161} INFO - Started process (PID=14564) to work on /home/acer/.local/share/virtualenvs/custom_airflow-E5ZHcY_K/lib/python3.12/site-packages/airflow/example_dags/example_time_delta_sensor_async.py
[2024-07-06T21:59:38.900+0700] {processor.py:830} INFO - Processing file /home/acer/.local/share/virtualenvs/custom_airflow-E5ZHcY_K/lib/python3.12/site-packages/airflow/example_dags/example_time_delta_sensor_async.py for tasks to queue
[2024-07-06T21:59:38.903+0700] {logging_mixin.py:188} INFO - [2024-07-06T21:59:38.902+0700] {dagbag.py:545} INFO - Filling up the DagBag from /home/acer/.local/share/virtualenvs/custom_airflow-E5ZHcY_K/lib/python3.12/site-packages/airflow/example_dags/example_time_delta_sensor_async.py
[2024-07-06T21:59:38.908+0700] {processor.py:840} INFO - DAG(s) 'example_time_delta_sensor_async' retrieved from /home/acer/.local/share/virtualenvs/custom_airflow-E5ZHcY_K/lib/python3.12/site-packages/airflow/example_dags/example_time_delta_sensor_async.py
[2024-07-06T21:59:38.923+0700] {logging_mixin.py:188} INFO - [2024-07-06T21:59:38.923+0700] {dag.py:3096} INFO - Sync 1 DAGs
[2024-07-06T21:59:38.936+0700] {logging_mixin.py:188} INFO - [2024-07-06T21:59:38.936+0700] {dag.py:3954} INFO - Setting next_dagrun for example_time_delta_sensor_async to None, run_after=None
[2024-07-06T21:59:38.959+0700] {processor.py:183} INFO - Processing /home/acer/.local/share/virtualenvs/custom_airflow-E5ZHcY_K/lib/python3.12/site-packages/airflow/example_dags/example_time_delta_sensor_async.py took 0.071 seconds
[2024-07-06T22:00:30.041+0700] {processor.py:161} INFO - Started process (PID=14936) to work on /home/acer/.local/share/virtualenvs/custom_airflow-E5ZHcY_K/lib/python3.12/site-packages/airflow/example_dags/example_time_delta_sensor_async.py
[2024-07-06T22:00:30.042+0700] {processor.py:830} INFO - Processing file /home/acer/.local/share/virtualenvs/custom_airflow-E5ZHcY_K/lib/python3.12/site-packages/airflow/example_dags/example_time_delta_sensor_async.py for tasks to queue
[2024-07-06T22:00:30.045+0700] {logging_mixin.py:188} INFO - [2024-07-06T22:00:30.045+0700] {dagbag.py:545} INFO - Filling up the DagBag from /home/acer/.local/share/virtualenvs/custom_airflow-E5ZHcY_K/lib/python3.12/site-packages/airflow/example_dags/example_time_delta_sensor_async.py
[2024-07-06T22:00:30.051+0700] {processor.py:840} INFO - DAG(s) 'example_time_delta_sensor_async' retrieved from /home/acer/.local/share/virtualenvs/custom_airflow-E5ZHcY_K/lib/python3.12/site-packages/airflow/example_dags/example_time_delta_sensor_async.py
[2024-07-06T22:00:30.068+0700] {logging_mixin.py:188} INFO - [2024-07-06T22:00:30.068+0700] {dag.py:3096} INFO - Sync 1 DAGs
[2024-07-06T22:00:30.084+0700] {logging_mixin.py:188} INFO - [2024-07-06T22:00:30.083+0700] {dag.py:3954} INFO - Setting next_dagrun for example_time_delta_sensor_async to None, run_after=None
[2024-07-06T22:00:30.109+0700] {processor.py:183} INFO - Processing /home/acer/.local/share/virtualenvs/custom_airflow-E5ZHcY_K/lib/python3.12/site-packages/airflow/example_dags/example_time_delta_sensor_async.py took 0.075 seconds
[2024-07-06T22:01:58.978+0700] {processor.py:161} INFO - Started process (PID=15917) to work on /home/acer/.local/share/virtualenvs/custom_airflow-E5ZHcY_K/lib/python3.12/site-packages/airflow/example_dags/example_time_delta_sensor_async.py
[2024-07-06T22:01:58.979+0700] {processor.py:830} INFO - Processing file /home/acer/.local/share/virtualenvs/custom_airflow-E5ZHcY_K/lib/python3.12/site-packages/airflow/example_dags/example_time_delta_sensor_async.py for tasks to queue
[2024-07-06T22:01:58.981+0700] {logging_mixin.py:188} INFO - [2024-07-06T22:01:58.981+0700] {dagbag.py:545} INFO - Filling up the DagBag from /home/acer/.local/share/virtualenvs/custom_airflow-E5ZHcY_K/lib/python3.12/site-packages/airflow/example_dags/example_time_delta_sensor_async.py
[2024-07-06T22:01:58.986+0700] {processor.py:840} INFO - DAG(s) 'example_time_delta_sensor_async' retrieved from /home/acer/.local/share/virtualenvs/custom_airflow-E5ZHcY_K/lib/python3.12/site-packages/airflow/example_dags/example_time_delta_sensor_async.py
[2024-07-06T22:01:59.002+0700] {logging_mixin.py:188} INFO - [2024-07-06T22:01:59.001+0700] {dag.py:3096} INFO - Sync 1 DAGs
[2024-07-06T22:01:59.014+0700] {logging_mixin.py:188} INFO - [2024-07-06T22:01:59.013+0700] {dag.py:3954} INFO - Setting next_dagrun for example_time_delta_sensor_async to None, run_after=None
[2024-07-06T22:01:59.035+0700] {processor.py:183} INFO - Processing /home/acer/.local/share/virtualenvs/custom_airflow-E5ZHcY_K/lib/python3.12/site-packages/airflow/example_dags/example_time_delta_sensor_async.py took 0.063 seconds
[2024-07-06T22:02:57.505+0700] {processor.py:161} INFO - Started process (PID=16331) to work on /home/acer/.local/share/virtualenvs/custom_airflow-E5ZHcY_K/lib/python3.12/site-packages/airflow/example_dags/example_time_delta_sensor_async.py
[2024-07-06T22:02:57.506+0700] {processor.py:830} INFO - Processing file /home/acer/.local/share/virtualenvs/custom_airflow-E5ZHcY_K/lib/python3.12/site-packages/airflow/example_dags/example_time_delta_sensor_async.py for tasks to queue
[2024-07-06T22:02:57.508+0700] {logging_mixin.py:188} INFO - [2024-07-06T22:02:57.507+0700] {dagbag.py:545} INFO - Filling up the DagBag from /home/acer/.local/share/virtualenvs/custom_airflow-E5ZHcY_K/lib/python3.12/site-packages/airflow/example_dags/example_time_delta_sensor_async.py
[2024-07-06T22:02:57.513+0700] {processor.py:840} INFO - DAG(s) 'example_time_delta_sensor_async' retrieved from /home/acer/.local/share/virtualenvs/custom_airflow-E5ZHcY_K/lib/python3.12/site-packages/airflow/example_dags/example_time_delta_sensor_async.py
[2024-07-06T22:02:57.527+0700] {logging_mixin.py:188} INFO - [2024-07-06T22:02:57.527+0700] {dag.py:3096} INFO - Sync 1 DAGs
[2024-07-06T22:02:57.539+0700] {logging_mixin.py:188} INFO - [2024-07-06T22:02:57.539+0700] {dag.py:3954} INFO - Setting next_dagrun for example_time_delta_sensor_async to None, run_after=None
[2024-07-06T22:02:57.560+0700] {processor.py:183} INFO - Processing /home/acer/.local/share/virtualenvs/custom_airflow-E5ZHcY_K/lib/python3.12/site-packages/airflow/example_dags/example_time_delta_sensor_async.py took 0.061 seconds
[2024-07-06T22:03:49.432+0700] {processor.py:161} INFO - Started process (PID=16583) to work on /home/acer/.local/share/virtualenvs/custom_airflow-E5ZHcY_K/lib/python3.12/site-packages/airflow/example_dags/example_time_delta_sensor_async.py
[2024-07-06T22:03:49.433+0700] {processor.py:830} INFO - Processing file /home/acer/.local/share/virtualenvs/custom_airflow-E5ZHcY_K/lib/python3.12/site-packages/airflow/example_dags/example_time_delta_sensor_async.py for tasks to queue
[2024-07-06T22:03:49.435+0700] {logging_mixin.py:188} INFO - [2024-07-06T22:03:49.435+0700] {dagbag.py:545} INFO - Filling up the DagBag from /home/acer/.local/share/virtualenvs/custom_airflow-E5ZHcY_K/lib/python3.12/site-packages/airflow/example_dags/example_time_delta_sensor_async.py
[2024-07-06T22:03:49.439+0700] {processor.py:840} INFO - DAG(s) 'example_time_delta_sensor_async' retrieved from /home/acer/.local/share/virtualenvs/custom_airflow-E5ZHcY_K/lib/python3.12/site-packages/airflow/example_dags/example_time_delta_sensor_async.py
[2024-07-06T22:03:49.454+0700] {logging_mixin.py:188} INFO - [2024-07-06T22:03:49.454+0700] {dag.py:3096} INFO - Sync 1 DAGs
[2024-07-06T22:03:49.466+0700] {logging_mixin.py:188} INFO - [2024-07-06T22:03:49.466+0700] {dag.py:3954} INFO - Setting next_dagrun for example_time_delta_sensor_async to None, run_after=None
[2024-07-06T22:03:49.488+0700] {processor.py:183} INFO - Processing /home/acer/.local/share/virtualenvs/custom_airflow-E5ZHcY_K/lib/python3.12/site-packages/airflow/example_dags/example_time_delta_sensor_async.py took 0.061 seconds
[2024-07-06T22:05:17.352+0700] {processor.py:161} INFO - Started process (PID=17634) to work on /home/acer/.local/share/virtualenvs/custom_airflow-E5ZHcY_K/lib/python3.12/site-packages/airflow/example_dags/example_time_delta_sensor_async.py
[2024-07-06T22:05:17.353+0700] {processor.py:830} INFO - Processing file /home/acer/.local/share/virtualenvs/custom_airflow-E5ZHcY_K/lib/python3.12/site-packages/airflow/example_dags/example_time_delta_sensor_async.py for tasks to queue
[2024-07-06T22:05:17.355+0700] {logging_mixin.py:188} INFO - [2024-07-06T22:05:17.354+0700] {dagbag.py:545} INFO - Filling up the DagBag from /home/acer/.local/share/virtualenvs/custom_airflow-E5ZHcY_K/lib/python3.12/site-packages/airflow/example_dags/example_time_delta_sensor_async.py
[2024-07-06T22:05:17.360+0700] {processor.py:840} INFO - DAG(s) 'example_time_delta_sensor_async' retrieved from /home/acer/.local/share/virtualenvs/custom_airflow-E5ZHcY_K/lib/python3.12/site-packages/airflow/example_dags/example_time_delta_sensor_async.py
[2024-07-06T22:05:17.375+0700] {logging_mixin.py:188} INFO - [2024-07-06T22:05:17.375+0700] {dag.py:3096} INFO - Sync 1 DAGs
[2024-07-06T22:05:17.388+0700] {logging_mixin.py:188} INFO - [2024-07-06T22:05:17.387+0700] {dag.py:3954} INFO - Setting next_dagrun for example_time_delta_sensor_async to None, run_after=None
[2024-07-06T22:05:17.408+0700] {processor.py:183} INFO - Processing /home/acer/.local/share/virtualenvs/custom_airflow-E5ZHcY_K/lib/python3.12/site-packages/airflow/example_dags/example_time_delta_sensor_async.py took 0.062 seconds
[2024-07-06T22:06:09.860+0700] {processor.py:161} INFO - Started process (PID=17894) to work on /home/acer/.local/share/virtualenvs/custom_airflow-E5ZHcY_K/lib/python3.12/site-packages/airflow/example_dags/example_time_delta_sensor_async.py
[2024-07-06T22:06:09.862+0700] {processor.py:830} INFO - Processing file /home/acer/.local/share/virtualenvs/custom_airflow-E5ZHcY_K/lib/python3.12/site-packages/airflow/example_dags/example_time_delta_sensor_async.py for tasks to queue
[2024-07-06T22:06:09.864+0700] {logging_mixin.py:188} INFO - [2024-07-06T22:06:09.864+0700] {dagbag.py:545} INFO - Filling up the DagBag from /home/acer/.local/share/virtualenvs/custom_airflow-E5ZHcY_K/lib/python3.12/site-packages/airflow/example_dags/example_time_delta_sensor_async.py
[2024-07-06T22:06:09.870+0700] {processor.py:840} INFO - DAG(s) 'example_time_delta_sensor_async' retrieved from /home/acer/.local/share/virtualenvs/custom_airflow-E5ZHcY_K/lib/python3.12/site-packages/airflow/example_dags/example_time_delta_sensor_async.py
[2024-07-06T22:06:09.885+0700] {logging_mixin.py:188} INFO - [2024-07-06T22:06:09.885+0700] {dag.py:3096} INFO - Sync 1 DAGs
[2024-07-06T22:06:09.897+0700] {logging_mixin.py:188} INFO - [2024-07-06T22:06:09.897+0700] {dag.py:3954} INFO - Setting next_dagrun for example_time_delta_sensor_async to None, run_after=None
[2024-07-06T22:06:09.918+0700] {processor.py:183} INFO - Processing /home/acer/.local/share/virtualenvs/custom_airflow-E5ZHcY_K/lib/python3.12/site-packages/airflow/example_dags/example_time_delta_sensor_async.py took 0.066 seconds
[2024-07-06T22:06:59.169+0700] {processor.py:161} INFO - Started process (PID=18328) to work on /home/acer/.local/share/virtualenvs/custom_airflow-E5ZHcY_K/lib/python3.12/site-packages/airflow/example_dags/example_time_delta_sensor_async.py
[2024-07-06T22:06:59.170+0700] {processor.py:830} INFO - Processing file /home/acer/.local/share/virtualenvs/custom_airflow-E5ZHcY_K/lib/python3.12/site-packages/airflow/example_dags/example_time_delta_sensor_async.py for tasks to queue
[2024-07-06T22:06:59.173+0700] {logging_mixin.py:188} INFO - [2024-07-06T22:06:59.172+0700] {dagbag.py:545} INFO - Filling up the DagBag from /home/acer/.local/share/virtualenvs/custom_airflow-E5ZHcY_K/lib/python3.12/site-packages/airflow/example_dags/example_time_delta_sensor_async.py
[2024-07-06T22:06:59.182+0700] {processor.py:840} INFO - DAG(s) 'example_time_delta_sensor_async' retrieved from /home/acer/.local/share/virtualenvs/custom_airflow-E5ZHcY_K/lib/python3.12/site-packages/airflow/example_dags/example_time_delta_sensor_async.py
[2024-07-06T22:06:59.207+0700] {logging_mixin.py:188} INFO - [2024-07-06T22:06:59.207+0700] {dag.py:3096} INFO - Sync 1 DAGs
[2024-07-06T22:06:59.228+0700] {logging_mixin.py:188} INFO - [2024-07-06T22:06:59.227+0700] {dag.py:3954} INFO - Setting next_dagrun for example_time_delta_sensor_async to None, run_after=None
[2024-07-06T22:06:59.254+0700] {processor.py:183} INFO - Processing /home/acer/.local/share/virtualenvs/custom_airflow-E5ZHcY_K/lib/python3.12/site-packages/airflow/example_dags/example_time_delta_sensor_async.py took 0.093 seconds
[2024-07-06T22:07:54.143+0700] {processor.py:161} INFO - Started process (PID=18687) to work on /home/acer/.local/share/virtualenvs/custom_airflow-E5ZHcY_K/lib/python3.12/site-packages/airflow/example_dags/example_time_delta_sensor_async.py
[2024-07-06T22:07:54.144+0700] {processor.py:830} INFO - Processing file /home/acer/.local/share/virtualenvs/custom_airflow-E5ZHcY_K/lib/python3.12/site-packages/airflow/example_dags/example_time_delta_sensor_async.py for tasks to queue
[2024-07-06T22:07:54.146+0700] {logging_mixin.py:188} INFO - [2024-07-06T22:07:54.146+0700] {dagbag.py:545} INFO - Filling up the DagBag from /home/acer/.local/share/virtualenvs/custom_airflow-E5ZHcY_K/lib/python3.12/site-packages/airflow/example_dags/example_time_delta_sensor_async.py
[2024-07-06T22:07:54.152+0700] {processor.py:840} INFO - DAG(s) 'example_time_delta_sensor_async' retrieved from /home/acer/.local/share/virtualenvs/custom_airflow-E5ZHcY_K/lib/python3.12/site-packages/airflow/example_dags/example_time_delta_sensor_async.py
[2024-07-06T22:07:54.169+0700] {logging_mixin.py:188} INFO - [2024-07-06T22:07:54.169+0700] {dag.py:3096} INFO - Sync 1 DAGs
[2024-07-06T22:07:54.187+0700] {logging_mixin.py:188} INFO - [2024-07-06T22:07:54.186+0700] {dag.py:3954} INFO - Setting next_dagrun for example_time_delta_sensor_async to None, run_after=None
[2024-07-06T22:07:54.214+0700] {processor.py:183} INFO - Processing /home/acer/.local/share/virtualenvs/custom_airflow-E5ZHcY_K/lib/python3.12/site-packages/airflow/example_dags/example_time_delta_sensor_async.py took 0.077 seconds
[2024-07-06T22:08:48.987+0700] {processor.py:161} INFO - Started process (PID=18973) to work on /home/acer/.local/share/virtualenvs/custom_airflow-E5ZHcY_K/lib/python3.12/site-packages/airflow/example_dags/example_time_delta_sensor_async.py
[2024-07-06T22:08:48.990+0700] {processor.py:830} INFO - Processing file /home/acer/.local/share/virtualenvs/custom_airflow-E5ZHcY_K/lib/python3.12/site-packages/airflow/example_dags/example_time_delta_sensor_async.py for tasks to queue
[2024-07-06T22:08:48.992+0700] {logging_mixin.py:188} INFO - [2024-07-06T22:08:48.992+0700] {dagbag.py:545} INFO - Filling up the DagBag from /home/acer/.local/share/virtualenvs/custom_airflow-E5ZHcY_K/lib/python3.12/site-packages/airflow/example_dags/example_time_delta_sensor_async.py
[2024-07-06T22:08:48.999+0700] {processor.py:840} INFO - DAG(s) 'example_time_delta_sensor_async' retrieved from /home/acer/.local/share/virtualenvs/custom_airflow-E5ZHcY_K/lib/python3.12/site-packages/airflow/example_dags/example_time_delta_sensor_async.py
[2024-07-06T22:08:49.018+0700] {logging_mixin.py:188} INFO - [2024-07-06T22:08:49.018+0700] {dag.py:3096} INFO - Sync 1 DAGs
[2024-07-06T22:08:49.035+0700] {logging_mixin.py:188} INFO - [2024-07-06T22:08:49.035+0700] {dag.py:3954} INFO - Setting next_dagrun for example_time_delta_sensor_async to None, run_after=None
[2024-07-06T22:08:49.067+0700] {processor.py:183} INFO - Processing /home/acer/.local/share/virtualenvs/custom_airflow-E5ZHcY_K/lib/python3.12/site-packages/airflow/example_dags/example_time_delta_sensor_async.py took 0.091 seconds
[2024-07-06T22:09:45.464+0700] {processor.py:161} INFO - Started process (PID=19290) to work on /home/acer/.local/share/virtualenvs/custom_airflow-E5ZHcY_K/lib/python3.12/site-packages/airflow/example_dags/example_time_delta_sensor_async.py
[2024-07-06T22:09:45.478+0700] {processor.py:830} INFO - Processing file /home/acer/.local/share/virtualenvs/custom_airflow-E5ZHcY_K/lib/python3.12/site-packages/airflow/example_dags/example_time_delta_sensor_async.py for tasks to queue
[2024-07-06T22:09:45.482+0700] {logging_mixin.py:188} INFO - [2024-07-06T22:09:45.481+0700] {dagbag.py:545} INFO - Filling up the DagBag from /home/acer/.local/share/virtualenvs/custom_airflow-E5ZHcY_K/lib/python3.12/site-packages/airflow/example_dags/example_time_delta_sensor_async.py
[2024-07-06T22:09:45.496+0700] {processor.py:840} INFO - DAG(s) 'example_time_delta_sensor_async' retrieved from /home/acer/.local/share/virtualenvs/custom_airflow-E5ZHcY_K/lib/python3.12/site-packages/airflow/example_dags/example_time_delta_sensor_async.py
[2024-07-06T22:09:45.519+0700] {logging_mixin.py:188} INFO - [2024-07-06T22:09:45.519+0700] {dag.py:3096} INFO - Sync 1 DAGs
[2024-07-06T22:09:45.536+0700] {logging_mixin.py:188} INFO - [2024-07-06T22:09:45.536+0700] {dag.py:3954} INFO - Setting next_dagrun for example_time_delta_sensor_async to None, run_after=None
[2024-07-06T22:09:45.566+0700] {processor.py:183} INFO - Processing /home/acer/.local/share/virtualenvs/custom_airflow-E5ZHcY_K/lib/python3.12/site-packages/airflow/example_dags/example_time_delta_sensor_async.py took 0.118 seconds
[2024-07-06T22:10:47.480+0700] {processor.py:161} INFO - Started process (PID=19685) to work on /home/acer/.local/share/virtualenvs/custom_airflow-E5ZHcY_K/lib/python3.12/site-packages/airflow/example_dags/example_time_delta_sensor_async.py
[2024-07-06T22:10:47.482+0700] {processor.py:830} INFO - Processing file /home/acer/.local/share/virtualenvs/custom_airflow-E5ZHcY_K/lib/python3.12/site-packages/airflow/example_dags/example_time_delta_sensor_async.py for tasks to queue
[2024-07-06T22:10:47.487+0700] {logging_mixin.py:188} INFO - [2024-07-06T22:10:47.486+0700] {dagbag.py:545} INFO - Filling up the DagBag from /home/acer/.local/share/virtualenvs/custom_airflow-E5ZHcY_K/lib/python3.12/site-packages/airflow/example_dags/example_time_delta_sensor_async.py
[2024-07-06T22:10:47.501+0700] {processor.py:840} INFO - DAG(s) 'example_time_delta_sensor_async' retrieved from /home/acer/.local/share/virtualenvs/custom_airflow-E5ZHcY_K/lib/python3.12/site-packages/airflow/example_dags/example_time_delta_sensor_async.py
[2024-07-06T22:10:47.545+0700] {logging_mixin.py:188} INFO - [2024-07-06T22:10:47.544+0700] {dag.py:3096} INFO - Sync 1 DAGs
[2024-07-06T22:10:47.580+0700] {logging_mixin.py:188} INFO - [2024-07-06T22:10:47.579+0700] {dag.py:3954} INFO - Setting next_dagrun for example_time_delta_sensor_async to None, run_after=None
[2024-07-06T22:10:47.628+0700] {processor.py:183} INFO - Processing /home/acer/.local/share/virtualenvs/custom_airflow-E5ZHcY_K/lib/python3.12/site-packages/airflow/example_dags/example_time_delta_sensor_async.py took 0.160 seconds
[2024-07-06T22:11:52.110+0700] {processor.py:161} INFO - Started process (PID=20000) to work on /home/acer/.local/share/virtualenvs/custom_airflow-E5ZHcY_K/lib/python3.12/site-packages/airflow/example_dags/example_time_delta_sensor_async.py
[2024-07-06T22:11:52.115+0700] {processor.py:830} INFO - Processing file /home/acer/.local/share/virtualenvs/custom_airflow-E5ZHcY_K/lib/python3.12/site-packages/airflow/example_dags/example_time_delta_sensor_async.py for tasks to queue
[2024-07-06T22:11:52.122+0700] {logging_mixin.py:188} INFO - [2024-07-06T22:11:52.117+0700] {dagbag.py:545} INFO - Filling up the DagBag from /home/acer/.local/share/virtualenvs/custom_airflow-E5ZHcY_K/lib/python3.12/site-packages/airflow/example_dags/example_time_delta_sensor_async.py
[2024-07-06T22:11:52.129+0700] {processor.py:840} INFO - DAG(s) 'example_time_delta_sensor_async' retrieved from /home/acer/.local/share/virtualenvs/custom_airflow-E5ZHcY_K/lib/python3.12/site-packages/airflow/example_dags/example_time_delta_sensor_async.py
[2024-07-06T22:11:52.149+0700] {logging_mixin.py:188} INFO - [2024-07-06T22:11:52.149+0700] {dag.py:3096} INFO - Sync 1 DAGs
[2024-07-06T22:11:52.171+0700] {logging_mixin.py:188} INFO - [2024-07-06T22:11:52.171+0700] {dag.py:3954} INFO - Setting next_dagrun for example_time_delta_sensor_async to None, run_after=None
[2024-07-06T22:11:52.204+0700] {processor.py:183} INFO - Processing /home/acer/.local/share/virtualenvs/custom_airflow-E5ZHcY_K/lib/python3.12/site-packages/airflow/example_dags/example_time_delta_sensor_async.py took 0.107 seconds
[2024-07-06T22:12:51.201+0700] {processor.py:161} INFO - Started process (PID=20320) to work on /home/acer/.local/share/virtualenvs/custom_airflow-E5ZHcY_K/lib/python3.12/site-packages/airflow/example_dags/example_time_delta_sensor_async.py
[2024-07-06T22:12:51.215+0700] {processor.py:830} INFO - Processing file /home/acer/.local/share/virtualenvs/custom_airflow-E5ZHcY_K/lib/python3.12/site-packages/airflow/example_dags/example_time_delta_sensor_async.py for tasks to queue
[2024-07-06T22:12:51.219+0700] {logging_mixin.py:188} INFO - [2024-07-06T22:12:51.218+0700] {dagbag.py:545} INFO - Filling up the DagBag from /home/acer/.local/share/virtualenvs/custom_airflow-E5ZHcY_K/lib/python3.12/site-packages/airflow/example_dags/example_time_delta_sensor_async.py
[2024-07-06T22:12:51.230+0700] {processor.py:840} INFO - DAG(s) 'example_time_delta_sensor_async' retrieved from /home/acer/.local/share/virtualenvs/custom_airflow-E5ZHcY_K/lib/python3.12/site-packages/airflow/example_dags/example_time_delta_sensor_async.py
[2024-07-06T22:12:51.259+0700] {logging_mixin.py:188} INFO - [2024-07-06T22:12:51.258+0700] {dag.py:3096} INFO - Sync 1 DAGs
[2024-07-06T22:12:51.278+0700] {logging_mixin.py:188} INFO - [2024-07-06T22:12:51.278+0700] {dag.py:3954} INFO - Setting next_dagrun for example_time_delta_sensor_async to None, run_after=None
[2024-07-06T22:12:51.305+0700] {processor.py:183} INFO - Processing /home/acer/.local/share/virtualenvs/custom_airflow-E5ZHcY_K/lib/python3.12/site-packages/airflow/example_dags/example_time_delta_sensor_async.py took 0.137 seconds
[2024-07-06T22:13:50.575+0700] {processor.py:161} INFO - Started process (PID=20692) to work on /home/acer/.local/share/virtualenvs/custom_airflow-E5ZHcY_K/lib/python3.12/site-packages/airflow/example_dags/example_time_delta_sensor_async.py
[2024-07-06T22:13:50.577+0700] {processor.py:830} INFO - Processing file /home/acer/.local/share/virtualenvs/custom_airflow-E5ZHcY_K/lib/python3.12/site-packages/airflow/example_dags/example_time_delta_sensor_async.py for tasks to queue
[2024-07-06T22:13:50.582+0700] {logging_mixin.py:188} INFO - [2024-07-06T22:13:50.581+0700] {dagbag.py:545} INFO - Filling up the DagBag from /home/acer/.local/share/virtualenvs/custom_airflow-E5ZHcY_K/lib/python3.12/site-packages/airflow/example_dags/example_time_delta_sensor_async.py
[2024-07-06T22:13:50.596+0700] {processor.py:840} INFO - DAG(s) 'example_time_delta_sensor_async' retrieved from /home/acer/.local/share/virtualenvs/custom_airflow-E5ZHcY_K/lib/python3.12/site-packages/airflow/example_dags/example_time_delta_sensor_async.py
[2024-07-06T22:13:50.633+0700] {logging_mixin.py:188} INFO - [2024-07-06T22:13:50.632+0700] {dag.py:3096} INFO - Sync 1 DAGs
[2024-07-06T22:13:50.656+0700] {logging_mixin.py:188} INFO - [2024-07-06T22:13:50.655+0700] {dag.py:3954} INFO - Setting next_dagrun for example_time_delta_sensor_async to None, run_after=None
[2024-07-06T22:13:50.687+0700] {processor.py:183} INFO - Processing /home/acer/.local/share/virtualenvs/custom_airflow-E5ZHcY_K/lib/python3.12/site-packages/airflow/example_dags/example_time_delta_sensor_async.py took 0.127 seconds
[2024-07-06T22:14:49.640+0700] {processor.py:161} INFO - Started process (PID=21028) to work on /home/acer/.local/share/virtualenvs/custom_airflow-E5ZHcY_K/lib/python3.12/site-packages/airflow/example_dags/example_time_delta_sensor_async.py
[2024-07-06T22:14:49.644+0700] {processor.py:830} INFO - Processing file /home/acer/.local/share/virtualenvs/custom_airflow-E5ZHcY_K/lib/python3.12/site-packages/airflow/example_dags/example_time_delta_sensor_async.py for tasks to queue
[2024-07-06T22:14:49.646+0700] {logging_mixin.py:188} INFO - [2024-07-06T22:14:49.646+0700] {dagbag.py:545} INFO - Filling up the DagBag from /home/acer/.local/share/virtualenvs/custom_airflow-E5ZHcY_K/lib/python3.12/site-packages/airflow/example_dags/example_time_delta_sensor_async.py
[2024-07-06T22:14:49.653+0700] {processor.py:840} INFO - DAG(s) 'example_time_delta_sensor_async' retrieved from /home/acer/.local/share/virtualenvs/custom_airflow-E5ZHcY_K/lib/python3.12/site-packages/airflow/example_dags/example_time_delta_sensor_async.py
[2024-07-06T22:14:49.676+0700] {logging_mixin.py:188} INFO - [2024-07-06T22:14:49.676+0700] {dag.py:3096} INFO - Sync 1 DAGs
[2024-07-06T22:14:49.695+0700] {logging_mixin.py:188} INFO - [2024-07-06T22:14:49.695+0700] {dag.py:3954} INFO - Setting next_dagrun for example_time_delta_sensor_async to None, run_after=None
[2024-07-06T22:14:49.726+0700] {processor.py:183} INFO - Processing /home/acer/.local/share/virtualenvs/custom_airflow-E5ZHcY_K/lib/python3.12/site-packages/airflow/example_dags/example_time_delta_sensor_async.py took 0.097 seconds
[2024-07-06T22:15:54.712+0700] {processor.py:161} INFO - Started process (PID=21424) to work on /home/acer/.local/share/virtualenvs/custom_airflow-E5ZHcY_K/lib/python3.12/site-packages/airflow/example_dags/example_time_delta_sensor_async.py
[2024-07-06T22:15:54.713+0700] {processor.py:830} INFO - Processing file /home/acer/.local/share/virtualenvs/custom_airflow-E5ZHcY_K/lib/python3.12/site-packages/airflow/example_dags/example_time_delta_sensor_async.py for tasks to queue
[2024-07-06T22:15:54.716+0700] {logging_mixin.py:188} INFO - [2024-07-06T22:15:54.715+0700] {dagbag.py:545} INFO - Filling up the DagBag from /home/acer/.local/share/virtualenvs/custom_airflow-E5ZHcY_K/lib/python3.12/site-packages/airflow/example_dags/example_time_delta_sensor_async.py
[2024-07-06T22:15:54.722+0700] {processor.py:840} INFO - DAG(s) 'example_time_delta_sensor_async' retrieved from /home/acer/.local/share/virtualenvs/custom_airflow-E5ZHcY_K/lib/python3.12/site-packages/airflow/example_dags/example_time_delta_sensor_async.py
[2024-07-06T22:15:54.740+0700] {logging_mixin.py:188} INFO - [2024-07-06T22:15:54.739+0700] {dag.py:3096} INFO - Sync 1 DAGs
[2024-07-06T22:15:54.758+0700] {logging_mixin.py:188} INFO - [2024-07-06T22:15:54.757+0700] {dag.py:3954} INFO - Setting next_dagrun for example_time_delta_sensor_async to None, run_after=None
[2024-07-06T22:15:54.785+0700] {processor.py:183} INFO - Processing /home/acer/.local/share/virtualenvs/custom_airflow-E5ZHcY_K/lib/python3.12/site-packages/airflow/example_dags/example_time_delta_sensor_async.py took 0.080 seconds
[2024-07-06T22:16:49.772+0700] {processor.py:161} INFO - Started process (PID=21705) to work on /home/acer/.local/share/virtualenvs/custom_airflow-E5ZHcY_K/lib/python3.12/site-packages/airflow/example_dags/example_time_delta_sensor_async.py
[2024-07-06T22:16:49.775+0700] {processor.py:830} INFO - Processing file /home/acer/.local/share/virtualenvs/custom_airflow-E5ZHcY_K/lib/python3.12/site-packages/airflow/example_dags/example_time_delta_sensor_async.py for tasks to queue
[2024-07-06T22:16:49.781+0700] {logging_mixin.py:188} INFO - [2024-07-06T22:16:49.780+0700] {dagbag.py:545} INFO - Filling up the DagBag from /home/acer/.local/share/virtualenvs/custom_airflow-E5ZHcY_K/lib/python3.12/site-packages/airflow/example_dags/example_time_delta_sensor_async.py
[2024-07-06T22:16:49.802+0700] {processor.py:840} INFO - DAG(s) 'example_time_delta_sensor_async' retrieved from /home/acer/.local/share/virtualenvs/custom_airflow-E5ZHcY_K/lib/python3.12/site-packages/airflow/example_dags/example_time_delta_sensor_async.py
[2024-07-06T22:16:49.830+0700] {logging_mixin.py:188} INFO - [2024-07-06T22:16:49.830+0700] {dag.py:3096} INFO - Sync 1 DAGs
[2024-07-06T22:16:49.848+0700] {logging_mixin.py:188} INFO - [2024-07-06T22:16:49.847+0700] {dag.py:3954} INFO - Setting next_dagrun for example_time_delta_sensor_async to None, run_after=None
[2024-07-06T22:16:49.875+0700] {processor.py:183} INFO - Processing /home/acer/.local/share/virtualenvs/custom_airflow-E5ZHcY_K/lib/python3.12/site-packages/airflow/example_dags/example_time_delta_sensor_async.py took 0.128 seconds
[2024-07-06T22:17:45.756+0700] {processor.py:161} INFO - Started process (PID=22008) to work on /home/acer/.local/share/virtualenvs/custom_airflow-E5ZHcY_K/lib/python3.12/site-packages/airflow/example_dags/example_time_delta_sensor_async.py
[2024-07-06T22:17:45.765+0700] {processor.py:830} INFO - Processing file /home/acer/.local/share/virtualenvs/custom_airflow-E5ZHcY_K/lib/python3.12/site-packages/airflow/example_dags/example_time_delta_sensor_async.py for tasks to queue
[2024-07-06T22:17:45.768+0700] {logging_mixin.py:188} INFO - [2024-07-06T22:17:45.767+0700] {dagbag.py:545} INFO - Filling up the DagBag from /home/acer/.local/share/virtualenvs/custom_airflow-E5ZHcY_K/lib/python3.12/site-packages/airflow/example_dags/example_time_delta_sensor_async.py
[2024-07-06T22:17:45.775+0700] {processor.py:840} INFO - DAG(s) 'example_time_delta_sensor_async' retrieved from /home/acer/.local/share/virtualenvs/custom_airflow-E5ZHcY_K/lib/python3.12/site-packages/airflow/example_dags/example_time_delta_sensor_async.py
[2024-07-06T22:17:45.792+0700] {logging_mixin.py:188} INFO - [2024-07-06T22:17:45.792+0700] {dag.py:3096} INFO - Sync 1 DAGs
[2024-07-06T22:17:45.811+0700] {logging_mixin.py:188} INFO - [2024-07-06T22:17:45.811+0700] {dag.py:3954} INFO - Setting next_dagrun for example_time_delta_sensor_async to None, run_after=None
[2024-07-06T22:17:45.841+0700] {processor.py:183} INFO - Processing /home/acer/.local/share/virtualenvs/custom_airflow-E5ZHcY_K/lib/python3.12/site-packages/airflow/example_dags/example_time_delta_sensor_async.py took 0.096 seconds
[2024-07-06T22:18:49.544+0700] {processor.py:161} INFO - Started process (PID=22345) to work on /home/acer/.local/share/virtualenvs/custom_airflow-E5ZHcY_K/lib/python3.12/site-packages/airflow/example_dags/example_time_delta_sensor_async.py
[2024-07-06T22:18:49.551+0700] {processor.py:830} INFO - Processing file /home/acer/.local/share/virtualenvs/custom_airflow-E5ZHcY_K/lib/python3.12/site-packages/airflow/example_dags/example_time_delta_sensor_async.py for tasks to queue
[2024-07-06T22:18:49.560+0700] {logging_mixin.py:188} INFO - [2024-07-06T22:18:49.558+0700] {dagbag.py:545} INFO - Filling up the DagBag from /home/acer/.local/share/virtualenvs/custom_airflow-E5ZHcY_K/lib/python3.12/site-packages/airflow/example_dags/example_time_delta_sensor_async.py
[2024-07-06T22:18:49.575+0700] {processor.py:840} INFO - DAG(s) 'example_time_delta_sensor_async' retrieved from /home/acer/.local/share/virtualenvs/custom_airflow-E5ZHcY_K/lib/python3.12/site-packages/airflow/example_dags/example_time_delta_sensor_async.py
[2024-07-06T22:18:49.608+0700] {logging_mixin.py:188} INFO - [2024-07-06T22:18:49.607+0700] {dag.py:3096} INFO - Sync 1 DAGs
[2024-07-06T22:18:49.635+0700] {logging_mixin.py:188} INFO - [2024-07-06T22:18:49.635+0700] {dag.py:3954} INFO - Setting next_dagrun for example_time_delta_sensor_async to None, run_after=None
[2024-07-06T22:18:49.666+0700] {processor.py:183} INFO - Processing /home/acer/.local/share/virtualenvs/custom_airflow-E5ZHcY_K/lib/python3.12/site-packages/airflow/example_dags/example_time_delta_sensor_async.py took 0.160 seconds
[2024-07-06T22:19:50.677+0700] {processor.py:161} INFO - Started process (PID=22692) to work on /home/acer/.local/share/virtualenvs/custom_airflow-E5ZHcY_K/lib/python3.12/site-packages/airflow/example_dags/example_time_delta_sensor_async.py
[2024-07-06T22:19:50.679+0700] {processor.py:830} INFO - Processing file /home/acer/.local/share/virtualenvs/custom_airflow-E5ZHcY_K/lib/python3.12/site-packages/airflow/example_dags/example_time_delta_sensor_async.py for tasks to queue
[2024-07-06T22:19:50.683+0700] {logging_mixin.py:188} INFO - [2024-07-06T22:19:50.682+0700] {dagbag.py:545} INFO - Filling up the DagBag from /home/acer/.local/share/virtualenvs/custom_airflow-E5ZHcY_K/lib/python3.12/site-packages/airflow/example_dags/example_time_delta_sensor_async.py
[2024-07-06T22:19:50.692+0700] {processor.py:840} INFO - DAG(s) 'example_time_delta_sensor_async' retrieved from /home/acer/.local/share/virtualenvs/custom_airflow-E5ZHcY_K/lib/python3.12/site-packages/airflow/example_dags/example_time_delta_sensor_async.py
[2024-07-06T22:19:50.716+0700] {logging_mixin.py:188} INFO - [2024-07-06T22:19:50.716+0700] {dag.py:3096} INFO - Sync 1 DAGs
[2024-07-06T22:19:50.732+0700] {logging_mixin.py:188} INFO - [2024-07-06T22:19:50.732+0700] {dag.py:3954} INFO - Setting next_dagrun for example_time_delta_sensor_async to None, run_after=None
[2024-07-06T22:19:50.763+0700] {processor.py:183} INFO - Processing /home/acer/.local/share/virtualenvs/custom_airflow-E5ZHcY_K/lib/python3.12/site-packages/airflow/example_dags/example_time_delta_sensor_async.py took 0.112 seconds
[2024-07-06T22:20:52.119+0700] {processor.py:161} INFO - Started process (PID=22998) to work on /home/acer/.local/share/virtualenvs/custom_airflow-E5ZHcY_K/lib/python3.12/site-packages/airflow/example_dags/example_time_delta_sensor_async.py
[2024-07-06T22:20:52.120+0700] {processor.py:830} INFO - Processing file /home/acer/.local/share/virtualenvs/custom_airflow-E5ZHcY_K/lib/python3.12/site-packages/airflow/example_dags/example_time_delta_sensor_async.py for tasks to queue
[2024-07-06T22:20:52.122+0700] {logging_mixin.py:188} INFO - [2024-07-06T22:20:52.121+0700] {dagbag.py:545} INFO - Filling up the DagBag from /home/acer/.local/share/virtualenvs/custom_airflow-E5ZHcY_K/lib/python3.12/site-packages/airflow/example_dags/example_time_delta_sensor_async.py
[2024-07-06T22:20:52.128+0700] {processor.py:840} INFO - DAG(s) 'example_time_delta_sensor_async' retrieved from /home/acer/.local/share/virtualenvs/custom_airflow-E5ZHcY_K/lib/python3.12/site-packages/airflow/example_dags/example_time_delta_sensor_async.py
[2024-07-06T22:20:52.145+0700] {logging_mixin.py:188} INFO - [2024-07-06T22:20:52.145+0700] {dag.py:3096} INFO - Sync 1 DAGs
[2024-07-06T22:20:52.257+0700] {logging_mixin.py:188} INFO - [2024-07-06T22:20:52.257+0700] {dag.py:3954} INFO - Setting next_dagrun for example_time_delta_sensor_async to None, run_after=None
[2024-07-06T22:20:52.286+0700] {processor.py:183} INFO - Processing /home/acer/.local/share/virtualenvs/custom_airflow-E5ZHcY_K/lib/python3.12/site-packages/airflow/example_dags/example_time_delta_sensor_async.py took 0.175 seconds
