[2024-07-06T16:09:25.654+0700] {processor.py:161} INFO - Started process (PID=51451) to work on /home/acer/.local/share/virtualenvs/custom_airflow-E5ZHcY_K/lib/python3.12/site-packages/airflow/example_dags/example_dynamic_task_mapping.py
[2024-07-06T16:09:25.656+0700] {processor.py:830} INFO - Processing file /home/acer/.local/share/virtualenvs/custom_airflow-E5ZHcY_K/lib/python3.12/site-packages/airflow/example_dags/example_dynamic_task_mapping.py for tasks to queue
[2024-07-06T16:09:25.660+0700] {logging_mixin.py:188} INFO - [2024-07-06T16:09:25.659+0700] {dagbag.py:545} INFO - Filling up the DagBag from /home/acer/.local/share/virtualenvs/custom_airflow-E5ZHcY_K/lib/python3.12/site-packages/airflow/example_dags/example_dynamic_task_mapping.py
[2024-07-06T16:09:25.669+0700] {processor.py:840} INFO - DAG(s) 'example_dynamic_task_mapping' retrieved from /home/acer/.local/share/virtualenvs/custom_airflow-E5ZHcY_K/lib/python3.12/site-packages/airflow/example_dags/example_dynamic_task_mapping.py
[2024-07-06T16:09:25.782+0700] {logging_mixin.py:188} INFO - [2024-07-06T16:09:25.781+0700] {override.py:1847} INFO - Created Permission View: can delete on DAG:example_dynamic_task_mapping
[2024-07-06T16:09:25.793+0700] {logging_mixin.py:188} INFO - [2024-07-06T16:09:25.793+0700] {override.py:1847} INFO - Created Permission View: can edit on DAG:example_dynamic_task_mapping
[2024-07-06T16:09:25.803+0700] {logging_mixin.py:188} INFO - [2024-07-06T16:09:25.802+0700] {override.py:1847} INFO - Created Permission View: can read on DAG:example_dynamic_task_mapping
[2024-07-06T16:09:25.803+0700] {logging_mixin.py:188} INFO - [2024-07-06T16:09:25.803+0700] {dag.py:3096} INFO - Sync 1 DAGs
[2024-07-06T16:09:25.820+0700] {logging_mixin.py:188} INFO - [2024-07-06T16:09:25.820+0700] {dag.py:3118} INFO - Creating ORM DAG for example_dynamic_task_mapping
[2024-07-06T16:09:25.833+0700] {logging_mixin.py:188} INFO - [2024-07-06T16:09:25.832+0700] {dag.py:3954} INFO - Setting next_dagrun for example_dynamic_task_mapping to 2022-03-04 00:00:00+00:00, run_after=2022-03-05 00:00:00+00:00
[2024-07-06T16:09:25.862+0700] {processor.py:183} INFO - Processing /home/acer/.local/share/virtualenvs/custom_airflow-E5ZHcY_K/lib/python3.12/site-packages/airflow/example_dags/example_dynamic_task_mapping.py took 0.232 seconds
[2024-07-06T16:11:14.052+0700] {processor.py:161} INFO - Started process (PID=52378) to work on /home/acer/.local/share/virtualenvs/custom_airflow-E5ZHcY_K/lib/python3.12/site-packages/airflow/example_dags/example_dynamic_task_mapping.py
[2024-07-06T16:11:14.053+0700] {processor.py:830} INFO - Processing file /home/acer/.local/share/virtualenvs/custom_airflow-E5ZHcY_K/lib/python3.12/site-packages/airflow/example_dags/example_dynamic_task_mapping.py for tasks to queue
[2024-07-06T16:11:14.054+0700] {logging_mixin.py:188} INFO - [2024-07-06T16:11:14.053+0700] {dagbag.py:545} INFO - Filling up the DagBag from /home/acer/.local/share/virtualenvs/custom_airflow-E5ZHcY_K/lib/python3.12/site-packages/airflow/example_dags/example_dynamic_task_mapping.py
[2024-07-06T16:11:14.062+0700] {processor.py:840} INFO - DAG(s) 'example_dynamic_task_mapping' retrieved from /home/acer/.local/share/virtualenvs/custom_airflow-E5ZHcY_K/lib/python3.12/site-packages/airflow/example_dags/example_dynamic_task_mapping.py
[2024-07-06T16:11:14.076+0700] {logging_mixin.py:188} INFO - [2024-07-06T16:11:14.076+0700] {dag.py:3096} INFO - Sync 1 DAGs
[2024-07-06T16:11:14.102+0700] {logging_mixin.py:188} INFO - [2024-07-06T16:11:14.102+0700] {dag.py:3954} INFO - Setting next_dagrun for example_dynamic_task_mapping to 2022-03-04 00:00:00+00:00, run_after=2022-03-05 00:00:00+00:00
[2024-07-06T16:11:14.139+0700] {processor.py:183} INFO - Processing /home/acer/.local/share/virtualenvs/custom_airflow-E5ZHcY_K/lib/python3.12/site-packages/airflow/example_dags/example_dynamic_task_mapping.py took 0.094 seconds
[2024-07-06T16:16:15.466+0700] {processor.py:161} INFO - Started process (PID=55050) to work on /home/acer/.local/share/virtualenvs/custom_airflow-E5ZHcY_K/lib/python3.12/site-packages/airflow/example_dags/example_dynamic_task_mapping.py
[2024-07-06T16:16:15.468+0700] {processor.py:830} INFO - Processing file /home/acer/.local/share/virtualenvs/custom_airflow-E5ZHcY_K/lib/python3.12/site-packages/airflow/example_dags/example_dynamic_task_mapping.py for tasks to queue
[2024-07-06T16:16:15.474+0700] {logging_mixin.py:188} INFO - [2024-07-06T16:16:15.472+0700] {dagbag.py:545} INFO - Filling up the DagBag from /home/acer/.local/share/virtualenvs/custom_airflow-E5ZHcY_K/lib/python3.12/site-packages/airflow/example_dags/example_dynamic_task_mapping.py
[2024-07-06T16:16:15.495+0700] {processor.py:840} INFO - DAG(s) 'example_dynamic_task_mapping' retrieved from /home/acer/.local/share/virtualenvs/custom_airflow-E5ZHcY_K/lib/python3.12/site-packages/airflow/example_dags/example_dynamic_task_mapping.py
[2024-07-06T16:16:15.627+0700] {logging_mixin.py:188} INFO - [2024-07-06T16:16:15.627+0700] {dag.py:3096} INFO - Sync 1 DAGs
[2024-07-06T16:16:15.647+0700] {logging_mixin.py:188} INFO - [2024-07-06T16:16:15.647+0700] {dag.py:3954} INFO - Setting next_dagrun for example_dynamic_task_mapping to 2022-03-04 00:00:00+00:00, run_after=2022-03-05 00:00:00+00:00
[2024-07-06T16:16:15.673+0700] {processor.py:183} INFO - Processing /home/acer/.local/share/virtualenvs/custom_airflow-E5ZHcY_K/lib/python3.12/site-packages/airflow/example_dags/example_dynamic_task_mapping.py took 0.225 seconds
[2024-07-06T16:17:11.791+0700] {processor.py:161} INFO - Started process (PID=55571) to work on /home/acer/.local/share/virtualenvs/custom_airflow-E5ZHcY_K/lib/python3.12/site-packages/airflow/example_dags/example_dynamic_task_mapping.py
[2024-07-06T16:17:11.793+0700] {processor.py:830} INFO - Processing file /home/acer/.local/share/virtualenvs/custom_airflow-E5ZHcY_K/lib/python3.12/site-packages/airflow/example_dags/example_dynamic_task_mapping.py for tasks to queue
[2024-07-06T16:17:11.795+0700] {logging_mixin.py:188} INFO - [2024-07-06T16:17:11.794+0700] {dagbag.py:545} INFO - Filling up the DagBag from /home/acer/.local/share/virtualenvs/custom_airflow-E5ZHcY_K/lib/python3.12/site-packages/airflow/example_dags/example_dynamic_task_mapping.py
[2024-07-06T16:17:11.802+0700] {processor.py:840} INFO - DAG(s) 'example_dynamic_task_mapping' retrieved from /home/acer/.local/share/virtualenvs/custom_airflow-E5ZHcY_K/lib/python3.12/site-packages/airflow/example_dags/example_dynamic_task_mapping.py
[2024-07-06T16:17:11.818+0700] {logging_mixin.py:188} INFO - [2024-07-06T16:17:11.817+0700] {dag.py:3096} INFO - Sync 1 DAGs
[2024-07-06T16:17:11.839+0700] {logging_mixin.py:188} INFO - [2024-07-06T16:17:11.839+0700] {dag.py:3954} INFO - Setting next_dagrun for example_dynamic_task_mapping to 2022-03-04 00:00:00+00:00, run_after=2022-03-05 00:00:00+00:00
[2024-07-06T16:17:11.860+0700] {processor.py:183} INFO - Processing /home/acer/.local/share/virtualenvs/custom_airflow-E5ZHcY_K/lib/python3.12/site-packages/airflow/example_dags/example_dynamic_task_mapping.py took 0.077 seconds
[2024-07-06T16:18:05.169+0700] {processor.py:161} INFO - Started process (PID=55883) to work on /home/acer/.local/share/virtualenvs/custom_airflow-E5ZHcY_K/lib/python3.12/site-packages/airflow/example_dags/example_dynamic_task_mapping.py
[2024-07-06T16:18:05.171+0700] {processor.py:830} INFO - Processing file /home/acer/.local/share/virtualenvs/custom_airflow-E5ZHcY_K/lib/python3.12/site-packages/airflow/example_dags/example_dynamic_task_mapping.py for tasks to queue
[2024-07-06T16:18:05.174+0700] {logging_mixin.py:188} INFO - [2024-07-06T16:18:05.173+0700] {dagbag.py:545} INFO - Filling up the DagBag from /home/acer/.local/share/virtualenvs/custom_airflow-E5ZHcY_K/lib/python3.12/site-packages/airflow/example_dags/example_dynamic_task_mapping.py
[2024-07-06T16:18:05.184+0700] {processor.py:840} INFO - DAG(s) 'example_dynamic_task_mapping' retrieved from /home/acer/.local/share/virtualenvs/custom_airflow-E5ZHcY_K/lib/python3.12/site-packages/airflow/example_dags/example_dynamic_task_mapping.py
[2024-07-06T16:18:05.202+0700] {logging_mixin.py:188} INFO - [2024-07-06T16:18:05.201+0700] {dag.py:3096} INFO - Sync 1 DAGs
[2024-07-06T16:18:05.227+0700] {logging_mixin.py:188} INFO - [2024-07-06T16:18:05.226+0700] {dag.py:3954} INFO - Setting next_dagrun for example_dynamic_task_mapping to 2022-03-04 00:00:00+00:00, run_after=2022-03-05 00:00:00+00:00
[2024-07-06T16:18:05.253+0700] {processor.py:183} INFO - Processing /home/acer/.local/share/virtualenvs/custom_airflow-E5ZHcY_K/lib/python3.12/site-packages/airflow/example_dags/example_dynamic_task_mapping.py took 0.096 seconds
[2024-07-06T16:19:18.355+0700] {processor.py:161} INFO - Started process (PID=56290) to work on /home/acer/.local/share/virtualenvs/custom_airflow-E5ZHcY_K/lib/python3.12/site-packages/airflow/example_dags/example_dynamic_task_mapping.py
[2024-07-06T16:19:18.359+0700] {processor.py:830} INFO - Processing file /home/acer/.local/share/virtualenvs/custom_airflow-E5ZHcY_K/lib/python3.12/site-packages/airflow/example_dags/example_dynamic_task_mapping.py for tasks to queue
[2024-07-06T16:19:18.367+0700] {logging_mixin.py:188} INFO - [2024-07-06T16:19:18.366+0700] {dagbag.py:545} INFO - Filling up the DagBag from /home/acer/.local/share/virtualenvs/custom_airflow-E5ZHcY_K/lib/python3.12/site-packages/airflow/example_dags/example_dynamic_task_mapping.py
[2024-07-06T16:19:18.384+0700] {processor.py:840} INFO - DAG(s) 'example_dynamic_task_mapping' retrieved from /home/acer/.local/share/virtualenvs/custom_airflow-E5ZHcY_K/lib/python3.12/site-packages/airflow/example_dags/example_dynamic_task_mapping.py
[2024-07-06T16:19:18.405+0700] {logging_mixin.py:188} INFO - [2024-07-06T16:19:18.405+0700] {dag.py:3096} INFO - Sync 1 DAGs
[2024-07-06T16:19:18.426+0700] {logging_mixin.py:188} INFO - [2024-07-06T16:19:18.425+0700] {dag.py:3954} INFO - Setting next_dagrun for example_dynamic_task_mapping to 2022-03-04 00:00:00+00:00, run_after=2022-03-05 00:00:00+00:00
[2024-07-06T16:19:18.446+0700] {processor.py:183} INFO - Processing /home/acer/.local/share/virtualenvs/custom_airflow-E5ZHcY_K/lib/python3.12/site-packages/airflow/example_dags/example_dynamic_task_mapping.py took 0.112 seconds
[2024-07-06T16:20:20.718+0700] {processor.py:161} INFO - Started process (PID=57048) to work on /home/acer/.local/share/virtualenvs/custom_airflow-E5ZHcY_K/lib/python3.12/site-packages/airflow/example_dags/example_dynamic_task_mapping.py
[2024-07-06T16:20:20.722+0700] {processor.py:830} INFO - Processing file /home/acer/.local/share/virtualenvs/custom_airflow-E5ZHcY_K/lib/python3.12/site-packages/airflow/example_dags/example_dynamic_task_mapping.py for tasks to queue
[2024-07-06T16:20:20.726+0700] {logging_mixin.py:188} INFO - [2024-07-06T16:20:20.726+0700] {dagbag.py:545} INFO - Filling up the DagBag from /home/acer/.local/share/virtualenvs/custom_airflow-E5ZHcY_K/lib/python3.12/site-packages/airflow/example_dags/example_dynamic_task_mapping.py
[2024-07-06T16:20:20.737+0700] {processor.py:840} INFO - DAG(s) 'example_dynamic_task_mapping' retrieved from /home/acer/.local/share/virtualenvs/custom_airflow-E5ZHcY_K/lib/python3.12/site-packages/airflow/example_dags/example_dynamic_task_mapping.py
[2024-07-06T16:20:20.754+0700] {logging_mixin.py:188} INFO - [2024-07-06T16:20:20.754+0700] {dag.py:3096} INFO - Sync 1 DAGs
[2024-07-06T16:20:20.774+0700] {logging_mixin.py:188} INFO - [2024-07-06T16:20:20.774+0700] {dag.py:3954} INFO - Setting next_dagrun for example_dynamic_task_mapping to 2022-03-04 00:00:00+00:00, run_after=2022-03-05 00:00:00+00:00
[2024-07-06T16:20:20.807+0700] {processor.py:183} INFO - Processing /home/acer/.local/share/virtualenvs/custom_airflow-E5ZHcY_K/lib/python3.12/site-packages/airflow/example_dags/example_dynamic_task_mapping.py took 0.109 seconds
[2024-07-06T16:21:17.643+0700] {processor.py:161} INFO - Started process (PID=57512) to work on /home/acer/.local/share/virtualenvs/custom_airflow-E5ZHcY_K/lib/python3.12/site-packages/airflow/example_dags/example_dynamic_task_mapping.py
[2024-07-06T16:21:17.645+0700] {processor.py:830} INFO - Processing file /home/acer/.local/share/virtualenvs/custom_airflow-E5ZHcY_K/lib/python3.12/site-packages/airflow/example_dags/example_dynamic_task_mapping.py for tasks to queue
[2024-07-06T16:21:17.648+0700] {logging_mixin.py:188} INFO - [2024-07-06T16:21:17.648+0700] {dagbag.py:545} INFO - Filling up the DagBag from /home/acer/.local/share/virtualenvs/custom_airflow-E5ZHcY_K/lib/python3.12/site-packages/airflow/example_dags/example_dynamic_task_mapping.py
[2024-07-06T16:21:17.658+0700] {processor.py:840} INFO - DAG(s) 'example_dynamic_task_mapping' retrieved from /home/acer/.local/share/virtualenvs/custom_airflow-E5ZHcY_K/lib/python3.12/site-packages/airflow/example_dags/example_dynamic_task_mapping.py
[2024-07-06T16:21:17.674+0700] {logging_mixin.py:188} INFO - [2024-07-06T16:21:17.674+0700] {dag.py:3096} INFO - Sync 1 DAGs
[2024-07-06T16:21:17.694+0700] {logging_mixin.py:188} INFO - [2024-07-06T16:21:17.694+0700] {dag.py:3954} INFO - Setting next_dagrun for example_dynamic_task_mapping to 2022-03-04 00:00:00+00:00, run_after=2022-03-05 00:00:00+00:00
[2024-07-06T16:21:17.714+0700] {processor.py:183} INFO - Processing /home/acer/.local/share/virtualenvs/custom_airflow-E5ZHcY_K/lib/python3.12/site-packages/airflow/example_dags/example_dynamic_task_mapping.py took 0.089 seconds
[2024-07-06T16:22:29.319+0700] {processor.py:161} INFO - Started process (PID=57958) to work on /home/acer/.local/share/virtualenvs/custom_airflow-E5ZHcY_K/lib/python3.12/site-packages/airflow/example_dags/example_dynamic_task_mapping.py
[2024-07-06T16:22:29.319+0700] {processor.py:830} INFO - Processing file /home/acer/.local/share/virtualenvs/custom_airflow-E5ZHcY_K/lib/python3.12/site-packages/airflow/example_dags/example_dynamic_task_mapping.py for tasks to queue
[2024-07-06T16:22:29.321+0700] {logging_mixin.py:188} INFO - [2024-07-06T16:22:29.321+0700] {dagbag.py:545} INFO - Filling up the DagBag from /home/acer/.local/share/virtualenvs/custom_airflow-E5ZHcY_K/lib/python3.12/site-packages/airflow/example_dags/example_dynamic_task_mapping.py
[2024-07-06T16:22:29.330+0700] {processor.py:840} INFO - DAG(s) 'example_dynamic_task_mapping' retrieved from /home/acer/.local/share/virtualenvs/custom_airflow-E5ZHcY_K/lib/python3.12/site-packages/airflow/example_dags/example_dynamic_task_mapping.py
[2024-07-06T16:22:29.347+0700] {logging_mixin.py:188} INFO - [2024-07-06T16:22:29.347+0700] {dag.py:3096} INFO - Sync 1 DAGs
[2024-07-06T16:22:29.370+0700] {logging_mixin.py:188} INFO - [2024-07-06T16:22:29.370+0700] {dag.py:3954} INFO - Setting next_dagrun for example_dynamic_task_mapping to 2022-03-04 00:00:00+00:00, run_after=2022-03-05 00:00:00+00:00
[2024-07-06T16:22:29.398+0700] {processor.py:183} INFO - Processing /home/acer/.local/share/virtualenvs/custom_airflow-E5ZHcY_K/lib/python3.12/site-packages/airflow/example_dags/example_dynamic_task_mapping.py took 0.085 seconds
[2024-07-06T16:24:38.959+0700] {processor.py:161} INFO - Started process (PID=59384) to work on /home/acer/.local/share/virtualenvs/custom_airflow-E5ZHcY_K/lib/python3.12/site-packages/airflow/example_dags/example_dynamic_task_mapping.py
[2024-07-06T16:24:38.961+0700] {processor.py:830} INFO - Processing file /home/acer/.local/share/virtualenvs/custom_airflow-E5ZHcY_K/lib/python3.12/site-packages/airflow/example_dags/example_dynamic_task_mapping.py for tasks to queue
[2024-07-06T16:24:38.964+0700] {logging_mixin.py:188} INFO - [2024-07-06T16:24:38.963+0700] {dagbag.py:545} INFO - Filling up the DagBag from /home/acer/.local/share/virtualenvs/custom_airflow-E5ZHcY_K/lib/python3.12/site-packages/airflow/example_dags/example_dynamic_task_mapping.py
[2024-07-06T16:24:38.973+0700] {processor.py:840} INFO - DAG(s) 'example_dynamic_task_mapping' retrieved from /home/acer/.local/share/virtualenvs/custom_airflow-E5ZHcY_K/lib/python3.12/site-packages/airflow/example_dags/example_dynamic_task_mapping.py
[2024-07-06T16:24:38.989+0700] {logging_mixin.py:188} INFO - [2024-07-06T16:24:38.988+0700] {dag.py:3096} INFO - Sync 1 DAGs
[2024-07-06T16:24:39.013+0700] {logging_mixin.py:188} INFO - [2024-07-06T16:24:39.012+0700] {dag.py:3954} INFO - Setting next_dagrun for example_dynamic_task_mapping to 2022-03-04 00:00:00+00:00, run_after=2022-03-05 00:00:00+00:00
[2024-07-06T16:24:39.038+0700] {processor.py:183} INFO - Processing /home/acer/.local/share/virtualenvs/custom_airflow-E5ZHcY_K/lib/python3.12/site-packages/airflow/example_dags/example_dynamic_task_mapping.py took 0.093 seconds
[2024-07-06T16:25:34.575+0700] {processor.py:161} INFO - Started process (PID=59788) to work on /home/acer/.local/share/virtualenvs/custom_airflow-E5ZHcY_K/lib/python3.12/site-packages/airflow/example_dags/example_dynamic_task_mapping.py
[2024-07-06T16:25:34.576+0700] {processor.py:830} INFO - Processing file /home/acer/.local/share/virtualenvs/custom_airflow-E5ZHcY_K/lib/python3.12/site-packages/airflow/example_dags/example_dynamic_task_mapping.py for tasks to queue
[2024-07-06T16:25:34.578+0700] {logging_mixin.py:188} INFO - [2024-07-06T16:25:34.577+0700] {dagbag.py:545} INFO - Filling up the DagBag from /home/acer/.local/share/virtualenvs/custom_airflow-E5ZHcY_K/lib/python3.12/site-packages/airflow/example_dags/example_dynamic_task_mapping.py
[2024-07-06T16:25:34.584+0700] {processor.py:840} INFO - DAG(s) 'example_dynamic_task_mapping' retrieved from /home/acer/.local/share/virtualenvs/custom_airflow-E5ZHcY_K/lib/python3.12/site-packages/airflow/example_dags/example_dynamic_task_mapping.py
[2024-07-06T16:25:34.599+0700] {logging_mixin.py:188} INFO - [2024-07-06T16:25:34.598+0700] {dag.py:3096} INFO - Sync 1 DAGs
[2024-07-06T16:25:34.619+0700] {logging_mixin.py:188} INFO - [2024-07-06T16:25:34.619+0700] {dag.py:3954} INFO - Setting next_dagrun for example_dynamic_task_mapping to 2022-03-04 00:00:00+00:00, run_after=2022-03-05 00:00:00+00:00
[2024-07-06T16:25:34.642+0700] {processor.py:183} INFO - Processing /home/acer/.local/share/virtualenvs/custom_airflow-E5ZHcY_K/lib/python3.12/site-packages/airflow/example_dags/example_dynamic_task_mapping.py took 0.073 seconds
[2024-07-06T16:26:29.104+0700] {processor.py:161} INFO - Started process (PID=60119) to work on /home/acer/.local/share/virtualenvs/custom_airflow-E5ZHcY_K/lib/python3.12/site-packages/airflow/example_dags/example_dynamic_task_mapping.py
[2024-07-06T16:26:29.105+0700] {processor.py:830} INFO - Processing file /home/acer/.local/share/virtualenvs/custom_airflow-E5ZHcY_K/lib/python3.12/site-packages/airflow/example_dags/example_dynamic_task_mapping.py for tasks to queue
[2024-07-06T16:26:29.108+0700] {logging_mixin.py:188} INFO - [2024-07-06T16:26:29.107+0700] {dagbag.py:545} INFO - Filling up the DagBag from /home/acer/.local/share/virtualenvs/custom_airflow-E5ZHcY_K/lib/python3.12/site-packages/airflow/example_dags/example_dynamic_task_mapping.py
[2024-07-06T16:26:29.119+0700] {processor.py:840} INFO - DAG(s) 'example_dynamic_task_mapping' retrieved from /home/acer/.local/share/virtualenvs/custom_airflow-E5ZHcY_K/lib/python3.12/site-packages/airflow/example_dags/example_dynamic_task_mapping.py
[2024-07-06T16:26:29.135+0700] {logging_mixin.py:188} INFO - [2024-07-06T16:26:29.135+0700] {dag.py:3096} INFO - Sync 1 DAGs
[2024-07-06T16:26:29.155+0700] {logging_mixin.py:188} INFO - [2024-07-06T16:26:29.155+0700] {dag.py:3954} INFO - Setting next_dagrun for example_dynamic_task_mapping to 2022-03-04 00:00:00+00:00, run_after=2022-03-05 00:00:00+00:00
[2024-07-06T16:26:29.175+0700] {processor.py:183} INFO - Processing /home/acer/.local/share/virtualenvs/custom_airflow-E5ZHcY_K/lib/python3.12/site-packages/airflow/example_dags/example_dynamic_task_mapping.py took 0.081 seconds
[2024-07-06T16:27:41.168+0700] {processor.py:161} INFO - Started process (PID=60498) to work on /home/acer/.local/share/virtualenvs/custom_airflow-E5ZHcY_K/lib/python3.12/site-packages/airflow/example_dags/example_dynamic_task_mapping.py
[2024-07-06T16:27:41.170+0700] {processor.py:830} INFO - Processing file /home/acer/.local/share/virtualenvs/custom_airflow-E5ZHcY_K/lib/python3.12/site-packages/airflow/example_dags/example_dynamic_task_mapping.py for tasks to queue
[2024-07-06T16:27:41.174+0700] {logging_mixin.py:188} INFO - [2024-07-06T16:27:41.173+0700] {dagbag.py:545} INFO - Filling up the DagBag from /home/acer/.local/share/virtualenvs/custom_airflow-E5ZHcY_K/lib/python3.12/site-packages/airflow/example_dags/example_dynamic_task_mapping.py
[2024-07-06T16:27:41.183+0700] {processor.py:840} INFO - DAG(s) 'example_dynamic_task_mapping' retrieved from /home/acer/.local/share/virtualenvs/custom_airflow-E5ZHcY_K/lib/python3.12/site-packages/airflow/example_dags/example_dynamic_task_mapping.py
[2024-07-06T16:27:41.199+0700] {logging_mixin.py:188} INFO - [2024-07-06T16:27:41.199+0700] {dag.py:3096} INFO - Sync 1 DAGs
[2024-07-06T16:27:41.219+0700] {logging_mixin.py:188} INFO - [2024-07-06T16:27:41.219+0700] {dag.py:3954} INFO - Setting next_dagrun for example_dynamic_task_mapping to 2022-03-04 00:00:00+00:00, run_after=2022-03-05 00:00:00+00:00
[2024-07-06T16:27:41.240+0700] {processor.py:183} INFO - Processing /home/acer/.local/share/virtualenvs/custom_airflow-E5ZHcY_K/lib/python3.12/site-packages/airflow/example_dags/example_dynamic_task_mapping.py took 0.089 seconds
[2024-07-06T16:28:47.070+0700] {processor.py:161} INFO - Started process (PID=60819) to work on /home/acer/.local/share/virtualenvs/custom_airflow-E5ZHcY_K/lib/python3.12/site-packages/airflow/example_dags/example_dynamic_task_mapping.py
[2024-07-06T16:28:47.072+0700] {processor.py:830} INFO - Processing file /home/acer/.local/share/virtualenvs/custom_airflow-E5ZHcY_K/lib/python3.12/site-packages/airflow/example_dags/example_dynamic_task_mapping.py for tasks to queue
[2024-07-06T16:28:47.076+0700] {logging_mixin.py:188} INFO - [2024-07-06T16:28:47.075+0700] {dagbag.py:545} INFO - Filling up the DagBag from /home/acer/.local/share/virtualenvs/custom_airflow-E5ZHcY_K/lib/python3.12/site-packages/airflow/example_dags/example_dynamic_task_mapping.py
[2024-07-06T16:28:47.086+0700] {processor.py:840} INFO - DAG(s) 'example_dynamic_task_mapping' retrieved from /home/acer/.local/share/virtualenvs/custom_airflow-E5ZHcY_K/lib/python3.12/site-packages/airflow/example_dags/example_dynamic_task_mapping.py
[2024-07-06T16:28:47.101+0700] {logging_mixin.py:188} INFO - [2024-07-06T16:28:47.101+0700] {dag.py:3096} INFO - Sync 1 DAGs
[2024-07-06T16:28:47.122+0700] {logging_mixin.py:188} INFO - [2024-07-06T16:28:47.121+0700] {dag.py:3954} INFO - Setting next_dagrun for example_dynamic_task_mapping to 2022-03-04 00:00:00+00:00, run_after=2022-03-05 00:00:00+00:00
[2024-07-06T16:28:47.142+0700] {processor.py:183} INFO - Processing /home/acer/.local/share/virtualenvs/custom_airflow-E5ZHcY_K/lib/python3.12/site-packages/airflow/example_dags/example_dynamic_task_mapping.py took 0.090 seconds
[2024-07-06T16:29:58.106+0700] {processor.py:161} INFO - Started process (PID=61181) to work on /home/acer/.local/share/virtualenvs/custom_airflow-E5ZHcY_K/lib/python3.12/site-packages/airflow/example_dags/example_dynamic_task_mapping.py
[2024-07-06T16:29:58.108+0700] {processor.py:830} INFO - Processing file /home/acer/.local/share/virtualenvs/custom_airflow-E5ZHcY_K/lib/python3.12/site-packages/airflow/example_dags/example_dynamic_task_mapping.py for tasks to queue
[2024-07-06T16:29:58.112+0700] {logging_mixin.py:188} INFO - [2024-07-06T16:29:58.111+0700] {dagbag.py:545} INFO - Filling up the DagBag from /home/acer/.local/share/virtualenvs/custom_airflow-E5ZHcY_K/lib/python3.12/site-packages/airflow/example_dags/example_dynamic_task_mapping.py
[2024-07-06T16:29:58.125+0700] {processor.py:840} INFO - DAG(s) 'example_dynamic_task_mapping' retrieved from /home/acer/.local/share/virtualenvs/custom_airflow-E5ZHcY_K/lib/python3.12/site-packages/airflow/example_dags/example_dynamic_task_mapping.py
[2024-07-06T16:29:58.142+0700] {logging_mixin.py:188} INFO - [2024-07-06T16:29:58.141+0700] {dag.py:3096} INFO - Sync 1 DAGs
[2024-07-06T16:29:58.162+0700] {logging_mixin.py:188} INFO - [2024-07-06T16:29:58.161+0700] {dag.py:3954} INFO - Setting next_dagrun for example_dynamic_task_mapping to 2022-03-04 00:00:00+00:00, run_after=2022-03-05 00:00:00+00:00
[2024-07-06T16:29:58.183+0700] {processor.py:183} INFO - Processing /home/acer/.local/share/virtualenvs/custom_airflow-E5ZHcY_K/lib/python3.12/site-packages/airflow/example_dags/example_dynamic_task_mapping.py took 0.090 seconds
[2024-07-06T16:31:05.489+0700] {processor.py:161} INFO - Started process (PID=61551) to work on /home/acer/.local/share/virtualenvs/custom_airflow-E5ZHcY_K/lib/python3.12/site-packages/airflow/example_dags/example_dynamic_task_mapping.py
[2024-07-06T16:31:05.490+0700] {processor.py:830} INFO - Processing file /home/acer/.local/share/virtualenvs/custom_airflow-E5ZHcY_K/lib/python3.12/site-packages/airflow/example_dags/example_dynamic_task_mapping.py for tasks to queue
[2024-07-06T16:31:05.492+0700] {logging_mixin.py:188} INFO - [2024-07-06T16:31:05.491+0700] {dagbag.py:545} INFO - Filling up the DagBag from /home/acer/.local/share/virtualenvs/custom_airflow-E5ZHcY_K/lib/python3.12/site-packages/airflow/example_dags/example_dynamic_task_mapping.py
[2024-07-06T16:31:05.498+0700] {processor.py:840} INFO - DAG(s) 'example_dynamic_task_mapping' retrieved from /home/acer/.local/share/virtualenvs/custom_airflow-E5ZHcY_K/lib/python3.12/site-packages/airflow/example_dags/example_dynamic_task_mapping.py
[2024-07-06T16:31:05.512+0700] {logging_mixin.py:188} INFO - [2024-07-06T16:31:05.512+0700] {dag.py:3096} INFO - Sync 1 DAGs
[2024-07-06T16:31:05.532+0700] {logging_mixin.py:188} INFO - [2024-07-06T16:31:05.532+0700] {dag.py:3954} INFO - Setting next_dagrun for example_dynamic_task_mapping to 2022-03-04 00:00:00+00:00, run_after=2022-03-05 00:00:00+00:00
[2024-07-06T16:31:05.554+0700] {processor.py:183} INFO - Processing /home/acer/.local/share/virtualenvs/custom_airflow-E5ZHcY_K/lib/python3.12/site-packages/airflow/example_dags/example_dynamic_task_mapping.py took 0.070 seconds
[2024-07-06T16:32:13.448+0700] {processor.py:161} INFO - Started process (PID=61881) to work on /home/acer/.local/share/virtualenvs/custom_airflow-E5ZHcY_K/lib/python3.12/site-packages/airflow/example_dags/example_dynamic_task_mapping.py
[2024-07-06T16:32:13.449+0700] {processor.py:830} INFO - Processing file /home/acer/.local/share/virtualenvs/custom_airflow-E5ZHcY_K/lib/python3.12/site-packages/airflow/example_dags/example_dynamic_task_mapping.py for tasks to queue
[2024-07-06T16:32:13.451+0700] {logging_mixin.py:188} INFO - [2024-07-06T16:32:13.451+0700] {dagbag.py:545} INFO - Filling up the DagBag from /home/acer/.local/share/virtualenvs/custom_airflow-E5ZHcY_K/lib/python3.12/site-packages/airflow/example_dags/example_dynamic_task_mapping.py
[2024-07-06T16:32:13.458+0700] {processor.py:840} INFO - DAG(s) 'example_dynamic_task_mapping' retrieved from /home/acer/.local/share/virtualenvs/custom_airflow-E5ZHcY_K/lib/python3.12/site-packages/airflow/example_dags/example_dynamic_task_mapping.py
[2024-07-06T16:32:13.472+0700] {logging_mixin.py:188} INFO - [2024-07-06T16:32:13.472+0700] {dag.py:3096} INFO - Sync 1 DAGs
[2024-07-06T16:32:13.494+0700] {logging_mixin.py:188} INFO - [2024-07-06T16:32:13.494+0700] {dag.py:3954} INFO - Setting next_dagrun for example_dynamic_task_mapping to 2022-03-04 00:00:00+00:00, run_after=2022-03-05 00:00:00+00:00
[2024-07-06T16:32:13.518+0700] {processor.py:183} INFO - Processing /home/acer/.local/share/virtualenvs/custom_airflow-E5ZHcY_K/lib/python3.12/site-packages/airflow/example_dags/example_dynamic_task_mapping.py took 0.075 seconds
[2024-07-06T16:33:03.490+0700] {processor.py:161} INFO - Started process (PID=62136) to work on /home/acer/.local/share/virtualenvs/custom_airflow-E5ZHcY_K/lib/python3.12/site-packages/airflow/example_dags/example_dynamic_task_mapping.py
[2024-07-06T16:33:03.491+0700] {processor.py:830} INFO - Processing file /home/acer/.local/share/virtualenvs/custom_airflow-E5ZHcY_K/lib/python3.12/site-packages/airflow/example_dags/example_dynamic_task_mapping.py for tasks to queue
[2024-07-06T16:33:03.495+0700] {logging_mixin.py:188} INFO - [2024-07-06T16:33:03.494+0700] {dagbag.py:545} INFO - Filling up the DagBag from /home/acer/.local/share/virtualenvs/custom_airflow-E5ZHcY_K/lib/python3.12/site-packages/airflow/example_dags/example_dynamic_task_mapping.py
[2024-07-06T16:33:03.503+0700] {processor.py:840} INFO - DAG(s) 'example_dynamic_task_mapping' retrieved from /home/acer/.local/share/virtualenvs/custom_airflow-E5ZHcY_K/lib/python3.12/site-packages/airflow/example_dags/example_dynamic_task_mapping.py
[2024-07-06T16:33:03.517+0700] {logging_mixin.py:188} INFO - [2024-07-06T16:33:03.517+0700] {dag.py:3096} INFO - Sync 1 DAGs
[2024-07-06T16:33:03.537+0700] {logging_mixin.py:188} INFO - [2024-07-06T16:33:03.537+0700] {dag.py:3954} INFO - Setting next_dagrun for example_dynamic_task_mapping to 2022-03-04 00:00:00+00:00, run_after=2022-03-05 00:00:00+00:00
[2024-07-06T16:33:03.557+0700] {processor.py:183} INFO - Processing /home/acer/.local/share/virtualenvs/custom_airflow-E5ZHcY_K/lib/python3.12/site-packages/airflow/example_dags/example_dynamic_task_mapping.py took 0.079 seconds
[2024-07-06T16:34:14.163+0700] {processor.py:161} INFO - Started process (PID=62499) to work on /home/acer/.local/share/virtualenvs/custom_airflow-E5ZHcY_K/lib/python3.12/site-packages/airflow/example_dags/example_dynamic_task_mapping.py
[2024-07-06T16:34:14.166+0700] {processor.py:830} INFO - Processing file /home/acer/.local/share/virtualenvs/custom_airflow-E5ZHcY_K/lib/python3.12/site-packages/airflow/example_dags/example_dynamic_task_mapping.py for tasks to queue
[2024-07-06T16:34:14.170+0700] {logging_mixin.py:188} INFO - [2024-07-06T16:34:14.169+0700] {dagbag.py:545} INFO - Filling up the DagBag from /home/acer/.local/share/virtualenvs/custom_airflow-E5ZHcY_K/lib/python3.12/site-packages/airflow/example_dags/example_dynamic_task_mapping.py
[2024-07-06T16:34:14.180+0700] {processor.py:840} INFO - DAG(s) 'example_dynamic_task_mapping' retrieved from /home/acer/.local/share/virtualenvs/custom_airflow-E5ZHcY_K/lib/python3.12/site-packages/airflow/example_dags/example_dynamic_task_mapping.py
[2024-07-06T16:34:14.196+0700] {logging_mixin.py:188} INFO - [2024-07-06T16:34:14.196+0700] {dag.py:3096} INFO - Sync 1 DAGs
[2024-07-06T16:34:14.217+0700] {logging_mixin.py:188} INFO - [2024-07-06T16:34:14.217+0700] {dag.py:3954} INFO - Setting next_dagrun for example_dynamic_task_mapping to 2022-03-04 00:00:00+00:00, run_after=2022-03-05 00:00:00+00:00
[2024-07-06T16:34:14.239+0700] {processor.py:183} INFO - Processing /home/acer/.local/share/virtualenvs/custom_airflow-E5ZHcY_K/lib/python3.12/site-packages/airflow/example_dags/example_dynamic_task_mapping.py took 0.095 seconds
[2024-07-06T16:35:27.111+0700] {processor.py:161} INFO - Started process (PID=62887) to work on /home/acer/.local/share/virtualenvs/custom_airflow-E5ZHcY_K/lib/python3.12/site-packages/airflow/example_dags/example_dynamic_task_mapping.py
[2024-07-06T16:35:27.112+0700] {processor.py:830} INFO - Processing file /home/acer/.local/share/virtualenvs/custom_airflow-E5ZHcY_K/lib/python3.12/site-packages/airflow/example_dags/example_dynamic_task_mapping.py for tasks to queue
[2024-07-06T16:35:27.114+0700] {logging_mixin.py:188} INFO - [2024-07-06T16:35:27.114+0700] {dagbag.py:545} INFO - Filling up the DagBag from /home/acer/.local/share/virtualenvs/custom_airflow-E5ZHcY_K/lib/python3.12/site-packages/airflow/example_dags/example_dynamic_task_mapping.py
[2024-07-06T16:35:27.121+0700] {processor.py:840} INFO - DAG(s) 'example_dynamic_task_mapping' retrieved from /home/acer/.local/share/virtualenvs/custom_airflow-E5ZHcY_K/lib/python3.12/site-packages/airflow/example_dags/example_dynamic_task_mapping.py
[2024-07-06T16:35:27.136+0700] {logging_mixin.py:188} INFO - [2024-07-06T16:35:27.135+0700] {dag.py:3096} INFO - Sync 1 DAGs
[2024-07-06T16:35:27.156+0700] {logging_mixin.py:188} INFO - [2024-07-06T16:35:27.156+0700] {dag.py:3954} INFO - Setting next_dagrun for example_dynamic_task_mapping to 2022-03-04 00:00:00+00:00, run_after=2022-03-05 00:00:00+00:00
[2024-07-06T16:35:27.176+0700] {processor.py:183} INFO - Processing /home/acer/.local/share/virtualenvs/custom_airflow-E5ZHcY_K/lib/python3.12/site-packages/airflow/example_dags/example_dynamic_task_mapping.py took 0.070 seconds
[2024-07-06T21:54:55.570+0700] {processor.py:161} INFO - Started process (PID=12059) to work on /home/acer/.local/share/virtualenvs/custom_airflow-E5ZHcY_K/lib/python3.12/site-packages/airflow/example_dags/example_dynamic_task_mapping.py
[2024-07-06T21:54:55.571+0700] {processor.py:830} INFO - Processing file /home/acer/.local/share/virtualenvs/custom_airflow-E5ZHcY_K/lib/python3.12/site-packages/airflow/example_dags/example_dynamic_task_mapping.py for tasks to queue
[2024-07-06T21:54:55.573+0700] {logging_mixin.py:188} INFO - [2024-07-06T21:54:55.572+0700] {dagbag.py:545} INFO - Filling up the DagBag from /home/acer/.local/share/virtualenvs/custom_airflow-E5ZHcY_K/lib/python3.12/site-packages/airflow/example_dags/example_dynamic_task_mapping.py
[2024-07-06T21:54:55.579+0700] {processor.py:840} INFO - DAG(s) 'example_dynamic_task_mapping' retrieved from /home/acer/.local/share/virtualenvs/custom_airflow-E5ZHcY_K/lib/python3.12/site-packages/airflow/example_dags/example_dynamic_task_mapping.py
[2024-07-06T21:54:55.594+0700] {logging_mixin.py:188} INFO - [2024-07-06T21:54:55.593+0700] {dag.py:3096} INFO - Sync 1 DAGs
[2024-07-06T21:54:55.614+0700] {logging_mixin.py:188} INFO - [2024-07-06T21:54:55.613+0700] {dag.py:3954} INFO - Setting next_dagrun for example_dynamic_task_mapping to 2022-03-04 00:00:00+00:00, run_after=2022-03-05 00:00:00+00:00
[2024-07-06T21:54:55.635+0700] {processor.py:183} INFO - Processing /home/acer/.local/share/virtualenvs/custom_airflow-E5ZHcY_K/lib/python3.12/site-packages/airflow/example_dags/example_dynamic_task_mapping.py took 0.070 seconds
[2024-07-06T21:55:49.638+0700] {processor.py:161} INFO - Started process (PID=12850) to work on /home/acer/.local/share/virtualenvs/custom_airflow-E5ZHcY_K/lib/python3.12/site-packages/airflow/example_dags/example_dynamic_task_mapping.py
[2024-07-06T21:55:49.640+0700] {processor.py:830} INFO - Processing file /home/acer/.local/share/virtualenvs/custom_airflow-E5ZHcY_K/lib/python3.12/site-packages/airflow/example_dags/example_dynamic_task_mapping.py for tasks to queue
[2024-07-06T21:55:49.644+0700] {logging_mixin.py:188} INFO - [2024-07-06T21:55:49.643+0700] {dagbag.py:545} INFO - Filling up the DagBag from /home/acer/.local/share/virtualenvs/custom_airflow-E5ZHcY_K/lib/python3.12/site-packages/airflow/example_dags/example_dynamic_task_mapping.py
[2024-07-06T21:55:49.654+0700] {processor.py:840} INFO - DAG(s) 'example_dynamic_task_mapping' retrieved from /home/acer/.local/share/virtualenvs/custom_airflow-E5ZHcY_K/lib/python3.12/site-packages/airflow/example_dags/example_dynamic_task_mapping.py
[2024-07-06T21:55:49.669+0700] {logging_mixin.py:188} INFO - [2024-07-06T21:55:49.668+0700] {dag.py:3096} INFO - Sync 1 DAGs
[2024-07-06T21:55:49.689+0700] {logging_mixin.py:188} INFO - [2024-07-06T21:55:49.689+0700] {dag.py:3954} INFO - Setting next_dagrun for example_dynamic_task_mapping to 2022-03-04 00:00:00+00:00, run_after=2022-03-05 00:00:00+00:00
[2024-07-06T21:55:49.709+0700] {processor.py:183} INFO - Processing /home/acer/.local/share/virtualenvs/custom_airflow-E5ZHcY_K/lib/python3.12/site-packages/airflow/example_dags/example_dynamic_task_mapping.py took 0.095 seconds
[2024-07-06T21:56:44.522+0700] {processor.py:161} INFO - Started process (PID=13393) to work on /home/acer/.local/share/virtualenvs/custom_airflow-E5ZHcY_K/lib/python3.12/site-packages/airflow/example_dags/example_dynamic_task_mapping.py
[2024-07-06T21:56:44.524+0700] {processor.py:830} INFO - Processing file /home/acer/.local/share/virtualenvs/custom_airflow-E5ZHcY_K/lib/python3.12/site-packages/airflow/example_dags/example_dynamic_task_mapping.py for tasks to queue
[2024-07-06T21:56:44.527+0700] {logging_mixin.py:188} INFO - [2024-07-06T21:56:44.526+0700] {dagbag.py:545} INFO - Filling up the DagBag from /home/acer/.local/share/virtualenvs/custom_airflow-E5ZHcY_K/lib/python3.12/site-packages/airflow/example_dags/example_dynamic_task_mapping.py
[2024-07-06T21:56:44.541+0700] {processor.py:840} INFO - DAG(s) 'example_dynamic_task_mapping' retrieved from /home/acer/.local/share/virtualenvs/custom_airflow-E5ZHcY_K/lib/python3.12/site-packages/airflow/example_dags/example_dynamic_task_mapping.py
[2024-07-06T21:56:44.573+0700] {logging_mixin.py:188} INFO - [2024-07-06T21:56:44.572+0700] {dag.py:3096} INFO - Sync 1 DAGs
[2024-07-06T21:56:44.614+0700] {logging_mixin.py:188} INFO - [2024-07-06T21:56:44.613+0700] {dag.py:3954} INFO - Setting next_dagrun for example_dynamic_task_mapping to 2022-03-04 00:00:00+00:00, run_after=2022-03-05 00:00:00+00:00
[2024-07-06T21:56:44.646+0700] {processor.py:183} INFO - Processing /home/acer/.local/share/virtualenvs/custom_airflow-E5ZHcY_K/lib/python3.12/site-packages/airflow/example_dags/example_dynamic_task_mapping.py took 0.136 seconds
[2024-07-06T21:58:01.037+0700] {processor.py:161} INFO - Started process (PID=14074) to work on /home/acer/.local/share/virtualenvs/custom_airflow-E5ZHcY_K/lib/python3.12/site-packages/airflow/example_dags/example_dynamic_task_mapping.py
[2024-07-06T21:58:01.038+0700] {processor.py:830} INFO - Processing file /home/acer/.local/share/virtualenvs/custom_airflow-E5ZHcY_K/lib/python3.12/site-packages/airflow/example_dags/example_dynamic_task_mapping.py for tasks to queue
[2024-07-06T21:58:01.044+0700] {logging_mixin.py:188} INFO - [2024-07-06T21:58:01.043+0700] {dagbag.py:545} INFO - Filling up the DagBag from /home/acer/.local/share/virtualenvs/custom_airflow-E5ZHcY_K/lib/python3.12/site-packages/airflow/example_dags/example_dynamic_task_mapping.py
[2024-07-06T21:58:01.055+0700] {processor.py:840} INFO - DAG(s) 'example_dynamic_task_mapping' retrieved from /home/acer/.local/share/virtualenvs/custom_airflow-E5ZHcY_K/lib/python3.12/site-packages/airflow/example_dags/example_dynamic_task_mapping.py
[2024-07-06T21:58:01.087+0700] {logging_mixin.py:188} INFO - [2024-07-06T21:58:01.087+0700] {dag.py:3096} INFO - Sync 1 DAGs
[2024-07-06T21:58:01.129+0700] {logging_mixin.py:188} INFO - [2024-07-06T21:58:01.128+0700] {dag.py:3954} INFO - Setting next_dagrun for example_dynamic_task_mapping to 2022-03-04 00:00:00+00:00, run_after=2022-03-05 00:00:00+00:00
[2024-07-06T21:58:01.153+0700] {processor.py:183} INFO - Processing /home/acer/.local/share/virtualenvs/custom_airflow-E5ZHcY_K/lib/python3.12/site-packages/airflow/example_dags/example_dynamic_task_mapping.py took 0.125 seconds
[2024-07-06T21:58:54.850+0700] {processor.py:161} INFO - Started process (PID=14329) to work on /home/acer/.local/share/virtualenvs/custom_airflow-E5ZHcY_K/lib/python3.12/site-packages/airflow/example_dags/example_dynamic_task_mapping.py
[2024-07-06T21:58:54.853+0700] {processor.py:830} INFO - Processing file /home/acer/.local/share/virtualenvs/custom_airflow-E5ZHcY_K/lib/python3.12/site-packages/airflow/example_dags/example_dynamic_task_mapping.py for tasks to queue
[2024-07-06T21:58:54.860+0700] {logging_mixin.py:188} INFO - [2024-07-06T21:58:54.859+0700] {dagbag.py:545} INFO - Filling up the DagBag from /home/acer/.local/share/virtualenvs/custom_airflow-E5ZHcY_K/lib/python3.12/site-packages/airflow/example_dags/example_dynamic_task_mapping.py
[2024-07-06T21:58:54.872+0700] {processor.py:840} INFO - DAG(s) 'example_dynamic_task_mapping' retrieved from /home/acer/.local/share/virtualenvs/custom_airflow-E5ZHcY_K/lib/python3.12/site-packages/airflow/example_dags/example_dynamic_task_mapping.py
[2024-07-06T21:58:54.893+0700] {logging_mixin.py:188} INFO - [2024-07-06T21:58:54.892+0700] {dag.py:3096} INFO - Sync 1 DAGs
[2024-07-06T21:58:54.918+0700] {logging_mixin.py:188} INFO - [2024-07-06T21:58:54.918+0700] {dag.py:3954} INFO - Setting next_dagrun for example_dynamic_task_mapping to 2022-03-04 00:00:00+00:00, run_after=2022-03-05 00:00:00+00:00
[2024-07-06T21:58:54.944+0700] {processor.py:183} INFO - Processing /home/acer/.local/share/virtualenvs/custom_airflow-E5ZHcY_K/lib/python3.12/site-packages/airflow/example_dags/example_dynamic_task_mapping.py took 0.119 seconds
[2024-07-06T22:00:09.620+0700] {processor.py:161} INFO - Started process (PID=14806) to work on /home/acer/.local/share/virtualenvs/custom_airflow-E5ZHcY_K/lib/python3.12/site-packages/airflow/example_dags/example_dynamic_task_mapping.py
[2024-07-06T22:00:09.622+0700] {processor.py:830} INFO - Processing file /home/acer/.local/share/virtualenvs/custom_airflow-E5ZHcY_K/lib/python3.12/site-packages/airflow/example_dags/example_dynamic_task_mapping.py for tasks to queue
[2024-07-06T22:00:09.625+0700] {logging_mixin.py:188} INFO - [2024-07-06T22:00:09.624+0700] {dagbag.py:545} INFO - Filling up the DagBag from /home/acer/.local/share/virtualenvs/custom_airflow-E5ZHcY_K/lib/python3.12/site-packages/airflow/example_dags/example_dynamic_task_mapping.py
[2024-07-06T22:00:09.633+0700] {processor.py:840} INFO - DAG(s) 'example_dynamic_task_mapping' retrieved from /home/acer/.local/share/virtualenvs/custom_airflow-E5ZHcY_K/lib/python3.12/site-packages/airflow/example_dags/example_dynamic_task_mapping.py
[2024-07-06T22:00:09.647+0700] {logging_mixin.py:188} INFO - [2024-07-06T22:00:09.647+0700] {dag.py:3096} INFO - Sync 1 DAGs
[2024-07-06T22:00:09.668+0700] {logging_mixin.py:188} INFO - [2024-07-06T22:00:09.668+0700] {dag.py:3954} INFO - Setting next_dagrun for example_dynamic_task_mapping to 2022-03-04 00:00:00+00:00, run_after=2022-03-05 00:00:00+00:00
[2024-07-06T22:00:09.693+0700] {processor.py:183} INFO - Processing /home/acer/.local/share/virtualenvs/custom_airflow-E5ZHcY_K/lib/python3.12/site-packages/airflow/example_dags/example_dynamic_task_mapping.py took 0.089 seconds
[2024-07-06T22:02:00.572+0700] {processor.py:161} INFO - Started process (PID=15937) to work on /home/acer/.local/share/virtualenvs/custom_airflow-E5ZHcY_K/lib/python3.12/site-packages/airflow/example_dags/example_dynamic_task_mapping.py
[2024-07-06T22:02:00.574+0700] {processor.py:830} INFO - Processing file /home/acer/.local/share/virtualenvs/custom_airflow-E5ZHcY_K/lib/python3.12/site-packages/airflow/example_dags/example_dynamic_task_mapping.py for tasks to queue
[2024-07-06T22:02:00.576+0700] {logging_mixin.py:188} INFO - [2024-07-06T22:02:00.575+0700] {dagbag.py:545} INFO - Filling up the DagBag from /home/acer/.local/share/virtualenvs/custom_airflow-E5ZHcY_K/lib/python3.12/site-packages/airflow/example_dags/example_dynamic_task_mapping.py
[2024-07-06T22:02:00.584+0700] {processor.py:840} INFO - DAG(s) 'example_dynamic_task_mapping' retrieved from /home/acer/.local/share/virtualenvs/custom_airflow-E5ZHcY_K/lib/python3.12/site-packages/airflow/example_dags/example_dynamic_task_mapping.py
[2024-07-06T22:02:00.600+0700] {logging_mixin.py:188} INFO - [2024-07-06T22:02:00.599+0700] {dag.py:3096} INFO - Sync 1 DAGs
[2024-07-06T22:02:00.624+0700] {logging_mixin.py:188} INFO - [2024-07-06T22:02:00.624+0700] {dag.py:3954} INFO - Setting next_dagrun for example_dynamic_task_mapping to 2022-03-04 00:00:00+00:00, run_after=2022-03-05 00:00:00+00:00
[2024-07-06T22:02:00.650+0700] {processor.py:183} INFO - Processing /home/acer/.local/share/virtualenvs/custom_airflow-E5ZHcY_K/lib/python3.12/site-packages/airflow/example_dags/example_dynamic_task_mapping.py took 0.088 seconds
[2024-07-06T22:02:59.988+0700] {processor.py:161} INFO - Started process (PID=16339) to work on /home/acer/.local/share/virtualenvs/custom_airflow-E5ZHcY_K/lib/python3.12/site-packages/airflow/example_dags/example_dynamic_task_mapping.py
[2024-07-06T22:02:59.989+0700] {processor.py:830} INFO - Processing file /home/acer/.local/share/virtualenvs/custom_airflow-E5ZHcY_K/lib/python3.12/site-packages/airflow/example_dags/example_dynamic_task_mapping.py for tasks to queue
[2024-07-06T22:02:59.994+0700] {logging_mixin.py:188} INFO - [2024-07-06T22:02:59.993+0700] {dagbag.py:545} INFO - Filling up the DagBag from /home/acer/.local/share/virtualenvs/custom_airflow-E5ZHcY_K/lib/python3.12/site-packages/airflow/example_dags/example_dynamic_task_mapping.py
[2024-07-06T22:03:00.003+0700] {processor.py:840} INFO - DAG(s) 'example_dynamic_task_mapping' retrieved from /home/acer/.local/share/virtualenvs/custom_airflow-E5ZHcY_K/lib/python3.12/site-packages/airflow/example_dags/example_dynamic_task_mapping.py
[2024-07-06T22:03:00.024+0700] {logging_mixin.py:188} INFO - [2024-07-06T22:03:00.024+0700] {dag.py:3096} INFO - Sync 1 DAGs
[2024-07-06T22:03:00.046+0700] {logging_mixin.py:188} INFO - [2024-07-06T22:03:00.046+0700] {dag.py:3954} INFO - Setting next_dagrun for example_dynamic_task_mapping to 2022-03-04 00:00:00+00:00, run_after=2022-03-05 00:00:00+00:00
[2024-07-06T22:03:00.075+0700] {processor.py:183} INFO - Processing /home/acer/.local/share/virtualenvs/custom_airflow-E5ZHcY_K/lib/python3.12/site-packages/airflow/example_dags/example_dynamic_task_mapping.py took 0.098 seconds
[2024-07-06T22:03:51.826+0700] {processor.py:161} INFO - Started process (PID=16591) to work on /home/acer/.local/share/virtualenvs/custom_airflow-E5ZHcY_K/lib/python3.12/site-packages/airflow/example_dags/example_dynamic_task_mapping.py
[2024-07-06T22:03:51.831+0700] {processor.py:830} INFO - Processing file /home/acer/.local/share/virtualenvs/custom_airflow-E5ZHcY_K/lib/python3.12/site-packages/airflow/example_dags/example_dynamic_task_mapping.py for tasks to queue
[2024-07-06T22:03:51.837+0700] {logging_mixin.py:188} INFO - [2024-07-06T22:03:51.835+0700] {dagbag.py:545} INFO - Filling up the DagBag from /home/acer/.local/share/virtualenvs/custom_airflow-E5ZHcY_K/lib/python3.12/site-packages/airflow/example_dags/example_dynamic_task_mapping.py
[2024-07-06T22:03:51.853+0700] {processor.py:840} INFO - DAG(s) 'example_dynamic_task_mapping' retrieved from /home/acer/.local/share/virtualenvs/custom_airflow-E5ZHcY_K/lib/python3.12/site-packages/airflow/example_dags/example_dynamic_task_mapping.py
[2024-07-06T22:03:51.871+0700] {logging_mixin.py:188} INFO - [2024-07-06T22:03:51.870+0700] {dag.py:3096} INFO - Sync 1 DAGs
[2024-07-06T22:03:51.894+0700] {logging_mixin.py:188} INFO - [2024-07-06T22:03:51.893+0700] {dag.py:3954} INFO - Setting next_dagrun for example_dynamic_task_mapping to 2022-03-04 00:00:00+00:00, run_after=2022-03-05 00:00:00+00:00
[2024-07-06T22:03:51.917+0700] {processor.py:183} INFO - Processing /home/acer/.local/share/virtualenvs/custom_airflow-E5ZHcY_K/lib/python3.12/site-packages/airflow/example_dags/example_dynamic_task_mapping.py took 0.096 seconds
[2024-07-06T22:05:45.352+0700] {processor.py:161} INFO - Started process (PID=17771) to work on /home/acer/.local/share/virtualenvs/custom_airflow-E5ZHcY_K/lib/python3.12/site-packages/airflow/example_dags/example_dynamic_task_mapping.py
[2024-07-06T22:05:45.353+0700] {processor.py:830} INFO - Processing file /home/acer/.local/share/virtualenvs/custom_airflow-E5ZHcY_K/lib/python3.12/site-packages/airflow/example_dags/example_dynamic_task_mapping.py for tasks to queue
[2024-07-06T22:05:45.355+0700] {logging_mixin.py:188} INFO - [2024-07-06T22:05:45.354+0700] {dagbag.py:545} INFO - Filling up the DagBag from /home/acer/.local/share/virtualenvs/custom_airflow-E5ZHcY_K/lib/python3.12/site-packages/airflow/example_dags/example_dynamic_task_mapping.py
[2024-07-06T22:05:45.361+0700] {processor.py:840} INFO - DAG(s) 'example_dynamic_task_mapping' retrieved from /home/acer/.local/share/virtualenvs/custom_airflow-E5ZHcY_K/lib/python3.12/site-packages/airflow/example_dags/example_dynamic_task_mapping.py
[2024-07-06T22:05:45.376+0700] {logging_mixin.py:188} INFO - [2024-07-06T22:05:45.375+0700] {dag.py:3096} INFO - Sync 1 DAGs
[2024-07-06T22:05:45.396+0700] {logging_mixin.py:188} INFO - [2024-07-06T22:05:45.396+0700] {dag.py:3954} INFO - Setting next_dagrun for example_dynamic_task_mapping to 2022-03-04 00:00:00+00:00, run_after=2022-03-05 00:00:00+00:00
[2024-07-06T22:05:45.418+0700] {processor.py:183} INFO - Processing /home/acer/.local/share/virtualenvs/custom_airflow-E5ZHcY_K/lib/python3.12/site-packages/airflow/example_dags/example_dynamic_task_mapping.py took 0.071 seconds
[2024-07-06T22:06:38.381+0700] {processor.py:161} INFO - Started process (PID=18181) to work on /home/acer/.local/share/virtualenvs/custom_airflow-E5ZHcY_K/lib/python3.12/site-packages/airflow/example_dags/example_dynamic_task_mapping.py
[2024-07-06T22:06:38.382+0700] {processor.py:830} INFO - Processing file /home/acer/.local/share/virtualenvs/custom_airflow-E5ZHcY_K/lib/python3.12/site-packages/airflow/example_dags/example_dynamic_task_mapping.py for tasks to queue
[2024-07-06T22:06:38.385+0700] {logging_mixin.py:188} INFO - [2024-07-06T22:06:38.384+0700] {dagbag.py:545} INFO - Filling up the DagBag from /home/acer/.local/share/virtualenvs/custom_airflow-E5ZHcY_K/lib/python3.12/site-packages/airflow/example_dags/example_dynamic_task_mapping.py
[2024-07-06T22:06:38.395+0700] {processor.py:840} INFO - DAG(s) 'example_dynamic_task_mapping' retrieved from /home/acer/.local/share/virtualenvs/custom_airflow-E5ZHcY_K/lib/python3.12/site-packages/airflow/example_dags/example_dynamic_task_mapping.py
[2024-07-06T22:06:38.415+0700] {logging_mixin.py:188} INFO - [2024-07-06T22:06:38.414+0700] {dag.py:3096} INFO - Sync 1 DAGs
[2024-07-06T22:06:38.441+0700] {logging_mixin.py:188} INFO - [2024-07-06T22:06:38.441+0700] {dag.py:3954} INFO - Setting next_dagrun for example_dynamic_task_mapping to 2022-03-04 00:00:00+00:00, run_after=2022-03-05 00:00:00+00:00
[2024-07-06T22:06:38.471+0700] {processor.py:183} INFO - Processing /home/acer/.local/share/virtualenvs/custom_airflow-E5ZHcY_K/lib/python3.12/site-packages/airflow/example_dags/example_dynamic_task_mapping.py took 0.100 seconds
[2024-07-06T22:07:56.555+0700] {processor.py:161} INFO - Started process (PID=18695) to work on /home/acer/.local/share/virtualenvs/custom_airflow-E5ZHcY_K/lib/python3.12/site-packages/airflow/example_dags/example_dynamic_task_mapping.py
[2024-07-06T22:07:56.556+0700] {processor.py:830} INFO - Processing file /home/acer/.local/share/virtualenvs/custom_airflow-E5ZHcY_K/lib/python3.12/site-packages/airflow/example_dags/example_dynamic_task_mapping.py for tasks to queue
[2024-07-06T22:07:56.558+0700] {logging_mixin.py:188} INFO - [2024-07-06T22:07:56.557+0700] {dagbag.py:545} INFO - Filling up the DagBag from /home/acer/.local/share/virtualenvs/custom_airflow-E5ZHcY_K/lib/python3.12/site-packages/airflow/example_dags/example_dynamic_task_mapping.py
[2024-07-06T22:07:56.565+0700] {processor.py:840} INFO - DAG(s) 'example_dynamic_task_mapping' retrieved from /home/acer/.local/share/virtualenvs/custom_airflow-E5ZHcY_K/lib/python3.12/site-packages/airflow/example_dags/example_dynamic_task_mapping.py
[2024-07-06T22:07:56.585+0700] {logging_mixin.py:188} INFO - [2024-07-06T22:07:56.584+0700] {dag.py:3096} INFO - Sync 1 DAGs
[2024-07-06T22:07:56.618+0700] {logging_mixin.py:188} INFO - [2024-07-06T22:07:56.618+0700] {dag.py:3954} INFO - Setting next_dagrun for example_dynamic_task_mapping to 2022-03-04 00:00:00+00:00, run_after=2022-03-05 00:00:00+00:00
[2024-07-06T22:07:56.644+0700] {processor.py:183} INFO - Processing /home/acer/.local/share/virtualenvs/custom_airflow-E5ZHcY_K/lib/python3.12/site-packages/airflow/example_dags/example_dynamic_task_mapping.py took 0.096 seconds
[2024-07-06T22:08:50.908+0700] {processor.py:161} INFO - Started process (PID=18986) to work on /home/acer/.local/share/virtualenvs/custom_airflow-E5ZHcY_K/lib/python3.12/site-packages/airflow/example_dags/example_dynamic_task_mapping.py
[2024-07-06T22:08:50.911+0700] {processor.py:830} INFO - Processing file /home/acer/.local/share/virtualenvs/custom_airflow-E5ZHcY_K/lib/python3.12/site-packages/airflow/example_dags/example_dynamic_task_mapping.py for tasks to queue
[2024-07-06T22:08:50.917+0700] {logging_mixin.py:188} INFO - [2024-07-06T22:08:50.915+0700] {dagbag.py:545} INFO - Filling up the DagBag from /home/acer/.local/share/virtualenvs/custom_airflow-E5ZHcY_K/lib/python3.12/site-packages/airflow/example_dags/example_dynamic_task_mapping.py
[2024-07-06T22:08:50.933+0700] {processor.py:840} INFO - DAG(s) 'example_dynamic_task_mapping' retrieved from /home/acer/.local/share/virtualenvs/custom_airflow-E5ZHcY_K/lib/python3.12/site-packages/airflow/example_dags/example_dynamic_task_mapping.py
[2024-07-06T22:08:50.966+0700] {logging_mixin.py:188} INFO - [2024-07-06T22:08:50.965+0700] {dag.py:3096} INFO - Sync 1 DAGs
[2024-07-06T22:08:50.994+0700] {logging_mixin.py:188} INFO - [2024-07-06T22:08:50.994+0700] {dag.py:3954} INFO - Setting next_dagrun for example_dynamic_task_mapping to 2022-03-04 00:00:00+00:00, run_after=2022-03-05 00:00:00+00:00
[2024-07-06T22:08:51.023+0700] {processor.py:183} INFO - Processing /home/acer/.local/share/virtualenvs/custom_airflow-E5ZHcY_K/lib/python3.12/site-packages/airflow/example_dags/example_dynamic_task_mapping.py took 0.131 seconds
[2024-07-06T22:09:48.026+0700] {processor.py:161} INFO - Started process (PID=19304) to work on /home/acer/.local/share/virtualenvs/custom_airflow-E5ZHcY_K/lib/python3.12/site-packages/airflow/example_dags/example_dynamic_task_mapping.py
[2024-07-06T22:09:48.028+0700] {processor.py:830} INFO - Processing file /home/acer/.local/share/virtualenvs/custom_airflow-E5ZHcY_K/lib/python3.12/site-packages/airflow/example_dags/example_dynamic_task_mapping.py for tasks to queue
[2024-07-06T22:09:48.032+0700] {logging_mixin.py:188} INFO - [2024-07-06T22:09:48.031+0700] {dagbag.py:545} INFO - Filling up the DagBag from /home/acer/.local/share/virtualenvs/custom_airflow-E5ZHcY_K/lib/python3.12/site-packages/airflow/example_dags/example_dynamic_task_mapping.py
[2024-07-06T22:09:48.044+0700] {processor.py:840} INFO - DAG(s) 'example_dynamic_task_mapping' retrieved from /home/acer/.local/share/virtualenvs/custom_airflow-E5ZHcY_K/lib/python3.12/site-packages/airflow/example_dags/example_dynamic_task_mapping.py
[2024-07-06T22:09:48.065+0700] {logging_mixin.py:188} INFO - [2024-07-06T22:09:48.065+0700] {dag.py:3096} INFO - Sync 1 DAGs
[2024-07-06T22:09:48.095+0700] {logging_mixin.py:188} INFO - [2024-07-06T22:09:48.095+0700] {dag.py:3954} INFO - Setting next_dagrun for example_dynamic_task_mapping to 2022-03-04 00:00:00+00:00, run_after=2022-03-05 00:00:00+00:00
[2024-07-06T22:09:48.120+0700] {processor.py:183} INFO - Processing /home/acer/.local/share/virtualenvs/custom_airflow-E5ZHcY_K/lib/python3.12/site-packages/airflow/example_dags/example_dynamic_task_mapping.py took 0.112 seconds
[2024-07-06T22:10:52.609+0700] {processor.py:161} INFO - Started process (PID=19707) to work on /home/acer/.local/share/virtualenvs/custom_airflow-E5ZHcY_K/lib/python3.12/site-packages/airflow/example_dags/example_dynamic_task_mapping.py
[2024-07-06T22:10:52.611+0700] {processor.py:830} INFO - Processing file /home/acer/.local/share/virtualenvs/custom_airflow-E5ZHcY_K/lib/python3.12/site-packages/airflow/example_dags/example_dynamic_task_mapping.py for tasks to queue
[2024-07-06T22:10:52.614+0700] {logging_mixin.py:188} INFO - [2024-07-06T22:10:52.614+0700] {dagbag.py:545} INFO - Filling up the DagBag from /home/acer/.local/share/virtualenvs/custom_airflow-E5ZHcY_K/lib/python3.12/site-packages/airflow/example_dags/example_dynamic_task_mapping.py
[2024-07-06T22:10:52.625+0700] {processor.py:840} INFO - DAG(s) 'example_dynamic_task_mapping' retrieved from /home/acer/.local/share/virtualenvs/custom_airflow-E5ZHcY_K/lib/python3.12/site-packages/airflow/example_dags/example_dynamic_task_mapping.py
[2024-07-06T22:10:52.641+0700] {logging_mixin.py:188} INFO - [2024-07-06T22:10:52.641+0700] {dag.py:3096} INFO - Sync 1 DAGs
[2024-07-06T22:10:52.671+0700] {logging_mixin.py:188} INFO - [2024-07-06T22:10:52.670+0700] {dag.py:3954} INFO - Setting next_dagrun for example_dynamic_task_mapping to 2022-03-04 00:00:00+00:00, run_after=2022-03-05 00:00:00+00:00
[2024-07-06T22:10:52.705+0700] {processor.py:183} INFO - Processing /home/acer/.local/share/virtualenvs/custom_airflow-E5ZHcY_K/lib/python3.12/site-packages/airflow/example_dags/example_dynamic_task_mapping.py took 0.109 seconds
[2024-07-06T22:11:56.087+0700] {processor.py:161} INFO - Started process (PID=20023) to work on /home/acer/.local/share/virtualenvs/custom_airflow-E5ZHcY_K/lib/python3.12/site-packages/airflow/example_dags/example_dynamic_task_mapping.py
[2024-07-06T22:11:56.088+0700] {processor.py:830} INFO - Processing file /home/acer/.local/share/virtualenvs/custom_airflow-E5ZHcY_K/lib/python3.12/site-packages/airflow/example_dags/example_dynamic_task_mapping.py for tasks to queue
[2024-07-06T22:11:56.091+0700] {logging_mixin.py:188} INFO - [2024-07-06T22:11:56.091+0700] {dagbag.py:545} INFO - Filling up the DagBag from /home/acer/.local/share/virtualenvs/custom_airflow-E5ZHcY_K/lib/python3.12/site-packages/airflow/example_dags/example_dynamic_task_mapping.py
[2024-07-06T22:11:56.099+0700] {processor.py:840} INFO - DAG(s) 'example_dynamic_task_mapping' retrieved from /home/acer/.local/share/virtualenvs/custom_airflow-E5ZHcY_K/lib/python3.12/site-packages/airflow/example_dags/example_dynamic_task_mapping.py
[2024-07-06T22:11:56.119+0700] {logging_mixin.py:188} INFO - [2024-07-06T22:11:56.118+0700] {dag.py:3096} INFO - Sync 1 DAGs
[2024-07-06T22:11:56.145+0700] {logging_mixin.py:188} INFO - [2024-07-06T22:11:56.145+0700] {dag.py:3954} INFO - Setting next_dagrun for example_dynamic_task_mapping to 2022-03-04 00:00:00+00:00, run_after=2022-03-05 00:00:00+00:00
[2024-07-06T22:11:56.172+0700] {processor.py:183} INFO - Processing /home/acer/.local/share/virtualenvs/custom_airflow-E5ZHcY_K/lib/python3.12/site-packages/airflow/example_dags/example_dynamic_task_mapping.py took 0.092 seconds
[2024-07-06T22:12:55.857+0700] {processor.py:161} INFO - Started process (PID=20337) to work on /home/acer/.local/share/virtualenvs/custom_airflow-E5ZHcY_K/lib/python3.12/site-packages/airflow/example_dags/example_dynamic_task_mapping.py
[2024-07-06T22:12:55.859+0700] {processor.py:830} INFO - Processing file /home/acer/.local/share/virtualenvs/custom_airflow-E5ZHcY_K/lib/python3.12/site-packages/airflow/example_dags/example_dynamic_task_mapping.py for tasks to queue
[2024-07-06T22:12:55.863+0700] {logging_mixin.py:188} INFO - [2024-07-06T22:12:55.863+0700] {dagbag.py:545} INFO - Filling up the DagBag from /home/acer/.local/share/virtualenvs/custom_airflow-E5ZHcY_K/lib/python3.12/site-packages/airflow/example_dags/example_dynamic_task_mapping.py
[2024-07-06T22:12:55.873+0700] {processor.py:840} INFO - DAG(s) 'example_dynamic_task_mapping' retrieved from /home/acer/.local/share/virtualenvs/custom_airflow-E5ZHcY_K/lib/python3.12/site-packages/airflow/example_dags/example_dynamic_task_mapping.py
[2024-07-06T22:12:55.890+0700] {logging_mixin.py:188} INFO - [2024-07-06T22:12:55.890+0700] {dag.py:3096} INFO - Sync 1 DAGs
[2024-07-06T22:12:55.919+0700] {logging_mixin.py:188} INFO - [2024-07-06T22:12:55.918+0700] {dag.py:3954} INFO - Setting next_dagrun for example_dynamic_task_mapping to 2022-03-04 00:00:00+00:00, run_after=2022-03-05 00:00:00+00:00
[2024-07-06T22:12:55.945+0700] {processor.py:183} INFO - Processing /home/acer/.local/share/virtualenvs/custom_airflow-E5ZHcY_K/lib/python3.12/site-packages/airflow/example_dags/example_dynamic_task_mapping.py took 0.105 seconds
[2024-07-06T22:13:55.073+0700] {processor.py:161} INFO - Started process (PID=20711) to work on /home/acer/.local/share/virtualenvs/custom_airflow-E5ZHcY_K/lib/python3.12/site-packages/airflow/example_dags/example_dynamic_task_mapping.py
[2024-07-06T22:13:55.075+0700] {processor.py:830} INFO - Processing file /home/acer/.local/share/virtualenvs/custom_airflow-E5ZHcY_K/lib/python3.12/site-packages/airflow/example_dags/example_dynamic_task_mapping.py for tasks to queue
[2024-07-06T22:13:55.081+0700] {logging_mixin.py:188} INFO - [2024-07-06T22:13:55.078+0700] {dagbag.py:545} INFO - Filling up the DagBag from /home/acer/.local/share/virtualenvs/custom_airflow-E5ZHcY_K/lib/python3.12/site-packages/airflow/example_dags/example_dynamic_task_mapping.py
[2024-07-06T22:13:55.090+0700] {processor.py:840} INFO - DAG(s) 'example_dynamic_task_mapping' retrieved from /home/acer/.local/share/virtualenvs/custom_airflow-E5ZHcY_K/lib/python3.12/site-packages/airflow/example_dags/example_dynamic_task_mapping.py
[2024-07-06T22:13:55.109+0700] {logging_mixin.py:188} INFO - [2024-07-06T22:13:55.109+0700] {dag.py:3096} INFO - Sync 1 DAGs
[2024-07-06T22:13:55.136+0700] {logging_mixin.py:188} INFO - [2024-07-06T22:13:55.136+0700] {dag.py:3954} INFO - Setting next_dagrun for example_dynamic_task_mapping to 2022-03-04 00:00:00+00:00, run_after=2022-03-05 00:00:00+00:00
[2024-07-06T22:13:55.166+0700] {processor.py:183} INFO - Processing /home/acer/.local/share/virtualenvs/custom_airflow-E5ZHcY_K/lib/python3.12/site-packages/airflow/example_dags/example_dynamic_task_mapping.py took 0.102 seconds
[2024-07-06T22:14:54.807+0700] {processor.py:161} INFO - Started process (PID=21044) to work on /home/acer/.local/share/virtualenvs/custom_airflow-E5ZHcY_K/lib/python3.12/site-packages/airflow/example_dags/example_dynamic_task_mapping.py
[2024-07-06T22:14:54.809+0700] {processor.py:830} INFO - Processing file /home/acer/.local/share/virtualenvs/custom_airflow-E5ZHcY_K/lib/python3.12/site-packages/airflow/example_dags/example_dynamic_task_mapping.py for tasks to queue
[2024-07-06T22:14:54.816+0700] {logging_mixin.py:188} INFO - [2024-07-06T22:14:54.816+0700] {dagbag.py:545} INFO - Filling up the DagBag from /home/acer/.local/share/virtualenvs/custom_airflow-E5ZHcY_K/lib/python3.12/site-packages/airflow/example_dags/example_dynamic_task_mapping.py
[2024-07-06T22:14:54.830+0700] {processor.py:840} INFO - DAG(s) 'example_dynamic_task_mapping' retrieved from /home/acer/.local/share/virtualenvs/custom_airflow-E5ZHcY_K/lib/python3.12/site-packages/airflow/example_dags/example_dynamic_task_mapping.py
[2024-07-06T22:14:54.857+0700] {logging_mixin.py:188} INFO - [2024-07-06T22:14:54.856+0700] {dag.py:3096} INFO - Sync 1 DAGs
[2024-07-06T22:14:54.890+0700] {logging_mixin.py:188} INFO - [2024-07-06T22:14:54.890+0700] {dag.py:3954} INFO - Setting next_dagrun for example_dynamic_task_mapping to 2022-03-04 00:00:00+00:00, run_after=2022-03-05 00:00:00+00:00
[2024-07-06T22:14:54.918+0700] {processor.py:183} INFO - Processing /home/acer/.local/share/virtualenvs/custom_airflow-E5ZHcY_K/lib/python3.12/site-packages/airflow/example_dags/example_dynamic_task_mapping.py took 0.130 seconds
[2024-07-06T22:15:58.269+0700] {processor.py:161} INFO - Started process (PID=21439) to work on /home/acer/.local/share/virtualenvs/custom_airflow-E5ZHcY_K/lib/python3.12/site-packages/airflow/example_dags/example_dynamic_task_mapping.py
[2024-07-06T22:15:58.270+0700] {processor.py:830} INFO - Processing file /home/acer/.local/share/virtualenvs/custom_airflow-E5ZHcY_K/lib/python3.12/site-packages/airflow/example_dags/example_dynamic_task_mapping.py for tasks to queue
[2024-07-06T22:15:58.272+0700] {logging_mixin.py:188} INFO - [2024-07-06T22:15:58.272+0700] {dagbag.py:545} INFO - Filling up the DagBag from /home/acer/.local/share/virtualenvs/custom_airflow-E5ZHcY_K/lib/python3.12/site-packages/airflow/example_dags/example_dynamic_task_mapping.py
[2024-07-06T22:15:58.280+0700] {processor.py:840} INFO - DAG(s) 'example_dynamic_task_mapping' retrieved from /home/acer/.local/share/virtualenvs/custom_airflow-E5ZHcY_K/lib/python3.12/site-packages/airflow/example_dags/example_dynamic_task_mapping.py
[2024-07-06T22:15:58.298+0700] {logging_mixin.py:188} INFO - [2024-07-06T22:15:58.297+0700] {dag.py:3096} INFO - Sync 1 DAGs
[2024-07-06T22:15:58.325+0700] {logging_mixin.py:188} INFO - [2024-07-06T22:15:58.325+0700] {dag.py:3954} INFO - Setting next_dagrun for example_dynamic_task_mapping to 2022-03-04 00:00:00+00:00, run_after=2022-03-05 00:00:00+00:00
[2024-07-06T22:15:58.356+0700] {processor.py:183} INFO - Processing /home/acer/.local/share/virtualenvs/custom_airflow-E5ZHcY_K/lib/python3.12/site-packages/airflow/example_dags/example_dynamic_task_mapping.py took 0.094 seconds
[2024-07-06T22:16:53.737+0700] {processor.py:161} INFO - Started process (PID=21723) to work on /home/acer/.local/share/virtualenvs/custom_airflow-E5ZHcY_K/lib/python3.12/site-packages/airflow/example_dags/example_dynamic_task_mapping.py
[2024-07-06T22:16:53.738+0700] {processor.py:830} INFO - Processing file /home/acer/.local/share/virtualenvs/custom_airflow-E5ZHcY_K/lib/python3.12/site-packages/airflow/example_dags/example_dynamic_task_mapping.py for tasks to queue
[2024-07-06T22:16:53.742+0700] {logging_mixin.py:188} INFO - [2024-07-06T22:16:53.741+0700] {dagbag.py:545} INFO - Filling up the DagBag from /home/acer/.local/share/virtualenvs/custom_airflow-E5ZHcY_K/lib/python3.12/site-packages/airflow/example_dags/example_dynamic_task_mapping.py
[2024-07-06T22:16:53.750+0700] {processor.py:840} INFO - DAG(s) 'example_dynamic_task_mapping' retrieved from /home/acer/.local/share/virtualenvs/custom_airflow-E5ZHcY_K/lib/python3.12/site-packages/airflow/example_dags/example_dynamic_task_mapping.py
[2024-07-06T22:16:53.771+0700] {logging_mixin.py:188} INFO - [2024-07-06T22:16:53.771+0700] {dag.py:3096} INFO - Sync 1 DAGs
[2024-07-06T22:16:53.803+0700] {logging_mixin.py:188} INFO - [2024-07-06T22:16:53.802+0700] {dag.py:3954} INFO - Setting next_dagrun for example_dynamic_task_mapping to 2022-03-04 00:00:00+00:00, run_after=2022-03-05 00:00:00+00:00
[2024-07-06T22:16:53.835+0700] {processor.py:183} INFO - Processing /home/acer/.local/share/virtualenvs/custom_airflow-E5ZHcY_K/lib/python3.12/site-packages/airflow/example_dags/example_dynamic_task_mapping.py took 0.106 seconds
[2024-07-06T22:17:50.516+0700] {processor.py:161} INFO - Started process (PID=22033) to work on /home/acer/.local/share/virtualenvs/custom_airflow-E5ZHcY_K/lib/python3.12/site-packages/airflow/example_dags/example_dynamic_task_mapping.py
[2024-07-06T22:17:50.521+0700] {processor.py:830} INFO - Processing file /home/acer/.local/share/virtualenvs/custom_airflow-E5ZHcY_K/lib/python3.12/site-packages/airflow/example_dags/example_dynamic_task_mapping.py for tasks to queue
[2024-07-06T22:17:50.525+0700] {logging_mixin.py:188} INFO - [2024-07-06T22:17:50.524+0700] {dagbag.py:545} INFO - Filling up the DagBag from /home/acer/.local/share/virtualenvs/custom_airflow-E5ZHcY_K/lib/python3.12/site-packages/airflow/example_dags/example_dynamic_task_mapping.py
[2024-07-06T22:17:50.552+0700] {processor.py:840} INFO - DAG(s) 'example_dynamic_task_mapping' retrieved from /home/acer/.local/share/virtualenvs/custom_airflow-E5ZHcY_K/lib/python3.12/site-packages/airflow/example_dags/example_dynamic_task_mapping.py
[2024-07-06T22:17:50.572+0700] {logging_mixin.py:188} INFO - [2024-07-06T22:17:50.572+0700] {dag.py:3096} INFO - Sync 1 DAGs
[2024-07-06T22:17:50.607+0700] {logging_mixin.py:188} INFO - [2024-07-06T22:17:50.607+0700] {dag.py:3954} INFO - Setting next_dagrun for example_dynamic_task_mapping to 2022-03-04 00:00:00+00:00, run_after=2022-03-05 00:00:00+00:00
[2024-07-06T22:17:50.760+0700] {processor.py:183} INFO - Processing /home/acer/.local/share/virtualenvs/custom_airflow-E5ZHcY_K/lib/python3.12/site-packages/airflow/example_dags/example_dynamic_task_mapping.py took 0.256 seconds
[2024-07-06T22:18:53.832+0700] {processor.py:161} INFO - Started process (PID=22375) to work on /home/acer/.local/share/virtualenvs/custom_airflow-E5ZHcY_K/lib/python3.12/site-packages/airflow/example_dags/example_dynamic_task_mapping.py
[2024-07-06T22:18:53.835+0700] {processor.py:830} INFO - Processing file /home/acer/.local/share/virtualenvs/custom_airflow-E5ZHcY_K/lib/python3.12/site-packages/airflow/example_dags/example_dynamic_task_mapping.py for tasks to queue
[2024-07-06T22:18:53.842+0700] {logging_mixin.py:188} INFO - [2024-07-06T22:18:53.839+0700] {dagbag.py:545} INFO - Filling up the DagBag from /home/acer/.local/share/virtualenvs/custom_airflow-E5ZHcY_K/lib/python3.12/site-packages/airflow/example_dags/example_dynamic_task_mapping.py
[2024-07-06T22:18:53.859+0700] {processor.py:840} INFO - DAG(s) 'example_dynamic_task_mapping' retrieved from /home/acer/.local/share/virtualenvs/custom_airflow-E5ZHcY_K/lib/python3.12/site-packages/airflow/example_dags/example_dynamic_task_mapping.py
[2024-07-06T22:18:53.880+0700] {logging_mixin.py:188} INFO - [2024-07-06T22:18:53.880+0700] {dag.py:3096} INFO - Sync 1 DAGs
[2024-07-06T22:18:53.903+0700] {logging_mixin.py:188} INFO - [2024-07-06T22:18:53.903+0700] {dag.py:3954} INFO - Setting next_dagrun for example_dynamic_task_mapping to 2022-03-04 00:00:00+00:00, run_after=2022-03-05 00:00:00+00:00
[2024-07-06T22:18:53.931+0700] {processor.py:183} INFO - Processing /home/acer/.local/share/virtualenvs/custom_airflow-E5ZHcY_K/lib/python3.12/site-packages/airflow/example_dags/example_dynamic_task_mapping.py took 0.137 seconds
[2024-07-06T22:19:54.593+0700] {processor.py:161} INFO - Started process (PID=22708) to work on /home/acer/.local/share/virtualenvs/custom_airflow-E5ZHcY_K/lib/python3.12/site-packages/airflow/example_dags/example_dynamic_task_mapping.py
[2024-07-06T22:19:54.594+0700] {processor.py:830} INFO - Processing file /home/acer/.local/share/virtualenvs/custom_airflow-E5ZHcY_K/lib/python3.12/site-packages/airflow/example_dags/example_dynamic_task_mapping.py for tasks to queue
[2024-07-06T22:19:54.597+0700] {logging_mixin.py:188} INFO - [2024-07-06T22:19:54.596+0700] {dagbag.py:545} INFO - Filling up the DagBag from /home/acer/.local/share/virtualenvs/custom_airflow-E5ZHcY_K/lib/python3.12/site-packages/airflow/example_dags/example_dynamic_task_mapping.py
[2024-07-06T22:19:54.607+0700] {processor.py:840} INFO - DAG(s) 'example_dynamic_task_mapping' retrieved from /home/acer/.local/share/virtualenvs/custom_airflow-E5ZHcY_K/lib/python3.12/site-packages/airflow/example_dags/example_dynamic_task_mapping.py
[2024-07-06T22:19:54.635+0700] {logging_mixin.py:188} INFO - [2024-07-06T22:19:54.635+0700] {dag.py:3096} INFO - Sync 1 DAGs
[2024-07-06T22:19:54.672+0700] {logging_mixin.py:188} INFO - [2024-07-06T22:19:54.672+0700] {dag.py:3954} INFO - Setting next_dagrun for example_dynamic_task_mapping to 2022-03-04 00:00:00+00:00, run_after=2022-03-05 00:00:00+00:00
[2024-07-06T22:19:54.713+0700] {processor.py:183} INFO - Processing /home/acer/.local/share/virtualenvs/custom_airflow-E5ZHcY_K/lib/python3.12/site-packages/airflow/example_dags/example_dynamic_task_mapping.py took 0.130 seconds
[2024-07-06T22:20:55.922+0700] {processor.py:161} INFO - Started process (PID=23014) to work on /home/acer/.local/share/virtualenvs/custom_airflow-E5ZHcY_K/lib/python3.12/site-packages/airflow/example_dags/example_dynamic_task_mapping.py
[2024-07-06T22:20:55.926+0700] {processor.py:830} INFO - Processing file /home/acer/.local/share/virtualenvs/custom_airflow-E5ZHcY_K/lib/python3.12/site-packages/airflow/example_dags/example_dynamic_task_mapping.py for tasks to queue
[2024-07-06T22:20:55.931+0700] {logging_mixin.py:188} INFO - [2024-07-06T22:20:55.930+0700] {dagbag.py:545} INFO - Filling up the DagBag from /home/acer/.local/share/virtualenvs/custom_airflow-E5ZHcY_K/lib/python3.12/site-packages/airflow/example_dags/example_dynamic_task_mapping.py
[2024-07-06T22:20:55.945+0700] {processor.py:840} INFO - DAG(s) 'example_dynamic_task_mapping' retrieved from /home/acer/.local/share/virtualenvs/custom_airflow-E5ZHcY_K/lib/python3.12/site-packages/airflow/example_dags/example_dynamic_task_mapping.py
[2024-07-06T22:20:55.966+0700] {logging_mixin.py:188} INFO - [2024-07-06T22:20:55.965+0700] {dag.py:3096} INFO - Sync 1 DAGs
[2024-07-06T22:20:56.086+0700] {logging_mixin.py:188} INFO - [2024-07-06T22:20:56.086+0700] {dag.py:3954} INFO - Setting next_dagrun for example_dynamic_task_mapping to 2022-03-04 00:00:00+00:00, run_after=2022-03-05 00:00:00+00:00
[2024-07-06T22:20:56.109+0700] {processor.py:183} INFO - Processing /home/acer/.local/share/virtualenvs/custom_airflow-E5ZHcY_K/lib/python3.12/site-packages/airflow/example_dags/example_dynamic_task_mapping.py took 0.224 seconds
