[2024-07-06T16:09:02.806+0700] {processor.py:161} INFO - Started process (PID=51194) to work on /home/acer/.local/share/virtualenvs/custom_airflow-E5ZHcY_K/lib/python3.12/site-packages/airflow/example_dags/example_setup_teardown_taskflow.py
[2024-07-06T16:09:02.809+0700] {processor.py:830} INFO - Processing file /home/acer/.local/share/virtualenvs/custom_airflow-E5ZHcY_K/lib/python3.12/site-packages/airflow/example_dags/example_setup_teardown_taskflow.py for tasks to queue
[2024-07-06T16:09:02.818+0700] {logging_mixin.py:188} INFO - [2024-07-06T16:09:02.816+0700] {dagbag.py:545} INFO - Filling up the DagBag from /home/acer/.local/share/virtualenvs/custom_airflow-E5ZHcY_K/lib/python3.12/site-packages/airflow/example_dags/example_setup_teardown_taskflow.py
[2024-07-06T16:09:02.858+0700] {processor.py:840} INFO - DAG(s) 'example_setup_teardown_taskflow' retrieved from /home/acer/.local/share/virtualenvs/custom_airflow-E5ZHcY_K/lib/python3.12/site-packages/airflow/example_dags/example_setup_teardown_taskflow.py
[2024-07-06T16:09:03.016+0700] {logging_mixin.py:188} INFO - [2024-07-06T16:09:03.015+0700] {override.py:1847} INFO - Created Permission View: can delete on DAG:example_setup_teardown_taskflow
[2024-07-06T16:09:03.033+0700] {logging_mixin.py:188} INFO - [2024-07-06T16:09:03.032+0700] {override.py:1847} INFO - Created Permission View: can edit on DAG:example_setup_teardown_taskflow
[2024-07-06T16:09:03.042+0700] {logging_mixin.py:188} INFO - [2024-07-06T16:09:03.042+0700] {override.py:1847} INFO - Created Permission View: can read on DAG:example_setup_teardown_taskflow
[2024-07-06T16:09:03.042+0700] {logging_mixin.py:188} INFO - [2024-07-06T16:09:03.042+0700] {dag.py:3096} INFO - Sync 1 DAGs
[2024-07-06T16:09:03.057+0700] {logging_mixin.py:188} INFO - [2024-07-06T16:09:03.057+0700] {dag.py:3118} INFO - Creating ORM DAG for example_setup_teardown_taskflow
[2024-07-06T16:09:03.070+0700] {logging_mixin.py:188} INFO - [2024-07-06T16:09:03.069+0700] {dag.py:3954} INFO - Setting next_dagrun for example_setup_teardown_taskflow to 2024-07-05 00:00:00+00:00, run_after=2024-07-06 00:00:00+00:00
[2024-07-06T16:09:03.095+0700] {processor.py:183} INFO - Processing /home/acer/.local/share/virtualenvs/custom_airflow-E5ZHcY_K/lib/python3.12/site-packages/airflow/example_dags/example_setup_teardown_taskflow.py took 0.317 seconds
[2024-07-06T16:10:01.946+0700] {processor.py:161} INFO - Started process (PID=51633) to work on /home/acer/.local/share/virtualenvs/custom_airflow-E5ZHcY_K/lib/python3.12/site-packages/airflow/example_dags/example_setup_teardown_taskflow.py
[2024-07-06T16:10:01.947+0700] {processor.py:830} INFO - Processing file /home/acer/.local/share/virtualenvs/custom_airflow-E5ZHcY_K/lib/python3.12/site-packages/airflow/example_dags/example_setup_teardown_taskflow.py for tasks to queue
[2024-07-06T16:10:01.948+0700] {logging_mixin.py:188} INFO - [2024-07-06T16:10:01.948+0700] {dagbag.py:545} INFO - Filling up the DagBag from /home/acer/.local/share/virtualenvs/custom_airflow-E5ZHcY_K/lib/python3.12/site-packages/airflow/example_dags/example_setup_teardown_taskflow.py
[2024-07-06T16:10:01.959+0700] {processor.py:840} INFO - DAG(s) 'example_setup_teardown_taskflow' retrieved from /home/acer/.local/share/virtualenvs/custom_airflow-E5ZHcY_K/lib/python3.12/site-packages/airflow/example_dags/example_setup_teardown_taskflow.py
[2024-07-06T16:10:01.977+0700] {logging_mixin.py:188} INFO - [2024-07-06T16:10:01.977+0700] {dag.py:3096} INFO - Sync 1 DAGs
[2024-07-06T16:10:02.000+0700] {logging_mixin.py:188} INFO - [2024-07-06T16:10:02.000+0700] {dag.py:3954} INFO - Setting next_dagrun for example_setup_teardown_taskflow to 2024-07-05 00:00:00+00:00, run_after=2024-07-06 00:00:00+00:00
[2024-07-06T16:10:02.039+0700] {processor.py:183} INFO - Processing /home/acer/.local/share/virtualenvs/custom_airflow-E5ZHcY_K/lib/python3.12/site-packages/airflow/example_dags/example_setup_teardown_taskflow.py took 0.098 seconds
[2024-07-06T16:10:54.468+0700] {processor.py:161} INFO - Started process (PID=52247) to work on /home/acer/.local/share/virtualenvs/custom_airflow-E5ZHcY_K/lib/python3.12/site-packages/airflow/example_dags/example_setup_teardown_taskflow.py
[2024-07-06T16:10:54.471+0700] {processor.py:830} INFO - Processing file /home/acer/.local/share/virtualenvs/custom_airflow-E5ZHcY_K/lib/python3.12/site-packages/airflow/example_dags/example_setup_teardown_taskflow.py for tasks to queue
[2024-07-06T16:10:54.474+0700] {logging_mixin.py:188} INFO - [2024-07-06T16:10:54.472+0700] {dagbag.py:545} INFO - Filling up the DagBag from /home/acer/.local/share/virtualenvs/custom_airflow-E5ZHcY_K/lib/python3.12/site-packages/airflow/example_dags/example_setup_teardown_taskflow.py
[2024-07-06T16:10:54.494+0700] {processor.py:840} INFO - DAG(s) 'example_setup_teardown_taskflow' retrieved from /home/acer/.local/share/virtualenvs/custom_airflow-E5ZHcY_K/lib/python3.12/site-packages/airflow/example_dags/example_setup_teardown_taskflow.py
[2024-07-06T16:10:54.515+0700] {logging_mixin.py:188} INFO - [2024-07-06T16:10:54.515+0700] {dag.py:3096} INFO - Sync 1 DAGs
[2024-07-06T16:10:54.537+0700] {logging_mixin.py:188} INFO - [2024-07-06T16:10:54.537+0700] {dag.py:3954} INFO - Setting next_dagrun for example_setup_teardown_taskflow to 2024-07-05 00:00:00+00:00, run_after=2024-07-06 00:00:00+00:00
[2024-07-06T16:10:54.561+0700] {processor.py:183} INFO - Processing /home/acer/.local/share/virtualenvs/custom_airflow-E5ZHcY_K/lib/python3.12/site-packages/airflow/example_dags/example_setup_teardown_taskflow.py took 0.112 seconds
[2024-07-06T16:11:49.390+0700] {processor.py:161} INFO - Started process (PID=52571) to work on /home/acer/.local/share/virtualenvs/custom_airflow-E5ZHcY_K/lib/python3.12/site-packages/airflow/example_dags/example_setup_teardown_taskflow.py
[2024-07-06T16:11:49.391+0700] {processor.py:830} INFO - Processing file /home/acer/.local/share/virtualenvs/custom_airflow-E5ZHcY_K/lib/python3.12/site-packages/airflow/example_dags/example_setup_teardown_taskflow.py for tasks to queue
[2024-07-06T16:11:49.393+0700] {logging_mixin.py:188} INFO - [2024-07-06T16:11:49.392+0700] {dagbag.py:545} INFO - Filling up the DagBag from /home/acer/.local/share/virtualenvs/custom_airflow-E5ZHcY_K/lib/python3.12/site-packages/airflow/example_dags/example_setup_teardown_taskflow.py
[2024-07-06T16:11:49.404+0700] {processor.py:840} INFO - DAG(s) 'example_setup_teardown_taskflow' retrieved from /home/acer/.local/share/virtualenvs/custom_airflow-E5ZHcY_K/lib/python3.12/site-packages/airflow/example_dags/example_setup_teardown_taskflow.py
[2024-07-06T16:11:49.422+0700] {logging_mixin.py:188} INFO - [2024-07-06T16:11:49.422+0700] {dag.py:3096} INFO - Sync 1 DAGs
[2024-07-06T16:11:49.443+0700] {logging_mixin.py:188} INFO - [2024-07-06T16:11:49.443+0700] {dag.py:3954} INFO - Setting next_dagrun for example_setup_teardown_taskflow to 2024-07-05 00:00:00+00:00, run_after=2024-07-06 00:00:00+00:00
[2024-07-06T16:11:49.463+0700] {processor.py:183} INFO - Processing /home/acer/.local/share/virtualenvs/custom_airflow-E5ZHcY_K/lib/python3.12/site-packages/airflow/example_dags/example_setup_teardown_taskflow.py took 0.081 seconds
[2024-07-06T16:15:54.483+0700] {processor.py:161} INFO - Started process (PID=54829) to work on /home/acer/.local/share/virtualenvs/custom_airflow-E5ZHcY_K/lib/python3.12/site-packages/airflow/example_dags/example_setup_teardown_taskflow.py
[2024-07-06T16:15:54.485+0700] {processor.py:830} INFO - Processing file /home/acer/.local/share/virtualenvs/custom_airflow-E5ZHcY_K/lib/python3.12/site-packages/airflow/example_dags/example_setup_teardown_taskflow.py for tasks to queue
[2024-07-06T16:15:54.487+0700] {logging_mixin.py:188} INFO - [2024-07-06T16:15:54.486+0700] {dagbag.py:545} INFO - Filling up the DagBag from /home/acer/.local/share/virtualenvs/custom_airflow-E5ZHcY_K/lib/python3.12/site-packages/airflow/example_dags/example_setup_teardown_taskflow.py
[2024-07-06T16:15:54.499+0700] {processor.py:840} INFO - DAG(s) 'example_setup_teardown_taskflow' retrieved from /home/acer/.local/share/virtualenvs/custom_airflow-E5ZHcY_K/lib/python3.12/site-packages/airflow/example_dags/example_setup_teardown_taskflow.py
[2024-07-06T16:15:54.621+0700] {logging_mixin.py:188} INFO - [2024-07-06T16:15:54.621+0700] {dag.py:3096} INFO - Sync 1 DAGs
[2024-07-06T16:15:54.639+0700] {logging_mixin.py:188} INFO - [2024-07-06T16:15:54.639+0700] {dag.py:3954} INFO - Setting next_dagrun for example_setup_teardown_taskflow to 2024-07-05 00:00:00+00:00, run_after=2024-07-06 00:00:00+00:00
[2024-07-06T16:15:54.660+0700] {processor.py:183} INFO - Processing /home/acer/.local/share/virtualenvs/custom_airflow-E5ZHcY_K/lib/python3.12/site-packages/airflow/example_dags/example_setup_teardown_taskflow.py took 0.186 seconds
[2024-07-06T16:16:52.004+0700] {processor.py:161} INFO - Started process (PID=55366) to work on /home/acer/.local/share/virtualenvs/custom_airflow-E5ZHcY_K/lib/python3.12/site-packages/airflow/example_dags/example_setup_teardown_taskflow.py
[2024-07-06T16:16:52.005+0700] {processor.py:830} INFO - Processing file /home/acer/.local/share/virtualenvs/custom_airflow-E5ZHcY_K/lib/python3.12/site-packages/airflow/example_dags/example_setup_teardown_taskflow.py for tasks to queue
[2024-07-06T16:16:52.008+0700] {logging_mixin.py:188} INFO - [2024-07-06T16:16:52.007+0700] {dagbag.py:545} INFO - Filling up the DagBag from /home/acer/.local/share/virtualenvs/custom_airflow-E5ZHcY_K/lib/python3.12/site-packages/airflow/example_dags/example_setup_teardown_taskflow.py
[2024-07-06T16:16:52.021+0700] {processor.py:840} INFO - DAG(s) 'example_setup_teardown_taskflow' retrieved from /home/acer/.local/share/virtualenvs/custom_airflow-E5ZHcY_K/lib/python3.12/site-packages/airflow/example_dags/example_setup_teardown_taskflow.py
[2024-07-06T16:16:52.053+0700] {logging_mixin.py:188} INFO - [2024-07-06T16:16:52.053+0700] {dag.py:3096} INFO - Sync 1 DAGs
[2024-07-06T16:16:52.075+0700] {logging_mixin.py:188} INFO - [2024-07-06T16:16:52.074+0700] {dag.py:3954} INFO - Setting next_dagrun for example_setup_teardown_taskflow to 2024-07-05 00:00:00+00:00, run_after=2024-07-06 00:00:00+00:00
[2024-07-06T16:16:52.097+0700] {processor.py:183} INFO - Processing /home/acer/.local/share/virtualenvs/custom_airflow-E5ZHcY_K/lib/python3.12/site-packages/airflow/example_dags/example_setup_teardown_taskflow.py took 0.102 seconds
[2024-07-06T16:17:45.476+0700] {processor.py:161} INFO - Started process (PID=55795) to work on /home/acer/.local/share/virtualenvs/custom_airflow-E5ZHcY_K/lib/python3.12/site-packages/airflow/example_dags/example_setup_teardown_taskflow.py
[2024-07-06T16:17:45.477+0700] {processor.py:830} INFO - Processing file /home/acer/.local/share/virtualenvs/custom_airflow-E5ZHcY_K/lib/python3.12/site-packages/airflow/example_dags/example_setup_teardown_taskflow.py for tasks to queue
[2024-07-06T16:17:45.479+0700] {logging_mixin.py:188} INFO - [2024-07-06T16:17:45.479+0700] {dagbag.py:545} INFO - Filling up the DagBag from /home/acer/.local/share/virtualenvs/custom_airflow-E5ZHcY_K/lib/python3.12/site-packages/airflow/example_dags/example_setup_teardown_taskflow.py
[2024-07-06T16:17:45.492+0700] {processor.py:840} INFO - DAG(s) 'example_setup_teardown_taskflow' retrieved from /home/acer/.local/share/virtualenvs/custom_airflow-E5ZHcY_K/lib/python3.12/site-packages/airflow/example_dags/example_setup_teardown_taskflow.py
[2024-07-06T16:17:45.511+0700] {logging_mixin.py:188} INFO - [2024-07-06T16:17:45.510+0700] {dag.py:3096} INFO - Sync 1 DAGs
[2024-07-06T16:17:45.532+0700] {logging_mixin.py:188} INFO - [2024-07-06T16:17:45.531+0700] {dag.py:3954} INFO - Setting next_dagrun for example_setup_teardown_taskflow to 2024-07-05 00:00:00+00:00, run_after=2024-07-06 00:00:00+00:00
[2024-07-06T16:17:45.553+0700] {processor.py:183} INFO - Processing /home/acer/.local/share/virtualenvs/custom_airflow-E5ZHcY_K/lib/python3.12/site-packages/airflow/example_dags/example_setup_teardown_taskflow.py took 0.085 seconds
[2024-07-06T16:18:37.571+0700] {processor.py:161} INFO - Started process (PID=56043) to work on /home/acer/.local/share/virtualenvs/custom_airflow-E5ZHcY_K/lib/python3.12/site-packages/airflow/example_dags/example_setup_teardown_taskflow.py
[2024-07-06T16:18:37.572+0700] {processor.py:830} INFO - Processing file /home/acer/.local/share/virtualenvs/custom_airflow-E5ZHcY_K/lib/python3.12/site-packages/airflow/example_dags/example_setup_teardown_taskflow.py for tasks to queue
[2024-07-06T16:18:37.574+0700] {logging_mixin.py:188} INFO - [2024-07-06T16:18:37.573+0700] {dagbag.py:545} INFO - Filling up the DagBag from /home/acer/.local/share/virtualenvs/custom_airflow-E5ZHcY_K/lib/python3.12/site-packages/airflow/example_dags/example_setup_teardown_taskflow.py
[2024-07-06T16:18:37.588+0700] {processor.py:840} INFO - DAG(s) 'example_setup_teardown_taskflow' retrieved from /home/acer/.local/share/virtualenvs/custom_airflow-E5ZHcY_K/lib/python3.12/site-packages/airflow/example_dags/example_setup_teardown_taskflow.py
[2024-07-06T16:18:37.607+0700] {logging_mixin.py:188} INFO - [2024-07-06T16:18:37.607+0700] {dag.py:3096} INFO - Sync 1 DAGs
[2024-07-06T16:18:37.629+0700] {logging_mixin.py:188} INFO - [2024-07-06T16:18:37.629+0700] {dag.py:3954} INFO - Setting next_dagrun for example_setup_teardown_taskflow to 2024-07-05 00:00:00+00:00, run_after=2024-07-06 00:00:00+00:00
[2024-07-06T16:18:37.650+0700] {processor.py:183} INFO - Processing /home/acer/.local/share/virtualenvs/custom_airflow-E5ZHcY_K/lib/python3.12/site-packages/airflow/example_dags/example_setup_teardown_taskflow.py took 0.088 seconds
[2024-07-06T16:19:26.996+0700] {processor.py:161} INFO - Started process (PID=56413) to work on /home/acer/.local/share/virtualenvs/custom_airflow-E5ZHcY_K/lib/python3.12/site-packages/airflow/example_dags/example_setup_teardown_taskflow.py
[2024-07-06T16:19:26.997+0700] {processor.py:830} INFO - Processing file /home/acer/.local/share/virtualenvs/custom_airflow-E5ZHcY_K/lib/python3.12/site-packages/airflow/example_dags/example_setup_teardown_taskflow.py for tasks to queue
[2024-07-06T16:19:27.000+0700] {logging_mixin.py:188} INFO - [2024-07-06T16:19:27.000+0700] {dagbag.py:545} INFO - Filling up the DagBag from /home/acer/.local/share/virtualenvs/custom_airflow-E5ZHcY_K/lib/python3.12/site-packages/airflow/example_dags/example_setup_teardown_taskflow.py
[2024-07-06T16:19:27.016+0700] {processor.py:840} INFO - DAG(s) 'example_setup_teardown_taskflow' retrieved from /home/acer/.local/share/virtualenvs/custom_airflow-E5ZHcY_K/lib/python3.12/site-packages/airflow/example_dags/example_setup_teardown_taskflow.py
[2024-07-06T16:19:27.041+0700] {logging_mixin.py:188} INFO - [2024-07-06T16:19:27.040+0700] {dag.py:3096} INFO - Sync 1 DAGs
[2024-07-06T16:19:27.062+0700] {logging_mixin.py:188} INFO - [2024-07-06T16:19:27.062+0700] {dag.py:3954} INFO - Setting next_dagrun for example_setup_teardown_taskflow to 2024-07-05 00:00:00+00:00, run_after=2024-07-06 00:00:00+00:00
[2024-07-06T16:19:27.091+0700] {processor.py:183} INFO - Processing /home/acer/.local/share/virtualenvs/custom_airflow-E5ZHcY_K/lib/python3.12/site-packages/airflow/example_dags/example_setup_teardown_taskflow.py took 0.105 seconds
[2024-07-06T16:20:29.297+0700] {processor.py:161} INFO - Started process (PID=57116) to work on /home/acer/.local/share/virtualenvs/custom_airflow-E5ZHcY_K/lib/python3.12/site-packages/airflow/example_dags/example_setup_teardown_taskflow.py
[2024-07-06T16:20:29.299+0700] {processor.py:830} INFO - Processing file /home/acer/.local/share/virtualenvs/custom_airflow-E5ZHcY_K/lib/python3.12/site-packages/airflow/example_dags/example_setup_teardown_taskflow.py for tasks to queue
[2024-07-06T16:20:29.302+0700] {logging_mixin.py:188} INFO - [2024-07-06T16:20:29.302+0700] {dagbag.py:545} INFO - Filling up the DagBag from /home/acer/.local/share/virtualenvs/custom_airflow-E5ZHcY_K/lib/python3.12/site-packages/airflow/example_dags/example_setup_teardown_taskflow.py
[2024-07-06T16:20:29.319+0700] {processor.py:840} INFO - DAG(s) 'example_setup_teardown_taskflow' retrieved from /home/acer/.local/share/virtualenvs/custom_airflow-E5ZHcY_K/lib/python3.12/site-packages/airflow/example_dags/example_setup_teardown_taskflow.py
[2024-07-06T16:20:29.338+0700] {logging_mixin.py:188} INFO - [2024-07-06T16:20:29.337+0700] {dag.py:3096} INFO - Sync 1 DAGs
[2024-07-06T16:20:29.359+0700] {logging_mixin.py:188} INFO - [2024-07-06T16:20:29.358+0700] {dag.py:3954} INFO - Setting next_dagrun for example_setup_teardown_taskflow to 2024-07-05 00:00:00+00:00, run_after=2024-07-06 00:00:00+00:00
[2024-07-06T16:20:29.379+0700] {processor.py:183} INFO - Processing /home/acer/.local/share/virtualenvs/custom_airflow-E5ZHcY_K/lib/python3.12/site-packages/airflow/example_dags/example_setup_teardown_taskflow.py took 0.094 seconds
[2024-07-06T16:21:22.212+0700] {processor.py:161} INFO - Started process (PID=57532) to work on /home/acer/.local/share/virtualenvs/custom_airflow-E5ZHcY_K/lib/python3.12/site-packages/airflow/example_dags/example_setup_teardown_taskflow.py
[2024-07-06T16:21:22.213+0700] {processor.py:830} INFO - Processing file /home/acer/.local/share/virtualenvs/custom_airflow-E5ZHcY_K/lib/python3.12/site-packages/airflow/example_dags/example_setup_teardown_taskflow.py for tasks to queue
[2024-07-06T16:21:22.216+0700] {logging_mixin.py:188} INFO - [2024-07-06T16:21:22.215+0700] {dagbag.py:545} INFO - Filling up the DagBag from /home/acer/.local/share/virtualenvs/custom_airflow-E5ZHcY_K/lib/python3.12/site-packages/airflow/example_dags/example_setup_teardown_taskflow.py
[2024-07-06T16:21:22.227+0700] {processor.py:840} INFO - DAG(s) 'example_setup_teardown_taskflow' retrieved from /home/acer/.local/share/virtualenvs/custom_airflow-E5ZHcY_K/lib/python3.12/site-packages/airflow/example_dags/example_setup_teardown_taskflow.py
[2024-07-06T16:21:22.246+0700] {logging_mixin.py:188} INFO - [2024-07-06T16:21:22.246+0700] {dag.py:3096} INFO - Sync 1 DAGs
[2024-07-06T16:21:22.269+0700] {logging_mixin.py:188} INFO - [2024-07-06T16:21:22.268+0700] {dag.py:3954} INFO - Setting next_dagrun for example_setup_teardown_taskflow to 2024-07-05 00:00:00+00:00, run_after=2024-07-06 00:00:00+00:00
[2024-07-06T16:21:22.291+0700] {processor.py:183} INFO - Processing /home/acer/.local/share/virtualenvs/custom_airflow-E5ZHcY_K/lib/python3.12/site-packages/airflow/example_dags/example_setup_teardown_taskflow.py took 0.086 seconds
[2024-07-06T16:22:10.402+0700] {processor.py:161} INFO - Started process (PID=57840) to work on /home/acer/.local/share/virtualenvs/custom_airflow-E5ZHcY_K/lib/python3.12/site-packages/airflow/example_dags/example_setup_teardown_taskflow.py
[2024-07-06T16:22:10.405+0700] {processor.py:830} INFO - Processing file /home/acer/.local/share/virtualenvs/custom_airflow-E5ZHcY_K/lib/python3.12/site-packages/airflow/example_dags/example_setup_teardown_taskflow.py for tasks to queue
[2024-07-06T16:22:10.411+0700] {logging_mixin.py:188} INFO - [2024-07-06T16:22:10.410+0700] {dagbag.py:545} INFO - Filling up the DagBag from /home/acer/.local/share/virtualenvs/custom_airflow-E5ZHcY_K/lib/python3.12/site-packages/airflow/example_dags/example_setup_teardown_taskflow.py
[2024-07-06T16:22:10.433+0700] {processor.py:840} INFO - DAG(s) 'example_setup_teardown_taskflow' retrieved from /home/acer/.local/share/virtualenvs/custom_airflow-E5ZHcY_K/lib/python3.12/site-packages/airflow/example_dags/example_setup_teardown_taskflow.py
[2024-07-06T16:22:10.455+0700] {logging_mixin.py:188} INFO - [2024-07-06T16:22:10.455+0700] {dag.py:3096} INFO - Sync 1 DAGs
[2024-07-06T16:22:10.475+0700] {logging_mixin.py:188} INFO - [2024-07-06T16:22:10.475+0700] {dag.py:3954} INFO - Setting next_dagrun for example_setup_teardown_taskflow to 2024-07-05 00:00:00+00:00, run_after=2024-07-06 00:00:00+00:00
[2024-07-06T16:22:10.496+0700] {processor.py:183} INFO - Processing /home/acer/.local/share/virtualenvs/custom_airflow-E5ZHcY_K/lib/python3.12/site-packages/airflow/example_dags/example_setup_teardown_taskflow.py took 0.113 seconds
[2024-07-06T16:23:01.872+0700] {processor.py:161} INFO - Started process (PID=58124) to work on /home/acer/.local/share/virtualenvs/custom_airflow-E5ZHcY_K/lib/python3.12/site-packages/airflow/example_dags/example_setup_teardown_taskflow.py
[2024-07-06T16:23:01.875+0700] {processor.py:830} INFO - Processing file /home/acer/.local/share/virtualenvs/custom_airflow-E5ZHcY_K/lib/python3.12/site-packages/airflow/example_dags/example_setup_teardown_taskflow.py for tasks to queue
[2024-07-06T16:23:01.880+0700] {logging_mixin.py:188} INFO - [2024-07-06T16:23:01.878+0700] {dagbag.py:545} INFO - Filling up the DagBag from /home/acer/.local/share/virtualenvs/custom_airflow-E5ZHcY_K/lib/python3.12/site-packages/airflow/example_dags/example_setup_teardown_taskflow.py
[2024-07-06T16:23:01.894+0700] {processor.py:840} INFO - DAG(s) 'example_setup_teardown_taskflow' retrieved from /home/acer/.local/share/virtualenvs/custom_airflow-E5ZHcY_K/lib/python3.12/site-packages/airflow/example_dags/example_setup_teardown_taskflow.py
[2024-07-06T16:23:01.912+0700] {logging_mixin.py:188} INFO - [2024-07-06T16:23:01.912+0700] {dag.py:3096} INFO - Sync 1 DAGs
[2024-07-06T16:23:01.933+0700] {logging_mixin.py:188} INFO - [2024-07-06T16:23:01.933+0700] {dag.py:3954} INFO - Setting next_dagrun for example_setup_teardown_taskflow to 2024-07-05 00:00:00+00:00, run_after=2024-07-06 00:00:00+00:00
[2024-07-06T16:23:01.954+0700] {processor.py:183} INFO - Processing /home/acer/.local/share/virtualenvs/custom_airflow-E5ZHcY_K/lib/python3.12/site-packages/airflow/example_dags/example_setup_teardown_taskflow.py took 0.101 seconds
[2024-07-06T16:24:19.379+0700] {processor.py:161} INFO - Started process (PID=59212) to work on /home/acer/.local/share/virtualenvs/custom_airflow-E5ZHcY_K/lib/python3.12/site-packages/airflow/example_dags/example_setup_teardown_taskflow.py
[2024-07-06T16:24:19.381+0700] {processor.py:830} INFO - Processing file /home/acer/.local/share/virtualenvs/custom_airflow-E5ZHcY_K/lib/python3.12/site-packages/airflow/example_dags/example_setup_teardown_taskflow.py for tasks to queue
[2024-07-06T16:24:19.385+0700] {logging_mixin.py:188} INFO - [2024-07-06T16:24:19.384+0700] {dagbag.py:545} INFO - Filling up the DagBag from /home/acer/.local/share/virtualenvs/custom_airflow-E5ZHcY_K/lib/python3.12/site-packages/airflow/example_dags/example_setup_teardown_taskflow.py
[2024-07-06T16:24:19.399+0700] {processor.py:840} INFO - DAG(s) 'example_setup_teardown_taskflow' retrieved from /home/acer/.local/share/virtualenvs/custom_airflow-E5ZHcY_K/lib/python3.12/site-packages/airflow/example_dags/example_setup_teardown_taskflow.py
[2024-07-06T16:24:19.419+0700] {logging_mixin.py:188} INFO - [2024-07-06T16:24:19.418+0700] {dag.py:3096} INFO - Sync 1 DAGs
[2024-07-06T16:24:19.439+0700] {logging_mixin.py:188} INFO - [2024-07-06T16:24:19.438+0700] {dag.py:3954} INFO - Setting next_dagrun for example_setup_teardown_taskflow to 2024-07-05 00:00:00+00:00, run_after=2024-07-06 00:00:00+00:00
[2024-07-06T16:24:19.459+0700] {processor.py:183} INFO - Processing /home/acer/.local/share/virtualenvs/custom_airflow-E5ZHcY_K/lib/python3.12/site-packages/airflow/example_dags/example_setup_teardown_taskflow.py took 0.099 seconds
[2024-07-06T16:25:14.963+0700] {processor.py:161} INFO - Started process (PID=59564) to work on /home/acer/.local/share/virtualenvs/custom_airflow-E5ZHcY_K/lib/python3.12/site-packages/airflow/example_dags/example_setup_teardown_taskflow.py
[2024-07-06T16:25:14.965+0700] {processor.py:830} INFO - Processing file /home/acer/.local/share/virtualenvs/custom_airflow-E5ZHcY_K/lib/python3.12/site-packages/airflow/example_dags/example_setup_teardown_taskflow.py for tasks to queue
[2024-07-06T16:25:14.970+0700] {logging_mixin.py:188} INFO - [2024-07-06T16:25:14.969+0700] {dagbag.py:545} INFO - Filling up the DagBag from /home/acer/.local/share/virtualenvs/custom_airflow-E5ZHcY_K/lib/python3.12/site-packages/airflow/example_dags/example_setup_teardown_taskflow.py
[2024-07-06T16:25:14.986+0700] {processor.py:840} INFO - DAG(s) 'example_setup_teardown_taskflow' retrieved from /home/acer/.local/share/virtualenvs/custom_airflow-E5ZHcY_K/lib/python3.12/site-packages/airflow/example_dags/example_setup_teardown_taskflow.py
[2024-07-06T16:25:15.005+0700] {logging_mixin.py:188} INFO - [2024-07-06T16:25:15.004+0700] {dag.py:3096} INFO - Sync 1 DAGs
[2024-07-06T16:25:15.025+0700] {logging_mixin.py:188} INFO - [2024-07-06T16:25:15.025+0700] {dag.py:3954} INFO - Setting next_dagrun for example_setup_teardown_taskflow to 2024-07-05 00:00:00+00:00, run_after=2024-07-06 00:00:00+00:00
[2024-07-06T16:25:15.047+0700] {processor.py:183} INFO - Processing /home/acer/.local/share/virtualenvs/custom_airflow-E5ZHcY_K/lib/python3.12/site-packages/airflow/example_dags/example_setup_teardown_taskflow.py took 0.097 seconds
[2024-07-06T16:26:10.905+0700] {processor.py:161} INFO - Started process (PID=60030) to work on /home/acer/.local/share/virtualenvs/custom_airflow-E5ZHcY_K/lib/python3.12/site-packages/airflow/example_dags/example_setup_teardown_taskflow.py
[2024-07-06T16:26:10.907+0700] {processor.py:830} INFO - Processing file /home/acer/.local/share/virtualenvs/custom_airflow-E5ZHcY_K/lib/python3.12/site-packages/airflow/example_dags/example_setup_teardown_taskflow.py for tasks to queue
[2024-07-06T16:26:10.911+0700] {logging_mixin.py:188} INFO - [2024-07-06T16:26:10.910+0700] {dagbag.py:545} INFO - Filling up the DagBag from /home/acer/.local/share/virtualenvs/custom_airflow-E5ZHcY_K/lib/python3.12/site-packages/airflow/example_dags/example_setup_teardown_taskflow.py
[2024-07-06T16:26:10.926+0700] {processor.py:840} INFO - DAG(s) 'example_setup_teardown_taskflow' retrieved from /home/acer/.local/share/virtualenvs/custom_airflow-E5ZHcY_K/lib/python3.12/site-packages/airflow/example_dags/example_setup_teardown_taskflow.py
[2024-07-06T16:26:10.944+0700] {logging_mixin.py:188} INFO - [2024-07-06T16:26:10.944+0700] {dag.py:3096} INFO - Sync 1 DAGs
[2024-07-06T16:26:10.965+0700] {logging_mixin.py:188} INFO - [2024-07-06T16:26:10.965+0700] {dag.py:3954} INFO - Setting next_dagrun for example_setup_teardown_taskflow to 2024-07-05 00:00:00+00:00, run_after=2024-07-06 00:00:00+00:00
[2024-07-06T16:26:10.985+0700] {processor.py:183} INFO - Processing /home/acer/.local/share/virtualenvs/custom_airflow-E5ZHcY_K/lib/python3.12/site-packages/airflow/example_dags/example_setup_teardown_taskflow.py took 0.093 seconds
[2024-07-06T16:27:00.132+0700] {processor.py:161} INFO - Started process (PID=60274) to work on /home/acer/.local/share/virtualenvs/custom_airflow-E5ZHcY_K/lib/python3.12/site-packages/airflow/example_dags/example_setup_teardown_taskflow.py
[2024-07-06T16:27:00.133+0700] {processor.py:830} INFO - Processing file /home/acer/.local/share/virtualenvs/custom_airflow-E5ZHcY_K/lib/python3.12/site-packages/airflow/example_dags/example_setup_teardown_taskflow.py for tasks to queue
[2024-07-06T16:27:00.135+0700] {logging_mixin.py:188} INFO - [2024-07-06T16:27:00.134+0700] {dagbag.py:545} INFO - Filling up the DagBag from /home/acer/.local/share/virtualenvs/custom_airflow-E5ZHcY_K/lib/python3.12/site-packages/airflow/example_dags/example_setup_teardown_taskflow.py
[2024-07-06T16:27:00.144+0700] {processor.py:840} INFO - DAG(s) 'example_setup_teardown_taskflow' retrieved from /home/acer/.local/share/virtualenvs/custom_airflow-E5ZHcY_K/lib/python3.12/site-packages/airflow/example_dags/example_setup_teardown_taskflow.py
[2024-07-06T16:27:00.162+0700] {logging_mixin.py:188} INFO - [2024-07-06T16:27:00.162+0700] {dag.py:3096} INFO - Sync 1 DAGs
[2024-07-06T16:27:00.187+0700] {logging_mixin.py:188} INFO - [2024-07-06T16:27:00.186+0700] {dag.py:3954} INFO - Setting next_dagrun for example_setup_teardown_taskflow to 2024-07-05 00:00:00+00:00, run_after=2024-07-06 00:00:00+00:00
[2024-07-06T16:27:00.211+0700] {processor.py:183} INFO - Processing /home/acer/.local/share/virtualenvs/custom_airflow-E5ZHcY_K/lib/python3.12/site-packages/airflow/example_dags/example_setup_teardown_taskflow.py took 0.084 seconds
[2024-07-06T16:27:50.148+0700] {processor.py:161} INFO - Started process (PID=60540) to work on /home/acer/.local/share/virtualenvs/custom_airflow-E5ZHcY_K/lib/python3.12/site-packages/airflow/example_dags/example_setup_teardown_taskflow.py
[2024-07-06T16:27:50.150+0700] {processor.py:830} INFO - Processing file /home/acer/.local/share/virtualenvs/custom_airflow-E5ZHcY_K/lib/python3.12/site-packages/airflow/example_dags/example_setup_teardown_taskflow.py for tasks to queue
[2024-07-06T16:27:50.151+0700] {logging_mixin.py:188} INFO - [2024-07-06T16:27:50.151+0700] {dagbag.py:545} INFO - Filling up the DagBag from /home/acer/.local/share/virtualenvs/custom_airflow-E5ZHcY_K/lib/python3.12/site-packages/airflow/example_dags/example_setup_teardown_taskflow.py
[2024-07-06T16:27:50.163+0700] {processor.py:840} INFO - DAG(s) 'example_setup_teardown_taskflow' retrieved from /home/acer/.local/share/virtualenvs/custom_airflow-E5ZHcY_K/lib/python3.12/site-packages/airflow/example_dags/example_setup_teardown_taskflow.py
[2024-07-06T16:27:50.183+0700] {logging_mixin.py:188} INFO - [2024-07-06T16:27:50.182+0700] {dag.py:3096} INFO - Sync 1 DAGs
[2024-07-06T16:27:50.203+0700] {logging_mixin.py:188} INFO - [2024-07-06T16:27:50.203+0700] {dag.py:3954} INFO - Setting next_dagrun for example_setup_teardown_taskflow to 2024-07-05 00:00:00+00:00, run_after=2024-07-06 00:00:00+00:00
[2024-07-06T16:27:50.224+0700] {processor.py:183} INFO - Processing /home/acer/.local/share/virtualenvs/custom_airflow-E5ZHcY_K/lib/python3.12/site-packages/airflow/example_dags/example_setup_teardown_taskflow.py took 0.081 seconds
[2024-07-06T16:28:35.471+0700] {processor.py:161} INFO - Started process (PID=60766) to work on /home/acer/.local/share/virtualenvs/custom_airflow-E5ZHcY_K/lib/python3.12/site-packages/airflow/example_dags/example_setup_teardown_taskflow.py
[2024-07-06T16:28:35.472+0700] {processor.py:830} INFO - Processing file /home/acer/.local/share/virtualenvs/custom_airflow-E5ZHcY_K/lib/python3.12/site-packages/airflow/example_dags/example_setup_teardown_taskflow.py for tasks to queue
[2024-07-06T16:28:35.474+0700] {logging_mixin.py:188} INFO - [2024-07-06T16:28:35.473+0700] {dagbag.py:545} INFO - Filling up the DagBag from /home/acer/.local/share/virtualenvs/custom_airflow-E5ZHcY_K/lib/python3.12/site-packages/airflow/example_dags/example_setup_teardown_taskflow.py
[2024-07-06T16:28:35.485+0700] {processor.py:840} INFO - DAG(s) 'example_setup_teardown_taskflow' retrieved from /home/acer/.local/share/virtualenvs/custom_airflow-E5ZHcY_K/lib/python3.12/site-packages/airflow/example_dags/example_setup_teardown_taskflow.py
[2024-07-06T16:28:35.503+0700] {logging_mixin.py:188} INFO - [2024-07-06T16:28:35.503+0700] {dag.py:3096} INFO - Sync 1 DAGs
[2024-07-06T16:28:35.524+0700] {logging_mixin.py:188} INFO - [2024-07-06T16:28:35.524+0700] {dag.py:3954} INFO - Setting next_dagrun for example_setup_teardown_taskflow to 2024-07-05 00:00:00+00:00, run_after=2024-07-06 00:00:00+00:00
[2024-07-06T16:28:35.545+0700] {processor.py:183} INFO - Processing /home/acer/.local/share/virtualenvs/custom_airflow-E5ZHcY_K/lib/python3.12/site-packages/airflow/example_dags/example_setup_teardown_taskflow.py took 0.080 seconds
[2024-07-06T16:29:24.231+0700] {processor.py:161} INFO - Started process (PID=61012) to work on /home/acer/.local/share/virtualenvs/custom_airflow-E5ZHcY_K/lib/python3.12/site-packages/airflow/example_dags/example_setup_teardown_taskflow.py
[2024-07-06T16:29:24.231+0700] {processor.py:830} INFO - Processing file /home/acer/.local/share/virtualenvs/custom_airflow-E5ZHcY_K/lib/python3.12/site-packages/airflow/example_dags/example_setup_teardown_taskflow.py for tasks to queue
[2024-07-06T16:29:24.233+0700] {logging_mixin.py:188} INFO - [2024-07-06T16:29:24.233+0700] {dagbag.py:545} INFO - Filling up the DagBag from /home/acer/.local/share/virtualenvs/custom_airflow-E5ZHcY_K/lib/python3.12/site-packages/airflow/example_dags/example_setup_teardown_taskflow.py
[2024-07-06T16:29:24.243+0700] {processor.py:840} INFO - DAG(s) 'example_setup_teardown_taskflow' retrieved from /home/acer/.local/share/virtualenvs/custom_airflow-E5ZHcY_K/lib/python3.12/site-packages/airflow/example_dags/example_setup_teardown_taskflow.py
[2024-07-06T16:29:24.260+0700] {logging_mixin.py:188} INFO - [2024-07-06T16:29:24.260+0700] {dag.py:3096} INFO - Sync 1 DAGs
[2024-07-06T16:29:24.281+0700] {logging_mixin.py:188} INFO - [2024-07-06T16:29:24.280+0700] {dag.py:3954} INFO - Setting next_dagrun for example_setup_teardown_taskflow to 2024-07-05 00:00:00+00:00, run_after=2024-07-06 00:00:00+00:00
[2024-07-06T16:29:24.302+0700] {processor.py:183} INFO - Processing /home/acer/.local/share/virtualenvs/custom_airflow-E5ZHcY_K/lib/python3.12/site-packages/airflow/example_dags/example_setup_teardown_taskflow.py took 0.076 seconds
[2024-07-06T16:30:10.152+0700] {processor.py:161} INFO - Started process (PID=61237) to work on /home/acer/.local/share/virtualenvs/custom_airflow-E5ZHcY_K/lib/python3.12/site-packages/airflow/example_dags/example_setup_teardown_taskflow.py
[2024-07-06T16:30:10.153+0700] {processor.py:830} INFO - Processing file /home/acer/.local/share/virtualenvs/custom_airflow-E5ZHcY_K/lib/python3.12/site-packages/airflow/example_dags/example_setup_teardown_taskflow.py for tasks to queue
[2024-07-06T16:30:10.155+0700] {logging_mixin.py:188} INFO - [2024-07-06T16:30:10.154+0700] {dagbag.py:545} INFO - Filling up the DagBag from /home/acer/.local/share/virtualenvs/custom_airflow-E5ZHcY_K/lib/python3.12/site-packages/airflow/example_dags/example_setup_teardown_taskflow.py
[2024-07-06T16:30:10.164+0700] {processor.py:840} INFO - DAG(s) 'example_setup_teardown_taskflow' retrieved from /home/acer/.local/share/virtualenvs/custom_airflow-E5ZHcY_K/lib/python3.12/site-packages/airflow/example_dags/example_setup_teardown_taskflow.py
[2024-07-06T16:30:10.182+0700] {logging_mixin.py:188} INFO - [2024-07-06T16:30:10.181+0700] {dag.py:3096} INFO - Sync 1 DAGs
[2024-07-06T16:30:10.203+0700] {logging_mixin.py:188} INFO - [2024-07-06T16:30:10.202+0700] {dag.py:3954} INFO - Setting next_dagrun for example_setup_teardown_taskflow to 2024-07-05 00:00:00+00:00, run_after=2024-07-06 00:00:00+00:00
[2024-07-06T16:30:10.223+0700] {processor.py:183} INFO - Processing /home/acer/.local/share/virtualenvs/custom_airflow-E5ZHcY_K/lib/python3.12/site-packages/airflow/example_dags/example_setup_teardown_taskflow.py took 0.077 seconds
[2024-07-06T16:30:54.754+0700] {processor.py:161} INFO - Started process (PID=61501) to work on /home/acer/.local/share/virtualenvs/custom_airflow-E5ZHcY_K/lib/python3.12/site-packages/airflow/example_dags/example_setup_teardown_taskflow.py
[2024-07-06T16:30:54.755+0700] {processor.py:830} INFO - Processing file /home/acer/.local/share/virtualenvs/custom_airflow-E5ZHcY_K/lib/python3.12/site-packages/airflow/example_dags/example_setup_teardown_taskflow.py for tasks to queue
[2024-07-06T16:30:54.757+0700] {logging_mixin.py:188} INFO - [2024-07-06T16:30:54.756+0700] {dagbag.py:545} INFO - Filling up the DagBag from /home/acer/.local/share/virtualenvs/custom_airflow-E5ZHcY_K/lib/python3.12/site-packages/airflow/example_dags/example_setup_teardown_taskflow.py
[2024-07-06T16:30:54.766+0700] {processor.py:840} INFO - DAG(s) 'example_setup_teardown_taskflow' retrieved from /home/acer/.local/share/virtualenvs/custom_airflow-E5ZHcY_K/lib/python3.12/site-packages/airflow/example_dags/example_setup_teardown_taskflow.py
[2024-07-06T16:30:54.784+0700] {logging_mixin.py:188} INFO - [2024-07-06T16:30:54.784+0700] {dag.py:3096} INFO - Sync 1 DAGs
[2024-07-06T16:30:54.804+0700] {logging_mixin.py:188} INFO - [2024-07-06T16:30:54.804+0700] {dag.py:3954} INFO - Setting next_dagrun for example_setup_teardown_taskflow to 2024-07-05 00:00:00+00:00, run_after=2024-07-06 00:00:00+00:00
[2024-07-06T16:30:54.825+0700] {processor.py:183} INFO - Processing /home/acer/.local/share/virtualenvs/custom_airflow-E5ZHcY_K/lib/python3.12/site-packages/airflow/example_dags/example_setup_teardown_taskflow.py took 0.076 seconds
[2024-07-06T16:31:40.485+0700] {processor.py:161} INFO - Started process (PID=61718) to work on /home/acer/.local/share/virtualenvs/custom_airflow-E5ZHcY_K/lib/python3.12/site-packages/airflow/example_dags/example_setup_teardown_taskflow.py
[2024-07-06T16:31:40.486+0700] {processor.py:830} INFO - Processing file /home/acer/.local/share/virtualenvs/custom_airflow-E5ZHcY_K/lib/python3.12/site-packages/airflow/example_dags/example_setup_teardown_taskflow.py for tasks to queue
[2024-07-06T16:31:40.488+0700] {logging_mixin.py:188} INFO - [2024-07-06T16:31:40.487+0700] {dagbag.py:545} INFO - Filling up the DagBag from /home/acer/.local/share/virtualenvs/custom_airflow-E5ZHcY_K/lib/python3.12/site-packages/airflow/example_dags/example_setup_teardown_taskflow.py
[2024-07-06T16:31:40.497+0700] {processor.py:840} INFO - DAG(s) 'example_setup_teardown_taskflow' retrieved from /home/acer/.local/share/virtualenvs/custom_airflow-E5ZHcY_K/lib/python3.12/site-packages/airflow/example_dags/example_setup_teardown_taskflow.py
[2024-07-06T16:31:40.515+0700] {logging_mixin.py:188} INFO - [2024-07-06T16:31:40.515+0700] {dag.py:3096} INFO - Sync 1 DAGs
[2024-07-06T16:31:40.535+0700] {logging_mixin.py:188} INFO - [2024-07-06T16:31:40.535+0700] {dag.py:3954} INFO - Setting next_dagrun for example_setup_teardown_taskflow to 2024-07-05 00:00:00+00:00, run_after=2024-07-06 00:00:00+00:00
[2024-07-06T16:31:40.569+0700] {processor.py:183} INFO - Processing /home/acer/.local/share/virtualenvs/custom_airflow-E5ZHcY_K/lib/python3.12/site-packages/airflow/example_dags/example_setup_teardown_taskflow.py took 0.089 seconds
[2024-07-06T16:32:26.989+0700] {processor.py:161} INFO - Started process (PID=61953) to work on /home/acer/.local/share/virtualenvs/custom_airflow-E5ZHcY_K/lib/python3.12/site-packages/airflow/example_dags/example_setup_teardown_taskflow.py
[2024-07-06T16:32:26.990+0700] {processor.py:830} INFO - Processing file /home/acer/.local/share/virtualenvs/custom_airflow-E5ZHcY_K/lib/python3.12/site-packages/airflow/example_dags/example_setup_teardown_taskflow.py for tasks to queue
[2024-07-06T16:32:26.992+0700] {logging_mixin.py:188} INFO - [2024-07-06T16:32:26.991+0700] {dagbag.py:545} INFO - Filling up the DagBag from /home/acer/.local/share/virtualenvs/custom_airflow-E5ZHcY_K/lib/python3.12/site-packages/airflow/example_dags/example_setup_teardown_taskflow.py
[2024-07-06T16:32:27.001+0700] {processor.py:840} INFO - DAG(s) 'example_setup_teardown_taskflow' retrieved from /home/acer/.local/share/virtualenvs/custom_airflow-E5ZHcY_K/lib/python3.12/site-packages/airflow/example_dags/example_setup_teardown_taskflow.py
[2024-07-06T16:32:27.019+0700] {logging_mixin.py:188} INFO - [2024-07-06T16:32:27.018+0700] {dag.py:3096} INFO - Sync 1 DAGs
[2024-07-06T16:32:27.042+0700] {logging_mixin.py:188} INFO - [2024-07-06T16:32:27.042+0700] {dag.py:3954} INFO - Setting next_dagrun for example_setup_teardown_taskflow to 2024-07-05 00:00:00+00:00, run_after=2024-07-06 00:00:00+00:00
[2024-07-06T16:32:27.074+0700] {processor.py:183} INFO - Processing /home/acer/.local/share/virtualenvs/custom_airflow-E5ZHcY_K/lib/python3.12/site-packages/airflow/example_dags/example_setup_teardown_taskflow.py took 0.090 seconds
[2024-07-06T16:33:16.638+0700] {processor.py:161} INFO - Started process (PID=62215) to work on /home/acer/.local/share/virtualenvs/custom_airflow-E5ZHcY_K/lib/python3.12/site-packages/airflow/example_dags/example_setup_teardown_taskflow.py
[2024-07-06T16:33:16.639+0700] {processor.py:830} INFO - Processing file /home/acer/.local/share/virtualenvs/custom_airflow-E5ZHcY_K/lib/python3.12/site-packages/airflow/example_dags/example_setup_teardown_taskflow.py for tasks to queue
[2024-07-06T16:33:16.642+0700] {logging_mixin.py:188} INFO - [2024-07-06T16:33:16.641+0700] {dagbag.py:545} INFO - Filling up the DagBag from /home/acer/.local/share/virtualenvs/custom_airflow-E5ZHcY_K/lib/python3.12/site-packages/airflow/example_dags/example_setup_teardown_taskflow.py
[2024-07-06T16:33:16.652+0700] {processor.py:840} INFO - DAG(s) 'example_setup_teardown_taskflow' retrieved from /home/acer/.local/share/virtualenvs/custom_airflow-E5ZHcY_K/lib/python3.12/site-packages/airflow/example_dags/example_setup_teardown_taskflow.py
[2024-07-06T16:33:16.669+0700] {logging_mixin.py:188} INFO - [2024-07-06T16:33:16.669+0700] {dag.py:3096} INFO - Sync 1 DAGs
[2024-07-06T16:33:16.690+0700] {logging_mixin.py:188} INFO - [2024-07-06T16:33:16.690+0700] {dag.py:3954} INFO - Setting next_dagrun for example_setup_teardown_taskflow to 2024-07-05 00:00:00+00:00, run_after=2024-07-06 00:00:00+00:00
[2024-07-06T16:33:16.711+0700] {processor.py:183} INFO - Processing /home/acer/.local/share/virtualenvs/custom_airflow-E5ZHcY_K/lib/python3.12/site-packages/airflow/example_dags/example_setup_teardown_taskflow.py took 0.082 seconds
[2024-07-06T16:34:03.654+0700] {processor.py:161} INFO - Started process (PID=62451) to work on /home/acer/.local/share/virtualenvs/custom_airflow-E5ZHcY_K/lib/python3.12/site-packages/airflow/example_dags/example_setup_teardown_taskflow.py
[2024-07-06T16:34:03.655+0700] {processor.py:830} INFO - Processing file /home/acer/.local/share/virtualenvs/custom_airflow-E5ZHcY_K/lib/python3.12/site-packages/airflow/example_dags/example_setup_teardown_taskflow.py for tasks to queue
[2024-07-06T16:34:03.658+0700] {logging_mixin.py:188} INFO - [2024-07-06T16:34:03.657+0700] {dagbag.py:545} INFO - Filling up the DagBag from /home/acer/.local/share/virtualenvs/custom_airflow-E5ZHcY_K/lib/python3.12/site-packages/airflow/example_dags/example_setup_teardown_taskflow.py
[2024-07-06T16:34:03.668+0700] {processor.py:840} INFO - DAG(s) 'example_setup_teardown_taskflow' retrieved from /home/acer/.local/share/virtualenvs/custom_airflow-E5ZHcY_K/lib/python3.12/site-packages/airflow/example_dags/example_setup_teardown_taskflow.py
[2024-07-06T16:34:03.686+0700] {logging_mixin.py:188} INFO - [2024-07-06T16:34:03.686+0700] {dag.py:3096} INFO - Sync 1 DAGs
[2024-07-06T16:34:03.707+0700] {logging_mixin.py:188} INFO - [2024-07-06T16:34:03.706+0700] {dag.py:3954} INFO - Setting next_dagrun for example_setup_teardown_taskflow to 2024-07-05 00:00:00+00:00, run_after=2024-07-06 00:00:00+00:00
[2024-07-06T16:34:03.727+0700] {processor.py:183} INFO - Processing /home/acer/.local/share/virtualenvs/custom_airflow-E5ZHcY_K/lib/python3.12/site-packages/airflow/example_dags/example_setup_teardown_taskflow.py took 0.081 seconds
[2024-07-06T16:34:50.258+0700] {processor.py:161} INFO - Started process (PID=62674) to work on /home/acer/.local/share/virtualenvs/custom_airflow-E5ZHcY_K/lib/python3.12/site-packages/airflow/example_dags/example_setup_teardown_taskflow.py
[2024-07-06T16:34:50.259+0700] {processor.py:830} INFO - Processing file /home/acer/.local/share/virtualenvs/custom_airflow-E5ZHcY_K/lib/python3.12/site-packages/airflow/example_dags/example_setup_teardown_taskflow.py for tasks to queue
[2024-07-06T16:34:50.261+0700] {logging_mixin.py:188} INFO - [2024-07-06T16:34:50.260+0700] {dagbag.py:545} INFO - Filling up the DagBag from /home/acer/.local/share/virtualenvs/custom_airflow-E5ZHcY_K/lib/python3.12/site-packages/airflow/example_dags/example_setup_teardown_taskflow.py
[2024-07-06T16:34:50.270+0700] {processor.py:840} INFO - DAG(s) 'example_setup_teardown_taskflow' retrieved from /home/acer/.local/share/virtualenvs/custom_airflow-E5ZHcY_K/lib/python3.12/site-packages/airflow/example_dags/example_setup_teardown_taskflow.py
[2024-07-06T16:34:50.288+0700] {logging_mixin.py:188} INFO - [2024-07-06T16:34:50.288+0700] {dag.py:3096} INFO - Sync 1 DAGs
[2024-07-06T16:34:50.308+0700] {logging_mixin.py:188} INFO - [2024-07-06T16:34:50.308+0700] {dag.py:3954} INFO - Setting next_dagrun for example_setup_teardown_taskflow to 2024-07-05 00:00:00+00:00, run_after=2024-07-06 00:00:00+00:00
[2024-07-06T16:34:50.330+0700] {processor.py:183} INFO - Processing /home/acer/.local/share/virtualenvs/custom_airflow-E5ZHcY_K/lib/python3.12/site-packages/airflow/example_dags/example_setup_teardown_taskflow.py took 0.077 seconds
[2024-07-06T16:35:39.604+0700] {processor.py:161} INFO - Started process (PID=62959) to work on /home/acer/.local/share/virtualenvs/custom_airflow-E5ZHcY_K/lib/python3.12/site-packages/airflow/example_dags/example_setup_teardown_taskflow.py
[2024-07-06T16:35:39.605+0700] {processor.py:830} INFO - Processing file /home/acer/.local/share/virtualenvs/custom_airflow-E5ZHcY_K/lib/python3.12/site-packages/airflow/example_dags/example_setup_teardown_taskflow.py for tasks to queue
[2024-07-06T16:35:39.607+0700] {logging_mixin.py:188} INFO - [2024-07-06T16:35:39.606+0700] {dagbag.py:545} INFO - Filling up the DagBag from /home/acer/.local/share/virtualenvs/custom_airflow-E5ZHcY_K/lib/python3.12/site-packages/airflow/example_dags/example_setup_teardown_taskflow.py
[2024-07-06T16:35:39.616+0700] {processor.py:840} INFO - DAG(s) 'example_setup_teardown_taskflow' retrieved from /home/acer/.local/share/virtualenvs/custom_airflow-E5ZHcY_K/lib/python3.12/site-packages/airflow/example_dags/example_setup_teardown_taskflow.py
[2024-07-06T16:35:39.634+0700] {logging_mixin.py:188} INFO - [2024-07-06T16:35:39.634+0700] {dag.py:3096} INFO - Sync 1 DAGs
[2024-07-06T16:35:39.654+0700] {logging_mixin.py:188} INFO - [2024-07-06T16:35:39.654+0700] {dag.py:3954} INFO - Setting next_dagrun for example_setup_teardown_taskflow to 2024-07-05 00:00:00+00:00, run_after=2024-07-06 00:00:00+00:00
[2024-07-06T16:35:39.675+0700] {processor.py:183} INFO - Processing /home/acer/.local/share/virtualenvs/custom_airflow-E5ZHcY_K/lib/python3.12/site-packages/airflow/example_dags/example_setup_teardown_taskflow.py took 0.076 seconds
[2024-07-06T16:36:27.142+0700] {processor.py:161} INFO - Started process (PID=63271) to work on /home/acer/.local/share/virtualenvs/custom_airflow-E5ZHcY_K/lib/python3.12/site-packages/airflow/example_dags/example_setup_teardown_taskflow.py
[2024-07-06T16:36:27.144+0700] {processor.py:830} INFO - Processing file /home/acer/.local/share/virtualenvs/custom_airflow-E5ZHcY_K/lib/python3.12/site-packages/airflow/example_dags/example_setup_teardown_taskflow.py for tasks to queue
[2024-07-06T16:36:27.146+0700] {logging_mixin.py:188} INFO - [2024-07-06T16:36:27.145+0700] {dagbag.py:545} INFO - Filling up the DagBag from /home/acer/.local/share/virtualenvs/custom_airflow-E5ZHcY_K/lib/python3.12/site-packages/airflow/example_dags/example_setup_teardown_taskflow.py
[2024-07-06T16:36:27.157+0700] {processor.py:840} INFO - DAG(s) 'example_setup_teardown_taskflow' retrieved from /home/acer/.local/share/virtualenvs/custom_airflow-E5ZHcY_K/lib/python3.12/site-packages/airflow/example_dags/example_setup_teardown_taskflow.py
[2024-07-06T16:36:27.178+0700] {logging_mixin.py:188} INFO - [2024-07-06T16:36:27.177+0700] {dag.py:3096} INFO - Sync 1 DAGs
[2024-07-06T16:36:27.205+0700] {logging_mixin.py:188} INFO - [2024-07-06T16:36:27.205+0700] {dag.py:3954} INFO - Setting next_dagrun for example_setup_teardown_taskflow to 2024-07-05 00:00:00+00:00, run_after=2024-07-06 00:00:00+00:00
[2024-07-06T16:36:27.233+0700] {processor.py:183} INFO - Processing /home/acer/.local/share/virtualenvs/custom_airflow-E5ZHcY_K/lib/python3.12/site-packages/airflow/example_dags/example_setup_teardown_taskflow.py took 0.105 seconds
[2024-07-06T21:54:34.765+0700] {processor.py:161} INFO - Started process (PID=11940) to work on /home/acer/.local/share/virtualenvs/custom_airflow-E5ZHcY_K/lib/python3.12/site-packages/airflow/example_dags/example_setup_teardown_taskflow.py
[2024-07-06T21:54:34.766+0700] {processor.py:830} INFO - Processing file /home/acer/.local/share/virtualenvs/custom_airflow-E5ZHcY_K/lib/python3.12/site-packages/airflow/example_dags/example_setup_teardown_taskflow.py for tasks to queue
[2024-07-06T21:54:34.768+0700] {logging_mixin.py:188} INFO - [2024-07-06T21:54:34.768+0700] {dagbag.py:545} INFO - Filling up the DagBag from /home/acer/.local/share/virtualenvs/custom_airflow-E5ZHcY_K/lib/python3.12/site-packages/airflow/example_dags/example_setup_teardown_taskflow.py
[2024-07-06T21:54:34.784+0700] {processor.py:840} INFO - DAG(s) 'example_setup_teardown_taskflow' retrieved from /home/acer/.local/share/virtualenvs/custom_airflow-E5ZHcY_K/lib/python3.12/site-packages/airflow/example_dags/example_setup_teardown_taskflow.py
[2024-07-06T21:54:34.808+0700] {logging_mixin.py:188} INFO - [2024-07-06T21:54:34.807+0700] {dag.py:3096} INFO - Sync 1 DAGs
[2024-07-06T21:54:34.831+0700] {logging_mixin.py:188} INFO - [2024-07-06T21:54:34.831+0700] {dag.py:3954} INFO - Setting next_dagrun for example_setup_teardown_taskflow to 2024-07-05 00:00:00+00:00, run_after=2024-07-06 00:00:00+00:00
[2024-07-06T21:54:34.855+0700] {processor.py:183} INFO - Processing /home/acer/.local/share/virtualenvs/custom_airflow-E5ZHcY_K/lib/python3.12/site-packages/airflow/example_dags/example_setup_teardown_taskflow.py took 0.096 seconds
[2024-07-06T21:55:31.802+0700] {processor.py:161} INFO - Started process (PID=12624) to work on /home/acer/.local/share/virtualenvs/custom_airflow-E5ZHcY_K/lib/python3.12/site-packages/airflow/example_dags/example_setup_teardown_taskflow.py
[2024-07-06T21:55:31.803+0700] {processor.py:830} INFO - Processing file /home/acer/.local/share/virtualenvs/custom_airflow-E5ZHcY_K/lib/python3.12/site-packages/airflow/example_dags/example_setup_teardown_taskflow.py for tasks to queue
[2024-07-06T21:55:31.805+0700] {logging_mixin.py:188} INFO - [2024-07-06T21:55:31.805+0700] {dagbag.py:545} INFO - Filling up the DagBag from /home/acer/.local/share/virtualenvs/custom_airflow-E5ZHcY_K/lib/python3.12/site-packages/airflow/example_dags/example_setup_teardown_taskflow.py
[2024-07-06T21:55:31.815+0700] {processor.py:840} INFO - DAG(s) 'example_setup_teardown_taskflow' retrieved from /home/acer/.local/share/virtualenvs/custom_airflow-E5ZHcY_K/lib/python3.12/site-packages/airflow/example_dags/example_setup_teardown_taskflow.py
[2024-07-06T21:55:31.835+0700] {logging_mixin.py:188} INFO - [2024-07-06T21:55:31.835+0700] {dag.py:3096} INFO - Sync 1 DAGs
[2024-07-06T21:55:31.857+0700] {logging_mixin.py:188} INFO - [2024-07-06T21:55:31.856+0700] {dag.py:3954} INFO - Setting next_dagrun for example_setup_teardown_taskflow to 2024-07-05 00:00:00+00:00, run_after=2024-07-06 00:00:00+00:00
[2024-07-06T21:55:31.878+0700] {processor.py:183} INFO - Processing /home/acer/.local/share/virtualenvs/custom_airflow-E5ZHcY_K/lib/python3.12/site-packages/airflow/example_dags/example_setup_teardown_taskflow.py took 0.082 seconds
[2024-07-06T21:56:25.215+0700] {processor.py:161} INFO - Started process (PID=13135) to work on /home/acer/.local/share/virtualenvs/custom_airflow-E5ZHcY_K/lib/python3.12/site-packages/airflow/example_dags/example_setup_teardown_taskflow.py
[2024-07-06T21:56:25.218+0700] {processor.py:830} INFO - Processing file /home/acer/.local/share/virtualenvs/custom_airflow-E5ZHcY_K/lib/python3.12/site-packages/airflow/example_dags/example_setup_teardown_taskflow.py for tasks to queue
[2024-07-06T21:56:25.222+0700] {logging_mixin.py:188} INFO - [2024-07-06T21:56:25.221+0700] {dagbag.py:545} INFO - Filling up the DagBag from /home/acer/.local/share/virtualenvs/custom_airflow-E5ZHcY_K/lib/python3.12/site-packages/airflow/example_dags/example_setup_teardown_taskflow.py
[2024-07-06T21:56:25.240+0700] {processor.py:840} INFO - DAG(s) 'example_setup_teardown_taskflow' retrieved from /home/acer/.local/share/virtualenvs/custom_airflow-E5ZHcY_K/lib/python3.12/site-packages/airflow/example_dags/example_setup_teardown_taskflow.py
[2024-07-06T21:56:25.259+0700] {logging_mixin.py:188} INFO - [2024-07-06T21:56:25.259+0700] {dag.py:3096} INFO - Sync 1 DAGs
[2024-07-06T21:56:25.281+0700] {logging_mixin.py:188} INFO - [2024-07-06T21:56:25.281+0700] {dag.py:3954} INFO - Setting next_dagrun for example_setup_teardown_taskflow to 2024-07-05 00:00:00+00:00, run_after=2024-07-06 00:00:00+00:00
[2024-07-06T21:56:25.304+0700] {processor.py:183} INFO - Processing /home/acer/.local/share/virtualenvs/custom_airflow-E5ZHcY_K/lib/python3.12/site-packages/airflow/example_dags/example_setup_teardown_taskflow.py took 0.100 seconds
[2024-07-06T21:57:16.520+0700] {processor.py:161} INFO - Started process (PID=13717) to work on /home/acer/.local/share/virtualenvs/custom_airflow-E5ZHcY_K/lib/python3.12/site-packages/airflow/example_dags/example_setup_teardown_taskflow.py
[2024-07-06T21:57:16.524+0700] {processor.py:830} INFO - Processing file /home/acer/.local/share/virtualenvs/custom_airflow-E5ZHcY_K/lib/python3.12/site-packages/airflow/example_dags/example_setup_teardown_taskflow.py for tasks to queue
[2024-07-06T21:57:16.533+0700] {logging_mixin.py:188} INFO - [2024-07-06T21:57:16.531+0700] {dagbag.py:545} INFO - Filling up the DagBag from /home/acer/.local/share/virtualenvs/custom_airflow-E5ZHcY_K/lib/python3.12/site-packages/airflow/example_dags/example_setup_teardown_taskflow.py
[2024-07-06T21:57:16.559+0700] {processor.py:840} INFO - DAG(s) 'example_setup_teardown_taskflow' retrieved from /home/acer/.local/share/virtualenvs/custom_airflow-E5ZHcY_K/lib/python3.12/site-packages/airflow/example_dags/example_setup_teardown_taskflow.py
[2024-07-06T21:57:16.589+0700] {logging_mixin.py:188} INFO - [2024-07-06T21:57:16.589+0700] {dag.py:3096} INFO - Sync 1 DAGs
[2024-07-06T21:57:16.617+0700] {logging_mixin.py:188} INFO - [2024-07-06T21:57:16.617+0700] {dag.py:3954} INFO - Setting next_dagrun for example_setup_teardown_taskflow to 2024-07-05 00:00:00+00:00, run_after=2024-07-06 00:00:00+00:00
[2024-07-06T21:57:16.640+0700] {processor.py:183} INFO - Processing /home/acer/.local/share/virtualenvs/custom_airflow-E5ZHcY_K/lib/python3.12/site-packages/airflow/example_dags/example_setup_teardown_taskflow.py took 0.149 seconds
[2024-07-06T21:58:10.323+0700] {processor.py:161} INFO - Started process (PID=14121) to work on /home/acer/.local/share/virtualenvs/custom_airflow-E5ZHcY_K/lib/python3.12/site-packages/airflow/example_dags/example_setup_teardown_taskflow.py
[2024-07-06T21:58:10.326+0700] {processor.py:830} INFO - Processing file /home/acer/.local/share/virtualenvs/custom_airflow-E5ZHcY_K/lib/python3.12/site-packages/airflow/example_dags/example_setup_teardown_taskflow.py for tasks to queue
[2024-07-06T21:58:10.330+0700] {logging_mixin.py:188} INFO - [2024-07-06T21:58:10.329+0700] {dagbag.py:545} INFO - Filling up the DagBag from /home/acer/.local/share/virtualenvs/custom_airflow-E5ZHcY_K/lib/python3.12/site-packages/airflow/example_dags/example_setup_teardown_taskflow.py
[2024-07-06T21:58:10.345+0700] {processor.py:840} INFO - DAG(s) 'example_setup_teardown_taskflow' retrieved from /home/acer/.local/share/virtualenvs/custom_airflow-E5ZHcY_K/lib/python3.12/site-packages/airflow/example_dags/example_setup_teardown_taskflow.py
[2024-07-06T21:58:10.363+0700] {logging_mixin.py:188} INFO - [2024-07-06T21:58:10.362+0700] {dag.py:3096} INFO - Sync 1 DAGs
[2024-07-06T21:58:10.383+0700] {logging_mixin.py:188} INFO - [2024-07-06T21:58:10.383+0700] {dag.py:3954} INFO - Setting next_dagrun for example_setup_teardown_taskflow to 2024-07-05 00:00:00+00:00, run_after=2024-07-06 00:00:00+00:00
[2024-07-06T21:58:10.404+0700] {processor.py:183} INFO - Processing /home/acer/.local/share/virtualenvs/custom_airflow-E5ZHcY_K/lib/python3.12/site-packages/airflow/example_dags/example_setup_teardown_taskflow.py took 0.100 seconds
[2024-07-06T21:59:02.183+0700] {processor.py:161} INFO - Started process (PID=14360) to work on /home/acer/.local/share/virtualenvs/custom_airflow-E5ZHcY_K/lib/python3.12/site-packages/airflow/example_dags/example_setup_teardown_taskflow.py
[2024-07-06T21:59:02.184+0700] {processor.py:830} INFO - Processing file /home/acer/.local/share/virtualenvs/custom_airflow-E5ZHcY_K/lib/python3.12/site-packages/airflow/example_dags/example_setup_teardown_taskflow.py for tasks to queue
[2024-07-06T21:59:02.188+0700] {logging_mixin.py:188} INFO - [2024-07-06T21:59:02.187+0700] {dagbag.py:545} INFO - Filling up the DagBag from /home/acer/.local/share/virtualenvs/custom_airflow-E5ZHcY_K/lib/python3.12/site-packages/airflow/example_dags/example_setup_teardown_taskflow.py
[2024-07-06T21:59:02.207+0700] {processor.py:840} INFO - DAG(s) 'example_setup_teardown_taskflow' retrieved from /home/acer/.local/share/virtualenvs/custom_airflow-E5ZHcY_K/lib/python3.12/site-packages/airflow/example_dags/example_setup_teardown_taskflow.py
[2024-07-06T21:59:02.226+0700] {logging_mixin.py:188} INFO - [2024-07-06T21:59:02.226+0700] {dag.py:3096} INFO - Sync 1 DAGs
[2024-07-06T21:59:02.254+0700] {logging_mixin.py:188} INFO - [2024-07-06T21:59:02.254+0700] {dag.py:3954} INFO - Setting next_dagrun for example_setup_teardown_taskflow to 2024-07-05 00:00:00+00:00, run_after=2024-07-06 00:00:00+00:00
[2024-07-06T21:59:02.286+0700] {processor.py:183} INFO - Processing /home/acer/.local/share/virtualenvs/custom_airflow-E5ZHcY_K/lib/python3.12/site-packages/airflow/example_dags/example_setup_teardown_taskflow.py took 0.113 seconds
[2024-07-06T21:59:51.047+0700] {processor.py:161} INFO - Started process (PID=14712) to work on /home/acer/.local/share/virtualenvs/custom_airflow-E5ZHcY_K/lib/python3.12/site-packages/airflow/example_dags/example_setup_teardown_taskflow.py
[2024-07-06T21:59:51.049+0700] {processor.py:830} INFO - Processing file /home/acer/.local/share/virtualenvs/custom_airflow-E5ZHcY_K/lib/python3.12/site-packages/airflow/example_dags/example_setup_teardown_taskflow.py for tasks to queue
[2024-07-06T21:59:51.052+0700] {logging_mixin.py:188} INFO - [2024-07-06T21:59:51.052+0700] {dagbag.py:545} INFO - Filling up the DagBag from /home/acer/.local/share/virtualenvs/custom_airflow-E5ZHcY_K/lib/python3.12/site-packages/airflow/example_dags/example_setup_teardown_taskflow.py
[2024-07-06T21:59:51.067+0700] {processor.py:840} INFO - DAG(s) 'example_setup_teardown_taskflow' retrieved from /home/acer/.local/share/virtualenvs/custom_airflow-E5ZHcY_K/lib/python3.12/site-packages/airflow/example_dags/example_setup_teardown_taskflow.py
[2024-07-06T21:59:51.086+0700] {logging_mixin.py:188} INFO - [2024-07-06T21:59:51.086+0700] {dag.py:3096} INFO - Sync 1 DAGs
[2024-07-06T21:59:51.107+0700] {logging_mixin.py:188} INFO - [2024-07-06T21:59:51.107+0700] {dag.py:3954} INFO - Setting next_dagrun for example_setup_teardown_taskflow to 2024-07-05 00:00:00+00:00, run_after=2024-07-06 00:00:00+00:00
[2024-07-06T21:59:51.131+0700] {processor.py:183} INFO - Processing /home/acer/.local/share/virtualenvs/custom_airflow-E5ZHcY_K/lib/python3.12/site-packages/airflow/example_dags/example_setup_teardown_taskflow.py took 0.102 seconds
[2024-07-06T22:00:44.042+0700] {processor.py:161} INFO - Started process (PID=15002) to work on /home/acer/.local/share/virtualenvs/custom_airflow-E5ZHcY_K/lib/python3.12/site-packages/airflow/example_dags/example_setup_teardown_taskflow.py
[2024-07-06T22:00:44.043+0700] {processor.py:830} INFO - Processing file /home/acer/.local/share/virtualenvs/custom_airflow-E5ZHcY_K/lib/python3.12/site-packages/airflow/example_dags/example_setup_teardown_taskflow.py for tasks to queue
[2024-07-06T22:00:44.045+0700] {logging_mixin.py:188} INFO - [2024-07-06T22:00:44.045+0700] {dagbag.py:545} INFO - Filling up the DagBag from /home/acer/.local/share/virtualenvs/custom_airflow-E5ZHcY_K/lib/python3.12/site-packages/airflow/example_dags/example_setup_teardown_taskflow.py
[2024-07-06T22:00:44.057+0700] {processor.py:840} INFO - DAG(s) 'example_setup_teardown_taskflow' retrieved from /home/acer/.local/share/virtualenvs/custom_airflow-E5ZHcY_K/lib/python3.12/site-packages/airflow/example_dags/example_setup_teardown_taskflow.py
[2024-07-06T22:00:44.076+0700] {logging_mixin.py:188} INFO - [2024-07-06T22:00:44.075+0700] {dag.py:3096} INFO - Sync 1 DAGs
[2024-07-06T22:00:44.096+0700] {logging_mixin.py:188} INFO - [2024-07-06T22:00:44.096+0700] {dag.py:3954} INFO - Setting next_dagrun for example_setup_teardown_taskflow to 2024-07-05 00:00:00+00:00, run_after=2024-07-06 00:00:00+00:00
[2024-07-06T22:00:44.117+0700] {processor.py:183} INFO - Processing /home/acer/.local/share/virtualenvs/custom_airflow-E5ZHcY_K/lib/python3.12/site-packages/airflow/example_dags/example_setup_teardown_taskflow.py took 0.079 seconds
[2024-07-06T22:02:18.368+0700] {processor.py:161} INFO - Started process (PID=16096) to work on /home/acer/.local/share/virtualenvs/custom_airflow-E5ZHcY_K/lib/python3.12/site-packages/airflow/example_dags/example_setup_teardown_taskflow.py
[2024-07-06T22:02:18.369+0700] {processor.py:830} INFO - Processing file /home/acer/.local/share/virtualenvs/custom_airflow-E5ZHcY_K/lib/python3.12/site-packages/airflow/example_dags/example_setup_teardown_taskflow.py for tasks to queue
[2024-07-06T22:02:18.371+0700] {logging_mixin.py:188} INFO - [2024-07-06T22:02:18.370+0700] {dagbag.py:545} INFO - Filling up the DagBag from /home/acer/.local/share/virtualenvs/custom_airflow-E5ZHcY_K/lib/python3.12/site-packages/airflow/example_dags/example_setup_teardown_taskflow.py
[2024-07-06T22:02:18.381+0700] {processor.py:840} INFO - DAG(s) 'example_setup_teardown_taskflow' retrieved from /home/acer/.local/share/virtualenvs/custom_airflow-E5ZHcY_K/lib/python3.12/site-packages/airflow/example_dags/example_setup_teardown_taskflow.py
[2024-07-06T22:02:18.398+0700] {logging_mixin.py:188} INFO - [2024-07-06T22:02:18.398+0700] {dag.py:3096} INFO - Sync 1 DAGs
[2024-07-06T22:02:18.419+0700] {logging_mixin.py:188} INFO - [2024-07-06T22:02:18.418+0700] {dag.py:3954} INFO - Setting next_dagrun for example_setup_teardown_taskflow to 2024-07-05 00:00:00+00:00, run_after=2024-07-06 00:00:00+00:00
[2024-07-06T22:02:18.443+0700] {processor.py:183} INFO - Processing /home/acer/.local/share/virtualenvs/custom_airflow-E5ZHcY_K/lib/python3.12/site-packages/airflow/example_dags/example_setup_teardown_taskflow.py took 0.081 seconds
[2024-07-06T22:03:14.184+0700] {processor.py:161} INFO - Started process (PID=16417) to work on /home/acer/.local/share/virtualenvs/custom_airflow-E5ZHcY_K/lib/python3.12/site-packages/airflow/example_dags/example_setup_teardown_taskflow.py
[2024-07-06T22:03:14.186+0700] {processor.py:830} INFO - Processing file /home/acer/.local/share/virtualenvs/custom_airflow-E5ZHcY_K/lib/python3.12/site-packages/airflow/example_dags/example_setup_teardown_taskflow.py for tasks to queue
[2024-07-06T22:03:14.190+0700] {logging_mixin.py:188} INFO - [2024-07-06T22:03:14.189+0700] {dagbag.py:545} INFO - Filling up the DagBag from /home/acer/.local/share/virtualenvs/custom_airflow-E5ZHcY_K/lib/python3.12/site-packages/airflow/example_dags/example_setup_teardown_taskflow.py
[2024-07-06T22:03:14.207+0700] {processor.py:840} INFO - DAG(s) 'example_setup_teardown_taskflow' retrieved from /home/acer/.local/share/virtualenvs/custom_airflow-E5ZHcY_K/lib/python3.12/site-packages/airflow/example_dags/example_setup_teardown_taskflow.py
[2024-07-06T22:03:14.225+0700] {logging_mixin.py:188} INFO - [2024-07-06T22:03:14.224+0700] {dag.py:3096} INFO - Sync 1 DAGs
[2024-07-06T22:03:14.251+0700] {logging_mixin.py:188} INFO - [2024-07-06T22:03:14.251+0700] {dag.py:3954} INFO - Setting next_dagrun for example_setup_teardown_taskflow to 2024-07-05 00:00:00+00:00, run_after=2024-07-06 00:00:00+00:00
[2024-07-06T22:03:14.279+0700] {processor.py:183} INFO - Processing /home/acer/.local/share/virtualenvs/custom_airflow-E5ZHcY_K/lib/python3.12/site-packages/airflow/example_dags/example_setup_teardown_taskflow.py took 0.113 seconds
[2024-07-06T22:04:04.014+0700] {processor.py:161} INFO - Started process (PID=16646) to work on /home/acer/.local/share/virtualenvs/custom_airflow-E5ZHcY_K/lib/python3.12/site-packages/airflow/example_dags/example_setup_teardown_taskflow.py
[2024-07-06T22:04:04.016+0700] {processor.py:830} INFO - Processing file /home/acer/.local/share/virtualenvs/custom_airflow-E5ZHcY_K/lib/python3.12/site-packages/airflow/example_dags/example_setup_teardown_taskflow.py for tasks to queue
[2024-07-06T22:04:04.019+0700] {logging_mixin.py:188} INFO - [2024-07-06T22:04:04.018+0700] {dagbag.py:545} INFO - Filling up the DagBag from /home/acer/.local/share/virtualenvs/custom_airflow-E5ZHcY_K/lib/python3.12/site-packages/airflow/example_dags/example_setup_teardown_taskflow.py
[2024-07-06T22:04:04.031+0700] {processor.py:840} INFO - DAG(s) 'example_setup_teardown_taskflow' retrieved from /home/acer/.local/share/virtualenvs/custom_airflow-E5ZHcY_K/lib/python3.12/site-packages/airflow/example_dags/example_setup_teardown_taskflow.py
[2024-07-06T22:04:04.050+0700] {logging_mixin.py:188} INFO - [2024-07-06T22:04:04.049+0700] {dag.py:3096} INFO - Sync 1 DAGs
[2024-07-06T22:04:04.073+0700] {logging_mixin.py:188} INFO - [2024-07-06T22:04:04.072+0700] {dag.py:3954} INFO - Setting next_dagrun for example_setup_teardown_taskflow to 2024-07-05 00:00:00+00:00, run_after=2024-07-06 00:00:00+00:00
[2024-07-06T22:04:04.095+0700] {processor.py:183} INFO - Processing /home/acer/.local/share/virtualenvs/custom_airflow-E5ZHcY_K/lib/python3.12/site-packages/airflow/example_dags/example_setup_teardown_taskflow.py took 0.091 seconds
[2024-07-06T22:05:23.932+0700] {processor.py:161} INFO - Started process (PID=17664) to work on /home/acer/.local/share/virtualenvs/custom_airflow-E5ZHcY_K/lib/python3.12/site-packages/airflow/example_dags/example_setup_teardown_taskflow.py
[2024-07-06T22:05:23.933+0700] {processor.py:830} INFO - Processing file /home/acer/.local/share/virtualenvs/custom_airflow-E5ZHcY_K/lib/python3.12/site-packages/airflow/example_dags/example_setup_teardown_taskflow.py for tasks to queue
[2024-07-06T22:05:23.936+0700] {logging_mixin.py:188} INFO - [2024-07-06T22:05:23.935+0700] {dagbag.py:545} INFO - Filling up the DagBag from /home/acer/.local/share/virtualenvs/custom_airflow-E5ZHcY_K/lib/python3.12/site-packages/airflow/example_dags/example_setup_teardown_taskflow.py
[2024-07-06T22:05:23.949+0700] {processor.py:840} INFO - DAG(s) 'example_setup_teardown_taskflow' retrieved from /home/acer/.local/share/virtualenvs/custom_airflow-E5ZHcY_K/lib/python3.12/site-packages/airflow/example_dags/example_setup_teardown_taskflow.py
[2024-07-06T22:05:23.967+0700] {logging_mixin.py:188} INFO - [2024-07-06T22:05:23.967+0700] {dag.py:3096} INFO - Sync 1 DAGs
[2024-07-06T22:05:23.987+0700] {logging_mixin.py:188} INFO - [2024-07-06T22:05:23.987+0700] {dag.py:3954} INFO - Setting next_dagrun for example_setup_teardown_taskflow to 2024-07-05 00:00:00+00:00, run_after=2024-07-06 00:00:00+00:00
[2024-07-06T22:05:24.008+0700] {processor.py:183} INFO - Processing /home/acer/.local/share/virtualenvs/custom_airflow-E5ZHcY_K/lib/python3.12/site-packages/airflow/example_dags/example_setup_teardown_taskflow.py took 0.084 seconds
[2024-07-06T22:06:17.139+0700] {processor.py:161} INFO - Started process (PID=17928) to work on /home/acer/.local/share/virtualenvs/custom_airflow-E5ZHcY_K/lib/python3.12/site-packages/airflow/example_dags/example_setup_teardown_taskflow.py
[2024-07-06T22:06:17.141+0700] {processor.py:830} INFO - Processing file /home/acer/.local/share/virtualenvs/custom_airflow-E5ZHcY_K/lib/python3.12/site-packages/airflow/example_dags/example_setup_teardown_taskflow.py for tasks to queue
[2024-07-06T22:06:17.143+0700] {logging_mixin.py:188} INFO - [2024-07-06T22:06:17.143+0700] {dagbag.py:545} INFO - Filling up the DagBag from /home/acer/.local/share/virtualenvs/custom_airflow-E5ZHcY_K/lib/python3.12/site-packages/airflow/example_dags/example_setup_teardown_taskflow.py
[2024-07-06T22:06:17.158+0700] {processor.py:840} INFO - DAG(s) 'example_setup_teardown_taskflow' retrieved from /home/acer/.local/share/virtualenvs/custom_airflow-E5ZHcY_K/lib/python3.12/site-packages/airflow/example_dags/example_setup_teardown_taskflow.py
[2024-07-06T22:06:17.180+0700] {logging_mixin.py:188} INFO - [2024-07-06T22:06:17.180+0700] {dag.py:3096} INFO - Sync 1 DAGs
[2024-07-06T22:06:17.205+0700] {logging_mixin.py:188} INFO - [2024-07-06T22:06:17.205+0700] {dag.py:3954} INFO - Setting next_dagrun for example_setup_teardown_taskflow to 2024-07-05 00:00:00+00:00, run_after=2024-07-06 00:00:00+00:00
[2024-07-06T22:06:17.228+0700] {processor.py:183} INFO - Processing /home/acer/.local/share/virtualenvs/custom_airflow-E5ZHcY_K/lib/python3.12/site-packages/airflow/example_dags/example_setup_teardown_taskflow.py took 0.097 seconds
[2024-07-06T22:07:13.131+0700] {processor.py:161} INFO - Started process (PID=18421) to work on /home/acer/.local/share/virtualenvs/custom_airflow-E5ZHcY_K/lib/python3.12/site-packages/airflow/example_dags/example_setup_teardown_taskflow.py
[2024-07-06T22:07:13.132+0700] {processor.py:830} INFO - Processing file /home/acer/.local/share/virtualenvs/custom_airflow-E5ZHcY_K/lib/python3.12/site-packages/airflow/example_dags/example_setup_teardown_taskflow.py for tasks to queue
[2024-07-06T22:07:13.134+0700] {logging_mixin.py:188} INFO - [2024-07-06T22:07:13.134+0700] {dagbag.py:545} INFO - Filling up the DagBag from /home/acer/.local/share/virtualenvs/custom_airflow-E5ZHcY_K/lib/python3.12/site-packages/airflow/example_dags/example_setup_teardown_taskflow.py
[2024-07-06T22:07:13.148+0700] {processor.py:840} INFO - DAG(s) 'example_setup_teardown_taskflow' retrieved from /home/acer/.local/share/virtualenvs/custom_airflow-E5ZHcY_K/lib/python3.12/site-packages/airflow/example_dags/example_setup_teardown_taskflow.py
[2024-07-06T22:07:13.178+0700] {logging_mixin.py:188} INFO - [2024-07-06T22:07:13.177+0700] {dag.py:3096} INFO - Sync 1 DAGs
[2024-07-06T22:07:13.215+0700] {logging_mixin.py:188} INFO - [2024-07-06T22:07:13.215+0700] {dag.py:3954} INFO - Setting next_dagrun for example_setup_teardown_taskflow to 2024-07-05 00:00:00+00:00, run_after=2024-07-06 00:00:00+00:00
[2024-07-06T22:07:13.246+0700] {processor.py:183} INFO - Processing /home/acer/.local/share/virtualenvs/custom_airflow-E5ZHcY_K/lib/python3.12/site-packages/airflow/example_dags/example_setup_teardown_taskflow.py took 0.123 seconds
[2024-07-06T22:08:08.437+0700] {processor.py:161} INFO - Started process (PID=18769) to work on /home/acer/.local/share/virtualenvs/custom_airflow-E5ZHcY_K/lib/python3.12/site-packages/airflow/example_dags/example_setup_teardown_taskflow.py
[2024-07-06T22:08:08.439+0700] {processor.py:830} INFO - Processing file /home/acer/.local/share/virtualenvs/custom_airflow-E5ZHcY_K/lib/python3.12/site-packages/airflow/example_dags/example_setup_teardown_taskflow.py for tasks to queue
[2024-07-06T22:08:08.443+0700] {logging_mixin.py:188} INFO - [2024-07-06T22:08:08.442+0700] {dagbag.py:545} INFO - Filling up the DagBag from /home/acer/.local/share/virtualenvs/custom_airflow-E5ZHcY_K/lib/python3.12/site-packages/airflow/example_dags/example_setup_teardown_taskflow.py
[2024-07-06T22:08:08.478+0700] {processor.py:840} INFO - DAG(s) 'example_setup_teardown_taskflow' retrieved from /home/acer/.local/share/virtualenvs/custom_airflow-E5ZHcY_K/lib/python3.12/site-packages/airflow/example_dags/example_setup_teardown_taskflow.py
[2024-07-06T22:08:08.514+0700] {logging_mixin.py:188} INFO - [2024-07-06T22:08:08.514+0700] {dag.py:3096} INFO - Sync 1 DAGs
[2024-07-06T22:08:08.543+0700] {logging_mixin.py:188} INFO - [2024-07-06T22:08:08.543+0700] {dag.py:3954} INFO - Setting next_dagrun for example_setup_teardown_taskflow to 2024-07-05 00:00:00+00:00, run_after=2024-07-06 00:00:00+00:00
[2024-07-06T22:08:08.575+0700] {processor.py:183} INFO - Processing /home/acer/.local/share/virtualenvs/custom_airflow-E5ZHcY_K/lib/python3.12/site-packages/airflow/example_dags/example_setup_teardown_taskflow.py took 0.150 seconds
[2024-07-06T22:09:03.873+0700] {processor.py:161} INFO - Started process (PID=19053) to work on /home/acer/.local/share/virtualenvs/custom_airflow-E5ZHcY_K/lib/python3.12/site-packages/airflow/example_dags/example_setup_teardown_taskflow.py
[2024-07-06T22:09:03.874+0700] {processor.py:830} INFO - Processing file /home/acer/.local/share/virtualenvs/custom_airflow-E5ZHcY_K/lib/python3.12/site-packages/airflow/example_dags/example_setup_teardown_taskflow.py for tasks to queue
[2024-07-06T22:09:03.876+0700] {logging_mixin.py:188} INFO - [2024-07-06T22:09:03.876+0700] {dagbag.py:545} INFO - Filling up the DagBag from /home/acer/.local/share/virtualenvs/custom_airflow-E5ZHcY_K/lib/python3.12/site-packages/airflow/example_dags/example_setup_teardown_taskflow.py
[2024-07-06T22:09:03.890+0700] {processor.py:840} INFO - DAG(s) 'example_setup_teardown_taskflow' retrieved from /home/acer/.local/share/virtualenvs/custom_airflow-E5ZHcY_K/lib/python3.12/site-packages/airflow/example_dags/example_setup_teardown_taskflow.py
[2024-07-06T22:09:03.915+0700] {logging_mixin.py:188} INFO - [2024-07-06T22:09:03.915+0700] {dag.py:3096} INFO - Sync 1 DAGs
[2024-07-06T22:09:03.939+0700] {logging_mixin.py:188} INFO - [2024-07-06T22:09:03.939+0700] {dag.py:3954} INFO - Setting next_dagrun for example_setup_teardown_taskflow to 2024-07-05 00:00:00+00:00, run_after=2024-07-06 00:00:00+00:00
[2024-07-06T22:09:03.969+0700] {processor.py:183} INFO - Processing /home/acer/.local/share/virtualenvs/custom_airflow-E5ZHcY_K/lib/python3.12/site-packages/airflow/example_dags/example_setup_teardown_taskflow.py took 0.105 seconds
[2024-07-06T22:10:04.854+0700] {processor.py:161} INFO - Started process (PID=19385) to work on /home/acer/.local/share/virtualenvs/custom_airflow-E5ZHcY_K/lib/python3.12/site-packages/airflow/example_dags/example_setup_teardown_taskflow.py
[2024-07-06T22:10:04.857+0700] {processor.py:830} INFO - Processing file /home/acer/.local/share/virtualenvs/custom_airflow-E5ZHcY_K/lib/python3.12/site-packages/airflow/example_dags/example_setup_teardown_taskflow.py for tasks to queue
[2024-07-06T22:10:04.860+0700] {logging_mixin.py:188} INFO - [2024-07-06T22:10:04.860+0700] {dagbag.py:545} INFO - Filling up the DagBag from /home/acer/.local/share/virtualenvs/custom_airflow-E5ZHcY_K/lib/python3.12/site-packages/airflow/example_dags/example_setup_teardown_taskflow.py
[2024-07-06T22:10:04.875+0700] {processor.py:840} INFO - DAG(s) 'example_setup_teardown_taskflow' retrieved from /home/acer/.local/share/virtualenvs/custom_airflow-E5ZHcY_K/lib/python3.12/site-packages/airflow/example_dags/example_setup_teardown_taskflow.py
[2024-07-06T22:10:04.898+0700] {logging_mixin.py:188} INFO - [2024-07-06T22:10:04.898+0700] {dag.py:3096} INFO - Sync 1 DAGs
[2024-07-06T22:10:04.926+0700] {logging_mixin.py:188} INFO - [2024-07-06T22:10:04.926+0700] {dag.py:3954} INFO - Setting next_dagrun for example_setup_teardown_taskflow to 2024-07-05 00:00:00+00:00, run_after=2024-07-06 00:00:00+00:00
[2024-07-06T22:10:04.960+0700] {processor.py:183} INFO - Processing /home/acer/.local/share/virtualenvs/custom_airflow-E5ZHcY_K/lib/python3.12/site-packages/airflow/example_dags/example_setup_teardown_taskflow.py took 0.113 seconds
[2024-07-06T22:11:07.805+0700] {processor.py:161} INFO - Started process (PID=19774) to work on /home/acer/.local/share/virtualenvs/custom_airflow-E5ZHcY_K/lib/python3.12/site-packages/airflow/example_dags/example_setup_teardown_taskflow.py
[2024-07-06T22:11:07.807+0700] {processor.py:830} INFO - Processing file /home/acer/.local/share/virtualenvs/custom_airflow-E5ZHcY_K/lib/python3.12/site-packages/airflow/example_dags/example_setup_teardown_taskflow.py for tasks to queue
[2024-07-06T22:11:07.809+0700] {logging_mixin.py:188} INFO - [2024-07-06T22:11:07.809+0700] {dagbag.py:545} INFO - Filling up the DagBag from /home/acer/.local/share/virtualenvs/custom_airflow-E5ZHcY_K/lib/python3.12/site-packages/airflow/example_dags/example_setup_teardown_taskflow.py
[2024-07-06T22:11:07.832+0700] {processor.py:840} INFO - DAG(s) 'example_setup_teardown_taskflow' retrieved from /home/acer/.local/share/virtualenvs/custom_airflow-E5ZHcY_K/lib/python3.12/site-packages/airflow/example_dags/example_setup_teardown_taskflow.py
[2024-07-06T22:11:07.859+0700] {logging_mixin.py:188} INFO - [2024-07-06T22:11:07.859+0700] {dag.py:3096} INFO - Sync 1 DAGs
[2024-07-06T22:11:07.886+0700] {logging_mixin.py:188} INFO - [2024-07-06T22:11:07.886+0700] {dag.py:3954} INFO - Setting next_dagrun for example_setup_teardown_taskflow to 2024-07-05 00:00:00+00:00, run_after=2024-07-06 00:00:00+00:00
[2024-07-06T22:11:07.915+0700] {processor.py:183} INFO - Processing /home/acer/.local/share/virtualenvs/custom_airflow-E5ZHcY_K/lib/python3.12/site-packages/airflow/example_dags/example_setup_teardown_taskflow.py took 0.121 seconds
[2024-07-06T22:12:09.021+0700] {processor.py:161} INFO - Started process (PID=20084) to work on /home/acer/.local/share/virtualenvs/custom_airflow-E5ZHcY_K/lib/python3.12/site-packages/airflow/example_dags/example_setup_teardown_taskflow.py
[2024-07-06T22:12:09.023+0700] {processor.py:830} INFO - Processing file /home/acer/.local/share/virtualenvs/custom_airflow-E5ZHcY_K/lib/python3.12/site-packages/airflow/example_dags/example_setup_teardown_taskflow.py for tasks to queue
[2024-07-06T22:12:09.027+0700] {logging_mixin.py:188} INFO - [2024-07-06T22:12:09.026+0700] {dagbag.py:545} INFO - Filling up the DagBag from /home/acer/.local/share/virtualenvs/custom_airflow-E5ZHcY_K/lib/python3.12/site-packages/airflow/example_dags/example_setup_teardown_taskflow.py
[2024-07-06T22:12:09.046+0700] {processor.py:840} INFO - DAG(s) 'example_setup_teardown_taskflow' retrieved from /home/acer/.local/share/virtualenvs/custom_airflow-E5ZHcY_K/lib/python3.12/site-packages/airflow/example_dags/example_setup_teardown_taskflow.py
[2024-07-06T22:12:09.071+0700] {logging_mixin.py:188} INFO - [2024-07-06T22:12:09.071+0700] {dag.py:3096} INFO - Sync 1 DAGs
[2024-07-06T22:12:09.099+0700] {logging_mixin.py:188} INFO - [2024-07-06T22:12:09.098+0700] {dag.py:3954} INFO - Setting next_dagrun for example_setup_teardown_taskflow to 2024-07-05 00:00:00+00:00, run_after=2024-07-06 00:00:00+00:00
[2024-07-06T22:12:09.129+0700] {processor.py:183} INFO - Processing /home/acer/.local/share/virtualenvs/custom_airflow-E5ZHcY_K/lib/python3.12/site-packages/airflow/example_dags/example_setup_teardown_taskflow.py took 0.115 seconds
[2024-07-06T22:13:07.394+0700] {processor.py:161} INFO - Started process (PID=20430) to work on /home/acer/.local/share/virtualenvs/custom_airflow-E5ZHcY_K/lib/python3.12/site-packages/airflow/example_dags/example_setup_teardown_taskflow.py
[2024-07-06T22:13:07.395+0700] {processor.py:830} INFO - Processing file /home/acer/.local/share/virtualenvs/custom_airflow-E5ZHcY_K/lib/python3.12/site-packages/airflow/example_dags/example_setup_teardown_taskflow.py for tasks to queue
[2024-07-06T22:13:07.397+0700] {logging_mixin.py:188} INFO - [2024-07-06T22:13:07.397+0700] {dagbag.py:545} INFO - Filling up the DagBag from /home/acer/.local/share/virtualenvs/custom_airflow-E5ZHcY_K/lib/python3.12/site-packages/airflow/example_dags/example_setup_teardown_taskflow.py
[2024-07-06T22:13:07.412+0700] {processor.py:840} INFO - DAG(s) 'example_setup_teardown_taskflow' retrieved from /home/acer/.local/share/virtualenvs/custom_airflow-E5ZHcY_K/lib/python3.12/site-packages/airflow/example_dags/example_setup_teardown_taskflow.py
[2024-07-06T22:13:07.443+0700] {logging_mixin.py:188} INFO - [2024-07-06T22:13:07.442+0700] {dag.py:3096} INFO - Sync 1 DAGs
[2024-07-06T22:13:07.471+0700] {logging_mixin.py:188} INFO - [2024-07-06T22:13:07.470+0700] {dag.py:3954} INFO - Setting next_dagrun for example_setup_teardown_taskflow to 2024-07-05 00:00:00+00:00, run_after=2024-07-06 00:00:00+00:00
[2024-07-06T22:13:07.499+0700] {processor.py:183} INFO - Processing /home/acer/.local/share/virtualenvs/custom_airflow-E5ZHcY_K/lib/python3.12/site-packages/airflow/example_dags/example_setup_teardown_taskflow.py took 0.113 seconds
[2024-07-06T22:14:08.427+0700] {processor.py:161} INFO - Started process (PID=20777) to work on /home/acer/.local/share/virtualenvs/custom_airflow-E5ZHcY_K/lib/python3.12/site-packages/airflow/example_dags/example_setup_teardown_taskflow.py
[2024-07-06T22:14:08.429+0700] {processor.py:830} INFO - Processing file /home/acer/.local/share/virtualenvs/custom_airflow-E5ZHcY_K/lib/python3.12/site-packages/airflow/example_dags/example_setup_teardown_taskflow.py for tasks to queue
[2024-07-06T22:14:08.433+0700] {logging_mixin.py:188} INFO - [2024-07-06T22:14:08.432+0700] {dagbag.py:545} INFO - Filling up the DagBag from /home/acer/.local/share/virtualenvs/custom_airflow-E5ZHcY_K/lib/python3.12/site-packages/airflow/example_dags/example_setup_teardown_taskflow.py
[2024-07-06T22:14:08.455+0700] {processor.py:840} INFO - DAG(s) 'example_setup_teardown_taskflow' retrieved from /home/acer/.local/share/virtualenvs/custom_airflow-E5ZHcY_K/lib/python3.12/site-packages/airflow/example_dags/example_setup_teardown_taskflow.py
[2024-07-06T22:14:08.475+0700] {logging_mixin.py:188} INFO - [2024-07-06T22:14:08.475+0700] {dag.py:3096} INFO - Sync 1 DAGs
[2024-07-06T22:14:08.498+0700] {logging_mixin.py:188} INFO - [2024-07-06T22:14:08.498+0700] {dag.py:3954} INFO - Setting next_dagrun for example_setup_teardown_taskflow to 2024-07-05 00:00:00+00:00, run_after=2024-07-06 00:00:00+00:00
[2024-07-06T22:14:08.521+0700] {processor.py:183} INFO - Processing /home/acer/.local/share/virtualenvs/custom_airflow-E5ZHcY_K/lib/python3.12/site-packages/airflow/example_dags/example_setup_teardown_taskflow.py took 0.107 seconds
[2024-07-06T22:15:11.496+0700] {processor.py:161} INFO - Started process (PID=21140) to work on /home/acer/.local/share/virtualenvs/custom_airflow-E5ZHcY_K/lib/python3.12/site-packages/airflow/example_dags/example_setup_teardown_taskflow.py
[2024-07-06T22:15:11.501+0700] {processor.py:830} INFO - Processing file /home/acer/.local/share/virtualenvs/custom_airflow-E5ZHcY_K/lib/python3.12/site-packages/airflow/example_dags/example_setup_teardown_taskflow.py for tasks to queue
[2024-07-06T22:15:11.508+0700] {logging_mixin.py:188} INFO - [2024-07-06T22:15:11.507+0700] {dagbag.py:545} INFO - Filling up the DagBag from /home/acer/.local/share/virtualenvs/custom_airflow-E5ZHcY_K/lib/python3.12/site-packages/airflow/example_dags/example_setup_teardown_taskflow.py
[2024-07-06T22:15:11.530+0700] {processor.py:840} INFO - DAG(s) 'example_setup_teardown_taskflow' retrieved from /home/acer/.local/share/virtualenvs/custom_airflow-E5ZHcY_K/lib/python3.12/site-packages/airflow/example_dags/example_setup_teardown_taskflow.py
[2024-07-06T22:15:11.575+0700] {logging_mixin.py:188} INFO - [2024-07-06T22:15:11.574+0700] {dag.py:3096} INFO - Sync 1 DAGs
[2024-07-06T22:15:11.629+0700] {logging_mixin.py:188} INFO - [2024-07-06T22:15:11.628+0700] {dag.py:3954} INFO - Setting next_dagrun for example_setup_teardown_taskflow to 2024-07-05 00:00:00+00:00, run_after=2024-07-06 00:00:00+00:00
[2024-07-06T22:15:11.670+0700] {processor.py:183} INFO - Processing /home/acer/.local/share/virtualenvs/custom_airflow-E5ZHcY_K/lib/python3.12/site-packages/airflow/example_dags/example_setup_teardown_taskflow.py took 0.190 seconds
[2024-07-06T22:16:12.218+0700] {processor.py:161} INFO - Started process (PID=21502) to work on /home/acer/.local/share/virtualenvs/custom_airflow-E5ZHcY_K/lib/python3.12/site-packages/airflow/example_dags/example_setup_teardown_taskflow.py
[2024-07-06T22:16:12.221+0700] {processor.py:830} INFO - Processing file /home/acer/.local/share/virtualenvs/custom_airflow-E5ZHcY_K/lib/python3.12/site-packages/airflow/example_dags/example_setup_teardown_taskflow.py for tasks to queue
[2024-07-06T22:16:12.223+0700] {logging_mixin.py:188} INFO - [2024-07-06T22:16:12.222+0700] {dagbag.py:545} INFO - Filling up the DagBag from /home/acer/.local/share/virtualenvs/custom_airflow-E5ZHcY_K/lib/python3.12/site-packages/airflow/example_dags/example_setup_teardown_taskflow.py
[2024-07-06T22:16:12.238+0700] {processor.py:840} INFO - DAG(s) 'example_setup_teardown_taskflow' retrieved from /home/acer/.local/share/virtualenvs/custom_airflow-E5ZHcY_K/lib/python3.12/site-packages/airflow/example_dags/example_setup_teardown_taskflow.py
[2024-07-06T22:16:12.258+0700] {logging_mixin.py:188} INFO - [2024-07-06T22:16:12.258+0700] {dag.py:3096} INFO - Sync 1 DAGs
[2024-07-06T22:16:12.288+0700] {logging_mixin.py:188} INFO - [2024-07-06T22:16:12.288+0700] {dag.py:3954} INFO - Setting next_dagrun for example_setup_teardown_taskflow to 2024-07-05 00:00:00+00:00, run_after=2024-07-06 00:00:00+00:00
[2024-07-06T22:16:12.320+0700] {processor.py:183} INFO - Processing /home/acer/.local/share/virtualenvs/custom_airflow-E5ZHcY_K/lib/python3.12/site-packages/airflow/example_dags/example_setup_teardown_taskflow.py took 0.113 seconds
[2024-07-06T22:17:05.820+0700] {processor.py:161} INFO - Started process (PID=21785) to work on /home/acer/.local/share/virtualenvs/custom_airflow-E5ZHcY_K/lib/python3.12/site-packages/airflow/example_dags/example_setup_teardown_taskflow.py
[2024-07-06T22:17:05.822+0700] {processor.py:830} INFO - Processing file /home/acer/.local/share/virtualenvs/custom_airflow-E5ZHcY_K/lib/python3.12/site-packages/airflow/example_dags/example_setup_teardown_taskflow.py for tasks to queue
[2024-07-06T22:17:05.828+0700] {logging_mixin.py:188} INFO - [2024-07-06T22:17:05.826+0700] {dagbag.py:545} INFO - Filling up the DagBag from /home/acer/.local/share/virtualenvs/custom_airflow-E5ZHcY_K/lib/python3.12/site-packages/airflow/example_dags/example_setup_teardown_taskflow.py
[2024-07-06T22:17:05.854+0700] {processor.py:840} INFO - DAG(s) 'example_setup_teardown_taskflow' retrieved from /home/acer/.local/share/virtualenvs/custom_airflow-E5ZHcY_K/lib/python3.12/site-packages/airflow/example_dags/example_setup_teardown_taskflow.py
[2024-07-06T22:17:05.883+0700] {logging_mixin.py:188} INFO - [2024-07-06T22:17:05.883+0700] {dag.py:3096} INFO - Sync 1 DAGs
[2024-07-06T22:17:05.916+0700] {logging_mixin.py:188} INFO - [2024-07-06T22:17:05.916+0700] {dag.py:3954} INFO - Setting next_dagrun for example_setup_teardown_taskflow to 2024-07-05 00:00:00+00:00, run_after=2024-07-06 00:00:00+00:00
[2024-07-06T22:17:05.947+0700] {processor.py:183} INFO - Processing /home/acer/.local/share/virtualenvs/custom_airflow-E5ZHcY_K/lib/python3.12/site-packages/airflow/example_dags/example_setup_teardown_taskflow.py took 0.142 seconds
[2024-07-06T22:18:09.641+0700] {processor.py:161} INFO - Started process (PID=22143) to work on /home/acer/.local/share/virtualenvs/custom_airflow-E5ZHcY_K/lib/python3.12/site-packages/airflow/example_dags/example_setup_teardown_taskflow.py
[2024-07-06T22:18:09.642+0700] {processor.py:830} INFO - Processing file /home/acer/.local/share/virtualenvs/custom_airflow-E5ZHcY_K/lib/python3.12/site-packages/airflow/example_dags/example_setup_teardown_taskflow.py for tasks to queue
[2024-07-06T22:18:09.644+0700] {logging_mixin.py:188} INFO - [2024-07-06T22:18:09.644+0700] {dagbag.py:545} INFO - Filling up the DagBag from /home/acer/.local/share/virtualenvs/custom_airflow-E5ZHcY_K/lib/python3.12/site-packages/airflow/example_dags/example_setup_teardown_taskflow.py
[2024-07-06T22:18:09.660+0700] {processor.py:840} INFO - DAG(s) 'example_setup_teardown_taskflow' retrieved from /home/acer/.local/share/virtualenvs/custom_airflow-E5ZHcY_K/lib/python3.12/site-packages/airflow/example_dags/example_setup_teardown_taskflow.py
[2024-07-06T22:18:09.684+0700] {logging_mixin.py:188} INFO - [2024-07-06T22:18:09.683+0700] {dag.py:3096} INFO - Sync 1 DAGs
[2024-07-06T22:18:09.714+0700] {logging_mixin.py:188} INFO - [2024-07-06T22:18:09.714+0700] {dag.py:3954} INFO - Setting next_dagrun for example_setup_teardown_taskflow to 2024-07-05 00:00:00+00:00, run_after=2024-07-06 00:00:00+00:00
[2024-07-06T22:18:09.743+0700] {processor.py:183} INFO - Processing /home/acer/.local/share/virtualenvs/custom_airflow-E5ZHcY_K/lib/python3.12/site-packages/airflow/example_dags/example_setup_teardown_taskflow.py took 0.110 seconds
[2024-07-06T22:19:12.588+0700] {processor.py:161} INFO - Started process (PID=22461) to work on /home/acer/.local/share/virtualenvs/custom_airflow-E5ZHcY_K/lib/python3.12/site-packages/airflow/example_dags/example_setup_teardown_taskflow.py
[2024-07-06T22:19:12.595+0700] {processor.py:830} INFO - Processing file /home/acer/.local/share/virtualenvs/custom_airflow-E5ZHcY_K/lib/python3.12/site-packages/airflow/example_dags/example_setup_teardown_taskflow.py for tasks to queue
[2024-07-06T22:19:12.606+0700] {logging_mixin.py:188} INFO - [2024-07-06T22:19:12.606+0700] {dagbag.py:545} INFO - Filling up the DagBag from /home/acer/.local/share/virtualenvs/custom_airflow-E5ZHcY_K/lib/python3.12/site-packages/airflow/example_dags/example_setup_teardown_taskflow.py
[2024-07-06T22:19:12.649+0700] {processor.py:840} INFO - DAG(s) 'example_setup_teardown_taskflow' retrieved from /home/acer/.local/share/virtualenvs/custom_airflow-E5ZHcY_K/lib/python3.12/site-packages/airflow/example_dags/example_setup_teardown_taskflow.py
[2024-07-06T22:19:12.683+0700] {logging_mixin.py:188} INFO - [2024-07-06T22:19:12.683+0700] {dag.py:3096} INFO - Sync 1 DAGs
[2024-07-06T22:19:12.716+0700] {logging_mixin.py:188} INFO - [2024-07-06T22:19:12.716+0700] {dag.py:3954} INFO - Setting next_dagrun for example_setup_teardown_taskflow to 2024-07-05 00:00:00+00:00, run_after=2024-07-06 00:00:00+00:00
[2024-07-06T22:19:12.844+0700] {processor.py:183} INFO - Processing /home/acer/.local/share/virtualenvs/custom_airflow-E5ZHcY_K/lib/python3.12/site-packages/airflow/example_dags/example_setup_teardown_taskflow.py took 0.293 seconds
[2024-07-06T22:20:14.741+0700] {processor.py:161} INFO - Started process (PID=22804) to work on /home/acer/.local/share/virtualenvs/custom_airflow-E5ZHcY_K/lib/python3.12/site-packages/airflow/example_dags/example_setup_teardown_taskflow.py
[2024-07-06T22:20:14.743+0700] {processor.py:830} INFO - Processing file /home/acer/.local/share/virtualenvs/custom_airflow-E5ZHcY_K/lib/python3.12/site-packages/airflow/example_dags/example_setup_teardown_taskflow.py for tasks to queue
[2024-07-06T22:20:14.750+0700] {logging_mixin.py:188} INFO - [2024-07-06T22:20:14.749+0700] {dagbag.py:545} INFO - Filling up the DagBag from /home/acer/.local/share/virtualenvs/custom_airflow-E5ZHcY_K/lib/python3.12/site-packages/airflow/example_dags/example_setup_teardown_taskflow.py
[2024-07-06T22:20:14.776+0700] {processor.py:840} INFO - DAG(s) 'example_setup_teardown_taskflow' retrieved from /home/acer/.local/share/virtualenvs/custom_airflow-E5ZHcY_K/lib/python3.12/site-packages/airflow/example_dags/example_setup_teardown_taskflow.py
[2024-07-06T22:20:14.820+0700] {logging_mixin.py:188} INFO - [2024-07-06T22:20:14.820+0700] {dag.py:3096} INFO - Sync 1 DAGs
[2024-07-06T22:20:14.851+0700] {logging_mixin.py:188} INFO - [2024-07-06T22:20:14.851+0700] {dag.py:3954} INFO - Setting next_dagrun for example_setup_teardown_taskflow to 2024-07-05 00:00:00+00:00, run_after=2024-07-06 00:00:00+00:00
[2024-07-06T22:20:14.878+0700] {processor.py:183} INFO - Processing /home/acer/.local/share/virtualenvs/custom_airflow-E5ZHcY_K/lib/python3.12/site-packages/airflow/example_dags/example_setup_teardown_taskflow.py took 0.158 seconds
