[2024-07-06T16:08:50.126+0700] {processor.py:161} INFO - Started process (PID=51134) to work on /home/acer/.local/share/virtualenvs/custom_airflow-E5ZHcY_K/lib/python3.12/site-packages/airflow/example_dags/tutorial.py
[2024-07-06T16:08:50.127+0700] {processor.py:830} INFO - Processing file /home/acer/.local/share/virtualenvs/custom_airflow-E5ZHcY_K/lib/python3.12/site-packages/airflow/example_dags/tutorial.py for tasks to queue
[2024-07-06T16:08:50.129+0700] {logging_mixin.py:188} INFO - [2024-07-06T16:08:50.129+0700] {dagbag.py:545} INFO - Filling up the DagBag from /home/acer/.local/share/virtualenvs/custom_airflow-E5ZHcY_K/lib/python3.12/site-packages/airflow/example_dags/tutorial.py
[2024-07-06T16:08:50.141+0700] {processor.py:840} INFO - DAG(s) 'tutorial' retrieved from /home/acer/.local/share/virtualenvs/custom_airflow-E5ZHcY_K/lib/python3.12/site-packages/airflow/example_dags/tutorial.py
[2024-07-06T16:08:50.276+0700] {logging_mixin.py:188} INFO - [2024-07-06T16:08:50.276+0700] {override.py:1847} INFO - Created Permission View: can delete on DAG:tutorial
[2024-07-06T16:08:50.288+0700] {logging_mixin.py:188} INFO - [2024-07-06T16:08:50.288+0700] {override.py:1847} INFO - Created Permission View: can edit on DAG:tutorial
[2024-07-06T16:08:50.297+0700] {logging_mixin.py:188} INFO - [2024-07-06T16:08:50.296+0700] {override.py:1847} INFO - Created Permission View: can read on DAG:tutorial
[2024-07-06T16:08:50.297+0700] {logging_mixin.py:188} INFO - [2024-07-06T16:08:50.297+0700] {dag.py:3096} INFO - Sync 1 DAGs
[2024-07-06T16:08:50.308+0700] {logging_mixin.py:188} INFO - [2024-07-06T16:08:50.307+0700] {dag.py:3118} INFO - Creating ORM DAG for tutorial
[2024-07-06T16:08:50.317+0700] {logging_mixin.py:188} INFO - [2024-07-06T16:08:50.316+0700] {dag.py:3954} INFO - Setting next_dagrun for tutorial to 2024-07-05 00:00:00+00:00, run_after=2024-07-06 00:00:00+00:00
[2024-07-06T16:08:50.343+0700] {processor.py:183} INFO - Processing /home/acer/.local/share/virtualenvs/custom_airflow-E5ZHcY_K/lib/python3.12/site-packages/airflow/example_dags/tutorial.py took 0.227 seconds
[2024-07-06T16:09:50.509+0700] {processor.py:161} INFO - Started process (PID=51578) to work on /home/acer/.local/share/virtualenvs/custom_airflow-E5ZHcY_K/lib/python3.12/site-packages/airflow/example_dags/tutorial.py
[2024-07-06T16:09:50.511+0700] {processor.py:830} INFO - Processing file /home/acer/.local/share/virtualenvs/custom_airflow-E5ZHcY_K/lib/python3.12/site-packages/airflow/example_dags/tutorial.py for tasks to queue
[2024-07-06T16:09:50.515+0700] {logging_mixin.py:188} INFO - [2024-07-06T16:09:50.514+0700] {dagbag.py:545} INFO - Filling up the DagBag from /home/acer/.local/share/virtualenvs/custom_airflow-E5ZHcY_K/lib/python3.12/site-packages/airflow/example_dags/tutorial.py
[2024-07-06T16:09:50.526+0700] {processor.py:840} INFO - DAG(s) 'tutorial' retrieved from /home/acer/.local/share/virtualenvs/custom_airflow-E5ZHcY_K/lib/python3.12/site-packages/airflow/example_dags/tutorial.py
[2024-07-06T16:09:50.543+0700] {logging_mixin.py:188} INFO - [2024-07-06T16:09:50.543+0700] {dag.py:3096} INFO - Sync 1 DAGs
[2024-07-06T16:09:50.564+0700] {logging_mixin.py:188} INFO - [2024-07-06T16:09:50.564+0700] {dag.py:3954} INFO - Setting next_dagrun for tutorial to 2024-07-05 00:00:00+00:00, run_after=2024-07-06 00:00:00+00:00
[2024-07-06T16:09:50.594+0700] {processor.py:183} INFO - Processing /home/acer/.local/share/virtualenvs/custom_airflow-E5ZHcY_K/lib/python3.12/site-packages/airflow/example_dags/tutorial.py took 0.097 seconds
[2024-07-06T16:10:42.837+0700] {processor.py:161} INFO - Started process (PID=52078) to work on /home/acer/.local/share/virtualenvs/custom_airflow-E5ZHcY_K/lib/python3.12/site-packages/airflow/example_dags/tutorial.py
[2024-07-06T16:10:42.840+0700] {processor.py:830} INFO - Processing file /home/acer/.local/share/virtualenvs/custom_airflow-E5ZHcY_K/lib/python3.12/site-packages/airflow/example_dags/tutorial.py for tasks to queue
[2024-07-06T16:10:42.843+0700] {logging_mixin.py:188} INFO - [2024-07-06T16:10:42.842+0700] {dagbag.py:545} INFO - Filling up the DagBag from /home/acer/.local/share/virtualenvs/custom_airflow-E5ZHcY_K/lib/python3.12/site-packages/airflow/example_dags/tutorial.py
[2024-07-06T16:10:42.860+0700] {processor.py:840} INFO - DAG(s) 'tutorial' retrieved from /home/acer/.local/share/virtualenvs/custom_airflow-E5ZHcY_K/lib/python3.12/site-packages/airflow/example_dags/tutorial.py
[2024-07-06T16:10:42.883+0700] {logging_mixin.py:188} INFO - [2024-07-06T16:10:42.883+0700] {dag.py:3096} INFO - Sync 1 DAGs
[2024-07-06T16:10:42.904+0700] {logging_mixin.py:188} INFO - [2024-07-06T16:10:42.904+0700] {dag.py:3954} INFO - Setting next_dagrun for tutorial to 2024-07-05 00:00:00+00:00, run_after=2024-07-06 00:00:00+00:00
[2024-07-06T16:10:42.928+0700] {processor.py:183} INFO - Processing /home/acer/.local/share/virtualenvs/custom_airflow-E5ZHcY_K/lib/python3.12/site-packages/airflow/example_dags/tutorial.py took 0.106 seconds
[2024-07-06T16:11:37.657+0700] {processor.py:161} INFO - Started process (PID=52515) to work on /home/acer/.local/share/virtualenvs/custom_airflow-E5ZHcY_K/lib/python3.12/site-packages/airflow/example_dags/tutorial.py
[2024-07-06T16:11:37.658+0700] {processor.py:830} INFO - Processing file /home/acer/.local/share/virtualenvs/custom_airflow-E5ZHcY_K/lib/python3.12/site-packages/airflow/example_dags/tutorial.py for tasks to queue
[2024-07-06T16:11:37.661+0700] {logging_mixin.py:188} INFO - [2024-07-06T16:11:37.660+0700] {dagbag.py:545} INFO - Filling up the DagBag from /home/acer/.local/share/virtualenvs/custom_airflow-E5ZHcY_K/lib/python3.12/site-packages/airflow/example_dags/tutorial.py
[2024-07-06T16:11:37.671+0700] {processor.py:840} INFO - DAG(s) 'tutorial' retrieved from /home/acer/.local/share/virtualenvs/custom_airflow-E5ZHcY_K/lib/python3.12/site-packages/airflow/example_dags/tutorial.py
[2024-07-06T16:11:37.699+0700] {logging_mixin.py:188} INFO - [2024-07-06T16:11:37.699+0700] {dag.py:3096} INFO - Sync 1 DAGs
[2024-07-06T16:11:37.734+0700] {logging_mixin.py:188} INFO - [2024-07-06T16:11:37.733+0700] {dag.py:3954} INFO - Setting next_dagrun for tutorial to 2024-07-05 00:00:00+00:00, run_after=2024-07-06 00:00:00+00:00
[2024-07-06T16:11:37.761+0700] {processor.py:183} INFO - Processing /home/acer/.local/share/virtualenvs/custom_airflow-E5ZHcY_K/lib/python3.12/site-packages/airflow/example_dags/tutorial.py took 0.112 seconds
[2024-07-06T16:15:39.951+0700] {processor.py:161} INFO - Started process (PID=54662) to work on /home/acer/.local/share/virtualenvs/custom_airflow-E5ZHcY_K/lib/python3.12/site-packages/airflow/example_dags/tutorial.py
[2024-07-06T16:15:39.953+0700] {processor.py:830} INFO - Processing file /home/acer/.local/share/virtualenvs/custom_airflow-E5ZHcY_K/lib/python3.12/site-packages/airflow/example_dags/tutorial.py for tasks to queue
[2024-07-06T16:15:39.957+0700] {logging_mixin.py:188} INFO - [2024-07-06T16:15:39.956+0700] {dagbag.py:545} INFO - Filling up the DagBag from /home/acer/.local/share/virtualenvs/custom_airflow-E5ZHcY_K/lib/python3.12/site-packages/airflow/example_dags/tutorial.py
[2024-07-06T16:15:39.974+0700] {processor.py:840} INFO - DAG(s) 'tutorial' retrieved from /home/acer/.local/share/virtualenvs/custom_airflow-E5ZHcY_K/lib/python3.12/site-packages/airflow/example_dags/tutorial.py
[2024-07-06T16:15:40.116+0700] {logging_mixin.py:188} INFO - [2024-07-06T16:15:40.115+0700] {dag.py:3096} INFO - Sync 1 DAGs
[2024-07-06T16:15:40.138+0700] {logging_mixin.py:188} INFO - [2024-07-06T16:15:40.137+0700] {dag.py:3954} INFO - Setting next_dagrun for tutorial to 2024-07-05 00:00:00+00:00, run_after=2024-07-06 00:00:00+00:00
[2024-07-06T16:15:40.160+0700] {processor.py:183} INFO - Processing /home/acer/.local/share/virtualenvs/custom_airflow-E5ZHcY_K/lib/python3.12/site-packages/airflow/example_dags/tutorial.py took 0.221 seconds
[2024-07-06T16:16:40.189+0700] {processor.py:161} INFO - Started process (PID=55275) to work on /home/acer/.local/share/virtualenvs/custom_airflow-E5ZHcY_K/lib/python3.12/site-packages/airflow/example_dags/tutorial.py
[2024-07-06T16:16:40.190+0700] {processor.py:830} INFO - Processing file /home/acer/.local/share/virtualenvs/custom_airflow-E5ZHcY_K/lib/python3.12/site-packages/airflow/example_dags/tutorial.py for tasks to queue
[2024-07-06T16:16:40.193+0700] {logging_mixin.py:188} INFO - [2024-07-06T16:16:40.193+0700] {dagbag.py:545} INFO - Filling up the DagBag from /home/acer/.local/share/virtualenvs/custom_airflow-E5ZHcY_K/lib/python3.12/site-packages/airflow/example_dags/tutorial.py
[2024-07-06T16:16:40.201+0700] {processor.py:840} INFO - DAG(s) 'tutorial' retrieved from /home/acer/.local/share/virtualenvs/custom_airflow-E5ZHcY_K/lib/python3.12/site-packages/airflow/example_dags/tutorial.py
[2024-07-06T16:16:40.217+0700] {logging_mixin.py:188} INFO - [2024-07-06T16:16:40.217+0700] {dag.py:3096} INFO - Sync 1 DAGs
[2024-07-06T16:16:40.244+0700] {logging_mixin.py:188} INFO - [2024-07-06T16:16:40.244+0700] {dag.py:3954} INFO - Setting next_dagrun for tutorial to 2024-07-05 00:00:00+00:00, run_after=2024-07-06 00:00:00+00:00
[2024-07-06T16:16:40.266+0700] {processor.py:183} INFO - Processing /home/acer/.local/share/virtualenvs/custom_airflow-E5ZHcY_K/lib/python3.12/site-packages/airflow/example_dags/tutorial.py took 0.088 seconds
[2024-07-06T16:17:32.311+0700] {processor.py:161} INFO - Started process (PID=55724) to work on /home/acer/.local/share/virtualenvs/custom_airflow-E5ZHcY_K/lib/python3.12/site-packages/airflow/example_dags/tutorial.py
[2024-07-06T16:17:32.314+0700] {processor.py:830} INFO - Processing file /home/acer/.local/share/virtualenvs/custom_airflow-E5ZHcY_K/lib/python3.12/site-packages/airflow/example_dags/tutorial.py for tasks to queue
[2024-07-06T16:17:32.320+0700] {logging_mixin.py:188} INFO - [2024-07-06T16:17:32.318+0700] {dagbag.py:545} INFO - Filling up the DagBag from /home/acer/.local/share/virtualenvs/custom_airflow-E5ZHcY_K/lib/python3.12/site-packages/airflow/example_dags/tutorial.py
[2024-07-06T16:17:32.338+0700] {processor.py:840} INFO - DAG(s) 'tutorial' retrieved from /home/acer/.local/share/virtualenvs/custom_airflow-E5ZHcY_K/lib/python3.12/site-packages/airflow/example_dags/tutorial.py
[2024-07-06T16:17:32.367+0700] {logging_mixin.py:188} INFO - [2024-07-06T16:17:32.366+0700] {dag.py:3096} INFO - Sync 1 DAGs
[2024-07-06T16:17:32.388+0700] {logging_mixin.py:188} INFO - [2024-07-06T16:17:32.388+0700] {dag.py:3954} INFO - Setting next_dagrun for tutorial to 2024-07-05 00:00:00+00:00, run_after=2024-07-06 00:00:00+00:00
[2024-07-06T16:17:32.410+0700] {processor.py:183} INFO - Processing /home/acer/.local/share/virtualenvs/custom_airflow-E5ZHcY_K/lib/python3.12/site-packages/airflow/example_dags/tutorial.py took 0.117 seconds
[2024-07-06T16:18:20.796+0700] {processor.py:161} INFO - Started process (PID=55964) to work on /home/acer/.local/share/virtualenvs/custom_airflow-E5ZHcY_K/lib/python3.12/site-packages/airflow/example_dags/tutorial.py
[2024-07-06T16:18:20.798+0700] {processor.py:830} INFO - Processing file /home/acer/.local/share/virtualenvs/custom_airflow-E5ZHcY_K/lib/python3.12/site-packages/airflow/example_dags/tutorial.py for tasks to queue
[2024-07-06T16:18:20.800+0700] {logging_mixin.py:188} INFO - [2024-07-06T16:18:20.800+0700] {dagbag.py:545} INFO - Filling up the DagBag from /home/acer/.local/share/virtualenvs/custom_airflow-E5ZHcY_K/lib/python3.12/site-packages/airflow/example_dags/tutorial.py
[2024-07-06T16:18:20.809+0700] {processor.py:840} INFO - DAG(s) 'tutorial' retrieved from /home/acer/.local/share/virtualenvs/custom_airflow-E5ZHcY_K/lib/python3.12/site-packages/airflow/example_dags/tutorial.py
[2024-07-06T16:18:20.830+0700] {logging_mixin.py:188} INFO - [2024-07-06T16:18:20.830+0700] {dag.py:3096} INFO - Sync 1 DAGs
[2024-07-06T16:18:20.858+0700] {logging_mixin.py:188} INFO - [2024-07-06T16:18:20.858+0700] {dag.py:3954} INFO - Setting next_dagrun for tutorial to 2024-07-05 00:00:00+00:00, run_after=2024-07-06 00:00:00+00:00
[2024-07-06T16:18:20.886+0700] {processor.py:183} INFO - Processing /home/acer/.local/share/virtualenvs/custom_airflow-E5ZHcY_K/lib/python3.12/site-packages/airflow/example_dags/tutorial.py took 0.097 seconds
[2024-07-06T16:19:09.177+0700] {processor.py:161} INFO - Started process (PID=56209) to work on /home/acer/.local/share/virtualenvs/custom_airflow-E5ZHcY_K/lib/python3.12/site-packages/airflow/example_dags/tutorial.py
[2024-07-06T16:19:09.178+0700] {processor.py:830} INFO - Processing file /home/acer/.local/share/virtualenvs/custom_airflow-E5ZHcY_K/lib/python3.12/site-packages/airflow/example_dags/tutorial.py for tasks to queue
[2024-07-06T16:19:09.182+0700] {logging_mixin.py:188} INFO - [2024-07-06T16:19:09.181+0700] {dagbag.py:545} INFO - Filling up the DagBag from /home/acer/.local/share/virtualenvs/custom_airflow-E5ZHcY_K/lib/python3.12/site-packages/airflow/example_dags/tutorial.py
[2024-07-06T16:19:09.191+0700] {processor.py:840} INFO - DAG(s) 'tutorial' retrieved from /home/acer/.local/share/virtualenvs/custom_airflow-E5ZHcY_K/lib/python3.12/site-packages/airflow/example_dags/tutorial.py
[2024-07-06T16:19:09.210+0700] {logging_mixin.py:188} INFO - [2024-07-06T16:19:09.210+0700] {dag.py:3096} INFO - Sync 1 DAGs
[2024-07-06T16:19:09.238+0700] {logging_mixin.py:188} INFO - [2024-07-06T16:19:09.238+0700] {dag.py:3954} INFO - Setting next_dagrun for tutorial to 2024-07-05 00:00:00+00:00, run_after=2024-07-06 00:00:00+00:00
[2024-07-06T16:19:09.263+0700] {processor.py:183} INFO - Processing /home/acer/.local/share/virtualenvs/custom_airflow-E5ZHcY_K/lib/python3.12/site-packages/airflow/example_dags/tutorial.py took 0.097 seconds
[2024-07-06T16:20:07.939+0700] {processor.py:161} INFO - Started process (PID=56985) to work on /home/acer/.local/share/virtualenvs/custom_airflow-E5ZHcY_K/lib/python3.12/site-packages/airflow/example_dags/tutorial.py
[2024-07-06T16:20:07.941+0700] {processor.py:830} INFO - Processing file /home/acer/.local/share/virtualenvs/custom_airflow-E5ZHcY_K/lib/python3.12/site-packages/airflow/example_dags/tutorial.py for tasks to queue
[2024-07-06T16:20:07.943+0700] {logging_mixin.py:188} INFO - [2024-07-06T16:20:07.942+0700] {dagbag.py:545} INFO - Filling up the DagBag from /home/acer/.local/share/virtualenvs/custom_airflow-E5ZHcY_K/lib/python3.12/site-packages/airflow/example_dags/tutorial.py
[2024-07-06T16:20:07.950+0700] {processor.py:840} INFO - DAG(s) 'tutorial' retrieved from /home/acer/.local/share/virtualenvs/custom_airflow-E5ZHcY_K/lib/python3.12/site-packages/airflow/example_dags/tutorial.py
[2024-07-06T16:20:07.965+0700] {logging_mixin.py:188} INFO - [2024-07-06T16:20:07.965+0700] {dag.py:3096} INFO - Sync 1 DAGs
[2024-07-06T16:20:07.987+0700] {logging_mixin.py:188} INFO - [2024-07-06T16:20:07.987+0700] {dag.py:3954} INFO - Setting next_dagrun for tutorial to 2024-07-05 00:00:00+00:00, run_after=2024-07-06 00:00:00+00:00
[2024-07-06T16:20:08.010+0700] {processor.py:183} INFO - Processing /home/acer/.local/share/virtualenvs/custom_airflow-E5ZHcY_K/lib/python3.12/site-packages/airflow/example_dags/tutorial.py took 0.080 seconds
[2024-07-06T16:21:05.438+0700] {processor.py:161} INFO - Started process (PID=57418) to work on /home/acer/.local/share/virtualenvs/custom_airflow-E5ZHcY_K/lib/python3.12/site-packages/airflow/example_dags/tutorial.py
[2024-07-06T16:21:05.439+0700] {processor.py:830} INFO - Processing file /home/acer/.local/share/virtualenvs/custom_airflow-E5ZHcY_K/lib/python3.12/site-packages/airflow/example_dags/tutorial.py for tasks to queue
[2024-07-06T16:21:05.441+0700] {logging_mixin.py:188} INFO - [2024-07-06T16:21:05.441+0700] {dagbag.py:545} INFO - Filling up the DagBag from /home/acer/.local/share/virtualenvs/custom_airflow-E5ZHcY_K/lib/python3.12/site-packages/airflow/example_dags/tutorial.py
[2024-07-06T16:21:05.448+0700] {processor.py:840} INFO - DAG(s) 'tutorial' retrieved from /home/acer/.local/share/virtualenvs/custom_airflow-E5ZHcY_K/lib/python3.12/site-packages/airflow/example_dags/tutorial.py
[2024-07-06T16:21:05.466+0700] {logging_mixin.py:188} INFO - [2024-07-06T16:21:05.465+0700] {dag.py:3096} INFO - Sync 1 DAGs
[2024-07-06T16:21:05.490+0700] {logging_mixin.py:188} INFO - [2024-07-06T16:21:05.490+0700] {dag.py:3954} INFO - Setting next_dagrun for tutorial to 2024-07-05 00:00:00+00:00, run_after=2024-07-06 00:00:00+00:00
[2024-07-06T16:21:05.512+0700] {processor.py:183} INFO - Processing /home/acer/.local/share/virtualenvs/custom_airflow-E5ZHcY_K/lib/python3.12/site-packages/airflow/example_dags/tutorial.py took 0.085 seconds
[2024-07-06T16:21:55.086+0700] {processor.py:161} INFO - Started process (PID=57764) to work on /home/acer/.local/share/virtualenvs/custom_airflow-E5ZHcY_K/lib/python3.12/site-packages/airflow/example_dags/tutorial.py
[2024-07-06T16:21:55.087+0700] {processor.py:830} INFO - Processing file /home/acer/.local/share/virtualenvs/custom_airflow-E5ZHcY_K/lib/python3.12/site-packages/airflow/example_dags/tutorial.py for tasks to queue
[2024-07-06T16:21:55.089+0700] {logging_mixin.py:188} INFO - [2024-07-06T16:21:55.088+0700] {dagbag.py:545} INFO - Filling up the DagBag from /home/acer/.local/share/virtualenvs/custom_airflow-E5ZHcY_K/lib/python3.12/site-packages/airflow/example_dags/tutorial.py
[2024-07-06T16:21:55.094+0700] {processor.py:840} INFO - DAG(s) 'tutorial' retrieved from /home/acer/.local/share/virtualenvs/custom_airflow-E5ZHcY_K/lib/python3.12/site-packages/airflow/example_dags/tutorial.py
[2024-07-06T16:21:55.109+0700] {logging_mixin.py:188} INFO - [2024-07-06T16:21:55.109+0700] {dag.py:3096} INFO - Sync 1 DAGs
[2024-07-06T16:21:55.130+0700] {logging_mixin.py:188} INFO - [2024-07-06T16:21:55.129+0700] {dag.py:3954} INFO - Setting next_dagrun for tutorial to 2024-07-05 00:00:00+00:00, run_after=2024-07-06 00:00:00+00:00
[2024-07-06T16:21:55.150+0700] {processor.py:183} INFO - Processing /home/acer/.local/share/virtualenvs/custom_airflow-E5ZHcY_K/lib/python3.12/site-packages/airflow/example_dags/tutorial.py took 0.071 seconds
[2024-07-06T16:22:43.341+0700] {processor.py:161} INFO - Started process (PID=58024) to work on /home/acer/.local/share/virtualenvs/custom_airflow-E5ZHcY_K/lib/python3.12/site-packages/airflow/example_dags/tutorial.py
[2024-07-06T16:22:43.342+0700] {processor.py:830} INFO - Processing file /home/acer/.local/share/virtualenvs/custom_airflow-E5ZHcY_K/lib/python3.12/site-packages/airflow/example_dags/tutorial.py for tasks to queue
[2024-07-06T16:22:43.345+0700] {logging_mixin.py:188} INFO - [2024-07-06T16:22:43.344+0700] {dagbag.py:545} INFO - Filling up the DagBag from /home/acer/.local/share/virtualenvs/custom_airflow-E5ZHcY_K/lib/python3.12/site-packages/airflow/example_dags/tutorial.py
[2024-07-06T16:22:43.351+0700] {processor.py:840} INFO - DAG(s) 'tutorial' retrieved from /home/acer/.local/share/virtualenvs/custom_airflow-E5ZHcY_K/lib/python3.12/site-packages/airflow/example_dags/tutorial.py
[2024-07-06T16:22:43.368+0700] {logging_mixin.py:188} INFO - [2024-07-06T16:22:43.367+0700] {dag.py:3096} INFO - Sync 1 DAGs
[2024-07-06T16:22:43.391+0700] {logging_mixin.py:188} INFO - [2024-07-06T16:22:43.390+0700] {dag.py:3954} INFO - Setting next_dagrun for tutorial to 2024-07-05 00:00:00+00:00, run_after=2024-07-06 00:00:00+00:00
[2024-07-06T16:22:43.411+0700] {processor.py:183} INFO - Processing /home/acer/.local/share/virtualenvs/custom_airflow-E5ZHcY_K/lib/python3.12/site-packages/airflow/example_dags/tutorial.py took 0.078 seconds
[2024-07-06T16:24:07.605+0700] {processor.py:161} INFO - Started process (PID=59063) to work on /home/acer/.local/share/virtualenvs/custom_airflow-E5ZHcY_K/lib/python3.12/site-packages/airflow/example_dags/tutorial.py
[2024-07-06T16:24:07.607+0700] {processor.py:830} INFO - Processing file /home/acer/.local/share/virtualenvs/custom_airflow-E5ZHcY_K/lib/python3.12/site-packages/airflow/example_dags/tutorial.py for tasks to queue
[2024-07-06T16:24:07.610+0700] {logging_mixin.py:188} INFO - [2024-07-06T16:24:07.610+0700] {dagbag.py:545} INFO - Filling up the DagBag from /home/acer/.local/share/virtualenvs/custom_airflow-E5ZHcY_K/lib/python3.12/site-packages/airflow/example_dags/tutorial.py
[2024-07-06T16:24:07.619+0700] {processor.py:840} INFO - DAG(s) 'tutorial' retrieved from /home/acer/.local/share/virtualenvs/custom_airflow-E5ZHcY_K/lib/python3.12/site-packages/airflow/example_dags/tutorial.py
[2024-07-06T16:24:07.640+0700] {logging_mixin.py:188} INFO - [2024-07-06T16:24:07.639+0700] {dag.py:3096} INFO - Sync 1 DAGs
[2024-07-06T16:24:07.665+0700] {logging_mixin.py:188} INFO - [2024-07-06T16:24:07.664+0700] {dag.py:3954} INFO - Setting next_dagrun for tutorial to 2024-07-05 00:00:00+00:00, run_after=2024-07-06 00:00:00+00:00
[2024-07-06T16:24:07.711+0700] {processor.py:183} INFO - Processing /home/acer/.local/share/virtualenvs/custom_airflow-E5ZHcY_K/lib/python3.12/site-packages/airflow/example_dags/tutorial.py took 0.122 seconds
[2024-07-06T16:25:04.439+0700] {processor.py:161} INFO - Started process (PID=59516) to work on /home/acer/.local/share/virtualenvs/custom_airflow-E5ZHcY_K/lib/python3.12/site-packages/airflow/example_dags/tutorial.py
[2024-07-06T16:25:04.442+0700] {processor.py:830} INFO - Processing file /home/acer/.local/share/virtualenvs/custom_airflow-E5ZHcY_K/lib/python3.12/site-packages/airflow/example_dags/tutorial.py for tasks to queue
[2024-07-06T16:25:04.446+0700] {logging_mixin.py:188} INFO - [2024-07-06T16:25:04.445+0700] {dagbag.py:545} INFO - Filling up the DagBag from /home/acer/.local/share/virtualenvs/custom_airflow-E5ZHcY_K/lib/python3.12/site-packages/airflow/example_dags/tutorial.py
[2024-07-06T16:25:04.455+0700] {processor.py:840} INFO - DAG(s) 'tutorial' retrieved from /home/acer/.local/share/virtualenvs/custom_airflow-E5ZHcY_K/lib/python3.12/site-packages/airflow/example_dags/tutorial.py
[2024-07-06T16:25:04.472+0700] {logging_mixin.py:188} INFO - [2024-07-06T16:25:04.472+0700] {dag.py:3096} INFO - Sync 1 DAGs
[2024-07-06T16:25:04.492+0700] {logging_mixin.py:188} INFO - [2024-07-06T16:25:04.492+0700] {dag.py:3954} INFO - Setting next_dagrun for tutorial to 2024-07-05 00:00:00+00:00, run_after=2024-07-06 00:00:00+00:00
[2024-07-06T16:25:04.513+0700] {processor.py:183} INFO - Processing /home/acer/.local/share/virtualenvs/custom_airflow-E5ZHcY_K/lib/python3.12/site-packages/airflow/example_dags/tutorial.py took 0.092 seconds
[2024-07-06T16:25:55.212+0700] {processor.py:161} INFO - Started process (PID=59959) to work on /home/acer/.local/share/virtualenvs/custom_airflow-E5ZHcY_K/lib/python3.12/site-packages/airflow/example_dags/tutorial.py
[2024-07-06T16:25:55.213+0700] {processor.py:830} INFO - Processing file /home/acer/.local/share/virtualenvs/custom_airflow-E5ZHcY_K/lib/python3.12/site-packages/airflow/example_dags/tutorial.py for tasks to queue
[2024-07-06T16:25:55.215+0700] {logging_mixin.py:188} INFO - [2024-07-06T16:25:55.215+0700] {dagbag.py:545} INFO - Filling up the DagBag from /home/acer/.local/share/virtualenvs/custom_airflow-E5ZHcY_K/lib/python3.12/site-packages/airflow/example_dags/tutorial.py
[2024-07-06T16:25:55.221+0700] {processor.py:840} INFO - DAG(s) 'tutorial' retrieved from /home/acer/.local/share/virtualenvs/custom_airflow-E5ZHcY_K/lib/python3.12/site-packages/airflow/example_dags/tutorial.py
[2024-07-06T16:25:55.236+0700] {logging_mixin.py:188} INFO - [2024-07-06T16:25:55.236+0700] {dag.py:3096} INFO - Sync 1 DAGs
[2024-07-06T16:25:55.257+0700] {logging_mixin.py:188} INFO - [2024-07-06T16:25:55.257+0700] {dag.py:3954} INFO - Setting next_dagrun for tutorial to 2024-07-05 00:00:00+00:00, run_after=2024-07-06 00:00:00+00:00
[2024-07-06T16:25:55.280+0700] {processor.py:183} INFO - Processing /home/acer/.local/share/virtualenvs/custom_airflow-E5ZHcY_K/lib/python3.12/site-packages/airflow/example_dags/tutorial.py took 0.076 seconds
[2024-07-06T16:26:46.746+0700] {processor.py:161} INFO - Started process (PID=60203) to work on /home/acer/.local/share/virtualenvs/custom_airflow-E5ZHcY_K/lib/python3.12/site-packages/airflow/example_dags/tutorial.py
[2024-07-06T16:26:46.747+0700] {processor.py:830} INFO - Processing file /home/acer/.local/share/virtualenvs/custom_airflow-E5ZHcY_K/lib/python3.12/site-packages/airflow/example_dags/tutorial.py for tasks to queue
[2024-07-06T16:26:46.749+0700] {logging_mixin.py:188} INFO - [2024-07-06T16:26:46.748+0700] {dagbag.py:545} INFO - Filling up the DagBag from /home/acer/.local/share/virtualenvs/custom_airflow-E5ZHcY_K/lib/python3.12/site-packages/airflow/example_dags/tutorial.py
[2024-07-06T16:26:46.755+0700] {processor.py:840} INFO - DAG(s) 'tutorial' retrieved from /home/acer/.local/share/virtualenvs/custom_airflow-E5ZHcY_K/lib/python3.12/site-packages/airflow/example_dags/tutorial.py
[2024-07-06T16:26:46.770+0700] {logging_mixin.py:188} INFO - [2024-07-06T16:26:46.770+0700] {dag.py:3096} INFO - Sync 1 DAGs
[2024-07-06T16:26:46.790+0700] {logging_mixin.py:188} INFO - [2024-07-06T16:26:46.790+0700] {dag.py:3954} INFO - Setting next_dagrun for tutorial to 2024-07-05 00:00:00+00:00, run_after=2024-07-06 00:00:00+00:00
[2024-07-06T16:26:46.811+0700] {processor.py:183} INFO - Processing /home/acer/.local/share/virtualenvs/custom_airflow-E5ZHcY_K/lib/python3.12/site-packages/airflow/example_dags/tutorial.py took 0.070 seconds
[2024-07-06T16:27:33.975+0700] {processor.py:161} INFO - Started process (PID=60460) to work on /home/acer/.local/share/virtualenvs/custom_airflow-E5ZHcY_K/lib/python3.12/site-packages/airflow/example_dags/tutorial.py
[2024-07-06T16:27:33.978+0700] {processor.py:830} INFO - Processing file /home/acer/.local/share/virtualenvs/custom_airflow-E5ZHcY_K/lib/python3.12/site-packages/airflow/example_dags/tutorial.py for tasks to queue
[2024-07-06T16:27:33.983+0700] {logging_mixin.py:188} INFO - [2024-07-06T16:27:33.982+0700] {dagbag.py:545} INFO - Filling up the DagBag from /home/acer/.local/share/virtualenvs/custom_airflow-E5ZHcY_K/lib/python3.12/site-packages/airflow/example_dags/tutorial.py
[2024-07-06T16:27:33.993+0700] {processor.py:840} INFO - DAG(s) 'tutorial' retrieved from /home/acer/.local/share/virtualenvs/custom_airflow-E5ZHcY_K/lib/python3.12/site-packages/airflow/example_dags/tutorial.py
[2024-07-06T16:27:34.009+0700] {logging_mixin.py:188} INFO - [2024-07-06T16:27:34.009+0700] {dag.py:3096} INFO - Sync 1 DAGs
[2024-07-06T16:27:34.031+0700] {logging_mixin.py:188} INFO - [2024-07-06T16:27:34.030+0700] {dag.py:3954} INFO - Setting next_dagrun for tutorial to 2024-07-05 00:00:00+00:00, run_after=2024-07-06 00:00:00+00:00
[2024-07-06T16:27:34.053+0700] {processor.py:183} INFO - Processing /home/acer/.local/share/virtualenvs/custom_airflow-E5ZHcY_K/lib/python3.12/site-packages/airflow/example_dags/tutorial.py took 0.097 seconds
[2024-07-06T16:28:18.590+0700] {processor.py:161} INFO - Started process (PID=60685) to work on /home/acer/.local/share/virtualenvs/custom_airflow-E5ZHcY_K/lib/python3.12/site-packages/airflow/example_dags/tutorial.py
[2024-07-06T16:28:18.591+0700] {processor.py:830} INFO - Processing file /home/acer/.local/share/virtualenvs/custom_airflow-E5ZHcY_K/lib/python3.12/site-packages/airflow/example_dags/tutorial.py for tasks to queue
[2024-07-06T16:28:18.593+0700] {logging_mixin.py:188} INFO - [2024-07-06T16:28:18.593+0700] {dagbag.py:545} INFO - Filling up the DagBag from /home/acer/.local/share/virtualenvs/custom_airflow-E5ZHcY_K/lib/python3.12/site-packages/airflow/example_dags/tutorial.py
[2024-07-06T16:28:18.602+0700] {processor.py:840} INFO - DAG(s) 'tutorial' retrieved from /home/acer/.local/share/virtualenvs/custom_airflow-E5ZHcY_K/lib/python3.12/site-packages/airflow/example_dags/tutorial.py
[2024-07-06T16:28:18.619+0700] {logging_mixin.py:188} INFO - [2024-07-06T16:28:18.619+0700] {dag.py:3096} INFO - Sync 1 DAGs
[2024-07-06T16:28:18.640+0700] {logging_mixin.py:188} INFO - [2024-07-06T16:28:18.639+0700] {dag.py:3954} INFO - Setting next_dagrun for tutorial to 2024-07-05 00:00:00+00:00, run_after=2024-07-06 00:00:00+00:00
[2024-07-06T16:28:18.662+0700] {processor.py:183} INFO - Processing /home/acer/.local/share/virtualenvs/custom_airflow-E5ZHcY_K/lib/python3.12/site-packages/airflow/example_dags/tutorial.py took 0.079 seconds
[2024-07-06T16:29:04.856+0700] {processor.py:161} INFO - Started process (PID=60914) to work on /home/acer/.local/share/virtualenvs/custom_airflow-E5ZHcY_K/lib/python3.12/site-packages/airflow/example_dags/tutorial.py
[2024-07-06T16:29:04.857+0700] {processor.py:830} INFO - Processing file /home/acer/.local/share/virtualenvs/custom_airflow-E5ZHcY_K/lib/python3.12/site-packages/airflow/example_dags/tutorial.py for tasks to queue
[2024-07-06T16:29:04.859+0700] {logging_mixin.py:188} INFO - [2024-07-06T16:29:04.858+0700] {dagbag.py:545} INFO - Filling up the DagBag from /home/acer/.local/share/virtualenvs/custom_airflow-E5ZHcY_K/lib/python3.12/site-packages/airflow/example_dags/tutorial.py
[2024-07-06T16:29:04.866+0700] {processor.py:840} INFO - DAG(s) 'tutorial' retrieved from /home/acer/.local/share/virtualenvs/custom_airflow-E5ZHcY_K/lib/python3.12/site-packages/airflow/example_dags/tutorial.py
[2024-07-06T16:29:04.881+0700] {logging_mixin.py:188} INFO - [2024-07-06T16:29:04.881+0700] {dag.py:3096} INFO - Sync 1 DAGs
[2024-07-06T16:29:04.901+0700] {logging_mixin.py:188} INFO - [2024-07-06T16:29:04.901+0700] {dag.py:3954} INFO - Setting next_dagrun for tutorial to 2024-07-05 00:00:00+00:00, run_after=2024-07-06 00:00:00+00:00
[2024-07-06T16:29:04.923+0700] {processor.py:183} INFO - Processing /home/acer/.local/share/virtualenvs/custom_airflow-E5ZHcY_K/lib/python3.12/site-packages/airflow/example_dags/tutorial.py took 0.075 seconds
[2024-07-06T16:29:52.943+0700] {processor.py:161} INFO - Started process (PID=61140) to work on /home/acer/.local/share/virtualenvs/custom_airflow-E5ZHcY_K/lib/python3.12/site-packages/airflow/example_dags/tutorial.py
[2024-07-06T16:29:52.945+0700] {processor.py:830} INFO - Processing file /home/acer/.local/share/virtualenvs/custom_airflow-E5ZHcY_K/lib/python3.12/site-packages/airflow/example_dags/tutorial.py for tasks to queue
[2024-07-06T16:29:52.949+0700] {logging_mixin.py:188} INFO - [2024-07-06T16:29:52.948+0700] {dagbag.py:545} INFO - Filling up the DagBag from /home/acer/.local/share/virtualenvs/custom_airflow-E5ZHcY_K/lib/python3.12/site-packages/airflow/example_dags/tutorial.py
[2024-07-06T16:29:52.958+0700] {processor.py:840} INFO - DAG(s) 'tutorial' retrieved from /home/acer/.local/share/virtualenvs/custom_airflow-E5ZHcY_K/lib/python3.12/site-packages/airflow/example_dags/tutorial.py
[2024-07-06T16:29:52.974+0700] {logging_mixin.py:188} INFO - [2024-07-06T16:29:52.974+0700] {dag.py:3096} INFO - Sync 1 DAGs
[2024-07-06T16:29:52.994+0700] {logging_mixin.py:188} INFO - [2024-07-06T16:29:52.994+0700] {dag.py:3954} INFO - Setting next_dagrun for tutorial to 2024-07-05 00:00:00+00:00, run_after=2024-07-06 00:00:00+00:00
[2024-07-06T16:29:53.016+0700] {processor.py:183} INFO - Processing /home/acer/.local/share/virtualenvs/custom_airflow-E5ZHcY_K/lib/python3.12/site-packages/airflow/example_dags/tutorial.py took 0.093 seconds
[2024-07-06T16:30:36.719+0700] {processor.py:161} INFO - Started process (PID=61402) to work on /home/acer/.local/share/virtualenvs/custom_airflow-E5ZHcY_K/lib/python3.12/site-packages/airflow/example_dags/tutorial.py
[2024-07-06T16:30:36.720+0700] {processor.py:830} INFO - Processing file /home/acer/.local/share/virtualenvs/custom_airflow-E5ZHcY_K/lib/python3.12/site-packages/airflow/example_dags/tutorial.py for tasks to queue
[2024-07-06T16:30:36.721+0700] {logging_mixin.py:188} INFO - [2024-07-06T16:30:36.721+0700] {dagbag.py:545} INFO - Filling up the DagBag from /home/acer/.local/share/virtualenvs/custom_airflow-E5ZHcY_K/lib/python3.12/site-packages/airflow/example_dags/tutorial.py
[2024-07-06T16:30:36.728+0700] {processor.py:840} INFO - DAG(s) 'tutorial' retrieved from /home/acer/.local/share/virtualenvs/custom_airflow-E5ZHcY_K/lib/python3.12/site-packages/airflow/example_dags/tutorial.py
[2024-07-06T16:30:36.744+0700] {logging_mixin.py:188} INFO - [2024-07-06T16:30:36.744+0700] {dag.py:3096} INFO - Sync 1 DAGs
[2024-07-06T16:30:36.765+0700] {logging_mixin.py:188} INFO - [2024-07-06T16:30:36.764+0700] {dag.py:3954} INFO - Setting next_dagrun for tutorial to 2024-07-05 00:00:00+00:00, run_after=2024-07-06 00:00:00+00:00
[2024-07-06T16:30:36.785+0700] {processor.py:183} INFO - Processing /home/acer/.local/share/virtualenvs/custom_airflow-E5ZHcY_K/lib/python3.12/site-packages/airflow/example_dags/tutorial.py took 0.072 seconds
[2024-07-06T16:31:21.400+0700] {processor.py:161} INFO - Started process (PID=61623) to work on /home/acer/.local/share/virtualenvs/custom_airflow-E5ZHcY_K/lib/python3.12/site-packages/airflow/example_dags/tutorial.py
[2024-07-06T16:31:21.402+0700] {processor.py:830} INFO - Processing file /home/acer/.local/share/virtualenvs/custom_airflow-E5ZHcY_K/lib/python3.12/site-packages/airflow/example_dags/tutorial.py for tasks to queue
[2024-07-06T16:31:21.406+0700] {logging_mixin.py:188} INFO - [2024-07-06T16:31:21.405+0700] {dagbag.py:545} INFO - Filling up the DagBag from /home/acer/.local/share/virtualenvs/custom_airflow-E5ZHcY_K/lib/python3.12/site-packages/airflow/example_dags/tutorial.py
[2024-07-06T16:31:21.415+0700] {processor.py:840} INFO - DAG(s) 'tutorial' retrieved from /home/acer/.local/share/virtualenvs/custom_airflow-E5ZHcY_K/lib/python3.12/site-packages/airflow/example_dags/tutorial.py
[2024-07-06T16:31:21.431+0700] {logging_mixin.py:188} INFO - [2024-07-06T16:31:21.431+0700] {dag.py:3096} INFO - Sync 1 DAGs
[2024-07-06T16:31:21.452+0700] {logging_mixin.py:188} INFO - [2024-07-06T16:31:21.451+0700] {dag.py:3954} INFO - Setting next_dagrun for tutorial to 2024-07-05 00:00:00+00:00, run_after=2024-07-06 00:00:00+00:00
[2024-07-06T16:31:21.472+0700] {processor.py:183} INFO - Processing /home/acer/.local/share/virtualenvs/custom_airflow-E5ZHcY_K/lib/python3.12/site-packages/airflow/example_dags/tutorial.py took 0.091 seconds
[2024-07-06T16:32:07.439+0700] {processor.py:161} INFO - Started process (PID=61858) to work on /home/acer/.local/share/virtualenvs/custom_airflow-E5ZHcY_K/lib/python3.12/site-packages/airflow/example_dags/tutorial.py
[2024-07-06T16:32:07.440+0700] {processor.py:830} INFO - Processing file /home/acer/.local/share/virtualenvs/custom_airflow-E5ZHcY_K/lib/python3.12/site-packages/airflow/example_dags/tutorial.py for tasks to queue
[2024-07-06T16:32:07.442+0700] {logging_mixin.py:188} INFO - [2024-07-06T16:32:07.442+0700] {dagbag.py:545} INFO - Filling up the DagBag from /home/acer/.local/share/virtualenvs/custom_airflow-E5ZHcY_K/lib/python3.12/site-packages/airflow/example_dags/tutorial.py
[2024-07-06T16:32:07.449+0700] {processor.py:840} INFO - DAG(s) 'tutorial' retrieved from /home/acer/.local/share/virtualenvs/custom_airflow-E5ZHcY_K/lib/python3.12/site-packages/airflow/example_dags/tutorial.py
[2024-07-06T16:32:07.464+0700] {logging_mixin.py:188} INFO - [2024-07-06T16:32:07.464+0700] {dag.py:3096} INFO - Sync 1 DAGs
[2024-07-06T16:32:07.484+0700] {logging_mixin.py:188} INFO - [2024-07-06T16:32:07.484+0700] {dag.py:3954} INFO - Setting next_dagrun for tutorial to 2024-07-05 00:00:00+00:00, run_after=2024-07-06 00:00:00+00:00
[2024-07-06T16:32:07.504+0700] {processor.py:183} INFO - Processing /home/acer/.local/share/virtualenvs/custom_airflow-E5ZHcY_K/lib/python3.12/site-packages/airflow/example_dags/tutorial.py took 0.072 seconds
[2024-07-06T16:32:56.203+0700] {processor.py:161} INFO - Started process (PID=62098) to work on /home/acer/.local/share/virtualenvs/custom_airflow-E5ZHcY_K/lib/python3.12/site-packages/airflow/example_dags/tutorial.py
[2024-07-06T16:32:56.204+0700] {processor.py:830} INFO - Processing file /home/acer/.local/share/virtualenvs/custom_airflow-E5ZHcY_K/lib/python3.12/site-packages/airflow/example_dags/tutorial.py for tasks to queue
[2024-07-06T16:32:56.205+0700] {logging_mixin.py:188} INFO - [2024-07-06T16:32:56.205+0700] {dagbag.py:545} INFO - Filling up the DagBag from /home/acer/.local/share/virtualenvs/custom_airflow-E5ZHcY_K/lib/python3.12/site-packages/airflow/example_dags/tutorial.py
[2024-07-06T16:32:56.211+0700] {processor.py:840} INFO - DAG(s) 'tutorial' retrieved from /home/acer/.local/share/virtualenvs/custom_airflow-E5ZHcY_K/lib/python3.12/site-packages/airflow/example_dags/tutorial.py
[2024-07-06T16:32:56.226+0700] {logging_mixin.py:188} INFO - [2024-07-06T16:32:56.226+0700] {dag.py:3096} INFO - Sync 1 DAGs
[2024-07-06T16:32:56.246+0700] {logging_mixin.py:188} INFO - [2024-07-06T16:32:56.246+0700] {dag.py:3954} INFO - Setting next_dagrun for tutorial to 2024-07-05 00:00:00+00:00, run_after=2024-07-06 00:00:00+00:00
[2024-07-06T16:32:56.267+0700] {processor.py:183} INFO - Processing /home/acer/.local/share/virtualenvs/custom_airflow-E5ZHcY_K/lib/python3.12/site-packages/airflow/example_dags/tutorial.py took 0.069 seconds
[2024-07-06T16:33:43.817+0700] {processor.py:161} INFO - Started process (PID=62356) to work on /home/acer/.local/share/virtualenvs/custom_airflow-E5ZHcY_K/lib/python3.12/site-packages/airflow/example_dags/tutorial.py
[2024-07-06T16:33:43.820+0700] {processor.py:830} INFO - Processing file /home/acer/.local/share/virtualenvs/custom_airflow-E5ZHcY_K/lib/python3.12/site-packages/airflow/example_dags/tutorial.py for tasks to queue
[2024-07-06T16:33:43.825+0700] {logging_mixin.py:188} INFO - [2024-07-06T16:33:43.824+0700] {dagbag.py:545} INFO - Filling up the DagBag from /home/acer/.local/share/virtualenvs/custom_airflow-E5ZHcY_K/lib/python3.12/site-packages/airflow/example_dags/tutorial.py
[2024-07-06T16:33:43.840+0700] {processor.py:840} INFO - DAG(s) 'tutorial' retrieved from /home/acer/.local/share/virtualenvs/custom_airflow-E5ZHcY_K/lib/python3.12/site-packages/airflow/example_dags/tutorial.py
[2024-07-06T16:33:43.861+0700] {logging_mixin.py:188} INFO - [2024-07-06T16:33:43.861+0700] {dag.py:3096} INFO - Sync 1 DAGs
[2024-07-06T16:33:43.882+0700] {logging_mixin.py:188} INFO - [2024-07-06T16:33:43.882+0700] {dag.py:3954} INFO - Setting next_dagrun for tutorial to 2024-07-05 00:00:00+00:00, run_after=2024-07-06 00:00:00+00:00
[2024-07-06T16:33:43.904+0700] {processor.py:183} INFO - Processing /home/acer/.local/share/virtualenvs/custom_airflow-E5ZHcY_K/lib/python3.12/site-packages/airflow/example_dags/tutorial.py took 0.099 seconds
[2024-07-06T16:34:29.760+0700] {processor.py:161} INFO - Started process (PID=62584) to work on /home/acer/.local/share/virtualenvs/custom_airflow-E5ZHcY_K/lib/python3.12/site-packages/airflow/example_dags/tutorial.py
[2024-07-06T16:34:29.761+0700] {processor.py:830} INFO - Processing file /home/acer/.local/share/virtualenvs/custom_airflow-E5ZHcY_K/lib/python3.12/site-packages/airflow/example_dags/tutorial.py for tasks to queue
[2024-07-06T16:34:29.763+0700] {logging_mixin.py:188} INFO - [2024-07-06T16:34:29.762+0700] {dagbag.py:545} INFO - Filling up the DagBag from /home/acer/.local/share/virtualenvs/custom_airflow-E5ZHcY_K/lib/python3.12/site-packages/airflow/example_dags/tutorial.py
[2024-07-06T16:34:29.769+0700] {processor.py:840} INFO - DAG(s) 'tutorial' retrieved from /home/acer/.local/share/virtualenvs/custom_airflow-E5ZHcY_K/lib/python3.12/site-packages/airflow/example_dags/tutorial.py
[2024-07-06T16:34:29.783+0700] {logging_mixin.py:188} INFO - [2024-07-06T16:34:29.783+0700] {dag.py:3096} INFO - Sync 1 DAGs
[2024-07-06T16:34:29.804+0700] {logging_mixin.py:188} INFO - [2024-07-06T16:34:29.803+0700] {dag.py:3954} INFO - Setting next_dagrun for tutorial to 2024-07-05 00:00:00+00:00, run_after=2024-07-06 00:00:00+00:00
[2024-07-06T16:34:29.836+0700] {processor.py:183} INFO - Processing /home/acer/.local/share/virtualenvs/custom_airflow-E5ZHcY_K/lib/python3.12/site-packages/airflow/example_dags/tutorial.py took 0.081 seconds
[2024-07-06T16:35:18.239+0700] {processor.py:161} INFO - Started process (PID=62816) to work on /home/acer/.local/share/virtualenvs/custom_airflow-E5ZHcY_K/lib/python3.12/site-packages/airflow/example_dags/tutorial.py
[2024-07-06T16:35:18.240+0700] {processor.py:830} INFO - Processing file /home/acer/.local/share/virtualenvs/custom_airflow-E5ZHcY_K/lib/python3.12/site-packages/airflow/example_dags/tutorial.py for tasks to queue
[2024-07-06T16:35:18.243+0700] {logging_mixin.py:188} INFO - [2024-07-06T16:35:18.243+0700] {dagbag.py:545} INFO - Filling up the DagBag from /home/acer/.local/share/virtualenvs/custom_airflow-E5ZHcY_K/lib/python3.12/site-packages/airflow/example_dags/tutorial.py
[2024-07-06T16:35:18.253+0700] {processor.py:840} INFO - DAG(s) 'tutorial' retrieved from /home/acer/.local/share/virtualenvs/custom_airflow-E5ZHcY_K/lib/python3.12/site-packages/airflow/example_dags/tutorial.py
[2024-07-06T16:35:18.271+0700] {logging_mixin.py:188} INFO - [2024-07-06T16:35:18.271+0700] {dag.py:3096} INFO - Sync 1 DAGs
[2024-07-06T16:35:18.292+0700] {logging_mixin.py:188} INFO - [2024-07-06T16:35:18.291+0700] {dag.py:3954} INFO - Setting next_dagrun for tutorial to 2024-07-05 00:00:00+00:00, run_after=2024-07-06 00:00:00+00:00
[2024-07-06T16:35:18.312+0700] {processor.py:183} INFO - Processing /home/acer/.local/share/virtualenvs/custom_airflow-E5ZHcY_K/lib/python3.12/site-packages/airflow/example_dags/tutorial.py took 0.083 seconds
[2024-07-06T16:36:05.401+0700] {processor.py:161} INFO - Started process (PID=63110) to work on /home/acer/.local/share/virtualenvs/custom_airflow-E5ZHcY_K/lib/python3.12/site-packages/airflow/example_dags/tutorial.py
[2024-07-06T16:36:05.404+0700] {processor.py:830} INFO - Processing file /home/acer/.local/share/virtualenvs/custom_airflow-E5ZHcY_K/lib/python3.12/site-packages/airflow/example_dags/tutorial.py for tasks to queue
[2024-07-06T16:36:05.411+0700] {logging_mixin.py:188} INFO - [2024-07-06T16:36:05.409+0700] {dagbag.py:545} INFO - Filling up the DagBag from /home/acer/.local/share/virtualenvs/custom_airflow-E5ZHcY_K/lib/python3.12/site-packages/airflow/example_dags/tutorial.py
[2024-07-06T16:36:05.433+0700] {processor.py:840} INFO - DAG(s) 'tutorial' retrieved from /home/acer/.local/share/virtualenvs/custom_airflow-E5ZHcY_K/lib/python3.12/site-packages/airflow/example_dags/tutorial.py
[2024-07-06T16:36:05.461+0700] {logging_mixin.py:188} INFO - [2024-07-06T16:36:05.460+0700] {dag.py:3096} INFO - Sync 1 DAGs
[2024-07-06T16:36:05.484+0700] {logging_mixin.py:188} INFO - [2024-07-06T16:36:05.484+0700] {dag.py:3954} INFO - Setting next_dagrun for tutorial to 2024-07-05 00:00:00+00:00, run_after=2024-07-06 00:00:00+00:00
[2024-07-06T16:36:05.506+0700] {processor.py:183} INFO - Processing /home/acer/.local/share/virtualenvs/custom_airflow-E5ZHcY_K/lib/python3.12/site-packages/airflow/example_dags/tutorial.py took 0.126 seconds
[2024-07-06T21:54:23.320+0700] {processor.py:161} INFO - Started process (PID=11810) to work on /home/acer/.local/share/virtualenvs/custom_airflow-E5ZHcY_K/lib/python3.12/site-packages/airflow/example_dags/tutorial.py
[2024-07-06T21:54:23.323+0700] {processor.py:830} INFO - Processing file /home/acer/.local/share/virtualenvs/custom_airflow-E5ZHcY_K/lib/python3.12/site-packages/airflow/example_dags/tutorial.py for tasks to queue
[2024-07-06T21:54:23.325+0700] {logging_mixin.py:188} INFO - [2024-07-06T21:54:23.325+0700] {dagbag.py:545} INFO - Filling up the DagBag from /home/acer/.local/share/virtualenvs/custom_airflow-E5ZHcY_K/lib/python3.12/site-packages/airflow/example_dags/tutorial.py
[2024-07-06T21:54:23.339+0700] {processor.py:840} INFO - DAG(s) 'tutorial' retrieved from /home/acer/.local/share/virtualenvs/custom_airflow-E5ZHcY_K/lib/python3.12/site-packages/airflow/example_dags/tutorial.py
[2024-07-06T21:54:23.364+0700] {logging_mixin.py:188} INFO - [2024-07-06T21:54:23.364+0700] {dag.py:3096} INFO - Sync 1 DAGs
[2024-07-06T21:54:23.385+0700] {logging_mixin.py:188} INFO - [2024-07-06T21:54:23.385+0700] {dag.py:3954} INFO - Setting next_dagrun for tutorial to 2024-07-05 00:00:00+00:00, run_after=2024-07-06 00:00:00+00:00
[2024-07-06T21:54:23.407+0700] {processor.py:183} INFO - Processing /home/acer/.local/share/virtualenvs/custom_airflow-E5ZHcY_K/lib/python3.12/site-packages/airflow/example_dags/tutorial.py took 0.095 seconds
[2024-07-06T21:55:19.072+0700] {processor.py:161} INFO - Started process (PID=12455) to work on /home/acer/.local/share/virtualenvs/custom_airflow-E5ZHcY_K/lib/python3.12/site-packages/airflow/example_dags/tutorial.py
[2024-07-06T21:55:19.073+0700] {processor.py:830} INFO - Processing file /home/acer/.local/share/virtualenvs/custom_airflow-E5ZHcY_K/lib/python3.12/site-packages/airflow/example_dags/tutorial.py for tasks to queue
[2024-07-06T21:55:19.075+0700] {logging_mixin.py:188} INFO - [2024-07-06T21:55:19.074+0700] {dagbag.py:545} INFO - Filling up the DagBag from /home/acer/.local/share/virtualenvs/custom_airflow-E5ZHcY_K/lib/python3.12/site-packages/airflow/example_dags/tutorial.py
[2024-07-06T21:55:19.087+0700] {processor.py:840} INFO - DAG(s) 'tutorial' retrieved from /home/acer/.local/share/virtualenvs/custom_airflow-E5ZHcY_K/lib/python3.12/site-packages/airflow/example_dags/tutorial.py
[2024-07-06T21:55:19.117+0700] {logging_mixin.py:188} INFO - [2024-07-06T21:55:19.117+0700] {dag.py:3096} INFO - Sync 1 DAGs
[2024-07-06T21:55:19.158+0700] {logging_mixin.py:188} INFO - [2024-07-06T21:55:19.157+0700] {dag.py:3954} INFO - Setting next_dagrun for tutorial to 2024-07-05 00:00:00+00:00, run_after=2024-07-06 00:00:00+00:00
[2024-07-06T21:55:19.193+0700] {processor.py:183} INFO - Processing /home/acer/.local/share/virtualenvs/custom_airflow-E5ZHcY_K/lib/python3.12/site-packages/airflow/example_dags/tutorial.py took 0.128 seconds
[2024-07-06T21:56:10.442+0700] {processor.py:161} INFO - Started process (PID=13071) to work on /home/acer/.local/share/virtualenvs/custom_airflow-E5ZHcY_K/lib/python3.12/site-packages/airflow/example_dags/tutorial.py
[2024-07-06T21:56:10.443+0700] {processor.py:830} INFO - Processing file /home/acer/.local/share/virtualenvs/custom_airflow-E5ZHcY_K/lib/python3.12/site-packages/airflow/example_dags/tutorial.py for tasks to queue
[2024-07-06T21:56:10.446+0700] {logging_mixin.py:188} INFO - [2024-07-06T21:56:10.446+0700] {dagbag.py:545} INFO - Filling up the DagBag from /home/acer/.local/share/virtualenvs/custom_airflow-E5ZHcY_K/lib/python3.12/site-packages/airflow/example_dags/tutorial.py
[2024-07-06T21:56:10.458+0700] {processor.py:840} INFO - DAG(s) 'tutorial' retrieved from /home/acer/.local/share/virtualenvs/custom_airflow-E5ZHcY_K/lib/python3.12/site-packages/airflow/example_dags/tutorial.py
[2024-07-06T21:56:10.476+0700] {logging_mixin.py:188} INFO - [2024-07-06T21:56:10.476+0700] {dag.py:3096} INFO - Sync 1 DAGs
[2024-07-06T21:56:10.504+0700] {logging_mixin.py:188} INFO - [2024-07-06T21:56:10.504+0700] {dag.py:3954} INFO - Setting next_dagrun for tutorial to 2024-07-05 00:00:00+00:00, run_after=2024-07-06 00:00:00+00:00
[2024-07-06T21:56:10.529+0700] {processor.py:183} INFO - Processing /home/acer/.local/share/virtualenvs/custom_airflow-E5ZHcY_K/lib/python3.12/site-packages/airflow/example_dags/tutorial.py took 0.096 seconds
[2024-07-06T21:56:57.699+0700] {processor.py:161} INFO - Started process (PID=13528) to work on /home/acer/.local/share/virtualenvs/custom_airflow-E5ZHcY_K/lib/python3.12/site-packages/airflow/example_dags/tutorial.py
[2024-07-06T21:56:57.701+0700] {processor.py:830} INFO - Processing file /home/acer/.local/share/virtualenvs/custom_airflow-E5ZHcY_K/lib/python3.12/site-packages/airflow/example_dags/tutorial.py for tasks to queue
[2024-07-06T21:56:57.704+0700] {logging_mixin.py:188} INFO - [2024-07-06T21:56:57.703+0700] {dagbag.py:545} INFO - Filling up the DagBag from /home/acer/.local/share/virtualenvs/custom_airflow-E5ZHcY_K/lib/python3.12/site-packages/airflow/example_dags/tutorial.py
[2024-07-06T21:56:57.716+0700] {processor.py:840} INFO - DAG(s) 'tutorial' retrieved from /home/acer/.local/share/virtualenvs/custom_airflow-E5ZHcY_K/lib/python3.12/site-packages/airflow/example_dags/tutorial.py
[2024-07-06T21:56:57.737+0700] {logging_mixin.py:188} INFO - [2024-07-06T21:56:57.736+0700] {dag.py:3096} INFO - Sync 1 DAGs
[2024-07-06T21:56:57.773+0700] {logging_mixin.py:188} INFO - [2024-07-06T21:56:57.773+0700] {dag.py:3954} INFO - Setting next_dagrun for tutorial to 2024-07-05 00:00:00+00:00, run_after=2024-07-06 00:00:00+00:00
[2024-07-06T21:56:57.799+0700] {processor.py:183} INFO - Processing /home/acer/.local/share/virtualenvs/custom_airflow-E5ZHcY_K/lib/python3.12/site-packages/airflow/example_dags/tutorial.py took 0.110 seconds
[2024-07-06T21:57:50.465+0700] {processor.py:161} INFO - Started process (PID=14026) to work on /home/acer/.local/share/virtualenvs/custom_airflow-E5ZHcY_K/lib/python3.12/site-packages/airflow/example_dags/tutorial.py
[2024-07-06T21:57:50.467+0700] {processor.py:830} INFO - Processing file /home/acer/.local/share/virtualenvs/custom_airflow-E5ZHcY_K/lib/python3.12/site-packages/airflow/example_dags/tutorial.py for tasks to queue
[2024-07-06T21:57:50.472+0700] {logging_mixin.py:188} INFO - [2024-07-06T21:57:50.471+0700] {dagbag.py:545} INFO - Filling up the DagBag from /home/acer/.local/share/virtualenvs/custom_airflow-E5ZHcY_K/lib/python3.12/site-packages/airflow/example_dags/tutorial.py
[2024-07-06T21:57:50.485+0700] {processor.py:840} INFO - DAG(s) 'tutorial' retrieved from /home/acer/.local/share/virtualenvs/custom_airflow-E5ZHcY_K/lib/python3.12/site-packages/airflow/example_dags/tutorial.py
[2024-07-06T21:57:50.521+0700] {logging_mixin.py:188} INFO - [2024-07-06T21:57:50.521+0700] {dag.py:3096} INFO - Sync 1 DAGs
[2024-07-06T21:57:50.549+0700] {logging_mixin.py:188} INFO - [2024-07-06T21:57:50.549+0700] {dag.py:3954} INFO - Setting next_dagrun for tutorial to 2024-07-05 00:00:00+00:00, run_after=2024-07-06 00:00:00+00:00
[2024-07-06T21:57:50.571+0700] {processor.py:183} INFO - Processing /home/acer/.local/share/virtualenvs/custom_airflow-E5ZHcY_K/lib/python3.12/site-packages/airflow/example_dags/tutorial.py took 0.119 seconds
[2024-07-06T21:58:44.489+0700] {processor.py:161} INFO - Started process (PID=14281) to work on /home/acer/.local/share/virtualenvs/custom_airflow-E5ZHcY_K/lib/python3.12/site-packages/airflow/example_dags/tutorial.py
[2024-07-06T21:58:44.490+0700] {processor.py:830} INFO - Processing file /home/acer/.local/share/virtualenvs/custom_airflow-E5ZHcY_K/lib/python3.12/site-packages/airflow/example_dags/tutorial.py for tasks to queue
[2024-07-06T21:58:44.492+0700] {logging_mixin.py:188} INFO - [2024-07-06T21:58:44.492+0700] {dagbag.py:545} INFO - Filling up the DagBag from /home/acer/.local/share/virtualenvs/custom_airflow-E5ZHcY_K/lib/python3.12/site-packages/airflow/example_dags/tutorial.py
[2024-07-06T21:58:44.501+0700] {processor.py:840} INFO - DAG(s) 'tutorial' retrieved from /home/acer/.local/share/virtualenvs/custom_airflow-E5ZHcY_K/lib/python3.12/site-packages/airflow/example_dags/tutorial.py
[2024-07-06T21:58:44.548+0700] {logging_mixin.py:188} INFO - [2024-07-06T21:58:44.548+0700] {dag.py:3096} INFO - Sync 1 DAGs
[2024-07-06T21:58:44.576+0700] {logging_mixin.py:188} INFO - [2024-07-06T21:58:44.576+0700] {dag.py:3954} INFO - Setting next_dagrun for tutorial to 2024-07-05 00:00:00+00:00, run_after=2024-07-06 00:00:00+00:00
[2024-07-06T21:58:44.598+0700] {processor.py:183} INFO - Processing /home/acer/.local/share/virtualenvs/custom_airflow-E5ZHcY_K/lib/python3.12/site-packages/airflow/example_dags/tutorial.py took 0.119 seconds
[2024-07-06T21:59:33.232+0700] {processor.py:161} INFO - Started process (PID=14539) to work on /home/acer/.local/share/virtualenvs/custom_airflow-E5ZHcY_K/lib/python3.12/site-packages/airflow/example_dags/tutorial.py
[2024-07-06T21:59:33.236+0700] {processor.py:830} INFO - Processing file /home/acer/.local/share/virtualenvs/custom_airflow-E5ZHcY_K/lib/python3.12/site-packages/airflow/example_dags/tutorial.py for tasks to queue
[2024-07-06T21:59:33.246+0700] {logging_mixin.py:188} INFO - [2024-07-06T21:59:33.243+0700] {dagbag.py:545} INFO - Filling up the DagBag from /home/acer/.local/share/virtualenvs/custom_airflow-E5ZHcY_K/lib/python3.12/site-packages/airflow/example_dags/tutorial.py
[2024-07-06T21:59:33.273+0700] {processor.py:840} INFO - DAG(s) 'tutorial' retrieved from /home/acer/.local/share/virtualenvs/custom_airflow-E5ZHcY_K/lib/python3.12/site-packages/airflow/example_dags/tutorial.py
[2024-07-06T21:59:33.302+0700] {logging_mixin.py:188} INFO - [2024-07-06T21:59:33.302+0700] {dag.py:3096} INFO - Sync 1 DAGs
[2024-07-06T21:59:33.324+0700] {logging_mixin.py:188} INFO - [2024-07-06T21:59:33.324+0700] {dag.py:3954} INFO - Setting next_dagrun for tutorial to 2024-07-05 00:00:00+00:00, run_after=2024-07-06 00:00:00+00:00
[2024-07-06T21:59:33.345+0700] {processor.py:183} INFO - Processing /home/acer/.local/share/virtualenvs/custom_airflow-E5ZHcY_K/lib/python3.12/site-packages/airflow/example_dags/tutorial.py took 0.147 seconds
[2024-07-06T22:00:25.651+0700] {processor.py:161} INFO - Started process (PID=14912) to work on /home/acer/.local/share/virtualenvs/custom_airflow-E5ZHcY_K/lib/python3.12/site-packages/airflow/example_dags/tutorial.py
[2024-07-06T22:00:25.652+0700] {processor.py:830} INFO - Processing file /home/acer/.local/share/virtualenvs/custom_airflow-E5ZHcY_K/lib/python3.12/site-packages/airflow/example_dags/tutorial.py for tasks to queue
[2024-07-06T22:00:25.654+0700] {logging_mixin.py:188} INFO - [2024-07-06T22:00:25.653+0700] {dagbag.py:545} INFO - Filling up the DagBag from /home/acer/.local/share/virtualenvs/custom_airflow-E5ZHcY_K/lib/python3.12/site-packages/airflow/example_dags/tutorial.py
[2024-07-06T22:00:25.660+0700] {processor.py:840} INFO - DAG(s) 'tutorial' retrieved from /home/acer/.local/share/virtualenvs/custom_airflow-E5ZHcY_K/lib/python3.12/site-packages/airflow/example_dags/tutorial.py
[2024-07-06T22:00:25.676+0700] {logging_mixin.py:188} INFO - [2024-07-06T22:00:25.676+0700] {dag.py:3096} INFO - Sync 1 DAGs
[2024-07-06T22:00:25.697+0700] {logging_mixin.py:188} INFO - [2024-07-06T22:00:25.697+0700] {dag.py:3954} INFO - Setting next_dagrun for tutorial to 2024-07-05 00:00:00+00:00, run_after=2024-07-06 00:00:00+00:00
[2024-07-06T22:00:25.718+0700] {processor.py:183} INFO - Processing /home/acer/.local/share/virtualenvs/custom_airflow-E5ZHcY_K/lib/python3.12/site-packages/airflow/example_dags/tutorial.py took 0.072 seconds
[2024-07-06T22:01:53.819+0700] {processor.py:161} INFO - Started process (PID=15866) to work on /home/acer/.local/share/virtualenvs/custom_airflow-E5ZHcY_K/lib/python3.12/site-packages/airflow/example_dags/tutorial.py
[2024-07-06T22:01:53.820+0700] {processor.py:830} INFO - Processing file /home/acer/.local/share/virtualenvs/custom_airflow-E5ZHcY_K/lib/python3.12/site-packages/airflow/example_dags/tutorial.py for tasks to queue
[2024-07-06T22:01:53.822+0700] {logging_mixin.py:188} INFO - [2024-07-06T22:01:53.821+0700] {dagbag.py:545} INFO - Filling up the DagBag from /home/acer/.local/share/virtualenvs/custom_airflow-E5ZHcY_K/lib/python3.12/site-packages/airflow/example_dags/tutorial.py
[2024-07-06T22:01:53.828+0700] {processor.py:840} INFO - DAG(s) 'tutorial' retrieved from /home/acer/.local/share/virtualenvs/custom_airflow-E5ZHcY_K/lib/python3.12/site-packages/airflow/example_dags/tutorial.py
[2024-07-06T22:01:53.844+0700] {logging_mixin.py:188} INFO - [2024-07-06T22:01:53.844+0700] {dag.py:3096} INFO - Sync 1 DAGs
[2024-07-06T22:01:53.865+0700] {logging_mixin.py:188} INFO - [2024-07-06T22:01:53.865+0700] {dag.py:3954} INFO - Setting next_dagrun for tutorial to 2024-07-05 00:00:00+00:00, run_after=2024-07-06 00:00:00+00:00
[2024-07-06T22:01:53.888+0700] {processor.py:183} INFO - Processing /home/acer/.local/share/virtualenvs/custom_airflow-E5ZHcY_K/lib/python3.12/site-packages/airflow/example_dags/tutorial.py took 0.075 seconds
[2024-07-06T22:02:52.347+0700] {processor.py:161} INFO - Started process (PID=16313) to work on /home/acer/.local/share/virtualenvs/custom_airflow-E5ZHcY_K/lib/python3.12/site-packages/airflow/example_dags/tutorial.py
[2024-07-06T22:02:52.348+0700] {processor.py:830} INFO - Processing file /home/acer/.local/share/virtualenvs/custom_airflow-E5ZHcY_K/lib/python3.12/site-packages/airflow/example_dags/tutorial.py for tasks to queue
[2024-07-06T22:02:52.350+0700] {logging_mixin.py:188} INFO - [2024-07-06T22:02:52.350+0700] {dagbag.py:545} INFO - Filling up the DagBag from /home/acer/.local/share/virtualenvs/custom_airflow-E5ZHcY_K/lib/python3.12/site-packages/airflow/example_dags/tutorial.py
[2024-07-06T22:02:52.356+0700] {processor.py:840} INFO - DAG(s) 'tutorial' retrieved from /home/acer/.local/share/virtualenvs/custom_airflow-E5ZHcY_K/lib/python3.12/site-packages/airflow/example_dags/tutorial.py
[2024-07-06T22:02:52.371+0700] {logging_mixin.py:188} INFO - [2024-07-06T22:02:52.370+0700] {dag.py:3096} INFO - Sync 1 DAGs
[2024-07-06T22:02:52.391+0700] {logging_mixin.py:188} INFO - [2024-07-06T22:02:52.391+0700] {dag.py:3954} INFO - Setting next_dagrun for tutorial to 2024-07-05 00:00:00+00:00, run_after=2024-07-06 00:00:00+00:00
[2024-07-06T22:02:52.412+0700] {processor.py:183} INFO - Processing /home/acer/.local/share/virtualenvs/custom_airflow-E5ZHcY_K/lib/python3.12/site-packages/airflow/example_dags/tutorial.py took 0.070 seconds
[2024-07-06T22:03:44.214+0700] {processor.py:161} INFO - Started process (PID=16554) to work on /home/acer/.local/share/virtualenvs/custom_airflow-E5ZHcY_K/lib/python3.12/site-packages/airflow/example_dags/tutorial.py
[2024-07-06T22:03:44.216+0700] {processor.py:830} INFO - Processing file /home/acer/.local/share/virtualenvs/custom_airflow-E5ZHcY_K/lib/python3.12/site-packages/airflow/example_dags/tutorial.py for tasks to queue
[2024-07-06T22:03:44.220+0700] {logging_mixin.py:188} INFO - [2024-07-06T22:03:44.219+0700] {dagbag.py:545} INFO - Filling up the DagBag from /home/acer/.local/share/virtualenvs/custom_airflow-E5ZHcY_K/lib/python3.12/site-packages/airflow/example_dags/tutorial.py
[2024-07-06T22:03:44.229+0700] {processor.py:840} INFO - DAG(s) 'tutorial' retrieved from /home/acer/.local/share/virtualenvs/custom_airflow-E5ZHcY_K/lib/python3.12/site-packages/airflow/example_dags/tutorial.py
[2024-07-06T22:03:44.245+0700] {logging_mixin.py:188} INFO - [2024-07-06T22:03:44.245+0700] {dag.py:3096} INFO - Sync 1 DAGs
[2024-07-06T22:03:44.266+0700] {logging_mixin.py:188} INFO - [2024-07-06T22:03:44.266+0700] {dag.py:3954} INFO - Setting next_dagrun for tutorial to 2024-07-05 00:00:00+00:00, run_after=2024-07-06 00:00:00+00:00
[2024-07-06T22:03:44.287+0700] {processor.py:183} INFO - Processing /home/acer/.local/share/virtualenvs/custom_airflow-E5ZHcY_K/lib/python3.12/site-packages/airflow/example_dags/tutorial.py took 0.089 seconds
[2024-07-06T22:05:12.730+0700] {processor.py:161} INFO - Started process (PID=17601) to work on /home/acer/.local/share/virtualenvs/custom_airflow-E5ZHcY_K/lib/python3.12/site-packages/airflow/example_dags/tutorial.py
[2024-07-06T22:05:12.731+0700] {processor.py:830} INFO - Processing file /home/acer/.local/share/virtualenvs/custom_airflow-E5ZHcY_K/lib/python3.12/site-packages/airflow/example_dags/tutorial.py for tasks to queue
[2024-07-06T22:05:12.733+0700] {logging_mixin.py:188} INFO - [2024-07-06T22:05:12.733+0700] {dagbag.py:545} INFO - Filling up the DagBag from /home/acer/.local/share/virtualenvs/custom_airflow-E5ZHcY_K/lib/python3.12/site-packages/airflow/example_dags/tutorial.py
[2024-07-06T22:05:12.739+0700] {processor.py:840} INFO - DAG(s) 'tutorial' retrieved from /home/acer/.local/share/virtualenvs/custom_airflow-E5ZHcY_K/lib/python3.12/site-packages/airflow/example_dags/tutorial.py
[2024-07-06T22:05:12.755+0700] {logging_mixin.py:188} INFO - [2024-07-06T22:05:12.755+0700] {dag.py:3096} INFO - Sync 1 DAGs
[2024-07-06T22:05:12.775+0700] {logging_mixin.py:188} INFO - [2024-07-06T22:05:12.775+0700] {dag.py:3954} INFO - Setting next_dagrun for tutorial to 2024-07-05 00:00:00+00:00, run_after=2024-07-06 00:00:00+00:00
[2024-07-06T22:05:12.797+0700] {processor.py:183} INFO - Processing /home/acer/.local/share/virtualenvs/custom_airflow-E5ZHcY_K/lib/python3.12/site-packages/airflow/example_dags/tutorial.py took 0.072 seconds
[2024-07-06T22:06:04.555+0700] {processor.py:161} INFO - Started process (PID=17861) to work on /home/acer/.local/share/virtualenvs/custom_airflow-E5ZHcY_K/lib/python3.12/site-packages/airflow/example_dags/tutorial.py
[2024-07-06T22:06:04.558+0700] {processor.py:830} INFO - Processing file /home/acer/.local/share/virtualenvs/custom_airflow-E5ZHcY_K/lib/python3.12/site-packages/airflow/example_dags/tutorial.py for tasks to queue
[2024-07-06T22:06:04.562+0700] {logging_mixin.py:188} INFO - [2024-07-06T22:06:04.561+0700] {dagbag.py:545} INFO - Filling up the DagBag from /home/acer/.local/share/virtualenvs/custom_airflow-E5ZHcY_K/lib/python3.12/site-packages/airflow/example_dags/tutorial.py
[2024-07-06T22:06:04.571+0700] {processor.py:840} INFO - DAG(s) 'tutorial' retrieved from /home/acer/.local/share/virtualenvs/custom_airflow-E5ZHcY_K/lib/python3.12/site-packages/airflow/example_dags/tutorial.py
[2024-07-06T22:06:04.588+0700] {logging_mixin.py:188} INFO - [2024-07-06T22:06:04.588+0700] {dag.py:3096} INFO - Sync 1 DAGs
[2024-07-06T22:06:04.608+0700] {logging_mixin.py:188} INFO - [2024-07-06T22:06:04.608+0700] {dag.py:3954} INFO - Setting next_dagrun for tutorial to 2024-07-05 00:00:00+00:00, run_after=2024-07-06 00:00:00+00:00
[2024-07-06T22:06:04.629+0700] {processor.py:183} INFO - Processing /home/acer/.local/share/virtualenvs/custom_airflow-E5ZHcY_K/lib/python3.12/site-packages/airflow/example_dags/tutorial.py took 0.093 seconds
[2024-07-06T22:06:53.777+0700] {processor.py:161} INFO - Started process (PID=18287) to work on /home/acer/.local/share/virtualenvs/custom_airflow-E5ZHcY_K/lib/python3.12/site-packages/airflow/example_dags/tutorial.py
[2024-07-06T22:06:53.783+0700] {processor.py:830} INFO - Processing file /home/acer/.local/share/virtualenvs/custom_airflow-E5ZHcY_K/lib/python3.12/site-packages/airflow/example_dags/tutorial.py for tasks to queue
[2024-07-06T22:06:53.789+0700] {logging_mixin.py:188} INFO - [2024-07-06T22:06:53.788+0700] {dagbag.py:545} INFO - Filling up the DagBag from /home/acer/.local/share/virtualenvs/custom_airflow-E5ZHcY_K/lib/python3.12/site-packages/airflow/example_dags/tutorial.py
[2024-07-06T22:06:53.805+0700] {processor.py:840} INFO - DAG(s) 'tutorial' retrieved from /home/acer/.local/share/virtualenvs/custom_airflow-E5ZHcY_K/lib/python3.12/site-packages/airflow/example_dags/tutorial.py
[2024-07-06T22:06:53.836+0700] {logging_mixin.py:188} INFO - [2024-07-06T22:06:53.835+0700] {dag.py:3096} INFO - Sync 1 DAGs
[2024-07-06T22:06:53.875+0700] {logging_mixin.py:188} INFO - [2024-07-06T22:06:53.875+0700] {dag.py:3954} INFO - Setting next_dagrun for tutorial to 2024-07-05 00:00:00+00:00, run_after=2024-07-06 00:00:00+00:00
[2024-07-06T22:06:53.918+0700] {processor.py:183} INFO - Processing /home/acer/.local/share/virtualenvs/custom_airflow-E5ZHcY_K/lib/python3.12/site-packages/airflow/example_dags/tutorial.py took 0.167 seconds
[2024-07-06T22:07:47.816+0700] {processor.py:161} INFO - Started process (PID=18663) to work on /home/acer/.local/share/virtualenvs/custom_airflow-E5ZHcY_K/lib/python3.12/site-packages/airflow/example_dags/tutorial.py
[2024-07-06T22:07:47.818+0700] {processor.py:830} INFO - Processing file /home/acer/.local/share/virtualenvs/custom_airflow-E5ZHcY_K/lib/python3.12/site-packages/airflow/example_dags/tutorial.py for tasks to queue
[2024-07-06T22:07:47.821+0700] {logging_mixin.py:188} INFO - [2024-07-06T22:07:47.820+0700] {dagbag.py:545} INFO - Filling up the DagBag from /home/acer/.local/share/virtualenvs/custom_airflow-E5ZHcY_K/lib/python3.12/site-packages/airflow/example_dags/tutorial.py
[2024-07-06T22:07:47.827+0700] {processor.py:840} INFO - DAG(s) 'tutorial' retrieved from /home/acer/.local/share/virtualenvs/custom_airflow-E5ZHcY_K/lib/python3.12/site-packages/airflow/example_dags/tutorial.py
[2024-07-06T22:07:47.845+0700] {logging_mixin.py:188} INFO - [2024-07-06T22:07:47.845+0700] {dag.py:3096} INFO - Sync 1 DAGs
[2024-07-06T22:07:47.875+0700] {logging_mixin.py:188} INFO - [2024-07-06T22:07:47.875+0700] {dag.py:3954} INFO - Setting next_dagrun for tutorial to 2024-07-05 00:00:00+00:00, run_after=2024-07-06 00:00:00+00:00
[2024-07-06T22:07:47.903+0700] {processor.py:183} INFO - Processing /home/acer/.local/share/virtualenvs/custom_airflow-E5ZHcY_K/lib/python3.12/site-packages/airflow/example_dags/tutorial.py took 0.092 seconds
[2024-07-06T22:08:43.446+0700] {processor.py:161} INFO - Started process (PID=18946) to work on /home/acer/.local/share/virtualenvs/custom_airflow-E5ZHcY_K/lib/python3.12/site-packages/airflow/example_dags/tutorial.py
[2024-07-06T22:08:43.448+0700] {processor.py:830} INFO - Processing file /home/acer/.local/share/virtualenvs/custom_airflow-E5ZHcY_K/lib/python3.12/site-packages/airflow/example_dags/tutorial.py for tasks to queue
[2024-07-06T22:08:43.455+0700] {logging_mixin.py:188} INFO - [2024-07-06T22:08:43.454+0700] {dagbag.py:545} INFO - Filling up the DagBag from /home/acer/.local/share/virtualenvs/custom_airflow-E5ZHcY_K/lib/python3.12/site-packages/airflow/example_dags/tutorial.py
[2024-07-06T22:08:43.470+0700] {processor.py:840} INFO - DAG(s) 'tutorial' retrieved from /home/acer/.local/share/virtualenvs/custom_airflow-E5ZHcY_K/lib/python3.12/site-packages/airflow/example_dags/tutorial.py
[2024-07-06T22:08:43.491+0700] {logging_mixin.py:188} INFO - [2024-07-06T22:08:43.490+0700] {dag.py:3096} INFO - Sync 1 DAGs
[2024-07-06T22:08:43.520+0700] {logging_mixin.py:188} INFO - [2024-07-06T22:08:43.520+0700] {dag.py:3954} INFO - Setting next_dagrun for tutorial to 2024-07-05 00:00:00+00:00, run_after=2024-07-06 00:00:00+00:00
[2024-07-06T22:08:43.551+0700] {processor.py:183} INFO - Processing /home/acer/.local/share/virtualenvs/custom_airflow-E5ZHcY_K/lib/python3.12/site-packages/airflow/example_dags/tutorial.py took 0.122 seconds
[2024-07-06T22:09:39.132+0700] {processor.py:161} INFO - Started process (PID=19258) to work on /home/acer/.local/share/virtualenvs/custom_airflow-E5ZHcY_K/lib/python3.12/site-packages/airflow/example_dags/tutorial.py
[2024-07-06T22:09:39.134+0700] {processor.py:830} INFO - Processing file /home/acer/.local/share/virtualenvs/custom_airflow-E5ZHcY_K/lib/python3.12/site-packages/airflow/example_dags/tutorial.py for tasks to queue
[2024-07-06T22:09:39.137+0700] {logging_mixin.py:188} INFO - [2024-07-06T22:09:39.136+0700] {dagbag.py:545} INFO - Filling up the DagBag from /home/acer/.local/share/virtualenvs/custom_airflow-E5ZHcY_K/lib/python3.12/site-packages/airflow/example_dags/tutorial.py
[2024-07-06T22:09:39.151+0700] {processor.py:840} INFO - DAG(s) 'tutorial' retrieved from /home/acer/.local/share/virtualenvs/custom_airflow-E5ZHcY_K/lib/python3.12/site-packages/airflow/example_dags/tutorial.py
[2024-07-06T22:09:39.180+0700] {logging_mixin.py:188} INFO - [2024-07-06T22:09:39.179+0700] {dag.py:3096} INFO - Sync 1 DAGs
[2024-07-06T22:09:39.223+0700] {logging_mixin.py:188} INFO - [2024-07-06T22:09:39.222+0700] {dag.py:3954} INFO - Setting next_dagrun for tutorial to 2024-07-05 00:00:00+00:00, run_after=2024-07-06 00:00:00+00:00
[2024-07-06T22:09:39.256+0700] {processor.py:183} INFO - Processing /home/acer/.local/share/virtualenvs/custom_airflow-E5ZHcY_K/lib/python3.12/site-packages/airflow/example_dags/tutorial.py took 0.133 seconds
[2024-07-06T22:10:42.232+0700] {processor.py:161} INFO - Started process (PID=19647) to work on /home/acer/.local/share/virtualenvs/custom_airflow-E5ZHcY_K/lib/python3.12/site-packages/airflow/example_dags/tutorial.py
[2024-07-06T22:10:42.234+0700] {processor.py:830} INFO - Processing file /home/acer/.local/share/virtualenvs/custom_airflow-E5ZHcY_K/lib/python3.12/site-packages/airflow/example_dags/tutorial.py for tasks to queue
[2024-07-06T22:10:42.237+0700] {logging_mixin.py:188} INFO - [2024-07-06T22:10:42.236+0700] {dagbag.py:545} INFO - Filling up the DagBag from /home/acer/.local/share/virtualenvs/custom_airflow-E5ZHcY_K/lib/python3.12/site-packages/airflow/example_dags/tutorial.py
[2024-07-06T22:10:42.244+0700] {processor.py:840} INFO - DAG(s) 'tutorial' retrieved from /home/acer/.local/share/virtualenvs/custom_airflow-E5ZHcY_K/lib/python3.12/site-packages/airflow/example_dags/tutorial.py
[2024-07-06T22:10:42.259+0700] {logging_mixin.py:188} INFO - [2024-07-06T22:10:42.259+0700] {dag.py:3096} INFO - Sync 1 DAGs
[2024-07-06T22:10:42.279+0700] {logging_mixin.py:188} INFO - [2024-07-06T22:10:42.279+0700] {dag.py:3954} INFO - Setting next_dagrun for tutorial to 2024-07-05 00:00:00+00:00, run_after=2024-07-06 00:00:00+00:00
[2024-07-06T22:10:42.300+0700] {processor.py:183} INFO - Processing /home/acer/.local/share/virtualenvs/custom_airflow-E5ZHcY_K/lib/python3.12/site-packages/airflow/example_dags/tutorial.py took 0.077 seconds
[2024-07-06T22:11:45.671+0700] {processor.py:161} INFO - Started process (PID=19975) to work on /home/acer/.local/share/virtualenvs/custom_airflow-E5ZHcY_K/lib/python3.12/site-packages/airflow/example_dags/tutorial.py
[2024-07-06T22:11:45.672+0700] {processor.py:830} INFO - Processing file /home/acer/.local/share/virtualenvs/custom_airflow-E5ZHcY_K/lib/python3.12/site-packages/airflow/example_dags/tutorial.py for tasks to queue
[2024-07-06T22:11:45.676+0700] {logging_mixin.py:188} INFO - [2024-07-06T22:11:45.675+0700] {dagbag.py:545} INFO - Filling up the DagBag from /home/acer/.local/share/virtualenvs/custom_airflow-E5ZHcY_K/lib/python3.12/site-packages/airflow/example_dags/tutorial.py
[2024-07-06T22:11:45.688+0700] {processor.py:840} INFO - DAG(s) 'tutorial' retrieved from /home/acer/.local/share/virtualenvs/custom_airflow-E5ZHcY_K/lib/python3.12/site-packages/airflow/example_dags/tutorial.py
[2024-07-06T22:11:45.707+0700] {logging_mixin.py:188} INFO - [2024-07-06T22:11:45.707+0700] {dag.py:3096} INFO - Sync 1 DAGs
[2024-07-06T22:11:45.734+0700] {logging_mixin.py:188} INFO - [2024-07-06T22:11:45.734+0700] {dag.py:3954} INFO - Setting next_dagrun for tutorial to 2024-07-05 00:00:00+00:00, run_after=2024-07-06 00:00:00+00:00
[2024-07-06T22:11:45.766+0700] {processor.py:183} INFO - Processing /home/acer/.local/share/virtualenvs/custom_airflow-E5ZHcY_K/lib/python3.12/site-packages/airflow/example_dags/tutorial.py took 0.109 seconds
[2024-07-06T22:12:45.475+0700] {processor.py:161} INFO - Started process (PID=20288) to work on /home/acer/.local/share/virtualenvs/custom_airflow-E5ZHcY_K/lib/python3.12/site-packages/airflow/example_dags/tutorial.py
[2024-07-06T22:12:45.477+0700] {processor.py:830} INFO - Processing file /home/acer/.local/share/virtualenvs/custom_airflow-E5ZHcY_K/lib/python3.12/site-packages/airflow/example_dags/tutorial.py for tasks to queue
[2024-07-06T22:12:45.480+0700] {logging_mixin.py:188} INFO - [2024-07-06T22:12:45.479+0700] {dagbag.py:545} INFO - Filling up the DagBag from /home/acer/.local/share/virtualenvs/custom_airflow-E5ZHcY_K/lib/python3.12/site-packages/airflow/example_dags/tutorial.py
[2024-07-06T22:12:45.488+0700] {processor.py:840} INFO - DAG(s) 'tutorial' retrieved from /home/acer/.local/share/virtualenvs/custom_airflow-E5ZHcY_K/lib/python3.12/site-packages/airflow/example_dags/tutorial.py
[2024-07-06T22:12:45.507+0700] {logging_mixin.py:188} INFO - [2024-07-06T22:12:45.507+0700] {dag.py:3096} INFO - Sync 1 DAGs
[2024-07-06T22:12:45.533+0700] {logging_mixin.py:188} INFO - [2024-07-06T22:12:45.533+0700] {dag.py:3954} INFO - Setting next_dagrun for tutorial to 2024-07-05 00:00:00+00:00, run_after=2024-07-06 00:00:00+00:00
[2024-07-06T22:12:45.561+0700] {processor.py:183} INFO - Processing /home/acer/.local/share/virtualenvs/custom_airflow-E5ZHcY_K/lib/python3.12/site-packages/airflow/example_dags/tutorial.py took 0.100 seconds
[2024-07-06T22:13:44.533+0700] {processor.py:161} INFO - Started process (PID=20669) to work on /home/acer/.local/share/virtualenvs/custom_airflow-E5ZHcY_K/lib/python3.12/site-packages/airflow/example_dags/tutorial.py
[2024-07-06T22:13:44.535+0700] {processor.py:830} INFO - Processing file /home/acer/.local/share/virtualenvs/custom_airflow-E5ZHcY_K/lib/python3.12/site-packages/airflow/example_dags/tutorial.py for tasks to queue
[2024-07-06T22:13:44.537+0700] {logging_mixin.py:188} INFO - [2024-07-06T22:13:44.537+0700] {dagbag.py:545} INFO - Filling up the DagBag from /home/acer/.local/share/virtualenvs/custom_airflow-E5ZHcY_K/lib/python3.12/site-packages/airflow/example_dags/tutorial.py
[2024-07-06T22:13:44.544+0700] {processor.py:840} INFO - DAG(s) 'tutorial' retrieved from /home/acer/.local/share/virtualenvs/custom_airflow-E5ZHcY_K/lib/python3.12/site-packages/airflow/example_dags/tutorial.py
[2024-07-06T22:13:44.571+0700] {logging_mixin.py:188} INFO - [2024-07-06T22:13:44.571+0700] {dag.py:3096} INFO - Sync 1 DAGs
[2024-07-06T22:13:44.604+0700] {logging_mixin.py:188} INFO - [2024-07-06T22:13:44.603+0700] {dag.py:3954} INFO - Setting next_dagrun for tutorial to 2024-07-05 00:00:00+00:00, run_after=2024-07-06 00:00:00+00:00
[2024-07-06T22:13:44.643+0700] {processor.py:183} INFO - Processing /home/acer/.local/share/virtualenvs/custom_airflow-E5ZHcY_K/lib/python3.12/site-packages/airflow/example_dags/tutorial.py took 0.120 seconds
[2024-07-06T22:14:44.360+0700] {processor.py:161} INFO - Started process (PID=20998) to work on /home/acer/.local/share/virtualenvs/custom_airflow-E5ZHcY_K/lib/python3.12/site-packages/airflow/example_dags/tutorial.py
[2024-07-06T22:14:44.362+0700] {processor.py:830} INFO - Processing file /home/acer/.local/share/virtualenvs/custom_airflow-E5ZHcY_K/lib/python3.12/site-packages/airflow/example_dags/tutorial.py for tasks to queue
[2024-07-06T22:14:44.366+0700] {logging_mixin.py:188} INFO - [2024-07-06T22:14:44.365+0700] {dagbag.py:545} INFO - Filling up the DagBag from /home/acer/.local/share/virtualenvs/custom_airflow-E5ZHcY_K/lib/python3.12/site-packages/airflow/example_dags/tutorial.py
[2024-07-06T22:14:44.379+0700] {processor.py:840} INFO - DAG(s) 'tutorial' retrieved from /home/acer/.local/share/virtualenvs/custom_airflow-E5ZHcY_K/lib/python3.12/site-packages/airflow/example_dags/tutorial.py
[2024-07-06T22:14:44.403+0700] {logging_mixin.py:188} INFO - [2024-07-06T22:14:44.403+0700] {dag.py:3096} INFO - Sync 1 DAGs
[2024-07-06T22:14:44.438+0700] {logging_mixin.py:188} INFO - [2024-07-06T22:14:44.437+0700] {dag.py:3954} INFO - Setting next_dagrun for tutorial to 2024-07-05 00:00:00+00:00, run_after=2024-07-06 00:00:00+00:00
[2024-07-06T22:14:44.469+0700] {processor.py:183} INFO - Processing /home/acer/.local/share/virtualenvs/custom_airflow-E5ZHcY_K/lib/python3.12/site-packages/airflow/example_dags/tutorial.py took 0.121 seconds
[2024-07-06T22:15:48.759+0700] {processor.py:161} INFO - Started process (PID=21389) to work on /home/acer/.local/share/virtualenvs/custom_airflow-E5ZHcY_K/lib/python3.12/site-packages/airflow/example_dags/tutorial.py
[2024-07-06T22:15:48.761+0700] {processor.py:830} INFO - Processing file /home/acer/.local/share/virtualenvs/custom_airflow-E5ZHcY_K/lib/python3.12/site-packages/airflow/example_dags/tutorial.py for tasks to queue
[2024-07-06T22:15:48.763+0700] {logging_mixin.py:188} INFO - [2024-07-06T22:15:48.763+0700] {dagbag.py:545} INFO - Filling up the DagBag from /home/acer/.local/share/virtualenvs/custom_airflow-E5ZHcY_K/lib/python3.12/site-packages/airflow/example_dags/tutorial.py
[2024-07-06T22:15:48.772+0700] {processor.py:840} INFO - DAG(s) 'tutorial' retrieved from /home/acer/.local/share/virtualenvs/custom_airflow-E5ZHcY_K/lib/python3.12/site-packages/airflow/example_dags/tutorial.py
[2024-07-06T22:15:48.794+0700] {logging_mixin.py:188} INFO - [2024-07-06T22:15:48.794+0700] {dag.py:3096} INFO - Sync 1 DAGs
[2024-07-06T22:15:48.826+0700] {logging_mixin.py:188} INFO - [2024-07-06T22:15:48.826+0700] {dag.py:3954} INFO - Setting next_dagrun for tutorial to 2024-07-05 00:00:00+00:00, run_after=2024-07-06 00:00:00+00:00
[2024-07-06T22:15:48.855+0700] {processor.py:183} INFO - Processing /home/acer/.local/share/virtualenvs/custom_airflow-E5ZHcY_K/lib/python3.12/site-packages/airflow/example_dags/tutorial.py took 0.110 seconds
[2024-07-06T22:16:44.746+0700] {processor.py:161} INFO - Started process (PID=21675) to work on /home/acer/.local/share/virtualenvs/custom_airflow-E5ZHcY_K/lib/python3.12/site-packages/airflow/example_dags/tutorial.py
[2024-07-06T22:16:44.748+0700] {processor.py:830} INFO - Processing file /home/acer/.local/share/virtualenvs/custom_airflow-E5ZHcY_K/lib/python3.12/site-packages/airflow/example_dags/tutorial.py for tasks to queue
[2024-07-06T22:16:44.751+0700] {logging_mixin.py:188} INFO - [2024-07-06T22:16:44.750+0700] {dagbag.py:545} INFO - Filling up the DagBag from /home/acer/.local/share/virtualenvs/custom_airflow-E5ZHcY_K/lib/python3.12/site-packages/airflow/example_dags/tutorial.py
[2024-07-06T22:16:44.761+0700] {processor.py:840} INFO - DAG(s) 'tutorial' retrieved from /home/acer/.local/share/virtualenvs/custom_airflow-E5ZHcY_K/lib/python3.12/site-packages/airflow/example_dags/tutorial.py
[2024-07-06T22:16:44.784+0700] {logging_mixin.py:188} INFO - [2024-07-06T22:16:44.784+0700] {dag.py:3096} INFO - Sync 1 DAGs
[2024-07-06T22:16:44.817+0700] {logging_mixin.py:188} INFO - [2024-07-06T22:16:44.817+0700] {dag.py:3954} INFO - Setting next_dagrun for tutorial to 2024-07-05 00:00:00+00:00, run_after=2024-07-06 00:00:00+00:00
[2024-07-06T22:16:44.847+0700] {processor.py:183} INFO - Processing /home/acer/.local/share/virtualenvs/custom_airflow-E5ZHcY_K/lib/python3.12/site-packages/airflow/example_dags/tutorial.py took 0.113 seconds
[2024-07-06T22:17:39.133+0700] {processor.py:161} INFO - Started process (PID=21977) to work on /home/acer/.local/share/virtualenvs/custom_airflow-E5ZHcY_K/lib/python3.12/site-packages/airflow/example_dags/tutorial.py
[2024-07-06T22:17:39.135+0700] {processor.py:830} INFO - Processing file /home/acer/.local/share/virtualenvs/custom_airflow-E5ZHcY_K/lib/python3.12/site-packages/airflow/example_dags/tutorial.py for tasks to queue
[2024-07-06T22:17:39.140+0700] {logging_mixin.py:188} INFO - [2024-07-06T22:17:39.139+0700] {dagbag.py:545} INFO - Filling up the DagBag from /home/acer/.local/share/virtualenvs/custom_airflow-E5ZHcY_K/lib/python3.12/site-packages/airflow/example_dags/tutorial.py
[2024-07-06T22:17:39.147+0700] {processor.py:840} INFO - DAG(s) 'tutorial' retrieved from /home/acer/.local/share/virtualenvs/custom_airflow-E5ZHcY_K/lib/python3.12/site-packages/airflow/example_dags/tutorial.py
[2024-07-06T22:17:39.167+0700] {logging_mixin.py:188} INFO - [2024-07-06T22:17:39.167+0700] {dag.py:3096} INFO - Sync 1 DAGs
[2024-07-06T22:17:39.194+0700] {logging_mixin.py:188} INFO - [2024-07-06T22:17:39.194+0700] {dag.py:3954} INFO - Setting next_dagrun for tutorial to 2024-07-05 00:00:00+00:00, run_after=2024-07-06 00:00:00+00:00
[2024-07-06T22:17:39.322+0700] {processor.py:183} INFO - Processing /home/acer/.local/share/virtualenvs/custom_airflow-E5ZHcY_K/lib/python3.12/site-packages/airflow/example_dags/tutorial.py took 0.199 seconds
[2024-07-06T22:18:43.602+0700] {processor.py:161} INFO - Started process (PID=22318) to work on /home/acer/.local/share/virtualenvs/custom_airflow-E5ZHcY_K/lib/python3.12/site-packages/airflow/example_dags/tutorial.py
[2024-07-06T22:18:43.603+0700] {processor.py:830} INFO - Processing file /home/acer/.local/share/virtualenvs/custom_airflow-E5ZHcY_K/lib/python3.12/site-packages/airflow/example_dags/tutorial.py for tasks to queue
[2024-07-06T22:18:43.605+0700] {logging_mixin.py:188} INFO - [2024-07-06T22:18:43.605+0700] {dagbag.py:545} INFO - Filling up the DagBag from /home/acer/.local/share/virtualenvs/custom_airflow-E5ZHcY_K/lib/python3.12/site-packages/airflow/example_dags/tutorial.py
[2024-07-06T22:18:43.613+0700] {processor.py:840} INFO - DAG(s) 'tutorial' retrieved from /home/acer/.local/share/virtualenvs/custom_airflow-E5ZHcY_K/lib/python3.12/site-packages/airflow/example_dags/tutorial.py
[2024-07-06T22:18:43.635+0700] {logging_mixin.py:188} INFO - [2024-07-06T22:18:43.635+0700] {dag.py:3096} INFO - Sync 1 DAGs
[2024-07-06T22:18:43.669+0700] {logging_mixin.py:188} INFO - [2024-07-06T22:18:43.669+0700] {dag.py:3954} INFO - Setting next_dagrun for tutorial to 2024-07-05 00:00:00+00:00, run_after=2024-07-06 00:00:00+00:00
[2024-07-06T22:18:43.701+0700] {processor.py:183} INFO - Processing /home/acer/.local/share/virtualenvs/custom_airflow-E5ZHcY_K/lib/python3.12/site-packages/airflow/example_dags/tutorial.py took 0.106 seconds
[2024-07-06T22:19:44.229+0700] {processor.py:161} INFO - Started process (PID=22648) to work on /home/acer/.local/share/virtualenvs/custom_airflow-E5ZHcY_K/lib/python3.12/site-packages/airflow/example_dags/tutorial.py
[2024-07-06T22:19:44.231+0700] {processor.py:830} INFO - Processing file /home/acer/.local/share/virtualenvs/custom_airflow-E5ZHcY_K/lib/python3.12/site-packages/airflow/example_dags/tutorial.py for tasks to queue
[2024-07-06T22:19:44.234+0700] {logging_mixin.py:188} INFO - [2024-07-06T22:19:44.233+0700] {dagbag.py:545} INFO - Filling up the DagBag from /home/acer/.local/share/virtualenvs/custom_airflow-E5ZHcY_K/lib/python3.12/site-packages/airflow/example_dags/tutorial.py
[2024-07-06T22:19:44.244+0700] {processor.py:840} INFO - DAG(s) 'tutorial' retrieved from /home/acer/.local/share/virtualenvs/custom_airflow-E5ZHcY_K/lib/python3.12/site-packages/airflow/example_dags/tutorial.py
[2024-07-06T22:19:44.272+0700] {logging_mixin.py:188} INFO - [2024-07-06T22:19:44.272+0700] {dag.py:3096} INFO - Sync 1 DAGs
[2024-07-06T22:19:44.316+0700] {logging_mixin.py:188} INFO - [2024-07-06T22:19:44.315+0700] {dag.py:3954} INFO - Setting next_dagrun for tutorial to 2024-07-05 00:00:00+00:00, run_after=2024-07-06 00:00:00+00:00
[2024-07-06T22:19:44.386+0700] {processor.py:183} INFO - Processing /home/acer/.local/share/virtualenvs/custom_airflow-E5ZHcY_K/lib/python3.12/site-packages/airflow/example_dags/tutorial.py took 0.167 seconds
[2024-07-06T22:20:45.506+0700] {processor.py:161} INFO - Started process (PID=22957) to work on /home/acer/.local/share/virtualenvs/custom_airflow-E5ZHcY_K/lib/python3.12/site-packages/airflow/example_dags/tutorial.py
[2024-07-06T22:20:45.508+0700] {processor.py:830} INFO - Processing file /home/acer/.local/share/virtualenvs/custom_airflow-E5ZHcY_K/lib/python3.12/site-packages/airflow/example_dags/tutorial.py for tasks to queue
[2024-07-06T22:20:45.511+0700] {logging_mixin.py:188} INFO - [2024-07-06T22:20:45.510+0700] {dagbag.py:545} INFO - Filling up the DagBag from /home/acer/.local/share/virtualenvs/custom_airflow-E5ZHcY_K/lib/python3.12/site-packages/airflow/example_dags/tutorial.py
[2024-07-06T22:20:45.521+0700] {processor.py:840} INFO - DAG(s) 'tutorial' retrieved from /home/acer/.local/share/virtualenvs/custom_airflow-E5ZHcY_K/lib/python3.12/site-packages/airflow/example_dags/tutorial.py
[2024-07-06T22:20:45.542+0700] {logging_mixin.py:188} INFO - [2024-07-06T22:20:45.542+0700] {dag.py:3096} INFO - Sync 1 DAGs
[2024-07-06T22:20:45.670+0700] {logging_mixin.py:188} INFO - [2024-07-06T22:20:45.670+0700] {dag.py:3954} INFO - Setting next_dagrun for tutorial to 2024-07-05 00:00:00+00:00, run_after=2024-07-06 00:00:00+00:00
[2024-07-06T22:20:45.695+0700] {processor.py:183} INFO - Processing /home/acer/.local/share/virtualenvs/custom_airflow-E5ZHcY_K/lib/python3.12/site-packages/airflow/example_dags/tutorial.py took 0.203 seconds
