[2024-07-06T16:08:42.640+0700] {processor.py:161} INFO - Started process (PID=51096) to work on /home/acer/.local/share/virtualenvs/custom_airflow-E5ZHcY_K/lib/python3.12/site-packages/airflow/example_dags/tutorial_taskflow_api.py
[2024-07-06T16:08:42.642+0700] {processor.py:830} INFO - Processing file /home/acer/.local/share/virtualenvs/custom_airflow-E5ZHcY_K/lib/python3.12/site-packages/airflow/example_dags/tutorial_taskflow_api.py for tasks to queue
[2024-07-06T16:08:42.647+0700] {logging_mixin.py:188} INFO - [2024-07-06T16:08:42.646+0700] {dagbag.py:545} INFO - Filling up the DagBag from /home/acer/.local/share/virtualenvs/custom_airflow-E5ZHcY_K/lib/python3.12/site-packages/airflow/example_dags/tutorial_taskflow_api.py
[2024-07-06T16:08:42.665+0700] {processor.py:840} INFO - DAG(s) 'tutorial_taskflow_api' retrieved from /home/acer/.local/share/virtualenvs/custom_airflow-E5ZHcY_K/lib/python3.12/site-packages/airflow/example_dags/tutorial_taskflow_api.py
[2024-07-06T16:08:42.813+0700] {logging_mixin.py:188} INFO - [2024-07-06T16:08:42.812+0700] {override.py:1847} INFO - Created Permission View: can delete on DAG:tutorial_taskflow_api
[2024-07-06T16:08:42.824+0700] {logging_mixin.py:188} INFO - [2024-07-06T16:08:42.824+0700] {override.py:1847} INFO - Created Permission View: can edit on DAG:tutorial_taskflow_api
[2024-07-06T16:08:42.833+0700] {logging_mixin.py:188} INFO - [2024-07-06T16:08:42.832+0700] {override.py:1847} INFO - Created Permission View: can read on DAG:tutorial_taskflow_api
[2024-07-06T16:08:42.833+0700] {logging_mixin.py:188} INFO - [2024-07-06T16:08:42.833+0700] {dag.py:3096} INFO - Sync 1 DAGs
[2024-07-06T16:08:42.844+0700] {logging_mixin.py:188} INFO - [2024-07-06T16:08:42.844+0700] {dag.py:3118} INFO - Creating ORM DAG for tutorial_taskflow_api
[2024-07-06T16:08:42.845+0700] {logging_mixin.py:188} INFO - [2024-07-06T16:08:42.844+0700] {dag.py:3954} INFO - Setting next_dagrun for tutorial_taskflow_api to None, run_after=None
[2024-07-06T16:08:42.874+0700] {processor.py:183} INFO - Processing /home/acer/.local/share/virtualenvs/custom_airflow-E5ZHcY_K/lib/python3.12/site-packages/airflow/example_dags/tutorial_taskflow_api.py took 0.269 seconds
[2024-07-06T16:09:44.198+0700] {processor.py:161} INFO - Started process (PID=51548) to work on /home/acer/.local/share/virtualenvs/custom_airflow-E5ZHcY_K/lib/python3.12/site-packages/airflow/example_dags/tutorial_taskflow_api.py
[2024-07-06T16:09:44.200+0700] {processor.py:830} INFO - Processing file /home/acer/.local/share/virtualenvs/custom_airflow-E5ZHcY_K/lib/python3.12/site-packages/airflow/example_dags/tutorial_taskflow_api.py for tasks to queue
[2024-07-06T16:09:44.204+0700] {logging_mixin.py:188} INFO - [2024-07-06T16:09:44.203+0700] {dagbag.py:545} INFO - Filling up the DagBag from /home/acer/.local/share/virtualenvs/custom_airflow-E5ZHcY_K/lib/python3.12/site-packages/airflow/example_dags/tutorial_taskflow_api.py
[2024-07-06T16:09:44.213+0700] {processor.py:840} INFO - DAG(s) 'tutorial_taskflow_api' retrieved from /home/acer/.local/share/virtualenvs/custom_airflow-E5ZHcY_K/lib/python3.12/site-packages/airflow/example_dags/tutorial_taskflow_api.py
[2024-07-06T16:09:44.229+0700] {logging_mixin.py:188} INFO - [2024-07-06T16:09:44.229+0700] {dag.py:3096} INFO - Sync 1 DAGs
[2024-07-06T16:09:44.241+0700] {logging_mixin.py:188} INFO - [2024-07-06T16:09:44.241+0700] {dag.py:3954} INFO - Setting next_dagrun for tutorial_taskflow_api to None, run_after=None
[2024-07-06T16:09:44.264+0700] {processor.py:183} INFO - Processing /home/acer/.local/share/virtualenvs/custom_airflow-E5ZHcY_K/lib/python3.12/site-packages/airflow/example_dags/tutorial_taskflow_api.py took 0.084 seconds
[2024-07-06T16:10:36.609+0700] {processor.py:161} INFO - Started process (PID=52003) to work on /home/acer/.local/share/virtualenvs/custom_airflow-E5ZHcY_K/lib/python3.12/site-packages/airflow/example_dags/tutorial_taskflow_api.py
[2024-07-06T16:10:36.610+0700] {processor.py:830} INFO - Processing file /home/acer/.local/share/virtualenvs/custom_airflow-E5ZHcY_K/lib/python3.12/site-packages/airflow/example_dags/tutorial_taskflow_api.py for tasks to queue
[2024-07-06T16:10:36.612+0700] {logging_mixin.py:188} INFO - [2024-07-06T16:10:36.611+0700] {dagbag.py:545} INFO - Filling up the DagBag from /home/acer/.local/share/virtualenvs/custom_airflow-E5ZHcY_K/lib/python3.12/site-packages/airflow/example_dags/tutorial_taskflow_api.py
[2024-07-06T16:10:36.620+0700] {processor.py:840} INFO - DAG(s) 'tutorial_taskflow_api' retrieved from /home/acer/.local/share/virtualenvs/custom_airflow-E5ZHcY_K/lib/python3.12/site-packages/airflow/example_dags/tutorial_taskflow_api.py
[2024-07-06T16:10:36.643+0700] {logging_mixin.py:188} INFO - [2024-07-06T16:10:36.643+0700] {dag.py:3096} INFO - Sync 1 DAGs
[2024-07-06T16:10:36.657+0700] {logging_mixin.py:188} INFO - [2024-07-06T16:10:36.656+0700] {dag.py:3954} INFO - Setting next_dagrun for tutorial_taskflow_api to None, run_after=None
[2024-07-06T16:10:36.686+0700] {processor.py:183} INFO - Processing /home/acer/.local/share/virtualenvs/custom_airflow-E5ZHcY_K/lib/python3.12/site-packages/airflow/example_dags/tutorial_taskflow_api.py took 0.082 seconds
[2024-07-06T16:11:31.187+0700] {processor.py:161} INFO - Started process (PID=52476) to work on /home/acer/.local/share/virtualenvs/custom_airflow-E5ZHcY_K/lib/python3.12/site-packages/airflow/example_dags/tutorial_taskflow_api.py
[2024-07-06T16:11:31.189+0700] {processor.py:830} INFO - Processing file /home/acer/.local/share/virtualenvs/custom_airflow-E5ZHcY_K/lib/python3.12/site-packages/airflow/example_dags/tutorial_taskflow_api.py for tasks to queue
[2024-07-06T16:11:31.191+0700] {logging_mixin.py:188} INFO - [2024-07-06T16:11:31.190+0700] {dagbag.py:545} INFO - Filling up the DagBag from /home/acer/.local/share/virtualenvs/custom_airflow-E5ZHcY_K/lib/python3.12/site-packages/airflow/example_dags/tutorial_taskflow_api.py
[2024-07-06T16:11:31.200+0700] {processor.py:840} INFO - DAG(s) 'tutorial_taskflow_api' retrieved from /home/acer/.local/share/virtualenvs/custom_airflow-E5ZHcY_K/lib/python3.12/site-packages/airflow/example_dags/tutorial_taskflow_api.py
[2024-07-06T16:11:31.218+0700] {logging_mixin.py:188} INFO - [2024-07-06T16:11:31.217+0700] {dag.py:3096} INFO - Sync 1 DAGs
[2024-07-06T16:11:31.232+0700] {logging_mixin.py:188} INFO - [2024-07-06T16:11:31.232+0700] {dag.py:3954} INFO - Setting next_dagrun for tutorial_taskflow_api to None, run_after=None
[2024-07-06T16:11:31.255+0700] {processor.py:183} INFO - Processing /home/acer/.local/share/virtualenvs/custom_airflow-E5ZHcY_K/lib/python3.12/site-packages/airflow/example_dags/tutorial_taskflow_api.py took 0.076 seconds
[2024-07-06T16:15:32.377+0700] {processor.py:161} INFO - Started process (PID=54530) to work on /home/acer/.local/share/virtualenvs/custom_airflow-E5ZHcY_K/lib/python3.12/site-packages/airflow/example_dags/tutorial_taskflow_api.py
[2024-07-06T16:15:32.380+0700] {processor.py:830} INFO - Processing file /home/acer/.local/share/virtualenvs/custom_airflow-E5ZHcY_K/lib/python3.12/site-packages/airflow/example_dags/tutorial_taskflow_api.py for tasks to queue
[2024-07-06T16:15:32.384+0700] {logging_mixin.py:188} INFO - [2024-07-06T16:15:32.383+0700] {dagbag.py:545} INFO - Filling up the DagBag from /home/acer/.local/share/virtualenvs/custom_airflow-E5ZHcY_K/lib/python3.12/site-packages/airflow/example_dags/tutorial_taskflow_api.py
[2024-07-06T16:15:32.400+0700] {processor.py:840} INFO - DAG(s) 'tutorial_taskflow_api' retrieved from /home/acer/.local/share/virtualenvs/custom_airflow-E5ZHcY_K/lib/python3.12/site-packages/airflow/example_dags/tutorial_taskflow_api.py
[2024-07-06T16:15:32.513+0700] {logging_mixin.py:188} INFO - [2024-07-06T16:15:32.512+0700] {dag.py:3096} INFO - Sync 1 DAGs
[2024-07-06T16:15:32.523+0700] {logging_mixin.py:188} INFO - [2024-07-06T16:15:32.522+0700] {dag.py:3954} INFO - Setting next_dagrun for tutorial_taskflow_api to None, run_after=None
[2024-07-06T16:15:32.543+0700] {processor.py:183} INFO - Processing /home/acer/.local/share/virtualenvs/custom_airflow-E5ZHcY_K/lib/python3.12/site-packages/airflow/example_dags/tutorial_taskflow_api.py took 0.184 seconds
[2024-07-06T16:16:33.878+0700] {processor.py:161} INFO - Started process (PID=55245) to work on /home/acer/.local/share/virtualenvs/custom_airflow-E5ZHcY_K/lib/python3.12/site-packages/airflow/example_dags/tutorial_taskflow_api.py
[2024-07-06T16:16:33.879+0700] {processor.py:830} INFO - Processing file /home/acer/.local/share/virtualenvs/custom_airflow-E5ZHcY_K/lib/python3.12/site-packages/airflow/example_dags/tutorial_taskflow_api.py for tasks to queue
[2024-07-06T16:16:33.881+0700] {logging_mixin.py:188} INFO - [2024-07-06T16:16:33.880+0700] {dagbag.py:545} INFO - Filling up the DagBag from /home/acer/.local/share/virtualenvs/custom_airflow-E5ZHcY_K/lib/python3.12/site-packages/airflow/example_dags/tutorial_taskflow_api.py
[2024-07-06T16:16:33.887+0700] {processor.py:840} INFO - DAG(s) 'tutorial_taskflow_api' retrieved from /home/acer/.local/share/virtualenvs/custom_airflow-E5ZHcY_K/lib/python3.12/site-packages/airflow/example_dags/tutorial_taskflow_api.py
[2024-07-06T16:16:33.902+0700] {logging_mixin.py:188} INFO - [2024-07-06T16:16:33.902+0700] {dag.py:3096} INFO - Sync 1 DAGs
[2024-07-06T16:16:33.915+0700] {logging_mixin.py:188} INFO - [2024-07-06T16:16:33.915+0700] {dag.py:3954} INFO - Setting next_dagrun for tutorial_taskflow_api to None, run_after=None
[2024-07-06T16:16:33.936+0700] {processor.py:183} INFO - Processing /home/acer/.local/share/virtualenvs/custom_airflow-E5ZHcY_K/lib/python3.12/site-packages/airflow/example_dags/tutorial_taskflow_api.py took 0.064 seconds
[2024-07-06T16:17:26.458+0700] {processor.py:161} INFO - Started process (PID=55696) to work on /home/acer/.local/share/virtualenvs/custom_airflow-E5ZHcY_K/lib/python3.12/site-packages/airflow/example_dags/tutorial_taskflow_api.py
[2024-07-06T16:17:26.460+0700] {processor.py:830} INFO - Processing file /home/acer/.local/share/virtualenvs/custom_airflow-E5ZHcY_K/lib/python3.12/site-packages/airflow/example_dags/tutorial_taskflow_api.py for tasks to queue
[2024-07-06T16:17:26.464+0700] {logging_mixin.py:188} INFO - [2024-07-06T16:17:26.463+0700] {dagbag.py:545} INFO - Filling up the DagBag from /home/acer/.local/share/virtualenvs/custom_airflow-E5ZHcY_K/lib/python3.12/site-packages/airflow/example_dags/tutorial_taskflow_api.py
[2024-07-06T16:17:26.480+0700] {processor.py:840} INFO - DAG(s) 'tutorial_taskflow_api' retrieved from /home/acer/.local/share/virtualenvs/custom_airflow-E5ZHcY_K/lib/python3.12/site-packages/airflow/example_dags/tutorial_taskflow_api.py
[2024-07-06T16:17:26.504+0700] {logging_mixin.py:188} INFO - [2024-07-06T16:17:26.504+0700] {dag.py:3096} INFO - Sync 1 DAGs
[2024-07-06T16:17:26.521+0700] {logging_mixin.py:188} INFO - [2024-07-06T16:17:26.521+0700] {dag.py:3954} INFO - Setting next_dagrun for tutorial_taskflow_api to None, run_after=None
[2024-07-06T16:17:26.548+0700] {processor.py:183} INFO - Processing /home/acer/.local/share/virtualenvs/custom_airflow-E5ZHcY_K/lib/python3.12/site-packages/airflow/example_dags/tutorial_taskflow_api.py took 0.107 seconds
[2024-07-06T16:18:13.786+0700] {processor.py:161} INFO - Started process (PID=55933) to work on /home/acer/.local/share/virtualenvs/custom_airflow-E5ZHcY_K/lib/python3.12/site-packages/airflow/example_dags/tutorial_taskflow_api.py
[2024-07-06T16:18:13.787+0700] {processor.py:830} INFO - Processing file /home/acer/.local/share/virtualenvs/custom_airflow-E5ZHcY_K/lib/python3.12/site-packages/airflow/example_dags/tutorial_taskflow_api.py for tasks to queue
[2024-07-06T16:18:13.790+0700] {logging_mixin.py:188} INFO - [2024-07-06T16:18:13.789+0700] {dagbag.py:545} INFO - Filling up the DagBag from /home/acer/.local/share/virtualenvs/custom_airflow-E5ZHcY_K/lib/python3.12/site-packages/airflow/example_dags/tutorial_taskflow_api.py
[2024-07-06T16:18:13.801+0700] {processor.py:840} INFO - DAG(s) 'tutorial_taskflow_api' retrieved from /home/acer/.local/share/virtualenvs/custom_airflow-E5ZHcY_K/lib/python3.12/site-packages/airflow/example_dags/tutorial_taskflow_api.py
[2024-07-06T16:18:13.821+0700] {logging_mixin.py:188} INFO - [2024-07-06T16:18:13.820+0700] {dag.py:3096} INFO - Sync 1 DAGs
[2024-07-06T16:18:13.834+0700] {logging_mixin.py:188} INFO - [2024-07-06T16:18:13.834+0700] {dag.py:3954} INFO - Setting next_dagrun for tutorial_taskflow_api to None, run_after=None
[2024-07-06T16:18:13.861+0700] {processor.py:183} INFO - Processing /home/acer/.local/share/virtualenvs/custom_airflow-E5ZHcY_K/lib/python3.12/site-packages/airflow/example_dags/tutorial_taskflow_api.py took 0.089 seconds
[2024-07-06T16:19:01.941+0700] {processor.py:161} INFO - Started process (PID=56172) to work on /home/acer/.local/share/virtualenvs/custom_airflow-E5ZHcY_K/lib/python3.12/site-packages/airflow/example_dags/tutorial_taskflow_api.py
[2024-07-06T16:19:01.942+0700] {processor.py:830} INFO - Processing file /home/acer/.local/share/virtualenvs/custom_airflow-E5ZHcY_K/lib/python3.12/site-packages/airflow/example_dags/tutorial_taskflow_api.py for tasks to queue
[2024-07-06T16:19:01.945+0700] {logging_mixin.py:188} INFO - [2024-07-06T16:19:01.944+0700] {dagbag.py:545} INFO - Filling up the DagBag from /home/acer/.local/share/virtualenvs/custom_airflow-E5ZHcY_K/lib/python3.12/site-packages/airflow/example_dags/tutorial_taskflow_api.py
[2024-07-06T16:19:01.951+0700] {processor.py:840} INFO - DAG(s) 'tutorial_taskflow_api' retrieved from /home/acer/.local/share/virtualenvs/custom_airflow-E5ZHcY_K/lib/python3.12/site-packages/airflow/example_dags/tutorial_taskflow_api.py
[2024-07-06T16:19:01.966+0700] {logging_mixin.py:188} INFO - [2024-07-06T16:19:01.966+0700] {dag.py:3096} INFO - Sync 1 DAGs
[2024-07-06T16:19:01.979+0700] {logging_mixin.py:188} INFO - [2024-07-06T16:19:01.979+0700] {dag.py:3954} INFO - Setting next_dagrun for tutorial_taskflow_api to None, run_after=None
[2024-07-06T16:19:02.002+0700] {processor.py:183} INFO - Processing /home/acer/.local/share/virtualenvs/custom_airflow-E5ZHcY_K/lib/python3.12/site-packages/airflow/example_dags/tutorial_taskflow_api.py took 0.066 seconds
[2024-07-06T16:20:01.746+0700] {processor.py:161} INFO - Started process (PID=56906) to work on /home/acer/.local/share/virtualenvs/custom_airflow-E5ZHcY_K/lib/python3.12/site-packages/airflow/example_dags/tutorial_taskflow_api.py
[2024-07-06T16:20:01.747+0700] {processor.py:830} INFO - Processing file /home/acer/.local/share/virtualenvs/custom_airflow-E5ZHcY_K/lib/python3.12/site-packages/airflow/example_dags/tutorial_taskflow_api.py for tasks to queue
[2024-07-06T16:20:01.749+0700] {logging_mixin.py:188} INFO - [2024-07-06T16:20:01.748+0700] {dagbag.py:545} INFO - Filling up the DagBag from /home/acer/.local/share/virtualenvs/custom_airflow-E5ZHcY_K/lib/python3.12/site-packages/airflow/example_dags/tutorial_taskflow_api.py
[2024-07-06T16:20:01.755+0700] {processor.py:840} INFO - DAG(s) 'tutorial_taskflow_api' retrieved from /home/acer/.local/share/virtualenvs/custom_airflow-E5ZHcY_K/lib/python3.12/site-packages/airflow/example_dags/tutorial_taskflow_api.py
[2024-07-06T16:20:01.770+0700] {logging_mixin.py:188} INFO - [2024-07-06T16:20:01.769+0700] {dag.py:3096} INFO - Sync 1 DAGs
[2024-07-06T16:20:01.782+0700] {logging_mixin.py:188} INFO - [2024-07-06T16:20:01.782+0700] {dag.py:3954} INFO - Setting next_dagrun for tutorial_taskflow_api to None, run_after=None
[2024-07-06T16:20:01.803+0700] {processor.py:183} INFO - Processing /home/acer/.local/share/virtualenvs/custom_airflow-E5ZHcY_K/lib/python3.12/site-packages/airflow/example_dags/tutorial_taskflow_api.py took 0.063 seconds
[2024-07-06T16:20:58.875+0700] {processor.py:161} INFO - Started process (PID=57348) to work on /home/acer/.local/share/virtualenvs/custom_airflow-E5ZHcY_K/lib/python3.12/site-packages/airflow/example_dags/tutorial_taskflow_api.py
[2024-07-06T16:20:58.877+0700] {processor.py:830} INFO - Processing file /home/acer/.local/share/virtualenvs/custom_airflow-E5ZHcY_K/lib/python3.12/site-packages/airflow/example_dags/tutorial_taskflow_api.py for tasks to queue
[2024-07-06T16:20:58.880+0700] {logging_mixin.py:188} INFO - [2024-07-06T16:20:58.880+0700] {dagbag.py:545} INFO - Filling up the DagBag from /home/acer/.local/share/virtualenvs/custom_airflow-E5ZHcY_K/lib/python3.12/site-packages/airflow/example_dags/tutorial_taskflow_api.py
[2024-07-06T16:20:58.891+0700] {processor.py:840} INFO - DAG(s) 'tutorial_taskflow_api' retrieved from /home/acer/.local/share/virtualenvs/custom_airflow-E5ZHcY_K/lib/python3.12/site-packages/airflow/example_dags/tutorial_taskflow_api.py
[2024-07-06T16:20:58.911+0700] {logging_mixin.py:188} INFO - [2024-07-06T16:20:58.911+0700] {dag.py:3096} INFO - Sync 1 DAGs
[2024-07-06T16:20:58.925+0700] {logging_mixin.py:188} INFO - [2024-07-06T16:20:58.924+0700] {dag.py:3954} INFO - Setting next_dagrun for tutorial_taskflow_api to None, run_after=None
[2024-07-06T16:20:58.949+0700] {processor.py:183} INFO - Processing /home/acer/.local/share/virtualenvs/custom_airflow-E5ZHcY_K/lib/python3.12/site-packages/airflow/example_dags/tutorial_taskflow_api.py took 0.099 seconds
[2024-07-06T16:21:48.773+0700] {processor.py:161} INFO - Started process (PID=57703) to work on /home/acer/.local/share/virtualenvs/custom_airflow-E5ZHcY_K/lib/python3.12/site-packages/airflow/example_dags/tutorial_taskflow_api.py
[2024-07-06T16:21:48.773+0700] {processor.py:830} INFO - Processing file /home/acer/.local/share/virtualenvs/custom_airflow-E5ZHcY_K/lib/python3.12/site-packages/airflow/example_dags/tutorial_taskflow_api.py for tasks to queue
[2024-07-06T16:21:48.775+0700] {logging_mixin.py:188} INFO - [2024-07-06T16:21:48.775+0700] {dagbag.py:545} INFO - Filling up the DagBag from /home/acer/.local/share/virtualenvs/custom_airflow-E5ZHcY_K/lib/python3.12/site-packages/airflow/example_dags/tutorial_taskflow_api.py
[2024-07-06T16:21:48.781+0700] {processor.py:840} INFO - DAG(s) 'tutorial_taskflow_api' retrieved from /home/acer/.local/share/virtualenvs/custom_airflow-E5ZHcY_K/lib/python3.12/site-packages/airflow/example_dags/tutorial_taskflow_api.py
[2024-07-06T16:21:48.796+0700] {logging_mixin.py:188} INFO - [2024-07-06T16:21:48.796+0700] {dag.py:3096} INFO - Sync 1 DAGs
[2024-07-06T16:21:48.808+0700] {logging_mixin.py:188} INFO - [2024-07-06T16:21:48.808+0700] {dag.py:3954} INFO - Setting next_dagrun for tutorial_taskflow_api to None, run_after=None
[2024-07-06T16:21:48.829+0700] {processor.py:183} INFO - Processing /home/acer/.local/share/virtualenvs/custom_airflow-E5ZHcY_K/lib/python3.12/site-packages/airflow/example_dags/tutorial_taskflow_api.py took 0.061 seconds
[2024-07-06T16:22:36.923+0700] {processor.py:161} INFO - Started process (PID=57993) to work on /home/acer/.local/share/virtualenvs/custom_airflow-E5ZHcY_K/lib/python3.12/site-packages/airflow/example_dags/tutorial_taskflow_api.py
[2024-07-06T16:22:36.925+0700] {processor.py:830} INFO - Processing file /home/acer/.local/share/virtualenvs/custom_airflow-E5ZHcY_K/lib/python3.12/site-packages/airflow/example_dags/tutorial_taskflow_api.py for tasks to queue
[2024-07-06T16:22:36.929+0700] {logging_mixin.py:188} INFO - [2024-07-06T16:22:36.928+0700] {dagbag.py:545} INFO - Filling up the DagBag from /home/acer/.local/share/virtualenvs/custom_airflow-E5ZHcY_K/lib/python3.12/site-packages/airflow/example_dags/tutorial_taskflow_api.py
[2024-07-06T16:22:36.941+0700] {processor.py:840} INFO - DAG(s) 'tutorial_taskflow_api' retrieved from /home/acer/.local/share/virtualenvs/custom_airflow-E5ZHcY_K/lib/python3.12/site-packages/airflow/example_dags/tutorial_taskflow_api.py
[2024-07-06T16:22:36.964+0700] {logging_mixin.py:188} INFO - [2024-07-06T16:22:36.963+0700] {dag.py:3096} INFO - Sync 1 DAGs
[2024-07-06T16:22:36.978+0700] {logging_mixin.py:188} INFO - [2024-07-06T16:22:36.978+0700] {dag.py:3954} INFO - Setting next_dagrun for tutorial_taskflow_api to None, run_after=None
[2024-07-06T16:22:37.003+0700] {processor.py:183} INFO - Processing /home/acer/.local/share/virtualenvs/custom_airflow-E5ZHcY_K/lib/python3.12/site-packages/airflow/example_dags/tutorial_taskflow_api.py took 0.109 seconds
[2024-07-06T16:24:02.397+0700] {processor.py:161} INFO - Started process (PID=59019) to work on /home/acer/.local/share/virtualenvs/custom_airflow-E5ZHcY_K/lib/python3.12/site-packages/airflow/example_dags/tutorial_taskflow_api.py
[2024-07-06T16:24:02.398+0700] {processor.py:830} INFO - Processing file /home/acer/.local/share/virtualenvs/custom_airflow-E5ZHcY_K/lib/python3.12/site-packages/airflow/example_dags/tutorial_taskflow_api.py for tasks to queue
[2024-07-06T16:24:02.399+0700] {logging_mixin.py:188} INFO - [2024-07-06T16:24:02.399+0700] {dagbag.py:545} INFO - Filling up the DagBag from /home/acer/.local/share/virtualenvs/custom_airflow-E5ZHcY_K/lib/python3.12/site-packages/airflow/example_dags/tutorial_taskflow_api.py
[2024-07-06T16:24:02.406+0700] {processor.py:840} INFO - DAG(s) 'tutorial_taskflow_api' retrieved from /home/acer/.local/share/virtualenvs/custom_airflow-E5ZHcY_K/lib/python3.12/site-packages/airflow/example_dags/tutorial_taskflow_api.py
[2024-07-06T16:24:02.420+0700] {logging_mixin.py:188} INFO - [2024-07-06T16:24:02.420+0700] {dag.py:3096} INFO - Sync 1 DAGs
[2024-07-06T16:24:02.432+0700] {logging_mixin.py:188} INFO - [2024-07-06T16:24:02.432+0700] {dag.py:3954} INFO - Setting next_dagrun for tutorial_taskflow_api to None, run_after=None
[2024-07-06T16:24:02.453+0700] {processor.py:183} INFO - Processing /home/acer/.local/share/virtualenvs/custom_airflow-E5ZHcY_K/lib/python3.12/site-packages/airflow/example_dags/tutorial_taskflow_api.py took 0.061 seconds
[2024-07-06T16:24:58.148+0700] {processor.py:161} INFO - Started process (PID=59486) to work on /home/acer/.local/share/virtualenvs/custom_airflow-E5ZHcY_K/lib/python3.12/site-packages/airflow/example_dags/tutorial_taskflow_api.py
[2024-07-06T16:24:58.150+0700] {processor.py:830} INFO - Processing file /home/acer/.local/share/virtualenvs/custom_airflow-E5ZHcY_K/lib/python3.12/site-packages/airflow/example_dags/tutorial_taskflow_api.py for tasks to queue
[2024-07-06T16:24:58.153+0700] {logging_mixin.py:188} INFO - [2024-07-06T16:24:58.152+0700] {dagbag.py:545} INFO - Filling up the DagBag from /home/acer/.local/share/virtualenvs/custom_airflow-E5ZHcY_K/lib/python3.12/site-packages/airflow/example_dags/tutorial_taskflow_api.py
[2024-07-06T16:24:58.163+0700] {processor.py:840} INFO - DAG(s) 'tutorial_taskflow_api' retrieved from /home/acer/.local/share/virtualenvs/custom_airflow-E5ZHcY_K/lib/python3.12/site-packages/airflow/example_dags/tutorial_taskflow_api.py
[2024-07-06T16:24:58.190+0700] {logging_mixin.py:188} INFO - [2024-07-06T16:24:58.190+0700] {dag.py:3096} INFO - Sync 1 DAGs
[2024-07-06T16:24:58.208+0700] {logging_mixin.py:188} INFO - [2024-07-06T16:24:58.207+0700] {dag.py:3954} INFO - Setting next_dagrun for tutorial_taskflow_api to None, run_after=None
[2024-07-06T16:24:58.231+0700] {processor.py:183} INFO - Processing /home/acer/.local/share/virtualenvs/custom_airflow-E5ZHcY_K/lib/python3.12/site-packages/airflow/example_dags/tutorial_taskflow_api.py took 0.098 seconds
[2024-07-06T16:25:49.107+0700] {processor.py:161} INFO - Started process (PID=59935) to work on /home/acer/.local/share/virtualenvs/custom_airflow-E5ZHcY_K/lib/python3.12/site-packages/airflow/example_dags/tutorial_taskflow_api.py
[2024-07-06T16:25:49.112+0700] {processor.py:830} INFO - Processing file /home/acer/.local/share/virtualenvs/custom_airflow-E5ZHcY_K/lib/python3.12/site-packages/airflow/example_dags/tutorial_taskflow_api.py for tasks to queue
[2024-07-06T16:25:49.121+0700] {logging_mixin.py:188} INFO - [2024-07-06T16:25:49.119+0700] {dagbag.py:545} INFO - Filling up the DagBag from /home/acer/.local/share/virtualenvs/custom_airflow-E5ZHcY_K/lib/python3.12/site-packages/airflow/example_dags/tutorial_taskflow_api.py
[2024-07-06T16:25:49.142+0700] {processor.py:840} INFO - DAG(s) 'tutorial_taskflow_api' retrieved from /home/acer/.local/share/virtualenvs/custom_airflow-E5ZHcY_K/lib/python3.12/site-packages/airflow/example_dags/tutorial_taskflow_api.py
[2024-07-06T16:25:49.164+0700] {logging_mixin.py:188} INFO - [2024-07-06T16:25:49.163+0700] {dag.py:3096} INFO - Sync 1 DAGs
[2024-07-06T16:25:49.177+0700] {logging_mixin.py:188} INFO - [2024-07-06T16:25:49.177+0700] {dag.py:3954} INFO - Setting next_dagrun for tutorial_taskflow_api to None, run_after=None
[2024-07-06T16:25:49.200+0700] {processor.py:183} INFO - Processing /home/acer/.local/share/virtualenvs/custom_airflow-E5ZHcY_K/lib/python3.12/site-packages/airflow/example_dags/tutorial_taskflow_api.py took 0.125 seconds
[2024-07-06T16:26:40.646+0700] {processor.py:161} INFO - Started process (PID=60174) to work on /home/acer/.local/share/virtualenvs/custom_airflow-E5ZHcY_K/lib/python3.12/site-packages/airflow/example_dags/tutorial_taskflow_api.py
[2024-07-06T16:26:40.647+0700] {processor.py:830} INFO - Processing file /home/acer/.local/share/virtualenvs/custom_airflow-E5ZHcY_K/lib/python3.12/site-packages/airflow/example_dags/tutorial_taskflow_api.py for tasks to queue
[2024-07-06T16:26:40.649+0700] {logging_mixin.py:188} INFO - [2024-07-06T16:26:40.649+0700] {dagbag.py:545} INFO - Filling up the DagBag from /home/acer/.local/share/virtualenvs/custom_airflow-E5ZHcY_K/lib/python3.12/site-packages/airflow/example_dags/tutorial_taskflow_api.py
[2024-07-06T16:26:40.655+0700] {processor.py:840} INFO - DAG(s) 'tutorial_taskflow_api' retrieved from /home/acer/.local/share/virtualenvs/custom_airflow-E5ZHcY_K/lib/python3.12/site-packages/airflow/example_dags/tutorial_taskflow_api.py
[2024-07-06T16:26:40.670+0700] {logging_mixin.py:188} INFO - [2024-07-06T16:26:40.670+0700] {dag.py:3096} INFO - Sync 1 DAGs
[2024-07-06T16:26:40.682+0700] {logging_mixin.py:188} INFO - [2024-07-06T16:26:40.682+0700] {dag.py:3954} INFO - Setting next_dagrun for tutorial_taskflow_api to None, run_after=None
[2024-07-06T16:26:40.704+0700] {processor.py:183} INFO - Processing /home/acer/.local/share/virtualenvs/custom_airflow-E5ZHcY_K/lib/python3.12/site-packages/airflow/example_dags/tutorial_taskflow_api.py took 0.063 seconds
[2024-07-06T16:27:27.542+0700] {processor.py:161} INFO - Started process (PID=60435) to work on /home/acer/.local/share/virtualenvs/custom_airflow-E5ZHcY_K/lib/python3.12/site-packages/airflow/example_dags/tutorial_taskflow_api.py
[2024-07-06T16:27:27.543+0700] {processor.py:830} INFO - Processing file /home/acer/.local/share/virtualenvs/custom_airflow-E5ZHcY_K/lib/python3.12/site-packages/airflow/example_dags/tutorial_taskflow_api.py for tasks to queue
[2024-07-06T16:27:27.545+0700] {logging_mixin.py:188} INFO - [2024-07-06T16:27:27.545+0700] {dagbag.py:545} INFO - Filling up the DagBag from /home/acer/.local/share/virtualenvs/custom_airflow-E5ZHcY_K/lib/python3.12/site-packages/airflow/example_dags/tutorial_taskflow_api.py
[2024-07-06T16:27:27.553+0700] {processor.py:840} INFO - DAG(s) 'tutorial_taskflow_api' retrieved from /home/acer/.local/share/virtualenvs/custom_airflow-E5ZHcY_K/lib/python3.12/site-packages/airflow/example_dags/tutorial_taskflow_api.py
[2024-07-06T16:27:27.570+0700] {logging_mixin.py:188} INFO - [2024-07-06T16:27:27.570+0700] {dag.py:3096} INFO - Sync 1 DAGs
[2024-07-06T16:27:27.583+0700] {logging_mixin.py:188} INFO - [2024-07-06T16:27:27.583+0700] {dag.py:3954} INFO - Setting next_dagrun for tutorial_taskflow_api to None, run_after=None
[2024-07-06T16:27:27.604+0700] {processor.py:183} INFO - Processing /home/acer/.local/share/virtualenvs/custom_airflow-E5ZHcY_K/lib/python3.12/site-packages/airflow/example_dags/tutorial_taskflow_api.py took 0.068 seconds
[2024-07-06T16:28:13.462+0700] {processor.py:161} INFO - Started process (PID=60655) to work on /home/acer/.local/share/virtualenvs/custom_airflow-E5ZHcY_K/lib/python3.12/site-packages/airflow/example_dags/tutorial_taskflow_api.py
[2024-07-06T16:28:13.465+0700] {processor.py:830} INFO - Processing file /home/acer/.local/share/virtualenvs/custom_airflow-E5ZHcY_K/lib/python3.12/site-packages/airflow/example_dags/tutorial_taskflow_api.py for tasks to queue
[2024-07-06T16:28:13.470+0700] {logging_mixin.py:188} INFO - [2024-07-06T16:28:13.469+0700] {dagbag.py:545} INFO - Filling up the DagBag from /home/acer/.local/share/virtualenvs/custom_airflow-E5ZHcY_K/lib/python3.12/site-packages/airflow/example_dags/tutorial_taskflow_api.py
[2024-07-06T16:28:13.482+0700] {processor.py:840} INFO - DAG(s) 'tutorial_taskflow_api' retrieved from /home/acer/.local/share/virtualenvs/custom_airflow-E5ZHcY_K/lib/python3.12/site-packages/airflow/example_dags/tutorial_taskflow_api.py
[2024-07-06T16:28:13.500+0700] {logging_mixin.py:188} INFO - [2024-07-06T16:28:13.499+0700] {dag.py:3096} INFO - Sync 1 DAGs
[2024-07-06T16:28:13.512+0700] {logging_mixin.py:188} INFO - [2024-07-06T16:28:13.511+0700] {dag.py:3954} INFO - Setting next_dagrun for tutorial_taskflow_api to None, run_after=None
[2024-07-06T16:28:13.533+0700] {processor.py:183} INFO - Processing /home/acer/.local/share/virtualenvs/custom_airflow-E5ZHcY_K/lib/python3.12/site-packages/airflow/example_dags/tutorial_taskflow_api.py took 0.090 seconds
[2024-07-06T16:28:58.082+0700] {processor.py:161} INFO - Started process (PID=60878) to work on /home/acer/.local/share/virtualenvs/custom_airflow-E5ZHcY_K/lib/python3.12/site-packages/airflow/example_dags/tutorial_taskflow_api.py
[2024-07-06T16:28:58.091+0700] {processor.py:830} INFO - Processing file /home/acer/.local/share/virtualenvs/custom_airflow-E5ZHcY_K/lib/python3.12/site-packages/airflow/example_dags/tutorial_taskflow_api.py for tasks to queue
[2024-07-06T16:28:58.094+0700] {logging_mixin.py:188} INFO - [2024-07-06T16:28:58.093+0700] {dagbag.py:545} INFO - Filling up the DagBag from /home/acer/.local/share/virtualenvs/custom_airflow-E5ZHcY_K/lib/python3.12/site-packages/airflow/example_dags/tutorial_taskflow_api.py
[2024-07-06T16:28:58.103+0700] {processor.py:840} INFO - DAG(s) 'tutorial_taskflow_api' retrieved from /home/acer/.local/share/virtualenvs/custom_airflow-E5ZHcY_K/lib/python3.12/site-packages/airflow/example_dags/tutorial_taskflow_api.py
[2024-07-06T16:28:58.133+0700] {logging_mixin.py:188} INFO - [2024-07-06T16:28:58.133+0700] {dag.py:3096} INFO - Sync 1 DAGs
[2024-07-06T16:28:58.148+0700] {logging_mixin.py:188} INFO - [2024-07-06T16:28:58.148+0700] {dag.py:3954} INFO - Setting next_dagrun for tutorial_taskflow_api to None, run_after=None
[2024-07-06T16:28:58.183+0700] {processor.py:183} INFO - Processing /home/acer/.local/share/virtualenvs/custom_airflow-E5ZHcY_K/lib/python3.12/site-packages/airflow/example_dags/tutorial_taskflow_api.py took 0.109 seconds
[2024-07-06T16:29:46.602+0700] {processor.py:161} INFO - Started process (PID=61115) to work on /home/acer/.local/share/virtualenvs/custom_airflow-E5ZHcY_K/lib/python3.12/site-packages/airflow/example_dags/tutorial_taskflow_api.py
[2024-07-06T16:29:46.602+0700] {processor.py:830} INFO - Processing file /home/acer/.local/share/virtualenvs/custom_airflow-E5ZHcY_K/lib/python3.12/site-packages/airflow/example_dags/tutorial_taskflow_api.py for tasks to queue
[2024-07-06T16:29:46.604+0700] {logging_mixin.py:188} INFO - [2024-07-06T16:29:46.604+0700] {dagbag.py:545} INFO - Filling up the DagBag from /home/acer/.local/share/virtualenvs/custom_airflow-E5ZHcY_K/lib/python3.12/site-packages/airflow/example_dags/tutorial_taskflow_api.py
[2024-07-06T16:29:46.611+0700] {processor.py:840} INFO - DAG(s) 'tutorial_taskflow_api' retrieved from /home/acer/.local/share/virtualenvs/custom_airflow-E5ZHcY_K/lib/python3.12/site-packages/airflow/example_dags/tutorial_taskflow_api.py
[2024-07-06T16:29:46.626+0700] {logging_mixin.py:188} INFO - [2024-07-06T16:29:46.625+0700] {dag.py:3096} INFO - Sync 1 DAGs
[2024-07-06T16:29:46.638+0700] {logging_mixin.py:188} INFO - [2024-07-06T16:29:46.637+0700] {dag.py:3954} INFO - Setting next_dagrun for tutorial_taskflow_api to None, run_after=None
[2024-07-06T16:29:46.658+0700] {processor.py:183} INFO - Processing /home/acer/.local/share/virtualenvs/custom_airflow-E5ZHcY_K/lib/python3.12/site-packages/airflow/example_dags/tutorial_taskflow_api.py took 0.062 seconds
[2024-07-06T16:30:30.504+0700] {processor.py:161} INFO - Started process (PID=61378) to work on /home/acer/.local/share/virtualenvs/custom_airflow-E5ZHcY_K/lib/python3.12/site-packages/airflow/example_dags/tutorial_taskflow_api.py
[2024-07-06T16:30:30.505+0700] {processor.py:830} INFO - Processing file /home/acer/.local/share/virtualenvs/custom_airflow-E5ZHcY_K/lib/python3.12/site-packages/airflow/example_dags/tutorial_taskflow_api.py for tasks to queue
[2024-07-06T16:30:30.507+0700] {logging_mixin.py:188} INFO - [2024-07-06T16:30:30.506+0700] {dagbag.py:545} INFO - Filling up the DagBag from /home/acer/.local/share/virtualenvs/custom_airflow-E5ZHcY_K/lib/python3.12/site-packages/airflow/example_dags/tutorial_taskflow_api.py
[2024-07-06T16:30:30.513+0700] {processor.py:840} INFO - DAG(s) 'tutorial_taskflow_api' retrieved from /home/acer/.local/share/virtualenvs/custom_airflow-E5ZHcY_K/lib/python3.12/site-packages/airflow/example_dags/tutorial_taskflow_api.py
[2024-07-06T16:30:30.528+0700] {logging_mixin.py:188} INFO - [2024-07-06T16:30:30.527+0700] {dag.py:3096} INFO - Sync 1 DAGs
[2024-07-06T16:30:30.540+0700] {logging_mixin.py:188} INFO - [2024-07-06T16:30:30.540+0700] {dag.py:3954} INFO - Setting next_dagrun for tutorial_taskflow_api to None, run_after=None
[2024-07-06T16:30:30.561+0700] {processor.py:183} INFO - Processing /home/acer/.local/share/virtualenvs/custom_airflow-E5ZHcY_K/lib/python3.12/site-packages/airflow/example_dags/tutorial_taskflow_api.py took 0.062 seconds
[2024-07-06T16:31:16.113+0700] {processor.py:161} INFO - Started process (PID=61599) to work on /home/acer/.local/share/virtualenvs/custom_airflow-E5ZHcY_K/lib/python3.12/site-packages/airflow/example_dags/tutorial_taskflow_api.py
[2024-07-06T16:31:16.114+0700] {processor.py:830} INFO - Processing file /home/acer/.local/share/virtualenvs/custom_airflow-E5ZHcY_K/lib/python3.12/site-packages/airflow/example_dags/tutorial_taskflow_api.py for tasks to queue
[2024-07-06T16:31:16.116+0700] {logging_mixin.py:188} INFO - [2024-07-06T16:31:16.115+0700] {dagbag.py:545} INFO - Filling up the DagBag from /home/acer/.local/share/virtualenvs/custom_airflow-E5ZHcY_K/lib/python3.12/site-packages/airflow/example_dags/tutorial_taskflow_api.py
[2024-07-06T16:31:16.122+0700] {processor.py:840} INFO - DAG(s) 'tutorial_taskflow_api' retrieved from /home/acer/.local/share/virtualenvs/custom_airflow-E5ZHcY_K/lib/python3.12/site-packages/airflow/example_dags/tutorial_taskflow_api.py
[2024-07-06T16:31:16.137+0700] {logging_mixin.py:188} INFO - [2024-07-06T16:31:16.137+0700] {dag.py:3096} INFO - Sync 1 DAGs
[2024-07-06T16:31:16.149+0700] {logging_mixin.py:188} INFO - [2024-07-06T16:31:16.149+0700] {dag.py:3954} INFO - Setting next_dagrun for tutorial_taskflow_api to None, run_after=None
[2024-07-06T16:31:16.173+0700] {processor.py:183} INFO - Processing /home/acer/.local/share/virtualenvs/custom_airflow-E5ZHcY_K/lib/python3.12/site-packages/airflow/example_dags/tutorial_taskflow_api.py took 0.065 seconds
[2024-07-06T16:32:01.142+0700] {processor.py:161} INFO - Started process (PID=61826) to work on /home/acer/.local/share/virtualenvs/custom_airflow-E5ZHcY_K/lib/python3.12/site-packages/airflow/example_dags/tutorial_taskflow_api.py
[2024-07-06T16:32:01.144+0700] {processor.py:830} INFO - Processing file /home/acer/.local/share/virtualenvs/custom_airflow-E5ZHcY_K/lib/python3.12/site-packages/airflow/example_dags/tutorial_taskflow_api.py for tasks to queue
[2024-07-06T16:32:01.147+0700] {logging_mixin.py:188} INFO - [2024-07-06T16:32:01.146+0700] {dagbag.py:545} INFO - Filling up the DagBag from /home/acer/.local/share/virtualenvs/custom_airflow-E5ZHcY_K/lib/python3.12/site-packages/airflow/example_dags/tutorial_taskflow_api.py
[2024-07-06T16:32:01.156+0700] {processor.py:840} INFO - DAG(s) 'tutorial_taskflow_api' retrieved from /home/acer/.local/share/virtualenvs/custom_airflow-E5ZHcY_K/lib/python3.12/site-packages/airflow/example_dags/tutorial_taskflow_api.py
[2024-07-06T16:32:01.173+0700] {logging_mixin.py:188} INFO - [2024-07-06T16:32:01.173+0700] {dag.py:3096} INFO - Sync 1 DAGs
[2024-07-06T16:32:01.185+0700] {logging_mixin.py:188} INFO - [2024-07-06T16:32:01.185+0700] {dag.py:3954} INFO - Setting next_dagrun for tutorial_taskflow_api to None, run_after=None
[2024-07-06T16:32:01.205+0700] {processor.py:183} INFO - Processing /home/acer/.local/share/virtualenvs/custom_airflow-E5ZHcY_K/lib/python3.12/site-packages/airflow/example_dags/tutorial_taskflow_api.py took 0.071 seconds
[2024-07-06T16:32:50.219+0700] {processor.py:161} INFO - Started process (PID=62064) to work on /home/acer/.local/share/virtualenvs/custom_airflow-E5ZHcY_K/lib/python3.12/site-packages/airflow/example_dags/tutorial_taskflow_api.py
[2024-07-06T16:32:50.219+0700] {processor.py:830} INFO - Processing file /home/acer/.local/share/virtualenvs/custom_airflow-E5ZHcY_K/lib/python3.12/site-packages/airflow/example_dags/tutorial_taskflow_api.py for tasks to queue
[2024-07-06T16:32:50.221+0700] {logging_mixin.py:188} INFO - [2024-07-06T16:32:50.221+0700] {dagbag.py:545} INFO - Filling up the DagBag from /home/acer/.local/share/virtualenvs/custom_airflow-E5ZHcY_K/lib/python3.12/site-packages/airflow/example_dags/tutorial_taskflow_api.py
[2024-07-06T16:32:50.228+0700] {processor.py:840} INFO - DAG(s) 'tutorial_taskflow_api' retrieved from /home/acer/.local/share/virtualenvs/custom_airflow-E5ZHcY_K/lib/python3.12/site-packages/airflow/example_dags/tutorial_taskflow_api.py
[2024-07-06T16:32:50.248+0700] {logging_mixin.py:188} INFO - [2024-07-06T16:32:50.247+0700] {dag.py:3096} INFO - Sync 1 DAGs
[2024-07-06T16:32:50.259+0700] {logging_mixin.py:188} INFO - [2024-07-06T16:32:50.259+0700] {dag.py:3954} INFO - Setting next_dagrun for tutorial_taskflow_api to None, run_after=None
[2024-07-06T16:32:50.280+0700] {processor.py:183} INFO - Processing /home/acer/.local/share/virtualenvs/custom_airflow-E5ZHcY_K/lib/python3.12/site-packages/airflow/example_dags/tutorial_taskflow_api.py took 0.067 seconds
[2024-07-06T16:33:37.941+0700] {processor.py:161} INFO - Started process (PID=62323) to work on /home/acer/.local/share/virtualenvs/custom_airflow-E5ZHcY_K/lib/python3.12/site-packages/airflow/example_dags/tutorial_taskflow_api.py
[2024-07-06T16:33:37.942+0700] {processor.py:830} INFO - Processing file /home/acer/.local/share/virtualenvs/custom_airflow-E5ZHcY_K/lib/python3.12/site-packages/airflow/example_dags/tutorial_taskflow_api.py for tasks to queue
[2024-07-06T16:33:37.944+0700] {logging_mixin.py:188} INFO - [2024-07-06T16:33:37.944+0700] {dagbag.py:545} INFO - Filling up the DagBag from /home/acer/.local/share/virtualenvs/custom_airflow-E5ZHcY_K/lib/python3.12/site-packages/airflow/example_dags/tutorial_taskflow_api.py
[2024-07-06T16:33:37.950+0700] {processor.py:840} INFO - DAG(s) 'tutorial_taskflow_api' retrieved from /home/acer/.local/share/virtualenvs/custom_airflow-E5ZHcY_K/lib/python3.12/site-packages/airflow/example_dags/tutorial_taskflow_api.py
[2024-07-06T16:33:37.965+0700] {logging_mixin.py:188} INFO - [2024-07-06T16:33:37.965+0700] {dag.py:3096} INFO - Sync 1 DAGs
[2024-07-06T16:33:37.977+0700] {logging_mixin.py:188} INFO - [2024-07-06T16:33:37.977+0700] {dag.py:3954} INFO - Setting next_dagrun for tutorial_taskflow_api to None, run_after=None
[2024-07-06T16:33:37.998+0700] {processor.py:183} INFO - Processing /home/acer/.local/share/virtualenvs/custom_airflow-E5ZHcY_K/lib/python3.12/site-packages/airflow/example_dags/tutorial_taskflow_api.py took 0.062 seconds
[2024-07-06T16:34:24.629+0700] {processor.py:161} INFO - Started process (PID=62560) to work on /home/acer/.local/share/virtualenvs/custom_airflow-E5ZHcY_K/lib/python3.12/site-packages/airflow/example_dags/tutorial_taskflow_api.py
[2024-07-06T16:34:24.630+0700] {processor.py:830} INFO - Processing file /home/acer/.local/share/virtualenvs/custom_airflow-E5ZHcY_K/lib/python3.12/site-packages/airflow/example_dags/tutorial_taskflow_api.py for tasks to queue
[2024-07-06T16:34:24.631+0700] {logging_mixin.py:188} INFO - [2024-07-06T16:34:24.631+0700] {dagbag.py:545} INFO - Filling up the DagBag from /home/acer/.local/share/virtualenvs/custom_airflow-E5ZHcY_K/lib/python3.12/site-packages/airflow/example_dags/tutorial_taskflow_api.py
[2024-07-06T16:34:24.637+0700] {processor.py:840} INFO - DAG(s) 'tutorial_taskflow_api' retrieved from /home/acer/.local/share/virtualenvs/custom_airflow-E5ZHcY_K/lib/python3.12/site-packages/airflow/example_dags/tutorial_taskflow_api.py
[2024-07-06T16:34:24.652+0700] {logging_mixin.py:188} INFO - [2024-07-06T16:34:24.652+0700] {dag.py:3096} INFO - Sync 1 DAGs
[2024-07-06T16:34:24.665+0700] {logging_mixin.py:188} INFO - [2024-07-06T16:34:24.664+0700] {dag.py:3954} INFO - Setting next_dagrun for tutorial_taskflow_api to None, run_after=None
[2024-07-06T16:34:24.685+0700] {processor.py:183} INFO - Processing /home/acer/.local/share/virtualenvs/custom_airflow-E5ZHcY_K/lib/python3.12/site-packages/airflow/example_dags/tutorial_taskflow_api.py took 0.062 seconds
[2024-07-06T16:35:13.104+0700] {processor.py:161} INFO - Started process (PID=62797) to work on /home/acer/.local/share/virtualenvs/custom_airflow-E5ZHcY_K/lib/python3.12/site-packages/airflow/example_dags/tutorial_taskflow_api.py
[2024-07-06T16:35:13.107+0700] {processor.py:830} INFO - Processing file /home/acer/.local/share/virtualenvs/custom_airflow-E5ZHcY_K/lib/python3.12/site-packages/airflow/example_dags/tutorial_taskflow_api.py for tasks to queue
[2024-07-06T16:35:13.112+0700] {logging_mixin.py:188} INFO - [2024-07-06T16:35:13.111+0700] {dagbag.py:545} INFO - Filling up the DagBag from /home/acer/.local/share/virtualenvs/custom_airflow-E5ZHcY_K/lib/python3.12/site-packages/airflow/example_dags/tutorial_taskflow_api.py
[2024-07-06T16:35:13.122+0700] {processor.py:840} INFO - DAG(s) 'tutorial_taskflow_api' retrieved from /home/acer/.local/share/virtualenvs/custom_airflow-E5ZHcY_K/lib/python3.12/site-packages/airflow/example_dags/tutorial_taskflow_api.py
[2024-07-06T16:35:13.139+0700] {logging_mixin.py:188} INFO - [2024-07-06T16:35:13.139+0700] {dag.py:3096} INFO - Sync 1 DAGs
[2024-07-06T16:35:13.151+0700] {logging_mixin.py:188} INFO - [2024-07-06T16:35:13.151+0700] {dag.py:3954} INFO - Setting next_dagrun for tutorial_taskflow_api to None, run_after=None
[2024-07-06T16:35:13.172+0700] {processor.py:183} INFO - Processing /home/acer/.local/share/virtualenvs/custom_airflow-E5ZHcY_K/lib/python3.12/site-packages/airflow/example_dags/tutorial_taskflow_api.py took 0.087 seconds
[2024-07-06T16:35:59.114+0700] {processor.py:161} INFO - Started process (PID=63056) to work on /home/acer/.local/share/virtualenvs/custom_airflow-E5ZHcY_K/lib/python3.12/site-packages/airflow/example_dags/tutorial_taskflow_api.py
[2024-07-06T16:35:59.115+0700] {processor.py:830} INFO - Processing file /home/acer/.local/share/virtualenvs/custom_airflow-E5ZHcY_K/lib/python3.12/site-packages/airflow/example_dags/tutorial_taskflow_api.py for tasks to queue
[2024-07-06T16:35:59.116+0700] {logging_mixin.py:188} INFO - [2024-07-06T16:35:59.116+0700] {dagbag.py:545} INFO - Filling up the DagBag from /home/acer/.local/share/virtualenvs/custom_airflow-E5ZHcY_K/lib/python3.12/site-packages/airflow/example_dags/tutorial_taskflow_api.py
[2024-07-06T16:35:59.123+0700] {processor.py:840} INFO - DAG(s) 'tutorial_taskflow_api' retrieved from /home/acer/.local/share/virtualenvs/custom_airflow-E5ZHcY_K/lib/python3.12/site-packages/airflow/example_dags/tutorial_taskflow_api.py
[2024-07-06T16:35:59.137+0700] {logging_mixin.py:188} INFO - [2024-07-06T16:35:59.137+0700] {dag.py:3096} INFO - Sync 1 DAGs
[2024-07-06T16:35:59.149+0700] {logging_mixin.py:188} INFO - [2024-07-06T16:35:59.149+0700] {dag.py:3954} INFO - Setting next_dagrun for tutorial_taskflow_api to None, run_after=None
[2024-07-06T16:35:59.170+0700] {processor.py:183} INFO - Processing /home/acer/.local/share/virtualenvs/custom_airflow-E5ZHcY_K/lib/python3.12/site-packages/airflow/example_dags/tutorial_taskflow_api.py took 0.061 seconds
[2024-07-06T21:54:16.842+0700] {processor.py:161} INFO - Started process (PID=11185) to work on /home/acer/.local/share/virtualenvs/custom_airflow-E5ZHcY_K/lib/python3.12/site-packages/airflow/example_dags/tutorial_taskflow_api.py
[2024-07-06T21:54:16.844+0700] {processor.py:830} INFO - Processing file /home/acer/.local/share/virtualenvs/custom_airflow-E5ZHcY_K/lib/python3.12/site-packages/airflow/example_dags/tutorial_taskflow_api.py for tasks to queue
[2024-07-06T21:54:16.848+0700] {logging_mixin.py:188} INFO - [2024-07-06T21:54:16.847+0700] {dagbag.py:545} INFO - Filling up the DagBag from /home/acer/.local/share/virtualenvs/custom_airflow-E5ZHcY_K/lib/python3.12/site-packages/airflow/example_dags/tutorial_taskflow_api.py
[2024-07-06T21:54:16.865+0700] {processor.py:840} INFO - DAG(s) 'tutorial_taskflow_api' retrieved from /home/acer/.local/share/virtualenvs/custom_airflow-E5ZHcY_K/lib/python3.12/site-packages/airflow/example_dags/tutorial_taskflow_api.py
[2024-07-06T21:54:16.896+0700] {logging_mixin.py:188} INFO - [2024-07-06T21:54:16.896+0700] {dag.py:3096} INFO - Sync 1 DAGs
[2024-07-06T21:54:16.910+0700] {logging_mixin.py:188} INFO - [2024-07-06T21:54:16.910+0700] {dag.py:3954} INFO - Setting next_dagrun for tutorial_taskflow_api to None, run_after=None
[2024-07-06T21:54:16.935+0700] {processor.py:183} INFO - Processing /home/acer/.local/share/virtualenvs/custom_airflow-E5ZHcY_K/lib/python3.12/site-packages/airflow/example_dags/tutorial_taskflow_api.py took 0.106 seconds
[2024-07-06T21:55:12.632+0700] {processor.py:161} INFO - Started process (PID=12373) to work on /home/acer/.local/share/virtualenvs/custom_airflow-E5ZHcY_K/lib/python3.12/site-packages/airflow/example_dags/tutorial_taskflow_api.py
[2024-07-06T21:55:12.633+0700] {processor.py:830} INFO - Processing file /home/acer/.local/share/virtualenvs/custom_airflow-E5ZHcY_K/lib/python3.12/site-packages/airflow/example_dags/tutorial_taskflow_api.py for tasks to queue
[2024-07-06T21:55:12.635+0700] {logging_mixin.py:188} INFO - [2024-07-06T21:55:12.635+0700] {dagbag.py:545} INFO - Filling up the DagBag from /home/acer/.local/share/virtualenvs/custom_airflow-E5ZHcY_K/lib/python3.12/site-packages/airflow/example_dags/tutorial_taskflow_api.py
[2024-07-06T21:55:12.641+0700] {processor.py:840} INFO - DAG(s) 'tutorial_taskflow_api' retrieved from /home/acer/.local/share/virtualenvs/custom_airflow-E5ZHcY_K/lib/python3.12/site-packages/airflow/example_dags/tutorial_taskflow_api.py
[2024-07-06T21:55:12.656+0700] {logging_mixin.py:188} INFO - [2024-07-06T21:55:12.656+0700] {dag.py:3096} INFO - Sync 1 DAGs
[2024-07-06T21:55:12.668+0700] {logging_mixin.py:188} INFO - [2024-07-06T21:55:12.668+0700] {dag.py:3954} INFO - Setting next_dagrun for tutorial_taskflow_api to None, run_after=None
[2024-07-06T21:55:12.690+0700] {processor.py:183} INFO - Processing /home/acer/.local/share/virtualenvs/custom_airflow-E5ZHcY_K/lib/python3.12/site-packages/airflow/example_dags/tutorial_taskflow_api.py took 0.063 seconds
[2024-07-06T21:56:04.773+0700] {processor.py:161} INFO - Started process (PID=13045) to work on /home/acer/.local/share/virtualenvs/custom_airflow-E5ZHcY_K/lib/python3.12/site-packages/airflow/example_dags/tutorial_taskflow_api.py
[2024-07-06T21:56:04.774+0700] {processor.py:830} INFO - Processing file /home/acer/.local/share/virtualenvs/custom_airflow-E5ZHcY_K/lib/python3.12/site-packages/airflow/example_dags/tutorial_taskflow_api.py for tasks to queue
[2024-07-06T21:56:04.776+0700] {logging_mixin.py:188} INFO - [2024-07-06T21:56:04.776+0700] {dagbag.py:545} INFO - Filling up the DagBag from /home/acer/.local/share/virtualenvs/custom_airflow-E5ZHcY_K/lib/python3.12/site-packages/airflow/example_dags/tutorial_taskflow_api.py
[2024-07-06T21:56:04.785+0700] {processor.py:840} INFO - DAG(s) 'tutorial_taskflow_api' retrieved from /home/acer/.local/share/virtualenvs/custom_airflow-E5ZHcY_K/lib/python3.12/site-packages/airflow/example_dags/tutorial_taskflow_api.py
[2024-07-06T21:56:04.800+0700] {logging_mixin.py:188} INFO - [2024-07-06T21:56:04.800+0700] {dag.py:3096} INFO - Sync 1 DAGs
[2024-07-06T21:56:04.813+0700] {logging_mixin.py:188} INFO - [2024-07-06T21:56:04.812+0700] {dag.py:3954} INFO - Setting next_dagrun for tutorial_taskflow_api to None, run_after=None
[2024-07-06T21:56:04.836+0700] {processor.py:183} INFO - Processing /home/acer/.local/share/virtualenvs/custom_airflow-E5ZHcY_K/lib/python3.12/site-packages/airflow/example_dags/tutorial_taskflow_api.py took 0.071 seconds
[2024-07-06T21:56:53.347+0700] {processor.py:161} INFO - Started process (PID=13489) to work on /home/acer/.local/share/virtualenvs/custom_airflow-E5ZHcY_K/lib/python3.12/site-packages/airflow/example_dags/tutorial_taskflow_api.py
[2024-07-06T21:56:53.348+0700] {processor.py:830} INFO - Processing file /home/acer/.local/share/virtualenvs/custom_airflow-E5ZHcY_K/lib/python3.12/site-packages/airflow/example_dags/tutorial_taskflow_api.py for tasks to queue
[2024-07-06T21:56:53.350+0700] {logging_mixin.py:188} INFO - [2024-07-06T21:56:53.349+0700] {dagbag.py:545} INFO - Filling up the DagBag from /home/acer/.local/share/virtualenvs/custom_airflow-E5ZHcY_K/lib/python3.12/site-packages/airflow/example_dags/tutorial_taskflow_api.py
[2024-07-06T21:56:53.356+0700] {processor.py:840} INFO - DAG(s) 'tutorial_taskflow_api' retrieved from /home/acer/.local/share/virtualenvs/custom_airflow-E5ZHcY_K/lib/python3.12/site-packages/airflow/example_dags/tutorial_taskflow_api.py
[2024-07-06T21:56:53.372+0700] {logging_mixin.py:188} INFO - [2024-07-06T21:56:53.372+0700] {dag.py:3096} INFO - Sync 1 DAGs
[2024-07-06T21:56:53.385+0700] {logging_mixin.py:188} INFO - [2024-07-06T21:56:53.384+0700] {dag.py:3954} INFO - Setting next_dagrun for tutorial_taskflow_api to None, run_after=None
[2024-07-06T21:56:53.406+0700] {processor.py:183} INFO - Processing /home/acer/.local/share/virtualenvs/custom_airflow-E5ZHcY_K/lib/python3.12/site-packages/airflow/example_dags/tutorial_taskflow_api.py took 0.064 seconds
[2024-07-06T21:57:44.004+0700] {processor.py:161} INFO - Started process (PID=13961) to work on /home/acer/.local/share/virtualenvs/custom_airflow-E5ZHcY_K/lib/python3.12/site-packages/airflow/example_dags/tutorial_taskflow_api.py
[2024-07-06T21:57:44.005+0700] {processor.py:830} INFO - Processing file /home/acer/.local/share/virtualenvs/custom_airflow-E5ZHcY_K/lib/python3.12/site-packages/airflow/example_dags/tutorial_taskflow_api.py for tasks to queue
[2024-07-06T21:57:44.007+0700] {logging_mixin.py:188} INFO - [2024-07-06T21:57:44.006+0700] {dagbag.py:545} INFO - Filling up the DagBag from /home/acer/.local/share/virtualenvs/custom_airflow-E5ZHcY_K/lib/python3.12/site-packages/airflow/example_dags/tutorial_taskflow_api.py
[2024-07-06T21:57:44.017+0700] {processor.py:840} INFO - DAG(s) 'tutorial_taskflow_api' retrieved from /home/acer/.local/share/virtualenvs/custom_airflow-E5ZHcY_K/lib/python3.12/site-packages/airflow/example_dags/tutorial_taskflow_api.py
[2024-07-06T21:57:44.037+0700] {logging_mixin.py:188} INFO - [2024-07-06T21:57:44.037+0700] {dag.py:3096} INFO - Sync 1 DAGs
[2024-07-06T21:57:44.054+0700] {logging_mixin.py:188} INFO - [2024-07-06T21:57:44.054+0700] {dag.py:3954} INFO - Setting next_dagrun for tutorial_taskflow_api to None, run_after=None
[2024-07-06T21:57:44.084+0700] {processor.py:183} INFO - Processing /home/acer/.local/share/virtualenvs/custom_airflow-E5ZHcY_K/lib/python3.12/site-packages/airflow/example_dags/tutorial_taskflow_api.py took 0.091 seconds
[2024-07-06T21:58:39.074+0700] {processor.py:161} INFO - Started process (PID=14255) to work on /home/acer/.local/share/virtualenvs/custom_airflow-E5ZHcY_K/lib/python3.12/site-packages/airflow/example_dags/tutorial_taskflow_api.py
[2024-07-06T21:58:39.076+0700] {processor.py:830} INFO - Processing file /home/acer/.local/share/virtualenvs/custom_airflow-E5ZHcY_K/lib/python3.12/site-packages/airflow/example_dags/tutorial_taskflow_api.py for tasks to queue
[2024-07-06T21:58:39.079+0700] {logging_mixin.py:188} INFO - [2024-07-06T21:58:39.078+0700] {dagbag.py:545} INFO - Filling up the DagBag from /home/acer/.local/share/virtualenvs/custom_airflow-E5ZHcY_K/lib/python3.12/site-packages/airflow/example_dags/tutorial_taskflow_api.py
[2024-07-06T21:58:39.088+0700] {processor.py:840} INFO - DAG(s) 'tutorial_taskflow_api' retrieved from /home/acer/.local/share/virtualenvs/custom_airflow-E5ZHcY_K/lib/python3.12/site-packages/airflow/example_dags/tutorial_taskflow_api.py
[2024-07-06T21:58:39.104+0700] {logging_mixin.py:188} INFO - [2024-07-06T21:58:39.104+0700] {dag.py:3096} INFO - Sync 1 DAGs
[2024-07-06T21:58:39.117+0700] {logging_mixin.py:188} INFO - [2024-07-06T21:58:39.116+0700] {dag.py:3954} INFO - Setting next_dagrun for tutorial_taskflow_api to None, run_after=None
[2024-07-06T21:58:39.140+0700] {processor.py:183} INFO - Processing /home/acer/.local/share/virtualenvs/custom_airflow-E5ZHcY_K/lib/python3.12/site-packages/airflow/example_dags/tutorial_taskflow_api.py took 0.076 seconds
[2024-07-06T21:59:26.463+0700] {processor.py:161} INFO - Started process (PID=14509) to work on /home/acer/.local/share/virtualenvs/custom_airflow-E5ZHcY_K/lib/python3.12/site-packages/airflow/example_dags/tutorial_taskflow_api.py
[2024-07-06T21:59:26.465+0700] {processor.py:830} INFO - Processing file /home/acer/.local/share/virtualenvs/custom_airflow-E5ZHcY_K/lib/python3.12/site-packages/airflow/example_dags/tutorial_taskflow_api.py for tasks to queue
[2024-07-06T21:59:26.468+0700] {logging_mixin.py:188} INFO - [2024-07-06T21:59:26.467+0700] {dagbag.py:545} INFO - Filling up the DagBag from /home/acer/.local/share/virtualenvs/custom_airflow-E5ZHcY_K/lib/python3.12/site-packages/airflow/example_dags/tutorial_taskflow_api.py
[2024-07-06T21:59:26.477+0700] {processor.py:840} INFO - DAG(s) 'tutorial_taskflow_api' retrieved from /home/acer/.local/share/virtualenvs/custom_airflow-E5ZHcY_K/lib/python3.12/site-packages/airflow/example_dags/tutorial_taskflow_api.py
[2024-07-06T21:59:26.493+0700] {logging_mixin.py:188} INFO - [2024-07-06T21:59:26.492+0700] {dag.py:3096} INFO - Sync 1 DAGs
[2024-07-06T21:59:26.505+0700] {logging_mixin.py:188} INFO - [2024-07-06T21:59:26.505+0700] {dag.py:3954} INFO - Setting next_dagrun for tutorial_taskflow_api to None, run_after=None
[2024-07-06T21:59:26.526+0700] {processor.py:183} INFO - Processing /home/acer/.local/share/virtualenvs/custom_airflow-E5ZHcY_K/lib/python3.12/site-packages/airflow/example_dags/tutorial_taskflow_api.py took 0.081 seconds
[2024-07-06T22:00:18.614+0700] {processor.py:161} INFO - Started process (PID=14887) to work on /home/acer/.local/share/virtualenvs/custom_airflow-E5ZHcY_K/lib/python3.12/site-packages/airflow/example_dags/tutorial_taskflow_api.py
[2024-07-06T22:00:18.616+0700] {processor.py:830} INFO - Processing file /home/acer/.local/share/virtualenvs/custom_airflow-E5ZHcY_K/lib/python3.12/site-packages/airflow/example_dags/tutorial_taskflow_api.py for tasks to queue
[2024-07-06T22:00:18.620+0700] {logging_mixin.py:188} INFO - [2024-07-06T22:00:18.619+0700] {dagbag.py:545} INFO - Filling up the DagBag from /home/acer/.local/share/virtualenvs/custom_airflow-E5ZHcY_K/lib/python3.12/site-packages/airflow/example_dags/tutorial_taskflow_api.py
[2024-07-06T22:00:18.630+0700] {processor.py:840} INFO - DAG(s) 'tutorial_taskflow_api' retrieved from /home/acer/.local/share/virtualenvs/custom_airflow-E5ZHcY_K/lib/python3.12/site-packages/airflow/example_dags/tutorial_taskflow_api.py
[2024-07-06T22:00:18.647+0700] {logging_mixin.py:188} INFO - [2024-07-06T22:00:18.647+0700] {dag.py:3096} INFO - Sync 1 DAGs
[2024-07-06T22:00:18.659+0700] {logging_mixin.py:188} INFO - [2024-07-06T22:00:18.659+0700] {dag.py:3954} INFO - Setting next_dagrun for tutorial_taskflow_api to None, run_after=None
[2024-07-06T22:00:18.681+0700] {processor.py:183} INFO - Processing /home/acer/.local/share/virtualenvs/custom_airflow-E5ZHcY_K/lib/python3.12/site-packages/airflow/example_dags/tutorial_taskflow_api.py took 0.084 seconds
[2024-07-06T22:01:44.262+0700] {processor.py:161} INFO - Started process (PID=15667) to work on /home/acer/.local/share/virtualenvs/custom_airflow-E5ZHcY_K/lib/python3.12/site-packages/airflow/example_dags/tutorial_taskflow_api.py
[2024-07-06T22:01:44.263+0700] {processor.py:830} INFO - Processing file /home/acer/.local/share/virtualenvs/custom_airflow-E5ZHcY_K/lib/python3.12/site-packages/airflow/example_dags/tutorial_taskflow_api.py for tasks to queue
[2024-07-06T22:01:44.265+0700] {logging_mixin.py:188} INFO - [2024-07-06T22:01:44.265+0700] {dagbag.py:545} INFO - Filling up the DagBag from /home/acer/.local/share/virtualenvs/custom_airflow-E5ZHcY_K/lib/python3.12/site-packages/airflow/example_dags/tutorial_taskflow_api.py
[2024-07-06T22:01:44.273+0700] {processor.py:840} INFO - DAG(s) 'tutorial_taskflow_api' retrieved from /home/acer/.local/share/virtualenvs/custom_airflow-E5ZHcY_K/lib/python3.12/site-packages/airflow/example_dags/tutorial_taskflow_api.py
[2024-07-06T22:01:44.289+0700] {logging_mixin.py:188} INFO - [2024-07-06T22:01:44.289+0700] {dag.py:3096} INFO - Sync 1 DAGs
[2024-07-06T22:01:44.305+0700] {logging_mixin.py:188} INFO - [2024-07-06T22:01:44.304+0700] {dag.py:3954} INFO - Setting next_dagrun for tutorial_taskflow_api to None, run_after=None
[2024-07-06T22:01:44.327+0700] {processor.py:183} INFO - Processing /home/acer/.local/share/virtualenvs/custom_airflow-E5ZHcY_K/lib/python3.12/site-packages/airflow/example_dags/tutorial_taskflow_api.py took 0.070 seconds
[2024-07-06T22:02:46.024+0700] {processor.py:161} INFO - Started process (PID=16281) to work on /home/acer/.local/share/virtualenvs/custom_airflow-E5ZHcY_K/lib/python3.12/site-packages/airflow/example_dags/tutorial_taskflow_api.py
[2024-07-06T22:02:46.025+0700] {processor.py:830} INFO - Processing file /home/acer/.local/share/virtualenvs/custom_airflow-E5ZHcY_K/lib/python3.12/site-packages/airflow/example_dags/tutorial_taskflow_api.py for tasks to queue
[2024-07-06T22:02:46.027+0700] {logging_mixin.py:188} INFO - [2024-07-06T22:02:46.027+0700] {dagbag.py:545} INFO - Filling up the DagBag from /home/acer/.local/share/virtualenvs/custom_airflow-E5ZHcY_K/lib/python3.12/site-packages/airflow/example_dags/tutorial_taskflow_api.py
[2024-07-06T22:02:46.034+0700] {processor.py:840} INFO - DAG(s) 'tutorial_taskflow_api' retrieved from /home/acer/.local/share/virtualenvs/custom_airflow-E5ZHcY_K/lib/python3.12/site-packages/airflow/example_dags/tutorial_taskflow_api.py
[2024-07-06T22:02:46.049+0700] {logging_mixin.py:188} INFO - [2024-07-06T22:02:46.048+0700] {dag.py:3096} INFO - Sync 1 DAGs
[2024-07-06T22:02:46.061+0700] {logging_mixin.py:188} INFO - [2024-07-06T22:02:46.060+0700] {dag.py:3954} INFO - Setting next_dagrun for tutorial_taskflow_api to None, run_after=None
[2024-07-06T22:02:46.082+0700] {processor.py:183} INFO - Processing /home/acer/.local/share/virtualenvs/custom_airflow-E5ZHcY_K/lib/python3.12/site-packages/airflow/example_dags/tutorial_taskflow_api.py took 0.064 seconds
[2024-07-06T22:03:37.867+0700] {processor.py:161} INFO - Started process (PID=16528) to work on /home/acer/.local/share/virtualenvs/custom_airflow-E5ZHcY_K/lib/python3.12/site-packages/airflow/example_dags/tutorial_taskflow_api.py
[2024-07-06T22:03:37.868+0700] {processor.py:830} INFO - Processing file /home/acer/.local/share/virtualenvs/custom_airflow-E5ZHcY_K/lib/python3.12/site-packages/airflow/example_dags/tutorial_taskflow_api.py for tasks to queue
[2024-07-06T22:03:37.872+0700] {logging_mixin.py:188} INFO - [2024-07-06T22:03:37.871+0700] {dagbag.py:545} INFO - Filling up the DagBag from /home/acer/.local/share/virtualenvs/custom_airflow-E5ZHcY_K/lib/python3.12/site-packages/airflow/example_dags/tutorial_taskflow_api.py
[2024-07-06T22:03:37.881+0700] {processor.py:840} INFO - DAG(s) 'tutorial_taskflow_api' retrieved from /home/acer/.local/share/virtualenvs/custom_airflow-E5ZHcY_K/lib/python3.12/site-packages/airflow/example_dags/tutorial_taskflow_api.py
[2024-07-06T22:03:37.898+0700] {logging_mixin.py:188} INFO - [2024-07-06T22:03:37.898+0700] {dag.py:3096} INFO - Sync 1 DAGs
[2024-07-06T22:03:37.911+0700] {logging_mixin.py:188} INFO - [2024-07-06T22:03:37.910+0700] {dag.py:3954} INFO - Setting next_dagrun for tutorial_taskflow_api to None, run_after=None
[2024-07-06T22:03:37.932+0700] {processor.py:183} INFO - Processing /home/acer/.local/share/virtualenvs/custom_airflow-E5ZHcY_K/lib/python3.12/site-packages/airflow/example_dags/tutorial_taskflow_api.py took 0.078 seconds
[2024-07-06T22:05:06.416+0700] {processor.py:161} INFO - Started process (PID=17576) to work on /home/acer/.local/share/virtualenvs/custom_airflow-E5ZHcY_K/lib/python3.12/site-packages/airflow/example_dags/tutorial_taskflow_api.py
[2024-07-06T22:05:06.417+0700] {processor.py:830} INFO - Processing file /home/acer/.local/share/virtualenvs/custom_airflow-E5ZHcY_K/lib/python3.12/site-packages/airflow/example_dags/tutorial_taskflow_api.py for tasks to queue
[2024-07-06T22:05:06.421+0700] {logging_mixin.py:188} INFO - [2024-07-06T22:05:06.420+0700] {dagbag.py:545} INFO - Filling up the DagBag from /home/acer/.local/share/virtualenvs/custom_airflow-E5ZHcY_K/lib/python3.12/site-packages/airflow/example_dags/tutorial_taskflow_api.py
[2024-07-06T22:05:06.430+0700] {processor.py:840} INFO - DAG(s) 'tutorial_taskflow_api' retrieved from /home/acer/.local/share/virtualenvs/custom_airflow-E5ZHcY_K/lib/python3.12/site-packages/airflow/example_dags/tutorial_taskflow_api.py
[2024-07-06T22:05:06.446+0700] {logging_mixin.py:188} INFO - [2024-07-06T22:05:06.446+0700] {dag.py:3096} INFO - Sync 1 DAGs
[2024-07-06T22:05:06.459+0700] {logging_mixin.py:188} INFO - [2024-07-06T22:05:06.459+0700] {dag.py:3954} INFO - Setting next_dagrun for tutorial_taskflow_api to None, run_after=None
[2024-07-06T22:05:06.481+0700] {processor.py:183} INFO - Processing /home/acer/.local/share/virtualenvs/custom_airflow-E5ZHcY_K/lib/python3.12/site-packages/airflow/example_dags/tutorial_taskflow_api.py took 0.076 seconds
[2024-07-06T22:05:58.820+0700] {processor.py:161} INFO - Started process (PID=17837) to work on /home/acer/.local/share/virtualenvs/custom_airflow-E5ZHcY_K/lib/python3.12/site-packages/airflow/example_dags/tutorial_taskflow_api.py
[2024-07-06T22:05:58.822+0700] {processor.py:830} INFO - Processing file /home/acer/.local/share/virtualenvs/custom_airflow-E5ZHcY_K/lib/python3.12/site-packages/airflow/example_dags/tutorial_taskflow_api.py for tasks to queue
[2024-07-06T22:05:58.825+0700] {logging_mixin.py:188} INFO - [2024-07-06T22:05:58.824+0700] {dagbag.py:545} INFO - Filling up the DagBag from /home/acer/.local/share/virtualenvs/custom_airflow-E5ZHcY_K/lib/python3.12/site-packages/airflow/example_dags/tutorial_taskflow_api.py
[2024-07-06T22:05:58.834+0700] {processor.py:840} INFO - DAG(s) 'tutorial_taskflow_api' retrieved from /home/acer/.local/share/virtualenvs/custom_airflow-E5ZHcY_K/lib/python3.12/site-packages/airflow/example_dags/tutorial_taskflow_api.py
[2024-07-06T22:05:58.858+0700] {logging_mixin.py:188} INFO - [2024-07-06T22:05:58.857+0700] {dag.py:3096} INFO - Sync 1 DAGs
[2024-07-06T22:05:58.876+0700] {logging_mixin.py:188} INFO - [2024-07-06T22:05:58.876+0700] {dag.py:3954} INFO - Setting next_dagrun for tutorial_taskflow_api to None, run_after=None
[2024-07-06T22:05:58.904+0700] {processor.py:183} INFO - Processing /home/acer/.local/share/virtualenvs/custom_airflow-E5ZHcY_K/lib/python3.12/site-packages/airflow/example_dags/tutorial_taskflow_api.py took 0.091 seconds
[2024-07-06T22:06:46.673+0700] {processor.py:161} INFO - Started process (PID=18233) to work on /home/acer/.local/share/virtualenvs/custom_airflow-E5ZHcY_K/lib/python3.12/site-packages/airflow/example_dags/tutorial_taskflow_api.py
[2024-07-06T22:06:46.675+0700] {processor.py:830} INFO - Processing file /home/acer/.local/share/virtualenvs/custom_airflow-E5ZHcY_K/lib/python3.12/site-packages/airflow/example_dags/tutorial_taskflow_api.py for tasks to queue
[2024-07-06T22:06:46.680+0700] {logging_mixin.py:188} INFO - [2024-07-06T22:06:46.679+0700] {dagbag.py:545} INFO - Filling up the DagBag from /home/acer/.local/share/virtualenvs/custom_airflow-E5ZHcY_K/lib/python3.12/site-packages/airflow/example_dags/tutorial_taskflow_api.py
[2024-07-06T22:06:46.694+0700] {processor.py:840} INFO - DAG(s) 'tutorial_taskflow_api' retrieved from /home/acer/.local/share/virtualenvs/custom_airflow-E5ZHcY_K/lib/python3.12/site-packages/airflow/example_dags/tutorial_taskflow_api.py
[2024-07-06T22:06:46.714+0700] {logging_mixin.py:188} INFO - [2024-07-06T22:06:46.714+0700] {dag.py:3096} INFO - Sync 1 DAGs
[2024-07-06T22:06:46.728+0700] {logging_mixin.py:188} INFO - [2024-07-06T22:06:46.727+0700] {dag.py:3954} INFO - Setting next_dagrun for tutorial_taskflow_api to None, run_after=None
[2024-07-06T22:06:46.750+0700] {processor.py:183} INFO - Processing /home/acer/.local/share/virtualenvs/custom_airflow-E5ZHcY_K/lib/python3.12/site-packages/airflow/example_dags/tutorial_taskflow_api.py took 0.106 seconds
[2024-07-06T22:07:41.228+0700] {processor.py:161} INFO - Started process (PID=18629) to work on /home/acer/.local/share/virtualenvs/custom_airflow-E5ZHcY_K/lib/python3.12/site-packages/airflow/example_dags/tutorial_taskflow_api.py
[2024-07-06T22:07:41.231+0700] {processor.py:830} INFO - Processing file /home/acer/.local/share/virtualenvs/custom_airflow-E5ZHcY_K/lib/python3.12/site-packages/airflow/example_dags/tutorial_taskflow_api.py for tasks to queue
[2024-07-06T22:07:41.234+0700] {logging_mixin.py:188} INFO - [2024-07-06T22:07:41.233+0700] {dagbag.py:545} INFO - Filling up the DagBag from /home/acer/.local/share/virtualenvs/custom_airflow-E5ZHcY_K/lib/python3.12/site-packages/airflow/example_dags/tutorial_taskflow_api.py
[2024-07-06T22:07:41.245+0700] {processor.py:840} INFO - DAG(s) 'tutorial_taskflow_api' retrieved from /home/acer/.local/share/virtualenvs/custom_airflow-E5ZHcY_K/lib/python3.12/site-packages/airflow/example_dags/tutorial_taskflow_api.py
[2024-07-06T22:07:41.263+0700] {logging_mixin.py:188} INFO - [2024-07-06T22:07:41.263+0700] {dag.py:3096} INFO - Sync 1 DAGs
[2024-07-06T22:07:41.281+0700] {logging_mixin.py:188} INFO - [2024-07-06T22:07:41.281+0700] {dag.py:3954} INFO - Setting next_dagrun for tutorial_taskflow_api to None, run_after=None
[2024-07-06T22:07:41.328+0700] {processor.py:183} INFO - Processing /home/acer/.local/share/virtualenvs/custom_airflow-E5ZHcY_K/lib/python3.12/site-packages/airflow/example_dags/tutorial_taskflow_api.py took 0.116 seconds
[2024-07-06T22:08:37.427+0700] {processor.py:161} INFO - Started process (PID=18916) to work on /home/acer/.local/share/virtualenvs/custom_airflow-E5ZHcY_K/lib/python3.12/site-packages/airflow/example_dags/tutorial_taskflow_api.py
[2024-07-06T22:08:37.430+0700] {processor.py:830} INFO - Processing file /home/acer/.local/share/virtualenvs/custom_airflow-E5ZHcY_K/lib/python3.12/site-packages/airflow/example_dags/tutorial_taskflow_api.py for tasks to queue
[2024-07-06T22:08:37.434+0700] {logging_mixin.py:188} INFO - [2024-07-06T22:08:37.433+0700] {dagbag.py:545} INFO - Filling up the DagBag from /home/acer/.local/share/virtualenvs/custom_airflow-E5ZHcY_K/lib/python3.12/site-packages/airflow/example_dags/tutorial_taskflow_api.py
[2024-07-06T22:08:37.444+0700] {processor.py:840} INFO - DAG(s) 'tutorial_taskflow_api' retrieved from /home/acer/.local/share/virtualenvs/custom_airflow-E5ZHcY_K/lib/python3.12/site-packages/airflow/example_dags/tutorial_taskflow_api.py
[2024-07-06T22:08:37.469+0700] {logging_mixin.py:188} INFO - [2024-07-06T22:08:37.469+0700] {dag.py:3096} INFO - Sync 1 DAGs
[2024-07-06T22:08:37.494+0700] {logging_mixin.py:188} INFO - [2024-07-06T22:08:37.493+0700] {dag.py:3954} INFO - Setting next_dagrun for tutorial_taskflow_api to None, run_after=None
[2024-07-06T22:08:37.538+0700] {processor.py:183} INFO - Processing /home/acer/.local/share/virtualenvs/custom_airflow-E5ZHcY_K/lib/python3.12/site-packages/airflow/example_dags/tutorial_taskflow_api.py took 0.119 seconds
[2024-07-06T22:09:31.445+0700] {processor.py:161} INFO - Started process (PID=19227) to work on /home/acer/.local/share/virtualenvs/custom_airflow-E5ZHcY_K/lib/python3.12/site-packages/airflow/example_dags/tutorial_taskflow_api.py
[2024-07-06T22:09:31.448+0700] {processor.py:830} INFO - Processing file /home/acer/.local/share/virtualenvs/custom_airflow-E5ZHcY_K/lib/python3.12/site-packages/airflow/example_dags/tutorial_taskflow_api.py for tasks to queue
[2024-07-06T22:09:31.453+0700] {logging_mixin.py:188} INFO - [2024-07-06T22:09:31.452+0700] {dagbag.py:545} INFO - Filling up the DagBag from /home/acer/.local/share/virtualenvs/custom_airflow-E5ZHcY_K/lib/python3.12/site-packages/airflow/example_dags/tutorial_taskflow_api.py
[2024-07-06T22:09:31.479+0700] {processor.py:840} INFO - DAG(s) 'tutorial_taskflow_api' retrieved from /home/acer/.local/share/virtualenvs/custom_airflow-E5ZHcY_K/lib/python3.12/site-packages/airflow/example_dags/tutorial_taskflow_api.py
[2024-07-06T22:09:31.507+0700] {logging_mixin.py:188} INFO - [2024-07-06T22:09:31.507+0700] {dag.py:3096} INFO - Sync 1 DAGs
[2024-07-06T22:09:31.524+0700] {logging_mixin.py:188} INFO - [2024-07-06T22:09:31.523+0700] {dag.py:3954} INFO - Setting next_dagrun for tutorial_taskflow_api to None, run_after=None
[2024-07-06T22:09:31.554+0700] {processor.py:183} INFO - Processing /home/acer/.local/share/virtualenvs/custom_airflow-E5ZHcY_K/lib/python3.12/site-packages/airflow/example_dags/tutorial_taskflow_api.py took 0.127 seconds
[2024-07-06T22:10:36.690+0700] {processor.py:161} INFO - Started process (PID=19620) to work on /home/acer/.local/share/virtualenvs/custom_airflow-E5ZHcY_K/lib/python3.12/site-packages/airflow/example_dags/tutorial_taskflow_api.py
[2024-07-06T22:10:36.693+0700] {processor.py:830} INFO - Processing file /home/acer/.local/share/virtualenvs/custom_airflow-E5ZHcY_K/lib/python3.12/site-packages/airflow/example_dags/tutorial_taskflow_api.py for tasks to queue
[2024-07-06T22:10:36.697+0700] {logging_mixin.py:188} INFO - [2024-07-06T22:10:36.696+0700] {dagbag.py:545} INFO - Filling up the DagBag from /home/acer/.local/share/virtualenvs/custom_airflow-E5ZHcY_K/lib/python3.12/site-packages/airflow/example_dags/tutorial_taskflow_api.py
[2024-07-06T22:10:36.707+0700] {processor.py:840} INFO - DAG(s) 'tutorial_taskflow_api' retrieved from /home/acer/.local/share/virtualenvs/custom_airflow-E5ZHcY_K/lib/python3.12/site-packages/airflow/example_dags/tutorial_taskflow_api.py
[2024-07-06T22:10:36.723+0700] {logging_mixin.py:188} INFO - [2024-07-06T22:10:36.723+0700] {dag.py:3096} INFO - Sync 1 DAGs
[2024-07-06T22:10:36.735+0700] {logging_mixin.py:188} INFO - [2024-07-06T22:10:36.735+0700] {dag.py:3954} INFO - Setting next_dagrun for tutorial_taskflow_api to None, run_after=None
[2024-07-06T22:10:36.757+0700] {processor.py:183} INFO - Processing /home/acer/.local/share/virtualenvs/custom_airflow-E5ZHcY_K/lib/python3.12/site-packages/airflow/example_dags/tutorial_taskflow_api.py took 0.085 seconds
[2024-07-06T22:11:40.023+0700] {processor.py:161} INFO - Started process (PID=19933) to work on /home/acer/.local/share/virtualenvs/custom_airflow-E5ZHcY_K/lib/python3.12/site-packages/airflow/example_dags/tutorial_taskflow_api.py
[2024-07-06T22:11:40.024+0700] {processor.py:830} INFO - Processing file /home/acer/.local/share/virtualenvs/custom_airflow-E5ZHcY_K/lib/python3.12/site-packages/airflow/example_dags/tutorial_taskflow_api.py for tasks to queue
[2024-07-06T22:11:40.034+0700] {logging_mixin.py:188} INFO - [2024-07-06T22:11:40.025+0700] {dagbag.py:545} INFO - Filling up the DagBag from /home/acer/.local/share/virtualenvs/custom_airflow-E5ZHcY_K/lib/python3.12/site-packages/airflow/example_dags/tutorial_taskflow_api.py
[2024-07-06T22:11:40.043+0700] {processor.py:840} INFO - DAG(s) 'tutorial_taskflow_api' retrieved from /home/acer/.local/share/virtualenvs/custom_airflow-E5ZHcY_K/lib/python3.12/site-packages/airflow/example_dags/tutorial_taskflow_api.py
[2024-07-06T22:11:40.062+0700] {logging_mixin.py:188} INFO - [2024-07-06T22:11:40.061+0700] {dag.py:3096} INFO - Sync 1 DAGs
[2024-07-06T22:11:40.076+0700] {logging_mixin.py:188} INFO - [2024-07-06T22:11:40.076+0700] {dag.py:3954} INFO - Setting next_dagrun for tutorial_taskflow_api to None, run_after=None
[2024-07-06T22:11:40.105+0700] {processor.py:183} INFO - Processing /home/acer/.local/share/virtualenvs/custom_airflow-E5ZHcY_K/lib/python3.12/site-packages/airflow/example_dags/tutorial_taskflow_api.py took 0.090 seconds
[2024-07-06T22:12:39.350+0700] {processor.py:161} INFO - Started process (PID=20253) to work on /home/acer/.local/share/virtualenvs/custom_airflow-E5ZHcY_K/lib/python3.12/site-packages/airflow/example_dags/tutorial_taskflow_api.py
[2024-07-06T22:12:39.351+0700] {processor.py:830} INFO - Processing file /home/acer/.local/share/virtualenvs/custom_airflow-E5ZHcY_K/lib/python3.12/site-packages/airflow/example_dags/tutorial_taskflow_api.py for tasks to queue
[2024-07-06T22:12:39.355+0700] {logging_mixin.py:188} INFO - [2024-07-06T22:12:39.354+0700] {dagbag.py:545} INFO - Filling up the DagBag from /home/acer/.local/share/virtualenvs/custom_airflow-E5ZHcY_K/lib/python3.12/site-packages/airflow/example_dags/tutorial_taskflow_api.py
[2024-07-06T22:12:39.364+0700] {processor.py:840} INFO - DAG(s) 'tutorial_taskflow_api' retrieved from /home/acer/.local/share/virtualenvs/custom_airflow-E5ZHcY_K/lib/python3.12/site-packages/airflow/example_dags/tutorial_taskflow_api.py
[2024-07-06T22:12:39.382+0700] {logging_mixin.py:188} INFO - [2024-07-06T22:12:39.381+0700] {dag.py:3096} INFO - Sync 1 DAGs
[2024-07-06T22:12:39.400+0700] {logging_mixin.py:188} INFO - [2024-07-06T22:12:39.400+0700] {dag.py:3954} INFO - Setting next_dagrun for tutorial_taskflow_api to None, run_after=None
[2024-07-06T22:12:39.427+0700] {processor.py:183} INFO - Processing /home/acer/.local/share/virtualenvs/custom_airflow-E5ZHcY_K/lib/python3.12/site-packages/airflow/example_dags/tutorial_taskflow_api.py took 0.085 seconds
[2024-07-06T22:13:37.049+0700] {processor.py:161} INFO - Started process (PID=20619) to work on /home/acer/.local/share/virtualenvs/custom_airflow-E5ZHcY_K/lib/python3.12/site-packages/airflow/example_dags/tutorial_taskflow_api.py
[2024-07-06T22:13:37.053+0700] {processor.py:830} INFO - Processing file /home/acer/.local/share/virtualenvs/custom_airflow-E5ZHcY_K/lib/python3.12/site-packages/airflow/example_dags/tutorial_taskflow_api.py for tasks to queue
[2024-07-06T22:13:37.059+0700] {logging_mixin.py:188} INFO - [2024-07-06T22:13:37.058+0700] {dagbag.py:545} INFO - Filling up the DagBag from /home/acer/.local/share/virtualenvs/custom_airflow-E5ZHcY_K/lib/python3.12/site-packages/airflow/example_dags/tutorial_taskflow_api.py
[2024-07-06T22:13:37.075+0700] {processor.py:840} INFO - DAG(s) 'tutorial_taskflow_api' retrieved from /home/acer/.local/share/virtualenvs/custom_airflow-E5ZHcY_K/lib/python3.12/site-packages/airflow/example_dags/tutorial_taskflow_api.py
[2024-07-06T22:13:37.096+0700] {logging_mixin.py:188} INFO - [2024-07-06T22:13:37.095+0700] {dag.py:3096} INFO - Sync 1 DAGs
[2024-07-06T22:13:37.117+0700] {logging_mixin.py:188} INFO - [2024-07-06T22:13:37.117+0700] {dag.py:3954} INFO - Setting next_dagrun for tutorial_taskflow_api to None, run_after=None
[2024-07-06T22:13:37.168+0700] {processor.py:183} INFO - Processing /home/acer/.local/share/virtualenvs/custom_airflow-E5ZHcY_K/lib/python3.12/site-packages/airflow/example_dags/tutorial_taskflow_api.py took 0.140 seconds
[2024-07-06T22:14:36.720+0700] {processor.py:161} INFO - Started process (PID=20958) to work on /home/acer/.local/share/virtualenvs/custom_airflow-E5ZHcY_K/lib/python3.12/site-packages/airflow/example_dags/tutorial_taskflow_api.py
[2024-07-06T22:14:36.722+0700] {processor.py:830} INFO - Processing file /home/acer/.local/share/virtualenvs/custom_airflow-E5ZHcY_K/lib/python3.12/site-packages/airflow/example_dags/tutorial_taskflow_api.py for tasks to queue
[2024-07-06T22:14:36.725+0700] {logging_mixin.py:188} INFO - [2024-07-06T22:14:36.724+0700] {dagbag.py:545} INFO - Filling up the DagBag from /home/acer/.local/share/virtualenvs/custom_airflow-E5ZHcY_K/lib/python3.12/site-packages/airflow/example_dags/tutorial_taskflow_api.py
[2024-07-06T22:14:36.736+0700] {processor.py:840} INFO - DAG(s) 'tutorial_taskflow_api' retrieved from /home/acer/.local/share/virtualenvs/custom_airflow-E5ZHcY_K/lib/python3.12/site-packages/airflow/example_dags/tutorial_taskflow_api.py
[2024-07-06T22:14:36.767+0700] {logging_mixin.py:188} INFO - [2024-07-06T22:14:36.766+0700] {dag.py:3096} INFO - Sync 1 DAGs
[2024-07-06T22:14:36.788+0700] {logging_mixin.py:188} INFO - [2024-07-06T22:14:36.787+0700] {dag.py:3954} INFO - Setting next_dagrun for tutorial_taskflow_api to None, run_after=None
[2024-07-06T22:14:36.819+0700] {processor.py:183} INFO - Processing /home/acer/.local/share/virtualenvs/custom_airflow-E5ZHcY_K/lib/python3.12/site-packages/airflow/example_dags/tutorial_taskflow_api.py took 0.113 seconds
[2024-07-06T22:15:41.794+0700] {processor.py:161} INFO - Started process (PID=21351) to work on /home/acer/.local/share/virtualenvs/custom_airflow-E5ZHcY_K/lib/python3.12/site-packages/airflow/example_dags/tutorial_taskflow_api.py
[2024-07-06T22:15:41.802+0700] {processor.py:830} INFO - Processing file /home/acer/.local/share/virtualenvs/custom_airflow-E5ZHcY_K/lib/python3.12/site-packages/airflow/example_dags/tutorial_taskflow_api.py for tasks to queue
[2024-07-06T22:15:41.804+0700] {logging_mixin.py:188} INFO - [2024-07-06T22:15:41.804+0700] {dagbag.py:545} INFO - Filling up the DagBag from /home/acer/.local/share/virtualenvs/custom_airflow-E5ZHcY_K/lib/python3.12/site-packages/airflow/example_dags/tutorial_taskflow_api.py
[2024-07-06T22:15:41.811+0700] {processor.py:840} INFO - DAG(s) 'tutorial_taskflow_api' retrieved from /home/acer/.local/share/virtualenvs/custom_airflow-E5ZHcY_K/lib/python3.12/site-packages/airflow/example_dags/tutorial_taskflow_api.py
[2024-07-06T22:15:41.828+0700] {logging_mixin.py:188} INFO - [2024-07-06T22:15:41.828+0700] {dag.py:3096} INFO - Sync 1 DAGs
[2024-07-06T22:15:41.843+0700] {logging_mixin.py:188} INFO - [2024-07-06T22:15:41.843+0700] {dag.py:3954} INFO - Setting next_dagrun for tutorial_taskflow_api to None, run_after=None
[2024-07-06T22:15:41.920+0700] {processor.py:183} INFO - Processing /home/acer/.local/share/virtualenvs/custom_airflow-E5ZHcY_K/lib/python3.12/site-packages/airflow/example_dags/tutorial_taskflow_api.py took 0.138 seconds
[2024-07-06T22:16:39.007+0700] {processor.py:161} INFO - Started process (PID=21645) to work on /home/acer/.local/share/virtualenvs/custom_airflow-E5ZHcY_K/lib/python3.12/site-packages/airflow/example_dags/tutorial_taskflow_api.py
[2024-07-06T22:16:39.009+0700] {processor.py:830} INFO - Processing file /home/acer/.local/share/virtualenvs/custom_airflow-E5ZHcY_K/lib/python3.12/site-packages/airflow/example_dags/tutorial_taskflow_api.py for tasks to queue
[2024-07-06T22:16:39.012+0700] {logging_mixin.py:188} INFO - [2024-07-06T22:16:39.011+0700] {dagbag.py:545} INFO - Filling up the DagBag from /home/acer/.local/share/virtualenvs/custom_airflow-E5ZHcY_K/lib/python3.12/site-packages/airflow/example_dags/tutorial_taskflow_api.py
[2024-07-06T22:16:39.019+0700] {processor.py:840} INFO - DAG(s) 'tutorial_taskflow_api' retrieved from /home/acer/.local/share/virtualenvs/custom_airflow-E5ZHcY_K/lib/python3.12/site-packages/airflow/example_dags/tutorial_taskflow_api.py
[2024-07-06T22:16:39.038+0700] {logging_mixin.py:188} INFO - [2024-07-06T22:16:39.038+0700] {dag.py:3096} INFO - Sync 1 DAGs
[2024-07-06T22:16:39.051+0700] {logging_mixin.py:188} INFO - [2024-07-06T22:16:39.051+0700] {dag.py:3954} INFO - Setting next_dagrun for tutorial_taskflow_api to None, run_after=None
[2024-07-06T22:16:39.073+0700] {processor.py:183} INFO - Processing /home/acer/.local/share/virtualenvs/custom_airflow-E5ZHcY_K/lib/python3.12/site-packages/airflow/example_dags/tutorial_taskflow_api.py took 0.076 seconds
[2024-07-06T22:17:32.469+0700] {processor.py:161} INFO - Started process (PID=21938) to work on /home/acer/.local/share/virtualenvs/custom_airflow-E5ZHcY_K/lib/python3.12/site-packages/airflow/example_dags/tutorial_taskflow_api.py
[2024-07-06T22:17:32.473+0700] {processor.py:830} INFO - Processing file /home/acer/.local/share/virtualenvs/custom_airflow-E5ZHcY_K/lib/python3.12/site-packages/airflow/example_dags/tutorial_taskflow_api.py for tasks to queue
[2024-07-06T22:17:32.476+0700] {logging_mixin.py:188} INFO - [2024-07-06T22:17:32.475+0700] {dagbag.py:545} INFO - Filling up the DagBag from /home/acer/.local/share/virtualenvs/custom_airflow-E5ZHcY_K/lib/python3.12/site-packages/airflow/example_dags/tutorial_taskflow_api.py
[2024-07-06T22:17:32.489+0700] {processor.py:840} INFO - DAG(s) 'tutorial_taskflow_api' retrieved from /home/acer/.local/share/virtualenvs/custom_airflow-E5ZHcY_K/lib/python3.12/site-packages/airflow/example_dags/tutorial_taskflow_api.py
[2024-07-06T22:17:32.518+0700] {logging_mixin.py:188} INFO - [2024-07-06T22:17:32.517+0700] {dag.py:3096} INFO - Sync 1 DAGs
[2024-07-06T22:17:32.553+0700] {logging_mixin.py:188} INFO - [2024-07-06T22:17:32.553+0700] {dag.py:3954} INFO - Setting next_dagrun for tutorial_taskflow_api to None, run_after=None
[2024-07-06T22:17:32.586+0700] {processor.py:183} INFO - Processing /home/acer/.local/share/virtualenvs/custom_airflow-E5ZHcY_K/lib/python3.12/site-packages/airflow/example_dags/tutorial_taskflow_api.py took 0.126 seconds
[2024-07-06T22:18:36.906+0700] {processor.py:161} INFO - Started process (PID=22286) to work on /home/acer/.local/share/virtualenvs/custom_airflow-E5ZHcY_K/lib/python3.12/site-packages/airflow/example_dags/tutorial_taskflow_api.py
[2024-07-06T22:18:36.907+0700] {processor.py:830} INFO - Processing file /home/acer/.local/share/virtualenvs/custom_airflow-E5ZHcY_K/lib/python3.12/site-packages/airflow/example_dags/tutorial_taskflow_api.py for tasks to queue
[2024-07-06T22:18:36.911+0700] {logging_mixin.py:188} INFO - [2024-07-06T22:18:36.910+0700] {dagbag.py:545} INFO - Filling up the DagBag from /home/acer/.local/share/virtualenvs/custom_airflow-E5ZHcY_K/lib/python3.12/site-packages/airflow/example_dags/tutorial_taskflow_api.py
[2024-07-06T22:18:36.921+0700] {processor.py:840} INFO - DAG(s) 'tutorial_taskflow_api' retrieved from /home/acer/.local/share/virtualenvs/custom_airflow-E5ZHcY_K/lib/python3.12/site-packages/airflow/example_dags/tutorial_taskflow_api.py
[2024-07-06T22:18:36.943+0700] {logging_mixin.py:188} INFO - [2024-07-06T22:18:36.943+0700] {dag.py:3096} INFO - Sync 1 DAGs
[2024-07-06T22:18:36.958+0700] {logging_mixin.py:188} INFO - [2024-07-06T22:18:36.958+0700] {dag.py:3954} INFO - Setting next_dagrun for tutorial_taskflow_api to None, run_after=None
[2024-07-06T22:18:36.994+0700] {processor.py:183} INFO - Processing /home/acer/.local/share/virtualenvs/custom_airflow-E5ZHcY_K/lib/python3.12/site-packages/airflow/example_dags/tutorial_taskflow_api.py took 0.102 seconds
[2024-07-06T22:19:37.781+0700] {processor.py:161} INFO - Started process (PID=22622) to work on /home/acer/.local/share/virtualenvs/custom_airflow-E5ZHcY_K/lib/python3.12/site-packages/airflow/example_dags/tutorial_taskflow_api.py
[2024-07-06T22:19:37.783+0700] {processor.py:830} INFO - Processing file /home/acer/.local/share/virtualenvs/custom_airflow-E5ZHcY_K/lib/python3.12/site-packages/airflow/example_dags/tutorial_taskflow_api.py for tasks to queue
[2024-07-06T22:19:37.789+0700] {logging_mixin.py:188} INFO - [2024-07-06T22:19:37.788+0700] {dagbag.py:545} INFO - Filling up the DagBag from /home/acer/.local/share/virtualenvs/custom_airflow-E5ZHcY_K/lib/python3.12/site-packages/airflow/example_dags/tutorial_taskflow_api.py
[2024-07-06T22:19:37.802+0700] {processor.py:840} INFO - DAG(s) 'tutorial_taskflow_api' retrieved from /home/acer/.local/share/virtualenvs/custom_airflow-E5ZHcY_K/lib/python3.12/site-packages/airflow/example_dags/tutorial_taskflow_api.py
[2024-07-06T22:19:37.826+0700] {logging_mixin.py:188} INFO - [2024-07-06T22:19:37.825+0700] {dag.py:3096} INFO - Sync 1 DAGs
[2024-07-06T22:19:37.843+0700] {logging_mixin.py:188} INFO - [2024-07-06T22:19:37.842+0700] {dag.py:3954} INFO - Setting next_dagrun for tutorial_taskflow_api to None, run_after=None
[2024-07-06T22:19:37.873+0700] {processor.py:183} INFO - Processing /home/acer/.local/share/virtualenvs/custom_airflow-E5ZHcY_K/lib/python3.12/site-packages/airflow/example_dags/tutorial_taskflow_api.py took 0.116 seconds
[2024-07-06T22:20:37.656+0700] {processor.py:161} INFO - Started process (PID=22916) to work on /home/acer/.local/share/virtualenvs/custom_airflow-E5ZHcY_K/lib/python3.12/site-packages/airflow/example_dags/tutorial_taskflow_api.py
[2024-07-06T22:20:37.658+0700] {processor.py:830} INFO - Processing file /home/acer/.local/share/virtualenvs/custom_airflow-E5ZHcY_K/lib/python3.12/site-packages/airflow/example_dags/tutorial_taskflow_api.py for tasks to queue
[2024-07-06T22:20:37.662+0700] {logging_mixin.py:188} INFO - [2024-07-06T22:20:37.661+0700] {dagbag.py:545} INFO - Filling up the DagBag from /home/acer/.local/share/virtualenvs/custom_airflow-E5ZHcY_K/lib/python3.12/site-packages/airflow/example_dags/tutorial_taskflow_api.py
[2024-07-06T22:20:37.675+0700] {processor.py:840} INFO - DAG(s) 'tutorial_taskflow_api' retrieved from /home/acer/.local/share/virtualenvs/custom_airflow-E5ZHcY_K/lib/python3.12/site-packages/airflow/example_dags/tutorial_taskflow_api.py
[2024-07-06T22:20:37.695+0700] {logging_mixin.py:188} INFO - [2024-07-06T22:20:37.695+0700] {dag.py:3096} INFO - Sync 1 DAGs
[2024-07-06T22:20:37.719+0700] {logging_mixin.py:188} INFO - [2024-07-06T22:20:37.719+0700] {dag.py:3954} INFO - Setting next_dagrun for tutorial_taskflow_api to None, run_after=None
[2024-07-06T22:20:37.840+0700] {processor.py:183} INFO - Processing /home/acer/.local/share/virtualenvs/custom_airflow-E5ZHcY_K/lib/python3.12/site-packages/airflow/example_dags/tutorial_taskflow_api.py took 0.208 seconds
