[2024-07-06T16:08:49.365+0700] {processor.py:161} INFO - Started process (PID=51132) to work on /home/acer/.local/share/virtualenvs/custom_airflow-E5ZHcY_K/lib/python3.12/site-packages/airflow/example_dags/tutorial_objectstorage.py
[2024-07-06T16:08:49.366+0700] {processor.py:830} INFO - Processing file /home/acer/.local/share/virtualenvs/custom_airflow-E5ZHcY_K/lib/python3.12/site-packages/airflow/example_dags/tutorial_objectstorage.py for tasks to queue
[2024-07-06T16:08:49.368+0700] {logging_mixin.py:188} INFO - [2024-07-06T16:08:49.368+0700] {dagbag.py:545} INFO - Filling up the DagBag from /home/acer/.local/share/virtualenvs/custom_airflow-E5ZHcY_K/lib/python3.12/site-packages/airflow/example_dags/tutorial_objectstorage.py
[2024-07-06T16:08:49.378+0700] {processor.py:840} INFO - DAG(s) 'tutorial_objectstorage' retrieved from /home/acer/.local/share/virtualenvs/custom_airflow-E5ZHcY_K/lib/python3.12/site-packages/airflow/example_dags/tutorial_objectstorage.py
[2024-07-06T16:08:49.493+0700] {logging_mixin.py:188} INFO - [2024-07-06T16:08:49.492+0700] {override.py:1847} INFO - Created Permission View: can delete on DAG:tutorial_objectstorage
[2024-07-06T16:08:49.504+0700] {logging_mixin.py:188} INFO - [2024-07-06T16:08:49.504+0700] {override.py:1847} INFO - Created Permission View: can edit on DAG:tutorial_objectstorage
[2024-07-06T16:08:49.512+0700] {logging_mixin.py:188} INFO - [2024-07-06T16:08:49.512+0700] {override.py:1847} INFO - Created Permission View: can read on DAG:tutorial_objectstorage
[2024-07-06T16:08:49.512+0700] {logging_mixin.py:188} INFO - [2024-07-06T16:08:49.512+0700] {dag.py:3096} INFO - Sync 1 DAGs
[2024-07-06T16:08:49.525+0700] {logging_mixin.py:188} INFO - [2024-07-06T16:08:49.524+0700] {dag.py:3118} INFO - Creating ORM DAG for tutorial_objectstorage
[2024-07-06T16:08:49.525+0700] {logging_mixin.py:188} INFO - [2024-07-06T16:08:49.525+0700] {dag.py:3954} INFO - Setting next_dagrun for tutorial_objectstorage to None, run_after=None
[2024-07-06T16:08:49.550+0700] {processor.py:183} INFO - Processing /home/acer/.local/share/virtualenvs/custom_airflow-E5ZHcY_K/lib/python3.12/site-packages/airflow/example_dags/tutorial_objectstorage.py took 0.192 seconds
[2024-07-06T16:09:49.344+0700] {processor.py:161} INFO - Started process (PID=51577) to work on /home/acer/.local/share/virtualenvs/custom_airflow-E5ZHcY_K/lib/python3.12/site-packages/airflow/example_dags/tutorial_objectstorage.py
[2024-07-06T16:09:49.345+0700] {processor.py:830} INFO - Processing file /home/acer/.local/share/virtualenvs/custom_airflow-E5ZHcY_K/lib/python3.12/site-packages/airflow/example_dags/tutorial_objectstorage.py for tasks to queue
[2024-07-06T16:09:49.348+0700] {logging_mixin.py:188} INFO - [2024-07-06T16:09:49.347+0700] {dagbag.py:545} INFO - Filling up the DagBag from /home/acer/.local/share/virtualenvs/custom_airflow-E5ZHcY_K/lib/python3.12/site-packages/airflow/example_dags/tutorial_objectstorage.py
[2024-07-06T16:09:49.359+0700] {processor.py:840} INFO - DAG(s) 'tutorial_objectstorage' retrieved from /home/acer/.local/share/virtualenvs/custom_airflow-E5ZHcY_K/lib/python3.12/site-packages/airflow/example_dags/tutorial_objectstorage.py
[2024-07-06T16:09:49.375+0700] {logging_mixin.py:188} INFO - [2024-07-06T16:09:49.374+0700] {dag.py:3096} INFO - Sync 1 DAGs
[2024-07-06T16:09:49.387+0700] {logging_mixin.py:188} INFO - [2024-07-06T16:09:49.387+0700] {dag.py:3954} INFO - Setting next_dagrun for tutorial_objectstorage to None, run_after=None
[2024-07-06T16:09:49.409+0700] {processor.py:183} INFO - Processing /home/acer/.local/share/virtualenvs/custom_airflow-E5ZHcY_K/lib/python3.12/site-packages/airflow/example_dags/tutorial_objectstorage.py took 0.075 seconds
[2024-07-06T16:10:41.668+0700] {processor.py:161} INFO - Started process (PID=52066) to work on /home/acer/.local/share/virtualenvs/custom_airflow-E5ZHcY_K/lib/python3.12/site-packages/airflow/example_dags/tutorial_objectstorage.py
[2024-07-06T16:10:41.669+0700] {processor.py:830} INFO - Processing file /home/acer/.local/share/virtualenvs/custom_airflow-E5ZHcY_K/lib/python3.12/site-packages/airflow/example_dags/tutorial_objectstorage.py for tasks to queue
[2024-07-06T16:10:41.669+0700] {logging_mixin.py:188} INFO - [2024-07-06T16:10:41.669+0700] {dagbag.py:545} INFO - Filling up the DagBag from /home/acer/.local/share/virtualenvs/custom_airflow-E5ZHcY_K/lib/python3.12/site-packages/airflow/example_dags/tutorial_objectstorage.py
[2024-07-06T16:10:41.679+0700] {processor.py:840} INFO - DAG(s) 'tutorial_objectstorage' retrieved from /home/acer/.local/share/virtualenvs/custom_airflow-E5ZHcY_K/lib/python3.12/site-packages/airflow/example_dags/tutorial_objectstorage.py
[2024-07-06T16:10:41.704+0700] {logging_mixin.py:188} INFO - [2024-07-06T16:10:41.703+0700] {dag.py:3096} INFO - Sync 1 DAGs
[2024-07-06T16:10:41.719+0700] {logging_mixin.py:188} INFO - [2024-07-06T16:10:41.719+0700] {dag.py:3954} INFO - Setting next_dagrun for tutorial_objectstorage to None, run_after=None
[2024-07-06T16:10:41.748+0700] {processor.py:183} INFO - Processing /home/acer/.local/share/virtualenvs/custom_airflow-E5ZHcY_K/lib/python3.12/site-packages/airflow/example_dags/tutorial_objectstorage.py took 0.086 seconds
[2024-07-06T16:11:36.414+0700] {processor.py:161} INFO - Started process (PID=52503) to work on /home/acer/.local/share/virtualenvs/custom_airflow-E5ZHcY_K/lib/python3.12/site-packages/airflow/example_dags/tutorial_objectstorage.py
[2024-07-06T16:11:36.417+0700] {processor.py:830} INFO - Processing file /home/acer/.local/share/virtualenvs/custom_airflow-E5ZHcY_K/lib/python3.12/site-packages/airflow/example_dags/tutorial_objectstorage.py for tasks to queue
[2024-07-06T16:11:36.422+0700] {logging_mixin.py:188} INFO - [2024-07-06T16:11:36.421+0700] {dagbag.py:545} INFO - Filling up the DagBag from /home/acer/.local/share/virtualenvs/custom_airflow-E5ZHcY_K/lib/python3.12/site-packages/airflow/example_dags/tutorial_objectstorage.py
[2024-07-06T16:11:36.442+0700] {processor.py:840} INFO - DAG(s) 'tutorial_objectstorage' retrieved from /home/acer/.local/share/virtualenvs/custom_airflow-E5ZHcY_K/lib/python3.12/site-packages/airflow/example_dags/tutorial_objectstorage.py
[2024-07-06T16:11:36.474+0700] {logging_mixin.py:188} INFO - [2024-07-06T16:11:36.473+0700] {dag.py:3096} INFO - Sync 1 DAGs
[2024-07-06T16:11:36.501+0700] {logging_mixin.py:188} INFO - [2024-07-06T16:11:36.500+0700] {dag.py:3954} INFO - Setting next_dagrun for tutorial_objectstorage to None, run_after=None
[2024-07-06T16:11:36.554+0700] {processor.py:183} INFO - Processing /home/acer/.local/share/virtualenvs/custom_airflow-E5ZHcY_K/lib/python3.12/site-packages/airflow/example_dags/tutorial_objectstorage.py took 0.172 seconds
[2024-07-06T16:15:39.004+0700] {processor.py:161} INFO - Started process (PID=54635) to work on /home/acer/.local/share/virtualenvs/custom_airflow-E5ZHcY_K/lib/python3.12/site-packages/airflow/example_dags/tutorial_objectstorage.py
[2024-07-06T16:15:39.005+0700] {processor.py:830} INFO - Processing file /home/acer/.local/share/virtualenvs/custom_airflow-E5ZHcY_K/lib/python3.12/site-packages/airflow/example_dags/tutorial_objectstorage.py for tasks to queue
[2024-07-06T16:15:39.007+0700] {logging_mixin.py:188} INFO - [2024-07-06T16:15:39.007+0700] {dagbag.py:545} INFO - Filling up the DagBag from /home/acer/.local/share/virtualenvs/custom_airflow-E5ZHcY_K/lib/python3.12/site-packages/airflow/example_dags/tutorial_objectstorage.py
[2024-07-06T16:15:39.018+0700] {processor.py:840} INFO - DAG(s) 'tutorial_objectstorage' retrieved from /home/acer/.local/share/virtualenvs/custom_airflow-E5ZHcY_K/lib/python3.12/site-packages/airflow/example_dags/tutorial_objectstorage.py
[2024-07-06T16:15:39.161+0700] {logging_mixin.py:188} INFO - [2024-07-06T16:15:39.161+0700] {dag.py:3096} INFO - Sync 1 DAGs
[2024-07-06T16:15:39.173+0700] {logging_mixin.py:188} INFO - [2024-07-06T16:15:39.173+0700] {dag.py:3954} INFO - Setting next_dagrun for tutorial_objectstorage to None, run_after=None
[2024-07-06T16:15:39.195+0700] {processor.py:183} INFO - Processing /home/acer/.local/share/virtualenvs/custom_airflow-E5ZHcY_K/lib/python3.12/site-packages/airflow/example_dags/tutorial_objectstorage.py took 0.196 seconds
[2024-07-06T16:16:39.024+0700] {processor.py:161} INFO - Started process (PID=55274) to work on /home/acer/.local/share/virtualenvs/custom_airflow-E5ZHcY_K/lib/python3.12/site-packages/airflow/example_dags/tutorial_objectstorage.py
[2024-07-06T16:16:39.025+0700] {processor.py:830} INFO - Processing file /home/acer/.local/share/virtualenvs/custom_airflow-E5ZHcY_K/lib/python3.12/site-packages/airflow/example_dags/tutorial_objectstorage.py for tasks to queue
[2024-07-06T16:16:39.027+0700] {logging_mixin.py:188} INFO - [2024-07-06T16:16:39.027+0700] {dagbag.py:545} INFO - Filling up the DagBag from /home/acer/.local/share/virtualenvs/custom_airflow-E5ZHcY_K/lib/python3.12/site-packages/airflow/example_dags/tutorial_objectstorage.py
[2024-07-06T16:16:39.035+0700] {processor.py:840} INFO - DAG(s) 'tutorial_objectstorage' retrieved from /home/acer/.local/share/virtualenvs/custom_airflow-E5ZHcY_K/lib/python3.12/site-packages/airflow/example_dags/tutorial_objectstorage.py
[2024-07-06T16:16:39.049+0700] {logging_mixin.py:188} INFO - [2024-07-06T16:16:39.049+0700] {dag.py:3096} INFO - Sync 1 DAGs
[2024-07-06T16:16:39.062+0700] {logging_mixin.py:188} INFO - [2024-07-06T16:16:39.062+0700] {dag.py:3954} INFO - Setting next_dagrun for tutorial_objectstorage to None, run_after=None
[2024-07-06T16:16:39.083+0700] {processor.py:183} INFO - Processing /home/acer/.local/share/virtualenvs/custom_airflow-E5ZHcY_K/lib/python3.12/site-packages/airflow/example_dags/tutorial_objectstorage.py took 0.068 seconds
[2024-07-06T16:17:31.014+0700] {processor.py:161} INFO - Started process (PID=55714) to work on /home/acer/.local/share/virtualenvs/custom_airflow-E5ZHcY_K/lib/python3.12/site-packages/airflow/example_dags/tutorial_objectstorage.py
[2024-07-06T16:17:31.017+0700] {processor.py:830} INFO - Processing file /home/acer/.local/share/virtualenvs/custom_airflow-E5ZHcY_K/lib/python3.12/site-packages/airflow/example_dags/tutorial_objectstorage.py for tasks to queue
[2024-07-06T16:17:31.022+0700] {logging_mixin.py:188} INFO - [2024-07-06T16:17:31.020+0700] {dagbag.py:545} INFO - Filling up the DagBag from /home/acer/.local/share/virtualenvs/custom_airflow-E5ZHcY_K/lib/python3.12/site-packages/airflow/example_dags/tutorial_objectstorage.py
[2024-07-06T16:17:31.040+0700] {processor.py:840} INFO - DAG(s) 'tutorial_objectstorage' retrieved from /home/acer/.local/share/virtualenvs/custom_airflow-E5ZHcY_K/lib/python3.12/site-packages/airflow/example_dags/tutorial_objectstorage.py
[2024-07-06T16:17:31.070+0700] {logging_mixin.py:188} INFO - [2024-07-06T16:17:31.070+0700] {dag.py:3096} INFO - Sync 1 DAGs
[2024-07-06T16:17:31.085+0700] {logging_mixin.py:188} INFO - [2024-07-06T16:17:31.085+0700] {dag.py:3954} INFO - Setting next_dagrun for tutorial_objectstorage to None, run_after=None
[2024-07-06T16:17:31.107+0700] {processor.py:183} INFO - Processing /home/acer/.local/share/virtualenvs/custom_airflow-E5ZHcY_K/lib/python3.12/site-packages/airflow/example_dags/tutorial_objectstorage.py took 0.106 seconds
[2024-07-06T16:18:19.634+0700] {processor.py:161} INFO - Started process (PID=55963) to work on /home/acer/.local/share/virtualenvs/custom_airflow-E5ZHcY_K/lib/python3.12/site-packages/airflow/example_dags/tutorial_objectstorage.py
[2024-07-06T16:18:19.636+0700] {processor.py:830} INFO - Processing file /home/acer/.local/share/virtualenvs/custom_airflow-E5ZHcY_K/lib/python3.12/site-packages/airflow/example_dags/tutorial_objectstorage.py for tasks to queue
[2024-07-06T16:18:19.638+0700] {logging_mixin.py:188} INFO - [2024-07-06T16:18:19.638+0700] {dagbag.py:545} INFO - Filling up the DagBag from /home/acer/.local/share/virtualenvs/custom_airflow-E5ZHcY_K/lib/python3.12/site-packages/airflow/example_dags/tutorial_objectstorage.py
[2024-07-06T16:18:19.647+0700] {processor.py:840} INFO - DAG(s) 'tutorial_objectstorage' retrieved from /home/acer/.local/share/virtualenvs/custom_airflow-E5ZHcY_K/lib/python3.12/site-packages/airflow/example_dags/tutorial_objectstorage.py
[2024-07-06T16:18:19.670+0700] {logging_mixin.py:188} INFO - [2024-07-06T16:18:19.670+0700] {dag.py:3096} INFO - Sync 1 DAGs
[2024-07-06T16:18:19.689+0700] {logging_mixin.py:188} INFO - [2024-07-06T16:18:19.688+0700] {dag.py:3954} INFO - Setting next_dagrun for tutorial_objectstorage to None, run_after=None
[2024-07-06T16:18:19.713+0700] {processor.py:183} INFO - Processing /home/acer/.local/share/virtualenvs/custom_airflow-E5ZHcY_K/lib/python3.12/site-packages/airflow/example_dags/tutorial_objectstorage.py took 0.087 seconds
[2024-07-06T16:19:07.852+0700] {processor.py:161} INFO - Started process (PID=56191) to work on /home/acer/.local/share/virtualenvs/custom_airflow-E5ZHcY_K/lib/python3.12/site-packages/airflow/example_dags/tutorial_objectstorage.py
[2024-07-06T16:19:07.854+0700] {processor.py:830} INFO - Processing file /home/acer/.local/share/virtualenvs/custom_airflow-E5ZHcY_K/lib/python3.12/site-packages/airflow/example_dags/tutorial_objectstorage.py for tasks to queue
[2024-07-06T16:19:07.857+0700] {logging_mixin.py:188} INFO - [2024-07-06T16:19:07.856+0700] {dagbag.py:545} INFO - Filling up the DagBag from /home/acer/.local/share/virtualenvs/custom_airflow-E5ZHcY_K/lib/python3.12/site-packages/airflow/example_dags/tutorial_objectstorage.py
[2024-07-06T16:19:07.868+0700] {processor.py:840} INFO - DAG(s) 'tutorial_objectstorage' retrieved from /home/acer/.local/share/virtualenvs/custom_airflow-E5ZHcY_K/lib/python3.12/site-packages/airflow/example_dags/tutorial_objectstorage.py
[2024-07-06T16:19:07.891+0700] {logging_mixin.py:188} INFO - [2024-07-06T16:19:07.890+0700] {dag.py:3096} INFO - Sync 1 DAGs
[2024-07-06T16:19:07.916+0700] {logging_mixin.py:188} INFO - [2024-07-06T16:19:07.916+0700] {dag.py:3954} INFO - Setting next_dagrun for tutorial_objectstorage to None, run_after=None
[2024-07-06T16:19:07.946+0700] {processor.py:183} INFO - Processing /home/acer/.local/share/virtualenvs/custom_airflow-E5ZHcY_K/lib/python3.12/site-packages/airflow/example_dags/tutorial_objectstorage.py took 0.106 seconds
[2024-07-06T16:20:06.768+0700] {processor.py:161} INFO - Started process (PID=56959) to work on /home/acer/.local/share/virtualenvs/custom_airflow-E5ZHcY_K/lib/python3.12/site-packages/airflow/example_dags/tutorial_objectstorage.py
[2024-07-06T16:20:06.769+0700] {processor.py:830} INFO - Processing file /home/acer/.local/share/virtualenvs/custom_airflow-E5ZHcY_K/lib/python3.12/site-packages/airflow/example_dags/tutorial_objectstorage.py for tasks to queue
[2024-07-06T16:20:06.772+0700] {logging_mixin.py:188} INFO - [2024-07-06T16:20:06.771+0700] {dagbag.py:545} INFO - Filling up the DagBag from /home/acer/.local/share/virtualenvs/custom_airflow-E5ZHcY_K/lib/python3.12/site-packages/airflow/example_dags/tutorial_objectstorage.py
[2024-07-06T16:20:06.782+0700] {processor.py:840} INFO - DAG(s) 'tutorial_objectstorage' retrieved from /home/acer/.local/share/virtualenvs/custom_airflow-E5ZHcY_K/lib/python3.12/site-packages/airflow/example_dags/tutorial_objectstorage.py
[2024-07-06T16:20:06.797+0700] {logging_mixin.py:188} INFO - [2024-07-06T16:20:06.797+0700] {dag.py:3096} INFO - Sync 1 DAGs
[2024-07-06T16:20:06.809+0700] {logging_mixin.py:188} INFO - [2024-07-06T16:20:06.809+0700] {dag.py:3954} INFO - Setting next_dagrun for tutorial_objectstorage to None, run_after=None
[2024-07-06T16:20:06.831+0700] {processor.py:183} INFO - Processing /home/acer/.local/share/virtualenvs/custom_airflow-E5ZHcY_K/lib/python3.12/site-packages/airflow/example_dags/tutorial_objectstorage.py took 0.073 seconds
[2024-07-06T16:21:04.137+0700] {processor.py:161} INFO - Started process (PID=57411) to work on /home/acer/.local/share/virtualenvs/custom_airflow-E5ZHcY_K/lib/python3.12/site-packages/airflow/example_dags/tutorial_objectstorage.py
[2024-07-06T16:21:04.140+0700] {processor.py:830} INFO - Processing file /home/acer/.local/share/virtualenvs/custom_airflow-E5ZHcY_K/lib/python3.12/site-packages/airflow/example_dags/tutorial_objectstorage.py for tasks to queue
[2024-07-06T16:21:04.144+0700] {logging_mixin.py:188} INFO - [2024-07-06T16:21:04.143+0700] {dagbag.py:545} INFO - Filling up the DagBag from /home/acer/.local/share/virtualenvs/custom_airflow-E5ZHcY_K/lib/python3.12/site-packages/airflow/example_dags/tutorial_objectstorage.py
[2024-07-06T16:21:04.155+0700] {processor.py:840} INFO - DAG(s) 'tutorial_objectstorage' retrieved from /home/acer/.local/share/virtualenvs/custom_airflow-E5ZHcY_K/lib/python3.12/site-packages/airflow/example_dags/tutorial_objectstorage.py
[2024-07-06T16:21:04.171+0700] {logging_mixin.py:188} INFO - [2024-07-06T16:21:04.171+0700] {dag.py:3096} INFO - Sync 1 DAGs
[2024-07-06T16:21:04.190+0700] {logging_mixin.py:188} INFO - [2024-07-06T16:21:04.189+0700] {dag.py:3954} INFO - Setting next_dagrun for tutorial_objectstorage to None, run_after=None
[2024-07-06T16:21:04.212+0700] {processor.py:183} INFO - Processing /home/acer/.local/share/virtualenvs/custom_airflow-E5ZHcY_K/lib/python3.12/site-packages/airflow/example_dags/tutorial_objectstorage.py took 0.094 seconds
[2024-07-06T16:21:53.964+0700] {processor.py:161} INFO - Started process (PID=57762) to work on /home/acer/.local/share/virtualenvs/custom_airflow-E5ZHcY_K/lib/python3.12/site-packages/airflow/example_dags/tutorial_objectstorage.py
[2024-07-06T16:21:53.966+0700] {processor.py:830} INFO - Processing file /home/acer/.local/share/virtualenvs/custom_airflow-E5ZHcY_K/lib/python3.12/site-packages/airflow/example_dags/tutorial_objectstorage.py for tasks to queue
[2024-07-06T16:21:53.970+0700] {logging_mixin.py:188} INFO - [2024-07-06T16:21:53.969+0700] {dagbag.py:545} INFO - Filling up the DagBag from /home/acer/.local/share/virtualenvs/custom_airflow-E5ZHcY_K/lib/python3.12/site-packages/airflow/example_dags/tutorial_objectstorage.py
[2024-07-06T16:21:53.980+0700] {processor.py:840} INFO - DAG(s) 'tutorial_objectstorage' retrieved from /home/acer/.local/share/virtualenvs/custom_airflow-E5ZHcY_K/lib/python3.12/site-packages/airflow/example_dags/tutorial_objectstorage.py
[2024-07-06T16:21:53.995+0700] {logging_mixin.py:188} INFO - [2024-07-06T16:21:53.995+0700] {dag.py:3096} INFO - Sync 1 DAGs
[2024-07-06T16:21:54.007+0700] {logging_mixin.py:188} INFO - [2024-07-06T16:21:54.007+0700] {dag.py:3954} INFO - Setting next_dagrun for tutorial_objectstorage to None, run_after=None
[2024-07-06T16:21:54.029+0700] {processor.py:183} INFO - Processing /home/acer/.local/share/virtualenvs/custom_airflow-E5ZHcY_K/lib/python3.12/site-packages/airflow/example_dags/tutorial_objectstorage.py took 0.084 seconds
[2024-07-06T16:22:42.219+0700] {processor.py:161} INFO - Started process (PID=58017) to work on /home/acer/.local/share/virtualenvs/custom_airflow-E5ZHcY_K/lib/python3.12/site-packages/airflow/example_dags/tutorial_objectstorage.py
[2024-07-06T16:22:42.221+0700] {processor.py:830} INFO - Processing file /home/acer/.local/share/virtualenvs/custom_airflow-E5ZHcY_K/lib/python3.12/site-packages/airflow/example_dags/tutorial_objectstorage.py for tasks to queue
[2024-07-06T16:22:42.225+0700] {logging_mixin.py:188} INFO - [2024-07-06T16:22:42.224+0700] {dagbag.py:545} INFO - Filling up the DagBag from /home/acer/.local/share/virtualenvs/custom_airflow-E5ZHcY_K/lib/python3.12/site-packages/airflow/example_dags/tutorial_objectstorage.py
[2024-07-06T16:22:42.237+0700] {processor.py:840} INFO - DAG(s) 'tutorial_objectstorage' retrieved from /home/acer/.local/share/virtualenvs/custom_airflow-E5ZHcY_K/lib/python3.12/site-packages/airflow/example_dags/tutorial_objectstorage.py
[2024-07-06T16:22:42.252+0700] {logging_mixin.py:188} INFO - [2024-07-06T16:22:42.251+0700] {dag.py:3096} INFO - Sync 1 DAGs
[2024-07-06T16:22:42.265+0700] {logging_mixin.py:188} INFO - [2024-07-06T16:22:42.264+0700] {dag.py:3954} INFO - Setting next_dagrun for tutorial_objectstorage to None, run_after=None
[2024-07-06T16:22:42.287+0700] {processor.py:183} INFO - Processing /home/acer/.local/share/virtualenvs/custom_airflow-E5ZHcY_K/lib/python3.12/site-packages/airflow/example_dags/tutorial_objectstorage.py took 0.089 seconds
[2024-07-06T16:24:06.411+0700] {processor.py:161} INFO - Started process (PID=59055) to work on /home/acer/.local/share/virtualenvs/custom_airflow-E5ZHcY_K/lib/python3.12/site-packages/airflow/example_dags/tutorial_objectstorage.py
[2024-07-06T16:24:06.412+0700] {processor.py:830} INFO - Processing file /home/acer/.local/share/virtualenvs/custom_airflow-E5ZHcY_K/lib/python3.12/site-packages/airflow/example_dags/tutorial_objectstorage.py for tasks to queue
[2024-07-06T16:24:06.414+0700] {logging_mixin.py:188} INFO - [2024-07-06T16:24:06.413+0700] {dagbag.py:545} INFO - Filling up the DagBag from /home/acer/.local/share/virtualenvs/custom_airflow-E5ZHcY_K/lib/python3.12/site-packages/airflow/example_dags/tutorial_objectstorage.py
[2024-07-06T16:24:06.423+0700] {processor.py:840} INFO - DAG(s) 'tutorial_objectstorage' retrieved from /home/acer/.local/share/virtualenvs/custom_airflow-E5ZHcY_K/lib/python3.12/site-packages/airflow/example_dags/tutorial_objectstorage.py
[2024-07-06T16:24:06.439+0700] {logging_mixin.py:188} INFO - [2024-07-06T16:24:06.439+0700] {dag.py:3096} INFO - Sync 1 DAGs
[2024-07-06T16:24:06.452+0700] {logging_mixin.py:188} INFO - [2024-07-06T16:24:06.452+0700] {dag.py:3954} INFO - Setting next_dagrun for tutorial_objectstorage to None, run_after=None
[2024-07-06T16:24:06.476+0700] {processor.py:183} INFO - Processing /home/acer/.local/share/virtualenvs/custom_airflow-E5ZHcY_K/lib/python3.12/site-packages/airflow/example_dags/tutorial_objectstorage.py took 0.073 seconds
[2024-07-06T16:25:03.262+0700] {processor.py:161} INFO - Started process (PID=59509) to work on /home/acer/.local/share/virtualenvs/custom_airflow-E5ZHcY_K/lib/python3.12/site-packages/airflow/example_dags/tutorial_objectstorage.py
[2024-07-06T16:25:03.263+0700] {processor.py:830} INFO - Processing file /home/acer/.local/share/virtualenvs/custom_airflow-E5ZHcY_K/lib/python3.12/site-packages/airflow/example_dags/tutorial_objectstorage.py for tasks to queue
[2024-07-06T16:25:03.265+0700] {logging_mixin.py:188} INFO - [2024-07-06T16:25:03.265+0700] {dagbag.py:545} INFO - Filling up the DagBag from /home/acer/.local/share/virtualenvs/custom_airflow-E5ZHcY_K/lib/python3.12/site-packages/airflow/example_dags/tutorial_objectstorage.py
[2024-07-06T16:25:03.273+0700] {processor.py:840} INFO - DAG(s) 'tutorial_objectstorage' retrieved from /home/acer/.local/share/virtualenvs/custom_airflow-E5ZHcY_K/lib/python3.12/site-packages/airflow/example_dags/tutorial_objectstorage.py
[2024-07-06T16:25:03.289+0700] {logging_mixin.py:188} INFO - [2024-07-06T16:25:03.288+0700] {dag.py:3096} INFO - Sync 1 DAGs
[2024-07-06T16:25:03.301+0700] {logging_mixin.py:188} INFO - [2024-07-06T16:25:03.300+0700] {dag.py:3954} INFO - Setting next_dagrun for tutorial_objectstorage to None, run_after=None
[2024-07-06T16:25:03.322+0700] {processor.py:183} INFO - Processing /home/acer/.local/share/virtualenvs/custom_airflow-E5ZHcY_K/lib/python3.12/site-packages/airflow/example_dags/tutorial_objectstorage.py took 0.066 seconds
[2024-07-06T16:25:53.929+0700] {processor.py:161} INFO - Started process (PID=59952) to work on /home/acer/.local/share/virtualenvs/custom_airflow-E5ZHcY_K/lib/python3.12/site-packages/airflow/example_dags/tutorial_objectstorage.py
[2024-07-06T16:25:53.932+0700] {processor.py:830} INFO - Processing file /home/acer/.local/share/virtualenvs/custom_airflow-E5ZHcY_K/lib/python3.12/site-packages/airflow/example_dags/tutorial_objectstorage.py for tasks to queue
[2024-07-06T16:25:53.937+0700] {logging_mixin.py:188} INFO - [2024-07-06T16:25:53.936+0700] {dagbag.py:545} INFO - Filling up the DagBag from /home/acer/.local/share/virtualenvs/custom_airflow-E5ZHcY_K/lib/python3.12/site-packages/airflow/example_dags/tutorial_objectstorage.py
[2024-07-06T16:25:53.954+0700] {processor.py:840} INFO - DAG(s) 'tutorial_objectstorage' retrieved from /home/acer/.local/share/virtualenvs/custom_airflow-E5ZHcY_K/lib/python3.12/site-packages/airflow/example_dags/tutorial_objectstorage.py
[2024-07-06T16:25:53.972+0700] {logging_mixin.py:188} INFO - [2024-07-06T16:25:53.972+0700] {dag.py:3096} INFO - Sync 1 DAGs
[2024-07-06T16:25:53.984+0700] {logging_mixin.py:188} INFO - [2024-07-06T16:25:53.984+0700] {dag.py:3954} INFO - Setting next_dagrun for tutorial_objectstorage to None, run_after=None
[2024-07-06T16:25:54.005+0700] {processor.py:183} INFO - Processing /home/acer/.local/share/virtualenvs/custom_airflow-E5ZHcY_K/lib/python3.12/site-packages/airflow/example_dags/tutorial_objectstorage.py took 0.096 seconds
[2024-07-06T16:26:45.815+0700] {processor.py:161} INFO - Started process (PID=60196) to work on /home/acer/.local/share/virtualenvs/custom_airflow-E5ZHcY_K/lib/python3.12/site-packages/airflow/example_dags/tutorial_objectstorage.py
[2024-07-06T16:26:45.816+0700] {processor.py:830} INFO - Processing file /home/acer/.local/share/virtualenvs/custom_airflow-E5ZHcY_K/lib/python3.12/site-packages/airflow/example_dags/tutorial_objectstorage.py for tasks to queue
[2024-07-06T16:26:45.818+0700] {logging_mixin.py:188} INFO - [2024-07-06T16:26:45.817+0700] {dagbag.py:545} INFO - Filling up the DagBag from /home/acer/.local/share/virtualenvs/custom_airflow-E5ZHcY_K/lib/python3.12/site-packages/airflow/example_dags/tutorial_objectstorage.py
[2024-07-06T16:26:45.825+0700] {processor.py:840} INFO - DAG(s) 'tutorial_objectstorage' retrieved from /home/acer/.local/share/virtualenvs/custom_airflow-E5ZHcY_K/lib/python3.12/site-packages/airflow/example_dags/tutorial_objectstorage.py
[2024-07-06T16:26:45.842+0700] {logging_mixin.py:188} INFO - [2024-07-06T16:26:45.841+0700] {dag.py:3096} INFO - Sync 1 DAGs
[2024-07-06T16:26:45.855+0700] {logging_mixin.py:188} INFO - [2024-07-06T16:26:45.855+0700] {dag.py:3954} INFO - Setting next_dagrun for tutorial_objectstorage to None, run_after=None
[2024-07-06T16:26:45.877+0700] {processor.py:183} INFO - Processing /home/acer/.local/share/virtualenvs/custom_airflow-E5ZHcY_K/lib/python3.12/site-packages/airflow/example_dags/tutorial_objectstorage.py took 0.067 seconds
[2024-07-06T16:27:32.811+0700] {processor.py:161} INFO - Started process (PID=60458) to work on /home/acer/.local/share/virtualenvs/custom_airflow-E5ZHcY_K/lib/python3.12/site-packages/airflow/example_dags/tutorial_objectstorage.py
[2024-07-06T16:27:32.813+0700] {processor.py:830} INFO - Processing file /home/acer/.local/share/virtualenvs/custom_airflow-E5ZHcY_K/lib/python3.12/site-packages/airflow/example_dags/tutorial_objectstorage.py for tasks to queue
[2024-07-06T16:27:32.817+0700] {logging_mixin.py:188} INFO - [2024-07-06T16:27:32.816+0700] {dagbag.py:545} INFO - Filling up the DagBag from /home/acer/.local/share/virtualenvs/custom_airflow-E5ZHcY_K/lib/python3.12/site-packages/airflow/example_dags/tutorial_objectstorage.py
[2024-07-06T16:27:32.828+0700] {processor.py:840} INFO - DAG(s) 'tutorial_objectstorage' retrieved from /home/acer/.local/share/virtualenvs/custom_airflow-E5ZHcY_K/lib/python3.12/site-packages/airflow/example_dags/tutorial_objectstorage.py
[2024-07-06T16:27:32.847+0700] {logging_mixin.py:188} INFO - [2024-07-06T16:27:32.846+0700] {dag.py:3096} INFO - Sync 1 DAGs
[2024-07-06T16:27:32.859+0700] {logging_mixin.py:188} INFO - [2024-07-06T16:27:32.859+0700] {dag.py:3954} INFO - Setting next_dagrun for tutorial_objectstorage to None, run_after=None
[2024-07-06T16:27:32.880+0700] {processor.py:183} INFO - Processing /home/acer/.local/share/virtualenvs/custom_airflow-E5ZHcY_K/lib/python3.12/site-packages/airflow/example_dags/tutorial_objectstorage.py took 0.082 seconds
[2024-07-06T16:28:18.467+0700] {processor.py:161} INFO - Started process (PID=60684) to work on /home/acer/.local/share/virtualenvs/custom_airflow-E5ZHcY_K/lib/python3.12/site-packages/airflow/example_dags/tutorial_objectstorage.py
[2024-07-06T16:28:18.469+0700] {processor.py:830} INFO - Processing file /home/acer/.local/share/virtualenvs/custom_airflow-E5ZHcY_K/lib/python3.12/site-packages/airflow/example_dags/tutorial_objectstorage.py for tasks to queue
[2024-07-06T16:28:18.474+0700] {logging_mixin.py:188} INFO - [2024-07-06T16:28:18.473+0700] {dagbag.py:545} INFO - Filling up the DagBag from /home/acer/.local/share/virtualenvs/custom_airflow-E5ZHcY_K/lib/python3.12/site-packages/airflow/example_dags/tutorial_objectstorage.py
[2024-07-06T16:28:18.485+0700] {processor.py:840} INFO - DAG(s) 'tutorial_objectstorage' retrieved from /home/acer/.local/share/virtualenvs/custom_airflow-E5ZHcY_K/lib/python3.12/site-packages/airflow/example_dags/tutorial_objectstorage.py
[2024-07-06T16:28:18.501+0700] {logging_mixin.py:188} INFO - [2024-07-06T16:28:18.500+0700] {dag.py:3096} INFO - Sync 1 DAGs
[2024-07-06T16:28:18.513+0700] {logging_mixin.py:188} INFO - [2024-07-06T16:28:18.512+0700] {dag.py:3954} INFO - Setting next_dagrun for tutorial_objectstorage to None, run_after=None
[2024-07-06T16:28:18.534+0700] {processor.py:183} INFO - Processing /home/acer/.local/share/virtualenvs/custom_airflow-E5ZHcY_K/lib/python3.12/site-packages/airflow/example_dags/tutorial_objectstorage.py took 0.085 seconds
[2024-07-06T16:29:03.687+0700] {processor.py:161} INFO - Started process (PID=60907) to work on /home/acer/.local/share/virtualenvs/custom_airflow-E5ZHcY_K/lib/python3.12/site-packages/airflow/example_dags/tutorial_objectstorage.py
[2024-07-06T16:29:03.688+0700] {processor.py:830} INFO - Processing file /home/acer/.local/share/virtualenvs/custom_airflow-E5ZHcY_K/lib/python3.12/site-packages/airflow/example_dags/tutorial_objectstorage.py for tasks to queue
[2024-07-06T16:29:03.690+0700] {logging_mixin.py:188} INFO - [2024-07-06T16:29:03.689+0700] {dagbag.py:545} INFO - Filling up the DagBag from /home/acer/.local/share/virtualenvs/custom_airflow-E5ZHcY_K/lib/python3.12/site-packages/airflow/example_dags/tutorial_objectstorage.py
[2024-07-06T16:29:03.697+0700] {processor.py:840} INFO - DAG(s) 'tutorial_objectstorage' retrieved from /home/acer/.local/share/virtualenvs/custom_airflow-E5ZHcY_K/lib/python3.12/site-packages/airflow/example_dags/tutorial_objectstorage.py
[2024-07-06T16:29:03.711+0700] {logging_mixin.py:188} INFO - [2024-07-06T16:29:03.711+0700] {dag.py:3096} INFO - Sync 1 DAGs
[2024-07-06T16:29:03.724+0700] {logging_mixin.py:188} INFO - [2024-07-06T16:29:03.723+0700] {dag.py:3954} INFO - Setting next_dagrun for tutorial_objectstorage to None, run_after=None
[2024-07-06T16:29:03.744+0700] {processor.py:183} INFO - Processing /home/acer/.local/share/virtualenvs/custom_airflow-E5ZHcY_K/lib/python3.12/site-packages/airflow/example_dags/tutorial_objectstorage.py took 0.062 seconds
[2024-07-06T16:29:51.749+0700] {processor.py:161} INFO - Started process (PID=61139) to work on /home/acer/.local/share/virtualenvs/custom_airflow-E5ZHcY_K/lib/python3.12/site-packages/airflow/example_dags/tutorial_objectstorage.py
[2024-07-06T16:29:51.750+0700] {processor.py:830} INFO - Processing file /home/acer/.local/share/virtualenvs/custom_airflow-E5ZHcY_K/lib/python3.12/site-packages/airflow/example_dags/tutorial_objectstorage.py for tasks to queue
[2024-07-06T16:29:51.751+0700] {logging_mixin.py:188} INFO - [2024-07-06T16:29:51.751+0700] {dagbag.py:545} INFO - Filling up the DagBag from /home/acer/.local/share/virtualenvs/custom_airflow-E5ZHcY_K/lib/python3.12/site-packages/airflow/example_dags/tutorial_objectstorage.py
[2024-07-06T16:29:51.758+0700] {processor.py:840} INFO - DAG(s) 'tutorial_objectstorage' retrieved from /home/acer/.local/share/virtualenvs/custom_airflow-E5ZHcY_K/lib/python3.12/site-packages/airflow/example_dags/tutorial_objectstorage.py
[2024-07-06T16:29:51.772+0700] {logging_mixin.py:188} INFO - [2024-07-06T16:29:51.772+0700] {dag.py:3096} INFO - Sync 1 DAGs
[2024-07-06T16:29:51.784+0700] {logging_mixin.py:188} INFO - [2024-07-06T16:29:51.784+0700] {dag.py:3954} INFO - Setting next_dagrun for tutorial_objectstorage to None, run_after=None
[2024-07-06T16:29:51.805+0700] {processor.py:183} INFO - Processing /home/acer/.local/share/virtualenvs/custom_airflow-E5ZHcY_K/lib/python3.12/site-packages/airflow/example_dags/tutorial_objectstorage.py took 0.062 seconds
[2024-07-06T16:30:35.577+0700] {processor.py:161} INFO - Started process (PID=61395) to work on /home/acer/.local/share/virtualenvs/custom_airflow-E5ZHcY_K/lib/python3.12/site-packages/airflow/example_dags/tutorial_objectstorage.py
[2024-07-06T16:30:35.578+0700] {processor.py:830} INFO - Processing file /home/acer/.local/share/virtualenvs/custom_airflow-E5ZHcY_K/lib/python3.12/site-packages/airflow/example_dags/tutorial_objectstorage.py for tasks to queue
[2024-07-06T16:30:35.580+0700] {logging_mixin.py:188} INFO - [2024-07-06T16:30:35.580+0700] {dagbag.py:545} INFO - Filling up the DagBag from /home/acer/.local/share/virtualenvs/custom_airflow-E5ZHcY_K/lib/python3.12/site-packages/airflow/example_dags/tutorial_objectstorage.py
[2024-07-06T16:30:35.587+0700] {processor.py:840} INFO - DAG(s) 'tutorial_objectstorage' retrieved from /home/acer/.local/share/virtualenvs/custom_airflow-E5ZHcY_K/lib/python3.12/site-packages/airflow/example_dags/tutorial_objectstorage.py
[2024-07-06T16:30:35.601+0700] {logging_mixin.py:188} INFO - [2024-07-06T16:30:35.601+0700] {dag.py:3096} INFO - Sync 1 DAGs
[2024-07-06T16:30:35.613+0700] {logging_mixin.py:188} INFO - [2024-07-06T16:30:35.613+0700] {dag.py:3954} INFO - Setting next_dagrun for tutorial_objectstorage to None, run_after=None
[2024-07-06T16:30:35.634+0700] {processor.py:183} INFO - Processing /home/acer/.local/share/virtualenvs/custom_airflow-E5ZHcY_K/lib/python3.12/site-packages/airflow/example_dags/tutorial_objectstorage.py took 0.062 seconds
[2024-07-06T16:31:20.982+0700] {processor.py:161} INFO - Started process (PID=61622) to work on /home/acer/.local/share/virtualenvs/custom_airflow-E5ZHcY_K/lib/python3.12/site-packages/airflow/example_dags/tutorial_objectstorage.py
[2024-07-06T16:31:20.984+0700] {processor.py:830} INFO - Processing file /home/acer/.local/share/virtualenvs/custom_airflow-E5ZHcY_K/lib/python3.12/site-packages/airflow/example_dags/tutorial_objectstorage.py for tasks to queue
[2024-07-06T16:31:20.988+0700] {logging_mixin.py:188} INFO - [2024-07-06T16:31:20.987+0700] {dagbag.py:545} INFO - Filling up the DagBag from /home/acer/.local/share/virtualenvs/custom_airflow-E5ZHcY_K/lib/python3.12/site-packages/airflow/example_dags/tutorial_objectstorage.py
[2024-07-06T16:31:21.001+0700] {processor.py:840} INFO - DAG(s) 'tutorial_objectstorage' retrieved from /home/acer/.local/share/virtualenvs/custom_airflow-E5ZHcY_K/lib/python3.12/site-packages/airflow/example_dags/tutorial_objectstorage.py
[2024-07-06T16:31:21.018+0700] {logging_mixin.py:188} INFO - [2024-07-06T16:31:21.017+0700] {dag.py:3096} INFO - Sync 1 DAGs
[2024-07-06T16:31:21.033+0700] {logging_mixin.py:188} INFO - [2024-07-06T16:31:21.033+0700] {dag.py:3954} INFO - Setting next_dagrun for tutorial_objectstorage to None, run_after=None
[2024-07-06T16:31:21.065+0700] {processor.py:183} INFO - Processing /home/acer/.local/share/virtualenvs/custom_airflow-E5ZHcY_K/lib/python3.12/site-packages/airflow/example_dags/tutorial_objectstorage.py took 0.095 seconds
[2024-07-06T16:32:06.288+0700] {processor.py:161} INFO - Started process (PID=61855) to work on /home/acer/.local/share/virtualenvs/custom_airflow-E5ZHcY_K/lib/python3.12/site-packages/airflow/example_dags/tutorial_objectstorage.py
[2024-07-06T16:32:06.289+0700] {processor.py:830} INFO - Processing file /home/acer/.local/share/virtualenvs/custom_airflow-E5ZHcY_K/lib/python3.12/site-packages/airflow/example_dags/tutorial_objectstorage.py for tasks to queue
[2024-07-06T16:32:06.290+0700] {logging_mixin.py:188} INFO - [2024-07-06T16:32:06.290+0700] {dagbag.py:545} INFO - Filling up the DagBag from /home/acer/.local/share/virtualenvs/custom_airflow-E5ZHcY_K/lib/python3.12/site-packages/airflow/example_dags/tutorial_objectstorage.py
[2024-07-06T16:32:06.298+0700] {processor.py:840} INFO - DAG(s) 'tutorial_objectstorage' retrieved from /home/acer/.local/share/virtualenvs/custom_airflow-E5ZHcY_K/lib/python3.12/site-packages/airflow/example_dags/tutorial_objectstorage.py
[2024-07-06T16:32:06.314+0700] {logging_mixin.py:188} INFO - [2024-07-06T16:32:06.313+0700] {dag.py:3096} INFO - Sync 1 DAGs
[2024-07-06T16:32:06.326+0700] {logging_mixin.py:188} INFO - [2024-07-06T16:32:06.325+0700] {dag.py:3954} INFO - Setting next_dagrun for tutorial_objectstorage to None, run_after=None
[2024-07-06T16:32:06.346+0700] {processor.py:183} INFO - Processing /home/acer/.local/share/virtualenvs/custom_airflow-E5ZHcY_K/lib/python3.12/site-packages/airflow/example_dags/tutorial_objectstorage.py took 0.064 seconds
[2024-07-06T16:32:55.062+0700] {processor.py:161} INFO - Started process (PID=62097) to work on /home/acer/.local/share/virtualenvs/custom_airflow-E5ZHcY_K/lib/python3.12/site-packages/airflow/example_dags/tutorial_objectstorage.py
[2024-07-06T16:32:55.063+0700] {processor.py:830} INFO - Processing file /home/acer/.local/share/virtualenvs/custom_airflow-E5ZHcY_K/lib/python3.12/site-packages/airflow/example_dags/tutorial_objectstorage.py for tasks to queue
[2024-07-06T16:32:55.066+0700] {logging_mixin.py:188} INFO - [2024-07-06T16:32:55.065+0700] {dagbag.py:545} INFO - Filling up the DagBag from /home/acer/.local/share/virtualenvs/custom_airflow-E5ZHcY_K/lib/python3.12/site-packages/airflow/example_dags/tutorial_objectstorage.py
[2024-07-06T16:32:55.078+0700] {processor.py:840} INFO - DAG(s) 'tutorial_objectstorage' retrieved from /home/acer/.local/share/virtualenvs/custom_airflow-E5ZHcY_K/lib/python3.12/site-packages/airflow/example_dags/tutorial_objectstorage.py
[2024-07-06T16:32:55.098+0700] {logging_mixin.py:188} INFO - [2024-07-06T16:32:55.098+0700] {dag.py:3096} INFO - Sync 1 DAGs
[2024-07-06T16:32:55.121+0700] {logging_mixin.py:188} INFO - [2024-07-06T16:32:55.121+0700] {dag.py:3954} INFO - Setting next_dagrun for tutorial_objectstorage to None, run_after=None
[2024-07-06T16:32:55.145+0700] {processor.py:183} INFO - Processing /home/acer/.local/share/virtualenvs/custom_airflow-E5ZHcY_K/lib/python3.12/site-packages/airflow/example_dags/tutorial_objectstorage.py took 0.092 seconds
[2024-07-06T16:33:43.053+0700] {processor.py:161} INFO - Started process (PID=62344) to work on /home/acer/.local/share/virtualenvs/custom_airflow-E5ZHcY_K/lib/python3.12/site-packages/airflow/example_dags/tutorial_objectstorage.py
[2024-07-06T16:33:43.054+0700] {processor.py:830} INFO - Processing file /home/acer/.local/share/virtualenvs/custom_airflow-E5ZHcY_K/lib/python3.12/site-packages/airflow/example_dags/tutorial_objectstorage.py for tasks to queue
[2024-07-06T16:33:43.056+0700] {logging_mixin.py:188} INFO - [2024-07-06T16:33:43.055+0700] {dagbag.py:545} INFO - Filling up the DagBag from /home/acer/.local/share/virtualenvs/custom_airflow-E5ZHcY_K/lib/python3.12/site-packages/airflow/example_dags/tutorial_objectstorage.py
[2024-07-06T16:33:43.062+0700] {processor.py:840} INFO - DAG(s) 'tutorial_objectstorage' retrieved from /home/acer/.local/share/virtualenvs/custom_airflow-E5ZHcY_K/lib/python3.12/site-packages/airflow/example_dags/tutorial_objectstorage.py
[2024-07-06T16:33:43.077+0700] {logging_mixin.py:188} INFO - [2024-07-06T16:33:43.076+0700] {dag.py:3096} INFO - Sync 1 DAGs
[2024-07-06T16:33:43.090+0700] {logging_mixin.py:188} INFO - [2024-07-06T16:33:43.089+0700] {dag.py:3954} INFO - Setting next_dagrun for tutorial_objectstorage to None, run_after=None
[2024-07-06T16:33:43.110+0700] {processor.py:183} INFO - Processing /home/acer/.local/share/virtualenvs/custom_airflow-E5ZHcY_K/lib/python3.12/site-packages/airflow/example_dags/tutorial_objectstorage.py took 0.064 seconds
[2024-07-06T16:34:28.620+0700] {processor.py:161} INFO - Started process (PID=62583) to work on /home/acer/.local/share/virtualenvs/custom_airflow-E5ZHcY_K/lib/python3.12/site-packages/airflow/example_dags/tutorial_objectstorage.py
[2024-07-06T16:34:28.620+0700] {processor.py:830} INFO - Processing file /home/acer/.local/share/virtualenvs/custom_airflow-E5ZHcY_K/lib/python3.12/site-packages/airflow/example_dags/tutorial_objectstorage.py for tasks to queue
[2024-07-06T16:34:28.622+0700] {logging_mixin.py:188} INFO - [2024-07-06T16:34:28.622+0700] {dagbag.py:545} INFO - Filling up the DagBag from /home/acer/.local/share/virtualenvs/custom_airflow-E5ZHcY_K/lib/python3.12/site-packages/airflow/example_dags/tutorial_objectstorage.py
[2024-07-06T16:34:28.629+0700] {processor.py:840} INFO - DAG(s) 'tutorial_objectstorage' retrieved from /home/acer/.local/share/virtualenvs/custom_airflow-E5ZHcY_K/lib/python3.12/site-packages/airflow/example_dags/tutorial_objectstorage.py
[2024-07-06T16:34:28.643+0700] {logging_mixin.py:188} INFO - [2024-07-06T16:34:28.643+0700] {dag.py:3096} INFO - Sync 1 DAGs
[2024-07-06T16:34:28.655+0700] {logging_mixin.py:188} INFO - [2024-07-06T16:34:28.655+0700] {dag.py:3954} INFO - Setting next_dagrun for tutorial_objectstorage to None, run_after=None
[2024-07-06T16:34:28.679+0700] {processor.py:183} INFO - Processing /home/acer/.local/share/virtualenvs/custom_airflow-E5ZHcY_K/lib/python3.12/site-packages/airflow/example_dags/tutorial_objectstorage.py took 0.065 seconds
[2024-07-06T16:35:18.052+0700] {processor.py:161} INFO - Started process (PID=62815) to work on /home/acer/.local/share/virtualenvs/custom_airflow-E5ZHcY_K/lib/python3.12/site-packages/airflow/example_dags/tutorial_objectstorage.py
[2024-07-06T16:35:18.053+0700] {processor.py:830} INFO - Processing file /home/acer/.local/share/virtualenvs/custom_airflow-E5ZHcY_K/lib/python3.12/site-packages/airflow/example_dags/tutorial_objectstorage.py for tasks to queue
[2024-07-06T16:35:18.054+0700] {logging_mixin.py:188} INFO - [2024-07-06T16:35:18.054+0700] {dagbag.py:545} INFO - Filling up the DagBag from /home/acer/.local/share/virtualenvs/custom_airflow-E5ZHcY_K/lib/python3.12/site-packages/airflow/example_dags/tutorial_objectstorage.py
[2024-07-06T16:35:18.062+0700] {processor.py:840} INFO - DAG(s) 'tutorial_objectstorage' retrieved from /home/acer/.local/share/virtualenvs/custom_airflow-E5ZHcY_K/lib/python3.12/site-packages/airflow/example_dags/tutorial_objectstorage.py
[2024-07-06T16:35:18.078+0700] {logging_mixin.py:188} INFO - [2024-07-06T16:35:18.078+0700] {dag.py:3096} INFO - Sync 1 DAGs
[2024-07-06T16:35:18.090+0700] {logging_mixin.py:188} INFO - [2024-07-06T16:35:18.090+0700] {dag.py:3954} INFO - Setting next_dagrun for tutorial_objectstorage to None, run_after=None
[2024-07-06T16:35:18.111+0700] {processor.py:183} INFO - Processing /home/acer/.local/share/virtualenvs/custom_airflow-E5ZHcY_K/lib/python3.12/site-packages/airflow/example_dags/tutorial_objectstorage.py took 0.065 seconds
[2024-07-06T16:36:04.135+0700] {processor.py:161} INFO - Started process (PID=63106) to work on /home/acer/.local/share/virtualenvs/custom_airflow-E5ZHcY_K/lib/python3.12/site-packages/airflow/example_dags/tutorial_objectstorage.py
[2024-07-06T16:36:04.138+0700] {processor.py:830} INFO - Processing file /home/acer/.local/share/virtualenvs/custom_airflow-E5ZHcY_K/lib/python3.12/site-packages/airflow/example_dags/tutorial_objectstorage.py for tasks to queue
[2024-07-06T16:36:04.145+0700] {logging_mixin.py:188} INFO - [2024-07-06T16:36:04.144+0700] {dagbag.py:545} INFO - Filling up the DagBag from /home/acer/.local/share/virtualenvs/custom_airflow-E5ZHcY_K/lib/python3.12/site-packages/airflow/example_dags/tutorial_objectstorage.py
[2024-07-06T16:36:04.158+0700] {processor.py:840} INFO - DAG(s) 'tutorial_objectstorage' retrieved from /home/acer/.local/share/virtualenvs/custom_airflow-E5ZHcY_K/lib/python3.12/site-packages/airflow/example_dags/tutorial_objectstorage.py
[2024-07-06T16:36:04.173+0700] {logging_mixin.py:188} INFO - [2024-07-06T16:36:04.173+0700] {dag.py:3096} INFO - Sync 1 DAGs
[2024-07-06T16:36:04.185+0700] {logging_mixin.py:188} INFO - [2024-07-06T16:36:04.185+0700] {dag.py:3954} INFO - Setting next_dagrun for tutorial_objectstorage to None, run_after=None
[2024-07-06T16:36:04.206+0700] {processor.py:183} INFO - Processing /home/acer/.local/share/virtualenvs/custom_airflow-E5ZHcY_K/lib/python3.12/site-packages/airflow/example_dags/tutorial_objectstorage.py took 0.091 seconds
[2024-07-06T21:54:22.149+0700] {processor.py:161} INFO - Started process (PID=11803) to work on /home/acer/.local/share/virtualenvs/custom_airflow-E5ZHcY_K/lib/python3.12/site-packages/airflow/example_dags/tutorial_objectstorage.py
[2024-07-06T21:54:22.150+0700] {processor.py:830} INFO - Processing file /home/acer/.local/share/virtualenvs/custom_airflow-E5ZHcY_K/lib/python3.12/site-packages/airflow/example_dags/tutorial_objectstorage.py for tasks to queue
[2024-07-06T21:54:22.153+0700] {logging_mixin.py:188} INFO - [2024-07-06T21:54:22.152+0700] {dagbag.py:545} INFO - Filling up the DagBag from /home/acer/.local/share/virtualenvs/custom_airflow-E5ZHcY_K/lib/python3.12/site-packages/airflow/example_dags/tutorial_objectstorage.py
[2024-07-06T21:54:22.164+0700] {processor.py:840} INFO - DAG(s) 'tutorial_objectstorage' retrieved from /home/acer/.local/share/virtualenvs/custom_airflow-E5ZHcY_K/lib/python3.12/site-packages/airflow/example_dags/tutorial_objectstorage.py
[2024-07-06T21:54:22.188+0700] {logging_mixin.py:188} INFO - [2024-07-06T21:54:22.188+0700] {dag.py:3096} INFO - Sync 1 DAGs
[2024-07-06T21:54:22.201+0700] {logging_mixin.py:188} INFO - [2024-07-06T21:54:22.200+0700] {dag.py:3954} INFO - Setting next_dagrun for tutorial_objectstorage to None, run_after=None
[2024-07-06T21:54:22.222+0700] {processor.py:183} INFO - Processing /home/acer/.local/share/virtualenvs/custom_airflow-E5ZHcY_K/lib/python3.12/site-packages/airflow/example_dags/tutorial_objectstorage.py took 0.078 seconds
[2024-07-06T21:55:17.851+0700] {processor.py:161} INFO - Started process (PID=12446) to work on /home/acer/.local/share/virtualenvs/custom_airflow-E5ZHcY_K/lib/python3.12/site-packages/airflow/example_dags/tutorial_objectstorage.py
[2024-07-06T21:55:17.854+0700] {processor.py:830} INFO - Processing file /home/acer/.local/share/virtualenvs/custom_airflow-E5ZHcY_K/lib/python3.12/site-packages/airflow/example_dags/tutorial_objectstorage.py for tasks to queue
[2024-07-06T21:55:17.858+0700] {logging_mixin.py:188} INFO - [2024-07-06T21:55:17.857+0700] {dagbag.py:545} INFO - Filling up the DagBag from /home/acer/.local/share/virtualenvs/custom_airflow-E5ZHcY_K/lib/python3.12/site-packages/airflow/example_dags/tutorial_objectstorage.py
[2024-07-06T21:55:17.868+0700] {processor.py:840} INFO - DAG(s) 'tutorial_objectstorage' retrieved from /home/acer/.local/share/virtualenvs/custom_airflow-E5ZHcY_K/lib/python3.12/site-packages/airflow/example_dags/tutorial_objectstorage.py
[2024-07-06T21:55:17.887+0700] {logging_mixin.py:188} INFO - [2024-07-06T21:55:17.886+0700] {dag.py:3096} INFO - Sync 1 DAGs
[2024-07-06T21:55:17.901+0700] {logging_mixin.py:188} INFO - [2024-07-06T21:55:17.901+0700] {dag.py:3954} INFO - Setting next_dagrun for tutorial_objectstorage to None, run_after=None
[2024-07-06T21:55:17.936+0700] {processor.py:183} INFO - Processing /home/acer/.local/share/virtualenvs/custom_airflow-E5ZHcY_K/lib/python3.12/site-packages/airflow/example_dags/tutorial_objectstorage.py took 0.101 seconds
[2024-07-06T21:56:10.042+0700] {processor.py:161} INFO - Started process (PID=13070) to work on /home/acer/.local/share/virtualenvs/custom_airflow-E5ZHcY_K/lib/python3.12/site-packages/airflow/example_dags/tutorial_objectstorage.py
[2024-07-06T21:56:10.045+0700] {processor.py:830} INFO - Processing file /home/acer/.local/share/virtualenvs/custom_airflow-E5ZHcY_K/lib/python3.12/site-packages/airflow/example_dags/tutorial_objectstorage.py for tasks to queue
[2024-07-06T21:56:10.050+0700] {logging_mixin.py:188} INFO - [2024-07-06T21:56:10.049+0700] {dagbag.py:545} INFO - Filling up the DagBag from /home/acer/.local/share/virtualenvs/custom_airflow-E5ZHcY_K/lib/python3.12/site-packages/airflow/example_dags/tutorial_objectstorage.py
[2024-07-06T21:56:10.064+0700] {processor.py:840} INFO - DAG(s) 'tutorial_objectstorage' retrieved from /home/acer/.local/share/virtualenvs/custom_airflow-E5ZHcY_K/lib/python3.12/site-packages/airflow/example_dags/tutorial_objectstorage.py
[2024-07-06T21:56:10.080+0700] {logging_mixin.py:188} INFO - [2024-07-06T21:56:10.080+0700] {dag.py:3096} INFO - Sync 1 DAGs
[2024-07-06T21:56:10.092+0700] {logging_mixin.py:188} INFO - [2024-07-06T21:56:10.092+0700] {dag.py:3954} INFO - Setting next_dagrun for tutorial_objectstorage to None, run_after=None
[2024-07-06T21:56:10.115+0700] {processor.py:183} INFO - Processing /home/acer/.local/share/virtualenvs/custom_airflow-E5ZHcY_K/lib/python3.12/site-packages/airflow/example_dags/tutorial_objectstorage.py took 0.092 seconds
[2024-07-06T21:56:57.372+0700] {processor.py:161} INFO - Started process (PID=13527) to work on /home/acer/.local/share/virtualenvs/custom_airflow-E5ZHcY_K/lib/python3.12/site-packages/airflow/example_dags/tutorial_objectstorage.py
[2024-07-06T21:56:57.374+0700] {processor.py:830} INFO - Processing file /home/acer/.local/share/virtualenvs/custom_airflow-E5ZHcY_K/lib/python3.12/site-packages/airflow/example_dags/tutorial_objectstorage.py for tasks to queue
[2024-07-06T21:56:57.377+0700] {logging_mixin.py:188} INFO - [2024-07-06T21:56:57.376+0700] {dagbag.py:545} INFO - Filling up the DagBag from /home/acer/.local/share/virtualenvs/custom_airflow-E5ZHcY_K/lib/python3.12/site-packages/airflow/example_dags/tutorial_objectstorage.py
[2024-07-06T21:56:57.387+0700] {processor.py:840} INFO - DAG(s) 'tutorial_objectstorage' retrieved from /home/acer/.local/share/virtualenvs/custom_airflow-E5ZHcY_K/lib/python3.12/site-packages/airflow/example_dags/tutorial_objectstorage.py
[2024-07-06T21:56:57.401+0700] {logging_mixin.py:188} INFO - [2024-07-06T21:56:57.401+0700] {dag.py:3096} INFO - Sync 1 DAGs
[2024-07-06T21:56:57.413+0700] {logging_mixin.py:188} INFO - [2024-07-06T21:56:57.413+0700] {dag.py:3954} INFO - Setting next_dagrun for tutorial_objectstorage to None, run_after=None
[2024-07-06T21:56:57.434+0700] {processor.py:183} INFO - Processing /home/acer/.local/share/virtualenvs/custom_airflow-E5ZHcY_K/lib/python3.12/site-packages/airflow/example_dags/tutorial_objectstorage.py took 0.071 seconds
[2024-07-06T21:57:49.206+0700] {processor.py:161} INFO - Started process (PID=14025) to work on /home/acer/.local/share/virtualenvs/custom_airflow-E5ZHcY_K/lib/python3.12/site-packages/airflow/example_dags/tutorial_objectstorage.py
[2024-07-06T21:57:49.209+0700] {processor.py:830} INFO - Processing file /home/acer/.local/share/virtualenvs/custom_airflow-E5ZHcY_K/lib/python3.12/site-packages/airflow/example_dags/tutorial_objectstorage.py for tasks to queue
[2024-07-06T21:57:49.216+0700] {logging_mixin.py:188} INFO - [2024-07-06T21:57:49.215+0700] {dagbag.py:545} INFO - Filling up the DagBag from /home/acer/.local/share/virtualenvs/custom_airflow-E5ZHcY_K/lib/python3.12/site-packages/airflow/example_dags/tutorial_objectstorage.py
[2024-07-06T21:57:49.238+0700] {processor.py:840} INFO - DAG(s) 'tutorial_objectstorage' retrieved from /home/acer/.local/share/virtualenvs/custom_airflow-E5ZHcY_K/lib/python3.12/site-packages/airflow/example_dags/tutorial_objectstorage.py
[2024-07-06T21:57:49.264+0700] {logging_mixin.py:188} INFO - [2024-07-06T21:57:49.264+0700] {dag.py:3096} INFO - Sync 1 DAGs
[2024-07-06T21:57:49.284+0700] {logging_mixin.py:188} INFO - [2024-07-06T21:57:49.284+0700] {dag.py:3954} INFO - Setting next_dagrun for tutorial_objectstorage to None, run_after=None
[2024-07-06T21:57:49.320+0700] {processor.py:183} INFO - Processing /home/acer/.local/share/virtualenvs/custom_airflow-E5ZHcY_K/lib/python3.12/site-packages/airflow/example_dags/tutorial_objectstorage.py took 0.133 seconds
[2024-07-06T21:58:44.239+0700] {processor.py:161} INFO - Started process (PID=14273) to work on /home/acer/.local/share/virtualenvs/custom_airflow-E5ZHcY_K/lib/python3.12/site-packages/airflow/example_dags/tutorial_objectstorage.py
[2024-07-06T21:58:44.239+0700] {processor.py:830} INFO - Processing file /home/acer/.local/share/virtualenvs/custom_airflow-E5ZHcY_K/lib/python3.12/site-packages/airflow/example_dags/tutorial_objectstorage.py for tasks to queue
[2024-07-06T21:58:44.241+0700] {logging_mixin.py:188} INFO - [2024-07-06T21:58:44.241+0700] {dagbag.py:545} INFO - Filling up the DagBag from /home/acer/.local/share/virtualenvs/custom_airflow-E5ZHcY_K/lib/python3.12/site-packages/airflow/example_dags/tutorial_objectstorage.py
[2024-07-06T21:58:44.249+0700] {processor.py:840} INFO - DAG(s) 'tutorial_objectstorage' retrieved from /home/acer/.local/share/virtualenvs/custom_airflow-E5ZHcY_K/lib/python3.12/site-packages/airflow/example_dags/tutorial_objectstorage.py
[2024-07-06T21:58:44.264+0700] {logging_mixin.py:188} INFO - [2024-07-06T21:58:44.264+0700] {dag.py:3096} INFO - Sync 1 DAGs
[2024-07-06T21:58:44.276+0700] {logging_mixin.py:188} INFO - [2024-07-06T21:58:44.276+0700] {dag.py:3954} INFO - Setting next_dagrun for tutorial_objectstorage to None, run_after=None
[2024-07-06T21:58:44.306+0700] {processor.py:183} INFO - Processing /home/acer/.local/share/virtualenvs/custom_airflow-E5ZHcY_K/lib/python3.12/site-packages/airflow/example_dags/tutorial_objectstorage.py took 0.073 seconds
[2024-07-06T21:59:31.929+0700] {processor.py:161} INFO - Started process (PID=14532) to work on /home/acer/.local/share/virtualenvs/custom_airflow-E5ZHcY_K/lib/python3.12/site-packages/airflow/example_dags/tutorial_objectstorage.py
[2024-07-06T21:59:31.933+0700] {processor.py:830} INFO - Processing file /home/acer/.local/share/virtualenvs/custom_airflow-E5ZHcY_K/lib/python3.12/site-packages/airflow/example_dags/tutorial_objectstorage.py for tasks to queue
[2024-07-06T21:59:31.940+0700] {logging_mixin.py:188} INFO - [2024-07-06T21:59:31.939+0700] {dagbag.py:545} INFO - Filling up the DagBag from /home/acer/.local/share/virtualenvs/custom_airflow-E5ZHcY_K/lib/python3.12/site-packages/airflow/example_dags/tutorial_objectstorage.py
[2024-07-06T21:59:31.959+0700] {processor.py:840} INFO - DAG(s) 'tutorial_objectstorage' retrieved from /home/acer/.local/share/virtualenvs/custom_airflow-E5ZHcY_K/lib/python3.12/site-packages/airflow/example_dags/tutorial_objectstorage.py
[2024-07-06T21:59:31.978+0700] {logging_mixin.py:188} INFO - [2024-07-06T21:59:31.978+0700] {dag.py:3096} INFO - Sync 1 DAGs
[2024-07-06T21:59:31.993+0700] {logging_mixin.py:188} INFO - [2024-07-06T21:59:31.993+0700] {dag.py:3954} INFO - Setting next_dagrun for tutorial_objectstorage to None, run_after=None
[2024-07-06T21:59:32.019+0700] {processor.py:183} INFO - Processing /home/acer/.local/share/virtualenvs/custom_airflow-E5ZHcY_K/lib/python3.12/site-packages/airflow/example_dags/tutorial_objectstorage.py took 0.115 seconds
[2024-07-06T22:00:24.526+0700] {processor.py:161} INFO - Started process (PID=14905) to work on /home/acer/.local/share/virtualenvs/custom_airflow-E5ZHcY_K/lib/python3.12/site-packages/airflow/example_dags/tutorial_objectstorage.py
[2024-07-06T22:00:24.527+0700] {processor.py:830} INFO - Processing file /home/acer/.local/share/virtualenvs/custom_airflow-E5ZHcY_K/lib/python3.12/site-packages/airflow/example_dags/tutorial_objectstorage.py for tasks to queue
[2024-07-06T22:00:24.530+0700] {logging_mixin.py:188} INFO - [2024-07-06T22:00:24.530+0700] {dagbag.py:545} INFO - Filling up the DagBag from /home/acer/.local/share/virtualenvs/custom_airflow-E5ZHcY_K/lib/python3.12/site-packages/airflow/example_dags/tutorial_objectstorage.py
[2024-07-06T22:00:24.542+0700] {processor.py:840} INFO - DAG(s) 'tutorial_objectstorage' retrieved from /home/acer/.local/share/virtualenvs/custom_airflow-E5ZHcY_K/lib/python3.12/site-packages/airflow/example_dags/tutorial_objectstorage.py
[2024-07-06T22:00:24.556+0700] {logging_mixin.py:188} INFO - [2024-07-06T22:00:24.556+0700] {dag.py:3096} INFO - Sync 1 DAGs
[2024-07-06T22:00:24.571+0700] {logging_mixin.py:188} INFO - [2024-07-06T22:00:24.571+0700] {dag.py:3954} INFO - Setting next_dagrun for tutorial_objectstorage to None, run_after=None
[2024-07-06T22:00:24.597+0700] {processor.py:183} INFO - Processing /home/acer/.local/share/virtualenvs/custom_airflow-E5ZHcY_K/lib/python3.12/site-packages/airflow/example_dags/tutorial_objectstorage.py took 0.084 seconds
[2024-07-06T22:01:52.681+0700] {processor.py:161} INFO - Started process (PID=15847) to work on /home/acer/.local/share/virtualenvs/custom_airflow-E5ZHcY_K/lib/python3.12/site-packages/airflow/example_dags/tutorial_objectstorage.py
[2024-07-06T22:01:52.682+0700] {processor.py:830} INFO - Processing file /home/acer/.local/share/virtualenvs/custom_airflow-E5ZHcY_K/lib/python3.12/site-packages/airflow/example_dags/tutorial_objectstorage.py for tasks to queue
[2024-07-06T22:01:52.683+0700] {logging_mixin.py:188} INFO - [2024-07-06T22:01:52.683+0700] {dagbag.py:545} INFO - Filling up the DagBag from /home/acer/.local/share/virtualenvs/custom_airflow-E5ZHcY_K/lib/python3.12/site-packages/airflow/example_dags/tutorial_objectstorage.py
[2024-07-06T22:01:52.691+0700] {processor.py:840} INFO - DAG(s) 'tutorial_objectstorage' retrieved from /home/acer/.local/share/virtualenvs/custom_airflow-E5ZHcY_K/lib/python3.12/site-packages/airflow/example_dags/tutorial_objectstorage.py
[2024-07-06T22:01:52.705+0700] {logging_mixin.py:188} INFO - [2024-07-06T22:01:52.705+0700] {dag.py:3096} INFO - Sync 1 DAGs
[2024-07-06T22:01:52.717+0700] {logging_mixin.py:188} INFO - [2024-07-06T22:01:52.717+0700] {dag.py:3954} INFO - Setting next_dagrun for tutorial_objectstorage to None, run_after=None
[2024-07-06T22:01:52.738+0700] {processor.py:183} INFO - Processing /home/acer/.local/share/virtualenvs/custom_airflow-E5ZHcY_K/lib/python3.12/site-packages/airflow/example_dags/tutorial_objectstorage.py took 0.063 seconds
[2024-07-06T22:02:51.212+0700] {processor.py:161} INFO - Started process (PID=16301) to work on /home/acer/.local/share/virtualenvs/custom_airflow-E5ZHcY_K/lib/python3.12/site-packages/airflow/example_dags/tutorial_objectstorage.py
[2024-07-06T22:02:51.214+0700] {processor.py:830} INFO - Processing file /home/acer/.local/share/virtualenvs/custom_airflow-E5ZHcY_K/lib/python3.12/site-packages/airflow/example_dags/tutorial_objectstorage.py for tasks to queue
[2024-07-06T22:02:51.218+0700] {logging_mixin.py:188} INFO - [2024-07-06T22:02:51.218+0700] {dagbag.py:545} INFO - Filling up the DagBag from /home/acer/.local/share/virtualenvs/custom_airflow-E5ZHcY_K/lib/python3.12/site-packages/airflow/example_dags/tutorial_objectstorage.py
[2024-07-06T22:02:51.230+0700] {processor.py:840} INFO - DAG(s) 'tutorial_objectstorage' retrieved from /home/acer/.local/share/virtualenvs/custom_airflow-E5ZHcY_K/lib/python3.12/site-packages/airflow/example_dags/tutorial_objectstorage.py
[2024-07-06T22:02:51.245+0700] {logging_mixin.py:188} INFO - [2024-07-06T22:02:51.245+0700] {dag.py:3096} INFO - Sync 1 DAGs
[2024-07-06T22:02:51.257+0700] {logging_mixin.py:188} INFO - [2024-07-06T22:02:51.257+0700] {dag.py:3954} INFO - Setting next_dagrun for tutorial_objectstorage to None, run_after=None
[2024-07-06T22:02:51.287+0700] {processor.py:183} INFO - Processing /home/acer/.local/share/virtualenvs/custom_airflow-E5ZHcY_K/lib/python3.12/site-packages/airflow/example_dags/tutorial_objectstorage.py took 0.088 seconds
[2024-07-06T22:03:43.023+0700] {processor.py:161} INFO - Started process (PID=16553) to work on /home/acer/.local/share/virtualenvs/custom_airflow-E5ZHcY_K/lib/python3.12/site-packages/airflow/example_dags/tutorial_objectstorage.py
[2024-07-06T22:03:43.025+0700] {processor.py:830} INFO - Processing file /home/acer/.local/share/virtualenvs/custom_airflow-E5ZHcY_K/lib/python3.12/site-packages/airflow/example_dags/tutorial_objectstorage.py for tasks to queue
[2024-07-06T22:03:43.029+0700] {logging_mixin.py:188} INFO - [2024-07-06T22:03:43.028+0700] {dagbag.py:545} INFO - Filling up the DagBag from /home/acer/.local/share/virtualenvs/custom_airflow-E5ZHcY_K/lib/python3.12/site-packages/airflow/example_dags/tutorial_objectstorage.py
[2024-07-06T22:03:43.041+0700] {processor.py:840} INFO - DAG(s) 'tutorial_objectstorage' retrieved from /home/acer/.local/share/virtualenvs/custom_airflow-E5ZHcY_K/lib/python3.12/site-packages/airflow/example_dags/tutorial_objectstorage.py
[2024-07-06T22:03:43.057+0700] {logging_mixin.py:188} INFO - [2024-07-06T22:03:43.056+0700] {dag.py:3096} INFO - Sync 1 DAGs
[2024-07-06T22:03:43.070+0700] {logging_mixin.py:188} INFO - [2024-07-06T22:03:43.070+0700] {dag.py:3954} INFO - Setting next_dagrun for tutorial_objectstorage to None, run_after=None
[2024-07-06T22:03:43.096+0700] {processor.py:183} INFO - Processing /home/acer/.local/share/virtualenvs/custom_airflow-E5ZHcY_K/lib/python3.12/site-packages/airflow/example_dags/tutorial_objectstorage.py took 0.086 seconds
[2024-07-06T22:05:11.593+0700] {processor.py:161} INFO - Started process (PID=17600) to work on /home/acer/.local/share/virtualenvs/custom_airflow-E5ZHcY_K/lib/python3.12/site-packages/airflow/example_dags/tutorial_objectstorage.py
[2024-07-06T22:05:11.594+0700] {processor.py:830} INFO - Processing file /home/acer/.local/share/virtualenvs/custom_airflow-E5ZHcY_K/lib/python3.12/site-packages/airflow/example_dags/tutorial_objectstorage.py for tasks to queue
[2024-07-06T22:05:11.596+0700] {logging_mixin.py:188} INFO - [2024-07-06T22:05:11.595+0700] {dagbag.py:545} INFO - Filling up the DagBag from /home/acer/.local/share/virtualenvs/custom_airflow-E5ZHcY_K/lib/python3.12/site-packages/airflow/example_dags/tutorial_objectstorage.py
[2024-07-06T22:05:11.603+0700] {processor.py:840} INFO - DAG(s) 'tutorial_objectstorage' retrieved from /home/acer/.local/share/virtualenvs/custom_airflow-E5ZHcY_K/lib/python3.12/site-packages/airflow/example_dags/tutorial_objectstorage.py
[2024-07-06T22:05:11.617+0700] {logging_mixin.py:188} INFO - [2024-07-06T22:05:11.617+0700] {dag.py:3096} INFO - Sync 1 DAGs
[2024-07-06T22:05:11.630+0700] {logging_mixin.py:188} INFO - [2024-07-06T22:05:11.629+0700] {dag.py:3954} INFO - Setting next_dagrun for tutorial_objectstorage to None, run_after=None
[2024-07-06T22:05:11.651+0700] {processor.py:183} INFO - Processing /home/acer/.local/share/virtualenvs/custom_airflow-E5ZHcY_K/lib/python3.12/site-packages/airflow/example_dags/tutorial_objectstorage.py took 0.065 seconds
[2024-07-06T22:06:03.981+0700] {processor.py:161} INFO - Started process (PID=17854) to work on /home/acer/.local/share/virtualenvs/custom_airflow-E5ZHcY_K/lib/python3.12/site-packages/airflow/example_dags/tutorial_objectstorage.py
[2024-07-06T22:06:03.982+0700] {processor.py:830} INFO - Processing file /home/acer/.local/share/virtualenvs/custom_airflow-E5ZHcY_K/lib/python3.12/site-packages/airflow/example_dags/tutorial_objectstorage.py for tasks to queue
[2024-07-06T22:06:03.983+0700] {logging_mixin.py:188} INFO - [2024-07-06T22:06:03.983+0700] {dagbag.py:545} INFO - Filling up the DagBag from /home/acer/.local/share/virtualenvs/custom_airflow-E5ZHcY_K/lib/python3.12/site-packages/airflow/example_dags/tutorial_objectstorage.py
[2024-07-06T22:06:03.991+0700] {processor.py:840} INFO - DAG(s) 'tutorial_objectstorage' retrieved from /home/acer/.local/share/virtualenvs/custom_airflow-E5ZHcY_K/lib/python3.12/site-packages/airflow/example_dags/tutorial_objectstorage.py
[2024-07-06T22:06:04.006+0700] {logging_mixin.py:188} INFO - [2024-07-06T22:06:04.006+0700] {dag.py:3096} INFO - Sync 1 DAGs
[2024-07-06T22:06:04.019+0700] {logging_mixin.py:188} INFO - [2024-07-06T22:06:04.018+0700] {dag.py:3954} INFO - Setting next_dagrun for tutorial_objectstorage to None, run_after=None
[2024-07-06T22:06:04.041+0700] {processor.py:183} INFO - Processing /home/acer/.local/share/virtualenvs/custom_airflow-E5ZHcY_K/lib/python3.12/site-packages/airflow/example_dags/tutorial_objectstorage.py took 0.065 seconds
[2024-07-06T22:06:52.584+0700] {processor.py:161} INFO - Started process (PID=18276) to work on /home/acer/.local/share/virtualenvs/custom_airflow-E5ZHcY_K/lib/python3.12/site-packages/airflow/example_dags/tutorial_objectstorage.py
[2024-07-06T22:06:52.586+0700] {processor.py:830} INFO - Processing file /home/acer/.local/share/virtualenvs/custom_airflow-E5ZHcY_K/lib/python3.12/site-packages/airflow/example_dags/tutorial_objectstorage.py for tasks to queue
[2024-07-06T22:06:52.588+0700] {logging_mixin.py:188} INFO - [2024-07-06T22:06:52.587+0700] {dagbag.py:545} INFO - Filling up the DagBag from /home/acer/.local/share/virtualenvs/custom_airflow-E5ZHcY_K/lib/python3.12/site-packages/airflow/example_dags/tutorial_objectstorage.py
[2024-07-06T22:06:52.598+0700] {processor.py:840} INFO - DAG(s) 'tutorial_objectstorage' retrieved from /home/acer/.local/share/virtualenvs/custom_airflow-E5ZHcY_K/lib/python3.12/site-packages/airflow/example_dags/tutorial_objectstorage.py
[2024-07-06T22:06:52.615+0700] {logging_mixin.py:188} INFO - [2024-07-06T22:06:52.615+0700] {dag.py:3096} INFO - Sync 1 DAGs
[2024-07-06T22:06:52.630+0700] {logging_mixin.py:188} INFO - [2024-07-06T22:06:52.630+0700] {dag.py:3954} INFO - Setting next_dagrun for tutorial_objectstorage to None, run_after=None
[2024-07-06T22:06:52.655+0700] {processor.py:183} INFO - Processing /home/acer/.local/share/virtualenvs/custom_airflow-E5ZHcY_K/lib/python3.12/site-packages/airflow/example_dags/tutorial_objectstorage.py took 0.076 seconds
[2024-07-06T22:07:46.543+0700] {processor.py:161} INFO - Started process (PID=18657) to work on /home/acer/.local/share/virtualenvs/custom_airflow-E5ZHcY_K/lib/python3.12/site-packages/airflow/example_dags/tutorial_objectstorage.py
[2024-07-06T22:07:46.545+0700] {processor.py:830} INFO - Processing file /home/acer/.local/share/virtualenvs/custom_airflow-E5ZHcY_K/lib/python3.12/site-packages/airflow/example_dags/tutorial_objectstorage.py for tasks to queue
[2024-07-06T22:07:46.548+0700] {logging_mixin.py:188} INFO - [2024-07-06T22:07:46.547+0700] {dagbag.py:545} INFO - Filling up the DagBag from /home/acer/.local/share/virtualenvs/custom_airflow-E5ZHcY_K/lib/python3.12/site-packages/airflow/example_dags/tutorial_objectstorage.py
[2024-07-06T22:07:46.562+0700] {processor.py:840} INFO - DAG(s) 'tutorial_objectstorage' retrieved from /home/acer/.local/share/virtualenvs/custom_airflow-E5ZHcY_K/lib/python3.12/site-packages/airflow/example_dags/tutorial_objectstorage.py
[2024-07-06T22:07:46.580+0700] {logging_mixin.py:188} INFO - [2024-07-06T22:07:46.580+0700] {dag.py:3096} INFO - Sync 1 DAGs
[2024-07-06T22:07:46.597+0700] {logging_mixin.py:188} INFO - [2024-07-06T22:07:46.597+0700] {dag.py:3954} INFO - Setting next_dagrun for tutorial_objectstorage to None, run_after=None
[2024-07-06T22:07:46.637+0700] {processor.py:183} INFO - Processing /home/acer/.local/share/virtualenvs/custom_airflow-E5ZHcY_K/lib/python3.12/site-packages/airflow/example_dags/tutorial_objectstorage.py took 0.106 seconds
[2024-07-06T22:08:42.118+0700] {processor.py:161} INFO - Started process (PID=18945) to work on /home/acer/.local/share/virtualenvs/custom_airflow-E5ZHcY_K/lib/python3.12/site-packages/airflow/example_dags/tutorial_objectstorage.py
[2024-07-06T22:08:42.120+0700] {processor.py:830} INFO - Processing file /home/acer/.local/share/virtualenvs/custom_airflow-E5ZHcY_K/lib/python3.12/site-packages/airflow/example_dags/tutorial_objectstorage.py for tasks to queue
[2024-07-06T22:08:42.123+0700] {logging_mixin.py:188} INFO - [2024-07-06T22:08:42.123+0700] {dagbag.py:545} INFO - Filling up the DagBag from /home/acer/.local/share/virtualenvs/custom_airflow-E5ZHcY_K/lib/python3.12/site-packages/airflow/example_dags/tutorial_objectstorage.py
[2024-07-06T22:08:42.143+0700] {processor.py:840} INFO - DAG(s) 'tutorial_objectstorage' retrieved from /home/acer/.local/share/virtualenvs/custom_airflow-E5ZHcY_K/lib/python3.12/site-packages/airflow/example_dags/tutorial_objectstorage.py
[2024-07-06T22:08:42.181+0700] {logging_mixin.py:188} INFO - [2024-07-06T22:08:42.180+0700] {dag.py:3096} INFO - Sync 1 DAGs
[2024-07-06T22:08:42.207+0700] {logging_mixin.py:188} INFO - [2024-07-06T22:08:42.207+0700] {dag.py:3954} INFO - Setting next_dagrun for tutorial_objectstorage to None, run_after=None
[2024-07-06T22:08:42.242+0700] {processor.py:183} INFO - Processing /home/acer/.local/share/virtualenvs/custom_airflow-E5ZHcY_K/lib/python3.12/site-packages/airflow/example_dags/tutorial_objectstorage.py took 0.142 seconds
[2024-07-06T22:09:37.849+0700] {processor.py:161} INFO - Started process (PID=19257) to work on /home/acer/.local/share/virtualenvs/custom_airflow-E5ZHcY_K/lib/python3.12/site-packages/airflow/example_dags/tutorial_objectstorage.py
[2024-07-06T22:09:37.851+0700] {processor.py:830} INFO - Processing file /home/acer/.local/share/virtualenvs/custom_airflow-E5ZHcY_K/lib/python3.12/site-packages/airflow/example_dags/tutorial_objectstorage.py for tasks to queue
[2024-07-06T22:09:37.853+0700] {logging_mixin.py:188} INFO - [2024-07-06T22:09:37.852+0700] {dagbag.py:545} INFO - Filling up the DagBag from /home/acer/.local/share/virtualenvs/custom_airflow-E5ZHcY_K/lib/python3.12/site-packages/airflow/example_dags/tutorial_objectstorage.py
[2024-07-06T22:09:37.863+0700] {processor.py:840} INFO - DAG(s) 'tutorial_objectstorage' retrieved from /home/acer/.local/share/virtualenvs/custom_airflow-E5ZHcY_K/lib/python3.12/site-packages/airflow/example_dags/tutorial_objectstorage.py
[2024-07-06T22:09:37.881+0700] {logging_mixin.py:188} INFO - [2024-07-06T22:09:37.880+0700] {dag.py:3096} INFO - Sync 1 DAGs
[2024-07-06T22:09:37.899+0700] {logging_mixin.py:188} INFO - [2024-07-06T22:09:37.898+0700] {dag.py:3954} INFO - Setting next_dagrun for tutorial_objectstorage to None, run_after=None
[2024-07-06T22:09:37.928+0700] {processor.py:183} INFO - Processing /home/acer/.local/share/virtualenvs/custom_airflow-E5ZHcY_K/lib/python3.12/site-packages/airflow/example_dags/tutorial_objectstorage.py took 0.105 seconds
[2024-07-06T22:10:41.047+0700] {processor.py:161} INFO - Started process (PID=19646) to work on /home/acer/.local/share/virtualenvs/custom_airflow-E5ZHcY_K/lib/python3.12/site-packages/airflow/example_dags/tutorial_objectstorage.py
[2024-07-06T22:10:41.048+0700] {processor.py:830} INFO - Processing file /home/acer/.local/share/virtualenvs/custom_airflow-E5ZHcY_K/lib/python3.12/site-packages/airflow/example_dags/tutorial_objectstorage.py for tasks to queue
[2024-07-06T22:10:41.051+0700] {logging_mixin.py:188} INFO - [2024-07-06T22:10:41.050+0700] {dagbag.py:545} INFO - Filling up the DagBag from /home/acer/.local/share/virtualenvs/custom_airflow-E5ZHcY_K/lib/python3.12/site-packages/airflow/example_dags/tutorial_objectstorage.py
[2024-07-06T22:10:41.062+0700] {processor.py:840} INFO - DAG(s) 'tutorial_objectstorage' retrieved from /home/acer/.local/share/virtualenvs/custom_airflow-E5ZHcY_K/lib/python3.12/site-packages/airflow/example_dags/tutorial_objectstorage.py
[2024-07-06T22:10:41.081+0700] {logging_mixin.py:188} INFO - [2024-07-06T22:10:41.081+0700] {dag.py:3096} INFO - Sync 1 DAGs
[2024-07-06T22:10:41.103+0700] {logging_mixin.py:188} INFO - [2024-07-06T22:10:41.103+0700] {dag.py:3954} INFO - Setting next_dagrun for tutorial_objectstorage to None, run_after=None
[2024-07-06T22:10:41.133+0700] {processor.py:183} INFO - Processing /home/acer/.local/share/virtualenvs/custom_airflow-E5ZHcY_K/lib/python3.12/site-packages/airflow/example_dags/tutorial_objectstorage.py took 0.094 seconds
[2024-07-06T22:11:44.718+0700] {processor.py:161} INFO - Started process (PID=19974) to work on /home/acer/.local/share/virtualenvs/custom_airflow-E5ZHcY_K/lib/python3.12/site-packages/airflow/example_dags/tutorial_objectstorage.py
[2024-07-06T22:11:44.719+0700] {processor.py:830} INFO - Processing file /home/acer/.local/share/virtualenvs/custom_airflow-E5ZHcY_K/lib/python3.12/site-packages/airflow/example_dags/tutorial_objectstorage.py for tasks to queue
[2024-07-06T22:11:44.721+0700] {logging_mixin.py:188} INFO - [2024-07-06T22:11:44.720+0700] {dagbag.py:545} INFO - Filling up the DagBag from /home/acer/.local/share/virtualenvs/custom_airflow-E5ZHcY_K/lib/python3.12/site-packages/airflow/example_dags/tutorial_objectstorage.py
[2024-07-06T22:11:44.731+0700] {processor.py:840} INFO - DAG(s) 'tutorial_objectstorage' retrieved from /home/acer/.local/share/virtualenvs/custom_airflow-E5ZHcY_K/lib/python3.12/site-packages/airflow/example_dags/tutorial_objectstorage.py
[2024-07-06T22:11:44.748+0700] {logging_mixin.py:188} INFO - [2024-07-06T22:11:44.748+0700] {dag.py:3096} INFO - Sync 1 DAGs
[2024-07-06T22:11:44.764+0700] {logging_mixin.py:188} INFO - [2024-07-06T22:11:44.764+0700] {dag.py:3954} INFO - Setting next_dagrun for tutorial_objectstorage to None, run_after=None
[2024-07-06T22:11:44.789+0700] {processor.py:183} INFO - Processing /home/acer/.local/share/virtualenvs/custom_airflow-E5ZHcY_K/lib/python3.12/site-packages/airflow/example_dags/tutorial_objectstorage.py took 0.081 seconds
[2024-07-06T22:12:44.223+0700] {processor.py:161} INFO - Started process (PID=20276) to work on /home/acer/.local/share/virtualenvs/custom_airflow-E5ZHcY_K/lib/python3.12/site-packages/airflow/example_dags/tutorial_objectstorage.py
[2024-07-06T22:12:44.224+0700] {processor.py:830} INFO - Processing file /home/acer/.local/share/virtualenvs/custom_airflow-E5ZHcY_K/lib/python3.12/site-packages/airflow/example_dags/tutorial_objectstorage.py for tasks to queue
[2024-07-06T22:12:44.227+0700] {logging_mixin.py:188} INFO - [2024-07-06T22:12:44.226+0700] {dagbag.py:545} INFO - Filling up the DagBag from /home/acer/.local/share/virtualenvs/custom_airflow-E5ZHcY_K/lib/python3.12/site-packages/airflow/example_dags/tutorial_objectstorage.py
[2024-07-06T22:12:44.235+0700] {processor.py:840} INFO - DAG(s) 'tutorial_objectstorage' retrieved from /home/acer/.local/share/virtualenvs/custom_airflow-E5ZHcY_K/lib/python3.12/site-packages/airflow/example_dags/tutorial_objectstorage.py
[2024-07-06T22:12:44.263+0700] {logging_mixin.py:188} INFO - [2024-07-06T22:12:44.262+0700] {dag.py:3096} INFO - Sync 1 DAGs
[2024-07-06T22:12:44.282+0700] {logging_mixin.py:188} INFO - [2024-07-06T22:12:44.282+0700] {dag.py:3954} INFO - Setting next_dagrun for tutorial_objectstorage to None, run_after=None
[2024-07-06T22:12:44.313+0700] {processor.py:183} INFO - Processing /home/acer/.local/share/virtualenvs/custom_airflow-E5ZHcY_K/lib/python3.12/site-packages/airflow/example_dags/tutorial_objectstorage.py took 0.098 seconds
[2024-07-06T22:13:43.337+0700] {processor.py:161} INFO - Started process (PID=20656) to work on /home/acer/.local/share/virtualenvs/custom_airflow-E5ZHcY_K/lib/python3.12/site-packages/airflow/example_dags/tutorial_objectstorage.py
[2024-07-06T22:13:43.338+0700] {processor.py:830} INFO - Processing file /home/acer/.local/share/virtualenvs/custom_airflow-E5ZHcY_K/lib/python3.12/site-packages/airflow/example_dags/tutorial_objectstorage.py for tasks to queue
[2024-07-06T22:13:43.342+0700] {logging_mixin.py:188} INFO - [2024-07-06T22:13:43.341+0700] {dagbag.py:545} INFO - Filling up the DagBag from /home/acer/.local/share/virtualenvs/custom_airflow-E5ZHcY_K/lib/python3.12/site-packages/airflow/example_dags/tutorial_objectstorage.py
[2024-07-06T22:13:43.356+0700] {processor.py:840} INFO - DAG(s) 'tutorial_objectstorage' retrieved from /home/acer/.local/share/virtualenvs/custom_airflow-E5ZHcY_K/lib/python3.12/site-packages/airflow/example_dags/tutorial_objectstorage.py
[2024-07-06T22:13:43.374+0700] {logging_mixin.py:188} INFO - [2024-07-06T22:13:43.374+0700] {dag.py:3096} INFO - Sync 1 DAGs
[2024-07-06T22:13:43.391+0700] {logging_mixin.py:188} INFO - [2024-07-06T22:13:43.391+0700] {dag.py:3954} INFO - Setting next_dagrun for tutorial_objectstorage to None, run_after=None
[2024-07-06T22:13:43.419+0700] {processor.py:183} INFO - Processing /home/acer/.local/share/virtualenvs/custom_airflow-E5ZHcY_K/lib/python3.12/site-packages/airflow/example_dags/tutorial_objectstorage.py took 0.093 seconds
[2024-07-06T22:14:43.116+0700] {processor.py:161} INFO - Started process (PID=20987) to work on /home/acer/.local/share/virtualenvs/custom_airflow-E5ZHcY_K/lib/python3.12/site-packages/airflow/example_dags/tutorial_objectstorage.py
[2024-07-06T22:14:43.121+0700] {processor.py:830} INFO - Processing file /home/acer/.local/share/virtualenvs/custom_airflow-E5ZHcY_K/lib/python3.12/site-packages/airflow/example_dags/tutorial_objectstorage.py for tasks to queue
[2024-07-06T22:14:43.128+0700] {logging_mixin.py:188} INFO - [2024-07-06T22:14:43.127+0700] {dagbag.py:545} INFO - Filling up the DagBag from /home/acer/.local/share/virtualenvs/custom_airflow-E5ZHcY_K/lib/python3.12/site-packages/airflow/example_dags/tutorial_objectstorage.py
[2024-07-06T22:14:43.146+0700] {processor.py:840} INFO - DAG(s) 'tutorial_objectstorage' retrieved from /home/acer/.local/share/virtualenvs/custom_airflow-E5ZHcY_K/lib/python3.12/site-packages/airflow/example_dags/tutorial_objectstorage.py
[2024-07-06T22:14:43.173+0700] {logging_mixin.py:188} INFO - [2024-07-06T22:14:43.172+0700] {dag.py:3096} INFO - Sync 1 DAGs
[2024-07-06T22:14:43.192+0700] {logging_mixin.py:188} INFO - [2024-07-06T22:14:43.192+0700] {dag.py:3954} INFO - Setting next_dagrun for tutorial_objectstorage to None, run_after=None
[2024-07-06T22:14:43.232+0700] {processor.py:183} INFO - Processing /home/acer/.local/share/virtualenvs/custom_airflow-E5ZHcY_K/lib/python3.12/site-packages/airflow/example_dags/tutorial_objectstorage.py took 0.148 seconds
[2024-07-06T22:15:48.027+0700] {processor.py:161} INFO - Started process (PID=21382) to work on /home/acer/.local/share/virtualenvs/custom_airflow-E5ZHcY_K/lib/python3.12/site-packages/airflow/example_dags/tutorial_objectstorage.py
[2024-07-06T22:15:48.030+0700] {processor.py:830} INFO - Processing file /home/acer/.local/share/virtualenvs/custom_airflow-E5ZHcY_K/lib/python3.12/site-packages/airflow/example_dags/tutorial_objectstorage.py for tasks to queue
[2024-07-06T22:15:48.036+0700] {logging_mixin.py:188} INFO - [2024-07-06T22:15:48.035+0700] {dagbag.py:545} INFO - Filling up the DagBag from /home/acer/.local/share/virtualenvs/custom_airflow-E5ZHcY_K/lib/python3.12/site-packages/airflow/example_dags/tutorial_objectstorage.py
[2024-07-06T22:15:48.047+0700] {processor.py:840} INFO - DAG(s) 'tutorial_objectstorage' retrieved from /home/acer/.local/share/virtualenvs/custom_airflow-E5ZHcY_K/lib/python3.12/site-packages/airflow/example_dags/tutorial_objectstorage.py
[2024-07-06T22:15:48.063+0700] {logging_mixin.py:188} INFO - [2024-07-06T22:15:48.063+0700] {dag.py:3096} INFO - Sync 1 DAGs
[2024-07-06T22:15:48.085+0700] {logging_mixin.py:188} INFO - [2024-07-06T22:15:48.085+0700] {dag.py:3954} INFO - Setting next_dagrun for tutorial_objectstorage to None, run_after=None
[2024-07-06T22:15:48.118+0700] {processor.py:183} INFO - Processing /home/acer/.local/share/virtualenvs/custom_airflow-E5ZHcY_K/lib/python3.12/site-packages/airflow/example_dags/tutorial_objectstorage.py took 0.102 seconds
[2024-07-06T22:16:44.320+0700] {processor.py:161} INFO - Started process (PID=21674) to work on /home/acer/.local/share/virtualenvs/custom_airflow-E5ZHcY_K/lib/python3.12/site-packages/airflow/example_dags/tutorial_objectstorage.py
[2024-07-06T22:16:44.321+0700] {processor.py:830} INFO - Processing file /home/acer/.local/share/virtualenvs/custom_airflow-E5ZHcY_K/lib/python3.12/site-packages/airflow/example_dags/tutorial_objectstorage.py for tasks to queue
[2024-07-06T22:16:44.325+0700] {logging_mixin.py:188} INFO - [2024-07-06T22:16:44.324+0700] {dagbag.py:545} INFO - Filling up the DagBag from /home/acer/.local/share/virtualenvs/custom_airflow-E5ZHcY_K/lib/python3.12/site-packages/airflow/example_dags/tutorial_objectstorage.py
[2024-07-06T22:16:44.338+0700] {processor.py:840} INFO - DAG(s) 'tutorial_objectstorage' retrieved from /home/acer/.local/share/virtualenvs/custom_airflow-E5ZHcY_K/lib/python3.12/site-packages/airflow/example_dags/tutorial_objectstorage.py
[2024-07-06T22:16:44.358+0700] {logging_mixin.py:188} INFO - [2024-07-06T22:16:44.357+0700] {dag.py:3096} INFO - Sync 1 DAGs
[2024-07-06T22:16:44.374+0700] {logging_mixin.py:188} INFO - [2024-07-06T22:16:44.373+0700] {dag.py:3954} INFO - Setting next_dagrun for tutorial_objectstorage to None, run_after=None
[2024-07-06T22:16:44.403+0700] {processor.py:183} INFO - Processing /home/acer/.local/share/virtualenvs/custom_airflow-E5ZHcY_K/lib/python3.12/site-packages/airflow/example_dags/tutorial_objectstorage.py took 0.099 seconds
[2024-07-06T22:17:37.775+0700] {processor.py:161} INFO - Started process (PID=21969) to work on /home/acer/.local/share/virtualenvs/custom_airflow-E5ZHcY_K/lib/python3.12/site-packages/airflow/example_dags/tutorial_objectstorage.py
[2024-07-06T22:17:37.778+0700] {processor.py:830} INFO - Processing file /home/acer/.local/share/virtualenvs/custom_airflow-E5ZHcY_K/lib/python3.12/site-packages/airflow/example_dags/tutorial_objectstorage.py for tasks to queue
[2024-07-06T22:17:37.782+0700] {logging_mixin.py:188} INFO - [2024-07-06T22:17:37.782+0700] {dagbag.py:545} INFO - Filling up the DagBag from /home/acer/.local/share/virtualenvs/custom_airflow-E5ZHcY_K/lib/python3.12/site-packages/airflow/example_dags/tutorial_objectstorage.py
[2024-07-06T22:17:37.803+0700] {processor.py:840} INFO - DAG(s) 'tutorial_objectstorage' retrieved from /home/acer/.local/share/virtualenvs/custom_airflow-E5ZHcY_K/lib/python3.12/site-packages/airflow/example_dags/tutorial_objectstorage.py
[2024-07-06T22:17:37.845+0700] {logging_mixin.py:188} INFO - [2024-07-06T22:17:37.845+0700] {dag.py:3096} INFO - Sync 1 DAGs
[2024-07-06T22:17:37.898+0700] {logging_mixin.py:188} INFO - [2024-07-06T22:17:37.898+0700] {dag.py:3954} INFO - Setting next_dagrun for tutorial_objectstorage to None, run_after=None
[2024-07-06T22:17:37.954+0700] {processor.py:183} INFO - Processing /home/acer/.local/share/virtualenvs/custom_airflow-E5ZHcY_K/lib/python3.12/site-packages/airflow/example_dags/tutorial_objectstorage.py took 0.192 seconds
[2024-07-06T22:18:42.446+0700] {processor.py:161} INFO - Started process (PID=22317) to work on /home/acer/.local/share/virtualenvs/custom_airflow-E5ZHcY_K/lib/python3.12/site-packages/airflow/example_dags/tutorial_objectstorage.py
[2024-07-06T22:18:42.447+0700] {processor.py:830} INFO - Processing file /home/acer/.local/share/virtualenvs/custom_airflow-E5ZHcY_K/lib/python3.12/site-packages/airflow/example_dags/tutorial_objectstorage.py for tasks to queue
[2024-07-06T22:18:42.449+0700] {logging_mixin.py:188} INFO - [2024-07-06T22:18:42.449+0700] {dagbag.py:545} INFO - Filling up the DagBag from /home/acer/.local/share/virtualenvs/custom_airflow-E5ZHcY_K/lib/python3.12/site-packages/airflow/example_dags/tutorial_objectstorage.py
[2024-07-06T22:18:42.457+0700] {processor.py:840} INFO - DAG(s) 'tutorial_objectstorage' retrieved from /home/acer/.local/share/virtualenvs/custom_airflow-E5ZHcY_K/lib/python3.12/site-packages/airflow/example_dags/tutorial_objectstorage.py
[2024-07-06T22:18:42.476+0700] {logging_mixin.py:188} INFO - [2024-07-06T22:18:42.475+0700] {dag.py:3096} INFO - Sync 1 DAGs
[2024-07-06T22:18:42.491+0700] {logging_mixin.py:188} INFO - [2024-07-06T22:18:42.491+0700] {dag.py:3954} INFO - Setting next_dagrun for tutorial_objectstorage to None, run_after=None
[2024-07-06T22:18:42.525+0700] {processor.py:183} INFO - Processing /home/acer/.local/share/virtualenvs/custom_airflow-E5ZHcY_K/lib/python3.12/site-packages/airflow/example_dags/tutorial_objectstorage.py took 0.088 seconds
[2024-07-06T22:19:42.970+0700] {processor.py:161} INFO - Started process (PID=22639) to work on /home/acer/.local/share/virtualenvs/custom_airflow-E5ZHcY_K/lib/python3.12/site-packages/airflow/example_dags/tutorial_objectstorage.py
[2024-07-06T22:19:42.972+0700] {processor.py:830} INFO - Processing file /home/acer/.local/share/virtualenvs/custom_airflow-E5ZHcY_K/lib/python3.12/site-packages/airflow/example_dags/tutorial_objectstorage.py for tasks to queue
[2024-07-06T22:19:42.976+0700] {logging_mixin.py:188} INFO - [2024-07-06T22:19:42.975+0700] {dagbag.py:545} INFO - Filling up the DagBag from /home/acer/.local/share/virtualenvs/custom_airflow-E5ZHcY_K/lib/python3.12/site-packages/airflow/example_dags/tutorial_objectstorage.py
[2024-07-06T22:19:42.988+0700] {processor.py:840} INFO - DAG(s) 'tutorial_objectstorage' retrieved from /home/acer/.local/share/virtualenvs/custom_airflow-E5ZHcY_K/lib/python3.12/site-packages/airflow/example_dags/tutorial_objectstorage.py
[2024-07-06T22:19:43.013+0700] {logging_mixin.py:188} INFO - [2024-07-06T22:19:43.013+0700] {dag.py:3096} INFO - Sync 1 DAGs
[2024-07-06T22:19:43.033+0700] {logging_mixin.py:188} INFO - [2024-07-06T22:19:43.033+0700] {dag.py:3954} INFO - Setting next_dagrun for tutorial_objectstorage to None, run_after=None
[2024-07-06T22:19:43.065+0700] {processor.py:183} INFO - Processing /home/acer/.local/share/virtualenvs/custom_airflow-E5ZHcY_K/lib/python3.12/site-packages/airflow/example_dags/tutorial_objectstorage.py took 0.105 seconds
[2024-07-06T22:20:44.137+0700] {processor.py:161} INFO - Started process (PID=22949) to work on /home/acer/.local/share/virtualenvs/custom_airflow-E5ZHcY_K/lib/python3.12/site-packages/airflow/example_dags/tutorial_objectstorage.py
[2024-07-06T22:20:44.139+0700] {processor.py:830} INFO - Processing file /home/acer/.local/share/virtualenvs/custom_airflow-E5ZHcY_K/lib/python3.12/site-packages/airflow/example_dags/tutorial_objectstorage.py for tasks to queue
[2024-07-06T22:20:44.143+0700] {logging_mixin.py:188} INFO - [2024-07-06T22:20:44.142+0700] {dagbag.py:545} INFO - Filling up the DagBag from /home/acer/.local/share/virtualenvs/custom_airflow-E5ZHcY_K/lib/python3.12/site-packages/airflow/example_dags/tutorial_objectstorage.py
[2024-07-06T22:20:44.161+0700] {processor.py:840} INFO - DAG(s) 'tutorial_objectstorage' retrieved from /home/acer/.local/share/virtualenvs/custom_airflow-E5ZHcY_K/lib/python3.12/site-packages/airflow/example_dags/tutorial_objectstorage.py
[2024-07-06T22:20:44.196+0700] {logging_mixin.py:188} INFO - [2024-07-06T22:20:44.195+0700] {dag.py:3096} INFO - Sync 1 DAGs
[2024-07-06T22:20:44.319+0700] {logging_mixin.py:188} INFO - [2024-07-06T22:20:44.319+0700] {dag.py:3954} INFO - Setting next_dagrun for tutorial_objectstorage to None, run_after=None
[2024-07-06T22:20:44.350+0700] {processor.py:183} INFO - Processing /home/acer/.local/share/virtualenvs/custom_airflow-E5ZHcY_K/lib/python3.12/site-packages/airflow/example_dags/tutorial_objectstorage.py took 0.226 seconds
