[2024-07-06T16:08:46.610+0700] {processor.py:161} INFO - Started process (PID=51115) to work on /home/acer/.local/share/virtualenvs/custom_airflow-E5ZHcY_K/lib/python3.12/site-packages/airflow/example_dags/tutorial_dag.py
[2024-07-06T16:08:46.611+0700] {processor.py:830} INFO - Processing file /home/acer/.local/share/virtualenvs/custom_airflow-E5ZHcY_K/lib/python3.12/site-packages/airflow/example_dags/tutorial_dag.py for tasks to queue
[2024-07-06T16:08:46.613+0700] {logging_mixin.py:188} INFO - [2024-07-06T16:08:46.612+0700] {dagbag.py:545} INFO - Filling up the DagBag from /home/acer/.local/share/virtualenvs/custom_airflow-E5ZHcY_K/lib/python3.12/site-packages/airflow/example_dags/tutorial_dag.py
[2024-07-06T16:08:46.626+0700] {processor.py:840} INFO - DAG(s) 'tutorial_dag' retrieved from /home/acer/.local/share/virtualenvs/custom_airflow-E5ZHcY_K/lib/python3.12/site-packages/airflow/example_dags/tutorial_dag.py
[2024-07-06T16:08:46.745+0700] {logging_mixin.py:188} INFO - [2024-07-06T16:08:46.744+0700] {override.py:1847} INFO - Created Permission View: can delete on DAG:tutorial_dag
[2024-07-06T16:08:46.757+0700] {logging_mixin.py:188} INFO - [2024-07-06T16:08:46.756+0700] {override.py:1847} INFO - Created Permission View: can edit on DAG:tutorial_dag
[2024-07-06T16:08:46.771+0700] {logging_mixin.py:188} INFO - [2024-07-06T16:08:46.770+0700] {override.py:1847} INFO - Created Permission View: can read on DAG:tutorial_dag
[2024-07-06T16:08:46.771+0700] {logging_mixin.py:188} INFO - [2024-07-06T16:08:46.771+0700] {dag.py:3096} INFO - Sync 1 DAGs
[2024-07-06T16:08:46.784+0700] {logging_mixin.py:188} INFO - [2024-07-06T16:08:46.784+0700] {dag.py:3118} INFO - Creating ORM DAG for tutorial_dag
[2024-07-06T16:08:46.784+0700] {logging_mixin.py:188} INFO - [2024-07-06T16:08:46.784+0700] {dag.py:3954} INFO - Setting next_dagrun for tutorial_dag to None, run_after=None
[2024-07-06T16:08:46.810+0700] {processor.py:183} INFO - Processing /home/acer/.local/share/virtualenvs/custom_airflow-E5ZHcY_K/lib/python3.12/site-packages/airflow/example_dags/tutorial_dag.py took 0.206 seconds
[2024-07-06T16:09:47.266+0700] {processor.py:161} INFO - Started process (PID=51569) to work on /home/acer/.local/share/virtualenvs/custom_airflow-E5ZHcY_K/lib/python3.12/site-packages/airflow/example_dags/tutorial_dag.py
[2024-07-06T16:09:47.267+0700] {processor.py:830} INFO - Processing file /home/acer/.local/share/virtualenvs/custom_airflow-E5ZHcY_K/lib/python3.12/site-packages/airflow/example_dags/tutorial_dag.py for tasks to queue
[2024-07-06T16:09:47.270+0700] {logging_mixin.py:188} INFO - [2024-07-06T16:09:47.269+0700] {dagbag.py:545} INFO - Filling up the DagBag from /home/acer/.local/share/virtualenvs/custom_airflow-E5ZHcY_K/lib/python3.12/site-packages/airflow/example_dags/tutorial_dag.py
[2024-07-06T16:09:47.278+0700] {processor.py:840} INFO - DAG(s) 'tutorial_dag' retrieved from /home/acer/.local/share/virtualenvs/custom_airflow-E5ZHcY_K/lib/python3.12/site-packages/airflow/example_dags/tutorial_dag.py
[2024-07-06T16:09:47.295+0700] {logging_mixin.py:188} INFO - [2024-07-06T16:09:47.295+0700] {dag.py:3096} INFO - Sync 1 DAGs
[2024-07-06T16:09:47.307+0700] {logging_mixin.py:188} INFO - [2024-07-06T16:09:47.307+0700] {dag.py:3954} INFO - Setting next_dagrun for tutorial_dag to None, run_after=None
[2024-07-06T16:09:47.330+0700] {processor.py:183} INFO - Processing /home/acer/.local/share/virtualenvs/custom_airflow-E5ZHcY_K/lib/python3.12/site-packages/airflow/example_dags/tutorial_dag.py took 0.072 seconds
[2024-07-06T16:10:39.311+0700] {processor.py:161} INFO - Started process (PID=52023) to work on /home/acer/.local/share/virtualenvs/custom_airflow-E5ZHcY_K/lib/python3.12/site-packages/airflow/example_dags/tutorial_dag.py
[2024-07-06T16:10:39.312+0700] {processor.py:830} INFO - Processing file /home/acer/.local/share/virtualenvs/custom_airflow-E5ZHcY_K/lib/python3.12/site-packages/airflow/example_dags/tutorial_dag.py for tasks to queue
[2024-07-06T16:10:39.313+0700] {logging_mixin.py:188} INFO - [2024-07-06T16:10:39.313+0700] {dagbag.py:545} INFO - Filling up the DagBag from /home/acer/.local/share/virtualenvs/custom_airflow-E5ZHcY_K/lib/python3.12/site-packages/airflow/example_dags/tutorial_dag.py
[2024-07-06T16:10:39.321+0700] {processor.py:840} INFO - DAG(s) 'tutorial_dag' retrieved from /home/acer/.local/share/virtualenvs/custom_airflow-E5ZHcY_K/lib/python3.12/site-packages/airflow/example_dags/tutorial_dag.py
[2024-07-06T16:10:39.344+0700] {logging_mixin.py:188} INFO - [2024-07-06T16:10:39.343+0700] {dag.py:3096} INFO - Sync 1 DAGs
[2024-07-06T16:10:39.356+0700] {logging_mixin.py:188} INFO - [2024-07-06T16:10:39.356+0700] {dag.py:3954} INFO - Setting next_dagrun for tutorial_dag to None, run_after=None
[2024-07-06T16:10:39.385+0700] {processor.py:183} INFO - Processing /home/acer/.local/share/virtualenvs/custom_airflow-E5ZHcY_K/lib/python3.12/site-packages/airflow/example_dags/tutorial_dag.py took 0.079 seconds
[2024-07-06T16:11:34.672+0700] {processor.py:161} INFO - Started process (PID=52493) to work on /home/acer/.local/share/virtualenvs/custom_airflow-E5ZHcY_K/lib/python3.12/site-packages/airflow/example_dags/tutorial_dag.py
[2024-07-06T16:11:34.673+0700] {processor.py:830} INFO - Processing file /home/acer/.local/share/virtualenvs/custom_airflow-E5ZHcY_K/lib/python3.12/site-packages/airflow/example_dags/tutorial_dag.py for tasks to queue
[2024-07-06T16:11:34.674+0700] {logging_mixin.py:188} INFO - [2024-07-06T16:11:34.673+0700] {dagbag.py:545} INFO - Filling up the DagBag from /home/acer/.local/share/virtualenvs/custom_airflow-E5ZHcY_K/lib/python3.12/site-packages/airflow/example_dags/tutorial_dag.py
[2024-07-06T16:11:34.681+0700] {processor.py:840} INFO - DAG(s) 'tutorial_dag' retrieved from /home/acer/.local/share/virtualenvs/custom_airflow-E5ZHcY_K/lib/python3.12/site-packages/airflow/example_dags/tutorial_dag.py
[2024-07-06T16:11:34.698+0700] {logging_mixin.py:188} INFO - [2024-07-06T16:11:34.698+0700] {dag.py:3096} INFO - Sync 1 DAGs
[2024-07-06T16:11:34.712+0700] {logging_mixin.py:188} INFO - [2024-07-06T16:11:34.712+0700] {dag.py:3954} INFO - Setting next_dagrun for tutorial_dag to None, run_after=None
[2024-07-06T16:11:34.736+0700] {processor.py:183} INFO - Processing /home/acer/.local/share/virtualenvs/custom_airflow-E5ZHcY_K/lib/python3.12/site-packages/airflow/example_dags/tutorial_dag.py took 0.070 seconds
[2024-07-06T16:15:36.021+0700] {processor.py:161} INFO - Started process (PID=54553) to work on /home/acer/.local/share/virtualenvs/custom_airflow-E5ZHcY_K/lib/python3.12/site-packages/airflow/example_dags/tutorial_dag.py
[2024-07-06T16:15:36.022+0700] {processor.py:830} INFO - Processing file /home/acer/.local/share/virtualenvs/custom_airflow-E5ZHcY_K/lib/python3.12/site-packages/airflow/example_dags/tutorial_dag.py for tasks to queue
[2024-07-06T16:15:36.024+0700] {logging_mixin.py:188} INFO - [2024-07-06T16:15:36.023+0700] {dagbag.py:545} INFO - Filling up the DagBag from /home/acer/.local/share/virtualenvs/custom_airflow-E5ZHcY_K/lib/python3.12/site-packages/airflow/example_dags/tutorial_dag.py
[2024-07-06T16:15:36.032+0700] {processor.py:840} INFO - DAG(s) 'tutorial_dag' retrieved from /home/acer/.local/share/virtualenvs/custom_airflow-E5ZHcY_K/lib/python3.12/site-packages/airflow/example_dags/tutorial_dag.py
[2024-07-06T16:15:36.193+0700] {logging_mixin.py:188} INFO - [2024-07-06T16:15:36.192+0700] {dag.py:3096} INFO - Sync 1 DAGs
[2024-07-06T16:15:36.207+0700] {logging_mixin.py:188} INFO - [2024-07-06T16:15:36.206+0700] {dag.py:3954} INFO - Setting next_dagrun for tutorial_dag to None, run_after=None
[2024-07-06T16:15:36.233+0700] {processor.py:183} INFO - Processing /home/acer/.local/share/virtualenvs/custom_airflow-E5ZHcY_K/lib/python3.12/site-packages/airflow/example_dags/tutorial_dag.py took 0.217 seconds
[2024-07-06T16:16:36.926+0700] {processor.py:161} INFO - Started process (PID=55260) to work on /home/acer/.local/share/virtualenvs/custom_airflow-E5ZHcY_K/lib/python3.12/site-packages/airflow/example_dags/tutorial_dag.py
[2024-07-06T16:16:36.928+0700] {processor.py:830} INFO - Processing file /home/acer/.local/share/virtualenvs/custom_airflow-E5ZHcY_K/lib/python3.12/site-packages/airflow/example_dags/tutorial_dag.py for tasks to queue
[2024-07-06T16:16:36.932+0700] {logging_mixin.py:188} INFO - [2024-07-06T16:16:36.931+0700] {dagbag.py:545} INFO - Filling up the DagBag from /home/acer/.local/share/virtualenvs/custom_airflow-E5ZHcY_K/lib/python3.12/site-packages/airflow/example_dags/tutorial_dag.py
[2024-07-06T16:16:36.939+0700] {processor.py:840} INFO - DAG(s) 'tutorial_dag' retrieved from /home/acer/.local/share/virtualenvs/custom_airflow-E5ZHcY_K/lib/python3.12/site-packages/airflow/example_dags/tutorial_dag.py
[2024-07-06T16:16:36.956+0700] {logging_mixin.py:188} INFO - [2024-07-06T16:16:36.956+0700] {dag.py:3096} INFO - Sync 1 DAGs
[2024-07-06T16:16:36.977+0700] {logging_mixin.py:188} INFO - [2024-07-06T16:16:36.977+0700] {dag.py:3954} INFO - Setting next_dagrun for tutorial_dag to None, run_after=None
[2024-07-06T16:16:37.008+0700] {processor.py:183} INFO - Processing /home/acer/.local/share/virtualenvs/custom_airflow-E5ZHcY_K/lib/python3.12/site-packages/airflow/example_dags/tutorial_dag.py took 0.099 seconds
[2024-07-06T16:17:29.429+0700] {processor.py:161} INFO - Started process (PID=55705) to work on /home/acer/.local/share/virtualenvs/custom_airflow-E5ZHcY_K/lib/python3.12/site-packages/airflow/example_dags/tutorial_dag.py
[2024-07-06T16:17:29.430+0700] {processor.py:830} INFO - Processing file /home/acer/.local/share/virtualenvs/custom_airflow-E5ZHcY_K/lib/python3.12/site-packages/airflow/example_dags/tutorial_dag.py for tasks to queue
[2024-07-06T16:17:29.432+0700] {logging_mixin.py:188} INFO - [2024-07-06T16:17:29.432+0700] {dagbag.py:545} INFO - Filling up the DagBag from /home/acer/.local/share/virtualenvs/custom_airflow-E5ZHcY_K/lib/python3.12/site-packages/airflow/example_dags/tutorial_dag.py
[2024-07-06T16:17:29.441+0700] {processor.py:840} INFO - DAG(s) 'tutorial_dag' retrieved from /home/acer/.local/share/virtualenvs/custom_airflow-E5ZHcY_K/lib/python3.12/site-packages/airflow/example_dags/tutorial_dag.py
[2024-07-06T16:17:29.460+0700] {logging_mixin.py:188} INFO - [2024-07-06T16:17:29.459+0700] {dag.py:3096} INFO - Sync 1 DAGs
[2024-07-06T16:17:29.473+0700] {logging_mixin.py:188} INFO - [2024-07-06T16:17:29.473+0700] {dag.py:3954} INFO - Setting next_dagrun for tutorial_dag to None, run_after=None
[2024-07-06T16:17:29.496+0700] {processor.py:183} INFO - Processing /home/acer/.local/share/virtualenvs/custom_airflow-E5ZHcY_K/lib/python3.12/site-packages/airflow/example_dags/tutorial_dag.py took 0.077 seconds
[2024-07-06T16:18:17.218+0700] {processor.py:161} INFO - Started process (PID=55954) to work on /home/acer/.local/share/virtualenvs/custom_airflow-E5ZHcY_K/lib/python3.12/site-packages/airflow/example_dags/tutorial_dag.py
[2024-07-06T16:18:17.219+0700] {processor.py:830} INFO - Processing file /home/acer/.local/share/virtualenvs/custom_airflow-E5ZHcY_K/lib/python3.12/site-packages/airflow/example_dags/tutorial_dag.py for tasks to queue
[2024-07-06T16:18:17.225+0700] {logging_mixin.py:188} INFO - [2024-07-06T16:18:17.223+0700] {dagbag.py:545} INFO - Filling up the DagBag from /home/acer/.local/share/virtualenvs/custom_airflow-E5ZHcY_K/lib/python3.12/site-packages/airflow/example_dags/tutorial_dag.py
[2024-07-06T16:18:17.239+0700] {processor.py:840} INFO - DAG(s) 'tutorial_dag' retrieved from /home/acer/.local/share/virtualenvs/custom_airflow-E5ZHcY_K/lib/python3.12/site-packages/airflow/example_dags/tutorial_dag.py
[2024-07-06T16:18:17.260+0700] {logging_mixin.py:188} INFO - [2024-07-06T16:18:17.260+0700] {dag.py:3096} INFO - Sync 1 DAGs
[2024-07-06T16:18:17.274+0700] {logging_mixin.py:188} INFO - [2024-07-06T16:18:17.274+0700] {dag.py:3954} INFO - Setting next_dagrun for tutorial_dag to None, run_after=None
[2024-07-06T16:18:17.298+0700] {processor.py:183} INFO - Processing /home/acer/.local/share/virtualenvs/custom_airflow-E5ZHcY_K/lib/python3.12/site-packages/airflow/example_dags/tutorial_dag.py took 0.092 seconds
[2024-07-06T16:19:05.551+0700] {processor.py:161} INFO - Started process (PID=56183) to work on /home/acer/.local/share/virtualenvs/custom_airflow-E5ZHcY_K/lib/python3.12/site-packages/airflow/example_dags/tutorial_dag.py
[2024-07-06T16:19:05.552+0700] {processor.py:830} INFO - Processing file /home/acer/.local/share/virtualenvs/custom_airflow-E5ZHcY_K/lib/python3.12/site-packages/airflow/example_dags/tutorial_dag.py for tasks to queue
[2024-07-06T16:19:05.556+0700] {logging_mixin.py:188} INFO - [2024-07-06T16:19:05.555+0700] {dagbag.py:545} INFO - Filling up the DagBag from /home/acer/.local/share/virtualenvs/custom_airflow-E5ZHcY_K/lib/python3.12/site-packages/airflow/example_dags/tutorial_dag.py
[2024-07-06T16:19:05.565+0700] {processor.py:840} INFO - DAG(s) 'tutorial_dag' retrieved from /home/acer/.local/share/virtualenvs/custom_airflow-E5ZHcY_K/lib/python3.12/site-packages/airflow/example_dags/tutorial_dag.py
[2024-07-06T16:19:05.582+0700] {logging_mixin.py:188} INFO - [2024-07-06T16:19:05.582+0700] {dag.py:3096} INFO - Sync 1 DAGs
[2024-07-06T16:19:05.594+0700] {logging_mixin.py:188} INFO - [2024-07-06T16:19:05.594+0700] {dag.py:3954} INFO - Setting next_dagrun for tutorial_dag to None, run_after=None
[2024-07-06T16:19:05.616+0700] {processor.py:183} INFO - Processing /home/acer/.local/share/virtualenvs/custom_airflow-E5ZHcY_K/lib/python3.12/site-packages/airflow/example_dags/tutorial_dag.py took 0.075 seconds
[2024-07-06T16:20:05.221+0700] {processor.py:161} INFO - Started process (PID=56934) to work on /home/acer/.local/share/virtualenvs/custom_airflow-E5ZHcY_K/lib/python3.12/site-packages/airflow/example_dags/tutorial_dag.py
[2024-07-06T16:20:05.222+0700] {processor.py:830} INFO - Processing file /home/acer/.local/share/virtualenvs/custom_airflow-E5ZHcY_K/lib/python3.12/site-packages/airflow/example_dags/tutorial_dag.py for tasks to queue
[2024-07-06T16:20:05.224+0700] {logging_mixin.py:188} INFO - [2024-07-06T16:20:05.223+0700] {dagbag.py:545} INFO - Filling up the DagBag from /home/acer/.local/share/virtualenvs/custom_airflow-E5ZHcY_K/lib/python3.12/site-packages/airflow/example_dags/tutorial_dag.py
[2024-07-06T16:20:05.229+0700] {processor.py:840} INFO - DAG(s) 'tutorial_dag' retrieved from /home/acer/.local/share/virtualenvs/custom_airflow-E5ZHcY_K/lib/python3.12/site-packages/airflow/example_dags/tutorial_dag.py
[2024-07-06T16:20:05.246+0700] {logging_mixin.py:188} INFO - [2024-07-06T16:20:05.245+0700] {dag.py:3096} INFO - Sync 1 DAGs
[2024-07-06T16:20:05.258+0700] {logging_mixin.py:188} INFO - [2024-07-06T16:20:05.258+0700] {dag.py:3954} INFO - Setting next_dagrun for tutorial_dag to None, run_after=None
[2024-07-06T16:20:05.279+0700] {processor.py:183} INFO - Processing /home/acer/.local/share/virtualenvs/custom_airflow-E5ZHcY_K/lib/python3.12/site-packages/airflow/example_dags/tutorial_dag.py took 0.063 seconds
[2024-07-06T16:21:02.468+0700] {processor.py:161} INFO - Started process (PID=57401) to work on /home/acer/.local/share/virtualenvs/custom_airflow-E5ZHcY_K/lib/python3.12/site-packages/airflow/example_dags/tutorial_dag.py
[2024-07-06T16:21:02.470+0700] {processor.py:830} INFO - Processing file /home/acer/.local/share/virtualenvs/custom_airflow-E5ZHcY_K/lib/python3.12/site-packages/airflow/example_dags/tutorial_dag.py for tasks to queue
[2024-07-06T16:21:02.473+0700] {logging_mixin.py:188} INFO - [2024-07-06T16:21:02.472+0700] {dagbag.py:545} INFO - Filling up the DagBag from /home/acer/.local/share/virtualenvs/custom_airflow-E5ZHcY_K/lib/python3.12/site-packages/airflow/example_dags/tutorial_dag.py
[2024-07-06T16:21:02.482+0700] {processor.py:840} INFO - DAG(s) 'tutorial_dag' retrieved from /home/acer/.local/share/virtualenvs/custom_airflow-E5ZHcY_K/lib/python3.12/site-packages/airflow/example_dags/tutorial_dag.py
[2024-07-06T16:21:02.503+0700] {logging_mixin.py:188} INFO - [2024-07-06T16:21:02.503+0700] {dag.py:3096} INFO - Sync 1 DAGs
[2024-07-06T16:21:02.519+0700] {logging_mixin.py:188} INFO - [2024-07-06T16:21:02.519+0700] {dag.py:3954} INFO - Setting next_dagrun for tutorial_dag to None, run_after=None
[2024-07-06T16:21:02.544+0700] {processor.py:183} INFO - Processing /home/acer/.local/share/virtualenvs/custom_airflow-E5ZHcY_K/lib/python3.12/site-packages/airflow/example_dags/tutorial_dag.py took 0.086 seconds
[2024-07-06T16:21:51.611+0700] {processor.py:161} INFO - Started process (PID=57729) to work on /home/acer/.local/share/virtualenvs/custom_airflow-E5ZHcY_K/lib/python3.12/site-packages/airflow/example_dags/tutorial_dag.py
[2024-07-06T16:21:51.612+0700] {processor.py:830} INFO - Processing file /home/acer/.local/share/virtualenvs/custom_airflow-E5ZHcY_K/lib/python3.12/site-packages/airflow/example_dags/tutorial_dag.py for tasks to queue
[2024-07-06T16:21:51.614+0700] {logging_mixin.py:188} INFO - [2024-07-06T16:21:51.613+0700] {dagbag.py:545} INFO - Filling up the DagBag from /home/acer/.local/share/virtualenvs/custom_airflow-E5ZHcY_K/lib/python3.12/site-packages/airflow/example_dags/tutorial_dag.py
[2024-07-06T16:21:51.619+0700] {processor.py:840} INFO - DAG(s) 'tutorial_dag' retrieved from /home/acer/.local/share/virtualenvs/custom_airflow-E5ZHcY_K/lib/python3.12/site-packages/airflow/example_dags/tutorial_dag.py
[2024-07-06T16:21:51.634+0700] {logging_mixin.py:188} INFO - [2024-07-06T16:21:51.634+0700] {dag.py:3096} INFO - Sync 1 DAGs
[2024-07-06T16:21:51.646+0700] {logging_mixin.py:188} INFO - [2024-07-06T16:21:51.646+0700] {dag.py:3954} INFO - Setting next_dagrun for tutorial_dag to None, run_after=None
[2024-07-06T16:21:51.667+0700] {processor.py:183} INFO - Processing /home/acer/.local/share/virtualenvs/custom_airflow-E5ZHcY_K/lib/python3.12/site-packages/airflow/example_dags/tutorial_dag.py took 0.061 seconds
[2024-07-06T16:22:39.797+0700] {processor.py:161} INFO - Started process (PID=58008) to work on /home/acer/.local/share/virtualenvs/custom_airflow-E5ZHcY_K/lib/python3.12/site-packages/airflow/example_dags/tutorial_dag.py
[2024-07-06T16:22:39.800+0700] {processor.py:830} INFO - Processing file /home/acer/.local/share/virtualenvs/custom_airflow-E5ZHcY_K/lib/python3.12/site-packages/airflow/example_dags/tutorial_dag.py for tasks to queue
[2024-07-06T16:22:39.806+0700] {logging_mixin.py:188} INFO - [2024-07-06T16:22:39.805+0700] {dagbag.py:545} INFO - Filling up the DagBag from /home/acer/.local/share/virtualenvs/custom_airflow-E5ZHcY_K/lib/python3.12/site-packages/airflow/example_dags/tutorial_dag.py
[2024-07-06T16:22:39.816+0700] {processor.py:840} INFO - DAG(s) 'tutorial_dag' retrieved from /home/acer/.local/share/virtualenvs/custom_airflow-E5ZHcY_K/lib/python3.12/site-packages/airflow/example_dags/tutorial_dag.py
[2024-07-06T16:22:39.847+0700] {logging_mixin.py:188} INFO - [2024-07-06T16:22:39.847+0700] {dag.py:3096} INFO - Sync 1 DAGs
[2024-07-06T16:22:39.863+0700] {logging_mixin.py:188} INFO - [2024-07-06T16:22:39.863+0700] {dag.py:3954} INFO - Setting next_dagrun for tutorial_dag to None, run_after=None
[2024-07-06T16:22:39.886+0700] {processor.py:183} INFO - Processing /home/acer/.local/share/virtualenvs/custom_airflow-E5ZHcY_K/lib/python3.12/site-packages/airflow/example_dags/tutorial_dag.py took 0.108 seconds
[2024-07-06T16:24:04.077+0700] {processor.py:161} INFO - Started process (PID=59047) to work on /home/acer/.local/share/virtualenvs/custom_airflow-E5ZHcY_K/lib/python3.12/site-packages/airflow/example_dags/tutorial_dag.py
[2024-07-06T16:24:04.078+0700] {processor.py:830} INFO - Processing file /home/acer/.local/share/virtualenvs/custom_airflow-E5ZHcY_K/lib/python3.12/site-packages/airflow/example_dags/tutorial_dag.py for tasks to queue
[2024-07-06T16:24:04.080+0700] {logging_mixin.py:188} INFO - [2024-07-06T16:24:04.080+0700] {dagbag.py:545} INFO - Filling up the DagBag from /home/acer/.local/share/virtualenvs/custom_airflow-E5ZHcY_K/lib/python3.12/site-packages/airflow/example_dags/tutorial_dag.py
[2024-07-06T16:24:04.085+0700] {processor.py:840} INFO - DAG(s) 'tutorial_dag' retrieved from /home/acer/.local/share/virtualenvs/custom_airflow-E5ZHcY_K/lib/python3.12/site-packages/airflow/example_dags/tutorial_dag.py
[2024-07-06T16:24:04.100+0700] {logging_mixin.py:188} INFO - [2024-07-06T16:24:04.100+0700] {dag.py:3096} INFO - Sync 1 DAGs
[2024-07-06T16:24:04.117+0700] {logging_mixin.py:188} INFO - [2024-07-06T16:24:04.116+0700] {dag.py:3954} INFO - Setting next_dagrun for tutorial_dag to None, run_after=None
[2024-07-06T16:24:04.150+0700] {processor.py:183} INFO - Processing /home/acer/.local/share/virtualenvs/custom_airflow-E5ZHcY_K/lib/python3.12/site-packages/airflow/example_dags/tutorial_dag.py took 0.078 seconds
[2024-07-06T16:25:00.986+0700] {processor.py:161} INFO - Started process (PID=59495) to work on /home/acer/.local/share/virtualenvs/custom_airflow-E5ZHcY_K/lib/python3.12/site-packages/airflow/example_dags/tutorial_dag.py
[2024-07-06T16:25:00.988+0700] {processor.py:830} INFO - Processing file /home/acer/.local/share/virtualenvs/custom_airflow-E5ZHcY_K/lib/python3.12/site-packages/airflow/example_dags/tutorial_dag.py for tasks to queue
[2024-07-06T16:25:00.992+0700] {logging_mixin.py:188} INFO - [2024-07-06T16:25:00.991+0700] {dagbag.py:545} INFO - Filling up the DagBag from /home/acer/.local/share/virtualenvs/custom_airflow-E5ZHcY_K/lib/python3.12/site-packages/airflow/example_dags/tutorial_dag.py
[2024-07-06T16:25:01.001+0700] {processor.py:840} INFO - DAG(s) 'tutorial_dag' retrieved from /home/acer/.local/share/virtualenvs/custom_airflow-E5ZHcY_K/lib/python3.12/site-packages/airflow/example_dags/tutorial_dag.py
[2024-07-06T16:25:01.018+0700] {logging_mixin.py:188} INFO - [2024-07-06T16:25:01.017+0700] {dag.py:3096} INFO - Sync 1 DAGs
[2024-07-06T16:25:01.031+0700] {logging_mixin.py:188} INFO - [2024-07-06T16:25:01.031+0700] {dag.py:3954} INFO - Setting next_dagrun for tutorial_dag to None, run_after=None
[2024-07-06T16:25:01.053+0700] {processor.py:183} INFO - Processing /home/acer/.local/share/virtualenvs/custom_airflow-E5ZHcY_K/lib/python3.12/site-packages/airflow/example_dags/tutorial_dag.py took 0.086 seconds
[2024-07-06T16:25:52.669+0700] {processor.py:161} INFO - Started process (PID=59944) to work on /home/acer/.local/share/virtualenvs/custom_airflow-E5ZHcY_K/lib/python3.12/site-packages/airflow/example_dags/tutorial_dag.py
[2024-07-06T16:25:52.671+0700] {processor.py:830} INFO - Processing file /home/acer/.local/share/virtualenvs/custom_airflow-E5ZHcY_K/lib/python3.12/site-packages/airflow/example_dags/tutorial_dag.py for tasks to queue
[2024-07-06T16:25:52.674+0700] {logging_mixin.py:188} INFO - [2024-07-06T16:25:52.673+0700] {dagbag.py:545} INFO - Filling up the DagBag from /home/acer/.local/share/virtualenvs/custom_airflow-E5ZHcY_K/lib/python3.12/site-packages/airflow/example_dags/tutorial_dag.py
[2024-07-06T16:25:52.682+0700] {processor.py:840} INFO - DAG(s) 'tutorial_dag' retrieved from /home/acer/.local/share/virtualenvs/custom_airflow-E5ZHcY_K/lib/python3.12/site-packages/airflow/example_dags/tutorial_dag.py
[2024-07-06T16:25:52.699+0700] {logging_mixin.py:188} INFO - [2024-07-06T16:25:52.699+0700] {dag.py:3096} INFO - Sync 1 DAGs
[2024-07-06T16:25:52.717+0700] {logging_mixin.py:188} INFO - [2024-07-06T16:25:52.717+0700] {dag.py:3954} INFO - Setting next_dagrun for tutorial_dag to None, run_after=None
[2024-07-06T16:25:52.748+0700] {processor.py:183} INFO - Processing /home/acer/.local/share/virtualenvs/custom_airflow-E5ZHcY_K/lib/python3.12/site-packages/airflow/example_dags/tutorial_dag.py took 0.096 seconds
[2024-07-06T16:26:43.648+0700] {processor.py:161} INFO - Started process (PID=60188) to work on /home/acer/.local/share/virtualenvs/custom_airflow-E5ZHcY_K/lib/python3.12/site-packages/airflow/example_dags/tutorial_dag.py
[2024-07-06T16:26:43.649+0700] {processor.py:830} INFO - Processing file /home/acer/.local/share/virtualenvs/custom_airflow-E5ZHcY_K/lib/python3.12/site-packages/airflow/example_dags/tutorial_dag.py for tasks to queue
[2024-07-06T16:26:43.651+0700] {logging_mixin.py:188} INFO - [2024-07-06T16:26:43.650+0700] {dagbag.py:545} INFO - Filling up the DagBag from /home/acer/.local/share/virtualenvs/custom_airflow-E5ZHcY_K/lib/python3.12/site-packages/airflow/example_dags/tutorial_dag.py
[2024-07-06T16:26:43.656+0700] {processor.py:840} INFO - DAG(s) 'tutorial_dag' retrieved from /home/acer/.local/share/virtualenvs/custom_airflow-E5ZHcY_K/lib/python3.12/site-packages/airflow/example_dags/tutorial_dag.py
[2024-07-06T16:26:43.671+0700] {logging_mixin.py:188} INFO - [2024-07-06T16:26:43.670+0700] {dag.py:3096} INFO - Sync 1 DAGs
[2024-07-06T16:26:43.683+0700] {logging_mixin.py:188} INFO - [2024-07-06T16:26:43.683+0700] {dag.py:3954} INFO - Setting next_dagrun for tutorial_dag to None, run_after=None
[2024-07-06T16:26:43.704+0700] {processor.py:183} INFO - Processing /home/acer/.local/share/virtualenvs/custom_airflow-E5ZHcY_K/lib/python3.12/site-packages/airflow/example_dags/tutorial_dag.py took 0.061 seconds
[2024-07-06T16:27:31.019+0700] {processor.py:161} INFO - Started process (PID=60450) to work on /home/acer/.local/share/virtualenvs/custom_airflow-E5ZHcY_K/lib/python3.12/site-packages/airflow/example_dags/tutorial_dag.py
[2024-07-06T16:27:31.021+0700] {processor.py:830} INFO - Processing file /home/acer/.local/share/virtualenvs/custom_airflow-E5ZHcY_K/lib/python3.12/site-packages/airflow/example_dags/tutorial_dag.py for tasks to queue
[2024-07-06T16:27:31.025+0700] {logging_mixin.py:188} INFO - [2024-07-06T16:27:31.024+0700] {dagbag.py:545} INFO - Filling up the DagBag from /home/acer/.local/share/virtualenvs/custom_airflow-E5ZHcY_K/lib/python3.12/site-packages/airflow/example_dags/tutorial_dag.py
[2024-07-06T16:27:31.034+0700] {processor.py:840} INFO - DAG(s) 'tutorial_dag' retrieved from /home/acer/.local/share/virtualenvs/custom_airflow-E5ZHcY_K/lib/python3.12/site-packages/airflow/example_dags/tutorial_dag.py
[2024-07-06T16:27:31.050+0700] {logging_mixin.py:188} INFO - [2024-07-06T16:27:31.050+0700] {dag.py:3096} INFO - Sync 1 DAGs
[2024-07-06T16:27:31.063+0700] {logging_mixin.py:188} INFO - [2024-07-06T16:27:31.062+0700] {dag.py:3954} INFO - Setting next_dagrun for tutorial_dag to None, run_after=None
[2024-07-06T16:27:31.084+0700] {processor.py:183} INFO - Processing /home/acer/.local/share/virtualenvs/custom_airflow-E5ZHcY_K/lib/python3.12/site-packages/airflow/example_dags/tutorial_dag.py took 0.084 seconds
[2024-07-06T16:28:17.040+0700] {processor.py:161} INFO - Started process (PID=60670) to work on /home/acer/.local/share/virtualenvs/custom_airflow-E5ZHcY_K/lib/python3.12/site-packages/airflow/example_dags/tutorial_dag.py
[2024-07-06T16:28:17.041+0700] {processor.py:830} INFO - Processing file /home/acer/.local/share/virtualenvs/custom_airflow-E5ZHcY_K/lib/python3.12/site-packages/airflow/example_dags/tutorial_dag.py for tasks to queue
[2024-07-06T16:28:17.043+0700] {logging_mixin.py:188} INFO - [2024-07-06T16:28:17.043+0700] {dagbag.py:545} INFO - Filling up the DagBag from /home/acer/.local/share/virtualenvs/custom_airflow-E5ZHcY_K/lib/python3.12/site-packages/airflow/example_dags/tutorial_dag.py
[2024-07-06T16:28:17.049+0700] {processor.py:840} INFO - DAG(s) 'tutorial_dag' retrieved from /home/acer/.local/share/virtualenvs/custom_airflow-E5ZHcY_K/lib/python3.12/site-packages/airflow/example_dags/tutorial_dag.py
[2024-07-06T16:28:17.064+0700] {logging_mixin.py:188} INFO - [2024-07-06T16:28:17.063+0700] {dag.py:3096} INFO - Sync 1 DAGs
[2024-07-06T16:28:17.076+0700] {logging_mixin.py:188} INFO - [2024-07-06T16:28:17.076+0700] {dag.py:3954} INFO - Setting next_dagrun for tutorial_dag to None, run_after=None
[2024-07-06T16:28:17.103+0700] {processor.py:183} INFO - Processing /home/acer/.local/share/virtualenvs/custom_airflow-E5ZHcY_K/lib/python3.12/site-packages/airflow/example_dags/tutorial_dag.py took 0.068 seconds
[2024-07-06T16:29:01.383+0700] {processor.py:161} INFO - Started process (PID=60899) to work on /home/acer/.local/share/virtualenvs/custom_airflow-E5ZHcY_K/lib/python3.12/site-packages/airflow/example_dags/tutorial_dag.py
[2024-07-06T16:29:01.384+0700] {processor.py:830} INFO - Processing file /home/acer/.local/share/virtualenvs/custom_airflow-E5ZHcY_K/lib/python3.12/site-packages/airflow/example_dags/tutorial_dag.py for tasks to queue
[2024-07-06T16:29:01.385+0700] {logging_mixin.py:188} INFO - [2024-07-06T16:29:01.385+0700] {dagbag.py:545} INFO - Filling up the DagBag from /home/acer/.local/share/virtualenvs/custom_airflow-E5ZHcY_K/lib/python3.12/site-packages/airflow/example_dags/tutorial_dag.py
[2024-07-06T16:29:01.391+0700] {processor.py:840} INFO - DAG(s) 'tutorial_dag' retrieved from /home/acer/.local/share/virtualenvs/custom_airflow-E5ZHcY_K/lib/python3.12/site-packages/airflow/example_dags/tutorial_dag.py
[2024-07-06T16:29:01.406+0700] {logging_mixin.py:188} INFO - [2024-07-06T16:29:01.405+0700] {dag.py:3096} INFO - Sync 1 DAGs
[2024-07-06T16:29:01.418+0700] {logging_mixin.py:188} INFO - [2024-07-06T16:29:01.417+0700] {dag.py:3954} INFO - Setting next_dagrun for tutorial_dag to None, run_after=None
[2024-07-06T16:29:01.439+0700] {processor.py:183} INFO - Processing /home/acer/.local/share/virtualenvs/custom_airflow-E5ZHcY_K/lib/python3.12/site-packages/airflow/example_dags/tutorial_dag.py took 0.061 seconds
[2024-07-06T16:29:49.850+0700] {processor.py:161} INFO - Started process (PID=61130) to work on /home/acer/.local/share/virtualenvs/custom_airflow-E5ZHcY_K/lib/python3.12/site-packages/airflow/example_dags/tutorial_dag.py
[2024-07-06T16:29:49.851+0700] {processor.py:830} INFO - Processing file /home/acer/.local/share/virtualenvs/custom_airflow-E5ZHcY_K/lib/python3.12/site-packages/airflow/example_dags/tutorial_dag.py for tasks to queue
[2024-07-06T16:29:49.853+0700] {logging_mixin.py:188} INFO - [2024-07-06T16:29:49.852+0700] {dagbag.py:545} INFO - Filling up the DagBag from /home/acer/.local/share/virtualenvs/custom_airflow-E5ZHcY_K/lib/python3.12/site-packages/airflow/example_dags/tutorial_dag.py
[2024-07-06T16:29:49.859+0700] {processor.py:840} INFO - DAG(s) 'tutorial_dag' retrieved from /home/acer/.local/share/virtualenvs/custom_airflow-E5ZHcY_K/lib/python3.12/site-packages/airflow/example_dags/tutorial_dag.py
[2024-07-06T16:29:49.878+0700] {logging_mixin.py:188} INFO - [2024-07-06T16:29:49.877+0700] {dag.py:3096} INFO - Sync 1 DAGs
[2024-07-06T16:29:49.891+0700] {logging_mixin.py:188} INFO - [2024-07-06T16:29:49.891+0700] {dag.py:3954} INFO - Setting next_dagrun for tutorial_dag to None, run_after=None
[2024-07-06T16:29:49.912+0700] {processor.py:183} INFO - Processing /home/acer/.local/share/virtualenvs/custom_airflow-E5ZHcY_K/lib/python3.12/site-packages/airflow/example_dags/tutorial_dag.py took 0.068 seconds
[2024-07-06T16:30:33.178+0700] {processor.py:161} INFO - Started process (PID=61387) to work on /home/acer/.local/share/virtualenvs/custom_airflow-E5ZHcY_K/lib/python3.12/site-packages/airflow/example_dags/tutorial_dag.py
[2024-07-06T16:30:33.180+0700] {processor.py:830} INFO - Processing file /home/acer/.local/share/virtualenvs/custom_airflow-E5ZHcY_K/lib/python3.12/site-packages/airflow/example_dags/tutorial_dag.py for tasks to queue
[2024-07-06T16:30:33.184+0700] {logging_mixin.py:188} INFO - [2024-07-06T16:30:33.183+0700] {dagbag.py:545} INFO - Filling up the DagBag from /home/acer/.local/share/virtualenvs/custom_airflow-E5ZHcY_K/lib/python3.12/site-packages/airflow/example_dags/tutorial_dag.py
[2024-07-06T16:30:33.194+0700] {processor.py:840} INFO - DAG(s) 'tutorial_dag' retrieved from /home/acer/.local/share/virtualenvs/custom_airflow-E5ZHcY_K/lib/python3.12/site-packages/airflow/example_dags/tutorial_dag.py
[2024-07-06T16:30:33.222+0700] {logging_mixin.py:188} INFO - [2024-07-06T16:30:33.221+0700] {dag.py:3096} INFO - Sync 1 DAGs
[2024-07-06T16:30:33.237+0700] {logging_mixin.py:188} INFO - [2024-07-06T16:30:33.237+0700] {dag.py:3954} INFO - Setting next_dagrun for tutorial_dag to None, run_after=None
[2024-07-06T16:30:33.259+0700] {processor.py:183} INFO - Processing /home/acer/.local/share/virtualenvs/custom_airflow-E5ZHcY_K/lib/python3.12/site-packages/airflow/example_dags/tutorial_dag.py took 0.100 seconds
[2024-07-06T16:31:19.565+0700] {processor.py:161} INFO - Started process (PID=61614) to work on /home/acer/.local/share/virtualenvs/custom_airflow-E5ZHcY_K/lib/python3.12/site-packages/airflow/example_dags/tutorial_dag.py
[2024-07-06T16:31:19.566+0700] {processor.py:830} INFO - Processing file /home/acer/.local/share/virtualenvs/custom_airflow-E5ZHcY_K/lib/python3.12/site-packages/airflow/example_dags/tutorial_dag.py for tasks to queue
[2024-07-06T16:31:19.568+0700] {logging_mixin.py:188} INFO - [2024-07-06T16:31:19.567+0700] {dagbag.py:545} INFO - Filling up the DagBag from /home/acer/.local/share/virtualenvs/custom_airflow-E5ZHcY_K/lib/python3.12/site-packages/airflow/example_dags/tutorial_dag.py
[2024-07-06T16:31:19.573+0700] {processor.py:840} INFO - DAG(s) 'tutorial_dag' retrieved from /home/acer/.local/share/virtualenvs/custom_airflow-E5ZHcY_K/lib/python3.12/site-packages/airflow/example_dags/tutorial_dag.py
[2024-07-06T16:31:19.588+0700] {logging_mixin.py:188} INFO - [2024-07-06T16:31:19.588+0700] {dag.py:3096} INFO - Sync 1 DAGs
[2024-07-06T16:31:19.600+0700] {logging_mixin.py:188} INFO - [2024-07-06T16:31:19.600+0700] {dag.py:3954} INFO - Setting next_dagrun for tutorial_dag to None, run_after=None
[2024-07-06T16:31:19.621+0700] {processor.py:183} INFO - Processing /home/acer/.local/share/virtualenvs/custom_airflow-E5ZHcY_K/lib/python3.12/site-packages/airflow/example_dags/tutorial_dag.py took 0.061 seconds
[2024-07-06T16:32:04.452+0700] {processor.py:161} INFO - Started process (PID=61841) to work on /home/acer/.local/share/virtualenvs/custom_airflow-E5ZHcY_K/lib/python3.12/site-packages/airflow/example_dags/tutorial_dag.py
[2024-07-06T16:32:04.453+0700] {processor.py:830} INFO - Processing file /home/acer/.local/share/virtualenvs/custom_airflow-E5ZHcY_K/lib/python3.12/site-packages/airflow/example_dags/tutorial_dag.py for tasks to queue
[2024-07-06T16:32:04.455+0700] {logging_mixin.py:188} INFO - [2024-07-06T16:32:04.455+0700] {dagbag.py:545} INFO - Filling up the DagBag from /home/acer/.local/share/virtualenvs/custom_airflow-E5ZHcY_K/lib/python3.12/site-packages/airflow/example_dags/tutorial_dag.py
[2024-07-06T16:32:04.461+0700] {processor.py:840} INFO - DAG(s) 'tutorial_dag' retrieved from /home/acer/.local/share/virtualenvs/custom_airflow-E5ZHcY_K/lib/python3.12/site-packages/airflow/example_dags/tutorial_dag.py
[2024-07-06T16:32:04.479+0700] {logging_mixin.py:188} INFO - [2024-07-06T16:32:04.479+0700] {dag.py:3096} INFO - Sync 1 DAGs
[2024-07-06T16:32:04.491+0700] {logging_mixin.py:188} INFO - [2024-07-06T16:32:04.491+0700] {dag.py:3954} INFO - Setting next_dagrun for tutorial_dag to None, run_after=None
[2024-07-06T16:32:04.512+0700] {processor.py:183} INFO - Processing /home/acer/.local/share/virtualenvs/custom_airflow-E5ZHcY_K/lib/python3.12/site-packages/airflow/example_dags/tutorial_dag.py took 0.065 seconds
[2024-07-06T16:32:53.043+0700] {processor.py:161} INFO - Started process (PID=62079) to work on /home/acer/.local/share/virtualenvs/custom_airflow-E5ZHcY_K/lib/python3.12/site-packages/airflow/example_dags/tutorial_dag.py
[2024-07-06T16:32:53.044+0700] {processor.py:830} INFO - Processing file /home/acer/.local/share/virtualenvs/custom_airflow-E5ZHcY_K/lib/python3.12/site-packages/airflow/example_dags/tutorial_dag.py for tasks to queue
[2024-07-06T16:32:53.045+0700] {logging_mixin.py:188} INFO - [2024-07-06T16:32:53.045+0700] {dagbag.py:545} INFO - Filling up the DagBag from /home/acer/.local/share/virtualenvs/custom_airflow-E5ZHcY_K/lib/python3.12/site-packages/airflow/example_dags/tutorial_dag.py
[2024-07-06T16:32:53.050+0700] {processor.py:840} INFO - DAG(s) 'tutorial_dag' retrieved from /home/acer/.local/share/virtualenvs/custom_airflow-E5ZHcY_K/lib/python3.12/site-packages/airflow/example_dags/tutorial_dag.py
[2024-07-06T16:32:53.065+0700] {logging_mixin.py:188} INFO - [2024-07-06T16:32:53.065+0700] {dag.py:3096} INFO - Sync 1 DAGs
[2024-07-06T16:32:53.077+0700] {logging_mixin.py:188} INFO - [2024-07-06T16:32:53.077+0700] {dag.py:3954} INFO - Setting next_dagrun for tutorial_dag to None, run_after=None
[2024-07-06T16:32:53.098+0700] {processor.py:183} INFO - Processing /home/acer/.local/share/virtualenvs/custom_airflow-E5ZHcY_K/lib/python3.12/site-packages/airflow/example_dags/tutorial_dag.py took 0.061 seconds
[2024-07-06T16:33:40.727+0700] {processor.py:161} INFO - Started process (PID=62333) to work on /home/acer/.local/share/virtualenvs/custom_airflow-E5ZHcY_K/lib/python3.12/site-packages/airflow/example_dags/tutorial_dag.py
[2024-07-06T16:33:40.728+0700] {processor.py:830} INFO - Processing file /home/acer/.local/share/virtualenvs/custom_airflow-E5ZHcY_K/lib/python3.12/site-packages/airflow/example_dags/tutorial_dag.py for tasks to queue
[2024-07-06T16:33:40.729+0700] {logging_mixin.py:188} INFO - [2024-07-06T16:33:40.729+0700] {dagbag.py:545} INFO - Filling up the DagBag from /home/acer/.local/share/virtualenvs/custom_airflow-E5ZHcY_K/lib/python3.12/site-packages/airflow/example_dags/tutorial_dag.py
[2024-07-06T16:33:40.735+0700] {processor.py:840} INFO - DAG(s) 'tutorial_dag' retrieved from /home/acer/.local/share/virtualenvs/custom_airflow-E5ZHcY_K/lib/python3.12/site-packages/airflow/example_dags/tutorial_dag.py
[2024-07-06T16:33:40.750+0700] {logging_mixin.py:188} INFO - [2024-07-06T16:33:40.750+0700] {dag.py:3096} INFO - Sync 1 DAGs
[2024-07-06T16:33:40.762+0700] {logging_mixin.py:188} INFO - [2024-07-06T16:33:40.762+0700] {dag.py:3954} INFO - Setting next_dagrun for tutorial_dag to None, run_after=None
[2024-07-06T16:33:40.783+0700] {processor.py:183} INFO - Processing /home/acer/.local/share/virtualenvs/custom_airflow-E5ZHcY_K/lib/python3.12/site-packages/airflow/example_dags/tutorial_dag.py took 0.062 seconds
[2024-07-06T16:34:26.350+0700] {processor.py:161} INFO - Started process (PID=62569) to work on /home/acer/.local/share/virtualenvs/custom_airflow-E5ZHcY_K/lib/python3.12/site-packages/airflow/example_dags/tutorial_dag.py
[2024-07-06T16:34:26.353+0700] {processor.py:830} INFO - Processing file /home/acer/.local/share/virtualenvs/custom_airflow-E5ZHcY_K/lib/python3.12/site-packages/airflow/example_dags/tutorial_dag.py for tasks to queue
[2024-07-06T16:34:26.357+0700] {logging_mixin.py:188} INFO - [2024-07-06T16:34:26.356+0700] {dagbag.py:545} INFO - Filling up the DagBag from /home/acer/.local/share/virtualenvs/custom_airflow-E5ZHcY_K/lib/python3.12/site-packages/airflow/example_dags/tutorial_dag.py
[2024-07-06T16:34:26.366+0700] {processor.py:840} INFO - DAG(s) 'tutorial_dag' retrieved from /home/acer/.local/share/virtualenvs/custom_airflow-E5ZHcY_K/lib/python3.12/site-packages/airflow/example_dags/tutorial_dag.py
[2024-07-06T16:34:26.383+0700] {logging_mixin.py:188} INFO - [2024-07-06T16:34:26.383+0700] {dag.py:3096} INFO - Sync 1 DAGs
[2024-07-06T16:34:26.395+0700] {logging_mixin.py:188} INFO - [2024-07-06T16:34:26.395+0700] {dag.py:3954} INFO - Setting next_dagrun for tutorial_dag to None, run_after=None
[2024-07-06T16:34:26.416+0700] {processor.py:183} INFO - Processing /home/acer/.local/share/virtualenvs/custom_airflow-E5ZHcY_K/lib/python3.12/site-packages/airflow/example_dags/tutorial_dag.py took 0.085 seconds
[2024-07-06T16:35:15.742+0700] {processor.py:161} INFO - Started process (PID=62806) to work on /home/acer/.local/share/virtualenvs/custom_airflow-E5ZHcY_K/lib/python3.12/site-packages/airflow/example_dags/tutorial_dag.py
[2024-07-06T16:35:15.744+0700] {processor.py:830} INFO - Processing file /home/acer/.local/share/virtualenvs/custom_airflow-E5ZHcY_K/lib/python3.12/site-packages/airflow/example_dags/tutorial_dag.py for tasks to queue
[2024-07-06T16:35:15.745+0700] {logging_mixin.py:188} INFO - [2024-07-06T16:35:15.745+0700] {dagbag.py:545} INFO - Filling up the DagBag from /home/acer/.local/share/virtualenvs/custom_airflow-E5ZHcY_K/lib/python3.12/site-packages/airflow/example_dags/tutorial_dag.py
[2024-07-06T16:35:15.751+0700] {processor.py:840} INFO - DAG(s) 'tutorial_dag' retrieved from /home/acer/.local/share/virtualenvs/custom_airflow-E5ZHcY_K/lib/python3.12/site-packages/airflow/example_dags/tutorial_dag.py
[2024-07-06T16:35:15.766+0700] {logging_mixin.py:188} INFO - [2024-07-06T16:35:15.766+0700] {dag.py:3096} INFO - Sync 1 DAGs
[2024-07-06T16:35:15.778+0700] {logging_mixin.py:188} INFO - [2024-07-06T16:35:15.778+0700] {dag.py:3954} INFO - Setting next_dagrun for tutorial_dag to None, run_after=None
[2024-07-06T16:35:15.799+0700] {processor.py:183} INFO - Processing /home/acer/.local/share/virtualenvs/custom_airflow-E5ZHcY_K/lib/python3.12/site-packages/airflow/example_dags/tutorial_dag.py took 0.062 seconds
[2024-07-06T16:36:02.600+0700] {processor.py:161} INFO - Started process (PID=63072) to work on /home/acer/.local/share/virtualenvs/custom_airflow-E5ZHcY_K/lib/python3.12/site-packages/airflow/example_dags/tutorial_dag.py
[2024-07-06T16:36:02.601+0700] {processor.py:830} INFO - Processing file /home/acer/.local/share/virtualenvs/custom_airflow-E5ZHcY_K/lib/python3.12/site-packages/airflow/example_dags/tutorial_dag.py for tasks to queue
[2024-07-06T16:36:02.603+0700] {logging_mixin.py:188} INFO - [2024-07-06T16:36:02.602+0700] {dagbag.py:545} INFO - Filling up the DagBag from /home/acer/.local/share/virtualenvs/custom_airflow-E5ZHcY_K/lib/python3.12/site-packages/airflow/example_dags/tutorial_dag.py
[2024-07-06T16:36:02.608+0700] {processor.py:840} INFO - DAG(s) 'tutorial_dag' retrieved from /home/acer/.local/share/virtualenvs/custom_airflow-E5ZHcY_K/lib/python3.12/site-packages/airflow/example_dags/tutorial_dag.py
[2024-07-06T16:36:02.623+0700] {logging_mixin.py:188} INFO - [2024-07-06T16:36:02.622+0700] {dag.py:3096} INFO - Sync 1 DAGs
[2024-07-06T16:36:02.635+0700] {logging_mixin.py:188} INFO - [2024-07-06T16:36:02.635+0700] {dag.py:3954} INFO - Setting next_dagrun for tutorial_dag to None, run_after=None
[2024-07-06T16:36:02.656+0700] {processor.py:183} INFO - Processing /home/acer/.local/share/virtualenvs/custom_airflow-E5ZHcY_K/lib/python3.12/site-packages/airflow/example_dags/tutorial_dag.py took 0.061 seconds
[2024-07-06T21:54:20.427+0700] {processor.py:161} INFO - Started process (PID=11765) to work on /home/acer/.local/share/virtualenvs/custom_airflow-E5ZHcY_K/lib/python3.12/site-packages/airflow/example_dags/tutorial_dag.py
[2024-07-06T21:54:20.429+0700] {processor.py:830} INFO - Processing file /home/acer/.local/share/virtualenvs/custom_airflow-E5ZHcY_K/lib/python3.12/site-packages/airflow/example_dags/tutorial_dag.py for tasks to queue
[2024-07-06T21:54:20.431+0700] {logging_mixin.py:188} INFO - [2024-07-06T21:54:20.431+0700] {dagbag.py:545} INFO - Filling up the DagBag from /home/acer/.local/share/virtualenvs/custom_airflow-E5ZHcY_K/lib/python3.12/site-packages/airflow/example_dags/tutorial_dag.py
[2024-07-06T21:54:20.444+0700] {processor.py:840} INFO - DAG(s) 'tutorial_dag' retrieved from /home/acer/.local/share/virtualenvs/custom_airflow-E5ZHcY_K/lib/python3.12/site-packages/airflow/example_dags/tutorial_dag.py
[2024-07-06T21:54:20.469+0700] {logging_mixin.py:188} INFO - [2024-07-06T21:54:20.469+0700] {dag.py:3096} INFO - Sync 1 DAGs
[2024-07-06T21:54:20.482+0700] {logging_mixin.py:188} INFO - [2024-07-06T21:54:20.481+0700] {dag.py:3954} INFO - Setting next_dagrun for tutorial_dag to None, run_after=None
[2024-07-06T21:54:20.506+0700] {processor.py:183} INFO - Processing /home/acer/.local/share/virtualenvs/custom_airflow-E5ZHcY_K/lib/python3.12/site-packages/airflow/example_dags/tutorial_dag.py took 0.090 seconds
[2024-07-06T21:55:16.067+0700] {processor.py:161} INFO - Started process (PID=12405) to work on /home/acer/.local/share/virtualenvs/custom_airflow-E5ZHcY_K/lib/python3.12/site-packages/airflow/example_dags/tutorial_dag.py
[2024-07-06T21:55:16.068+0700] {processor.py:830} INFO - Processing file /home/acer/.local/share/virtualenvs/custom_airflow-E5ZHcY_K/lib/python3.12/site-packages/airflow/example_dags/tutorial_dag.py for tasks to queue
[2024-07-06T21:55:16.070+0700] {logging_mixin.py:188} INFO - [2024-07-06T21:55:16.070+0700] {dagbag.py:545} INFO - Filling up the DagBag from /home/acer/.local/share/virtualenvs/custom_airflow-E5ZHcY_K/lib/python3.12/site-packages/airflow/example_dags/tutorial_dag.py
[2024-07-06T21:55:16.076+0700] {processor.py:840} INFO - DAG(s) 'tutorial_dag' retrieved from /home/acer/.local/share/virtualenvs/custom_airflow-E5ZHcY_K/lib/python3.12/site-packages/airflow/example_dags/tutorial_dag.py
[2024-07-06T21:55:16.106+0700] {logging_mixin.py:188} INFO - [2024-07-06T21:55:16.105+0700] {dag.py:3096} INFO - Sync 1 DAGs
[2024-07-06T21:55:16.128+0700] {logging_mixin.py:188} INFO - [2024-07-06T21:55:16.128+0700] {dag.py:3954} INFO - Setting next_dagrun for tutorial_dag to None, run_after=None
[2024-07-06T21:55:16.158+0700] {processor.py:183} INFO - Processing /home/acer/.local/share/virtualenvs/custom_airflow-E5ZHcY_K/lib/python3.12/site-packages/airflow/example_dags/tutorial_dag.py took 0.098 seconds
[2024-07-06T21:56:07.716+0700] {processor.py:161} INFO - Started process (PID=13062) to work on /home/acer/.local/share/virtualenvs/custom_airflow-E5ZHcY_K/lib/python3.12/site-packages/airflow/example_dags/tutorial_dag.py
[2024-07-06T21:56:07.718+0700] {processor.py:830} INFO - Processing file /home/acer/.local/share/virtualenvs/custom_airflow-E5ZHcY_K/lib/python3.12/site-packages/airflow/example_dags/tutorial_dag.py for tasks to queue
[2024-07-06T21:56:07.721+0700] {logging_mixin.py:188} INFO - [2024-07-06T21:56:07.720+0700] {dagbag.py:545} INFO - Filling up the DagBag from /home/acer/.local/share/virtualenvs/custom_airflow-E5ZHcY_K/lib/python3.12/site-packages/airflow/example_dags/tutorial_dag.py
[2024-07-06T21:56:07.729+0700] {processor.py:840} INFO - DAG(s) 'tutorial_dag' retrieved from /home/acer/.local/share/virtualenvs/custom_airflow-E5ZHcY_K/lib/python3.12/site-packages/airflow/example_dags/tutorial_dag.py
[2024-07-06T21:56:07.747+0700] {logging_mixin.py:188} INFO - [2024-07-06T21:56:07.747+0700] {dag.py:3096} INFO - Sync 1 DAGs
[2024-07-06T21:56:07.760+0700] {logging_mixin.py:188} INFO - [2024-07-06T21:56:07.760+0700] {dag.py:3954} INFO - Setting next_dagrun for tutorial_dag to None, run_after=None
[2024-07-06T21:56:07.784+0700] {processor.py:183} INFO - Processing /home/acer/.local/share/virtualenvs/custom_airflow-E5ZHcY_K/lib/python3.12/site-packages/airflow/example_dags/tutorial_dag.py took 0.077 seconds
[2024-07-06T21:56:55.823+0700] {processor.py:161} INFO - Started process (PID=13525) to work on /home/acer/.local/share/virtualenvs/custom_airflow-E5ZHcY_K/lib/python3.12/site-packages/airflow/example_dags/tutorial_dag.py
[2024-07-06T21:56:55.825+0700] {processor.py:830} INFO - Processing file /home/acer/.local/share/virtualenvs/custom_airflow-E5ZHcY_K/lib/python3.12/site-packages/airflow/example_dags/tutorial_dag.py for tasks to queue
[2024-07-06T21:56:55.829+0700] {logging_mixin.py:188} INFO - [2024-07-06T21:56:55.828+0700] {dagbag.py:545} INFO - Filling up the DagBag from /home/acer/.local/share/virtualenvs/custom_airflow-E5ZHcY_K/lib/python3.12/site-packages/airflow/example_dags/tutorial_dag.py
[2024-07-06T21:56:55.835+0700] {processor.py:840} INFO - DAG(s) 'tutorial_dag' retrieved from /home/acer/.local/share/virtualenvs/custom_airflow-E5ZHcY_K/lib/python3.12/site-packages/airflow/example_dags/tutorial_dag.py
[2024-07-06T21:56:55.856+0700] {logging_mixin.py:188} INFO - [2024-07-06T21:56:55.856+0700] {dag.py:3096} INFO - Sync 1 DAGs
[2024-07-06T21:56:55.871+0700] {logging_mixin.py:188} INFO - [2024-07-06T21:56:55.871+0700] {dag.py:3954} INFO - Setting next_dagrun for tutorial_dag to None, run_after=None
[2024-07-06T21:56:55.902+0700] {processor.py:183} INFO - Processing /home/acer/.local/share/virtualenvs/custom_airflow-E5ZHcY_K/lib/python3.12/site-packages/airflow/example_dags/tutorial_dag.py took 0.088 seconds
[2024-07-06T21:57:46.967+0700] {processor.py:161} INFO - Started process (PID=14009) to work on /home/acer/.local/share/virtualenvs/custom_airflow-E5ZHcY_K/lib/python3.12/site-packages/airflow/example_dags/tutorial_dag.py
[2024-07-06T21:57:46.968+0700] {processor.py:830} INFO - Processing file /home/acer/.local/share/virtualenvs/custom_airflow-E5ZHcY_K/lib/python3.12/site-packages/airflow/example_dags/tutorial_dag.py for tasks to queue
[2024-07-06T21:57:46.972+0700] {logging_mixin.py:188} INFO - [2024-07-06T21:57:46.971+0700] {dagbag.py:545} INFO - Filling up the DagBag from /home/acer/.local/share/virtualenvs/custom_airflow-E5ZHcY_K/lib/python3.12/site-packages/airflow/example_dags/tutorial_dag.py
[2024-07-06T21:57:46.980+0700] {processor.py:840} INFO - DAG(s) 'tutorial_dag' retrieved from /home/acer/.local/share/virtualenvs/custom_airflow-E5ZHcY_K/lib/python3.12/site-packages/airflow/example_dags/tutorial_dag.py
[2024-07-06T21:57:46.996+0700] {logging_mixin.py:188} INFO - [2024-07-06T21:57:46.996+0700] {dag.py:3096} INFO - Sync 1 DAGs
[2024-07-06T21:57:47.009+0700] {logging_mixin.py:188} INFO - [2024-07-06T21:57:47.009+0700] {dag.py:3954} INFO - Setting next_dagrun for tutorial_dag to None, run_after=None
[2024-07-06T21:57:47.030+0700] {processor.py:183} INFO - Processing /home/acer/.local/share/virtualenvs/custom_airflow-E5ZHcY_K/lib/python3.12/site-packages/airflow/example_dags/tutorial_dag.py took 0.089 seconds
[2024-07-06T21:58:41.947+0700] {processor.py:161} INFO - Started process (PID=14265) to work on /home/acer/.local/share/virtualenvs/custom_airflow-E5ZHcY_K/lib/python3.12/site-packages/airflow/example_dags/tutorial_dag.py
[2024-07-06T21:58:41.948+0700] {processor.py:830} INFO - Processing file /home/acer/.local/share/virtualenvs/custom_airflow-E5ZHcY_K/lib/python3.12/site-packages/airflow/example_dags/tutorial_dag.py for tasks to queue
[2024-07-06T21:58:41.950+0700] {logging_mixin.py:188} INFO - [2024-07-06T21:58:41.950+0700] {dagbag.py:545} INFO - Filling up the DagBag from /home/acer/.local/share/virtualenvs/custom_airflow-E5ZHcY_K/lib/python3.12/site-packages/airflow/example_dags/tutorial_dag.py
[2024-07-06T21:58:41.956+0700] {processor.py:840} INFO - DAG(s) 'tutorial_dag' retrieved from /home/acer/.local/share/virtualenvs/custom_airflow-E5ZHcY_K/lib/python3.12/site-packages/airflow/example_dags/tutorial_dag.py
[2024-07-06T21:58:41.971+0700] {logging_mixin.py:188} INFO - [2024-07-06T21:58:41.971+0700] {dag.py:3096} INFO - Sync 1 DAGs
[2024-07-06T21:58:41.983+0700] {logging_mixin.py:188} INFO - [2024-07-06T21:58:41.983+0700] {dag.py:3954} INFO - Setting next_dagrun for tutorial_dag to None, run_after=None
[2024-07-06T21:58:42.005+0700] {processor.py:183} INFO - Processing /home/acer/.local/share/virtualenvs/custom_airflow-E5ZHcY_K/lib/python3.12/site-packages/airflow/example_dags/tutorial_dag.py took 0.063 seconds
[2024-07-06T21:59:29.923+0700] {processor.py:161} INFO - Started process (PID=14524) to work on /home/acer/.local/share/virtualenvs/custom_airflow-E5ZHcY_K/lib/python3.12/site-packages/airflow/example_dags/tutorial_dag.py
[2024-07-06T21:59:29.924+0700] {processor.py:830} INFO - Processing file /home/acer/.local/share/virtualenvs/custom_airflow-E5ZHcY_K/lib/python3.12/site-packages/airflow/example_dags/tutorial_dag.py for tasks to queue
[2024-07-06T21:59:29.928+0700] {logging_mixin.py:188} INFO - [2024-07-06T21:59:29.927+0700] {dagbag.py:545} INFO - Filling up the DagBag from /home/acer/.local/share/virtualenvs/custom_airflow-E5ZHcY_K/lib/python3.12/site-packages/airflow/example_dags/tutorial_dag.py
[2024-07-06T21:59:29.940+0700] {processor.py:840} INFO - DAG(s) 'tutorial_dag' retrieved from /home/acer/.local/share/virtualenvs/custom_airflow-E5ZHcY_K/lib/python3.12/site-packages/airflow/example_dags/tutorial_dag.py
[2024-07-06T21:59:29.958+0700] {logging_mixin.py:188} INFO - [2024-07-06T21:59:29.957+0700] {dag.py:3096} INFO - Sync 1 DAGs
[2024-07-06T21:59:29.971+0700] {logging_mixin.py:188} INFO - [2024-07-06T21:59:29.971+0700] {dag.py:3954} INFO - Setting next_dagrun for tutorial_dag to None, run_after=None
[2024-07-06T21:59:29.993+0700] {processor.py:183} INFO - Processing /home/acer/.local/share/virtualenvs/custom_airflow-E5ZHcY_K/lib/python3.12/site-packages/airflow/example_dags/tutorial_dag.py took 0.082 seconds
[2024-07-06T22:00:22.092+0700] {processor.py:161} INFO - Started process (PID=14896) to work on /home/acer/.local/share/virtualenvs/custom_airflow-E5ZHcY_K/lib/python3.12/site-packages/airflow/example_dags/tutorial_dag.py
[2024-07-06T22:00:22.093+0700] {processor.py:830} INFO - Processing file /home/acer/.local/share/virtualenvs/custom_airflow-E5ZHcY_K/lib/python3.12/site-packages/airflow/example_dags/tutorial_dag.py for tasks to queue
[2024-07-06T22:00:22.095+0700] {logging_mixin.py:188} INFO - [2024-07-06T22:00:22.095+0700] {dagbag.py:545} INFO - Filling up the DagBag from /home/acer/.local/share/virtualenvs/custom_airflow-E5ZHcY_K/lib/python3.12/site-packages/airflow/example_dags/tutorial_dag.py
[2024-07-06T22:00:22.100+0700] {processor.py:840} INFO - DAG(s) 'tutorial_dag' retrieved from /home/acer/.local/share/virtualenvs/custom_airflow-E5ZHcY_K/lib/python3.12/site-packages/airflow/example_dags/tutorial_dag.py
[2024-07-06T22:00:22.115+0700] {logging_mixin.py:188} INFO - [2024-07-06T22:00:22.115+0700] {dag.py:3096} INFO - Sync 1 DAGs
[2024-07-06T22:00:22.128+0700] {logging_mixin.py:188} INFO - [2024-07-06T22:00:22.127+0700] {dag.py:3954} INFO - Setting next_dagrun for tutorial_dag to None, run_after=None
[2024-07-06T22:00:22.149+0700] {processor.py:183} INFO - Processing /home/acer/.local/share/virtualenvs/custom_airflow-E5ZHcY_K/lib/python3.12/site-packages/airflow/example_dags/tutorial_dag.py took 0.062 seconds
[2024-07-06T22:01:50.406+0700] {processor.py:161} INFO - Started process (PID=15814) to work on /home/acer/.local/share/virtualenvs/custom_airflow-E5ZHcY_K/lib/python3.12/site-packages/airflow/example_dags/tutorial_dag.py
[2024-07-06T22:01:50.408+0700] {processor.py:830} INFO - Processing file /home/acer/.local/share/virtualenvs/custom_airflow-E5ZHcY_K/lib/python3.12/site-packages/airflow/example_dags/tutorial_dag.py for tasks to queue
[2024-07-06T22:01:50.413+0700] {logging_mixin.py:188} INFO - [2024-07-06T22:01:50.412+0700] {dagbag.py:545} INFO - Filling up the DagBag from /home/acer/.local/share/virtualenvs/custom_airflow-E5ZHcY_K/lib/python3.12/site-packages/airflow/example_dags/tutorial_dag.py
[2024-07-06T22:01:50.423+0700] {processor.py:840} INFO - DAG(s) 'tutorial_dag' retrieved from /home/acer/.local/share/virtualenvs/custom_airflow-E5ZHcY_K/lib/python3.12/site-packages/airflow/example_dags/tutorial_dag.py
[2024-07-06T22:01:50.440+0700] {logging_mixin.py:188} INFO - [2024-07-06T22:01:50.440+0700] {dag.py:3096} INFO - Sync 1 DAGs
[2024-07-06T22:01:50.452+0700] {logging_mixin.py:188} INFO - [2024-07-06T22:01:50.452+0700] {dag.py:3954} INFO - Setting next_dagrun for tutorial_dag to None, run_after=None
[2024-07-06T22:01:50.473+0700] {processor.py:183} INFO - Processing /home/acer/.local/share/virtualenvs/custom_airflow-E5ZHcY_K/lib/python3.12/site-packages/airflow/example_dags/tutorial_dag.py took 0.083 seconds
[2024-07-06T22:02:49.488+0700] {processor.py:161} INFO - Started process (PID=16291) to work on /home/acer/.local/share/virtualenvs/custom_airflow-E5ZHcY_K/lib/python3.12/site-packages/airflow/example_dags/tutorial_dag.py
[2024-07-06T22:02:49.490+0700] {processor.py:830} INFO - Processing file /home/acer/.local/share/virtualenvs/custom_airflow-E5ZHcY_K/lib/python3.12/site-packages/airflow/example_dags/tutorial_dag.py for tasks to queue
[2024-07-06T22:02:49.494+0700] {logging_mixin.py:188} INFO - [2024-07-06T22:02:49.493+0700] {dagbag.py:545} INFO - Filling up the DagBag from /home/acer/.local/share/virtualenvs/custom_airflow-E5ZHcY_K/lib/python3.12/site-packages/airflow/example_dags/tutorial_dag.py
[2024-07-06T22:02:49.503+0700] {processor.py:840} INFO - DAG(s) 'tutorial_dag' retrieved from /home/acer/.local/share/virtualenvs/custom_airflow-E5ZHcY_K/lib/python3.12/site-packages/airflow/example_dags/tutorial_dag.py
[2024-07-06T22:02:49.521+0700] {logging_mixin.py:188} INFO - [2024-07-06T22:02:49.521+0700] {dag.py:3096} INFO - Sync 1 DAGs
[2024-07-06T22:02:49.533+0700] {logging_mixin.py:188} INFO - [2024-07-06T22:02:49.533+0700] {dag.py:3954} INFO - Setting next_dagrun for tutorial_dag to None, run_after=None
[2024-07-06T22:02:49.555+0700] {processor.py:183} INFO - Processing /home/acer/.local/share/virtualenvs/custom_airflow-E5ZHcY_K/lib/python3.12/site-packages/airflow/example_dags/tutorial_dag.py took 0.076 seconds
[2024-07-06T22:03:41.307+0700] {processor.py:161} INFO - Started process (PID=16544) to work on /home/acer/.local/share/virtualenvs/custom_airflow-E5ZHcY_K/lib/python3.12/site-packages/airflow/example_dags/tutorial_dag.py
[2024-07-06T22:03:41.308+0700] {processor.py:830} INFO - Processing file /home/acer/.local/share/virtualenvs/custom_airflow-E5ZHcY_K/lib/python3.12/site-packages/airflow/example_dags/tutorial_dag.py for tasks to queue
[2024-07-06T22:03:41.310+0700] {logging_mixin.py:188} INFO - [2024-07-06T22:03:41.310+0700] {dagbag.py:545} INFO - Filling up the DagBag from /home/acer/.local/share/virtualenvs/custom_airflow-E5ZHcY_K/lib/python3.12/site-packages/airflow/example_dags/tutorial_dag.py
[2024-07-06T22:03:41.315+0700] {processor.py:840} INFO - DAG(s) 'tutorial_dag' retrieved from /home/acer/.local/share/virtualenvs/custom_airflow-E5ZHcY_K/lib/python3.12/site-packages/airflow/example_dags/tutorial_dag.py
[2024-07-06T22:03:41.333+0700] {logging_mixin.py:188} INFO - [2024-07-06T22:03:41.332+0700] {dag.py:3096} INFO - Sync 1 DAGs
[2024-07-06T22:03:41.348+0700] {logging_mixin.py:188} INFO - [2024-07-06T22:03:41.348+0700] {dag.py:3954} INFO - Setting next_dagrun for tutorial_dag to None, run_after=None
[2024-07-06T22:03:41.376+0700] {processor.py:183} INFO - Processing /home/acer/.local/share/virtualenvs/custom_airflow-E5ZHcY_K/lib/python3.12/site-packages/airflow/example_dags/tutorial_dag.py took 0.076 seconds
[2024-07-06T22:05:09.258+0700] {processor.py:161} INFO - Started process (PID=17585) to work on /home/acer/.local/share/virtualenvs/custom_airflow-E5ZHcY_K/lib/python3.12/site-packages/airflow/example_dags/tutorial_dag.py
[2024-07-06T22:05:09.274+0700] {processor.py:830} INFO - Processing file /home/acer/.local/share/virtualenvs/custom_airflow-E5ZHcY_K/lib/python3.12/site-packages/airflow/example_dags/tutorial_dag.py for tasks to queue
[2024-07-06T22:05:09.277+0700] {logging_mixin.py:188} INFO - [2024-07-06T22:05:09.276+0700] {dagbag.py:545} INFO - Filling up the DagBag from /home/acer/.local/share/virtualenvs/custom_airflow-E5ZHcY_K/lib/python3.12/site-packages/airflow/example_dags/tutorial_dag.py
[2024-07-06T22:05:09.282+0700] {processor.py:840} INFO - DAG(s) 'tutorial_dag' retrieved from /home/acer/.local/share/virtualenvs/custom_airflow-E5ZHcY_K/lib/python3.12/site-packages/airflow/example_dags/tutorial_dag.py
[2024-07-06T22:05:09.297+0700] {logging_mixin.py:188} INFO - [2024-07-06T22:05:09.296+0700] {dag.py:3096} INFO - Sync 1 DAGs
[2024-07-06T22:05:09.309+0700] {logging_mixin.py:188} INFO - [2024-07-06T22:05:09.309+0700] {dag.py:3954} INFO - Setting next_dagrun for tutorial_dag to None, run_after=None
[2024-07-06T22:05:09.344+0700] {processor.py:183} INFO - Processing /home/acer/.local/share/virtualenvs/custom_airflow-E5ZHcY_K/lib/python3.12/site-packages/airflow/example_dags/tutorial_dag.py took 0.093 seconds
[2024-07-06T22:06:01.657+0700] {processor.py:161} INFO - Started process (PID=17846) to work on /home/acer/.local/share/virtualenvs/custom_airflow-E5ZHcY_K/lib/python3.12/site-packages/airflow/example_dags/tutorial_dag.py
[2024-07-06T22:06:01.658+0700] {processor.py:830} INFO - Processing file /home/acer/.local/share/virtualenvs/custom_airflow-E5ZHcY_K/lib/python3.12/site-packages/airflow/example_dags/tutorial_dag.py for tasks to queue
[2024-07-06T22:06:01.660+0700] {logging_mixin.py:188} INFO - [2024-07-06T22:06:01.660+0700] {dagbag.py:545} INFO - Filling up the DagBag from /home/acer/.local/share/virtualenvs/custom_airflow-E5ZHcY_K/lib/python3.12/site-packages/airflow/example_dags/tutorial_dag.py
[2024-07-06T22:06:01.666+0700] {processor.py:840} INFO - DAG(s) 'tutorial_dag' retrieved from /home/acer/.local/share/virtualenvs/custom_airflow-E5ZHcY_K/lib/python3.12/site-packages/airflow/example_dags/tutorial_dag.py
[2024-07-06T22:06:01.681+0700] {logging_mixin.py:188} INFO - [2024-07-06T22:06:01.680+0700] {dag.py:3096} INFO - Sync 1 DAGs
[2024-07-06T22:06:01.693+0700] {logging_mixin.py:188} INFO - [2024-07-06T22:06:01.693+0700] {dag.py:3954} INFO - Setting next_dagrun for tutorial_dag to None, run_after=None
[2024-07-06T22:06:01.714+0700] {processor.py:183} INFO - Processing /home/acer/.local/share/virtualenvs/custom_airflow-E5ZHcY_K/lib/python3.12/site-packages/airflow/example_dags/tutorial_dag.py took 0.062 seconds
[2024-07-06T22:06:50.186+0700] {processor.py:161} INFO - Started process (PID=18252) to work on /home/acer/.local/share/virtualenvs/custom_airflow-E5ZHcY_K/lib/python3.12/site-packages/airflow/example_dags/tutorial_dag.py
[2024-07-06T22:06:50.187+0700] {processor.py:830} INFO - Processing file /home/acer/.local/share/virtualenvs/custom_airflow-E5ZHcY_K/lib/python3.12/site-packages/airflow/example_dags/tutorial_dag.py for tasks to queue
[2024-07-06T22:06:50.190+0700] {logging_mixin.py:188} INFO - [2024-07-06T22:06:50.189+0700] {dagbag.py:545} INFO - Filling up the DagBag from /home/acer/.local/share/virtualenvs/custom_airflow-E5ZHcY_K/lib/python3.12/site-packages/airflow/example_dags/tutorial_dag.py
[2024-07-06T22:06:50.196+0700] {processor.py:840} INFO - DAG(s) 'tutorial_dag' retrieved from /home/acer/.local/share/virtualenvs/custom_airflow-E5ZHcY_K/lib/python3.12/site-packages/airflow/example_dags/tutorial_dag.py
[2024-07-06T22:06:50.216+0700] {logging_mixin.py:188} INFO - [2024-07-06T22:06:50.215+0700] {dag.py:3096} INFO - Sync 1 DAGs
[2024-07-06T22:06:50.231+0700] {logging_mixin.py:188} INFO - [2024-07-06T22:06:50.231+0700] {dag.py:3954} INFO - Setting next_dagrun for tutorial_dag to None, run_after=None
[2024-07-06T22:06:50.257+0700] {processor.py:183} INFO - Processing /home/acer/.local/share/virtualenvs/custom_airflow-E5ZHcY_K/lib/python3.12/site-packages/airflow/example_dags/tutorial_dag.py took 0.077 seconds
[2024-07-06T22:07:44.090+0700] {processor.py:161} INFO - Started process (PID=18639) to work on /home/acer/.local/share/virtualenvs/custom_airflow-E5ZHcY_K/lib/python3.12/site-packages/airflow/example_dags/tutorial_dag.py
[2024-07-06T22:07:44.092+0700] {processor.py:830} INFO - Processing file /home/acer/.local/share/virtualenvs/custom_airflow-E5ZHcY_K/lib/python3.12/site-packages/airflow/example_dags/tutorial_dag.py for tasks to queue
[2024-07-06T22:07:44.095+0700] {logging_mixin.py:188} INFO - [2024-07-06T22:07:44.094+0700] {dagbag.py:545} INFO - Filling up the DagBag from /home/acer/.local/share/virtualenvs/custom_airflow-E5ZHcY_K/lib/python3.12/site-packages/airflow/example_dags/tutorial_dag.py
[2024-07-06T22:07:44.104+0700] {processor.py:840} INFO - DAG(s) 'tutorial_dag' retrieved from /home/acer/.local/share/virtualenvs/custom_airflow-E5ZHcY_K/lib/python3.12/site-packages/airflow/example_dags/tutorial_dag.py
[2024-07-06T22:07:44.124+0700] {logging_mixin.py:188} INFO - [2024-07-06T22:07:44.124+0700] {dag.py:3096} INFO - Sync 1 DAGs
[2024-07-06T22:07:44.139+0700] {logging_mixin.py:188} INFO - [2024-07-06T22:07:44.139+0700] {dag.py:3954} INFO - Setting next_dagrun for tutorial_dag to None, run_after=None
[2024-07-06T22:07:44.165+0700] {processor.py:183} INFO - Processing /home/acer/.local/share/virtualenvs/custom_airflow-E5ZHcY_K/lib/python3.12/site-packages/airflow/example_dags/tutorial_dag.py took 0.090 seconds
[2024-07-06T22:08:40.458+0700] {processor.py:161} INFO - Started process (PID=18937) to work on /home/acer/.local/share/virtualenvs/custom_airflow-E5ZHcY_K/lib/python3.12/site-packages/airflow/example_dags/tutorial_dag.py
[2024-07-06T22:08:40.460+0700] {processor.py:830} INFO - Processing file /home/acer/.local/share/virtualenvs/custom_airflow-E5ZHcY_K/lib/python3.12/site-packages/airflow/example_dags/tutorial_dag.py for tasks to queue
[2024-07-06T22:08:40.464+0700] {logging_mixin.py:188} INFO - [2024-07-06T22:08:40.463+0700] {dagbag.py:545} INFO - Filling up the DagBag from /home/acer/.local/share/virtualenvs/custom_airflow-E5ZHcY_K/lib/python3.12/site-packages/airflow/example_dags/tutorial_dag.py
[2024-07-06T22:08:40.473+0700] {processor.py:840} INFO - DAG(s) 'tutorial_dag' retrieved from /home/acer/.local/share/virtualenvs/custom_airflow-E5ZHcY_K/lib/python3.12/site-packages/airflow/example_dags/tutorial_dag.py
[2024-07-06T22:08:40.493+0700] {logging_mixin.py:188} INFO - [2024-07-06T22:08:40.493+0700] {dag.py:3096} INFO - Sync 1 DAGs
[2024-07-06T22:08:40.513+0700] {logging_mixin.py:188} INFO - [2024-07-06T22:08:40.513+0700] {dag.py:3954} INFO - Setting next_dagrun for tutorial_dag to None, run_after=None
[2024-07-06T22:08:40.544+0700] {processor.py:183} INFO - Processing /home/acer/.local/share/virtualenvs/custom_airflow-E5ZHcY_K/lib/python3.12/site-packages/airflow/example_dags/tutorial_dag.py took 0.103 seconds
[2024-07-06T22:09:35.170+0700] {processor.py:161} INFO - Started process (PID=19249) to work on /home/acer/.local/share/virtualenvs/custom_airflow-E5ZHcY_K/lib/python3.12/site-packages/airflow/example_dags/tutorial_dag.py
[2024-07-06T22:09:35.172+0700] {processor.py:830} INFO - Processing file /home/acer/.local/share/virtualenvs/custom_airflow-E5ZHcY_K/lib/python3.12/site-packages/airflow/example_dags/tutorial_dag.py for tasks to queue
[2024-07-06T22:09:35.176+0700] {logging_mixin.py:188} INFO - [2024-07-06T22:09:35.175+0700] {dagbag.py:545} INFO - Filling up the DagBag from /home/acer/.local/share/virtualenvs/custom_airflow-E5ZHcY_K/lib/python3.12/site-packages/airflow/example_dags/tutorial_dag.py
[2024-07-06T22:09:35.185+0700] {processor.py:840} INFO - DAG(s) 'tutorial_dag' retrieved from /home/acer/.local/share/virtualenvs/custom_airflow-E5ZHcY_K/lib/python3.12/site-packages/airflow/example_dags/tutorial_dag.py
[2024-07-06T22:09:35.204+0700] {logging_mixin.py:188} INFO - [2024-07-06T22:09:35.204+0700] {dag.py:3096} INFO - Sync 1 DAGs
[2024-07-06T22:09:35.221+0700] {logging_mixin.py:188} INFO - [2024-07-06T22:09:35.221+0700] {dag.py:3954} INFO - Setting next_dagrun for tutorial_dag to None, run_after=None
[2024-07-06T22:09:35.250+0700] {processor.py:183} INFO - Processing /home/acer/.local/share/virtualenvs/custom_airflow-E5ZHcY_K/lib/python3.12/site-packages/airflow/example_dags/tutorial_dag.py took 0.089 seconds
[2024-07-06T22:10:39.696+0700] {processor.py:161} INFO - Started process (PID=19638) to work on /home/acer/.local/share/virtualenvs/custom_airflow-E5ZHcY_K/lib/python3.12/site-packages/airflow/example_dags/tutorial_dag.py
[2024-07-06T22:10:39.697+0700] {processor.py:830} INFO - Processing file /home/acer/.local/share/virtualenvs/custom_airflow-E5ZHcY_K/lib/python3.12/site-packages/airflow/example_dags/tutorial_dag.py for tasks to queue
[2024-07-06T22:10:39.700+0700] {logging_mixin.py:188} INFO - [2024-07-06T22:10:39.699+0700] {dagbag.py:545} INFO - Filling up the DagBag from /home/acer/.local/share/virtualenvs/custom_airflow-E5ZHcY_K/lib/python3.12/site-packages/airflow/example_dags/tutorial_dag.py
[2024-07-06T22:10:39.706+0700] {processor.py:840} INFO - DAG(s) 'tutorial_dag' retrieved from /home/acer/.local/share/virtualenvs/custom_airflow-E5ZHcY_K/lib/python3.12/site-packages/airflow/example_dags/tutorial_dag.py
[2024-07-06T22:10:39.723+0700] {logging_mixin.py:188} INFO - [2024-07-06T22:10:39.723+0700] {dag.py:3096} INFO - Sync 1 DAGs
[2024-07-06T22:10:39.736+0700] {logging_mixin.py:188} INFO - [2024-07-06T22:10:39.736+0700] {dag.py:3954} INFO - Setting next_dagrun for tutorial_dag to None, run_after=None
[2024-07-06T22:10:39.758+0700] {processor.py:183} INFO - Processing /home/acer/.local/share/virtualenvs/custom_airflow-E5ZHcY_K/lib/python3.12/site-packages/airflow/example_dags/tutorial_dag.py took 0.070 seconds
[2024-07-06T22:11:42.372+0700] {processor.py:161} INFO - Started process (PID=19951) to work on /home/acer/.local/share/virtualenvs/custom_airflow-E5ZHcY_K/lib/python3.12/site-packages/airflow/example_dags/tutorial_dag.py
[2024-07-06T22:11:42.373+0700] {processor.py:830} INFO - Processing file /home/acer/.local/share/virtualenvs/custom_airflow-E5ZHcY_K/lib/python3.12/site-packages/airflow/example_dags/tutorial_dag.py for tasks to queue
[2024-07-06T22:11:42.376+0700] {logging_mixin.py:188} INFO - [2024-07-06T22:11:42.375+0700] {dagbag.py:545} INFO - Filling up the DagBag from /home/acer/.local/share/virtualenvs/custom_airflow-E5ZHcY_K/lib/python3.12/site-packages/airflow/example_dags/tutorial_dag.py
[2024-07-06T22:11:42.384+0700] {processor.py:840} INFO - DAG(s) 'tutorial_dag' retrieved from /home/acer/.local/share/virtualenvs/custom_airflow-E5ZHcY_K/lib/python3.12/site-packages/airflow/example_dags/tutorial_dag.py
[2024-07-06T22:11:42.404+0700] {logging_mixin.py:188} INFO - [2024-07-06T22:11:42.404+0700] {dag.py:3096} INFO - Sync 1 DAGs
[2024-07-06T22:11:42.425+0700] {logging_mixin.py:188} INFO - [2024-07-06T22:11:42.424+0700] {dag.py:3954} INFO - Setting next_dagrun for tutorial_dag to None, run_after=None
[2024-07-06T22:11:42.464+0700] {processor.py:183} INFO - Processing /home/acer/.local/share/virtualenvs/custom_airflow-E5ZHcY_K/lib/python3.12/site-packages/airflow/example_dags/tutorial_dag.py took 0.099 seconds
[2024-07-06T22:12:43.050+0700] {processor.py:161} INFO - Started process (PID=20268) to work on /home/acer/.local/share/virtualenvs/custom_airflow-E5ZHcY_K/lib/python3.12/site-packages/airflow/example_dags/tutorial_dag.py
[2024-07-06T22:12:43.054+0700] {processor.py:830} INFO - Processing file /home/acer/.local/share/virtualenvs/custom_airflow-E5ZHcY_K/lib/python3.12/site-packages/airflow/example_dags/tutorial_dag.py for tasks to queue
[2024-07-06T22:12:43.056+0700] {logging_mixin.py:188} INFO - [2024-07-06T22:12:43.056+0700] {dagbag.py:545} INFO - Filling up the DagBag from /home/acer/.local/share/virtualenvs/custom_airflow-E5ZHcY_K/lib/python3.12/site-packages/airflow/example_dags/tutorial_dag.py
[2024-07-06T22:12:43.065+0700] {processor.py:840} INFO - DAG(s) 'tutorial_dag' retrieved from /home/acer/.local/share/virtualenvs/custom_airflow-E5ZHcY_K/lib/python3.12/site-packages/airflow/example_dags/tutorial_dag.py
[2024-07-06T22:12:43.090+0700] {logging_mixin.py:188} INFO - [2024-07-06T22:12:43.090+0700] {dag.py:3096} INFO - Sync 1 DAGs
[2024-07-06T22:12:43.106+0700] {logging_mixin.py:188} INFO - [2024-07-06T22:12:43.106+0700] {dag.py:3954} INFO - Setting next_dagrun for tutorial_dag to None, run_after=None
[2024-07-06T22:12:43.135+0700] {processor.py:183} INFO - Processing /home/acer/.local/share/virtualenvs/custom_airflow-E5ZHcY_K/lib/python3.12/site-packages/airflow/example_dags/tutorial_dag.py took 0.092 seconds
[2024-07-06T22:13:40.790+0700] {processor.py:161} INFO - Started process (PID=20635) to work on /home/acer/.local/share/virtualenvs/custom_airflow-E5ZHcY_K/lib/python3.12/site-packages/airflow/example_dags/tutorial_dag.py
[2024-07-06T22:13:40.792+0700] {processor.py:830} INFO - Processing file /home/acer/.local/share/virtualenvs/custom_airflow-E5ZHcY_K/lib/python3.12/site-packages/airflow/example_dags/tutorial_dag.py for tasks to queue
[2024-07-06T22:13:40.810+0700] {logging_mixin.py:188} INFO - [2024-07-06T22:13:40.803+0700] {dagbag.py:545} INFO - Filling up the DagBag from /home/acer/.local/share/virtualenvs/custom_airflow-E5ZHcY_K/lib/python3.12/site-packages/airflow/example_dags/tutorial_dag.py
[2024-07-06T22:13:40.819+0700] {processor.py:840} INFO - DAG(s) 'tutorial_dag' retrieved from /home/acer/.local/share/virtualenvs/custom_airflow-E5ZHcY_K/lib/python3.12/site-packages/airflow/example_dags/tutorial_dag.py
[2024-07-06T22:13:40.850+0700] {logging_mixin.py:188} INFO - [2024-07-06T22:13:40.849+0700] {dag.py:3096} INFO - Sync 1 DAGs
[2024-07-06T22:13:40.874+0700] {logging_mixin.py:188} INFO - [2024-07-06T22:13:40.874+0700] {dag.py:3954} INFO - Setting next_dagrun for tutorial_dag to None, run_after=None
[2024-07-06T22:13:40.910+0700] {processor.py:183} INFO - Processing /home/acer/.local/share/virtualenvs/custom_airflow-E5ZHcY_K/lib/python3.12/site-packages/airflow/example_dags/tutorial_dag.py took 0.135 seconds
[2024-07-06T22:14:40.528+0700] {processor.py:161} INFO - Started process (PID=20979) to work on /home/acer/.local/share/virtualenvs/custom_airflow-E5ZHcY_K/lib/python3.12/site-packages/airflow/example_dags/tutorial_dag.py
[2024-07-06T22:14:40.532+0700] {processor.py:830} INFO - Processing file /home/acer/.local/share/virtualenvs/custom_airflow-E5ZHcY_K/lib/python3.12/site-packages/airflow/example_dags/tutorial_dag.py for tasks to queue
[2024-07-06T22:14:40.535+0700] {logging_mixin.py:188} INFO - [2024-07-06T22:14:40.535+0700] {dagbag.py:545} INFO - Filling up the DagBag from /home/acer/.local/share/virtualenvs/custom_airflow-E5ZHcY_K/lib/python3.12/site-packages/airflow/example_dags/tutorial_dag.py
[2024-07-06T22:14:40.546+0700] {processor.py:840} INFO - DAG(s) 'tutorial_dag' retrieved from /home/acer/.local/share/virtualenvs/custom_airflow-E5ZHcY_K/lib/python3.12/site-packages/airflow/example_dags/tutorial_dag.py
[2024-07-06T22:14:40.570+0700] {logging_mixin.py:188} INFO - [2024-07-06T22:14:40.569+0700] {dag.py:3096} INFO - Sync 1 DAGs
[2024-07-06T22:14:40.588+0700] {logging_mixin.py:188} INFO - [2024-07-06T22:14:40.588+0700] {dag.py:3954} INFO - Setting next_dagrun for tutorial_dag to None, run_after=None
[2024-07-06T22:14:40.619+0700] {processor.py:183} INFO - Processing /home/acer/.local/share/virtualenvs/custom_airflow-E5ZHcY_K/lib/python3.12/site-packages/airflow/example_dags/tutorial_dag.py took 0.117 seconds
[2024-07-06T22:15:45.611+0700] {processor.py:161} INFO - Started process (PID=21373) to work on /home/acer/.local/share/virtualenvs/custom_airflow-E5ZHcY_K/lib/python3.12/site-packages/airflow/example_dags/tutorial_dag.py
[2024-07-06T22:15:45.614+0700] {processor.py:830} INFO - Processing file /home/acer/.local/share/virtualenvs/custom_airflow-E5ZHcY_K/lib/python3.12/site-packages/airflow/example_dags/tutorial_dag.py for tasks to queue
[2024-07-06T22:15:45.620+0700] {logging_mixin.py:188} INFO - [2024-07-06T22:15:45.620+0700] {dagbag.py:545} INFO - Filling up the DagBag from /home/acer/.local/share/virtualenvs/custom_airflow-E5ZHcY_K/lib/python3.12/site-packages/airflow/example_dags/tutorial_dag.py
[2024-07-06T22:15:45.628+0700] {processor.py:840} INFO - DAG(s) 'tutorial_dag' retrieved from /home/acer/.local/share/virtualenvs/custom_airflow-E5ZHcY_K/lib/python3.12/site-packages/airflow/example_dags/tutorial_dag.py
[2024-07-06T22:15:45.667+0700] {logging_mixin.py:188} INFO - [2024-07-06T22:15:45.666+0700] {dag.py:3096} INFO - Sync 1 DAGs
[2024-07-06T22:15:45.687+0700] {logging_mixin.py:188} INFO - [2024-07-06T22:15:45.687+0700] {dag.py:3954} INFO - Setting next_dagrun for tutorial_dag to None, run_after=None
[2024-07-06T22:15:45.718+0700] {processor.py:183} INFO - Processing /home/acer/.local/share/virtualenvs/custom_airflow-E5ZHcY_K/lib/python3.12/site-packages/airflow/example_dags/tutorial_dag.py took 0.116 seconds
[2024-07-06T22:16:41.825+0700] {processor.py:161} INFO - Started process (PID=21666) to work on /home/acer/.local/share/virtualenvs/custom_airflow-E5ZHcY_K/lib/python3.12/site-packages/airflow/example_dags/tutorial_dag.py
[2024-07-06T22:16:41.826+0700] {processor.py:830} INFO - Processing file /home/acer/.local/share/virtualenvs/custom_airflow-E5ZHcY_K/lib/python3.12/site-packages/airflow/example_dags/tutorial_dag.py for tasks to queue
[2024-07-06T22:16:41.829+0700] {logging_mixin.py:188} INFO - [2024-07-06T22:16:41.828+0700] {dagbag.py:545} INFO - Filling up the DagBag from /home/acer/.local/share/virtualenvs/custom_airflow-E5ZHcY_K/lib/python3.12/site-packages/airflow/example_dags/tutorial_dag.py
[2024-07-06T22:16:41.836+0700] {processor.py:840} INFO - DAG(s) 'tutorial_dag' retrieved from /home/acer/.local/share/virtualenvs/custom_airflow-E5ZHcY_K/lib/python3.12/site-packages/airflow/example_dags/tutorial_dag.py
[2024-07-06T22:16:41.864+0700] {logging_mixin.py:188} INFO - [2024-07-06T22:16:41.863+0700] {dag.py:3096} INFO - Sync 1 DAGs
[2024-07-06T22:16:41.883+0700] {logging_mixin.py:188} INFO - [2024-07-06T22:16:41.883+0700] {dag.py:3954} INFO - Setting next_dagrun for tutorial_dag to None, run_after=None
[2024-07-06T22:16:41.917+0700] {processor.py:183} INFO - Processing /home/acer/.local/share/virtualenvs/custom_airflow-E5ZHcY_K/lib/python3.12/site-packages/airflow/example_dags/tutorial_dag.py took 0.101 seconds
[2024-07-06T22:17:35.580+0700] {processor.py:161} INFO - Started process (PID=21961) to work on /home/acer/.local/share/virtualenvs/custom_airflow-E5ZHcY_K/lib/python3.12/site-packages/airflow/example_dags/tutorial_dag.py
[2024-07-06T22:17:35.582+0700] {processor.py:830} INFO - Processing file /home/acer/.local/share/virtualenvs/custom_airflow-E5ZHcY_K/lib/python3.12/site-packages/airflow/example_dags/tutorial_dag.py for tasks to queue
[2024-07-06T22:17:35.584+0700] {logging_mixin.py:188} INFO - [2024-07-06T22:17:35.583+0700] {dagbag.py:545} INFO - Filling up the DagBag from /home/acer/.local/share/virtualenvs/custom_airflow-E5ZHcY_K/lib/python3.12/site-packages/airflow/example_dags/tutorial_dag.py
[2024-07-06T22:17:35.591+0700] {processor.py:840} INFO - DAG(s) 'tutorial_dag' retrieved from /home/acer/.local/share/virtualenvs/custom_airflow-E5ZHcY_K/lib/python3.12/site-packages/airflow/example_dags/tutorial_dag.py
[2024-07-06T22:17:35.617+0700] {logging_mixin.py:188} INFO - [2024-07-06T22:17:35.617+0700] {dag.py:3096} INFO - Sync 1 DAGs
[2024-07-06T22:17:35.637+0700] {logging_mixin.py:188} INFO - [2024-07-06T22:17:35.637+0700] {dag.py:3954} INFO - Setting next_dagrun for tutorial_dag to None, run_after=None
[2024-07-06T22:17:35.664+0700] {processor.py:183} INFO - Processing /home/acer/.local/share/virtualenvs/custom_airflow-E5ZHcY_K/lib/python3.12/site-packages/airflow/example_dags/tutorial_dag.py took 0.090 seconds
[2024-07-06T22:18:40.705+0700] {processor.py:161} INFO - Started process (PID=22307) to work on /home/acer/.local/share/virtualenvs/custom_airflow-E5ZHcY_K/lib/python3.12/site-packages/airflow/example_dags/tutorial_dag.py
[2024-07-06T22:18:40.709+0700] {processor.py:830} INFO - Processing file /home/acer/.local/share/virtualenvs/custom_airflow-E5ZHcY_K/lib/python3.12/site-packages/airflow/example_dags/tutorial_dag.py for tasks to queue
[2024-07-06T22:18:40.711+0700] {logging_mixin.py:188} INFO - [2024-07-06T22:18:40.711+0700] {dagbag.py:545} INFO - Filling up the DagBag from /home/acer/.local/share/virtualenvs/custom_airflow-E5ZHcY_K/lib/python3.12/site-packages/airflow/example_dags/tutorial_dag.py
[2024-07-06T22:18:40.721+0700] {processor.py:840} INFO - DAG(s) 'tutorial_dag' retrieved from /home/acer/.local/share/virtualenvs/custom_airflow-E5ZHcY_K/lib/python3.12/site-packages/airflow/example_dags/tutorial_dag.py
[2024-07-06T22:18:40.752+0700] {logging_mixin.py:188} INFO - [2024-07-06T22:18:40.752+0700] {dag.py:3096} INFO - Sync 1 DAGs
[2024-07-06T22:18:40.780+0700] {logging_mixin.py:188} INFO - [2024-07-06T22:18:40.780+0700] {dag.py:3954} INFO - Setting next_dagrun for tutorial_dag to None, run_after=None
[2024-07-06T22:18:40.808+0700] {processor.py:183} INFO - Processing /home/acer/.local/share/virtualenvs/custom_airflow-E5ZHcY_K/lib/python3.12/site-packages/airflow/example_dags/tutorial_dag.py took 0.111 seconds
[2024-07-06T22:19:40.562+0700] {processor.py:161} INFO - Started process (PID=22631) to work on /home/acer/.local/share/virtualenvs/custom_airflow-E5ZHcY_K/lib/python3.12/site-packages/airflow/example_dags/tutorial_dag.py
[2024-07-06T22:19:40.563+0700] {processor.py:830} INFO - Processing file /home/acer/.local/share/virtualenvs/custom_airflow-E5ZHcY_K/lib/python3.12/site-packages/airflow/example_dags/tutorial_dag.py for tasks to queue
[2024-07-06T22:19:40.565+0700] {logging_mixin.py:188} INFO - [2024-07-06T22:19:40.564+0700] {dagbag.py:545} INFO - Filling up the DagBag from /home/acer/.local/share/virtualenvs/custom_airflow-E5ZHcY_K/lib/python3.12/site-packages/airflow/example_dags/tutorial_dag.py
[2024-07-06T22:19:40.573+0700] {processor.py:840} INFO - DAG(s) 'tutorial_dag' retrieved from /home/acer/.local/share/virtualenvs/custom_airflow-E5ZHcY_K/lib/python3.12/site-packages/airflow/example_dags/tutorial_dag.py
[2024-07-06T22:19:40.594+0700] {logging_mixin.py:188} INFO - [2024-07-06T22:19:40.594+0700] {dag.py:3096} INFO - Sync 1 DAGs
[2024-07-06T22:19:40.612+0700] {logging_mixin.py:188} INFO - [2024-07-06T22:19:40.612+0700] {dag.py:3954} INFO - Setting next_dagrun for tutorial_dag to None, run_after=None
[2024-07-06T22:19:40.642+0700] {processor.py:183} INFO - Processing /home/acer/.local/share/virtualenvs/custom_airflow-E5ZHcY_K/lib/python3.12/site-packages/airflow/example_dags/tutorial_dag.py took 0.086 seconds
[2024-07-06T22:20:41.401+0700] {processor.py:161} INFO - Started process (PID=22938) to work on /home/acer/.local/share/virtualenvs/custom_airflow-E5ZHcY_K/lib/python3.12/site-packages/airflow/example_dags/tutorial_dag.py
[2024-07-06T22:20:41.404+0700] {processor.py:830} INFO - Processing file /home/acer/.local/share/virtualenvs/custom_airflow-E5ZHcY_K/lib/python3.12/site-packages/airflow/example_dags/tutorial_dag.py for tasks to queue
[2024-07-06T22:20:41.408+0700] {logging_mixin.py:188} INFO - [2024-07-06T22:20:41.407+0700] {dagbag.py:545} INFO - Filling up the DagBag from /home/acer/.local/share/virtualenvs/custom_airflow-E5ZHcY_K/lib/python3.12/site-packages/airflow/example_dags/tutorial_dag.py
[2024-07-06T22:20:41.416+0700] {processor.py:840} INFO - DAG(s) 'tutorial_dag' retrieved from /home/acer/.local/share/virtualenvs/custom_airflow-E5ZHcY_K/lib/python3.12/site-packages/airflow/example_dags/tutorial_dag.py
[2024-07-06T22:20:41.441+0700] {logging_mixin.py:188} INFO - [2024-07-06T22:20:41.441+0700] {dag.py:3096} INFO - Sync 1 DAGs
[2024-07-06T22:20:41.459+0700] {logging_mixin.py:188} INFO - [2024-07-06T22:20:41.459+0700] {dag.py:3954} INFO - Setting next_dagrun for tutorial_dag to None, run_after=None
[2024-07-06T22:20:41.579+0700] {processor.py:183} INFO - Processing /home/acer/.local/share/virtualenvs/custom_airflow-E5ZHcY_K/lib/python3.12/site-packages/airflow/example_dags/tutorial_dag.py took 0.195 seconds
