[2024-07-06T16:23:20.348+0700] {local_task_job_runner.py:120} INFO - ::group::Pre task execution logs
[2024-07-06T16:23:20.372+0700] {taskinstance.py:2076} INFO - Dependencies all met for dep_context=non-requeueable deps ti=<TaskInstance: download_rocket_launches.download_launches manual__2024-07-06T09:23:16.278923+00:00 [queued]>
[2024-07-06T16:23:20.379+0700] {taskinstance.py:2076} INFO - Dependencies all met for dep_context=requeueable deps ti=<TaskInstance: download_rocket_launches.download_launches manual__2024-07-06T09:23:16.278923+00:00 [queued]>
[2024-07-06T16:23:20.380+0700] {taskinstance.py:2306} INFO - Starting attempt 1 of 1
[2024-07-06T16:23:20.396+0700] {taskinstance.py:2330} INFO - Executing <Task(BashOperator): download_launches> on 2024-07-06 09:23:16.278923+00:00
[2024-07-06T16:23:20.399+0700] {standard_task_runner.py:63} INFO - Started process 58392 to run task
[2024-07-06T16:23:20.401+0700] {standard_task_runner.py:90} INFO - Running: ['airflow', 'tasks', 'run', 'download_rocket_launches', 'download_launches', 'manual__2024-07-06T09:23:16.278923+00:00', '--job-id', '5', '--raw', '--subdir', 'DAGS_FOLDER/rocket_dag.py', '--cfg-path', '/tmp/tmp_bmyv0j_']
[2024-07-06T16:23:20.402+0700] {standard_task_runner.py:91} INFO - Job 5: Subtask download_launches
[2024-07-06T16:23:20.442+0700] {task_command.py:426} INFO - Running <TaskInstance: download_rocket_launches.download_launches manual__2024-07-06T09:23:16.278923+00:00 [running]> on host acer
[2024-07-06T16:23:20.506+0700] {taskinstance.py:2648} INFO - Exporting env vars: AIRFLOW_CTX_DAG_OWNER='airflow' AIRFLOW_CTX_DAG_ID='download_rocket_launches' AIRFLOW_CTX_TASK_ID='download_launches' AIRFLOW_CTX_EXECUTION_DATE='2024-07-06T09:23:16.278923+00:00' AIRFLOW_CTX_TRY_NUMBER='1' AIRFLOW_CTX_DAG_RUN_ID='manual__2024-07-06T09:23:16.278923+00:00'
[2024-07-06T16:23:20.507+0700] {taskinstance.py:430} INFO - ::endgroup::
[2024-07-06T16:23:20.508+0700] {subprocess.py:63} INFO - Tmp dir root location: /tmp
[2024-07-06T16:23:20.509+0700] {subprocess.py:75} INFO - Running command: ['/usr/bin/bash', '-c', "curl -o /tmp/launches.json -L 'https://ll.thespacedevs.com/2.0.0/launch/upcoming'"]
[2024-07-06T16:23:20.515+0700] {subprocess.py:86} INFO - Output:
[2024-07-06T16:23:20.523+0700] {subprocess.py:93} INFO -   % Total    % Received % Xferd  Average Speed   Time    Time     Time  Current
[2024-07-06T16:23:20.524+0700] {subprocess.py:93} INFO -                                  Dload  Upload   Total   Spent    Left  Speed
[2024-07-06T16:23:21.478+0700] {subprocess.py:93} INFO -   0     0    0     0    0     0      0      0 --:--:-- --:--:-- --:--:--     0  0     0    0     0    0     0      0      0 --:--:-- --:--:-- --:--:--     0
[2024-07-06T16:23:22.493+0700] {subprocess.py:93} INFO -  49 23320   49 11570    0     0   6554      0  0:00:03  0:00:01  0:00:02  6554100 23320  100 23320    0     0  11841      0  0:00:01  0:00:01 --:--:-- 57598
[2024-07-06T16:23:22.501+0700] {subprocess.py:97} INFO - Command exited with return code 0
[2024-07-06T16:23:22.508+0700] {taskinstance.py:441} INFO - ::group::Post task execution logs
[2024-07-06T16:23:22.564+0700] {taskinstance.py:1206} INFO - Marking task as SUCCESS. dag_id=download_rocket_launches, task_id=download_launches, run_id=manual__2024-07-06T09:23:16.278923+00:00, execution_date=20240706T092316, start_date=20240706T092320, end_date=20240706T092322
[2024-07-06T16:23:22.625+0700] {local_task_job_runner.py:240} INFO - Task exited with return code 0
[2024-07-06T16:23:22.678+0700] {taskinstance.py:3503} INFO - 1 downstream tasks scheduled from follow-on schedule check
[2024-07-06T16:23:22.682+0700] {local_task_job_runner.py:222} INFO - ::endgroup::
