[2024-07-06T22:01:11.717+0700] {local_task_job_runner.py:120} INFO - ::group::Pre task execution logs
[2024-07-06T22:01:11.738+0700] {taskinstance.py:2076} INFO - Dependencies all met for dep_context=non-requeueable deps ti=<TaskInstance: download_rocket_launches.download_launches manual__2024-07-06T15:01:07.360224+00:00 [queued]>
[2024-07-06T22:01:11.748+0700] {taskinstance.py:2076} INFO - Dependencies all met for dep_context=requeueable deps ti=<TaskInstance: download_rocket_launches.download_launches manual__2024-07-06T15:01:07.360224+00:00 [queued]>
[2024-07-06T22:01:11.748+0700] {taskinstance.py:2306} INFO - Starting attempt 1 of 1
[2024-07-06T22:01:11.767+0700] {taskinstance.py:2330} INFO - Executing <Task(BashOperator): download_launches> on 2024-07-06 15:01:07.360224+00:00
[2024-07-06T22:01:11.773+0700] {standard_task_runner.py:63} INFO - Started process 15210 to run task
[2024-07-06T22:01:11.775+0700] {standard_task_runner.py:90} INFO - Running: ['airflow', 'tasks', 'run', 'download_rocket_launches', 'download_launches', 'manual__2024-07-06T15:01:07.360224+00:00', '--job-id', '9', '--raw', '--subdir', 'DAGS_FOLDER/rocket_dag.py', '--cfg-path', '/tmp/tmpo1x0457j']
[2024-07-06T22:01:11.776+0700] {standard_task_runner.py:91} INFO - Job 9: Subtask download_launches
[2024-07-06T22:01:11.815+0700] {task_command.py:426} INFO - Running <TaskInstance: download_rocket_launches.download_launches manual__2024-07-06T15:01:07.360224+00:00 [running]> on host acer
[2024-07-06T22:01:11.880+0700] {taskinstance.py:2648} INFO - Exporting env vars: AIRFLOW_CTX_DAG_OWNER='airflow' AIRFLOW_CTX_DAG_ID='download_rocket_launches' AIRFLOW_CTX_TASK_ID='download_launches' AIRFLOW_CTX_EXECUTION_DATE='2024-07-06T15:01:07.360224+00:00' AIRFLOW_CTX_TRY_NUMBER='1' AIRFLOW_CTX_DAG_RUN_ID='manual__2024-07-06T15:01:07.360224+00:00'
[2024-07-06T22:01:11.881+0700] {taskinstance.py:430} INFO - ::endgroup::
[2024-07-06T22:01:11.882+0700] {subprocess.py:63} INFO - Tmp dir root location: /tmp
[2024-07-06T22:01:11.883+0700] {subprocess.py:75} INFO - Running command: ['/usr/bin/bash', '-c', "curl -o /tmp/launches.json -L 'https://ll.thespacedevs.com/2.0.0/launch/upcoming'"]
[2024-07-06T22:01:11.891+0700] {subprocess.py:86} INFO - Output:
[2024-07-06T22:01:11.904+0700] {subprocess.py:93} INFO -   % Total    % Received % Xferd  Average Speed   Time    Time     Time  Current
[2024-07-06T22:01:11.904+0700] {subprocess.py:93} INFO -                                  Dload  Upload   Total   Spent    Left  Speed
[2024-07-06T22:01:13.370+0700] {subprocess.py:93} INFO -   0     0    0     0    0     0      0      0 --:--:-- --:--:-- --:--:--     0  0     0    0     0    0     0      0      0 --:--:--  0:00:01 --:--:--     0  0     0    0     0    0     0      0      0 --:--:--  0:00:01 --:--:--     0
[2024-07-06T22:01:13.998+0700] {subprocess.py:93} INFO -  84 23320   84 19762    0     0   9987      0  0:00:02  0:00:01  0:00:01  9987100 23320  100 23320    0     0  11138      0  0:00:02  0:00:02 --:--:-- 31210
[2024-07-06T22:01:14.008+0700] {subprocess.py:97} INFO - Command exited with return code 0
[2024-07-06T22:01:14.011+0700] {taskinstance.py:441} INFO - ::group::Post task execution logs
[2024-07-06T22:01:14.060+0700] {taskinstance.py:1206} INFO - Marking task as SUCCESS. dag_id=download_rocket_launches, task_id=download_launches, run_id=manual__2024-07-06T15:01:07.360224+00:00, execution_date=20240706T150107, start_date=20240706T150111, end_date=20240706T150114
[2024-07-06T22:01:14.120+0700] {local_task_job_runner.py:240} INFO - Task exited with return code 0
[2024-07-06T22:01:14.145+0700] {taskinstance.py:3503} INFO - 1 downstream tasks scheduled from follow-on schedule check
[2024-07-06T22:01:14.148+0700] {local_task_job_runner.py:222} INFO - ::endgroup::
