[2024-07-06T22:04:27.051+0700] {local_task_job_runner.py:120} INFO - ::group::Pre task execution logs
[2024-07-06T22:04:27.075+0700] {taskinstance.py:2076} INFO - Dependencies all met for dep_context=non-requeueable deps ti=<TaskInstance: download_rocket_launches.get_pictures manual__2024-07-06T09:19:29.407839+00:00 [queued]>
[2024-07-06T22:04:27.084+0700] {taskinstance.py:2076} INFO - Dependencies all met for dep_context=requeueable deps ti=<TaskInstance: download_rocket_launches.get_pictures manual__2024-07-06T09:19:29.407839+00:00 [queued]>
[2024-07-06T22:04:27.085+0700] {taskinstance.py:2306} INFO - Starting attempt 1 of 1
[2024-07-06T22:04:27.098+0700] {taskinstance.py:2330} INFO - Executing <Task(PythonOperator): get_pictures> on 2024-07-06 09:19:29.407839+00:00
[2024-07-06T22:04:27.102+0700] {standard_task_runner.py:63} INFO - Started process 16990 to run task
[2024-07-06T22:04:27.104+0700] {standard_task_runner.py:90} INFO - Running: ['airflow', 'tasks', 'run', 'download_rocket_launches', 'get_pictures', 'manual__2024-07-06T09:19:29.407839+00:00', '--job-id', '13', '--raw', '--subdir', 'DAGS_FOLDER/rocket_dag.py', '--cfg-path', '/tmp/tmp9lmklohk']
[2024-07-06T22:04:27.105+0700] {standard_task_runner.py:91} INFO - Job 13: Subtask get_pictures
[2024-07-06T22:04:27.149+0700] {task_command.py:426} INFO - Running <TaskInstance: download_rocket_launches.get_pictures manual__2024-07-06T09:19:29.407839+00:00 [running]> on host acer
[2024-07-06T22:04:27.216+0700] {taskinstance.py:2648} INFO - Exporting env vars: AIRFLOW_CTX_DAG_OWNER='airflow' AIRFLOW_CTX_DAG_ID='download_rocket_launches' AIRFLOW_CTX_TASK_ID='get_pictures' AIRFLOW_CTX_EXECUTION_DATE='2024-07-06T09:19:29.407839+00:00' AIRFLOW_CTX_TRY_NUMBER='1' AIRFLOW_CTX_DAG_RUN_ID='manual__2024-07-06T09:19:29.407839+00:00'
[2024-07-06T22:04:27.217+0700] {taskinstance.py:430} INFO - ::endgroup::
[2024-07-06T22:04:30.088+0700] {logging_mixin.py:188} INFO - Downloaded https://spacelaunchnow-prod-east.nyc3.digitaloceanspaces.com/media/images/falcon_9_image_20230807133459.jpeg to /tmp/images/falcon_9_image_20230807133459.jpeg
[2024-07-06T22:04:32.543+0700] {logging_mixin.py:188} INFO - Downloaded https://spacelaunchnow-prod-east.nyc3.digitaloceanspaces.com/media/images/falcon2520925_image_20221009234147.png to /tmp/images/falcon2520925_image_20221009234147.png
[2024-07-06T22:04:34.387+0700] {logging_mixin.py:188} INFO - Downloaded https://spacelaunchnow-prod-east.nyc3.digitaloceanspaces.com/media/images/ariane252062_image_20190224012339.jpeg to /tmp/images/ariane252062_image_20190224012339.jpeg
[2024-07-06T22:04:36.538+0700] {logging_mixin.py:188} INFO - Downloaded https://spacelaunchnow-prod-east.nyc3.digitaloceanspaces.com/media/images/falcon_9_image_20230807133459.jpeg to /tmp/images/falcon_9_image_20230807133459.jpeg
[2024-07-06T22:04:38.992+0700] {logging_mixin.py:188} INFO - Downloaded https://spacelaunchnow-prod-east.nyc3.digitaloceanspaces.com/media/images/falcon_9_image_20230807133459.jpeg to /tmp/images/falcon_9_image_20230807133459.jpeg
[2024-07-06T22:04:41.761+0700] {logging_mixin.py:188} INFO - Downloaded https://spacelaunchnow-prod-east.nyc3.digitaloceanspaces.com/media/images/atlas2520v2520551_image_20190224012316.jpeg to /tmp/images/atlas2520v2520551_image_20190224012316.jpeg
[2024-07-06T22:04:44.218+0700] {logging_mixin.py:188} INFO - Downloaded https://spacelaunchnow-prod-east.nyc3.digitaloceanspaces.com/media/images/falcon2520925_image_20221009234147.png to /tmp/images/falcon2520925_image_20221009234147.png
[2024-07-06T22:04:46.649+0700] {logging_mixin.py:188} INFO - Downloaded https://spacelaunchnow-prod-east.nyc3.digitaloceanspaces.com/media/images/falcon2520925_image_20221009234147.png to /tmp/images/falcon2520925_image_20221009234147.png
[2024-07-06T22:04:50.671+0700] {logging_mixin.py:188} INFO - Downloaded https://spacelaunchnow-prod-east.nyc3.digitaloceanspaces.com/media/images/hyperbola-1_image_20230403194326.png to /tmp/images/hyperbola-1_image_20230403194326.png
[2024-07-06T22:04:53.128+0700] {logging_mixin.py:188} INFO - Downloaded https://spacelaunchnow-prod-east.nyc3.digitaloceanspaces.com/media/images/falcon2520925_image_20221009234147.png to /tmp/images/falcon2520925_image_20221009234147.png
[2024-07-06T22:04:53.131+0700] {python.py:237} INFO - Done. Returned value was: None
[2024-07-06T22:04:53.133+0700] {taskinstance.py:441} INFO - ::group::Post task execution logs
[2024-07-06T22:04:53.152+0700] {taskinstance.py:1206} INFO - Marking task as SUCCESS. dag_id=download_rocket_launches, task_id=get_pictures, run_id=manual__2024-07-06T09:19:29.407839+00:00, execution_date=20240706T091929, start_date=20240706T150427, end_date=20240706T150453
[2024-07-06T22:04:53.220+0700] {local_task_job_runner.py:240} INFO - Task exited with return code 0
[2024-07-06T22:04:53.271+0700] {taskinstance.py:3503} INFO - 1 downstream tasks scheduled from follow-on schedule check
[2024-07-06T22:04:53.278+0700] {local_task_job_runner.py:222} INFO - ::endgroup::
